Importing submoduled environments...
Submoduled environments not found. Skipping import.
[upd 0] u=1 upd_ctr=1 opt_step=16 E=0.131 g=0.089 VarTD=0.155748 ret_end=-26.495 dbar_end=0.769 occ_end=0.110 CSR_train=0.000 done_count=100
[upd 10] u=0 upd_ctr=1 opt_step=16 E=0.959 g=0.096 VarTD=0.160584 ret_end=-27.044 dbar_end=0.748 occ_end=0.128 CSR_train=0.000 done_count=125
[upd 20] u=0 upd_ctr=2 opt_step=32 E=0.852 g=0.083 VarTD=0.210646 ret_end=-28.579 dbar_end=0.792 occ_end=0.168 CSR_train=0.000 done_count=125
[upd 30] u=0 upd_ctr=3 opt_step=48 E=0.737 g=0.094 VarTD=0.167084 ret_end=-27.075 dbar_end=0.755 occ_end=0.160 CSR_train=0.000 done_count=125
[upd 40] u=0 upd_ctr=4 opt_step=64 E=0.674 g=0.102 VarTD=0.163247 ret_end=-26.373 dbar_end=0.727 occ_end=0.200 CSR_train=0.000 done_count=125
[upd 50] u=0 upd_ctr=5 opt_step=80 E=0.688 g=0.108 VarTD=0.137111 ret_end=-26.872 dbar_end=0.709 occ_end=0.160 CSR_train=0.000 done_count=125
[upd 60] u=0 upd_ctr=6 opt_step=96 E=0.736 g=0.109 VarTD=0.152980 ret_end=-26.495 dbar_end=0.706 occ_end=0.168 CSR_train=0.000 done_count=125
[upd 70] u=0 upd_ctr=7 opt_step=112 E=0.779 g=0.116 VarTD=0.150673 ret_end=-25.422 dbar_end=0.685 occ_end=0.160 CSR_train=0.000 done_count=125
[upd 80] u=0 upd_ctr=8 opt_step=128 E=0.891 g=0.118 VarTD=0.143695 ret_end=-26.101 dbar_end=0.681 occ_end=0.224 CSR_train=0.000 done_count=125
[upd 90] u=1 upd_ctr=10 opt_step=160 E=0.118 g=0.130 VarTD=0.139709 ret_end=-25.429 dbar_end=0.649 occ_end=0.168 CSR_train=0.000 done_count=125
[upd 100] u=0 upd_ctr=11 opt_step=176 E=0.362 g=0.135 VarTD=0.173756 ret_end=-25.472 dbar_end=0.638 occ_end=0.256 CSR_train=0.000 done_count=125
[upd 110] u=0 upd_ctr=12 opt_step=192 E=0.604 g=0.130 VarTD=0.200082 ret_end=-25.810 dbar_end=0.650 occ_end=0.192 CSR_train=0.000 done_count=125
[upd 120] u=0 upd_ctr=13 opt_step=208 E=0.885 g=0.153 VarTD=0.203013 ret_end=-24.407 dbar_end=0.597 occ_end=0.240 CSR_train=0.000 done_count=125
[upd 130] u=1 upd_ctr=15 opt_step=240 E=0.175 g=0.139 VarTD=0.239302 ret_end=-25.905 dbar_end=0.629 occ_end=0.270 CSR_train=0.000 done_count=100
[upd 140] u=0 upd_ctr=16 opt_step=256 E=0.415 g=0.139 VarTD=0.332203 ret_end=-25.105 dbar_end=0.629 occ_end=0.208 CSR_train=0.000 done_count=125
[upd 150] u=0 upd_ctr=17 opt_step=272 E=0.713 g=0.141 VarTD=0.387608 ret_end=-24.110 dbar_end=0.623 occ_end=0.200 CSR_train=0.000 done_count=125
[upd 160] u=1 upd_ctr=19 opt_step=304 E=0.187 g=0.158 VarTD=0.455175 ret_end=-24.646 dbar_end=0.588 occ_end=0.192 CSR_train=0.000 done_count=125
[upd 170] u=0 upd_ctr=20 opt_step=320 E=0.589 g=0.150 VarTD=0.604163 ret_end=-24.962 dbar_end=0.604 occ_end=0.304 CSR_train=0.000 done_count=125
[upd 180] u=0 upd_ctr=21 opt_step=336 E=1.000 g=0.155 VarTD=0.690954 ret_end=-24.587 dbar_end=0.594 occ_end=0.304 CSR_train=0.000 done_count=125
[upd 190] u=0 upd_ctr=23 opt_step=368 E=0.479 g=0.147 VarTD=0.904095 ret_end=-25.262 dbar_end=0.610 occ_end=0.224 CSR_train=0.000 done_count=125
[upd 200] u=0 upd_ctr=24 opt_step=384 E=0.873 g=0.148 VarTD=0.969266 ret_end=-24.606 dbar_end=0.608 occ_end=0.240 CSR_train=0.000 done_count=125
[upd 210] u=0 upd_ctr=26 opt_step=416 E=0.330 g=0.154 VarTD=1.220897 ret_end=-24.484 dbar_end=0.596 occ_end=0.232 CSR_train=0.000 done_count=125
[upd 220] u=0 upd_ctr=27 opt_step=432 E=0.773 g=0.164 VarTD=1.364391 ret_end=-23.558 dbar_end=0.576 occ_end=0.264 CSR_train=0.008 done_count=125
[upd 230] u=1 upd_ctr=29 opt_step=464 E=0.202 g=0.168 VarTD=1.558584 ret_end=-24.254 dbar_end=0.567 occ_end=0.344 CSR_train=0.008 done_count=125
[upd 240] u=0 upd_ctr=30 opt_step=480 E=0.789 g=0.168 VarTD=1.848815 ret_end=-23.792 dbar_end=0.569 occ_end=0.256 CSR_train=0.000 done_count=125
[upd 250] u=0 upd_ctr=32 opt_step=512 E=0.341 g=0.166 VarTD=2.193848 ret_end=-23.246 dbar_end=0.572 occ_end=0.272 CSR_train=0.000 done_count=125
[upd 260] u=0 upd_ctr=33 opt_step=528 E=0.969 g=0.157 VarTD=1.858589 ret_end=-24.123 dbar_end=0.589 occ_end=0.250 CSR_train=0.000 done_count=100
[upd 270] u=0 upd_ctr=35 opt_step=560 E=0.677 g=0.186 VarTD=2.690247 ret_end=-23.042 dbar_end=0.536 occ_end=0.264 CSR_train=0.000 done_count=125
[upd 280] u=0 upd_ctr=37 opt_step=592 E=0.368 g=0.168 VarTD=2.985493 ret_end=-24.426 dbar_end=0.568 occ_end=0.176 CSR_train=0.000 done_count=125
[upd 290] u=0 upd_ctr=38 opt_step=608 E=1.000 g=0.187 VarTD=3.161887 ret_end=-22.797 dbar_end=0.534 occ_end=0.232 CSR_train=0.000 done_count=125
[upd 300] u=0 upd_ctr=40 opt_step=640 E=0.662 g=0.185 VarTD=3.501476 ret_end=-23.905 dbar_end=0.538 occ_end=0.312 CSR_train=0.000 done_count=125
[upd 310] u=0 upd_ctr=42 opt_step=672 E=0.344 g=0.181 VarTD=3.767742 ret_end=-23.895 dbar_end=0.544 occ_end=0.280 CSR_train=0.000 done_count=125
[Gate5 check] update_counter violations: t0=0 diffs=0
[Gate5 check] opt_step violations: t0=0 diffs=0 (expected_inc=16)
[Gate5 check] NaN masking: nan_on_skip=True finite_on_update=True
[Gate5 summary] mean_update_fraction=0.1346 final_executed_updates_mean=42.00
[Gate5 eval] done_count mean=100.0 CSR mean=0.0000 len_end_mean=26.00
[Gate5 eval] episodes_per_env=4 T_eval=104
[Gate5 eval-debug] locked_eps_occ=0.20 pre(step25): dbar_end=0.502360 occupied_end_mean=0.410000 max_tilde_end_mean=0.741339 CSR@locked=0.000000
[Gate5 eval-debug] locked_eps_occ=0.20 post(step26): dbar_end=0.505804 occupied_end_mean=0.360000 max_tilde_end_mean=0.743325 CSR@locked=0.000000
[Gate5 eval-debug] CSR_pre@0.10=0.0000 CSR_pre@0.15=0.0000 CSR_pre@0.20=0.0000 CSR_pre@0.25=0.0000 CSR_pre@0.30=0.0100
[Gate5 eval-debug] CSR_post@0.10=0.0000 CSR_post@0.15=0.0000 CSR_post@0.20=0.0000 CSR_post@0.25=0.0100 CSR_post@0.30=0.0100
