Importing submoduled environments...
Submoduled environments not found. Skipping import.
[upd 0] u=1 upd_ctr=1 opt_step=16 E=0.069 g=0.086 VarTD=0.176520 ret_end=-28.138 dbar_end=0.781 occ_end=0.160 CSR_train=0.000 done_count=100
[upd 10] u=0 upd_ctr=1 opt_step=16 E=0.803 g=0.084 VarTD=0.149910 ret_end=-27.579 dbar_end=0.789 occ_end=0.128 CSR_train=0.000 done_count=125
[upd 20] u=0 upd_ctr=2 opt_step=32 E=0.556 g=0.111 VarTD=0.152072 ret_end=-26.908 dbar_end=0.699 occ_end=0.208 CSR_train=0.000 done_count=125
[upd 30] u=0 upd_ctr=3 opt_step=48 E=0.324 g=0.100 VarTD=0.144836 ret_end=-26.090 dbar_end=0.733 occ_end=0.168 CSR_train=0.000 done_count=125
[upd 40] u=1 upd_ctr=4 opt_step=64 E=0.085 g=0.106 VarTD=0.148967 ret_end=-26.359 dbar_end=0.714 occ_end=0.176 CSR_train=0.000 done_count=125
[upd 50] u=0 upd_ctr=4 opt_step=64 E=0.973 g=0.111 VarTD=0.160678 ret_end=-26.504 dbar_end=0.701 occ_end=0.216 CSR_train=0.000 done_count=125
[upd 60] u=0 upd_ctr=5 opt_step=80 E=0.785 g=0.108 VarTD=0.142891 ret_end=-26.405 dbar_end=0.709 occ_end=0.176 CSR_train=0.000 done_count=125
[upd 70] u=0 upd_ctr=6 opt_step=96 E=0.614 g=0.109 VarTD=0.157207 ret_end=-26.434 dbar_end=0.705 occ_end=0.176 CSR_train=0.000 done_count=125
[upd 80] u=0 upd_ctr=7 opt_step=112 E=0.480 g=0.134 VarTD=0.156418 ret_end=-25.123 dbar_end=0.639 occ_end=0.264 CSR_train=0.000 done_count=125
[upd 90] u=0 upd_ctr=8 opt_step=128 E=0.359 g=0.119 VarTD=0.178283 ret_end=-25.977 dbar_end=0.679 occ_end=0.160 CSR_train=0.000 done_count=125
[upd 100] u=0 upd_ctr=9 opt_step=144 E=0.286 g=0.101 VarTD=0.183741 ret_end=-26.659 dbar_end=0.731 occ_end=0.184 CSR_train=0.000 done_count=125
[upd 110] u=0 upd_ctr=10 opt_step=160 E=0.194 g=0.125 VarTD=0.162280 ret_end=-25.386 dbar_end=0.662 occ_end=0.160 CSR_train=0.000 done_count=125
[upd 120] u=1 upd_ctr=11 opt_step=176 E=0.102 g=0.127 VarTD=0.172647 ret_end=-26.130 dbar_end=0.657 occ_end=0.200 CSR_train=0.000 done_count=125
[Gate5 check] update_counter violations: t0=0 diffs=0
[Gate5 check] opt_step violations: t0=0 diffs=0 (expected_inc=16)
[Gate5 check] NaN masking: nan_on_skip=True finite_on_update=True
[Gate5 summary] mean_update_fraction=0.0880 final_executed_updates_mean=11.00
[Gate5 eval] done_count mean=100.0 CSR mean=0.0000 len_end_mean=26.00
[Gate5 eval] episodes_per_env=4 T_eval=104
[Gate5 eval-debug] locked_eps_occ=0.20 pre(step25): dbar_end=0.513771 occupied_end_mean=0.370000 max_tilde_end_mean=0.735979 CSR@locked=0.000000
[Gate5 eval-debug] locked_eps_occ=0.20 post(step26): dbar_end=0.513764 occupied_end_mean=0.310000 max_tilde_end_mean=0.737369 CSR@locked=0.000000
[Gate5 eval-debug] CSR_pre@0.10=0.0000 CSR_pre@0.15=0.0000 CSR_pre@0.20=0.0000 CSR_pre@0.25=0.0100 CSR_pre@0.30=0.0300
[Gate5 eval-debug] CSR_post@0.10=0.0000 CSR_post@0.15=0.0000 CSR_post@0.20=0.0000 CSR_post@0.25=0.0000 CSR_post@0.30=0.0300
