Importing submoduled environments...
Submoduled environments not found. Skipping import.
[upd 0] u=1 upd_ctr=1 opt_step=16 E=0.048 g=0.079 VarTD=0.177244 ret_end=-28.332 dbar_end=0.807 occ_end=0.140 CSR_train=0.000 done_count=100
[upd 10] u=0 upd_ctr=1 opt_step=16 E=0.607 g=0.093 VarTD=0.147298 ret_end=-27.080 dbar_end=0.756 occ_end=0.144 CSR_train=0.000 done_count=125
[upd 20] u=0 upd_ctr=2 opt_step=32 E=0.174 g=0.090 VarTD=0.152599 ret_end=-27.740 dbar_end=0.768 occ_end=0.168 CSR_train=0.000 done_count=125
[upd 30] u=0 upd_ctr=2 opt_step=32 E=0.757 g=0.101 VarTD=0.172512 ret_end=-27.204 dbar_end=0.729 occ_end=0.168 CSR_train=0.000 done_count=125
[upd 40] u=0 upd_ctr=3 opt_step=48 E=0.317 g=0.102 VarTD=0.151520 ret_end=-26.986 dbar_end=0.727 occ_end=0.176 CSR_train=0.000 done_count=125
[upd 50] u=0 upd_ctr=3 opt_step=48 E=0.941 g=0.101 VarTD=0.138182 ret_end=-26.564 dbar_end=0.731 occ_end=0.168 CSR_train=0.000 done_count=125
[upd 60] u=0 upd_ctr=4 opt_step=64 E=0.604 g=0.115 VarTD=0.142036 ret_end=-26.407 dbar_end=0.689 occ_end=0.216 CSR_train=0.000 done_count=125
[upd 70] u=0 upd_ctr=5 opt_step=80 E=0.284 g=0.110 VarTD=0.161503 ret_end=-27.445 dbar_end=0.703 occ_end=0.152 CSR_train=0.000 done_count=125
[upd 80] u=0 upd_ctr=5 opt_step=80 E=1.000 g=0.119 VarTD=0.159149 ret_end=-26.219 dbar_end=0.677 occ_end=0.240 CSR_train=0.000 done_count=125
[upd 90] u=0 upd_ctr=6 opt_step=96 E=0.638 g=0.120 VarTD=0.142059 ret_end=-25.338 dbar_end=0.675 occ_end=0.232 CSR_train=0.000 done_count=125
[upd 100] u=0 upd_ctr=7 opt_step=112 E=0.305 g=0.124 VarTD=0.156506 ret_end=-25.799 dbar_end=0.665 occ_end=0.232 CSR_train=0.000 done_count=125
[upd 110] u=0 upd_ctr=7 opt_step=112 E=1.000 g=0.113 VarTD=0.145646 ret_end=-26.630 dbar_end=0.694 occ_end=0.192 CSR_train=0.000 done_count=125
[upd 120] u=0 upd_ctr=8 opt_step=128 E=0.781 g=0.139 VarTD=0.166530 ret_end=-25.877 dbar_end=0.628 occ_end=0.192 CSR_train=0.000 done_count=125
[upd 130] u=0 upd_ctr=9 opt_step=144 E=0.436 g=0.128 VarTD=0.142953 ret_end=-26.347 dbar_end=0.655 occ_end=0.220 CSR_train=0.000 done_count=100
[upd 140] u=0 upd_ctr=10 opt_step=160 E=0.153 g=0.133 VarTD=0.155094 ret_end=-25.915 dbar_end=0.643 occ_end=0.200 CSR_train=0.000 done_count=125
[upd 150] u=0 upd_ctr=10 opt_step=160 E=0.928 g=0.121 VarTD=0.174391 ret_end=-26.554 dbar_end=0.673 occ_end=0.200 CSR_train=0.000 done_count=125
[upd 160] u=0 upd_ctr=11 opt_step=176 E=0.703 g=0.125 VarTD=0.173124 ret_end=-24.745 dbar_end=0.663 occ_end=0.248 CSR_train=0.000 done_count=125
[upd 170] u=0 upd_ctr=12 opt_step=192 E=0.474 g=0.134 VarTD=0.161492 ret_end=-25.329 dbar_end=0.641 occ_end=0.224 CSR_train=0.000 done_count=125
[upd 180] u=0 upd_ctr=13 opt_step=208 E=0.243 g=0.141 VarTD=0.193706 ret_end=-24.244 dbar_end=0.625 occ_end=0.264 CSR_train=0.000 done_count=125
[upd 190] u=1 upd_ctr=14 opt_step=224 E=0.095 g=0.159 VarTD=0.202135 ret_end=-24.083 dbar_end=0.586 occ_end=0.296 CSR_train=0.008 done_count=125
[upd 200] u=0 upd_ctr=14 opt_step=224 E=0.987 g=0.154 VarTD=0.214972 ret_end=-23.963 dbar_end=0.595 occ_end=0.216 CSR_train=0.000 done_count=125
[upd 210] u=0 upd_ctr=15 opt_step=240 E=0.783 g=0.152 VarTD=0.279856 ret_end=-24.859 dbar_end=0.601 occ_end=0.248 CSR_train=0.000 done_count=125
[upd 220] u=0 upd_ctr=16 opt_step=256 E=0.635 g=0.152 VarTD=0.345316 ret_end=-24.963 dbar_end=0.600 occ_end=0.240 CSR_train=0.000 done_count=125
[upd 230] u=0 upd_ctr=17 opt_step=272 E=0.563 g=0.153 VarTD=0.394591 ret_end=-24.924 dbar_end=0.599 occ_end=0.272 CSR_train=0.000 done_count=125
[upd 240] u=0 upd_ctr=18 opt_step=288 E=0.479 g=0.146 VarTD=0.450011 ret_end=-25.171 dbar_end=0.612 occ_end=0.256 CSR_train=0.000 done_count=125
[upd 250] u=0 upd_ctr=19 opt_step=304 E=0.374 g=0.146 VarTD=0.529039 ret_end=-24.768 dbar_end=0.612 occ_end=0.248 CSR_train=0.000 done_count=125
[upd 260] u=0 upd_ctr=20 opt_step=320 E=0.288 g=0.150 VarTD=0.542938 ret_end=-25.173 dbar_end=0.604 occ_end=0.210 CSR_train=0.000 done_count=100
[upd 270] u=0 upd_ctr=21 opt_step=336 E=0.199 g=0.168 VarTD=0.710427 ret_end=-23.672 dbar_end=0.568 occ_end=0.296 CSR_train=0.008 done_count=125
[upd 280] u=0 upd_ctr=22 opt_step=352 E=0.206 g=0.163 VarTD=0.812184 ret_end=-23.630 dbar_end=0.578 occ_end=0.264 CSR_train=0.008 done_count=125
[upd 290] u=0 upd_ctr=23 opt_step=368 E=0.204 g=0.179 VarTD=0.978565 ret_end=-23.296 dbar_end=0.548 occ_end=0.376 CSR_train=0.000 done_count=125
[upd 300] u=0 upd_ctr=24 opt_step=384 E=0.191 g=0.170 VarTD=1.055332 ret_end=-24.078 dbar_end=0.564 occ_end=0.296 CSR_train=0.000 done_count=125
[upd 310] u=0 upd_ctr=25 opt_step=400 E=0.201 g=0.164 VarTD=1.192690 ret_end=-24.346 dbar_end=0.576 occ_end=0.208 CSR_train=0.000 done_count=125
[Gate5 check] update_counter violations: t0=0 diffs=0
[Gate5 check] opt_step violations: t0=0 diffs=0 (expected_inc=16)
[Gate5 check] NaN masking: nan_on_skip=True finite_on_update=True
[Gate5 summary] mean_update_fraction=0.0801 final_executed_updates_mean=25.00
[Gate5 eval] done_count mean=100.0 CSR mean=0.0000 len_end_mean=26.00
[Gate5 eval] episodes_per_env=4 T_eval=104
[Gate5 eval-debug] locked_eps_occ=0.20 pre(step25): dbar_end=0.512559 occupied_end_mean=0.440000 max_tilde_end_mean=0.753829 CSR@locked=0.000000
[Gate5 eval-debug] locked_eps_occ=0.20 post(step26): dbar_end=0.510500 occupied_end_mean=0.450000 max_tilde_end_mean=0.748555 CSR@locked=0.000000
[Gate5 eval-debug] CSR_pre@0.10=0.0000 CSR_pre@0.15=0.0000 CSR_pre@0.20=0.0000 CSR_pre@0.25=0.0000 CSR_pre@0.30=0.0400
[Gate5 eval-debug] CSR_post@0.10=0.0000 CSR_post@0.15=0.0000 CSR_post@0.20=0.0000 CSR_post@0.25=0.0100 CSR_post@0.30=0.0400
