Importing submoduled environments...
Submoduled environments not found. Skipping import.
[upd 0] u=1 upd_ctr=1 opt_step=16 E=0.910 g=0.096 VarTD=0.164885 ret_end=-27.291 dbar_end=0.746 occ_end=0.170 CSR_train=0.000 done_count=100
[upd 10] u=1 upd_ctr=11 opt_step=176 E=0.030 g=0.132 VarTD=0.168777 ret_end=-25.684 dbar_end=0.645 occ_end=0.160 CSR_train=0.000 done_count=125
[upd 20] u=0 upd_ctr=12 opt_step=192 E=0.069 g=0.148 VarTD=0.197226 ret_end=-24.918 dbar_end=0.610 occ_end=0.256 CSR_train=0.000 done_count=125
[upd 30] u=0 upd_ctr=13 opt_step=208 E=0.109 g=0.156 VarTD=0.216359 ret_end=-24.093 dbar_end=0.591 occ_end=0.248 CSR_train=0.000 done_count=125
[upd 40] u=0 upd_ctr=15 opt_step=240 E=0.056 g=0.150 VarTD=0.282525 ret_end=-24.328 dbar_end=0.604 occ_end=0.240 CSR_train=0.000 done_count=125
[upd 50] u=0 upd_ctr=16 opt_step=256 E=0.104 g=0.146 VarTD=0.310770 ret_end=-24.388 dbar_end=0.613 occ_end=0.216 CSR_train=0.000 done_count=125
[upd 60] u=0 upd_ctr=18 opt_step=288 E=0.056 g=0.150 VarTD=0.476694 ret_end=-25.490 dbar_end=0.604 occ_end=0.248 CSR_train=0.000 done_count=125
[upd 70] u=0 upd_ctr=19 opt_step=304 E=0.110 g=0.159 VarTD=0.510638 ret_end=-24.290 dbar_end=0.586 occ_end=0.312 CSR_train=0.000 done_count=125
[upd 80] u=0 upd_ctr=21 opt_step=336 E=0.070 g=0.156 VarTD=0.675157 ret_end=-24.167 dbar_end=0.591 occ_end=0.288 CSR_train=0.000 done_count=125
[upd 90] u=1 upd_ctr=23 opt_step=368 E=0.034 g=0.163 VarTD=0.763822 ret_end=-24.176 dbar_end=0.578 occ_end=0.280 CSR_train=0.000 done_count=125
[upd 100] u=0 upd_ctr=24 opt_step=384 E=0.100 g=0.163 VarTD=0.964708 ret_end=-24.552 dbar_end=0.578 occ_end=0.200 CSR_train=0.000 done_count=125
[upd 110] u=0 upd_ctr=26 opt_step=416 E=0.066 g=0.177 VarTD=1.175817 ret_end=-23.173 dbar_end=0.552 occ_end=0.368 CSR_train=0.000 done_count=125
[upd 120] u=0 upd_ctr=28 opt_step=448 E=0.033 g=0.167 VarTD=1.462619 ret_end=-23.665 dbar_end=0.569 occ_end=0.296 CSR_train=0.000 done_count=125
[Gate5 check] update_counter violations: t0=0 diffs=0
[Gate5 check] opt_step violations: t0=0 diffs=0 (expected_inc=16)
[Gate5 check] NaN masking: nan_on_skip=True finite_on_update=True
[Gate5 summary] mean_update_fraction=0.2240 final_executed_updates_mean=28.00
[Gate5 eval] done_count mean=100.0 CSR mean=0.0000 len_end_mean=26.00
[Gate5 eval] episodes_per_env=4 T_eval=104
[Gate5 eval-debug] locked_eps_occ=0.20 pre(step25): dbar_end=0.495070 occupied_end_mean=0.400000 max_tilde_end_mean=0.718135 CSR@locked=0.000000
[Gate5 eval-debug] locked_eps_occ=0.20 post(step26): dbar_end=0.489594 occupied_end_mean=0.410000 max_tilde_end_mean=0.701850 CSR@locked=0.000000
[Gate5 eval-debug] CSR_pre@0.10=0.0000 CSR_pre@0.15=0.0000 CSR_pre@0.20=0.0000 CSR_pre@0.25=0.0100 CSR_pre@0.30=0.0200
[Gate5 eval-debug] CSR_post@0.10=0.0000 CSR_post@0.15=0.0000 CSR_post@0.20=0.0000 CSR_post@0.25=0.0000 CSR_post@0.30=0.0200
