Importing submoduled environments...
Submoduled environments not found. Skipping import.
[upd 0] u=1 upd_ctr=1 opt_step=16 E=0.900 g=0.097 VarTD=0.135831 ret_end=-26.760 dbar_end=0.743 occ_end=0.210 CSR_train=0.000 done_count=100
[upd 10] u=0 upd_ctr=9 opt_step=144 E=0.100 g=0.129 VarTD=0.166072 ret_end=-24.758 dbar_end=0.651 occ_end=0.176 CSR_train=0.000 done_count=125
[upd 20] u=0 upd_ctr=9 opt_step=144 E=0.100 g=0.113 VarTD=0.151749 ret_end=-26.271 dbar_end=0.694 occ_end=0.248 CSR_train=0.000 done_count=125
[upd 30] u=0 upd_ctr=9 opt_step=144 E=0.100 g=0.123 VarTD=0.197990 ret_end=-25.434 dbar_end=0.668 occ_end=0.176 CSR_train=0.000 done_count=125
[upd 40] u=0 upd_ctr=9 opt_step=144 E=0.100 g=0.132 VarTD=0.140419 ret_end=-24.994 dbar_end=0.645 occ_end=0.264 CSR_train=0.008 done_count=125
[upd 50] u=0 upd_ctr=9 opt_step=144 E=0.100 g=0.116 VarTD=0.151924 ret_end=-26.102 dbar_end=0.686 occ_end=0.256 CSR_train=0.000 done_count=125
[upd 60] u=0 upd_ctr=9 opt_step=144 E=0.100 g=0.115 VarTD=0.144422 ret_end=-26.713 dbar_end=0.688 occ_end=0.264 CSR_train=0.000 done_count=125
[upd 70] u=0 upd_ctr=9 opt_step=144 E=0.100 g=0.115 VarTD=0.132736 ret_end=-26.165 dbar_end=0.688 occ_end=0.160 CSR_train=0.000 done_count=125
[upd 80] u=0 upd_ctr=9 opt_step=144 E=0.100 g=0.128 VarTD=0.131367 ret_end=-25.436 dbar_end=0.654 occ_end=0.312 CSR_train=0.000 done_count=125
[upd 90] u=0 upd_ctr=9 opt_step=144 E=0.100 g=0.115 VarTD=0.123380 ret_end=-26.680 dbar_end=0.688 occ_end=0.176 CSR_train=0.000 done_count=125
[upd 100] u=0 upd_ctr=9 opt_step=144 E=0.100 g=0.119 VarTD=0.146129 ret_end=-26.406 dbar_end=0.677 occ_end=0.216 CSR_train=0.000 done_count=125
[upd 110] u=0 upd_ctr=9 opt_step=144 E=0.100 g=0.126 VarTD=0.145487 ret_end=-24.740 dbar_end=0.659 occ_end=0.312 CSR_train=0.000 done_count=125
[upd 120] u=0 upd_ctr=9 opt_step=144 E=0.100 g=0.134 VarTD=0.143606 ret_end=-24.965 dbar_end=0.640 occ_end=0.216 CSR_train=0.000 done_count=125
[Gate5 check] update_counter violations: t0=0 diffs=0
[Gate5 check] opt_step violations: t0=0 diffs=0 (expected_inc=16)
[Gate5 check] NaN masking: nan_on_skip=True finite_on_update=True
[Gate5 summary] mean_update_fraction=0.0720 final_executed_updates_mean=9.00
[Gate5 eval] done_count mean=100.0 CSR mean=0.0000 len_end_mean=26.00
[Gate5 eval] episodes_per_env=4 T_eval=104
[Gate5 eval-debug] locked_eps_occ=0.20 pre(step25): dbar_end=0.507011 occupied_end_mean=0.400000 max_tilde_end_mean=0.749065 CSR@locked=0.000000
[Gate5 eval-debug] locked_eps_occ=0.20 post(step26): dbar_end=0.501890 occupied_end_mean=0.430000 max_tilde_end_mean=0.738489 CSR@locked=0.000000
[Gate5 eval-debug] CSR_pre@0.10=0.0000 CSR_pre@0.15=0.0000 CSR_pre@0.20=0.0000 CSR_pre@0.25=0.0000 CSR_pre@0.30=0.0100
[Gate5 eval-debug] CSR_post@0.10=0.0000 CSR_post@0.15=0.0000 CSR_post@0.20=0.0000 CSR_post@0.25=0.0000 CSR_post@0.30=0.0300
