Importing submoduled environments...
Submoduled environments not found. Skipping import.
[upd 0] u=1 upd_ctr=1 opt_step=16 E=0.058 g=0.079 VarTD=0.177244 ret_end=-28.332 dbar_end=0.807 occ_end=0.140 CSR_train=0.000 done_count=100
[upd 10] u=0 upd_ctr=1 opt_step=16 E=0.151 g=0.093 VarTD=0.147298 ret_end=-27.080 dbar_end=0.756 occ_end=0.144 CSR_train=0.000 done_count=125
[upd 20] u=0 upd_ctr=1 opt_step=16 E=0.247 g=0.086 VarTD=0.160310 ret_end=-28.011 dbar_end=0.781 occ_end=0.160 CSR_train=0.000 done_count=125
[upd 30] u=0 upd_ctr=1 opt_step=16 E=0.340 g=0.098 VarTD=0.170613 ret_end=-27.328 dbar_end=0.741 occ_end=0.176 CSR_train=0.000 done_count=125
[upd 40] u=0 upd_ctr=1 opt_step=16 E=0.434 g=0.090 VarTD=0.156912 ret_end=-27.772 dbar_end=0.767 occ_end=0.104 CSR_train=0.000 done_count=125
[upd 50] u=0 upd_ctr=1 opt_step=16 E=0.527 g=0.092 VarTD=0.140725 ret_end=-27.109 dbar_end=0.761 occ_end=0.136 CSR_train=0.000 done_count=125
[upd 60] u=0 upd_ctr=1 opt_step=16 E=0.623 g=0.098 VarTD=0.147097 ret_end=-26.965 dbar_end=0.741 occ_end=0.184 CSR_train=0.000 done_count=125
[upd 70] u=0 upd_ctr=1 opt_step=16 E=0.720 g=0.090 VarTD=0.181702 ret_end=-28.465 dbar_end=0.768 occ_end=0.088 CSR_train=0.000 done_count=125
[upd 80] u=0 upd_ctr=1 opt_step=16 E=0.815 g=0.094 VarTD=0.185215 ret_end=-27.708 dbar_end=0.752 occ_end=0.184 CSR_train=0.000 done_count=125
[upd 90] u=0 upd_ctr=1 opt_step=16 E=0.907 g=0.098 VarTD=0.153887 ret_end=-26.628 dbar_end=0.738 occ_end=0.232 CSR_train=0.000 done_count=125
[upd 100] u=0 upd_ctr=2 opt_step=32 E=0.054 g=0.096 VarTD=0.156031 ret_end=-27.055 dbar_end=0.747 occ_end=0.160 CSR_train=0.000 done_count=125
[upd 110] u=0 upd_ctr=2 opt_step=32 E=0.149 g=0.093 VarTD=0.158491 ret_end=-27.926 dbar_end=0.758 occ_end=0.192 CSR_train=0.000 done_count=125
[upd 120] u=0 upd_ctr=2 opt_step=32 E=0.253 g=0.112 VarTD=0.168486 ret_end=-27.069 dbar_end=0.697 occ_end=0.088 CSR_train=0.000 done_count=125
[upd 130] u=0 upd_ctr=2 opt_step=32 E=0.347 g=0.091 VarTD=0.149980 ret_end=-27.897 dbar_end=0.765 occ_end=0.220 CSR_train=0.020 done_count=100
[upd 140] u=0 upd_ctr=2 opt_step=32 E=0.445 g=0.100 VarTD=0.145649 ret_end=-27.438 dbar_end=0.734 occ_end=0.184 CSR_train=0.000 done_count=125
[upd 150] u=0 upd_ctr=2 opt_step=32 E=0.542 g=0.087 VarTD=0.168916 ret_end=-28.520 dbar_end=0.778 occ_end=0.160 CSR_train=0.000 done_count=125
[upd 160] u=0 upd_ctr=2 opt_step=32 E=0.639 g=0.089 VarTD=0.156320 ret_end=-26.491 dbar_end=0.771 occ_end=0.128 CSR_train=0.000 done_count=125
[upd 170] u=0 upd_ctr=2 opt_step=32 E=0.739 g=0.098 VarTD=0.127895 ret_end=-26.949 dbar_end=0.740 occ_end=0.176 CSR_train=0.000 done_count=125
[upd 180] u=0 upd_ctr=2 opt_step=32 E=0.835 g=0.101 VarTD=0.126083 ret_end=-25.630 dbar_end=0.729 occ_end=0.176 CSR_train=0.000 done_count=125
[upd 190] u=0 upd_ctr=2 opt_step=32 E=0.933 g=0.109 VarTD=0.122416 ret_end=-26.260 dbar_end=0.707 occ_end=0.184 CSR_train=0.008 done_count=125
[upd 200] u=0 upd_ctr=3 opt_step=48 E=0.081 g=0.099 VarTD=0.128445 ret_end=-26.313 dbar_end=0.737 occ_end=0.176 CSR_train=0.000 done_count=125
[upd 210] u=0 upd_ctr=3 opt_step=48 E=0.179 g=0.099 VarTD=0.158213 ret_end=-27.034 dbar_end=0.738 occ_end=0.152 CSR_train=0.000 done_count=125
[upd 220] u=0 upd_ctr=3 opt_step=48 E=0.280 g=0.097 VarTD=0.153554 ret_end=-27.579 dbar_end=0.743 occ_end=0.184 CSR_train=0.000 done_count=125
[upd 230] u=0 upd_ctr=3 opt_step=48 E=0.379 g=0.098 VarTD=0.157606 ret_end=-27.277 dbar_end=0.740 occ_end=0.176 CSR_train=0.000 done_count=125
[upd 240] u=0 upd_ctr=3 opt_step=48 E=0.480 g=0.093 VarTD=0.143669 ret_end=-27.379 dbar_end=0.756 occ_end=0.152 CSR_train=0.000 done_count=125
[upd 250] u=0 upd_ctr=3 opt_step=48 E=0.578 g=0.099 VarTD=0.122221 ret_end=-27.308 dbar_end=0.738 occ_end=0.224 CSR_train=0.000 done_count=125
[upd 260] u=0 upd_ctr=3 opt_step=48 E=0.677 g=0.100 VarTD=0.151074 ret_end=-27.286 dbar_end=0.734 occ_end=0.180 CSR_train=0.000 done_count=100
[upd 270] u=0 upd_ctr=3 opt_step=48 E=0.778 g=0.106 VarTD=0.128702 ret_end=-26.082 dbar_end=0.715 occ_end=0.216 CSR_train=0.000 done_count=125
[upd 280] u=0 upd_ctr=3 opt_step=48 E=0.879 g=0.101 VarTD=0.119409 ret_end=-26.254 dbar_end=0.732 occ_end=0.128 CSR_train=0.000 done_count=125
[upd 290] u=0 upd_ctr=4 opt_step=64 E=0.033 g=0.107 VarTD=0.146104 ret_end=-26.365 dbar_end=0.712 occ_end=0.216 CSR_train=0.000 done_count=125
[upd 300] u=0 upd_ctr=4 opt_step=64 E=0.138 g=0.108 VarTD=0.148952 ret_end=-26.911 dbar_end=0.709 occ_end=0.256 CSR_train=0.000 done_count=125
[upd 310] u=0 upd_ctr=4 opt_step=64 E=0.244 g=0.106 VarTD=0.158983 ret_end=-26.643 dbar_end=0.716 occ_end=0.224 CSR_train=0.008 done_count=125
[Gate5 check] update_counter violations: t0=0 diffs=0
[Gate5 check] opt_step violations: t0=0 diffs=0 (expected_inc=16)
[Gate5 check] NaN masking: nan_on_skip=True finite_on_update=True
[Gate5 summary] mean_update_fraction=0.0128 final_executed_updates_mean=4.00
[Gate5 eval] done_count mean=100.0 CSR mean=0.0000 len_end_mean=26.00
[Gate5 eval] episodes_per_env=4 T_eval=104
[Gate5 eval-debug] locked_eps_occ=0.20 pre(step25): dbar_end=0.524815 occupied_end_mean=0.260000 max_tilde_end_mean=0.745217 CSR@locked=0.010000
[Gate5 eval-debug] locked_eps_occ=0.20 post(step26): dbar_end=0.520213 occupied_end_mean=0.310000 max_tilde_end_mean=0.732112 CSR@locked=0.000000
[Gate5 eval-debug] CSR_pre@0.10=0.0000 CSR_pre@0.15=0.0000 CSR_pre@0.20=0.0100 CSR_pre@0.25=0.0100 CSR_pre@0.30=0.0100
[Gate5 eval-debug] CSR_post@0.10=0.0000 CSR_post@0.15=0.0000 CSR_post@0.20=0.0000 CSR_post@0.25=0.0000 CSR_post@0.30=0.0100
