Importing submoduled environments...
Submoduled environments not found. Skipping import.
[upd 0] u=1 upd_ctr=1 opt_step=16 E=0.089 g=0.089 VarTD=0.203202 ret_end=-28.238 dbar_end=0.769 occ_end=0.170 CSR_train=0.000 done_count=100
[upd 10] u=0 upd_ctr=1 opt_step=16 E=1.000 g=0.094 VarTD=0.178732 ret_end=-27.407 dbar_end=0.753 occ_end=0.200 CSR_train=0.000 done_count=125
[upd 20] u=0 upd_ctr=2 opt_step=32 E=0.952 g=0.090 VarTD=0.142351 ret_end=-28.292 dbar_end=0.765 occ_end=0.176 CSR_train=0.000 done_count=125
[upd 30] u=0 upd_ctr=3 opt_step=48 E=0.831 g=0.097 VarTD=0.146037 ret_end=-27.346 dbar_end=0.742 occ_end=0.216 CSR_train=0.000 done_count=125
[upd 40] u=0 upd_ctr=4 opt_step=64 E=0.843 g=0.105 VarTD=0.138277 ret_end=-26.238 dbar_end=0.717 occ_end=0.192 CSR_train=0.000 done_count=125
[upd 50] u=0 upd_ctr=5 opt_step=80 E=0.865 g=0.096 VarTD=0.167608 ret_end=-27.051 dbar_end=0.746 occ_end=0.136 CSR_train=0.000 done_count=125
[upd 60] u=0 upd_ctr=6 opt_step=96 E=0.857 g=0.107 VarTD=0.144015 ret_end=-26.637 dbar_end=0.710 occ_end=0.168 CSR_train=0.000 done_count=125
[upd 70] u=0 upd_ctr=7 opt_step=112 E=0.891 g=0.105 VarTD=0.143585 ret_end=-26.767 dbar_end=0.719 occ_end=0.192 CSR_train=0.000 done_count=125
[upd 80] u=0 upd_ctr=8 opt_step=128 E=0.904 g=0.119 VarTD=0.151345 ret_end=-25.052 dbar_end=0.677 occ_end=0.168 CSR_train=0.000 done_count=125
[upd 90] u=0 upd_ctr=9 opt_step=144 E=1.000 g=0.128 VarTD=0.152901 ret_end=-25.593 dbar_end=0.654 occ_end=0.184 CSR_train=0.000 done_count=125
[upd 100] u=1 upd_ctr=11 opt_step=176 E=0.107 g=0.107 VarTD=0.167304 ret_end=-26.975 dbar_end=0.713 occ_end=0.176 CSR_train=0.000 done_count=125
[upd 110] u=0 upd_ctr=12 opt_step=192 E=0.244 g=0.118 VarTD=0.173084 ret_end=-26.238 dbar_end=0.680 occ_end=0.216 CSR_train=0.000 done_count=125
[upd 120] u=0 upd_ctr=13 opt_step=208 E=0.376 g=0.123 VarTD=0.208558 ret_end=-25.989 dbar_end=0.668 occ_end=0.296 CSR_train=0.000 done_count=125
[Gate5 check] update_counter violations: t0=0 diffs=0
[Gate5 check] opt_step violations: t0=0 diffs=0 (expected_inc=16)
[Gate5 check] NaN masking: nan_on_skip=True finite_on_update=True
[Gate5 summary] mean_update_fraction=0.1040 final_executed_updates_mean=13.00
[Gate5 eval] done_count mean=100.0 CSR mean=0.0100 len_end_mean=26.00
[Gate5 eval] episodes_per_env=4 T_eval=104
[Gate5 eval-debug] locked_eps_occ=0.20 pre(step25): dbar_end=0.504536 occupied_end_mean=0.420000 max_tilde_end_mean=0.735257 CSR@locked=0.000000
[Gate5 eval-debug] locked_eps_occ=0.20 post(step26): dbar_end=0.497815 occupied_end_mean=0.440000 max_tilde_end_mean=0.724437 CSR@locked=0.010000
[Gate5 eval-debug] CSR_pre@0.10=0.0000 CSR_pre@0.15=0.0000 CSR_pre@0.20=0.0000 CSR_pre@0.25=0.0000 CSR_pre@0.30=0.0200
[Gate5 eval-debug] CSR_post@0.10=0.0000 CSR_post@0.15=0.0000 CSR_post@0.20=0.0100 CSR_post@0.25=0.0100 CSR_post@0.30=0.0200
