Importing submoduled environments...
Submoduled environments not found. Skipping import.
[upd 0] u=1 upd_ctr=1 opt_step=16 E=0.166 g=0.083 VarTD=0.176951 ret_end=-28.473 dbar_end=0.794 occ_end=0.140 CSR_train=0.000 done_count=100
[upd 10] u=0 upd_ctr=1 opt_step=16 E=0.925 g=0.089 VarTD=0.152994 ret_end=-28.611 dbar_end=0.772 occ_end=0.104 CSR_train=0.000 done_count=125
[upd 20] u=0 upd_ctr=2 opt_step=32 E=0.800 g=0.097 VarTD=0.156874 ret_end=-27.612 dbar_end=0.744 occ_end=0.192 CSR_train=0.000 done_count=125
[upd 30] u=0 upd_ctr=3 opt_step=48 E=0.708 g=0.099 VarTD=0.138078 ret_end=-26.913 dbar_end=0.736 occ_end=0.128 CSR_train=0.000 done_count=125
[upd 40] u=0 upd_ctr=4 opt_step=64 E=0.591 g=0.100 VarTD=0.163543 ret_end=-26.894 dbar_end=0.733 occ_end=0.232 CSR_train=0.000 done_count=125
[upd 50] u=0 upd_ctr=5 opt_step=80 E=0.514 g=0.106 VarTD=0.168678 ret_end=-26.637 dbar_end=0.716 occ_end=0.144 CSR_train=0.000 done_count=125
[upd 60] u=0 upd_ctr=6 opt_step=96 E=0.467 g=0.108 VarTD=0.133923 ret_end=-26.313 dbar_end=0.708 occ_end=0.136 CSR_train=0.000 done_count=125
[upd 70] u=0 upd_ctr=7 opt_step=112 E=0.457 g=0.109 VarTD=0.161585 ret_end=-26.302 dbar_end=0.707 occ_end=0.184 CSR_train=0.000 done_count=125
[upd 80] u=0 upd_ctr=8 opt_step=128 E=0.465 g=0.116 VarTD=0.134702 ret_end=-26.629 dbar_end=0.685 occ_end=0.216 CSR_train=0.000 done_count=125
[upd 90] u=0 upd_ctr=9 opt_step=144 E=0.500 g=0.120 VarTD=0.134476 ret_end=-26.267 dbar_end=0.675 occ_end=0.232 CSR_train=0.000 done_count=125
[upd 100] u=0 upd_ctr=10 opt_step=160 E=0.555 g=0.125 VarTD=0.174528 ret_end=-25.844 dbar_end=0.661 occ_end=0.144 CSR_train=0.000 done_count=125
[upd 110] u=0 upd_ctr=11 opt_step=176 E=0.691 g=0.134 VarTD=0.162767 ret_end=-24.690 dbar_end=0.641 occ_end=0.208 CSR_train=0.000 done_count=125
[upd 120] u=0 upd_ctr=12 opt_step=192 E=0.795 g=0.122 VarTD=0.164826 ret_end=-24.975 dbar_end=0.670 occ_end=0.216 CSR_train=0.000 done_count=125
[upd 130] u=0 upd_ctr=13 opt_step=208 E=0.937 g=0.136 VarTD=0.167417 ret_end=-25.306 dbar_end=0.636 occ_end=0.260 CSR_train=0.000 done_count=100
[upd 140] u=1 upd_ctr=15 opt_step=240 E=0.192 g=0.120 VarTD=0.239971 ret_end=-25.876 dbar_end=0.674 occ_end=0.136 CSR_train=0.000 done_count=125
[upd 150] u=0 upd_ctr=16 opt_step=256 E=0.375 g=0.147 VarTD=0.297408 ret_end=-24.437 dbar_end=0.610 occ_end=0.240 CSR_train=0.000 done_count=125
[upd 160] u=0 upd_ctr=17 opt_step=272 E=0.597 g=0.145 VarTD=0.359065 ret_end=-24.499 dbar_end=0.615 occ_end=0.192 CSR_train=0.000 done_count=125
[upd 170] u=0 upd_ctr=18 opt_step=288 E=0.810 g=0.132 VarTD=0.431426 ret_end=-25.538 dbar_end=0.644 occ_end=0.184 CSR_train=0.000 done_count=125
[upd 180] u=1 upd_ctr=20 opt_step=320 E=0.168 g=0.150 VarTD=0.514745 ret_end=-24.786 dbar_end=0.605 occ_end=0.272 CSR_train=0.000 done_count=125
[upd 190] u=0 upd_ctr=21 opt_step=336 E=0.443 g=0.165 VarTD=0.676892 ret_end=-24.135 dbar_end=0.574 occ_end=0.296 CSR_train=0.000 done_count=125
[upd 200] u=0 upd_ctr=22 opt_step=352 E=0.805 g=0.154 VarTD=0.810366 ret_end=-25.040 dbar_end=0.597 occ_end=0.224 CSR_train=0.000 done_count=125
[upd 210] u=0 upd_ctr=24 opt_step=384 E=0.293 g=0.166 VarTD=1.039077 ret_end=-24.505 dbar_end=0.571 occ_end=0.168 CSR_train=0.000 done_count=125
[upd 220] u=0 upd_ctr=25 opt_step=400 E=0.737 g=0.177 VarTD=1.116122 ret_end=-23.155 dbar_end=0.551 occ_end=0.264 CSR_train=0.000 done_count=125
[upd 230] u=1 upd_ctr=27 opt_step=432 E=0.246 g=0.183 VarTD=1.286471 ret_end=-23.492 dbar_end=0.542 occ_end=0.256 CSR_train=0.000 done_count=125
[upd 240] u=0 upd_ctr=28 opt_step=448 E=0.691 g=0.170 VarTD=1.554712 ret_end=-23.492 dbar_end=0.564 occ_end=0.272 CSR_train=0.000 done_count=125
[upd 250] u=0 upd_ctr=30 opt_step=480 E=0.260 g=0.166 VarTD=1.795841 ret_end=-23.151 dbar_end=0.572 occ_end=0.288 CSR_train=0.000 done_count=125
[upd 260] u=0 upd_ctr=31 opt_step=496 E=0.744 g=0.165 VarTD=1.605134 ret_end=-24.363 dbar_end=0.574 occ_end=0.300 CSR_train=0.010 done_count=100
[upd 270] u=0 upd_ctr=33 opt_step=528 E=0.291 g=0.172 VarTD=2.319907 ret_end=-23.872 dbar_end=0.560 occ_end=0.328 CSR_train=0.000 done_count=125
[upd 280] u=0 upd_ctr=34 opt_step=544 E=0.812 g=0.170 VarTD=2.476849 ret_end=-23.919 dbar_end=0.564 occ_end=0.264 CSR_train=0.000 done_count=125
[upd 290] u=0 upd_ctr=36 opt_step=576 E=0.372 g=0.178 VarTD=2.782605 ret_end=-22.977 dbar_end=0.550 occ_end=0.320 CSR_train=0.000 done_count=125
[upd 300] u=0 upd_ctr=37 opt_step=592 E=0.892 g=0.192 VarTD=3.058411 ret_end=-23.092 dbar_end=0.525 occ_end=0.352 CSR_train=0.000 done_count=125
[upd 310] u=0 upd_ctr=39 opt_step=624 E=0.448 g=0.181 VarTD=3.348158 ret_end=-23.295 dbar_end=0.545 occ_end=0.248 CSR_train=0.000 done_count=125
[Gate5 check] update_counter violations: t0=0 diffs=0
[Gate5 check] opt_step violations: t0=0 diffs=0 (expected_inc=16)
[Gate5 check] NaN masking: nan_on_skip=True finite_on_update=True
[Gate5 summary] mean_update_fraction=0.1250 final_executed_updates_mean=39.00
[Gate5 eval] done_count mean=100.0 CSR mean=0.0000 len_end_mean=26.00
[Gate5 eval] episodes_per_env=4 T_eval=104
[Gate5 eval-debug] locked_eps_occ=0.20 pre(step25): dbar_end=0.508155 occupied_end_mean=0.370000 max_tilde_end_mean=0.729387 CSR@locked=0.000000
[Gate5 eval-debug] locked_eps_occ=0.20 post(step26): dbar_end=0.502570 occupied_end_mean=0.390000 max_tilde_end_mean=0.730431 CSR@locked=0.000000
[Gate5 eval-debug] CSR_pre@0.10=0.0000 CSR_pre@0.15=0.0000 CSR_pre@0.20=0.0000 CSR_pre@0.25=0.0100 CSR_pre@0.30=0.0200
[Gate5 eval-debug] CSR_post@0.10=0.0000 CSR_post@0.15=0.0000 CSR_post@0.20=0.0000 CSR_post@0.25=0.0000 CSR_post@0.30=0.0300
