Importing submoduled environments...
Submoduled environments not found. Skipping import.
[upd 0] u=1 upd_ctr=1 opt_step=16 E=0.155 g=0.092 VarTD=0.142843 ret_end=-27.084 dbar_end=0.760 occ_end=0.110 CSR_train=0.000 done_count=100
[upd 10] u=0 upd_ctr=1 opt_step=16 E=0.698 g=0.091 VarTD=0.164683 ret_end=-27.227 dbar_end=0.764 occ_end=0.176 CSR_train=0.000 done_count=125
[upd 20] u=0 upd_ctr=2 opt_step=32 E=0.376 g=0.083 VarTD=0.172600 ret_end=-28.462 dbar_end=0.791 occ_end=0.128 CSR_train=0.000 done_count=125
[upd 30] u=1 upd_ctr=3 opt_step=48 E=0.068 g=0.100 VarTD=0.135390 ret_end=-27.174 dbar_end=0.732 occ_end=0.184 CSR_train=0.000 done_count=125
[upd 40] u=0 upd_ctr=3 opt_step=48 E=0.670 g=0.101 VarTD=0.143008 ret_end=-26.506 dbar_end=0.730 occ_end=0.136 CSR_train=0.000 done_count=125
[upd 50] u=0 upd_ctr=4 opt_step=64 E=0.375 g=0.097 VarTD=0.135510 ret_end=-27.041 dbar_end=0.744 occ_end=0.160 CSR_train=0.000 done_count=125
[upd 60] u=1 upd_ctr=5 opt_step=80 E=0.102 g=0.123 VarTD=0.148059 ret_end=-25.475 dbar_end=0.667 occ_end=0.168 CSR_train=0.000 done_count=125
[upd 70] u=0 upd_ctr=5 opt_step=80 E=0.734 g=0.098 VarTD=0.164093 ret_end=-26.889 dbar_end=0.740 occ_end=0.128 CSR_train=0.000 done_count=125
[upd 80] u=0 upd_ctr=6 opt_step=96 E=0.482 g=0.112 VarTD=0.147567 ret_end=-26.237 dbar_end=0.697 occ_end=0.192 CSR_train=0.000 done_count=125
[upd 90] u=0 upd_ctr=7 opt_step=112 E=0.239 g=0.115 VarTD=0.128627 ret_end=-25.881 dbar_end=0.690 occ_end=0.104 CSR_train=0.000 done_count=125
[upd 100] u=0 upd_ctr=7 opt_step=112 E=0.905 g=0.113 VarTD=0.159602 ret_end=-27.586 dbar_end=0.695 occ_end=0.168 CSR_train=0.008 done_count=125
[upd 110] u=0 upd_ctr=8 opt_step=128 E=0.715 g=0.128 VarTD=0.161878 ret_end=-26.122 dbar_end=0.653 occ_end=0.200 CSR_train=0.008 done_count=125
[upd 120] u=0 upd_ctr=9 opt_step=144 E=0.565 g=0.124 VarTD=0.132710 ret_end=-25.428 dbar_end=0.665 occ_end=0.216 CSR_train=0.000 done_count=125
[upd 130] u=0 upd_ctr=10 opt_step=160 E=0.425 g=0.113 VarTD=0.150309 ret_end=-26.199 dbar_end=0.694 occ_end=0.170 CSR_train=0.000 done_count=100
[upd 140] u=0 upd_ctr=11 opt_step=176 E=0.313 g=0.139 VarTD=0.181034 ret_end=-25.111 dbar_end=0.627 occ_end=0.240 CSR_train=0.000 done_count=125
[upd 150] u=0 upd_ctr=12 opt_step=192 E=0.203 g=0.134 VarTD=0.160538 ret_end=-23.998 dbar_end=0.640 occ_end=0.168 CSR_train=0.000 done_count=125
[upd 160] u=1 upd_ctr=13 opt_step=208 E=0.139 g=0.139 VarTD=0.183592 ret_end=-25.046 dbar_end=0.628 occ_end=0.312 CSR_train=0.008 done_count=125
[upd 170] u=1 upd_ctr=14 opt_step=224 E=0.098 g=0.134 VarTD=0.203447 ret_end=-24.881 dbar_end=0.641 occ_end=0.240 CSR_train=0.000 done_count=125
[upd 180] u=0 upd_ctr=14 opt_step=224 E=0.970 g=0.149 VarTD=0.218660 ret_end=-24.590 dbar_end=0.605 occ_end=0.256 CSR_train=0.008 done_count=125
[upd 190] u=0 upd_ctr=15 opt_step=240 E=0.956 g=0.145 VarTD=0.270531 ret_end=-25.132 dbar_end=0.614 occ_end=0.280 CSR_train=0.000 done_count=125
[upd 200] u=0 upd_ctr=16 opt_step=256 E=0.972 g=0.148 VarTD=0.320838 ret_end=-24.905 dbar_end=0.608 occ_end=0.216 CSR_train=0.000 done_count=125
[upd 210] u=0 upd_ctr=17 opt_step=272 E=0.994 g=0.172 VarTD=0.392184 ret_end=-23.726 dbar_end=0.562 occ_end=0.256 CSR_train=0.000 done_count=125
[upd 220] u=1 upd_ctr=19 opt_step=304 E=0.148 g=0.149 VarTD=0.407767 ret_end=-24.192 dbar_end=0.606 occ_end=0.176 CSR_train=0.000 done_count=125
[upd 230] u=1 upd_ctr=20 opt_step=320 E=0.172 g=0.148 VarTD=0.513216 ret_end=-24.454 dbar_end=0.610 occ_end=0.304 CSR_train=0.000 done_count=125
[upd 240] u=0 upd_ctr=21 opt_step=336 E=0.229 g=0.154 VarTD=0.727684 ret_end=-24.957 dbar_end=0.596 occ_end=0.264 CSR_train=0.008 done_count=125
[upd 250] u=0 upd_ctr=22 opt_step=352 E=0.294 g=0.163 VarTD=0.761892 ret_end=-24.864 dbar_end=0.578 occ_end=0.328 CSR_train=0.008 done_count=125
[upd 260] u=0 upd_ctr=23 opt_step=368 E=0.362 g=0.163 VarTD=0.724730 ret_end=-23.118 dbar_end=0.579 occ_end=0.230 CSR_train=0.010 done_count=100
[upd 270] u=0 upd_ctr=24 opt_step=384 E=0.433 g=0.156 VarTD=0.988709 ret_end=-24.209 dbar_end=0.593 occ_end=0.232 CSR_train=0.008 done_count=125
[upd 280] u=0 upd_ctr=25 opt_step=400 E=0.534 g=0.179 VarTD=1.117710 ret_end=-23.353 dbar_end=0.548 occ_end=0.344 CSR_train=0.000 done_count=125
[upd 290] u=0 upd_ctr=26 opt_step=416 E=0.627 g=0.170 VarTD=1.260024 ret_end=-24.074 dbar_end=0.564 occ_end=0.304 CSR_train=0.000 done_count=125
[upd 300] u=0 upd_ctr=27 opt_step=432 E=0.715 g=0.165 VarTD=1.356947 ret_end=-23.872 dbar_end=0.574 occ_end=0.296 CSR_train=0.000 done_count=125
[upd 310] u=0 upd_ctr=28 opt_step=448 E=0.831 g=0.162 VarTD=1.458345 ret_end=-24.382 dbar_end=0.580 occ_end=0.288 CSR_train=0.000 done_count=125
[Gate5 check] update_counter violations: t0=0 diffs=0
[Gate5 check] opt_step violations: t0=0 diffs=0 (expected_inc=16)
[Gate5 check] NaN masking: nan_on_skip=True finite_on_update=True
[Gate5 summary] mean_update_fraction=0.0897 final_executed_updates_mean=28.00
[Gate5 eval] done_count mean=100.0 CSR mean=0.0000 len_end_mean=26.00
[Gate5 eval] episodes_per_env=4 T_eval=104
[Gate5 eval-debug] locked_eps_occ=0.20 pre(step25): dbar_end=0.486795 occupied_end_mean=0.500000 max_tilde_end_mean=0.707772 CSR@locked=0.000000
[Gate5 eval-debug] locked_eps_occ=0.20 post(step26): dbar_end=0.490975 occupied_end_mean=0.390000 max_tilde_end_mean=0.703485 CSR@locked=0.000000
[Gate5 eval-debug] CSR_pre@0.10=0.0000 CSR_pre@0.15=0.0000 CSR_pre@0.20=0.0000 CSR_pre@0.25=0.0200 CSR_pre@0.30=0.0300
[Gate5 eval-debug] CSR_post@0.10=0.0000 CSR_post@0.15=0.0000 CSR_post@0.20=0.0000 CSR_post@0.25=0.0000 CSR_post@0.30=0.0200
