Importing submoduled environments...
Submoduled environments not found. Skipping import.
[upd 0] u=1 upd_ctr=1 opt_step=16 E=0.142 g=0.092 VarTD=0.136051 ret_end=-27.009 dbar_end=0.762 occ_end=0.140 CSR_train=0.000 done_count=100
[upd 10] u=1 upd_ctr=2 opt_step=32 E=0.118 g=0.088 VarTD=0.157825 ret_end=-27.556 dbar_end=0.774 occ_end=0.128 CSR_train=0.000 done_count=125
[upd 20] u=1 upd_ctr=3 opt_step=48 E=0.148 g=0.098 VarTD=0.140886 ret_end=-27.002 dbar_end=0.738 occ_end=0.120 CSR_train=0.000 done_count=125
[upd 30] u=0 upd_ctr=4 opt_step=64 E=0.223 g=0.110 VarTD=0.156397 ret_end=-26.992 dbar_end=0.702 occ_end=0.168 CSR_train=0.000 done_count=125
[upd 40] u=0 upd_ctr=5 opt_step=80 E=0.261 g=0.106 VarTD=0.146796 ret_end=-25.769 dbar_end=0.715 occ_end=0.136 CSR_train=0.000 done_count=125
[upd 50] u=0 upd_ctr=6 opt_step=96 E=0.373 g=0.112 VarTD=0.143525 ret_end=-25.460 dbar_end=0.697 occ_end=0.176 CSR_train=0.000 done_count=125
[upd 60] u=0 upd_ctr=7 opt_step=112 E=0.520 g=0.114 VarTD=0.137157 ret_end=-26.497 dbar_end=0.692 occ_end=0.216 CSR_train=0.000 done_count=125
[upd 70] u=0 upd_ctr=8 opt_step=128 E=0.730 g=0.118 VarTD=0.151227 ret_end=-25.264 dbar_end=0.681 occ_end=0.192 CSR_train=0.000 done_count=125
[upd 80] u=0 upd_ctr=9 opt_step=144 E=0.976 g=0.132 VarTD=0.125670 ret_end=-25.036 dbar_end=0.644 occ_end=0.192 CSR_train=0.000 done_count=125
[upd 90] u=0 upd_ctr=11 opt_step=176 E=0.329 g=0.140 VarTD=0.156592 ret_end=-25.303 dbar_end=0.626 occ_end=0.208 CSR_train=0.000 done_count=125
[upd 100] u=0 upd_ctr=12 opt_step=192 E=0.695 g=0.137 VarTD=0.177321 ret_end=-25.132 dbar_end=0.632 occ_end=0.248 CSR_train=0.000 done_count=125
[upd 110] u=0 upd_ctr=13 opt_step=208 E=1.000 g=0.141 VarTD=0.215735 ret_end=-24.422 dbar_end=0.623 occ_end=0.280 CSR_train=0.000 done_count=125
[upd 120] u=0 upd_ctr=15 opt_step=240 E=0.475 g=0.154 VarTD=0.305964 ret_end=-25.040 dbar_end=0.596 occ_end=0.248 CSR_train=0.000 done_count=125
[upd 130] u=0 upd_ctr=16 opt_step=256 E=0.953 g=0.147 VarTD=0.309631 ret_end=-24.959 dbar_end=0.611 occ_end=0.220 CSR_train=0.000 done_count=100
[upd 140] u=0 upd_ctr=18 opt_step=288 E=0.469 g=0.146 VarTD=0.458787 ret_end=-25.342 dbar_end=0.614 occ_end=0.224 CSR_train=0.000 done_count=125
[upd 150] u=0 upd_ctr=19 opt_step=304 E=0.952 g=0.140 VarTD=0.509768 ret_end=-24.880 dbar_end=0.626 occ_end=0.280 CSR_train=0.008 done_count=125
[upd 160] u=0 upd_ctr=21 opt_step=336 E=0.501 g=0.149 VarTD=0.656182 ret_end=-24.526 dbar_end=0.607 occ_end=0.296 CSR_train=0.000 done_count=125
[upd 170] u=1 upd_ctr=23 opt_step=368 E=0.210 g=0.160 VarTD=0.775579 ret_end=-23.893 dbar_end=0.584 occ_end=0.296 CSR_train=0.000 done_count=125
[upd 180] u=0 upd_ctr=24 opt_step=384 E=0.859 g=0.161 VarTD=1.003072 ret_end=-24.646 dbar_end=0.582 occ_end=0.280 CSR_train=0.000 done_count=125
[upd 190] u=0 upd_ctr=26 opt_step=416 E=0.537 g=0.171 VarTD=1.309092 ret_end=-24.129 dbar_end=0.563 occ_end=0.216 CSR_train=0.000 done_count=125
[upd 200] u=1 upd_ctr=28 opt_step=448 E=0.216 g=0.166 VarTD=1.412980 ret_end=-23.923 dbar_end=0.572 occ_end=0.208 CSR_train=0.000 done_count=125
[upd 210] u=0 upd_ctr=29 opt_step=464 E=0.867 g=0.159 VarTD=1.710508 ret_end=-24.609 dbar_end=0.585 occ_end=0.208 CSR_train=0.000 done_count=125
[upd 220] u=0 upd_ctr=31 opt_step=496 E=0.545 g=0.168 VarTD=2.015503 ret_end=-24.427 dbar_end=0.569 occ_end=0.256 CSR_train=0.000 done_count=125
[upd 230] u=1 upd_ctr=33 opt_step=528 E=0.228 g=0.178 VarTD=2.186479 ret_end=-23.964 dbar_end=0.549 occ_end=0.272 CSR_train=0.000 done_count=125
[upd 240] u=0 upd_ctr=34 opt_step=544 E=0.932 g=0.178 VarTD=2.484687 ret_end=-23.016 dbar_end=0.550 occ_end=0.272 CSR_train=0.000 done_count=125
[upd 250] u=0 upd_ctr=36 opt_step=576 E=0.563 g=0.164 VarTD=2.829286 ret_end=-23.867 dbar_end=0.575 occ_end=0.312 CSR_train=0.008 done_count=125
[upd 260] u=1 upd_ctr=38 opt_step=608 E=0.217 g=0.167 VarTD=2.447503 ret_end=-23.353 dbar_end=0.570 occ_end=0.300 CSR_train=0.000 done_count=100
[upd 270] u=0 upd_ctr=39 opt_step=624 E=0.928 g=0.164 VarTD=3.355874 ret_end=-24.201 dbar_end=0.576 occ_end=0.184 CSR_train=0.000 done_count=125
[upd 280] u=0 upd_ctr=41 opt_step=656 E=0.567 g=0.178 VarTD=3.779432 ret_end=-23.469 dbar_end=0.549 occ_end=0.248 CSR_train=0.008 done_count=125
[upd 290] u=1 upd_ctr=43 opt_step=688 E=0.234 g=0.184 VarTD=3.829579 ret_end=-22.263 dbar_end=0.538 occ_end=0.344 CSR_train=0.000 done_count=125
[upd 300] u=0 upd_ctr=44 opt_step=704 E=0.957 g=0.170 VarTD=4.164947 ret_end=-24.028 dbar_end=0.563 occ_end=0.272 CSR_train=0.000 done_count=125
[upd 310] u=0 upd_ctr=46 opt_step=736 E=0.732 g=0.160 VarTD=4.390387 ret_end=-23.872 dbar_end=0.583 occ_end=0.264 CSR_train=0.000 done_count=125
[Gate5 check] update_counter violations: t0=0 diffs=0
[Gate5 check] opt_step violations: t0=0 diffs=0 (expected_inc=16)
[Gate5 check] NaN masking: nan_on_skip=True finite_on_update=True
[Gate5 summary] mean_update_fraction=0.1474 final_executed_updates_mean=46.00
[Gate5 eval] done_count mean=100.0 CSR mean=0.0100 len_end_mean=26.00
[Gate5 eval] episodes_per_env=4 T_eval=104
[Gate5 eval-debug] locked_eps_occ=0.20 pre(step25): dbar_end=0.473414 occupied_end_mean=0.500000 max_tilde_end_mean=0.692231 CSR@locked=0.010000
[Gate5 eval-debug] locked_eps_occ=0.20 post(step26): dbar_end=0.469830 occupied_end_mean=0.460000 max_tilde_end_mean=0.684427 CSR@locked=0.010000
[Gate5 eval-debug] CSR_pre@0.10=0.0000 CSR_pre@0.15=0.0000 CSR_pre@0.20=0.0100 CSR_pre@0.25=0.0100 CSR_pre@0.30=0.0500
[Gate5 eval-debug] CSR_post@0.10=0.0000 CSR_post@0.15=0.0000 CSR_post@0.20=0.0100 CSR_post@0.25=0.0100 CSR_post@0.30=0.0200
