Importing submoduled environments...
Submoduled environments not found. Skipping import.
[upd 0] u=1 upd_ctr=1 opt_step=16 E=0.192 g=0.102 VarTD=0.148347 ret_end=-26.397 dbar_end=0.726 occ_end=0.190 CSR_train=0.000 done_count=100
[upd 10] u=1 upd_ctr=2 opt_step=32 E=0.131 g=0.089 VarTD=0.167256 ret_end=-27.327 dbar_end=0.769 occ_end=0.152 CSR_train=0.008 done_count=125
[upd 20] u=1 upd_ctr=3 opt_step=48 E=0.132 g=0.093 VarTD=0.163701 ret_end=-27.483 dbar_end=0.756 occ_end=0.184 CSR_train=0.000 done_count=125
[upd 30] u=1 upd_ctr=4 opt_step=64 E=0.175 g=0.107 VarTD=0.156374 ret_end=-27.400 dbar_end=0.711 occ_end=0.240 CSR_train=0.000 done_count=125
[upd 40] u=0 upd_ctr=5 opt_step=80 E=0.266 g=0.115 VarTD=0.156641 ret_end=-26.285 dbar_end=0.689 occ_end=0.136 CSR_train=0.000 done_count=125
[upd 50] u=0 upd_ctr=6 opt_step=96 E=0.339 g=0.127 VarTD=0.145375 ret_end=-25.074 dbar_end=0.658 occ_end=0.192 CSR_train=0.000 done_count=125
[upd 60] u=0 upd_ctr=7 opt_step=112 E=0.458 g=0.102 VarTD=0.174328 ret_end=-27.463 dbar_end=0.727 occ_end=0.088 CSR_train=0.000 done_count=125
[upd 70] u=0 upd_ctr=8 opt_step=128 E=0.651 g=0.131 VarTD=0.153899 ret_end=-25.204 dbar_end=0.647 occ_end=0.256 CSR_train=0.000 done_count=125
[upd 80] u=0 upd_ctr=9 opt_step=144 E=0.865 g=0.121 VarTD=0.129116 ret_end=-26.489 dbar_end=0.672 occ_end=0.248 CSR_train=0.000 done_count=125
[upd 90] u=1 upd_ctr=11 opt_step=176 E=0.171 g=0.125 VarTD=0.146540 ret_end=-25.419 dbar_end=0.663 occ_end=0.160 CSR_train=0.000 done_count=125
[upd 100] u=0 upd_ctr=12 opt_step=192 E=0.444 g=0.125 VarTD=0.187088 ret_end=-25.684 dbar_end=0.663 occ_end=0.184 CSR_train=0.000 done_count=125
[upd 110] u=0 upd_ctr=13 opt_step=208 E=0.716 g=0.115 VarTD=0.192052 ret_end=-26.873 dbar_end=0.689 occ_end=0.184 CSR_train=0.000 done_count=125
[upd 120] u=1 upd_ctr=15 opt_step=240 E=0.131 g=0.142 VarTD=0.196145 ret_end=-25.034 dbar_end=0.621 occ_end=0.168 CSR_train=0.000 done_count=125
[upd 130] u=0 upd_ctr=16 opt_step=256 E=0.503 g=0.154 VarTD=0.262192 ret_end=-24.427 dbar_end=0.596 occ_end=0.210 CSR_train=0.000 done_count=100
[upd 140] u=0 upd_ctr=17 opt_step=272 E=0.889 g=0.141 VarTD=0.319042 ret_end=-25.564 dbar_end=0.624 occ_end=0.152 CSR_train=0.000 done_count=125
[upd 150] u=0 upd_ctr=19 opt_step=304 E=0.380 g=0.157 VarTD=0.495731 ret_end=-24.490 dbar_end=0.590 occ_end=0.280 CSR_train=0.000 done_count=125
[upd 160] u=0 upd_ctr=20 opt_step=320 E=0.846 g=0.158 VarTD=0.547097 ret_end=-24.125 dbar_end=0.588 occ_end=0.264 CSR_train=0.000 done_count=125
[upd 170] u=0 upd_ctr=22 opt_step=352 E=0.389 g=0.155 VarTD=0.709727 ret_end=-24.241 dbar_end=0.593 occ_end=0.240 CSR_train=0.000 done_count=125
[upd 180] u=0 upd_ctr=23 opt_step=368 E=0.843 g=0.145 VarTD=0.815608 ret_end=-24.099 dbar_end=0.616 occ_end=0.160 CSR_train=0.000 done_count=125
[upd 190] u=0 upd_ctr=25 opt_step=400 E=0.367 g=0.157 VarTD=1.085368 ret_end=-24.124 dbar_end=0.591 occ_end=0.248 CSR_train=0.000 done_count=125
[upd 200] u=0 upd_ctr=26 opt_step=416 E=0.873 g=0.151 VarTD=1.211840 ret_end=-25.067 dbar_end=0.603 occ_end=0.216 CSR_train=0.000 done_count=125
[upd 210] u=0 upd_ctr=28 opt_step=448 E=0.560 g=0.182 VarTD=1.491817 ret_end=-22.529 dbar_end=0.543 occ_end=0.296 CSR_train=0.000 done_count=125
[upd 220] u=1 upd_ctr=30 opt_step=480 E=0.261 g=0.179 VarTD=1.642941 ret_end=-23.203 dbar_end=0.548 occ_end=0.272 CSR_train=0.000 done_count=125
[upd 230] u=0 upd_ctr=31 opt_step=496 E=0.873 g=0.174 VarTD=1.891244 ret_end=-23.134 dbar_end=0.557 occ_end=0.344 CSR_train=0.008 done_count=125
[upd 240] u=0 upd_ctr=33 opt_step=528 E=0.560 g=0.183 VarTD=2.233630 ret_end=-23.601 dbar_end=0.542 occ_end=0.288 CSR_train=0.008 done_count=125
[upd 250] u=1 upd_ctr=35 opt_step=560 E=0.247 g=0.163 VarTD=2.397586 ret_end=-24.163 dbar_end=0.577 occ_end=0.320 CSR_train=0.008 done_count=125
[upd 260] u=0 upd_ctr=36 opt_step=576 E=0.910 g=0.180 VarTD=2.308595 ret_end=-22.870 dbar_end=0.546 occ_end=0.340 CSR_train=0.010 done_count=100
[upd 270] u=0 upd_ctr=38 opt_step=608 E=0.713 g=0.194 VarTD=3.107635 ret_end=-22.972 dbar_end=0.522 occ_end=0.360 CSR_train=0.000 done_count=125
[upd 280] u=0 upd_ctr=40 opt_step=640 E=0.409 g=0.174 VarTD=3.369283 ret_end=-23.585 dbar_end=0.558 occ_end=0.272 CSR_train=0.000 done_count=125
[upd 290] u=1 upd_ctr=42 opt_step=672 E=0.263 g=0.181 VarTD=3.556782 ret_end=-23.427 dbar_end=0.544 occ_end=0.248 CSR_train=0.000 done_count=125
[upd 300] u=0 upd_ctr=43 opt_step=688 E=0.876 g=0.175 VarTD=3.873600 ret_end=-23.882 dbar_end=0.556 occ_end=0.248 CSR_train=0.000 done_count=125
[upd 310] u=0 upd_ctr=45 opt_step=720 E=0.645 g=0.176 VarTD=4.187841 ret_end=-23.741 dbar_end=0.554 occ_end=0.232 CSR_train=0.000 done_count=125
[Gate5 check] update_counter violations: t0=0 diffs=0
[Gate5 check] opt_step violations: t0=0 diffs=0 (expected_inc=16)
[Gate5 check] NaN masking: nan_on_skip=True finite_on_update=True
[Gate5 summary] mean_update_fraction=0.1442 final_executed_updates_mean=45.00
[Gate5 eval] done_count mean=100.0 CSR mean=0.0000 len_end_mean=26.00
[Gate5 eval] episodes_per_env=4 T_eval=104
[Gate5 eval-debug] locked_eps_occ=0.20 pre(step25): dbar_end=0.496019 occupied_end_mean=0.480000 max_tilde_end_mean=0.733679 CSR@locked=0.010000
[Gate5 eval-debug] locked_eps_occ=0.20 post(step26): dbar_end=0.497364 occupied_end_mean=0.420000 max_tilde_end_mean=0.741747 CSR@locked=0.000000
[Gate5 eval-debug] CSR_pre@0.10=0.0000 CSR_pre@0.15=0.0100 CSR_pre@0.20=0.0100 CSR_pre@0.25=0.0100 CSR_pre@0.30=0.0300
[Gate5 eval-debug] CSR_post@0.10=0.0000 CSR_post@0.15=0.0000 CSR_post@0.20=0.0000 CSR_post@0.25=0.0000 CSR_post@0.30=0.0000
