Importing submoduled environments...
Submoduled environments not found. Skipping import.
[upd 0] u=1 upd_ctr=1 opt_step=16 E=0.151 g=0.073 VarTD=0.176583 ret_end=-28.932 dbar_end=0.832 occ_end=0.120 CSR_train=0.000 done_count=100
[upd 10] u=0 upd_ctr=1 opt_step=16 E=0.782 g=0.084 VarTD=0.145375 ret_end=-27.822 dbar_end=0.789 occ_end=0.112 CSR_train=0.000 done_count=125
[upd 20] u=0 upd_ctr=2 opt_step=32 E=0.575 g=0.103 VarTD=0.141277 ret_end=-26.893 dbar_end=0.725 occ_end=0.208 CSR_train=0.000 done_count=125
[upd 30] u=0 upd_ctr=3 opt_step=48 E=0.342 g=0.106 VarTD=0.130200 ret_end=-25.743 dbar_end=0.716 occ_end=0.208 CSR_train=0.000 done_count=125
[upd 40] u=1 upd_ctr=4 opt_step=64 E=0.126 g=0.099 VarTD=0.163935 ret_end=-27.036 dbar_end=0.737 occ_end=0.144 CSR_train=0.000 done_count=125
[upd 50] u=0 upd_ctr=4 opt_step=64 E=0.850 g=0.095 VarTD=0.166281 ret_end=-27.733 dbar_end=0.750 occ_end=0.168 CSR_train=0.000 done_count=125
[upd 60] u=0 upd_ctr=5 opt_step=80 E=0.669 g=0.105 VarTD=0.136196 ret_end=-25.857 dbar_end=0.718 occ_end=0.104 CSR_train=0.000 done_count=125
[upd 70] u=0 upd_ctr=6 opt_step=96 E=0.534 g=0.109 VarTD=0.140449 ret_end=-25.741 dbar_end=0.705 occ_end=0.224 CSR_train=0.000 done_count=125
[upd 80] u=0 upd_ctr=7 opt_step=112 E=0.370 g=0.099 VarTD=0.157932 ret_end=-27.574 dbar_end=0.736 occ_end=0.184 CSR_train=0.000 done_count=125
[upd 90] u=0 upd_ctr=8 opt_step=128 E=0.252 g=0.102 VarTD=0.148204 ret_end=-27.311 dbar_end=0.727 occ_end=0.168 CSR_train=0.000 done_count=125
[upd 100] u=1 upd_ctr=9 opt_step=144 E=0.127 g=0.114 VarTD=0.150635 ret_end=-26.614 dbar_end=0.691 occ_end=0.152 CSR_train=0.000 done_count=125
[upd 110] u=0 upd_ctr=9 opt_step=144 E=0.906 g=0.127 VarTD=0.153029 ret_end=-25.232 dbar_end=0.657 occ_end=0.200 CSR_train=0.000 done_count=125
[upd 120] u=0 upd_ctr=10 opt_step=160 E=0.825 g=0.121 VarTD=0.152722 ret_end=-25.778 dbar_end=0.672 occ_end=0.200 CSR_train=0.000 done_count=125
[upd 130] u=0 upd_ctr=11 opt_step=176 E=0.788 g=0.131 VarTD=0.157349 ret_end=-24.852 dbar_end=0.646 occ_end=0.190 CSR_train=0.000 done_count=100
[upd 140] u=0 upd_ctr=12 opt_step=192 E=0.745 g=0.119 VarTD=0.213486 ret_end=-26.347 dbar_end=0.678 occ_end=0.160 CSR_train=0.000 done_count=125
[upd 150] u=0 upd_ctr=13 opt_step=208 E=0.748 g=0.122 VarTD=0.248217 ret_end=-26.584 dbar_end=0.671 occ_end=0.248 CSR_train=0.000 done_count=125
[upd 160] u=0 upd_ctr=14 opt_step=224 E=0.738 g=0.131 VarTD=0.274410 ret_end=-25.394 dbar_end=0.646 occ_end=0.272 CSR_train=0.000 done_count=125
[upd 170] u=0 upd_ctr=15 opt_step=240 E=0.744 g=0.141 VarTD=0.295105 ret_end=-25.315 dbar_end=0.624 occ_end=0.184 CSR_train=0.000 done_count=125
[upd 180] u=0 upd_ctr=16 opt_step=256 E=0.807 g=0.159 VarTD=0.324797 ret_end=-23.808 dbar_end=0.586 occ_end=0.240 CSR_train=0.000 done_count=125
[upd 190] u=0 upd_ctr=17 opt_step=272 E=0.926 g=0.138 VarTD=0.419384 ret_end=-25.492 dbar_end=0.632 occ_end=0.208 CSR_train=0.000 done_count=125
[upd 200] u=1 upd_ctr=19 opt_step=304 E=0.132 g=0.139 VarTD=0.528601 ret_end=-25.693 dbar_end=0.628 occ_end=0.224 CSR_train=0.000 done_count=125
[upd 210] u=0 upd_ctr=20 opt_step=320 E=0.291 g=0.154 VarTD=0.652094 ret_end=-24.933 dbar_end=0.595 occ_end=0.256 CSR_train=0.000 done_count=125
[upd 220] u=0 upd_ctr=21 opt_step=336 E=0.461 g=0.156 VarTD=0.778532 ret_end=-24.682 dbar_end=0.592 occ_end=0.208 CSR_train=0.000 done_count=125
[upd 230] u=0 upd_ctr=22 opt_step=352 E=0.638 g=0.158 VarTD=0.839033 ret_end=-24.454 dbar_end=0.588 occ_end=0.296 CSR_train=0.000 done_count=125
[upd 240] u=0 upd_ctr=23 opt_step=368 E=0.820 g=0.136 VarTD=0.929938 ret_end=-25.648 dbar_end=0.636 occ_end=0.208 CSR_train=0.000 done_count=125
[upd 250] u=0 upd_ctr=24 opt_step=384 E=0.977 g=0.140 VarTD=1.009597 ret_end=-25.208 dbar_end=0.627 occ_end=0.224 CSR_train=0.000 done_count=125
[upd 260] u=0 upd_ctr=26 opt_step=416 E=0.287 g=0.176 VarTD=1.086878 ret_end=-23.141 dbar_end=0.554 occ_end=0.250 CSR_train=0.000 done_count=100
[upd 270] u=0 upd_ctr=27 opt_step=432 E=0.496 g=0.165 VarTD=1.466796 ret_end=-23.717 dbar_end=0.575 occ_end=0.240 CSR_train=0.008 done_count=125
[upd 280] u=0 upd_ctr=28 opt_step=448 E=0.698 g=0.165 VarTD=1.638772 ret_end=-23.716 dbar_end=0.574 occ_end=0.280 CSR_train=0.000 done_count=125
[upd 290] u=0 upd_ctr=29 opt_step=464 E=0.906 g=0.159 VarTD=1.717587 ret_end=-23.772 dbar_end=0.586 occ_end=0.288 CSR_train=0.000 done_count=125
[upd 300] u=0 upd_ctr=31 opt_step=496 E=0.249 g=0.174 VarTD=2.145419 ret_end=-23.610 dbar_end=0.557 occ_end=0.376 CSR_train=0.008 done_count=125
[upd 310] u=0 upd_ctr=32 opt_step=512 E=0.496 g=0.154 VarTD=2.207130 ret_end=-24.117 dbar_end=0.596 occ_end=0.240 CSR_train=0.000 done_count=125
[Gate5 check] update_counter violations: t0=0 diffs=0
[Gate5 check] opt_step violations: t0=0 diffs=0 (expected_inc=16)
[Gate5 check] NaN masking: nan_on_skip=True finite_on_update=True
[Gate5 summary] mean_update_fraction=0.1026 final_executed_updates_mean=32.00
[Gate5 eval] done_count mean=100.0 CSR mean=0.0000 len_end_mean=26.00
[Gate5 eval] episodes_per_env=4 T_eval=104
[Gate5 eval-debug] locked_eps_occ=0.20 pre(step25): dbar_end=0.540208 occupied_end_mean=0.320000 max_tilde_end_mean=0.773720 CSR@locked=0.000000
[Gate5 eval-debug] locked_eps_occ=0.20 post(step26): dbar_end=0.532726 occupied_end_mean=0.310000 max_tilde_end_mean=0.763413 CSR@locked=0.000000
[Gate5 eval-debug] CSR_pre@0.10=0.0000 CSR_pre@0.15=0.0000 CSR_pre@0.20=0.0000 CSR_pre@0.25=0.0100 CSR_pre@0.30=0.0100
[Gate5 eval-debug] CSR_post@0.10=0.0000 CSR_post@0.15=0.0000 CSR_post@0.20=0.0000 CSR_post@0.25=0.0000 CSR_post@0.30=0.0100
