Importing submoduled environments...
Submoduled environments not found. Skipping import.
[upd 0] u=1 upd_ctr=1 opt_step=16 E=0.276 g=0.094 VarTD=0.156314 ret_end=-27.700 dbar_end=0.751 occ_end=0.180 CSR_train=0.010 done_count=100
[upd 10] u=0 upd_ctr=2 opt_step=32 E=0.253 g=0.117 VarTD=0.128083 ret_end=-25.631 dbar_end=0.684 occ_end=0.176 CSR_train=0.000 done_count=125
[upd 20] u=0 upd_ctr=3 opt_step=48 E=0.273 g=0.108 VarTD=0.137978 ret_end=-26.214 dbar_end=0.708 occ_end=0.192 CSR_train=0.000 done_count=125
[upd 30] u=0 upd_ctr=4 opt_step=64 E=0.323 g=0.113 VarTD=0.145162 ret_end=-26.840 dbar_end=0.695 occ_end=0.192 CSR_train=0.000 done_count=125
[upd 40] u=0 upd_ctr=5 opt_step=80 E=0.427 g=0.109 VarTD=0.139270 ret_end=-26.643 dbar_end=0.706 occ_end=0.152 CSR_train=0.000 done_count=125
[upd 50] u=0 upd_ctr=6 opt_step=96 E=0.547 g=0.125 VarTD=0.142950 ret_end=-25.700 dbar_end=0.661 occ_end=0.248 CSR_train=0.000 done_count=125
[upd 60] u=0 upd_ctr=7 opt_step=112 E=0.691 g=0.125 VarTD=0.144184 ret_end=-25.007 dbar_end=0.662 occ_end=0.248 CSR_train=0.000 done_count=125
[upd 70] u=0 upd_ctr=8 opt_step=128 E=0.860 g=0.133 VarTD=0.137820 ret_end=-24.844 dbar_end=0.642 occ_end=0.216 CSR_train=0.000 done_count=125
[upd 80] u=0 upd_ctr=10 opt_step=160 E=0.241 g=0.125 VarTD=0.165137 ret_end=-26.289 dbar_end=0.662 occ_end=0.184 CSR_train=0.000 done_count=125
[upd 90] u=0 upd_ctr=11 opt_step=176 E=0.458 g=0.112 VarTD=0.150227 ret_end=-25.716 dbar_end=0.698 occ_end=0.176 CSR_train=0.000 done_count=125
[upd 100] u=0 upd_ctr=12 opt_step=192 E=0.720 g=0.143 VarTD=0.177654 ret_end=-25.190 dbar_end=0.620 occ_end=0.264 CSR_train=0.000 done_count=125
[upd 110] u=1 upd_ctr=14 opt_step=224 E=0.204 g=0.150 VarTD=0.170773 ret_end=-23.630 dbar_end=0.604 occ_end=0.192 CSR_train=0.000 done_count=125
[upd 120] u=0 upd_ctr=15 opt_step=240 E=0.538 g=0.154 VarTD=0.259780 ret_end=-24.292 dbar_end=0.595 occ_end=0.280 CSR_train=0.000 done_count=125
[Gate5 check] update_counter violations: t0=0 diffs=0
[Gate5 check] opt_step violations: t0=0 diffs=0 (expected_inc=16)
[Gate5 check] NaN masking: nan_on_skip=True finite_on_update=True
[Gate5 summary] mean_update_fraction=0.1280 final_executed_updates_mean=16.00
[Gate5 eval] done_count mean=100.0 CSR mean=0.0000 len_end_mean=26.00
[Gate5 eval] episodes_per_env=4 T_eval=104
[Gate5 eval-debug] locked_eps_occ=0.20 pre(step25): dbar_end=0.483021 occupied_end_mean=0.320000 max_tilde_end_mean=0.699069 CSR@locked=0.000000
[Gate5 eval-debug] locked_eps_occ=0.20 post(step26): dbar_end=0.484511 occupied_end_mean=0.330000 max_tilde_end_mean=0.698893 CSR@locked=0.000000
[Gate5 eval-debug] CSR_pre@0.10=0.0000 CSR_pre@0.15=0.0000 CSR_pre@0.20=0.0000 CSR_pre@0.25=0.0000 CSR_pre@0.30=0.0200
[Gate5 eval-debug] CSR_post@0.10=0.0000 CSR_post@0.15=0.0000 CSR_post@0.20=0.0000 CSR_post@0.25=0.0000 CSR_post@0.30=0.0100
