Importing submoduled environments...
Submoduled environments not found. Skipping import.
[upd 0] u=1 upd_ctr=1 opt_step=16 E=0.108 g=0.083 VarTD=0.176951 ret_end=-28.473 dbar_end=0.794 occ_end=0.140 CSR_train=0.000 done_count=100
[upd 10] u=0 upd_ctr=1 opt_step=16 E=0.772 g=0.089 VarTD=0.152994 ret_end=-28.611 dbar_end=0.772 occ_end=0.104 CSR_train=0.000 done_count=125
[upd 20] u=0 upd_ctr=2 opt_step=32 E=0.488 g=0.095 VarTD=0.154998 ret_end=-27.598 dbar_end=0.751 occ_end=0.184 CSR_train=0.000 done_count=125
[upd 30] u=0 upd_ctr=3 opt_step=48 E=0.216 g=0.099 VarTD=0.139869 ret_end=-27.183 dbar_end=0.738 occ_end=0.120 CSR_train=0.000 done_count=125
[upd 40] u=0 upd_ctr=3 opt_step=48 E=0.893 g=0.100 VarTD=0.161356 ret_end=-26.824 dbar_end=0.733 occ_end=0.208 CSR_train=0.000 done_count=125
[upd 50] u=0 upd_ctr=4 opt_step=64 E=0.660 g=0.103 VarTD=0.161448 ret_end=-26.873 dbar_end=0.724 occ_end=0.120 CSR_train=0.000 done_count=125
[upd 60] u=0 upd_ctr=5 opt_step=80 E=0.416 g=0.105 VarTD=0.134658 ret_end=-26.487 dbar_end=0.717 occ_end=0.144 CSR_train=0.000 done_count=125
[upd 70] u=0 upd_ctr=6 opt_step=96 E=0.196 g=0.107 VarTD=0.155560 ret_end=-26.357 dbar_end=0.710 occ_end=0.192 CSR_train=0.000 done_count=125
[upd 80] u=0 upd_ctr=6 opt_step=96 E=0.963 g=0.110 VarTD=0.130395 ret_end=-26.895 dbar_end=0.703 occ_end=0.208 CSR_train=0.000 done_count=125
[upd 90] u=0 upd_ctr=7 opt_step=112 E=0.782 g=0.108 VarTD=0.130945 ret_end=-26.802 dbar_end=0.709 occ_end=0.224 CSR_train=0.000 done_count=125
[upd 100] u=0 upd_ctr=8 opt_step=128 E=0.605 g=0.115 VarTD=0.166890 ret_end=-26.378 dbar_end=0.688 occ_end=0.152 CSR_train=0.000 done_count=125
[upd 110] u=0 upd_ctr=9 opt_step=144 E=0.474 g=0.126 VarTD=0.152350 ret_end=-24.925 dbar_end=0.659 occ_end=0.184 CSR_train=0.000 done_count=125
[upd 120] u=0 upd_ctr=10 opt_step=160 E=0.338 g=0.116 VarTD=0.143441 ret_end=-25.307 dbar_end=0.686 occ_end=0.232 CSR_train=0.000 done_count=125
[upd 130] u=0 upd_ctr=11 opt_step=176 E=0.213 g=0.127 VarTD=0.154423 ret_end=-25.921 dbar_end=0.658 occ_end=0.220 CSR_train=0.000 done_count=100
[upd 140] u=1 upd_ctr=12 opt_step=192 E=0.089 g=0.102 VarTD=0.185502 ret_end=-26.799 dbar_end=0.727 occ_end=0.144 CSR_train=0.000 done_count=125
[upd 150] u=0 upd_ctr=12 opt_step=192 E=0.922 g=0.131 VarTD=0.188390 ret_end=-24.945 dbar_end=0.647 occ_end=0.200 CSR_train=0.000 done_count=125
[upd 160] u=0 upd_ctr=13 opt_step=208 E=0.824 g=0.130 VarTD=0.196803 ret_end=-25.359 dbar_end=0.649 occ_end=0.192 CSR_train=0.000 done_count=125
[upd 170] u=0 upd_ctr=14 opt_step=224 E=0.754 g=0.113 VarTD=0.252605 ret_end=-26.352 dbar_end=0.694 occ_end=0.208 CSR_train=0.000 done_count=125
[upd 180] u=0 upd_ctr=15 opt_step=240 E=0.680 g=0.139 VarTD=0.293654 ret_end=-25.691 dbar_end=0.629 occ_end=0.208 CSR_train=0.000 done_count=125
[upd 190] u=0 upd_ctr=16 opt_step=256 E=0.643 g=0.137 VarTD=0.321705 ret_end=-25.266 dbar_end=0.633 occ_end=0.216 CSR_train=0.000 done_count=125
[upd 200] u=0 upd_ctr=17 opt_step=272 E=0.617 g=0.128 VarTD=0.412761 ret_end=-26.159 dbar_end=0.656 occ_end=0.224 CSR_train=0.000 done_count=125
[upd 210] u=0 upd_ctr=18 opt_step=288 E=0.609 g=0.141 VarTD=0.464859 ret_end=-25.358 dbar_end=0.623 occ_end=0.208 CSR_train=0.000 done_count=125
[upd 220] u=0 upd_ctr=19 opt_step=304 E=0.621 g=0.141 VarTD=0.493108 ret_end=-24.464 dbar_end=0.623 occ_end=0.248 CSR_train=0.000 done_count=125
[upd 230] u=0 upd_ctr=20 opt_step=320 E=0.638 g=0.148 VarTD=0.586012 ret_end=-24.834 dbar_end=0.608 occ_end=0.240 CSR_train=0.000 done_count=125
[upd 240] u=0 upd_ctr=21 opt_step=336 E=0.626 g=0.132 VarTD=0.681797 ret_end=-25.314 dbar_end=0.646 occ_end=0.216 CSR_train=0.008 done_count=125
[upd 250] u=0 upd_ctr=22 opt_step=352 E=0.629 g=0.134 VarTD=0.765479 ret_end=-24.599 dbar_end=0.640 occ_end=0.216 CSR_train=0.000 done_count=125
[upd 260] u=0 upd_ctr=23 opt_step=368 E=0.655 g=0.135 VarTD=0.732185 ret_end=-25.985 dbar_end=0.638 occ_end=0.210 CSR_train=0.000 done_count=100
[upd 270] u=0 upd_ctr=24 opt_step=384 E=0.717 g=0.156 VarTD=1.002865 ret_end=-24.522 dbar_end=0.592 occ_end=0.296 CSR_train=0.000 done_count=125
[upd 280] u=0 upd_ctr=25 opt_step=400 E=0.788 g=0.151 VarTD=1.098933 ret_end=-24.792 dbar_end=0.603 occ_end=0.248 CSR_train=0.000 done_count=125
[upd 290] u=0 upd_ctr=26 opt_step=416 E=0.890 g=0.164 VarTD=1.251832 ret_end=-23.750 dbar_end=0.576 occ_end=0.240 CSR_train=0.000 done_count=125
[upd 300] u=0 upd_ctr=27 opt_step=432 E=1.000 g=0.175 VarTD=1.428790 ret_end=-23.600 dbar_end=0.556 occ_end=0.400 CSR_train=0.000 done_count=125
[upd 310] u=1 upd_ctr=29 opt_step=464 E=0.165 g=0.164 VarTD=1.530612 ret_end=-24.039 dbar_end=0.576 occ_end=0.232 CSR_train=0.000 done_count=125
[Gate5 check] update_counter violations: t0=0 diffs=0
[Gate5 check] opt_step violations: t0=0 diffs=0 (expected_inc=16)
[Gate5 check] NaN masking: nan_on_skip=True finite_on_update=True
[Gate5 summary] mean_update_fraction=0.0929 final_executed_updates_mean=29.00
[Gate5 eval] done_count mean=100.0 CSR mean=0.0000 len_end_mean=26.00
[Gate5 eval] episodes_per_env=4 T_eval=104
[Gate5 eval-debug] locked_eps_occ=0.20 pre(step25): dbar_end=0.511223 occupied_end_mean=0.360000 max_tilde_end_mean=0.766059 CSR@locked=0.000000
[Gate5 eval-debug] locked_eps_occ=0.20 post(step26): dbar_end=0.513913 occupied_end_mean=0.370000 max_tilde_end_mean=0.763851 CSR@locked=0.000000
[Gate5 eval-debug] CSR_pre@0.10=0.0000 CSR_pre@0.15=0.0000 CSR_pre@0.20=0.0000 CSR_pre@0.25=0.0000 CSR_pre@0.30=0.0000
[Gate5 eval-debug] CSR_post@0.10=0.0000 CSR_post@0.15=0.0000 CSR_post@0.20=0.0000 CSR_post@0.25=0.0000 CSR_post@0.30=0.0000
