Importing submoduled environments...
Submoduled environments not found. Skipping import.
[upd 0] u=1 upd_ctr=1 opt_step=16 E=0.340 g=0.079 VarTD=0.177244 ret_end=-28.332 dbar_end=0.807 occ_end=0.140 CSR_train=0.000 done_count=100
[upd 10] u=0 upd_ctr=2 opt_step=32 E=0.108 g=0.098 VarTD=0.147889 ret_end=-26.949 dbar_end=0.741 occ_end=0.176 CSR_train=0.000 done_count=125
[upd 20] u=0 upd_ctr=2 opt_step=32 E=0.599 g=0.090 VarTD=0.159318 ret_end=-27.707 dbar_end=0.768 occ_end=0.168 CSR_train=0.000 done_count=125
[upd 30] u=0 upd_ctr=3 opt_step=48 E=0.388 g=0.103 VarTD=0.168273 ret_end=-27.098 dbar_end=0.723 occ_end=0.192 CSR_train=0.000 done_count=125
[upd 40] u=0 upd_ctr=4 opt_step=64 E=0.195 g=0.100 VarTD=0.150574 ret_end=-27.152 dbar_end=0.733 occ_end=0.160 CSR_train=0.000 done_count=125
[upd 50] u=0 upd_ctr=4 opt_step=64 E=0.716 g=0.100 VarTD=0.138805 ret_end=-26.767 dbar_end=0.733 occ_end=0.160 CSR_train=0.000 done_count=125
[upd 60] u=0 upd_ctr=5 opt_step=80 E=0.566 g=0.110 VarTD=0.143033 ret_end=-26.380 dbar_end=0.702 occ_end=0.224 CSR_train=0.000 done_count=125
[upd 70] u=0 upd_ctr=6 opt_step=96 E=0.439 g=0.107 VarTD=0.176259 ret_end=-27.721 dbar_end=0.713 occ_end=0.136 CSR_train=0.000 done_count=125
[upd 80] u=0 upd_ctr=7 opt_step=112 E=0.331 g=0.118 VarTD=0.159218 ret_end=-26.281 dbar_end=0.680 occ_end=0.248 CSR_train=0.000 done_count=125
[upd 90] u=0 upd_ctr=8 opt_step=128 E=0.219 g=0.121 VarTD=0.153180 ret_end=-25.461 dbar_end=0.673 occ_end=0.184 CSR_train=0.000 done_count=125
[upd 100] u=0 upd_ctr=9 opt_step=144 E=0.134 g=0.129 VarTD=0.159420 ret_end=-25.547 dbar_end=0.653 occ_end=0.216 CSR_train=0.000 done_count=125
[upd 110] u=1 upd_ctr=10 opt_step=160 E=0.077 g=0.118 VarTD=0.153707 ret_end=-26.319 dbar_end=0.682 occ_end=0.232 CSR_train=0.000 done_count=125
[upd 120] u=0 upd_ctr=10 opt_step=160 E=0.740 g=0.141 VarTD=0.183919 ret_end=-25.730 dbar_end=0.625 occ_end=0.168 CSR_train=0.000 done_count=125
[Gate5 check] update_counter violations: t0=0 diffs=0
[Gate5 check] opt_step violations: t0=0 diffs=0 (expected_inc=16)
[Gate5 check] NaN masking: nan_on_skip=True finite_on_update=True
[Gate5 summary] mean_update_fraction=0.0880 final_executed_updates_mean=11.00
[Gate5 eval] done_count mean=100.0 CSR mean=0.0000 len_end_mean=26.00
[Gate5 eval] episodes_per_env=4 T_eval=104
[Gate5 eval-debug] locked_eps_occ=0.20 pre(step25): dbar_end=0.505370 occupied_end_mean=0.320000 max_tilde_end_mean=0.705028 CSR@locked=0.000000
[Gate5 eval-debug] locked_eps_occ=0.20 post(step26): dbar_end=0.504804 occupied_end_mean=0.380000 max_tilde_end_mean=0.715032 CSR@locked=0.000000
[Gate5 eval-debug] CSR_pre@0.10=0.0000 CSR_pre@0.15=0.0000 CSR_pre@0.20=0.0000 CSR_pre@0.25=0.0000 CSR_pre@0.30=0.0200
[Gate5 eval-debug] CSR_post@0.10=0.0000 CSR_post@0.15=0.0000 CSR_post@0.20=0.0000 CSR_post@0.25=0.0000 CSR_post@0.30=0.0300
