Importing submoduled environments...
Submoduled environments not found. Skipping import.
[upd 0] u=1 upd_ctr=1 opt_step=16 E=0.071 g=0.079 VarTD=0.177244 ret_end=-28.332 dbar_end=0.807 occ_end=0.140 CSR_train=0.000 done_count=100
[upd 10] u=0 upd_ctr=1 opt_step=16 E=0.911 g=0.093 VarTD=0.147298 ret_end=-27.080 dbar_end=0.756 occ_end=0.144 CSR_train=0.000 done_count=125
[upd 20] u=0 upd_ctr=2 opt_step=32 E=0.719 g=0.090 VarTD=0.149901 ret_end=-27.728 dbar_end=0.768 occ_end=0.192 CSR_train=0.000 done_count=125
[upd 30] u=0 upd_ctr=3 opt_step=48 E=0.537 g=0.104 VarTD=0.169890 ret_end=-27.175 dbar_end=0.722 occ_end=0.232 CSR_train=0.000 done_count=125
[upd 40] u=0 upd_ctr=4 opt_step=64 E=0.378 g=0.100 VarTD=0.155678 ret_end=-27.159 dbar_end=0.733 occ_end=0.152 CSR_train=0.000 done_count=125
[upd 50] u=0 upd_ctr=5 opt_step=80 E=0.310 g=0.115 VarTD=0.131624 ret_end=-26.070 dbar_end=0.689 occ_end=0.176 CSR_train=0.000 done_count=125
[upd 60] u=0 upd_ctr=6 opt_step=96 E=0.214 g=0.118 VarTD=0.148802 ret_end=-26.176 dbar_end=0.680 occ_end=0.208 CSR_train=0.000 done_count=125
[upd 70] u=0 upd_ctr=7 opt_step=112 E=0.214 g=0.115 VarTD=0.168239 ret_end=-27.150 dbar_end=0.688 occ_end=0.184 CSR_train=0.000 done_count=125
[upd 80] u=0 upd_ctr=8 opt_step=128 E=0.220 g=0.124 VarTD=0.163788 ret_end=-26.106 dbar_end=0.665 occ_end=0.248 CSR_train=0.000 done_count=125
[upd 90] u=0 upd_ctr=9 opt_step=144 E=0.228 g=0.130 VarTD=0.157832 ret_end=-25.328 dbar_end=0.650 occ_end=0.264 CSR_train=0.000 done_count=125
[upd 100] u=0 upd_ctr=10 opt_step=160 E=0.374 g=0.134 VarTD=0.168309 ret_end=-25.489 dbar_end=0.641 occ_end=0.240 CSR_train=0.000 done_count=125
[upd 110] u=0 upd_ctr=11 opt_step=176 E=0.474 g=0.122 VarTD=0.174153 ret_end=-26.034 dbar_end=0.670 occ_end=0.200 CSR_train=0.000 done_count=125
[upd 120] u=0 upd_ctr=12 opt_step=192 E=0.619 g=0.139 VarTD=0.209523 ret_end=-25.823 dbar_end=0.627 occ_end=0.192 CSR_train=0.000 done_count=125
[Gate5 check] update_counter violations: t0=0 diffs=0
[Gate5 check] opt_step violations: t0=0 diffs=0 (expected_inc=16)
[Gate5 check] NaN masking: nan_on_skip=True finite_on_update=True
[Gate5 summary] mean_update_fraction=0.0960 final_executed_updates_mean=12.00
[Gate5 eval] done_count mean=100.0 CSR mean=0.0000 len_end_mean=26.00
[Gate5 eval] episodes_per_env=4 T_eval=104
[Gate5 eval-debug] locked_eps_occ=0.20 pre(step25): dbar_end=0.496846 occupied_end_mean=0.510000 max_tilde_end_mean=0.730516 CSR@locked=0.010000
[Gate5 eval-debug] locked_eps_occ=0.20 post(step26): dbar_end=0.488926 occupied_end_mean=0.470000 max_tilde_end_mean=0.722072 CSR@locked=0.000000
[Gate5 eval-debug] CSR_pre@0.10=0.0000 CSR_pre@0.15=0.0000 CSR_pre@0.20=0.0100 CSR_pre@0.25=0.0100 CSR_pre@0.30=0.0400
[Gate5 eval-debug] CSR_post@0.10=0.0000 CSR_post@0.15=0.0000 CSR_post@0.20=0.0000 CSR_post@0.25=0.0000 CSR_post@0.30=0.0200
