Importing submoduled environments...
Submoduled environments not found. Skipping import.
[upd 0] u=1 upd_ctr=1 opt_step=16 E=0.460 g=0.092 VarTD=0.136051 ret_end=-27.009 dbar_end=0.762 occ_end=0.140 CSR_train=0.000 done_count=100
[upd 10] u=0 upd_ctr=1 opt_step=16 E=0.460 g=0.088 VarTD=0.157825 ret_end=-27.556 dbar_end=0.774 occ_end=0.128 CSR_train=0.000 done_count=125
[upd 20] u=0 upd_ctr=1 opt_step=16 E=0.460 g=0.096 VarTD=0.140044 ret_end=-27.124 dbar_end=0.745 occ_end=0.128 CSR_train=0.000 done_count=125
[upd 30] u=0 upd_ctr=1 opt_step=16 E=0.460 g=0.099 VarTD=0.160678 ret_end=-27.549 dbar_end=0.736 occ_end=0.192 CSR_train=0.000 done_count=125
[upd 40] u=0 upd_ctr=1 opt_step=16 E=0.460 g=0.089 VarTD=0.150975 ret_end=-26.713 dbar_end=0.771 occ_end=0.136 CSR_train=0.000 done_count=125
[upd 50] u=0 upd_ctr=1 opt_step=16 E=0.460 g=0.093 VarTD=0.157922 ret_end=-26.664 dbar_end=0.757 occ_end=0.192 CSR_train=0.000 done_count=125
[upd 60] u=0 upd_ctr=1 opt_step=16 E=0.460 g=0.090 VarTD=0.133708 ret_end=-27.546 dbar_end=0.767 occ_end=0.120 CSR_train=0.000 done_count=125
[upd 70] u=0 upd_ctr=1 opt_step=16 E=0.460 g=0.093 VarTD=0.153631 ret_end=-26.544 dbar_end=0.755 occ_end=0.176 CSR_train=0.000 done_count=125
[upd 80] u=0 upd_ctr=1 opt_step=16 E=0.460 g=0.102 VarTD=0.121212 ret_end=-26.441 dbar_end=0.727 occ_end=0.176 CSR_train=0.000 done_count=125
[upd 90] u=0 upd_ctr=1 opt_step=16 E=0.460 g=0.100 VarTD=0.126075 ret_end=-27.117 dbar_end=0.733 occ_end=0.160 CSR_train=0.000 done_count=125
[upd 100] u=0 upd_ctr=1 opt_step=16 E=0.460 g=0.098 VarTD=0.142069 ret_end=-27.177 dbar_end=0.740 occ_end=0.176 CSR_train=0.000 done_count=125
[upd 110] u=0 upd_ctr=1 opt_step=16 E=0.460 g=0.097 VarTD=0.137657 ret_end=-26.555 dbar_end=0.743 occ_end=0.160 CSR_train=0.000 done_count=125
[upd 120] u=0 upd_ctr=1 opt_step=16 E=0.460 g=0.097 VarTD=0.163807 ret_end=-27.834 dbar_end=0.744 occ_end=0.192 CSR_train=0.000 done_count=125
[upd 130] u=0 upd_ctr=1 opt_step=16 E=0.460 g=0.081 VarTD=0.173967 ret_end=-27.970 dbar_end=0.801 occ_end=0.120 CSR_train=0.000 done_count=100
[upd 140] u=0 upd_ctr=1 opt_step=16 E=0.460 g=0.086 VarTD=0.162064 ret_end=-28.046 dbar_end=0.781 occ_end=0.168 CSR_train=0.000 done_count=125
[upd 150] u=0 upd_ctr=1 opt_step=16 E=0.460 g=0.087 VarTD=0.138465 ret_end=-27.559 dbar_end=0.778 occ_end=0.152 CSR_train=0.000 done_count=125
[upd 160] u=0 upd_ctr=1 opt_step=16 E=0.460 g=0.079 VarTD=0.139882 ret_end=-28.052 dbar_end=0.810 occ_end=0.088 CSR_train=0.000 done_count=125
[upd 170] u=0 upd_ctr=1 opt_step=16 E=0.460 g=0.092 VarTD=0.143966 ret_end=-27.015 dbar_end=0.760 occ_end=0.128 CSR_train=0.000 done_count=125
[upd 180] u=0 upd_ctr=1 opt_step=16 E=0.460 g=0.085 VarTD=0.146440 ret_end=-28.457 dbar_end=0.786 occ_end=0.128 CSR_train=0.000 done_count=125
[upd 190] u=0 upd_ctr=1 opt_step=16 E=0.460 g=0.104 VarTD=0.138496 ret_end=-26.774 dbar_end=0.720 occ_end=0.160 CSR_train=0.000 done_count=125
[upd 200] u=0 upd_ctr=1 opt_step=16 E=0.460 g=0.105 VarTD=0.144460 ret_end=-27.047 dbar_end=0.718 occ_end=0.152 CSR_train=0.000 done_count=125
[upd 210] u=0 upd_ctr=1 opt_step=16 E=0.460 g=0.089 VarTD=0.174864 ret_end=-28.447 dbar_end=0.769 occ_end=0.160 CSR_train=0.000 done_count=125
[upd 220] u=0 upd_ctr=1 opt_step=16 E=0.460 g=0.086 VarTD=0.179259 ret_end=-28.684 dbar_end=0.782 occ_end=0.168 CSR_train=0.000 done_count=125
[upd 230] u=0 upd_ctr=1 opt_step=16 E=0.460 g=0.090 VarTD=0.150813 ret_end=-27.994 dbar_end=0.767 occ_end=0.128 CSR_train=0.000 done_count=125
[upd 240] u=0 upd_ctr=1 opt_step=16 E=0.460 g=0.087 VarTD=0.175323 ret_end=-27.394 dbar_end=0.777 occ_end=0.144 CSR_train=0.000 done_count=125
[upd 250] u=0 upd_ctr=1 opt_step=16 E=0.460 g=0.090 VarTD=0.150171 ret_end=-26.992 dbar_end=0.766 occ_end=0.160 CSR_train=0.000 done_count=125
[upd 260] u=0 upd_ctr=1 opt_step=16 E=0.460 g=0.089 VarTD=0.187959 ret_end=-26.822 dbar_end=0.770 occ_end=0.180 CSR_train=0.000 done_count=100
[upd 270] u=0 upd_ctr=1 opt_step=16 E=0.460 g=0.106 VarTD=0.149821 ret_end=-27.303 dbar_end=0.715 occ_end=0.152 CSR_train=0.000 done_count=125
[upd 280] u=0 upd_ctr=1 opt_step=16 E=0.460 g=0.099 VarTD=0.153025 ret_end=-26.977 dbar_end=0.738 occ_end=0.152 CSR_train=0.000 done_count=125
[upd 290] u=0 upd_ctr=1 opt_step=16 E=0.460 g=0.098 VarTD=0.127872 ret_end=-26.153 dbar_end=0.741 occ_end=0.144 CSR_train=0.000 done_count=125
[upd 300] u=0 upd_ctr=1 opt_step=16 E=0.460 g=0.082 VarTD=0.159277 ret_end=-28.643 dbar_end=0.796 occ_end=0.144 CSR_train=0.000 done_count=125
[upd 310] u=0 upd_ctr=1 opt_step=16 E=0.460 g=0.098 VarTD=0.150982 ret_end=-26.991 dbar_end=0.741 occ_end=0.120 CSR_train=0.000 done_count=125
[Gate5 check] update_counter violations: t0=0 diffs=0
[Gate5 check] opt_step violations: t0=0 diffs=0 (expected_inc=16)
[Gate5 check] NaN masking: nan_on_skip=True finite_on_update=True
[Gate5 summary] mean_update_fraction=0.0032 final_executed_updates_mean=1.00
[Gate5 eval] done_count mean=100.0 CSR mean=0.0000 len_end_mean=26.00
[Gate5 eval] episodes_per_env=4 T_eval=104
[Gate5 eval-debug] locked_eps_occ=0.20 pre(step25): dbar_end=0.703281 occupied_end_mean=0.220000 max_tilde_end_mean=1.031937 CSR@locked=0.000000
[Gate5 eval-debug] locked_eps_occ=0.20 post(step26): dbar_end=0.702827 occupied_end_mean=0.200000 max_tilde_end_mean=1.026707 CSR@locked=0.000000
[Gate5 eval-debug] CSR_pre@0.10=0.0000 CSR_pre@0.15=0.0000 CSR_pre@0.20=0.0000 CSR_pre@0.25=0.0000 CSR_pre@0.30=0.0000
[Gate5 eval-debug] CSR_post@0.10=0.0000 CSR_post@0.15=0.0000 CSR_post@0.20=0.0000 CSR_post@0.25=0.0000 CSR_post@0.30=0.0000
