Importing submoduled environments...
Submoduled environments not found. Skipping import.
[upd 0] u=1 upd_ctr=1 opt_step=16 E=0.090 g=0.079 VarTD=0.177244 ret_end=-28.332 dbar_end=0.807 occ_end=0.140 CSR_train=0.000 done_count=100
[upd 10] u=0 upd_ctr=1 opt_step=16 E=0.556 g=0.093 VarTD=0.147298 ret_end=-27.080 dbar_end=0.756 occ_end=0.144 CSR_train=0.000 done_count=125
[upd 20] u=1 upd_ctr=2 opt_step=32 E=0.085 g=0.086 VarTD=0.160310 ret_end=-28.011 dbar_end=0.781 occ_end=0.160 CSR_train=0.000 done_count=125
[upd 30] u=0 upd_ctr=2 opt_step=32 E=0.579 g=0.105 VarTD=0.168873 ret_end=-27.112 dbar_end=0.719 occ_end=0.184 CSR_train=0.000 done_count=125
[upd 40] u=0 upd_ctr=3 opt_step=48 E=0.136 g=0.105 VarTD=0.147894 ret_end=-27.011 dbar_end=0.718 occ_end=0.152 CSR_train=0.000 done_count=125
[upd 50] u=0 upd_ctr=3 opt_step=48 E=0.673 g=0.107 VarTD=0.138673 ret_end=-26.370 dbar_end=0.710 occ_end=0.192 CSR_train=0.000 done_count=125
[upd 60] u=0 upd_ctr=4 opt_step=64 E=0.270 g=0.113 VarTD=0.149663 ret_end=-26.266 dbar_end=0.696 occ_end=0.200 CSR_train=0.000 done_count=125
[upd 70] u=0 upd_ctr=4 opt_step=64 E=0.832 g=0.108 VarTD=0.174077 ret_end=-27.633 dbar_end=0.710 occ_end=0.120 CSR_train=0.000 done_count=125
[upd 80] u=0 upd_ctr=5 opt_step=80 E=0.457 g=0.116 VarTD=0.158707 ret_end=-26.273 dbar_end=0.686 occ_end=0.200 CSR_train=0.000 done_count=125
[upd 90] u=1 upd_ctr=6 opt_step=96 E=0.083 g=0.112 VarTD=0.147997 ret_end=-25.689 dbar_end=0.696 occ_end=0.200 CSR_train=0.000 done_count=125
[upd 100] u=0 upd_ctr=6 opt_step=96 E=0.685 g=0.124 VarTD=0.158242 ret_end=-25.677 dbar_end=0.664 occ_end=0.208 CSR_train=0.000 done_count=125
[upd 110] u=0 upd_ctr=7 opt_step=112 E=0.352 g=0.117 VarTD=0.152499 ret_end=-26.478 dbar_end=0.683 occ_end=0.232 CSR_train=0.000 done_count=125
[upd 120] u=0 upd_ctr=7 opt_step=112 E=1.000 g=0.135 VarTD=0.163567 ret_end=-25.985 dbar_end=0.639 occ_end=0.200 CSR_train=0.000 done_count=125
[upd 130] u=0 upd_ctr=8 opt_step=128 E=0.662 g=0.123 VarTD=0.140777 ret_end=-26.375 dbar_end=0.667 occ_end=0.220 CSR_train=0.000 done_count=100
[upd 140] u=0 upd_ctr=9 opt_step=144 E=0.371 g=0.133 VarTD=0.153802 ret_end=-25.723 dbar_end=0.642 occ_end=0.272 CSR_train=0.000 done_count=125
[upd 150] u=1 upd_ctr=10 opt_step=160 E=0.078 g=0.126 VarTD=0.167821 ret_end=-26.243 dbar_end=0.659 occ_end=0.216 CSR_train=0.000 done_count=125
[upd 160] u=0 upd_ctr=10 opt_step=160 E=0.753 g=0.129 VarTD=0.163770 ret_end=-24.718 dbar_end=0.652 occ_end=0.224 CSR_train=0.000 done_count=125
[upd 170] u=0 upd_ctr=11 opt_step=176 E=0.483 g=0.131 VarTD=0.148388 ret_end=-25.299 dbar_end=0.647 occ_end=0.240 CSR_train=0.000 done_count=125
[upd 180] u=0 upd_ctr=12 opt_step=192 E=0.213 g=0.144 VarTD=0.179368 ret_end=-24.087 dbar_end=0.616 occ_end=0.288 CSR_train=0.000 done_count=125
[upd 190] u=0 upd_ctr=12 opt_step=192 E=0.916 g=0.150 VarTD=0.168447 ret_end=-24.348 dbar_end=0.604 occ_end=0.216 CSR_train=0.008 done_count=125
[upd 200] u=0 upd_ctr=13 opt_step=208 E=0.687 g=0.153 VarTD=0.199597 ret_end=-24.035 dbar_end=0.598 occ_end=0.272 CSR_train=0.000 done_count=125
[upd 210] u=0 upd_ctr=14 opt_step=224 E=0.449 g=0.139 VarTD=0.231638 ret_end=-25.248 dbar_end=0.628 occ_end=0.216 CSR_train=0.000 done_count=125
[upd 220] u=0 upd_ctr=15 opt_step=240 E=0.243 g=0.143 VarTD=0.287903 ret_end=-25.038 dbar_end=0.619 occ_end=0.232 CSR_train=0.000 done_count=125
[upd 230] u=0 upd_ctr=15 opt_step=240 E=1.000 g=0.152 VarTD=0.287112 ret_end=-24.900 dbar_end=0.600 occ_end=0.256 CSR_train=0.000 done_count=125
[upd 240] u=0 upd_ctr=16 opt_step=256 E=0.820 g=0.146 VarTD=0.327081 ret_end=-25.066 dbar_end=0.612 occ_end=0.208 CSR_train=0.000 done_count=125
[upd 250] u=0 upd_ctr=17 opt_step=272 E=0.613 g=0.136 VarTD=0.371684 ret_end=-25.266 dbar_end=0.636 occ_end=0.208 CSR_train=0.000 done_count=125
[upd 260] u=0 upd_ctr=18 opt_step=288 E=0.434 g=0.151 VarTD=0.409405 ret_end=-24.992 dbar_end=0.601 occ_end=0.240 CSR_train=0.010 done_count=100
[upd 270] u=0 upd_ctr=19 opt_step=304 E=0.270 g=0.165 VarTD=0.507483 ret_end=-23.602 dbar_end=0.573 occ_end=0.232 CSR_train=0.000 done_count=125
[upd 280] u=1 upd_ctr=20 opt_step=320 E=0.136 g=0.171 VarTD=0.519636 ret_end=-23.414 dbar_end=0.562 occ_end=0.288 CSR_train=0.000 done_count=125
[upd 290] u=0 upd_ctr=20 opt_step=320 E=0.984 g=0.168 VarTD=0.641562 ret_end=-23.459 dbar_end=0.568 occ_end=0.280 CSR_train=0.000 done_count=125
[upd 300] u=0 upd_ctr=21 opt_step=336 E=0.851 g=0.167 VarTD=0.691023 ret_end=-24.130 dbar_end=0.571 occ_end=0.264 CSR_train=0.000 done_count=125
[upd 310] u=0 upd_ctr=22 opt_step=352 E=0.711 g=0.158 VarTD=0.810225 ret_end=-24.653 dbar_end=0.587 occ_end=0.280 CSR_train=0.000 done_count=125
[Gate5 check] update_counter violations: t0=0 diffs=0
[Gate5 check] opt_step violations: t0=0 diffs=0 (expected_inc=16)
[Gate5 check] NaN masking: nan_on_skip=True finite_on_update=True
[Gate5 summary] mean_update_fraction=0.0705 final_executed_updates_mean=22.00
[Gate5 eval] done_count mean=100.0 CSR mean=0.0100 len_end_mean=26.00
[Gate5 eval] episodes_per_env=4 T_eval=104
[Gate5 eval-debug] locked_eps_occ=0.20 pre(step25): dbar_end=0.489712 occupied_end_mean=0.380000 max_tilde_end_mean=0.688072 CSR@locked=0.020000
[Gate5 eval-debug] locked_eps_occ=0.20 post(step26): dbar_end=0.496189 occupied_end_mean=0.420000 max_tilde_end_mean=0.696917 CSR@locked=0.010000
[Gate5 eval-debug] CSR_pre@0.10=0.0000 CSR_pre@0.15=0.0000 CSR_pre@0.20=0.0200 CSR_pre@0.25=0.0200 CSR_pre@0.30=0.0400
[Gate5 eval-debug] CSR_post@0.10=0.0000 CSR_post@0.15=0.0000 CSR_post@0.20=0.0100 CSR_post@0.25=0.0300 CSR_post@0.30=0.0300
