Importing submoduled environments...
Submoduled environments not found. Skipping import.
[upd 0] u=1 upd_ctr=1 opt_step=16 E=0.648 g=0.097 VarTD=0.135831 ret_end=-26.760 dbar_end=0.743 occ_end=0.210 CSR_train=0.000 done_count=100
[upd 10] u=0 upd_ctr=3 opt_step=48 E=0.358 g=0.116 VarTD=0.154413 ret_end=-25.641 dbar_end=0.685 occ_end=0.208 CSR_train=0.000 done_count=125
[upd 20] u=1 upd_ctr=5 opt_step=80 E=0.077 g=0.099 VarTD=0.147962 ret_end=-26.925 dbar_end=0.736 occ_end=0.128 CSR_train=0.000 done_count=125
[upd 30] u=0 upd_ctr=6 opt_step=96 E=0.225 g=0.119 VarTD=0.181001 ret_end=-25.715 dbar_end=0.679 occ_end=0.192 CSR_train=0.000 done_count=125
[upd 40] u=0 upd_ctr=7 opt_step=112 E=0.420 g=0.130 VarTD=0.128163 ret_end=-25.088 dbar_end=0.650 occ_end=0.216 CSR_train=0.000 done_count=125
[upd 50] u=0 upd_ctr=9 opt_step=144 E=0.265 g=0.131 VarTD=0.147459 ret_end=-25.523 dbar_end=0.648 occ_end=0.248 CSR_train=0.000 done_count=125
[upd 60] u=1 upd_ctr=11 opt_step=176 E=0.113 g=0.124 VarTD=0.142150 ret_end=-26.353 dbar_end=0.664 occ_end=0.256 CSR_train=0.000 done_count=125
[upd 70] u=0 upd_ctr=12 opt_step=192 E=0.406 g=0.137 VarTD=0.164059 ret_end=-25.356 dbar_end=0.633 occ_end=0.240 CSR_train=0.000 done_count=125
[upd 80] u=0 upd_ctr=14 opt_step=224 E=0.307 g=0.146 VarTD=0.197937 ret_end=-24.581 dbar_end=0.612 occ_end=0.264 CSR_train=0.000 done_count=125
[upd 90] u=0 upd_ctr=16 opt_step=256 E=0.247 g=0.156 VarTD=0.270465 ret_end=-24.924 dbar_end=0.592 occ_end=0.280 CSR_train=0.000 done_count=125
[upd 100] u=0 upd_ctr=18 opt_step=288 E=0.192 g=0.160 VarTD=0.400912 ret_end=-24.717 dbar_end=0.584 occ_end=0.328 CSR_train=0.000 done_count=125
[upd 110] u=1 upd_ctr=20 opt_step=320 E=0.155 g=0.168 VarTD=0.461146 ret_end=-23.117 dbar_end=0.567 occ_end=0.304 CSR_train=0.000 done_count=125
[upd 120] u=0 upd_ctr=22 opt_step=352 E=0.162 g=0.164 VarTD=0.686456 ret_end=-23.559 dbar_end=0.576 occ_end=0.264 CSR_train=0.000 done_count=125
[Gate5 check] update_counter violations: t0=0 diffs=0
[Gate5 check] opt_step violations: t0=0 diffs=0 (expected_inc=16)
[Gate5 check] NaN masking: nan_on_skip=True finite_on_update=True
[Gate5 summary] mean_update_fraction=0.1840 final_executed_updates_mean=23.00
[Gate5 eval] done_count mean=100.0 CSR mean=0.0100 len_end_mean=26.00
[Gate5 eval] episodes_per_env=4 T_eval=104
[Gate5 eval-debug] locked_eps_occ=0.20 pre(step25): dbar_end=0.454833 occupied_end_mean=0.510000 max_tilde_end_mean=0.667426 CSR@locked=0.020000
[Gate5 eval-debug] locked_eps_occ=0.20 post(step26): dbar_end=0.460642 occupied_end_mean=0.480000 max_tilde_end_mean=0.671293 CSR@locked=0.010000
[Gate5 eval-debug] CSR_pre@0.10=0.0000 CSR_pre@0.15=0.0000 CSR_pre@0.20=0.0200 CSR_pre@0.25=0.0200 CSR_pre@0.30=0.0500
[Gate5 eval-debug] CSR_post@0.10=0.0000 CSR_post@0.15=0.0000 CSR_post@0.20=0.0100 CSR_post@0.25=0.0300 CSR_post@0.30=0.0600
