Importing submoduled environments...
Submoduled environments not found. Skipping import.
[upd 0] u=1 upd_ctr=1 opt_step=16 E=0.124 g=0.092 VarTD=0.127621 ret_end=-27.319 dbar_end=0.760 occ_end=0.140 CSR_train=0.000 done_count=100
[upd 10] u=0 upd_ctr=1 opt_step=16 E=0.881 g=0.102 VarTD=0.162085 ret_end=-27.682 dbar_end=0.727 occ_end=0.168 CSR_train=0.000 done_count=125
[upd 20] u=0 upd_ctr=2 opt_step=32 E=0.686 g=0.089 VarTD=0.127993 ret_end=-27.870 dbar_end=0.769 occ_end=0.176 CSR_train=0.000 done_count=125
[upd 30] u=0 upd_ctr=3 opt_step=48 E=0.539 g=0.098 VarTD=0.133484 ret_end=-26.798 dbar_end=0.741 occ_end=0.200 CSR_train=0.000 done_count=125
[upd 40] u=0 upd_ctr=4 opt_step=64 E=0.366 g=0.096 VarTD=0.136133 ret_end=-27.091 dbar_end=0.745 occ_end=0.112 CSR_train=0.000 done_count=125
[upd 50] u=0 upd_ctr=5 opt_step=80 E=0.273 g=0.113 VarTD=0.133216 ret_end=-25.984 dbar_end=0.694 occ_end=0.224 CSR_train=0.000 done_count=125
[upd 60] u=0 upd_ctr=6 opt_step=96 E=0.236 g=0.128 VarTD=0.130865 ret_end=-25.929 dbar_end=0.655 occ_end=0.240 CSR_train=0.000 done_count=125
[upd 70] u=0 upd_ctr=7 opt_step=112 E=0.240 g=0.122 VarTD=0.159584 ret_end=-26.006 dbar_end=0.671 occ_end=0.208 CSR_train=0.000 done_count=125
[upd 80] u=0 upd_ctr=8 opt_step=128 E=0.262 g=0.126 VarTD=0.155922 ret_end=-25.429 dbar_end=0.660 occ_end=0.160 CSR_train=0.000 done_count=125
[upd 90] u=0 upd_ctr=9 opt_step=144 E=0.353 g=0.131 VarTD=0.162127 ret_end=-26.597 dbar_end=0.648 occ_end=0.232 CSR_train=0.000 done_count=125
[upd 100] u=0 upd_ctr=10 opt_step=160 E=0.463 g=0.133 VarTD=0.145598 ret_end=-24.465 dbar_end=0.642 occ_end=0.184 CSR_train=0.000 done_count=125
[upd 110] u=0 upd_ctr=11 opt_step=176 E=0.550 g=0.120 VarTD=0.197910 ret_end=-26.546 dbar_end=0.674 occ_end=0.240 CSR_train=0.000 done_count=125
[upd 120] u=0 upd_ctr=12 opt_step=192 E=0.638 g=0.133 VarTD=0.190406 ret_end=-25.669 dbar_end=0.642 occ_end=0.208 CSR_train=0.000 done_count=125
[upd 130] u=0 upd_ctr=13 opt_step=208 E=0.761 g=0.144 VarTD=0.175084 ret_end=-24.178 dbar_end=0.617 occ_end=0.280 CSR_train=0.000 done_count=100
[upd 140] u=0 upd_ctr=14 opt_step=224 E=0.941 g=0.143 VarTD=0.264615 ret_end=-25.301 dbar_end=0.619 occ_end=0.264 CSR_train=0.000 done_count=125
[upd 150] u=1 upd_ctr=16 opt_step=256 E=0.142 g=0.134 VarTD=0.262295 ret_end=-25.146 dbar_end=0.641 occ_end=0.256 CSR_train=0.000 done_count=125
[upd 160] u=0 upd_ctr=17 opt_step=272 E=0.380 g=0.154 VarTD=0.387496 ret_end=-25.015 dbar_end=0.596 occ_end=0.288 CSR_train=0.000 done_count=125
[upd 170] u=0 upd_ctr=18 opt_step=288 E=0.682 g=0.163 VarTD=0.515573 ret_end=-24.048 dbar_end=0.578 occ_end=0.360 CSR_train=0.000 done_count=125
[upd 180] u=0 upd_ctr=19 opt_step=304 E=0.992 g=0.173 VarTD=0.570852 ret_end=-23.215 dbar_end=0.558 occ_end=0.272 CSR_train=0.000 done_count=125
[upd 190] u=0 upd_ctr=21 opt_step=336 E=0.304 g=0.157 VarTD=0.759394 ret_end=-24.490 dbar_end=0.589 occ_end=0.296 CSR_train=0.000 done_count=125
[upd 200] u=0 upd_ctr=22 opt_step=352 E=0.669 g=0.165 VarTD=0.850335 ret_end=-24.744 dbar_end=0.574 occ_end=0.296 CSR_train=0.000 done_count=125
[upd 210] u=0 upd_ctr=23 opt_step=368 E=0.962 g=0.143 VarTD=0.919231 ret_end=-25.352 dbar_end=0.619 occ_end=0.240 CSR_train=0.000 done_count=125
[upd 220] u=0 upd_ctr=25 opt_step=400 E=0.307 g=0.166 VarTD=1.188288 ret_end=-24.353 dbar_end=0.573 occ_end=0.272 CSR_train=0.008 done_count=125
[upd 230] u=0 upd_ctr=26 opt_step=416 E=0.562 g=0.154 VarTD=1.348767 ret_end=-24.968 dbar_end=0.595 occ_end=0.280 CSR_train=0.000 done_count=125
[upd 240] u=0 upd_ctr=27 opt_step=432 E=0.969 g=0.155 VarTD=1.491960 ret_end=-25.045 dbar_end=0.594 occ_end=0.240 CSR_train=0.000 done_count=125
[upd 250] u=0 upd_ctr=29 opt_step=464 E=0.429 g=0.179 VarTD=1.747846 ret_end=-23.755 dbar_end=0.549 occ_end=0.336 CSR_train=0.000 done_count=125
[upd 260] u=0 upd_ctr=30 opt_step=480 E=0.875 g=0.164 VarTD=1.526103 ret_end=-24.682 dbar_end=0.575 occ_end=0.260 CSR_train=0.000 done_count=100
[upd 270] u=0 upd_ctr=32 opt_step=512 E=0.323 g=0.174 VarTD=2.200302 ret_end=-23.887 dbar_end=0.558 occ_end=0.312 CSR_train=0.000 done_count=125
[upd 280] u=0 upd_ctr=33 opt_step=528 E=0.739 g=0.161 VarTD=2.419467 ret_end=-23.792 dbar_end=0.582 occ_end=0.264 CSR_train=0.000 done_count=125
[upd 290] u=1 upd_ctr=35 opt_step=560 E=0.200 g=0.188 VarTD=2.587717 ret_end=-22.878 dbar_end=0.533 occ_end=0.296 CSR_train=0.000 done_count=125
[upd 300] u=0 upd_ctr=36 opt_step=576 E=0.593 g=0.170 VarTD=2.909727 ret_end=-23.750 dbar_end=0.564 occ_end=0.200 CSR_train=0.000 done_count=125
[upd 310] u=0 upd_ctr=37 opt_step=592 E=1.000 g=0.171 VarTD=3.042149 ret_end=-23.153 dbar_end=0.563 occ_end=0.288 CSR_train=0.000 done_count=125
[Gate5 check] update_counter violations: t0=0 diffs=0
[Gate5 check] opt_step violations: t0=0 diffs=0 (expected_inc=16)
[Gate5 check] NaN masking: nan_on_skip=True finite_on_update=True
[Gate5 summary] mean_update_fraction=0.1218 final_executed_updates_mean=38.00
[Gate5 eval] done_count mean=100.0 CSR mean=0.0100 len_end_mean=26.00
[Gate5 eval] episodes_per_env=4 T_eval=104
[Gate5 eval-debug] locked_eps_occ=0.20 pre(step25): dbar_end=0.489711 occupied_end_mean=0.390000 max_tilde_end_mean=0.698192 CSR@locked=0.000000
[Gate5 eval-debug] locked_eps_occ=0.20 post(step26): dbar_end=0.498427 occupied_end_mean=0.420000 max_tilde_end_mean=0.708674 CSR@locked=0.010000
[Gate5 eval-debug] CSR_pre@0.10=0.0000 CSR_pre@0.15=0.0000 CSR_pre@0.20=0.0000 CSR_pre@0.25=0.0100 CSR_pre@0.30=0.0400
[Gate5 eval-debug] CSR_post@0.10=0.0000 CSR_post@0.15=0.0000 CSR_post@0.20=0.0100 CSR_post@0.25=0.0200 CSR_post@0.30=0.0500
