Importing submoduled environments...
Submoduled environments not found. Skipping import.
[upd 0] u=1 upd_ctr=1 opt_step=16 E=0.067 g=0.096 VarTD=0.158273 ret_end=-27.822 dbar_end=0.748 occ_end=0.150 CSR_train=0.000 done_count=100
[upd 10] u=0 upd_ctr=1 opt_step=16 E=0.737 g=0.097 VarTD=0.181267 ret_end=-27.128 dbar_end=0.741 occ_end=0.144 CSR_train=0.000 done_count=125
[upd 20] u=0 upd_ctr=2 opt_step=32 E=0.427 g=0.097 VarTD=0.169049 ret_end=-27.240 dbar_end=0.744 occ_end=0.160 CSR_train=0.008 done_count=125
[upd 30] u=0 upd_ctr=3 opt_step=48 E=0.123 g=0.091 VarTD=0.172375 ret_end=-28.194 dbar_end=0.764 occ_end=0.096 CSR_train=0.000 done_count=125
[upd 40] u=0 upd_ctr=3 opt_step=48 E=0.890 g=0.108 VarTD=0.142429 ret_end=-26.992 dbar_end=0.708 occ_end=0.176 CSR_train=0.000 done_count=125
[upd 50] u=0 upd_ctr=4 opt_step=64 E=0.610 g=0.124 VarTD=0.141758 ret_end=-25.304 dbar_end=0.666 occ_end=0.152 CSR_train=0.000 done_count=125
[upd 60] u=0 upd_ctr=5 opt_step=80 E=0.318 g=0.110 VarTD=0.148843 ret_end=-26.590 dbar_end=0.703 occ_end=0.136 CSR_train=0.000 done_count=125
[upd 70] u=1 upd_ctr=6 opt_step=96 E=0.078 g=0.112 VarTD=0.199919 ret_end=-27.432 dbar_end=0.697 occ_end=0.240 CSR_train=0.000 done_count=125
[upd 80] u=0 upd_ctr=6 opt_step=96 E=0.923 g=0.122 VarTD=0.171709 ret_end=-25.542 dbar_end=0.669 occ_end=0.248 CSR_train=0.000 done_count=125
[upd 90] u=0 upd_ctr=7 opt_step=112 E=0.796 g=0.131 VarTD=0.147505 ret_end=-25.410 dbar_end=0.648 occ_end=0.192 CSR_train=0.000 done_count=125
[upd 100] u=0 upd_ctr=8 opt_step=128 E=0.626 g=0.132 VarTD=0.150211 ret_end=-25.534 dbar_end=0.644 occ_end=0.208 CSR_train=0.000 done_count=125
[upd 110] u=0 upd_ctr=9 opt_step=144 E=0.452 g=0.124 VarTD=0.156491 ret_end=-25.418 dbar_end=0.665 occ_end=0.176 CSR_train=0.000 done_count=125
[upd 120] u=0 upd_ctr=10 opt_step=160 E=0.261 g=0.117 VarTD=0.177442 ret_end=-26.456 dbar_end=0.683 occ_end=0.120 CSR_train=0.000 done_count=125
[upd 130] u=0 upd_ctr=11 opt_step=176 E=0.179 g=0.130 VarTD=0.146913 ret_end=-24.750 dbar_end=0.651 occ_end=0.270 CSR_train=0.000 done_count=100
[upd 140] u=1 upd_ctr=12 opt_step=192 E=0.098 g=0.140 VarTD=0.176196 ret_end=-25.435 dbar_end=0.627 occ_end=0.208 CSR_train=0.000 done_count=125
[upd 150] u=0 upd_ctr=12 opt_step=192 E=1.000 g=0.142 VarTD=0.180461 ret_end=-23.849 dbar_end=0.622 occ_end=0.216 CSR_train=0.000 done_count=125
[upd 160] u=0 upd_ctr=13 opt_step=208 E=0.962 g=0.129 VarTD=0.211900 ret_end=-25.395 dbar_end=0.652 occ_end=0.224 CSR_train=0.000 done_count=125
[upd 170] u=0 upd_ctr=14 opt_step=224 E=0.899 g=0.155 VarTD=0.230260 ret_end=-24.478 dbar_end=0.594 occ_end=0.280 CSR_train=0.000 done_count=125
[upd 180] u=0 upd_ctr=15 opt_step=240 E=0.881 g=0.139 VarTD=0.270465 ret_end=-25.916 dbar_end=0.627 occ_end=0.296 CSR_train=0.000 done_count=125
[upd 190] u=0 upd_ctr=16 opt_step=256 E=0.812 g=0.150 VarTD=0.296664 ret_end=-24.232 dbar_end=0.604 occ_end=0.240 CSR_train=0.000 done_count=125
[upd 200] u=0 upd_ctr=17 opt_step=272 E=0.828 g=0.151 VarTD=0.344163 ret_end=-24.229 dbar_end=0.603 occ_end=0.248 CSR_train=0.000 done_count=125
[upd 210] u=0 upd_ctr=18 opt_step=288 E=0.844 g=0.139 VarTD=0.438002 ret_end=-25.494 dbar_end=0.628 occ_end=0.216 CSR_train=0.000 done_count=125
[upd 220] u=0 upd_ctr=19 opt_step=304 E=0.861 g=0.146 VarTD=0.462325 ret_end=-24.461 dbar_end=0.613 occ_end=0.232 CSR_train=0.000 done_count=125
[upd 230] u=0 upd_ctr=20 opt_step=320 E=0.837 g=0.131 VarTD=0.537583 ret_end=-25.445 dbar_end=0.647 occ_end=0.192 CSR_train=0.000 done_count=125
[upd 240] u=0 upd_ctr=21 opt_step=336 E=0.890 g=0.167 VarTD=0.628821 ret_end=-24.283 dbar_end=0.571 occ_end=0.344 CSR_train=0.008 done_count=125
[upd 250] u=0 upd_ctr=22 opt_step=352 E=0.872 g=0.166 VarTD=0.724267 ret_end=-23.878 dbar_end=0.571 occ_end=0.240 CSR_train=0.000 done_count=125
[upd 260] u=0 upd_ctr=23 opt_step=368 E=0.900 g=0.155 VarTD=0.663531 ret_end=-24.037 dbar_end=0.593 occ_end=0.230 CSR_train=0.000 done_count=100
[upd 270] u=0 upd_ctr=24 opt_step=384 E=1.000 g=0.174 VarTD=0.964521 ret_end=-23.664 dbar_end=0.557 occ_end=0.336 CSR_train=0.000 done_count=125
[upd 280] u=1 upd_ctr=26 opt_step=416 E=0.110 g=0.157 VarTD=1.017251 ret_end=-24.484 dbar_end=0.589 occ_end=0.280 CSR_train=0.000 done_count=125
[upd 290] u=1 upd_ctr=27 opt_step=432 E=0.113 g=0.161 VarTD=1.157371 ret_end=-23.749 dbar_end=0.582 occ_end=0.224 CSR_train=0.000 done_count=125
[upd 300] u=0 upd_ctr=28 opt_step=448 E=0.218 g=0.155 VarTD=1.427011 ret_end=-24.610 dbar_end=0.593 occ_end=0.296 CSR_train=0.000 done_count=125
[upd 310] u=0 upd_ctr=29 opt_step=464 E=0.227 g=0.159 VarTD=1.562750 ret_end=-24.367 dbar_end=0.585 occ_end=0.208 CSR_train=0.000 done_count=125
[Gate5 check] update_counter violations: t0=0 diffs=0
[Gate5 check] opt_step violations: t0=0 diffs=0 (expected_inc=16)
[Gate5 check] NaN masking: nan_on_skip=True finite_on_update=True
[Gate5 summary] mean_update_fraction=0.0929 final_executed_updates_mean=29.00
[Gate5 eval] done_count mean=100.0 CSR mean=0.0100 len_end_mean=26.00
[Gate5 eval] episodes_per_env=4 T_eval=104
[Gate5 eval-debug] locked_eps_occ=0.20 pre(step25): dbar_end=0.467696 occupied_end_mean=0.500000 max_tilde_end_mean=0.674297 CSR@locked=0.010000
[Gate5 eval-debug] locked_eps_occ=0.20 post(step26): dbar_end=0.465905 occupied_end_mean=0.490000 max_tilde_end_mean=0.672039 CSR@locked=0.010000
[Gate5 eval-debug] CSR_pre@0.10=0.0000 CSR_pre@0.15=0.0100 CSR_pre@0.20=0.0100 CSR_pre@0.25=0.0500 CSR_pre@0.30=0.0700
[Gate5 eval-debug] CSR_post@0.10=0.0000 CSR_post@0.15=0.0100 CSR_post@0.20=0.0100 CSR_post@0.25=0.0500 CSR_post@0.30=0.0600
