Importing submoduled environments...
Submoduled environments not found. Skipping import.
[upd 0] u=1 upd_ctr=1 opt_step=16 E=0.058 g=0.096 VarTD=0.164885 ret_end=-27.291 dbar_end=0.746 occ_end=0.170 CSR_train=0.000 done_count=100
[upd 10] u=0 upd_ctr=1 opt_step=16 E=0.659 g=0.091 VarTD=0.137991 ret_end=-27.480 dbar_end=0.764 occ_end=0.136 CSR_train=0.000 done_count=125
[upd 20] u=0 upd_ctr=2 opt_step=32 E=0.255 g=0.114 VarTD=0.126835 ret_end=-26.438 dbar_end=0.693 occ_end=0.168 CSR_train=0.000 done_count=125
[upd 30] u=0 upd_ctr=2 opt_step=32 E=0.871 g=0.113 VarTD=0.139436 ret_end=-25.891 dbar_end=0.696 occ_end=0.184 CSR_train=0.000 done_count=125
[upd 40] u=0 upd_ctr=3 opt_step=48 E=0.434 g=0.101 VarTD=0.141450 ret_end=-26.633 dbar_end=0.731 occ_end=0.224 CSR_train=0.000 done_count=125
[upd 50] u=1 upd_ctr=4 opt_step=64 E=0.060 g=0.099 VarTD=0.143176 ret_end=-26.562 dbar_end=0.736 occ_end=0.168 CSR_train=0.000 done_count=125
[upd 60] u=0 upd_ctr=4 opt_step=64 E=0.697 g=0.092 VarTD=0.168309 ret_end=-28.007 dbar_end=0.761 occ_end=0.192 CSR_train=0.000 done_count=125
[upd 70] u=0 upd_ctr=5 opt_step=80 E=0.334 g=0.110 VarTD=0.147494 ret_end=-26.568 dbar_end=0.703 occ_end=0.192 CSR_train=0.000 done_count=125
[upd 80] u=0 upd_ctr=5 opt_step=80 E=0.999 g=0.110 VarTD=0.150079 ret_end=-25.997 dbar_end=0.703 occ_end=0.144 CSR_train=0.000 done_count=125
[upd 90] u=0 upd_ctr=6 opt_step=96 E=0.632 g=0.114 VarTD=0.130094 ret_end=-26.141 dbar_end=0.692 occ_end=0.224 CSR_train=0.000 done_count=125
[upd 100] u=0 upd_ctr=7 opt_step=112 E=0.362 g=0.117 VarTD=0.106646 ret_end=-26.467 dbar_end=0.684 occ_end=0.192 CSR_train=0.000 done_count=125
[upd 110] u=1 upd_ctr=8 opt_step=128 E=0.075 g=0.124 VarTD=0.132451 ret_end=-25.104 dbar_end=0.664 occ_end=0.216 CSR_train=0.000 done_count=125
[upd 120] u=0 upd_ctr=8 opt_step=128 E=0.811 g=0.123 VarTD=0.141812 ret_end=-25.611 dbar_end=0.668 occ_end=0.176 CSR_train=0.000 done_count=125
[upd 130] u=0 upd_ctr=9 opt_step=144 E=0.531 g=0.121 VarTD=0.112282 ret_end=-25.044 dbar_end=0.673 occ_end=0.140 CSR_train=0.000 done_count=100
[upd 140] u=0 upd_ctr=10 opt_step=160 E=0.237 g=0.124 VarTD=0.158911 ret_end=-26.022 dbar_end=0.666 occ_end=0.192 CSR_train=0.000 done_count=125
[upd 150] u=0 upd_ctr=10 opt_step=160 E=1.000 g=0.135 VarTD=0.160904 ret_end=-25.727 dbar_end=0.638 occ_end=0.256 CSR_train=0.000 done_count=125
[upd 160] u=0 upd_ctr=11 opt_step=176 E=0.822 g=0.146 VarTD=0.162693 ret_end=-24.920 dbar_end=0.613 occ_end=0.176 CSR_train=0.000 done_count=125
[upd 170] u=0 upd_ctr=12 opt_step=192 E=0.582 g=0.131 VarTD=0.173242 ret_end=-25.010 dbar_end=0.647 occ_end=0.304 CSR_train=0.000 done_count=125
[upd 180] u=0 upd_ctr=13 opt_step=208 E=0.426 g=0.134 VarTD=0.191265 ret_end=-25.163 dbar_end=0.640 occ_end=0.232 CSR_train=0.000 done_count=125
[upd 190] u=0 upd_ctr=14 opt_step=224 E=0.260 g=0.156 VarTD=0.233684 ret_end=-24.475 dbar_end=0.591 occ_end=0.232 CSR_train=0.000 done_count=125
[upd 200] u=1 upd_ctr=15 opt_step=240 E=0.086 g=0.144 VarTD=0.242315 ret_end=-25.552 dbar_end=0.617 occ_end=0.216 CSR_train=0.000 done_count=125
[upd 210] u=0 upd_ctr=15 opt_step=240 E=0.926 g=0.140 VarTD=0.288495 ret_end=-25.666 dbar_end=0.627 occ_end=0.320 CSR_train=0.000 done_count=125
[upd 220] u=0 upd_ctr=16 opt_step=256 E=0.795 g=0.149 VarTD=0.304139 ret_end=-24.702 dbar_end=0.607 occ_end=0.264 CSR_train=0.000 done_count=125
[upd 230] u=0 upd_ctr=17 opt_step=272 E=0.650 g=0.152 VarTD=0.351409 ret_end=-24.665 dbar_end=0.601 occ_end=0.184 CSR_train=0.000 done_count=125
[upd 240] u=0 upd_ctr=18 opt_step=288 E=0.549 g=0.155 VarTD=0.435571 ret_end=-24.446 dbar_end=0.595 occ_end=0.264 CSR_train=0.000 done_count=125
[upd 250] u=0 upd_ctr=19 opt_step=304 E=0.444 g=0.149 VarTD=0.493922 ret_end=-24.461 dbar_end=0.606 occ_end=0.256 CSR_train=0.000 done_count=125
[upd 260] u=0 upd_ctr=20 opt_step=320 E=0.392 g=0.172 VarTD=0.487681 ret_end=-23.282 dbar_end=0.560 occ_end=0.350 CSR_train=0.000 done_count=100
[upd 270] u=0 upd_ctr=21 opt_step=336 E=0.281 g=0.154 VarTD=0.695536 ret_end=-25.096 dbar_end=0.597 occ_end=0.296 CSR_train=0.000 done_count=125
[upd 280] u=0 upd_ctr=22 opt_step=352 E=0.199 g=0.160 VarTD=0.806368 ret_end=-24.485 dbar_end=0.584 occ_end=0.264 CSR_train=0.000 done_count=125
[upd 290] u=0 upd_ctr=23 opt_step=368 E=0.201 g=0.183 VarTD=0.911287 ret_end=-23.291 dbar_end=0.541 occ_end=0.320 CSR_train=0.008 done_count=125
[upd 300] u=0 upd_ctr=24 opt_step=384 E=0.211 g=0.187 VarTD=1.040647 ret_end=-23.085 dbar_end=0.533 occ_end=0.288 CSR_train=0.000 done_count=125
[upd 310] u=0 upd_ctr=25 opt_step=400 E=0.207 g=0.185 VarTD=1.143838 ret_end=-23.723 dbar_end=0.538 occ_end=0.288 CSR_train=0.000 done_count=125
[Gate5 check] update_counter violations: t0=0 diffs=0
[Gate5 check] opt_step violations: t0=0 diffs=0 (expected_inc=16)
[Gate5 check] NaN masking: nan_on_skip=True finite_on_update=True
[Gate5 summary] mean_update_fraction=0.0801 final_executed_updates_mean=25.00
[Gate5 eval] done_count mean=100.0 CSR mean=0.0100 len_end_mean=26.00
[Gate5 eval] episodes_per_env=4 T_eval=104
[Gate5 eval-debug] locked_eps_occ=0.20 pre(step25): dbar_end=0.516018 occupied_end_mean=0.400000 max_tilde_end_mean=0.754616 CSR@locked=0.000000
[Gate5 eval-debug] locked_eps_occ=0.20 post(step26): dbar_end=0.520290 occupied_end_mean=0.380000 max_tilde_end_mean=0.746782 CSR@locked=0.010000
[Gate5 eval-debug] CSR_pre@0.10=0.0000 CSR_pre@0.15=0.0000 CSR_pre@0.20=0.0000 CSR_pre@0.25=0.0100 CSR_pre@0.30=0.0300
[Gate5 eval-debug] CSR_post@0.10=0.0000 CSR_post@0.15=0.0000 CSR_post@0.20=0.0100 CSR_post@0.25=0.0200 CSR_post@0.30=0.0300
