Importing submoduled environments...
Submoduled environments not found. Skipping import.
[upd 0] u=1 upd_ctr=1 opt_step=16 E=1.000 g=0.093 VarTD=0.145852 ret_end=-27.154 dbar_end=0.757 occ_end=0.170 CSR_train=0.000 done_count=100
[upd 10] u=1 upd_ctr=11 opt_step=176 E=1.000 g=0.118 VarTD=0.163417 ret_end=-26.065 dbar_end=0.680 occ_end=0.184 CSR_train=0.000 done_count=125
[upd 20] u=1 upd_ctr=21 opt_step=336 E=1.000 g=0.155 VarTD=0.650047 ret_end=-24.161 dbar_end=0.594 occ_end=0.312 CSR_train=0.000 done_count=125
[upd 30] u=1 upd_ctr=31 opt_step=496 E=1.000 g=0.158 VarTD=1.972916 ret_end=-24.035 dbar_end=0.588 occ_end=0.312 CSR_train=0.000 done_count=125
[upd 40] u=1 upd_ctr=41 opt_step=656 E=1.000 g=0.181 VarTD=3.776419 ret_end=-23.017 dbar_end=0.544 occ_end=0.328 CSR_train=0.000 done_count=125
[upd 50] u=1 upd_ctr=51 opt_step=816 E=1.000 g=0.175 VarTD=5.037532 ret_end=-23.513 dbar_end=0.556 occ_end=0.280 CSR_train=0.000 done_count=125
[upd 60] u=1 upd_ctr=61 opt_step=976 E=1.000 g=0.171 VarTD=5.885520 ret_end=-22.995 dbar_end=0.563 occ_end=0.352 CSR_train=0.008 done_count=125
[upd 70] u=1 upd_ctr=71 opt_step=1136 E=1.000 g=0.173 VarTD=5.988986 ret_end=-23.751 dbar_end=0.559 occ_end=0.392 CSR_train=0.000 done_count=125
[upd 80] u=1 upd_ctr=81 opt_step=1296 E=1.000 g=0.152 VarTD=6.058160 ret_end=-23.876 dbar_end=0.599 occ_end=0.264 CSR_train=0.000 done_count=125
[upd 90] u=1 upd_ctr=91 opt_step=1456 E=1.000 g=0.177 VarTD=5.662281 ret_end=-23.024 dbar_end=0.552 occ_end=0.336 CSR_train=0.008 done_count=125
[upd 100] u=1 upd_ctr=101 opt_step=1616 E=1.000 g=0.172 VarTD=5.560846 ret_end=-22.728 dbar_end=0.561 occ_end=0.312 CSR_train=0.000 done_count=125
[upd 110] u=1 upd_ctr=111 opt_step=1776 E=1.000 g=0.177 VarTD=5.749644 ret_end=-22.808 dbar_end=0.551 occ_end=0.328 CSR_train=0.008 done_count=125
[upd 120] u=1 upd_ctr=121 opt_step=1936 E=1.000 g=0.184 VarTD=5.901117 ret_end=-22.080 dbar_end=0.540 occ_end=0.280 CSR_train=0.008 done_count=125
[upd 130] u=1 upd_ctr=131 opt_step=2096 E=1.000 g=0.213 VarTD=4.279539 ret_end=-21.222 dbar_end=0.492 occ_end=0.390 CSR_train=0.010 done_count=100
[upd 140] u=1 upd_ctr=141 opt_step=2256 E=1.000 g=0.163 VarTD=5.054227 ret_end=-23.141 dbar_end=0.578 occ_end=0.256 CSR_train=0.000 done_count=125
[upd 150] u=1 upd_ctr=151 opt_step=2416 E=1.000 g=0.191 VarTD=5.572798 ret_end=-22.285 dbar_end=0.527 occ_end=0.360 CSR_train=0.000 done_count=125
[upd 160] u=1 upd_ctr=161 opt_step=2576 E=1.000 g=0.195 VarTD=5.596509 ret_end=-21.902 dbar_end=0.520 occ_end=0.352 CSR_train=0.000 done_count=125
[upd 170] u=1 upd_ctr=171 opt_step=2736 E=1.000 g=0.196 VarTD=5.191048 ret_end=-21.503 dbar_end=0.519 occ_end=0.296 CSR_train=0.008 done_count=125
[upd 180] u=1 upd_ctr=181 opt_step=2896 E=1.000 g=0.176 VarTD=4.526957 ret_end=-22.461 dbar_end=0.553 occ_end=0.264 CSR_train=0.000 done_count=125
[upd 190] u=1 upd_ctr=191 opt_step=3056 E=1.000 g=0.183 VarTD=5.105430 ret_end=-22.196 dbar_end=0.540 occ_end=0.264 CSR_train=0.008 done_count=125
[upd 200] u=1 upd_ctr=201 opt_step=3216 E=1.000 g=0.199 VarTD=5.153505 ret_end=-22.324 dbar_end=0.514 occ_end=0.312 CSR_train=0.000 done_count=125
[upd 210] u=1 upd_ctr=211 opt_step=3376 E=1.000 g=0.177 VarTD=4.645107 ret_end=-22.742 dbar_end=0.551 occ_end=0.304 CSR_train=0.000 done_count=125
[upd 220] u=1 upd_ctr=221 opt_step=3536 E=1.000 g=0.189 VarTD=4.361097 ret_end=-22.733 dbar_end=0.530 occ_end=0.296 CSR_train=0.000 done_count=125
[upd 230] u=1 upd_ctr=231 opt_step=3696 E=1.000 g=0.184 VarTD=4.634733 ret_end=-22.302 dbar_end=0.539 occ_end=0.248 CSR_train=0.000 done_count=125
[upd 240] u=1 upd_ctr=241 opt_step=3856 E=1.000 g=0.193 VarTD=5.262788 ret_end=-22.848 dbar_end=0.524 occ_end=0.336 CSR_train=0.000 done_count=125
[upd 250] u=1 upd_ctr=251 opt_step=4016 E=1.000 g=0.193 VarTD=5.087860 ret_end=-22.294 dbar_end=0.524 occ_end=0.408 CSR_train=0.000 done_count=125
[upd 260] u=1 upd_ctr=261 opt_step=4176 E=1.000 g=0.205 VarTD=3.933465 ret_end=-21.773 dbar_end=0.504 occ_end=0.310 CSR_train=0.000 done_count=100
[upd 270] u=1 upd_ctr=271 opt_step=4336 E=1.000 g=0.194 VarTD=4.916096 ret_end=-22.345 dbar_end=0.522 occ_end=0.368 CSR_train=0.000 done_count=125
[upd 280] u=1 upd_ctr=281 opt_step=4496 E=1.000 g=0.199 VarTD=4.953085 ret_end=-21.680 dbar_end=0.514 occ_end=0.320 CSR_train=0.000 done_count=125
[upd 290] u=1 upd_ctr=291 opt_step=4656 E=1.000 g=0.195 VarTD=4.698880 ret_end=-21.743 dbar_end=0.521 occ_end=0.304 CSR_train=0.000 done_count=125
[upd 300] u=1 upd_ctr=301 opt_step=4816 E=1.000 g=0.199 VarTD=4.280210 ret_end=-21.369 dbar_end=0.514 occ_end=0.352 CSR_train=0.000 done_count=125
[upd 310] u=1 upd_ctr=311 opt_step=4976 E=1.000 g=0.183 VarTD=4.511244 ret_end=-22.158 dbar_end=0.540 occ_end=0.272 CSR_train=0.000 done_count=125
[Gate5 check] update_counter violations: t0=0 diffs=0
[Gate5 check] opt_step violations: t0=0 diffs=0 (expected_inc=16)
[Gate5 check] NaN masking: nan_on_skip=True finite_on_update=True
[Gate5 summary] mean_update_fraction=1.0000 final_executed_updates_mean=312.00
[Gate5 eval] done_count mean=100.0 CSR mean=0.0200 len_end_mean=26.00
[Gate5 eval] episodes_per_env=4 T_eval=104
[Gate5 eval-debug] locked_eps_occ=0.20 pre(step25): dbar_end=0.483158 occupied_end_mean=0.470000 max_tilde_end_mean=0.707778 CSR@locked=0.020000
[Gate5 eval-debug] locked_eps_occ=0.20 post(step26): dbar_end=0.480100 occupied_end_mean=0.500000 max_tilde_end_mean=0.706061 CSR@locked=0.020000
[Gate5 eval-debug] CSR_pre@0.10=0.0000 CSR_pre@0.15=0.0000 CSR_pre@0.20=0.0200 CSR_pre@0.25=0.0200 CSR_pre@0.30=0.0400
[Gate5 eval-debug] CSR_post@0.10=0.0000 CSR_post@0.15=0.0100 CSR_post@0.20=0.0200 CSR_post@0.25=0.0200 CSR_post@0.30=0.0400
