Importing submoduled environments...
Submoduled environments not found. Skipping import.
[upd 0] u=1 upd_ctr=1 opt_step=16 E=0.018 g=0.091 VarTD=0.177780 ret_end=-27.116 dbar_end=0.762 occ_end=0.220 CSR_train=0.000 done_count=100
[upd 10] u=0 upd_ctr=1 opt_step=16 E=0.200 g=0.084 VarTD=0.168711 ret_end=-27.749 dbar_end=0.791 occ_end=0.120 CSR_train=0.000 done_count=125
[upd 20] u=0 upd_ctr=1 opt_step=16 E=0.393 g=0.094 VarTD=0.155229 ret_end=-27.163 dbar_end=0.752 occ_end=0.168 CSR_train=0.000 done_count=125
[upd 30] u=0 upd_ctr=1 opt_step=16 E=0.589 g=0.090 VarTD=0.181625 ret_end=-27.853 dbar_end=0.767 occ_end=0.136 CSR_train=0.000 done_count=125
[upd 40] u=0 upd_ctr=1 opt_step=16 E=0.774 g=0.093 VarTD=0.156924 ret_end=-27.552 dbar_end=0.755 occ_end=0.160 CSR_train=0.000 done_count=125
[upd 50] u=0 upd_ctr=1 opt_step=16 E=0.966 g=0.107 VarTD=0.146840 ret_end=-25.810 dbar_end=0.712 occ_end=0.160 CSR_train=0.000 done_count=125
[upd 60] u=0 upd_ctr=2 opt_step=32 E=0.151 g=0.090 VarTD=0.178854 ret_end=-27.390 dbar_end=0.766 occ_end=0.104 CSR_train=0.000 done_count=125
[upd 70] u=0 upd_ctr=2 opt_step=32 E=0.350 g=0.095 VarTD=0.161120 ret_end=-27.241 dbar_end=0.750 occ_end=0.184 CSR_train=0.008 done_count=125
[upd 80] u=0 upd_ctr=2 opt_step=32 E=0.541 g=0.107 VarTD=0.146949 ret_end=-26.551 dbar_end=0.713 occ_end=0.128 CSR_train=0.000 done_count=125
[upd 90] u=0 upd_ctr=2 opt_step=32 E=0.738 g=0.104 VarTD=0.158237 ret_end=-26.944 dbar_end=0.720 occ_end=0.144 CSR_train=0.000 done_count=125
[upd 100] u=0 upd_ctr=2 opt_step=32 E=0.943 g=0.111 VarTD=0.149111 ret_end=-26.194 dbar_end=0.700 occ_end=0.184 CSR_train=0.000 done_count=125
[upd 110] u=0 upd_ctr=3 opt_step=48 E=0.142 g=0.102 VarTD=0.150102 ret_end=-26.363 dbar_end=0.727 occ_end=0.128 CSR_train=0.000 done_count=125
[upd 120] u=0 upd_ctr=3 opt_step=48 E=0.343 g=0.091 VarTD=0.174562 ret_end=-27.242 dbar_end=0.763 occ_end=0.128 CSR_train=0.000 done_count=125
[upd 130] u=0 upd_ctr=3 opt_step=48 E=0.541 g=0.109 VarTD=0.156471 ret_end=-25.522 dbar_end=0.706 occ_end=0.140 CSR_train=0.000 done_count=100
[upd 140] u=0 upd_ctr=3 opt_step=48 E=0.750 g=0.109 VarTD=0.190994 ret_end=-26.246 dbar_end=0.707 occ_end=0.208 CSR_train=0.000 done_count=125
[upd 150] u=0 upd_ctr=3 opt_step=48 E=0.961 g=0.106 VarTD=0.147907 ret_end=-25.984 dbar_end=0.714 occ_end=0.216 CSR_train=0.000 done_count=125
[upd 160] u=0 upd_ctr=4 opt_step=64 E=0.167 g=0.100 VarTD=0.147483 ret_end=-27.518 dbar_end=0.732 occ_end=0.160 CSR_train=0.000 done_count=125
[upd 170] u=0 upd_ctr=4 opt_step=64 E=0.377 g=0.096 VarTD=0.165274 ret_end=-26.925 dbar_end=0.745 occ_end=0.208 CSR_train=0.000 done_count=125
[upd 180] u=0 upd_ctr=4 opt_step=64 E=0.594 g=0.111 VarTD=0.134289 ret_end=-26.674 dbar_end=0.701 occ_end=0.176 CSR_train=0.008 done_count=125
[upd 190] u=0 upd_ctr=4 opt_step=64 E=0.804 g=0.094 VarTD=0.193721 ret_end=-28.596 dbar_end=0.754 occ_end=0.152 CSR_train=0.008 done_count=125
[upd 200] u=0 upd_ctr=4 opt_step=64 E=1.000 g=0.111 VarTD=0.148817 ret_end=-25.798 dbar_end=0.699 occ_end=0.184 CSR_train=0.000 done_count=125
[upd 210] u=0 upd_ctr=5 opt_step=80 E=0.221 g=0.109 VarTD=0.158747 ret_end=-26.020 dbar_end=0.706 occ_end=0.168 CSR_train=0.000 done_count=125
[upd 220] u=0 upd_ctr=5 opt_step=80 E=0.437 g=0.105 VarTD=0.131006 ret_end=-26.048 dbar_end=0.719 occ_end=0.112 CSR_train=0.000 done_count=125
[upd 230] u=0 upd_ctr=5 opt_step=80 E=0.663 g=0.102 VarTD=0.148689 ret_end=-27.117 dbar_end=0.726 occ_end=0.144 CSR_train=0.000 done_count=125
[upd 240] u=0 upd_ctr=5 opt_step=80 E=0.881 g=0.105 VarTD=0.146707 ret_end=-27.431 dbar_end=0.719 occ_end=0.168 CSR_train=0.000 done_count=125
[upd 250] u=0 upd_ctr=6 opt_step=96 E=0.094 g=0.112 VarTD=0.162824 ret_end=-26.956 dbar_end=0.699 occ_end=0.208 CSR_train=0.000 done_count=125
[upd 260] u=0 upd_ctr=6 opt_step=96 E=0.327 g=0.125 VarTD=0.125311 ret_end=-24.601 dbar_end=0.662 occ_end=0.220 CSR_train=0.000 done_count=100
[upd 270] u=0 upd_ctr=6 opt_step=96 E=0.548 g=0.110 VarTD=0.141393 ret_end=-26.616 dbar_end=0.702 occ_end=0.152 CSR_train=0.000 done_count=125
[upd 280] u=0 upd_ctr=6 opt_step=96 E=0.773 g=0.115 VarTD=0.176245 ret_end=-27.467 dbar_end=0.688 occ_end=0.208 CSR_train=0.000 done_count=125
[upd 290] u=0 upd_ctr=6 opt_step=96 E=1.000 g=0.131 VarTD=0.157383 ret_end=-24.876 dbar_end=0.647 occ_end=0.264 CSR_train=0.000 done_count=125
[upd 300] u=0 upd_ctr=7 opt_step=112 E=0.223 g=0.108 VarTD=0.169428 ret_end=-26.672 dbar_end=0.709 occ_end=0.152 CSR_train=0.000 done_count=125
[upd 310] u=0 upd_ctr=7 opt_step=112 E=0.449 g=0.109 VarTD=0.174510 ret_end=-27.581 dbar_end=0.705 occ_end=0.176 CSR_train=0.000 done_count=125
[Gate5 check] update_counter violations: t0=0 diffs=0
[Gate5 check] opt_step violations: t0=0 diffs=0 (expected_inc=16)
[Gate5 check] NaN masking: nan_on_skip=True finite_on_update=True
[Gate5 summary] mean_update_fraction=0.0224 final_executed_updates_mean=7.00
[Gate5 eval] done_count mean=100.0 CSR mean=0.0000 len_end_mean=26.00
[Gate5 eval] episodes_per_env=4 T_eval=104
[Gate5 eval-debug] locked_eps_occ=0.20 pre(step25): dbar_end=0.530387 occupied_end_mean=0.290000 max_tilde_end_mean=0.762230 CSR@locked=0.000000
[Gate5 eval-debug] locked_eps_occ=0.20 post(step26): dbar_end=0.532459 occupied_end_mean=0.240000 max_tilde_end_mean=0.760891 CSR@locked=0.000000
[Gate5 eval-debug] CSR_pre@0.10=0.0000 CSR_pre@0.15=0.0000 CSR_pre@0.20=0.0000 CSR_pre@0.25=0.0000 CSR_pre@0.30=0.0100
[Gate5 eval-debug] CSR_post@0.10=0.0000 CSR_post@0.15=0.0000 CSR_post@0.20=0.0000 CSR_post@0.25=0.0000 CSR_post@0.30=0.0100
