Importing submoduled environments...
Submoduled environments not found. Skipping import.
[upd 0] u=1 upd_ctr=1 opt_step=16 E=0.165 g=0.093 VarTD=0.145852 ret_end=-27.154 dbar_end=0.757 occ_end=0.170 CSR_train=0.000 done_count=100
[upd 10] u=0 upd_ctr=1 opt_step=16 E=0.813 g=0.084 VarTD=0.153180 ret_end=-27.639 dbar_end=0.787 occ_end=0.144 CSR_train=0.008 done_count=125
[upd 20] u=0 upd_ctr=2 opt_step=32 E=0.591 g=0.097 VarTD=0.154495 ret_end=-26.838 dbar_end=0.743 occ_end=0.200 CSR_train=0.000 done_count=125
[upd 30] u=0 upd_ctr=3 opt_step=48 E=0.349 g=0.093 VarTD=0.145553 ret_end=-27.017 dbar_end=0.756 occ_end=0.152 CSR_train=0.000 done_count=125
[upd 40] u=0 upd_ctr=4 opt_step=64 E=0.163 g=0.095 VarTD=0.151251 ret_end=-27.396 dbar_end=0.751 occ_end=0.120 CSR_train=0.000 done_count=125
[upd 50] u=0 upd_ctr=4 opt_step=64 E=0.882 g=0.106 VarTD=0.169063 ret_end=-26.848 dbar_end=0.716 occ_end=0.200 CSR_train=0.000 done_count=125
[upd 60] u=0 upd_ctr=5 opt_step=80 E=0.728 g=0.107 VarTD=0.151593 ret_end=-26.171 dbar_end=0.711 occ_end=0.208 CSR_train=0.000 done_count=125
[upd 70] u=0 upd_ctr=6 opt_step=96 E=0.608 g=0.113 VarTD=0.153110 ret_end=-26.702 dbar_end=0.694 occ_end=0.232 CSR_train=0.000 done_count=125
[upd 80] u=0 upd_ctr=7 opt_step=112 E=0.504 g=0.111 VarTD=0.147651 ret_end=-26.337 dbar_end=0.701 occ_end=0.184 CSR_train=0.000 done_count=125
[upd 90] u=0 upd_ctr=8 opt_step=128 E=0.389 g=0.113 VarTD=0.153169 ret_end=-26.468 dbar_end=0.693 occ_end=0.160 CSR_train=0.000 done_count=125
[upd 100] u=0 upd_ctr=9 opt_step=144 E=0.300 g=0.129 VarTD=0.149997 ret_end=-25.405 dbar_end=0.653 occ_end=0.176 CSR_train=0.000 done_count=125
[upd 110] u=0 upd_ctr=10 opt_step=160 E=0.199 g=0.118 VarTD=0.188716 ret_end=-25.677 dbar_end=0.682 occ_end=0.224 CSR_train=0.000 done_count=125
[upd 120] u=1 upd_ctr=11 opt_step=176 E=0.110 g=0.117 VarTD=0.159584 ret_end=-26.090 dbar_end=0.683 occ_end=0.200 CSR_train=0.000 done_count=125
[upd 130] u=1 upd_ctr=12 opt_step=192 E=0.112 g=0.136 VarTD=0.173020 ret_end=-24.571 dbar_end=0.635 occ_end=0.280 CSR_train=0.000 done_count=100
[upd 140] u=1 upd_ctr=13 opt_step=208 E=0.101 g=0.132 VarTD=0.191692 ret_end=-25.119 dbar_end=0.644 occ_end=0.248 CSR_train=0.000 done_count=125
[upd 150] u=1 upd_ctr=14 opt_step=224 E=0.128 g=0.144 VarTD=0.212688 ret_end=-24.730 dbar_end=0.617 occ_end=0.200 CSR_train=0.000 done_count=125
[upd 160] u=1 upd_ctr=15 opt_step=240 E=0.181 g=0.143 VarTD=0.260807 ret_end=-24.417 dbar_end=0.619 occ_end=0.288 CSR_train=0.008 done_count=125
[upd 170] u=0 upd_ctr=16 opt_step=256 E=0.285 g=0.153 VarTD=0.337723 ret_end=-24.366 dbar_end=0.599 occ_end=0.216 CSR_train=0.000 done_count=125
[upd 180] u=0 upd_ctr=17 opt_step=272 E=0.431 g=0.156 VarTD=0.412565 ret_end=-24.679 dbar_end=0.591 occ_end=0.232 CSR_train=0.000 done_count=125
[upd 190] u=0 upd_ctr=18 opt_step=288 E=0.584 g=0.159 VarTD=0.469405 ret_end=-24.212 dbar_end=0.586 occ_end=0.200 CSR_train=0.000 done_count=125
[upd 200] u=0 upd_ctr=19 opt_step=304 E=0.768 g=0.154 VarTD=0.530135 ret_end=-25.443 dbar_end=0.596 occ_end=0.176 CSR_train=0.000 done_count=125
[upd 210] u=0 upd_ctr=20 opt_step=320 E=0.948 g=0.157 VarTD=0.649424 ret_end=-24.738 dbar_end=0.590 occ_end=0.232 CSR_train=0.000 done_count=125
[upd 220] u=0 upd_ctr=22 opt_step=352 E=0.254 g=0.154 VarTD=0.824053 ret_end=-24.792 dbar_end=0.596 occ_end=0.272 CSR_train=0.000 done_count=125
[upd 230] u=0 upd_ctr=23 opt_step=368 E=0.420 g=0.158 VarTD=0.914256 ret_end=-24.283 dbar_end=0.587 occ_end=0.312 CSR_train=0.000 done_count=125
[upd 240] u=0 upd_ctr=24 opt_step=384 E=0.602 g=0.144 VarTD=1.052216 ret_end=-25.545 dbar_end=0.617 occ_end=0.248 CSR_train=0.000 done_count=125
[upd 250] u=0 upd_ctr=25 opt_step=400 E=0.827 g=0.164 VarTD=1.178702 ret_end=-24.809 dbar_end=0.575 occ_end=0.304 CSR_train=0.000 done_count=125
[upd 260] u=1 upd_ctr=27 opt_step=432 E=0.181 g=0.163 VarTD=1.125124 ret_end=-24.806 dbar_end=0.578 occ_end=0.240 CSR_train=0.000 done_count=100
[upd 270] u=0 upd_ctr=28 opt_step=448 E=0.439 g=0.168 VarTD=1.584724 ret_end=-24.734 dbar_end=0.568 occ_end=0.264 CSR_train=0.000 done_count=125
[upd 280] u=0 upd_ctr=29 opt_step=464 E=0.692 g=0.171 VarTD=1.713283 ret_end=-23.515 dbar_end=0.563 occ_end=0.336 CSR_train=0.000 done_count=125
[upd 290] u=0 upd_ctr=30 opt_step=480 E=0.959 g=0.165 VarTD=1.889150 ret_end=-24.048 dbar_end=0.573 occ_end=0.296 CSR_train=0.008 done_count=125
[upd 300] u=0 upd_ctr=32 opt_step=512 E=0.354 g=0.173 VarTD=2.180235 ret_end=-22.970 dbar_end=0.558 occ_end=0.296 CSR_train=0.000 done_count=125
[upd 310] u=0 upd_ctr=33 opt_step=528 E=0.609 g=0.170 VarTD=2.368809 ret_end=-23.711 dbar_end=0.565 occ_end=0.304 CSR_train=0.000 done_count=125
[Gate5 check] update_counter violations: t0=0 diffs=0
[Gate5 check] opt_step violations: t0=0 diffs=0 (expected_inc=16)
[Gate5 check] NaN masking: nan_on_skip=True finite_on_update=True
[Gate5 summary] mean_update_fraction=0.1058 final_executed_updates_mean=33.00
[Gate5 eval] done_count mean=100.0 CSR mean=0.0000 len_end_mean=26.00
[Gate5 eval] episodes_per_env=4 T_eval=104
[Gate5 eval-debug] locked_eps_occ=0.20 pre(step25): dbar_end=0.473089 occupied_end_mean=0.430000 max_tilde_end_mean=0.686263 CSR@locked=0.010000
[Gate5 eval-debug] locked_eps_occ=0.20 post(step26): dbar_end=0.468476 occupied_end_mean=0.420000 max_tilde_end_mean=0.685305 CSR@locked=0.000000
[Gate5 eval-debug] CSR_pre@0.10=0.0000 CSR_pre@0.15=0.0000 CSR_pre@0.20=0.0100 CSR_pre@0.25=0.0100 CSR_pre@0.30=0.0400
[Gate5 eval-debug] CSR_post@0.10=0.0000 CSR_post@0.15=0.0000 CSR_post@0.20=0.0000 CSR_post@0.25=0.0000 CSR_post@0.30=0.0100
