Importing submoduled environments...
Submoduled environments not found. Skipping import.
[upd 0] u=1 upd_ctr=1 opt_step=16 E=0.156 g=0.093 VarTD=0.145852 ret_end=-27.154 dbar_end=0.757 occ_end=0.170 CSR_train=0.000 done_count=100
[upd 10] u=0 upd_ctr=1 opt_step=16 E=0.711 g=0.084 VarTD=0.153180 ret_end=-27.639 dbar_end=0.787 occ_end=0.144 CSR_train=0.008 done_count=125
[upd 20] u=0 upd_ctr=2 opt_step=32 E=0.385 g=0.096 VarTD=0.161110 ret_end=-26.959 dbar_end=0.746 occ_end=0.232 CSR_train=0.000 done_count=125
[upd 30] u=0 upd_ctr=2 opt_step=32 E=0.934 g=0.090 VarTD=0.145283 ret_end=-27.180 dbar_end=0.768 occ_end=0.136 CSR_train=0.000 done_count=125
[upd 40] u=0 upd_ctr=3 opt_step=48 E=0.641 g=0.088 VarTD=0.156652 ret_end=-27.613 dbar_end=0.775 occ_end=0.096 CSR_train=0.000 done_count=125
[upd 50] u=0 upd_ctr=4 opt_step=64 E=0.347 g=0.108 VarTD=0.167745 ret_end=-26.827 dbar_end=0.710 occ_end=0.200 CSR_train=0.000 done_count=125
[upd 60] u=1 upd_ctr=5 opt_step=80 E=0.071 g=0.108 VarTD=0.152252 ret_end=-26.227 dbar_end=0.708 occ_end=0.224 CSR_train=0.000 done_count=125
[upd 70] u=0 upd_ctr=5 opt_step=80 E=0.706 g=0.101 VarTD=0.171834 ret_end=-27.452 dbar_end=0.731 occ_end=0.144 CSR_train=0.000 done_count=125
[upd 80] u=0 upd_ctr=6 opt_step=96 E=0.437 g=0.105 VarTD=0.145491 ret_end=-26.777 dbar_end=0.718 occ_end=0.232 CSR_train=0.000 done_count=125
[upd 90] u=0 upd_ctr=7 opt_step=112 E=0.145 g=0.101 VarTD=0.158746 ret_end=-26.949 dbar_end=0.730 occ_end=0.168 CSR_train=0.000 done_count=125
[upd 100] u=0 upd_ctr=7 opt_step=112 E=0.773 g=0.113 VarTD=0.146079 ret_end=-26.140 dbar_end=0.696 occ_end=0.152 CSR_train=0.000 done_count=125
[upd 110] u=0 upd_ctr=8 opt_step=128 E=0.491 g=0.104 VarTD=0.173120 ret_end=-26.105 dbar_end=0.721 occ_end=0.176 CSR_train=0.000 done_count=125
[upd 120] u=0 upd_ctr=9 opt_step=144 E=0.212 g=0.106 VarTD=0.161836 ret_end=-26.584 dbar_end=0.714 occ_end=0.144 CSR_train=0.000 done_count=125
[upd 130] u=0 upd_ctr=9 opt_step=144 E=0.890 g=0.123 VarTD=0.158764 ret_end=-25.318 dbar_end=0.667 occ_end=0.250 CSR_train=0.000 done_count=100
[upd 140] u=0 upd_ctr=10 opt_step=160 E=0.657 g=0.120 VarTD=0.168333 ret_end=-25.554 dbar_end=0.675 occ_end=0.256 CSR_train=0.000 done_count=125
[upd 150] u=0 upd_ctr=11 opt_step=176 E=0.455 g=0.126 VarTD=0.172757 ret_end=-25.434 dbar_end=0.660 occ_end=0.200 CSR_train=0.000 done_count=125
[upd 160] u=0 upd_ctr=12 opt_step=192 E=0.264 g=0.131 VarTD=0.203260 ret_end=-25.079 dbar_end=0.647 occ_end=0.240 CSR_train=0.000 done_count=125
[upd 170] u=1 upd_ctr=13 opt_step=208 E=0.106 g=0.130 VarTD=0.189450 ret_end=-25.067 dbar_end=0.651 occ_end=0.264 CSR_train=0.000 done_count=125
[upd 180] u=0 upd_ctr=13 opt_step=208 E=0.861 g=0.119 VarTD=0.208390 ret_end=-25.978 dbar_end=0.679 occ_end=0.112 CSR_train=0.000 done_count=125
[upd 190] u=0 upd_ctr=14 opt_step=224 E=0.718 g=0.129 VarTD=0.258330 ret_end=-25.267 dbar_end=0.652 occ_end=0.224 CSR_train=0.000 done_count=125
[upd 200] u=0 upd_ctr=15 opt_step=240 E=0.578 g=0.131 VarTD=0.275833 ret_end=-26.003 dbar_end=0.648 occ_end=0.208 CSR_train=0.000 done_count=125
[upd 210] u=0 upd_ctr=16 opt_step=256 E=0.510 g=0.132 VarTD=0.335551 ret_end=-25.606 dbar_end=0.645 occ_end=0.184 CSR_train=0.000 done_count=125
[upd 220] u=0 upd_ctr=17 opt_step=272 E=0.417 g=0.134 VarTD=0.395802 ret_end=-25.627 dbar_end=0.639 occ_end=0.240 CSR_train=0.000 done_count=125
[upd 230] u=0 upd_ctr=18 opt_step=288 E=0.350 g=0.142 VarTD=0.434474 ret_end=-25.218 dbar_end=0.622 occ_end=0.224 CSR_train=0.008 done_count=125
[upd 240] u=0 upd_ctr=19 opt_step=304 E=0.252 g=0.125 VarTD=0.519725 ret_end=-26.535 dbar_end=0.663 occ_end=0.224 CSR_train=0.016 done_count=125
[upd 250] u=0 upd_ctr=20 opt_step=320 E=0.194 g=0.149 VarTD=0.612608 ret_end=-25.381 dbar_end=0.607 occ_end=0.304 CSR_train=0.000 done_count=125
[upd 260] u=1 upd_ctr=21 opt_step=336 E=0.149 g=0.130 VarTD=0.555511 ret_end=-25.925 dbar_end=0.650 occ_end=0.160 CSR_train=0.000 done_count=100
[upd 270] u=1 upd_ctr=22 opt_step=352 E=0.124 g=0.143 VarTD=0.691583 ret_end=-25.629 dbar_end=0.619 occ_end=0.272 CSR_train=0.000 done_count=125
[upd 280] u=1 upd_ctr=23 opt_step=368 E=0.131 g=0.159 VarTD=0.817758 ret_end=-24.205 dbar_end=0.586 occ_end=0.200 CSR_train=0.000 done_count=125
[upd 290] u=1 upd_ctr=24 opt_step=384 E=0.139 g=0.155 VarTD=0.878494 ret_end=-24.366 dbar_end=0.593 occ_end=0.272 CSR_train=0.008 done_count=125
[upd 300] u=1 upd_ctr=25 opt_step=400 E=0.190 g=0.167 VarTD=1.010729 ret_end=-23.414 dbar_end=0.570 occ_end=0.280 CSR_train=0.000 done_count=125
[upd 310] u=0 upd_ctr=26 opt_step=416 E=0.195 g=0.157 VarTD=1.289985 ret_end=-24.121 dbar_end=0.589 occ_end=0.312 CSR_train=0.000 done_count=125
[Gate5 check] update_counter violations: t0=0 diffs=0
[Gate5 check] opt_step violations: t0=0 diffs=0 (expected_inc=16)
[Gate5 check] NaN masking: nan_on_skip=True finite_on_update=True
[Gate5 summary] mean_update_fraction=0.0833 final_executed_updates_mean=26.00
[Gate5 eval] done_count mean=100.0 CSR mean=0.0000 len_end_mean=26.00
[Gate5 eval] episodes_per_env=4 T_eval=104
[Gate5 eval-debug] locked_eps_occ=0.20 pre(step25): dbar_end=0.484833 occupied_end_mean=0.530000 max_tilde_end_mean=0.721971 CSR@locked=0.000000
[Gate5 eval-debug] locked_eps_occ=0.20 post(step26): dbar_end=0.491016 occupied_end_mean=0.500000 max_tilde_end_mean=0.729989 CSR@locked=0.000000
[Gate5 eval-debug] CSR_pre@0.10=0.0000 CSR_pre@0.15=0.0000 CSR_pre@0.20=0.0000 CSR_pre@0.25=0.0300 CSR_pre@0.30=0.0500
[Gate5 eval-debug] CSR_post@0.10=0.0000 CSR_post@0.15=0.0000 CSR_post@0.20=0.0000 CSR_post@0.25=0.0200 CSR_post@0.30=0.0200
