Importing submoduled environments...
Submoduled environments not found. Skipping import.
[upd 0] u=1 upd_ctr=1 opt_step=16 E=0.029 g=0.097 VarTD=0.135831 ret_end=-26.760 dbar_end=0.743 occ_end=0.210 CSR_train=0.000 done_count=100
[upd 10] u=0 upd_ctr=1 opt_step=16 E=0.313 g=0.103 VarTD=0.167736 ret_end=-26.060 dbar_end=0.724 occ_end=0.152 CSR_train=0.000 done_count=125
[upd 20] u=0 upd_ctr=1 opt_step=16 E=0.589 g=0.084 VarTD=0.172577 ret_end=-27.648 dbar_end=0.790 occ_end=0.136 CSR_train=0.000 done_count=125
[upd 30] u=0 upd_ctr=1 opt_step=16 E=0.859 g=0.092 VarTD=0.196471 ret_end=-27.026 dbar_end=0.761 occ_end=0.144 CSR_train=0.008 done_count=125
[upd 40] u=0 upd_ctr=2 opt_step=32 E=0.124 g=0.105 VarTD=0.146087 ret_end=-26.557 dbar_end=0.719 occ_end=0.144 CSR_train=0.000 done_count=125
[upd 50] u=0 upd_ctr=2 opt_step=32 E=0.422 g=0.090 VarTD=0.150909 ret_end=-27.308 dbar_end=0.767 occ_end=0.128 CSR_train=0.000 done_count=125
[upd 60] u=0 upd_ctr=2 opt_step=32 E=0.714 g=0.099 VarTD=0.138697 ret_end=-27.814 dbar_end=0.736 occ_end=0.208 CSR_train=0.000 done_count=125
[upd 70] u=0 upd_ctr=2 opt_step=32 E=1.000 g=0.094 VarTD=0.131219 ret_end=-27.403 dbar_end=0.753 occ_end=0.120 CSR_train=0.000 done_count=125
[upd 80] u=0 upd_ctr=3 opt_step=48 E=0.319 g=0.107 VarTD=0.122897 ret_end=-26.537 dbar_end=0.710 occ_end=0.216 CSR_train=0.000 done_count=125
[upd 90] u=0 upd_ctr=3 opt_step=48 E=0.625 g=0.093 VarTD=0.117647 ret_end=-27.660 dbar_end=0.755 occ_end=0.128 CSR_train=0.000 done_count=125
[upd 100] u=0 upd_ctr=3 opt_step=48 E=0.931 g=0.097 VarTD=0.137980 ret_end=-27.269 dbar_end=0.743 occ_end=0.112 CSR_train=0.000 done_count=125
[upd 110] u=0 upd_ctr=4 opt_step=64 E=0.232 g=0.120 VarTD=0.139546 ret_end=-25.110 dbar_end=0.676 occ_end=0.256 CSR_train=0.000 done_count=125
[upd 120] u=0 upd_ctr=4 opt_step=64 E=0.572 g=0.120 VarTD=0.129330 ret_end=-25.641 dbar_end=0.676 occ_end=0.216 CSR_train=0.000 done_count=125
[Gate5 check] update_counter violations: t0=0 diffs=0
[Gate5 check] opt_step violations: t0=0 diffs=0 (expected_inc=16)
[Gate5 check] NaN masking: nan_on_skip=True finite_on_update=True
[Gate5 summary] mean_update_fraction=0.0320 final_executed_updates_mean=4.00
[Gate5 eval] done_count mean=100.0 CSR mean=0.0000 len_end_mean=26.00
[Gate5 eval] episodes_per_env=4 T_eval=104
[Gate5 eval-debug] locked_eps_occ=0.20 pre(step25): dbar_end=0.475821 occupied_end_mean=0.390000 max_tilde_end_mean=0.686211 CSR@locked=0.000000
[Gate5 eval-debug] locked_eps_occ=0.20 post(step26): dbar_end=0.473477 occupied_end_mean=0.500000 max_tilde_end_mean=0.684700 CSR@locked=0.000000
[Gate5 eval-debug] CSR_pre@0.10=0.0000 CSR_pre@0.15=0.0000 CSR_pre@0.20=0.0000 CSR_pre@0.25=0.0300 CSR_pre@0.30=0.0300
[Gate5 eval-debug] CSR_post@0.10=0.0000 CSR_post@0.15=0.0000 CSR_post@0.20=0.0000 CSR_post@0.25=0.0300 CSR_post@0.30=0.0500
