Importing submoduled environments...
Submoduled environments not found. Skipping import.
[upd 0] u=1 upd_ctr=1 opt_step=16 E=0.343 g=0.087 VarTD=0.161819 ret_end=-28.699 dbar_end=0.778 occ_end=0.120 CSR_train=0.000 done_count=100
[upd 10] u=1 upd_ctr=2 opt_step=32 E=0.085 g=0.081 VarTD=0.173819 ret_end=-28.772 dbar_end=0.801 occ_end=0.160 CSR_train=0.000 done_count=125
[upd 20] u=0 upd_ctr=2 opt_step=32 E=0.565 g=0.089 VarTD=0.136855 ret_end=-26.914 dbar_end=0.770 occ_end=0.120 CSR_train=0.000 done_count=125
[upd 30] u=0 upd_ctr=3 opt_step=48 E=0.350 g=0.116 VarTD=0.133880 ret_end=-25.581 dbar_end=0.687 occ_end=0.192 CSR_train=0.000 done_count=125
[upd 40] u=0 upd_ctr=4 opt_step=64 E=0.170 g=0.103 VarTD=0.126055 ret_end=-26.355 dbar_end=0.724 occ_end=0.176 CSR_train=0.000 done_count=125
[upd 50] u=0 upd_ctr=4 opt_step=64 E=0.694 g=0.098 VarTD=0.170027 ret_end=-27.441 dbar_end=0.740 occ_end=0.168 CSR_train=0.000 done_count=125
[upd 60] u=0 upd_ctr=5 opt_step=80 E=0.519 g=0.101 VarTD=0.169396 ret_end=-27.250 dbar_end=0.730 occ_end=0.176 CSR_train=0.000 done_count=125
[upd 70] u=0 upd_ctr=6 opt_step=96 E=0.387 g=0.121 VarTD=0.133554 ret_end=-25.884 dbar_end=0.673 occ_end=0.208 CSR_train=0.000 done_count=125
[upd 80] u=0 upd_ctr=7 opt_step=112 E=0.258 g=0.100 VarTD=0.150287 ret_end=-27.831 dbar_end=0.733 occ_end=0.136 CSR_train=0.000 done_count=125
[upd 90] u=0 upd_ctr=8 opt_step=128 E=0.126 g=0.099 VarTD=0.213519 ret_end=-27.308 dbar_end=0.736 occ_end=0.144 CSR_train=0.000 done_count=125
[upd 100] u=0 upd_ctr=8 opt_step=128 E=0.709 g=0.106 VarTD=0.161337 ret_end=-26.605 dbar_end=0.715 occ_end=0.160 CSR_train=0.000 done_count=125
[upd 110] u=0 upd_ctr=9 opt_step=144 E=0.640 g=0.118 VarTD=0.178565 ret_end=-26.391 dbar_end=0.680 occ_end=0.224 CSR_train=0.000 done_count=125
[upd 120] u=0 upd_ctr=10 opt_step=160 E=0.564 g=0.125 VarTD=0.144264 ret_end=-25.103 dbar_end=0.663 occ_end=0.168 CSR_train=0.000 done_count=125
[Gate5 check] update_counter violations: t0=0 diffs=0
[Gate5 check] opt_step violations: t0=0 diffs=0 (expected_inc=16)
[Gate5 check] NaN masking: nan_on_skip=True finite_on_update=True
[Gate5 summary] mean_update_fraction=0.0880 final_executed_updates_mean=11.00
[Gate5 eval] done_count mean=100.0 CSR mean=0.0000 len_end_mean=26.00
[Gate5 eval] episodes_per_env=4 T_eval=104
[Gate5 eval-debug] locked_eps_occ=0.20 pre(step25): dbar_end=0.505376 occupied_end_mean=0.360000 max_tilde_end_mean=0.732120 CSR@locked=0.000000
[Gate5 eval-debug] locked_eps_occ=0.20 post(step26): dbar_end=0.499564 occupied_end_mean=0.400000 max_tilde_end_mean=0.728020 CSR@locked=0.000000
[Gate5 eval-debug] CSR_pre@0.10=0.0000 CSR_pre@0.15=0.0000 CSR_pre@0.20=0.0000 CSR_pre@0.25=0.0000 CSR_pre@0.30=0.0300
[Gate5 eval-debug] CSR_post@0.10=0.0000 CSR_post@0.15=0.0000 CSR_post@0.20=0.0000 CSR_post@0.25=0.0200 CSR_post@0.30=0.0300
