Importing submoduled environments...
Submoduled environments not found. Skipping import.
[upd 0] u=1 upd_ctr=1 opt_step=16 E=0.646 g=0.091 VarTD=0.177780 ret_end=-27.116 dbar_end=0.762 occ_end=0.220 CSR_train=0.000 done_count=100
[upd 10] u=0 upd_ctr=3 opt_step=48 E=0.328 g=0.090 VarTD=0.165419 ret_end=-27.441 dbar_end=0.766 occ_end=0.120 CSR_train=0.000 done_count=125
[upd 20] u=1 upd_ctr=5 opt_step=80 E=0.060 g=0.106 VarTD=0.139140 ret_end=-26.537 dbar_end=0.714 occ_end=0.152 CSR_train=0.000 done_count=125
[upd 30] u=0 upd_ctr=6 opt_step=96 E=0.232 g=0.105 VarTD=0.166116 ret_end=-26.856 dbar_end=0.717 occ_end=0.168 CSR_train=0.000 done_count=125
[upd 40] u=0 upd_ctr=7 opt_step=112 E=0.396 g=0.118 VarTD=0.146199 ret_end=-26.426 dbar_end=0.681 occ_end=0.248 CSR_train=0.000 done_count=125
[upd 50] u=0 upd_ctr=9 opt_step=144 E=0.192 g=0.124 VarTD=0.141168 ret_end=-25.011 dbar_end=0.664 occ_end=0.208 CSR_train=0.000 done_count=125
[upd 60] u=0 upd_ctr=10 opt_step=160 E=0.404 g=0.117 VarTD=0.165196 ret_end=-25.801 dbar_end=0.684 occ_end=0.128 CSR_train=0.000 done_count=125
[upd 70] u=0 upd_ctr=12 opt_step=192 E=0.240 g=0.112 VarTD=0.191145 ret_end=-26.034 dbar_end=0.697 occ_end=0.248 CSR_train=0.008 done_count=125
[upd 80] u=0 upd_ctr=13 opt_step=208 E=0.454 g=0.132 VarTD=0.185722 ret_end=-25.235 dbar_end=0.644 occ_end=0.208 CSR_train=0.000 done_count=125
[upd 90] u=0 upd_ctr=15 opt_step=240 E=0.305 g=0.132 VarTD=0.262095 ret_end=-25.467 dbar_end=0.646 occ_end=0.232 CSR_train=0.000 done_count=125
[upd 100] u=0 upd_ctr=17 opt_step=272 E=0.201 g=0.145 VarTD=0.331229 ret_end=-24.502 dbar_end=0.616 occ_end=0.208 CSR_train=0.000 done_count=125
[upd 110] u=1 upd_ctr=19 opt_step=304 E=0.092 g=0.136 VarTD=0.397115 ret_end=-24.900 dbar_end=0.636 occ_end=0.176 CSR_train=0.000 done_count=125
[upd 120] u=0 upd_ctr=20 opt_step=320 E=0.386 g=0.131 VarTD=0.551886 ret_end=-25.576 dbar_end=0.648 occ_end=0.184 CSR_train=0.000 done_count=125
[Gate5 check] update_counter violations: t0=0 diffs=0
[Gate5 check] opt_step violations: t0=0 diffs=0 (expected_inc=16)
[Gate5 check] NaN masking: nan_on_skip=True finite_on_update=True
[Gate5 summary] mean_update_fraction=0.1680 final_executed_updates_mean=21.00
[Gate5 eval] done_count mean=100.0 CSR mean=0.0000 len_end_mean=26.00
[Gate5 eval] episodes_per_env=4 T_eval=104
[Gate5 eval-debug] locked_eps_occ=0.20 pre(step25): dbar_end=0.460720 occupied_end_mean=0.360000 max_tilde_end_mean=0.658497 CSR@locked=0.000000
[Gate5 eval-debug] locked_eps_occ=0.20 post(step26): dbar_end=0.462814 occupied_end_mean=0.390000 max_tilde_end_mean=0.664179 CSR@locked=0.000000
[Gate5 eval-debug] CSR_pre@0.10=0.0000 CSR_pre@0.15=0.0000 CSR_pre@0.20=0.0000 CSR_pre@0.25=0.0000 CSR_pre@0.30=0.0200
[Gate5 eval-debug] CSR_post@0.10=0.0000 CSR_post@0.15=0.0000 CSR_post@0.20=0.0000 CSR_post@0.25=0.0100 CSR_post@0.30=0.0600
