Importing submoduled environments...
Submoduled environments not found. Skipping import.
[upd 0] u=1 upd_ctr=1 opt_step=16 E=0.096 g=0.096 VarTD=0.198978 ret_end=-28.258 dbar_end=0.747 occ_end=0.170 CSR_train=0.000 done_count=100
[upd 10] u=0 upd_ctr=1 opt_step=16 E=1.000 g=0.091 VarTD=0.177568 ret_end=-27.488 dbar_end=0.762 occ_end=0.104 CSR_train=0.000 done_count=125
[upd 20] u=0 upd_ctr=2 opt_step=32 E=0.909 g=0.088 VarTD=0.172496 ret_end=-27.656 dbar_end=0.774 occ_end=0.096 CSR_train=0.000 done_count=125
[upd 30] u=0 upd_ctr=3 opt_step=48 E=0.879 g=0.090 VarTD=0.155231 ret_end=-27.506 dbar_end=0.768 occ_end=0.160 CSR_train=0.000 done_count=125
[upd 40] u=0 upd_ctr=4 opt_step=64 E=0.802 g=0.101 VarTD=0.131510 ret_end=-27.016 dbar_end=0.730 occ_end=0.168 CSR_train=0.000 done_count=125
[upd 50] u=0 upd_ctr=5 opt_step=80 E=0.835 g=0.116 VarTD=0.140952 ret_end=-26.657 dbar_end=0.687 occ_end=0.232 CSR_train=0.000 done_count=125
[upd 60] u=0 upd_ctr=6 opt_step=96 E=0.875 g=0.104 VarTD=0.144268 ret_end=-26.353 dbar_end=0.722 occ_end=0.136 CSR_train=0.000 done_count=125
[upd 70] u=0 upd_ctr=7 opt_step=112 E=0.928 g=0.136 VarTD=0.137328 ret_end=-25.114 dbar_end=0.635 occ_end=0.200 CSR_train=0.000 done_count=125
[upd 80] u=0 upd_ctr=8 opt_step=128 E=1.000 g=0.127 VarTD=0.163912 ret_end=-25.366 dbar_end=0.658 occ_end=0.264 CSR_train=0.000 done_count=125
[upd 90] u=1 upd_ctr=10 opt_step=160 E=0.100 g=0.100 VarTD=0.171192 ret_end=-27.492 dbar_end=0.732 occ_end=0.120 CSR_train=0.000 done_count=125
[upd 100] u=0 upd_ctr=11 opt_step=176 E=0.259 g=0.117 VarTD=0.172970 ret_end=-26.344 dbar_end=0.684 occ_end=0.168 CSR_train=0.000 done_count=125
[upd 110] u=0 upd_ctr=12 opt_step=192 E=0.493 g=0.115 VarTD=0.195478 ret_end=-26.582 dbar_end=0.689 occ_end=0.192 CSR_train=0.000 done_count=125
[upd 120] u=0 upd_ctr=13 opt_step=208 E=0.796 g=0.145 VarTD=0.183086 ret_end=-25.030 dbar_end=0.614 occ_end=0.216 CSR_train=0.000 done_count=125
[upd 130] u=0 upd_ctr=14 opt_step=224 E=1.000 g=0.135 VarTD=0.199774 ret_end=-25.411 dbar_end=0.638 occ_end=0.280 CSR_train=0.010 done_count=100
[upd 140] u=0 upd_ctr=16 opt_step=256 E=0.282 g=0.144 VarTD=0.292126 ret_end=-24.967 dbar_end=0.617 occ_end=0.296 CSR_train=0.000 done_count=125
[upd 150] u=0 upd_ctr=17 opt_step=272 E=0.596 g=0.146 VarTD=0.367312 ret_end=-24.885 dbar_end=0.613 occ_end=0.256 CSR_train=0.000 done_count=125
[upd 160] u=0 upd_ctr=18 opt_step=288 E=0.986 g=0.156 VarTD=0.411515 ret_end=-24.096 dbar_end=0.592 occ_end=0.176 CSR_train=0.000 done_count=125
[upd 170] u=0 upd_ctr=20 opt_step=320 E=0.272 g=0.137 VarTD=0.561805 ret_end=-24.863 dbar_end=0.633 occ_end=0.192 CSR_train=0.000 done_count=125
[upd 180] u=0 upd_ctr=21 opt_step=336 E=0.745 g=0.140 VarTD=0.632294 ret_end=-25.479 dbar_end=0.627 occ_end=0.224 CSR_train=0.000 done_count=125
[upd 190] u=1 upd_ctr=23 opt_step=368 E=0.167 g=0.167 VarTD=0.754011 ret_end=-24.105 dbar_end=0.570 occ_end=0.304 CSR_train=0.000 done_count=125
[upd 200] u=0 upd_ctr=24 opt_step=384 E=0.564 g=0.137 VarTD=0.937822 ret_end=-25.300 dbar_end=0.634 occ_end=0.232 CSR_train=0.000 done_count=125
[upd 210] u=0 upd_ctr=25 opt_step=400 E=1.000 g=0.161 VarTD=1.138145 ret_end=-24.688 dbar_end=0.581 occ_end=0.224 CSR_train=0.000 done_count=125
[upd 220] u=0 upd_ctr=27 opt_step=432 E=0.461 g=0.165 VarTD=1.345548 ret_end=-23.980 dbar_end=0.574 occ_end=0.288 CSR_train=0.000 done_count=125
[upd 230] u=0 upd_ctr=28 opt_step=448 E=0.944 g=0.161 VarTD=1.461572 ret_end=-24.106 dbar_end=0.582 occ_end=0.248 CSR_train=0.000 done_count=125
[upd 240] u=0 upd_ctr=30 opt_step=480 E=0.307 g=0.149 VarTD=1.734895 ret_end=-24.850 dbar_end=0.606 occ_end=0.232 CSR_train=0.000 done_count=125
[upd 250] u=0 upd_ctr=31 opt_step=496 E=0.761 g=0.173 VarTD=1.914081 ret_end=-24.346 dbar_end=0.559 occ_end=0.256 CSR_train=0.000 done_count=125
[upd 260] u=1 upd_ctr=33 opt_step=528 E=0.161 g=0.161 VarTD=1.669597 ret_end=-24.298 dbar_end=0.582 occ_end=0.400 CSR_train=0.000 done_count=100
[upd 270] u=0 upd_ctr=34 opt_step=544 E=0.636 g=0.168 VarTD=2.358424 ret_end=-23.906 dbar_end=0.569 occ_end=0.320 CSR_train=0.000 done_count=125
[upd 280] u=0 upd_ctr=35 opt_step=560 E=1.000 g=0.164 VarTD=2.582927 ret_end=-24.661 dbar_end=0.575 occ_end=0.264 CSR_train=0.000 done_count=125
[upd 290] u=0 upd_ctr=37 opt_step=592 E=0.476 g=0.152 VarTD=2.863635 ret_end=-24.786 dbar_end=0.599 occ_end=0.224 CSR_train=0.000 done_count=125
[upd 300] u=0 upd_ctr=38 opt_step=608 E=0.970 g=0.147 VarTD=2.991420 ret_end=-24.132 dbar_end=0.610 occ_end=0.200 CSR_train=0.000 done_count=125
[upd 310] u=0 upd_ctr=40 opt_step=640 E=0.492 g=0.162 VarTD=3.373525 ret_end=-23.232 dbar_end=0.579 occ_end=0.344 CSR_train=0.000 done_count=125
[Gate5 check] update_counter violations: t0=0 diffs=0
[Gate5 check] opt_step violations: t0=0 diffs=0 (expected_inc=16)
[Gate5 check] NaN masking: nan_on_skip=True finite_on_update=True
[Gate5 summary] mean_update_fraction=0.1282 final_executed_updates_mean=40.00
[Gate5 eval] done_count mean=100.0 CSR mean=0.0000 len_end_mean=26.00
[Gate5 eval] episodes_per_env=4 T_eval=104
[Gate5 eval-debug] locked_eps_occ=0.20 pre(step25): dbar_end=0.488659 occupied_end_mean=0.470000 max_tilde_end_mean=0.709970 CSR@locked=0.000000
[Gate5 eval-debug] locked_eps_occ=0.20 post(step26): dbar_end=0.488437 occupied_end_mean=0.440000 max_tilde_end_mean=0.707655 CSR@locked=0.000000
[Gate5 eval-debug] CSR_pre@0.10=0.0000 CSR_pre@0.15=0.0000 CSR_pre@0.20=0.0000 CSR_pre@0.25=0.0000 CSR_pre@0.30=0.0200
[Gate5 eval-debug] CSR_post@0.10=0.0000 CSR_post@0.15=0.0000 CSR_post@0.20=0.0000 CSR_post@0.25=0.0100 CSR_post@0.30=0.0100
