Importing submoduled environments...
Submoduled environments not found. Skipping import.
[upd 0] u=1 upd_ctr=1 opt_step=16 E=0.024 g=0.079 VarTD=0.177244 ret_end=-28.332 dbar_end=0.807 occ_end=0.140 CSR_train=0.000 done_count=100
[upd 10] u=0 upd_ctr=1 opt_step=16 E=0.304 g=0.093 VarTD=0.147298 ret_end=-27.080 dbar_end=0.756 occ_end=0.144 CSR_train=0.000 done_count=125
[upd 20] u=0 upd_ctr=1 opt_step=16 E=0.591 g=0.086 VarTD=0.160310 ret_end=-28.011 dbar_end=0.781 occ_end=0.160 CSR_train=0.000 done_count=125
[upd 30] u=0 upd_ctr=1 opt_step=16 E=0.869 g=0.098 VarTD=0.170613 ret_end=-27.328 dbar_end=0.741 occ_end=0.176 CSR_train=0.000 done_count=125
[upd 40] u=0 upd_ctr=2 opt_step=32 E=0.147 g=0.094 VarTD=0.158850 ret_end=-27.582 dbar_end=0.753 occ_end=0.152 CSR_train=0.000 done_count=125
[upd 50] u=0 upd_ctr=2 opt_step=32 E=0.443 g=0.096 VarTD=0.143057 ret_end=-26.855 dbar_end=0.746 occ_end=0.168 CSR_train=0.000 done_count=125
[upd 60] u=0 upd_ctr=2 opt_step=32 E=0.750 g=0.100 VarTD=0.145733 ret_end=-26.879 dbar_end=0.733 occ_end=0.184 CSR_train=0.000 done_count=125
[upd 70] u=1 upd_ctr=3 opt_step=48 E=0.029 g=0.097 VarTD=0.176431 ret_end=-28.109 dbar_end=0.742 occ_end=0.128 CSR_train=0.000 done_count=125
[upd 80] u=0 upd_ctr=3 opt_step=48 E=0.347 g=0.104 VarTD=0.170229 ret_end=-27.118 dbar_end=0.721 occ_end=0.192 CSR_train=0.000 done_count=125
[upd 90] u=0 upd_ctr=3 opt_step=48 E=0.655 g=0.104 VarTD=0.150625 ret_end=-26.202 dbar_end=0.720 occ_end=0.200 CSR_train=0.000 done_count=125
[upd 100] u=0 upd_ctr=3 opt_step=48 E=0.976 g=0.101 VarTD=0.152201 ret_end=-26.688 dbar_end=0.731 occ_end=0.168 CSR_train=0.000 done_count=125
[upd 110] u=0 upd_ctr=4 opt_step=64 E=0.287 g=0.100 VarTD=0.151117 ret_end=-27.504 dbar_end=0.734 occ_end=0.168 CSR_train=0.000 done_count=125
[upd 120] u=0 upd_ctr=4 opt_step=64 E=0.636 g=0.122 VarTD=0.156534 ret_end=-26.540 dbar_end=0.671 occ_end=0.104 CSR_train=0.000 done_count=125
[Gate5 check] update_counter violations: t0=0 diffs=0
[Gate5 check] opt_step violations: t0=0 diffs=0 (expected_inc=16)
[Gate5 check] NaN masking: nan_on_skip=True finite_on_update=True
[Gate5 summary] mean_update_fraction=0.0320 final_executed_updates_mean=4.00
[Gate5 eval] done_count mean=100.0 CSR mean=0.0100 len_end_mean=26.00
[Gate5 eval] episodes_per_env=4 T_eval=104
[Gate5 eval-debug] locked_eps_occ=0.20 pre(step25): dbar_end=0.486331 occupied_end_mean=0.400000 max_tilde_end_mean=0.699663 CSR@locked=0.000000
[Gate5 eval-debug] locked_eps_occ=0.20 post(step26): dbar_end=0.475992 occupied_end_mean=0.360000 max_tilde_end_mean=0.679114 CSR@locked=0.010000
[Gate5 eval-debug] CSR_pre@0.10=0.0000 CSR_pre@0.15=0.0000 CSR_pre@0.20=0.0000 CSR_pre@0.25=0.0000 CSR_pre@0.30=0.0300
[Gate5 eval-debug] CSR_post@0.10=0.0000 CSR_post@0.15=0.0000 CSR_post@0.20=0.0100 CSR_post@0.25=0.0200 CSR_post@0.30=0.0200
