Importing submoduled environments...
Submoduled environments not found. Skipping import.
[upd 0] u=1 upd_ctr=1 opt_step=16 E=0.034 g=0.084 VarTD=0.138136 ret_end=-27.863 dbar_end=0.788 occ_end=0.160 CSR_train=0.000 done_count=100
[upd 10] u=0 upd_ctr=1 opt_step=16 E=0.388 g=0.114 VarTD=0.122236 ret_end=-25.937 dbar_end=0.692 occ_end=0.192 CSR_train=0.000 done_count=125
[upd 20] u=0 upd_ctr=1 opt_step=16 E=0.757 g=0.091 VarTD=0.162560 ret_end=-27.447 dbar_end=0.763 occ_end=0.168 CSR_train=0.000 done_count=125
[upd 30] u=0 upd_ctr=2 opt_step=32 E=0.121 g=0.116 VarTD=0.154840 ret_end=-25.431 dbar_end=0.687 occ_end=0.168 CSR_train=0.000 done_count=125
[upd 40] u=0 upd_ctr=2 opt_step=32 E=0.512 g=0.102 VarTD=0.145742 ret_end=-26.224 dbar_end=0.726 occ_end=0.200 CSR_train=0.008 done_count=125
[upd 50] u=0 upd_ctr=2 opt_step=32 E=0.916 g=0.099 VarTD=0.154706 ret_end=-26.927 dbar_end=0.735 occ_end=0.136 CSR_train=0.000 done_count=125
[upd 60] u=0 upd_ctr=3 opt_step=48 E=0.296 g=0.110 VarTD=0.170894 ret_end=-27.494 dbar_end=0.703 occ_end=0.208 CSR_train=0.000 done_count=125
[upd 70] u=0 upd_ctr=3 opt_step=48 E=0.698 g=0.091 VarTD=0.167176 ret_end=-27.692 dbar_end=0.764 occ_end=0.136 CSR_train=0.000 done_count=125
[upd 80] u=0 upd_ctr=4 opt_step=64 E=0.086 g=0.104 VarTD=0.140295 ret_end=-26.848 dbar_end=0.720 occ_end=0.112 CSR_train=0.000 done_count=125
[upd 90] u=0 upd_ctr=4 opt_step=64 E=0.535 g=0.112 VarTD=0.142363 ret_end=-25.329 dbar_end=0.696 occ_end=0.208 CSR_train=0.000 done_count=125
[upd 100] u=0 upd_ctr=4 opt_step=64 E=0.992 g=0.126 VarTD=0.123194 ret_end=-25.011 dbar_end=0.661 occ_end=0.216 CSR_train=0.000 done_count=125
[upd 110] u=0 upd_ctr=5 opt_step=80 E=0.412 g=0.114 VarTD=0.147769 ret_end=-26.827 dbar_end=0.691 occ_end=0.192 CSR_train=0.000 done_count=125
[upd 120] u=0 upd_ctr=5 opt_step=80 E=0.891 g=0.113 VarTD=0.144329 ret_end=-25.959 dbar_end=0.695 occ_end=0.184 CSR_train=0.000 done_count=125
[upd 130] u=0 upd_ctr=6 opt_step=96 E=0.344 g=0.124 VarTD=0.142087 ret_end=-25.773 dbar_end=0.666 occ_end=0.270 CSR_train=0.000 done_count=100
[upd 140] u=0 upd_ctr=6 opt_step=96 E=0.837 g=0.125 VarTD=0.173665 ret_end=-26.366 dbar_end=0.663 occ_end=0.240 CSR_train=0.000 done_count=125
[upd 150] u=0 upd_ctr=7 opt_step=112 E=0.296 g=0.130 VarTD=0.122098 ret_end=-25.298 dbar_end=0.650 occ_end=0.192 CSR_train=0.000 done_count=125
[upd 160] u=0 upd_ctr=7 opt_step=112 E=0.831 g=0.133 VarTD=0.144663 ret_end=-25.431 dbar_end=0.643 occ_end=0.216 CSR_train=0.000 done_count=125
[upd 170] u=0 upd_ctr=8 opt_step=128 E=0.307 g=0.126 VarTD=0.140848 ret_end=-24.899 dbar_end=0.661 occ_end=0.224 CSR_train=0.000 done_count=125
[upd 180] u=0 upd_ctr=8 opt_step=128 E=0.822 g=0.137 VarTD=0.132902 ret_end=-25.020 dbar_end=0.632 occ_end=0.224 CSR_train=0.000 done_count=125
[upd 190] u=0 upd_ctr=9 opt_step=144 E=0.329 g=0.136 VarTD=0.142186 ret_end=-25.551 dbar_end=0.635 occ_end=0.224 CSR_train=0.000 done_count=125
[upd 200] u=0 upd_ctr=9 opt_step=144 E=0.878 g=0.131 VarTD=0.133186 ret_end=-25.116 dbar_end=0.648 occ_end=0.304 CSR_train=0.000 done_count=125
[upd 210] u=0 upd_ctr=10 opt_step=160 E=0.372 g=0.123 VarTD=0.155203 ret_end=-25.950 dbar_end=0.668 occ_end=0.200 CSR_train=0.000 done_count=125
[upd 220] u=0 upd_ctr=10 opt_step=160 E=0.903 g=0.118 VarTD=0.150768 ret_end=-26.383 dbar_end=0.681 occ_end=0.232 CSR_train=0.000 done_count=125
[upd 230] u=0 upd_ctr=11 opt_step=176 E=0.445 g=0.144 VarTD=0.153285 ret_end=-24.487 dbar_end=0.617 occ_end=0.224 CSR_train=0.000 done_count=125
[upd 240] u=0 upd_ctr=11 opt_step=176 E=0.995 g=0.128 VarTD=0.157751 ret_end=-25.227 dbar_end=0.654 occ_end=0.184 CSR_train=0.000 done_count=125
[upd 250] u=0 upd_ctr=12 opt_step=192 E=0.505 g=0.144 VarTD=0.178456 ret_end=-25.109 dbar_end=0.617 occ_end=0.224 CSR_train=0.000 done_count=125
[upd 260] u=1 upd_ctr=13 opt_step=208 E=0.054 g=0.135 VarTD=0.189290 ret_end=-25.618 dbar_end=0.638 occ_end=0.210 CSR_train=0.000 done_count=100
[upd 270] u=0 upd_ctr=13 opt_step=208 E=0.629 g=0.138 VarTD=0.189367 ret_end=-24.509 dbar_end=0.630 occ_end=0.192 CSR_train=0.000 done_count=125
[upd 280] u=0 upd_ctr=14 opt_step=224 E=0.172 g=0.141 VarTD=0.247876 ret_end=-25.799 dbar_end=0.624 occ_end=0.176 CSR_train=0.000 done_count=125
[upd 290] u=0 upd_ctr=14 opt_step=224 E=0.776 g=0.167 VarTD=0.233537 ret_end=-23.267 dbar_end=0.570 occ_end=0.320 CSR_train=0.000 done_count=125
[upd 300] u=0 upd_ctr=15 opt_step=240 E=0.365 g=0.169 VarTD=0.278604 ret_end=-24.626 dbar_end=0.567 occ_end=0.304 CSR_train=0.000 done_count=125
[upd 310] u=0 upd_ctr=15 opt_step=240 E=0.996 g=0.155 VarTD=0.271707 ret_end=-24.183 dbar_end=0.594 occ_end=0.272 CSR_train=0.000 done_count=125
[Gate5 check] update_counter violations: t0=0 diffs=0
[Gate5 check] opt_step violations: t0=0 diffs=0 (expected_inc=16)
[Gate5 check] NaN masking: nan_on_skip=True finite_on_update=True
[Gate5 summary] mean_update_fraction=0.0481 final_executed_updates_mean=15.00
[Gate5 eval] done_count mean=100.0 CSR mean=0.0100 len_end_mean=26.00
[Gate5 eval] episodes_per_env=4 T_eval=104
[Gate5 eval-debug] locked_eps_occ=0.20 pre(step25): dbar_end=0.525852 occupied_end_mean=0.330000 max_tilde_end_mean=0.769928 CSR@locked=0.010000
[Gate5 eval-debug] locked_eps_occ=0.20 post(step26): dbar_end=0.531548 occupied_end_mean=0.270000 max_tilde_end_mean=0.771298 CSR@locked=0.010000
[Gate5 eval-debug] CSR_pre@0.10=0.0000 CSR_pre@0.15=0.0100 CSR_pre@0.20=0.0100 CSR_pre@0.25=0.0100 CSR_pre@0.30=0.0100
[Gate5 eval-debug] CSR_post@0.10=0.0000 CSR_post@0.15=0.0100 CSR_post@0.20=0.0100 CSR_post@0.25=0.0200 CSR_post@0.30=0.0200
