Importing submoduled environments...
Submoduled environments not found. Skipping import.
[upd 0] u=1 upd_ctr=1 opt_step=16 E=0.047 g=0.093 VarTD=0.149936 ret_end=-27.435 dbar_end=0.756 occ_end=0.150 CSR_train=0.000 done_count=100
[upd 10] u=0 upd_ctr=1 opt_step=16 E=0.516 g=0.100 VarTD=0.132044 ret_end=-26.929 dbar_end=0.734 occ_end=0.192 CSR_train=0.000 done_count=125
[upd 20] u=0 upd_ctr=1 opt_step=16 E=1.000 g=0.107 VarTD=0.153948 ret_end=-26.021 dbar_end=0.712 occ_end=0.192 CSR_train=0.000 done_count=125
[upd 30] u=0 upd_ctr=2 opt_step=32 E=0.477 g=0.086 VarTD=0.174956 ret_end=-27.925 dbar_end=0.782 occ_end=0.128 CSR_train=0.008 done_count=125
[upd 40] u=0 upd_ctr=2 opt_step=32 E=0.947 g=0.095 VarTD=0.139361 ret_end=-27.181 dbar_end=0.750 occ_end=0.120 CSR_train=0.000 done_count=125
[upd 50] u=0 upd_ctr=3 opt_step=48 E=0.384 g=0.096 VarTD=0.128735 ret_end=-26.520 dbar_end=0.747 occ_end=0.136 CSR_train=0.000 done_count=125
[upd 60] u=0 upd_ctr=3 opt_step=48 E=0.864 g=0.102 VarTD=0.138574 ret_end=-27.028 dbar_end=0.726 occ_end=0.160 CSR_train=0.000 done_count=125
[upd 70] u=0 upd_ctr=4 opt_step=64 E=0.357 g=0.101 VarTD=0.138318 ret_end=-27.157 dbar_end=0.730 occ_end=0.176 CSR_train=0.000 done_count=125
[upd 80] u=0 upd_ctr=4 opt_step=64 E=0.909 g=0.106 VarTD=0.131336 ret_end=-25.802 dbar_end=0.714 occ_end=0.168 CSR_train=0.000 done_count=125
[upd 90] u=0 upd_ctr=5 opt_step=80 E=0.440 g=0.111 VarTD=0.129215 ret_end=-26.509 dbar_end=0.700 occ_end=0.192 CSR_train=0.000 done_count=125
[upd 100] u=0 upd_ctr=5 opt_step=80 E=0.975 g=0.111 VarTD=0.148278 ret_end=-25.592 dbar_end=0.701 occ_end=0.184 CSR_train=0.000 done_count=125
[upd 110] u=0 upd_ctr=6 opt_step=96 E=0.503 g=0.098 VarTD=0.140759 ret_end=-27.027 dbar_end=0.740 occ_end=0.104 CSR_train=0.000 done_count=125
[upd 120] u=1 upd_ctr=7 opt_step=112 E=0.060 g=0.121 VarTD=0.136655 ret_end=-25.374 dbar_end=0.673 occ_end=0.208 CSR_train=0.000 done_count=125
[Gate5 check] update_counter violations: t0=0 diffs=0
[Gate5 check] opt_step violations: t0=0 diffs=0 (expected_inc=16)
[Gate5 check] NaN masking: nan_on_skip=True finite_on_update=True
[Gate5 summary] mean_update_fraction=0.0560 final_executed_updates_mean=7.00
[Gate5 eval] done_count mean=100.0 CSR mean=0.0000 len_end_mean=26.00
[Gate5 eval] episodes_per_env=4 T_eval=104
[Gate5 eval-debug] locked_eps_occ=0.20 pre(step25): dbar_end=0.501435 occupied_end_mean=0.400000 max_tilde_end_mean=0.742895 CSR@locked=0.000000
[Gate5 eval-debug] locked_eps_occ=0.20 post(step26): dbar_end=0.502804 occupied_end_mean=0.460000 max_tilde_end_mean=0.746953 CSR@locked=0.000000
[Gate5 eval-debug] CSR_pre@0.10=0.0000 CSR_pre@0.15=0.0000 CSR_pre@0.20=0.0000 CSR_pre@0.25=0.0000 CSR_pre@0.30=0.0200
[Gate5 eval-debug] CSR_post@0.10=0.0000 CSR_post@0.15=0.0000 CSR_post@0.20=0.0000 CSR_post@0.25=0.0000 CSR_post@0.30=0.0300
