Importing submoduled environments...
Submoduled environments not found. Skipping import.
[upd 0] u=1 upd_ctr=1 opt_step=16 E=0.117 g=0.096 VarTD=0.164885 ret_end=-27.291 dbar_end=0.746 occ_end=0.170 CSR_train=0.000 done_count=100
[upd 10] u=0 upd_ctr=1 opt_step=16 E=0.819 g=0.091 VarTD=0.137991 ret_end=-27.480 dbar_end=0.764 occ_end=0.136 CSR_train=0.000 done_count=125
[upd 20] u=0 upd_ctr=2 opt_step=32 E=0.578 g=0.116 VarTD=0.127691 ret_end=-26.266 dbar_end=0.687 occ_end=0.184 CSR_train=0.000 done_count=125
[upd 30] u=0 upd_ctr=3 opt_step=48 E=0.343 g=0.117 VarTD=0.133930 ret_end=-25.571 dbar_end=0.683 occ_end=0.152 CSR_train=0.000 done_count=125
[upd 40] u=1 upd_ctr=4 opt_step=64 E=0.124 g=0.106 VarTD=0.136060 ret_end=-26.446 dbar_end=0.714 occ_end=0.176 CSR_train=0.000 done_count=125
[upd 50] u=0 upd_ctr=4 opt_step=64 E=0.884 g=0.104 VarTD=0.144236 ret_end=-26.370 dbar_end=0.721 occ_end=0.176 CSR_train=0.000 done_count=125
[upd 60] u=0 upd_ctr=5 opt_step=80 E=0.687 g=0.093 VarTD=0.177769 ret_end=-28.015 dbar_end=0.755 occ_end=0.176 CSR_train=0.000 done_count=125
[upd 70] u=0 upd_ctr=6 opt_step=96 E=0.517 g=0.109 VarTD=0.156611 ret_end=-26.581 dbar_end=0.707 occ_end=0.192 CSR_train=0.000 done_count=125
[upd 80] u=0 upd_ctr=7 opt_step=112 E=0.376 g=0.123 VarTD=0.153787 ret_end=-25.533 dbar_end=0.666 occ_end=0.184 CSR_train=0.000 done_count=125
[upd 90] u=0 upd_ctr=8 opt_step=128 E=0.285 g=0.128 VarTD=0.150213 ret_end=-25.524 dbar_end=0.656 occ_end=0.200 CSR_train=0.000 done_count=125
[upd 100] u=0 upd_ctr=9 opt_step=144 E=0.226 g=0.124 VarTD=0.142853 ret_end=-26.022 dbar_end=0.665 occ_end=0.168 CSR_train=0.000 done_count=125
[upd 110] u=1 upd_ctr=10 opt_step=160 E=0.144 g=0.135 VarTD=0.156533 ret_end=-24.615 dbar_end=0.639 occ_end=0.256 CSR_train=0.008 done_count=125
[upd 120] u=0 upd_ctr=10 opt_step=160 E=1.000 g=0.124 VarTD=0.174256 ret_end=-25.648 dbar_end=0.665 occ_end=0.248 CSR_train=0.000 done_count=125
[upd 130] u=0 upd_ctr=11 opt_step=176 E=0.944 g=0.127 VarTD=0.149210 ret_end=-24.836 dbar_end=0.658 occ_end=0.140 CSR_train=0.000 done_count=100
[upd 140] u=0 upd_ctr=12 opt_step=192 E=0.867 g=0.123 VarTD=0.205142 ret_end=-26.020 dbar_end=0.667 occ_end=0.216 CSR_train=0.000 done_count=125
[upd 150] u=0 upd_ctr=13 opt_step=208 E=0.874 g=0.129 VarTD=0.216884 ret_end=-25.955 dbar_end=0.653 occ_end=0.208 CSR_train=0.000 done_count=125
[upd 160] u=0 upd_ctr=14 opt_step=224 E=0.871 g=0.136 VarTD=0.251547 ret_end=-25.347 dbar_end=0.635 occ_end=0.200 CSR_train=0.000 done_count=125
[upd 170] u=0 upd_ctr=15 opt_step=240 E=0.900 g=0.125 VarTD=0.288968 ret_end=-25.257 dbar_end=0.661 occ_end=0.152 CSR_train=0.000 done_count=125
[upd 180] u=0 upd_ctr=16 opt_step=256 E=0.957 g=0.135 VarTD=0.333089 ret_end=-25.088 dbar_end=0.637 occ_end=0.128 CSR_train=0.000 done_count=125
[upd 190] u=0 upd_ctr=17 opt_step=272 E=0.978 g=0.151 VarTD=0.399153 ret_end=-24.711 dbar_end=0.603 occ_end=0.272 CSR_train=0.000 done_count=125
[upd 200] u=0 upd_ctr=18 opt_step=288 E=1.000 g=0.137 VarTD=0.481307 ret_end=-25.752 dbar_end=0.632 occ_end=0.216 CSR_train=0.000 done_count=125
[upd 210] u=0 upd_ctr=19 opt_step=304 E=1.000 g=0.141 VarTD=0.564791 ret_end=-25.546 dbar_end=0.625 occ_end=0.344 CSR_train=0.000 done_count=125
[upd 220] u=1 upd_ctr=21 opt_step=336 E=0.134 g=0.141 VarTD=0.627566 ret_end=-24.858 dbar_end=0.624 occ_end=0.264 CSR_train=0.000 done_count=125
[upd 230] u=0 upd_ctr=22 opt_step=352 E=0.210 g=0.152 VarTD=0.823442 ret_end=-24.724 dbar_end=0.600 occ_end=0.176 CSR_train=0.000 done_count=125
[upd 240] u=0 upd_ctr=23 opt_step=368 E=0.254 g=0.149 VarTD=0.957515 ret_end=-24.243 dbar_end=0.606 occ_end=0.288 CSR_train=0.000 done_count=125
[upd 250] u=0 upd_ctr=24 opt_step=384 E=0.355 g=0.149 VarTD=1.064658 ret_end=-24.231 dbar_end=0.607 occ_end=0.216 CSR_train=0.000 done_count=125
[upd 260] u=0 upd_ctr=25 opt_step=400 E=0.486 g=0.161 VarTD=0.972794 ret_end=-23.315 dbar_end=0.582 occ_end=0.210 CSR_train=0.000 done_count=100
[upd 270] u=0 upd_ctr=26 opt_step=416 E=0.588 g=0.148 VarTD=1.307520 ret_end=-25.225 dbar_end=0.608 occ_end=0.200 CSR_train=0.000 done_count=125
[upd 280] u=0 upd_ctr=27 opt_step=432 E=0.723 g=0.150 VarTD=1.486285 ret_end=-24.930 dbar_end=0.604 occ_end=0.296 CSR_train=0.000 done_count=125
[upd 290] u=0 upd_ctr=28 opt_step=448 E=0.897 g=0.159 VarTD=1.611633 ret_end=-24.042 dbar_end=0.586 occ_end=0.208 CSR_train=0.000 done_count=125
[upd 300] u=1 upd_ctr=30 opt_step=480 E=0.118 g=0.165 VarTD=1.765531 ret_end=-23.546 dbar_end=0.575 occ_end=0.216 CSR_train=0.000 done_count=125
[upd 310] u=0 upd_ctr=31 opt_step=496 E=0.256 g=0.155 VarTD=2.036805 ret_end=-24.623 dbar_end=0.594 occ_end=0.240 CSR_train=0.000 done_count=125
[Gate5 check] update_counter violations: t0=0 diffs=0
[Gate5 check] opt_step violations: t0=0 diffs=0 (expected_inc=16)
[Gate5 check] NaN masking: nan_on_skip=True finite_on_update=True
[Gate5 summary] mean_update_fraction=0.0994 final_executed_updates_mean=31.00
[Gate5 eval] done_count mean=100.0 CSR mean=0.0000 len_end_mean=26.00
[Gate5 eval] episodes_per_env=4 T_eval=104
[Gate5 eval-debug] locked_eps_occ=0.20 pre(step25): dbar_end=0.526247 occupied_end_mean=0.340000 max_tilde_end_mean=0.776443 CSR@locked=0.000000
[Gate5 eval-debug] locked_eps_occ=0.20 post(step26): dbar_end=0.528723 occupied_end_mean=0.360000 max_tilde_end_mean=0.776447 CSR@locked=0.000000
[Gate5 eval-debug] CSR_pre@0.10=0.0000 CSR_pre@0.15=0.0000 CSR_pre@0.20=0.0000 CSR_pre@0.25=0.0000 CSR_pre@0.30=0.0200
[Gate5 eval-debug] CSR_post@0.10=0.0000 CSR_post@0.15=0.0000 CSR_post@0.20=0.0000 CSR_post@0.25=0.0100 CSR_post@0.30=0.0100
