Importing submoduled environments...
Submoduled environments not found. Skipping import.
[upd 0] u=1 upd_ctr=1 opt_step=16 E=0.337 g=0.073 VarTD=0.176583 ret_end=-28.932 dbar_end=0.832 occ_end=0.120 CSR_train=0.000 done_count=100
[upd 10] u=1 upd_ctr=2 opt_step=32 E=0.087 g=0.084 VarTD=0.145375 ret_end=-27.822 dbar_end=0.789 occ_end=0.112 CSR_train=0.000 done_count=125
[upd 20] u=0 upd_ctr=2 opt_step=32 E=0.583 g=0.101 VarTD=0.139671 ret_end=-26.922 dbar_end=0.731 occ_end=0.176 CSR_train=0.000 done_count=125
[upd 30] u=0 upd_ctr=3 opt_step=48 E=0.368 g=0.107 VarTD=0.133515 ret_end=-25.672 dbar_end=0.713 occ_end=0.248 CSR_train=0.008 done_count=125
[upd 40] u=0 upd_ctr=4 opt_step=64 E=0.171 g=0.107 VarTD=0.160198 ret_end=-26.648 dbar_end=0.713 occ_end=0.200 CSR_train=0.000 done_count=125
[upd 50] u=0 upd_ctr=4 opt_step=64 E=0.702 g=0.098 VarTD=0.168079 ret_end=-27.478 dbar_end=0.740 occ_end=0.136 CSR_train=0.000 done_count=125
[upd 60] u=0 upd_ctr=5 opt_step=80 E=0.536 g=0.109 VarTD=0.134014 ret_end=-25.692 dbar_end=0.707 occ_end=0.152 CSR_train=0.000 done_count=125
[upd 70] u=0 upd_ctr=6 opt_step=96 E=0.388 g=0.113 VarTD=0.141065 ret_end=-25.678 dbar_end=0.693 occ_end=0.168 CSR_train=0.008 done_count=125
[upd 80] u=0 upd_ctr=7 opt_step=112 E=0.221 g=0.099 VarTD=0.157737 ret_end=-27.688 dbar_end=0.737 occ_end=0.192 CSR_train=0.000 done_count=125
[upd 90] u=1 upd_ctr=8 opt_step=128 E=0.080 g=0.106 VarTD=0.141563 ret_end=-27.293 dbar_end=0.716 occ_end=0.192 CSR_train=0.000 done_count=125
[upd 100] u=0 upd_ctr=8 opt_step=128 E=0.649 g=0.113 VarTD=0.151233 ret_end=-26.816 dbar_end=0.693 occ_end=0.184 CSR_train=0.000 done_count=125
[upd 110] u=0 upd_ctr=9 opt_step=144 E=0.519 g=0.128 VarTD=0.151234 ret_end=-25.046 dbar_end=0.654 occ_end=0.184 CSR_train=0.000 done_count=125
[upd 120] u=0 upd_ctr=10 opt_step=160 E=0.413 g=0.130 VarTD=0.146747 ret_end=-25.452 dbar_end=0.649 occ_end=0.256 CSR_train=0.000 done_count=125
[Gate5 check] update_counter violations: t0=0 diffs=0
[Gate5 check] opt_step violations: t0=0 diffs=0 (expected_inc=16)
[Gate5 check] NaN masking: nan_on_skip=True finite_on_update=True
[Gate5 summary] mean_update_fraction=0.0800 final_executed_updates_mean=10.00
[Gate5 eval] done_count mean=100.0 CSR mean=0.0200 len_end_mean=26.00
[Gate5 eval] episodes_per_env=4 T_eval=104
[Gate5 eval-debug] locked_eps_occ=0.20 pre(step25): dbar_end=0.504713 occupied_end_mean=0.440000 max_tilde_end_mean=0.729221 CSR@locked=0.010000
[Gate5 eval-debug] locked_eps_occ=0.20 post(step26): dbar_end=0.507272 occupied_end_mean=0.450000 max_tilde_end_mean=0.731219 CSR@locked=0.020000
[Gate5 eval-debug] CSR_pre@0.10=0.0000 CSR_pre@0.15=0.0100 CSR_pre@0.20=0.0100 CSR_pre@0.25=0.0200 CSR_pre@0.30=0.0400
[Gate5 eval-debug] CSR_post@0.10=0.0000 CSR_post@0.15=0.0000 CSR_post@0.20=0.0200 CSR_post@0.25=0.0400 CSR_post@0.30=0.0500
