Importing submoduled environments...
Submoduled environments not found. Skipping import.
[upd 0] u=1 upd_ctr=1 opt_step=16 E=0.167 g=0.096 VarTD=0.198978 ret_end=-28.258 dbar_end=0.747 occ_end=0.170 CSR_train=0.000 done_count=100
[upd 10] u=0 upd_ctr=1 opt_step=16 E=0.809 g=0.091 VarTD=0.177568 ret_end=-27.488 dbar_end=0.762 occ_end=0.104 CSR_train=0.000 done_count=125
[upd 20] u=0 upd_ctr=2 opt_step=32 E=0.545 g=0.089 VarTD=0.179636 ret_end=-27.631 dbar_end=0.770 occ_end=0.096 CSR_train=0.000 done_count=125
[upd 30] u=0 upd_ctr=3 opt_step=48 E=0.330 g=0.090 VarTD=0.169403 ret_end=-27.531 dbar_end=0.766 occ_end=0.176 CSR_train=0.000 done_count=125
[upd 40] u=1 upd_ctr=4 opt_step=64 E=0.123 g=0.099 VarTD=0.145858 ret_end=-27.046 dbar_end=0.738 occ_end=0.168 CSR_train=0.000 done_count=125
[upd 50] u=0 upd_ctr=4 opt_step=64 E=0.850 g=0.111 VarTD=0.166673 ret_end=-26.754 dbar_end=0.699 occ_end=0.208 CSR_train=0.000 done_count=125
[upd 60] u=0 upd_ctr=5 opt_step=80 E=0.700 g=0.098 VarTD=0.174395 ret_end=-26.614 dbar_end=0.739 occ_end=0.104 CSR_train=0.000 done_count=125
[upd 70] u=0 upd_ctr=6 opt_step=96 E=0.570 g=0.128 VarTD=0.159946 ret_end=-25.500 dbar_end=0.656 occ_end=0.184 CSR_train=0.000 done_count=125
[upd 80] u=0 upd_ctr=7 opt_step=112 E=0.428 g=0.115 VarTD=0.182342 ret_end=-25.861 dbar_end=0.690 occ_end=0.232 CSR_train=0.008 done_count=125
[upd 90] u=0 upd_ctr=8 opt_step=128 E=0.329 g=0.106 VarTD=0.192173 ret_end=-27.449 dbar_end=0.715 occ_end=0.136 CSR_train=0.000 done_count=125
[upd 100] u=0 upd_ctr=9 opt_step=144 E=0.294 g=0.120 VarTD=0.173898 ret_end=-26.071 dbar_end=0.676 occ_end=0.144 CSR_train=0.000 done_count=125
[upd 110] u=0 upd_ctr=10 opt_step=160 E=0.239 g=0.114 VarTD=0.199858 ret_end=-26.506 dbar_end=0.691 occ_end=0.224 CSR_train=0.000 done_count=125
[upd 120] u=0 upd_ctr=11 opt_step=176 E=0.228 g=0.134 VarTD=0.184918 ret_end=-25.606 dbar_end=0.639 occ_end=0.208 CSR_train=0.000 done_count=125
[upd 130] u=0 upd_ctr=12 opt_step=192 E=0.209 g=0.126 VarTD=0.194611 ret_end=-25.602 dbar_end=0.659 occ_end=0.240 CSR_train=0.000 done_count=100
[upd 140] u=0 upd_ctr=13 opt_step=208 E=0.198 g=0.130 VarTD=0.215717 ret_end=-25.620 dbar_end=0.649 occ_end=0.240 CSR_train=0.000 done_count=125
[upd 150] u=0 upd_ctr=14 opt_step=224 E=0.209 g=0.129 VarTD=0.267892 ret_end=-25.491 dbar_end=0.652 occ_end=0.248 CSR_train=0.000 done_count=125
[upd 160] u=0 upd_ctr=15 opt_step=240 E=0.241 g=0.153 VarTD=0.287395 ret_end=-24.576 dbar_end=0.599 occ_end=0.224 CSR_train=0.000 done_count=125
[upd 170] u=0 upd_ctr=16 opt_step=256 E=0.262 g=0.132 VarTD=0.323666 ret_end=-25.214 dbar_end=0.645 occ_end=0.168 CSR_train=0.000 done_count=125
[upd 180] u=0 upd_ctr=17 opt_step=272 E=0.323 g=0.130 VarTD=0.386711 ret_end=-25.955 dbar_end=0.650 occ_end=0.168 CSR_train=0.000 done_count=125
[upd 190] u=0 upd_ctr=18 opt_step=288 E=0.373 g=0.145 VarTD=0.436378 ret_end=-24.474 dbar_end=0.616 occ_end=0.216 CSR_train=0.000 done_count=125
[upd 200] u=0 upd_ctr=19 opt_step=304 E=0.434 g=0.131 VarTD=0.503552 ret_end=-25.615 dbar_end=0.646 occ_end=0.192 CSR_train=0.000 done_count=125
[upd 210] u=0 upd_ctr=20 opt_step=320 E=0.593 g=0.156 VarTD=0.604867 ret_end=-24.660 dbar_end=0.591 occ_end=0.232 CSR_train=0.000 done_count=125
[upd 220] u=0 upd_ctr=21 opt_step=336 E=0.751 g=0.158 VarTD=0.723833 ret_end=-24.378 dbar_end=0.587 occ_end=0.296 CSR_train=0.000 done_count=125
[upd 230] u=0 upd_ctr=22 opt_step=352 E=0.935 g=0.150 VarTD=0.791520 ret_end=-24.322 dbar_end=0.604 occ_end=0.176 CSR_train=0.000 done_count=125
[upd 240] u=0 upd_ctr=24 opt_step=384 E=0.260 g=0.164 VarTD=0.999942 ret_end=-24.492 dbar_end=0.576 occ_end=0.336 CSR_train=0.000 done_count=125
[upd 250] u=0 upd_ctr=25 opt_step=400 E=0.480 g=0.176 VarTD=1.129393 ret_end=-24.253 dbar_end=0.553 occ_end=0.336 CSR_train=0.008 done_count=125
[upd 260] u=0 upd_ctr=26 opt_step=416 E=0.726 g=0.162 VarTD=1.020030 ret_end=-23.963 dbar_end=0.579 occ_end=0.280 CSR_train=0.000 done_count=100
[upd 270] u=0 upd_ctr=27 opt_step=432 E=0.981 g=0.173 VarTD=1.371686 ret_end=-23.635 dbar_end=0.558 occ_end=0.248 CSR_train=0.000 done_count=125
[upd 280] u=0 upd_ctr=29 opt_step=464 E=0.385 g=0.165 VarTD=1.683432 ret_end=-24.642 dbar_end=0.574 occ_end=0.360 CSR_train=0.000 done_count=125
[upd 290] u=0 upd_ctr=30 opt_step=480 E=0.644 g=0.166 VarTD=1.766001 ret_end=-24.070 dbar_end=0.572 occ_end=0.320 CSR_train=0.000 done_count=125
[upd 300] u=0 upd_ctr=31 opt_step=496 E=0.916 g=0.158 VarTD=1.887029 ret_end=-23.930 dbar_end=0.588 occ_end=0.328 CSR_train=0.000 done_count=125
[upd 310] u=0 upd_ctr=33 opt_step=528 E=0.308 g=0.168 VarTD=2.164933 ret_end=-22.929 dbar_end=0.568 occ_end=0.344 CSR_train=0.000 done_count=125
[Gate5 check] update_counter violations: t0=0 diffs=0
[Gate5 check] opt_step violations: t0=0 diffs=0 (expected_inc=16)
[Gate5 check] NaN masking: nan_on_skip=True finite_on_update=True
[Gate5 summary] mean_update_fraction=0.1058 final_executed_updates_mean=33.00
[Gate5 eval] done_count mean=100.0 CSR mean=0.0000 len_end_mean=26.00
[Gate5 eval] episodes_per_env=4 T_eval=104
[Gate5 eval-debug] locked_eps_occ=0.20 pre(step25): dbar_end=0.556184 occupied_end_mean=0.350000 max_tilde_end_mean=0.826373 CSR@locked=0.000000
[Gate5 eval-debug] locked_eps_occ=0.20 post(step26): dbar_end=0.549429 occupied_end_mean=0.320000 max_tilde_end_mean=0.823983 CSR@locked=0.000000
[Gate5 eval-debug] CSR_pre@0.10=0.0000 CSR_pre@0.15=0.0000 CSR_pre@0.20=0.0000 CSR_pre@0.25=0.0000 CSR_pre@0.30=0.0100
[Gate5 eval-debug] CSR_post@0.10=0.0000 CSR_post@0.15=0.0000 CSR_post@0.20=0.0000 CSR_post@0.25=0.0000 CSR_post@0.30=0.0100
