Importing submoduled environments...
Submoduled environments not found. Skipping import.
[upd 0] u=1 upd_ctr=1 opt_step=16 E=0.063 g=0.089 VarTD=0.155748 ret_end=-26.495 dbar_end=0.769 occ_end=0.110 CSR_train=0.000 done_count=100
[upd 10] u=0 upd_ctr=1 opt_step=16 E=0.707 g=0.096 VarTD=0.160584 ret_end=-27.044 dbar_end=0.748 occ_end=0.128 CSR_train=0.000 done_count=125
[upd 20] u=0 upd_ctr=2 opt_step=32 E=0.316 g=0.081 VarTD=0.215715 ret_end=-28.737 dbar_end=0.800 occ_end=0.144 CSR_train=0.000 done_count=125
[upd 30] u=0 upd_ctr=2 opt_step=32 E=0.966 g=0.091 VarTD=0.171383 ret_end=-27.233 dbar_end=0.765 occ_end=0.176 CSR_train=0.000 done_count=125
[upd 40] u=0 upd_ctr=3 opt_step=48 E=0.614 g=0.096 VarTD=0.173639 ret_end=-26.844 dbar_end=0.746 occ_end=0.208 CSR_train=0.000 done_count=125
[upd 50] u=0 upd_ctr=4 opt_step=64 E=0.277 g=0.102 VarTD=0.141181 ret_end=-27.019 dbar_end=0.726 occ_end=0.176 CSR_train=0.000 done_count=125
[upd 60] u=0 upd_ctr=4 opt_step=64 E=0.979 g=0.098 VarTD=0.154607 ret_end=-26.922 dbar_end=0.739 occ_end=0.184 CSR_train=0.000 done_count=125
[upd 70] u=0 upd_ctr=5 opt_step=80 E=0.659 g=0.110 VarTD=0.146043 ret_end=-25.874 dbar_end=0.704 occ_end=0.192 CSR_train=0.000 done_count=125
[upd 80] u=0 upd_ctr=6 opt_step=96 E=0.359 g=0.102 VarTD=0.138849 ret_end=-26.838 dbar_end=0.728 occ_end=0.176 CSR_train=0.000 done_count=125
[upd 90] u=1 upd_ctr=7 opt_step=112 E=0.071 g=0.102 VarTD=0.134439 ret_end=-26.737 dbar_end=0.727 occ_end=0.144 CSR_train=0.000 done_count=125
[upd 100] u=0 upd_ctr=7 opt_step=112 E=0.836 g=0.107 VarTD=0.156164 ret_end=-26.800 dbar_end=0.713 occ_end=0.192 CSR_train=0.000 done_count=125
[upd 110] u=0 upd_ctr=8 opt_step=128 E=0.551 g=0.120 VarTD=0.149530 ret_end=-26.595 dbar_end=0.675 occ_end=0.200 CSR_train=0.000 done_count=125
[upd 120] u=0 upd_ctr=9 opt_step=144 E=0.333 g=0.138 VarTD=0.140489 ret_end=-25.046 dbar_end=0.631 occ_end=0.232 CSR_train=0.000 done_count=125
[Gate5 check] update_counter violations: t0=0 diffs=0
[Gate5 check] opt_step violations: t0=0 diffs=0 (expected_inc=16)
[Gate5 check] NaN masking: nan_on_skip=True finite_on_update=True
[Gate5 summary] mean_update_fraction=0.0720 final_executed_updates_mean=9.00
[Gate5 eval] done_count mean=100.0 CSR mean=0.0200 len_end_mean=26.00
[Gate5 eval] episodes_per_env=4 T_eval=104
[Gate5 eval-debug] locked_eps_occ=0.20 pre(step25): dbar_end=0.557726 occupied_end_mean=0.350000 max_tilde_end_mean=0.820906 CSR@locked=0.020000
[Gate5 eval-debug] locked_eps_occ=0.20 post(step26): dbar_end=0.553532 occupied_end_mean=0.350000 max_tilde_end_mean=0.816816 CSR@locked=0.020000
[Gate5 eval-debug] CSR_pre@0.10=0.0000 CSR_pre@0.15=0.0000 CSR_pre@0.20=0.0200 CSR_pre@0.25=0.0200 CSR_pre@0.30=0.0200
[Gate5 eval-debug] CSR_post@0.10=0.0000 CSR_post@0.15=0.0000 CSR_post@0.20=0.0200 CSR_post@0.25=0.0200 CSR_post@0.30=0.0400
