Importing submoduled environments...
Submoduled environments not found. Skipping import.
[upd 0] u=1 upd_ctr=1 opt_step=16 E=0.060 g=0.102 VarTD=0.148347 ret_end=-26.397 dbar_end=0.726 occ_end=0.190 CSR_train=0.000 done_count=100
[upd 10] u=0 upd_ctr=1 opt_step=16 E=0.153 g=0.089 VarTD=0.167256 ret_end=-27.327 dbar_end=0.769 occ_end=0.152 CSR_train=0.008 done_count=125
[upd 20] u=0 upd_ctr=1 opt_step=16 E=0.247 g=0.085 VarTD=0.176565 ret_end=-27.948 dbar_end=0.785 occ_end=0.184 CSR_train=0.000 done_count=125
[upd 30] u=0 upd_ctr=1 opt_step=16 E=0.340 g=0.093 VarTD=0.173480 ret_end=-28.125 dbar_end=0.755 occ_end=0.184 CSR_train=0.000 done_count=125
[upd 40] u=0 upd_ctr=1 opt_step=16 E=0.433 g=0.094 VarTD=0.167089 ret_end=-27.289 dbar_end=0.754 occ_end=0.112 CSR_train=0.000 done_count=125
[upd 50] u=0 upd_ctr=1 opt_step=16 E=0.523 g=0.107 VarTD=0.160113 ret_end=-26.420 dbar_end=0.712 occ_end=0.152 CSR_train=0.000 done_count=125
[upd 60] u=0 upd_ctr=1 opt_step=16 E=0.614 g=0.082 VarTD=0.196047 ret_end=-28.783 dbar_end=0.797 occ_end=0.112 CSR_train=0.000 done_count=125
[upd 70] u=0 upd_ctr=1 opt_step=16 E=0.707 g=0.091 VarTD=0.168924 ret_end=-27.062 dbar_end=0.764 occ_end=0.136 CSR_train=0.000 done_count=125
[upd 80] u=0 upd_ctr=1 opt_step=16 E=0.801 g=0.095 VarTD=0.147135 ret_end=-28.020 dbar_end=0.750 occ_end=0.160 CSR_train=0.000 done_count=125
[upd 90] u=0 upd_ctr=1 opt_step=16 E=0.892 g=0.084 VarTD=0.158846 ret_end=-27.500 dbar_end=0.790 occ_end=0.152 CSR_train=0.000 done_count=125
[upd 100] u=0 upd_ctr=2 opt_step=32 E=0.040 g=0.096 VarTD=0.167906 ret_end=-26.992 dbar_end=0.745 occ_end=0.128 CSR_train=0.000 done_count=125
[upd 110] u=0 upd_ctr=2 opt_step=32 E=0.136 g=0.082 VarTD=0.159618 ret_end=-28.659 dbar_end=0.798 occ_end=0.152 CSR_train=0.000 done_count=125
[upd 120] u=0 upd_ctr=2 opt_step=32 E=0.231 g=0.095 VarTD=0.139334 ret_end=-27.278 dbar_end=0.749 occ_end=0.160 CSR_train=0.008 done_count=125
[upd 130] u=0 upd_ctr=2 opt_step=32 E=0.333 g=0.104 VarTD=0.133906 ret_end=-26.410 dbar_end=0.721 occ_end=0.180 CSR_train=0.000 done_count=100
[upd 140] u=0 upd_ctr=2 opt_step=32 E=0.429 g=0.090 VarTD=0.154014 ret_end=-28.500 dbar_end=0.767 occ_end=0.112 CSR_train=0.000 done_count=125
[upd 150] u=0 upd_ctr=2 opt_step=32 E=0.523 g=0.091 VarTD=0.191050 ret_end=-27.426 dbar_end=0.764 occ_end=0.120 CSR_train=0.000 done_count=125
[upd 160] u=0 upd_ctr=2 opt_step=32 E=0.619 g=0.100 VarTD=0.178747 ret_end=-27.119 dbar_end=0.734 occ_end=0.144 CSR_train=0.000 done_count=125
[upd 170] u=0 upd_ctr=2 opt_step=32 E=0.717 g=0.106 VarTD=0.121482 ret_end=-26.327 dbar_end=0.714 occ_end=0.088 CSR_train=0.000 done_count=125
[upd 180] u=0 upd_ctr=2 opt_step=32 E=0.814 g=0.088 VarTD=0.195007 ret_end=-26.813 dbar_end=0.774 occ_end=0.120 CSR_train=0.000 done_count=125
[upd 190] u=0 upd_ctr=2 opt_step=32 E=0.910 g=0.095 VarTD=0.164479 ret_end=-27.370 dbar_end=0.749 occ_end=0.112 CSR_train=0.000 done_count=125
[upd 200] u=0 upd_ctr=3 opt_step=48 E=0.056 g=0.094 VarTD=0.171999 ret_end=-27.993 dbar_end=0.753 occ_end=0.184 CSR_train=0.000 done_count=125
[upd 210] u=0 upd_ctr=3 opt_step=48 E=0.157 g=0.098 VarTD=0.128452 ret_end=-26.044 dbar_end=0.739 occ_end=0.144 CSR_train=0.000 done_count=125
[upd 220] u=0 upd_ctr=3 opt_step=48 E=0.256 g=0.096 VarTD=0.140674 ret_end=-26.812 dbar_end=0.745 occ_end=0.080 CSR_train=0.000 done_count=125
[upd 230] u=0 upd_ctr=3 opt_step=48 E=0.357 g=0.097 VarTD=0.124159 ret_end=-26.376 dbar_end=0.743 occ_end=0.192 CSR_train=0.000 done_count=125
[upd 240] u=0 upd_ctr=3 opt_step=48 E=0.452 g=0.098 VarTD=0.152865 ret_end=-27.246 dbar_end=0.738 occ_end=0.200 CSR_train=0.000 done_count=125
[upd 250] u=0 upd_ctr=3 opt_step=48 E=0.553 g=0.097 VarTD=0.151540 ret_end=-26.848 dbar_end=0.743 occ_end=0.168 CSR_train=0.000 done_count=125
[upd 260] u=0 upd_ctr=3 opt_step=48 E=0.654 g=0.098 VarTD=0.140017 ret_end=-26.047 dbar_end=0.740 occ_end=0.140 CSR_train=0.000 done_count=100
[upd 270] u=0 upd_ctr=3 opt_step=48 E=0.758 g=0.106 VarTD=0.131843 ret_end=-26.425 dbar_end=0.716 occ_end=0.192 CSR_train=0.000 done_count=125
[upd 280] u=0 upd_ctr=3 opt_step=48 E=0.855 g=0.097 VarTD=0.155717 ret_end=-27.489 dbar_end=0.744 occ_end=0.104 CSR_train=0.000 done_count=125
[upd 290] u=0 upd_ctr=3 opt_step=48 E=0.954 g=0.098 VarTD=0.168951 ret_end=-27.384 dbar_end=0.741 occ_end=0.112 CSR_train=0.000 done_count=125
[upd 300] u=0 upd_ctr=4 opt_step=64 E=0.103 g=0.100 VarTD=0.188150 ret_end=-27.413 dbar_end=0.735 occ_end=0.160 CSR_train=0.000 done_count=125
[upd 310] u=0 upd_ctr=4 opt_step=64 E=0.210 g=0.099 VarTD=0.155186 ret_end=-27.415 dbar_end=0.736 occ_end=0.168 CSR_train=0.000 done_count=125
[Gate5 check] update_counter violations: t0=0 diffs=0
[Gate5 check] opt_step violations: t0=0 diffs=0 (expected_inc=16)
[Gate5 check] NaN masking: nan_on_skip=True finite_on_update=True
[Gate5 summary] mean_update_fraction=0.0128 final_executed_updates_mean=4.00
[Gate5 eval] done_count mean=100.0 CSR mean=0.0000 len_end_mean=26.00
[Gate5 eval] episodes_per_env=4 T_eval=104
[Gate5 eval-debug] locked_eps_occ=0.20 pre(step25): dbar_end=0.586902 occupied_end_mean=0.290000 max_tilde_end_mean=0.894119 CSR@locked=0.000000
[Gate5 eval-debug] locked_eps_occ=0.20 post(step26): dbar_end=0.593013 occupied_end_mean=0.360000 max_tilde_end_mean=0.905171 CSR@locked=0.000000
[Gate5 eval-debug] CSR_pre@0.10=0.0000 CSR_pre@0.15=0.0000 CSR_pre@0.20=0.0000 CSR_pre@0.25=0.0000 CSR_pre@0.30=0.0100
[Gate5 eval-debug] CSR_post@0.10=0.0000 CSR_post@0.15=0.0000 CSR_post@0.20=0.0000 CSR_post@0.25=0.0000 CSR_post@0.30=0.0000
