Importing submoduled environments...
Submoduled environments not found. Skipping import.
[upd 0] u=1 upd_ctr=1 opt_step=16 E=0.033 g=0.083 VarTD=0.176951 ret_end=-28.473 dbar_end=0.794 occ_end=0.140 CSR_train=0.000 done_count=100
[upd 10] u=0 upd_ctr=1 opt_step=16 E=0.412 g=0.089 VarTD=0.152994 ret_end=-28.611 dbar_end=0.772 occ_end=0.104 CSR_train=0.000 done_count=125
[upd 20] u=0 upd_ctr=1 opt_step=16 E=0.789 g=0.093 VarTD=0.156211 ret_end=-27.741 dbar_end=0.758 occ_end=0.208 CSR_train=0.000 done_count=125
[upd 30] u=0 upd_ctr=2 opt_step=32 E=0.151 g=0.096 VarTD=0.146715 ret_end=-27.154 dbar_end=0.746 occ_end=0.128 CSR_train=0.000 done_count=125
[upd 40] u=0 upd_ctr=2 opt_step=32 E=0.530 g=0.096 VarTD=0.164808 ret_end=-27.062 dbar_end=0.746 occ_end=0.200 CSR_train=0.000 done_count=125
[upd 50] u=0 upd_ctr=2 opt_step=32 E=0.925 g=0.098 VarTD=0.169169 ret_end=-26.895 dbar_end=0.739 occ_end=0.112 CSR_train=0.000 done_count=125
[upd 60] u=0 upd_ctr=3 opt_step=48 E=0.328 g=0.107 VarTD=0.124153 ret_end=-26.326 dbar_end=0.713 occ_end=0.120 CSR_train=0.000 done_count=125
[upd 70] u=0 upd_ctr=3 opt_step=48 E=0.736 g=0.100 VarTD=0.157087 ret_end=-26.758 dbar_end=0.732 occ_end=0.168 CSR_train=0.000 done_count=125
[upd 80] u=0 upd_ctr=4 opt_step=64 E=0.128 g=0.106 VarTD=0.133695 ret_end=-27.138 dbar_end=0.713 occ_end=0.200 CSR_train=0.000 done_count=125
[upd 90] u=0 upd_ctr=4 opt_step=64 E=0.532 g=0.099 VarTD=0.130751 ret_end=-27.531 dbar_end=0.738 occ_end=0.176 CSR_train=0.000 done_count=125
[upd 100] u=0 upd_ctr=4 opt_step=64 E=0.937 g=0.099 VarTD=0.161658 ret_end=-27.115 dbar_end=0.738 occ_end=0.112 CSR_train=0.000 done_count=125
[upd 110] u=0 upd_ctr=5 opt_step=80 E=0.357 g=0.110 VarTD=0.137906 ret_end=-25.619 dbar_end=0.704 occ_end=0.128 CSR_train=0.000 done_count=125
[upd 120] u=0 upd_ctr=5 opt_step=80 E=0.773 g=0.106 VarTD=0.125277 ret_end=-25.827 dbar_end=0.715 occ_end=0.176 CSR_train=0.000 done_count=125
[upd 130] u=0 upd_ctr=6 opt_step=96 E=0.173 g=0.119 VarTD=0.131207 ret_end=-26.100 dbar_end=0.678 occ_end=0.210 CSR_train=0.000 done_count=100
[upd 140] u=0 upd_ctr=6 opt_step=96 E=0.630 g=0.101 VarTD=0.155704 ret_end=-26.876 dbar_end=0.729 occ_end=0.152 CSR_train=0.008 done_count=125
[upd 150] u=1 upd_ctr=7 opt_step=112 E=0.049 g=0.121 VarTD=0.128953 ret_end=-25.439 dbar_end=0.671 occ_end=0.200 CSR_train=0.000 done_count=125
[upd 160] u=0 upd_ctr=7 opt_step=112 E=0.529 g=0.127 VarTD=0.135553 ret_end=-25.509 dbar_end=0.657 occ_end=0.184 CSR_train=0.000 done_count=125
[upd 170] u=0 upd_ctr=7 opt_step=112 E=0.998 g=0.111 VarTD=0.145500 ret_end=-26.378 dbar_end=0.701 occ_end=0.224 CSR_train=0.000 done_count=125
[upd 180] u=0 upd_ctr=8 opt_step=128 E=0.435 g=0.126 VarTD=0.147253 ret_end=-26.079 dbar_end=0.660 occ_end=0.256 CSR_train=0.000 done_count=125
[upd 190] u=0 upd_ctr=8 opt_step=128 E=0.919 g=0.132 VarTD=0.150159 ret_end=-25.510 dbar_end=0.646 occ_end=0.264 CSR_train=0.000 done_count=125
[upd 200] u=0 upd_ctr=9 opt_step=144 E=0.402 g=0.118 VarTD=0.170298 ret_end=-26.340 dbar_end=0.680 occ_end=0.224 CSR_train=0.000 done_count=125
[upd 210] u=0 upd_ctr=9 opt_step=144 E=0.910 g=0.130 VarTD=0.154076 ret_end=-25.702 dbar_end=0.649 occ_end=0.224 CSR_train=0.000 done_count=125
[upd 220] u=0 upd_ctr=10 opt_step=160 E=0.409 g=0.134 VarTD=0.133232 ret_end=-24.594 dbar_end=0.640 occ_end=0.120 CSR_train=0.000 done_count=125
[upd 230] u=0 upd_ctr=10 opt_step=160 E=0.942 g=0.146 VarTD=0.144607 ret_end=-25.091 dbar_end=0.614 occ_end=0.256 CSR_train=0.000 done_count=125
[upd 240] u=0 upd_ctr=11 opt_step=176 E=0.425 g=0.135 VarTD=0.189414 ret_end=-25.210 dbar_end=0.638 occ_end=0.240 CSR_train=0.000 done_count=125
[upd 250] u=0 upd_ctr=11 opt_step=176 E=0.962 g=0.130 VarTD=0.183967 ret_end=-25.018 dbar_end=0.649 occ_end=0.224 CSR_train=0.000 done_count=125
[upd 260] u=0 upd_ctr=12 opt_step=192 E=0.490 g=0.133 VarTD=0.178108 ret_end=-25.718 dbar_end=0.642 occ_end=0.280 CSR_train=0.000 done_count=100
[upd 270] u=0 upd_ctr=12 opt_step=192 E=1.000 g=0.139 VarTD=0.185647 ret_end=-25.005 dbar_end=0.629 occ_end=0.264 CSR_train=0.008 done_count=125
[upd 280] u=0 upd_ctr=13 opt_step=208 E=0.546 g=0.133 VarTD=0.203543 ret_end=-25.698 dbar_end=0.642 occ_end=0.192 CSR_train=0.000 done_count=125
[upd 290] u=1 upd_ctr=14 opt_step=224 E=0.058 g=0.144 VarTD=0.202212 ret_end=-24.378 dbar_end=0.617 occ_end=0.256 CSR_train=0.000 done_count=125
[upd 300] u=0 upd_ctr=14 opt_step=224 E=0.617 g=0.159 VarTD=0.273144 ret_end=-24.463 dbar_end=0.586 occ_end=0.256 CSR_train=0.000 done_count=125
[upd 310] u=0 upd_ctr=15 opt_step=240 E=0.111 g=0.152 VarTD=0.269218 ret_end=-24.418 dbar_end=0.601 occ_end=0.264 CSR_train=0.000 done_count=125
[Gate5 check] update_counter violations: t0=0 diffs=0
[Gate5 check] opt_step violations: t0=0 diffs=0 (expected_inc=16)
[Gate5 check] NaN masking: nan_on_skip=True finite_on_update=True
[Gate5 summary] mean_update_fraction=0.0481 final_executed_updates_mean=15.00
[Gate5 eval] done_count mean=100.0 CSR mean=0.0100 len_end_mean=26.00
[Gate5 eval] episodes_per_env=4 T_eval=104
[Gate5 eval-debug] locked_eps_occ=0.20 pre(step25): dbar_end=0.511210 occupied_end_mean=0.470000 max_tilde_end_mean=0.750693 CSR@locked=0.010000
[Gate5 eval-debug] locked_eps_occ=0.20 post(step26): dbar_end=0.502843 occupied_end_mean=0.490000 max_tilde_end_mean=0.742430 CSR@locked=0.010000
[Gate5 eval-debug] CSR_pre@0.10=0.0000 CSR_pre@0.15=0.0000 CSR_pre@0.20=0.0100 CSR_pre@0.25=0.0200 CSR_pre@0.30=0.0300
[Gate5 eval-debug] CSR_post@0.10=0.0000 CSR_post@0.15=0.0100 CSR_post@0.20=0.0100 CSR_post@0.25=0.0100 CSR_post@0.30=0.0300
