Importing submoduled environments...
Submoduled environments not found. Skipping import.
[upd 0] u=1 upd_ctr=1 opt_step=16 E=0.066 g=0.082 VarTD=0.214117 ret_end=-27.772 dbar_end=0.796 occ_end=0.070 CSR_train=0.000 done_count=100
[upd 10] u=0 upd_ctr=1 opt_step=16 E=0.807 g=0.092 VarTD=0.178600 ret_end=-26.630 dbar_end=0.760 occ_end=0.136 CSR_train=0.000 done_count=125
[upd 20] u=0 upd_ctr=2 opt_step=32 E=0.550 g=0.108 VarTD=0.147154 ret_end=-27.247 dbar_end=0.708 occ_end=0.160 CSR_train=0.000 done_count=125
[upd 30] u=0 upd_ctr=3 opt_step=48 E=0.306 g=0.099 VarTD=0.165758 ret_end=-26.816 dbar_end=0.737 occ_end=0.216 CSR_train=0.000 done_count=125
[upd 40] u=1 upd_ctr=4 opt_step=64 E=0.082 g=0.102 VarTD=0.143242 ret_end=-26.349 dbar_end=0.726 occ_end=0.152 CSR_train=0.000 done_count=125
[upd 50] u=0 upd_ctr=4 opt_step=64 E=0.933 g=0.107 VarTD=0.149275 ret_end=-26.606 dbar_end=0.712 occ_end=0.200 CSR_train=0.000 done_count=125
[upd 60] u=0 upd_ctr=5 opt_step=80 E=0.758 g=0.104 VarTD=0.163004 ret_end=-27.065 dbar_end=0.721 occ_end=0.128 CSR_train=0.000 done_count=125
[upd 70] u=0 upd_ctr=6 opt_step=96 E=0.606 g=0.106 VarTD=0.168189 ret_end=-26.140 dbar_end=0.716 occ_end=0.160 CSR_train=0.000 done_count=125
[upd 80] u=0 upd_ctr=7 opt_step=112 E=0.483 g=0.114 VarTD=0.142328 ret_end=-27.680 dbar_end=0.691 occ_end=0.232 CSR_train=0.000 done_count=125
[upd 90] u=0 upd_ctr=8 opt_step=128 E=0.390 g=0.116 VarTD=0.146297 ret_end=-26.064 dbar_end=0.686 occ_end=0.216 CSR_train=0.000 done_count=125
[upd 100] u=0 upd_ctr=9 opt_step=144 E=0.294 g=0.121 VarTD=0.162128 ret_end=-25.374 dbar_end=0.672 occ_end=0.240 CSR_train=0.000 done_count=125
[upd 110] u=0 upd_ctr=10 opt_step=160 E=0.188 g=0.125 VarTD=0.176775 ret_end=-26.162 dbar_end=0.664 occ_end=0.240 CSR_train=0.000 done_count=125
[upd 120] u=1 upd_ctr=11 opt_step=176 E=0.094 g=0.117 VarTD=0.188015 ret_end=-26.179 dbar_end=0.682 occ_end=0.256 CSR_train=0.000 done_count=125
[upd 130] u=1 upd_ctr=12 opt_step=192 E=0.101 g=0.126 VarTD=0.182290 ret_end=-25.039 dbar_end=0.659 occ_end=0.240 CSR_train=0.000 done_count=100
[upd 140] u=1 upd_ctr=13 opt_step=208 E=0.105 g=0.131 VarTD=0.228335 ret_end=-25.244 dbar_end=0.648 occ_end=0.240 CSR_train=0.000 done_count=125
[upd 150] u=1 upd_ctr=14 opt_step=224 E=0.110 g=0.138 VarTD=0.238375 ret_end=-24.619 dbar_end=0.631 occ_end=0.232 CSR_train=0.000 done_count=125
[upd 160] u=1 upd_ctr=15 opt_step=240 E=0.115 g=0.143 VarTD=0.277068 ret_end=-24.802 dbar_end=0.619 occ_end=0.288 CSR_train=0.000 done_count=125
[upd 170] u=1 upd_ctr=16 opt_step=256 E=0.114 g=0.142 VarTD=0.292446 ret_end=-24.560 dbar_end=0.621 occ_end=0.200 CSR_train=0.008 done_count=125
[upd 180] u=0 upd_ctr=17 opt_step=272 E=0.242 g=0.165 VarTD=0.375520 ret_end=-23.267 dbar_end=0.573 occ_end=0.264 CSR_train=0.000 done_count=125
[upd 190] u=0 upd_ctr=18 opt_step=288 E=0.383 g=0.172 VarTD=0.455989 ret_end=-24.112 dbar_end=0.561 occ_end=0.352 CSR_train=0.000 done_count=125
[upd 200] u=0 upd_ctr=19 opt_step=304 E=0.486 g=0.155 VarTD=0.540262 ret_end=-23.907 dbar_end=0.594 occ_end=0.184 CSR_train=0.008 done_count=125
[upd 210] u=0 upd_ctr=20 opt_step=320 E=0.628 g=0.147 VarTD=0.609502 ret_end=-24.898 dbar_end=0.610 occ_end=0.256 CSR_train=0.000 done_count=125
[upd 220] u=0 upd_ctr=21 opt_step=336 E=0.882 g=0.161 VarTD=0.723872 ret_end=-23.529 dbar_end=0.582 occ_end=0.256 CSR_train=0.000 done_count=125
[upd 230] u=0 upd_ctr=22 opt_step=352 E=1.000 g=0.149 VarTD=0.842085 ret_end=-24.644 dbar_end=0.607 occ_end=0.224 CSR_train=0.000 done_count=125
[upd 240] u=1 upd_ctr=24 opt_step=384 E=0.116 g=0.145 VarTD=0.914377 ret_end=-24.094 dbar_end=0.615 occ_end=0.168 CSR_train=0.000 done_count=125
[upd 250] u=0 upd_ctr=25 opt_step=400 E=0.243 g=0.150 VarTD=1.146559 ret_end=-23.853 dbar_end=0.605 occ_end=0.232 CSR_train=0.008 done_count=125
[upd 260] u=0 upd_ctr=26 opt_step=416 E=0.361 g=0.150 VarTD=1.054860 ret_end=-24.019 dbar_end=0.604 occ_end=0.220 CSR_train=0.000 done_count=100
[upd 270] u=0 upd_ctr=27 opt_step=432 E=0.508 g=0.151 VarTD=1.444842 ret_end=-24.909 dbar_end=0.602 occ_end=0.248 CSR_train=0.008 done_count=125
[upd 280] u=0 upd_ctr=28 opt_step=448 E=0.606 g=0.157 VarTD=1.536597 ret_end=-23.509 dbar_end=0.589 occ_end=0.248 CSR_train=0.000 done_count=125
[upd 290] u=0 upd_ctr=29 opt_step=464 E=0.736 g=0.147 VarTD=1.716545 ret_end=-25.209 dbar_end=0.610 occ_end=0.232 CSR_train=0.000 done_count=125
[upd 300] u=0 upd_ctr=30 opt_step=480 E=0.876 g=0.166 VarTD=1.922109 ret_end=-24.185 dbar_end=0.573 occ_end=0.328 CSR_train=0.000 done_count=125
[upd 310] u=0 upd_ctr=31 opt_step=496 E=1.000 g=0.157 VarTD=2.038290 ret_end=-24.064 dbar_end=0.590 occ_end=0.248 CSR_train=0.000 done_count=125
[Gate5 check] update_counter violations: t0=0 diffs=0
[Gate5 check] opt_step violations: t0=0 diffs=0 (expected_inc=16)
[Gate5 check] NaN masking: nan_on_skip=True finite_on_update=True
[Gate5 summary] mean_update_fraction=0.1026 final_executed_updates_mean=32.00
[Gate5 eval] done_count mean=100.0 CSR mean=0.0000 len_end_mean=26.00
[Gate5 eval] episodes_per_env=4 T_eval=104
[Gate5 eval-debug] locked_eps_occ=0.20 pre(step25): dbar_end=0.482039 occupied_end_mean=0.430000 max_tilde_end_mean=0.694637 CSR@locked=0.000000
[Gate5 eval-debug] locked_eps_occ=0.20 post(step26): dbar_end=0.478490 occupied_end_mean=0.400000 max_tilde_end_mean=0.693738 CSR@locked=0.000000
[Gate5 eval-debug] CSR_pre@0.10=0.0000 CSR_pre@0.15=0.0000 CSR_pre@0.20=0.0000 CSR_pre@0.25=0.0000 CSR_pre@0.30=0.0200
[Gate5 eval-debug] CSR_post@0.10=0.0000 CSR_post@0.15=0.0000 CSR_post@0.20=0.0000 CSR_post@0.25=0.0000 CSR_post@0.30=0.0100
