Importing submoduled environments...
Submoduled environments not found. Skipping import.
[upd 0] u=1 upd_ctr=1 opt_step=16 E=0.123 g=0.073 VarTD=0.176583 ret_end=-28.932 dbar_end=0.832 occ_end=0.120 CSR_train=0.000 done_count=100
[upd 10] u=0 upd_ctr=1 opt_step=16 E=1.000 g=0.084 VarTD=0.145375 ret_end=-27.822 dbar_end=0.789 occ_end=0.112 CSR_train=0.000 done_count=125
[upd 20] u=1 upd_ctr=3 opt_step=48 E=0.114 g=0.102 VarTD=0.145607 ret_end=-26.873 dbar_end=0.727 occ_end=0.192 CSR_train=0.000 done_count=125
[upd 30] u=1 upd_ctr=4 opt_step=64 E=0.153 g=0.110 VarTD=0.132517 ret_end=-25.602 dbar_end=0.704 occ_end=0.256 CSR_train=0.008 done_count=125
[upd 40] u=0 upd_ctr=5 opt_step=80 E=0.224 g=0.107 VarTD=0.158004 ret_end=-26.523 dbar_end=0.712 occ_end=0.176 CSR_train=0.000 done_count=125
[upd 50] u=0 upd_ctr=6 opt_step=96 E=0.369 g=0.101 VarTD=0.183139 ret_end=-27.334 dbar_end=0.729 occ_end=0.168 CSR_train=0.000 done_count=125
[upd 60] u=0 upd_ctr=7 opt_step=112 E=0.503 g=0.114 VarTD=0.142747 ret_end=-25.486 dbar_end=0.692 occ_end=0.152 CSR_train=0.000 done_count=125
[upd 70] u=0 upd_ctr=8 opt_step=128 E=0.723 g=0.125 VarTD=0.152622 ret_end=-25.207 dbar_end=0.662 occ_end=0.184 CSR_train=0.000 done_count=125
[upd 80] u=0 upd_ctr=9 opt_step=144 E=0.917 g=0.112 VarTD=0.169346 ret_end=-27.018 dbar_end=0.699 occ_end=0.240 CSR_train=0.000 done_count=125
[upd 90] u=1 upd_ctr=11 opt_step=176 E=0.166 g=0.116 VarTD=0.171718 ret_end=-26.759 dbar_end=0.685 occ_end=0.224 CSR_train=0.000 done_count=125
[upd 100] u=0 upd_ctr=12 opt_step=192 E=0.440 g=0.131 VarTD=0.204200 ret_end=-26.038 dbar_end=0.648 occ_end=0.176 CSR_train=0.000 done_count=125
[upd 110] u=0 upd_ctr=13 opt_step=208 E=0.668 g=0.130 VarTD=0.226987 ret_end=-24.899 dbar_end=0.651 occ_end=0.176 CSR_train=0.000 done_count=125
[upd 120] u=0 upd_ctr=14 opt_step=224 E=0.958 g=0.140 VarTD=0.243699 ret_end=-24.923 dbar_end=0.626 occ_end=0.280 CSR_train=0.000 done_count=125
[upd 130] u=0 upd_ctr=16 opt_step=256 E=0.317 g=0.136 VarTD=0.302526 ret_end=-24.932 dbar_end=0.637 occ_end=0.220 CSR_train=0.000 done_count=100
[upd 140] u=0 upd_ctr=17 opt_step=272 E=0.685 g=0.127 VarTD=0.400858 ret_end=-25.807 dbar_end=0.658 occ_end=0.216 CSR_train=0.000 done_count=125
[upd 150] u=0 upd_ctr=18 opt_step=288 E=0.958 g=0.126 VarTD=0.483458 ret_end=-26.260 dbar_end=0.660 occ_end=0.240 CSR_train=0.000 done_count=125
[upd 160] u=0 upd_ctr=20 opt_step=320 E=0.325 g=0.133 VarTD=0.631158 ret_end=-25.407 dbar_end=0.643 occ_end=0.216 CSR_train=0.000 done_count=125
[upd 170] u=0 upd_ctr=21 opt_step=336 E=0.689 g=0.140 VarTD=0.698046 ret_end=-25.120 dbar_end=0.626 occ_end=0.248 CSR_train=0.000 done_count=125
[upd 180] u=0 upd_ctr=22 opt_step=352 E=0.975 g=0.150 VarTD=0.774370 ret_end=-23.921 dbar_end=0.604 occ_end=0.248 CSR_train=0.000 done_count=125
[upd 190] u=0 upd_ctr=24 opt_step=384 E=0.450 g=0.130 VarTD=1.014571 ret_end=-25.922 dbar_end=0.650 occ_end=0.192 CSR_train=0.008 done_count=125
[upd 200] u=0 upd_ctr=25 opt_step=400 E=0.919 g=0.141 VarTD=1.220126 ret_end=-25.662 dbar_end=0.624 occ_end=0.296 CSR_train=0.000 done_count=125
[upd 210] u=0 upd_ctr=27 opt_step=432 E=0.462 g=0.153 VarTD=1.423331 ret_end=-24.831 dbar_end=0.599 occ_end=0.176 CSR_train=0.000 done_count=125
[upd 220] u=0 upd_ctr=28 opt_step=448 E=0.960 g=0.158 VarTD=1.637964 ret_end=-24.435 dbar_end=0.587 occ_end=0.208 CSR_train=0.000 done_count=125
[upd 230] u=0 upd_ctr=30 opt_step=480 E=0.622 g=0.153 VarTD=1.846488 ret_end=-24.220 dbar_end=0.597 occ_end=0.248 CSR_train=0.000 done_count=125
[upd 240] u=1 upd_ctr=32 opt_step=512 E=0.192 g=0.146 VarTD=2.040665 ret_end=-25.311 dbar_end=0.612 occ_end=0.296 CSR_train=0.000 done_count=125
[upd 250] u=0 upd_ctr=33 opt_step=528 E=0.831 g=0.154 VarTD=2.369313 ret_end=-24.499 dbar_end=0.596 occ_end=0.248 CSR_train=0.000 done_count=125
[upd 260] u=0 upd_ctr=35 opt_step=560 E=0.523 g=0.175 VarTD=2.217578 ret_end=-23.054 dbar_end=0.554 occ_end=0.250 CSR_train=0.000 done_count=100
[upd 270] u=1 upd_ctr=37 opt_step=592 E=0.211 g=0.161 VarTD=2.916123 ret_end=-23.845 dbar_end=0.581 occ_end=0.288 CSR_train=0.000 done_count=125
[upd 280] u=0 upd_ctr=38 opt_step=608 E=0.876 g=0.163 VarTD=3.298578 ret_end=-23.924 dbar_end=0.578 occ_end=0.248 CSR_train=0.000 done_count=125
[upd 290] u=0 upd_ctr=40 opt_step=640 E=0.541 g=0.167 VarTD=3.610919 ret_end=-23.775 dbar_end=0.570 occ_end=0.360 CSR_train=0.000 done_count=125
[upd 300] u=1 upd_ctr=42 opt_step=672 E=0.225 g=0.175 VarTD=3.920295 ret_end=-23.444 dbar_end=0.555 occ_end=0.296 CSR_train=0.008 done_count=125
[upd 310] u=0 upd_ctr=43 opt_step=688 E=0.878 g=0.161 VarTD=4.104823 ret_end=-23.764 dbar_end=0.581 occ_end=0.208 CSR_train=0.000 done_count=125
[Gate5 check] update_counter violations: t0=0 diffs=0
[Gate5 check] opt_step violations: t0=0 diffs=0 (expected_inc=16)
[Gate5 check] NaN masking: nan_on_skip=True finite_on_update=True
[Gate5 summary] mean_update_fraction=0.1378 final_executed_updates_mean=43.00
[Gate5 eval] done_count mean=100.0 CSR mean=0.0000 len_end_mean=26.00
[Gate5 eval] episodes_per_env=4 T_eval=104
[Gate5 eval-debug] locked_eps_occ=0.20 pre(step25): dbar_end=0.513933 occupied_end_mean=0.370000 max_tilde_end_mean=0.758716 CSR@locked=0.000000
[Gate5 eval-debug] locked_eps_occ=0.20 post(step26): dbar_end=0.510561 occupied_end_mean=0.390000 max_tilde_end_mean=0.751018 CSR@locked=0.000000
[Gate5 eval-debug] CSR_pre@0.10=0.0000 CSR_pre@0.15=0.0000 CSR_pre@0.20=0.0000 CSR_pre@0.25=0.0100 CSR_pre@0.30=0.0300
[Gate5 eval-debug] CSR_post@0.10=0.0000 CSR_post@0.15=0.0000 CSR_post@0.20=0.0000 CSR_post@0.25=0.0000 CSR_post@0.30=0.0300
