Importing submoduled environments...
Submoduled environments not found. Skipping import.
[upd 0] u=1 upd_ctr=1 opt_step=16 E=0.076 g=0.084 VarTD=0.138136 ret_end=-27.863 dbar_end=0.788 occ_end=0.160 CSR_train=0.000 done_count=100
[upd 10] u=0 upd_ctr=1 opt_step=16 E=0.873 g=0.114 VarTD=0.122236 ret_end=-25.937 dbar_end=0.692 occ_end=0.192 CSR_train=0.000 done_count=125
[upd 20] u=0 upd_ctr=2 opt_step=32 E=0.686 g=0.095 VarTD=0.158672 ret_end=-27.148 dbar_end=0.751 occ_end=0.144 CSR_train=0.000 done_count=125
[upd 30] u=0 upd_ctr=3 opt_step=48 E=0.557 g=0.119 VarTD=0.152608 ret_end=-25.195 dbar_end=0.677 occ_end=0.208 CSR_train=0.000 done_count=125
[upd 40] u=0 upd_ctr=4 opt_step=64 E=0.453 g=0.113 VarTD=0.143241 ret_end=-25.868 dbar_end=0.695 occ_end=0.216 CSR_train=0.000 done_count=125
[upd 50] u=0 upd_ctr=5 opt_step=80 E=0.410 g=0.113 VarTD=0.151345 ret_end=-26.256 dbar_end=0.696 occ_end=0.160 CSR_train=0.000 done_count=125
[upd 60] u=0 upd_ctr=6 opt_step=96 E=0.305 g=0.117 VarTD=0.178663 ret_end=-27.108 dbar_end=0.685 occ_end=0.248 CSR_train=0.000 done_count=125
[upd 70] u=0 upd_ctr=7 opt_step=112 E=0.305 g=0.105 VarTD=0.180448 ret_end=-26.971 dbar_end=0.717 occ_end=0.168 CSR_train=0.000 done_count=125
[upd 80] u=0 upd_ctr=8 opt_step=128 E=0.327 g=0.120 VarTD=0.153686 ret_end=-26.099 dbar_end=0.676 occ_end=0.240 CSR_train=0.000 done_count=125
[upd 90] u=0 upd_ctr=9 opt_step=144 E=0.478 g=0.128 VarTD=0.155555 ret_end=-24.704 dbar_end=0.654 occ_end=0.272 CSR_train=0.000 done_count=125
[upd 100] u=0 upd_ctr=10 opt_step=160 E=0.617 g=0.154 VarTD=0.161115 ret_end=-23.821 dbar_end=0.595 occ_end=0.296 CSR_train=0.000 done_count=125
[upd 110] u=0 upd_ctr=11 opt_step=176 E=0.735 g=0.141 VarTD=0.176755 ret_end=-25.614 dbar_end=0.624 occ_end=0.192 CSR_train=0.000 done_count=125
[upd 120] u=0 upd_ctr=12 opt_step=192 E=0.920 g=0.133 VarTD=0.197825 ret_end=-25.041 dbar_end=0.641 occ_end=0.240 CSR_train=0.000 done_count=125
[upd 130] u=1 upd_ctr=14 opt_step=224 E=0.139 g=0.154 VarTD=0.222059 ret_end=-24.932 dbar_end=0.595 occ_end=0.320 CSR_train=0.000 done_count=100
[upd 140] u=0 upd_ctr=15 opt_step=240 E=0.396 g=0.154 VarTD=0.337367 ret_end=-25.214 dbar_end=0.596 occ_end=0.256 CSR_train=0.000 done_count=125
[upd 150] u=0 upd_ctr=16 opt_step=256 E=0.653 g=0.153 VarTD=0.338192 ret_end=-24.312 dbar_end=0.598 occ_end=0.280 CSR_train=0.000 done_count=125
[upd 160] u=0 upd_ctr=17 opt_step=272 E=1.000 g=0.163 VarTD=0.422947 ret_end=-24.081 dbar_end=0.577 occ_end=0.272 CSR_train=0.000 done_count=125
[upd 170] u=0 upd_ctr=19 opt_step=304 E=0.264 g=0.152 VarTD=0.542749 ret_end=-23.886 dbar_end=0.601 occ_end=0.296 CSR_train=0.008 done_count=125
[upd 180] u=0 upd_ctr=20 opt_step=320 E=0.598 g=0.163 VarTD=0.649261 ret_end=-23.694 dbar_end=0.578 occ_end=0.256 CSR_train=0.008 done_count=125
[upd 190] u=0 upd_ctr=21 opt_step=336 E=1.000 g=0.161 VarTD=0.721924 ret_end=-24.315 dbar_end=0.581 occ_end=0.288 CSR_train=0.000 done_count=125
[upd 200] u=0 upd_ctr=23 opt_step=368 E=0.454 g=0.154 VarTD=0.911483 ret_end=-23.877 dbar_end=0.596 occ_end=0.280 CSR_train=0.008 done_count=125
[upd 210] u=0 upd_ctr=24 opt_step=384 E=0.902 g=0.162 VarTD=1.050029 ret_end=-24.520 dbar_end=0.581 occ_end=0.336 CSR_train=0.000 done_count=125
[upd 220] u=0 upd_ctr=26 opt_step=416 E=0.277 g=0.147 VarTD=1.281493 ret_end=-24.932 dbar_end=0.610 occ_end=0.288 CSR_train=0.000 done_count=125
[upd 230] u=0 upd_ctr=27 opt_step=432 E=0.602 g=0.172 VarTD=1.447725 ret_end=-23.287 dbar_end=0.561 occ_end=0.264 CSR_train=0.000 done_count=125
[upd 240] u=0 upd_ctr=28 opt_step=448 E=1.000 g=0.174 VarTD=1.590183 ret_end=-23.503 dbar_end=0.556 occ_end=0.312 CSR_train=0.000 done_count=125
[upd 250] u=0 upd_ctr=30 opt_step=480 E=0.469 g=0.181 VarTD=1.930988 ret_end=-23.629 dbar_end=0.545 occ_end=0.248 CSR_train=0.000 done_count=125
[upd 260] u=0 upd_ctr=31 opt_step=496 E=0.922 g=0.160 VarTD=1.678782 ret_end=-24.150 dbar_end=0.583 occ_end=0.280 CSR_train=0.000 done_count=100
[upd 270] u=0 upd_ctr=33 opt_step=528 E=0.299 g=0.169 VarTD=2.366940 ret_end=-23.286 dbar_end=0.565 occ_end=0.320 CSR_train=0.000 done_count=125
[upd 280] u=0 upd_ctr=34 opt_step=544 E=0.808 g=0.176 VarTD=2.547695 ret_end=-24.053 dbar_end=0.554 occ_end=0.280 CSR_train=0.000 done_count=125
[upd 290] u=1 upd_ctr=36 opt_step=576 E=0.158 g=0.175 VarTD=2.677434 ret_end=-22.690 dbar_end=0.555 occ_end=0.288 CSR_train=0.000 done_count=125
[upd 300] u=0 upd_ctr=37 opt_step=592 E=0.603 g=0.171 VarTD=3.019274 ret_end=-23.909 dbar_end=0.563 occ_end=0.368 CSR_train=0.000 done_count=125
[upd 310] u=0 upd_ctr=38 opt_step=608 E=1.000 g=0.165 VarTD=3.147269 ret_end=-23.649 dbar_end=0.573 occ_end=0.320 CSR_train=0.000 done_count=125
[Gate5 check] update_counter violations: t0=0 diffs=0
[Gate5 check] opt_step violations: t0=0 diffs=0 (expected_inc=16)
[Gate5 check] NaN masking: nan_on_skip=True finite_on_update=True
[Gate5 summary] mean_update_fraction=0.1250 final_executed_updates_mean=39.00
[Gate5 eval] done_count mean=100.0 CSR mean=0.0200 len_end_mean=26.00
[Gate5 eval] episodes_per_env=4 T_eval=104
[Gate5 eval-debug] locked_eps_occ=0.20 pre(step25): dbar_end=0.454631 occupied_end_mean=0.470000 max_tilde_end_mean=0.654551 CSR@locked=0.020000
[Gate5 eval-debug] locked_eps_occ=0.20 post(step26): dbar_end=0.454536 occupied_end_mean=0.490000 max_tilde_end_mean=0.649861 CSR@locked=0.020000
[Gate5 eval-debug] CSR_pre@0.10=0.0000 CSR_pre@0.15=0.0100 CSR_pre@0.20=0.0200 CSR_pre@0.25=0.0300 CSR_pre@0.30=0.0600
[Gate5 eval-debug] CSR_post@0.10=0.0000 CSR_post@0.15=0.0100 CSR_post@0.20=0.0200 CSR_post@0.25=0.0300 CSR_post@0.30=0.0600
