Importing submoduled environments...
Submoduled environments not found. Skipping import.
[upd 0] u=1 upd_ctr=1 opt_step=16 E=0.248 g=0.079 VarTD=0.177244 ret_end=-28.332 dbar_end=0.807 occ_end=0.140 CSR_train=0.000 done_count=100
[upd 10] u=0 upd_ctr=1 opt_step=16 E=0.807 g=0.093 VarTD=0.147298 ret_end=-27.080 dbar_end=0.756 occ_end=0.144 CSR_train=0.000 done_count=125
[upd 20] u=0 upd_ctr=2 opt_step=32 E=0.614 g=0.091 VarTD=0.156231 ret_end=-27.669 dbar_end=0.764 occ_end=0.160 CSR_train=0.000 done_count=125
[upd 30] u=0 upd_ctr=3 opt_step=48 E=0.419 g=0.109 VarTD=0.166049 ret_end=-26.856 dbar_end=0.707 occ_end=0.216 CSR_train=0.000 done_count=125
[upd 40] u=0 upd_ctr=4 opt_step=64 E=0.252 g=0.107 VarTD=0.152889 ret_end=-26.766 dbar_end=0.711 occ_end=0.208 CSR_train=0.000 done_count=125
[upd 50] u=1 upd_ctr=5 opt_step=80 E=0.101 g=0.108 VarTD=0.133062 ret_end=-26.303 dbar_end=0.710 occ_end=0.176 CSR_train=0.000 done_count=125
[upd 60] u=0 upd_ctr=5 opt_step=80 E=0.760 g=0.111 VarTD=0.144790 ret_end=-26.373 dbar_end=0.701 occ_end=0.224 CSR_train=0.000 done_count=125
[upd 70] u=0 upd_ctr=6 opt_step=96 E=0.646 g=0.107 VarTD=0.166521 ret_end=-27.679 dbar_end=0.711 occ_end=0.176 CSR_train=0.008 done_count=125
[upd 80] u=0 upd_ctr=7 opt_step=112 E=0.532 g=0.114 VarTD=0.164515 ret_end=-26.468 dbar_end=0.691 occ_end=0.192 CSR_train=0.000 done_count=125
[upd 90] u=0 upd_ctr=8 opt_step=128 E=0.435 g=0.121 VarTD=0.149041 ret_end=-25.495 dbar_end=0.672 occ_end=0.208 CSR_train=0.000 done_count=125
[upd 100] u=0 upd_ctr=9 opt_step=144 E=0.362 g=0.122 VarTD=0.164850 ret_end=-25.862 dbar_end=0.670 occ_end=0.256 CSR_train=0.000 done_count=125
[upd 110] u=0 upd_ctr=10 opt_step=160 E=0.288 g=0.112 VarTD=0.161490 ret_end=-26.380 dbar_end=0.697 occ_end=0.184 CSR_train=0.000 done_count=125
[upd 120] u=0 upd_ctr=11 opt_step=176 E=0.289 g=0.140 VarTD=0.191574 ret_end=-25.936 dbar_end=0.627 occ_end=0.200 CSR_train=0.000 done_count=125
[Gate5 check] update_counter violations: t0=0 diffs=0
[Gate5 check] opt_step violations: t0=0 diffs=0 (expected_inc=16)
[Gate5 check] NaN masking: nan_on_skip=True finite_on_update=True
[Gate5 summary] mean_update_fraction=0.0880 final_executed_updates_mean=11.00
[Gate5 eval] done_count mean=100.0 CSR mean=0.0000 len_end_mean=26.00
[Gate5 eval] episodes_per_env=4 T_eval=104
[Gate5 eval-debug] locked_eps_occ=0.20 pre(step25): dbar_end=0.575608 occupied_end_mean=0.250000 max_tilde_end_mean=0.842572 CSR@locked=0.000000
[Gate5 eval-debug] locked_eps_occ=0.20 post(step26): dbar_end=0.575558 occupied_end_mean=0.270000 max_tilde_end_mean=0.845072 CSR@locked=0.000000
[Gate5 eval-debug] CSR_pre@0.10=0.0000 CSR_pre@0.15=0.0000 CSR_pre@0.20=0.0000 CSR_pre@0.25=0.0000 CSR_pre@0.30=0.0200
[Gate5 eval-debug] CSR_post@0.10=0.0000 CSR_post@0.15=0.0000 CSR_post@0.20=0.0000 CSR_post@0.25=0.0000 CSR_post@0.30=0.0200
