Importing submoduled environments...
Submoduled environments not found. Skipping import.
[upd 0] u=1 upd_ctr=1 opt_step=16 E=0.139 g=0.099 VarTD=0.140656 ret_end=-26.323 dbar_end=0.738 occ_end=0.170 CSR_train=0.000 done_count=100
[upd 10] u=0 upd_ctr=1 opt_step=16 E=0.945 g=0.094 VarTD=0.164372 ret_end=-27.885 dbar_end=0.755 occ_end=0.144 CSR_train=0.000 done_count=125
[upd 20] u=0 upd_ctr=2 opt_step=32 E=0.793 g=0.090 VarTD=0.153217 ret_end=-27.798 dbar_end=0.766 occ_end=0.096 CSR_train=0.000 done_count=125
[upd 30] u=0 upd_ctr=3 opt_step=48 E=0.682 g=0.092 VarTD=0.184273 ret_end=-27.184 dbar_end=0.759 occ_end=0.144 CSR_train=0.000 done_count=125
[upd 40] u=0 upd_ctr=4 opt_step=64 E=0.606 g=0.098 VarTD=0.143071 ret_end=-26.850 dbar_end=0.741 occ_end=0.176 CSR_train=0.000 done_count=125
[upd 50] u=0 upd_ctr=5 opt_step=80 E=0.566 g=0.106 VarTD=0.135591 ret_end=-26.709 dbar_end=0.713 occ_end=0.112 CSR_train=0.000 done_count=125
[upd 60] u=0 upd_ctr=6 opt_step=96 E=0.536 g=0.099 VarTD=0.141419 ret_end=-26.992 dbar_end=0.738 occ_end=0.168 CSR_train=0.000 done_count=125
[upd 70] u=0 upd_ctr=7 opt_step=112 E=0.565 g=0.118 VarTD=0.138551 ret_end=-26.045 dbar_end=0.681 occ_end=0.224 CSR_train=0.000 done_count=125
[upd 80] u=0 upd_ctr=8 opt_step=128 E=0.616 g=0.110 VarTD=0.167431 ret_end=-26.490 dbar_end=0.703 occ_end=0.192 CSR_train=0.000 done_count=125
[upd 90] u=0 upd_ctr=9 opt_step=144 E=0.704 g=0.132 VarTD=0.139773 ret_end=-24.417 dbar_end=0.645 occ_end=0.240 CSR_train=0.000 done_count=125
[upd 100] u=0 upd_ctr=10 opt_step=160 E=0.841 g=0.114 VarTD=0.183646 ret_end=-26.552 dbar_end=0.692 occ_end=0.184 CSR_train=0.000 done_count=125
[upd 110] u=0 upd_ctr=11 opt_step=176 E=0.965 g=0.127 VarTD=0.180480 ret_end=-25.982 dbar_end=0.658 occ_end=0.232 CSR_train=0.000 done_count=125
[upd 120] u=0 upd_ctr=13 opt_step=208 E=0.294 g=0.151 VarTD=0.202006 ret_end=-24.802 dbar_end=0.602 occ_end=0.272 CSR_train=0.000 done_count=125
[upd 130] u=0 upd_ctr=14 opt_step=224 E=0.567 g=0.137 VarTD=0.218820 ret_end=-25.377 dbar_end=0.632 occ_end=0.250 CSR_train=0.000 done_count=100
[upd 140] u=0 upd_ctr=15 opt_step=240 E=0.925 g=0.139 VarTD=0.269589 ret_end=-24.488 dbar_end=0.628 occ_end=0.184 CSR_train=0.000 done_count=125
[upd 150] u=0 upd_ctr=17 opt_step=272 E=0.301 g=0.133 VarTD=0.397865 ret_end=-24.554 dbar_end=0.642 occ_end=0.184 CSR_train=0.000 done_count=125
[upd 160] u=0 upd_ctr=18 opt_step=288 E=0.693 g=0.151 VarTD=0.443172 ret_end=-23.844 dbar_end=0.602 occ_end=0.272 CSR_train=0.000 done_count=125
[upd 170] u=1 upd_ctr=20 opt_step=320 E=0.169 g=0.163 VarTD=0.544963 ret_end=-24.287 dbar_end=0.578 occ_end=0.288 CSR_train=0.008 done_count=125
[upd 180] u=0 upd_ctr=21 opt_step=336 E=0.611 g=0.159 VarTD=0.714100 ret_end=-24.769 dbar_end=0.586 occ_end=0.256 CSR_train=0.000 done_count=125
[upd 190] u=0 upd_ctr=22 opt_step=352 E=1.000 g=0.163 VarTD=0.834491 ret_end=-23.844 dbar_end=0.578 occ_end=0.304 CSR_train=0.000 done_count=125
[upd 200] u=0 upd_ctr=24 opt_step=384 E=0.492 g=0.151 VarTD=0.998601 ret_end=-24.445 dbar_end=0.602 occ_end=0.248 CSR_train=0.000 done_count=125
[upd 210] u=0 upd_ctr=25 opt_step=400 E=1.000 g=0.161 VarTD=1.143483 ret_end=-24.684 dbar_end=0.582 occ_end=0.320 CSR_train=0.000 done_count=125
[upd 220] u=0 upd_ctr=27 opt_step=432 E=0.645 g=0.188 VarTD=1.477261 ret_end=-24.216 dbar_end=0.533 occ_end=0.392 CSR_train=0.000 done_count=125
[upd 230] u=1 upd_ctr=29 opt_step=464 E=0.190 g=0.170 VarTD=1.566408 ret_end=-23.835 dbar_end=0.564 occ_end=0.224 CSR_train=0.000 done_count=125
[upd 240] u=0 upd_ctr=30 opt_step=480 E=0.655 g=0.172 VarTD=1.833341 ret_end=-23.463 dbar_end=0.561 occ_end=0.304 CSR_train=0.000 done_count=125
[upd 250] u=1 upd_ctr=32 opt_step=512 E=0.202 g=0.169 VarTD=2.036570 ret_end=-24.827 dbar_end=0.566 occ_end=0.304 CSR_train=0.000 done_count=125
[upd 260] u=0 upd_ctr=33 opt_step=528 E=0.779 g=0.159 VarTD=1.887482 ret_end=-24.114 dbar_end=0.585 occ_end=0.200 CSR_train=0.000 done_count=100
[upd 270] u=0 upd_ctr=35 opt_step=560 E=0.376 g=0.183 VarTD=2.689194 ret_end=-22.358 dbar_end=0.540 occ_end=0.320 CSR_train=0.000 done_count=125
[upd 280] u=0 upd_ctr=36 opt_step=576 E=1.000 g=0.204 VarTD=2.961739 ret_end=-22.638 dbar_end=0.506 occ_end=0.360 CSR_train=0.000 done_count=125
[upd 290] u=0 upd_ctr=38 opt_step=608 E=0.699 g=0.191 VarTD=3.210934 ret_end=-22.708 dbar_end=0.528 occ_end=0.352 CSR_train=0.000 done_count=125
[upd 300] u=0 upd_ctr=40 opt_step=640 E=0.388 g=0.188 VarTD=3.570206 ret_end=-23.132 dbar_end=0.532 occ_end=0.248 CSR_train=0.008 done_count=125
[upd 310] u=0 upd_ctr=41 opt_step=656 E=1.000 g=0.175 VarTD=3.729565 ret_end=-23.948 dbar_end=0.555 occ_end=0.304 CSR_train=0.008 done_count=125
[Gate5 check] update_counter violations: t0=0 diffs=0
[Gate5 check] opt_step violations: t0=0 diffs=0 (expected_inc=16)
[Gate5 check] NaN masking: nan_on_skip=True finite_on_update=True
[Gate5 summary] mean_update_fraction=0.1346 final_executed_updates_mean=42.00
[Gate5 eval] done_count mean=100.0 CSR mean=0.0000 len_end_mean=26.00
[Gate5 eval] episodes_per_env=4 T_eval=104
[Gate5 eval-debug] locked_eps_occ=0.20 pre(step25): dbar_end=0.484127 occupied_end_mean=0.460000 max_tilde_end_mean=0.691768 CSR@locked=0.020000
[Gate5 eval-debug] locked_eps_occ=0.20 post(step26): dbar_end=0.486422 occupied_end_mean=0.380000 max_tilde_end_mean=0.686782 CSR@locked=0.000000
[Gate5 eval-debug] CSR_pre@0.10=0.0000 CSR_pre@0.15=0.0000 CSR_pre@0.20=0.0200 CSR_pre@0.25=0.0300 CSR_pre@0.30=0.0500
[Gate5 eval-debug] CSR_post@0.10=0.0000 CSR_post@0.15=0.0000 CSR_post@0.20=0.0000 CSR_post@0.25=0.0300 CSR_post@0.30=0.0300
