Importing submoduled environments...
Submoduled environments not found. Skipping import.
[upd 0] u=1 upd_ctr=1 opt_step=16 E=0.900 g=0.096 VarTD=0.164885 ret_end=-27.291 dbar_end=0.746 occ_end=0.170 CSR_train=0.000 done_count=100
[upd 10] u=0 upd_ctr=9 opt_step=144 E=0.100 g=0.130 VarTD=0.156856 ret_end=-25.761 dbar_end=0.649 occ_end=0.152 CSR_train=0.000 done_count=125
[upd 20] u=0 upd_ctr=9 opt_step=144 E=0.100 g=0.136 VarTD=0.158332 ret_end=-25.322 dbar_end=0.635 occ_end=0.224 CSR_train=0.000 done_count=125
[upd 30] u=0 upd_ctr=9 opt_step=144 E=0.100 g=0.148 VarTD=0.158491 ret_end=-24.535 dbar_end=0.609 occ_end=0.264 CSR_train=0.000 done_count=125
[upd 40] u=0 upd_ctr=9 opt_step=144 E=0.100 g=0.129 VarTD=0.153504 ret_end=-25.238 dbar_end=0.652 occ_end=0.264 CSR_train=0.000 done_count=125
[upd 50] u=0 upd_ctr=9 opt_step=144 E=0.100 g=0.123 VarTD=0.154780 ret_end=-25.454 dbar_end=0.666 occ_end=0.240 CSR_train=0.000 done_count=125
[upd 60] u=0 upd_ctr=9 opt_step=144 E=0.100 g=0.111 VarTD=0.187880 ret_end=-26.846 dbar_end=0.699 occ_end=0.168 CSR_train=0.000 done_count=125
[upd 70] u=0 upd_ctr=9 opt_step=144 E=0.100 g=0.128 VarTD=0.166372 ret_end=-25.718 dbar_end=0.654 occ_end=0.208 CSR_train=0.000 done_count=125
[upd 80] u=0 upd_ctr=9 opt_step=144 E=0.100 g=0.128 VarTD=0.158934 ret_end=-25.402 dbar_end=0.654 occ_end=0.168 CSR_train=0.000 done_count=125
[upd 90] u=0 upd_ctr=9 opt_step=144 E=0.100 g=0.129 VarTD=0.160699 ret_end=-25.329 dbar_end=0.651 occ_end=0.176 CSR_train=0.000 done_count=125
[upd 100] u=0 upd_ctr=9 opt_step=144 E=0.100 g=0.127 VarTD=0.136101 ret_end=-25.947 dbar_end=0.657 occ_end=0.232 CSR_train=0.008 done_count=125
[upd 110] u=0 upd_ctr=9 opt_step=144 E=0.100 g=0.139 VarTD=0.157539 ret_end=-24.544 dbar_end=0.629 occ_end=0.248 CSR_train=0.000 done_count=125
[upd 120] u=0 upd_ctr=9 opt_step=144 E=0.100 g=0.122 VarTD=0.169583 ret_end=-25.762 dbar_end=0.671 occ_end=0.248 CSR_train=0.000 done_count=125
[Gate5 check] update_counter violations: t0=0 diffs=0
[Gate5 check] opt_step violations: t0=0 diffs=0 (expected_inc=16)
[Gate5 check] NaN masking: nan_on_skip=True finite_on_update=True
[Gate5 summary] mean_update_fraction=0.0720 final_executed_updates_mean=9.00
[Gate5 eval] done_count mean=100.0 CSR mean=0.0000 len_end_mean=26.00
[Gate5 eval] episodes_per_env=4 T_eval=104
[Gate5 eval-debug] locked_eps_occ=0.20 pre(step25): dbar_end=0.497053 occupied_end_mean=0.450000 max_tilde_end_mean=0.724939 CSR@locked=0.010000
[Gate5 eval-debug] locked_eps_occ=0.20 post(step26): dbar_end=0.501115 occupied_end_mean=0.360000 max_tilde_end_mean=0.728436 CSR@locked=0.000000
[Gate5 eval-debug] CSR_pre@0.10=0.0000 CSR_pre@0.15=0.0000 CSR_pre@0.20=0.0100 CSR_pre@0.25=0.0200 CSR_pre@0.30=0.0500
[Gate5 eval-debug] CSR_post@0.10=0.0000 CSR_post@0.15=0.0000 CSR_post@0.20=0.0000 CSR_post@0.25=0.0200 CSR_post@0.30=0.0500
