Importing submoduled environments...
Submoduled environments not found. Skipping import.
[upd 0] u=1 upd_ctr=1 opt_step=16 E=0.440 g=0.083 VarTD=0.159821 ret_end=-27.605 dbar_end=0.794 occ_end=0.110 CSR_train=0.000 done_count=100
[upd 10] u=0 upd_ctr=1 opt_step=16 E=0.440 g=0.089 VarTD=0.166459 ret_end=-27.505 dbar_end=0.772 occ_end=0.192 CSR_train=0.000 done_count=125
[upd 20] u=0 upd_ctr=1 opt_step=16 E=0.440 g=0.091 VarTD=0.173849 ret_end=-27.263 dbar_end=0.763 occ_end=0.144 CSR_train=0.000 done_count=125
[upd 30] u=0 upd_ctr=1 opt_step=16 E=0.440 g=0.097 VarTD=0.162997 ret_end=-26.951 dbar_end=0.742 occ_end=0.152 CSR_train=0.008 done_count=125
[upd 40] u=0 upd_ctr=1 opt_step=16 E=0.440 g=0.090 VarTD=0.155795 ret_end=-27.761 dbar_end=0.767 occ_end=0.168 CSR_train=0.000 done_count=125
[upd 50] u=0 upd_ctr=1 opt_step=16 E=0.440 g=0.079 VarTD=0.167100 ret_end=-28.643 dbar_end=0.810 occ_end=0.120 CSR_train=0.000 done_count=125
[upd 60] u=0 upd_ctr=1 opt_step=16 E=0.440 g=0.083 VarTD=0.160219 ret_end=-28.190 dbar_end=0.794 occ_end=0.128 CSR_train=0.000 done_count=125
[upd 70] u=0 upd_ctr=1 opt_step=16 E=0.440 g=0.095 VarTD=0.159793 ret_end=-27.127 dbar_end=0.749 occ_end=0.152 CSR_train=0.000 done_count=125
[upd 80] u=0 upd_ctr=1 opt_step=16 E=0.440 g=0.088 VarTD=0.164075 ret_end=-27.745 dbar_end=0.776 occ_end=0.160 CSR_train=0.000 done_count=125
[upd 90] u=0 upd_ctr=1 opt_step=16 E=0.440 g=0.107 VarTD=0.170119 ret_end=-26.892 dbar_end=0.711 occ_end=0.184 CSR_train=0.000 done_count=125
[upd 100] u=0 upd_ctr=1 opt_step=16 E=0.440 g=0.083 VarTD=0.179555 ret_end=-28.821 dbar_end=0.792 occ_end=0.112 CSR_train=0.000 done_count=125
[upd 110] u=0 upd_ctr=1 opt_step=16 E=0.440 g=0.097 VarTD=0.185158 ret_end=-26.708 dbar_end=0.744 occ_end=0.120 CSR_train=0.000 done_count=125
[upd 120] u=0 upd_ctr=1 opt_step=16 E=0.440 g=0.090 VarTD=0.143295 ret_end=-27.166 dbar_end=0.766 occ_end=0.144 CSR_train=0.000 done_count=125
[upd 130] u=0 upd_ctr=1 opt_step=16 E=0.440 g=0.092 VarTD=0.182481 ret_end=-27.470 dbar_end=0.760 occ_end=0.100 CSR_train=0.000 done_count=100
[upd 140] u=0 upd_ctr=1 opt_step=16 E=0.440 g=0.098 VarTD=0.162936 ret_end=-27.516 dbar_end=0.741 occ_end=0.184 CSR_train=0.000 done_count=125
[upd 150] u=0 upd_ctr=1 opt_step=16 E=0.440 g=0.095 VarTD=0.162375 ret_end=-27.716 dbar_end=0.749 occ_end=0.168 CSR_train=0.000 done_count=125
[upd 160] u=0 upd_ctr=1 opt_step=16 E=0.440 g=0.095 VarTD=0.174350 ret_end=-27.288 dbar_end=0.750 occ_end=0.152 CSR_train=0.000 done_count=125
[upd 170] u=0 upd_ctr=1 opt_step=16 E=0.440 g=0.090 VarTD=0.174041 ret_end=-27.574 dbar_end=0.767 occ_end=0.200 CSR_train=0.000 done_count=125
[upd 180] u=0 upd_ctr=1 opt_step=16 E=0.440 g=0.080 VarTD=0.186219 ret_end=-28.142 dbar_end=0.803 occ_end=0.096 CSR_train=0.000 done_count=125
[upd 190] u=0 upd_ctr=1 opt_step=16 E=0.440 g=0.086 VarTD=0.181598 ret_end=-28.384 dbar_end=0.780 occ_end=0.112 CSR_train=0.000 done_count=125
[upd 200] u=0 upd_ctr=1 opt_step=16 E=0.440 g=0.085 VarTD=0.183192 ret_end=-27.637 dbar_end=0.785 occ_end=0.080 CSR_train=0.000 done_count=125
[upd 210] u=0 upd_ctr=1 opt_step=16 E=0.440 g=0.087 VarTD=0.162729 ret_end=-28.466 dbar_end=0.777 occ_end=0.208 CSR_train=0.008 done_count=125
[upd 220] u=0 upd_ctr=1 opt_step=16 E=0.440 g=0.101 VarTD=0.154744 ret_end=-26.889 dbar_end=0.730 occ_end=0.168 CSR_train=0.000 done_count=125
[upd 230] u=0 upd_ctr=1 opt_step=16 E=0.440 g=0.089 VarTD=0.169411 ret_end=-28.890 dbar_end=0.770 occ_end=0.144 CSR_train=0.000 done_count=125
[upd 240] u=0 upd_ctr=1 opt_step=16 E=0.440 g=0.082 VarTD=0.170124 ret_end=-28.098 dbar_end=0.798 occ_end=0.136 CSR_train=0.000 done_count=125
[upd 250] u=0 upd_ctr=1 opt_step=16 E=0.440 g=0.087 VarTD=0.171462 ret_end=-28.629 dbar_end=0.777 occ_end=0.128 CSR_train=0.000 done_count=125
[upd 260] u=0 upd_ctr=1 opt_step=16 E=0.440 g=0.093 VarTD=0.164895 ret_end=-27.484 dbar_end=0.756 occ_end=0.140 CSR_train=0.000 done_count=100
[upd 270] u=0 upd_ctr=1 opt_step=16 E=0.440 g=0.088 VarTD=0.146018 ret_end=-26.799 dbar_end=0.774 occ_end=0.096 CSR_train=0.000 done_count=125
[upd 280] u=0 upd_ctr=1 opt_step=16 E=0.440 g=0.090 VarTD=0.164340 ret_end=-27.875 dbar_end=0.766 occ_end=0.144 CSR_train=0.000 done_count=125
[upd 290] u=0 upd_ctr=1 opt_step=16 E=0.440 g=0.091 VarTD=0.172337 ret_end=-28.204 dbar_end=0.764 occ_end=0.152 CSR_train=0.000 done_count=125
[upd 300] u=0 upd_ctr=1 opt_step=16 E=0.440 g=0.080 VarTD=0.163845 ret_end=-28.303 dbar_end=0.804 occ_end=0.144 CSR_train=0.000 done_count=125
[upd 310] u=0 upd_ctr=1 opt_step=16 E=0.440 g=0.083 VarTD=0.161046 ret_end=-27.377 dbar_end=0.793 occ_end=0.080 CSR_train=0.000 done_count=125
[Gate5 check] update_counter violations: t0=0 diffs=0
[Gate5 check] opt_step violations: t0=0 diffs=0 (expected_inc=16)
[Gate5 check] NaN masking: nan_on_skip=True finite_on_update=True
[Gate5 summary] mean_update_fraction=0.0032 final_executed_updates_mean=1.00
[Gate5 eval] done_count mean=100.0 CSR mean=0.0000 len_end_mean=26.00
[Gate5 eval] episodes_per_env=4 T_eval=104
[Gate5 eval-debug] locked_eps_occ=0.20 pre(step25): dbar_end=0.681120 occupied_end_mean=0.220000 max_tilde_end_mean=0.943083 CSR@locked=0.000000
[Gate5 eval-debug] locked_eps_occ=0.20 post(step26): dbar_end=0.684590 occupied_end_mean=0.190000 max_tilde_end_mean=0.948886 CSR@locked=0.000000
[Gate5 eval-debug] CSR_pre@0.10=0.0000 CSR_pre@0.15=0.0000 CSR_pre@0.20=0.0000 CSR_pre@0.25=0.0000 CSR_pre@0.30=0.0000
[Gate5 eval-debug] CSR_post@0.10=0.0000 CSR_post@0.15=0.0000 CSR_post@0.20=0.0000 CSR_post@0.25=0.0000 CSR_post@0.30=0.0000
