Importing submoduled environments...
Submoduled environments not found. Skipping import.
[upd 0] u=1 upd_ctr=1 opt_step=16 E=0.046 g=0.091 VarTD=0.177780 ret_end=-27.116 dbar_end=0.762 occ_end=0.220 CSR_train=0.000 done_count=100
[upd 10] u=0 upd_ctr=1 opt_step=16 E=0.501 g=0.084 VarTD=0.168711 ret_end=-27.749 dbar_end=0.791 occ_end=0.120 CSR_train=0.000 done_count=125
[upd 20] u=0 upd_ctr=1 opt_step=16 E=0.982 g=0.094 VarTD=0.155229 ret_end=-27.163 dbar_end=0.752 occ_end=0.168 CSR_train=0.000 done_count=125
[upd 30] u=0 upd_ctr=2 opt_step=32 E=0.454 g=0.090 VarTD=0.180544 ret_end=-27.781 dbar_end=0.767 occ_end=0.128 CSR_train=0.000 done_count=125
[upd 40] u=0 upd_ctr=2 opt_step=32 E=0.942 g=0.099 VarTD=0.157830 ret_end=-27.266 dbar_end=0.737 occ_end=0.192 CSR_train=0.000 done_count=125
[upd 50] u=0 upd_ctr=3 opt_step=48 E=0.419 g=0.108 VarTD=0.150180 ret_end=-25.754 dbar_end=0.708 occ_end=0.152 CSR_train=0.000 done_count=125
[upd 60] u=0 upd_ctr=3 opt_step=48 E=0.914 g=0.093 VarTD=0.182755 ret_end=-27.138 dbar_end=0.758 occ_end=0.088 CSR_train=0.000 done_count=125
[upd 70] u=0 upd_ctr=4 opt_step=64 E=0.409 g=0.096 VarTD=0.160761 ret_end=-27.020 dbar_end=0.745 occ_end=0.184 CSR_train=0.008 done_count=125
[upd 80] u=0 upd_ctr=4 opt_step=64 E=0.902 g=0.107 VarTD=0.142973 ret_end=-26.442 dbar_end=0.712 occ_end=0.104 CSR_train=0.000 done_count=125
[upd 90] u=0 upd_ctr=5 opt_step=80 E=0.416 g=0.105 VarTD=0.154054 ret_end=-26.858 dbar_end=0.719 occ_end=0.144 CSR_train=0.000 done_count=125
[upd 100] u=0 upd_ctr=5 opt_step=80 E=0.955 g=0.115 VarTD=0.144323 ret_end=-25.849 dbar_end=0.688 occ_end=0.176 CSR_train=0.000 done_count=125
[upd 110] u=0 upd_ctr=6 opt_step=96 E=0.477 g=0.100 VarTD=0.148296 ret_end=-26.483 dbar_end=0.733 occ_end=0.088 CSR_train=0.000 done_count=125
[upd 120] u=0 upd_ctr=6 opt_step=96 E=0.991 g=0.092 VarTD=0.164656 ret_end=-27.184 dbar_end=0.761 occ_end=0.168 CSR_train=0.000 done_count=125
[Gate5 check] update_counter violations: t0=0 diffs=0
[Gate5 check] opt_step violations: t0=0 diffs=0 (expected_inc=16)
[Gate5 check] NaN masking: nan_on_skip=True finite_on_update=True
[Gate5 summary] mean_update_fraction=0.0560 final_executed_updates_mean=7.00
[Gate5 eval] done_count mean=100.0 CSR mean=0.0000 len_end_mean=26.00
[Gate5 eval] episodes_per_env=4 T_eval=104
[Gate5 eval-debug] locked_eps_occ=0.20 pre(step25): dbar_end=0.671884 occupied_end_mean=0.220000 max_tilde_end_mean=0.993773 CSR@locked=0.000000
[Gate5 eval-debug] locked_eps_occ=0.20 post(step26): dbar_end=0.670669 occupied_end_mean=0.210000 max_tilde_end_mean=0.984499 CSR@locked=0.000000
[Gate5 eval-debug] CSR_pre@0.10=0.0000 CSR_pre@0.15=0.0000 CSR_pre@0.20=0.0000 CSR_pre@0.25=0.0000 CSR_pre@0.30=0.0000
[Gate5 eval-debug] CSR_post@0.10=0.0000 CSR_post@0.15=0.0000 CSR_post@0.20=0.0000 CSR_post@0.25=0.0000 CSR_post@0.30=0.0000
