Importing submoduled environments...
Submoduled environments not found. Skipping import.
[upd 0] u=1 upd_ctr=1 opt_step=16 E=0.075 g=0.082 VarTD=0.214117 ret_end=-27.772 dbar_end=0.796 occ_end=0.070 CSR_train=0.000 done_count=100
[upd 10] u=0 upd_ctr=1 opt_step=16 E=0.353 g=0.092 VarTD=0.178600 ret_end=-26.630 dbar_end=0.760 occ_end=0.136 CSR_train=0.000 done_count=125
[upd 20] u=0 upd_ctr=1 opt_step=16 E=0.630 g=0.101 VarTD=0.148776 ret_end=-27.566 dbar_end=0.732 occ_end=0.128 CSR_train=0.000 done_count=125
[upd 30] u=0 upd_ctr=1 opt_step=16 E=0.911 g=0.089 VarTD=0.174229 ret_end=-27.524 dbar_end=0.772 occ_end=0.184 CSR_train=0.000 done_count=125
[upd 40] u=0 upd_ctr=2 opt_step=32 E=0.250 g=0.097 VarTD=0.143852 ret_end=-26.554 dbar_end=0.742 occ_end=0.144 CSR_train=0.000 done_count=125
[upd 50] u=0 upd_ctr=2 opt_step=32 E=0.554 g=0.099 VarTD=0.144832 ret_end=-26.982 dbar_end=0.737 occ_end=0.152 CSR_train=0.000 done_count=125
[upd 60] u=0 upd_ctr=2 opt_step=32 E=0.846 g=0.098 VarTD=0.168183 ret_end=-27.542 dbar_end=0.739 occ_end=0.168 CSR_train=0.000 done_count=125
[upd 70] u=0 upd_ctr=3 opt_step=48 E=0.199 g=0.104 VarTD=0.161157 ret_end=-26.279 dbar_end=0.720 occ_end=0.152 CSR_train=0.000 done_count=125
[upd 80] u=0 upd_ctr=3 opt_step=48 E=0.519 g=0.101 VarTD=0.140042 ret_end=-28.129 dbar_end=0.730 occ_end=0.200 CSR_train=0.000 done_count=125
[upd 90] u=0 upd_ctr=3 opt_step=48 E=0.844 g=0.098 VarTD=0.136159 ret_end=-27.123 dbar_end=0.740 occ_end=0.136 CSR_train=0.000 done_count=125
[upd 100] u=0 upd_ctr=4 opt_step=64 E=0.216 g=0.115 VarTD=0.139040 ret_end=-25.811 dbar_end=0.688 occ_end=0.224 CSR_train=0.000 done_count=125
[upd 110] u=0 upd_ctr=4 opt_step=64 E=0.548 g=0.116 VarTD=0.133157 ret_end=-26.404 dbar_end=0.687 occ_end=0.200 CSR_train=0.000 done_count=125
[upd 120] u=0 upd_ctr=4 opt_step=64 E=0.886 g=0.109 VarTD=0.162880 ret_end=-26.739 dbar_end=0.705 occ_end=0.272 CSR_train=0.000 done_count=125
[upd 130] u=0 upd_ctr=5 opt_step=80 E=0.288 g=0.117 VarTD=0.148743 ret_end=-25.710 dbar_end=0.684 occ_end=0.240 CSR_train=0.000 done_count=100
[upd 140] u=0 upd_ctr=5 opt_step=80 E=0.634 g=0.115 VarTD=0.167585 ret_end=-26.141 dbar_end=0.688 occ_end=0.176 CSR_train=0.000 done_count=125
[upd 150] u=0 upd_ctr=5 opt_step=80 E=0.979 g=0.119 VarTD=0.158481 ret_end=-25.580 dbar_end=0.678 occ_end=0.128 CSR_train=0.000 done_count=125
[upd 160] u=0 upd_ctr=6 opt_step=96 E=0.381 g=0.121 VarTD=0.161440 ret_end=-25.808 dbar_end=0.674 occ_end=0.256 CSR_train=0.000 done_count=125
[upd 170] u=0 upd_ctr=6 opt_step=96 E=0.730 g=0.117 VarTD=0.148992 ret_end=-25.555 dbar_end=0.682 occ_end=0.160 CSR_train=0.000 done_count=125
[upd 180] u=0 upd_ctr=7 opt_step=112 E=0.147 g=0.141 VarTD=0.138768 ret_end=-24.355 dbar_end=0.625 occ_end=0.248 CSR_train=0.008 done_count=125
[upd 190] u=0 upd_ctr=7 opt_step=112 E=0.532 g=0.139 VarTD=0.130499 ret_end=-25.125 dbar_end=0.629 occ_end=0.240 CSR_train=0.000 done_count=125
[upd 200] u=0 upd_ctr=7 opt_step=112 E=0.899 g=0.133 VarTD=0.157687 ret_end=-25.324 dbar_end=0.643 occ_end=0.192 CSR_train=0.000 done_count=125
[upd 210] u=0 upd_ctr=8 opt_step=128 E=0.333 g=0.120 VarTD=0.167715 ret_end=-26.212 dbar_end=0.676 occ_end=0.200 CSR_train=0.000 done_count=125
[upd 220] u=0 upd_ctr=8 opt_step=128 E=0.722 g=0.136 VarTD=0.178334 ret_end=-24.694 dbar_end=0.634 occ_end=0.240 CSR_train=0.000 done_count=125
[upd 230] u=0 upd_ctr=9 opt_step=144 E=0.159 g=0.119 VarTD=0.177837 ret_end=-26.040 dbar_end=0.679 occ_end=0.216 CSR_train=0.000 done_count=125
[upd 240] u=0 upd_ctr=9 opt_step=144 E=0.566 g=0.143 VarTD=0.166944 ret_end=-25.084 dbar_end=0.619 occ_end=0.208 CSR_train=0.008 done_count=125
[upd 250] u=0 upd_ctr=9 opt_step=144 E=0.946 g=0.135 VarTD=0.168013 ret_end=-24.630 dbar_end=0.637 occ_end=0.216 CSR_train=0.000 done_count=125
[upd 260] u=0 upd_ctr=10 opt_step=160 E=0.384 g=0.122 VarTD=0.177794 ret_end=-25.419 dbar_end=0.670 occ_end=0.160 CSR_train=0.000 done_count=100
[upd 270] u=0 upd_ctr=10 opt_step=160 E=0.793 g=0.136 VarTD=0.187137 ret_end=-25.904 dbar_end=0.636 occ_end=0.240 CSR_train=0.000 done_count=125
[upd 280] u=0 upd_ctr=11 opt_step=176 E=0.240 g=0.143 VarTD=0.198635 ret_end=-24.139 dbar_end=0.620 occ_end=0.248 CSR_train=0.000 done_count=125
[upd 290] u=0 upd_ctr=11 opt_step=176 E=0.650 g=0.126 VarTD=0.188414 ret_end=-26.191 dbar_end=0.661 occ_end=0.224 CSR_train=0.000 done_count=125
[upd 300] u=0 upd_ctr=12 opt_step=192 E=0.097 g=0.142 VarTD=0.254864 ret_end=-24.807 dbar_end=0.621 occ_end=0.200 CSR_train=0.000 done_count=125
[upd 310] u=0 upd_ctr=12 opt_step=192 E=0.502 g=0.135 VarTD=0.218958 ret_end=-25.426 dbar_end=0.637 occ_end=0.264 CSR_train=0.000 done_count=125
[Gate5 check] update_counter violations: t0=0 diffs=0
[Gate5 check] opt_step violations: t0=0 diffs=0 (expected_inc=16)
[Gate5 check] NaN masking: nan_on_skip=True finite_on_update=True
[Gate5 summary] mean_update_fraction=0.0385 final_executed_updates_mean=12.00
[Gate5 eval] done_count mean=100.0 CSR mean=0.0000 len_end_mean=26.00
[Gate5 eval] episodes_per_env=4 T_eval=104
[Gate5 eval-debug] locked_eps_occ=0.20 pre(step25): dbar_end=0.483596 occupied_end_mean=0.400000 max_tilde_end_mean=0.702875 CSR@locked=0.000000
[Gate5 eval-debug] locked_eps_occ=0.20 post(step26): dbar_end=0.484481 occupied_end_mean=0.350000 max_tilde_end_mean=0.701635 CSR@locked=0.000000
[Gate5 eval-debug] CSR_pre@0.10=0.0000 CSR_pre@0.15=0.0000 CSR_pre@0.20=0.0000 CSR_pre@0.25=0.0100 CSR_pre@0.30=0.0100
[Gate5 eval-debug] CSR_post@0.10=0.0000 CSR_post@0.15=0.0000 CSR_post@0.20=0.0000 CSR_post@0.25=0.0000 CSR_post@0.30=0.0000
