Importing submoduled environments...
Submoduled environments not found. Skipping import.
[upd 0] u=1 upd_ctr=1 opt_step=16 E=0.088 g=0.096 VarTD=0.158273 ret_end=-27.822 dbar_end=0.748 occ_end=0.150 CSR_train=0.000 done_count=100
[upd 10] u=0 upd_ctr=1 opt_step=16 E=0.471 g=0.097 VarTD=0.181267 ret_end=-27.128 dbar_end=0.741 occ_end=0.144 CSR_train=0.000 done_count=125
[upd 20] u=0 upd_ctr=1 opt_step=16 E=0.855 g=0.093 VarTD=0.171953 ret_end=-27.458 dbar_end=0.756 occ_end=0.160 CSR_train=0.008 done_count=125
[upd 30] u=0 upd_ctr=2 opt_step=32 E=0.300 g=0.082 VarTD=0.177599 ret_end=-28.669 dbar_end=0.798 occ_end=0.072 CSR_train=0.000 done_count=125
[upd 40] u=0 upd_ctr=2 opt_step=32 E=0.702 g=0.097 VarTD=0.147745 ret_end=-27.438 dbar_end=0.743 occ_end=0.104 CSR_train=0.000 done_count=125
[upd 50] u=0 upd_ctr=3 opt_step=48 E=0.145 g=0.114 VarTD=0.135928 ret_end=-25.816 dbar_end=0.691 occ_end=0.192 CSR_train=0.000 done_count=125
[upd 60] u=0 upd_ctr=3 opt_step=48 E=0.549 g=0.096 VarTD=0.158578 ret_end=-27.180 dbar_end=0.747 occ_end=0.160 CSR_train=0.000 done_count=125
[upd 70] u=0 upd_ctr=3 opt_step=48 E=0.947 g=0.100 VarTD=0.193640 ret_end=-28.057 dbar_end=0.732 occ_end=0.208 CSR_train=0.000 done_count=125
[upd 80] u=0 upd_ctr=4 opt_step=64 E=0.422 g=0.111 VarTD=0.178749 ret_end=-26.194 dbar_end=0.701 occ_end=0.232 CSR_train=0.000 done_count=125
[upd 90] u=0 upd_ctr=4 opt_step=64 E=0.850 g=0.112 VarTD=0.152437 ret_end=-26.184 dbar_end=0.698 occ_end=0.176 CSR_train=0.000 done_count=125
[upd 100] u=0 upd_ctr=5 opt_step=80 E=0.327 g=0.113 VarTD=0.157291 ret_end=-26.549 dbar_end=0.695 occ_end=0.184 CSR_train=0.000 done_count=125
[upd 110] u=0 upd_ctr=5 opt_step=80 E=0.758 g=0.107 VarTD=0.160563 ret_end=-26.523 dbar_end=0.711 occ_end=0.184 CSR_train=0.000 done_count=125
[upd 120] u=0 upd_ctr=6 opt_step=96 E=0.222 g=0.097 VarTD=0.176591 ret_end=-27.635 dbar_end=0.743 occ_end=0.120 CSR_train=0.000 done_count=125
[upd 130] u=0 upd_ctr=6 opt_step=96 E=0.675 g=0.124 VarTD=0.136603 ret_end=-24.867 dbar_end=0.664 occ_end=0.260 CSR_train=0.000 done_count=100
[upd 140] u=0 upd_ctr=7 opt_step=112 E=0.185 g=0.117 VarTD=0.166130 ret_end=-26.562 dbar_end=0.683 occ_end=0.144 CSR_train=0.000 done_count=125
[upd 150] u=0 upd_ctr=7 opt_step=112 E=0.661 g=0.119 VarTD=0.161960 ret_end=-24.897 dbar_end=0.678 occ_end=0.216 CSR_train=0.000 done_count=125
[upd 160] u=0 upd_ctr=8 opt_step=128 E=0.177 g=0.112 VarTD=0.167265 ret_end=-26.353 dbar_end=0.698 occ_end=0.128 CSR_train=0.000 done_count=125
[upd 170] u=0 upd_ctr=8 opt_step=128 E=0.659 g=0.124 VarTD=0.151599 ret_end=-25.257 dbar_end=0.664 occ_end=0.208 CSR_train=0.000 done_count=125
[upd 180] u=0 upd_ctr=9 opt_step=144 E=0.188 g=0.113 VarTD=0.170693 ret_end=-26.979 dbar_end=0.695 occ_end=0.296 CSR_train=0.000 done_count=125
[upd 190] u=0 upd_ctr=9 opt_step=144 E=0.676 g=0.125 VarTD=0.163701 ret_end=-25.578 dbar_end=0.663 occ_end=0.152 CSR_train=0.000 done_count=125
[upd 200] u=0 upd_ctr=10 opt_step=160 E=0.212 g=0.130 VarTD=0.156944 ret_end=-24.958 dbar_end=0.649 occ_end=0.192 CSR_train=0.000 done_count=125
[upd 210] u=0 upd_ctr=10 opt_step=160 E=0.717 g=0.114 VarTD=0.195971 ret_end=-26.910 dbar_end=0.691 occ_end=0.128 CSR_train=0.000 done_count=125
[upd 220] u=0 upd_ctr=11 opt_step=176 E=0.264 g=0.125 VarTD=0.172250 ret_end=-25.367 dbar_end=0.663 occ_end=0.176 CSR_train=0.000 done_count=125
[upd 230] u=0 upd_ctr=11 opt_step=176 E=0.767 g=0.116 VarTD=0.186440 ret_end=-26.135 dbar_end=0.687 occ_end=0.184 CSR_train=0.000 done_count=125
[upd 240] u=0 upd_ctr=12 opt_step=192 E=0.349 g=0.144 VarTD=0.180218 ret_end=-25.471 dbar_end=0.617 occ_end=0.248 CSR_train=0.000 done_count=125
[upd 250] u=0 upd_ctr=12 opt_step=192 E=0.872 g=0.122 VarTD=0.182427 ret_end=-25.547 dbar_end=0.669 occ_end=0.216 CSR_train=0.000 done_count=125
[upd 260] u=0 upd_ctr=13 opt_step=208 E=0.450 g=0.146 VarTD=0.181022 ret_end=-25.066 dbar_end=0.614 occ_end=0.170 CSR_train=0.000 done_count=100
[upd 270] u=0 upd_ctr=13 opt_step=208 E=0.985 g=0.133 VarTD=0.215500 ret_end=-24.877 dbar_end=0.643 occ_end=0.216 CSR_train=0.000 done_count=125
[upd 280] u=0 upd_ctr=14 opt_step=224 E=0.578 g=0.128 VarTD=0.228433 ret_end=-25.789 dbar_end=0.655 occ_end=0.168 CSR_train=0.000 done_count=125
[upd 290] u=0 upd_ctr=15 opt_step=240 E=0.157 g=0.136 VarTD=0.260274 ret_end=-24.911 dbar_end=0.636 occ_end=0.208 CSR_train=0.000 done_count=125
[upd 300] u=0 upd_ctr=15 opt_step=240 E=0.691 g=0.129 VarTD=0.290939 ret_end=-25.998 dbar_end=0.652 occ_end=0.280 CSR_train=0.000 done_count=125
[upd 310] u=0 upd_ctr=16 opt_step=256 E=0.266 g=0.126 VarTD=0.297271 ret_end=-25.672 dbar_end=0.660 occ_end=0.200 CSR_train=0.000 done_count=125
[Gate5 check] update_counter violations: t0=0 diffs=0
[Gate5 check] opt_step violations: t0=0 diffs=0 (expected_inc=16)
[Gate5 check] NaN masking: nan_on_skip=True finite_on_update=True
[Gate5 summary] mean_update_fraction=0.0513 final_executed_updates_mean=16.00
[Gate5 eval] done_count mean=100.0 CSR mean=0.0000 len_end_mean=26.00
[Gate5 eval] episodes_per_env=4 T_eval=104
[Gate5 eval-debug] locked_eps_occ=0.20 pre(step25): dbar_end=0.501063 occupied_end_mean=0.410000 max_tilde_end_mean=0.715313 CSR@locked=0.020000
[Gate5 eval-debug] locked_eps_occ=0.20 post(step26): dbar_end=0.500443 occupied_end_mean=0.420000 max_tilde_end_mean=0.715899 CSR@locked=0.000000
[Gate5 eval-debug] CSR_pre@0.10=0.0000 CSR_pre@0.15=0.0000 CSR_pre@0.20=0.0200 CSR_pre@0.25=0.0200 CSR_pre@0.30=0.0300
[Gate5 eval-debug] CSR_post@0.10=0.0000 CSR_post@0.15=0.0000 CSR_post@0.20=0.0000 CSR_post@0.25=0.0100 CSR_post@0.30=0.0500
