Importing submoduled environments...
Submoduled environments not found. Skipping import.
[upd 0] u=1 upd_ctr=1 opt_step=16 E=0.142 g=0.092 VarTD=0.142843 ret_end=-27.084 dbar_end=0.760 occ_end=0.110 CSR_train=0.000 done_count=100
[upd 10] u=1 upd_ctr=2 opt_step=32 E=0.097 g=0.091 VarTD=0.164683 ret_end=-27.227 dbar_end=0.764 occ_end=0.176 CSR_train=0.000 done_count=125
[upd 20] u=1 upd_ctr=3 opt_step=48 E=0.136 g=0.086 VarTD=0.167472 ret_end=-28.313 dbar_end=0.781 occ_end=0.136 CSR_train=0.000 done_count=125
[upd 30] u=0 upd_ctr=4 opt_step=64 E=0.211 g=0.102 VarTD=0.127912 ret_end=-27.138 dbar_end=0.729 occ_end=0.160 CSR_train=0.000 done_count=125
[upd 40] u=0 upd_ctr=5 opt_step=80 E=0.244 g=0.106 VarTD=0.146215 ret_end=-26.320 dbar_end=0.716 occ_end=0.144 CSR_train=0.000 done_count=125
[upd 50] u=0 upd_ctr=6 opt_step=96 E=0.391 g=0.114 VarTD=0.131913 ret_end=-26.208 dbar_end=0.691 occ_end=0.152 CSR_train=0.000 done_count=125
[upd 60] u=0 upd_ctr=7 opt_step=112 E=0.636 g=0.138 VarTD=0.149911 ret_end=-24.669 dbar_end=0.630 occ_end=0.256 CSR_train=0.000 done_count=125
[upd 70] u=0 upd_ctr=8 opt_step=128 E=0.922 g=0.127 VarTD=0.153845 ret_end=-25.558 dbar_end=0.656 occ_end=0.168 CSR_train=0.000 done_count=125
[upd 80] u=0 upd_ctr=10 opt_step=160 E=0.283 g=0.134 VarTD=0.147414 ret_end=-25.182 dbar_end=0.639 occ_end=0.200 CSR_train=0.000 done_count=125
[upd 90] u=0 upd_ctr=11 opt_step=176 E=0.720 g=0.141 VarTD=0.153232 ret_end=-24.722 dbar_end=0.624 occ_end=0.256 CSR_train=0.000 done_count=125
[upd 100] u=1 upd_ctr=13 opt_step=208 E=0.198 g=0.148 VarTD=0.201027 ret_end=-26.021 dbar_end=0.609 occ_end=0.248 CSR_train=0.000 done_count=125
[upd 110] u=0 upd_ctr=14 opt_step=224 E=0.615 g=0.157 VarTD=0.247201 ret_end=-25.078 dbar_end=0.590 occ_end=0.256 CSR_train=0.000 done_count=125
[upd 120] u=0 upd_ctr=15 opt_step=240 E=1.000 g=0.136 VarTD=0.285752 ret_end=-25.070 dbar_end=0.635 occ_end=0.240 CSR_train=0.000 done_count=125
[upd 130] u=0 upd_ctr=17 opt_step=272 E=0.466 g=0.128 VarTD=0.324610 ret_end=-25.401 dbar_end=0.654 occ_end=0.150 CSR_train=0.000 done_count=100
[upd 140] u=0 upd_ctr=18 opt_step=288 E=0.929 g=0.150 VarTD=0.429787 ret_end=-24.560 dbar_end=0.605 occ_end=0.224 CSR_train=0.000 done_count=125
[upd 150] u=0 upd_ctr=20 opt_step=320 E=0.351 g=0.154 VarTD=0.603048 ret_end=-23.208 dbar_end=0.597 occ_end=0.184 CSR_train=0.000 done_count=125
[upd 160] u=0 upd_ctr=21 opt_step=336 E=0.982 g=0.150 VarTD=0.705516 ret_end=-24.683 dbar_end=0.603 occ_end=0.280 CSR_train=0.000 done_count=125
[upd 170] u=0 upd_ctr=23 opt_step=368 E=0.724 g=0.149 VarTD=0.890769 ret_end=-24.056 dbar_end=0.605 occ_end=0.232 CSR_train=0.000 done_count=125
[upd 180] u=0 upd_ctr=25 opt_step=400 E=0.380 g=0.177 VarTD=1.136832 ret_end=-23.693 dbar_end=0.552 occ_end=0.296 CSR_train=0.000 done_count=125
[upd 190] u=0 upd_ctr=26 opt_step=416 E=1.000 g=0.151 VarTD=1.255575 ret_end=-24.867 dbar_end=0.602 occ_end=0.240 CSR_train=0.000 done_count=125
[upd 200] u=0 upd_ctr=28 opt_step=448 E=0.710 g=0.165 VarTD=1.538499 ret_end=-24.008 dbar_end=0.574 occ_end=0.296 CSR_train=0.000 done_count=125
[upd 210] u=0 upd_ctr=30 opt_step=480 E=0.410 g=0.184 VarTD=1.877352 ret_end=-23.305 dbar_end=0.539 occ_end=0.320 CSR_train=0.000 done_count=125
[upd 220] u=0 upd_ctr=31 opt_step=496 E=1.000 g=0.173 VarTD=1.957862 ret_end=-23.319 dbar_end=0.558 occ_end=0.216 CSR_train=0.000 done_count=125
[upd 230] u=0 upd_ctr=33 opt_step=528 E=0.748 g=0.170 VarTD=2.292132 ret_end=-23.517 dbar_end=0.565 occ_end=0.288 CSR_train=0.000 done_count=125
[upd 240] u=0 upd_ctr=35 opt_step=560 E=0.382 g=0.169 VarTD=2.680708 ret_end=-24.043 dbar_end=0.566 occ_end=0.240 CSR_train=0.000 done_count=125
[upd 250] u=0 upd_ctr=36 opt_step=576 E=1.000 g=0.166 VarTD=2.754624 ret_end=-24.556 dbar_end=0.572 occ_end=0.264 CSR_train=0.008 done_count=125
[upd 260] u=0 upd_ctr=38 opt_step=608 E=0.736 g=0.173 VarTD=2.550349 ret_end=-22.635 dbar_end=0.560 occ_end=0.270 CSR_train=0.000 done_count=100
[upd 270] u=0 upd_ctr=40 opt_step=640 E=0.399 g=0.166 VarTD=3.412876 ret_end=-23.493 dbar_end=0.572 occ_end=0.192 CSR_train=0.008 done_count=125
[upd 280] u=1 upd_ctr=42 opt_step=672 E=0.202 g=0.193 VarTD=3.720932 ret_end=-22.769 dbar_end=0.524 occ_end=0.264 CSR_train=0.000 done_count=125
[upd 290] u=0 upd_ctr=43 opt_step=688 E=0.960 g=0.188 VarTD=4.047573 ret_end=-23.218 dbar_end=0.532 occ_end=0.312 CSR_train=0.008 done_count=125
[upd 300] u=0 upd_ctr=45 opt_step=720 E=0.737 g=0.170 VarTD=4.236295 ret_end=-23.313 dbar_end=0.563 occ_end=0.280 CSR_train=0.000 done_count=125
[upd 310] u=0 upd_ctr=47 opt_step=752 E=0.387 g=0.170 VarTD=4.548413 ret_end=-23.705 dbar_end=0.564 occ_end=0.264 CSR_train=0.008 done_count=125
[Gate5 check] update_counter violations: t0=0 diffs=0
[Gate5 check] opt_step violations: t0=0 diffs=0 (expected_inc=16)
[Gate5 check] NaN masking: nan_on_skip=True finite_on_update=True
[Gate5 summary] mean_update_fraction=0.1506 final_executed_updates_mean=47.00
[Gate5 eval] done_count mean=100.0 CSR mean=0.0100 len_end_mean=26.00
[Gate5 eval] episodes_per_env=4 T_eval=104
[Gate5 eval-debug] locked_eps_occ=0.20 pre(step25): dbar_end=0.489982 occupied_end_mean=0.350000 max_tilde_end_mean=0.710838 CSR@locked=0.010000
[Gate5 eval-debug] locked_eps_occ=0.20 post(step26): dbar_end=0.485351 occupied_end_mean=0.360000 max_tilde_end_mean=0.708620 CSR@locked=0.010000
[Gate5 eval-debug] CSR_pre@0.10=0.0000 CSR_pre@0.15=0.0000 CSR_pre@0.20=0.0100 CSR_pre@0.25=0.0100 CSR_pre@0.30=0.0200
[Gate5 eval-debug] CSR_post@0.10=0.0000 CSR_post@0.15=0.0000 CSR_post@0.20=0.0100 CSR_post@0.25=0.0100 CSR_post@0.30=0.0400
