Importing submoduled environments...
Submoduled environments not found. Skipping import.
[upd 0] u=1 upd_ctr=1 opt_step=16 E=0.092 g=0.102 VarTD=0.148347 ret_end=-26.397 dbar_end=0.726 occ_end=0.190 CSR_train=0.000 done_count=100
[upd 10] u=0 upd_ctr=1 opt_step=16 E=0.931 g=0.089 VarTD=0.167256 ret_end=-27.327 dbar_end=0.769 occ_end=0.152 CSR_train=0.008 done_count=125
[upd 20] u=0 upd_ctr=2 opt_step=32 E=0.782 g=0.089 VarTD=0.167386 ret_end=-27.589 dbar_end=0.770 occ_end=0.176 CSR_train=0.000 done_count=125
[upd 30] u=0 upd_ctr=3 opt_step=48 E=0.660 g=0.107 VarTD=0.153499 ret_end=-27.401 dbar_end=0.712 occ_end=0.256 CSR_train=0.000 done_count=125
[upd 40] u=0 upd_ctr=4 opt_step=64 E=0.572 g=0.111 VarTD=0.148345 ret_end=-26.511 dbar_end=0.699 occ_end=0.144 CSR_train=0.000 done_count=125
[upd 50] u=0 upd_ctr=5 opt_step=80 E=0.502 g=0.126 VarTD=0.144585 ret_end=-25.464 dbar_end=0.661 occ_end=0.232 CSR_train=0.000 done_count=125
[upd 60] u=0 upd_ctr=6 opt_step=96 E=0.510 g=0.102 VarTD=0.166127 ret_end=-27.655 dbar_end=0.728 occ_end=0.128 CSR_train=0.000 done_count=125
[upd 70] u=0 upd_ctr=7 opt_step=112 E=0.541 g=0.123 VarTD=0.150150 ret_end=-25.677 dbar_end=0.666 occ_end=0.224 CSR_train=0.000 done_count=125
[upd 80] u=0 upd_ctr=8 opt_step=128 E=0.543 g=0.121 VarTD=0.137803 ret_end=-26.677 dbar_end=0.671 occ_end=0.208 CSR_train=0.000 done_count=125
[upd 90] u=0 upd_ctr=9 opt_step=144 E=0.539 g=0.119 VarTD=0.145200 ret_end=-25.652 dbar_end=0.679 occ_end=0.176 CSR_train=0.000 done_count=125
[upd 100] u=0 upd_ctr=10 opt_step=160 E=0.557 g=0.119 VarTD=0.175430 ret_end=-26.016 dbar_end=0.678 occ_end=0.168 CSR_train=0.000 done_count=125
[upd 110] u=0 upd_ctr=11 opt_step=176 E=0.676 g=0.114 VarTD=0.164941 ret_end=-26.935 dbar_end=0.693 occ_end=0.184 CSR_train=0.000 done_count=125
[upd 120] u=0 upd_ctr=12 opt_step=192 E=0.797 g=0.130 VarTD=0.166638 ret_end=-25.652 dbar_end=0.651 occ_end=0.176 CSR_train=0.000 done_count=125
[Gate5 check] update_counter violations: t0=0 diffs=0
[Gate5 check] opt_step violations: t0=0 diffs=0 (expected_inc=16)
[Gate5 check] NaN masking: nan_on_skip=True finite_on_update=True
[Gate5 summary] mean_update_fraction=0.1040 final_executed_updates_mean=13.00
[Gate5 eval] done_count mean=100.0 CSR mean=0.0100 len_end_mean=26.00
[Gate5 eval] episodes_per_env=4 T_eval=104
[Gate5 eval-debug] locked_eps_occ=0.20 pre(step25): dbar_end=0.493643 occupied_end_mean=0.430000 max_tilde_end_mean=0.729474 CSR@locked=0.000000
[Gate5 eval-debug] locked_eps_occ=0.20 post(step26): dbar_end=0.496844 occupied_end_mean=0.410000 max_tilde_end_mean=0.731390 CSR@locked=0.010000
[Gate5 eval-debug] CSR_pre@0.10=0.0000 CSR_pre@0.15=0.0000 CSR_pre@0.20=0.0000 CSR_pre@0.25=0.0100 CSR_pre@0.30=0.0300
[Gate5 eval-debug] CSR_post@0.10=0.0000 CSR_post@0.15=0.0000 CSR_post@0.20=0.0100 CSR_post@0.25=0.0100 CSR_post@0.30=0.0200
