Importing submoduled environments...
Submoduled environments not found. Skipping import.
[upd 0] u=1 upd_ctr=1 opt_step=16 E=0.429 g=0.096 VarTD=0.164885 ret_end=-27.291 dbar_end=0.746 occ_end=0.170 CSR_train=0.000 done_count=100
[upd 10] u=0 upd_ctr=2 opt_step=32 E=0.132 g=0.094 VarTD=0.132369 ret_end=-27.165 dbar_end=0.753 occ_end=0.096 CSR_train=0.000 done_count=125
[upd 20] u=0 upd_ctr=2 opt_step=32 E=0.449 g=0.115 VarTD=0.128672 ret_end=-26.333 dbar_end=0.690 occ_end=0.184 CSR_train=0.000 done_count=125
[upd 30] u=0 upd_ctr=3 opt_step=48 E=0.158 g=0.119 VarTD=0.138186 ret_end=-25.531 dbar_end=0.677 occ_end=0.216 CSR_train=0.000 done_count=125
[upd 40] u=0 upd_ctr=3 opt_step=48 E=0.476 g=0.104 VarTD=0.144048 ret_end=-26.570 dbar_end=0.720 occ_end=0.192 CSR_train=0.000 done_count=125
[upd 50] u=0 upd_ctr=4 opt_step=64 E=0.200 g=0.104 VarTD=0.154023 ret_end=-26.365 dbar_end=0.722 occ_end=0.184 CSR_train=0.000 done_count=125
[upd 60] u=0 upd_ctr=4 opt_step=64 E=0.524 g=0.093 VarTD=0.177387 ret_end=-27.851 dbar_end=0.755 occ_end=0.184 CSR_train=0.000 done_count=125
[upd 70] u=0 upd_ctr=5 opt_step=80 E=0.261 g=0.117 VarTD=0.148228 ret_end=-26.143 dbar_end=0.683 occ_end=0.240 CSR_train=0.000 done_count=125
[upd 80] u=0 upd_ctr=5 opt_step=80 E=0.604 g=0.113 VarTD=0.153640 ret_end=-25.983 dbar_end=0.694 occ_end=0.144 CSR_train=0.000 done_count=125
[upd 90] u=0 upd_ctr=6 opt_step=96 E=0.373 g=0.118 VarTD=0.140506 ret_end=-26.039 dbar_end=0.682 occ_end=0.184 CSR_train=0.000 done_count=125
[upd 100] u=0 upd_ctr=7 opt_step=112 E=0.163 g=0.128 VarTD=0.126828 ret_end=-25.780 dbar_end=0.654 occ_end=0.176 CSR_train=0.000 done_count=125
[upd 110] u=0 upd_ctr=7 opt_step=112 E=0.540 g=0.127 VarTD=0.149353 ret_end=-25.043 dbar_end=0.658 occ_end=0.176 CSR_train=0.000 done_count=125
[upd 120] u=0 upd_ctr=8 opt_step=128 E=0.322 g=0.131 VarTD=0.159220 ret_end=-25.315 dbar_end=0.647 occ_end=0.208 CSR_train=0.000 done_count=125
[Gate5 check] update_counter violations: t0=0 diffs=0
[Gate5 check] opt_step violations: t0=0 diffs=0 (expected_inc=16)
[Gate5 check] NaN masking: nan_on_skip=True finite_on_update=True
[Gate5 summary] mean_update_fraction=0.0640 final_executed_updates_mean=8.00
[Gate5 eval] done_count mean=100.0 CSR mean=0.0200 len_end_mean=26.00
[Gate5 eval] episodes_per_env=4 T_eval=104
[Gate5 eval-debug] locked_eps_occ=0.20 pre(step25): dbar_end=0.536418 occupied_end_mean=0.340000 max_tilde_end_mean=0.774573 CSR@locked=0.010000
[Gate5 eval-debug] locked_eps_occ=0.20 post(step26): dbar_end=0.535966 occupied_end_mean=0.350000 max_tilde_end_mean=0.776029 CSR@locked=0.020000
[Gate5 eval-debug] CSR_pre@0.10=0.0000 CSR_pre@0.15=0.0000 CSR_pre@0.20=0.0100 CSR_pre@0.25=0.0100 CSR_pre@0.30=0.0400
[Gate5 eval-debug] CSR_post@0.10=0.0000 CSR_post@0.15=0.0100 CSR_post@0.20=0.0200 CSR_post@0.25=0.0200 CSR_post@0.30=0.0400
