Importing submoduled environments...
Submoduled environments not found. Skipping import.
[upd 0] u=1 upd_ctr=1 opt_step=16 E=0.087 g=0.096 VarTD=0.126111 ret_end=-26.492 dbar_end=0.745 occ_end=0.140 CSR_train=0.000 done_count=100
[upd 10] u=0 upd_ctr=1 opt_step=16 E=0.928 g=0.101 VarTD=0.147310 ret_end=-26.592 dbar_end=0.729 occ_end=0.144 CSR_train=0.000 done_count=125
[upd 20] u=0 upd_ctr=2 opt_step=32 E=0.807 g=0.094 VarTD=0.152131 ret_end=-27.418 dbar_end=0.754 occ_end=0.128 CSR_train=0.000 done_count=125
[upd 30] u=0 upd_ctr=3 opt_step=48 E=0.645 g=0.108 VarTD=0.128474 ret_end=-25.488 dbar_end=0.708 occ_end=0.144 CSR_train=0.000 done_count=125
[upd 40] u=0 upd_ctr=4 opt_step=64 E=0.571 g=0.115 VarTD=0.120157 ret_end=-25.631 dbar_end=0.689 occ_end=0.136 CSR_train=0.000 done_count=125
[upd 50] u=0 upd_ctr=5 opt_step=80 E=0.452 g=0.098 VarTD=0.152213 ret_end=-27.643 dbar_end=0.741 occ_end=0.168 CSR_train=0.000 done_count=125
[upd 60] u=0 upd_ctr=6 opt_step=96 E=0.374 g=0.111 VarTD=0.140807 ret_end=-26.198 dbar_end=0.700 occ_end=0.144 CSR_train=0.000 done_count=125
[upd 70] u=0 upd_ctr=7 opt_step=112 E=0.289 g=0.103 VarTD=0.137989 ret_end=-26.882 dbar_end=0.724 occ_end=0.144 CSR_train=0.000 done_count=125
[upd 80] u=0 upd_ctr=8 opt_step=128 E=0.201 g=0.109 VarTD=0.166013 ret_end=-26.391 dbar_end=0.706 occ_end=0.168 CSR_train=0.000 done_count=125
[upd 90] u=0 upd_ctr=9 opt_step=144 E=0.220 g=0.125 VarTD=0.162030 ret_end=-26.091 dbar_end=0.663 occ_end=0.240 CSR_train=0.000 done_count=125
[upd 100] u=0 upd_ctr=10 opt_step=160 E=0.224 g=0.132 VarTD=0.170358 ret_end=-25.682 dbar_end=0.646 occ_end=0.224 CSR_train=0.000 done_count=125
[upd 110] u=0 upd_ctr=11 opt_step=176 E=0.219 g=0.128 VarTD=0.190266 ret_end=-26.019 dbar_end=0.655 occ_end=0.224 CSR_train=0.000 done_count=125
[upd 120] u=0 upd_ctr=12 opt_step=192 E=0.219 g=0.119 VarTD=0.230627 ret_end=-26.935 dbar_end=0.678 occ_end=0.224 CSR_train=0.000 done_count=125
[upd 130] u=0 upd_ctr=13 opt_step=208 E=0.332 g=0.132 VarTD=0.218926 ret_end=-25.751 dbar_end=0.646 occ_end=0.270 CSR_train=0.000 done_count=100
[upd 140] u=0 upd_ctr=14 opt_step=224 E=0.482 g=0.135 VarTD=0.249920 ret_end=-25.274 dbar_end=0.638 occ_end=0.144 CSR_train=0.000 done_count=125
[upd 150] u=0 upd_ctr=15 opt_step=240 E=0.628 g=0.157 VarTD=0.309201 ret_end=-24.580 dbar_end=0.590 occ_end=0.376 CSR_train=0.000 done_count=125
[upd 160] u=0 upd_ctr=16 opt_step=256 E=0.780 g=0.134 VarTD=0.348404 ret_end=-25.787 dbar_end=0.639 occ_end=0.240 CSR_train=0.000 done_count=125
[upd 170] u=0 upd_ctr=17 opt_step=272 E=1.000 g=0.141 VarTD=0.425879 ret_end=-25.266 dbar_end=0.624 occ_end=0.264 CSR_train=0.000 done_count=125
[upd 180] u=0 upd_ctr=19 opt_step=304 E=0.253 g=0.151 VarTD=0.489809 ret_end=-24.870 dbar_end=0.603 occ_end=0.200 CSR_train=0.000 done_count=125
[upd 190] u=0 upd_ctr=20 opt_step=320 E=0.528 g=0.148 VarTD=0.650819 ret_end=-24.768 dbar_end=0.609 occ_end=0.224 CSR_train=0.000 done_count=125
[upd 200] u=0 upd_ctr=21 opt_step=336 E=0.809 g=0.145 VarTD=0.678298 ret_end=-24.570 dbar_end=0.616 occ_end=0.256 CSR_train=0.000 done_count=125
[upd 210] u=0 upd_ctr=22 opt_step=352 E=1.000 g=0.172 VarTD=0.877394 ret_end=-23.714 dbar_end=0.560 occ_end=0.296 CSR_train=0.008 done_count=125
[upd 220] u=0 upd_ctr=24 opt_step=384 E=0.281 g=0.168 VarTD=1.050745 ret_end=-24.975 dbar_end=0.568 occ_end=0.304 CSR_train=0.000 done_count=125
[upd 230] u=0 upd_ctr=25 opt_step=400 E=0.612 g=0.167 VarTD=1.147310 ret_end=-23.714 dbar_end=0.570 occ_end=0.248 CSR_train=0.008 done_count=125
[upd 240] u=0 upd_ctr=26 opt_step=416 E=1.000 g=0.148 VarTD=1.226547 ret_end=-24.932 dbar_end=0.608 occ_end=0.240 CSR_train=0.000 done_count=125
[upd 250] u=0 upd_ctr=28 opt_step=448 E=0.473 g=0.168 VarTD=1.590842 ret_end=-24.519 dbar_end=0.569 occ_end=0.264 CSR_train=0.008 done_count=125
[upd 260] u=0 upd_ctr=29 opt_step=464 E=0.901 g=0.162 VarTD=1.351644 ret_end=-24.444 dbar_end=0.580 occ_end=0.230 CSR_train=0.000 done_count=100
[upd 270] u=0 upd_ctr=31 opt_step=496 E=0.305 g=0.159 VarTD=2.003289 ret_end=-24.142 dbar_end=0.586 occ_end=0.264 CSR_train=0.000 done_count=125
[upd 280] u=0 upd_ctr=32 opt_step=512 E=0.771 g=0.177 VarTD=2.196134 ret_end=-23.435 dbar_end=0.552 occ_end=0.288 CSR_train=0.000 done_count=125
[upd 290] u=1 upd_ctr=34 opt_step=544 E=0.147 g=0.164 VarTD=2.336796 ret_end=-24.647 dbar_end=0.576 occ_end=0.304 CSR_train=0.000 done_count=125
[upd 300] u=0 upd_ctr=35 opt_step=560 E=0.597 g=0.167 VarTD=2.659301 ret_end=-24.010 dbar_end=0.570 occ_end=0.304 CSR_train=0.000 done_count=125
[upd 310] u=0 upd_ctr=36 opt_step=576 E=1.000 g=0.181 VarTD=2.741802 ret_end=-22.683 dbar_end=0.545 occ_end=0.296 CSR_train=0.000 done_count=125
[Gate5 check] update_counter violations: t0=0 diffs=0
[Gate5 check] opt_step violations: t0=0 diffs=0 (expected_inc=16)
[Gate5 check] NaN masking: nan_on_skip=True finite_on_update=True
[Gate5 summary] mean_update_fraction=0.1186 final_executed_updates_mean=37.00
[Gate5 eval] done_count mean=100.0 CSR mean=0.0000 len_end_mean=26.00
[Gate5 eval] episodes_per_env=4 T_eval=104
[Gate5 eval-debug] locked_eps_occ=0.20 pre(step25): dbar_end=0.492721 occupied_end_mean=0.400000 max_tilde_end_mean=0.707374 CSR@locked=0.010000
[Gate5 eval-debug] locked_eps_occ=0.20 post(step26): dbar_end=0.493496 occupied_end_mean=0.390000 max_tilde_end_mean=0.708087 CSR@locked=0.000000
[Gate5 eval-debug] CSR_pre@0.10=0.0000 CSR_pre@0.15=0.0000 CSR_pre@0.20=0.0100 CSR_pre@0.25=0.0100 CSR_pre@0.30=0.0300
[Gate5 eval-debug] CSR_post@0.10=0.0000 CSR_post@0.15=0.0000 CSR_post@0.20=0.0000 CSR_post@0.25=0.0100 CSR_post@0.30=0.0400
