Importing submoduled environments...
Submoduled environments not found. Skipping import.
[upd 0] u=1 upd_ctr=1 opt_step=16 E=0.284 g=0.093 VarTD=0.145852 ret_end=-27.154 dbar_end=0.757 occ_end=0.170 CSR_train=0.000 done_count=100
[upd 10] u=0 upd_ctr=2 opt_step=32 E=0.323 g=0.088 VarTD=0.148120 ret_end=-27.438 dbar_end=0.775 occ_end=0.152 CSR_train=0.008 done_count=125
[upd 20] u=0 upd_ctr=3 opt_step=48 E=0.407 g=0.099 VarTD=0.145300 ret_end=-26.653 dbar_end=0.736 occ_end=0.160 CSR_train=0.000 done_count=125
[upd 30] u=0 upd_ctr=4 opt_step=64 E=0.505 g=0.095 VarTD=0.152064 ret_end=-27.047 dbar_end=0.749 occ_end=0.136 CSR_train=0.000 done_count=125
[upd 40] u=0 upd_ctr=5 opt_step=80 E=0.666 g=0.102 VarTD=0.151413 ret_end=-26.933 dbar_end=0.728 occ_end=0.152 CSR_train=0.000 done_count=125
[upd 50] u=0 upd_ctr=6 opt_step=96 E=0.842 g=0.110 VarTD=0.181270 ret_end=-26.465 dbar_end=0.703 occ_end=0.208 CSR_train=0.000 done_count=125
[upd 60] u=0 upd_ctr=8 opt_step=128 E=0.233 g=0.118 VarTD=0.158088 ret_end=-25.664 dbar_end=0.680 occ_end=0.200 CSR_train=0.000 done_count=125
[upd 70] u=0 upd_ctr=9 opt_step=144 E=0.468 g=0.119 VarTD=0.173889 ret_end=-26.444 dbar_end=0.679 occ_end=0.168 CSR_train=0.000 done_count=125
[upd 80] u=0 upd_ctr=10 opt_step=160 E=0.721 g=0.116 VarTD=0.166196 ret_end=-26.226 dbar_end=0.685 occ_end=0.208 CSR_train=0.000 done_count=125
[upd 90] u=1 upd_ctr=12 opt_step=192 E=0.141 g=0.114 VarTD=0.171584 ret_end=-26.425 dbar_end=0.693 occ_end=0.152 CSR_train=0.000 done_count=125
[upd 100] u=0 upd_ctr=13 opt_step=208 E=0.400 g=0.128 VarTD=0.202405 ret_end=-25.294 dbar_end=0.656 occ_end=0.144 CSR_train=0.000 done_count=125
[upd 110] u=0 upd_ctr=14 opt_step=224 E=0.664 g=0.120 VarTD=0.256696 ret_end=-25.548 dbar_end=0.676 occ_end=0.256 CSR_train=0.000 done_count=125
[upd 120] u=1 upd_ctr=16 opt_step=256 E=0.157 g=0.116 VarTD=0.251198 ret_end=-25.712 dbar_end=0.686 occ_end=0.200 CSR_train=0.000 done_count=125
[Gate5 check] update_counter violations: t0=0 diffs=0
[Gate5 check] opt_step violations: t0=0 diffs=0 (expected_inc=16)
[Gate5 check] NaN masking: nan_on_skip=True finite_on_update=True
[Gate5 summary] mean_update_fraction=0.1280 final_executed_updates_mean=16.00
[Gate5 eval] done_count mean=100.0 CSR mean=0.0200 len_end_mean=26.00
[Gate5 eval] episodes_per_env=4 T_eval=104
[Gate5 eval-debug] locked_eps_occ=0.20 pre(step25): dbar_end=0.502097 occupied_end_mean=0.420000 max_tilde_end_mean=0.714823 CSR@locked=0.010000
[Gate5 eval-debug] locked_eps_occ=0.20 post(step26): dbar_end=0.502908 occupied_end_mean=0.390000 max_tilde_end_mean=0.707994 CSR@locked=0.020000
[Gate5 eval-debug] CSR_pre@0.10=0.0000 CSR_pre@0.15=0.0000 CSR_pre@0.20=0.0100 CSR_pre@0.25=0.0300 CSR_pre@0.30=0.0400
[Gate5 eval-debug] CSR_post@0.10=0.0000 CSR_post@0.15=0.0000 CSR_post@0.20=0.0200 CSR_post@0.25=0.0300 CSR_post@0.30=0.0400
