Importing submoduled environments...
Submoduled environments not found. Skipping import.
[upd 0] u=1 upd_ctr=1 opt_step=16 E=0.500 g=0.102 VarTD=0.148347 ret_end=-26.397 dbar_end=0.726 occ_end=0.190 CSR_train=0.000 done_count=100
[upd 10] u=0 upd_ctr=2 opt_step=32 E=0.000 g=0.092 VarTD=0.157573 ret_end=-27.164 dbar_end=0.761 occ_end=0.168 CSR_train=0.008 done_count=125
[upd 20] u=0 upd_ctr=2 opt_step=32 E=0.000 g=0.087 VarTD=0.166584 ret_end=-27.730 dbar_end=0.778 occ_end=0.176 CSR_train=0.000 done_count=125
[upd 30] u=0 upd_ctr=2 opt_step=32 E=0.000 g=0.099 VarTD=0.159069 ret_end=-27.793 dbar_end=0.735 occ_end=0.216 CSR_train=0.000 done_count=125
[upd 40] u=0 upd_ctr=2 opt_step=32 E=0.000 g=0.102 VarTD=0.156548 ret_end=-26.965 dbar_end=0.728 occ_end=0.136 CSR_train=0.000 done_count=125
[upd 50] u=0 upd_ctr=2 opt_step=32 E=0.000 g=0.115 VarTD=0.146664 ret_end=-25.987 dbar_end=0.690 occ_end=0.176 CSR_train=0.000 done_count=125
[upd 60] u=0 upd_ctr=2 opt_step=32 E=0.000 g=0.083 VarTD=0.187794 ret_end=-28.773 dbar_end=0.793 occ_end=0.112 CSR_train=0.000 done_count=125
[upd 70] u=0 upd_ctr=2 opt_step=32 E=0.000 g=0.101 VarTD=0.159291 ret_end=-26.662 dbar_end=0.732 occ_end=0.176 CSR_train=0.000 done_count=125
[upd 80] u=0 upd_ctr=2 opt_step=32 E=0.000 g=0.098 VarTD=0.141002 ret_end=-27.814 dbar_end=0.738 occ_end=0.184 CSR_train=0.000 done_count=125
[upd 90] u=0 upd_ctr=2 opt_step=32 E=0.000 g=0.090 VarTD=0.152486 ret_end=-27.143 dbar_end=0.766 occ_end=0.160 CSR_train=0.000 done_count=125
[upd 100] u=0 upd_ctr=2 opt_step=32 E=0.000 g=0.096 VarTD=0.162597 ret_end=-26.982 dbar_end=0.747 occ_end=0.120 CSR_train=0.000 done_count=125
[upd 110] u=0 upd_ctr=2 opt_step=32 E=0.000 g=0.082 VarTD=0.154859 ret_end=-28.714 dbar_end=0.798 occ_end=0.168 CSR_train=0.000 done_count=125
[upd 120] u=0 upd_ctr=2 opt_step=32 E=0.000 g=0.094 VarTD=0.133423 ret_end=-27.347 dbar_end=0.753 occ_end=0.096 CSR_train=0.000 done_count=125
[Gate5 check] update_counter violations: t0=0 diffs=0
[Gate5 check] opt_step violations: t0=0 diffs=0 (expected_inc=16)
[Gate5 check] NaN masking: nan_on_skip=True finite_on_update=True
[Gate5 summary] mean_update_fraction=0.0160 final_executed_updates_mean=2.00
[Gate5 eval] done_count mean=100.0 CSR mean=0.0200 len_end_mean=26.00
[Gate5 eval] episodes_per_env=4 T_eval=104
[Gate5 eval-debug] locked_eps_occ=0.20 pre(step25): dbar_end=0.515193 occupied_end_mean=0.360000 max_tilde_end_mean=0.760355 CSR@locked=0.010000
[Gate5 eval-debug] locked_eps_occ=0.20 post(step26): dbar_end=0.514260 occupied_end_mean=0.410000 max_tilde_end_mean=0.752127 CSR@locked=0.020000
[Gate5 eval-debug] CSR_pre@0.10=0.0000 CSR_pre@0.15=0.0000 CSR_pre@0.20=0.0100 CSR_pre@0.25=0.0200 CSR_pre@0.30=0.0200
[Gate5 eval-debug] CSR_post@0.10=0.0000 CSR_post@0.15=0.0200 CSR_post@0.20=0.0200 CSR_post@0.25=0.0200 CSR_post@0.30=0.0200
