Importing submoduled environments...
Submoduled environments not found. Skipping import.
[upd 0] u=1 upd_ctr=1 opt_step=16 E=0.087 g=0.096 VarTD=0.159541 ret_end=-27.424 dbar_end=0.745 occ_end=0.200 CSR_train=0.000 done_count=100
[upd 10] u=0 upd_ctr=1 opt_step=16 E=0.896 g=0.095 VarTD=0.132747 ret_end=-26.853 dbar_end=0.750 occ_end=0.208 CSR_train=0.000 done_count=125
[upd 20] u=0 upd_ctr=2 opt_step=32 E=0.712 g=0.107 VarTD=0.167039 ret_end=-26.225 dbar_end=0.711 occ_end=0.168 CSR_train=0.000 done_count=125
[upd 30] u=0 upd_ctr=3 opt_step=48 E=0.627 g=0.099 VarTD=0.152888 ret_end=-27.267 dbar_end=0.737 occ_end=0.176 CSR_train=0.000 done_count=125
[upd 40] u=0 upd_ctr=4 opt_step=64 E=0.462 g=0.118 VarTD=0.145724 ret_end=-26.434 dbar_end=0.682 occ_end=0.208 CSR_train=0.000 done_count=125
[upd 50] u=0 upd_ctr=5 opt_step=80 E=0.403 g=0.118 VarTD=0.144559 ret_end=-26.459 dbar_end=0.682 occ_end=0.224 CSR_train=0.000 done_count=125
[upd 60] u=0 upd_ctr=6 opt_step=96 E=0.316 g=0.119 VarTD=0.144871 ret_end=-26.006 dbar_end=0.678 occ_end=0.192 CSR_train=0.000 done_count=125
[upd 70] u=0 upd_ctr=7 opt_step=112 E=0.308 g=0.114 VarTD=0.149893 ret_end=-26.644 dbar_end=0.691 occ_end=0.176 CSR_train=0.000 done_count=125
[upd 80] u=0 upd_ctr=8 opt_step=128 E=0.334 g=0.127 VarTD=0.150806 ret_end=-25.671 dbar_end=0.658 occ_end=0.248 CSR_train=0.000 done_count=125
[upd 90] u=0 upd_ctr=9 opt_step=144 E=0.438 g=0.126 VarTD=0.143533 ret_end=-25.794 dbar_end=0.659 occ_end=0.192 CSR_train=0.000 done_count=125
[upd 100] u=0 upd_ctr=10 opt_step=160 E=0.607 g=0.143 VarTD=0.136372 ret_end=-24.933 dbar_end=0.619 occ_end=0.232 CSR_train=0.000 done_count=125
[upd 110] u=0 upd_ctr=11 opt_step=176 E=0.742 g=0.137 VarTD=0.159297 ret_end=-25.042 dbar_end=0.634 occ_end=0.248 CSR_train=0.000 done_count=125
[upd 120] u=0 upd_ctr=12 opt_step=192 E=0.886 g=0.128 VarTD=0.174856 ret_end=-25.797 dbar_end=0.656 occ_end=0.272 CSR_train=0.008 done_count=125
[Gate5 check] update_counter violations: t0=0 diffs=0
[Gate5 check] opt_step violations: t0=0 diffs=0 (expected_inc=16)
[Gate5 check] NaN masking: nan_on_skip=True finite_on_update=True
[Gate5 summary] mean_update_fraction=0.1040 final_executed_updates_mean=13.00
[Gate5 eval] done_count mean=100.0 CSR mean=0.0000 len_end_mean=26.00
[Gate5 eval] episodes_per_env=4 T_eval=104
[Gate5 eval-debug] locked_eps_occ=0.20 pre(step25): dbar_end=0.489964 occupied_end_mean=0.380000 max_tilde_end_mean=0.689227 CSR@locked=0.010000
[Gate5 eval-debug] locked_eps_occ=0.20 post(step26): dbar_end=0.479240 occupied_end_mean=0.360000 max_tilde_end_mean=0.683915 CSR@locked=0.000000
[Gate5 eval-debug] CSR_pre@0.10=0.0000 CSR_pre@0.15=0.0000 CSR_pre@0.20=0.0100 CSR_pre@0.25=0.0200 CSR_pre@0.30=0.0200
[Gate5 eval-debug] CSR_post@0.10=0.0000 CSR_post@0.15=0.0000 CSR_post@0.20=0.0000 CSR_post@0.25=0.0000 CSR_post@0.30=0.0200
