Importing submoduled environments...
Submoduled environments not found. Skipping import.
[upd 0] u=1 upd_ctr=1 opt_step=16 E=0.205 g=0.105 VarTD=0.153100 ret_end=-26.906 dbar_end=0.718 occ_end=0.160 CSR_train=0.000 done_count=100
[upd 10] u=0 upd_ctr=2 opt_step=32 E=0.240 g=0.084 VarTD=0.154736 ret_end=-28.184 dbar_end=0.789 occ_end=0.112 CSR_train=0.000 done_count=125
[upd 20] u=0 upd_ctr=3 opt_step=48 E=0.348 g=0.108 VarTD=0.130895 ret_end=-26.325 dbar_end=0.708 occ_end=0.216 CSR_train=0.000 done_count=125
[upd 30] u=0 upd_ctr=4 opt_step=64 E=0.491 g=0.110 VarTD=0.153468 ret_end=-26.744 dbar_end=0.703 occ_end=0.208 CSR_train=0.000 done_count=125
[upd 40] u=0 upd_ctr=5 opt_step=80 E=0.699 g=0.108 VarTD=0.140778 ret_end=-27.521 dbar_end=0.708 occ_end=0.184 CSR_train=0.008 done_count=125
[upd 50] u=0 upd_ctr=6 opt_step=96 E=0.960 g=0.112 VarTD=0.141738 ret_end=-27.179 dbar_end=0.697 occ_end=0.192 CSR_train=0.000 done_count=125
[upd 60] u=0 upd_ctr=8 opt_step=128 E=0.321 g=0.123 VarTD=0.143863 ret_end=-25.830 dbar_end=0.667 occ_end=0.240 CSR_train=0.000 done_count=125
[upd 70] u=0 upd_ctr=9 opt_step=144 E=0.692 g=0.146 VarTD=0.147043 ret_end=-24.578 dbar_end=0.613 occ_end=0.304 CSR_train=0.000 done_count=125
[upd 80] u=1 upd_ctr=11 opt_step=176 E=0.201 g=0.145 VarTD=0.134203 ret_end=-23.998 dbar_end=0.616 occ_end=0.272 CSR_train=0.000 done_count=125
[upd 90] u=0 upd_ctr=12 opt_step=192 E=0.608 g=0.142 VarTD=0.186080 ret_end=-24.454 dbar_end=0.621 occ_end=0.248 CSR_train=0.000 done_count=125
[upd 100] u=0 upd_ctr=13 opt_step=208 E=1.000 g=0.131 VarTD=0.212333 ret_end=-25.713 dbar_end=0.647 occ_end=0.184 CSR_train=0.000 done_count=125
[upd 110] u=0 upd_ctr=15 opt_step=240 E=0.626 g=0.146 VarTD=0.256429 ret_end=-24.615 dbar_end=0.613 occ_end=0.208 CSR_train=0.000 done_count=125
[upd 120] u=1 upd_ctr=17 opt_step=272 E=0.186 g=0.135 VarTD=0.311017 ret_end=-25.706 dbar_end=0.637 occ_end=0.240 CSR_train=0.000 done_count=125
[Gate5 check] update_counter violations: t0=0 diffs=0
[Gate5 check] opt_step violations: t0=0 diffs=0 (expected_inc=16)
[Gate5 check] NaN masking: nan_on_skip=True finite_on_update=True
[Gate5 summary] mean_update_fraction=0.1360 final_executed_updates_mean=17.00
[Gate5 eval] done_count mean=100.0 CSR mean=0.0100 len_end_mean=26.00
[Gate5 eval] episodes_per_env=4 T_eval=104
[Gate5 eval-debug] locked_eps_occ=0.20 pre(step25): dbar_end=0.503889 occupied_end_mean=0.390000 max_tilde_end_mean=0.707581 CSR@locked=0.000000
[Gate5 eval-debug] locked_eps_occ=0.20 post(step26): dbar_end=0.494437 occupied_end_mean=0.410000 max_tilde_end_mean=0.704104 CSR@locked=0.010000
[Gate5 eval-debug] CSR_pre@0.10=0.0000 CSR_pre@0.15=0.0000 CSR_pre@0.20=0.0000 CSR_pre@0.25=0.0200 CSR_pre@0.30=0.0500
[Gate5 eval-debug] CSR_post@0.10=0.0000 CSR_post@0.15=0.0000 CSR_post@0.20=0.0100 CSR_post@0.25=0.0300 CSR_post@0.30=0.0400
