Importing submoduled environments...
Submoduled environments not found. Skipping import.
[upd 0] u=1 upd_ctr=1 opt_step=16 E=0.132 g=0.082 VarTD=0.214117 ret_end=-27.772 dbar_end=0.796 occ_end=0.070 CSR_train=0.000 done_count=100
[upd 10] u=1 upd_ctr=2 opt_step=32 E=0.109 g=0.092 VarTD=0.178600 ret_end=-26.630 dbar_end=0.760 occ_end=0.136 CSR_train=0.000 done_count=125
[upd 20] u=1 upd_ctr=3 opt_step=48 E=0.140 g=0.108 VarTD=0.142917 ret_end=-27.184 dbar_end=0.708 occ_end=0.160 CSR_train=0.000 done_count=125
[upd 30] u=0 upd_ctr=4 opt_step=64 E=0.209 g=0.101 VarTD=0.166938 ret_end=-26.819 dbar_end=0.729 occ_end=0.216 CSR_train=0.000 done_count=125
[upd 40] u=0 upd_ctr=5 opt_step=80 E=0.281 g=0.108 VarTD=0.150451 ret_end=-26.107 dbar_end=0.709 occ_end=0.120 CSR_train=0.000 done_count=125
[upd 50] u=0 upd_ctr=6 opt_step=96 E=0.456 g=0.112 VarTD=0.146758 ret_end=-26.489 dbar_end=0.698 occ_end=0.168 CSR_train=0.000 done_count=125
[upd 60] u=0 upd_ctr=7 opt_step=112 E=0.600 g=0.109 VarTD=0.173109 ret_end=-26.735 dbar_end=0.705 occ_end=0.128 CSR_train=0.000 done_count=125
[upd 70] u=0 upd_ctr=8 opt_step=128 E=0.756 g=0.116 VarTD=0.171232 ret_end=-25.449 dbar_end=0.687 occ_end=0.160 CSR_train=0.000 done_count=125
[upd 80] u=0 upd_ctr=9 opt_step=144 E=1.000 g=0.110 VarTD=0.157948 ret_end=-27.500 dbar_end=0.702 occ_end=0.168 CSR_train=0.000 done_count=125
[upd 90] u=0 upd_ctr=11 opt_step=176 E=0.414 g=0.118 VarTD=0.175211 ret_end=-26.108 dbar_end=0.680 occ_end=0.160 CSR_train=0.000 done_count=125
[upd 100] u=0 upd_ctr=12 opt_step=192 E=0.702 g=0.129 VarTD=0.192943 ret_end=-24.959 dbar_end=0.653 occ_end=0.240 CSR_train=0.000 done_count=125
[upd 110] u=0 upd_ctr=13 opt_step=208 E=1.000 g=0.142 VarTD=0.218385 ret_end=-25.310 dbar_end=0.621 occ_end=0.248 CSR_train=0.000 done_count=125
[upd 120] u=0 upd_ctr=15 opt_step=240 E=0.452 g=0.127 VarTD=0.306390 ret_end=-25.570 dbar_end=0.657 occ_end=0.272 CSR_train=0.000 done_count=125
[upd 130] u=0 upd_ctr=16 opt_step=256 E=0.885 g=0.135 VarTD=0.292032 ret_end=-24.652 dbar_end=0.638 occ_end=0.230 CSR_train=0.000 done_count=100
[upd 140] u=0 upd_ctr=18 opt_step=288 E=0.333 g=0.133 VarTD=0.492114 ret_end=-25.150 dbar_end=0.644 occ_end=0.208 CSR_train=0.000 done_count=125
[upd 150] u=0 upd_ctr=19 opt_step=304 E=0.759 g=0.142 VarTD=0.538151 ret_end=-24.315 dbar_end=0.622 occ_end=0.280 CSR_train=0.000 done_count=125
[upd 160] u=1 upd_ctr=21 opt_step=336 E=0.193 g=0.143 VarTD=0.611208 ret_end=-24.750 dbar_end=0.620 occ_end=0.240 CSR_train=0.000 done_count=125
[upd 170] u=0 upd_ctr=22 opt_step=352 E=0.740 g=0.146 VarTD=0.794093 ret_end=-24.397 dbar_end=0.613 occ_end=0.176 CSR_train=0.000 done_count=125
[upd 180] u=0 upd_ctr=24 opt_step=384 E=0.344 g=0.159 VarTD=0.982805 ret_end=-23.302 dbar_end=0.585 occ_end=0.256 CSR_train=0.000 done_count=125
[upd 190] u=0 upd_ctr=25 opt_step=400 E=0.986 g=0.169 VarTD=1.158817 ret_end=-24.056 dbar_end=0.567 occ_end=0.280 CSR_train=0.000 done_count=125
[upd 200] u=0 upd_ctr=27 opt_step=432 E=0.526 g=0.164 VarTD=1.420776 ret_end=-23.662 dbar_end=0.576 occ_end=0.296 CSR_train=0.000 done_count=125
[upd 210] u=1 upd_ctr=29 opt_step=464 E=0.179 g=0.149 VarTD=1.535524 ret_end=-24.813 dbar_end=0.606 occ_end=0.232 CSR_train=0.000 done_count=125
[upd 220] u=0 upd_ctr=30 opt_step=480 E=0.680 g=0.163 VarTD=1.870215 ret_end=-23.507 dbar_end=0.579 occ_end=0.280 CSR_train=0.000 done_count=125
[upd 230] u=0 upd_ctr=32 opt_step=512 E=0.356 g=0.147 VarTD=2.194054 ret_end=-24.413 dbar_end=0.612 occ_end=0.264 CSR_train=0.000 done_count=125
[upd 240] u=0 upd_ctr=33 opt_step=528 E=0.989 g=0.150 VarTD=2.341693 ret_end=-24.158 dbar_end=0.605 occ_end=0.224 CSR_train=0.000 done_count=125
[upd 250] u=0 upd_ctr=35 opt_step=560 E=0.705 g=0.161 VarTD=2.722338 ret_end=-23.587 dbar_end=0.581 occ_end=0.256 CSR_train=0.000 done_count=125
[upd 260] u=0 upd_ctr=37 opt_step=592 E=0.391 g=0.167 VarTD=2.499142 ret_end=-23.857 dbar_end=0.570 occ_end=0.280 CSR_train=0.000 done_count=100
[upd 270] u=0 upd_ctr=38 opt_step=608 E=1.000 g=0.178 VarTD=3.288012 ret_end=-23.936 dbar_end=0.550 occ_end=0.304 CSR_train=0.008 done_count=125
[upd 280] u=0 upd_ctr=40 opt_step=640 E=0.711 g=0.169 VarTD=3.501281 ret_end=-23.082 dbar_end=0.566 occ_end=0.272 CSR_train=0.000 done_count=125
[upd 290] u=0 upd_ctr=42 opt_step=672 E=0.407 g=0.165 VarTD=3.922575 ret_end=-24.313 dbar_end=0.573 occ_end=0.264 CSR_train=0.000 done_count=125
[upd 300] u=0 upd_ctr=43 opt_step=688 E=1.000 g=0.178 VarTD=4.137332 ret_end=-23.559 dbar_end=0.550 occ_end=0.352 CSR_train=0.000 done_count=125
[upd 310] u=0 upd_ctr=45 opt_step=720 E=0.872 g=0.167 VarTD=4.370827 ret_end=-23.882 dbar_end=0.570 occ_end=0.232 CSR_train=0.000 done_count=125
[Gate5 check] update_counter violations: t0=0 diffs=0
[Gate5 check] opt_step violations: t0=0 diffs=0 (expected_inc=16)
[Gate5 check] NaN masking: nan_on_skip=True finite_on_update=True
[Gate5 summary] mean_update_fraction=0.1442 final_executed_updates_mean=45.00
[Gate5 eval] done_count mean=100.0 CSR mean=0.0000 len_end_mean=26.00
[Gate5 eval] episodes_per_env=4 T_eval=104
[Gate5 eval-debug] locked_eps_occ=0.20 pre(step25): dbar_end=0.492210 occupied_end_mean=0.370000 max_tilde_end_mean=0.691798 CSR@locked=0.000000
[Gate5 eval-debug] locked_eps_occ=0.20 post(step26): dbar_end=0.496228 occupied_end_mean=0.330000 max_tilde_end_mean=0.697996 CSR@locked=0.000000
[Gate5 eval-debug] CSR_pre@0.10=0.0000 CSR_pre@0.15=0.0000 CSR_pre@0.20=0.0000 CSR_pre@0.25=0.0000 CSR_pre@0.30=0.0700
[Gate5 eval-debug] CSR_post@0.10=0.0000 CSR_post@0.15=0.0000 CSR_post@0.20=0.0000 CSR_post@0.25=0.0000 CSR_post@0.30=0.0300
