Importing submoduled environments...
Submoduled environments not found. Skipping import.
[upd 0] u=1 upd_ctr=1 opt_step=16 E=0.042 g=0.084 VarTD=0.159484 ret_end=-27.958 dbar_end=0.788 occ_end=0.180 CSR_train=0.000 done_count=100
[upd 10] u=0 upd_ctr=1 opt_step=16 E=0.506 g=0.095 VarTD=0.154696 ret_end=-26.642 dbar_end=0.751 occ_end=0.136 CSR_train=0.000 done_count=125
[upd 20] u=0 upd_ctr=1 opt_step=16 E=0.964 g=0.095 VarTD=0.129269 ret_end=-26.530 dbar_end=0.751 occ_end=0.184 CSR_train=0.000 done_count=125
[upd 30] u=0 upd_ctr=2 opt_step=32 E=0.432 g=0.100 VarTD=0.162008 ret_end=-26.803 dbar_end=0.734 occ_end=0.176 CSR_train=0.000 done_count=125
[upd 40] u=0 upd_ctr=2 opt_step=32 E=0.915 g=0.098 VarTD=0.144389 ret_end=-27.235 dbar_end=0.738 occ_end=0.232 CSR_train=0.000 done_count=125
[upd 50] u=0 upd_ctr=3 opt_step=48 E=0.408 g=0.104 VarTD=0.129806 ret_end=-26.792 dbar_end=0.722 occ_end=0.136 CSR_train=0.000 done_count=125
[upd 60] u=0 upd_ctr=3 opt_step=48 E=0.922 g=0.100 VarTD=0.137139 ret_end=-27.355 dbar_end=0.734 occ_end=0.152 CSR_train=0.000 done_count=125
[upd 70] u=0 upd_ctr=4 opt_step=64 E=0.422 g=0.100 VarTD=0.160172 ret_end=-27.067 dbar_end=0.734 occ_end=0.128 CSR_train=0.000 done_count=125
[upd 80] u=0 upd_ctr=4 opt_step=64 E=0.964 g=0.115 VarTD=0.123118 ret_end=-25.769 dbar_end=0.688 occ_end=0.152 CSR_train=0.000 done_count=125
[upd 90] u=0 upd_ctr=5 opt_step=80 E=0.506 g=0.114 VarTD=0.126304 ret_end=-26.347 dbar_end=0.693 occ_end=0.168 CSR_train=0.000 done_count=125
[upd 100] u=1 upd_ctr=6 opt_step=96 E=0.061 g=0.123 VarTD=0.113847 ret_end=-25.217 dbar_end=0.668 occ_end=0.256 CSR_train=0.000 done_count=125
[upd 110] u=0 upd_ctr=6 opt_step=96 E=0.644 g=0.132 VarTD=0.132397 ret_end=-25.105 dbar_end=0.645 occ_end=0.216 CSR_train=0.000 done_count=125
[upd 120] u=0 upd_ctr=7 opt_step=112 E=0.173 g=0.120 VarTD=0.132131 ret_end=-25.530 dbar_end=0.675 occ_end=0.160 CSR_train=0.000 done_count=125
[upd 130] u=0 upd_ctr=7 opt_step=112 E=0.761 g=0.122 VarTD=0.132297 ret_end=-25.897 dbar_end=0.671 occ_end=0.210 CSR_train=0.000 done_count=100
[upd 140] u=0 upd_ctr=8 opt_step=128 E=0.302 g=0.129 VarTD=0.130062 ret_end=-25.411 dbar_end=0.652 occ_end=0.200 CSR_train=0.000 done_count=125
[upd 150] u=0 upd_ctr=8 opt_step=128 E=0.902 g=0.123 VarTD=0.142817 ret_end=-26.020 dbar_end=0.667 occ_end=0.272 CSR_train=0.000 done_count=125
[upd 160] u=0 upd_ctr=9 opt_step=144 E=0.521 g=0.127 VarTD=0.128746 ret_end=-24.212 dbar_end=0.657 occ_end=0.200 CSR_train=0.000 done_count=125
[upd 170] u=0 upd_ctr=10 opt_step=160 E=0.121 g=0.115 VarTD=0.157114 ret_end=-26.394 dbar_end=0.688 occ_end=0.168 CSR_train=0.000 done_count=125
[upd 180] u=0 upd_ctr=10 opt_step=160 E=0.764 g=0.132 VarTD=0.166268 ret_end=-24.982 dbar_end=0.646 occ_end=0.192 CSR_train=0.000 done_count=125
[upd 190] u=0 upd_ctr=11 opt_step=176 E=0.399 g=0.129 VarTD=0.175003 ret_end=-25.944 dbar_end=0.652 occ_end=0.248 CSR_train=0.000 done_count=125
[upd 200] u=1 upd_ctr=12 opt_step=192 E=0.072 g=0.143 VarTD=0.167087 ret_end=-24.014 dbar_end=0.618 occ_end=0.192 CSR_train=0.000 done_count=125
[upd 210] u=0 upd_ctr=12 opt_step=192 E=0.763 g=0.143 VarTD=0.195926 ret_end=-24.813 dbar_end=0.620 occ_end=0.232 CSR_train=0.000 done_count=125
[upd 220] u=0 upd_ctr=13 opt_step=208 E=0.425 g=0.152 VarTD=0.191592 ret_end=-24.070 dbar_end=0.599 occ_end=0.272 CSR_train=0.000 done_count=125
[upd 230] u=1 upd_ctr=14 opt_step=224 E=0.060 g=0.121 VarTD=0.227347 ret_end=-26.194 dbar_end=0.674 occ_end=0.176 CSR_train=0.000 done_count=125
[upd 240] u=0 upd_ctr=14 opt_step=224 E=0.778 g=0.148 VarTD=0.237086 ret_end=-24.688 dbar_end=0.609 occ_end=0.304 CSR_train=0.000 done_count=125
[upd 250] u=0 upd_ctr=15 opt_step=240 E=0.423 g=0.142 VarTD=0.296012 ret_end=-25.199 dbar_end=0.622 occ_end=0.272 CSR_train=0.000 done_count=125
[upd 260] u=1 upd_ctr=16 opt_step=256 E=0.069 g=0.139 VarTD=0.241592 ret_end=-25.343 dbar_end=0.629 occ_end=0.200 CSR_train=0.000 done_count=100
[upd 270] u=0 upd_ctr=16 opt_step=256 E=0.834 g=0.157 VarTD=0.335490 ret_end=-24.326 dbar_end=0.590 occ_end=0.216 CSR_train=0.000 done_count=125
[upd 280] u=0 upd_ctr=17 opt_step=272 E=0.522 g=0.162 VarTD=0.400119 ret_end=-24.335 dbar_end=0.579 occ_end=0.280 CSR_train=0.000 done_count=125
[upd 290] u=0 upd_ctr=18 opt_step=288 E=0.229 g=0.157 VarTD=0.440376 ret_end=-24.801 dbar_end=0.591 occ_end=0.248 CSR_train=0.000 done_count=125
[upd 300] u=0 upd_ctr=18 opt_step=288 E=0.984 g=0.153 VarTD=0.446014 ret_end=-25.135 dbar_end=0.597 occ_end=0.256 CSR_train=0.000 done_count=125
[upd 310] u=0 upd_ctr=19 opt_step=304 E=0.697 g=0.150 VarTD=0.499733 ret_end=-24.747 dbar_end=0.604 occ_end=0.232 CSR_train=0.000 done_count=125
[Gate5 check] update_counter violations: t0=0 diffs=0
[Gate5 check] opt_step violations: t0=0 diffs=0 (expected_inc=16)
[Gate5 check] NaN masking: nan_on_skip=True finite_on_update=True
[Gate5 summary] mean_update_fraction=0.0609 final_executed_updates_mean=19.00
[Gate5 eval] done_count mean=100.0 CSR mean=0.0000 len_end_mean=26.00
[Gate5 eval] episodes_per_env=4 T_eval=104
[Gate5 eval-debug] locked_eps_occ=0.20 pre(step25): dbar_end=0.511901 occupied_end_mean=0.350000 max_tilde_end_mean=0.729434 CSR@locked=0.010000
[Gate5 eval-debug] locked_eps_occ=0.20 post(step26): dbar_end=0.510425 occupied_end_mean=0.380000 max_tilde_end_mean=0.724686 CSR@locked=0.000000
[Gate5 eval-debug] CSR_pre@0.10=0.0000 CSR_pre@0.15=0.0100 CSR_pre@0.20=0.0100 CSR_pre@0.25=0.0100 CSR_pre@0.30=0.0200
[Gate5 eval-debug] CSR_post@0.10=0.0000 CSR_post@0.15=0.0000 CSR_post@0.20=0.0000 CSR_post@0.25=0.0100 CSR_post@0.30=0.0200
