Importing submoduled environments...
Submoduled environments not found. Skipping import.
[upd 0] u=1 upd_ctr=1 opt_step=16 E=0.193 g=0.093 VarTD=0.145852 ret_end=-27.154 dbar_end=0.757 occ_end=0.170 CSR_train=0.000 done_count=100
[upd 10] u=0 upd_ctr=2 opt_step=32 E=0.225 g=0.091 VarTD=0.151165 ret_end=-27.329 dbar_end=0.763 occ_end=0.176 CSR_train=0.008 done_count=125
[upd 20] u=0 upd_ctr=3 opt_step=48 E=0.323 g=0.100 VarTD=0.143200 ret_end=-26.581 dbar_end=0.733 occ_end=0.192 CSR_train=0.000 done_count=125
[upd 30] u=0 upd_ctr=4 opt_step=64 E=0.426 g=0.100 VarTD=0.137688 ret_end=-26.716 dbar_end=0.735 occ_end=0.136 CSR_train=0.000 done_count=125
[upd 40] u=0 upd_ctr=5 opt_step=80 E=0.632 g=0.101 VarTD=0.146897 ret_end=-26.770 dbar_end=0.731 occ_end=0.168 CSR_train=0.000 done_count=125
[upd 50] u=0 upd_ctr=6 opt_step=96 E=0.885 g=0.124 VarTD=0.155765 ret_end=-25.876 dbar_end=0.664 occ_end=0.200 CSR_train=0.000 done_count=125
[upd 60] u=0 upd_ctr=8 opt_step=128 E=0.290 g=0.127 VarTD=0.150975 ret_end=-25.306 dbar_end=0.657 occ_end=0.200 CSR_train=0.000 done_count=125
[upd 70] u=0 upd_ctr=9 opt_step=144 E=0.650 g=0.124 VarTD=0.169051 ret_end=-26.123 dbar_end=0.665 occ_end=0.208 CSR_train=0.000 done_count=125
[upd 80] u=0 upd_ctr=10 opt_step=160 E=0.994 g=0.118 VarTD=0.153723 ret_end=-25.829 dbar_end=0.681 occ_end=0.136 CSR_train=0.000 done_count=125
[upd 90] u=0 upd_ctr=12 opt_step=192 E=0.468 g=0.128 VarTD=0.181326 ret_end=-25.729 dbar_end=0.654 occ_end=0.144 CSR_train=0.000 done_count=125
[upd 100] u=0 upd_ctr=13 opt_step=208 E=0.923 g=0.149 VarTD=0.205043 ret_end=-24.762 dbar_end=0.607 occ_end=0.272 CSR_train=0.000 done_count=125
[upd 110] u=0 upd_ctr=15 opt_step=240 E=0.518 g=0.146 VarTD=0.297370 ret_end=-24.397 dbar_end=0.612 occ_end=0.328 CSR_train=0.000 done_count=125
[upd 120] u=0 upd_ctr=16 opt_step=256 E=1.000 g=0.143 VarTD=0.312027 ret_end=-24.754 dbar_end=0.619 occ_end=0.232 CSR_train=0.000 done_count=125
[upd 130] u=0 upd_ctr=18 opt_step=288 E=0.717 g=0.167 VarTD=0.383693 ret_end=-23.402 dbar_end=0.571 occ_end=0.250 CSR_train=0.000 done_count=100
[upd 140] u=0 upd_ctr=20 opt_step=320 E=0.399 g=0.153 VarTD=0.590415 ret_end=-24.326 dbar_end=0.598 occ_end=0.304 CSR_train=0.000 done_count=125
[upd 150] u=0 upd_ctr=21 opt_step=336 E=1.000 g=0.165 VarTD=0.678526 ret_end=-24.020 dbar_end=0.573 occ_end=0.272 CSR_train=0.000 done_count=125
[upd 160] u=0 upd_ctr=23 opt_step=368 E=0.710 g=0.155 VarTD=0.905780 ret_end=-24.011 dbar_end=0.593 occ_end=0.200 CSR_train=0.000 done_count=125
[upd 170] u=0 upd_ctr=25 opt_step=400 E=0.560 g=0.184 VarTD=1.183185 ret_end=-22.817 dbar_end=0.538 occ_end=0.360 CSR_train=0.000 done_count=125
[upd 180] u=0 upd_ctr=27 opt_step=432 E=0.419 g=0.173 VarTD=1.443823 ret_end=-23.910 dbar_end=0.558 occ_end=0.336 CSR_train=0.000 done_count=125
[upd 190] u=1 upd_ctr=29 opt_step=464 E=0.277 g=0.177 VarTD=1.540879 ret_end=-23.383 dbar_end=0.551 occ_end=0.264 CSR_train=0.000 done_count=125
[upd 200] u=1 upd_ctr=31 opt_step=496 E=0.255 g=0.189 VarTD=1.869694 ret_end=-24.006 dbar_end=0.530 occ_end=0.320 CSR_train=0.000 done_count=125
[upd 210] u=1 upd_ctr=33 opt_step=528 E=0.272 g=0.187 VarTD=2.229759 ret_end=-24.005 dbar_end=0.534 occ_end=0.368 CSR_train=0.000 done_count=125
[upd 220] u=1 upd_ctr=35 opt_step=560 E=0.269 g=0.180 VarTD=2.542130 ret_end=-23.836 dbar_end=0.546 occ_end=0.360 CSR_train=0.000 done_count=125
[upd 230] u=1 upd_ctr=37 opt_step=592 E=0.243 g=0.178 VarTD=2.883652 ret_end=-23.523 dbar_end=0.551 occ_end=0.256 CSR_train=0.000 done_count=125
[upd 240] u=1 upd_ctr=39 opt_step=624 E=0.256 g=0.192 VarTD=3.286938 ret_end=-24.089 dbar_end=0.525 occ_end=0.368 CSR_train=0.000 done_count=125
[upd 250] u=1 upd_ctr=41 opt_step=656 E=0.228 g=0.181 VarTD=3.601903 ret_end=-23.948 dbar_end=0.544 occ_end=0.312 CSR_train=0.000 done_count=125
[upd 260] u=1 upd_ctr=43 opt_step=688 E=0.261 g=0.165 VarTD=3.229422 ret_end=-23.986 dbar_end=0.574 occ_end=0.130 CSR_train=0.000 done_count=100
[upd 270] u=1 upd_ctr=45 opt_step=720 E=0.263 g=0.180 VarTD=4.329935 ret_end=-23.908 dbar_end=0.546 occ_end=0.352 CSR_train=0.008 done_count=125
[upd 280] u=1 upd_ctr=47 opt_step=752 E=0.293 g=0.193 VarTD=4.627254 ret_end=-22.961 dbar_end=0.525 occ_end=0.384 CSR_train=0.000 done_count=125
[upd 290] u=1 upd_ctr=49 opt_step=784 E=0.281 g=0.181 VarTD=4.926438 ret_end=-23.066 dbar_end=0.544 occ_end=0.280 CSR_train=0.000 done_count=125
[upd 300] u=1 upd_ctr=51 opt_step=816 E=0.288 g=0.188 VarTD=5.057139 ret_end=-22.303 dbar_end=0.532 occ_end=0.416 CSR_train=0.000 done_count=125
[upd 310] u=1 upd_ctr=53 opt_step=848 E=0.275 g=0.178 VarTD=5.282270 ret_end=-23.328 dbar_end=0.551 occ_end=0.360 CSR_train=0.000 done_count=125
[Gate5 check] update_counter violations: t0=0 diffs=0
[Gate5 check] opt_step violations: t0=0 diffs=0 (expected_inc=16)
[Gate5 check] NaN masking: nan_on_skip=True finite_on_update=True
[Gate5 summary] mean_update_fraction=0.1699 final_executed_updates_mean=53.00
[Gate5 eval] done_count mean=100.0 CSR mean=0.0100 len_end_mean=26.00
[Gate5 eval] episodes_per_env=4 T_eval=104
[Gate5 eval-debug] locked_eps_occ=0.20 pre(step25): dbar_end=0.483533 occupied_end_mean=0.410000 max_tilde_end_mean=0.676503 CSR@locked=0.000000
[Gate5 eval-debug] locked_eps_occ=0.20 post(step26): dbar_end=0.482318 occupied_end_mean=0.420000 max_tilde_end_mean=0.676700 CSR@locked=0.010000
[Gate5 eval-debug] CSR_pre@0.10=0.0000 CSR_pre@0.15=0.0000 CSR_pre@0.20=0.0000 CSR_pre@0.25=0.0100 CSR_pre@0.30=0.0400
[Gate5 eval-debug] CSR_post@0.10=0.0000 CSR_post@0.15=0.0100 CSR_post@0.20=0.0100 CSR_post@0.25=0.0200 CSR_post@0.30=0.0800
