Importing submoduled environments...
Submoduled environments not found. Skipping import.
[upd 0] u=1 upd_ctr=1 opt_step=16 E=0.182 g=0.102 VarTD=0.148347 ret_end=-26.397 dbar_end=0.726 occ_end=0.190 CSR_train=0.000 done_count=100
[upd 10] u=0 upd_ctr=1 opt_step=16 E=0.928 g=0.089 VarTD=0.167256 ret_end=-27.327 dbar_end=0.769 occ_end=0.152 CSR_train=0.008 done_count=125
[upd 20] u=0 upd_ctr=2 opt_step=32 E=0.809 g=0.087 VarTD=0.166103 ret_end=-27.691 dbar_end=0.778 occ_end=0.168 CSR_train=0.000 done_count=125
[upd 30] u=0 upd_ctr=3 opt_step=48 E=0.737 g=0.108 VarTD=0.159348 ret_end=-27.336 dbar_end=0.708 occ_end=0.288 CSR_train=0.000 done_count=125
[upd 40] u=0 upd_ctr=4 opt_step=64 E=0.725 g=0.115 VarTD=0.164416 ret_end=-26.284 dbar_end=0.689 occ_end=0.128 CSR_train=0.000 done_count=125
[upd 50] u=0 upd_ctr=5 opt_step=80 E=0.719 g=0.134 VarTD=0.155455 ret_end=-25.054 dbar_end=0.641 occ_end=0.280 CSR_train=0.000 done_count=125
[upd 60] u=0 upd_ctr=6 opt_step=96 E=0.763 g=0.107 VarTD=0.171778 ret_end=-27.428 dbar_end=0.713 occ_end=0.128 CSR_train=0.000 done_count=125
[upd 70] u=0 upd_ctr=7 opt_step=112 E=0.861 g=0.134 VarTD=0.163248 ret_end=-25.046 dbar_end=0.640 occ_end=0.216 CSR_train=0.000 done_count=125
[upd 80] u=0 upd_ctr=8 opt_step=128 E=0.974 g=0.124 VarTD=0.150965 ret_end=-26.553 dbar_end=0.665 occ_end=0.224 CSR_train=0.000 done_count=125
[upd 90] u=1 upd_ctr=10 opt_step=160 E=0.187 g=0.126 VarTD=0.154751 ret_end=-25.270 dbar_end=0.660 occ_end=0.184 CSR_train=0.000 done_count=125
[upd 100] u=0 upd_ctr=11 opt_step=176 E=0.358 g=0.131 VarTD=0.195097 ret_end=-25.361 dbar_end=0.647 occ_end=0.184 CSR_train=0.000 done_count=125
[upd 110] u=0 upd_ctr=12 opt_step=192 E=0.526 g=0.120 VarTD=0.194093 ret_end=-26.436 dbar_end=0.676 occ_end=0.232 CSR_train=0.000 done_count=125
[upd 120] u=0 upd_ctr=13 opt_step=208 E=0.765 g=0.145 VarTD=0.199962 ret_end=-24.982 dbar_end=0.614 occ_end=0.216 CSR_train=0.000 done_count=125
[upd 130] u=1 upd_ctr=15 opt_step=240 E=0.136 g=0.152 VarTD=0.232748 ret_end=-24.393 dbar_end=0.600 occ_end=0.220 CSR_train=0.000 done_count=100
[upd 140] u=0 upd_ctr=16 opt_step=256 E=0.416 g=0.148 VarTD=0.308560 ret_end=-25.463 dbar_end=0.608 occ_end=0.208 CSR_train=0.000 done_count=125
[upd 150] u=0 upd_ctr=17 opt_step=272 E=0.685 g=0.155 VarTD=0.438832 ret_end=-24.299 dbar_end=0.594 occ_end=0.280 CSR_train=0.000 done_count=125
[upd 160] u=0 upd_ctr=18 opt_step=288 E=0.992 g=0.161 VarTD=0.463696 ret_end=-24.040 dbar_end=0.581 occ_end=0.296 CSR_train=0.000 done_count=125
[upd 170] u=0 upd_ctr=20 opt_step=320 E=0.439 g=0.168 VarTD=0.608154 ret_end=-23.735 dbar_end=0.568 occ_end=0.160 CSR_train=0.000 done_count=125
[upd 180] u=0 upd_ctr=21 opt_step=336 E=0.832 g=0.158 VarTD=0.690616 ret_end=-23.832 dbar_end=0.589 occ_end=0.208 CSR_train=0.000 done_count=125
[upd 190] u=0 upd_ctr=23 opt_step=368 E=0.304 g=0.172 VarTD=0.952515 ret_end=-23.950 dbar_end=0.561 occ_end=0.296 CSR_train=0.000 done_count=125
[upd 200] u=0 upd_ctr=24 opt_step=384 E=0.682 g=0.150 VarTD=1.026799 ret_end=-25.044 dbar_end=0.604 occ_end=0.232 CSR_train=0.000 done_count=125
[upd 210] u=1 upd_ctr=26 opt_step=416 E=0.229 g=0.175 VarTD=1.154575 ret_end=-22.912 dbar_end=0.555 occ_end=0.368 CSR_train=0.000 done_count=125
[upd 220] u=0 upd_ctr=27 opt_step=432 E=0.620 g=0.165 VarTD=1.400238 ret_end=-23.683 dbar_end=0.574 occ_end=0.256 CSR_train=0.000 done_count=125
[upd 230] u=0 upd_ctr=28 opt_step=448 E=0.990 g=0.163 VarTD=1.477135 ret_end=-23.492 dbar_end=0.578 occ_end=0.320 CSR_train=0.000 done_count=125
[upd 240] u=0 upd_ctr=30 opt_step=480 E=0.455 g=0.158 VarTD=1.765481 ret_end=-24.348 dbar_end=0.588 occ_end=0.256 CSR_train=0.000 done_count=125
[upd 250] u=0 upd_ctr=31 opt_step=496 E=0.844 g=0.168 VarTD=1.992584 ret_end=-24.109 dbar_end=0.567 occ_end=0.240 CSR_train=0.000 done_count=125
[upd 260] u=0 upd_ctr=33 opt_step=528 E=0.350 g=0.154 VarTD=1.864983 ret_end=-23.682 dbar_end=0.596 occ_end=0.260 CSR_train=0.000 done_count=100
[upd 270] u=0 upd_ctr=34 opt_step=544 E=0.768 g=0.171 VarTD=2.421607 ret_end=-23.503 dbar_end=0.562 occ_end=0.288 CSR_train=0.000 done_count=125
[upd 280] u=1 upd_ctr=36 opt_step=576 E=0.237 g=0.171 VarTD=2.570289 ret_end=-23.851 dbar_end=0.563 occ_end=0.304 CSR_train=0.000 done_count=125
[upd 290] u=0 upd_ctr=37 opt_step=592 E=0.698 g=0.180 VarTD=2.960291 ret_end=-23.564 dbar_end=0.545 occ_end=0.312 CSR_train=0.000 done_count=125
[upd 300] u=1 upd_ctr=39 opt_step=624 E=0.241 g=0.176 VarTD=3.130576 ret_end=-23.880 dbar_end=0.554 occ_end=0.344 CSR_train=0.000 done_count=125
[upd 310] u=0 upd_ctr=40 opt_step=640 E=0.740 g=0.163 VarTD=3.363928 ret_end=-24.044 dbar_end=0.578 occ_end=0.256 CSR_train=0.000 done_count=125
[Gate5 check] update_counter violations: t0=0 diffs=0
[Gate5 check] opt_step violations: t0=0 diffs=0 (expected_inc=16)
[Gate5 check] NaN masking: nan_on_skip=True finite_on_update=True
[Gate5 summary] mean_update_fraction=0.1282 final_executed_updates_mean=40.00
[Gate5 eval] done_count mean=100.0 CSR mean=0.0000 len_end_mean=26.00
[Gate5 eval] episodes_per_env=4 T_eval=104
[Gate5 eval-debug] locked_eps_occ=0.20 pre(step25): dbar_end=0.475988 occupied_end_mean=0.440000 max_tilde_end_mean=0.687670 CSR@locked=0.000000
[Gate5 eval-debug] locked_eps_occ=0.20 post(step26): dbar_end=0.472724 occupied_end_mean=0.460000 max_tilde_end_mean=0.679607 CSR@locked=0.000000
[Gate5 eval-debug] CSR_pre@0.10=0.0000 CSR_pre@0.15=0.0000 CSR_pre@0.20=0.0000 CSR_pre@0.25=0.0100 CSR_pre@0.30=0.0200
[Gate5 eval-debug] CSR_post@0.10=0.0000 CSR_post@0.15=0.0000 CSR_post@0.20=0.0000 CSR_post@0.25=0.0000 CSR_post@0.30=0.0300
