Importing submoduled environments...
Submoduled environments not found. Skipping import.
[upd 0] u=1 upd_ctr=1 opt_step=16 E=0.067 g=0.096 VarTD=0.198978 ret_end=-28.258 dbar_end=0.747 occ_end=0.170 CSR_train=0.000 done_count=100
[upd 10] u=0 upd_ctr=1 opt_step=16 E=0.709 g=0.091 VarTD=0.177567 ret_end=-27.488 dbar_end=0.762 occ_end=0.104 CSR_train=0.000 done_count=125
[upd 20] u=0 upd_ctr=2 opt_step=32 E=0.327 g=0.089 VarTD=0.178976 ret_end=-27.642 dbar_end=0.769 occ_end=0.104 CSR_train=0.000 done_count=125
[upd 30] u=0 upd_ctr=2 opt_step=32 E=1.000 g=0.088 VarTD=0.163763 ret_end=-27.612 dbar_end=0.775 occ_end=0.216 CSR_train=0.000 done_count=125
[upd 40] u=0 upd_ctr=3 opt_step=48 E=0.700 g=0.100 VarTD=0.141730 ret_end=-27.036 dbar_end=0.734 occ_end=0.160 CSR_train=0.000 done_count=125
[upd 50] u=0 upd_ctr=4 opt_step=64 E=0.366 g=0.115 VarTD=0.150362 ret_end=-26.723 dbar_end=0.689 occ_end=0.200 CSR_train=0.000 done_count=125
[upd 60] u=1 upd_ctr=5 opt_step=80 E=0.071 g=0.102 VarTD=0.157392 ret_end=-26.487 dbar_end=0.728 occ_end=0.168 CSR_train=0.000 done_count=125
[upd 70] u=0 upd_ctr=5 opt_step=80 E=0.862 g=0.135 VarTD=0.142154 ret_end=-25.230 dbar_end=0.637 occ_end=0.184 CSR_train=0.000 done_count=125
[upd 80] u=0 upd_ctr=6 opt_step=96 E=0.597 g=0.115 VarTD=0.176629 ret_end=-25.881 dbar_end=0.688 occ_end=0.216 CSR_train=0.000 done_count=125
[upd 90] u=0 upd_ctr=7 opt_step=112 E=0.314 g=0.099 VarTD=0.182198 ret_end=-27.563 dbar_end=0.735 occ_end=0.120 CSR_train=0.000 done_count=125
[upd 100] u=1 upd_ctr=8 opt_step=128 E=0.078 g=0.112 VarTD=0.156785 ret_end=-26.528 dbar_end=0.698 occ_end=0.208 CSR_train=0.000 done_count=125
[upd 110] u=0 upd_ctr=8 opt_step=128 E=0.930 g=0.109 VarTD=0.177682 ret_end=-26.982 dbar_end=0.706 occ_end=0.184 CSR_train=0.000 done_count=125
[upd 120] u=0 upd_ctr=9 opt_step=144 E=0.813 g=0.139 VarTD=0.149808 ret_end=-25.321 dbar_end=0.629 occ_end=0.168 CSR_train=0.000 done_count=125
[upd 130] u=0 upd_ctr=10 opt_step=160 E=0.618 g=0.127 VarTD=0.158851 ret_end=-25.701 dbar_end=0.657 occ_end=0.280 CSR_train=0.000 done_count=100
[upd 140] u=0 upd_ctr=11 opt_step=176 E=0.469 g=0.130 VarTD=0.169864 ret_end=-25.584 dbar_end=0.651 occ_end=0.280 CSR_train=0.000 done_count=125
[upd 150] u=0 upd_ctr=12 opt_step=192 E=0.390 g=0.134 VarTD=0.192668 ret_end=-25.185 dbar_end=0.640 occ_end=0.232 CSR_train=0.000 done_count=125
[upd 160] u=0 upd_ctr=13 opt_step=208 E=0.274 g=0.136 VarTD=0.203867 ret_end=-25.099 dbar_end=0.635 occ_end=0.152 CSR_train=0.000 done_count=125
[upd 170] u=0 upd_ctr=14 opt_step=224 E=0.186 g=0.137 VarTD=0.237075 ret_end=-25.162 dbar_end=0.634 occ_end=0.248 CSR_train=0.000 done_count=125
[upd 180] u=1 upd_ctr=15 opt_step=240 E=0.092 g=0.132 VarTD=0.229445 ret_end=-25.914 dbar_end=0.645 occ_end=0.168 CSR_train=0.000 done_count=125
[upd 190] u=0 upd_ctr=15 opt_step=240 E=1.000 g=0.147 VarTD=0.264981 ret_end=-24.420 dbar_end=0.611 occ_end=0.240 CSR_train=0.000 done_count=125
[upd 200] u=0 upd_ctr=16 opt_step=256 E=0.939 g=0.125 VarTD=0.304522 ret_end=-25.768 dbar_end=0.661 occ_end=0.184 CSR_train=0.000 done_count=125
[upd 210] u=0 upd_ctr=17 opt_step=272 E=0.899 g=0.150 VarTD=0.383127 ret_end=-25.049 dbar_end=0.605 occ_end=0.200 CSR_train=0.000 done_count=125
[upd 220] u=0 upd_ctr=18 opt_step=288 E=0.773 g=0.143 VarTD=0.450314 ret_end=-25.224 dbar_end=0.619 occ_end=0.240 CSR_train=0.008 done_count=125
[upd 230] u=0 upd_ctr=19 opt_step=304 E=0.679 g=0.141 VarTD=0.510080 ret_end=-24.844 dbar_end=0.623 occ_end=0.216 CSR_train=0.000 done_count=125
[upd 240] u=0 upd_ctr=20 opt_step=320 E=0.594 g=0.145 VarTD=0.578891 ret_end=-25.113 dbar_end=0.614 occ_end=0.264 CSR_train=0.000 done_count=125
[upd 250] u=0 upd_ctr=21 opt_step=336 E=0.484 g=0.152 VarTD=0.678537 ret_end=-24.873 dbar_end=0.599 occ_end=0.264 CSR_train=0.000 done_count=125
[upd 260] u=0 upd_ctr=22 opt_step=352 E=0.488 g=0.135 VarTD=0.625288 ret_end=-25.153 dbar_end=0.638 occ_end=0.180 CSR_train=0.000 done_count=100
[upd 270] u=0 upd_ctr=23 opt_step=368 E=0.421 g=0.156 VarTD=0.827941 ret_end=-24.428 dbar_end=0.591 occ_end=0.224 CSR_train=0.000 done_count=125
[upd 280] u=0 upd_ctr=24 opt_step=384 E=0.438 g=0.154 VarTD=1.004214 ret_end=-25.293 dbar_end=0.596 occ_end=0.208 CSR_train=0.008 done_count=125
[upd 290] u=0 upd_ctr=25 opt_step=400 E=0.432 g=0.153 VarTD=1.067133 ret_end=-25.180 dbar_end=0.598 occ_end=0.208 CSR_train=0.000 done_count=125
[upd 300] u=0 upd_ctr=26 opt_step=416 E=0.427 g=0.145 VarTD=1.180310 ret_end=-24.313 dbar_end=0.615 occ_end=0.208 CSR_train=0.000 done_count=125
[upd 310] u=0 upd_ctr=27 opt_step=432 E=0.440 g=0.171 VarTD=1.313469 ret_end=-22.873 dbar_end=0.563 occ_end=0.368 CSR_train=0.000 done_count=125
[Gate5 check] update_counter violations: t0=0 diffs=0
[Gate5 check] opt_step violations: t0=0 diffs=0 (expected_inc=16)
[Gate5 check] NaN masking: nan_on_skip=True finite_on_update=True
[Gate5 summary] mean_update_fraction=0.0865 final_executed_updates_mean=27.00
[Gate5 eval] done_count mean=100.0 CSR mean=0.0000 len_end_mean=26.00
[Gate5 eval] episodes_per_env=4 T_eval=104
[Gate5 eval-debug] locked_eps_occ=0.20 pre(step25): dbar_end=0.515814 occupied_end_mean=0.430000 max_tilde_end_mean=0.733901 CSR@locked=0.000000
[Gate5 eval-debug] locked_eps_occ=0.20 post(step26): dbar_end=0.521386 occupied_end_mean=0.370000 max_tilde_end_mean=0.734455 CSR@locked=0.000000
[Gate5 eval-debug] CSR_pre@0.10=0.0000 CSR_pre@0.15=0.0000 CSR_pre@0.20=0.0000 CSR_pre@0.25=0.0000 CSR_pre@0.30=0.0100
[Gate5 eval-debug] CSR_post@0.10=0.0000 CSR_post@0.15=0.0000 CSR_post@0.20=0.0000 CSR_post@0.25=0.0000 CSR_post@0.30=0.0000
