Importing submoduled environments...
Submoduled environments not found. Skipping import.
[upd 0] u=1 upd_ctr=1 opt_step=16 E=0.129 g=0.096 VarTD=0.126111 ret_end=-26.492 dbar_end=0.745 occ_end=0.140 CSR_train=0.000 done_count=100
[upd 10] u=0 upd_ctr=1 opt_step=16 E=0.409 g=0.101 VarTD=0.147310 ret_end=-26.592 dbar_end=0.729 occ_end=0.144 CSR_train=0.000 done_count=125
[upd 20] u=0 upd_ctr=1 opt_step=16 E=0.693 g=0.088 VarTD=0.157317 ret_end=-27.734 dbar_end=0.776 occ_end=0.112 CSR_train=0.000 done_count=125
[upd 30] u=0 upd_ctr=2 opt_step=32 E=0.081 g=0.108 VarTD=0.135260 ret_end=-25.585 dbar_end=0.708 occ_end=0.176 CSR_train=0.000 done_count=125
[upd 40] u=0 upd_ctr=2 opt_step=32 E=0.387 g=0.111 VarTD=0.127556 ret_end=-25.919 dbar_end=0.701 occ_end=0.120 CSR_train=0.000 done_count=125
[upd 50] u=0 upd_ctr=2 opt_step=32 E=0.689 g=0.093 VarTD=0.170918 ret_end=-27.963 dbar_end=0.756 occ_end=0.152 CSR_train=0.000 done_count=125
[upd 60] u=0 upd_ctr=3 opt_step=48 E=0.078 g=0.108 VarTD=0.145889 ret_end=-26.503 dbar_end=0.709 occ_end=0.144 CSR_train=0.000 done_count=125
[upd 70] u=0 upd_ctr=3 opt_step=48 E=0.385 g=0.094 VarTD=0.137317 ret_end=-27.470 dbar_end=0.754 occ_end=0.128 CSR_train=0.000 done_count=125
[upd 80] u=0 upd_ctr=3 opt_step=48 E=0.690 g=0.101 VarTD=0.157503 ret_end=-26.628 dbar_end=0.730 occ_end=0.200 CSR_train=0.000 done_count=125
[upd 90] u=0 upd_ctr=4 opt_step=64 E=0.112 g=0.120 VarTD=0.137860 ret_end=-26.277 dbar_end=0.674 occ_end=0.248 CSR_train=0.000 done_count=125
[upd 100] u=0 upd_ctr=4 opt_step=64 E=0.456 g=0.123 VarTD=0.153956 ret_end=-26.196 dbar_end=0.669 occ_end=0.240 CSR_train=0.000 done_count=125
[upd 110] u=0 upd_ctr=4 opt_step=64 E=0.798 g=0.124 VarTD=0.134579 ret_end=-26.294 dbar_end=0.666 occ_end=0.184 CSR_train=0.000 done_count=125
[upd 120] u=0 upd_ctr=5 opt_step=80 E=0.227 g=0.109 VarTD=0.168090 ret_end=-27.284 dbar_end=0.706 occ_end=0.160 CSR_train=0.000 done_count=125
[Gate5 check] update_counter violations: t0=0 diffs=0
[Gate5 check] opt_step violations: t0=0 diffs=0 (expected_inc=16)
[Gate5 check] NaN masking: nan_on_skip=True finite_on_update=True
[Gate5 summary] mean_update_fraction=0.0400 final_executed_updates_mean=5.00
[Gate5 eval] done_count mean=100.0 CSR mean=0.0100 len_end_mean=26.00
[Gate5 eval] episodes_per_env=4 T_eval=104
[Gate5 eval-debug] locked_eps_occ=0.20 pre(step25): dbar_end=0.484821 occupied_end_mean=0.490000 max_tilde_end_mean=0.728723 CSR@locked=0.000000
[Gate5 eval-debug] locked_eps_occ=0.20 post(step26): dbar_end=0.491959 occupied_end_mean=0.390000 max_tilde_end_mean=0.735924 CSR@locked=0.010000
[Gate5 eval-debug] CSR_pre@0.10=0.0000 CSR_pre@0.15=0.0000 CSR_pre@0.20=0.0000 CSR_pre@0.25=0.0200 CSR_pre@0.30=0.0400
[Gate5 eval-debug] CSR_post@0.10=0.0000 CSR_post@0.15=0.0000 CSR_post@0.20=0.0100 CSR_post@0.25=0.0100 CSR_post@0.30=0.0100
