Importing submoduled environments...
Submoduled environments not found. Skipping import.
[upd 0] u=1 upd_ctr=1 opt_step=16 E=0.125 g=0.083 VarTD=0.159821 ret_end=-27.605 dbar_end=0.794 occ_end=0.110 CSR_train=0.000 done_count=100
[upd 10] u=0 upd_ctr=1 opt_step=16 E=0.394 g=0.089 VarTD=0.166459 ret_end=-27.505 dbar_end=0.772 occ_end=0.192 CSR_train=0.000 done_count=125
[upd 20] u=0 upd_ctr=1 opt_step=16 E=0.662 g=0.091 VarTD=0.173849 ret_end=-27.263 dbar_end=0.763 occ_end=0.144 CSR_train=0.000 done_count=125
[upd 30] u=0 upd_ctr=1 opt_step=16 E=0.928 g=0.097 VarTD=0.162997 ret_end=-26.951 dbar_end=0.742 occ_end=0.152 CSR_train=0.008 done_count=125
[upd 40] u=0 upd_ctr=2 opt_step=32 E=0.305 g=0.099 VarTD=0.148660 ret_end=-27.282 dbar_end=0.737 occ_end=0.176 CSR_train=0.000 done_count=125
[upd 50] u=0 upd_ctr=2 opt_step=32 E=0.598 g=0.088 VarTD=0.153555 ret_end=-28.040 dbar_end=0.774 occ_end=0.144 CSR_train=0.000 done_count=125
[upd 60] u=0 upd_ctr=2 opt_step=32 E=0.879 g=0.090 VarTD=0.153981 ret_end=-27.746 dbar_end=0.768 occ_end=0.160 CSR_train=0.000 done_count=125
[upd 70] u=0 upd_ctr=3 opt_step=48 E=0.282 g=0.103 VarTD=0.151211 ret_end=-26.541 dbar_end=0.722 occ_end=0.168 CSR_train=0.000 done_count=125
[upd 80] u=0 upd_ctr=3 opt_step=48 E=0.595 g=0.101 VarTD=0.149551 ret_end=-27.012 dbar_end=0.729 occ_end=0.160 CSR_train=0.000 done_count=125
[upd 90] u=0 upd_ctr=3 opt_step=48 E=0.906 g=0.117 VarTD=0.162773 ret_end=-26.453 dbar_end=0.683 occ_end=0.200 CSR_train=0.000 done_count=125
[upd 100] u=0 upd_ctr=4 opt_step=64 E=0.331 g=0.096 VarTD=0.170239 ret_end=-28.112 dbar_end=0.747 occ_end=0.184 CSR_train=0.008 done_count=125
[upd 110] u=0 upd_ctr=4 opt_step=64 E=0.656 g=0.111 VarTD=0.171206 ret_end=-25.934 dbar_end=0.700 occ_end=0.152 CSR_train=0.000 done_count=125
[upd 120] u=0 upd_ctr=5 opt_step=80 E=0.081 g=0.117 VarTD=0.130700 ret_end=-25.842 dbar_end=0.683 occ_end=0.176 CSR_train=0.000 done_count=125
[Gate5 check] update_counter violations: t0=0 diffs=0
[Gate5 check] opt_step violations: t0=0 diffs=0 (expected_inc=16)
[Gate5 check] NaN masking: nan_on_skip=True finite_on_update=True
[Gate5 summary] mean_update_fraction=0.0400 final_executed_updates_mean=5.00
[Gate5 eval] done_count mean=100.0 CSR mean=0.0000 len_end_mean=26.00
[Gate5 eval] episodes_per_env=4 T_eval=104
[Gate5 eval-debug] locked_eps_occ=0.20 pre(step25): dbar_end=0.526803 occupied_end_mean=0.330000 max_tilde_end_mean=0.787803 CSR@locked=0.000000
[Gate5 eval-debug] locked_eps_occ=0.20 post(step26): dbar_end=0.525224 occupied_end_mean=0.350000 max_tilde_end_mean=0.791774 CSR@locked=0.000000
[Gate5 eval-debug] CSR_pre@0.10=0.0000 CSR_pre@0.15=0.0000 CSR_pre@0.20=0.0000 CSR_pre@0.25=0.0000 CSR_pre@0.30=0.0000
[Gate5 eval-debug] CSR_post@0.10=0.0000 CSR_post@0.15=0.0000 CSR_post@0.20=0.0000 CSR_post@0.25=0.0000 CSR_post@0.30=0.0100
