Importing submoduled environments...
Submoduled environments not found. Skipping import.
[upd 0] u=1 upd_ctr=1 opt_step=16 E=0.146 g=0.096 VarTD=0.164885 ret_end=-27.291 dbar_end=0.746 occ_end=0.170 CSR_train=0.000 done_count=100
[upd 10] u=0 upd_ctr=2 opt_step=32 E=0.202 g=0.094 VarTD=0.134695 ret_end=-27.237 dbar_end=0.755 occ_end=0.128 CSR_train=0.000 done_count=125
[upd 20] u=0 upd_ctr=3 opt_step=48 E=0.275 g=0.114 VarTD=0.128769 ret_end=-26.383 dbar_end=0.693 occ_end=0.192 CSR_train=0.000 done_count=125
[upd 30] u=0 upd_ctr=4 opt_step=64 E=0.362 g=0.120 VarTD=0.142410 ret_end=-25.591 dbar_end=0.675 occ_end=0.168 CSR_train=0.000 done_count=125
[upd 40] u=0 upd_ctr=5 opt_step=80 E=0.505 g=0.113 VarTD=0.141639 ret_end=-26.170 dbar_end=0.695 occ_end=0.168 CSR_train=0.000 done_count=125
[upd 50] u=0 upd_ctr=6 opt_step=96 E=0.658 g=0.109 VarTD=0.139388 ret_end=-25.969 dbar_end=0.705 occ_end=0.152 CSR_train=0.000 done_count=125
[upd 60] u=0 upd_ctr=7 opt_step=112 E=0.890 g=0.107 VarTD=0.168425 ret_end=-27.135 dbar_end=0.711 occ_end=0.160 CSR_train=0.000 done_count=125
[upd 70] u=1 upd_ctr=9 opt_step=144 E=0.179 g=0.129 VarTD=0.155230 ret_end=-25.808 dbar_end=0.653 occ_end=0.280 CSR_train=0.000 done_count=125
[upd 80] u=0 upd_ctr=10 opt_step=160 E=0.561 g=0.129 VarTD=0.168096 ret_end=-25.296 dbar_end=0.652 occ_end=0.160 CSR_train=0.000 done_count=125
[upd 90] u=0 upd_ctr=11 opt_step=176 E=0.986 g=0.132 VarTD=0.181352 ret_end=-25.206 dbar_end=0.645 occ_end=0.192 CSR_train=0.000 done_count=125
[upd 100] u=0 upd_ctr=13 opt_step=208 E=0.462 g=0.135 VarTD=0.200823 ret_end=-25.431 dbar_end=0.638 occ_end=0.224 CSR_train=0.000 done_count=125
[upd 110] u=0 upd_ctr=14 opt_step=224 E=0.899 g=0.142 VarTD=0.240094 ret_end=-24.364 dbar_end=0.622 occ_end=0.200 CSR_train=0.000 done_count=125
[upd 120] u=0 upd_ctr=16 opt_step=256 E=0.328 g=0.144 VarTD=0.339416 ret_end=-24.783 dbar_end=0.618 occ_end=0.224 CSR_train=0.000 done_count=125
[upd 130] u=0 upd_ctr=17 opt_step=272 E=0.811 g=0.149 VarTD=0.303519 ret_end=-24.162 dbar_end=0.606 occ_end=0.190 CSR_train=0.000 done_count=100
[upd 140] u=0 upd_ctr=19 opt_step=304 E=0.306 g=0.146 VarTD=0.547981 ret_end=-25.270 dbar_end=0.612 occ_end=0.256 CSR_train=0.000 done_count=125
[upd 150] u=0 upd_ctr=20 opt_step=320 E=0.829 g=0.147 VarTD=0.620415 ret_end=-25.093 dbar_end=0.610 occ_end=0.264 CSR_train=0.000 done_count=125
[upd 160] u=0 upd_ctr=22 opt_step=352 E=0.379 g=0.159 VarTD=0.833319 ret_end=-24.543 dbar_end=0.586 occ_end=0.200 CSR_train=0.000 done_count=125
[upd 170] u=0 upd_ctr=23 opt_step=368 E=1.000 g=0.156 VarTD=0.940342 ret_end=-24.158 dbar_end=0.593 occ_end=0.272 CSR_train=0.000 done_count=125
[upd 180] u=0 upd_ctr=25 opt_step=400 E=0.693 g=0.157 VarTD=1.145604 ret_end=-24.516 dbar_end=0.590 occ_end=0.256 CSR_train=0.000 done_count=125
[upd 190] u=0 upd_ctr=27 opt_step=432 E=0.350 g=0.169 VarTD=1.413650 ret_end=-23.855 dbar_end=0.566 occ_end=0.272 CSR_train=0.000 done_count=125
[upd 200] u=0 upd_ctr=28 opt_step=448 E=0.994 g=0.170 VarTD=1.560754 ret_end=-24.742 dbar_end=0.565 occ_end=0.360 CSR_train=0.000 done_count=125
[upd 210] u=0 upd_ctr=30 opt_step=480 E=0.689 g=0.158 VarTD=1.823533 ret_end=-24.688 dbar_end=0.588 occ_end=0.296 CSR_train=0.000 done_count=125
[upd 220] u=0 upd_ctr=32 opt_step=512 E=0.403 g=0.170 VarTD=2.161095 ret_end=-24.004 dbar_end=0.564 occ_end=0.272 CSR_train=0.000 done_count=125
[upd 230] u=1 upd_ctr=34 opt_step=544 E=0.196 g=0.189 VarTD=2.338187 ret_end=-23.554 dbar_end=0.531 occ_end=0.288 CSR_train=0.000 done_count=125
[upd 240] u=0 upd_ctr=35 opt_step=560 E=0.906 g=0.178 VarTD=2.724983 ret_end=-23.409 dbar_end=0.551 occ_end=0.256 CSR_train=0.000 done_count=125
[upd 250] u=0 upd_ctr=37 opt_step=592 E=0.549 g=0.161 VarTD=2.954075 ret_end=-23.808 dbar_end=0.581 occ_end=0.272 CSR_train=0.008 done_count=125
[upd 260] u=1 upd_ctr=39 opt_step=624 E=0.234 g=0.184 VarTD=2.590552 ret_end=-22.722 dbar_end=0.539 occ_end=0.340 CSR_train=0.000 done_count=100
[upd 270] u=0 upd_ctr=40 opt_step=640 E=0.928 g=0.166 VarTD=3.528816 ret_end=-24.466 dbar_end=0.572 occ_end=0.256 CSR_train=0.008 done_count=125
[upd 280] u=0 upd_ctr=42 opt_step=672 E=0.578 g=0.173 VarTD=3.950929 ret_end=-24.260 dbar_end=0.558 occ_end=0.264 CSR_train=0.000 done_count=125
[upd 290] u=0 upd_ctr=44 opt_step=704 E=0.389 g=0.189 VarTD=4.240747 ret_end=-23.080 dbar_end=0.531 occ_end=0.360 CSR_train=0.000 done_count=125
[upd 300] u=1 upd_ctr=46 opt_step=736 E=0.183 g=0.179 VarTD=4.331195 ret_end=-23.010 dbar_end=0.547 occ_end=0.296 CSR_train=0.000 done_count=125
[upd 310] u=0 upd_ctr=47 opt_step=752 E=0.911 g=0.179 VarTD=4.553842 ret_end=-23.921 dbar_end=0.548 occ_end=0.312 CSR_train=0.000 done_count=125
[Gate5 check] update_counter violations: t0=0 diffs=0
[Gate5 check] opt_step violations: t0=0 diffs=0 (expected_inc=16)
[Gate5 check] NaN masking: nan_on_skip=True finite_on_update=True
[Gate5 summary] mean_update_fraction=0.1506 final_executed_updates_mean=47.00
[Gate5 eval] done_count mean=100.0 CSR mean=0.0000 len_end_mean=26.00
[Gate5 eval] episodes_per_env=4 T_eval=104
[Gate5 eval-debug] locked_eps_occ=0.20 pre(step25): dbar_end=0.530937 occupied_end_mean=0.380000 max_tilde_end_mean=0.764012 CSR@locked=0.010000
[Gate5 eval-debug] locked_eps_occ=0.20 post(step26): dbar_end=0.533594 occupied_end_mean=0.320000 max_tilde_end_mean=0.762316 CSR@locked=0.000000
[Gate5 eval-debug] CSR_pre@0.10=0.0000 CSR_pre@0.15=0.0000 CSR_pre@0.20=0.0100 CSR_pre@0.25=0.0200 CSR_pre@0.30=0.0200
[Gate5 eval-debug] CSR_post@0.10=0.0000 CSR_post@0.15=0.0000 CSR_post@0.20=0.0000 CSR_post@0.25=0.0100 CSR_post@0.30=0.0200
