Importing submoduled environments...
Submoduled environments not found. Skipping import.
[upd 0] u=1 upd_ctr=1 opt_step=16 E=0.074 g=0.105 VarTD=0.153100 ret_end=-26.906 dbar_end=0.718 occ_end=0.160 CSR_train=0.000 done_count=100
[upd 10] u=0 upd_ctr=1 opt_step=16 E=0.725 g=0.079 VarTD=0.158451 ret_end=-28.492 dbar_end=0.807 occ_end=0.088 CSR_train=0.000 done_count=125
[upd 20] u=0 upd_ctr=2 opt_step=32 E=0.398 g=0.103 VarTD=0.133115 ret_end=-26.476 dbar_end=0.724 occ_end=0.200 CSR_train=0.000 done_count=125
[upd 30] u=1 upd_ctr=3 opt_step=48 E=0.069 g=0.099 VarTD=0.151176 ret_end=-27.322 dbar_end=0.737 occ_end=0.168 CSR_train=0.000 done_count=125
[upd 40] u=0 upd_ctr=3 opt_step=48 E=0.785 g=0.093 VarTD=0.142999 ret_end=-28.217 dbar_end=0.758 occ_end=0.160 CSR_train=0.000 done_count=125
[upd 50] u=0 upd_ctr=4 opt_step=64 E=0.444 g=0.095 VarTD=0.147607 ret_end=-27.892 dbar_end=0.751 occ_end=0.160 CSR_train=0.000 done_count=125
[upd 60] u=0 upd_ctr=5 opt_step=80 E=0.150 g=0.104 VarTD=0.140039 ret_end=-26.782 dbar_end=0.722 occ_end=0.168 CSR_train=0.000 done_count=125
[upd 70] u=0 upd_ctr=5 opt_step=80 E=0.930 g=0.128 VarTD=0.118624 ret_end=-25.465 dbar_end=0.654 occ_end=0.256 CSR_train=0.000 done_count=125
[upd 80] u=0 upd_ctr=6 opt_step=96 E=0.728 g=0.132 VarTD=0.102423 ret_end=-24.628 dbar_end=0.645 occ_end=0.280 CSR_train=0.008 done_count=125
[upd 90] u=0 upd_ctr=7 opt_step=112 E=0.482 g=0.120 VarTD=0.138084 ret_end=-25.347 dbar_end=0.676 occ_end=0.200 CSR_train=0.000 done_count=125
[upd 100] u=0 upd_ctr=8 opt_step=128 E=0.246 g=0.119 VarTD=0.137442 ret_end=-26.228 dbar_end=0.677 occ_end=0.144 CSR_train=0.000 done_count=125
[upd 110] u=1 upd_ctr=9 opt_step=144 E=0.087 g=0.124 VarTD=0.142232 ret_end=-25.662 dbar_end=0.665 occ_end=0.224 CSR_train=0.000 done_count=125
[upd 120] u=0 upd_ctr=9 opt_step=144 E=0.960 g=0.117 VarTD=0.153256 ret_end=-26.726 dbar_end=0.684 occ_end=0.152 CSR_train=0.000 done_count=125
[Gate5 check] update_counter violations: t0=0 diffs=0
[Gate5 check] opt_step violations: t0=0 diffs=0 (expected_inc=16)
[Gate5 check] NaN masking: nan_on_skip=True finite_on_update=True
[Gate5 summary] mean_update_fraction=0.0800 final_executed_updates_mean=10.00
[Gate5 eval] done_count mean=100.0 CSR mean=0.0000 len_end_mean=26.00
[Gate5 eval] episodes_per_env=4 T_eval=104
[Gate5 eval-debug] locked_eps_occ=0.20 pre(step25): dbar_end=0.508014 occupied_end_mean=0.380000 max_tilde_end_mean=0.728857 CSR@locked=0.010000
[Gate5 eval-debug] locked_eps_occ=0.20 post(step26): dbar_end=0.499406 occupied_end_mean=0.370000 max_tilde_end_mean=0.721314 CSR@locked=0.000000
[Gate5 eval-debug] CSR_pre@0.10=0.0000 CSR_pre@0.15=0.0000 CSR_pre@0.20=0.0100 CSR_pre@0.25=0.0200 CSR_pre@0.30=0.0300
[Gate5 eval-debug] CSR_post@0.10=0.0000 CSR_post@0.15=0.0000 CSR_post@0.20=0.0000 CSR_post@0.25=0.0200 CSR_post@0.30=0.0200
