Importing submoduled environments...
Submoduled environments not found. Skipping import.
[upd 0] u=1 upd_ctr=1 opt_step=16 E=0.087 g=0.087 VarTD=0.161819 ret_end=-28.699 dbar_end=0.778 occ_end=0.120 CSR_train=0.000 done_count=100
[upd 10] u=0 upd_ctr=1 opt_step=16 E=0.970 g=0.081 VarTD=0.173819 ret_end=-28.772 dbar_end=0.801 occ_end=0.160 CSR_train=0.000 done_count=125
[upd 20] u=0 upd_ctr=2 opt_step=32 E=0.861 g=0.092 VarTD=0.135287 ret_end=-26.763 dbar_end=0.759 occ_end=0.144 CSR_train=0.000 done_count=125
[upd 30] u=0 upd_ctr=3 opt_step=48 E=0.800 g=0.119 VarTD=0.129641 ret_end=-25.543 dbar_end=0.678 occ_end=0.216 CSR_train=0.000 done_count=125
[upd 40] u=0 upd_ctr=4 opt_step=64 E=0.862 g=0.105 VarTD=0.126497 ret_end=-26.263 dbar_end=0.719 occ_end=0.152 CSR_train=0.000 done_count=125
[upd 50] u=0 upd_ctr=5 opt_step=80 E=0.880 g=0.106 VarTD=0.150281 ret_end=-26.953 dbar_end=0.715 occ_end=0.200 CSR_train=0.000 done_count=125
[upd 60] u=0 upd_ctr=6 opt_step=96 E=0.878 g=0.106 VarTD=0.172421 ret_end=-27.173 dbar_end=0.716 occ_end=0.168 CSR_train=0.000 done_count=125
[upd 70] u=0 upd_ctr=7 opt_step=112 E=0.950 g=0.122 VarTD=0.130247 ret_end=-25.721 dbar_end=0.669 occ_end=0.176 CSR_train=0.000 done_count=125
[upd 80] u=0 upd_ctr=8 opt_step=128 E=1.000 g=0.109 VarTD=0.157261 ret_end=-27.581 dbar_end=0.705 occ_end=0.128 CSR_train=0.000 done_count=125
[upd 90] u=0 upd_ctr=10 opt_step=160 E=0.239 g=0.107 VarTD=0.213051 ret_end=-27.055 dbar_end=0.712 occ_end=0.184 CSR_train=0.000 done_count=125
[upd 100] u=0 upd_ctr=11 opt_step=176 E=0.529 g=0.126 VarTD=0.175642 ret_end=-25.540 dbar_end=0.660 occ_end=0.184 CSR_train=0.000 done_count=125
[upd 110] u=0 upd_ctr=12 opt_step=192 E=0.847 g=0.134 VarTD=0.203478 ret_end=-25.705 dbar_end=0.641 occ_end=0.248 CSR_train=0.000 done_count=125
[upd 120] u=0 upd_ctr=13 opt_step=208 E=1.000 g=0.144 VarTD=0.179019 ret_end=-24.418 dbar_end=0.618 occ_end=0.168 CSR_train=0.000 done_count=125
[upd 130] u=0 upd_ctr=15 opt_step=240 E=0.446 g=0.152 VarTD=0.242437 ret_end=-25.109 dbar_end=0.601 occ_end=0.280 CSR_train=0.010 done_count=100
[upd 140] u=0 upd_ctr=16 opt_step=256 E=0.855 g=0.150 VarTD=0.305097 ret_end=-24.837 dbar_end=0.604 occ_end=0.240 CSR_train=0.000 done_count=125
[upd 150] u=1 upd_ctr=18 opt_step=288 E=0.166 g=0.166 VarTD=0.363827 ret_end=-23.673 dbar_end=0.571 occ_end=0.232 CSR_train=0.000 done_count=125
[upd 160] u=0 upd_ctr=19 opt_step=304 E=0.630 g=0.184 VarTD=0.542127 ret_end=-23.004 dbar_end=0.539 occ_end=0.360 CSR_train=0.000 done_count=125
[upd 170] u=0 upd_ctr=20 opt_step=320 E=1.000 g=0.178 VarTD=0.578102 ret_end=-23.324 dbar_end=0.549 occ_end=0.296 CSR_train=0.000 done_count=125
[upd 180] u=0 upd_ctr=22 opt_step=352 E=0.513 g=0.170 VarTD=0.803198 ret_end=-23.247 dbar_end=0.565 occ_end=0.336 CSR_train=0.000 done_count=125
[upd 190] u=1 upd_ctr=24 opt_step=384 E=0.174 g=0.174 VarTD=0.855794 ret_end=-22.744 dbar_end=0.557 occ_end=0.312 CSR_train=0.000 done_count=125
[upd 200] u=0 upd_ctr=25 opt_step=400 E=0.647 g=0.161 VarTD=1.088970 ret_end=-24.004 dbar_end=0.581 occ_end=0.280 CSR_train=0.000 done_count=125
[upd 210] u=1 upd_ctr=27 opt_step=432 E=0.163 g=0.163 VarTD=1.268917 ret_end=-24.320 dbar_end=0.577 occ_end=0.320 CSR_train=0.000 done_count=125
[upd 220] u=0 upd_ctr=28 opt_step=448 E=0.830 g=0.165 VarTD=1.538871 ret_end=-23.625 dbar_end=0.574 occ_end=0.288 CSR_train=0.000 done_count=125
[upd 230] u=0 upd_ctr=30 opt_step=480 E=0.560 g=0.181 VarTD=1.813214 ret_end=-23.139 dbar_end=0.544 occ_end=0.296 CSR_train=0.000 done_count=125
[upd 240] u=1 upd_ctr=32 opt_step=512 E=0.169 g=0.169 VarTD=2.008299 ret_end=-24.055 dbar_end=0.566 occ_end=0.328 CSR_train=0.000 done_count=125
[upd 250] u=0 upd_ctr=33 opt_step=528 E=0.846 g=0.183 VarTD=2.338288 ret_end=-23.506 dbar_end=0.540 occ_end=0.344 CSR_train=0.008 done_count=125
[upd 260] u=0 upd_ctr=35 opt_step=560 E=0.544 g=0.175 VarTD=2.179204 ret_end=-23.970 dbar_end=0.556 occ_end=0.300 CSR_train=0.000 done_count=100
[upd 270] u=1 upd_ctr=37 opt_step=592 E=0.183 g=0.183 VarTD=2.790001 ret_end=-23.391 dbar_end=0.541 occ_end=0.288 CSR_train=0.000 done_count=125
[upd 280] u=0 upd_ctr=38 opt_step=608 E=0.903 g=0.164 VarTD=3.080902 ret_end=-23.914 dbar_end=0.576 occ_end=0.232 CSR_train=0.000 done_count=125
[upd 290] u=0 upd_ctr=40 opt_step=640 E=0.530 g=0.173 VarTD=3.476444 ret_end=-24.173 dbar_end=0.559 occ_end=0.256 CSR_train=0.008 done_count=125
[upd 300] u=1 upd_ctr=42 opt_step=672 E=0.183 g=0.183 VarTD=3.716174 ret_end=-23.558 dbar_end=0.541 occ_end=0.216 CSR_train=0.000 done_count=125
[upd 310] u=0 upd_ctr=43 opt_step=688 E=0.901 g=0.177 VarTD=3.957293 ret_end=-23.416 dbar_end=0.551 occ_end=0.352 CSR_train=0.000 done_count=125
[Gate5 check] update_counter violations: t0=0 diffs=0
[Gate5 check] opt_step violations: t0=0 diffs=0 (expected_inc=16)
[Gate5 check] NaN masking: nan_on_skip=True finite_on_update=True
[Gate5 summary] mean_update_fraction=0.1378 final_executed_updates_mean=43.00
[Gate5 eval] done_count mean=100.0 CSR mean=0.0100 len_end_mean=26.00
[Gate5 eval] episodes_per_env=4 T_eval=104
[Gate5 eval-debug] locked_eps_occ=0.20 pre(step25): dbar_end=0.496694 occupied_end_mean=0.370000 max_tilde_end_mean=0.722689 CSR@locked=0.010000
[Gate5 eval-debug] locked_eps_occ=0.20 post(step26): dbar_end=0.491453 occupied_end_mean=0.430000 max_tilde_end_mean=0.714288 CSR@locked=0.010000
[Gate5 eval-debug] CSR_pre@0.10=0.0000 CSR_pre@0.15=0.0000 CSR_pre@0.20=0.0100 CSR_pre@0.25=0.0200 CSR_pre@0.30=0.0300
[Gate5 eval-debug] CSR_post@0.10=0.0000 CSR_post@0.15=0.0100 CSR_post@0.20=0.0100 CSR_post@0.25=0.0100 CSR_post@0.30=0.0100
