Importing submoduled environments...
Submoduled environments not found. Skipping import.
[upd 0] u=1 upd_ctr=1 opt_step=16 E=0.079 g=0.096 VarTD=0.198978 ret_end=-28.258 dbar_end=0.747 occ_end=0.170 CSR_train=0.000 done_count=100
[upd 10] u=0 upd_ctr=1 opt_step=16 E=0.354 g=0.091 VarTD=0.177568 ret_end=-27.488 dbar_end=0.762 occ_end=0.104 CSR_train=0.000 done_count=125
[upd 20] u=0 upd_ctr=1 opt_step=16 E=0.619 g=0.085 VarTD=0.179358 ret_end=-27.807 dbar_end=0.787 occ_end=0.104 CSR_train=0.000 done_count=125
[upd 30] u=0 upd_ctr=1 opt_step=16 E=0.896 g=0.083 VarTD=0.171546 ret_end=-27.833 dbar_end=0.792 occ_end=0.160 CSR_train=0.000 done_count=125
[upd 40] u=0 upd_ctr=2 opt_step=32 E=0.230 g=0.093 VarTD=0.143920 ret_end=-27.385 dbar_end=0.758 occ_end=0.136 CSR_train=0.000 done_count=125
[upd 50] u=0 upd_ctr=2 opt_step=32 E=0.518 g=0.106 VarTD=0.159647 ret_end=-27.190 dbar_end=0.716 occ_end=0.200 CSR_train=0.000 done_count=125
[upd 60] u=0 upd_ctr=2 opt_step=32 E=0.807 g=0.092 VarTD=0.165850 ret_end=-26.942 dbar_end=0.759 occ_end=0.136 CSR_train=0.000 done_count=125
[upd 70] u=0 upd_ctr=3 opt_step=48 E=0.148 g=0.116 VarTD=0.148007 ret_end=-26.031 dbar_end=0.687 occ_end=0.216 CSR_train=0.000 done_count=125
[upd 80] u=0 upd_ctr=3 opt_step=48 E=0.429 g=0.094 VarTD=0.188553 ret_end=-26.947 dbar_end=0.752 occ_end=0.192 CSR_train=0.000 done_count=125
[upd 90] u=0 upd_ctr=3 opt_step=48 E=0.715 g=0.083 VarTD=0.195822 ret_end=-28.682 dbar_end=0.791 occ_end=0.144 CSR_train=0.000 done_count=125
[upd 100] u=0 upd_ctr=4 opt_step=64 E=0.062 g=0.092 VarTD=0.158327 ret_end=-27.311 dbar_end=0.760 occ_end=0.128 CSR_train=0.000 done_count=125
[upd 110] u=0 upd_ctr=4 opt_step=64 E=0.367 g=0.094 VarTD=0.179507 ret_end=-27.770 dbar_end=0.752 occ_end=0.168 CSR_train=0.000 done_count=125
[upd 120] u=0 upd_ctr=4 opt_step=64 E=0.676 g=0.112 VarTD=0.131679 ret_end=-26.451 dbar_end=0.697 occ_end=0.176 CSR_train=0.000 done_count=125
[upd 130] u=1 upd_ctr=5 opt_step=80 E=0.037 g=0.105 VarTD=0.160862 ret_end=-26.743 dbar_end=0.718 occ_end=0.210 CSR_train=0.000 done_count=100
[upd 140] u=0 upd_ctr=5 opt_step=80 E=0.354 g=0.097 VarTD=0.158297 ret_end=-27.060 dbar_end=0.744 occ_end=0.136 CSR_train=0.000 done_count=125
[upd 150] u=0 upd_ctr=5 opt_step=80 E=0.675 g=0.114 VarTD=0.143801 ret_end=-26.044 dbar_end=0.692 occ_end=0.168 CSR_train=0.000 done_count=125
[upd 160] u=1 upd_ctr=6 opt_step=96 E=0.047 g=0.105 VarTD=0.148772 ret_end=-26.520 dbar_end=0.719 occ_end=0.136 CSR_train=0.000 done_count=125
[upd 170] u=0 upd_ctr=6 opt_step=96 E=0.367 g=0.108 VarTD=0.142320 ret_end=-26.153 dbar_end=0.709 occ_end=0.136 CSR_train=0.000 done_count=125
[upd 180] u=0 upd_ctr=6 opt_step=96 E=0.697 g=0.106 VarTD=0.147257 ret_end=-27.042 dbar_end=0.715 occ_end=0.144 CSR_train=0.000 done_count=125
[upd 190] u=0 upd_ctr=7 opt_step=112 E=0.065 g=0.115 VarTD=0.148512 ret_end=-25.853 dbar_end=0.690 occ_end=0.160 CSR_train=0.000 done_count=125
[upd 200] u=0 upd_ctr=7 opt_step=112 E=0.393 g=0.104 VarTD=0.146265 ret_end=-26.969 dbar_end=0.720 occ_end=0.120 CSR_train=0.000 done_count=125
[upd 210] u=0 upd_ctr=7 opt_step=112 E=0.742 g=0.123 VarTD=0.157086 ret_end=-26.396 dbar_end=0.667 occ_end=0.200 CSR_train=0.000 done_count=125
[upd 220] u=0 upd_ctr=8 opt_step=128 E=0.127 g=0.112 VarTD=0.189170 ret_end=-26.449 dbar_end=0.697 occ_end=0.176 CSR_train=0.000 done_count=125
[upd 230] u=0 upd_ctr=8 opt_step=128 E=0.475 g=0.122 VarTD=0.149049 ret_end=-25.929 dbar_end=0.670 occ_end=0.128 CSR_train=0.000 done_count=125
[upd 240] u=0 upd_ctr=8 opt_step=128 E=0.830 g=0.118 VarTD=0.159671 ret_end=-26.259 dbar_end=0.680 occ_end=0.192 CSR_train=0.000 done_count=125
[upd 250] u=0 upd_ctr=9 opt_step=144 E=0.243 g=0.133 VarTD=0.170637 ret_end=-25.961 dbar_end=0.643 occ_end=0.216 CSR_train=0.000 done_count=125
[upd 260] u=0 upd_ctr=9 opt_step=144 E=0.616 g=0.118 VarTD=0.154122 ret_end=-25.763 dbar_end=0.680 occ_end=0.160 CSR_train=0.000 done_count=100
[upd 270] u=1 upd_ctr=10 opt_step=160 E=0.045 g=0.135 VarTD=0.145887 ret_end=-25.252 dbar_end=0.637 occ_end=0.296 CSR_train=0.000 done_count=125
[upd 280] u=0 upd_ctr=10 opt_step=160 E=0.431 g=0.121 VarTD=0.193032 ret_end=-26.746 dbar_end=0.673 occ_end=0.160 CSR_train=0.000 done_count=125
[upd 290] u=0 upd_ctr=10 opt_step=160 E=0.814 g=0.123 VarTD=0.144146 ret_end=-26.314 dbar_end=0.667 occ_end=0.160 CSR_train=0.000 done_count=125
[upd 300] u=0 upd_ctr=11 opt_step=176 E=0.258 g=0.126 VarTD=0.175748 ret_end=-25.326 dbar_end=0.660 occ_end=0.208 CSR_train=0.000 done_count=125
[upd 310] u=0 upd_ctr=11 opt_step=176 E=0.665 g=0.141 VarTD=0.159415 ret_end=-24.046 dbar_end=0.624 occ_end=0.248 CSR_train=0.000 done_count=125
[Gate5 check] update_counter violations: t0=0 diffs=0
[Gate5 check] opt_step violations: t0=0 diffs=0 (expected_inc=16)
[Gate5 check] NaN masking: nan_on_skip=True finite_on_update=True
[Gate5 summary] mean_update_fraction=0.0353 final_executed_updates_mean=11.00
[Gate5 eval] done_count mean=100.0 CSR mean=0.0000 len_end_mean=26.00
[Gate5 eval] episodes_per_env=4 T_eval=104
[Gate5 eval-debug] locked_eps_occ=0.20 pre(step25): dbar_end=0.518776 occupied_end_mean=0.250000 max_tilde_end_mean=0.722210 CSR@locked=0.000000
[Gate5 eval-debug] locked_eps_occ=0.20 post(step26): dbar_end=0.515698 occupied_end_mean=0.280000 max_tilde_end_mean=0.721869 CSR@locked=0.000000
[Gate5 eval-debug] CSR_pre@0.10=0.0000 CSR_pre@0.15=0.0000 CSR_pre@0.20=0.0000 CSR_pre@0.25=0.0000 CSR_pre@0.30=0.0000
[Gate5 eval-debug] CSR_post@0.10=0.0000 CSR_post@0.15=0.0000 CSR_post@0.20=0.0000 CSR_post@0.25=0.0000 CSR_post@0.30=0.0200
