Importing submoduled environments...
Submoduled environments not found. Skipping import.
[upd 0] u=1 upd_ctr=1 opt_step=16 E=0.047 g=0.094 VarTD=0.156314 ret_end=-27.700 dbar_end=0.751 occ_end=0.180 CSR_train=0.010 done_count=100
[upd 10] u=0 upd_ctr=1 opt_step=16 E=0.528 g=0.106 VarTD=0.133782 ret_end=-25.939 dbar_end=0.713 occ_end=0.168 CSR_train=0.000 done_count=125
[upd 20] u=0 upd_ctr=1 opt_step=16 E=1.000 g=0.101 VarTD=0.146338 ret_end=-26.754 dbar_end=0.732 occ_end=0.200 CSR_train=0.000 done_count=125
[upd 30] u=0 upd_ctr=2 opt_step=32 E=0.486 g=0.100 VarTD=0.153594 ret_end=-27.459 dbar_end=0.732 occ_end=0.136 CSR_train=0.000 done_count=125
[upd 40] u=0 upd_ctr=2 opt_step=32 E=0.986 g=0.092 VarTD=0.142264 ret_end=-27.467 dbar_end=0.760 occ_end=0.152 CSR_train=0.000 done_count=125
[upd 50] u=0 upd_ctr=3 opt_step=48 E=0.473 g=0.113 VarTD=0.142398 ret_end=-26.457 dbar_end=0.693 occ_end=0.200 CSR_train=0.000 done_count=125
[upd 60] u=0 upd_ctr=3 opt_step=48 E=1.000 g=0.111 VarTD=0.145513 ret_end=-25.462 dbar_end=0.699 occ_end=0.216 CSR_train=0.000 done_count=125
[upd 70] u=0 upd_ctr=4 opt_step=64 E=0.534 g=0.117 VarTD=0.131878 ret_end=-25.420 dbar_end=0.683 occ_end=0.136 CSR_train=0.000 done_count=125
[upd 80] u=1 upd_ctr=5 opt_step=80 E=0.056 g=0.111 VarTD=0.160797 ret_end=-27.057 dbar_end=0.700 occ_end=0.112 CSR_train=0.000 done_count=125
[upd 90] u=0 upd_ctr=5 opt_step=80 E=0.619 g=0.104 VarTD=0.132576 ret_end=-26.176 dbar_end=0.719 occ_end=0.184 CSR_train=0.000 done_count=125
[upd 100] u=0 upd_ctr=6 opt_step=96 E=0.182 g=0.128 VarTD=0.135707 ret_end=-25.654 dbar_end=0.654 occ_end=0.176 CSR_train=0.000 done_count=125
[upd 110] u=0 upd_ctr=6 opt_step=96 E=0.779 g=0.136 VarTD=0.114623 ret_end=-24.305 dbar_end=0.636 occ_end=0.184 CSR_train=0.000 done_count=125
[upd 120] u=0 upd_ctr=7 opt_step=112 E=0.376 g=0.131 VarTD=0.147391 ret_end=-25.462 dbar_end=0.646 occ_end=0.240 CSR_train=0.000 done_count=125
[upd 130] u=0 upd_ctr=7 opt_step=112 E=1.000 g=0.132 VarTD=0.153592 ret_end=-25.431 dbar_end=0.645 occ_end=0.230 CSR_train=0.000 done_count=100
[upd 140] u=0 upd_ctr=8 opt_step=128 E=0.653 g=0.132 VarTD=0.179287 ret_end=-25.886 dbar_end=0.644 occ_end=0.200 CSR_train=0.000 done_count=125
[upd 150] u=0 upd_ctr=9 opt_step=144 E=0.265 g=0.126 VarTD=0.157686 ret_end=-25.521 dbar_end=0.661 occ_end=0.224 CSR_train=0.000 done_count=125
[upd 160] u=0 upd_ctr=9 opt_step=144 E=0.922 g=0.133 VarTD=0.140796 ret_end=-25.117 dbar_end=0.643 occ_end=0.248 CSR_train=0.000 done_count=125
[upd 170] u=0 upd_ctr=10 opt_step=160 E=0.531 g=0.130 VarTD=0.157245 ret_end=-25.667 dbar_end=0.651 occ_end=0.192 CSR_train=0.000 done_count=125
[upd 180] u=0 upd_ctr=11 opt_step=176 E=0.199 g=0.139 VarTD=0.190435 ret_end=-26.310 dbar_end=0.628 occ_end=0.184 CSR_train=0.000 done_count=125
[upd 190] u=0 upd_ctr=11 opt_step=176 E=0.855 g=0.139 VarTD=0.183266 ret_end=-25.819 dbar_end=0.630 occ_end=0.232 CSR_train=0.000 done_count=125
[upd 200] u=0 upd_ctr=12 opt_step=192 E=0.475 g=0.142 VarTD=0.214278 ret_end=-25.489 dbar_end=0.622 occ_end=0.264 CSR_train=0.000 done_count=125
[upd 210] u=0 upd_ctr=13 opt_step=208 E=0.142 g=0.150 VarTD=0.237334 ret_end=-24.847 dbar_end=0.603 occ_end=0.272 CSR_train=0.000 done_count=125
[upd 220] u=0 upd_ctr=13 opt_step=208 E=0.836 g=0.145 VarTD=0.213531 ret_end=-24.753 dbar_end=0.615 occ_end=0.296 CSR_train=0.000 done_count=125
[upd 230] u=0 upd_ctr=14 opt_step=224 E=0.502 g=0.153 VarTD=0.255074 ret_end=-24.367 dbar_end=0.598 occ_end=0.264 CSR_train=0.000 done_count=125
[upd 240] u=0 upd_ctr=15 opt_step=240 E=0.149 g=0.146 VarTD=0.300922 ret_end=-24.611 dbar_end=0.614 occ_end=0.160 CSR_train=0.000 done_count=125
[upd 250] u=0 upd_ctr=15 opt_step=240 E=0.869 g=0.141 VarTD=0.295387 ret_end=-24.869 dbar_end=0.623 occ_end=0.224 CSR_train=0.000 done_count=125
[upd 260] u=0 upd_ctr=16 opt_step=256 E=0.615 g=0.164 VarTD=0.324744 ret_end=-24.155 dbar_end=0.576 occ_end=0.270 CSR_train=0.000 done_count=100
[upd 270] u=0 upd_ctr=17 opt_step=272 E=0.309 g=0.146 VarTD=0.421790 ret_end=-24.518 dbar_end=0.613 occ_end=0.208 CSR_train=0.000 done_count=125
[upd 280] u=1 upd_ctr=18 opt_step=288 E=0.061 g=0.122 VarTD=0.402840 ret_end=-25.896 dbar_end=0.670 occ_end=0.216 CSR_train=0.000 done_count=125
[upd 290] u=0 upd_ctr=18 opt_step=288 E=0.864 g=0.158 VarTD=0.479630 ret_end=-24.173 dbar_end=0.588 occ_end=0.176 CSR_train=0.000 done_count=125
[upd 300] u=0 upd_ctr=19 opt_step=304 E=0.681 g=0.166 VarTD=0.558924 ret_end=-24.910 dbar_end=0.573 occ_end=0.280 CSR_train=0.000 done_count=125
[upd 310] u=0 upd_ctr=20 opt_step=320 E=0.531 g=0.179 VarTD=0.655212 ret_end=-23.169 dbar_end=0.548 occ_end=0.296 CSR_train=0.000 done_count=125
[Gate5 check] update_counter violations: t0=0 diffs=0
[Gate5 check] opt_step violations: t0=0 diffs=0 (expected_inc=16)
[Gate5 check] NaN masking: nan_on_skip=True finite_on_update=True
[Gate5 summary] mean_update_fraction=0.0641 final_executed_updates_mean=20.00
[Gate5 eval] done_count mean=100.0 CSR mean=0.0100 len_end_mean=26.00
[Gate5 eval] episodes_per_env=4 T_eval=104
[Gate5 eval-debug] locked_eps_occ=0.20 pre(step25): dbar_end=0.481781 occupied_end_mean=0.420000 max_tilde_end_mean=0.693408 CSR@locked=0.000000
[Gate5 eval-debug] locked_eps_occ=0.20 post(step26): dbar_end=0.475917 occupied_end_mean=0.480000 max_tilde_end_mean=0.688192 CSR@locked=0.010000
[Gate5 eval-debug] CSR_pre@0.10=0.0000 CSR_pre@0.15=0.0000 CSR_pre@0.20=0.0000 CSR_pre@0.25=0.0100 CSR_pre@0.30=0.0400
[Gate5 eval-debug] CSR_post@0.10=0.0000 CSR_post@0.15=0.0000 CSR_post@0.20=0.0100 CSR_post@0.25=0.0200 CSR_post@0.30=0.0400
