Importing submoduled environments...
Submoduled environments not found. Skipping import.
[upd 0] u=1 upd_ctr=1 opt_step=16 E=0.907 g=0.073 VarTD=0.176583 ret_end=-28.932 dbar_end=0.832 occ_end=0.120 CSR_train=0.000 done_count=100
[upd 10] u=0 upd_ctr=10 opt_step=160 E=0.110 g=0.110 VarTD=0.155696 ret_end=-26.510 dbar_end=0.703 occ_end=0.208 CSR_train=0.000 done_count=125
[upd 20] u=0 upd_ctr=12 opt_step=192 E=0.037 g=0.122 VarTD=0.201423 ret_end=-25.957 dbar_end=0.671 occ_end=0.208 CSR_train=0.000 done_count=125
[upd 30] u=0 upd_ctr=13 opt_step=208 E=0.061 g=0.136 VarTD=0.191040 ret_end=-24.324 dbar_end=0.635 occ_end=0.240 CSR_train=0.008 done_count=125
[upd 40] u=0 upd_ctr=14 opt_step=224 E=0.089 g=0.141 VarTD=0.258967 ret_end=-25.091 dbar_end=0.625 occ_end=0.256 CSR_train=0.000 done_count=125
[upd 50] u=1 upd_ctr=16 opt_step=256 E=0.024 g=0.126 VarTD=0.294833 ret_end=-25.993 dbar_end=0.659 occ_end=0.248 CSR_train=0.000 done_count=125
[upd 60] u=0 upd_ctr=17 opt_step=272 E=0.056 g=0.130 VarTD=0.339636 ret_end=-24.496 dbar_end=0.649 occ_end=0.200 CSR_train=0.000 done_count=125
[upd 70] u=0 upd_ctr=18 opt_step=288 E=0.097 g=0.145 VarTD=0.436825 ret_end=-24.408 dbar_end=0.614 occ_end=0.272 CSR_train=0.000 done_count=125
[upd 80] u=0 upd_ctr=20 opt_step=320 E=0.037 g=0.130 VarTD=0.561722 ret_end=-25.956 dbar_end=0.650 occ_end=0.240 CSR_train=0.008 done_count=125
[upd 90] u=0 upd_ctr=21 opt_step=336 E=0.079 g=0.138 VarTD=0.628759 ret_end=-25.573 dbar_end=0.631 occ_end=0.256 CSR_train=0.000 done_count=125
[upd 100] u=1 upd_ctr=23 opt_step=368 E=0.022 g=0.145 VarTD=0.732810 ret_end=-25.132 dbar_end=0.614 occ_end=0.248 CSR_train=0.008 done_count=125
[upd 110] u=0 upd_ctr=24 opt_step=384 E=0.064 g=0.152 VarTD=0.891095 ret_end=-23.712 dbar_end=0.601 occ_end=0.208 CSR_train=0.000 done_count=125
[upd 120] u=0 upd_ctr=25 opt_step=400 E=0.107 g=0.141 VarTD=1.013168 ret_end=-25.001 dbar_end=0.624 occ_end=0.208 CSR_train=0.008 done_count=125
[Gate5 check] update_counter violations: t0=0 diffs=0
[Gate5 check] opt_step violations: t0=0 diffs=0 (expected_inc=16)
[Gate5 check] NaN masking: nan_on_skip=True finite_on_update=True
[Gate5 summary] mean_update_fraction=0.2080 final_executed_updates_mean=26.00
[Gate5 eval] done_count mean=100.0 CSR mean=0.0000 len_end_mean=26.00
[Gate5 eval] episodes_per_env=4 T_eval=104
[Gate5 eval-debug] locked_eps_occ=0.20 pre(step25): dbar_end=0.493769 occupied_end_mean=0.430000 max_tilde_end_mean=0.706694 CSR@locked=0.020000
[Gate5 eval-debug] locked_eps_occ=0.20 post(step26): dbar_end=0.494054 occupied_end_mean=0.440000 max_tilde_end_mean=0.699005 CSR@locked=0.000000
[Gate5 eval-debug] CSR_pre@0.10=0.0000 CSR_pre@0.15=0.0000 CSR_pre@0.20=0.0200 CSR_pre@0.25=0.0300 CSR_pre@0.30=0.0400
[Gate5 eval-debug] CSR_post@0.10=0.0000 CSR_post@0.15=0.0000 CSR_post@0.20=0.0000 CSR_post@0.25=0.0200 CSR_post@0.30=0.0500
