Importing submoduled environments...
Submoduled environments not found. Skipping import.
[upd 0] u=1 upd_ctr=1 opt_step=16 E=0.126 g=0.088 VarTD=0.137352 ret_end=-28.134 dbar_end=0.773 occ_end=0.220 CSR_train=0.000 done_count=100
[upd 10] u=0 upd_ctr=1 opt_step=16 E=0.404 g=0.093 VarTD=0.158535 ret_end=-28.458 dbar_end=0.756 occ_end=0.184 CSR_train=0.000 done_count=125
[upd 20] u=0 upd_ctr=1 opt_step=16 E=0.679 g=0.103 VarTD=0.132575 ret_end=-26.686 dbar_end=0.725 occ_end=0.208 CSR_train=0.000 done_count=125
[upd 30] u=0 upd_ctr=2 opt_step=32 E=0.062 g=0.097 VarTD=0.161599 ret_end=-27.373 dbar_end=0.742 occ_end=0.152 CSR_train=0.000 done_count=125
[upd 40] u=0 upd_ctr=2 opt_step=32 E=0.356 g=0.099 VarTD=0.132796 ret_end=-27.102 dbar_end=0.736 occ_end=0.144 CSR_train=0.000 done_count=125
[upd 50] u=0 upd_ctr=2 opt_step=32 E=0.646 g=0.099 VarTD=0.166962 ret_end=-27.570 dbar_end=0.737 occ_end=0.200 CSR_train=0.000 done_count=125
[upd 60] u=1 upd_ctr=3 opt_step=48 E=0.031 g=0.094 VarTD=0.153376 ret_end=-27.775 dbar_end=0.753 occ_end=0.168 CSR_train=0.000 done_count=125
[upd 70] u=0 upd_ctr=3 opt_step=48 E=0.346 g=0.098 VarTD=0.152658 ret_end=-27.359 dbar_end=0.741 occ_end=0.224 CSR_train=0.000 done_count=125
[upd 80] u=0 upd_ctr=3 opt_step=48 E=0.648 g=0.106 VarTD=0.115163 ret_end=-25.463 dbar_end=0.716 occ_end=0.120 CSR_train=0.000 done_count=125
[upd 90] u=0 upd_ctr=4 opt_step=64 E=0.075 g=0.114 VarTD=0.143819 ret_end=-26.127 dbar_end=0.691 occ_end=0.192 CSR_train=0.000 done_count=125
[upd 100] u=0 upd_ctr=4 opt_step=64 E=0.402 g=0.110 VarTD=0.135602 ret_end=-26.027 dbar_end=0.703 occ_end=0.232 CSR_train=0.000 done_count=125
[upd 110] u=0 upd_ctr=4 opt_step=64 E=0.732 g=0.120 VarTD=0.130413 ret_end=-24.895 dbar_end=0.675 occ_end=0.176 CSR_train=0.000 done_count=125
[upd 120] u=0 upd_ctr=5 opt_step=80 E=0.168 g=0.108 VarTD=0.137026 ret_end=-26.653 dbar_end=0.708 occ_end=0.160 CSR_train=0.000 done_count=125
[upd 130] u=0 upd_ctr=5 opt_step=80 E=0.506 g=0.118 VarTD=0.127182 ret_end=-25.849 dbar_end=0.681 occ_end=0.170 CSR_train=0.000 done_count=100
[upd 140] u=0 upd_ctr=5 opt_step=80 E=0.862 g=0.113 VarTD=0.146373 ret_end=-26.947 dbar_end=0.695 occ_end=0.192 CSR_train=0.000 done_count=125
[upd 150] u=0 upd_ctr=6 opt_step=96 E=0.325 g=0.129 VarTD=0.127386 ret_end=-25.114 dbar_end=0.653 occ_end=0.160 CSR_train=0.000 done_count=125
[upd 160] u=0 upd_ctr=6 opt_step=96 E=0.682 g=0.101 VarTD=0.205293 ret_end=-27.717 dbar_end=0.729 occ_end=0.200 CSR_train=0.000 done_count=125
[upd 170] u=0 upd_ctr=7 opt_step=112 E=0.144 g=0.123 VarTD=0.140797 ret_end=-25.757 dbar_end=0.668 occ_end=0.248 CSR_train=0.000 done_count=125
[upd 180] u=0 upd_ctr=7 opt_step=112 E=0.512 g=0.112 VarTD=0.148689 ret_end=-26.782 dbar_end=0.696 occ_end=0.176 CSR_train=0.000 done_count=125
[upd 190] u=0 upd_ctr=7 opt_step=112 E=0.869 g=0.120 VarTD=0.160378 ret_end=-26.509 dbar_end=0.676 occ_end=0.144 CSR_train=0.000 done_count=125
[upd 200] u=0 upd_ctr=8 opt_step=128 E=0.347 g=0.119 VarTD=0.143645 ret_end=-25.583 dbar_end=0.677 occ_end=0.144 CSR_train=0.000 done_count=125
[upd 210] u=0 upd_ctr=8 opt_step=128 E=0.728 g=0.118 VarTD=0.138752 ret_end=-26.499 dbar_end=0.681 occ_end=0.200 CSR_train=0.000 done_count=125
[upd 220] u=0 upd_ctr=9 opt_step=144 E=0.217 g=0.129 VarTD=0.178873 ret_end=-25.412 dbar_end=0.651 occ_end=0.216 CSR_train=0.000 done_count=125
[upd 230] u=0 upd_ctr=9 opt_step=144 E=0.622 g=0.140 VarTD=0.145666 ret_end=-25.090 dbar_end=0.625 occ_end=0.224 CSR_train=0.000 done_count=125
[upd 240] u=0 upd_ctr=10 opt_step=160 E=0.125 g=0.133 VarTD=0.170607 ret_end=-24.974 dbar_end=0.644 occ_end=0.136 CSR_train=0.000 done_count=125
[upd 250] u=0 upd_ctr=10 opt_step=160 E=0.537 g=0.143 VarTD=0.158937 ret_end=-25.503 dbar_end=0.620 occ_end=0.184 CSR_train=0.000 done_count=125
[upd 260] u=0 upd_ctr=10 opt_step=160 E=0.924 g=0.126 VarTD=0.167250 ret_end=-26.012 dbar_end=0.659 occ_end=0.220 CSR_train=0.000 done_count=100
[upd 270] u=0 upd_ctr=11 opt_step=176 E=0.431 g=0.129 VarTD=0.173341 ret_end=-26.154 dbar_end=0.653 occ_end=0.176 CSR_train=0.000 done_count=125
[upd 280] u=0 upd_ctr=11 opt_step=176 E=0.842 g=0.129 VarTD=0.166692 ret_end=-25.861 dbar_end=0.653 occ_end=0.152 CSR_train=0.000 done_count=125
[upd 290] u=0 upd_ctr=12 opt_step=192 E=0.355 g=0.127 VarTD=0.186467 ret_end=-25.741 dbar_end=0.658 occ_end=0.176 CSR_train=0.000 done_count=125
[upd 300] u=0 upd_ctr=12 opt_step=192 E=0.771 g=0.149 VarTD=0.181957 ret_end=-24.751 dbar_end=0.607 occ_end=0.160 CSR_train=0.000 done_count=125
[upd 310] u=0 upd_ctr=13 opt_step=208 E=0.296 g=0.150 VarTD=0.202350 ret_end=-24.223 dbar_end=0.604 occ_end=0.208 CSR_train=0.000 done_count=125
[Gate5 check] update_counter violations: t0=0 diffs=0
[Gate5 check] opt_step violations: t0=0 diffs=0 (expected_inc=16)
[Gate5 check] NaN masking: nan_on_skip=True finite_on_update=True
[Gate5 summary] mean_update_fraction=0.0417 final_executed_updates_mean=13.00
[Gate5 eval] done_count mean=100.0 CSR mean=0.0100 len_end_mean=26.00
[Gate5 eval] episodes_per_env=4 T_eval=104
[Gate5 eval-debug] locked_eps_occ=0.20 pre(step25): dbar_end=0.492566 occupied_end_mean=0.320000 max_tilde_end_mean=0.722315 CSR@locked=0.000000
[Gate5 eval-debug] locked_eps_occ=0.20 post(step26): dbar_end=0.506343 occupied_end_mean=0.320000 max_tilde_end_mean=0.732152 CSR@locked=0.010000
[Gate5 eval-debug] CSR_pre@0.10=0.0000 CSR_pre@0.15=0.0000 CSR_pre@0.20=0.0000 CSR_pre@0.25=0.0100 CSR_pre@0.30=0.0300
[Gate5 eval-debug] CSR_post@0.10=0.0000 CSR_post@0.15=0.0000 CSR_post@0.20=0.0100 CSR_post@0.25=0.0100 CSR_post@0.30=0.0300
