Importing submoduled environments...
Submoduled environments not found. Skipping import.
[upd 0] u=1 upd_ctr=1 opt_step=16 E=0.168 g=0.085 VarTD=0.206615 ret_end=-28.597 dbar_end=0.786 occ_end=0.160 CSR_train=0.000 done_count=100
[upd 10] u=0 upd_ctr=1 opt_step=16 E=0.940 g=0.096 VarTD=0.212328 ret_end=-26.954 dbar_end=0.748 occ_end=0.176 CSR_train=0.000 done_count=125
[upd 20] u=0 upd_ctr=2 opt_step=32 E=0.844 g=0.101 VarTD=0.174004 ret_end=-26.380 dbar_end=0.732 occ_end=0.176 CSR_train=0.000 done_count=125
[upd 30] u=0 upd_ctr=3 opt_step=48 E=0.754 g=0.101 VarTD=0.190456 ret_end=-26.899 dbar_end=0.729 occ_end=0.136 CSR_train=0.000 done_count=125
[upd 40] u=0 upd_ctr=4 opt_step=64 E=0.700 g=0.100 VarTD=0.183602 ret_end=-27.684 dbar_end=0.733 occ_end=0.120 CSR_train=0.000 done_count=125
[upd 50] u=0 upd_ctr=5 opt_step=80 E=0.635 g=0.100 VarTD=0.182135 ret_end=-27.146 dbar_end=0.734 occ_end=0.168 CSR_train=0.000 done_count=125
[upd 60] u=0 upd_ctr=6 opt_step=96 E=0.641 g=0.108 VarTD=0.175012 ret_end=-26.727 dbar_end=0.709 occ_end=0.208 CSR_train=0.008 done_count=125
[upd 70] u=0 upd_ctr=7 opt_step=112 E=0.695 g=0.125 VarTD=0.184652 ret_end=-26.247 dbar_end=0.663 occ_end=0.224 CSR_train=0.000 done_count=125
[upd 80] u=0 upd_ctr=8 opt_step=128 E=0.784 g=0.132 VarTD=0.170428 ret_end=-25.896 dbar_end=0.645 occ_end=0.272 CSR_train=0.000 done_count=125
[upd 90] u=0 upd_ctr=9 opt_step=144 E=0.918 g=0.135 VarTD=0.175013 ret_end=-25.416 dbar_end=0.639 occ_end=0.248 CSR_train=0.000 done_count=125
[upd 100] u=1 upd_ctr=11 opt_step=176 E=0.207 g=0.135 VarTD=0.195036 ret_end=-25.027 dbar_end=0.637 occ_end=0.240 CSR_train=0.000 done_count=125
[upd 110] u=0 upd_ctr=12 opt_step=192 E=0.447 g=0.133 VarTD=0.223264 ret_end=-26.518 dbar_end=0.643 occ_end=0.256 CSR_train=0.000 done_count=125
[upd 120] u=0 upd_ctr=13 opt_step=208 E=0.650 g=0.144 VarTD=0.206160 ret_end=-24.371 dbar_end=0.616 occ_end=0.296 CSR_train=0.000 done_count=125
[upd 130] u=0 upd_ctr=14 opt_step=224 E=0.926 g=0.158 VarTD=0.243336 ret_end=-23.989 dbar_end=0.588 occ_end=0.200 CSR_train=0.000 done_count=100
[upd 140] u=0 upd_ctr=16 opt_step=256 E=0.301 g=0.149 VarTD=0.348497 ret_end=-25.288 dbar_end=0.607 occ_end=0.248 CSR_train=0.000 done_count=125
[upd 150] u=0 upd_ctr=17 opt_step=272 E=0.555 g=0.137 VarTD=0.370592 ret_end=-25.136 dbar_end=0.632 occ_end=0.160 CSR_train=0.000 done_count=125
[upd 160] u=0 upd_ctr=18 opt_step=288 E=0.821 g=0.156 VarTD=0.483368 ret_end=-24.905 dbar_end=0.592 occ_end=0.264 CSR_train=0.000 done_count=125
[upd 170] u=1 upd_ctr=20 opt_step=320 E=0.222 g=0.156 VarTD=0.538928 ret_end=-24.213 dbar_end=0.591 occ_end=0.280 CSR_train=0.000 done_count=125
[upd 180] u=0 upd_ctr=21 opt_step=336 E=0.612 g=0.157 VarTD=0.707315 ret_end=-23.997 dbar_end=0.590 occ_end=0.288 CSR_train=0.008 done_count=125
[upd 190] u=0 upd_ctr=22 opt_step=352 E=0.970 g=0.158 VarTD=0.805892 ret_end=-24.518 dbar_end=0.587 occ_end=0.280 CSR_train=0.000 done_count=125
[upd 200] u=0 upd_ctr=24 opt_step=384 E=0.449 g=0.161 VarTD=1.040148 ret_end=-24.333 dbar_end=0.582 occ_end=0.240 CSR_train=0.000 done_count=125
[upd 210] u=0 upd_ctr=25 opt_step=400 E=0.903 g=0.183 VarTD=1.177947 ret_end=-23.565 dbar_end=0.540 occ_end=0.304 CSR_train=0.000 done_count=125
[upd 220] u=0 upd_ctr=27 opt_step=432 E=0.420 g=0.172 VarTD=1.417755 ret_end=-23.741 dbar_end=0.561 occ_end=0.304 CSR_train=0.000 done_count=125
[upd 230] u=0 upd_ctr=28 opt_step=448 E=0.869 g=0.168 VarTD=1.591767 ret_end=-24.479 dbar_end=0.568 occ_end=0.216 CSR_train=0.000 done_count=125
[upd 240] u=0 upd_ctr=30 opt_step=480 E=0.441 g=0.187 VarTD=1.859970 ret_end=-23.310 dbar_end=0.534 occ_end=0.304 CSR_train=0.000 done_count=125
[upd 250] u=0 upd_ctr=31 opt_step=496 E=0.912 g=0.174 VarTD=1.988586 ret_end=-23.437 dbar_end=0.558 occ_end=0.320 CSR_train=0.000 done_count=125
[upd 260] u=0 upd_ctr=33 opt_step=528 E=0.480 g=0.171 VarTD=1.828934 ret_end=-23.262 dbar_end=0.562 occ_end=0.270 CSR_train=0.000 done_count=100
[upd 270] u=0 upd_ctr=34 opt_step=544 E=0.949 g=0.177 VarTD=2.460296 ret_end=-23.493 dbar_end=0.551 occ_end=0.304 CSR_train=0.000 done_count=125
[upd 280] u=0 upd_ctr=36 opt_step=576 E=0.572 g=0.168 VarTD=2.753905 ret_end=-23.401 dbar_end=0.569 occ_end=0.288 CSR_train=0.008 done_count=125
[upd 290] u=1 upd_ctr=38 opt_step=608 E=0.212 g=0.183 VarTD=2.927915 ret_end=-23.417 dbar_end=0.542 occ_end=0.336 CSR_train=0.000 done_count=125
[upd 300] u=0 upd_ctr=39 opt_step=624 E=0.752 g=0.186 VarTD=3.285201 ret_end=-23.315 dbar_end=0.536 occ_end=0.304 CSR_train=0.000 done_count=125
[upd 310] u=0 upd_ctr=41 opt_step=656 E=0.335 g=0.166 VarTD=3.610010 ret_end=-24.418 dbar_end=0.572 occ_end=0.224 CSR_train=0.000 done_count=125
[Gate5 check] update_counter violations: t0=0 diffs=0
[Gate5 check] opt_step violations: t0=0 diffs=0 (expected_inc=16)
[Gate5 check] NaN masking: nan_on_skip=True finite_on_update=True
[Gate5 summary] mean_update_fraction=0.1314 final_executed_updates_mean=41.00
[Gate5 eval] done_count mean=100.0 CSR mean=0.0000 len_end_mean=26.00
[Gate5 eval] episodes_per_env=4 T_eval=104
[Gate5 eval-debug] locked_eps_occ=0.20 pre(step25): dbar_end=0.493726 occupied_end_mean=0.380000 max_tilde_end_mean=0.695525 CSR@locked=0.000000
[Gate5 eval-debug] locked_eps_occ=0.20 post(step26): dbar_end=0.496583 occupied_end_mean=0.370000 max_tilde_end_mean=0.710418 CSR@locked=0.000000
[Gate5 eval-debug] CSR_pre@0.10=0.0000 CSR_pre@0.15=0.0000 CSR_pre@0.20=0.0000 CSR_pre@0.25=0.0000 CSR_pre@0.30=0.0100
[Gate5 eval-debug] CSR_post@0.10=0.0000 CSR_post@0.15=0.0000 CSR_post@0.20=0.0000 CSR_post@0.25=0.0100 CSR_post@0.30=0.0100
