Importing submoduled environments...
Submoduled environments not found. Skipping import.
[upd 0] u=1 upd_ctr=1 opt_step=16 E=0.427 g=0.091 VarTD=0.177780 ret_end=-27.116 dbar_end=0.762 occ_end=0.220 CSR_train=0.000 done_count=100
[upd 10] u=0 upd_ctr=2 opt_step=32 E=0.104 g=0.092 VarTD=0.169361 ret_end=-27.351 dbar_end=0.760 occ_end=0.136 CSR_train=0.000 done_count=125
[upd 20] u=0 upd_ctr=2 opt_step=32 E=0.408 g=0.099 VarTD=0.151392 ret_end=-26.876 dbar_end=0.736 occ_end=0.152 CSR_train=0.000 done_count=125
[upd 30] u=0 upd_ctr=3 opt_step=48 E=0.119 g=0.096 VarTD=0.176491 ret_end=-27.320 dbar_end=0.748 occ_end=0.128 CSR_train=0.000 done_count=125
[upd 40] u=0 upd_ctr=3 opt_step=48 E=0.426 g=0.103 VarTD=0.154772 ret_end=-27.014 dbar_end=0.725 occ_end=0.192 CSR_train=0.000 done_count=125
[upd 50] u=0 upd_ctr=4 opt_step=64 E=0.147 g=0.117 VarTD=0.155010 ret_end=-25.401 dbar_end=0.682 occ_end=0.184 CSR_train=0.000 done_count=125
[upd 60] u=0 upd_ctr=4 opt_step=64 E=0.461 g=0.100 VarTD=0.153790 ret_end=-26.544 dbar_end=0.734 occ_end=0.120 CSR_train=0.000 done_count=125
[upd 70] u=0 upd_ctr=5 opt_step=80 E=0.183 g=0.103 VarTD=0.162434 ret_end=-26.790 dbar_end=0.723 occ_end=0.232 CSR_train=0.008 done_count=125
[upd 80] u=0 upd_ctr=5 opt_step=80 E=0.499 g=0.116 VarTD=0.136928 ret_end=-26.109 dbar_end=0.687 occ_end=0.136 CSR_train=0.000 done_count=125
[upd 90] u=0 upd_ctr=6 opt_step=96 E=0.228 g=0.115 VarTD=0.150395 ret_end=-26.329 dbar_end=0.689 occ_end=0.240 CSR_train=0.000 done_count=125
[upd 100] u=0 upd_ctr=6 opt_step=96 E=0.571 g=0.120 VarTD=0.141794 ret_end=-25.561 dbar_end=0.675 occ_end=0.168 CSR_train=0.000 done_count=125
[upd 110] u=0 upd_ctr=7 opt_step=112 E=0.298 g=0.109 VarTD=0.144050 ret_end=-26.069 dbar_end=0.706 occ_end=0.112 CSR_train=0.000 done_count=125
[upd 120] u=0 upd_ctr=7 opt_step=112 E=0.628 g=0.099 VarTD=0.169791 ret_end=-27.076 dbar_end=0.735 occ_end=0.136 CSR_train=0.000 done_count=125
[Gate5 check] update_counter violations: t0=0 diffs=0
[Gate5 check] opt_step violations: t0=0 diffs=0 (expected_inc=16)
[Gate5 check] NaN masking: nan_on_skip=True finite_on_update=True
[Gate5 summary] mean_update_fraction=0.0640 final_executed_updates_mean=8.00
[Gate5 eval] done_count mean=100.0 CSR mean=0.0000 len_end_mean=26.00
[Gate5 eval] episodes_per_env=4 T_eval=104
[Gate5 eval-debug] locked_eps_occ=0.20 pre(step25): dbar_end=0.598298 occupied_end_mean=0.260000 max_tilde_end_mean=0.836317 CSR@locked=0.000000
[Gate5 eval-debug] locked_eps_occ=0.20 post(step26): dbar_end=0.597289 occupied_end_mean=0.300000 max_tilde_end_mean=0.841571 CSR@locked=0.000000
[Gate5 eval-debug] CSR_pre@0.10=0.0000 CSR_pre@0.15=0.0000 CSR_pre@0.20=0.0000 CSR_pre@0.25=0.0000 CSR_pre@0.30=0.0100
[Gate5 eval-debug] CSR_post@0.10=0.0000 CSR_post@0.15=0.0000 CSR_post@0.20=0.0000 CSR_post@0.25=0.0000 CSR_post@0.30=0.0100
