Importing submoduled environments...
Submoduled environments not found. Skipping import.
[upd 0] u=1 upd_ctr=1 opt_step=16 E=0.146 g=0.096 VarTD=0.126111 ret_end=-26.492 dbar_end=0.745 occ_end=0.140 CSR_train=0.000 done_count=100
[upd 10] u=1 upd_ctr=2 opt_step=32 E=0.131 g=0.101 VarTD=0.147310 ret_end=-26.592 dbar_end=0.729 occ_end=0.144 CSR_train=0.000 done_count=125
[upd 20] u=1 upd_ctr=3 opt_step=48 E=0.146 g=0.096 VarTD=0.151880 ret_end=-27.319 dbar_end=0.748 occ_end=0.128 CSR_train=0.000 done_count=125
[upd 30] u=0 upd_ctr=4 opt_step=64 E=0.257 g=0.115 VarTD=0.133125 ret_end=-25.413 dbar_end=0.690 occ_end=0.128 CSR_train=0.000 done_count=125
[upd 40] u=0 upd_ctr=5 opt_step=80 E=0.418 g=0.133 VarTD=0.128274 ret_end=-24.962 dbar_end=0.643 occ_end=0.152 CSR_train=0.000 done_count=125
[upd 50] u=0 upd_ctr=6 opt_step=96 E=0.627 g=0.107 VarTD=0.169809 ret_end=-27.085 dbar_end=0.711 occ_end=0.104 CSR_train=0.000 done_count=125
[upd 60] u=0 upd_ctr=7 opt_step=112 E=0.852 g=0.128 VarTD=0.152930 ret_end=-25.695 dbar_end=0.654 occ_end=0.216 CSR_train=0.000 done_count=125
[upd 70] u=1 upd_ctr=9 opt_step=144 E=0.172 g=0.122 VarTD=0.144720 ret_end=-25.986 dbar_end=0.669 occ_end=0.144 CSR_train=0.000 done_count=125
[upd 80] u=0 upd_ctr=10 opt_step=160 E=0.437 g=0.130 VarTD=0.183294 ret_end=-25.511 dbar_end=0.650 occ_end=0.184 CSR_train=0.000 done_count=125
[upd 90] u=0 upd_ctr=11 opt_step=176 E=0.771 g=0.137 VarTD=0.189308 ret_end=-25.515 dbar_end=0.632 occ_end=0.280 CSR_train=0.000 done_count=125
[upd 100] u=1 upd_ctr=13 opt_step=208 E=0.192 g=0.142 VarTD=0.208120 ret_end=-25.227 dbar_end=0.621 occ_end=0.240 CSR_train=0.000 done_count=125
[upd 110] u=0 upd_ctr=14 opt_step=224 E=0.632 g=0.152 VarTD=0.278771 ret_end=-25.086 dbar_end=0.599 occ_end=0.256 CSR_train=0.000 done_count=125
[upd 120] u=0 upd_ctr=15 opt_step=240 E=1.000 g=0.143 VarTD=0.336407 ret_end=-25.977 dbar_end=0.619 occ_end=0.232 CSR_train=0.000 done_count=125
[upd 130] u=0 upd_ctr=17 opt_step=272 E=0.613 g=0.150 VarTD=0.360815 ret_end=-25.228 dbar_end=0.605 occ_end=0.240 CSR_train=0.000 done_count=100
[upd 140] u=0 upd_ctr=18 opt_step=288 E=1.000 g=0.147 VarTD=0.474652 ret_end=-24.615 dbar_end=0.610 occ_end=0.176 CSR_train=0.000 done_count=125
[upd 150] u=0 upd_ctr=20 opt_step=320 E=0.691 g=0.166 VarTD=0.653997 ret_end=-24.168 dbar_end=0.572 occ_end=0.256 CSR_train=0.000 done_count=125
[upd 160] u=0 upd_ctr=22 opt_step=352 E=0.384 g=0.163 VarTD=0.845897 ret_end=-24.596 dbar_end=0.578 occ_end=0.272 CSR_train=0.000 done_count=125
[upd 170] u=0 upd_ctr=23 opt_step=368 E=0.995 g=0.164 VarTD=1.003056 ret_end=-24.098 dbar_end=0.576 occ_end=0.344 CSR_train=0.000 done_count=125
[upd 180] u=0 upd_ctr=25 opt_step=400 E=0.695 g=0.154 VarTD=1.128942 ret_end=-24.472 dbar_end=0.596 occ_end=0.248 CSR_train=0.000 done_count=125
[upd 190] u=0 upd_ctr=27 opt_step=432 E=0.364 g=0.155 VarTD=1.473005 ret_end=-24.221 dbar_end=0.593 occ_end=0.184 CSR_train=0.000 done_count=125
[upd 200] u=0 upd_ctr=28 opt_step=448 E=1.000 g=0.164 VarTD=1.545354 ret_end=-24.042 dbar_end=0.577 occ_end=0.160 CSR_train=0.000 done_count=125
[upd 210] u=0 upd_ctr=30 opt_step=480 E=0.724 g=0.169 VarTD=1.938873 ret_end=-23.569 dbar_end=0.565 occ_end=0.296 CSR_train=0.000 done_count=125
[upd 220] u=0 upd_ctr=32 opt_step=512 E=0.387 g=0.172 VarTD=2.220483 ret_end=-24.604 dbar_end=0.561 occ_end=0.280 CSR_train=0.000 done_count=125
[upd 230] u=0 upd_ctr=33 opt_step=528 E=1.000 g=0.177 VarTD=2.379572 ret_end=-23.095 dbar_end=0.551 occ_end=0.288 CSR_train=0.000 done_count=125
[upd 240] u=0 upd_ctr=35 opt_step=560 E=0.755 g=0.173 VarTD=2.677005 ret_end=-24.004 dbar_end=0.559 occ_end=0.272 CSR_train=0.000 done_count=125
[upd 250] u=0 upd_ctr=37 opt_step=592 E=0.421 g=0.182 VarTD=3.124309 ret_end=-24.393 dbar_end=0.543 occ_end=0.272 CSR_train=0.000 done_count=125
[upd 260] u=0 upd_ctr=38 opt_step=608 E=1.000 g=0.165 VarTD=2.562764 ret_end=-24.196 dbar_end=0.573 occ_end=0.180 CSR_train=0.000 done_count=100
[upd 270] u=0 upd_ctr=40 opt_step=640 E=0.787 g=0.183 VarTD=3.534857 ret_end=-23.071 dbar_end=0.541 occ_end=0.328 CSR_train=0.000 done_count=125
[upd 280] u=0 upd_ctr=42 opt_step=672 E=0.593 g=0.173 VarTD=3.907367 ret_end=-23.605 dbar_end=0.559 occ_end=0.248 CSR_train=0.000 done_count=125
[upd 290] u=0 upd_ctr=44 opt_step=704 E=0.414 g=0.189 VarTD=4.351719 ret_end=-24.175 dbar_end=0.531 occ_end=0.360 CSR_train=0.000 done_count=125
[upd 300] u=1 upd_ctr=46 opt_step=736 E=0.224 g=0.174 VarTD=4.417937 ret_end=-23.893 dbar_end=0.556 occ_end=0.208 CSR_train=0.000 done_count=125
[upd 310] u=0 upd_ctr=47 opt_step=752 E=0.949 g=0.185 VarTD=4.703490 ret_end=-22.621 dbar_end=0.538 occ_end=0.288 CSR_train=0.000 done_count=125
[Gate5 check] update_counter violations: t0=0 diffs=0
[Gate5 check] opt_step violations: t0=0 diffs=0 (expected_inc=16)
[Gate5 check] NaN masking: nan_on_skip=True finite_on_update=True
[Gate5 summary] mean_update_fraction=0.1506 final_executed_updates_mean=47.00
[Gate5 eval] done_count mean=100.0 CSR mean=0.0000 len_end_mean=26.00
[Gate5 eval] episodes_per_env=4 T_eval=104
[Gate5 eval-debug] locked_eps_occ=0.20 pre(step25): dbar_end=0.474058 occupied_end_mean=0.430000 max_tilde_end_mean=0.679164 CSR@locked=0.000000
[Gate5 eval-debug] locked_eps_occ=0.20 post(step26): dbar_end=0.476835 occupied_end_mean=0.370000 max_tilde_end_mean=0.670824 CSR@locked=0.000000
[Gate5 eval-debug] CSR_pre@0.10=0.0000 CSR_pre@0.15=0.0000 CSR_pre@0.20=0.0000 CSR_pre@0.25=0.0100 CSR_pre@0.30=0.0300
[Gate5 eval-debug] CSR_post@0.10=0.0000 CSR_post@0.15=0.0000 CSR_post@0.20=0.0000 CSR_post@0.25=0.0100 CSR_post@0.30=0.0300
