Importing submoduled environments...
Submoduled environments not found. Skipping import.
[upd 0] u=1 upd_ctr=1 opt_step=16 E=0.019 g=0.097 VarTD=0.135831 ret_end=-26.760 dbar_end=0.743 occ_end=0.210 CSR_train=0.000 done_count=100
[upd 10] u=0 upd_ctr=1 opt_step=16 E=0.209 g=0.103 VarTD=0.167736 ret_end=-26.060 dbar_end=0.724 occ_end=0.152 CSR_train=0.000 done_count=125
[upd 20] u=0 upd_ctr=1 opt_step=16 E=0.392 g=0.084 VarTD=0.172577 ret_end=-27.648 dbar_end=0.790 occ_end=0.136 CSR_train=0.000 done_count=125
[upd 30] u=0 upd_ctr=1 opt_step=16 E=0.573 g=0.092 VarTD=0.196471 ret_end=-27.026 dbar_end=0.761 occ_end=0.144 CSR_train=0.008 done_count=125
[upd 40] u=0 upd_ctr=1 opt_step=16 E=0.761 g=0.099 VarTD=0.146959 ret_end=-26.793 dbar_end=0.736 occ_end=0.152 CSR_train=0.000 done_count=125
[upd 50] u=0 upd_ctr=1 opt_step=16 E=0.947 g=0.084 VarTD=0.159081 ret_end=-27.540 dbar_end=0.789 occ_end=0.112 CSR_train=0.000 done_count=125
[upd 60] u=0 upd_ctr=2 opt_step=32 E=0.137 g=0.097 VarTD=0.135381 ret_end=-27.920 dbar_end=0.742 occ_end=0.208 CSR_train=0.000 done_count=125
[upd 70] u=0 upd_ctr=2 opt_step=32 E=0.340 g=0.096 VarTD=0.126552 ret_end=-27.255 dbar_end=0.745 occ_end=0.152 CSR_train=0.000 done_count=125
[upd 80] u=0 upd_ctr=2 opt_step=32 E=0.540 g=0.102 VarTD=0.126496 ret_end=-26.898 dbar_end=0.728 occ_end=0.208 CSR_train=0.000 done_count=125
[upd 90] u=0 upd_ctr=2 opt_step=32 E=0.731 g=0.088 VarTD=0.118784 ret_end=-27.850 dbar_end=0.773 occ_end=0.104 CSR_train=0.000 done_count=125
[upd 100] u=0 upd_ctr=2 opt_step=32 E=0.923 g=0.090 VarTD=0.142751 ret_end=-27.588 dbar_end=0.766 occ_end=0.096 CSR_train=0.000 done_count=125
[upd 110] u=0 upd_ctr=3 opt_step=48 E=0.121 g=0.110 VarTD=0.151813 ret_end=-25.707 dbar_end=0.702 occ_end=0.200 CSR_train=0.000 done_count=125
[upd 120] u=0 upd_ctr=3 opt_step=48 E=0.328 g=0.110 VarTD=0.134611 ret_end=-26.159 dbar_end=0.704 occ_end=0.144 CSR_train=0.000 done_count=125
[Gate5 check] update_counter violations: t0=0 diffs=0
[Gate5 check] opt_step violations: t0=0 diffs=0 (expected_inc=16)
[Gate5 check] NaN masking: nan_on_skip=True finite_on_update=True
[Gate5 summary] mean_update_fraction=0.0240 final_executed_updates_mean=3.00
[Gate5 eval] done_count mean=100.0 CSR mean=0.0000 len_end_mean=26.00
[Gate5 eval] episodes_per_env=4 T_eval=104
[Gate5 eval-debug] locked_eps_occ=0.20 pre(step25): dbar_end=0.593050 occupied_end_mean=0.310000 max_tilde_end_mean=0.880916 CSR@locked=0.000000
[Gate5 eval-debug] locked_eps_occ=0.20 post(step26): dbar_end=0.594468 occupied_end_mean=0.290000 max_tilde_end_mean=0.889186 CSR@locked=0.000000
[Gate5 eval-debug] CSR_pre@0.10=0.0000 CSR_pre@0.15=0.0000 CSR_pre@0.20=0.0000 CSR_pre@0.25=0.0000 CSR_pre@0.30=0.0100
[Gate5 eval-debug] CSR_post@0.10=0.0000 CSR_post@0.15=0.0000 CSR_post@0.20=0.0000 CSR_post@0.25=0.0000 CSR_post@0.30=0.0000
