Importing submoduled environments...
Submoduled environments not found. Skipping import.
[upd 0] u=1 upd_ctr=1 opt_step=16 E=0.277 g=0.086 VarTD=0.176520 ret_end=-28.138 dbar_end=0.781 occ_end=0.160 CSR_train=0.000 done_count=100
[upd 10] u=0 upd_ctr=2 opt_step=32 E=0.309 g=0.086 VarTD=0.145467 ret_end=-27.373 dbar_end=0.780 occ_end=0.144 CSR_train=0.000 done_count=125
[upd 20] u=0 upd_ctr=3 opt_step=48 E=0.417 g=0.115 VarTD=0.149918 ret_end=-26.899 dbar_end=0.689 occ_end=0.184 CSR_train=0.000 done_count=125
[upd 30] u=0 upd_ctr=4 opt_step=64 E=0.578 g=0.103 VarTD=0.138945 ret_end=-25.938 dbar_end=0.723 occ_end=0.152 CSR_train=0.000 done_count=125
[upd 40] u=0 upd_ctr=5 opt_step=80 E=0.753 g=0.111 VarTD=0.140020 ret_end=-26.224 dbar_end=0.699 occ_end=0.200 CSR_train=0.000 done_count=125
[upd 50] u=0 upd_ctr=7 opt_step=112 E=0.223 g=0.117 VarTD=0.136556 ret_end=-25.941 dbar_end=0.683 occ_end=0.232 CSR_train=0.000 done_count=125
[upd 60] u=0 upd_ctr=8 opt_step=128 E=0.482 g=0.116 VarTD=0.141501 ret_end=-25.863 dbar_end=0.687 occ_end=0.200 CSR_train=0.000 done_count=125
[upd 70] u=0 upd_ctr=9 opt_step=144 E=0.779 g=0.121 VarTD=0.144104 ret_end=-25.976 dbar_end=0.673 occ_end=0.168 CSR_train=0.000 done_count=125
[upd 80] u=0 upd_ctr=11 opt_step=176 E=0.359 g=0.147 VarTD=0.171831 ret_end=-24.531 dbar_end=0.611 occ_end=0.272 CSR_train=0.000 done_count=125
[upd 90] u=0 upd_ctr=12 opt_step=192 E=0.699 g=0.126 VarTD=0.201359 ret_end=-25.715 dbar_end=0.659 occ_end=0.216 CSR_train=0.000 done_count=125
[upd 100] u=0 upd_ctr=14 opt_step=224 E=0.409 g=0.137 VarTD=0.234397 ret_end=-25.151 dbar_end=0.634 occ_end=0.248 CSR_train=0.000 done_count=125
[upd 110] u=0 upd_ctr=15 opt_step=240 E=0.863 g=0.152 VarTD=0.272778 ret_end=-24.411 dbar_end=0.600 occ_end=0.304 CSR_train=0.000 done_count=125
[upd 120] u=0 upd_ctr=17 opt_step=272 E=0.569 g=0.147 VarTD=0.355058 ret_end=-25.103 dbar_end=0.610 occ_end=0.224 CSR_train=0.000 done_count=125
[Gate5 check] update_counter violations: t0=0 diffs=0
[Gate5 check] opt_step violations: t0=0 diffs=0 (expected_inc=16)
[Gate5 check] NaN masking: nan_on_skip=True finite_on_update=True
[Gate5 summary] mean_update_fraction=0.1440 final_executed_updates_mean=18.00
[Gate5 eval] done_count mean=100.0 CSR mean=0.0000 len_end_mean=26.00
[Gate5 eval] episodes_per_env=4 T_eval=104
[Gate5 eval-debug] locked_eps_occ=0.20 pre(step25): dbar_end=0.501552 occupied_end_mean=0.360000 max_tilde_end_mean=0.693040 CSR@locked=0.010000
[Gate5 eval-debug] locked_eps_occ=0.20 post(step26): dbar_end=0.496721 occupied_end_mean=0.310000 max_tilde_end_mean=0.689933 CSR@locked=0.000000
[Gate5 eval-debug] CSR_pre@0.10=0.0000 CSR_pre@0.15=0.0000 CSR_pre@0.20=0.0100 CSR_pre@0.25=0.0200 CSR_pre@0.30=0.0400
[Gate5 eval-debug] CSR_post@0.10=0.0000 CSR_post@0.15=0.0000 CSR_post@0.20=0.0000 CSR_post@0.25=0.0200 CSR_post@0.30=0.0400
