Importing submoduled environments...
Submoduled environments not found. Skipping import.
[upd 0] u=1 upd_ctr=1 opt_step=16 E=0.167 g=0.084 VarTD=0.138136 ret_end=-27.863 dbar_end=0.788 occ_end=0.160 CSR_train=0.000 done_count=100
[upd 10] u=0 upd_ctr=1 opt_step=16 E=0.876 g=0.114 VarTD=0.122236 ret_end=-25.937 dbar_end=0.692 occ_end=0.192 CSR_train=0.000 done_count=125
[upd 20] u=0 upd_ctr=2 opt_step=32 E=0.756 g=0.098 VarTD=0.155852 ret_end=-26.948 dbar_end=0.741 occ_end=0.152 CSR_train=0.000 done_count=125
[upd 30] u=0 upd_ctr=3 opt_step=48 E=0.710 g=0.122 VarTD=0.147090 ret_end=-24.998 dbar_end=0.670 occ_end=0.168 CSR_train=0.000 done_count=125
[upd 40] u=0 upd_ctr=4 opt_step=64 E=0.692 g=0.118 VarTD=0.131094 ret_end=-25.462 dbar_end=0.680 occ_end=0.256 CSR_train=0.000 done_count=125
[upd 50] u=0 upd_ctr=5 opt_step=80 E=0.727 g=0.115 VarTD=0.139137 ret_end=-26.207 dbar_end=0.689 occ_end=0.176 CSR_train=0.000 done_count=125
[upd 60] u=0 upd_ctr=6 opt_step=96 E=0.772 g=0.123 VarTD=0.161154 ret_end=-26.766 dbar_end=0.668 occ_end=0.208 CSR_train=0.000 done_count=125
[upd 70] u=0 upd_ctr=7 opt_step=112 E=0.817 g=0.113 VarTD=0.158909 ret_end=-26.585 dbar_end=0.695 occ_end=0.216 CSR_train=0.000 done_count=125
[upd 80] u=0 upd_ctr=8 opt_step=128 E=0.941 g=0.128 VarTD=0.139558 ret_end=-25.868 dbar_end=0.655 occ_end=0.192 CSR_train=0.000 done_count=125
[upd 90] u=0 upd_ctr=10 opt_step=160 E=0.232 g=0.140 VarTD=0.149535 ret_end=-23.995 dbar_end=0.626 occ_end=0.224 CSR_train=0.000 done_count=125
[upd 100] u=0 upd_ctr=11 opt_step=176 E=0.467 g=0.159 VarTD=0.158942 ret_end=-23.622 dbar_end=0.586 occ_end=0.288 CSR_train=0.000 done_count=125
[upd 110] u=0 upd_ctr=12 opt_step=192 E=0.706 g=0.148 VarTD=0.186798 ret_end=-25.393 dbar_end=0.608 occ_end=0.224 CSR_train=0.000 done_count=125
[upd 120] u=0 upd_ctr=13 opt_step=208 E=1.000 g=0.145 VarTD=0.203541 ret_end=-24.846 dbar_end=0.614 occ_end=0.264 CSR_train=0.000 done_count=125
[upd 130] u=0 upd_ctr=15 opt_step=240 E=0.432 g=0.170 VarTD=0.262594 ret_end=-24.452 dbar_end=0.565 occ_end=0.310 CSR_train=0.000 done_count=100
[upd 140] u=0 upd_ctr=16 opt_step=256 E=0.788 g=0.154 VarTD=0.367461 ret_end=-25.218 dbar_end=0.596 occ_end=0.312 CSR_train=0.000 done_count=125
[upd 150] u=1 upd_ctr=18 opt_step=288 E=0.234 g=0.167 VarTD=0.381625 ret_end=-23.973 dbar_end=0.570 occ_end=0.232 CSR_train=0.000 done_count=125
[upd 160] u=0 upd_ctr=19 opt_step=304 E=0.615 g=0.166 VarTD=0.531725 ret_end=-24.160 dbar_end=0.571 occ_end=0.256 CSR_train=0.000 done_count=125
[upd 170] u=0 upd_ctr=20 opt_step=320 E=0.936 g=0.139 VarTD=0.578663 ret_end=-24.366 dbar_end=0.630 occ_end=0.152 CSR_train=0.000 done_count=125
[upd 180] u=0 upd_ctr=22 opt_step=352 E=0.352 g=0.167 VarTD=0.787561 ret_end=-23.971 dbar_end=0.570 occ_end=0.280 CSR_train=0.008 done_count=125
[upd 190] u=0 upd_ctr=23 opt_step=368 E=0.703 g=0.157 VarTD=0.884319 ret_end=-24.273 dbar_end=0.590 occ_end=0.264 CSR_train=0.000 done_count=125
[upd 200] u=1 upd_ctr=25 opt_step=400 E=0.182 g=0.151 VarTD=0.956147 ret_end=-24.170 dbar_end=0.602 occ_end=0.312 CSR_train=0.000 done_count=125
[upd 210] u=0 upd_ctr=26 opt_step=416 E=0.562 g=0.149 VarTD=1.241476 ret_end=-24.800 dbar_end=0.606 occ_end=0.272 CSR_train=0.000 done_count=125
[upd 220] u=0 upd_ctr=27 opt_step=432 E=0.942 g=0.151 VarTD=1.356534 ret_end=-24.510 dbar_end=0.603 occ_end=0.192 CSR_train=0.000 done_count=125
[upd 230] u=0 upd_ctr=29 opt_step=464 E=0.405 g=0.168 VarTD=1.677403 ret_end=-23.451 dbar_end=0.568 occ_end=0.288 CSR_train=0.000 done_count=125
[upd 240] u=0 upd_ctr=30 opt_step=480 E=0.808 g=0.156 VarTD=1.799602 ret_end=-24.045 dbar_end=0.592 occ_end=0.248 CSR_train=0.000 done_count=125
[upd 250] u=0 upd_ctr=32 opt_step=512 E=0.331 g=0.175 VarTD=2.169660 ret_end=-24.071 dbar_end=0.555 occ_end=0.280 CSR_train=0.000 done_count=125
[upd 260] u=0 upd_ctr=33 opt_step=528 E=0.773 g=0.166 VarTD=1.888990 ret_end=-24.372 dbar_end=0.572 occ_end=0.270 CSR_train=0.000 done_count=100
[upd 270] u=0 upd_ctr=35 opt_step=560 E=0.324 g=0.173 VarTD=2.609791 ret_end=-23.157 dbar_end=0.558 occ_end=0.304 CSR_train=0.008 done_count=125
[upd 280] u=0 upd_ctr=36 opt_step=576 E=0.787 g=0.174 VarTD=2.767164 ret_end=-24.287 dbar_end=0.556 occ_end=0.344 CSR_train=0.000 done_count=125
[upd 290] u=0 upd_ctr=38 opt_step=608 E=0.343 g=0.184 VarTD=3.163861 ret_end=-22.600 dbar_end=0.539 occ_end=0.296 CSR_train=0.008 done_count=125
[upd 300] u=0 upd_ctr=39 opt_step=624 E=0.771 g=0.186 VarTD=3.306295 ret_end=-23.879 dbar_end=0.536 occ_end=0.384 CSR_train=0.008 done_count=125
[upd 310] u=0 upd_ctr=41 opt_step=656 E=0.331 g=0.166 VarTD=3.618407 ret_end=-23.440 dbar_end=0.572 occ_end=0.248 CSR_train=0.000 done_count=125
[Gate5 check] update_counter violations: t0=0 diffs=0
[Gate5 check] opt_step violations: t0=0 diffs=0 (expected_inc=16)
[Gate5 check] NaN masking: nan_on_skip=True finite_on_update=True
[Gate5 summary] mean_update_fraction=0.1314 final_executed_updates_mean=41.00
[Gate5 eval] done_count mean=100.0 CSR mean=0.0100 len_end_mean=26.00
[Gate5 eval] episodes_per_env=4 T_eval=104
[Gate5 eval-debug] locked_eps_occ=0.20 pre(step25): dbar_end=0.466561 occupied_end_mean=0.440000 max_tilde_end_mean=0.653144 CSR@locked=0.000000
[Gate5 eval-debug] locked_eps_occ=0.20 post(step26): dbar_end=0.468727 occupied_end_mean=0.470000 max_tilde_end_mean=0.659764 CSR@locked=0.010000
[Gate5 eval-debug] CSR_pre@0.10=0.0000 CSR_pre@0.15=0.0000 CSR_pre@0.20=0.0000 CSR_pre@0.25=0.0200 CSR_pre@0.30=0.0800
[Gate5 eval-debug] CSR_post@0.10=0.0000 CSR_post@0.15=0.0000 CSR_post@0.20=0.0100 CSR_post@0.25=0.0200 CSR_post@0.30=0.0300
