Importing submoduled environments...
Submoduled environments not found. Skipping import.
[upd 0] u=1 upd_ctr=1 opt_step=16 E=0.133 g=0.082 VarTD=0.214117 ret_end=-27.772 dbar_end=0.796 occ_end=0.070 CSR_train=0.000 done_count=100
[upd 10] u=0 upd_ctr=1 opt_step=16 E=0.504 g=0.092 VarTD=0.178600 ret_end=-26.630 dbar_end=0.760 occ_end=0.136 CSR_train=0.000 done_count=125
[upd 20] u=0 upd_ctr=1 opt_step=16 E=0.874 g=0.101 VarTD=0.148776 ret_end=-27.566 dbar_end=0.732 occ_end=0.128 CSR_train=0.000 done_count=125
[upd 30] u=0 upd_ctr=2 opt_step=32 E=0.356 g=0.092 VarTD=0.168972 ret_end=-27.285 dbar_end=0.759 occ_end=0.192 CSR_train=0.000 done_count=125
[upd 40] u=0 upd_ctr=2 opt_step=32 E=0.738 g=0.096 VarTD=0.146028 ret_end=-26.742 dbar_end=0.747 occ_end=0.152 CSR_train=0.000 done_count=125
[upd 50] u=0 upd_ctr=3 opt_step=48 E=0.230 g=0.093 VarTD=0.148341 ret_end=-27.242 dbar_end=0.755 occ_end=0.160 CSR_train=0.000 done_count=125
[upd 60] u=0 upd_ctr=3 opt_step=48 E=0.608 g=0.095 VarTD=0.159248 ret_end=-27.545 dbar_end=0.751 occ_end=0.112 CSR_train=0.000 done_count=125
[upd 70] u=0 upd_ctr=4 opt_step=64 E=0.099 g=0.104 VarTD=0.169296 ret_end=-26.380 dbar_end=0.721 occ_end=0.144 CSR_train=0.000 done_count=125
[upd 80] u=0 upd_ctr=4 opt_step=64 E=0.517 g=0.094 VarTD=0.143157 ret_end=-28.465 dbar_end=0.752 occ_end=0.184 CSR_train=0.000 done_count=125
[upd 90] u=0 upd_ctr=4 opt_step=64 E=0.937 g=0.100 VarTD=0.144410 ret_end=-27.185 dbar_end=0.734 occ_end=0.160 CSR_train=0.000 done_count=125
[upd 100] u=0 upd_ctr=5 opt_step=80 E=0.445 g=0.104 VarTD=0.148235 ret_end=-26.299 dbar_end=0.722 occ_end=0.216 CSR_train=0.000 done_count=125
[upd 110] u=0 upd_ctr=5 opt_step=80 E=0.864 g=0.107 VarTD=0.144699 ret_end=-26.785 dbar_end=0.711 occ_end=0.232 CSR_train=0.000 done_count=125
[upd 120] u=0 upd_ctr=6 opt_step=96 E=0.403 g=0.105 VarTD=0.160376 ret_end=-26.724 dbar_end=0.719 occ_end=0.224 CSR_train=0.000 done_count=125
[upd 130] u=0 upd_ctr=6 opt_step=96 E=0.848 g=0.103 VarTD=0.151053 ret_end=-25.939 dbar_end=0.724 occ_end=0.180 CSR_train=0.000 done_count=100
[upd 140] u=0 upd_ctr=7 opt_step=112 E=0.404 g=0.110 VarTD=0.175676 ret_end=-26.346 dbar_end=0.704 occ_end=0.192 CSR_train=0.000 done_count=125
[upd 150] u=0 upd_ctr=7 opt_step=112 E=0.866 g=0.129 VarTD=0.152819 ret_end=-25.181 dbar_end=0.651 occ_end=0.216 CSR_train=0.000 done_count=125
[upd 160] u=0 upd_ctr=8 opt_step=128 E=0.435 g=0.121 VarTD=0.168344 ret_end=-25.691 dbar_end=0.672 occ_end=0.224 CSR_train=0.000 done_count=125
[upd 170] u=0 upd_ctr=8 opt_step=128 E=0.906 g=0.114 VarTD=0.153558 ret_end=-25.872 dbar_end=0.693 occ_end=0.184 CSR_train=0.000 done_count=125
[upd 180] u=0 upd_ctr=9 opt_step=144 E=0.497 g=0.130 VarTD=0.146517 ret_end=-24.747 dbar_end=0.651 occ_end=0.160 CSR_train=0.000 done_count=125
[upd 190] u=0 upd_ctr=10 opt_step=160 E=0.116 g=0.140 VarTD=0.156256 ret_end=-25.034 dbar_end=0.625 occ_end=0.216 CSR_train=0.000 done_count=125
[upd 200] u=0 upd_ctr=10 opt_step=160 E=0.616 g=0.134 VarTD=0.184577 ret_end=-25.123 dbar_end=0.641 occ_end=0.232 CSR_train=0.000 done_count=125
[upd 210] u=0 upd_ctr=11 opt_step=176 E=0.228 g=0.116 VarTD=0.184057 ret_end=-26.446 dbar_end=0.687 occ_end=0.168 CSR_train=0.000 done_count=125
[upd 220] u=0 upd_ctr=11 opt_step=176 E=0.743 g=0.135 VarTD=0.200127 ret_end=-24.889 dbar_end=0.639 occ_end=0.176 CSR_train=0.000 done_count=125
[upd 230] u=0 upd_ctr=12 opt_step=192 E=0.366 g=0.119 VarTD=0.196447 ret_end=-25.908 dbar_end=0.677 occ_end=0.224 CSR_train=0.000 done_count=125
[upd 240] u=0 upd_ctr=12 opt_step=192 E=0.908 g=0.145 VarTD=0.207775 ret_end=-24.954 dbar_end=0.614 occ_end=0.248 CSR_train=0.000 done_count=125
[upd 250] u=0 upd_ctr=13 opt_step=208 E=0.524 g=0.129 VarTD=0.233740 ret_end=-24.821 dbar_end=0.652 occ_end=0.216 CSR_train=0.000 done_count=125
[upd 260] u=0 upd_ctr=14 opt_step=224 E=0.158 g=0.123 VarTD=0.228858 ret_end=-25.473 dbar_end=0.666 occ_end=0.140 CSR_train=0.000 done_count=100
[upd 270] u=0 upd_ctr=14 opt_step=224 E=0.730 g=0.139 VarTD=0.260042 ret_end=-25.516 dbar_end=0.629 occ_end=0.224 CSR_train=0.000 done_count=125
[upd 280] u=0 upd_ctr=15 opt_step=240 E=0.379 g=0.147 VarTD=0.287863 ret_end=-23.884 dbar_end=0.610 occ_end=0.224 CSR_train=0.000 done_count=125
[upd 290] u=0 upd_ctr=15 opt_step=240 E=0.941 g=0.131 VarTD=0.284247 ret_end=-25.833 dbar_end=0.647 occ_end=0.200 CSR_train=0.000 done_count=125
[upd 300] u=0 upd_ctr=16 opt_step=256 E=0.603 g=0.155 VarTD=0.390649 ret_end=-24.446 dbar_end=0.594 occ_end=0.200 CSR_train=0.000 done_count=125
[upd 310] u=0 upd_ctr=17 opt_step=272 E=0.289 g=0.144 VarTD=0.393002 ret_end=-24.860 dbar_end=0.617 occ_end=0.200 CSR_train=0.000 done_count=125
[Gate5 check] update_counter violations: t0=0 diffs=0
[Gate5 check] opt_step violations: t0=0 diffs=0 (expected_inc=16)
[Gate5 check] NaN masking: nan_on_skip=True finite_on_update=True
[Gate5 summary] mean_update_fraction=0.0545 final_executed_updates_mean=17.00
[Gate5 eval] done_count mean=100.0 CSR mean=0.0000 len_end_mean=26.00
[Gate5 eval] episodes_per_env=4 T_eval=104
[Gate5 eval-debug] locked_eps_occ=0.20 pre(step25): dbar_end=0.477913 occupied_end_mean=0.430000 max_tilde_end_mean=0.695002 CSR@locked=0.000000
[Gate5 eval-debug] locked_eps_occ=0.20 post(step26): dbar_end=0.484721 occupied_end_mean=0.360000 max_tilde_end_mean=0.700671 CSR@locked=0.000000
[Gate5 eval-debug] CSR_pre@0.10=0.0000 CSR_pre@0.15=0.0000 CSR_pre@0.20=0.0000 CSR_pre@0.25=0.0400 CSR_pre@0.30=0.0800
[Gate5 eval-debug] CSR_post@0.10=0.0000 CSR_post@0.15=0.0000 CSR_post@0.20=0.0000 CSR_post@0.25=0.0200 CSR_post@0.30=0.0600
