Importing submoduled environments...
Submoduled environments not found. Skipping import.
[upd 0] u=1 upd_ctr=1 opt_step=16 E=0.045 g=0.090 VarTD=0.142063 ret_end=-26.625 dbar_end=0.768 occ_end=0.090 CSR_train=0.000 done_count=100
[upd 10] u=0 upd_ctr=1 opt_step=16 E=0.523 g=0.103 VarTD=0.114452 ret_end=-26.589 dbar_end=0.723 occ_end=0.104 CSR_train=0.000 done_count=125
[upd 20] u=0 upd_ctr=1 opt_step=16 E=0.986 g=0.094 VarTD=0.166464 ret_end=-27.135 dbar_end=0.752 occ_end=0.104 CSR_train=0.000 done_count=125
[upd 30] u=0 upd_ctr=2 opt_step=32 E=0.447 g=0.094 VarTD=0.153687 ret_end=-28.174 dbar_end=0.753 occ_end=0.184 CSR_train=0.000 done_count=125
[upd 40] u=0 upd_ctr=2 opt_step=32 E=0.936 g=0.092 VarTD=0.140103 ret_end=-27.063 dbar_end=0.761 occ_end=0.176 CSR_train=0.000 done_count=125
[upd 50] u=0 upd_ctr=3 opt_step=48 E=0.412 g=0.104 VarTD=0.137539 ret_end=-26.487 dbar_end=0.720 occ_end=0.184 CSR_train=0.000 done_count=125
[upd 60] u=0 upd_ctr=3 opt_step=48 E=0.908 g=0.098 VarTD=0.138181 ret_end=-26.502 dbar_end=0.741 occ_end=0.144 CSR_train=0.000 done_count=125
[upd 70] u=0 upd_ctr=4 opt_step=64 E=0.408 g=0.104 VarTD=0.120533 ret_end=-25.991 dbar_end=0.721 occ_end=0.168 CSR_train=0.000 done_count=125
[upd 80] u=0 upd_ctr=4 opt_step=64 E=0.952 g=0.106 VarTD=0.171965 ret_end=-26.953 dbar_end=0.714 occ_end=0.216 CSR_train=0.000 done_count=125
[upd 90] u=0 upd_ctr=5 opt_step=80 E=0.496 g=0.109 VarTD=0.133210 ret_end=-26.786 dbar_end=0.706 occ_end=0.216 CSR_train=0.000 done_count=125
[upd 100] u=0 upd_ctr=5 opt_step=80 E=1.000 g=0.106 VarTD=0.125158 ret_end=-26.773 dbar_end=0.715 occ_end=0.120 CSR_train=0.000 done_count=125
[upd 110] u=0 upd_ctr=6 opt_step=96 E=0.568 g=0.109 VarTD=0.164976 ret_end=-27.225 dbar_end=0.705 occ_end=0.152 CSR_train=0.000 done_count=125
[upd 120] u=0 upd_ctr=7 opt_step=112 E=0.109 g=0.108 VarTD=0.146222 ret_end=-26.263 dbar_end=0.709 occ_end=0.232 CSR_train=0.000 done_count=125
[upd 130] u=0 upd_ctr=7 opt_step=112 E=0.708 g=0.121 VarTD=0.140653 ret_end=-26.034 dbar_end=0.673 occ_end=0.200 CSR_train=0.000 done_count=100
[upd 140] u=0 upd_ctr=8 opt_step=128 E=0.227 g=0.114 VarTD=0.154536 ret_end=-25.590 dbar_end=0.691 occ_end=0.208 CSR_train=0.000 done_count=125
[upd 150] u=0 upd_ctr=8 opt_step=128 E=0.833 g=0.124 VarTD=0.150351 ret_end=-25.879 dbar_end=0.665 occ_end=0.176 CSR_train=0.000 done_count=125
[upd 160] u=0 upd_ctr=9 opt_step=144 E=0.434 g=0.130 VarTD=0.152767 ret_end=-26.042 dbar_end=0.650 occ_end=0.240 CSR_train=0.000 done_count=125
[upd 170] u=1 upd_ctr=10 opt_step=160 E=0.062 g=0.124 VarTD=0.166628 ret_end=-25.741 dbar_end=0.665 occ_end=0.176 CSR_train=0.000 done_count=125
[upd 180] u=0 upd_ctr=10 opt_step=160 E=0.704 g=0.125 VarTD=0.152557 ret_end=-25.806 dbar_end=0.663 occ_end=0.176 CSR_train=0.000 done_count=125
[upd 190] u=0 upd_ctr=11 opt_step=176 E=0.344 g=0.135 VarTD=0.167942 ret_end=-25.356 dbar_end=0.638 occ_end=0.192 CSR_train=0.000 done_count=125
[upd 200] u=0 upd_ctr=11 opt_step=176 E=1.000 g=0.144 VarTD=0.166315 ret_end=-24.696 dbar_end=0.616 occ_end=0.272 CSR_train=0.000 done_count=125
[upd 210] u=0 upd_ctr=12 opt_step=192 E=0.712 g=0.130 VarTD=0.201465 ret_end=-26.781 dbar_end=0.650 occ_end=0.296 CSR_train=0.000 done_count=125
[upd 220] u=0 upd_ctr=13 opt_step=208 E=0.351 g=0.145 VarTD=0.202165 ret_end=-25.434 dbar_end=0.614 occ_end=0.264 CSR_train=0.000 done_count=125
[upd 230] u=0 upd_ctr=13 opt_step=208 E=1.000 g=0.157 VarTD=0.214337 ret_end=-23.818 dbar_end=0.590 occ_end=0.240 CSR_train=0.008 done_count=125
[upd 240] u=0 upd_ctr=14 opt_step=224 E=0.711 g=0.145 VarTD=0.242928 ret_end=-24.622 dbar_end=0.614 occ_end=0.200 CSR_train=0.000 done_count=125
[upd 250] u=0 upd_ctr=15 opt_step=240 E=0.373 g=0.157 VarTD=0.282608 ret_end=-24.729 dbar_end=0.590 occ_end=0.184 CSR_train=0.000 done_count=125
[upd 260] u=1 upd_ctr=16 opt_step=256 E=0.071 g=0.142 VarTD=0.246091 ret_end=-25.203 dbar_end=0.622 occ_end=0.200 CSR_train=0.000 done_count=100
[upd 270] u=0 upd_ctr=16 opt_step=256 E=0.803 g=0.155 VarTD=0.302698 ret_end=-24.014 dbar_end=0.595 occ_end=0.184 CSR_train=0.000 done_count=125
[upd 280] u=0 upd_ctr=17 opt_step=272 E=0.528 g=0.154 VarTD=0.384328 ret_end=-24.311 dbar_end=0.595 occ_end=0.232 CSR_train=0.000 done_count=125
[upd 290] u=0 upd_ctr=18 opt_step=288 E=0.238 g=0.163 VarTD=0.447983 ret_end=-23.503 dbar_end=0.577 occ_end=0.280 CSR_train=0.000 done_count=125
[upd 300] u=0 upd_ctr=18 opt_step=288 E=0.997 g=0.153 VarTD=0.450739 ret_end=-24.660 dbar_end=0.598 occ_end=0.224 CSR_train=0.000 done_count=125
[upd 310] u=0 upd_ctr=19 opt_step=304 E=0.704 g=0.147 VarTD=0.503073 ret_end=-25.208 dbar_end=0.612 occ_end=0.184 CSR_train=0.000 done_count=125
[Gate5 check] update_counter violations: t0=0 diffs=0
[Gate5 check] opt_step violations: t0=0 diffs=0 (expected_inc=16)
[Gate5 check] NaN masking: nan_on_skip=True finite_on_update=True
[Gate5 summary] mean_update_fraction=0.0609 final_executed_updates_mean=19.00
[Gate5 eval] done_count mean=100.0 CSR mean=0.0100 len_end_mean=26.00
[Gate5 eval] episodes_per_env=4 T_eval=104
[Gate5 eval-debug] locked_eps_occ=0.20 pre(step25): dbar_end=0.504415 occupied_end_mean=0.430000 max_tilde_end_mean=0.708845 CSR@locked=0.010000
[Gate5 eval-debug] locked_eps_occ=0.20 post(step26): dbar_end=0.508201 occupied_end_mean=0.380000 max_tilde_end_mean=0.714887 CSR@locked=0.010000
[Gate5 eval-debug] CSR_pre@0.10=0.0000 CSR_pre@0.15=0.0100 CSR_pre@0.20=0.0100 CSR_pre@0.25=0.0200 CSR_pre@0.30=0.0400
[Gate5 eval-debug] CSR_post@0.10=0.0000 CSR_post@0.15=0.0000 CSR_post@0.20=0.0100 CSR_post@0.25=0.0200 CSR_post@0.30=0.0200
