Importing submoduled environments...
Submoduled environments not found. Skipping import.
[upd 0] u=1 upd_ctr=1 opt_step=16 E=0.115 g=0.073 VarTD=0.176583 ret_end=-28.932 dbar_end=0.832 occ_end=0.120 CSR_train=0.000 done_count=100
[upd 10] u=0 upd_ctr=1 opt_step=16 E=0.295 g=0.084 VarTD=0.145375 ret_end=-27.822 dbar_end=0.789 occ_end=0.112 CSR_train=0.000 done_count=125
[upd 20] u=0 upd_ctr=1 opt_step=16 E=0.486 g=0.093 VarTD=0.146987 ret_end=-27.233 dbar_end=0.757 occ_end=0.168 CSR_train=0.000 done_count=125
[upd 30] u=0 upd_ctr=1 opt_step=16 E=0.663 g=0.096 VarTD=0.137071 ret_end=-26.257 dbar_end=0.748 occ_end=0.184 CSR_train=0.000 done_count=125
[upd 40] u=0 upd_ctr=1 opt_step=16 E=0.844 g=0.088 VarTD=0.180465 ret_end=-27.591 dbar_end=0.774 occ_end=0.144 CSR_train=0.000 done_count=125
[upd 50] u=0 upd_ctr=2 opt_step=32 E=0.137 g=0.088 VarTD=0.172339 ret_end=-28.109 dbar_end=0.773 occ_end=0.128 CSR_train=0.000 done_count=125
[upd 60] u=0 upd_ctr=2 opt_step=32 E=0.329 g=0.094 VarTD=0.136316 ret_end=-26.273 dbar_end=0.752 occ_end=0.112 CSR_train=0.000 done_count=125
[upd 70] u=0 upd_ctr=2 opt_step=32 E=0.527 g=0.106 VarTD=0.137280 ret_end=-25.974 dbar_end=0.716 occ_end=0.160 CSR_train=0.008 done_count=125
[upd 80] u=0 upd_ctr=2 opt_step=32 E=0.715 g=0.089 VarTD=0.154795 ret_end=-28.103 dbar_end=0.770 occ_end=0.144 CSR_train=0.000 done_count=125
[upd 90] u=0 upd_ctr=2 opt_step=32 E=0.910 g=0.092 VarTD=0.142959 ret_end=-28.037 dbar_end=0.761 occ_end=0.160 CSR_train=0.000 done_count=125
[upd 100] u=0 upd_ctr=3 opt_step=48 E=0.205 g=0.097 VarTD=0.140686 ret_end=-27.595 dbar_end=0.742 occ_end=0.112 CSR_train=0.000 done_count=125
[upd 110] u=0 upd_ctr=3 opt_step=48 E=0.396 g=0.098 VarTD=0.158339 ret_end=-26.548 dbar_end=0.741 occ_end=0.128 CSR_train=0.000 done_count=125
[upd 120] u=0 upd_ctr=3 opt_step=48 E=0.597 g=0.108 VarTD=0.115627 ret_end=-26.495 dbar_end=0.709 occ_end=0.200 CSR_train=0.000 done_count=125
[upd 130] u=0 upd_ctr=3 opt_step=48 E=0.804 g=0.111 VarTD=0.133314 ret_end=-25.930 dbar_end=0.701 occ_end=0.200 CSR_train=0.000 done_count=100
[upd 140] u=0 upd_ctr=4 opt_step=64 E=0.100 g=0.095 VarTD=0.154606 ret_end=-27.439 dbar_end=0.748 occ_end=0.120 CSR_train=0.000 done_count=125
[upd 150] u=0 upd_ctr=4 opt_step=64 E=0.311 g=0.109 VarTD=0.156129 ret_end=-27.096 dbar_end=0.707 occ_end=0.128 CSR_train=0.000 done_count=125
[upd 160] u=0 upd_ctr=4 opt_step=64 E=0.508 g=0.098 VarTD=0.145293 ret_end=-26.839 dbar_end=0.741 occ_end=0.160 CSR_train=0.000 done_count=125
[upd 170] u=0 upd_ctr=4 opt_step=64 E=0.706 g=0.101 VarTD=0.135665 ret_end=-27.097 dbar_end=0.732 occ_end=0.208 CSR_train=0.000 done_count=125
[upd 180] u=0 upd_ctr=4 opt_step=64 E=0.909 g=0.114 VarTD=0.109707 ret_end=-25.426 dbar_end=0.690 occ_end=0.192 CSR_train=0.000 done_count=125
[upd 190] u=0 upd_ctr=5 opt_step=80 E=0.220 g=0.091 VarTD=0.142258 ret_end=-27.935 dbar_end=0.762 occ_end=0.056 CSR_train=0.000 done_count=125
[upd 200] u=0 upd_ctr=5 opt_step=80 E=0.429 g=0.093 VarTD=0.197990 ret_end=-28.051 dbar_end=0.757 occ_end=0.200 CSR_train=0.000 done_count=125
[upd 210] u=0 upd_ctr=5 opt_step=80 E=0.642 g=0.102 VarTD=0.179753 ret_end=-27.352 dbar_end=0.726 occ_end=0.200 CSR_train=0.000 done_count=125
[upd 220] u=0 upd_ctr=5 opt_step=80 E=0.846 g=0.100 VarTD=0.146153 ret_end=-26.681 dbar_end=0.733 occ_end=0.080 CSR_train=0.000 done_count=125
[upd 230] u=0 upd_ctr=6 opt_step=96 E=0.166 g=0.116 VarTD=0.148159 ret_end=-25.936 dbar_end=0.686 occ_end=0.104 CSR_train=0.000 done_count=125
[upd 240] u=0 upd_ctr=6 opt_step=96 E=0.386 g=0.089 VarTD=0.164727 ret_end=-27.954 dbar_end=0.769 occ_end=0.128 CSR_train=0.000 done_count=125
[upd 250] u=0 upd_ctr=6 opt_step=96 E=0.601 g=0.102 VarTD=0.124296 ret_end=-26.965 dbar_end=0.727 occ_end=0.144 CSR_train=0.000 done_count=125
[upd 260] u=0 upd_ctr=6 opt_step=96 E=0.831 g=0.137 VarTD=0.138502 ret_end=-25.159 dbar_end=0.634 occ_end=0.210 CSR_train=0.000 done_count=100
[upd 270] u=0 upd_ctr=7 opt_step=112 E=0.156 g=0.107 VarTD=0.160209 ret_end=-26.370 dbar_end=0.711 occ_end=0.248 CSR_train=0.000 done_count=125
[upd 280] u=0 upd_ctr=7 opt_step=112 E=0.391 g=0.110 VarTD=0.153925 ret_end=-25.996 dbar_end=0.702 occ_end=0.200 CSR_train=0.000 done_count=125
[upd 290] u=0 upd_ctr=7 opt_step=112 E=0.622 g=0.114 VarTD=0.136389 ret_end=-25.903 dbar_end=0.692 occ_end=0.120 CSR_train=0.000 done_count=125
[upd 300] u=0 upd_ctr=7 opt_step=112 E=0.854 g=0.131 VarTD=0.123204 ret_end=-25.018 dbar_end=0.648 occ_end=0.280 CSR_train=0.000 done_count=125
[upd 310] u=0 upd_ctr=8 opt_step=128 E=0.189 g=0.114 VarTD=0.143002 ret_end=-25.956 dbar_end=0.691 occ_end=0.104 CSR_train=0.000 done_count=125
[Gate5 check] update_counter violations: t0=0 diffs=0
[Gate5 check] opt_step violations: t0=0 diffs=0 (expected_inc=16)
[Gate5 check] NaN masking: nan_on_skip=True finite_on_update=True
[Gate5 summary] mean_update_fraction=0.0256 final_executed_updates_mean=8.00
[Gate5 eval] done_count mean=100.0 CSR mean=0.0000 len_end_mean=26.00
[Gate5 eval] episodes_per_env=4 T_eval=104
[Gate5 eval-debug] locked_eps_occ=0.20 pre(step25): dbar_end=0.529956 occupied_end_mean=0.370000 max_tilde_end_mean=0.776325 CSR@locked=0.010000
[Gate5 eval-debug] locked_eps_occ=0.20 post(step26): dbar_end=0.528739 occupied_end_mean=0.360000 max_tilde_end_mean=0.771234 CSR@locked=0.000000
[Gate5 eval-debug] CSR_pre@0.10=0.0000 CSR_pre@0.15=0.0000 CSR_pre@0.20=0.0100 CSR_pre@0.25=0.0100 CSR_pre@0.30=0.0200
[Gate5 eval-debug] CSR_post@0.10=0.0000 CSR_post@0.15=0.0000 CSR_post@0.20=0.0000 CSR_post@0.25=0.0100 CSR_post@0.30=0.0300
