Importing submoduled environments...
Submoduled environments not found. Skipping import.
[upd 0] u=1 upd_ctr=1 opt_step=16 E=0.127 g=0.089 VarTD=0.155748 ret_end=-26.495 dbar_end=0.769 occ_end=0.110 CSR_train=0.000 done_count=100
[upd 10] u=0 upd_ctr=1 opt_step=16 E=0.403 g=0.096 VarTD=0.160584 ret_end=-27.044 dbar_end=0.748 occ_end=0.128 CSR_train=0.000 done_count=125
[upd 20] u=0 upd_ctr=1 opt_step=16 E=0.673 g=0.078 VarTD=0.217249 ret_end=-28.983 dbar_end=0.814 occ_end=0.136 CSR_train=0.000 done_count=125
[upd 30] u=1 upd_ctr=2 opt_step=32 E=0.041 g=0.087 VarTD=0.177154 ret_end=-27.554 dbar_end=0.779 occ_end=0.144 CSR_train=0.000 done_count=125
[upd 40] u=0 upd_ctr=2 opt_step=32 E=0.319 g=0.092 VarTD=0.176428 ret_end=-26.970 dbar_end=0.759 occ_end=0.160 CSR_train=0.000 done_count=125
[upd 50] u=0 upd_ctr=2 opt_step=32 E=0.602 g=0.091 VarTD=0.149129 ret_end=-27.644 dbar_end=0.762 occ_end=0.168 CSR_train=0.000 done_count=125
[upd 60] u=0 upd_ctr=2 opt_step=32 E=0.878 g=0.094 VarTD=0.155056 ret_end=-27.256 dbar_end=0.755 occ_end=0.200 CSR_train=0.000 done_count=125
[upd 70] u=0 upd_ctr=3 opt_step=48 E=0.266 g=0.098 VarTD=0.157135 ret_end=-26.305 dbar_end=0.739 occ_end=0.176 CSR_train=0.000 done_count=125
[upd 80] u=0 upd_ctr=3 opt_step=48 E=0.557 g=0.094 VarTD=0.139295 ret_end=-27.194 dbar_end=0.755 occ_end=0.120 CSR_train=0.000 done_count=125
[upd 90] u=0 upd_ctr=3 opt_step=48 E=0.846 g=0.090 VarTD=0.140814 ret_end=-27.372 dbar_end=0.768 occ_end=0.160 CSR_train=0.000 done_count=125
[upd 100] u=0 upd_ctr=4 opt_step=64 E=0.241 g=0.093 VarTD=0.163364 ret_end=-27.373 dbar_end=0.756 occ_end=0.200 CSR_train=0.000 done_count=125
[upd 110] u=0 upd_ctr=4 opt_step=64 E=0.545 g=0.104 VarTD=0.144665 ret_end=-27.408 dbar_end=0.720 occ_end=0.208 CSR_train=0.000 done_count=125
[upd 120] u=0 upd_ctr=4 opt_step=64 E=0.845 g=0.119 VarTD=0.138245 ret_end=-25.949 dbar_end=0.678 occ_end=0.224 CSR_train=0.000 done_count=125
[Gate5 check] update_counter violations: t0=0 diffs=0
[Gate5 check] opt_step violations: t0=0 diffs=0 (expected_inc=16)
[Gate5 check] NaN masking: nan_on_skip=True finite_on_update=True
[Gate5 summary] mean_update_fraction=0.0400 final_executed_updates_mean=5.00
[Gate5 eval] done_count mean=100.0 CSR mean=0.0000 len_end_mean=26.00
[Gate5 eval] episodes_per_env=4 T_eval=104
[Gate5 eval-debug] locked_eps_occ=0.20 pre(step25): dbar_end=0.565652 occupied_end_mean=0.310000 max_tilde_end_mean=0.818838 CSR@locked=0.000000
[Gate5 eval-debug] locked_eps_occ=0.20 post(step26): dbar_end=0.563244 occupied_end_mean=0.270000 max_tilde_end_mean=0.820054 CSR@locked=0.000000
[Gate5 eval-debug] CSR_pre@0.10=0.0000 CSR_pre@0.15=0.0000 CSR_pre@0.20=0.0000 CSR_pre@0.25=0.0100 CSR_pre@0.30=0.0100
[Gate5 eval-debug] CSR_post@0.10=0.0000 CSR_post@0.15=0.0000 CSR_post@0.20=0.0000 CSR_post@0.25=0.0000 CSR_post@0.30=0.0100
