Importing submoduled environments...
Submoduled environments not found. Skipping import.
[upd 0] u=1 upd_ctr=1 opt_step=16 E=0.128 g=0.097 VarTD=0.135831 ret_end=-26.760 dbar_end=0.743 occ_end=0.210 CSR_train=0.000 done_count=100
[upd 10] u=0 upd_ctr=1 opt_step=16 E=0.886 g=0.103 VarTD=0.167736 ret_end=-26.060 dbar_end=0.724 occ_end=0.152 CSR_train=0.000 done_count=125
[upd 20] u=0 upd_ctr=2 opt_step=32 E=0.686 g=0.086 VarTD=0.167470 ret_end=-27.413 dbar_end=0.782 occ_end=0.136 CSR_train=0.000 done_count=125
[upd 30] u=0 upd_ctr=3 opt_step=48 E=0.499 g=0.098 VarTD=0.198397 ret_end=-26.582 dbar_end=0.739 occ_end=0.160 CSR_train=0.000 done_count=125
[upd 40] u=0 upd_ctr=4 opt_step=64 E=0.376 g=0.115 VarTD=0.133053 ret_end=-25.815 dbar_end=0.690 occ_end=0.184 CSR_train=0.000 done_count=125
[upd 50] u=0 upd_ctr=5 opt_step=80 E=0.296 g=0.101 VarTD=0.150794 ret_end=-26.751 dbar_end=0.732 occ_end=0.176 CSR_train=0.000 done_count=125
[upd 60] u=0 upd_ctr=6 opt_step=96 E=0.231 g=0.113 VarTD=0.136015 ret_end=-27.037 dbar_end=0.694 occ_end=0.176 CSR_train=0.000 done_count=125
[upd 70] u=0 upd_ctr=7 opt_step=112 E=0.233 g=0.116 VarTD=0.130689 ret_end=-26.149 dbar_end=0.685 occ_end=0.120 CSR_train=0.000 done_count=125
[upd 80] u=0 upd_ctr=8 opt_step=128 E=0.237 g=0.123 VarTD=0.129982 ret_end=-25.676 dbar_end=0.666 occ_end=0.264 CSR_train=0.000 done_count=125
[upd 90] u=0 upd_ctr=9 opt_step=144 E=0.246 g=0.118 VarTD=0.136484 ret_end=-26.430 dbar_end=0.681 occ_end=0.232 CSR_train=0.000 done_count=125
[upd 100] u=0 upd_ctr=10 opt_step=160 E=0.244 g=0.121 VarTD=0.163714 ret_end=-26.286 dbar_end=0.673 occ_end=0.192 CSR_train=0.000 done_count=125
[upd 110] u=0 upd_ctr=11 opt_step=176 E=0.306 g=0.134 VarTD=0.175427 ret_end=-24.530 dbar_end=0.640 occ_end=0.304 CSR_train=0.000 done_count=125
[upd 120] u=0 upd_ctr=12 opt_step=192 E=0.356 g=0.144 VarTD=0.181584 ret_end=-24.602 dbar_end=0.618 occ_end=0.288 CSR_train=0.000 done_count=125
[upd 130] u=0 upd_ctr=13 opt_step=208 E=0.463 g=0.130 VarTD=0.189508 ret_end=-25.530 dbar_end=0.650 occ_end=0.210 CSR_train=0.000 done_count=100
[upd 140] u=0 upd_ctr=14 opt_step=224 E=0.598 g=0.127 VarTD=0.271234 ret_end=-26.129 dbar_end=0.658 occ_end=0.240 CSR_train=0.000 done_count=125
[upd 150] u=0 upd_ctr=15 opt_step=240 E=0.702 g=0.142 VarTD=0.260555 ret_end=-25.118 dbar_end=0.622 occ_end=0.160 CSR_train=0.000 done_count=125
[upd 160] u=0 upd_ctr=16 opt_step=256 E=0.845 g=0.140 VarTD=0.304062 ret_end=-25.325 dbar_end=0.625 occ_end=0.224 CSR_train=0.000 done_count=125
[upd 170] u=0 upd_ctr=17 opt_step=272 E=1.000 g=0.148 VarTD=0.359573 ret_end=-24.476 dbar_end=0.608 occ_end=0.240 CSR_train=0.008 done_count=125
[upd 180] u=0 upd_ctr=19 opt_step=304 E=0.304 g=0.159 VarTD=0.481283 ret_end=-24.445 dbar_end=0.586 occ_end=0.184 CSR_train=0.000 done_count=125
[upd 190] u=0 upd_ctr=20 opt_step=320 E=0.554 g=0.165 VarTD=0.559178 ret_end=-23.888 dbar_end=0.574 occ_end=0.264 CSR_train=0.000 done_count=125
[upd 200] u=0 upd_ctr=21 opt_step=336 E=0.837 g=0.156 VarTD=0.689328 ret_end=-25.279 dbar_end=0.591 occ_end=0.288 CSR_train=0.008 done_count=125
[upd 210] u=1 upd_ctr=23 opt_step=368 E=0.174 g=0.155 VarTD=0.724865 ret_end=-25.124 dbar_end=0.593 occ_end=0.304 CSR_train=0.000 done_count=125
[upd 220] u=0 upd_ctr=24 opt_step=384 E=0.539 g=0.171 VarTD=0.994818 ret_end=-23.887 dbar_end=0.563 occ_end=0.352 CSR_train=0.000 done_count=125
[upd 230] u=0 upd_ctr=25 opt_step=400 E=0.857 g=0.158 VarTD=1.032796 ret_end=-23.459 dbar_end=0.588 occ_end=0.280 CSR_train=0.000 done_count=125
[upd 240] u=0 upd_ctr=27 opt_step=432 E=0.311 g=0.169 VarTD=1.269963 ret_end=-23.584 dbar_end=0.566 occ_end=0.344 CSR_train=0.000 done_count=125
[upd 250] u=0 upd_ctr=28 opt_step=448 E=0.712 g=0.173 VarTD=1.473394 ret_end=-23.730 dbar_end=0.558 occ_end=0.304 CSR_train=0.000 done_count=125
[upd 260] u=1 upd_ctr=30 opt_step=480 E=0.204 g=0.192 VarTD=1.346899 ret_end=-22.819 dbar_end=0.525 occ_end=0.340 CSR_train=0.000 done_count=100
[upd 270] u=0 upd_ctr=31 opt_step=496 E=0.644 g=0.187 VarTD=1.889834 ret_end=-22.550 dbar_end=0.534 occ_end=0.328 CSR_train=0.008 done_count=125
[upd 280] u=0 upd_ctr=32 opt_step=512 E=1.000 g=0.173 VarTD=2.087379 ret_end=-23.767 dbar_end=0.558 occ_end=0.328 CSR_train=0.000 done_count=125
[upd 290] u=0 upd_ctr=34 opt_step=544 E=0.476 g=0.170 VarTD=2.375675 ret_end=-23.370 dbar_end=0.564 occ_end=0.376 CSR_train=0.000 done_count=125
[upd 300] u=0 upd_ctr=35 opt_step=560 E=0.865 g=0.160 VarTD=2.502231 ret_end=-23.898 dbar_end=0.584 occ_end=0.160 CSR_train=0.000 done_count=125
[upd 310] u=0 upd_ctr=37 opt_step=592 E=0.334 g=0.184 VarTD=2.893522 ret_end=-23.489 dbar_end=0.540 occ_end=0.328 CSR_train=0.000 done_count=125
[Gate5 check] update_counter violations: t0=0 diffs=0
[Gate5 check] opt_step violations: t0=0 diffs=0 (expected_inc=16)
[Gate5 check] NaN masking: nan_on_skip=True finite_on_update=True
[Gate5 summary] mean_update_fraction=0.1186 final_executed_updates_mean=37.00
[Gate5 eval] done_count mean=100.0 CSR mean=0.0200 len_end_mean=26.00
[Gate5 eval] episodes_per_env=4 T_eval=104
[Gate5 eval-debug] locked_eps_occ=0.20 pre(step25): dbar_end=0.449218 occupied_end_mean=0.510000 max_tilde_end_mean=0.662370 CSR@locked=0.020000
[Gate5 eval-debug] locked_eps_occ=0.20 post(step26): dbar_end=0.451640 occupied_end_mean=0.480000 max_tilde_end_mean=0.661257 CSR@locked=0.020000
[Gate5 eval-debug] CSR_pre@0.10=0.0000 CSR_pre@0.15=0.0100 CSR_pre@0.20=0.0200 CSR_pre@0.25=0.0300 CSR_pre@0.30=0.0500
[Gate5 eval-debug] CSR_post@0.10=0.0000 CSR_post@0.15=0.0000 CSR_post@0.20=0.0200 CSR_post@0.25=0.0400 CSR_post@0.30=0.0400
