Importing submoduled environments...
Submoduled environments not found. Skipping import.
[upd 0] u=1 upd_ctr=1 opt_step=16 E=0.059 g=0.085 VarTD=0.206615 ret_end=-28.597 dbar_end=0.786 occ_end=0.160 CSR_train=0.000 done_count=100
[upd 10] u=0 upd_ctr=1 opt_step=16 E=0.735 g=0.096 VarTD=0.212328 ret_end=-26.954 dbar_end=0.748 occ_end=0.176 CSR_train=0.000 done_count=125
[upd 20] u=0 upd_ctr=2 opt_step=32 E=0.352 g=0.100 VarTD=0.172267 ret_end=-26.534 dbar_end=0.734 occ_end=0.176 CSR_train=0.000 done_count=125
[upd 30] u=0 upd_ctr=2 opt_step=32 E=1.000 g=0.097 VarTD=0.193886 ret_end=-27.237 dbar_end=0.742 occ_end=0.160 CSR_train=0.000 done_count=125
[upd 40] u=0 upd_ctr=3 opt_step=48 E=0.711 g=0.096 VarTD=0.185449 ret_end=-27.791 dbar_end=0.746 occ_end=0.160 CSR_train=0.000 done_count=125
[upd 50] u=0 upd_ctr=4 opt_step=64 E=0.340 g=0.089 VarTD=0.204018 ret_end=-27.923 dbar_end=0.771 occ_end=0.152 CSR_train=0.000 done_count=125
[upd 60] u=1 upd_ctr=5 opt_step=80 E=0.067 g=0.095 VarTD=0.194792 ret_end=-27.374 dbar_end=0.749 occ_end=0.216 CSR_train=0.008 done_count=125
[upd 70] u=0 upd_ctr=5 opt_step=80 E=0.836 g=0.112 VarTD=0.176619 ret_end=-26.740 dbar_end=0.698 occ_end=0.192 CSR_train=0.000 done_count=125
[upd 80] u=0 upd_ctr=6 opt_step=96 E=0.553 g=0.117 VarTD=0.177966 ret_end=-26.506 dbar_end=0.684 occ_end=0.272 CSR_train=0.000 done_count=125
[upd 90] u=0 upd_ctr=7 opt_step=112 E=0.332 g=0.123 VarTD=0.175026 ret_end=-25.948 dbar_end=0.669 occ_end=0.192 CSR_train=0.000 done_count=125
[upd 100] u=0 upd_ctr=8 opt_step=128 E=0.175 g=0.131 VarTD=0.181773 ret_end=-25.162 dbar_end=0.648 occ_end=0.248 CSR_train=0.000 done_count=125
[upd 110] u=1 upd_ctr=9 opt_step=144 E=0.082 g=0.117 VarTD=0.173039 ret_end=-26.942 dbar_end=0.683 occ_end=0.232 CSR_train=0.000 done_count=125
[upd 120] u=0 upd_ctr=9 opt_step=144 E=0.993 g=0.134 VarTD=0.149631 ret_end=-24.824 dbar_end=0.639 occ_end=0.256 CSR_train=0.000 done_count=125
[upd 130] u=0 upd_ctr=10 opt_step=160 E=0.835 g=0.135 VarTD=0.165314 ret_end=-24.682 dbar_end=0.637 occ_end=0.150 CSR_train=0.000 done_count=100
[upd 140] u=0 upd_ctr=11 opt_step=176 E=0.776 g=0.137 VarTD=0.189311 ret_end=-25.549 dbar_end=0.632 occ_end=0.232 CSR_train=0.000 done_count=125
[upd 150] u=0 upd_ctr=12 opt_step=192 E=0.684 g=0.137 VarTD=0.186937 ret_end=-25.281 dbar_end=0.633 occ_end=0.200 CSR_train=0.000 done_count=125
[upd 160] u=0 upd_ctr=13 opt_step=208 E=0.593 g=0.152 VarTD=0.243157 ret_end=-25.061 dbar_end=0.600 occ_end=0.240 CSR_train=0.000 done_count=125
[upd 170] u=0 upd_ctr=14 opt_step=224 E=0.521 g=0.149 VarTD=0.258749 ret_end=-24.360 dbar_end=0.606 occ_end=0.280 CSR_train=0.000 done_count=125
[upd 180] u=0 upd_ctr=15 opt_step=240 E=0.537 g=0.138 VarTD=0.289143 ret_end=-24.593 dbar_end=0.630 occ_end=0.224 CSR_train=0.000 done_count=125
[upd 190] u=0 upd_ctr=16 opt_step=256 E=0.526 g=0.143 VarTD=0.315836 ret_end=-24.745 dbar_end=0.620 occ_end=0.160 CSR_train=0.000 done_count=125
[upd 200] u=0 upd_ctr=17 opt_step=272 E=0.526 g=0.150 VarTD=0.380531 ret_end=-24.527 dbar_end=0.605 occ_end=0.224 CSR_train=0.000 done_count=125
[upd 210] u=0 upd_ctr=18 opt_step=288 E=0.534 g=0.155 VarTD=0.449399 ret_end=-24.591 dbar_end=0.593 occ_end=0.248 CSR_train=0.000 done_count=125
[upd 220] u=0 upd_ctr=19 opt_step=304 E=0.541 g=0.159 VarTD=0.531614 ret_end=-24.290 dbar_end=0.586 occ_end=0.280 CSR_train=0.000 done_count=125
[upd 230] u=0 upd_ctr=20 opt_step=320 E=0.561 g=0.159 VarTD=0.631728 ret_end=-24.922 dbar_end=0.586 occ_end=0.312 CSR_train=0.000 done_count=125
[upd 240] u=0 upd_ctr=21 opt_step=336 E=0.582 g=0.179 VarTD=0.688104 ret_end=-23.432 dbar_end=0.548 occ_end=0.336 CSR_train=0.000 done_count=125
[upd 250] u=0 upd_ctr=22 opt_step=352 E=0.700 g=0.177 VarTD=0.791741 ret_end=-23.524 dbar_end=0.552 occ_end=0.248 CSR_train=0.000 done_count=125
[upd 260] u=0 upd_ctr=23 opt_step=368 E=0.819 g=0.175 VarTD=0.712401 ret_end=-22.996 dbar_end=0.555 occ_end=0.310 CSR_train=0.000 done_count=100
[upd 270] u=0 upd_ctr=24 opt_step=384 E=0.995 g=0.189 VarTD=0.996368 ret_end=-23.324 dbar_end=0.530 occ_end=0.312 CSR_train=0.000 done_count=125
[upd 280] u=0 upd_ctr=25 opt_step=400 E=1.000 g=0.162 VarTD=1.093930 ret_end=-23.661 dbar_end=0.580 occ_end=0.336 CSR_train=0.000 done_count=125
[upd 290] u=1 upd_ctr=27 opt_step=432 E=0.137 g=0.195 VarTD=1.264858 ret_end=-23.456 dbar_end=0.520 occ_end=0.336 CSR_train=0.008 done_count=125
[upd 300] u=0 upd_ctr=28 opt_step=448 E=0.387 g=0.189 VarTD=1.537004 ret_end=-23.458 dbar_end=0.530 occ_end=0.360 CSR_train=0.000 done_count=125
[upd 310] u=0 upd_ctr=29 opt_step=464 E=0.611 g=0.164 VarTD=1.674914 ret_end=-24.399 dbar_end=0.576 occ_end=0.256 CSR_train=0.000 done_count=125
[Gate5 check] update_counter violations: t0=0 diffs=0
[Gate5 check] opt_step violations: t0=0 diffs=0 (expected_inc=16)
[Gate5 check] NaN masking: nan_on_skip=True finite_on_update=True
[Gate5 summary] mean_update_fraction=0.0929 final_executed_updates_mean=29.00
[Gate5 eval] done_count mean=100.0 CSR mean=0.0000 len_end_mean=26.00
[Gate5 eval] episodes_per_env=4 T_eval=104
[Gate5 eval-debug] locked_eps_occ=0.20 pre(step25): dbar_end=0.513027 occupied_end_mean=0.340000 max_tilde_end_mean=0.718434 CSR@locked=0.000000
[Gate5 eval-debug] locked_eps_occ=0.20 post(step26): dbar_end=0.507164 occupied_end_mean=0.310000 max_tilde_end_mean=0.719601 CSR@locked=0.000000
[Gate5 eval-debug] CSR_pre@0.10=0.0000 CSR_pre@0.15=0.0000 CSR_pre@0.20=0.0000 CSR_pre@0.25=0.0100 CSR_pre@0.30=0.0100
[Gate5 eval-debug] CSR_post@0.10=0.0000 CSR_post@0.15=0.0000 CSR_post@0.20=0.0000 CSR_post@0.25=0.0000 CSR_post@0.30=0.0100
