Importing submoduled environments...
Submoduled environments not found. Skipping import.
[upd 0] u=1 upd_ctr=1 opt_step=16 E=0.073 g=0.091 VarTD=0.177780 ret_end=-27.116 dbar_end=0.762 occ_end=0.220 CSR_train=0.000 done_count=100
[upd 10] u=0 upd_ctr=1 opt_step=16 E=0.801 g=0.084 VarTD=0.168711 ret_end=-27.749 dbar_end=0.791 occ_end=0.120 CSR_train=0.000 done_count=125
[upd 20] u=0 upd_ctr=2 opt_step=32 E=0.563 g=0.098 VarTD=0.150240 ret_end=-26.913 dbar_end=0.740 occ_end=0.160 CSR_train=0.000 done_count=125
[upd 30] u=0 upd_ctr=3 opt_step=48 E=0.324 g=0.094 VarTD=0.176077 ret_end=-27.438 dbar_end=0.752 occ_end=0.144 CSR_train=0.000 done_count=125
[upd 40] u=1 upd_ctr=4 opt_step=64 E=0.084 g=0.105 VarTD=0.153370 ret_end=-26.986 dbar_end=0.718 occ_end=0.208 CSR_train=0.000 done_count=125
[upd 50] u=0 upd_ctr=4 opt_step=64 E=0.938 g=0.112 VarTD=0.146928 ret_end=-25.572 dbar_end=0.697 occ_end=0.152 CSR_train=0.000 done_count=125
[upd 60] u=0 upd_ctr=5 opt_step=80 E=0.749 g=0.099 VarTD=0.154695 ret_end=-26.721 dbar_end=0.736 occ_end=0.104 CSR_train=0.000 done_count=125
[upd 70] u=0 upd_ctr=6 opt_step=96 E=0.620 g=0.105 VarTD=0.162559 ret_end=-26.629 dbar_end=0.718 occ_end=0.256 CSR_train=0.008 done_count=125
[upd 80] u=0 upd_ctr=7 opt_step=112 E=0.460 g=0.118 VarTD=0.146041 ret_end=-25.990 dbar_end=0.681 occ_end=0.192 CSR_train=0.000 done_count=125
[upd 90] u=0 upd_ctr=8 opt_step=128 E=0.398 g=0.121 VarTD=0.147563 ret_end=-25.814 dbar_end=0.672 occ_end=0.232 CSR_train=0.000 done_count=125
[upd 100] u=0 upd_ctr=9 opt_step=144 E=0.420 g=0.141 VarTD=0.146743 ret_end=-24.816 dbar_end=0.624 occ_end=0.232 CSR_train=0.000 done_count=125
[upd 110] u=0 upd_ctr=10 opt_step=160 E=0.424 g=0.125 VarTD=0.163759 ret_end=-25.521 dbar_end=0.662 occ_end=0.208 CSR_train=0.000 done_count=125
[upd 120] u=0 upd_ctr=11 opt_step=176 E=0.388 g=0.116 VarTD=0.191737 ret_end=-25.979 dbar_end=0.686 occ_end=0.200 CSR_train=0.000 done_count=125
[upd 130] u=0 upd_ctr=12 opt_step=192 E=0.419 g=0.131 VarTD=0.179057 ret_end=-24.397 dbar_end=0.646 occ_end=0.190 CSR_train=0.000 done_count=100
[upd 140] u=0 upd_ctr=13 opt_step=208 E=0.438 g=0.151 VarTD=0.281486 ret_end=-24.656 dbar_end=0.601 occ_end=0.352 CSR_train=0.000 done_count=125
[upd 150] u=0 upd_ctr=14 opt_step=224 E=0.469 g=0.147 VarTD=0.258693 ret_end=-24.052 dbar_end=0.611 occ_end=0.216 CSR_train=0.000 done_count=125
[upd 160] u=0 upd_ctr=15 opt_step=240 E=0.573 g=0.142 VarTD=0.321385 ret_end=-25.580 dbar_end=0.623 occ_end=0.296 CSR_train=0.000 done_count=125
[upd 170] u=0 upd_ctr=16 opt_step=256 E=0.687 g=0.140 VarTD=0.340016 ret_end=-24.926 dbar_end=0.626 occ_end=0.224 CSR_train=0.000 done_count=125
[upd 180] u=0 upd_ctr=17 opt_step=272 E=0.821 g=0.147 VarTD=0.401700 ret_end=-24.799 dbar_end=0.611 occ_end=0.216 CSR_train=0.000 done_count=125
[upd 190] u=0 upd_ctr=18 opt_step=288 E=0.934 g=0.130 VarTD=0.531328 ret_end=-26.918 dbar_end=0.649 occ_end=0.200 CSR_train=0.000 done_count=125
[upd 200] u=0 upd_ctr=19 opt_step=304 E=1.000 g=0.154 VarTD=0.556589 ret_end=-23.990 dbar_end=0.596 occ_end=0.184 CSR_train=0.000 done_count=125
[upd 210] u=1 upd_ctr=21 opt_step=336 E=0.119 g=0.149 VarTD=0.648123 ret_end=-24.436 dbar_end=0.607 occ_end=0.280 CSR_train=0.000 done_count=125
[upd 220] u=0 upd_ctr=22 opt_step=352 E=0.242 g=0.150 VarTD=0.816655 ret_end=-23.886 dbar_end=0.605 occ_end=0.232 CSR_train=0.000 done_count=125
[upd 230] u=0 upd_ctr=23 opt_step=368 E=0.377 g=0.157 VarTD=0.960017 ret_end=-24.653 dbar_end=0.591 occ_end=0.232 CSR_train=0.000 done_count=125
[upd 240] u=0 upd_ctr=24 opt_step=384 E=0.525 g=0.163 VarTD=1.068852 ret_end=-24.452 dbar_end=0.577 occ_end=0.288 CSR_train=0.000 done_count=125
[upd 250] u=0 upd_ctr=25 opt_step=400 E=0.764 g=0.163 VarTD=1.220449 ret_end=-24.992 dbar_end=0.577 occ_end=0.200 CSR_train=0.000 done_count=125
[upd 260] u=0 upd_ctr=26 opt_step=416 E=1.000 g=0.165 VarTD=1.071114 ret_end=-23.451 dbar_end=0.574 occ_end=0.280 CSR_train=0.000 done_count=100
[upd 270] u=1 upd_ctr=28 opt_step=448 E=0.124 g=0.155 VarTD=1.466758 ret_end=-24.372 dbar_end=0.594 occ_end=0.208 CSR_train=0.000 done_count=125
[upd 280] u=0 upd_ctr=29 opt_step=464 E=0.251 g=0.154 VarTD=1.815048 ret_end=-25.858 dbar_end=0.595 occ_end=0.280 CSR_train=0.000 done_count=125
[upd 290] u=0 upd_ctr=30 opt_step=480 E=0.509 g=0.171 VarTD=1.955387 ret_end=-23.276 dbar_end=0.563 occ_end=0.376 CSR_train=0.000 done_count=125
[upd 300] u=0 upd_ctr=31 opt_step=496 E=0.745 g=0.146 VarTD=2.064612 ret_end=-24.727 dbar_end=0.613 occ_end=0.176 CSR_train=0.000 done_count=125
[upd 310] u=0 upd_ctr=32 opt_step=512 E=0.899 g=0.157 VarTD=2.292541 ret_end=-25.161 dbar_end=0.589 occ_end=0.272 CSR_train=0.000 done_count=125
[Gate5 check] update_counter violations: t0=0 diffs=0
[Gate5 check] opt_step violations: t0=0 diffs=0 (expected_inc=16)
[Gate5 check] NaN masking: nan_on_skip=True finite_on_update=True
[Gate5 summary] mean_update_fraction=0.1026 final_executed_updates_mean=32.00
[Gate5 eval] done_count mean=100.0 CSR mean=0.0000 len_end_mean=26.00
[Gate5 eval] episodes_per_env=4 T_eval=104
[Gate5 eval-debug] locked_eps_occ=0.20 pre(step25): dbar_end=0.460840 occupied_end_mean=0.480000 max_tilde_end_mean=0.671669 CSR@locked=0.000000
[Gate5 eval-debug] locked_eps_occ=0.20 post(step26): dbar_end=0.461960 occupied_end_mean=0.430000 max_tilde_end_mean=0.673962 CSR@locked=0.000000
[Gate5 eval-debug] CSR_pre@0.10=0.0000 CSR_pre@0.15=0.0000 CSR_pre@0.20=0.0000 CSR_pre@0.25=0.0100 CSR_pre@0.30=0.0300
[Gate5 eval-debug] CSR_post@0.10=0.0000 CSR_post@0.15=0.0000 CSR_post@0.20=0.0000 CSR_post@0.25=0.0100 CSR_post@0.30=0.0300
