Importing submoduled environments...
Submoduled environments not found. Skipping import.
[upd 0] u=1 upd_ctr=1 opt_step=16 E=0.064 g=0.092 VarTD=0.127621 ret_end=-27.319 dbar_end=0.760 occ_end=0.140 CSR_train=0.000 done_count=100
[upd 10] u=0 upd_ctr=1 opt_step=16 E=0.727 g=0.102 VarTD=0.162085 ret_end=-27.682 dbar_end=0.727 occ_end=0.168 CSR_train=0.000 done_count=125
[upd 20] u=0 upd_ctr=2 opt_step=32 E=0.319 g=0.091 VarTD=0.126350 ret_end=-27.851 dbar_end=0.765 occ_end=0.184 CSR_train=0.000 done_count=125
[upd 30] u=0 upd_ctr=2 opt_step=32 E=1.000 g=0.096 VarTD=0.132675 ret_end=-26.853 dbar_end=0.747 occ_end=0.192 CSR_train=0.000 done_count=125
[upd 40] u=0 upd_ctr=3 opt_step=48 E=0.693 g=0.090 VarTD=0.136511 ret_end=-27.349 dbar_end=0.767 occ_end=0.096 CSR_train=0.000 done_count=125
[upd 50] u=0 upd_ctr=4 opt_step=64 E=0.383 g=0.114 VarTD=0.128256 ret_end=-25.943 dbar_end=0.693 occ_end=0.224 CSR_train=0.000 done_count=125
[upd 60] u=1 upd_ctr=5 opt_step=80 E=0.079 g=0.112 VarTD=0.120441 ret_end=-26.355 dbar_end=0.697 occ_end=0.192 CSR_train=0.000 done_count=125
[upd 70] u=0 upd_ctr=5 opt_step=80 E=0.893 g=0.121 VarTD=0.159359 ret_end=-26.283 dbar_end=0.672 occ_end=0.240 CSR_train=0.000 done_count=125
[upd 80] u=0 upd_ctr=6 opt_step=96 E=0.687 g=0.122 VarTD=0.143985 ret_end=-25.486 dbar_end=0.670 occ_end=0.216 CSR_train=0.000 done_count=125
[upd 90] u=0 upd_ctr=7 opt_step=112 E=0.508 g=0.124 VarTD=0.144994 ret_end=-26.838 dbar_end=0.665 occ_end=0.168 CSR_train=0.000 done_count=125
[upd 100] u=0 upd_ctr=8 opt_step=128 E=0.358 g=0.129 VarTD=0.126486 ret_end=-24.680 dbar_end=0.652 occ_end=0.168 CSR_train=0.000 done_count=125
[upd 110] u=0 upd_ctr=9 opt_step=144 E=0.172 g=0.116 VarTD=0.162257 ret_end=-26.742 dbar_end=0.686 occ_end=0.192 CSR_train=0.000 done_count=125
[upd 120] u=0 upd_ctr=9 opt_step=144 E=1.000 g=0.130 VarTD=0.139872 ret_end=-25.871 dbar_end=0.650 occ_end=0.176 CSR_train=0.000 done_count=125
[upd 130] u=0 upd_ctr=10 opt_step=160 E=0.914 g=0.143 VarTD=0.125770 ret_end=-24.324 dbar_end=0.620 occ_end=0.250 CSR_train=0.000 done_count=100
[upd 140] u=0 upd_ctr=11 opt_step=176 E=0.830 g=0.135 VarTD=0.175188 ret_end=-25.423 dbar_end=0.638 occ_end=0.248 CSR_train=0.000 done_count=125
[upd 150] u=0 upd_ctr=12 opt_step=192 E=0.748 g=0.131 VarTD=0.164854 ret_end=-25.219 dbar_end=0.648 occ_end=0.224 CSR_train=0.000 done_count=125
[upd 160] u=0 upd_ctr=13 opt_step=208 E=0.695 g=0.141 VarTD=0.184774 ret_end=-25.240 dbar_end=0.623 occ_end=0.240 CSR_train=0.000 done_count=125
[upd 170] u=0 upd_ctr=14 opt_step=224 E=0.610 g=0.153 VarTD=0.255239 ret_end=-24.549 dbar_end=0.597 occ_end=0.232 CSR_train=0.000 done_count=125
[upd 180] u=0 upd_ctr=15 opt_step=240 E=0.650 g=0.154 VarTD=0.289936 ret_end=-24.147 dbar_end=0.595 occ_end=0.216 CSR_train=0.000 done_count=125
[upd 190] u=0 upd_ctr=16 opt_step=256 E=0.621 g=0.150 VarTD=0.339420 ret_end=-24.701 dbar_end=0.604 occ_end=0.216 CSR_train=0.000 done_count=125
[upd 200] u=0 upd_ctr=17 opt_step=272 E=0.661 g=0.156 VarTD=0.388553 ret_end=-24.910 dbar_end=0.591 occ_end=0.328 CSR_train=0.000 done_count=125
[upd 210] u=0 upd_ctr=18 opt_step=288 E=0.643 g=0.129 VarTD=0.433170 ret_end=-26.019 dbar_end=0.652 occ_end=0.216 CSR_train=0.000 done_count=125
[upd 220] u=0 upd_ctr=19 opt_step=304 E=0.624 g=0.155 VarTD=0.528223 ret_end=-24.636 dbar_end=0.594 occ_end=0.240 CSR_train=0.008 done_count=125
[upd 230] u=0 upd_ctr=20 opt_step=320 E=0.606 g=0.145 VarTD=0.637390 ret_end=-25.247 dbar_end=0.615 occ_end=0.288 CSR_train=0.000 done_count=125
[upd 240] u=0 upd_ctr=21 opt_step=336 E=0.647 g=0.148 VarTD=0.737075 ret_end=-25.493 dbar_end=0.609 occ_end=0.248 CSR_train=0.000 done_count=125
[upd 250] u=0 upd_ctr=22 opt_step=352 E=0.667 g=0.165 VarTD=0.826702 ret_end=-24.542 dbar_end=0.573 occ_end=0.384 CSR_train=0.000 done_count=125
[upd 260] u=0 upd_ctr=23 opt_step=368 E=0.686 g=0.143 VarTD=0.737300 ret_end=-25.494 dbar_end=0.619 occ_end=0.240 CSR_train=0.000 done_count=100
[upd 270] u=0 upd_ctr=24 opt_step=384 E=0.773 g=0.159 VarTD=1.015112 ret_end=-24.424 dbar_end=0.585 occ_end=0.272 CSR_train=0.000 done_count=125
[upd 280] u=0 upd_ctr=25 opt_step=400 E=0.821 g=0.156 VarTD=1.207936 ret_end=-24.441 dbar_end=0.592 occ_end=0.256 CSR_train=0.000 done_count=125
[upd 290] u=0 upd_ctr=26 opt_step=416 E=0.948 g=0.169 VarTD=1.285329 ret_end=-23.618 dbar_end=0.566 occ_end=0.288 CSR_train=0.000 done_count=125
[upd 300] u=0 upd_ctr=27 opt_step=432 E=1.000 g=0.160 VarTD=1.434025 ret_end=-24.190 dbar_end=0.583 occ_end=0.192 CSR_train=0.000 done_count=125
[upd 310] u=1 upd_ctr=29 opt_step=464 E=0.110 g=0.157 VarTD=1.551405 ret_end=-23.704 dbar_end=0.590 occ_end=0.344 CSR_train=0.008 done_count=125
[Gate5 check] update_counter violations: t0=0 diffs=0
[Gate5 check] opt_step violations: t0=0 diffs=0 (expected_inc=16)
[Gate5 check] NaN masking: nan_on_skip=True finite_on_update=True
[Gate5 summary] mean_update_fraction=0.0929 final_executed_updates_mean=29.00
[Gate5 eval] done_count mean=100.0 CSR mean=0.0000 len_end_mean=26.00
[Gate5 eval] episodes_per_env=4 T_eval=104
[Gate5 eval-debug] locked_eps_occ=0.20 pre(step25): dbar_end=0.471261 occupied_end_mean=0.400000 max_tilde_end_mean=0.665300 CSR@locked=0.010000
[Gate5 eval-debug] locked_eps_occ=0.20 post(step26): dbar_end=0.468057 occupied_end_mean=0.440000 max_tilde_end_mean=0.663407 CSR@locked=0.000000
[Gate5 eval-debug] CSR_pre@0.10=0.0000 CSR_pre@0.15=0.0000 CSR_pre@0.20=0.0100 CSR_pre@0.25=0.0200 CSR_pre@0.30=0.0500
[Gate5 eval-debug] CSR_post@0.10=0.0000 CSR_post@0.15=0.0000 CSR_post@0.20=0.0000 CSR_post@0.25=0.0200 CSR_post@0.30=0.0500
