Importing submoduled environments...
Submoduled environments not found. Skipping import.
[upd 0] u=1 upd_ctr=1 opt_step=16 E=0.060 g=0.096 VarTD=0.158273 ret_end=-27.822 dbar_end=0.748 occ_end=0.150 CSR_train=0.000 done_count=100
[upd 10] u=0 upd_ctr=1 opt_step=16 E=0.155 g=0.097 VarTD=0.181267 ret_end=-27.128 dbar_end=0.741 occ_end=0.144 CSR_train=0.000 done_count=125
[upd 20] u=0 upd_ctr=1 opt_step=16 E=0.251 g=0.093 VarTD=0.171953 ret_end=-27.458 dbar_end=0.756 occ_end=0.160 CSR_train=0.008 done_count=125
[upd 30] u=0 upd_ctr=1 opt_step=16 E=0.348 g=0.084 VarTD=0.182575 ret_end=-28.598 dbar_end=0.790 occ_end=0.064 CSR_train=0.000 done_count=125
[upd 40] u=0 upd_ctr=1 opt_step=16 E=0.445 g=0.094 VarTD=0.153062 ret_end=-27.671 dbar_end=0.753 occ_end=0.144 CSR_train=0.000 done_count=125
[upd 50] u=0 upd_ctr=1 opt_step=16 E=0.540 g=0.109 VarTD=0.142482 ret_end=-26.109 dbar_end=0.707 occ_end=0.160 CSR_train=0.000 done_count=125
[upd 60] u=0 upd_ctr=1 opt_step=16 E=0.635 g=0.091 VarTD=0.166838 ret_end=-27.430 dbar_end=0.764 occ_end=0.168 CSR_train=0.000 done_count=125
[upd 70] u=0 upd_ctr=1 opt_step=16 E=0.729 g=0.096 VarTD=0.199463 ret_end=-28.146 dbar_end=0.748 occ_end=0.160 CSR_train=0.000 done_count=125
[upd 80] u=0 upd_ctr=1 opt_step=16 E=0.827 g=0.104 VarTD=0.188605 ret_end=-26.408 dbar_end=0.720 occ_end=0.200 CSR_train=0.000 done_count=125
[upd 90] u=0 upd_ctr=1 opt_step=16 E=0.924 g=0.098 VarTD=0.158739 ret_end=-26.588 dbar_end=0.739 occ_end=0.160 CSR_train=0.000 done_count=125
[upd 100] u=0 upd_ctr=2 opt_step=32 E=0.072 g=0.104 VarTD=0.167525 ret_end=-27.066 dbar_end=0.722 occ_end=0.160 CSR_train=0.000 done_count=125
[upd 110] u=0 upd_ctr=2 opt_step=32 E=0.171 g=0.093 VarTD=0.182290 ret_end=-27.325 dbar_end=0.757 occ_end=0.176 CSR_train=0.000 done_count=125
[upd 120] u=0 upd_ctr=2 opt_step=32 E=0.265 g=0.089 VarTD=0.190525 ret_end=-28.154 dbar_end=0.772 occ_end=0.136 CSR_train=0.000 done_count=125
[upd 130] u=0 upd_ctr=2 opt_step=32 E=0.363 g=0.110 VarTD=0.144500 ret_end=-25.618 dbar_end=0.704 occ_end=0.300 CSR_train=0.000 done_count=100
[upd 140] u=0 upd_ctr=2 opt_step=32 E=0.464 g=0.095 VarTD=0.167598 ret_end=-27.654 dbar_end=0.750 occ_end=0.112 CSR_train=0.000 done_count=125
[upd 150] u=0 upd_ctr=2 opt_step=32 E=0.565 g=0.106 VarTD=0.176280 ret_end=-25.790 dbar_end=0.716 occ_end=0.168 CSR_train=0.000 done_count=125
[upd 160] u=0 upd_ctr=2 opt_step=32 E=0.664 g=0.101 VarTD=0.155196 ret_end=-26.995 dbar_end=0.732 occ_end=0.104 CSR_train=0.000 done_count=125
[upd 170] u=0 upd_ctr=2 opt_step=32 E=0.762 g=0.105 VarTD=0.145435 ret_end=-26.201 dbar_end=0.716 occ_end=0.216 CSR_train=0.000 done_count=125
[upd 180] u=0 upd_ctr=2 opt_step=32 E=0.863 g=0.087 VarTD=0.165777 ret_end=-28.346 dbar_end=0.778 occ_end=0.232 CSR_train=0.000 done_count=125
[upd 190] u=1 upd_ctr=3 opt_step=48 E=0.014 g=0.105 VarTD=0.139974 ret_end=-26.356 dbar_end=0.717 occ_end=0.136 CSR_train=0.000 done_count=125
[upd 200] u=0 upd_ctr=3 opt_step=48 E=0.115 g=0.109 VarTD=0.148007 ret_end=-26.156 dbar_end=0.707 occ_end=0.160 CSR_train=0.000 done_count=125
[upd 210] u=0 upd_ctr=3 opt_step=48 E=0.218 g=0.100 VarTD=0.169209 ret_end=-27.568 dbar_end=0.735 occ_end=0.152 CSR_train=0.000 done_count=125
[upd 220] u=0 upd_ctr=3 opt_step=48 E=0.318 g=0.099 VarTD=0.162258 ret_end=-26.982 dbar_end=0.736 occ_end=0.136 CSR_train=0.000 done_count=125
[upd 230] u=0 upd_ctr=3 opt_step=48 E=0.424 g=0.097 VarTD=0.150452 ret_end=-27.044 dbar_end=0.744 occ_end=0.096 CSR_train=0.000 done_count=125
[upd 240] u=0 upd_ctr=3 opt_step=48 E=0.528 g=0.116 VarTD=0.145173 ret_end=-26.806 dbar_end=0.687 occ_end=0.208 CSR_train=0.000 done_count=125
[upd 250] u=0 upd_ctr=3 opt_step=48 E=0.633 g=0.095 VarTD=0.150892 ret_end=-26.910 dbar_end=0.751 occ_end=0.136 CSR_train=0.000 done_count=125
[upd 260] u=0 upd_ctr=3 opt_step=48 E=0.737 g=0.118 VarTD=0.133169 ret_end=-26.368 dbar_end=0.682 occ_end=0.170 CSR_train=0.000 done_count=100
[upd 270] u=0 upd_ctr=3 opt_step=48 E=0.841 g=0.113 VarTD=0.153284 ret_end=-25.924 dbar_end=0.694 occ_end=0.176 CSR_train=0.000 done_count=125
[upd 280] u=0 upd_ctr=3 opt_step=48 E=0.945 g=0.095 VarTD=0.137436 ret_end=-27.053 dbar_end=0.750 occ_end=0.160 CSR_train=0.000 done_count=125
[upd 290] u=0 upd_ctr=4 opt_step=64 E=0.102 g=0.108 VarTD=0.165856 ret_end=-26.198 dbar_end=0.708 occ_end=0.144 CSR_train=0.000 done_count=125
[upd 300] u=0 upd_ctr=4 opt_step=64 E=0.207 g=0.099 VarTD=0.205083 ret_end=-27.462 dbar_end=0.735 occ_end=0.192 CSR_train=0.000 done_count=125
[upd 310] u=0 upd_ctr=4 opt_step=64 E=0.311 g=0.100 VarTD=0.159508 ret_end=-26.970 dbar_end=0.732 occ_end=0.120 CSR_train=0.000 done_count=125
[Gate5 check] update_counter violations: t0=0 diffs=0
[Gate5 check] opt_step violations: t0=0 diffs=0 (expected_inc=16)
[Gate5 check] NaN masking: nan_on_skip=True finite_on_update=True
[Gate5 summary] mean_update_fraction=0.0128 final_executed_updates_mean=4.00
[Gate5 eval] done_count mean=100.0 CSR mean=0.0000 len_end_mean=26.00
[Gate5 eval] episodes_per_env=4 T_eval=104
[Gate5 eval-debug] locked_eps_occ=0.20 pre(step25): dbar_end=0.492262 occupied_end_mean=0.480000 max_tilde_end_mean=0.719352 CSR@locked=0.010000
[Gate5 eval-debug] locked_eps_occ=0.20 post(step26): dbar_end=0.503747 occupied_end_mean=0.330000 max_tilde_end_mean=0.715734 CSR@locked=0.000000
[Gate5 eval-debug] CSR_pre@0.10=0.0000 CSR_pre@0.15=0.0100 CSR_pre@0.20=0.0100 CSR_pre@0.25=0.0200 CSR_pre@0.30=0.0400
[Gate5 eval-debug] CSR_post@0.10=0.0000 CSR_post@0.15=0.0000 CSR_post@0.20=0.0000 CSR_post@0.25=0.0000 CSR_post@0.30=0.0200
