Importing submoduled environments...
Submoduled environments not found. Skipping import.
[upd 0] u=1 upd_ctr=1 opt_step=16 E=0.195 g=0.105 VarTD=0.153100 ret_end=-26.906 dbar_end=0.718 occ_end=0.160 CSR_train=0.000 done_count=100
[upd 10] u=1 upd_ctr=2 opt_step=32 E=0.132 g=0.079 VarTD=0.158451 ret_end=-28.492 dbar_end=0.807 occ_end=0.088 CSR_train=0.000 done_count=125
[upd 20] u=1 upd_ctr=3 opt_step=48 E=0.130 g=0.105 VarTD=0.132643 ret_end=-26.428 dbar_end=0.717 occ_end=0.200 CSR_train=0.000 done_count=125
[upd 30] u=1 upd_ctr=4 opt_step=64 E=0.139 g=0.101 VarTD=0.151389 ret_end=-27.143 dbar_end=0.730 occ_end=0.168 CSR_train=0.000 done_count=125
[upd 40] u=0 upd_ctr=5 opt_step=80 E=0.191 g=0.102 VarTD=0.144310 ret_end=-27.757 dbar_end=0.726 occ_end=0.168 CSR_train=0.000 done_count=125
[upd 50] u=0 upd_ctr=6 opt_step=96 E=0.289 g=0.108 VarTD=0.142269 ret_end=-27.199 dbar_end=0.709 occ_end=0.136 CSR_train=0.000 done_count=125
[upd 60] u=0 upd_ctr=7 opt_step=112 E=0.435 g=0.122 VarTD=0.137073 ret_end=-25.979 dbar_end=0.670 occ_end=0.224 CSR_train=0.000 done_count=125
[upd 70] u=0 upd_ctr=8 opt_step=128 E=0.662 g=0.145 VarTD=0.142910 ret_end=-24.814 dbar_end=0.616 occ_end=0.280 CSR_train=0.000 done_count=125
[upd 80] u=0 upd_ctr=9 opt_step=144 E=0.917 g=0.149 VarTD=0.125649 ret_end=-23.842 dbar_end=0.607 occ_end=0.288 CSR_train=0.000 done_count=125
[upd 90] u=0 upd_ctr=11 opt_step=176 E=0.279 g=0.136 VarTD=0.166584 ret_end=-24.520 dbar_end=0.635 occ_end=0.256 CSR_train=0.000 done_count=125
[upd 100] u=0 upd_ctr=12 opt_step=192 E=0.570 g=0.138 VarTD=0.184251 ret_end=-25.506 dbar_end=0.631 occ_end=0.216 CSR_train=0.000 done_count=125
[upd 110] u=0 upd_ctr=13 opt_step=208 E=0.956 g=0.151 VarTD=0.211923 ret_end=-24.408 dbar_end=0.602 occ_end=0.248 CSR_train=0.000 done_count=125
[upd 120] u=0 upd_ctr=15 opt_step=240 E=0.444 g=0.143 VarTD=0.289684 ret_end=-25.590 dbar_end=0.619 occ_end=0.224 CSR_train=0.000 done_count=125
[upd 130] u=0 upd_ctr=16 opt_step=256 E=0.867 g=0.154 VarTD=0.293867 ret_end=-23.938 dbar_end=0.596 occ_end=0.220 CSR_train=0.000 done_count=100
[upd 140] u=0 upd_ctr=18 opt_step=288 E=0.404 g=0.164 VarTD=0.465656 ret_end=-24.221 dbar_end=0.576 occ_end=0.248 CSR_train=0.000 done_count=125
[upd 150] u=0 upd_ctr=19 opt_step=304 E=0.874 g=0.151 VarTD=0.550334 ret_end=-24.361 dbar_end=0.603 occ_end=0.248 CSR_train=0.000 done_count=125
[upd 160] u=0 upd_ctr=21 opt_step=336 E=0.441 g=0.155 VarTD=0.693195 ret_end=-24.510 dbar_end=0.593 occ_end=0.224 CSR_train=0.000 done_count=125
[upd 170] u=0 upd_ctr=22 opt_step=352 E=0.932 g=0.156 VarTD=0.774704 ret_end=-24.398 dbar_end=0.591 occ_end=0.224 CSR_train=0.000 done_count=125
[upd 180] u=0 upd_ctr=24 opt_step=384 E=0.476 g=0.157 VarTD=1.011581 ret_end=-24.385 dbar_end=0.590 occ_end=0.264 CSR_train=0.008 done_count=125
[upd 190] u=0 upd_ctr=25 opt_step=400 E=0.972 g=0.155 VarTD=1.166375 ret_end=-24.497 dbar_end=0.595 occ_end=0.184 CSR_train=0.000 done_count=125
[upd 200] u=0 upd_ctr=27 opt_step=432 E=0.569 g=0.158 VarTD=1.389078 ret_end=-24.612 dbar_end=0.587 occ_end=0.304 CSR_train=0.000 done_count=125
[upd 210] u=1 upd_ctr=29 opt_step=464 E=0.190 g=0.161 VarTD=1.494666 ret_end=-23.791 dbar_end=0.581 occ_end=0.320 CSR_train=0.000 done_count=125
[upd 220] u=0 upd_ctr=30 opt_step=480 E=0.665 g=0.156 VarTD=1.816190 ret_end=-24.567 dbar_end=0.591 occ_end=0.264 CSR_train=0.000 done_count=125
[upd 230] u=0 upd_ctr=32 opt_step=512 E=0.291 g=0.148 VarTD=2.081261 ret_end=-24.251 dbar_end=0.608 occ_end=0.240 CSR_train=0.000 done_count=125
[upd 240] u=0 upd_ctr=33 opt_step=528 E=0.818 g=0.155 VarTD=2.293027 ret_end=-24.226 dbar_end=0.595 occ_end=0.200 CSR_train=0.000 done_count=125
[upd 250] u=0 upd_ctr=35 opt_step=560 E=0.457 g=0.156 VarTD=2.619237 ret_end=-23.576 dbar_end=0.591 occ_end=0.272 CSR_train=0.000 done_count=125
[upd 260] u=0 upd_ctr=36 opt_step=576 E=1.000 g=0.163 VarTD=2.312941 ret_end=-23.723 dbar_end=0.578 occ_end=0.310 CSR_train=0.000 done_count=100
[upd 270] u=0 upd_ctr=38 opt_step=608 E=0.690 g=0.158 VarTD=3.069587 ret_end=-24.502 dbar_end=0.588 occ_end=0.280 CSR_train=0.000 done_count=125
[upd 280] u=0 upd_ctr=40 opt_step=640 E=0.351 g=0.155 VarTD=3.529748 ret_end=-24.592 dbar_end=0.594 occ_end=0.232 CSR_train=0.000 done_count=125
[upd 290] u=0 upd_ctr=41 opt_step=656 E=0.928 g=0.169 VarTD=3.650060 ret_end=-23.684 dbar_end=0.566 occ_end=0.296 CSR_train=0.000 done_count=125
[upd 300] u=0 upd_ctr=43 opt_step=688 E=0.636 g=0.166 VarTD=4.041855 ret_end=-23.731 dbar_end=0.572 occ_end=0.360 CSR_train=0.000 done_count=125
[upd 310] u=0 upd_ctr=45 opt_step=720 E=0.362 g=0.195 VarTD=4.475288 ret_end=-22.998 dbar_end=0.520 occ_end=0.352 CSR_train=0.008 done_count=125
[Gate5 check] update_counter violations: t0=0 diffs=0
[Gate5 check] opt_step violations: t0=0 diffs=0 (expected_inc=16)
[Gate5 check] NaN masking: nan_on_skip=True finite_on_update=True
[Gate5 summary] mean_update_fraction=0.1442 final_executed_updates_mean=45.00
[Gate5 eval] done_count mean=100.0 CSR mean=0.0100 len_end_mean=26.00
[Gate5 eval] episodes_per_env=4 T_eval=104
[Gate5 eval-debug] locked_eps_occ=0.20 pre(step25): dbar_end=0.492059 occupied_end_mean=0.420000 max_tilde_end_mean=0.689250 CSR@locked=0.000000
[Gate5 eval-debug] locked_eps_occ=0.20 post(step26): dbar_end=0.495669 occupied_end_mean=0.410000 max_tilde_end_mean=0.686047 CSR@locked=0.010000
[Gate5 eval-debug] CSR_pre@0.10=0.0000 CSR_pre@0.15=0.0000 CSR_pre@0.20=0.0000 CSR_pre@0.25=0.0100 CSR_pre@0.30=0.0200
[Gate5 eval-debug] CSR_post@0.10=0.0000 CSR_post@0.15=0.0000 CSR_post@0.20=0.0100 CSR_post@0.25=0.0200 CSR_post@0.30=0.0700
