Importing submoduled environments...
Submoduled environments not found. Skipping import.
[upd 0] u=1 upd_ctr=1 opt_step=16 E=0.060 g=0.096 VarTD=0.126111 ret_end=-26.492 dbar_end=0.745 occ_end=0.140 CSR_train=0.000 done_count=100
[upd 10] u=0 upd_ctr=1 opt_step=16 E=0.153 g=0.101 VarTD=0.147310 ret_end=-26.592 dbar_end=0.729 occ_end=0.144 CSR_train=0.000 done_count=125
[upd 20] u=0 upd_ctr=1 opt_step=16 E=0.248 g=0.088 VarTD=0.157317 ret_end=-27.734 dbar_end=0.776 occ_end=0.112 CSR_train=0.000 done_count=125
[upd 30] u=0 upd_ctr=1 opt_step=16 E=0.343 g=0.101 VarTD=0.132882 ret_end=-25.882 dbar_end=0.729 occ_end=0.136 CSR_train=0.000 done_count=125
[upd 40] u=0 upd_ctr=1 opt_step=16 E=0.437 g=0.102 VarTD=0.131002 ret_end=-26.343 dbar_end=0.728 occ_end=0.096 CSR_train=0.000 done_count=125
[upd 50] u=0 upd_ctr=1 opt_step=16 E=0.531 g=0.090 VarTD=0.179070 ret_end=-28.226 dbar_end=0.766 occ_end=0.128 CSR_train=0.000 done_count=125
[upd 60] u=0 upd_ctr=1 opt_step=16 E=0.621 g=0.098 VarTD=0.146266 ret_end=-26.854 dbar_end=0.740 occ_end=0.120 CSR_train=0.000 done_count=125
[upd 70] u=0 upd_ctr=1 opt_step=16 E=0.712 g=0.084 VarTD=0.143185 ret_end=-27.954 dbar_end=0.790 occ_end=0.144 CSR_train=0.000 done_count=125
[upd 80] u=0 upd_ctr=1 opt_step=16 E=0.804 g=0.091 VarTD=0.164900 ret_end=-27.241 dbar_end=0.763 occ_end=0.192 CSR_train=0.000 done_count=125
[upd 90] u=0 upd_ctr=1 opt_step=16 E=0.900 g=0.099 VarTD=0.146822 ret_end=-27.289 dbar_end=0.738 occ_end=0.120 CSR_train=0.000 done_count=125
[upd 100] u=0 upd_ctr=2 opt_step=32 E=0.050 g=0.107 VarTD=0.162098 ret_end=-26.956 dbar_end=0.713 occ_end=0.160 CSR_train=0.000 done_count=125
[upd 110] u=0 upd_ctr=2 opt_step=32 E=0.151 g=0.108 VarTD=0.147083 ret_end=-26.924 dbar_end=0.710 occ_end=0.136 CSR_train=0.000 done_count=125
[upd 120] u=0 upd_ctr=2 opt_step=32 E=0.246 g=0.095 VarTD=0.170583 ret_end=-28.060 dbar_end=0.750 occ_end=0.136 CSR_train=0.000 done_count=125
[upd 130] u=0 upd_ctr=2 opt_step=32 E=0.345 g=0.091 VarTD=0.158925 ret_end=-27.855 dbar_end=0.763 occ_end=0.110 CSR_train=0.000 done_count=100
[upd 140] u=0 upd_ctr=2 opt_step=32 E=0.442 g=0.098 VarTD=0.149332 ret_end=-26.992 dbar_end=0.740 occ_end=0.160 CSR_train=0.000 done_count=125
[upd 150] u=0 upd_ctr=2 opt_step=32 E=0.540 g=0.102 VarTD=0.145236 ret_end=-26.811 dbar_end=0.728 occ_end=0.152 CSR_train=0.000 done_count=125
[upd 160] u=0 upd_ctr=2 opt_step=32 E=0.638 g=0.092 VarTD=0.172140 ret_end=-27.973 dbar_end=0.759 occ_end=0.160 CSR_train=0.000 done_count=125
[upd 170] u=0 upd_ctr=2 opt_step=32 E=0.737 g=0.093 VarTD=0.172792 ret_end=-27.807 dbar_end=0.755 occ_end=0.160 CSR_train=0.008 done_count=125
[upd 180] u=0 upd_ctr=2 opt_step=32 E=0.832 g=0.099 VarTD=0.128666 ret_end=-27.133 dbar_end=0.736 occ_end=0.120 CSR_train=0.000 done_count=125
[upd 190] u=0 upd_ctr=2 opt_step=32 E=0.929 g=0.093 VarTD=0.173440 ret_end=-27.466 dbar_end=0.755 occ_end=0.160 CSR_train=0.000 done_count=125
[upd 200] u=0 upd_ctr=3 opt_step=48 E=0.077 g=0.102 VarTD=0.160900 ret_end=-26.662 dbar_end=0.728 occ_end=0.136 CSR_train=0.000 done_count=125
[upd 210] u=0 upd_ctr=3 opt_step=48 E=0.175 g=0.109 VarTD=0.152848 ret_end=-26.493 dbar_end=0.706 occ_end=0.192 CSR_train=0.000 done_count=125
[upd 220] u=0 upd_ctr=3 opt_step=48 E=0.277 g=0.102 VarTD=0.155180 ret_end=-27.801 dbar_end=0.727 occ_end=0.144 CSR_train=0.000 done_count=125
[upd 230] u=0 upd_ctr=3 opt_step=48 E=0.382 g=0.115 VarTD=0.132756 ret_end=-25.891 dbar_end=0.690 occ_end=0.184 CSR_train=0.000 done_count=125
[upd 240] u=0 upd_ctr=3 opt_step=48 E=0.486 g=0.091 VarTD=0.142406 ret_end=-27.536 dbar_end=0.763 occ_end=0.168 CSR_train=0.000 done_count=125
[upd 250] u=0 upd_ctr=3 opt_step=48 E=0.589 g=0.101 VarTD=0.165045 ret_end=-27.884 dbar_end=0.731 occ_end=0.176 CSR_train=0.000 done_count=125
[upd 260] u=0 upd_ctr=3 opt_step=48 E=0.690 g=0.104 VarTD=0.137617 ret_end=-27.110 dbar_end=0.720 occ_end=0.130 CSR_train=0.000 done_count=100
[upd 270] u=0 upd_ctr=3 opt_step=48 E=0.792 g=0.095 VarTD=0.203154 ret_end=-27.148 dbar_end=0.749 occ_end=0.160 CSR_train=0.000 done_count=125
[upd 280] u=0 upd_ctr=3 opt_step=48 E=0.894 g=0.103 VarTD=0.135440 ret_end=-26.773 dbar_end=0.724 occ_end=0.168 CSR_train=0.000 done_count=125
[upd 290] u=0 upd_ctr=4 opt_step=64 E=0.047 g=0.093 VarTD=0.177900 ret_end=-28.479 dbar_end=0.758 occ_end=0.160 CSR_train=0.000 done_count=125
[upd 300] u=0 upd_ctr=4 opt_step=64 E=0.150 g=0.102 VarTD=0.147618 ret_end=-27.188 dbar_end=0.728 occ_end=0.200 CSR_train=0.000 done_count=125
[upd 310] u=0 upd_ctr=4 opt_step=64 E=0.254 g=0.114 VarTD=0.140481 ret_end=-25.507 dbar_end=0.691 occ_end=0.208 CSR_train=0.000 done_count=125
[Gate5 check] update_counter violations: t0=0 diffs=0
[Gate5 check] opt_step violations: t0=0 diffs=0 (expected_inc=16)
[Gate5 check] NaN masking: nan_on_skip=True finite_on_update=True
[Gate5 summary] mean_update_fraction=0.0128 final_executed_updates_mean=4.00
[Gate5 eval] done_count mean=100.0 CSR mean=0.0000 len_end_mean=26.00
[Gate5 eval] episodes_per_env=4 T_eval=104
[Gate5 eval-debug] locked_eps_occ=0.20 pre(step25): dbar_end=0.625605 occupied_end_mean=0.220000 max_tilde_end_mean=0.920998 CSR@locked=0.000000
[Gate5 eval-debug] locked_eps_occ=0.20 post(step26): dbar_end=0.634234 occupied_end_mean=0.210000 max_tilde_end_mean=0.933591 CSR@locked=0.000000
[Gate5 eval-debug] CSR_pre@0.10=0.0000 CSR_pre@0.15=0.0000 CSR_pre@0.20=0.0000 CSR_pre@0.25=0.0000 CSR_pre@0.30=0.0000
[Gate5 eval-debug] CSR_post@0.10=0.0000 CSR_post@0.15=0.0000 CSR_post@0.20=0.0000 CSR_post@0.25=0.0000 CSR_post@0.30=0.0000
