Importing submoduled environments...
Submoduled environments not found. Skipping import.
[upd 0] u=1 upd_ctr=1 opt_step=16 E=0.034 g=0.084 VarTD=0.159484 ret_end=-27.958 dbar_end=0.788 occ_end=0.180 CSR_train=0.000 done_count=100
[upd 10] u=0 upd_ctr=1 opt_step=16 E=0.405 g=0.095 VarTD=0.154696 ret_end=-26.642 dbar_end=0.751 occ_end=0.136 CSR_train=0.000 done_count=125
[upd 20] u=0 upd_ctr=1 opt_step=16 E=0.771 g=0.095 VarTD=0.129269 ret_end=-26.530 dbar_end=0.751 occ_end=0.184 CSR_train=0.000 done_count=125
[upd 30] u=0 upd_ctr=2 opt_step=32 E=0.112 g=0.098 VarTD=0.160117 ret_end=-26.884 dbar_end=0.738 occ_end=0.152 CSR_train=0.000 done_count=125
[upd 40] u=0 upd_ctr=2 opt_step=32 E=0.491 g=0.099 VarTD=0.146371 ret_end=-27.259 dbar_end=0.738 occ_end=0.272 CSR_train=0.000 done_count=125
[upd 50] u=0 upd_ctr=2 opt_step=32 E=0.895 g=0.098 VarTD=0.134979 ret_end=-27.120 dbar_end=0.740 occ_end=0.128 CSR_train=0.000 done_count=125
[upd 60] u=0 upd_ctr=3 opt_step=48 E=0.281 g=0.103 VarTD=0.134356 ret_end=-27.270 dbar_end=0.725 occ_end=0.144 CSR_train=0.000 done_count=125
[upd 70] u=0 upd_ctr=3 opt_step=48 E=0.682 g=0.098 VarTD=0.172462 ret_end=-27.448 dbar_end=0.739 occ_end=0.176 CSR_train=0.000 done_count=125
[upd 80] u=0 upd_ctr=4 opt_step=64 E=0.085 g=0.114 VarTD=0.125474 ret_end=-25.766 dbar_end=0.690 occ_end=0.168 CSR_train=0.000 done_count=125
[upd 90] u=0 upd_ctr=4 opt_step=64 E=0.530 g=0.111 VarTD=0.131716 ret_end=-26.457 dbar_end=0.700 occ_end=0.168 CSR_train=0.000 done_count=125
[upd 100] u=0 upd_ctr=4 opt_step=64 E=0.978 g=0.125 VarTD=0.119894 ret_end=-25.167 dbar_end=0.661 occ_end=0.288 CSR_train=0.000 done_count=125
[upd 110] u=0 upd_ctr=5 opt_step=80 E=0.421 g=0.129 VarTD=0.141522 ret_end=-25.454 dbar_end=0.653 occ_end=0.200 CSR_train=0.000 done_count=125
[upd 120] u=0 upd_ctr=5 opt_step=80 E=0.867 g=0.120 VarTD=0.132300 ret_end=-25.582 dbar_end=0.675 occ_end=0.152 CSR_train=0.000 done_count=125
[upd 130] u=0 upd_ctr=6 opt_step=96 E=0.327 g=0.123 VarTD=0.132921 ret_end=-26.073 dbar_end=0.667 occ_end=0.210 CSR_train=0.000 done_count=100
[upd 140] u=0 upd_ctr=6 opt_step=96 E=0.791 g=0.121 VarTD=0.136834 ret_end=-25.683 dbar_end=0.674 occ_end=0.192 CSR_train=0.000 done_count=125
[upd 150] u=0 upd_ctr=7 opt_step=112 E=0.237 g=0.115 VarTD=0.150220 ret_end=-26.278 dbar_end=0.689 occ_end=0.216 CSR_train=0.000 done_count=125
[upd 160] u=0 upd_ctr=7 opt_step=112 E=0.747 g=0.125 VarTD=0.123061 ret_end=-24.153 dbar_end=0.661 occ_end=0.176 CSR_train=0.000 done_count=125
[upd 170] u=0 upd_ctr=8 opt_step=128 E=0.184 g=0.106 VarTD=0.149925 ret_end=-26.629 dbar_end=0.715 occ_end=0.152 CSR_train=0.000 done_count=125
[upd 180] u=0 upd_ctr=8 opt_step=128 E=0.671 g=0.133 VarTD=0.157848 ret_end=-25.012 dbar_end=0.642 occ_end=0.256 CSR_train=0.000 done_count=125
[upd 190] u=0 upd_ctr=9 opt_step=144 E=0.145 g=0.119 VarTD=0.165624 ret_end=-26.623 dbar_end=0.679 occ_end=0.248 CSR_train=0.000 done_count=125
[upd 200] u=0 upd_ctr=9 opt_step=144 E=0.649 g=0.138 VarTD=0.148661 ret_end=-24.316 dbar_end=0.631 occ_end=0.248 CSR_train=0.000 done_count=125
[upd 210] u=0 upd_ctr=10 opt_step=160 E=0.151 g=0.133 VarTD=0.168671 ret_end=-25.154 dbar_end=0.643 occ_end=0.248 CSR_train=0.000 done_count=125
[upd 220] u=0 upd_ctr=10 opt_step=160 E=0.672 g=0.142 VarTD=0.146598 ret_end=-24.506 dbar_end=0.621 occ_end=0.232 CSR_train=0.000 done_count=125
[upd 230] u=0 upd_ctr=11 opt_step=176 E=0.157 g=0.116 VarTD=0.200161 ret_end=-26.372 dbar_end=0.685 occ_end=0.144 CSR_train=0.000 done_count=125
[upd 240] u=0 upd_ctr=11 opt_step=176 E=0.692 g=0.139 VarTD=0.169623 ret_end=-24.890 dbar_end=0.628 occ_end=0.232 CSR_train=0.000 done_count=125
[upd 250] u=0 upd_ctr=12 opt_step=192 E=0.159 g=0.124 VarTD=0.201432 ret_end=-25.847 dbar_end=0.666 occ_end=0.192 CSR_train=0.000 done_count=125
[upd 260] u=0 upd_ctr=12 opt_step=192 E=0.694 g=0.134 VarTD=0.184047 ret_end=-25.731 dbar_end=0.641 occ_end=0.240 CSR_train=0.000 done_count=100
[upd 270] u=0 upd_ctr=13 opt_step=208 E=0.220 g=0.151 VarTD=0.230868 ret_end=-24.584 dbar_end=0.602 occ_end=0.312 CSR_train=0.000 done_count=125
[upd 280] u=0 upd_ctr=13 opt_step=208 E=0.767 g=0.138 VarTD=0.236522 ret_end=-25.201 dbar_end=0.630 occ_end=0.280 CSR_train=0.000 done_count=125
[upd 290] u=0 upd_ctr=14 opt_step=224 E=0.284 g=0.140 VarTD=0.238244 ret_end=-25.363 dbar_end=0.627 occ_end=0.232 CSR_train=0.000 done_count=125
[upd 300] u=0 upd_ctr=14 opt_step=224 E=0.859 g=0.144 VarTD=0.247412 ret_end=-25.331 dbar_end=0.617 occ_end=0.232 CSR_train=0.000 done_count=125
[upd 310] u=0 upd_ctr=15 opt_step=240 E=0.424 g=0.150 VarTD=0.288475 ret_end=-24.958 dbar_end=0.604 occ_end=0.288 CSR_train=0.000 done_count=125
[Gate5 check] update_counter violations: t0=0 diffs=0
[Gate5 check] opt_step violations: t0=0 diffs=0 (expected_inc=16)
[Gate5 check] NaN masking: nan_on_skip=True finite_on_update=True
[Gate5 summary] mean_update_fraction=0.0481 final_executed_updates_mean=15.00
[Gate5 eval] done_count mean=100.0 CSR mean=0.0000 len_end_mean=26.00
[Gate5 eval] episodes_per_env=4 T_eval=104
[Gate5 eval-debug] locked_eps_occ=0.20 pre(step25): dbar_end=0.496564 occupied_end_mean=0.360000 max_tilde_end_mean=0.701223 CSR@locked=0.000000
[Gate5 eval-debug] locked_eps_occ=0.20 post(step26): dbar_end=0.502103 occupied_end_mean=0.330000 max_tilde_end_mean=0.701505 CSR@locked=0.000000
[Gate5 eval-debug] CSR_pre@0.10=0.0000 CSR_pre@0.15=0.0000 CSR_pre@0.20=0.0000 CSR_pre@0.25=0.0100 CSR_pre@0.30=0.0200
[Gate5 eval-debug] CSR_post@0.10=0.0000 CSR_post@0.15=0.0000 CSR_post@0.20=0.0000 CSR_post@0.25=0.0100 CSR_post@0.30=0.0100
