Importing submoduled environments...
Submoduled environments not found. Skipping import.
[upd 0] u=1 upd_ctr=1 opt_step=16 E=0.058 g=0.083 VarTD=0.159821 ret_end=-27.605 dbar_end=0.794 occ_end=0.110 CSR_train=0.000 done_count=100
[upd 10] u=0 upd_ctr=1 opt_step=16 E=0.685 g=0.089 VarTD=0.166459 ret_end=-27.505 dbar_end=0.772 occ_end=0.192 CSR_train=0.000 done_count=125
[upd 20] u=0 upd_ctr=2 opt_step=32 E=0.313 g=0.094 VarTD=0.166226 ret_end=-27.083 dbar_end=0.753 occ_end=0.152 CSR_train=0.000 done_count=125
[upd 30] u=0 upd_ctr=2 opt_step=32 E=0.949 g=0.101 VarTD=0.157995 ret_end=-26.646 dbar_end=0.731 occ_end=0.128 CSR_train=0.000 done_count=125
[upd 40] u=0 upd_ctr=3 opt_step=48 E=0.575 g=0.097 VarTD=0.150250 ret_end=-27.297 dbar_end=0.743 occ_end=0.168 CSR_train=0.000 done_count=125
[upd 50] u=0 upd_ctr=4 opt_step=64 E=0.215 g=0.091 VarTD=0.150957 ret_end=-27.856 dbar_end=0.764 occ_end=0.128 CSR_train=0.000 done_count=125
[upd 60] u=0 upd_ctr=4 opt_step=64 E=0.902 g=0.097 VarTD=0.151522 ret_end=-27.394 dbar_end=0.744 occ_end=0.160 CSR_train=0.000 done_count=125
[upd 70] u=0 upd_ctr=5 opt_step=80 E=0.578 g=0.103 VarTD=0.145130 ret_end=-26.677 dbar_end=0.724 occ_end=0.136 CSR_train=0.000 done_count=125
[upd 80] u=0 upd_ctr=6 opt_step=96 E=0.299 g=0.104 VarTD=0.145853 ret_end=-26.824 dbar_end=0.722 occ_end=0.136 CSR_train=0.000 done_count=125
[upd 90] u=0 upd_ctr=6 opt_step=96 E=1.000 g=0.121 VarTD=0.157879 ret_end=-26.201 dbar_end=0.672 occ_end=0.200 CSR_train=0.000 done_count=125
[upd 100] u=0 upd_ctr=7 opt_step=112 E=0.798 g=0.106 VarTD=0.165780 ret_end=-27.656 dbar_end=0.716 occ_end=0.168 CSR_train=0.000 done_count=125
[upd 110] u=0 upd_ctr=8 opt_step=128 E=0.581 g=0.123 VarTD=0.161200 ret_end=-25.317 dbar_end=0.668 occ_end=0.152 CSR_train=0.000 done_count=125
[upd 120] u=0 upd_ctr=9 opt_step=144 E=0.341 g=0.134 VarTD=0.136984 ret_end=-24.890 dbar_end=0.640 occ_end=0.200 CSR_train=0.000 done_count=125
[Gate5 check] update_counter violations: t0=0 diffs=0
[Gate5 check] opt_step violations: t0=0 diffs=0 (expected_inc=16)
[Gate5 check] NaN masking: nan_on_skip=True finite_on_update=True
[Gate5 summary] mean_update_fraction=0.0720 final_executed_updates_mean=9.00
[Gate5 eval] done_count mean=100.0 CSR mean=0.0000 len_end_mean=26.00
[Gate5 eval] episodes_per_env=4 T_eval=104
[Gate5 eval-debug] locked_eps_occ=0.20 pre(step25): dbar_end=0.457601 occupied_end_mean=0.510000 max_tilde_end_mean=0.647648 CSR@locked=0.010000
[Gate5 eval-debug] locked_eps_occ=0.20 post(step26): dbar_end=0.463525 occupied_end_mean=0.420000 max_tilde_end_mean=0.652916 CSR@locked=0.000000
[Gate5 eval-debug] CSR_pre@0.10=0.0000 CSR_pre@0.15=0.0000 CSR_pre@0.20=0.0100 CSR_pre@0.25=0.0200 CSR_pre@0.30=0.0400
[Gate5 eval-debug] CSR_post@0.10=0.0000 CSR_post@0.15=0.0000 CSR_post@0.20=0.0000 CSR_post@0.25=0.0000 CSR_post@0.30=0.0100
