Importing submoduled environments...
Submoduled environments not found. Skipping import.
[upd 0] u=1 upd_ctr=1 opt_step=16 E=0.146 g=0.093 VarTD=0.145852 ret_end=-27.154 dbar_end=0.757 occ_end=0.170 CSR_train=0.000 done_count=100
[upd 10] u=0 upd_ctr=1 opt_step=16 E=0.609 g=0.084 VarTD=0.153180 ret_end=-27.639 dbar_end=0.787 occ_end=0.144 CSR_train=0.008 done_count=125
[upd 20] u=0 upd_ctr=2 opt_step=32 E=0.183 g=0.098 VarTD=0.151745 ret_end=-26.839 dbar_end=0.739 occ_end=0.216 CSR_train=0.000 done_count=125
[upd 30] u=0 upd_ctr=2 opt_step=32 E=0.655 g=0.092 VarTD=0.144295 ret_end=-27.004 dbar_end=0.760 occ_end=0.160 CSR_train=0.000 done_count=125
[upd 40] u=0 upd_ctr=3 opt_step=48 E=0.261 g=0.094 VarTD=0.147943 ret_end=-27.247 dbar_end=0.753 occ_end=0.120 CSR_train=0.000 done_count=125
[upd 50] u=0 upd_ctr=3 opt_step=48 E=0.773 g=0.110 VarTD=0.161194 ret_end=-26.626 dbar_end=0.703 occ_end=0.184 CSR_train=0.000 done_count=125
[upd 60] u=0 upd_ctr=4 opt_step=64 E=0.402 g=0.107 VarTD=0.142718 ret_end=-26.206 dbar_end=0.711 occ_end=0.248 CSR_train=0.000 done_count=125
[upd 70] u=0 upd_ctr=4 opt_step=64 E=0.923 g=0.101 VarTD=0.162835 ret_end=-27.519 dbar_end=0.729 occ_end=0.128 CSR_train=0.000 done_count=125
[upd 80] u=0 upd_ctr=5 opt_step=80 E=0.541 g=0.097 VarTD=0.143491 ret_end=-26.829 dbar_end=0.743 occ_end=0.160 CSR_train=0.000 done_count=125
[upd 90] u=0 upd_ctr=6 opt_step=96 E=0.160 g=0.109 VarTD=0.128355 ret_end=-26.628 dbar_end=0.707 occ_end=0.152 CSR_train=0.000 done_count=125
[upd 100] u=0 upd_ctr=6 opt_step=96 E=0.701 g=0.120 VarTD=0.116764 ret_end=-25.801 dbar_end=0.675 occ_end=0.192 CSR_train=0.000 done_count=125
[upd 110] u=0 upd_ctr=7 opt_step=112 E=0.337 g=0.104 VarTD=0.155147 ret_end=-25.949 dbar_end=0.721 occ_end=0.152 CSR_train=0.000 done_count=125
[upd 120] u=0 upd_ctr=7 opt_step=112 E=0.872 g=0.105 VarTD=0.128454 ret_end=-26.634 dbar_end=0.717 occ_end=0.200 CSR_train=0.000 done_count=125
[upd 130] u=0 upd_ctr=8 opt_step=128 E=0.568 g=0.129 VarTD=0.140486 ret_end=-25.070 dbar_end=0.653 occ_end=0.200 CSR_train=0.000 done_count=100
[upd 140] u=0 upd_ctr=9 opt_step=144 E=0.251 g=0.125 VarTD=0.145233 ret_end=-25.456 dbar_end=0.663 occ_end=0.280 CSR_train=0.008 done_count=125
[upd 150] u=0 upd_ctr=9 opt_step=144 E=0.859 g=0.126 VarTD=0.154437 ret_end=-25.635 dbar_end=0.661 occ_end=0.224 CSR_train=0.000 done_count=125
[upd 160] u=0 upd_ctr=10 opt_step=160 E=0.584 g=0.128 VarTD=0.161059 ret_end=-24.948 dbar_end=0.656 occ_end=0.264 CSR_train=0.000 done_count=125
[upd 170] u=0 upd_ctr=11 opt_step=176 E=0.335 g=0.138 VarTD=0.161703 ret_end=-24.584 dbar_end=0.630 occ_end=0.208 CSR_train=0.000 done_count=125
[upd 180] u=1 upd_ctr=12 opt_step=192 E=0.094 g=0.122 VarTD=0.169911 ret_end=-25.829 dbar_end=0.670 occ_end=0.136 CSR_train=0.000 done_count=125
[upd 190] u=0 upd_ctr=12 opt_step=192 E=0.752 g=0.141 VarTD=0.199076 ret_end=-24.879 dbar_end=0.623 occ_end=0.240 CSR_train=0.000 done_count=125
[upd 200] u=0 upd_ctr=13 opt_step=208 E=0.493 g=0.128 VarTD=0.187674 ret_end=-26.224 dbar_end=0.656 occ_end=0.136 CSR_train=0.000 done_count=125
[upd 210] u=0 upd_ctr=14 opt_step=224 E=0.282 g=0.130 VarTD=0.249493 ret_end=-25.861 dbar_end=0.651 occ_end=0.216 CSR_train=0.000 done_count=125
[upd 220] u=0 upd_ctr=14 opt_step=224 E=0.962 g=0.138 VarTD=0.247084 ret_end=-25.623 dbar_end=0.631 occ_end=0.208 CSR_train=0.000 done_count=125
[upd 230] u=0 upd_ctr=15 opt_step=240 E=0.744 g=0.135 VarTD=0.268808 ret_end=-25.381 dbar_end=0.639 occ_end=0.232 CSR_train=0.008 done_count=125
[upd 240] u=0 upd_ctr=16 opt_step=256 E=0.521 g=0.132 VarTD=0.318708 ret_end=-26.471 dbar_end=0.645 occ_end=0.224 CSR_train=0.008 done_count=125
[upd 250] u=0 upd_ctr=17 opt_step=272 E=0.321 g=0.147 VarTD=0.383176 ret_end=-25.500 dbar_end=0.611 occ_end=0.304 CSR_train=0.000 done_count=125
[upd 260] u=0 upd_ctr=18 opt_step=288 E=0.143 g=0.133 VarTD=0.390041 ret_end=-25.860 dbar_end=0.643 occ_end=0.190 CSR_train=0.000 done_count=100
[upd 270] u=0 upd_ctr=18 opt_step=288 E=0.864 g=0.143 VarTD=0.458682 ret_end=-25.595 dbar_end=0.620 occ_end=0.232 CSR_train=0.000 done_count=125
[upd 280] u=0 upd_ctr=19 opt_step=304 E=0.711 g=0.152 VarTD=0.492881 ret_end=-24.254 dbar_end=0.599 occ_end=0.216 CSR_train=0.000 done_count=125
[upd 290] u=0 upd_ctr=20 opt_step=320 E=0.546 g=0.143 VarTD=0.588638 ret_end=-24.639 dbar_end=0.619 occ_end=0.272 CSR_train=0.000 done_count=125
[upd 300] u=0 upd_ctr=21 opt_step=336 E=0.410 g=0.160 VarTD=0.688470 ret_end=-23.576 dbar_end=0.583 occ_end=0.256 CSR_train=0.000 done_count=125
[upd 310] u=0 upd_ctr=22 opt_step=352 E=0.300 g=0.162 VarTD=0.796938 ret_end=-24.053 dbar_end=0.580 occ_end=0.288 CSR_train=0.000 done_count=125
[Gate5 check] update_counter violations: t0=0 diffs=0
[Gate5 check] opt_step violations: t0=0 diffs=0 (expected_inc=16)
[Gate5 check] NaN masking: nan_on_skip=True finite_on_update=True
[Gate5 summary] mean_update_fraction=0.0705 final_executed_updates_mean=22.00
[Gate5 eval] done_count mean=100.0 CSR mean=0.0100 len_end_mean=26.00
[Gate5 eval] episodes_per_env=4 T_eval=104
[Gate5 eval-debug] locked_eps_occ=0.20 pre(step25): dbar_end=0.479141 occupied_end_mean=0.590000 max_tilde_end_mean=0.703129 CSR@locked=0.030000
[Gate5 eval-debug] locked_eps_occ=0.20 post(step26): dbar_end=0.490780 occupied_end_mean=0.410000 max_tilde_end_mean=0.703300 CSR@locked=0.010000
[Gate5 eval-debug] CSR_pre@0.10=0.0000 CSR_pre@0.15=0.0100 CSR_pre@0.20=0.0300 CSR_pre@0.25=0.0300 CSR_pre@0.30=0.0300
[Gate5 eval-debug] CSR_post@0.10=0.0000 CSR_post@0.15=0.0100 CSR_post@0.20=0.0100 CSR_post@0.25=0.0100 CSR_post@0.30=0.0200
