Importing submoduled environments...
Submoduled environments not found. Skipping import.
[upd 0] u=1 upd_ctr=1 opt_step=16 E=0.651 g=0.102 VarTD=0.148347 ret_end=-26.397 dbar_end=0.726 occ_end=0.190 CSR_train=0.000 done_count=100
[upd 10] u=0 upd_ctr=3 opt_step=48 E=0.348 g=0.096 VarTD=0.153091 ret_end=-26.941 dbar_end=0.745 occ_end=0.168 CSR_train=0.008 done_count=125
[upd 20] u=1 upd_ctr=5 opt_step=80 E=0.082 g=0.103 VarTD=0.156643 ret_end=-26.908 dbar_end=0.724 occ_end=0.248 CSR_train=0.000 done_count=125
[upd 30] u=0 upd_ctr=6 opt_step=96 E=0.245 g=0.117 VarTD=0.143490 ret_end=-26.749 dbar_end=0.683 occ_end=0.288 CSR_train=0.000 done_count=125
[upd 40] u=0 upd_ctr=7 opt_step=112 E=0.436 g=0.129 VarTD=0.151697 ret_end=-25.775 dbar_end=0.653 occ_end=0.224 CSR_train=0.000 done_count=125
[upd 50] u=0 upd_ctr=9 opt_step=144 E=0.231 g=0.136 VarTD=0.146121 ret_end=-24.666 dbar_end=0.636 occ_end=0.232 CSR_train=0.000 done_count=125
[upd 60] u=1 upd_ctr=11 opt_step=176 E=0.055 g=0.110 VarTD=0.184285 ret_end=-27.095 dbar_end=0.702 occ_end=0.120 CSR_train=0.000 done_count=125
[upd 70] u=0 upd_ctr=12 opt_step=192 E=0.314 g=0.141 VarTD=0.193451 ret_end=-25.013 dbar_end=0.625 occ_end=0.248 CSR_train=0.000 done_count=125
[upd 80] u=0 upd_ctr=14 opt_step=224 E=0.196 g=0.135 VarTD=0.218826 ret_end=-25.758 dbar_end=0.638 occ_end=0.272 CSR_train=0.000 done_count=125
[upd 90] u=1 upd_ctr=16 opt_step=256 E=0.086 g=0.135 VarTD=0.253004 ret_end=-24.847 dbar_end=0.638 occ_end=0.152 CSR_train=0.000 done_count=125
[upd 100] u=0 upd_ctr=17 opt_step=272 E=0.439 g=0.150 VarTD=0.360182 ret_end=-25.053 dbar_end=0.605 occ_end=0.224 CSR_train=0.000 done_count=125
[upd 110] u=0 upd_ctr=19 opt_step=304 E=0.367 g=0.133 VarTD=0.449019 ret_end=-25.925 dbar_end=0.643 occ_end=0.184 CSR_train=0.000 done_count=125
[upd 120] u=0 upd_ctr=21 opt_step=336 E=0.312 g=0.150 VarTD=0.572947 ret_end=-24.739 dbar_end=0.603 occ_end=0.248 CSR_train=0.000 done_count=125
[Gate5 check] update_counter violations: t0=0 diffs=0
[Gate5 check] opt_step violations: t0=0 diffs=0 (expected_inc=16)
[Gate5 check] NaN masking: nan_on_skip=True finite_on_update=True
[Gate5 summary] mean_update_fraction=0.1760 final_executed_updates_mean=22.00
[Gate5 eval] done_count mean=100.0 CSR mean=0.0000 len_end_mean=26.00
[Gate5 eval] episodes_per_env=4 T_eval=104
[Gate5 eval-debug] locked_eps_occ=0.20 pre(step25): dbar_end=0.470950 occupied_end_mean=0.490000 max_tilde_end_mean=0.672936 CSR@locked=0.010000
[Gate5 eval-debug] locked_eps_occ=0.20 post(step26): dbar_end=0.476298 occupied_end_mean=0.480000 max_tilde_end_mean=0.681692 CSR@locked=0.000000
[Gate5 eval-debug] CSR_pre@0.10=0.0000 CSR_pre@0.15=0.0100 CSR_pre@0.20=0.0100 CSR_pre@0.25=0.0100 CSR_pre@0.30=0.0500
[Gate5 eval-debug] CSR_post@0.10=0.0000 CSR_post@0.15=0.0000 CSR_post@0.20=0.0000 CSR_post@0.25=0.0100 CSR_post@0.30=0.0500
