Importing submoduled environments...
Submoduled environments not found. Skipping import.
[upd 0] u=1 upd_ctr=1 opt_step=16 E=0.136 g=0.096 VarTD=0.198978 ret_end=-28.258 dbar_end=0.747 occ_end=0.170 CSR_train=0.000 done_count=100
[upd 10] u=0 upd_ctr=1 opt_step=16 E=0.961 g=0.091 VarTD=0.177568 ret_end=-27.488 dbar_end=0.762 occ_end=0.104 CSR_train=0.000 done_count=125
[upd 20] u=0 upd_ctr=2 opt_step=32 E=0.830 g=0.088 VarTD=0.172496 ret_end=-27.656 dbar_end=0.774 occ_end=0.096 CSR_train=0.000 done_count=125
[upd 30] u=0 upd_ctr=3 opt_step=48 E=0.756 g=0.089 VarTD=0.158507 ret_end=-27.615 dbar_end=0.772 occ_end=0.192 CSR_train=0.000 done_count=125
[upd 40] u=0 upd_ctr=4 opt_step=64 E=0.689 g=0.101 VarTD=0.133593 ret_end=-27.018 dbar_end=0.729 occ_end=0.168 CSR_train=0.000 done_count=125
[upd 50] u=0 upd_ctr=5 opt_step=80 E=0.699 g=0.123 VarTD=0.146842 ret_end=-26.498 dbar_end=0.667 occ_end=0.224 CSR_train=0.000 done_count=125
[upd 60] u=0 upd_ctr=6 opt_step=96 E=0.747 g=0.105 VarTD=0.149336 ret_end=-26.226 dbar_end=0.717 occ_end=0.128 CSR_train=0.000 done_count=125
[upd 70] u=0 upd_ctr=7 opt_step=112 E=0.794 g=0.133 VarTD=0.146442 ret_end=-25.185 dbar_end=0.642 occ_end=0.200 CSR_train=0.000 done_count=125
[upd 80] u=0 upd_ctr=8 opt_step=128 E=0.867 g=0.125 VarTD=0.169433 ret_end=-25.341 dbar_end=0.662 occ_end=0.200 CSR_train=0.008 done_count=125
[upd 90] u=0 upd_ctr=9 opt_step=144 E=0.983 g=0.113 VarTD=0.181877 ret_end=-27.173 dbar_end=0.695 occ_end=0.168 CSR_train=0.000 done_count=125
[upd 100] u=1 upd_ctr=11 opt_step=176 E=0.148 g=0.109 VarTD=0.170253 ret_end=-26.406 dbar_end=0.705 occ_end=0.160 CSR_train=0.000 done_count=125
[upd 110] u=0 upd_ctr=12 opt_step=192 E=0.258 g=0.114 VarTD=0.203498 ret_end=-26.415 dbar_end=0.692 occ_end=0.208 CSR_train=0.000 done_count=125
[upd 120] u=0 upd_ctr=13 opt_step=208 E=0.474 g=0.134 VarTD=0.212429 ret_end=-25.440 dbar_end=0.641 occ_end=0.256 CSR_train=0.008 done_count=125
[upd 130] u=0 upd_ctr=14 opt_step=224 E=0.606 g=0.129 VarTD=0.220760 ret_end=-25.643 dbar_end=0.653 occ_end=0.270 CSR_train=0.000 done_count=100
[upd 140] u=0 upd_ctr=15 opt_step=240 E=0.775 g=0.133 VarTD=0.282799 ret_end=-25.491 dbar_end=0.642 occ_end=0.248 CSR_train=0.000 done_count=125
[upd 150] u=0 upd_ctr=16 opt_step=256 E=1.000 g=0.127 VarTD=0.336519 ret_end=-25.276 dbar_end=0.656 occ_end=0.232 CSR_train=0.000 done_count=125
[upd 160] u=0 upd_ctr=18 opt_step=288 E=0.293 g=0.145 VarTD=0.452924 ret_end=-24.669 dbar_end=0.615 occ_end=0.232 CSR_train=0.000 done_count=125
[upd 170] u=0 upd_ctr=19 opt_step=304 E=0.562 g=0.136 VarTD=0.518483 ret_end=-25.076 dbar_end=0.636 occ_end=0.208 CSR_train=0.000 done_count=125
[upd 180] u=0 upd_ctr=20 opt_step=320 E=0.973 g=0.137 VarTD=0.593216 ret_end=-25.706 dbar_end=0.633 occ_end=0.232 CSR_train=0.000 done_count=125
[upd 190] u=0 upd_ctr=22 opt_step=352 E=0.428 g=0.162 VarTD=0.804245 ret_end=-23.918 dbar_end=0.581 occ_end=0.200 CSR_train=0.000 done_count=125
[upd 200] u=0 upd_ctr=23 opt_step=368 E=0.871 g=0.145 VarTD=0.903638 ret_end=-24.963 dbar_end=0.615 occ_end=0.248 CSR_train=0.000 done_count=125
[upd 210] u=0 upd_ctr=25 opt_step=400 E=0.341 g=0.157 VarTD=1.173287 ret_end=-24.383 dbar_end=0.591 occ_end=0.184 CSR_train=0.008 done_count=125
[upd 220] u=0 upd_ctr=26 opt_step=416 E=0.736 g=0.161 VarTD=1.286189 ret_end=-24.284 dbar_end=0.582 occ_end=0.312 CSR_train=0.000 done_count=125
[upd 230] u=1 upd_ctr=28 opt_step=448 E=0.207 g=0.175 VarTD=1.450130 ret_end=-23.573 dbar_end=0.555 occ_end=0.216 CSR_train=0.000 done_count=125
[upd 240] u=0 upd_ctr=29 opt_step=464 E=0.639 g=0.168 VarTD=1.698504 ret_end=-24.421 dbar_end=0.569 occ_end=0.248 CSR_train=0.000 done_count=125
[upd 250] u=0 upd_ctr=30 opt_step=480 E=1.000 g=0.172 VarTD=1.846005 ret_end=-24.256 dbar_end=0.561 occ_end=0.248 CSR_train=0.000 done_count=125
[upd 260] u=0 upd_ctr=32 opt_step=512 E=0.595 g=0.171 VarTD=1.732160 ret_end=-23.946 dbar_end=0.563 occ_end=0.290 CSR_train=0.010 done_count=100
[upd 270] u=1 upd_ctr=34 opt_step=544 E=0.203 g=0.174 VarTD=2.281405 ret_end=-23.727 dbar_end=0.557 occ_end=0.368 CSR_train=0.000 done_count=125
[upd 280] u=0 upd_ctr=35 opt_step=560 E=0.809 g=0.165 VarTD=2.634905 ret_end=-24.487 dbar_end=0.575 occ_end=0.240 CSR_train=0.000 done_count=125
[upd 290] u=0 upd_ctr=37 opt_step=592 E=0.361 g=0.164 VarTD=2.884483 ret_end=-24.193 dbar_end=0.575 occ_end=0.264 CSR_train=0.000 done_count=125
[upd 300] u=0 upd_ctr=38 opt_step=608 E=0.984 g=0.160 VarTD=3.049555 ret_end=-23.892 dbar_end=0.583 occ_end=0.344 CSR_train=0.000 done_count=125
[upd 310] u=0 upd_ctr=40 opt_step=640 E=0.597 g=0.174 VarTD=3.390289 ret_end=-22.544 dbar_end=0.557 occ_end=0.344 CSR_train=0.000 done_count=125
[Gate5 check] update_counter violations: t0=0 diffs=0
[Gate5 check] opt_step violations: t0=0 diffs=0 (expected_inc=16)
[Gate5 check] NaN masking: nan_on_skip=True finite_on_update=True
[Gate5 summary] mean_update_fraction=0.1282 final_executed_updates_mean=40.00
[Gate5 eval] done_count mean=100.0 CSR mean=0.0000 len_end_mean=26.00
[Gate5 eval] episodes_per_env=4 T_eval=104
[Gate5 eval-debug] locked_eps_occ=0.20 pre(step25): dbar_end=0.513342 occupied_end_mean=0.340000 max_tilde_end_mean=0.733994 CSR@locked=0.000000
[Gate5 eval-debug] locked_eps_occ=0.20 post(step26): dbar_end=0.504811 occupied_end_mean=0.330000 max_tilde_end_mean=0.731815 CSR@locked=0.000000
[Gate5 eval-debug] CSR_pre@0.10=0.0000 CSR_pre@0.15=0.0000 CSR_pre@0.20=0.0000 CSR_pre@0.25=0.0000 CSR_pre@0.30=0.0100
[Gate5 eval-debug] CSR_post@0.10=0.0000 CSR_post@0.15=0.0000 CSR_post@0.20=0.0000 CSR_post@0.25=0.0000 CSR_post@0.30=0.0200
