Importing submoduled environments...
Submoduled environments not found. Skipping import.
[upd 0] u=1 upd_ctr=1 opt_step=16 E=0.121 g=0.089 VarTD=0.203202 ret_end=-28.238 dbar_end=0.769 occ_end=0.170 CSR_train=0.000 done_count=100
[upd 10] u=0 upd_ctr=1 opt_step=16 E=0.883 g=0.094 VarTD=0.178732 ret_end=-27.407 dbar_end=0.753 occ_end=0.200 CSR_train=0.000 done_count=125
[upd 20] u=0 upd_ctr=2 opt_step=32 E=0.724 g=0.097 VarTD=0.141477 ret_end=-27.985 dbar_end=0.742 occ_end=0.160 CSR_train=0.000 done_count=125
[upd 30] u=0 upd_ctr=3 opt_step=48 E=0.529 g=0.101 VarTD=0.140206 ret_end=-27.163 dbar_end=0.731 occ_end=0.192 CSR_train=0.000 done_count=125
[upd 40] u=0 upd_ctr=4 opt_step=64 E=0.466 g=0.117 VarTD=0.132328 ret_end=-25.615 dbar_end=0.683 occ_end=0.216 CSR_train=0.000 done_count=125
[upd 50] u=0 upd_ctr=5 opt_step=80 E=0.427 g=0.107 VarTD=0.153254 ret_end=-26.406 dbar_end=0.711 occ_end=0.112 CSR_train=0.000 done_count=125
[upd 60] u=0 upd_ctr=6 opt_step=96 E=0.419 g=0.127 VarTD=0.135857 ret_end=-25.969 dbar_end=0.658 occ_end=0.240 CSR_train=0.000 done_count=125
[upd 70] u=0 upd_ctr=7 opt_step=112 E=0.444 g=0.121 VarTD=0.141603 ret_end=-26.045 dbar_end=0.673 occ_end=0.248 CSR_train=0.000 done_count=125
[upd 80] u=0 upd_ctr=8 opt_step=128 E=0.466 g=0.132 VarTD=0.147191 ret_end=-24.536 dbar_end=0.644 occ_end=0.152 CSR_train=0.000 done_count=125
[upd 90] u=0 upd_ctr=9 opt_step=144 E=0.573 g=0.146 VarTD=0.155258 ret_end=-24.702 dbar_end=0.612 occ_end=0.208 CSR_train=0.008 done_count=125
[upd 100] u=0 upd_ctr=10 opt_step=160 E=0.686 g=0.124 VarTD=0.158701 ret_end=-26.328 dbar_end=0.664 occ_end=0.184 CSR_train=0.000 done_count=125
[upd 110] u=0 upd_ctr=11 opt_step=176 E=0.824 g=0.136 VarTD=0.157342 ret_end=-25.337 dbar_end=0.636 occ_end=0.200 CSR_train=0.000 done_count=125
[upd 120] u=0 upd_ctr=12 opt_step=192 E=0.960 g=0.141 VarTD=0.203018 ret_end=-25.378 dbar_end=0.625 occ_end=0.272 CSR_train=0.000 done_count=125
[upd 130] u=0 upd_ctr=14 opt_step=224 E=0.268 g=0.150 VarTD=0.216165 ret_end=-25.077 dbar_end=0.603 occ_end=0.300 CSR_train=0.000 done_count=100
[upd 140] u=0 upd_ctr=15 opt_step=240 E=0.505 g=0.150 VarTD=0.286470 ret_end=-24.357 dbar_end=0.604 occ_end=0.248 CSR_train=0.000 done_count=125
[upd 150] u=0 upd_ctr=16 opt_step=256 E=0.752 g=0.149 VarTD=0.339764 ret_end=-25.590 dbar_end=0.606 occ_end=0.288 CSR_train=0.000 done_count=125
[upd 160] u=0 upd_ctr=17 opt_step=272 E=1.000 g=0.145 VarTD=0.369346 ret_end=-24.265 dbar_end=0.615 occ_end=0.176 CSR_train=0.000 done_count=125
[upd 170] u=0 upd_ctr=19 opt_step=304 E=0.298 g=0.155 VarTD=0.544945 ret_end=-24.892 dbar_end=0.595 occ_end=0.312 CSR_train=0.000 done_count=125
[upd 180] u=0 upd_ctr=20 opt_step=320 E=0.583 g=0.172 VarTD=0.618332 ret_end=-24.286 dbar_end=0.561 occ_end=0.296 CSR_train=0.000 done_count=125
[upd 190] u=0 upd_ctr=21 opt_step=336 E=0.799 g=0.152 VarTD=0.716431 ret_end=-24.746 dbar_end=0.599 occ_end=0.288 CSR_train=0.000 done_count=125
[upd 200] u=0 upd_ctr=22 opt_step=352 E=1.000 g=0.150 VarTD=0.777382 ret_end=-24.805 dbar_end=0.605 occ_end=0.256 CSR_train=0.008 done_count=125
[upd 210] u=0 upd_ctr=24 opt_step=384 E=0.316 g=0.163 VarTD=1.037896 ret_end=-23.528 dbar_end=0.578 occ_end=0.296 CSR_train=0.000 done_count=125
[upd 220] u=0 upd_ctr=25 opt_step=400 E=0.548 g=0.155 VarTD=1.093982 ret_end=-24.531 dbar_end=0.594 occ_end=0.264 CSR_train=0.000 done_count=125
[upd 230] u=0 upd_ctr=26 opt_step=416 E=0.815 g=0.146 VarTD=1.229486 ret_end=-24.498 dbar_end=0.612 occ_end=0.232 CSR_train=0.000 done_count=125
[upd 240] u=0 upd_ctr=27 opt_step=432 E=1.000 g=0.159 VarTD=1.334540 ret_end=-23.524 dbar_end=0.585 occ_end=0.312 CSR_train=0.000 done_count=125
[upd 250] u=0 upd_ctr=29 opt_step=464 E=0.304 g=0.161 VarTD=1.643140 ret_end=-24.023 dbar_end=0.581 occ_end=0.264 CSR_train=0.008 done_count=125
[upd 260] u=0 upd_ctr=30 opt_step=480 E=0.655 g=0.165 VarTD=1.449104 ret_end=-24.208 dbar_end=0.573 occ_end=0.220 CSR_train=0.000 done_count=100
[upd 270] u=0 upd_ctr=31 opt_step=496 E=0.945 g=0.156 VarTD=1.918599 ret_end=-24.998 dbar_end=0.592 occ_end=0.248 CSR_train=0.000 done_count=125
[upd 280] u=0 upd_ctr=33 opt_step=528 E=0.264 g=0.169 VarTD=2.256032 ret_end=-23.824 dbar_end=0.567 occ_end=0.272 CSR_train=0.000 done_count=125
[upd 290] u=0 upd_ctr=34 opt_step=544 E=0.587 g=0.173 VarTD=2.408277 ret_end=-23.601 dbar_end=0.560 occ_end=0.336 CSR_train=0.000 done_count=125
[upd 300] u=0 upd_ctr=35 opt_step=560 E=0.940 g=0.156 VarTD=2.543032 ret_end=-24.242 dbar_end=0.592 occ_end=0.176 CSR_train=0.000 done_count=125
[upd 310] u=0 upd_ctr=37 opt_step=592 E=0.265 g=0.159 VarTD=2.894094 ret_end=-23.420 dbar_end=0.586 occ_end=0.256 CSR_train=0.008 done_count=125
[Gate5 check] update_counter violations: t0=0 diffs=0
[Gate5 check] opt_step violations: t0=0 diffs=0 (expected_inc=16)
[Gate5 check] NaN masking: nan_on_skip=True finite_on_update=True
[Gate5 summary] mean_update_fraction=0.1186 final_executed_updates_mean=37.00
[Gate5 eval] done_count mean=100.0 CSR mean=0.0000 len_end_mean=26.00
[Gate5 eval] episodes_per_env=4 T_eval=104
[Gate5 eval-debug] locked_eps_occ=0.20 pre(step25): dbar_end=0.457817 occupied_end_mean=0.470000 max_tilde_end_mean=0.659523 CSR@locked=0.000000
[Gate5 eval-debug] locked_eps_occ=0.20 post(step26): dbar_end=0.451234 occupied_end_mean=0.500000 max_tilde_end_mean=0.660370 CSR@locked=0.000000
[Gate5 eval-debug] CSR_pre@0.10=0.0000 CSR_pre@0.15=0.0000 CSR_pre@0.20=0.0000 CSR_pre@0.25=0.0100 CSR_pre@0.30=0.0400
[Gate5 eval-debug] CSR_post@0.10=0.0000 CSR_post@0.15=0.0000 CSR_post@0.20=0.0000 CSR_post@0.25=0.0000 CSR_post@0.30=0.0200
