Importing submoduled environments...
Submoduled environments not found. Skipping import.
[upd 0] u=1 upd_ctr=1 opt_step=16 E=0.440 g=0.097 VarTD=0.135831 ret_end=-26.760 dbar_end=0.743 occ_end=0.210 CSR_train=0.000 done_count=100
[upd 10] u=0 upd_ctr=1 opt_step=16 E=0.440 g=0.103 VarTD=0.167736 ret_end=-26.060 dbar_end=0.724 occ_end=0.152 CSR_train=0.000 done_count=125
[upd 20] u=0 upd_ctr=1 opt_step=16 E=0.440 g=0.084 VarTD=0.172577 ret_end=-27.648 dbar_end=0.790 occ_end=0.136 CSR_train=0.000 done_count=125
[upd 30] u=0 upd_ctr=1 opt_step=16 E=0.440 g=0.092 VarTD=0.196471 ret_end=-27.026 dbar_end=0.761 occ_end=0.144 CSR_train=0.008 done_count=125
[upd 40] u=0 upd_ctr=1 opt_step=16 E=0.440 g=0.099 VarTD=0.146959 ret_end=-26.793 dbar_end=0.736 occ_end=0.152 CSR_train=0.000 done_count=125
[upd 50] u=0 upd_ctr=1 opt_step=16 E=0.440 g=0.084 VarTD=0.159081 ret_end=-27.540 dbar_end=0.789 occ_end=0.112 CSR_train=0.000 done_count=125
[upd 60] u=0 upd_ctr=1 opt_step=16 E=0.440 g=0.097 VarTD=0.142268 ret_end=-27.796 dbar_end=0.743 occ_end=0.200 CSR_train=0.000 done_count=125
[upd 70] u=0 upd_ctr=1 opt_step=16 E=0.440 g=0.094 VarTD=0.135258 ret_end=-27.442 dbar_end=0.754 occ_end=0.136 CSR_train=0.000 done_count=125
[upd 80] u=0 upd_ctr=1 opt_step=16 E=0.440 g=0.097 VarTD=0.127842 ret_end=-27.221 dbar_end=0.745 occ_end=0.184 CSR_train=0.000 done_count=125
[upd 90] u=0 upd_ctr=1 opt_step=16 E=0.440 g=0.083 VarTD=0.126050 ret_end=-28.186 dbar_end=0.794 occ_end=0.080 CSR_train=0.000 done_count=125
[upd 100] u=0 upd_ctr=1 opt_step=16 E=0.440 g=0.088 VarTD=0.147500 ret_end=-27.770 dbar_end=0.775 occ_end=0.064 CSR_train=0.000 done_count=125
[upd 110] u=0 upd_ctr=1 opt_step=16 E=0.440 g=0.100 VarTD=0.162628 ret_end=-26.235 dbar_end=0.734 occ_end=0.184 CSR_train=0.008 done_count=125
[upd 120] u=0 upd_ctr=1 opt_step=16 E=0.440 g=0.100 VarTD=0.143437 ret_end=-26.550 dbar_end=0.732 occ_end=0.144 CSR_train=0.000 done_count=125
[upd 130] u=0 upd_ctr=1 opt_step=16 E=0.440 g=0.086 VarTD=0.136101 ret_end=-27.656 dbar_end=0.782 occ_end=0.130 CSR_train=0.000 done_count=100
[upd 140] u=0 upd_ctr=1 opt_step=16 E=0.440 g=0.084 VarTD=0.196341 ret_end=-28.480 dbar_end=0.788 occ_end=0.136 CSR_train=0.008 done_count=125
[upd 150] u=0 upd_ctr=1 opt_step=16 E=0.440 g=0.089 VarTD=0.169639 ret_end=-27.699 dbar_end=0.772 occ_end=0.104 CSR_train=0.000 done_count=125
[upd 160] u=0 upd_ctr=1 opt_step=16 E=0.440 g=0.083 VarTD=0.154773 ret_end=-27.802 dbar_end=0.791 occ_end=0.152 CSR_train=0.000 done_count=125
[upd 170] u=0 upd_ctr=1 opt_step=16 E=0.440 g=0.089 VarTD=0.175461 ret_end=-27.573 dbar_end=0.770 occ_end=0.168 CSR_train=0.000 done_count=125
[upd 180] u=0 upd_ctr=1 opt_step=16 E=0.440 g=0.097 VarTD=0.134439 ret_end=-27.170 dbar_end=0.743 occ_end=0.136 CSR_train=0.000 done_count=125
[upd 190] u=0 upd_ctr=1 opt_step=16 E=0.440 g=0.095 VarTD=0.162100 ret_end=-27.002 dbar_end=0.749 occ_end=0.144 CSR_train=0.000 done_count=125
[upd 200] u=0 upd_ctr=1 opt_step=16 E=0.440 g=0.083 VarTD=0.180899 ret_end=-28.645 dbar_end=0.792 occ_end=0.136 CSR_train=0.000 done_count=125
[upd 210] u=0 upd_ctr=1 opt_step=16 E=0.440 g=0.077 VarTD=0.164496 ret_end=-28.943 dbar_end=0.815 occ_end=0.176 CSR_train=0.000 done_count=125
[upd 220] u=0 upd_ctr=1 opt_step=16 E=0.440 g=0.094 VarTD=0.171714 ret_end=-27.314 dbar_end=0.753 occ_end=0.168 CSR_train=0.000 done_count=125
[upd 230] u=0 upd_ctr=1 opt_step=16 E=0.440 g=0.101 VarTD=0.128437 ret_end=-26.145 dbar_end=0.731 occ_end=0.144 CSR_train=0.000 done_count=125
[upd 240] u=0 upd_ctr=1 opt_step=16 E=0.440 g=0.099 VarTD=0.154012 ret_end=-26.391 dbar_end=0.736 occ_end=0.176 CSR_train=0.000 done_count=125
[upd 250] u=0 upd_ctr=1 opt_step=16 E=0.440 g=0.106 VarTD=0.148727 ret_end=-27.016 dbar_end=0.714 occ_end=0.240 CSR_train=0.008 done_count=125
[upd 260] u=0 upd_ctr=1 opt_step=16 E=0.440 g=0.089 VarTD=0.178625 ret_end=-27.112 dbar_end=0.771 occ_end=0.110 CSR_train=0.000 done_count=100
[upd 270] u=0 upd_ctr=1 opt_step=16 E=0.440 g=0.106 VarTD=0.125842 ret_end=-25.820 dbar_end=0.715 occ_end=0.168 CSR_train=0.000 done_count=125
[upd 280] u=0 upd_ctr=1 opt_step=16 E=0.440 g=0.094 VarTD=0.153768 ret_end=-27.141 dbar_end=0.754 occ_end=0.144 CSR_train=0.000 done_count=125
[upd 290] u=0 upd_ctr=1 opt_step=16 E=0.440 g=0.087 VarTD=0.185223 ret_end=-27.586 dbar_end=0.779 occ_end=0.160 CSR_train=0.000 done_count=125
[upd 300] u=0 upd_ctr=1 opt_step=16 E=0.440 g=0.088 VarTD=0.150702 ret_end=-28.012 dbar_end=0.776 occ_end=0.136 CSR_train=0.000 done_count=125
[upd 310] u=0 upd_ctr=1 opt_step=16 E=0.440 g=0.096 VarTD=0.140663 ret_end=-27.117 dbar_end=0.746 occ_end=0.152 CSR_train=0.000 done_count=125
[Gate5 check] update_counter violations: t0=0 diffs=0
[Gate5 check] opt_step violations: t0=0 diffs=0 (expected_inc=16)
[Gate5 check] NaN masking: nan_on_skip=True finite_on_update=True
[Gate5 summary] mean_update_fraction=0.0032 final_executed_updates_mean=1.00
[Gate5 eval] done_count mean=100.0 CSR mean=0.0000 len_end_mean=26.00
[Gate5 eval] episodes_per_env=4 T_eval=104
[Gate5 eval-debug] locked_eps_occ=0.20 pre(step25): dbar_end=0.651927 occupied_end_mean=0.180000 max_tilde_end_mean=0.989476 CSR@locked=0.000000
[Gate5 eval-debug] locked_eps_occ=0.20 post(step26): dbar_end=0.653425 occupied_end_mean=0.260000 max_tilde_end_mean=0.989434 CSR@locked=0.000000
[Gate5 eval-debug] CSR_pre@0.10=0.0000 CSR_pre@0.15=0.0000 CSR_pre@0.20=0.0000 CSR_pre@0.25=0.0000 CSR_pre@0.30=0.0000
[Gate5 eval-debug] CSR_post@0.10=0.0000 CSR_post@0.15=0.0000 CSR_post@0.20=0.0000 CSR_post@0.25=0.0000 CSR_post@0.30=0.0000
