Importing submoduled environments...
Submoduled environments not found. Skipping import.
[upd 0] u=1 upd_ctr=1 opt_step=16 E=0.078 g=0.094 VarTD=0.148631 ret_end=-26.843 dbar_end=0.752 occ_end=0.140 CSR_train=0.000 done_count=100
[upd 10] u=0 upd_ctr=1 opt_step=16 E=0.354 g=0.098 VarTD=0.120442 ret_end=-26.989 dbar_end=0.738 occ_end=0.144 CSR_train=0.000 done_count=125
[upd 20] u=0 upd_ctr=1 opt_step=16 E=0.630 g=0.093 VarTD=0.164388 ret_end=-27.803 dbar_end=0.757 occ_end=0.128 CSR_train=0.000 done_count=125
[upd 30] u=0 upd_ctr=1 opt_step=16 E=0.903 g=0.089 VarTD=0.129913 ret_end=-27.111 dbar_end=0.771 occ_end=0.144 CSR_train=0.000 done_count=125
[upd 40] u=0 upd_ctr=2 opt_step=32 E=0.250 g=0.106 VarTD=0.151665 ret_end=-26.649 dbar_end=0.714 occ_end=0.208 CSR_train=0.008 done_count=125
[upd 50] u=0 upd_ctr=2 opt_step=32 E=0.538 g=0.105 VarTD=0.131623 ret_end=-27.216 dbar_end=0.718 occ_end=0.176 CSR_train=0.000 done_count=125
[upd 60] u=0 upd_ctr=2 opt_step=32 E=0.822 g=0.093 VarTD=0.151176 ret_end=-27.377 dbar_end=0.758 occ_end=0.144 CSR_train=0.000 done_count=125
[upd 70] u=0 upd_ctr=3 opt_step=48 E=0.176 g=0.104 VarTD=0.138525 ret_end=-26.279 dbar_end=0.720 occ_end=0.176 CSR_train=0.000 done_count=125
[upd 80] u=0 upd_ctr=3 opt_step=48 E=0.477 g=0.102 VarTD=0.120637 ret_end=-26.283 dbar_end=0.727 occ_end=0.160 CSR_train=0.000 done_count=125
[upd 90] u=0 upd_ctr=3 opt_step=48 E=0.781 g=0.107 VarTD=0.133003 ret_end=-26.197 dbar_end=0.713 occ_end=0.232 CSR_train=0.000 done_count=125
[upd 100] u=0 upd_ctr=4 opt_step=64 E=0.146 g=0.095 VarTD=0.166772 ret_end=-27.124 dbar_end=0.749 occ_end=0.096 CSR_train=0.000 done_count=125
[upd 110] u=0 upd_ctr=4 opt_step=64 E=0.458 g=0.099 VarTD=0.173697 ret_end=-27.043 dbar_end=0.735 occ_end=0.152 CSR_train=0.000 done_count=125
[upd 120] u=0 upd_ctr=4 opt_step=64 E=0.755 g=0.094 VarTD=0.133648 ret_end=-26.734 dbar_end=0.754 occ_end=0.168 CSR_train=0.000 done_count=125
[upd 130] u=0 upd_ctr=5 opt_step=80 E=0.119 g=0.100 VarTD=0.127896 ret_end=-27.126 dbar_end=0.735 occ_end=0.220 CSR_train=0.000 done_count=100
[upd 140] u=0 upd_ctr=5 opt_step=80 E=0.435 g=0.095 VarTD=0.152904 ret_end=-28.020 dbar_end=0.749 occ_end=0.168 CSR_train=0.000 done_count=125
[upd 150] u=0 upd_ctr=5 opt_step=80 E=0.759 g=0.100 VarTD=0.126108 ret_end=-26.430 dbar_end=0.733 occ_end=0.112 CSR_train=0.000 done_count=125
[upd 160] u=0 upd_ctr=6 opt_step=96 E=0.130 g=0.107 VarTD=0.133425 ret_end=-27.052 dbar_end=0.713 occ_end=0.184 CSR_train=0.000 done_count=125
[upd 170] u=0 upd_ctr=6 opt_step=96 E=0.458 g=0.100 VarTD=0.153238 ret_end=-27.417 dbar_end=0.734 occ_end=0.160 CSR_train=0.000 done_count=125
[upd 180] u=0 upd_ctr=6 opt_step=96 E=0.791 g=0.101 VarTD=0.147031 ret_end=-26.462 dbar_end=0.731 occ_end=0.176 CSR_train=0.000 done_count=125
[upd 190] u=0 upd_ctr=7 opt_step=112 E=0.186 g=0.114 VarTD=0.142933 ret_end=-25.898 dbar_end=0.693 occ_end=0.176 CSR_train=0.000 done_count=125
[upd 200] u=0 upd_ctr=7 opt_step=112 E=0.536 g=0.109 VarTD=0.136427 ret_end=-26.688 dbar_end=0.706 occ_end=0.144 CSR_train=0.000 done_count=125
[upd 210] u=0 upd_ctr=7 opt_step=112 E=0.871 g=0.115 VarTD=0.154893 ret_end=-26.002 dbar_end=0.690 occ_end=0.176 CSR_train=0.000 done_count=125
[upd 220] u=0 upd_ctr=8 opt_step=128 E=0.272 g=0.105 VarTD=0.159991 ret_end=-27.593 dbar_end=0.719 occ_end=0.184 CSR_train=0.008 done_count=125
[upd 230] u=0 upd_ctr=8 opt_step=128 E=0.622 g=0.131 VarTD=0.141948 ret_end=-24.576 dbar_end=0.647 occ_end=0.256 CSR_train=0.000 done_count=125
[upd 240] u=0 upd_ctr=8 opt_step=128 E=0.976 g=0.117 VarTD=0.128970 ret_end=-25.534 dbar_end=0.683 occ_end=0.168 CSR_train=0.000 done_count=125
[upd 250] u=0 upd_ctr=9 opt_step=144 E=0.382 g=0.118 VarTD=0.144255 ret_end=-25.551 dbar_end=0.680 occ_end=0.168 CSR_train=0.000 done_count=125
[upd 260] u=0 upd_ctr=9 opt_step=144 E=0.746 g=0.121 VarTD=0.141956 ret_end=-25.753 dbar_end=0.673 occ_end=0.220 CSR_train=0.000 done_count=100
[upd 270] u=0 upd_ctr=10 opt_step=160 E=0.157 g=0.124 VarTD=0.153791 ret_end=-25.825 dbar_end=0.666 occ_end=0.208 CSR_train=0.000 done_count=125
[upd 280] u=0 upd_ctr=10 opt_step=160 E=0.532 g=0.136 VarTD=0.158691 ret_end=-25.498 dbar_end=0.634 occ_end=0.232 CSR_train=0.000 done_count=125
[upd 290] u=0 upd_ctr=10 opt_step=160 E=0.894 g=0.115 VarTD=0.186261 ret_end=-26.900 dbar_end=0.688 occ_end=0.208 CSR_train=0.000 done_count=125
[upd 300] u=0 upd_ctr=11 opt_step=176 E=0.318 g=0.108 VarTD=0.182793 ret_end=-27.149 dbar_end=0.708 occ_end=0.160 CSR_train=0.000 done_count=125
[upd 310] u=0 upd_ctr=11 opt_step=176 E=0.699 g=0.117 VarTD=0.173139 ret_end=-26.527 dbar_end=0.683 occ_end=0.160 CSR_train=0.000 done_count=125
[Gate5 check] update_counter violations: t0=0 diffs=0
[Gate5 check] opt_step violations: t0=0 diffs=0 (expected_inc=16)
[Gate5 check] NaN masking: nan_on_skip=True finite_on_update=True
[Gate5 summary] mean_update_fraction=0.0353 final_executed_updates_mean=11.00
[Gate5 eval] done_count mean=100.0 CSR mean=0.0100 len_end_mean=26.00
[Gate5 eval] episodes_per_env=4 T_eval=104
[Gate5 eval-debug] locked_eps_occ=0.20 pre(step25): dbar_end=0.476019 occupied_end_mean=0.410000 max_tilde_end_mean=0.693646 CSR@locked=0.010000
[Gate5 eval-debug] locked_eps_occ=0.20 post(step26): dbar_end=0.478986 occupied_end_mean=0.480000 max_tilde_end_mean=0.694334 CSR@locked=0.010000
[Gate5 eval-debug] CSR_pre@0.10=0.0000 CSR_pre@0.15=0.0100 CSR_pre@0.20=0.0100 CSR_pre@0.25=0.0100 CSR_pre@0.30=0.0300
[Gate5 eval-debug] CSR_post@0.10=0.0000 CSR_post@0.15=0.0000 CSR_post@0.20=0.0100 CSR_post@0.25=0.0100 CSR_post@0.30=0.0200
