Importing submoduled environments...
Submoduled environments not found. Skipping import.
[upd 0] u=1 upd_ctr=1 opt_step=16 E=0.138 g=0.094 VarTD=0.148631 ret_end=-26.843 dbar_end=0.752 occ_end=0.140 CSR_train=0.000 done_count=100
[upd 10] u=0 upd_ctr=1 opt_step=16 E=0.505 g=0.098 VarTD=0.120442 ret_end=-26.989 dbar_end=0.738 occ_end=0.144 CSR_train=0.000 done_count=125
[upd 20] u=0 upd_ctr=1 opt_step=16 E=0.874 g=0.093 VarTD=0.164388 ret_end=-27.803 dbar_end=0.757 occ_end=0.128 CSR_train=0.000 done_count=125
[upd 30] u=0 upd_ctr=2 opt_step=32 E=0.352 g=0.095 VarTD=0.131607 ret_end=-26.873 dbar_end=0.751 occ_end=0.160 CSR_train=0.000 done_count=125
[upd 40] u=0 upd_ctr=2 opt_step=32 E=0.758 g=0.104 VarTD=0.148718 ret_end=-26.712 dbar_end=0.720 occ_end=0.160 CSR_train=0.000 done_count=125
[upd 50] u=0 upd_ctr=3 opt_step=48 E=0.259 g=0.109 VarTD=0.132786 ret_end=-26.912 dbar_end=0.707 occ_end=0.176 CSR_train=0.000 done_count=125
[upd 60] u=0 upd_ctr=3 opt_step=48 E=0.664 g=0.101 VarTD=0.150137 ret_end=-27.016 dbar_end=0.729 occ_end=0.144 CSR_train=0.000 done_count=125
[upd 70] u=0 upd_ctr=4 opt_step=64 E=0.193 g=0.109 VarTD=0.135000 ret_end=-25.900 dbar_end=0.706 occ_end=0.136 CSR_train=0.000 done_count=125
[upd 80] u=0 upd_ctr=4 opt_step=64 E=0.622 g=0.111 VarTD=0.117841 ret_end=-26.102 dbar_end=0.700 occ_end=0.168 CSR_train=0.000 done_count=125
[upd 90] u=0 upd_ctr=5 opt_step=80 E=0.153 g=0.122 VarTD=0.129894 ret_end=-25.315 dbar_end=0.670 occ_end=0.208 CSR_train=0.000 done_count=125
[upd 100] u=0 upd_ctr=5 opt_step=80 E=0.613 g=0.107 VarTD=0.166125 ret_end=-26.824 dbar_end=0.713 occ_end=0.184 CSR_train=0.000 done_count=125
[upd 110] u=0 upd_ctr=6 opt_step=96 E=0.165 g=0.115 VarTD=0.165866 ret_end=-25.995 dbar_end=0.688 occ_end=0.200 CSR_train=0.000 done_count=125
[upd 120] u=0 upd_ctr=6 opt_step=96 E=0.612 g=0.113 VarTD=0.128863 ret_end=-26.044 dbar_end=0.695 occ_end=0.184 CSR_train=0.000 done_count=125
[Gate5 check] update_counter violations: t0=0 diffs=0
[Gate5 check] opt_step violations: t0=0 diffs=0 (expected_inc=16)
[Gate5 check] NaN masking: nan_on_skip=True finite_on_update=True
[Gate5 summary] mean_update_fraction=0.0480 final_executed_updates_mean=6.00
[Gate5 eval] done_count mean=100.0 CSR mean=0.0000 len_end_mean=26.00
[Gate5 eval] episodes_per_env=4 T_eval=104
[Gate5 eval-debug] locked_eps_occ=0.20 pre(step25): dbar_end=0.507759 occupied_end_mean=0.350000 max_tilde_end_mean=0.734182 CSR@locked=0.000000
[Gate5 eval-debug] locked_eps_occ=0.20 post(step26): dbar_end=0.512527 occupied_end_mean=0.300000 max_tilde_end_mean=0.726377 CSR@locked=0.000000
[Gate5 eval-debug] CSR_pre@0.10=0.0000 CSR_pre@0.15=0.0000 CSR_pre@0.20=0.0000 CSR_pre@0.25=0.0100 CSR_pre@0.30=0.0100
[Gate5 eval-debug] CSR_post@0.10=0.0000 CSR_post@0.15=0.0000 CSR_post@0.20=0.0000 CSR_post@0.25=0.0100 CSR_post@0.30=0.0100
