Importing submoduled environments...
Submoduled environments not found. Skipping import.
[upd 0] u=1 upd_ctr=1 opt_step=16 E=0.051 g=0.102 VarTD=0.148347 ret_end=-26.397 dbar_end=0.726 occ_end=0.190 CSR_train=0.000 done_count=100
[upd 10] u=0 upd_ctr=1 opt_step=16 E=0.517 g=0.089 VarTD=0.167256 ret_end=-27.327 dbar_end=0.769 occ_end=0.152 CSR_train=0.008 done_count=125
[upd 20] u=0 upd_ctr=1 opt_step=16 E=0.983 g=0.085 VarTD=0.176565 ret_end=-27.948 dbar_end=0.785 occ_end=0.184 CSR_train=0.000 done_count=125
[upd 30] u=0 upd_ctr=2 opt_step=32 E=0.436 g=0.099 VarTD=0.166080 ret_end=-27.818 dbar_end=0.738 occ_end=0.200 CSR_train=0.000 done_count=125
[upd 40] u=0 upd_ctr=2 opt_step=32 E=0.919 g=0.098 VarTD=0.161146 ret_end=-27.083 dbar_end=0.738 occ_end=0.120 CSR_train=0.000 done_count=125
[upd 50] u=0 upd_ctr=3 opt_step=48 E=0.391 g=0.115 VarTD=0.151640 ret_end=-26.016 dbar_end=0.689 occ_end=0.216 CSR_train=0.000 done_count=125
[upd 60] u=0 upd_ctr=3 opt_step=48 E=0.885 g=0.088 VarTD=0.184674 ret_end=-28.595 dbar_end=0.775 occ_end=0.120 CSR_train=0.000 done_count=125
[upd 70] u=0 upd_ctr=4 opt_step=64 E=0.359 g=0.105 VarTD=0.157327 ret_end=-26.383 dbar_end=0.717 occ_end=0.160 CSR_train=0.000 done_count=125
[upd 80] u=0 upd_ctr=4 opt_step=64 E=0.882 g=0.106 VarTD=0.132384 ret_end=-27.377 dbar_end=0.716 occ_end=0.184 CSR_train=0.000 done_count=125
[upd 90] u=0 upd_ctr=5 opt_step=80 E=0.359 g=0.102 VarTD=0.139236 ret_end=-26.177 dbar_end=0.726 occ_end=0.136 CSR_train=0.000 done_count=125
[upd 100] u=0 upd_ctr=5 opt_step=80 E=0.925 g=0.106 VarTD=0.161250 ret_end=-26.406 dbar_end=0.715 occ_end=0.128 CSR_train=0.000 done_count=125
[upd 110] u=0 upd_ctr=6 opt_step=96 E=0.435 g=0.095 VarTD=0.144686 ret_end=-28.037 dbar_end=0.749 occ_end=0.200 CSR_train=0.000 done_count=125
[upd 120] u=0 upd_ctr=6 opt_step=96 E=0.995 g=0.112 VarTD=0.129295 ret_end=-26.251 dbar_end=0.696 occ_end=0.216 CSR_train=0.008 done_count=125
[Gate5 check] update_counter violations: t0=0 diffs=0
[Gate5 check] opt_step violations: t0=0 diffs=0 (expected_inc=16)
[Gate5 check] NaN masking: nan_on_skip=True finite_on_update=True
[Gate5 summary] mean_update_fraction=0.0560 final_executed_updates_mean=7.00
[Gate5 eval] done_count mean=100.0 CSR mean=0.0000 len_end_mean=26.00
[Gate5 eval] episodes_per_env=4 T_eval=104
[Gate5 eval-debug] locked_eps_occ=0.20 pre(step25): dbar_end=0.489372 occupied_end_mean=0.340000 max_tilde_end_mean=0.696292 CSR@locked=0.000000
[Gate5 eval-debug] locked_eps_occ=0.20 post(step26): dbar_end=0.486713 occupied_end_mean=0.360000 max_tilde_end_mean=0.686062 CSR@locked=0.000000
[Gate5 eval-debug] CSR_pre@0.10=0.0000 CSR_pre@0.15=0.0000 CSR_pre@0.20=0.0000 CSR_pre@0.25=0.0100 CSR_pre@0.30=0.0300
[Gate5 eval-debug] CSR_post@0.10=0.0000 CSR_post@0.15=0.0000 CSR_post@0.20=0.0000 CSR_post@0.25=0.0300 CSR_post@0.30=0.0600
