Importing submoduled environments...
Submoduled environments not found. Skipping import.
[upd 0] u=1 upd_ctr=1 opt_step=16 E=0.085 g=0.087 VarTD=0.161819 ret_end=-28.699 dbar_end=0.778 occ_end=0.120 CSR_train=0.000 done_count=100
[upd 10] u=0 upd_ctr=1 opt_step=16 E=0.438 g=0.081 VarTD=0.173819 ret_end=-28.772 dbar_end=0.801 occ_end=0.160 CSR_train=0.000 done_count=125
[upd 20] u=0 upd_ctr=1 opt_step=16 E=0.805 g=0.085 VarTD=0.140062 ret_end=-27.013 dbar_end=0.785 occ_end=0.144 CSR_train=0.000 done_count=125
[upd 30] u=0 upd_ctr=2 opt_step=32 E=0.223 g=0.116 VarTD=0.136320 ret_end=-25.693 dbar_end=0.685 occ_end=0.216 CSR_train=0.000 done_count=125
[upd 40] u=0 upd_ctr=2 opt_step=32 E=0.615 g=0.093 VarTD=0.132898 ret_end=-26.899 dbar_end=0.758 occ_end=0.144 CSR_train=0.000 done_count=125
[upd 50] u=1 upd_ctr=3 opt_step=48 E=0.054 g=0.096 VarTD=0.166588 ret_end=-27.456 dbar_end=0.746 occ_end=0.168 CSR_train=0.000 done_count=125
[upd 60] u=0 upd_ctr=3 opt_step=48 E=0.441 g=0.091 VarTD=0.182435 ret_end=-27.893 dbar_end=0.762 occ_end=0.136 CSR_train=0.000 done_count=125
[upd 70] u=0 upd_ctr=3 opt_step=48 E=0.857 g=0.109 VarTD=0.141195 ret_end=-26.604 dbar_end=0.707 occ_end=0.200 CSR_train=0.000 done_count=125
[upd 80] u=0 upd_ctr=4 opt_step=64 E=0.321 g=0.094 VarTD=0.152403 ret_end=-28.438 dbar_end=0.753 occ_end=0.152 CSR_train=0.000 done_count=125
[upd 90] u=0 upd_ctr=4 opt_step=64 E=0.748 g=0.091 VarTD=0.206674 ret_end=-27.758 dbar_end=0.764 occ_end=0.128 CSR_train=0.000 done_count=125
[upd 100] u=0 upd_ctr=5 opt_step=80 E=0.224 g=0.101 VarTD=0.148917 ret_end=-26.938 dbar_end=0.731 occ_end=0.152 CSR_train=0.000 done_count=125
[upd 110] u=0 upd_ctr=5 opt_step=80 E=0.685 g=0.095 VarTD=0.173656 ret_end=-27.447 dbar_end=0.749 occ_end=0.136 CSR_train=0.008 done_count=125
[upd 120] u=0 upd_ctr=6 opt_step=96 E=0.190 g=0.111 VarTD=0.123448 ret_end=-25.903 dbar_end=0.699 occ_end=0.152 CSR_train=0.000 done_count=125
[upd 130] u=0 upd_ctr=6 opt_step=96 E=0.663 g=0.112 VarTD=0.128867 ret_end=-26.998 dbar_end=0.698 occ_end=0.160 CSR_train=0.000 done_count=100
[upd 140] u=0 upd_ctr=7 opt_step=112 E=0.180 g=0.126 VarTD=0.131090 ret_end=-26.258 dbar_end=0.661 occ_end=0.200 CSR_train=0.000 done_count=125
[upd 150] u=0 upd_ctr=7 opt_step=112 E=0.663 g=0.131 VarTD=0.143510 ret_end=-25.720 dbar_end=0.648 occ_end=0.272 CSR_train=0.000 done_count=125
[upd 160] u=0 upd_ctr=8 opt_step=128 E=0.188 g=0.148 VarTD=0.134907 ret_end=-24.017 dbar_end=0.609 occ_end=0.296 CSR_train=0.000 done_count=125
[upd 170] u=0 upd_ctr=8 opt_step=128 E=0.698 g=0.131 VarTD=0.136410 ret_end=-24.889 dbar_end=0.648 occ_end=0.184 CSR_train=0.000 done_count=125
[upd 180] u=0 upd_ctr=9 opt_step=144 E=0.229 g=0.130 VarTD=0.146324 ret_end=-24.949 dbar_end=0.650 occ_end=0.216 CSR_train=0.000 done_count=125
[upd 190] u=0 upd_ctr=9 opt_step=144 E=0.740 g=0.136 VarTD=0.122186 ret_end=-24.114 dbar_end=0.635 occ_end=0.224 CSR_train=0.000 done_count=125
[upd 200] u=0 upd_ctr=10 opt_step=160 E=0.301 g=0.132 VarTD=0.136623 ret_end=-25.519 dbar_end=0.645 occ_end=0.176 CSR_train=0.000 done_count=125
[upd 210] u=0 upd_ctr=10 opt_step=160 E=0.845 g=0.131 VarTD=0.157699 ret_end=-25.791 dbar_end=0.647 occ_end=0.168 CSR_train=0.000 done_count=125
[upd 220] u=0 upd_ctr=11 opt_step=176 E=0.438 g=0.134 VarTD=0.160657 ret_end=-25.189 dbar_end=0.639 occ_end=0.240 CSR_train=0.000 done_count=125
[upd 230] u=0 upd_ctr=11 opt_step=176 E=0.997 g=0.134 VarTD=0.133877 ret_end=-25.185 dbar_end=0.639 occ_end=0.208 CSR_train=0.000 done_count=125
[upd 240] u=0 upd_ctr=12 opt_step=192 E=0.600 g=0.122 VarTD=0.187303 ret_end=-25.846 dbar_end=0.670 occ_end=0.184 CSR_train=0.000 done_count=125
[upd 250] u=0 upd_ctr=13 opt_step=208 E=0.194 g=0.146 VarTD=0.198037 ret_end=-25.047 dbar_end=0.612 occ_end=0.248 CSR_train=0.000 done_count=125
[upd 260] u=0 upd_ctr=13 opt_step=208 E=0.773 g=0.134 VarTD=0.174418 ret_end=-25.476 dbar_end=0.641 occ_end=0.270 CSR_train=0.000 done_count=100
[upd 270] u=0 upd_ctr=14 opt_step=224 E=0.409 g=0.148 VarTD=0.219008 ret_end=-24.697 dbar_end=0.608 occ_end=0.280 CSR_train=0.000 done_count=125
[upd 280] u=1 upd_ctr=15 opt_step=240 E=0.068 g=0.137 VarTD=0.221009 ret_end=-24.931 dbar_end=0.633 occ_end=0.168 CSR_train=0.000 done_count=125
[upd 290] u=0 upd_ctr=15 opt_step=240 E=0.671 g=0.147 VarTD=0.277243 ret_end=-25.241 dbar_end=0.610 occ_end=0.232 CSR_train=0.000 done_count=125
[upd 300] u=0 upd_ctr=16 opt_step=256 E=0.328 g=0.157 VarTD=0.332296 ret_end=-24.730 dbar_end=0.589 occ_end=0.256 CSR_train=0.000 done_count=125
[upd 310] u=0 upd_ctr=16 opt_step=256 E=0.949 g=0.147 VarTD=0.293194 ret_end=-24.481 dbar_end=0.611 occ_end=0.288 CSR_train=0.000 done_count=125
[Gate5 check] update_counter violations: t0=0 diffs=0
[Gate5 check] opt_step violations: t0=0 diffs=0 (expected_inc=16)
[Gate5 check] NaN masking: nan_on_skip=True finite_on_update=True
[Gate5 summary] mean_update_fraction=0.0513 final_executed_updates_mean=16.00
[Gate5 eval] done_count mean=100.0 CSR mean=0.0000 len_end_mean=26.00
[Gate5 eval] episodes_per_env=4 T_eval=104
[Gate5 eval-debug] locked_eps_occ=0.20 pre(step25): dbar_end=0.495043 occupied_end_mean=0.420000 max_tilde_end_mean=0.717436 CSR@locked=0.010000
[Gate5 eval-debug] locked_eps_occ=0.20 post(step26): dbar_end=0.504144 occupied_end_mean=0.380000 max_tilde_end_mean=0.721108 CSR@locked=0.000000
[Gate5 eval-debug] CSR_pre@0.10=0.0000 CSR_pre@0.15=0.0000 CSR_pre@0.20=0.0100 CSR_pre@0.25=0.0200 CSR_pre@0.30=0.0200
[Gate5 eval-debug] CSR_post@0.10=0.0000 CSR_post@0.15=0.0000 CSR_post@0.20=0.0000 CSR_post@0.25=0.0100 CSR_post@0.30=0.0400
