Importing submoduled environments...
Submoduled environments not found. Skipping import.
[upd 0] u=1 upd_ctr=1 opt_step=16 E=0.196 g=0.096 VarTD=0.126111 ret_end=-26.492 dbar_end=0.745 occ_end=0.140 CSR_train=0.000 done_count=100
[upd 10] u=0 upd_ctr=2 opt_step=32 E=0.239 g=0.110 VarTD=0.140540 ret_end=-26.187 dbar_end=0.704 occ_end=0.184 CSR_train=0.000 done_count=125
[upd 20] u=0 upd_ctr=3 opt_step=48 E=0.356 g=0.103 VarTD=0.154838 ret_end=-26.980 dbar_end=0.723 occ_end=0.128 CSR_train=0.000 done_count=125
[upd 30] u=0 upd_ctr=4 opt_step=64 E=0.518 g=0.117 VarTD=0.129173 ret_end=-25.125 dbar_end=0.682 occ_end=0.160 CSR_train=0.000 done_count=125
[upd 40] u=0 upd_ctr=5 opt_step=80 E=0.733 g=0.121 VarTD=0.123468 ret_end=-25.221 dbar_end=0.672 occ_end=0.160 CSR_train=0.000 done_count=125
[upd 50] u=0 upd_ctr=6 opt_step=96 E=0.966 g=0.103 VarTD=0.163718 ret_end=-27.220 dbar_end=0.724 occ_end=0.144 CSR_train=0.000 done_count=125
[upd 60] u=0 upd_ctr=8 opt_step=128 E=0.324 g=0.127 VarTD=0.151203 ret_end=-25.631 dbar_end=0.657 occ_end=0.152 CSR_train=0.000 done_count=125
[upd 70] u=0 upd_ctr=9 opt_step=144 E=0.630 g=0.113 VarTD=0.151778 ret_end=-26.446 dbar_end=0.696 occ_end=0.136 CSR_train=0.000 done_count=125
[upd 80] u=0 upd_ctr=10 opt_step=160 E=0.989 g=0.124 VarTD=0.182322 ret_end=-25.689 dbar_end=0.665 occ_end=0.200 CSR_train=0.000 done_count=125
[upd 90] u=0 upd_ctr=12 opt_step=192 E=0.481 g=0.135 VarTD=0.207699 ret_end=-25.624 dbar_end=0.637 occ_end=0.320 CSR_train=0.000 done_count=125
[upd 100] u=0 upd_ctr=13 opt_step=208 E=0.964 g=0.153 VarTD=0.229142 ret_end=-24.624 dbar_end=0.598 occ_end=0.264 CSR_train=0.000 done_count=125
[upd 110] u=0 upd_ctr=15 opt_step=240 E=0.616 g=0.164 VarTD=0.293890 ret_end=-24.860 dbar_end=0.576 occ_end=0.296 CSR_train=0.000 done_count=125
[upd 120] u=1 upd_ctr=17 opt_step=272 E=0.212 g=0.143 VarTD=0.358340 ret_end=-26.096 dbar_end=0.620 occ_end=0.256 CSR_train=0.000 done_count=125
[Gate5 check] update_counter violations: t0=0 diffs=0
[Gate5 check] opt_step violations: t0=0 diffs=0 (expected_inc=16)
[Gate5 check] NaN masking: nan_on_skip=True finite_on_update=True
[Gate5 summary] mean_update_fraction=0.1360 final_executed_updates_mean=17.00
[Gate5 eval] done_count mean=100.0 CSR mean=0.0000 len_end_mean=26.00
[Gate5 eval] episodes_per_env=4 T_eval=104
[Gate5 eval-debug] locked_eps_occ=0.20 pre(step25): dbar_end=0.511195 occupied_end_mean=0.370000 max_tilde_end_mean=0.728215 CSR@locked=0.000000
[Gate5 eval-debug] locked_eps_occ=0.20 post(step26): dbar_end=0.513495 occupied_end_mean=0.300000 max_tilde_end_mean=0.733778 CSR@locked=0.000000
[Gate5 eval-debug] CSR_pre@0.10=0.0000 CSR_pre@0.15=0.0000 CSR_pre@0.20=0.0000 CSR_pre@0.25=0.0000 CSR_pre@0.30=0.0100
[Gate5 eval-debug] CSR_post@0.10=0.0000 CSR_post@0.15=0.0000 CSR_post@0.20=0.0000 CSR_post@0.25=0.0000 CSR_post@0.30=0.0200
