Importing submoduled environments...
Submoduled environments not found. Skipping import.
[upd 0] u=1 upd_ctr=1 opt_step=16 E=0.039 g=0.096 VarTD=0.159541 ret_end=-27.424 dbar_end=0.745 occ_end=0.200 CSR_train=0.000 done_count=100
[upd 10] u=0 upd_ctr=1 opt_step=16 E=0.398 g=0.095 VarTD=0.132747 ret_end=-26.853 dbar_end=0.750 occ_end=0.208 CSR_train=0.000 done_count=125
[upd 20] u=0 upd_ctr=1 opt_step=16 E=0.776 g=0.103 VarTD=0.168812 ret_end=-26.447 dbar_end=0.725 occ_end=0.168 CSR_train=0.000 done_count=125
[upd 30] u=0 upd_ctr=2 opt_step=32 E=0.110 g=0.089 VarTD=0.162115 ret_end=-27.844 dbar_end=0.769 occ_end=0.152 CSR_train=0.000 done_count=125
[upd 40] u=0 upd_ctr=2 opt_step=32 E=0.474 g=0.096 VarTD=0.156228 ret_end=-27.294 dbar_end=0.747 occ_end=0.160 CSR_train=0.000 done_count=125
[upd 50] u=0 upd_ctr=2 opt_step=32 E=0.855 g=0.105 VarTD=0.160407 ret_end=-27.089 dbar_end=0.719 occ_end=0.200 CSR_train=0.000 done_count=125
[upd 60] u=0 upd_ctr=3 opt_step=48 E=0.238 g=0.105 VarTD=0.167967 ret_end=-26.700 dbar_end=0.719 occ_end=0.176 CSR_train=0.000 done_count=125
[upd 70] u=0 upd_ctr=3 opt_step=48 E=0.637 g=0.095 VarTD=0.167978 ret_end=-27.860 dbar_end=0.750 occ_end=0.176 CSR_train=0.000 done_count=125
[upd 80] u=1 upd_ctr=4 opt_step=64 E=0.041 g=0.103 VarTD=0.153732 ret_end=-26.785 dbar_end=0.724 occ_end=0.184 CSR_train=0.000 done_count=125
[upd 90] u=0 upd_ctr=4 opt_step=64 E=0.459 g=0.105 VarTD=0.140247 ret_end=-26.655 dbar_end=0.718 occ_end=0.168 CSR_train=0.000 done_count=125
[upd 100] u=0 upd_ctr=4 opt_step=64 E=0.884 g=0.115 VarTD=0.128700 ret_end=-26.195 dbar_end=0.688 occ_end=0.152 CSR_train=0.000 done_count=125
[upd 110] u=0 upd_ctr=5 opt_step=80 E=0.307 g=0.109 VarTD=0.142713 ret_end=-26.125 dbar_end=0.705 occ_end=0.168 CSR_train=0.000 done_count=125
[upd 120] u=0 upd_ctr=5 opt_step=80 E=0.753 g=0.100 VarTD=0.143854 ret_end=-27.203 dbar_end=0.733 occ_end=0.160 CSR_train=0.000 done_count=125
[upd 130] u=0 upd_ctr=6 opt_step=96 E=0.184 g=0.128 VarTD=0.132380 ret_end=-25.562 dbar_end=0.655 occ_end=0.300 CSR_train=0.000 done_count=100
[upd 140] u=0 upd_ctr=6 opt_step=96 E=0.646 g=0.104 VarTD=0.160779 ret_end=-26.877 dbar_end=0.721 occ_end=0.168 CSR_train=0.000 done_count=125
[upd 150] u=0 upd_ctr=7 opt_step=112 E=0.094 g=0.116 VarTD=0.146481 ret_end=-26.011 dbar_end=0.687 occ_end=0.208 CSR_train=0.000 done_count=125
[upd 160] u=0 upd_ctr=7 opt_step=112 E=0.553 g=0.124 VarTD=0.146124 ret_end=-26.218 dbar_end=0.664 occ_end=0.200 CSR_train=0.000 done_count=125
[upd 170] u=0 upd_ctr=7 opt_step=112 E=1.000 g=0.119 VarTD=0.121482 ret_end=-25.525 dbar_end=0.679 occ_end=0.200 CSR_train=0.000 done_count=125
[upd 180] u=0 upd_ctr=8 opt_step=128 E=0.477 g=0.132 VarTD=0.151697 ret_end=-25.652 dbar_end=0.645 occ_end=0.256 CSR_train=0.000 done_count=125
[upd 190] u=0 upd_ctr=8 opt_step=128 E=0.954 g=0.115 VarTD=0.158897 ret_end=-25.595 dbar_end=0.689 occ_end=0.176 CSR_train=0.000 done_count=125
[upd 200] u=0 upd_ctr=9 opt_step=144 E=0.438 g=0.121 VarTD=0.144034 ret_end=-25.076 dbar_end=0.674 occ_end=0.256 CSR_train=0.000 done_count=125
[upd 210] u=0 upd_ctr=9 opt_step=144 E=0.939 g=0.115 VarTD=0.142622 ret_end=-26.316 dbar_end=0.688 occ_end=0.144 CSR_train=0.000 done_count=125
[upd 220] u=0 upd_ctr=10 opt_step=160 E=0.395 g=0.130 VarTD=0.186062 ret_end=-25.812 dbar_end=0.650 occ_end=0.216 CSR_train=0.000 done_count=125
[upd 230] u=0 upd_ctr=10 opt_step=160 E=0.879 g=0.124 VarTD=0.190272 ret_end=-25.546 dbar_end=0.665 occ_end=0.224 CSR_train=0.000 done_count=125
[upd 240] u=0 upd_ctr=11 opt_step=176 E=0.345 g=0.125 VarTD=0.178792 ret_end=-25.279 dbar_end=0.663 occ_end=0.176 CSR_train=0.000 done_count=125
[upd 250] u=0 upd_ctr=11 opt_step=176 E=0.855 g=0.116 VarTD=0.191890 ret_end=-26.598 dbar_end=0.686 occ_end=0.112 CSR_train=0.000 done_count=125
[upd 260] u=0 upd_ctr=12 opt_step=192 E=0.302 g=0.120 VarTD=0.202816 ret_end=-26.670 dbar_end=0.674 occ_end=0.240 CSR_train=0.000 done_count=100
[upd 270] u=0 upd_ctr=12 opt_step=192 E=0.816 g=0.125 VarTD=0.205314 ret_end=-26.706 dbar_end=0.663 occ_end=0.208 CSR_train=0.000 done_count=125
[upd 280] u=0 upd_ctr=13 opt_step=208 E=0.317 g=0.140 VarTD=0.223515 ret_end=-25.815 dbar_end=0.625 occ_end=0.152 CSR_train=0.000 done_count=125
[upd 290] u=0 upd_ctr=13 opt_step=208 E=0.829 g=0.125 VarTD=0.227682 ret_end=-26.093 dbar_end=0.663 occ_end=0.168 CSR_train=0.000 done_count=125
[upd 300] u=0 upd_ctr=14 opt_step=224 E=0.311 g=0.120 VarTD=0.270002 ret_end=-25.970 dbar_end=0.676 occ_end=0.144 CSR_train=0.000 done_count=125
[upd 310] u=0 upd_ctr=14 opt_step=224 E=0.823 g=0.133 VarTD=0.253550 ret_end=-25.953 dbar_end=0.644 occ_end=0.176 CSR_train=0.000 done_count=125
[Gate5 check] update_counter violations: t0=0 diffs=0
[Gate5 check] opt_step violations: t0=0 diffs=0 (expected_inc=16)
[Gate5 check] NaN masking: nan_on_skip=True finite_on_update=True
[Gate5 summary] mean_update_fraction=0.0449 final_executed_updates_mean=14.00
[Gate5 eval] done_count mean=100.0 CSR mean=0.0000 len_end_mean=26.00
[Gate5 eval] episodes_per_env=4 T_eval=104
[Gate5 eval-debug] locked_eps_occ=0.20 pre(step25): dbar_end=0.465218 occupied_end_mean=0.460000 max_tilde_end_mean=0.683247 CSR@locked=0.000000
[Gate5 eval-debug] locked_eps_occ=0.20 post(step26): dbar_end=0.457539 occupied_end_mean=0.480000 max_tilde_end_mean=0.672448 CSR@locked=0.000000
[Gate5 eval-debug] CSR_pre@0.10=0.0000 CSR_pre@0.15=0.0000 CSR_pre@0.20=0.0000 CSR_pre@0.25=0.0000 CSR_pre@0.30=0.0700
[Gate5 eval-debug] CSR_post@0.10=0.0000 CSR_post@0.15=0.0000 CSR_post@0.20=0.0000 CSR_post@0.25=0.0200 CSR_post@0.30=0.0500
