Importing submoduled environments...
Submoduled environments not found. Skipping import.
[upd 0] u=1 upd_ctr=1 opt_step=16 E=0.059 g=0.084 VarTD=0.159484 ret_end=-27.958 dbar_end=0.788 occ_end=0.180 CSR_train=0.000 done_count=100
[upd 10] u=0 upd_ctr=1 opt_step=16 E=0.709 g=0.095 VarTD=0.154696 ret_end=-26.642 dbar_end=0.751 occ_end=0.136 CSR_train=0.000 done_count=125
[upd 20] u=0 upd_ctr=2 opt_step=32 E=0.330 g=0.098 VarTD=0.126733 ret_end=-26.253 dbar_end=0.741 occ_end=0.208 CSR_train=0.000 done_count=125
[upd 30] u=0 upd_ctr=2 opt_step=32 E=1.000 g=0.099 VarTD=0.162888 ret_end=-26.767 dbar_end=0.736 occ_end=0.176 CSR_train=0.000 done_count=125
[upd 40] u=0 upd_ctr=3 opt_step=48 E=0.626 g=0.103 VarTD=0.146649 ret_end=-27.097 dbar_end=0.725 occ_end=0.256 CSR_train=0.000 done_count=125
[upd 50] u=0 upd_ctr=4 opt_step=64 E=0.379 g=0.102 VarTD=0.132202 ret_end=-26.722 dbar_end=0.728 occ_end=0.120 CSR_train=0.000 done_count=125
[upd 60] u=1 upd_ctr=5 opt_step=80 E=0.073 g=0.104 VarTD=0.134592 ret_end=-27.178 dbar_end=0.720 occ_end=0.128 CSR_train=0.000 done_count=125
[upd 70] u=0 upd_ctr=5 opt_step=80 E=0.837 g=0.110 VarTD=0.160351 ret_end=-26.817 dbar_end=0.704 occ_end=0.160 CSR_train=0.000 done_count=125
[upd 80] u=0 upd_ctr=6 opt_step=96 E=0.576 g=0.122 VarTD=0.126937 ret_end=-25.342 dbar_end=0.671 occ_end=0.200 CSR_train=0.000 done_count=125
[upd 90] u=0 upd_ctr=7 opt_step=112 E=0.428 g=0.126 VarTD=0.130215 ret_end=-25.631 dbar_end=0.660 occ_end=0.192 CSR_train=0.000 done_count=125
[upd 100] u=0 upd_ctr=8 opt_step=128 E=0.276 g=0.141 VarTD=0.129800 ret_end=-24.473 dbar_end=0.624 occ_end=0.280 CSR_train=0.000 done_count=125
[upd 110] u=1 upd_ctr=9 opt_step=144 E=0.105 g=0.150 VarTD=0.139609 ret_end=-24.596 dbar_end=0.605 occ_end=0.272 CSR_train=0.000 done_count=125
[upd 120] u=0 upd_ctr=9 opt_step=144 E=0.991 g=0.126 VarTD=0.141196 ret_end=-25.218 dbar_end=0.659 occ_end=0.168 CSR_train=0.000 done_count=125
[upd 130] u=0 upd_ctr=10 opt_step=160 E=0.836 g=0.133 VarTD=0.146886 ret_end=-25.396 dbar_end=0.641 occ_end=0.220 CSR_train=0.000 done_count=100
[upd 140] u=0 upd_ctr=11 opt_step=176 E=0.729 g=0.135 VarTD=0.172835 ret_end=-25.114 dbar_end=0.638 occ_end=0.248 CSR_train=0.000 done_count=125
[upd 150] u=0 upd_ctr=12 opt_step=192 E=0.571 g=0.139 VarTD=0.201908 ret_end=-25.391 dbar_end=0.629 occ_end=0.224 CSR_train=0.000 done_count=125
[upd 160] u=0 upd_ctr=13 opt_step=208 E=0.496 g=0.142 VarTD=0.193482 ret_end=-23.510 dbar_end=0.622 occ_end=0.224 CSR_train=0.000 done_count=125
[upd 170] u=0 upd_ctr=14 opt_step=224 E=0.374 g=0.129 VarTD=0.244506 ret_end=-25.478 dbar_end=0.651 occ_end=0.152 CSR_train=0.000 done_count=125
[upd 180] u=0 upd_ctr=15 opt_step=240 E=0.287 g=0.144 VarTD=0.297007 ret_end=-24.602 dbar_end=0.618 occ_end=0.240 CSR_train=0.000 done_count=125
[upd 190] u=0 upd_ctr=16 opt_step=256 E=0.191 g=0.140 VarTD=0.337204 ret_end=-25.342 dbar_end=0.627 occ_end=0.208 CSR_train=0.008 done_count=125
[upd 200] u=1 upd_ctr=17 opt_step=272 E=0.105 g=0.150 VarTD=0.337855 ret_end=-23.666 dbar_end=0.605 occ_end=0.248 CSR_train=0.000 done_count=125
[upd 210] u=1 upd_ctr=18 opt_step=288 E=0.108 g=0.154 VarTD=0.404283 ret_end=-24.487 dbar_end=0.597 occ_end=0.304 CSR_train=0.000 done_count=125
[upd 220] u=1 upd_ctr=19 opt_step=304 E=0.117 g=0.167 VarTD=0.437539 ret_end=-23.613 dbar_end=0.570 occ_end=0.248 CSR_train=0.000 done_count=125
[upd 230] u=1 upd_ctr=20 opt_step=320 E=0.088 g=0.125 VarTD=0.532515 ret_end=-25.836 dbar_end=0.662 occ_end=0.208 CSR_train=0.000 done_count=125
[upd 240] u=1 upd_ctr=21 opt_step=336 E=0.108 g=0.154 VarTD=0.593675 ret_end=-24.502 dbar_end=0.597 occ_end=0.224 CSR_train=0.000 done_count=125
[upd 250] u=1 upd_ctr=22 opt_step=352 E=0.093 g=0.132 VarTD=0.700507 ret_end=-25.188 dbar_end=0.644 occ_end=0.272 CSR_train=0.000 done_count=125
[upd 260] u=1 upd_ctr=23 opt_step=368 E=0.099 g=0.141 VarTD=0.655671 ret_end=-25.175 dbar_end=0.624 occ_end=0.280 CSR_train=0.000 done_count=100
[upd 270] u=1 upd_ctr=24 opt_step=384 E=0.115 g=0.164 VarTD=0.884278 ret_end=-23.911 dbar_end=0.575 occ_end=0.280 CSR_train=0.000 done_count=125
[upd 280] u=1 upd_ctr=25 opt_step=400 E=0.110 g=0.158 VarTD=1.028241 ret_end=-24.263 dbar_end=0.589 occ_end=0.280 CSR_train=0.000 done_count=125
[upd 290] u=0 upd_ctr=26 opt_step=416 E=0.219 g=0.162 VarTD=1.247889 ret_end=-24.339 dbar_end=0.579 occ_end=0.272 CSR_train=0.000 done_count=125
[upd 300] u=0 upd_ctr=27 opt_step=432 E=0.316 g=0.148 VarTD=1.358935 ret_end=-24.870 dbar_end=0.609 occ_end=0.256 CSR_train=0.000 done_count=125
[upd 310] u=0 upd_ctr=28 opt_step=448 E=0.331 g=0.155 VarTD=1.509992 ret_end=-24.634 dbar_end=0.594 occ_end=0.272 CSR_train=0.000 done_count=125
[Gate5 check] update_counter violations: t0=0 diffs=0
[Gate5 check] opt_step violations: t0=0 diffs=0 (expected_inc=16)
[Gate5 check] NaN masking: nan_on_skip=True finite_on_update=True
[Gate5 summary] mean_update_fraction=0.0897 final_executed_updates_mean=28.00
[Gate5 eval] done_count mean=100.0 CSR mean=0.0000 len_end_mean=26.00
[Gate5 eval] episodes_per_env=4 T_eval=104
[Gate5 eval-debug] locked_eps_occ=0.20 pre(step25): dbar_end=0.490255 occupied_end_mean=0.430000 max_tilde_end_mean=0.736916 CSR@locked=0.000000
[Gate5 eval-debug] locked_eps_occ=0.20 post(step26): dbar_end=0.496408 occupied_end_mean=0.440000 max_tilde_end_mean=0.742351 CSR@locked=0.000000
[Gate5 eval-debug] CSR_pre@0.10=0.0000 CSR_pre@0.15=0.0000 CSR_pre@0.20=0.0000 CSR_pre@0.25=0.0000 CSR_pre@0.30=0.0100
[Gate5 eval-debug] CSR_post@0.10=0.0000 CSR_post@0.15=0.0000 CSR_post@0.20=0.0000 CSR_post@0.25=0.0100 CSR_post@0.30=0.0300
