Importing submoduled environments...
Submoduled environments not found. Skipping import.
[upd 0] u=1 upd_ctr=1 opt_step=16 E=0.066 g=0.083 VarTD=0.176951 ret_end=-28.473 dbar_end=0.794 occ_end=0.140 CSR_train=0.000 done_count=100
[upd 10] u=0 upd_ctr=1 opt_step=16 E=0.825 g=0.089 VarTD=0.152994 ret_end=-28.611 dbar_end=0.772 occ_end=0.104 CSR_train=0.000 done_count=125
[upd 20] u=0 upd_ctr=2 opt_step=32 E=0.537 g=0.095 VarTD=0.154998 ret_end=-27.598 dbar_end=0.751 occ_end=0.184 CSR_train=0.000 done_count=125
[upd 30] u=0 upd_ctr=3 opt_step=48 E=0.307 g=0.098 VarTD=0.141346 ret_end=-27.130 dbar_end=0.740 occ_end=0.128 CSR_train=0.000 done_count=125
[upd 40] u=0 upd_ctr=3 opt_step=48 E=1.000 g=0.098 VarTD=0.159044 ret_end=-26.944 dbar_end=0.738 occ_end=0.224 CSR_train=0.000 done_count=125
[upd 50] u=0 upd_ctr=4 opt_step=64 E=0.820 g=0.101 VarTD=0.162228 ret_end=-26.802 dbar_end=0.729 occ_end=0.144 CSR_train=0.000 done_count=125
[upd 60] u=0 upd_ctr=5 opt_step=80 E=0.584 g=0.110 VarTD=0.130401 ret_end=-26.340 dbar_end=0.703 occ_end=0.128 CSR_train=0.000 done_count=125
[upd 70] u=0 upd_ctr=6 opt_step=96 E=0.417 g=0.102 VarTD=0.159696 ret_end=-26.566 dbar_end=0.727 occ_end=0.192 CSR_train=0.000 done_count=125
[upd 80] u=0 upd_ctr=7 opt_step=112 E=0.266 g=0.113 VarTD=0.137151 ret_end=-26.882 dbar_end=0.695 occ_end=0.200 CSR_train=0.000 done_count=125
[upd 90] u=1 upd_ctr=8 opt_step=128 E=0.085 g=0.106 VarTD=0.127802 ret_end=-27.016 dbar_end=0.714 occ_end=0.184 CSR_train=0.000 done_count=125
[upd 100] u=0 upd_ctr=8 opt_step=128 E=0.970 g=0.111 VarTD=0.164007 ret_end=-26.592 dbar_end=0.701 occ_end=0.112 CSR_train=0.000 done_count=125
[upd 110] u=0 upd_ctr=9 opt_step=144 E=0.867 g=0.123 VarTD=0.142041 ret_end=-25.170 dbar_end=0.666 occ_end=0.136 CSR_train=0.000 done_count=125
[upd 120] u=0 upd_ctr=10 opt_step=160 E=0.733 g=0.116 VarTD=0.145259 ret_end=-25.427 dbar_end=0.686 occ_end=0.160 CSR_train=0.000 done_count=125
[upd 130] u=0 upd_ctr=11 opt_step=176 E=0.671 g=0.123 VarTD=0.144270 ret_end=-25.848 dbar_end=0.668 occ_end=0.180 CSR_train=0.000 done_count=100
[upd 140] u=0 upd_ctr=12 opt_step=192 E=0.588 g=0.110 VarTD=0.199973 ret_end=-26.584 dbar_end=0.702 occ_end=0.192 CSR_train=0.000 done_count=125
[upd 150] u=0 upd_ctr=13 opt_step=208 E=0.494 g=0.139 VarTD=0.195555 ret_end=-24.812 dbar_end=0.629 occ_end=0.248 CSR_train=0.000 done_count=125
[upd 160] u=0 upd_ctr=14 opt_step=224 E=0.540 g=0.137 VarTD=0.251414 ret_end=-25.131 dbar_end=0.634 occ_end=0.184 CSR_train=0.000 done_count=125
[upd 170] u=0 upd_ctr=15 opt_step=240 E=0.512 g=0.124 VarTD=0.281053 ret_end=-25.994 dbar_end=0.665 occ_end=0.248 CSR_train=0.000 done_count=125
[upd 180] u=0 upd_ctr=16 opt_step=256 E=0.550 g=0.149 VarTD=0.348387 ret_end=-25.188 dbar_end=0.606 occ_end=0.248 CSR_train=0.000 done_count=125
[upd 190] u=0 upd_ctr=17 opt_step=272 E=0.679 g=0.158 VarTD=0.398538 ret_end=-24.354 dbar_end=0.588 occ_end=0.224 CSR_train=0.000 done_count=125
[upd 200] u=0 upd_ctr=18 opt_step=288 E=0.825 g=0.147 VarTD=0.490226 ret_end=-25.311 dbar_end=0.612 occ_end=0.208 CSR_train=0.000 done_count=125
[upd 210] u=0 upd_ctr=19 opt_step=304 E=0.967 g=0.144 VarTD=0.559893 ret_end=-25.145 dbar_end=0.616 occ_end=0.168 CSR_train=0.000 done_count=125
[upd 220] u=0 upd_ctr=20 opt_step=320 E=1.000 g=0.162 VarTD=0.605359 ret_end=-23.678 dbar_end=0.579 occ_end=0.264 CSR_train=0.000 done_count=125
[upd 230] u=0 upd_ctr=22 opt_step=352 E=0.262 g=0.165 VarTD=0.840152 ret_end=-24.156 dbar_end=0.575 occ_end=0.272 CSR_train=0.000 done_count=125
[upd 240] u=0 upd_ctr=23 opt_step=368 E=0.387 g=0.160 VarTD=0.943432 ret_end=-24.022 dbar_end=0.583 occ_end=0.240 CSR_train=0.000 done_count=125
[upd 250] u=0 upd_ctr=24 opt_step=384 E=0.613 g=0.150 VarTD=1.013031 ret_end=-24.035 dbar_end=0.605 occ_end=0.256 CSR_train=0.000 done_count=125
[upd 260] u=0 upd_ctr=25 opt_step=400 E=0.751 g=0.143 VarTD=0.940581 ret_end=-25.340 dbar_end=0.619 occ_end=0.260 CSR_train=0.000 done_count=100
[upd 270] u=0 upd_ctr=26 opt_step=416 E=0.998 g=0.158 VarTD=1.272160 ret_end=-24.180 dbar_end=0.587 occ_end=0.224 CSR_train=0.000 done_count=125
[upd 280] u=1 upd_ctr=28 opt_step=448 E=0.126 g=0.158 VarTD=1.415012 ret_end=-24.571 dbar_end=0.589 occ_end=0.272 CSR_train=0.000 done_count=125
[upd 290] u=0 upd_ctr=29 opt_step=464 E=0.254 g=0.158 VarTD=1.660135 ret_end=-23.454 dbar_end=0.587 occ_end=0.184 CSR_train=0.000 done_count=125
[upd 300] u=0 upd_ctr=30 opt_step=480 E=0.391 g=0.166 VarTD=1.898569 ret_end=-23.866 dbar_end=0.571 occ_end=0.208 CSR_train=0.000 done_count=125
[upd 310] u=0 upd_ctr=31 opt_step=496 E=0.624 g=0.169 VarTD=2.015576 ret_end=-23.716 dbar_end=0.566 occ_end=0.296 CSR_train=0.000 done_count=125
[Gate5 check] update_counter violations: t0=0 diffs=0
[Gate5 check] opt_step violations: t0=0 diffs=0 (expected_inc=16)
[Gate5 check] NaN masking: nan_on_skip=True finite_on_update=True
[Gate5 summary] mean_update_fraction=0.0994 final_executed_updates_mean=31.00
[Gate5 eval] done_count mean=100.0 CSR mean=0.0000 len_end_mean=26.00
[Gate5 eval] episodes_per_env=4 T_eval=104
[Gate5 eval-debug] locked_eps_occ=0.20 pre(step25): dbar_end=0.501525 occupied_end_mean=0.340000 max_tilde_end_mean=0.701514 CSR@locked=0.010000
[Gate5 eval-debug] locked_eps_occ=0.20 post(step26): dbar_end=0.506527 occupied_end_mean=0.330000 max_tilde_end_mean=0.709549 CSR@locked=0.000000
[Gate5 eval-debug] CSR_pre@0.10=0.0000 CSR_pre@0.15=0.0000 CSR_pre@0.20=0.0100 CSR_pre@0.25=0.0100 CSR_pre@0.30=0.0100
[Gate5 eval-debug] CSR_post@0.10=0.0000 CSR_post@0.15=0.0000 CSR_post@0.20=0.0000 CSR_post@0.25=0.0000 CSR_post@0.30=0.0000
