Importing submoduled environments...
Submoduled environments not found. Skipping import.
[upd 0] u=1 upd_ctr=1 opt_step=16 E=0.009 g=0.089 VarTD=0.155748 ret_end=-26.495 dbar_end=0.769 occ_end=0.110 CSR_train=0.000 done_count=100
[upd 10] u=0 upd_ctr=1 opt_step=16 E=0.101 g=0.096 VarTD=0.160584 ret_end=-27.044 dbar_end=0.748 occ_end=0.128 CSR_train=0.000 done_count=125
[upd 20] u=0 upd_ctr=1 opt_step=16 E=0.191 g=0.078 VarTD=0.217249 ret_end=-28.983 dbar_end=0.814 occ_end=0.136 CSR_train=0.000 done_count=125
[upd 30] u=0 upd_ctr=1 opt_step=16 E=0.280 g=0.087 VarTD=0.177154 ret_end=-27.554 dbar_end=0.779 occ_end=0.144 CSR_train=0.000 done_count=125
[upd 40] u=0 upd_ctr=1 opt_step=16 E=0.369 g=0.089 VarTD=0.185662 ret_end=-27.313 dbar_end=0.771 occ_end=0.176 CSR_train=0.000 done_count=125
[upd 50] u=0 upd_ctr=1 opt_step=16 E=0.459 g=0.088 VarTD=0.150885 ret_end=-27.866 dbar_end=0.775 occ_end=0.144 CSR_train=0.000 done_count=125
[upd 60] u=0 upd_ctr=1 opt_step=16 E=0.547 g=0.090 VarTD=0.162488 ret_end=-27.522 dbar_end=0.767 occ_end=0.176 CSR_train=0.000 done_count=125
[upd 70] u=0 upd_ctr=1 opt_step=16 E=0.637 g=0.096 VarTD=0.158149 ret_end=-26.569 dbar_end=0.745 occ_end=0.112 CSR_train=0.000 done_count=125
[upd 80] u=0 upd_ctr=1 opt_step=16 E=0.725 g=0.084 VarTD=0.149849 ret_end=-27.718 dbar_end=0.790 occ_end=0.120 CSR_train=0.000 done_count=125
[upd 90] u=0 upd_ctr=1 opt_step=16 E=0.813 g=0.081 VarTD=0.150638 ret_end=-28.005 dbar_end=0.799 occ_end=0.192 CSR_train=0.000 done_count=125
[upd 100] u=0 upd_ctr=1 opt_step=16 E=0.900 g=0.086 VarTD=0.173656 ret_end=-28.114 dbar_end=0.780 occ_end=0.168 CSR_train=0.000 done_count=125
[upd 110] u=0 upd_ctr=1 opt_step=16 E=0.989 g=0.091 VarTD=0.160789 ret_end=-28.159 dbar_end=0.762 occ_end=0.192 CSR_train=0.000 done_count=125
[upd 120] u=0 upd_ctr=2 opt_step=32 E=0.071 g=0.099 VarTD=0.150839 ret_end=-26.897 dbar_end=0.735 occ_end=0.176 CSR_train=0.000 done_count=125
[upd 130] u=0 upd_ctr=2 opt_step=32 E=0.161 g=0.091 VarTD=0.164292 ret_end=-28.185 dbar_end=0.765 occ_end=0.230 CSR_train=0.000 done_count=100
[upd 140] u=0 upd_ctr=2 opt_step=32 E=0.250 g=0.085 VarTD=0.149513 ret_end=-27.638 dbar_end=0.786 occ_end=0.096 CSR_train=0.000 done_count=125
[upd 150] u=0 upd_ctr=2 opt_step=32 E=0.340 g=0.084 VarTD=0.163265 ret_end=-27.413 dbar_end=0.788 occ_end=0.176 CSR_train=0.000 done_count=125
[upd 160] u=0 upd_ctr=2 opt_step=32 E=0.430 g=0.091 VarTD=0.160746 ret_end=-28.024 dbar_end=0.765 occ_end=0.152 CSR_train=0.000 done_count=125
[upd 170] u=0 upd_ctr=2 opt_step=32 E=0.517 g=0.090 VarTD=0.165803 ret_end=-27.405 dbar_end=0.768 occ_end=0.184 CSR_train=0.000 done_count=125
[upd 180] u=0 upd_ctr=2 opt_step=32 E=0.605 g=0.081 VarTD=0.140064 ret_end=-27.791 dbar_end=0.801 occ_end=0.112 CSR_train=0.000 done_count=125
[upd 190] u=0 upd_ctr=2 opt_step=32 E=0.694 g=0.089 VarTD=0.168861 ret_end=-28.055 dbar_end=0.772 occ_end=0.136 CSR_train=0.000 done_count=125
[upd 200] u=0 upd_ctr=2 opt_step=32 E=0.783 g=0.086 VarTD=0.151116 ret_end=-27.792 dbar_end=0.783 occ_end=0.176 CSR_train=0.000 done_count=125
[upd 210] u=0 upd_ctr=2 opt_step=32 E=0.868 g=0.093 VarTD=0.158690 ret_end=-27.763 dbar_end=0.758 occ_end=0.152 CSR_train=0.000 done_count=125
[upd 220] u=0 upd_ctr=2 opt_step=32 E=0.954 g=0.082 VarTD=0.148622 ret_end=-27.843 dbar_end=0.796 occ_end=0.144 CSR_train=0.000 done_count=125
[upd 230] u=0 upd_ctr=3 opt_step=48 E=0.036 g=0.097 VarTD=0.145732 ret_end=-27.515 dbar_end=0.742 occ_end=0.224 CSR_train=0.000 done_count=125
[upd 240] u=0 upd_ctr=3 opt_step=48 E=0.127 g=0.090 VarTD=0.157601 ret_end=-27.273 dbar_end=0.768 occ_end=0.144 CSR_train=0.000 done_count=125
[upd 250] u=0 upd_ctr=3 opt_step=48 E=0.217 g=0.097 VarTD=0.151142 ret_end=-26.721 dbar_end=0.744 occ_end=0.136 CSR_train=0.000 done_count=125
[upd 260] u=0 upd_ctr=3 opt_step=48 E=0.307 g=0.086 VarTD=0.143792 ret_end=-27.648 dbar_end=0.783 occ_end=0.170 CSR_train=0.000 done_count=100
[upd 270] u=0 upd_ctr=3 opt_step=48 E=0.399 g=0.091 VarTD=0.148093 ret_end=-27.193 dbar_end=0.762 occ_end=0.128 CSR_train=0.000 done_count=125
[upd 280] u=0 upd_ctr=3 opt_step=48 E=0.493 g=0.084 VarTD=0.148299 ret_end=-28.404 dbar_end=0.790 occ_end=0.176 CSR_train=0.000 done_count=125
[upd 290] u=0 upd_ctr=3 opt_step=48 E=0.583 g=0.093 VarTD=0.135894 ret_end=-27.025 dbar_end=0.756 occ_end=0.128 CSR_train=0.000 done_count=125
[upd 300] u=0 upd_ctr=3 opt_step=48 E=0.671 g=0.085 VarTD=0.154667 ret_end=-28.199 dbar_end=0.784 occ_end=0.144 CSR_train=0.000 done_count=125
[upd 310] u=0 upd_ctr=3 opt_step=48 E=0.761 g=0.091 VarTD=0.167961 ret_end=-27.739 dbar_end=0.762 occ_end=0.160 CSR_train=0.000 done_count=125
[Gate5 check] update_counter violations: t0=0 diffs=0
[Gate5 check] opt_step violations: t0=0 diffs=0 (expected_inc=16)
[Gate5 check] NaN masking: nan_on_skip=True finite_on_update=True
[Gate5 summary] mean_update_fraction=0.0096 final_executed_updates_mean=3.00
[Gate5 eval] done_count mean=100.0 CSR mean=0.0000 len_end_mean=26.00
[Gate5 eval] episodes_per_env=4 T_eval=104
[Gate5 eval-debug] locked_eps_occ=0.20 pre(step25): dbar_end=1.273898 occupied_end_mean=0.100000 max_tilde_end_mean=1.675503 CSR@locked=0.000000
[Gate5 eval-debug] locked_eps_occ=0.20 post(step26): dbar_end=1.295348 occupied_end_mean=0.080000 max_tilde_end_mean=1.696998 CSR@locked=0.000000
[Gate5 eval-debug] CSR_pre@0.10=0.0000 CSR_pre@0.15=0.0000 CSR_pre@0.20=0.0000 CSR_pre@0.25=0.0000 CSR_pre@0.30=0.0000
[Gate5 eval-debug] CSR_post@0.10=0.0000 CSR_post@0.15=0.0000 CSR_post@0.20=0.0000 CSR_post@0.25=0.0000 CSR_post@0.30=0.0000
