Importing submoduled environments...
Submoduled environments not found. Skipping import.
[upd 0] u=1 upd_ctr=1 opt_step=16 E=0.052 g=0.086 VarTD=0.176520 ret_end=-28.138 dbar_end=0.781 occ_end=0.160 CSR_train=0.000 done_count=100
[upd 10] u=0 upd_ctr=1 opt_step=16 E=0.602 g=0.084 VarTD=0.149911 ret_end=-27.579 dbar_end=0.789 occ_end=0.128 CSR_train=0.000 done_count=125
[upd 20] u=0 upd_ctr=2 opt_step=32 E=0.124 g=0.109 VarTD=0.155773 ret_end=-27.005 dbar_end=0.705 occ_end=0.176 CSR_train=0.000 done_count=125
[upd 30] u=0 upd_ctr=2 opt_step=32 E=0.737 g=0.095 VarTD=0.150309 ret_end=-26.326 dbar_end=0.751 occ_end=0.144 CSR_train=0.000 done_count=125
[upd 40] u=0 upd_ctr=3 opt_step=48 E=0.312 g=0.108 VarTD=0.151397 ret_end=-26.256 dbar_end=0.708 occ_end=0.160 CSR_train=0.000 done_count=125
[upd 50] u=0 upd_ctr=3 opt_step=48 E=0.966 g=0.103 VarTD=0.162375 ret_end=-26.755 dbar_end=0.723 occ_end=0.184 CSR_train=0.000 done_count=125
[upd 60] u=0 upd_ctr=4 opt_step=64 E=0.587 g=0.106 VarTD=0.147311 ret_end=-26.455 dbar_end=0.714 occ_end=0.160 CSR_train=0.000 done_count=125
[upd 70] u=0 upd_ctr=5 opt_step=80 E=0.186 g=0.113 VarTD=0.149935 ret_end=-26.341 dbar_end=0.695 occ_end=0.136 CSR_train=0.000 done_count=125
[upd 80] u=0 upd_ctr=5 opt_step=80 E=0.869 g=0.128 VarTD=0.157407 ret_end=-25.349 dbar_end=0.656 occ_end=0.216 CSR_train=0.000 done_count=125
[upd 90] u=0 upd_ctr=6 opt_step=96 E=0.556 g=0.124 VarTD=0.164819 ret_end=-25.997 dbar_end=0.664 occ_end=0.208 CSR_train=0.000 done_count=125
[upd 100] u=0 upd_ctr=7 opt_step=112 E=0.308 g=0.113 VarTD=0.159013 ret_end=-26.012 dbar_end=0.695 occ_end=0.208 CSR_train=0.000 done_count=125
[upd 110] u=0 upd_ctr=7 opt_step=112 E=1.000 g=0.134 VarTD=0.145128 ret_end=-25.209 dbar_end=0.640 occ_end=0.248 CSR_train=0.000 done_count=125
[upd 120] u=0 upd_ctr=8 opt_step=128 E=0.793 g=0.135 VarTD=0.158886 ret_end=-25.797 dbar_end=0.637 occ_end=0.256 CSR_train=0.000 done_count=125
[upd 130] u=0 upd_ctr=9 opt_step=144 E=0.547 g=0.129 VarTD=0.141907 ret_end=-24.977 dbar_end=0.652 occ_end=0.270 CSR_train=0.000 done_count=100
[upd 140] u=0 upd_ctr=10 opt_step=160 E=0.311 g=0.134 VarTD=0.163781 ret_end=-26.650 dbar_end=0.641 occ_end=0.272 CSR_train=0.000 done_count=125
[upd 150] u=1 upd_ctr=11 opt_step=176 E=0.085 g=0.142 VarTD=0.161971 ret_end=-25.505 dbar_end=0.622 occ_end=0.208 CSR_train=0.000 done_count=125
[upd 160] u=0 upd_ctr=11 opt_step=176 E=0.887 g=0.130 VarTD=0.162995 ret_end=-25.285 dbar_end=0.649 occ_end=0.168 CSR_train=0.000 done_count=125
[upd 170] u=0 upd_ctr=12 opt_step=192 E=0.654 g=0.138 VarTD=0.165390 ret_end=-25.001 dbar_end=0.631 occ_end=0.184 CSR_train=0.000 done_count=125
[upd 180] u=0 upd_ctr=13 opt_step=208 E=0.415 g=0.148 VarTD=0.190664 ret_end=-24.611 dbar_end=0.609 occ_end=0.208 CSR_train=0.000 done_count=125
[upd 190] u=0 upd_ctr=14 opt_step=224 E=0.155 g=0.133 VarTD=0.219029 ret_end=-25.621 dbar_end=0.643 occ_end=0.184 CSR_train=0.000 done_count=125
[upd 200] u=0 upd_ctr=14 opt_step=224 E=1.000 g=0.143 VarTD=0.237365 ret_end=-25.507 dbar_end=0.620 occ_end=0.208 CSR_train=0.000 done_count=125
[upd 210] u=0 upd_ctr=15 opt_step=240 E=0.865 g=0.159 VarTD=0.278337 ret_end=-24.292 dbar_end=0.587 occ_end=0.240 CSR_train=0.000 done_count=125
[upd 220] u=0 upd_ctr=16 opt_step=256 E=0.698 g=0.151 VarTD=0.323679 ret_end=-24.677 dbar_end=0.603 occ_end=0.328 CSR_train=0.000 done_count=125
[upd 230] u=0 upd_ctr=17 opt_step=272 E=0.528 g=0.156 VarTD=0.363523 ret_end=-24.101 dbar_end=0.592 occ_end=0.288 CSR_train=0.000 done_count=125
[upd 240] u=0 upd_ctr=18 opt_step=288 E=0.378 g=0.157 VarTD=0.430884 ret_end=-24.405 dbar_end=0.590 occ_end=0.240 CSR_train=0.000 done_count=125
[upd 250] u=0 upd_ctr=19 opt_step=304 E=0.269 g=0.154 VarTD=0.513335 ret_end=-24.895 dbar_end=0.595 occ_end=0.232 CSR_train=0.000 done_count=125
[upd 260] u=1 upd_ctr=20 opt_step=320 E=0.092 g=0.153 VarTD=0.435825 ret_end=-24.831 dbar_end=0.598 occ_end=0.230 CSR_train=0.000 done_count=100
[upd 270] u=0 upd_ctr=20 opt_step=320 E=0.997 g=0.138 VarTD=0.611913 ret_end=-24.889 dbar_end=0.631 occ_end=0.264 CSR_train=0.000 done_count=125
[upd 280] u=0 upd_ctr=21 opt_step=336 E=0.855 g=0.158 VarTD=0.694514 ret_end=-23.764 dbar_end=0.588 occ_end=0.216 CSR_train=0.000 done_count=125
[upd 290] u=0 upd_ctr=22 opt_step=352 E=0.752 g=0.157 VarTD=0.803664 ret_end=-24.512 dbar_end=0.590 occ_end=0.280 CSR_train=0.000 done_count=125
[upd 300] u=0 upd_ctr=23 opt_step=368 E=0.672 g=0.160 VarTD=0.870814 ret_end=-25.224 dbar_end=0.584 occ_end=0.304 CSR_train=0.000 done_count=125
[upd 310] u=0 upd_ctr=24 opt_step=384 E=0.574 g=0.156 VarTD=1.014869 ret_end=-24.971 dbar_end=0.591 occ_end=0.304 CSR_train=0.000 done_count=125
[Gate5 check] update_counter violations: t0=0 diffs=0
[Gate5 check] opt_step violations: t0=0 diffs=0 (expected_inc=16)
[Gate5 check] NaN masking: nan_on_skip=True finite_on_update=True
[Gate5 summary] mean_update_fraction=0.0769 final_executed_updates_mean=24.00
[Gate5 eval] done_count mean=100.0 CSR mean=0.0000 len_end_mean=26.00
[Gate5 eval] episodes_per_env=4 T_eval=104
[Gate5 eval-debug] locked_eps_occ=0.20 pre(step25): dbar_end=0.504080 occupied_end_mean=0.300000 max_tilde_end_mean=0.701440 CSR@locked=0.000000
[Gate5 eval-debug] locked_eps_occ=0.20 post(step26): dbar_end=0.502768 occupied_end_mean=0.320000 max_tilde_end_mean=0.705426 CSR@locked=0.000000
[Gate5 eval-debug] CSR_pre@0.10=0.0000 CSR_pre@0.15=0.0000 CSR_pre@0.20=0.0000 CSR_pre@0.25=0.0100 CSR_pre@0.30=0.0200
[Gate5 eval-debug] CSR_post@0.10=0.0000 CSR_post@0.15=0.0000 CSR_post@0.20=0.0000 CSR_post@0.25=0.0000 CSR_post@0.30=0.0200
