Importing submoduled environments...
Submoduled environments not found. Skipping import.
[upd 0] u=1 upd_ctr=1 opt_step=16 E=0.427 g=0.089 VarTD=0.203202 ret_end=-28.238 dbar_end=0.769 occ_end=0.170 CSR_train=0.000 done_count=100
[upd 10] u=0 upd_ctr=2 opt_step=32 E=0.118 g=0.100 VarTD=0.174427 ret_end=-26.985 dbar_end=0.734 occ_end=0.224 CSR_train=0.000 done_count=125
[upd 20] u=0 upd_ctr=2 opt_step=32 E=0.419 g=0.097 VarTD=0.148069 ret_end=-27.925 dbar_end=0.743 occ_end=0.160 CSR_train=0.000 done_count=125
[upd 30] u=0 upd_ctr=3 opt_step=48 E=0.106 g=0.104 VarTD=0.137989 ret_end=-26.922 dbar_end=0.722 occ_end=0.208 CSR_train=0.000 done_count=125
[upd 40] u=0 upd_ctr=3 opt_step=48 E=0.432 g=0.113 VarTD=0.133722 ret_end=-25.782 dbar_end=0.695 occ_end=0.224 CSR_train=0.000 done_count=125
[upd 50] u=0 upd_ctr=4 opt_step=64 E=0.160 g=0.101 VarTD=0.157122 ret_end=-26.599 dbar_end=0.730 occ_end=0.104 CSR_train=0.000 done_count=125
[upd 60] u=0 upd_ctr=4 opt_step=64 E=0.483 g=0.110 VarTD=0.140359 ret_end=-26.757 dbar_end=0.703 occ_end=0.168 CSR_train=0.000 done_count=125
[upd 70] u=0 upd_ctr=5 opt_step=80 E=0.215 g=0.105 VarTD=0.139077 ret_end=-26.630 dbar_end=0.718 occ_end=0.200 CSR_train=0.000 done_count=125
[upd 80] u=0 upd_ctr=5 opt_step=80 E=0.547 g=0.118 VarTD=0.143727 ret_end=-25.145 dbar_end=0.682 occ_end=0.216 CSR_train=0.000 done_count=125
[upd 90] u=0 upd_ctr=6 opt_step=96 E=0.289 g=0.123 VarTD=0.135154 ret_end=-25.566 dbar_end=0.666 occ_end=0.160 CSR_train=0.000 done_count=125
[upd 100] u=0 upd_ctr=6 opt_step=96 E=0.625 g=0.104 VarTD=0.142714 ret_end=-27.405 dbar_end=0.721 occ_end=0.168 CSR_train=0.000 done_count=125
[upd 110] u=0 upd_ctr=7 opt_step=112 E=0.359 g=0.116 VarTD=0.130853 ret_end=-26.431 dbar_end=0.685 occ_end=0.224 CSR_train=0.008 done_count=125
[upd 120] u=0 upd_ctr=8 opt_step=128 E=0.109 g=0.108 VarTD=0.151930 ret_end=-26.698 dbar_end=0.708 occ_end=0.208 CSR_train=0.000 done_count=125
[Gate5 check] update_counter violations: t0=0 diffs=0
[Gate5 check] opt_step violations: t0=0 diffs=0 (expected_inc=16)
[Gate5 check] NaN masking: nan_on_skip=True finite_on_update=True
[Gate5 summary] mean_update_fraction=0.0640 final_executed_updates_mean=8.00
[Gate5 eval] done_count mean=100.0 CSR mean=0.0000 len_end_mean=26.00
[Gate5 eval] episodes_per_env=4 T_eval=104
[Gate5 eval-debug] locked_eps_occ=0.20 pre(step25): dbar_end=0.467941 occupied_end_mean=0.400000 max_tilde_end_mean=0.673791 CSR@locked=0.010000
[Gate5 eval-debug] locked_eps_occ=0.20 post(step26): dbar_end=0.474458 occupied_end_mean=0.420000 max_tilde_end_mean=0.688359 CSR@locked=0.000000
[Gate5 eval-debug] CSR_pre@0.10=0.0000 CSR_pre@0.15=0.0000 CSR_pre@0.20=0.0100 CSR_pre@0.25=0.0200 CSR_pre@0.30=0.0700
[Gate5 eval-debug] CSR_post@0.10=0.0000 CSR_post@0.15=0.0000 CSR_post@0.20=0.0000 CSR_post@0.25=0.0200 CSR_post@0.30=0.0400
