Importing submoduled environments...
Submoduled environments not found. Skipping import.
[upd 0] u=1 upd_ctr=1 opt_step=16 E=0.038 g=0.094 VarTD=0.148631 ret_end=-26.843 dbar_end=0.752 occ_end=0.140 CSR_train=0.000 done_count=100
[upd 10] u=0 upd_ctr=1 opt_step=16 E=0.405 g=0.098 VarTD=0.120442 ret_end=-26.989 dbar_end=0.738 occ_end=0.144 CSR_train=0.000 done_count=125
[upd 20] u=0 upd_ctr=1 opt_step=16 E=0.774 g=0.093 VarTD=0.164388 ret_end=-27.803 dbar_end=0.757 occ_end=0.128 CSR_train=0.000 done_count=125
[upd 30] u=0 upd_ctr=2 opt_step=32 E=0.106 g=0.094 VarTD=0.134281 ret_end=-26.927 dbar_end=0.753 occ_end=0.152 CSR_train=0.000 done_count=125
[upd 40] u=0 upd_ctr=2 opt_step=32 E=0.517 g=0.107 VarTD=0.148746 ret_end=-26.570 dbar_end=0.713 occ_end=0.208 CSR_train=0.008 done_count=125
[upd 50] u=0 upd_ctr=2 opt_step=32 E=0.912 g=0.107 VarTD=0.131134 ret_end=-27.032 dbar_end=0.713 occ_end=0.208 CSR_train=0.000 done_count=125
[upd 60] u=0 upd_ctr=3 opt_step=48 E=0.280 g=0.099 VarTD=0.144206 ret_end=-27.055 dbar_end=0.737 occ_end=0.128 CSR_train=0.000 done_count=125
[upd 70] u=0 upd_ctr=3 opt_step=48 E=0.711 g=0.108 VarTD=0.130546 ret_end=-26.007 dbar_end=0.708 occ_end=0.152 CSR_train=0.000 done_count=125
[upd 80] u=0 upd_ctr=4 opt_step=64 E=0.128 g=0.112 VarTD=0.115267 ret_end=-25.881 dbar_end=0.696 occ_end=0.152 CSR_train=0.000 done_count=125
[upd 90] u=0 upd_ctr=4 opt_step=64 E=0.557 g=0.112 VarTD=0.120912 ret_end=-25.789 dbar_end=0.698 occ_end=0.152 CSR_train=0.000 done_count=125
[upd 100] u=0 upd_ctr=4 opt_step=64 E=1.000 g=0.100 VarTD=0.169950 ret_end=-26.990 dbar_end=0.732 occ_end=0.152 CSR_train=0.000 done_count=125
[upd 110] u=0 upd_ctr=5 opt_step=80 E=0.447 g=0.109 VarTD=0.169698 ret_end=-26.523 dbar_end=0.706 occ_end=0.160 CSR_train=0.000 done_count=125
[upd 120] u=0 upd_ctr=5 opt_step=80 E=0.866 g=0.103 VarTD=0.132329 ret_end=-26.371 dbar_end=0.724 occ_end=0.184 CSR_train=0.000 done_count=125
[upd 130] u=0 upd_ctr=6 opt_step=96 E=0.271 g=0.100 VarTD=0.126260 ret_end=-27.122 dbar_end=0.732 occ_end=0.240 CSR_train=0.000 done_count=100
[upd 140] u=0 upd_ctr=6 opt_step=96 E=0.712 g=0.102 VarTD=0.157253 ret_end=-27.910 dbar_end=0.729 occ_end=0.128 CSR_train=0.000 done_count=125
[upd 150] u=0 upd_ctr=7 opt_step=112 E=0.136 g=0.109 VarTD=0.126084 ret_end=-26.063 dbar_end=0.705 occ_end=0.112 CSR_train=0.000 done_count=125
[upd 160] u=0 upd_ctr=7 opt_step=112 E=0.599 g=0.111 VarTD=0.140992 ret_end=-26.857 dbar_end=0.700 occ_end=0.216 CSR_train=0.000 done_count=125
[upd 170] u=1 upd_ctr=8 opt_step=128 E=0.046 g=0.114 VarTD=0.148464 ret_end=-26.850 dbar_end=0.691 occ_end=0.200 CSR_train=0.000 done_count=125
[upd 180] u=0 upd_ctr=8 opt_step=128 E=0.538 g=0.112 VarTD=0.152631 ret_end=-25.987 dbar_end=0.698 occ_end=0.184 CSR_train=0.000 done_count=125
[upd 190] u=0 upd_ctr=8 opt_step=128 E=1.000 g=0.121 VarTD=0.142509 ret_end=-25.468 dbar_end=0.673 occ_end=0.160 CSR_train=0.000 done_count=125
[upd 200] u=0 upd_ctr=9 opt_step=144 E=0.518 g=0.121 VarTD=0.150881 ret_end=-25.990 dbar_end=0.672 occ_end=0.144 CSR_train=0.000 done_count=125
[upd 210] u=0 upd_ctr=9 opt_step=144 E=1.000 g=0.125 VarTD=0.160151 ret_end=-25.440 dbar_end=0.662 occ_end=0.248 CSR_train=0.000 done_count=125
[upd 220] u=0 upd_ctr=10 opt_step=160 E=0.527 g=0.122 VarTD=0.170798 ret_end=-26.611 dbar_end=0.669 occ_end=0.208 CSR_train=0.000 done_count=125
[upd 230] u=0 upd_ctr=10 opt_step=160 E=1.000 g=0.147 VarTD=0.153050 ret_end=-24.163 dbar_end=0.611 occ_end=0.232 CSR_train=0.000 done_count=125
[upd 240] u=0 upd_ctr=11 opt_step=176 E=0.537 g=0.136 VarTD=0.159899 ret_end=-24.626 dbar_end=0.635 occ_end=0.216 CSR_train=0.000 done_count=125
[upd 250] u=1 upd_ctr=12 opt_step=192 E=0.054 g=0.136 VarTD=0.165891 ret_end=-24.835 dbar_end=0.635 occ_end=0.248 CSR_train=0.000 done_count=125
[upd 260] u=0 upd_ctr=12 opt_step=192 E=0.607 g=0.134 VarTD=0.171735 ret_end=-25.227 dbar_end=0.639 occ_end=0.250 CSR_train=0.000 done_count=100
[upd 270] u=0 upd_ctr=13 opt_step=208 E=0.110 g=0.141 VarTD=0.219194 ret_end=-25.033 dbar_end=0.624 occ_end=0.232 CSR_train=0.000 done_count=125
[upd 280] u=0 upd_ctr=13 opt_step=208 E=0.671 g=0.148 VarTD=0.223910 ret_end=-24.996 dbar_end=0.608 occ_end=0.264 CSR_train=0.000 done_count=125
[upd 290] u=0 upd_ctr=14 opt_step=224 E=0.218 g=0.133 VarTD=0.264634 ret_end=-25.825 dbar_end=0.643 occ_end=0.248 CSR_train=0.000 done_count=125
[upd 300] u=0 upd_ctr=14 opt_step=224 E=0.787 g=0.127 VarTD=0.255816 ret_end=-26.280 dbar_end=0.656 occ_end=0.176 CSR_train=0.000 done_count=125
[upd 310] u=0 upd_ctr=15 opt_step=240 E=0.352 g=0.138 VarTD=0.298935 ret_end=-25.403 dbar_end=0.631 occ_end=0.240 CSR_train=0.000 done_count=125
[Gate5 check] update_counter violations: t0=0 diffs=0
[Gate5 check] opt_step violations: t0=0 diffs=0 (expected_inc=16)
[Gate5 check] NaN masking: nan_on_skip=True finite_on_update=True
[Gate5 summary] mean_update_fraction=0.0481 final_executed_updates_mean=15.00
[Gate5 eval] done_count mean=100.0 CSR mean=0.0000 len_end_mean=26.00
[Gate5 eval] episodes_per_env=4 T_eval=104
[Gate5 eval-debug] locked_eps_occ=0.20 pre(step25): dbar_end=0.499047 occupied_end_mean=0.340000 max_tilde_end_mean=0.711468 CSR@locked=0.000000
[Gate5 eval-debug] locked_eps_occ=0.20 post(step26): dbar_end=0.496715 occupied_end_mean=0.370000 max_tilde_end_mean=0.715157 CSR@locked=0.000000
[Gate5 eval-debug] CSR_pre@0.10=0.0000 CSR_pre@0.15=0.0000 CSR_pre@0.20=0.0000 CSR_pre@0.25=0.0000 CSR_pre@0.30=0.0100
[Gate5 eval-debug] CSR_post@0.10=0.0000 CSR_post@0.15=0.0000 CSR_post@0.20=0.0000 CSR_post@0.25=0.0000 CSR_post@0.30=0.0100
