Importing submoduled environments...
Submoduled environments not found. Skipping import.
[upd 0] u=0 upd_ctr=0 opt_step=0 E=1.000 g=0.073 VarTD=0.176583 ret_end=-28.932 dbar_end=0.832 occ_end=0.120 CSR_train=0.000 done_count=100
[upd 10] u=0 upd_ctr=0 opt_step=0 E=1.000 g=0.080 VarTD=0.146964 ret_end=-28.169 dbar_end=0.805 occ_end=0.112 CSR_train=0.000 done_count=125
[upd 20] u=0 upd_ctr=0 opt_step=0 E=1.000 g=0.091 VarTD=0.150200 ret_end=-27.478 dbar_end=0.765 occ_end=0.160 CSR_train=0.000 done_count=125
[upd 30] u=0 upd_ctr=0 opt_step=0 E=1.000 g=0.092 VarTD=0.135180 ret_end=-26.522 dbar_end=0.760 occ_end=0.160 CSR_train=0.000 done_count=125
[upd 40] u=0 upd_ctr=0 opt_step=0 E=1.000 g=0.085 VarTD=0.180637 ret_end=-27.773 dbar_end=0.785 occ_end=0.144 CSR_train=0.000 done_count=125
[upd 50] u=0 upd_ctr=0 opt_step=0 E=1.000 g=0.081 VarTD=0.180504 ret_end=-28.528 dbar_end=0.800 occ_end=0.128 CSR_train=0.000 done_count=125
[upd 60] u=0 upd_ctr=0 opt_step=0 E=1.000 g=0.081 VarTD=0.143324 ret_end=-26.868 dbar_end=0.802 occ_end=0.072 CSR_train=0.000 done_count=125
[upd 70] u=0 upd_ctr=0 opt_step=0 E=1.000 g=0.098 VarTD=0.140530 ret_end=-26.320 dbar_end=0.740 occ_end=0.160 CSR_train=0.000 done_count=125
[upd 80] u=0 upd_ctr=0 opt_step=0 E=1.000 g=0.083 VarTD=0.167916 ret_end=-28.666 dbar_end=0.793 occ_end=0.128 CSR_train=0.000 done_count=125
[upd 90] u=0 upd_ctr=0 opt_step=0 E=1.000 g=0.082 VarTD=0.156203 ret_end=-28.721 dbar_end=0.796 occ_end=0.120 CSR_train=0.000 done_count=125
[upd 100] u=0 upd_ctr=0 opt_step=0 E=1.000 g=0.088 VarTD=0.160716 ret_end=-28.345 dbar_end=0.773 occ_end=0.088 CSR_train=0.000 done_count=125
[upd 110] u=0 upd_ctr=0 opt_step=0 E=1.000 g=0.086 VarTD=0.168820 ret_end=-27.243 dbar_end=0.781 occ_end=0.128 CSR_train=0.000 done_count=125
[upd 120] u=0 upd_ctr=0 opt_step=0 E=1.000 g=0.091 VarTD=0.127413 ret_end=-27.240 dbar_end=0.764 occ_end=0.200 CSR_train=0.000 done_count=125
[Gate5 check] update_counter violations: t0=0 diffs=0
[Gate5 check] opt_step violations: t0=0 diffs=0 (expected_inc=16)
[Gate5 check] NaN masking: nan_on_skip=True finite_on_update=True
[Gate5 summary] mean_update_fraction=0.0000 final_executed_updates_mean=0.00
[Gate5 eval] done_count mean=100.0 CSR mean=0.0000 len_end_mean=26.00
[Gate5 eval] episodes_per_env=4 T_eval=104
[Gate5 eval-debug] locked_eps_occ=0.20 pre(step25): dbar_end=2.648320 occupied_end_mean=0.040000 max_tilde_end_mean=3.091620 CSR@locked=0.000000
[Gate5 eval-debug] locked_eps_occ=0.20 post(step26): dbar_end=2.756351 occupied_end_mean=0.040000 max_tilde_end_mean=3.199163 CSR@locked=0.000000
[Gate5 eval-debug] CSR_pre@0.10=0.0000 CSR_pre@0.15=0.0000 CSR_pre@0.20=0.0000 CSR_pre@0.25=0.0000 CSR_pre@0.30=0.0000
[Gate5 eval-debug] CSR_post@0.10=0.0000 CSR_post@0.15=0.0000 CSR_post@0.20=0.0000 CSR_post@0.25=0.0000 CSR_post@0.30=0.0000
