Importing submoduled environments...
Submoduled environments not found. Skipping import.
[upd 0] u=1 upd_ctr=1 opt_step=16 E=0.420 g=0.093 VarTD=0.149936 ret_end=-27.435 dbar_end=0.756 occ_end=0.150 CSR_train=0.000 done_count=100
[upd 10] u=0 upd_ctr=1 opt_step=16 E=0.420 g=0.100 VarTD=0.132044 ret_end=-26.929 dbar_end=0.734 occ_end=0.192 CSR_train=0.000 done_count=125
[upd 20] u=0 upd_ctr=1 opt_step=16 E=0.420 g=0.107 VarTD=0.153948 ret_end=-26.021 dbar_end=0.712 occ_end=0.192 CSR_train=0.000 done_count=125
[upd 30] u=0 upd_ctr=1 opt_step=16 E=0.420 g=0.084 VarTD=0.174361 ret_end=-28.107 dbar_end=0.790 occ_end=0.136 CSR_train=0.008 done_count=125
[upd 40] u=0 upd_ctr=1 opt_step=16 E=0.420 g=0.091 VarTD=0.143332 ret_end=-27.531 dbar_end=0.765 occ_end=0.096 CSR_train=0.000 done_count=125
[upd 50] u=0 upd_ctr=1 opt_step=16 E=0.420 g=0.085 VarTD=0.137477 ret_end=-27.179 dbar_end=0.787 occ_end=0.104 CSR_train=0.000 done_count=125
[upd 60] u=0 upd_ctr=1 opt_step=16 E=0.420 g=0.090 VarTD=0.138519 ret_end=-27.667 dbar_end=0.765 occ_end=0.104 CSR_train=0.000 done_count=125
[upd 70] u=0 upd_ctr=1 opt_step=16 E=0.420 g=0.091 VarTD=0.150288 ret_end=-27.875 dbar_end=0.764 occ_end=0.144 CSR_train=0.000 done_count=125
[upd 80] u=0 upd_ctr=1 opt_step=16 E=0.420 g=0.098 VarTD=0.133671 ret_end=-26.280 dbar_end=0.741 occ_end=0.168 CSR_train=0.000 done_count=125
[upd 90] u=0 upd_ctr=1 opt_step=16 E=0.420 g=0.091 VarTD=0.139704 ret_end=-27.674 dbar_end=0.765 occ_end=0.184 CSR_train=0.000 done_count=125
[upd 100] u=0 upd_ctr=1 opt_step=16 E=0.420 g=0.092 VarTD=0.157378 ret_end=-26.533 dbar_end=0.760 occ_end=0.136 CSR_train=0.000 done_count=125
[upd 110] u=0 upd_ctr=1 opt_step=16 E=0.420 g=0.085 VarTD=0.142462 ret_end=-27.744 dbar_end=0.784 occ_end=0.112 CSR_train=0.000 done_count=125
[upd 120] u=0 upd_ctr=1 opt_step=16 E=0.420 g=0.099 VarTD=0.141277 ret_end=-26.628 dbar_end=0.738 occ_end=0.168 CSR_train=0.000 done_count=125
[upd 130] u=0 upd_ctr=1 opt_step=16 E=0.420 g=0.089 VarTD=0.189431 ret_end=-27.393 dbar_end=0.769 occ_end=0.150 CSR_train=0.000 done_count=100
[upd 140] u=0 upd_ctr=1 opt_step=16 E=0.420 g=0.091 VarTD=0.172999 ret_end=-26.720 dbar_end=0.762 occ_end=0.136 CSR_train=0.000 done_count=125
[upd 150] u=0 upd_ctr=1 opt_step=16 E=0.420 g=0.088 VarTD=0.133353 ret_end=-27.941 dbar_end=0.773 occ_end=0.152 CSR_train=0.000 done_count=125
[upd 160] u=0 upd_ctr=1 opt_step=16 E=0.420 g=0.091 VarTD=0.164002 ret_end=-27.996 dbar_end=0.765 occ_end=0.184 CSR_train=0.000 done_count=125
[upd 170] u=0 upd_ctr=1 opt_step=16 E=0.420 g=0.100 VarTD=0.140404 ret_end=-27.007 dbar_end=0.734 occ_end=0.136 CSR_train=0.000 done_count=125
[upd 180] u=0 upd_ctr=1 opt_step=16 E=0.420 g=0.108 VarTD=0.125454 ret_end=-26.150 dbar_end=0.709 occ_end=0.216 CSR_train=0.000 done_count=125
[upd 190] u=0 upd_ctr=1 opt_step=16 E=0.420 g=0.092 VarTD=0.138201 ret_end=-27.610 dbar_end=0.761 occ_end=0.136 CSR_train=0.000 done_count=125
[upd 200] u=0 upd_ctr=1 opt_step=16 E=0.420 g=0.085 VarTD=0.154261 ret_end=-28.593 dbar_end=0.785 occ_end=0.104 CSR_train=0.000 done_count=125
[upd 210] u=0 upd_ctr=1 opt_step=16 E=0.420 g=0.084 VarTD=0.167879 ret_end=-28.011 dbar_end=0.789 occ_end=0.136 CSR_train=0.000 done_count=125
[upd 220] u=0 upd_ctr=1 opt_step=16 E=0.420 g=0.088 VarTD=0.117921 ret_end=-27.196 dbar_end=0.774 occ_end=0.120 CSR_train=0.000 done_count=125
[upd 230] u=0 upd_ctr=1 opt_step=16 E=0.420 g=0.090 VarTD=0.139913 ret_end=-26.812 dbar_end=0.767 occ_end=0.160 CSR_train=0.000 done_count=125
[upd 240] u=0 upd_ctr=1 opt_step=16 E=0.420 g=0.095 VarTD=0.142932 ret_end=-27.412 dbar_end=0.750 occ_end=0.200 CSR_train=0.000 done_count=125
[upd 250] u=0 upd_ctr=1 opt_step=16 E=0.420 g=0.086 VarTD=0.173542 ret_end=-28.136 dbar_end=0.782 occ_end=0.120 CSR_train=0.000 done_count=125
[upd 260] u=0 upd_ctr=1 opt_step=16 E=0.420 g=0.095 VarTD=0.147484 ret_end=-26.540 dbar_end=0.751 occ_end=0.160 CSR_train=0.000 done_count=100
[upd 270] u=0 upd_ctr=1 opt_step=16 E=0.420 g=0.102 VarTD=0.161927 ret_end=-26.880 dbar_end=0.726 occ_end=0.176 CSR_train=0.000 done_count=125
[upd 280] u=0 upd_ctr=1 opt_step=16 E=0.420 g=0.103 VarTD=0.132076 ret_end=-25.672 dbar_end=0.725 occ_end=0.240 CSR_train=0.000 done_count=125
[upd 290] u=0 upd_ctr=1 opt_step=16 E=0.420 g=0.085 VarTD=0.157738 ret_end=-28.408 dbar_end=0.784 occ_end=0.136 CSR_train=0.000 done_count=125
[upd 300] u=0 upd_ctr=1 opt_step=16 E=0.420 g=0.101 VarTD=0.121769 ret_end=-26.059 dbar_end=0.730 occ_end=0.112 CSR_train=0.000 done_count=125
[upd 310] u=0 upd_ctr=1 opt_step=16 E=0.420 g=0.095 VarTD=0.133161 ret_end=-27.166 dbar_end=0.751 occ_end=0.184 CSR_train=0.000 done_count=125
[Gate5 check] update_counter violations: t0=0 diffs=0
[Gate5 check] opt_step violations: t0=0 diffs=0 (expected_inc=16)
[Gate5 check] NaN masking: nan_on_skip=True finite_on_update=True
[Gate5 summary] mean_update_fraction=0.0032 final_executed_updates_mean=1.00
[Gate5 eval] done_count mean=100.0 CSR mean=0.0000 len_end_mean=26.00
[Gate5 eval] episodes_per_env=4 T_eval=104
[Gate5 eval-debug] locked_eps_occ=0.20 pre(step25): dbar_end=0.702820 occupied_end_mean=0.230000 max_tilde_end_mean=1.008327 CSR@locked=0.000000
[Gate5 eval-debug] locked_eps_occ=0.20 post(step26): dbar_end=0.706573 occupied_end_mean=0.250000 max_tilde_end_mean=1.005510 CSR@locked=0.000000
[Gate5 eval-debug] CSR_pre@0.10=0.0000 CSR_pre@0.15=0.0000 CSR_pre@0.20=0.0000 CSR_pre@0.25=0.0000 CSR_pre@0.30=0.0000
[Gate5 eval-debug] CSR_post@0.10=0.0000 CSR_post@0.15=0.0000 CSR_post@0.20=0.0000 CSR_post@0.25=0.0000 CSR_post@0.30=0.0000
