Importing submoduled environments...
Submoduled environments not found. Skipping import.
[upd 0] u=1 upd_ctr=1 opt_step=16 E=0.089 g=0.099 VarTD=0.140656 ret_end=-26.323 dbar_end=0.738 occ_end=0.170 CSR_train=0.000 done_count=100
[upd 10] u=0 upd_ctr=1 opt_step=16 E=0.448 g=0.094 VarTD=0.164372 ret_end=-27.885 dbar_end=0.755 occ_end=0.144 CSR_train=0.000 done_count=125
[upd 20] u=0 upd_ctr=1 opt_step=16 E=0.803 g=0.085 VarTD=0.157447 ret_end=-28.074 dbar_end=0.784 occ_end=0.096 CSR_train=0.000 done_count=125
[upd 30] u=0 upd_ctr=2 opt_step=32 E=0.210 g=0.091 VarTD=0.180434 ret_end=-27.191 dbar_end=0.764 occ_end=0.176 CSR_train=0.000 done_count=125
[upd 40] u=0 upd_ctr=2 opt_step=32 E=0.580 g=0.094 VarTD=0.143357 ret_end=-27.096 dbar_end=0.752 occ_end=0.224 CSR_train=0.000 done_count=125
[upd 50] u=0 upd_ctr=2 opt_step=32 E=0.943 g=0.093 VarTD=0.143746 ret_end=-27.481 dbar_end=0.756 occ_end=0.120 CSR_train=0.000 done_count=125
[upd 60] u=0 upd_ctr=3 opt_step=48 E=0.385 g=0.090 VarTD=0.143437 ret_end=-27.419 dbar_end=0.766 occ_end=0.152 CSR_train=0.000 done_count=125
[upd 70] u=0 upd_ctr=3 opt_step=48 E=0.769 g=0.096 VarTD=0.144663 ret_end=-27.127 dbar_end=0.745 occ_end=0.096 CSR_train=0.000 done_count=125
[upd 80] u=0 upd_ctr=4 opt_step=64 E=0.206 g=0.101 VarTD=0.167135 ret_end=-27.152 dbar_end=0.731 occ_end=0.200 CSR_train=0.000 done_count=125
[upd 90] u=0 upd_ctr=4 opt_step=64 E=0.606 g=0.110 VarTD=0.140200 ret_end=-25.341 dbar_end=0.702 occ_end=0.232 CSR_train=0.000 done_count=125
[upd 100] u=1 upd_ctr=5 opt_step=80 E=0.075 g=0.099 VarTD=0.168256 ret_end=-27.340 dbar_end=0.738 occ_end=0.168 CSR_train=0.000 done_count=125
[upd 110] u=0 upd_ctr=5 opt_step=80 E=0.505 g=0.108 VarTD=0.140786 ret_end=-26.724 dbar_end=0.708 occ_end=0.144 CSR_train=0.000 done_count=125
[upd 120] u=0 upd_ctr=5 opt_step=80 E=0.952 g=0.127 VarTD=0.134416 ret_end=-25.986 dbar_end=0.656 occ_end=0.216 CSR_train=0.000 done_count=125
[upd 130] u=0 upd_ctr=6 opt_step=96 E=0.468 g=0.103 VarTD=0.139456 ret_end=-26.840 dbar_end=0.723 occ_end=0.210 CSR_train=0.000 done_count=100
[upd 140] u=0 upd_ctr=6 opt_step=96 E=0.930 g=0.116 VarTD=0.130596 ret_end=-25.755 dbar_end=0.685 occ_end=0.200 CSR_train=0.000 done_count=125
[upd 150] u=0 upd_ctr=7 opt_step=112 E=0.468 g=0.114 VarTD=0.161161 ret_end=-25.803 dbar_end=0.691 occ_end=0.216 CSR_train=0.000 done_count=125
[upd 160] u=0 upd_ctr=7 opt_step=112 E=0.937 g=0.137 VarTD=0.131401 ret_end=-24.968 dbar_end=0.632 occ_end=0.280 CSR_train=0.000 done_count=125
[upd 170] u=0 upd_ctr=8 opt_step=128 E=0.479 g=0.130 VarTD=0.139792 ret_end=-25.558 dbar_end=0.651 occ_end=0.200 CSR_train=0.000 done_count=125
[upd 180] u=0 upd_ctr=8 opt_step=128 E=0.970 g=0.122 VarTD=0.158418 ret_end=-26.201 dbar_end=0.670 occ_end=0.184 CSR_train=0.000 done_count=125
[upd 190] u=0 upd_ctr=9 opt_step=144 E=0.538 g=0.130 VarTD=0.182108 ret_end=-25.497 dbar_end=0.650 occ_end=0.240 CSR_train=0.000 done_count=125
[upd 200] u=0 upd_ctr=10 opt_step=160 E=0.119 g=0.138 VarTD=0.143163 ret_end=-25.007 dbar_end=0.631 occ_end=0.232 CSR_train=0.000 done_count=125
[upd 210] u=0 upd_ctr=10 opt_step=160 E=0.653 g=0.139 VarTD=0.165572 ret_end=-25.772 dbar_end=0.629 occ_end=0.256 CSR_train=0.000 done_count=125
[upd 220] u=0 upd_ctr=11 opt_step=176 E=0.252 g=0.142 VarTD=0.188498 ret_end=-25.714 dbar_end=0.622 occ_end=0.240 CSR_train=0.000 done_count=125
[upd 230] u=0 upd_ctr=11 opt_step=176 E=0.792 g=0.127 VarTD=0.157823 ret_end=-25.389 dbar_end=0.657 occ_end=0.128 CSR_train=0.000 done_count=125
[upd 240] u=0 upd_ctr=12 opt_step=192 E=0.393 g=0.145 VarTD=0.174204 ret_end=-24.901 dbar_end=0.616 occ_end=0.232 CSR_train=0.008 done_count=125
[upd 250] u=0 upd_ctr=12 opt_step=192 E=0.942 g=0.132 VarTD=0.234087 ret_end=-26.940 dbar_end=0.646 occ_end=0.248 CSR_train=0.000 done_count=125
[upd 260] u=0 upd_ctr=13 opt_step=208 E=0.529 g=0.121 VarTD=0.186841 ret_end=-26.435 dbar_end=0.673 occ_end=0.170 CSR_train=0.000 done_count=100
[upd 270] u=0 upd_ctr=14 opt_step=224 E=0.137 g=0.138 VarTD=0.245154 ret_end=-24.736 dbar_end=0.631 occ_end=0.208 CSR_train=0.000 done_count=125
[upd 280] u=0 upd_ctr=14 opt_step=224 E=0.690 g=0.149 VarTD=0.265821 ret_end=-24.533 dbar_end=0.606 occ_end=0.256 CSR_train=0.000 done_count=125
[upd 290] u=0 upd_ctr=15 opt_step=240 E=0.300 g=0.150 VarTD=0.268154 ret_end=-24.106 dbar_end=0.603 occ_end=0.280 CSR_train=0.000 done_count=125
[upd 300] u=0 upd_ctr=15 opt_step=240 E=0.874 g=0.149 VarTD=0.288272 ret_end=-24.689 dbar_end=0.606 occ_end=0.256 CSR_train=0.000 done_count=125
[upd 310] u=0 upd_ctr=16 opt_step=256 E=0.501 g=0.134 VarTD=0.327875 ret_end=-25.710 dbar_end=0.641 occ_end=0.248 CSR_train=0.000 done_count=125
[Gate5 check] update_counter violations: t0=0 diffs=0
[Gate5 check] opt_step violations: t0=0 diffs=0 (expected_inc=16)
[Gate5 check] NaN masking: nan_on_skip=True finite_on_update=True
[Gate5 summary] mean_update_fraction=0.0513 final_executed_updates_mean=16.00
[Gate5 eval] done_count mean=100.0 CSR mean=0.0100 len_end_mean=26.00
[Gate5 eval] episodes_per_env=4 T_eval=104
[Gate5 eval-debug] locked_eps_occ=0.20 pre(step25): dbar_end=0.495500 occupied_end_mean=0.490000 max_tilde_end_mean=0.723917 CSR@locked=0.010000
[Gate5 eval-debug] locked_eps_occ=0.20 post(step26): dbar_end=0.502790 occupied_end_mean=0.410000 max_tilde_end_mean=0.730179 CSR@locked=0.010000
[Gate5 eval-debug] CSR_pre@0.10=0.0000 CSR_pre@0.15=0.0000 CSR_pre@0.20=0.0100 CSR_pre@0.25=0.0200 CSR_pre@0.30=0.0500
[Gate5 eval-debug] CSR_post@0.10=0.0000 CSR_post@0.15=0.0000 CSR_post@0.20=0.0100 CSR_post@0.25=0.0200 CSR_post@0.30=0.0400
