Importing submoduled environments...
Submoduled environments not found. Skipping import.
[upd 0] u=1 upd_ctr=1 opt_step=16 E=0.156 g=0.093 VarTD=0.149936 ret_end=-27.435 dbar_end=0.756 occ_end=0.150 CSR_train=0.000 done_count=100
[upd 10] u=0 upd_ctr=1 opt_step=16 E=0.719 g=0.100 VarTD=0.132044 ret_end=-26.929 dbar_end=0.734 occ_end=0.192 CSR_train=0.000 done_count=125
[upd 20] u=0 upd_ctr=2 opt_step=32 E=0.439 g=0.112 VarTD=0.150319 ret_end=-25.777 dbar_end=0.697 occ_end=0.232 CSR_train=0.000 done_count=125
[upd 30] u=0 upd_ctr=3 opt_step=48 E=0.119 g=0.087 VarTD=0.172210 ret_end=-27.785 dbar_end=0.776 occ_end=0.128 CSR_train=0.008 done_count=125
[upd 40] u=0 upd_ctr=3 opt_step=48 E=0.706 g=0.095 VarTD=0.139810 ret_end=-27.149 dbar_end=0.750 occ_end=0.152 CSR_train=0.000 done_count=125
[upd 50] u=0 upd_ctr=4 opt_step=64 E=0.403 g=0.097 VarTD=0.127759 ret_end=-26.399 dbar_end=0.742 occ_end=0.144 CSR_train=0.000 done_count=125
[upd 60] u=1 upd_ctr=5 opt_step=80 E=0.092 g=0.107 VarTD=0.140045 ret_end=-26.842 dbar_end=0.711 occ_end=0.168 CSR_train=0.000 done_count=125
[upd 70] u=0 upd_ctr=5 opt_step=80 E=0.701 g=0.105 VarTD=0.144130 ret_end=-26.807 dbar_end=0.719 occ_end=0.144 CSR_train=0.000 done_count=125
[upd 80] u=0 upd_ctr=6 opt_step=96 E=0.477 g=0.105 VarTD=0.142923 ret_end=-25.944 dbar_end=0.718 occ_end=0.160 CSR_train=0.000 done_count=125
[upd 90] u=0 upd_ctr=7 opt_step=112 E=0.238 g=0.110 VarTD=0.140948 ret_end=-26.439 dbar_end=0.704 occ_end=0.192 CSR_train=0.000 done_count=125
[upd 100] u=0 upd_ctr=7 opt_step=112 E=0.896 g=0.122 VarTD=0.149706 ret_end=-25.002 dbar_end=0.671 occ_end=0.224 CSR_train=0.000 done_count=125
[upd 110] u=0 upd_ctr=8 opt_step=128 E=0.678 g=0.102 VarTD=0.144872 ret_end=-26.613 dbar_end=0.726 occ_end=0.144 CSR_train=0.000 done_count=125
[upd 120] u=0 upd_ctr=9 opt_step=144 E=0.484 g=0.128 VarTD=0.147784 ret_end=-24.844 dbar_end=0.654 occ_end=0.200 CSR_train=0.000 done_count=125
[upd 130] u=0 upd_ctr=10 opt_step=160 E=0.320 g=0.118 VarTD=0.188238 ret_end=-26.060 dbar_end=0.679 occ_end=0.210 CSR_train=0.000 done_count=100
[upd 140] u=0 upd_ctr=11 opt_step=176 E=0.149 g=0.123 VarTD=0.191066 ret_end=-25.210 dbar_end=0.667 occ_end=0.208 CSR_train=0.000 done_count=125
[upd 150] u=0 upd_ctr=11 opt_step=176 E=0.930 g=0.132 VarTD=0.170209 ret_end=-25.885 dbar_end=0.646 occ_end=0.200 CSR_train=0.000 done_count=125
[upd 160] u=0 upd_ctr=12 opt_step=192 E=0.795 g=0.130 VarTD=0.230344 ret_end=-26.066 dbar_end=0.649 occ_end=0.240 CSR_train=0.000 done_count=125
[upd 170] u=0 upd_ctr=13 opt_step=208 E=0.678 g=0.138 VarTD=0.238212 ret_end=-25.208 dbar_end=0.630 occ_end=0.184 CSR_train=0.000 done_count=125
[upd 180] u=0 upd_ctr=14 opt_step=224 E=0.584 g=0.143 VarTD=0.258115 ret_end=-24.524 dbar_end=0.620 occ_end=0.216 CSR_train=0.000 done_count=125
[upd 190] u=0 upd_ctr=15 opt_step=240 E=0.496 g=0.134 VarTD=0.306856 ret_end=-25.488 dbar_end=0.639 occ_end=0.232 CSR_train=0.008 done_count=125
[upd 200] u=0 upd_ctr=16 opt_step=256 E=0.396 g=0.133 VarTD=0.353807 ret_end=-26.015 dbar_end=0.643 occ_end=0.176 CSR_train=0.000 done_count=125
[upd 210] u=0 upd_ctr=17 opt_step=272 E=0.331 g=0.137 VarTD=0.431630 ret_end=-25.348 dbar_end=0.634 occ_end=0.192 CSR_train=0.000 done_count=125
[upd 220] u=0 upd_ctr=18 opt_step=288 E=0.289 g=0.141 VarTD=0.484866 ret_end=-24.451 dbar_end=0.625 occ_end=0.176 CSR_train=0.000 done_count=125
[upd 230] u=0 upd_ctr=19 opt_step=304 E=0.282 g=0.154 VarTD=0.560220 ret_end=-24.413 dbar_end=0.596 occ_end=0.264 CSR_train=0.000 done_count=125
[upd 240] u=0 upd_ctr=20 opt_step=320 E=0.312 g=0.167 VarTD=0.674811 ret_end=-24.025 dbar_end=0.570 occ_end=0.256 CSR_train=0.000 done_count=125
[upd 250] u=0 upd_ctr=21 opt_step=336 E=0.334 g=0.149 VarTD=0.767089 ret_end=-24.849 dbar_end=0.606 occ_end=0.264 CSR_train=0.000 done_count=125
[upd 260] u=0 upd_ctr=22 opt_step=352 E=0.380 g=0.151 VarTD=0.680151 ret_end=-24.100 dbar_end=0.603 occ_end=0.210 CSR_train=0.000 done_count=100
[upd 270] u=0 upd_ctr=23 opt_step=368 E=0.456 g=0.169 VarTD=1.018397 ret_end=-23.945 dbar_end=0.566 occ_end=0.344 CSR_train=0.000 done_count=125
[upd 280] u=0 upd_ctr=24 opt_step=384 E=0.513 g=0.165 VarTD=1.054163 ret_end=-23.107 dbar_end=0.573 occ_end=0.240 CSR_train=0.000 done_count=125
[upd 290] u=0 upd_ctr=25 opt_step=400 E=0.591 g=0.159 VarTD=1.227180 ret_end=-24.766 dbar_end=0.585 occ_end=0.304 CSR_train=0.000 done_count=125
[upd 300] u=0 upd_ctr=26 opt_step=416 E=0.619 g=0.156 VarTD=1.288479 ret_end=-23.409 dbar_end=0.591 occ_end=0.312 CSR_train=0.000 done_count=125
[upd 310] u=0 upd_ctr=27 opt_step=432 E=0.697 g=0.162 VarTD=1.495601 ret_end=-24.072 dbar_end=0.579 occ_end=0.240 CSR_train=0.000 done_count=125
[Gate5 check] update_counter violations: t0=0 diffs=0
[Gate5 check] opt_step violations: t0=0 diffs=0 (expected_inc=16)
[Gate5 check] NaN masking: nan_on_skip=True finite_on_update=True
[Gate5 summary] mean_update_fraction=0.0865 final_executed_updates_mean=27.00
[Gate5 eval] done_count mean=100.0 CSR mean=0.0000 len_end_mean=26.00
[Gate5 eval] episodes_per_env=4 T_eval=104
[Gate5 eval-debug] locked_eps_occ=0.20 pre(step25): dbar_end=0.495996 occupied_end_mean=0.360000 max_tilde_end_mean=0.713535 CSR@locked=0.000000
[Gate5 eval-debug] locked_eps_occ=0.20 post(step26): dbar_end=0.494414 occupied_end_mean=0.350000 max_tilde_end_mean=0.704596 CSR@locked=0.000000
[Gate5 eval-debug] CSR_pre@0.10=0.0000 CSR_pre@0.15=0.0000 CSR_pre@0.20=0.0000 CSR_pre@0.25=0.0000 CSR_pre@0.30=0.0200
[Gate5 eval-debug] CSR_post@0.10=0.0000 CSR_post@0.15=0.0000 CSR_post@0.20=0.0000 CSR_post@0.25=0.0000 CSR_post@0.30=0.0400
