Importing submoduled environments...
Submoduled environments not found. Skipping import.
[upd 0] u=1 upd_ctr=1 opt_step=16 E=0.032 g=0.105 VarTD=0.153100 ret_end=-26.906 dbar_end=0.718 occ_end=0.160 CSR_train=0.000 done_count=100
[upd 10] u=0 upd_ctr=1 opt_step=16 E=0.311 g=0.079 VarTD=0.158451 ret_end=-28.492 dbar_end=0.807 occ_end=0.088 CSR_train=0.000 done_count=125
[upd 20] u=0 upd_ctr=1 opt_step=16 E=0.595 g=0.100 VarTD=0.134152 ret_end=-26.725 dbar_end=0.733 occ_end=0.192 CSR_train=0.000 done_count=125
[upd 30] u=0 upd_ctr=1 opt_step=16 E=0.875 g=0.094 VarTD=0.161237 ret_end=-27.688 dbar_end=0.753 occ_end=0.144 CSR_train=0.000 done_count=125
[upd 40] u=0 upd_ctr=2 opt_step=32 E=0.141 g=0.091 VarTD=0.146026 ret_end=-28.422 dbar_end=0.764 occ_end=0.144 CSR_train=0.000 done_count=125
[upd 50] u=0 upd_ctr=2 opt_step=32 E=0.443 g=0.091 VarTD=0.146447 ret_end=-28.091 dbar_end=0.763 occ_end=0.176 CSR_train=0.000 done_count=125
[upd 60] u=0 upd_ctr=2 opt_step=32 E=0.733 g=0.096 VarTD=0.139498 ret_end=-27.094 dbar_end=0.747 occ_end=0.136 CSR_train=0.000 done_count=125
[upd 70] u=1 upd_ctr=3 opt_step=48 E=0.035 g=0.118 VarTD=0.117989 ret_end=-25.871 dbar_end=0.681 occ_end=0.192 CSR_train=0.000 done_count=125
[upd 80] u=0 upd_ctr=3 opt_step=48 E=0.355 g=0.121 VarTD=0.102343 ret_end=-25.051 dbar_end=0.672 occ_end=0.264 CSR_train=0.008 done_count=125
[upd 90] u=0 upd_ctr=3 opt_step=48 E=0.664 g=0.106 VarTD=0.135425 ret_end=-25.981 dbar_end=0.715 occ_end=0.176 CSR_train=0.000 done_count=125
[upd 100] u=0 upd_ctr=3 opt_step=48 E=0.975 g=0.102 VarTD=0.128231 ret_end=-26.822 dbar_end=0.726 occ_end=0.120 CSR_train=0.000 done_count=125
[upd 110] u=0 upd_ctr=4 opt_step=64 E=0.300 g=0.110 VarTD=0.133956 ret_end=-26.169 dbar_end=0.703 occ_end=0.160 CSR_train=0.000 done_count=125
[upd 120] u=0 upd_ctr=4 opt_step=64 E=0.629 g=0.106 VarTD=0.143056 ret_end=-27.286 dbar_end=0.716 occ_end=0.136 CSR_train=0.000 done_count=125
[upd 130] u=0 upd_ctr=4 opt_step=64 E=0.957 g=0.109 VarTD=0.128173 ret_end=-25.978 dbar_end=0.707 occ_end=0.110 CSR_train=0.000 done_count=100
[upd 140] u=0 upd_ctr=5 opt_step=80 E=0.267 g=0.118 VarTD=0.149565 ret_end=-26.340 dbar_end=0.682 occ_end=0.224 CSR_train=0.000 done_count=125
[upd 150] u=0 upd_ctr=5 opt_step=80 E=0.608 g=0.108 VarTD=0.165686 ret_end=-26.560 dbar_end=0.709 occ_end=0.184 CSR_train=0.000 done_count=125
[upd 160] u=0 upd_ctr=5 opt_step=80 E=0.947 g=0.117 VarTD=0.124405 ret_end=-25.915 dbar_end=0.682 occ_end=0.176 CSR_train=0.000 done_count=125
[upd 170] u=0 upd_ctr=6 opt_step=96 E=0.261 g=0.110 VarTD=0.129513 ret_end=-26.310 dbar_end=0.702 occ_end=0.160 CSR_train=0.000 done_count=125
[upd 180] u=0 upd_ctr=6 opt_step=96 E=0.596 g=0.124 VarTD=0.129678 ret_end=-25.554 dbar_end=0.665 occ_end=0.152 CSR_train=0.000 done_count=125
[upd 190] u=0 upd_ctr=6 opt_step=96 E=0.928 g=0.116 VarTD=0.160303 ret_end=-26.655 dbar_end=0.687 occ_end=0.200 CSR_train=0.000 done_count=125
[upd 200] u=0 upd_ctr=7 opt_step=112 E=0.267 g=0.115 VarTD=0.164676 ret_end=-26.413 dbar_end=0.689 occ_end=0.224 CSR_train=0.000 done_count=125
[upd 210] u=0 upd_ctr=7 opt_step=112 E=0.605 g=0.109 VarTD=0.136297 ret_end=-26.148 dbar_end=0.705 occ_end=0.208 CSR_train=0.000 done_count=125
[upd 220] u=0 upd_ctr=7 opt_step=112 E=0.929 g=0.117 VarTD=0.136930 ret_end=-26.922 dbar_end=0.684 occ_end=0.224 CSR_train=0.000 done_count=125
[upd 230] u=0 upd_ctr=8 opt_step=128 E=0.244 g=0.111 VarTD=0.128745 ret_end=-26.017 dbar_end=0.700 occ_end=0.160 CSR_train=0.000 done_count=125
[upd 240] u=0 upd_ctr=8 opt_step=128 E=0.582 g=0.109 VarTD=0.132155 ret_end=-26.583 dbar_end=0.706 occ_end=0.192 CSR_train=0.000 done_count=125
[upd 250] u=0 upd_ctr=8 opt_step=128 E=0.926 g=0.118 VarTD=0.128466 ret_end=-25.482 dbar_end=0.679 occ_end=0.184 CSR_train=0.000 done_count=125
[upd 260] u=0 upd_ctr=9 opt_step=144 E=0.244 g=0.122 VarTD=0.158163 ret_end=-25.634 dbar_end=0.669 occ_end=0.290 CSR_train=0.000 done_count=100
[upd 270] u=0 upd_ctr=9 opt_step=144 E=0.599 g=0.108 VarTD=0.145986 ret_end=-26.716 dbar_end=0.709 occ_end=0.168 CSR_train=0.000 done_count=125
[upd 280] u=0 upd_ctr=9 opt_step=144 E=0.963 g=0.115 VarTD=0.178514 ret_end=-26.760 dbar_end=0.689 occ_end=0.200 CSR_train=0.000 done_count=125
[upd 290] u=0 upd_ctr=10 opt_step=160 E=0.277 g=0.119 VarTD=0.164356 ret_end=-26.075 dbar_end=0.678 occ_end=0.184 CSR_train=0.000 done_count=125
[upd 300] u=0 upd_ctr=10 opt_step=160 E=0.644 g=0.115 VarTD=0.163825 ret_end=-26.082 dbar_end=0.690 occ_end=0.152 CSR_train=0.000 done_count=125
[upd 310] u=0 upd_ctr=10 opt_step=160 E=1.000 g=0.124 VarTD=0.184064 ret_end=-26.028 dbar_end=0.664 occ_end=0.248 CSR_train=0.008 done_count=125
[Gate5 check] update_counter violations: t0=0 diffs=0
[Gate5 check] opt_step violations: t0=0 diffs=0 (expected_inc=16)
[Gate5 check] NaN masking: nan_on_skip=True finite_on_update=True
[Gate5 summary] mean_update_fraction=0.0353 final_executed_updates_mean=11.00
[Gate5 eval] done_count mean=100.0 CSR mean=0.0300 len_end_mean=26.00
[Gate5 eval] episodes_per_env=4 T_eval=104
[Gate5 eval-debug] locked_eps_occ=0.20 pre(step25): dbar_end=0.476863 occupied_end_mean=0.520000 max_tilde_end_mean=0.707877 CSR@locked=0.020000
[Gate5 eval-debug] locked_eps_occ=0.20 post(step26): dbar_end=0.479333 occupied_end_mean=0.440000 max_tilde_end_mean=0.705170 CSR@locked=0.030000
[Gate5 eval-debug] CSR_pre@0.10=0.0000 CSR_pre@0.15=0.0100 CSR_pre@0.20=0.0200 CSR_pre@0.25=0.0200 CSR_pre@0.30=0.0300
[Gate5 eval-debug] CSR_post@0.10=0.0000 CSR_post@0.15=0.0000 CSR_post@0.20=0.0300 CSR_post@0.25=0.0300 CSR_post@0.30=0.0400
