Importing submoduled environments...
Submoduled environments not found. Skipping import.
[upd 0] u=1 upd_ctr=1 opt_step=16 E=0.183 g=0.083 VarTD=0.176951 ret_end=-28.473 dbar_end=0.794 occ_end=0.140 CSR_train=0.000 done_count=100
[upd 10] u=0 upd_ctr=2 opt_step=32 E=0.235 g=0.093 VarTD=0.143211 ret_end=-28.229 dbar_end=0.757 occ_end=0.120 CSR_train=0.000 done_count=125
[upd 20] u=0 upd_ctr=3 opt_step=48 E=0.326 g=0.101 VarTD=0.150256 ret_end=-27.418 dbar_end=0.731 occ_end=0.200 CSR_train=0.000 done_count=125
[upd 30] u=0 upd_ctr=4 opt_step=64 E=0.468 g=0.103 VarTD=0.137374 ret_end=-26.788 dbar_end=0.723 occ_end=0.120 CSR_train=0.000 done_count=125
[upd 40] u=0 upd_ctr=5 opt_step=80 E=0.627 g=0.111 VarTD=0.161858 ret_end=-26.422 dbar_end=0.700 occ_end=0.224 CSR_train=0.000 done_count=125
[upd 50] u=0 upd_ctr=6 opt_step=96 E=0.868 g=0.114 VarTD=0.162049 ret_end=-26.213 dbar_end=0.693 occ_end=0.192 CSR_train=0.000 done_count=125
[upd 60] u=0 upd_ctr=8 opt_step=128 E=0.289 g=0.128 VarTD=0.138356 ret_end=-25.637 dbar_end=0.654 occ_end=0.168 CSR_train=0.000 done_count=125
[upd 70] u=0 upd_ctr=9 opt_step=144 E=0.667 g=0.126 VarTD=0.160943 ret_end=-25.497 dbar_end=0.659 occ_end=0.232 CSR_train=0.000 done_count=125
[upd 80] u=1 upd_ctr=11 opt_step=176 E=0.143 g=0.127 VarTD=0.152003 ret_end=-26.023 dbar_end=0.657 occ_end=0.272 CSR_train=0.000 done_count=125
[upd 90] u=0 upd_ctr=12 opt_step=192 E=0.492 g=0.132 VarTD=0.180930 ret_end=-25.843 dbar_end=0.646 occ_end=0.240 CSR_train=0.000 done_count=125
[upd 100] u=0 upd_ctr=13 opt_step=208 E=0.899 g=0.142 VarTD=0.232568 ret_end=-25.314 dbar_end=0.623 occ_end=0.200 CSR_train=0.000 done_count=125
[upd 110] u=0 upd_ctr=15 opt_step=240 E=0.465 g=0.148 VarTD=0.292048 ret_end=-24.330 dbar_end=0.609 occ_end=0.208 CSR_train=0.000 done_count=125
[upd 120] u=0 upd_ctr=16 opt_step=256 E=0.940 g=0.142 VarTD=0.328859 ret_end=-24.490 dbar_end=0.622 occ_end=0.272 CSR_train=0.000 done_count=125
[upd 130] u=0 upd_ctr=18 opt_step=288 E=0.539 g=0.151 VarTD=0.369884 ret_end=-24.815 dbar_end=0.602 occ_end=0.240 CSR_train=0.000 done_count=100
[upd 140] u=1 upd_ctr=20 opt_step=320 E=0.217 g=0.140 VarTD=0.547715 ret_end=-25.076 dbar_end=0.625 occ_end=0.256 CSR_train=0.008 done_count=125
[upd 150] u=0 upd_ctr=21 opt_step=336 E=0.824 g=0.157 VarTD=0.717528 ret_end=-23.603 dbar_end=0.590 occ_end=0.312 CSR_train=0.000 done_count=125
[upd 160] u=0 upd_ctr=23 opt_step=368 E=0.595 g=0.159 VarTD=0.928285 ret_end=-24.262 dbar_end=0.585 occ_end=0.216 CSR_train=0.000 done_count=125
[upd 170] u=0 upd_ctr=25 opt_step=400 E=0.414 g=0.155 VarTD=1.192929 ret_end=-24.509 dbar_end=0.594 occ_end=0.240 CSR_train=0.000 done_count=125
[upd 180] u=1 upd_ctr=27 opt_step=432 E=0.270 g=0.170 VarTD=1.360304 ret_end=-23.829 dbar_end=0.564 occ_end=0.272 CSR_train=0.000 done_count=125
[upd 190] u=0 upd_ctr=28 opt_step=448 E=1.000 g=0.171 VarTD=1.619419 ret_end=-23.477 dbar_end=0.562 occ_end=0.272 CSR_train=0.000 done_count=125
[upd 200] u=0 upd_ctr=30 opt_step=480 E=0.885 g=0.162 VarTD=1.943408 ret_end=-24.619 dbar_end=0.579 occ_end=0.304 CSR_train=0.000 done_count=125
[upd 210] u=0 upd_ctr=32 opt_step=512 E=0.694 g=0.153 VarTD=2.254696 ret_end=-24.553 dbar_end=0.598 occ_end=0.200 CSR_train=0.000 done_count=125
[upd 220] u=0 upd_ctr=34 opt_step=544 E=0.575 g=0.184 VarTD=2.510885 ret_end=-22.820 dbar_end=0.539 occ_end=0.288 CSR_train=0.000 done_count=125
[upd 230] u=0 upd_ctr=36 opt_step=576 E=0.452 g=0.175 VarTD=2.914477 ret_end=-23.616 dbar_end=0.555 occ_end=0.296 CSR_train=0.000 done_count=125
[upd 240] u=0 upd_ctr=38 opt_step=608 E=0.394 g=0.179 VarTD=3.217083 ret_end=-23.162 dbar_end=0.547 occ_end=0.280 CSR_train=0.000 done_count=125
[upd 250] u=1 upd_ctr=40 opt_step=640 E=0.210 g=0.167 VarTD=3.367909 ret_end=-23.226 dbar_end=0.570 occ_end=0.288 CSR_train=0.000 done_count=125
[upd 260] u=0 upd_ctr=41 opt_step=656 E=1.000 g=0.173 VarTD=3.057257 ret_end=-24.002 dbar_end=0.559 occ_end=0.270 CSR_train=0.000 done_count=100
[upd 270] u=0 upd_ctr=43 opt_step=688 E=0.945 g=0.164 VarTD=4.058208 ret_end=-23.485 dbar_end=0.576 occ_end=0.248 CSR_train=0.000 done_count=125
[upd 280] u=0 upd_ctr=45 opt_step=720 E=0.878 g=0.160 VarTD=4.383572 ret_end=-24.340 dbar_end=0.584 occ_end=0.264 CSR_train=0.000 done_count=125
[upd 290] u=0 upd_ctr=47 opt_step=752 E=0.738 g=0.197 VarTD=4.811705 ret_end=-22.523 dbar_end=0.517 occ_end=0.312 CSR_train=0.000 done_count=125
[upd 300] u=0 upd_ctr=49 opt_step=784 E=0.647 g=0.192 VarTD=5.222535 ret_end=-23.124 dbar_end=0.525 occ_end=0.368 CSR_train=0.000 done_count=125
[upd 310] u=0 upd_ctr=51 opt_step=816 E=0.650 g=0.197 VarTD=5.231050 ret_end=-22.784 dbar_end=0.517 occ_end=0.352 CSR_train=0.000 done_count=125
[Gate5 check] update_counter violations: t0=0 diffs=0
[Gate5 check] opt_step violations: t0=0 diffs=0 (expected_inc=16)
[Gate5 check] NaN masking: nan_on_skip=True finite_on_update=True
[Gate5 summary] mean_update_fraction=0.1635 final_executed_updates_mean=51.00
[Gate5 eval] done_count mean=100.0 CSR mean=0.0000 len_end_mean=26.00
[Gate5 eval] episodes_per_env=4 T_eval=104
[Gate5 eval-debug] locked_eps_occ=0.20 pre(step25): dbar_end=0.547011 occupied_end_mean=0.290000 max_tilde_end_mean=0.784023 CSR@locked=0.000000
[Gate5 eval-debug] locked_eps_occ=0.20 post(step26): dbar_end=0.547935 occupied_end_mean=0.300000 max_tilde_end_mean=0.790379 CSR@locked=0.000000
[Gate5 eval-debug] CSR_pre@0.10=0.0000 CSR_pre@0.15=0.0000 CSR_pre@0.20=0.0000 CSR_pre@0.25=0.0000 CSR_pre@0.30=0.0000
[Gate5 eval-debug] CSR_post@0.10=0.0000 CSR_post@0.15=0.0000 CSR_post@0.20=0.0000 CSR_post@0.25=0.0100 CSR_post@0.30=0.0100
