Importing submoduled environments...
Submoduled environments not found. Skipping import.
[upd 0] u=1 upd_ctr=1 opt_step=16 E=0.909 g=0.091 VarTD=0.177780 ret_end=-27.116 dbar_end=0.762 occ_end=0.220 CSR_train=0.000 done_count=100
[upd 10] u=1 upd_ctr=11 opt_step=176 E=0.020 g=0.124 VarTD=0.172050 ret_end=-25.523 dbar_end=0.665 occ_end=0.176 CSR_train=0.000 done_count=125
[upd 20] u=0 upd_ctr=12 opt_step=192 E=0.061 g=0.140 VarTD=0.200665 ret_end=-24.668 dbar_end=0.627 occ_end=0.176 CSR_train=0.000 done_count=125
[upd 30] u=0 upd_ctr=13 opt_step=208 E=0.108 g=0.131 VarTD=0.255866 ret_end=-25.552 dbar_end=0.648 occ_end=0.256 CSR_train=0.000 done_count=125
[upd 40] u=0 upd_ctr=15 opt_step=240 E=0.049 g=0.144 VarTD=0.281405 ret_end=-25.369 dbar_end=0.618 occ_end=0.256 CSR_train=0.000 done_count=125
[upd 50] u=0 upd_ctr=16 opt_step=256 E=0.096 g=0.142 VarTD=0.334125 ret_end=-24.147 dbar_end=0.622 occ_end=0.240 CSR_train=0.000 done_count=125
[upd 60] u=0 upd_ctr=18 opt_step=288 E=0.048 g=0.143 VarTD=0.451668 ret_end=-24.569 dbar_end=0.620 occ_end=0.248 CSR_train=0.000 done_count=125
[upd 70] u=0 upd_ctr=19 opt_step=304 E=0.103 g=0.146 VarTD=0.516953 ret_end=-24.603 dbar_end=0.613 occ_end=0.336 CSR_train=0.000 done_count=125
[upd 80] u=0 upd_ctr=21 opt_step=336 E=0.054 g=0.164 VarTD=0.672136 ret_end=-24.042 dbar_end=0.575 occ_end=0.264 CSR_train=0.000 done_count=125
[upd 90] u=1 upd_ctr=23 opt_step=368 E=0.016 g=0.157 VarTD=0.748773 ret_end=-24.646 dbar_end=0.589 occ_end=0.256 CSR_train=0.000 done_count=125
[upd 100] u=0 upd_ctr=24 opt_step=384 E=0.083 g=0.172 VarTD=0.952994 ret_end=-23.254 dbar_end=0.561 occ_end=0.224 CSR_train=0.000 done_count=125
[upd 110] u=0 upd_ctr=26 opt_step=416 E=0.044 g=0.160 VarTD=1.163507 ret_end=-24.087 dbar_end=0.583 occ_end=0.320 CSR_train=0.000 done_count=125
[upd 120] u=0 upd_ctr=27 opt_step=432 E=0.105 g=0.151 VarTD=1.285572 ret_end=-24.622 dbar_end=0.602 occ_end=0.224 CSR_train=0.000 done_count=125
[Gate5 check] update_counter violations: t0=0 diffs=0
[Gate5 check] opt_step violations: t0=0 diffs=0 (expected_inc=16)
[Gate5 check] NaN masking: nan_on_skip=True finite_on_update=True
[Gate5 summary] mean_update_fraction=0.2240 final_executed_updates_mean=28.00
[Gate5 eval] done_count mean=100.0 CSR mean=0.0000 len_end_mean=26.00
[Gate5 eval] episodes_per_env=4 T_eval=104
[Gate5 eval-debug] locked_eps_occ=0.20 pre(step25): dbar_end=0.485727 occupied_end_mean=0.340000 max_tilde_end_mean=0.702792 CSR@locked=0.000000
[Gate5 eval-debug] locked_eps_occ=0.20 post(step26): dbar_end=0.490859 occupied_end_mean=0.360000 max_tilde_end_mean=0.704651 CSR@locked=0.000000
[Gate5 eval-debug] CSR_pre@0.10=0.0000 CSR_pre@0.15=0.0000 CSR_pre@0.20=0.0000 CSR_pre@0.25=0.0000 CSR_pre@0.30=0.0000
[Gate5 eval-debug] CSR_post@0.10=0.0000 CSR_post@0.15=0.0000 CSR_post@0.20=0.0000 CSR_post@0.25=0.0000 CSR_post@0.30=0.0200
