Importing submoduled environments...
Submoduled environments not found. Skipping import.
[upd 0] u=1 upd_ctr=1 opt_step=16 E=0.108 g=0.082 VarTD=0.214117 ret_end=-27.772 dbar_end=0.796 occ_end=0.070 CSR_train=0.000 done_count=100
[upd 10] u=0 upd_ctr=1 opt_step=16 E=0.201 g=0.092 VarTD=0.178600 ret_end=-26.630 dbar_end=0.760 occ_end=0.136 CSR_train=0.000 done_count=125
[upd 20] u=0 upd_ctr=1 opt_step=16 E=0.293 g=0.101 VarTD=0.148776 ret_end=-27.566 dbar_end=0.732 occ_end=0.128 CSR_train=0.000 done_count=125
[upd 30] u=0 upd_ctr=1 opt_step=16 E=0.387 g=0.089 VarTD=0.174229 ret_end=-27.524 dbar_end=0.772 occ_end=0.184 CSR_train=0.000 done_count=125
[upd 40] u=0 upd_ctr=1 opt_step=16 E=0.478 g=0.088 VarTD=0.152312 ret_end=-27.046 dbar_end=0.773 occ_end=0.144 CSR_train=0.000 done_count=125
[upd 50] u=0 upd_ctr=1 opt_step=16 E=0.573 g=0.093 VarTD=0.148149 ret_end=-27.350 dbar_end=0.755 occ_end=0.136 CSR_train=0.000 done_count=125
[upd 60] u=0 upd_ctr=1 opt_step=16 E=0.664 g=0.092 VarTD=0.166894 ret_end=-27.836 dbar_end=0.760 occ_end=0.136 CSR_train=0.000 done_count=125
[upd 70] u=0 upd_ctr=1 opt_step=16 E=0.756 g=0.095 VarTD=0.163119 ret_end=-26.813 dbar_end=0.750 occ_end=0.168 CSR_train=0.000 done_count=125
[upd 80] u=0 upd_ctr=1 opt_step=16 E=0.851 g=0.089 VarTD=0.141456 ret_end=-28.645 dbar_end=0.772 occ_end=0.184 CSR_train=0.000 done_count=125
[upd 90] u=0 upd_ctr=2 opt_step=32 E=0.050 g=0.092 VarTD=0.137775 ret_end=-27.486 dbar_end=0.760 occ_end=0.152 CSR_train=0.000 done_count=125
[upd 100] u=0 upd_ctr=2 opt_step=32 E=0.147 g=0.104 VarTD=0.141845 ret_end=-26.132 dbar_end=0.720 occ_end=0.184 CSR_train=0.000 done_count=125
[upd 110] u=0 upd_ctr=2 opt_step=32 E=0.246 g=0.104 VarTD=0.140519 ret_end=-26.885 dbar_end=0.722 occ_end=0.200 CSR_train=0.000 done_count=125
[upd 120] u=0 upd_ctr=2 opt_step=32 E=0.346 g=0.097 VarTD=0.168602 ret_end=-27.113 dbar_end=0.744 occ_end=0.160 CSR_train=0.000 done_count=125
[upd 130] u=0 upd_ctr=2 opt_step=32 E=0.446 g=0.096 VarTD=0.162235 ret_end=-26.608 dbar_end=0.745 occ_end=0.200 CSR_train=0.000 done_count=100
[upd 140] u=0 upd_ctr=2 opt_step=32 E=0.545 g=0.097 VarTD=0.174226 ret_end=-27.202 dbar_end=0.744 occ_end=0.152 CSR_train=0.000 done_count=125
[upd 150] u=0 upd_ctr=2 opt_step=32 E=0.643 g=0.103 VarTD=0.173969 ret_end=-26.516 dbar_end=0.723 occ_end=0.136 CSR_train=0.000 done_count=125
[upd 160] u=0 upd_ctr=2 opt_step=32 E=0.742 g=0.102 VarTD=0.176584 ret_end=-26.802 dbar_end=0.728 occ_end=0.192 CSR_train=0.000 done_count=125
[upd 170] u=0 upd_ctr=2 opt_step=32 E=0.840 g=0.104 VarTD=0.140888 ret_end=-26.397 dbar_end=0.721 occ_end=0.192 CSR_train=0.000 done_count=125
[upd 180] u=0 upd_ctr=3 opt_step=48 E=0.043 g=0.111 VarTD=0.140859 ret_end=-25.571 dbar_end=0.700 occ_end=0.152 CSR_train=0.000 done_count=125
[upd 190] u=0 upd_ctr=3 opt_step=48 E=0.153 g=0.113 VarTD=0.135019 ret_end=-26.259 dbar_end=0.693 occ_end=0.264 CSR_train=0.000 done_count=125
[upd 200] u=0 upd_ctr=3 opt_step=48 E=0.256 g=0.114 VarTD=0.159750 ret_end=-26.157 dbar_end=0.692 occ_end=0.256 CSR_train=0.000 done_count=125
[upd 210] u=0 upd_ctr=3 opt_step=48 E=0.361 g=0.091 VarTD=0.165600 ret_end=-27.675 dbar_end=0.762 occ_end=0.160 CSR_train=0.000 done_count=125
[upd 220] u=0 upd_ctr=3 opt_step=48 E=0.466 g=0.110 VarTD=0.177798 ret_end=-26.006 dbar_end=0.703 occ_end=0.160 CSR_train=0.000 done_count=125
[upd 230] u=0 upd_ctr=3 opt_step=48 E=0.570 g=0.097 VarTD=0.141982 ret_end=-27.103 dbar_end=0.742 occ_end=0.176 CSR_train=0.000 done_count=125
[upd 240] u=0 upd_ctr=3 opt_step=48 E=0.675 g=0.111 VarTD=0.156625 ret_end=-26.649 dbar_end=0.699 occ_end=0.160 CSR_train=0.000 done_count=125
[upd 250] u=0 upd_ctr=3 opt_step=48 E=0.776 g=0.101 VarTD=0.157079 ret_end=-26.053 dbar_end=0.730 occ_end=0.144 CSR_train=0.000 done_count=125
[upd 260] u=0 upd_ctr=3 opt_step=48 E=0.879 g=0.097 VarTD=0.153254 ret_end=-26.759 dbar_end=0.744 occ_end=0.140 CSR_train=0.000 done_count=100
[upd 270] u=0 upd_ctr=4 opt_step=64 E=0.089 g=0.098 VarTD=0.158938 ret_end=-27.563 dbar_end=0.740 occ_end=0.160 CSR_train=0.000 done_count=125
[upd 280] u=0 upd_ctr=4 opt_step=64 E=0.194 g=0.117 VarTD=0.159135 ret_end=-25.314 dbar_end=0.683 occ_end=0.208 CSR_train=0.000 done_count=125
[upd 290] u=0 upd_ctr=4 opt_step=64 E=0.302 g=0.100 VarTD=0.141117 ret_end=-27.435 dbar_end=0.734 occ_end=0.184 CSR_train=0.000 done_count=125
[upd 300] u=0 upd_ctr=4 opt_step=64 E=0.408 g=0.116 VarTD=0.192632 ret_end=-26.220 dbar_end=0.687 occ_end=0.224 CSR_train=0.000 done_count=125
[upd 310] u=0 upd_ctr=4 opt_step=64 E=0.513 g=0.099 VarTD=0.158858 ret_end=-27.191 dbar_end=0.737 occ_end=0.200 CSR_train=0.000 done_count=125
[Gate5 check] update_counter violations: t0=0 diffs=0
[Gate5 check] opt_step violations: t0=0 diffs=0 (expected_inc=16)
[Gate5 check] NaN masking: nan_on_skip=True finite_on_update=True
[Gate5 summary] mean_update_fraction=0.0128 final_executed_updates_mean=4.00
[Gate5 eval] done_count mean=100.0 CSR mean=0.0000 len_end_mean=26.00
[Gate5 eval] episodes_per_env=4 T_eval=104
[Gate5 eval-debug] locked_eps_occ=0.20 pre(step25): dbar_end=0.551984 occupied_end_mean=0.270000 max_tilde_end_mean=0.815645 CSR@locked=0.000000
[Gate5 eval-debug] locked_eps_occ=0.20 post(step26): dbar_end=0.554075 occupied_end_mean=0.300000 max_tilde_end_mean=0.822820 CSR@locked=0.000000
[Gate5 eval-debug] CSR_pre@0.10=0.0000 CSR_pre@0.15=0.0000 CSR_pre@0.20=0.0000 CSR_pre@0.25=0.0000 CSR_pre@0.30=0.0100
[Gate5 eval-debug] CSR_post@0.10=0.0000 CSR_post@0.15=0.0000 CSR_post@0.20=0.0000 CSR_post@0.25=0.0000 CSR_post@0.30=0.0100
