Importing submoduled environments...
Submoduled environments not found. Skipping import.
[upd 0] u=1 upd_ctr=1 opt_step=16 E=0.460 g=0.091 VarTD=0.177780 ret_end=-27.116 dbar_end=0.762 occ_end=0.220 CSR_train=0.000 done_count=100
[upd 10] u=0 upd_ctr=1 opt_step=16 E=0.460 g=0.084 VarTD=0.168711 ret_end=-27.749 dbar_end=0.791 occ_end=0.120 CSR_train=0.000 done_count=125
[upd 20] u=0 upd_ctr=1 opt_step=16 E=0.460 g=0.094 VarTD=0.155229 ret_end=-27.163 dbar_end=0.752 occ_end=0.168 CSR_train=0.000 done_count=125
[upd 30] u=0 upd_ctr=1 opt_step=16 E=0.460 g=0.090 VarTD=0.181625 ret_end=-27.853 dbar_end=0.767 occ_end=0.136 CSR_train=0.000 done_count=125
[upd 40] u=0 upd_ctr=1 opt_step=16 E=0.460 g=0.093 VarTD=0.156924 ret_end=-27.552 dbar_end=0.755 occ_end=0.160 CSR_train=0.000 done_count=125
[upd 50] u=0 upd_ctr=1 opt_step=16 E=0.460 g=0.107 VarTD=0.146840 ret_end=-25.810 dbar_end=0.712 occ_end=0.160 CSR_train=0.000 done_count=125
[upd 60] u=0 upd_ctr=1 opt_step=16 E=0.460 g=0.085 VarTD=0.185413 ret_end=-27.569 dbar_end=0.785 occ_end=0.096 CSR_train=0.000 done_count=125
[upd 70] u=0 upd_ctr=1 opt_step=16 E=0.460 g=0.090 VarTD=0.163196 ret_end=-27.563 dbar_end=0.768 occ_end=0.176 CSR_train=0.008 done_count=125
[upd 80] u=0 upd_ctr=1 opt_step=16 E=0.460 g=0.105 VarTD=0.146970 ret_end=-26.668 dbar_end=0.718 occ_end=0.120 CSR_train=0.000 done_count=125
[upd 90] u=0 upd_ctr=1 opt_step=16 E=0.460 g=0.101 VarTD=0.155092 ret_end=-27.118 dbar_end=0.729 occ_end=0.168 CSR_train=0.000 done_count=125
[upd 100] u=0 upd_ctr=1 opt_step=16 E=0.460 g=0.107 VarTD=0.150220 ret_end=-26.441 dbar_end=0.712 occ_end=0.176 CSR_train=0.000 done_count=125
[upd 110] u=0 upd_ctr=1 opt_step=16 E=0.460 g=0.098 VarTD=0.141505 ret_end=-26.512 dbar_end=0.739 occ_end=0.120 CSR_train=0.000 done_count=125
[upd 120] u=0 upd_ctr=1 opt_step=16 E=0.460 g=0.085 VarTD=0.168279 ret_end=-27.527 dbar_end=0.786 occ_end=0.136 CSR_train=0.000 done_count=125
[upd 130] u=0 upd_ctr=1 opt_step=16 E=0.460 g=0.094 VarTD=0.161667 ret_end=-26.072 dbar_end=0.752 occ_end=0.160 CSR_train=0.000 done_count=100
[upd 140] u=0 upd_ctr=1 opt_step=16 E=0.460 g=0.101 VarTD=0.194438 ret_end=-26.713 dbar_end=0.730 occ_end=0.200 CSR_train=0.000 done_count=125
[upd 150] u=0 upd_ctr=1 opt_step=16 E=0.460 g=0.098 VarTD=0.145892 ret_end=-26.326 dbar_end=0.741 occ_end=0.168 CSR_train=0.000 done_count=125
[upd 160] u=0 upd_ctr=1 opt_step=16 E=0.460 g=0.085 VarTD=0.166005 ret_end=-28.488 dbar_end=0.783 occ_end=0.176 CSR_train=0.000 done_count=125
[upd 170] u=0 upd_ctr=1 opt_step=16 E=0.460 g=0.091 VarTD=0.170439 ret_end=-27.223 dbar_end=0.764 occ_end=0.144 CSR_train=0.000 done_count=125
[upd 180] u=0 upd_ctr=1 opt_step=16 E=0.460 g=0.099 VarTD=0.126556 ret_end=-27.032 dbar_end=0.737 occ_end=0.152 CSR_train=0.008 done_count=125
[upd 190] u=0 upd_ctr=1 opt_step=16 E=0.460 g=0.082 VarTD=0.197089 ret_end=-29.225 dbar_end=0.796 occ_end=0.128 CSR_train=0.000 done_count=125
[upd 200] u=0 upd_ctr=1 opt_step=16 E=0.460 g=0.092 VarTD=0.171577 ret_end=-26.885 dbar_end=0.758 occ_end=0.120 CSR_train=0.000 done_count=125
[upd 210] u=0 upd_ctr=1 opt_step=16 E=0.460 g=0.097 VarTD=0.155333 ret_end=-26.624 dbar_end=0.742 occ_end=0.200 CSR_train=0.000 done_count=125
[upd 220] u=0 upd_ctr=1 opt_step=16 E=0.460 g=0.085 VarTD=0.146772 ret_end=-26.983 dbar_end=0.785 occ_end=0.136 CSR_train=0.000 done_count=125
[upd 230] u=0 upd_ctr=1 opt_step=16 E=0.460 g=0.097 VarTD=0.151836 ret_end=-27.664 dbar_end=0.744 occ_end=0.184 CSR_train=0.000 done_count=125
[upd 240] u=0 upd_ctr=1 opt_step=16 E=0.460 g=0.093 VarTD=0.154804 ret_end=-28.125 dbar_end=0.756 occ_end=0.176 CSR_train=0.000 done_count=125
[upd 250] u=0 upd_ctr=1 opt_step=16 E=0.460 g=0.097 VarTD=0.163071 ret_end=-27.711 dbar_end=0.743 occ_end=0.232 CSR_train=0.000 done_count=125
[upd 260] u=0 upd_ctr=1 opt_step=16 E=0.460 g=0.105 VarTD=0.136939 ret_end=-25.473 dbar_end=0.717 occ_end=0.140 CSR_train=0.000 done_count=100
[upd 270] u=0 upd_ctr=1 opt_step=16 E=0.460 g=0.091 VarTD=0.154907 ret_end=-27.668 dbar_end=0.763 occ_end=0.120 CSR_train=0.000 done_count=125
[upd 280] u=0 upd_ctr=1 opt_step=16 E=0.460 g=0.099 VarTD=0.175212 ret_end=-28.475 dbar_end=0.735 occ_end=0.192 CSR_train=0.000 done_count=125
[upd 290] u=0 upd_ctr=1 opt_step=16 E=0.460 g=0.114 VarTD=0.159346 ret_end=-25.832 dbar_end=0.692 occ_end=0.224 CSR_train=0.000 done_count=125
[upd 300] u=0 upd_ctr=1 opt_step=16 E=0.460 g=0.082 VarTD=0.179755 ret_end=-27.875 dbar_end=0.795 occ_end=0.144 CSR_train=0.000 done_count=125
[upd 310] u=0 upd_ctr=1 opt_step=16 E=0.460 g=0.091 VarTD=0.171592 ret_end=-28.651 dbar_end=0.763 occ_end=0.200 CSR_train=0.000 done_count=125
[Gate5 check] update_counter violations: t0=0 diffs=0
[Gate5 check] opt_step violations: t0=0 diffs=0 (expected_inc=16)
[Gate5 check] NaN masking: nan_on_skip=True finite_on_update=True
[Gate5 summary] mean_update_fraction=0.0032 final_executed_updates_mean=1.00
[Gate5 eval] done_count mean=100.0 CSR mean=0.0000 len_end_mean=26.00
[Gate5 eval] episodes_per_env=4 T_eval=104
[Gate5 eval-debug] locked_eps_occ=0.20 pre(step25): dbar_end=0.726862 occupied_end_mean=0.150000 max_tilde_end_mean=1.061580 CSR@locked=0.000000
[Gate5 eval-debug] locked_eps_occ=0.20 post(step26): dbar_end=0.739611 occupied_end_mean=0.150000 max_tilde_end_mean=1.065339 CSR@locked=0.000000
[Gate5 eval-debug] CSR_pre@0.10=0.0000 CSR_pre@0.15=0.0000 CSR_pre@0.20=0.0000 CSR_pre@0.25=0.0000 CSR_pre@0.30=0.0000
[Gate5 eval-debug] CSR_post@0.10=0.0000 CSR_post@0.15=0.0000 CSR_post@0.20=0.0000 CSR_post@0.25=0.0000 CSR_post@0.30=0.0000
