Importing submoduled environments...
Submoduled environments not found. Skipping import.
[upd 0] u=1 upd_ctr=1 opt_step=16 E=0.167 g=0.096 VarTD=0.158273 ret_end=-27.822 dbar_end=0.748 occ_end=0.150 CSR_train=0.000 done_count=100
[upd 10] u=0 upd_ctr=1 opt_step=16 E=0.837 g=0.097 VarTD=0.181267 ret_end=-27.128 dbar_end=0.741 occ_end=0.144 CSR_train=0.000 done_count=125
[upd 20] u=0 upd_ctr=2 opt_step=32 E=0.633 g=0.097 VarTD=0.170289 ret_end=-27.297 dbar_end=0.744 occ_end=0.176 CSR_train=0.008 done_count=125
[upd 30] u=0 upd_ctr=3 opt_step=48 E=0.464 g=0.093 VarTD=0.168308 ret_end=-27.956 dbar_end=0.757 occ_end=0.072 CSR_train=0.000 done_count=125
[upd 40] u=0 upd_ctr=4 opt_step=64 E=0.339 g=0.112 VarTD=0.140746 ret_end=-26.557 dbar_end=0.698 occ_end=0.184 CSR_train=0.000 done_count=125
[upd 50] u=0 upd_ctr=5 opt_step=80 E=0.198 g=0.130 VarTD=0.147280 ret_end=-25.092 dbar_end=0.651 occ_end=0.176 CSR_train=0.000 done_count=125
[upd 60] u=1 upd_ctr=6 opt_step=96 E=0.092 g=0.107 VarTD=0.161008 ret_end=-26.698 dbar_end=0.711 occ_end=0.176 CSR_train=0.000 done_count=125
[upd 70] u=0 upd_ctr=6 opt_step=96 E=0.903 g=0.116 VarTD=0.204036 ret_end=-27.243 dbar_end=0.686 occ_end=0.216 CSR_train=0.000 done_count=125
[upd 80] u=0 upd_ctr=7 opt_step=112 E=0.873 g=0.136 VarTD=0.180621 ret_end=-25.308 dbar_end=0.635 occ_end=0.264 CSR_train=0.000 done_count=125
[upd 90] u=0 upd_ctr=8 opt_step=128 E=0.873 g=0.134 VarTD=0.162333 ret_end=-25.254 dbar_end=0.640 occ_end=0.144 CSR_train=0.000 done_count=125
[upd 100] u=0 upd_ctr=9 opt_step=144 E=0.882 g=0.133 VarTD=0.173549 ret_end=-25.633 dbar_end=0.643 occ_end=0.224 CSR_train=0.000 done_count=125
[upd 110] u=0 upd_ctr=10 opt_step=160 E=0.895 g=0.130 VarTD=0.187623 ret_end=-25.313 dbar_end=0.649 occ_end=0.192 CSR_train=0.000 done_count=125
[upd 120] u=0 upd_ctr=11 opt_step=176 E=0.905 g=0.129 VarTD=0.199509 ret_end=-26.221 dbar_end=0.653 occ_end=0.152 CSR_train=0.008 done_count=125
[upd 130] u=0 upd_ctr=12 opt_step=192 E=0.981 g=0.137 VarTD=0.175702 ret_end=-24.076 dbar_end=0.633 occ_end=0.270 CSR_train=0.000 done_count=100
[upd 140] u=1 upd_ctr=14 opt_step=224 E=0.180 g=0.145 VarTD=0.242315 ret_end=-25.069 dbar_end=0.614 occ_end=0.232 CSR_train=0.000 done_count=125
[upd 150] u=0 upd_ctr=15 opt_step=240 E=0.311 g=0.153 VarTD=0.307703 ret_end=-23.451 dbar_end=0.599 occ_end=0.248 CSR_train=0.000 done_count=125
[upd 160] u=0 upd_ctr=16 opt_step=256 E=0.438 g=0.152 VarTD=0.379594 ret_end=-24.905 dbar_end=0.601 occ_end=0.288 CSR_train=0.000 done_count=125
[upd 170] u=0 upd_ctr=17 opt_step=272 E=0.576 g=0.153 VarTD=0.404837 ret_end=-24.381 dbar_end=0.598 occ_end=0.232 CSR_train=0.000 done_count=125
[upd 180] u=0 upd_ctr=18 opt_step=288 E=0.707 g=0.148 VarTD=0.483235 ret_end=-25.320 dbar_end=0.608 occ_end=0.200 CSR_train=0.000 done_count=125
[upd 190] u=0 upd_ctr=19 opt_step=304 E=0.880 g=0.159 VarTD=0.544616 ret_end=-24.068 dbar_end=0.586 occ_end=0.208 CSR_train=0.000 done_count=125
[upd 200] u=1 upd_ctr=21 opt_step=336 E=0.172 g=0.158 VarTD=0.623807 ret_end=-24.042 dbar_end=0.588 occ_end=0.264 CSR_train=0.008 done_count=125
[upd 210] u=0 upd_ctr=22 opt_step=352 E=0.378 g=0.152 VarTD=0.856783 ret_end=-24.775 dbar_end=0.600 occ_end=0.312 CSR_train=0.000 done_count=125
[upd 220] u=0 upd_ctr=23 opt_step=368 E=0.585 g=0.158 VarTD=0.918460 ret_end=-24.222 dbar_end=0.587 occ_end=0.232 CSR_train=0.000 done_count=125
[upd 230] u=0 upd_ctr=24 opt_step=384 E=0.774 g=0.149 VarTD=1.045179 ret_end=-24.587 dbar_end=0.607 occ_end=0.288 CSR_train=0.000 done_count=125
[upd 240] u=0 upd_ctr=25 opt_step=400 E=1.000 g=0.167 VarTD=1.156640 ret_end=-24.251 dbar_end=0.570 occ_end=0.280 CSR_train=0.000 done_count=125
[upd 250] u=0 upd_ctr=27 opt_step=432 E=0.319 g=0.166 VarTD=1.444587 ret_end=-23.828 dbar_end=0.571 occ_end=0.288 CSR_train=0.000 done_count=125
[upd 260] u=0 upd_ctr=28 opt_step=448 E=0.535 g=0.170 VarTD=1.278765 ret_end=-23.867 dbar_end=0.563 occ_end=0.320 CSR_train=0.000 done_count=100
[upd 270] u=0 upd_ctr=29 opt_step=464 E=0.785 g=0.173 VarTD=1.754257 ret_end=-23.471 dbar_end=0.558 occ_end=0.280 CSR_train=0.000 done_count=125
[upd 280] u=1 upd_ctr=31 opt_step=496 E=0.130 g=0.161 VarTD=1.829789 ret_end=-24.303 dbar_end=0.581 occ_end=0.288 CSR_train=0.000 done_count=125
[upd 290] u=0 upd_ctr=32 opt_step=512 E=0.436 g=0.170 VarTD=2.184019 ret_end=-23.391 dbar_end=0.565 occ_end=0.232 CSR_train=0.000 done_count=125
[upd 300] u=0 upd_ctr=33 opt_step=528 E=0.726 g=0.158 VarTD=2.369688 ret_end=-24.494 dbar_end=0.587 occ_end=0.304 CSR_train=0.000 done_count=125
[upd 310] u=0 upd_ctr=34 opt_step=544 E=1.000 g=0.164 VarTD=2.544380 ret_end=-24.100 dbar_end=0.577 occ_end=0.264 CSR_train=0.000 done_count=125
[Gate5 check] update_counter violations: t0=0 diffs=0
[Gate5 check] opt_step violations: t0=0 diffs=0 (expected_inc=16)
[Gate5 check] NaN masking: nan_on_skip=True finite_on_update=True
[Gate5 summary] mean_update_fraction=0.1122 final_executed_updates_mean=35.00
[Gate5 eval] done_count mean=100.0 CSR mean=0.0000 len_end_mean=26.00
[Gate5 eval] episodes_per_env=4 T_eval=104
[Gate5 eval-debug] locked_eps_occ=0.20 pre(step25): dbar_end=0.488601 occupied_end_mean=0.320000 max_tilde_end_mean=0.671605 CSR@locked=0.000000
[Gate5 eval-debug] locked_eps_occ=0.20 post(step26): dbar_end=0.498799 occupied_end_mean=0.390000 max_tilde_end_mean=0.686552 CSR@locked=0.000000
[Gate5 eval-debug] CSR_pre@0.10=0.0000 CSR_pre@0.15=0.0000 CSR_pre@0.20=0.0000 CSR_pre@0.25=0.0100 CSR_pre@0.30=0.0600
[Gate5 eval-debug] CSR_post@0.10=0.0000 CSR_post@0.15=0.0000 CSR_post@0.20=0.0000 CSR_post@0.25=0.0200 CSR_post@0.30=0.0500
