Importing submoduled environments...
Submoduled environments not found. Skipping import.
[upd 0] u=1 upd_ctr=1 opt_step=16 E=0.647 g=0.094 VarTD=0.148631 ret_end=-26.843 dbar_end=0.752 occ_end=0.140 CSR_train=0.000 done_count=100
[upd 10] u=0 upd_ctr=3 opt_step=48 E=0.333 g=0.108 VarTD=0.115153 ret_end=-26.527 dbar_end=0.710 occ_end=0.120 CSR_train=0.000 done_count=125
[upd 20] u=1 upd_ctr=5 opt_step=80 E=0.067 g=0.108 VarTD=0.144152 ret_end=-26.811 dbar_end=0.710 occ_end=0.160 CSR_train=0.000 done_count=125
[upd 30] u=0 upd_ctr=6 opt_step=96 E=0.226 g=0.112 VarTD=0.129394 ret_end=-26.305 dbar_end=0.698 occ_end=0.176 CSR_train=0.000 done_count=125
[upd 40] u=0 upd_ctr=7 opt_step=112 E=0.422 g=0.123 VarTD=0.148703 ret_end=-25.679 dbar_end=0.666 occ_end=0.208 CSR_train=0.000 done_count=125
[upd 50] u=0 upd_ctr=9 opt_step=144 E=0.241 g=0.129 VarTD=0.140152 ret_end=-25.980 dbar_end=0.651 occ_end=0.216 CSR_train=0.000 done_count=125
[upd 60] u=0 upd_ctr=10 opt_step=160 E=0.446 g=0.114 VarTD=0.153291 ret_end=-26.001 dbar_end=0.693 occ_end=0.176 CSR_train=0.000 done_count=125
[upd 70] u=0 upd_ctr=12 opt_step=192 E=0.316 g=0.141 VarTD=0.175540 ret_end=-24.646 dbar_end=0.623 occ_end=0.224 CSR_train=0.000 done_count=125
[upd 80] u=0 upd_ctr=14 opt_step=224 E=0.186 g=0.139 VarTD=0.215657 ret_end=-24.652 dbar_end=0.629 occ_end=0.208 CSR_train=0.000 done_count=125
[upd 90] u=0 upd_ctr=15 opt_step=240 E=0.467 g=0.142 VarTD=0.250714 ret_end=-24.559 dbar_end=0.621 occ_end=0.280 CSR_train=0.000 done_count=125
[upd 100] u=0 upd_ctr=17 opt_step=272 E=0.433 g=0.147 VarTD=0.363189 ret_end=-24.644 dbar_end=0.610 occ_end=0.280 CSR_train=0.000 done_count=125
[upd 110] u=0 upd_ctr=19 opt_step=304 E=0.382 g=0.148 VarTD=0.499125 ret_end=-24.718 dbar_end=0.609 occ_end=0.192 CSR_train=0.000 done_count=125
[upd 120] u=0 upd_ctr=21 opt_step=336 E=0.348 g=0.149 VarTD=0.605482 ret_end=-24.287 dbar_end=0.607 occ_end=0.320 CSR_train=0.000 done_count=125
[Gate5 check] update_counter violations: t0=0 diffs=0
[Gate5 check] opt_step violations: t0=0 diffs=0 (expected_inc=16)
[Gate5 check] NaN masking: nan_on_skip=True finite_on_update=True
[Gate5 summary] mean_update_fraction=0.1760 final_executed_updates_mean=22.00
[Gate5 eval] done_count mean=100.0 CSR mean=0.0000 len_end_mean=26.00
[Gate5 eval] episodes_per_env=4 T_eval=104
[Gate5 eval-debug] locked_eps_occ=0.20 pre(step25): dbar_end=0.492455 occupied_end_mean=0.350000 max_tilde_end_mean=0.706290 CSR@locked=0.000000
[Gate5 eval-debug] locked_eps_occ=0.20 post(step26): dbar_end=0.497452 occupied_end_mean=0.320000 max_tilde_end_mean=0.705828 CSR@locked=0.000000
[Gate5 eval-debug] CSR_pre@0.10=0.0000 CSR_pre@0.15=0.0000 CSR_pre@0.20=0.0000 CSR_pre@0.25=0.0100 CSR_pre@0.30=0.0200
[Gate5 eval-debug] CSR_post@0.10=0.0000 CSR_post@0.15=0.0000 CSR_post@0.20=0.0000 CSR_post@0.25=0.0000 CSR_post@0.30=0.0100
