Importing submoduled environments...
Submoduled environments not found. Skipping import.
[upd 0] u=1 upd_ctr=1 opt_step=16 E=0.079 g=0.088 VarTD=0.137352 ret_end=-28.134 dbar_end=0.773 occ_end=0.220 CSR_train=0.000 done_count=100
[upd 10] u=0 upd_ctr=1 opt_step=16 E=0.913 g=0.093 VarTD=0.158535 ret_end=-28.458 dbar_end=0.756 occ_end=0.184 CSR_train=0.000 done_count=125
[upd 20] u=0 upd_ctr=2 opt_step=32 E=0.668 g=0.104 VarTD=0.133801 ret_end=-26.599 dbar_end=0.722 occ_end=0.216 CSR_train=0.000 done_count=125
[upd 30] u=0 upd_ctr=3 opt_step=48 E=0.524 g=0.096 VarTD=0.169209 ret_end=-27.381 dbar_end=0.748 occ_end=0.168 CSR_train=0.000 done_count=125
[upd 40] u=0 upd_ctr=4 opt_step=64 E=0.370 g=0.103 VarTD=0.130759 ret_end=-26.861 dbar_end=0.723 occ_end=0.152 CSR_train=0.000 done_count=125
[upd 50] u=0 upd_ctr=5 opt_step=80 E=0.287 g=0.108 VarTD=0.174159 ret_end=-27.155 dbar_end=0.710 occ_end=0.232 CSR_train=0.000 done_count=125
[upd 60] u=0 upd_ctr=6 opt_step=96 E=0.204 g=0.116 VarTD=0.139861 ret_end=-26.527 dbar_end=0.687 occ_end=0.216 CSR_train=0.000 done_count=125
[upd 70] u=0 upd_ctr=7 opt_step=112 E=0.205 g=0.109 VarTD=0.160082 ret_end=-26.667 dbar_end=0.707 occ_end=0.256 CSR_train=0.000 done_count=125
[upd 80] u=0 upd_ctr=8 opt_step=128 E=0.212 g=0.120 VarTD=0.119463 ret_end=-24.693 dbar_end=0.674 occ_end=0.120 CSR_train=0.000 done_count=125
[upd 90] u=0 upd_ctr=9 opt_step=144 E=0.351 g=0.125 VarTD=0.166088 ret_end=-25.639 dbar_end=0.662 occ_end=0.232 CSR_train=0.000 done_count=125
[upd 100] u=0 upd_ctr=10 opt_step=160 E=0.453 g=0.129 VarTD=0.156121 ret_end=-25.029 dbar_end=0.651 occ_end=0.216 CSR_train=0.000 done_count=125
[upd 110] u=0 upd_ctr=11 opt_step=176 E=0.594 g=0.132 VarTD=0.163933 ret_end=-24.467 dbar_end=0.645 occ_end=0.208 CSR_train=0.000 done_count=125
[upd 120] u=0 upd_ctr=12 opt_step=192 E=0.744 g=0.135 VarTD=0.200028 ret_end=-25.718 dbar_end=0.639 occ_end=0.256 CSR_train=0.000 done_count=125
[upd 130] u=0 upd_ctr=13 opt_step=208 E=0.847 g=0.154 VarTD=0.194145 ret_end=-24.564 dbar_end=0.597 occ_end=0.150 CSR_train=0.000 done_count=100
[upd 140] u=0 upd_ctr=14 opt_step=224 E=1.000 g=0.146 VarTD=0.266810 ret_end=-25.356 dbar_end=0.613 occ_end=0.248 CSR_train=0.000 done_count=125
[upd 150] u=0 upd_ctr=16 opt_step=256 E=0.291 g=0.162 VarTD=0.332099 ret_end=-23.911 dbar_end=0.579 occ_end=0.216 CSR_train=0.000 done_count=125
[upd 160] u=0 upd_ctr=17 opt_step=272 E=0.530 g=0.133 VarTD=0.452137 ret_end=-26.208 dbar_end=0.644 occ_end=0.232 CSR_train=0.000 done_count=125
[upd 170] u=0 upd_ctr=18 opt_step=288 E=0.825 g=0.157 VarTD=0.483602 ret_end=-24.286 dbar_end=0.589 occ_end=0.312 CSR_train=0.000 done_count=125
[upd 180] u=0 upd_ctr=19 opt_step=304 E=1.000 g=0.155 VarTD=0.564552 ret_end=-25.257 dbar_end=0.594 occ_end=0.264 CSR_train=0.000 done_count=125
[upd 190] u=0 upd_ctr=21 opt_step=336 E=0.276 g=0.151 VarTD=0.713573 ret_end=-24.605 dbar_end=0.603 occ_end=0.248 CSR_train=0.000 done_count=125
[upd 200] u=0 upd_ctr=22 opt_step=352 E=0.599 g=0.152 VarTD=0.808757 ret_end=-24.125 dbar_end=0.600 occ_end=0.264 CSR_train=0.000 done_count=125
[upd 210] u=0 upd_ctr=23 opt_step=368 E=0.991 g=0.160 VarTD=0.931516 ret_end=-24.791 dbar_end=0.583 occ_end=0.312 CSR_train=0.000 done_count=125
[upd 220] u=1 upd_ctr=25 opt_step=400 E=0.142 g=0.158 VarTD=1.056893 ret_end=-24.070 dbar_end=0.588 occ_end=0.344 CSR_train=0.000 done_count=125
[upd 230] u=0 upd_ctr=26 opt_step=416 E=0.625 g=0.168 VarTD=1.313069 ret_end=-23.608 dbar_end=0.568 occ_end=0.224 CSR_train=0.000 done_count=125
[upd 240] u=0 upd_ctr=27 opt_step=432 E=1.000 g=0.161 VarTD=1.454117 ret_end=-23.611 dbar_end=0.582 occ_end=0.240 CSR_train=0.000 done_count=125
[upd 250] u=0 upd_ctr=29 opt_step=464 E=0.443 g=0.166 VarTD=1.724308 ret_end=-24.201 dbar_end=0.571 occ_end=0.240 CSR_train=0.000 done_count=125
[upd 260] u=0 upd_ctr=30 opt_step=480 E=0.851 g=0.164 VarTD=1.563164 ret_end=-24.353 dbar_end=0.575 occ_end=0.250 CSR_train=0.000 done_count=100
[upd 270] u=1 upd_ctr=32 opt_step=512 E=0.138 g=0.153 VarTD=2.050579 ret_end=-24.919 dbar_end=0.598 occ_end=0.200 CSR_train=0.000 done_count=125
[upd 280] u=0 upd_ctr=33 opt_step=528 E=0.591 g=0.165 VarTD=2.364431 ret_end=-24.586 dbar_end=0.573 occ_end=0.192 CSR_train=0.000 done_count=125
[upd 290] u=0 upd_ctr=34 opt_step=544 E=1.000 g=0.160 VarTD=2.514648 ret_end=-24.178 dbar_end=0.584 occ_end=0.216 CSR_train=0.000 done_count=125
[upd 300] u=0 upd_ctr=36 opt_step=576 E=0.461 g=0.179 VarTD=2.887666 ret_end=-23.401 dbar_end=0.548 occ_end=0.352 CSR_train=0.000 done_count=125
[upd 310] u=0 upd_ctr=37 opt_step=592 E=0.947 g=0.167 VarTD=3.057589 ret_end=-23.182 dbar_end=0.569 occ_end=0.248 CSR_train=0.000 done_count=125
[Gate5 check] update_counter violations: t0=0 diffs=0
[Gate5 check] opt_step violations: t0=0 diffs=0 (expected_inc=16)
[Gate5 check] NaN masking: nan_on_skip=True finite_on_update=True
[Gate5 summary] mean_update_fraction=0.1186 final_executed_updates_mean=37.00
[Gate5 eval] done_count mean=100.0 CSR mean=0.0000 len_end_mean=26.00
[Gate5 eval] episodes_per_env=4 T_eval=104
[Gate5 eval-debug] locked_eps_occ=0.20 pre(step25): dbar_end=0.475933 occupied_end_mean=0.420000 max_tilde_end_mean=0.682435 CSR@locked=0.000000
[Gate5 eval-debug] locked_eps_occ=0.20 post(step26): dbar_end=0.477791 occupied_end_mean=0.400000 max_tilde_end_mean=0.682657 CSR@locked=0.000000
[Gate5 eval-debug] CSR_pre@0.10=0.0000 CSR_pre@0.15=0.0000 CSR_pre@0.20=0.0000 CSR_pre@0.25=0.0300 CSR_pre@0.30=0.0400
[Gate5 eval-debug] CSR_post@0.10=0.0000 CSR_post@0.15=0.0000 CSR_post@0.20=0.0000 CSR_post@0.25=0.0200 CSR_post@0.30=0.0500
