Importing submoduled environments...
Submoduled environments not found. Skipping import.
[upd 0] u=1 upd_ctr=1 opt_step=16 E=0.283 g=0.092 VarTD=0.142843 ret_end=-27.084 dbar_end=0.760 occ_end=0.110 CSR_train=0.000 done_count=100
[upd 10] u=0 upd_ctr=2 opt_step=32 E=0.306 g=0.093 VarTD=0.167510 ret_end=-26.959 dbar_end=0.758 occ_end=0.176 CSR_train=0.000 done_count=125
[upd 20] u=0 upd_ctr=3 opt_step=48 E=0.418 g=0.088 VarTD=0.167424 ret_end=-28.245 dbar_end=0.775 occ_end=0.136 CSR_train=0.000 done_count=125
[upd 30] u=0 upd_ctr=4 opt_step=64 E=0.561 g=0.107 VarTD=0.131589 ret_end=-26.783 dbar_end=0.713 occ_end=0.208 CSR_train=0.000 done_count=125
[upd 40] u=0 upd_ctr=5 opt_step=80 E=0.721 g=0.106 VarTD=0.145079 ret_end=-26.321 dbar_end=0.715 occ_end=0.168 CSR_train=0.000 done_count=125
[upd 50] u=0 upd_ctr=6 opt_step=96 E=0.885 g=0.103 VarTD=0.134060 ret_end=-26.653 dbar_end=0.723 occ_end=0.144 CSR_train=0.000 done_count=125
[upd 60] u=0 upd_ctr=8 opt_step=128 E=0.318 g=0.143 VarTD=0.161324 ret_end=-24.705 dbar_end=0.621 occ_end=0.280 CSR_train=0.008 done_count=125
[upd 70] u=0 upd_ctr=9 opt_step=144 E=0.577 g=0.114 VarTD=0.164987 ret_end=-26.170 dbar_end=0.693 occ_end=0.120 CSR_train=0.000 done_count=125
[upd 80] u=0 upd_ctr=10 opt_step=160 E=0.908 g=0.122 VarTD=0.160534 ret_end=-25.825 dbar_end=0.670 occ_end=0.200 CSR_train=0.000 done_count=125
[upd 90] u=0 upd_ctr=12 opt_step=192 E=0.502 g=0.145 VarTD=0.174099 ret_end=-24.667 dbar_end=0.614 occ_end=0.272 CSR_train=0.008 done_count=125
[upd 100] u=1 upd_ctr=14 opt_step=224 E=0.137 g=0.146 VarTD=0.227009 ret_end=-26.256 dbar_end=0.613 occ_end=0.272 CSR_train=0.000 done_count=125
[upd 110] u=0 upd_ctr=15 opt_step=240 E=0.578 g=0.146 VarTD=0.291276 ret_end=-25.539 dbar_end=0.613 occ_end=0.240 CSR_train=0.000 done_count=125
[upd 120] u=0 upd_ctr=17 opt_step=272 E=0.252 g=0.144 VarTD=0.355776 ret_end=-24.512 dbar_end=0.617 occ_end=0.240 CSR_train=0.000 done_count=125
[Gate5 check] update_counter violations: t0=0 diffs=0
[Gate5 check] opt_step violations: t0=0 diffs=0 (expected_inc=16)
[Gate5 check] NaN masking: nan_on_skip=True finite_on_update=True
[Gate5 summary] mean_update_fraction=0.1360 final_executed_updates_mean=17.00
[Gate5 eval] done_count mean=100.0 CSR mean=0.0000 len_end_mean=26.00
[Gate5 eval] episodes_per_env=4 T_eval=104
[Gate5 eval-debug] locked_eps_occ=0.20 pre(step25): dbar_end=0.519487 occupied_end_mean=0.340000 max_tilde_end_mean=0.752358 CSR@locked=0.000000
[Gate5 eval-debug] locked_eps_occ=0.20 post(step26): dbar_end=0.515523 occupied_end_mean=0.380000 max_tilde_end_mean=0.750609 CSR@locked=0.000000
[Gate5 eval-debug] CSR_pre@0.10=0.0000 CSR_pre@0.15=0.0000 CSR_pre@0.20=0.0000 CSR_pre@0.25=0.0200 CSR_pre@0.30=0.0400
[Gate5 eval-debug] CSR_post@0.10=0.0000 CSR_post@0.15=0.0000 CSR_post@0.20=0.0000 CSR_post@0.25=0.0200 CSR_post@0.30=0.0500
