Importing submoduled environments...
Submoduled environments not found. Skipping import.
[upd 0] u=1 upd_ctr=1 opt_step=16 E=0.109 g=0.093 VarTD=0.149936 ret_end=-27.435 dbar_end=0.756 occ_end=0.150 CSR_train=0.000 done_count=100
[upd 10] u=0 upd_ctr=1 opt_step=16 E=0.203 g=0.100 VarTD=0.132044 ret_end=-26.929 dbar_end=0.734 occ_end=0.192 CSR_train=0.000 done_count=125
[upd 20] u=0 upd_ctr=1 opt_step=16 E=0.304 g=0.107 VarTD=0.153948 ret_end=-26.021 dbar_end=0.712 occ_end=0.192 CSR_train=0.000 done_count=125
[upd 30] u=0 upd_ctr=1 opt_step=16 E=0.395 g=0.084 VarTD=0.174361 ret_end=-28.107 dbar_end=0.790 occ_end=0.136 CSR_train=0.008 done_count=125
[upd 40] u=0 upd_ctr=1 opt_step=16 E=0.485 g=0.091 VarTD=0.143332 ret_end=-27.531 dbar_end=0.765 occ_end=0.096 CSR_train=0.000 done_count=125
[upd 50] u=0 upd_ctr=1 opt_step=16 E=0.575 g=0.085 VarTD=0.137477 ret_end=-27.179 dbar_end=0.787 occ_end=0.104 CSR_train=0.000 done_count=125
[upd 60] u=0 upd_ctr=1 opt_step=16 E=0.663 g=0.090 VarTD=0.138519 ret_end=-27.667 dbar_end=0.765 occ_end=0.104 CSR_train=0.000 done_count=125
[upd 70] u=0 upd_ctr=1 opt_step=16 E=0.753 g=0.091 VarTD=0.150288 ret_end=-27.875 dbar_end=0.764 occ_end=0.144 CSR_train=0.000 done_count=125
[upd 80] u=0 upd_ctr=1 opt_step=16 E=0.850 g=0.098 VarTD=0.133671 ret_end=-26.280 dbar_end=0.741 occ_end=0.168 CSR_train=0.000 done_count=125
[upd 90] u=0 upd_ctr=2 opt_step=32 E=0.044 g=0.094 VarTD=0.136189 ret_end=-27.370 dbar_end=0.753 occ_end=0.176 CSR_train=0.000 done_count=125
[upd 100] u=0 upd_ctr=2 opt_step=32 E=0.137 g=0.098 VarTD=0.154721 ret_end=-26.231 dbar_end=0.740 occ_end=0.160 CSR_train=0.000 done_count=125
[upd 110] u=0 upd_ctr=2 opt_step=32 E=0.229 g=0.086 VarTD=0.140746 ret_end=-27.701 dbar_end=0.783 occ_end=0.112 CSR_train=0.000 done_count=125
[upd 120] u=0 upd_ctr=2 opt_step=32 E=0.324 g=0.104 VarTD=0.136945 ret_end=-26.354 dbar_end=0.721 occ_end=0.168 CSR_train=0.000 done_count=125
[Gate5 check] update_counter violations: t0=0 diffs=0
[Gate5 check] opt_step violations: t0=0 diffs=0 (expected_inc=16)
[Gate5 check] NaN masking: nan_on_skip=True finite_on_update=True
[Gate5 summary] mean_update_fraction=0.0160 final_executed_updates_mean=2.00
[Gate5 eval] done_count mean=100.0 CSR mean=0.0000 len_end_mean=26.00
[Gate5 eval] episodes_per_env=4 T_eval=104
[Gate5 eval-debug] locked_eps_occ=0.20 pre(step25): dbar_end=0.589910 occupied_end_mean=0.380000 max_tilde_end_mean=0.874640 CSR@locked=0.000000
[Gate5 eval-debug] locked_eps_occ=0.20 post(step26): dbar_end=0.589463 occupied_end_mean=0.360000 max_tilde_end_mean=0.874420 CSR@locked=0.000000
[Gate5 eval-debug] CSR_pre@0.10=0.0000 CSR_pre@0.15=0.0000 CSR_pre@0.20=0.0000 CSR_pre@0.25=0.0000 CSR_pre@0.30=0.0200
[Gate5 eval-debug] CSR_post@0.10=0.0000 CSR_post@0.15=0.0000 CSR_post@0.20=0.0000 CSR_post@0.25=0.0000 CSR_post@0.30=0.0200
