Importing submoduled environments...
Submoduled environments not found. Skipping import.
[upd 0] u=1 upd_ctr=1 opt_step=16 E=0.154 g=0.089 VarTD=0.203202 ret_end=-28.238 dbar_end=0.769 occ_end=0.170 CSR_train=0.000 done_count=100
[upd 10] u=0 upd_ctr=1 opt_step=16 E=0.725 g=0.094 VarTD=0.178732 ret_end=-27.407 dbar_end=0.753 occ_end=0.200 CSR_train=0.000 done_count=125
[upd 20] u=0 upd_ctr=2 opt_step=32 E=0.398 g=0.094 VarTD=0.143806 ret_end=-28.088 dbar_end=0.754 occ_end=0.160 CSR_train=0.000 done_count=125
[upd 30] u=0 upd_ctr=2 opt_step=32 E=0.957 g=0.098 VarTD=0.153403 ret_end=-27.389 dbar_end=0.740 occ_end=0.208 CSR_train=0.000 done_count=125
[upd 40] u=0 upd_ctr=3 opt_step=48 E=0.682 g=0.109 VarTD=0.138109 ret_end=-26.079 dbar_end=0.707 occ_end=0.208 CSR_train=0.000 done_count=125
[upd 50] u=0 upd_ctr=4 opt_step=64 E=0.416 g=0.101 VarTD=0.160285 ret_end=-26.650 dbar_end=0.730 occ_end=0.096 CSR_train=0.000 done_count=125
[upd 60] u=0 upd_ctr=5 opt_step=80 E=0.135 g=0.116 VarTD=0.144903 ret_end=-26.556 dbar_end=0.687 occ_end=0.184 CSR_train=0.000 done_count=125
[upd 70] u=0 upd_ctr=5 opt_step=80 E=0.826 g=0.110 VarTD=0.141058 ret_end=-26.459 dbar_end=0.702 occ_end=0.176 CSR_train=0.000 done_count=125
[upd 80] u=0 upd_ctr=6 opt_step=96 E=0.612 g=0.121 VarTD=0.147193 ret_end=-25.070 dbar_end=0.673 occ_end=0.208 CSR_train=0.000 done_count=125
[upd 90] u=0 upd_ctr=7 opt_step=112 E=0.433 g=0.129 VarTD=0.135272 ret_end=-25.415 dbar_end=0.651 occ_end=0.152 CSR_train=0.000 done_count=125
[upd 100] u=0 upd_ctr=8 opt_step=128 E=0.247 g=0.112 VarTD=0.144520 ret_end=-26.964 dbar_end=0.696 occ_end=0.184 CSR_train=0.000 done_count=125
[upd 110] u=0 upd_ctr=8 opt_step=128 E=0.964 g=0.117 VarTD=0.131982 ret_end=-26.127 dbar_end=0.682 occ_end=0.152 CSR_train=0.000 done_count=125
[upd 120] u=0 upd_ctr=9 opt_step=144 E=0.811 g=0.122 VarTD=0.155658 ret_end=-25.952 dbar_end=0.671 occ_end=0.224 CSR_train=0.000 done_count=125
[upd 130] u=0 upd_ctr=10 opt_step=160 E=0.699 g=0.131 VarTD=0.147122 ret_end=-25.776 dbar_end=0.646 occ_end=0.260 CSR_train=0.000 done_count=100
[upd 140] u=0 upd_ctr=11 opt_step=176 E=0.580 g=0.126 VarTD=0.199109 ret_end=-25.698 dbar_end=0.659 occ_end=0.256 CSR_train=0.000 done_count=125
[upd 150] u=0 upd_ctr=12 opt_step=192 E=0.440 g=0.125 VarTD=0.206998 ret_end=-26.703 dbar_end=0.662 occ_end=0.264 CSR_train=0.000 done_count=125
[upd 160] u=0 upd_ctr=13 opt_step=208 E=0.337 g=0.135 VarTD=0.202725 ret_end=-24.922 dbar_end=0.638 occ_end=0.184 CSR_train=0.000 done_count=125
[upd 170] u=0 upd_ctr=14 opt_step=224 E=0.224 g=0.131 VarTD=0.267962 ret_end=-25.892 dbar_end=0.648 occ_end=0.200 CSR_train=0.000 done_count=125
[upd 180] u=1 upd_ctr=15 opt_step=240 E=0.140 g=0.141 VarTD=0.237866 ret_end=-25.063 dbar_end=0.625 occ_end=0.312 CSR_train=0.008 done_count=125
[upd 190] u=0 upd_ctr=15 opt_step=240 E=0.962 g=0.134 VarTD=0.302872 ret_end=-25.477 dbar_end=0.641 occ_end=0.248 CSR_train=0.000 done_count=125
[upd 200] u=0 upd_ctr=16 opt_step=256 E=0.887 g=0.126 VarTD=0.306405 ret_end=-25.717 dbar_end=0.660 occ_end=0.184 CSR_train=0.000 done_count=125
[upd 210] u=0 upd_ctr=17 opt_step=272 E=0.820 g=0.139 VarTD=0.375135 ret_end=-24.311 dbar_end=0.628 occ_end=0.168 CSR_train=0.000 done_count=125
[upd 220] u=0 upd_ctr=18 opt_step=288 E=0.752 g=0.142 VarTD=0.415285 ret_end=-24.952 dbar_end=0.623 occ_end=0.224 CSR_train=0.000 done_count=125
[upd 230] u=0 upd_ctr=19 opt_step=304 E=0.708 g=0.141 VarTD=0.497795 ret_end=-24.869 dbar_end=0.624 occ_end=0.176 CSR_train=0.000 done_count=125
[upd 240] u=0 upd_ctr=20 opt_step=320 E=0.674 g=0.145 VarTD=0.567483 ret_end=-24.155 dbar_end=0.615 occ_end=0.256 CSR_train=0.000 done_count=125
[upd 250] u=0 upd_ctr=21 opt_step=336 E=0.644 g=0.152 VarTD=0.694941 ret_end=-24.664 dbar_end=0.600 occ_end=0.208 CSR_train=0.008 done_count=125
[upd 260] u=0 upd_ctr=22 opt_step=352 E=0.651 g=0.152 VarTD=0.644180 ret_end=-24.864 dbar_end=0.600 occ_end=0.260 CSR_train=0.000 done_count=100
[upd 270] u=0 upd_ctr=23 opt_step=368 E=0.674 g=0.150 VarTD=0.902355 ret_end=-25.166 dbar_end=0.603 occ_end=0.216 CSR_train=0.000 done_count=125
[upd 280] u=0 upd_ctr=24 opt_step=384 E=0.739 g=0.160 VarTD=0.998871 ret_end=-23.981 dbar_end=0.583 occ_end=0.248 CSR_train=0.000 done_count=125
[upd 290] u=0 upd_ctr=25 opt_step=400 E=0.849 g=0.169 VarTD=1.113358 ret_end=-23.662 dbar_end=0.567 occ_end=0.240 CSR_train=0.000 done_count=125
[upd 300] u=0 upd_ctr=26 opt_step=416 E=0.936 g=0.158 VarTD=1.213133 ret_end=-24.323 dbar_end=0.588 occ_end=0.240 CSR_train=0.000 done_count=125
[upd 310] u=1 upd_ctr=28 opt_step=448 E=0.155 g=0.168 VarTD=1.366630 ret_end=-23.308 dbar_end=0.569 occ_end=0.360 CSR_train=0.016 done_count=125
[Gate5 check] update_counter violations: t0=0 diffs=0
[Gate5 check] opt_step violations: t0=0 diffs=0 (expected_inc=16)
[Gate5 check] NaN masking: nan_on_skip=True finite_on_update=True
[Gate5 summary] mean_update_fraction=0.0897 final_executed_updates_mean=28.00
[Gate5 eval] done_count mean=100.0 CSR mean=0.0100 len_end_mean=26.00
[Gate5 eval] episodes_per_env=4 T_eval=104
[Gate5 eval-debug] locked_eps_occ=0.20 pre(step25): dbar_end=0.479895 occupied_end_mean=0.430000 max_tilde_end_mean=0.676040 CSR@locked=0.000000
[Gate5 eval-debug] locked_eps_occ=0.20 post(step26): dbar_end=0.473215 occupied_end_mean=0.380000 max_tilde_end_mean=0.663082 CSR@locked=0.010000
[Gate5 eval-debug] CSR_pre@0.10=0.0000 CSR_pre@0.15=0.0000 CSR_pre@0.20=0.0000 CSR_pre@0.25=0.0000 CSR_pre@0.30=0.0500
[Gate5 eval-debug] CSR_post@0.10=0.0000 CSR_post@0.15=0.0100 CSR_post@0.20=0.0100 CSR_post@0.25=0.0100 CSR_post@0.30=0.0300
