Importing submoduled environments...
Submoduled environments not found. Skipping import.
[upd 0] u=1 upd_ctr=1 opt_step=16 E=0.273 g=0.091 VarTD=0.177780 ret_end=-27.116 dbar_end=0.762 occ_end=0.220 CSR_train=0.000 done_count=100
[upd 10] u=0 upd_ctr=2 opt_step=32 E=0.206 g=0.090 VarTD=0.167311 ret_end=-27.522 dbar_end=0.767 occ_end=0.112 CSR_train=0.000 done_count=125
[upd 20] u=0 upd_ctr=3 opt_step=48 E=0.224 g=0.103 VarTD=0.148031 ret_end=-26.647 dbar_end=0.725 occ_end=0.176 CSR_train=0.000 done_count=125
[upd 30] u=0 upd_ctr=4 opt_step=64 E=0.325 g=0.101 VarTD=0.172342 ret_end=-26.849 dbar_end=0.731 occ_end=0.168 CSR_train=0.000 done_count=125
[upd 40] u=0 upd_ctr=5 opt_step=80 E=0.402 g=0.114 VarTD=0.148347 ret_end=-26.629 dbar_end=0.693 occ_end=0.208 CSR_train=0.000 done_count=125
[upd 50] u=0 upd_ctr=6 opt_step=96 E=0.533 g=0.118 VarTD=0.149319 ret_end=-25.305 dbar_end=0.681 occ_end=0.160 CSR_train=0.000 done_count=125
[upd 60] u=0 upd_ctr=7 opt_step=112 E=0.656 g=0.109 VarTD=0.150533 ret_end=-26.232 dbar_end=0.706 occ_end=0.120 CSR_train=0.000 done_count=125
[upd 70] u=0 upd_ctr=8 opt_step=128 E=0.823 g=0.114 VarTD=0.158467 ret_end=-26.016 dbar_end=0.691 occ_end=0.232 CSR_train=0.008 done_count=125
[upd 80] u=0 upd_ctr=10 opt_step=160 E=0.195 g=0.125 VarTD=0.140003 ret_end=-25.725 dbar_end=0.663 occ_end=0.120 CSR_train=0.000 done_count=125
[upd 90] u=0 upd_ctr=11 opt_step=176 E=0.411 g=0.132 VarTD=0.151222 ret_end=-25.449 dbar_end=0.646 occ_end=0.184 CSR_train=0.000 done_count=125
[upd 100] u=0 upd_ctr=12 opt_step=192 E=0.636 g=0.137 VarTD=0.172737 ret_end=-24.747 dbar_end=0.632 occ_end=0.232 CSR_train=0.000 done_count=125
[upd 110] u=0 upd_ctr=13 opt_step=208 E=0.834 g=0.126 VarTD=0.182668 ret_end=-25.293 dbar_end=0.659 occ_end=0.192 CSR_train=0.000 done_count=125
[upd 120] u=0 upd_ctr=15 opt_step=240 E=0.225 g=0.121 VarTD=0.259951 ret_end=-25.885 dbar_end=0.672 occ_end=0.232 CSR_train=0.000 done_count=125
[Gate5 check] update_counter violations: t0=0 diffs=0
[Gate5 check] opt_step violations: t0=0 diffs=0 (expected_inc=16)
[Gate5 check] NaN masking: nan_on_skip=True finite_on_update=True
[Gate5 summary] mean_update_fraction=0.1200 final_executed_updates_mean=15.00
[Gate5 eval] done_count mean=100.0 CSR mean=0.0000 len_end_mean=26.00
[Gate5 eval] episodes_per_env=4 T_eval=104
[Gate5 eval-debug] locked_eps_occ=0.20 pre(step25): dbar_end=0.475015 occupied_end_mean=0.350000 max_tilde_end_mean=0.691000 CSR@locked=0.000000
[Gate5 eval-debug] locked_eps_occ=0.20 post(step26): dbar_end=0.470934 occupied_end_mean=0.420000 max_tilde_end_mean=0.682415 CSR@locked=0.000000
[Gate5 eval-debug] CSR_pre@0.10=0.0000 CSR_pre@0.15=0.0000 CSR_pre@0.20=0.0000 CSR_pre@0.25=0.0000 CSR_pre@0.30=0.0100
[Gate5 eval-debug] CSR_post@0.10=0.0000 CSR_post@0.15=0.0000 CSR_post@0.20=0.0000 CSR_post@0.25=0.0100 CSR_post@0.30=0.0400
