Importing submoduled environments...
Submoduled environments not found. Skipping import.
[upd 0] u=1 upd_ctr=1 opt_step=16 E=0.346 g=0.092 VarTD=0.136051 ret_end=-27.009 dbar_end=0.762 occ_end=0.140 CSR_train=0.000 done_count=100
[upd 10] u=0 upd_ctr=2 opt_step=32 E=0.110 g=0.090 VarTD=0.157508 ret_end=-27.459 dbar_end=0.766 occ_end=0.128 CSR_train=0.000 done_count=125
[upd 20] u=0 upd_ctr=2 opt_step=32 E=0.585 g=0.095 VarTD=0.139122 ret_end=-27.117 dbar_end=0.749 occ_end=0.112 CSR_train=0.000 done_count=125
[upd 30] u=0 upd_ctr=3 opt_step=48 E=0.369 g=0.105 VarTD=0.154332 ret_end=-27.253 dbar_end=0.716 occ_end=0.200 CSR_train=0.000 done_count=125
[upd 40] u=0 upd_ctr=4 opt_step=64 E=0.132 g=0.095 VarTD=0.150776 ret_end=-26.413 dbar_end=0.749 occ_end=0.128 CSR_train=0.000 done_count=125
[upd 50] u=0 upd_ctr=4 opt_step=64 E=0.635 g=0.100 VarTD=0.143552 ret_end=-25.922 dbar_end=0.732 occ_end=0.208 CSR_train=0.000 done_count=125
[upd 60] u=0 upd_ctr=5 opt_step=80 E=0.464 g=0.100 VarTD=0.126287 ret_end=-26.924 dbar_end=0.732 occ_end=0.136 CSR_train=0.000 done_count=125
[upd 70] u=0 upd_ctr=6 opt_step=96 E=0.309 g=0.111 VarTD=0.145663 ret_end=-25.657 dbar_end=0.700 occ_end=0.208 CSR_train=0.000 done_count=125
[upd 80] u=0 upd_ctr=7 opt_step=112 E=0.174 g=0.128 VarTD=0.112045 ret_end=-25.367 dbar_end=0.655 occ_end=0.176 CSR_train=0.000 done_count=125
[upd 90] u=0 upd_ctr=7 opt_step=112 E=0.749 g=0.120 VarTD=0.121610 ret_end=-26.085 dbar_end=0.675 occ_end=0.168 CSR_train=0.000 done_count=125
[upd 100] u=0 upd_ctr=8 opt_step=128 E=0.637 g=0.119 VarTD=0.133762 ret_end=-25.950 dbar_end=0.677 occ_end=0.248 CSR_train=0.000 done_count=125
[upd 110] u=0 upd_ctr=9 opt_step=144 E=0.536 g=0.120 VarTD=0.138418 ret_end=-25.439 dbar_end=0.676 occ_end=0.296 CSR_train=0.000 done_count=125
[upd 120] u=0 upd_ctr=10 opt_step=160 E=0.439 g=0.128 VarTD=0.163592 ret_end=-26.140 dbar_end=0.655 occ_end=0.168 CSR_train=0.000 done_count=125
[Gate5 check] update_counter violations: t0=0 diffs=0
[Gate5 check] opt_step violations: t0=0 diffs=0 (expected_inc=16)
[Gate5 check] NaN masking: nan_on_skip=True finite_on_update=True
[Gate5 summary] mean_update_fraction=0.0800 final_executed_updates_mean=10.00
[Gate5 eval] done_count mean=100.0 CSR mean=0.0000 len_end_mean=26.00
[Gate5 eval] episodes_per_env=4 T_eval=104
[Gate5 eval-debug] locked_eps_occ=0.20 pre(step25): dbar_end=0.500597 occupied_end_mean=0.380000 max_tilde_end_mean=0.743232 CSR@locked=0.000000
[Gate5 eval-debug] locked_eps_occ=0.20 post(step26): dbar_end=0.506846 occupied_end_mean=0.320000 max_tilde_end_mean=0.744850 CSR@locked=0.000000
[Gate5 eval-debug] CSR_pre@0.10=0.0000 CSR_pre@0.15=0.0000 CSR_pre@0.20=0.0000 CSR_pre@0.25=0.0000 CSR_pre@0.30=0.0100
[Gate5 eval-debug] CSR_post@0.10=0.0000 CSR_post@0.15=0.0000 CSR_post@0.20=0.0000 CSR_post@0.25=0.0100 CSR_post@0.30=0.0100
