Importing submoduled environments...
Submoduled environments not found. Skipping import.
[upd 0] u=1 upd_ctr=1 opt_step=16 E=0.137 g=0.087 VarTD=0.161819 ret_end=-28.699 dbar_end=0.778 occ_end=0.120 CSR_train=0.000 done_count=100
[upd 10] u=0 upd_ctr=1 opt_step=16 E=1.000 g=0.081 VarTD=0.173819 ret_end=-28.772 dbar_end=0.801 occ_end=0.160 CSR_train=0.000 done_count=125
[upd 20] u=0 upd_ctr=2 opt_step=32 E=1.000 g=0.093 VarTD=0.134073 ret_end=-26.778 dbar_end=0.757 occ_end=0.136 CSR_train=0.000 done_count=125
[upd 30] u=0 upd_ctr=3 opt_step=48 E=1.000 g=0.119 VarTD=0.133750 ret_end=-25.513 dbar_end=0.678 occ_end=0.200 CSR_train=0.000 done_count=125
[upd 40] u=1 upd_ctr=5 opt_step=80 E=0.154 g=0.104 VarTD=0.130094 ret_end=-26.259 dbar_end=0.721 occ_end=0.160 CSR_train=0.000 done_count=125
[upd 50] u=0 upd_ctr=6 opt_step=96 E=0.257 g=0.104 VarTD=0.164272 ret_end=-27.040 dbar_end=0.719 occ_end=0.168 CSR_train=0.000 done_count=125
[upd 60] u=0 upd_ctr=7 opt_step=112 E=0.396 g=0.114 VarTD=0.167374 ret_end=-26.806 dbar_end=0.692 occ_end=0.216 CSR_train=0.000 done_count=125
[upd 70] u=0 upd_ctr=8 opt_step=128 E=0.670 g=0.127 VarTD=0.145335 ret_end=-25.426 dbar_end=0.656 occ_end=0.184 CSR_train=0.000 done_count=125
[upd 80] u=0 upd_ctr=9 opt_step=144 E=0.921 g=0.116 VarTD=0.158129 ret_end=-27.117 dbar_end=0.687 occ_end=0.176 CSR_train=0.000 done_count=125
[upd 90] u=1 upd_ctr=11 opt_step=176 E=0.156 g=0.106 VarTD=0.232079 ret_end=-26.948 dbar_end=0.715 occ_end=0.184 CSR_train=0.000 done_count=125
[upd 100] u=0 upd_ctr=12 opt_step=192 E=0.418 g=0.123 VarTD=0.199150 ret_end=-25.812 dbar_end=0.669 occ_end=0.200 CSR_train=0.000 done_count=125
[upd 110] u=0 upd_ctr=13 opt_step=208 E=0.880 g=0.127 VarTD=0.243653 ret_end=-25.870 dbar_end=0.658 occ_end=0.184 CSR_train=0.000 done_count=125
[upd 120] u=0 upd_ctr=15 opt_step=240 E=0.339 g=0.144 VarTD=0.251904 ret_end=-24.353 dbar_end=0.616 occ_end=0.176 CSR_train=0.000 done_count=125
[upd 130] u=0 upd_ctr=16 opt_step=256 E=0.822 g=0.158 VarTD=0.292108 ret_end=-25.148 dbar_end=0.588 occ_end=0.240 CSR_train=0.010 done_count=100
[upd 140] u=0 upd_ctr=18 opt_step=288 E=0.338 g=0.144 VarTD=0.438571 ret_end=-24.997 dbar_end=0.618 occ_end=0.272 CSR_train=0.000 done_count=125
[upd 150] u=0 upd_ctr=19 opt_step=304 E=0.838 g=0.164 VarTD=0.493514 ret_end=-23.778 dbar_end=0.576 occ_end=0.240 CSR_train=0.000 done_count=125
[upd 160] u=0 upd_ctr=21 opt_step=336 E=0.480 g=0.180 VarTD=0.705013 ret_end=-23.043 dbar_end=0.546 occ_end=0.304 CSR_train=0.000 done_count=125
[upd 170] u=0 upd_ctr=22 opt_step=352 E=1.000 g=0.173 VarTD=0.761718 ret_end=-23.717 dbar_end=0.560 occ_end=0.272 CSR_train=0.000 done_count=125
[upd 180] u=0 upd_ctr=24 opt_step=384 E=0.681 g=0.158 VarTD=0.978345 ret_end=-23.935 dbar_end=0.588 occ_end=0.280 CSR_train=0.000 done_count=125
[upd 190] u=0 upd_ctr=26 opt_step=416 E=0.386 g=0.173 VarTD=1.173997 ret_end=-22.962 dbar_end=0.558 occ_end=0.256 CSR_train=0.000 done_count=125
[upd 200] u=0 upd_ctr=27 opt_step=432 E=0.996 g=0.171 VarTD=1.283858 ret_end=-23.974 dbar_end=0.563 occ_end=0.208 CSR_train=0.000 done_count=125
[upd 210] u=0 upd_ctr=29 opt_step=464 E=0.666 g=0.157 VarTD=1.610569 ret_end=-24.536 dbar_end=0.589 occ_end=0.200 CSR_train=0.000 done_count=125
[upd 220] u=0 upd_ctr=31 opt_step=496 E=0.380 g=0.171 VarTD=1.921496 ret_end=-23.631 dbar_end=0.562 occ_end=0.288 CSR_train=0.000 done_count=125
[upd 230] u=0 upd_ctr=32 opt_step=512 E=1.000 g=0.175 VarTD=2.067968 ret_end=-23.693 dbar_end=0.556 occ_end=0.320 CSR_train=0.000 done_count=125
[upd 240] u=0 upd_ctr=34 opt_step=544 E=0.716 g=0.149 VarTD=2.352931 ret_end=-24.794 dbar_end=0.606 occ_end=0.280 CSR_train=0.000 done_count=125
[upd 250] u=0 upd_ctr=36 opt_step=576 E=0.380 g=0.165 VarTD=2.698829 ret_end=-24.222 dbar_end=0.574 occ_end=0.272 CSR_train=0.000 done_count=125
[upd 260] u=0 upd_ctr=37 opt_step=592 E=1.000 g=0.151 VarTD=2.316784 ret_end=-24.537 dbar_end=0.603 occ_end=0.300 CSR_train=0.000 done_count=100
[upd 270] u=0 upd_ctr=39 opt_step=624 E=0.726 g=0.165 VarTD=3.190999 ret_end=-23.956 dbar_end=0.574 occ_end=0.248 CSR_train=0.000 done_count=125
[upd 280] u=0 upd_ctr=41 opt_step=656 E=0.390 g=0.162 VarTD=3.551200 ret_end=-24.140 dbar_end=0.579 occ_end=0.248 CSR_train=0.008 done_count=125
[upd 290] u=0 upd_ctr=42 opt_step=672 E=1.000 g=0.165 VarTD=3.715970 ret_end=-24.076 dbar_end=0.575 occ_end=0.224 CSR_train=0.000 done_count=125
[upd 300] u=0 upd_ctr=44 opt_step=704 E=0.768 g=0.188 VarTD=4.192756 ret_end=-23.244 dbar_end=0.532 occ_end=0.336 CSR_train=0.000 done_count=125
[upd 310] u=0 upd_ctr=46 opt_step=736 E=0.372 g=0.162 VarTD=4.319321 ret_end=-23.868 dbar_end=0.579 occ_end=0.360 CSR_train=0.000 done_count=125
[Gate5 check] update_counter violations: t0=0 diffs=0
[Gate5 check] opt_step violations: t0=0 diffs=0 (expected_inc=16)
[Gate5 check] NaN masking: nan_on_skip=True finite_on_update=True
[Gate5 summary] mean_update_fraction=0.1474 final_executed_updates_mean=46.00
[Gate5 eval] done_count mean=100.0 CSR mean=0.0000 len_end_mean=26.00
[Gate5 eval] episodes_per_env=4 T_eval=104
[Gate5 eval-debug] locked_eps_occ=0.20 pre(step25): dbar_end=0.515267 occupied_end_mean=0.360000 max_tilde_end_mean=0.747763 CSR@locked=0.000000
[Gate5 eval-debug] locked_eps_occ=0.20 post(step26): dbar_end=0.515352 occupied_end_mean=0.350000 max_tilde_end_mean=0.748074 CSR@locked=0.000000
[Gate5 eval-debug] CSR_pre@0.10=0.0000 CSR_pre@0.15=0.0000 CSR_pre@0.20=0.0000 CSR_pre@0.25=0.0000 CSR_pre@0.30=0.0300
[Gate5 eval-debug] CSR_post@0.10=0.0000 CSR_post@0.15=0.0000 CSR_post@0.20=0.0000 CSR_post@0.25=0.0100 CSR_post@0.30=0.0100
