Importing submoduled environments...
Submoduled environments not found. Skipping import.
[upd 0] u=1 upd_ctr=1 opt_step=16 E=0.008 g=0.083 VarTD=0.159821 ret_end=-27.605 dbar_end=0.794 occ_end=0.110 CSR_train=0.000 done_count=100
[upd 10] u=0 upd_ctr=1 opt_step=16 E=0.098 g=0.089 VarTD=0.166459 ret_end=-27.505 dbar_end=0.772 occ_end=0.192 CSR_train=0.000 done_count=125
[upd 20] u=0 upd_ctr=1 opt_step=16 E=0.187 g=0.091 VarTD=0.173849 ret_end=-27.263 dbar_end=0.763 occ_end=0.144 CSR_train=0.000 done_count=125
[upd 30] u=0 upd_ctr=1 opt_step=16 E=0.276 g=0.097 VarTD=0.162997 ret_end=-26.951 dbar_end=0.742 occ_end=0.152 CSR_train=0.008 done_count=125
[upd 40] u=0 upd_ctr=1 opt_step=16 E=0.363 g=0.090 VarTD=0.155795 ret_end=-27.761 dbar_end=0.767 occ_end=0.168 CSR_train=0.000 done_count=125
[upd 50] u=0 upd_ctr=1 opt_step=16 E=0.454 g=0.079 VarTD=0.167100 ret_end=-28.643 dbar_end=0.810 occ_end=0.120 CSR_train=0.000 done_count=125
[upd 60] u=0 upd_ctr=1 opt_step=16 E=0.543 g=0.083 VarTD=0.160219 ret_end=-28.190 dbar_end=0.794 occ_end=0.128 CSR_train=0.000 done_count=125
[upd 70] u=0 upd_ctr=1 opt_step=16 E=0.633 g=0.095 VarTD=0.159793 ret_end=-27.127 dbar_end=0.749 occ_end=0.152 CSR_train=0.000 done_count=125
[upd 80] u=0 upd_ctr=1 opt_step=16 E=0.725 g=0.088 VarTD=0.164075 ret_end=-27.745 dbar_end=0.776 occ_end=0.160 CSR_train=0.000 done_count=125
[upd 90] u=0 upd_ctr=1 opt_step=16 E=0.817 g=0.107 VarTD=0.170119 ret_end=-26.892 dbar_end=0.711 occ_end=0.184 CSR_train=0.000 done_count=125
[upd 100] u=0 upd_ctr=1 opt_step=16 E=0.909 g=0.083 VarTD=0.179555 ret_end=-28.821 dbar_end=0.792 occ_end=0.112 CSR_train=0.000 done_count=125
[upd 110] u=0 upd_ctr=1 opt_step=16 E=1.000 g=0.097 VarTD=0.185158 ret_end=-26.708 dbar_end=0.744 occ_end=0.120 CSR_train=0.000 done_count=125
[upd 120] u=0 upd_ctr=2 opt_step=32 E=0.095 g=0.093 VarTD=0.139519 ret_end=-26.983 dbar_end=0.755 occ_end=0.128 CSR_train=0.000 done_count=125
[upd 130] u=0 upd_ctr=2 opt_step=32 E=0.192 g=0.095 VarTD=0.181053 ret_end=-27.295 dbar_end=0.749 occ_end=0.100 CSR_train=0.000 done_count=100
[upd 140] u=0 upd_ctr=2 opt_step=32 E=0.287 g=0.101 VarTD=0.160067 ret_end=-27.465 dbar_end=0.731 occ_end=0.184 CSR_train=0.000 done_count=125
[upd 150] u=0 upd_ctr=2 opt_step=32 E=0.381 g=0.100 VarTD=0.159851 ret_end=-27.490 dbar_end=0.732 occ_end=0.176 CSR_train=0.000 done_count=125
[upd 160] u=0 upd_ctr=2 opt_step=32 E=0.478 g=0.101 VarTD=0.172743 ret_end=-27.017 dbar_end=0.731 occ_end=0.160 CSR_train=0.000 done_count=125
[upd 170] u=0 upd_ctr=2 opt_step=32 E=0.572 g=0.093 VarTD=0.171102 ret_end=-27.414 dbar_end=0.757 occ_end=0.184 CSR_train=0.000 done_count=125
[upd 180] u=0 upd_ctr=2 opt_step=32 E=0.664 g=0.083 VarTD=0.183703 ret_end=-28.040 dbar_end=0.793 occ_end=0.128 CSR_train=0.000 done_count=125
[upd 190] u=0 upd_ctr=2 opt_step=32 E=0.760 g=0.091 VarTD=0.179509 ret_end=-28.083 dbar_end=0.763 occ_end=0.112 CSR_train=0.000 done_count=125
[upd 200] u=0 upd_ctr=2 opt_step=32 E=0.855 g=0.092 VarTD=0.180100 ret_end=-27.217 dbar_end=0.760 occ_end=0.112 CSR_train=0.000 done_count=125
[upd 210] u=0 upd_ctr=2 opt_step=32 E=0.949 g=0.093 VarTD=0.159633 ret_end=-28.135 dbar_end=0.756 occ_end=0.192 CSR_train=0.008 done_count=125
[upd 220] u=0 upd_ctr=3 opt_step=48 E=0.040 g=0.106 VarTD=0.152765 ret_end=-26.505 dbar_end=0.714 occ_end=0.160 CSR_train=0.000 done_count=125
[upd 230] u=0 upd_ctr=3 opt_step=48 E=0.138 g=0.098 VarTD=0.168066 ret_end=-28.389 dbar_end=0.739 occ_end=0.168 CSR_train=0.000 done_count=125
[upd 240] u=0 upd_ctr=3 opt_step=48 E=0.235 g=0.090 VarTD=0.167377 ret_end=-27.612 dbar_end=0.768 occ_end=0.136 CSR_train=0.000 done_count=125
[upd 250] u=0 upd_ctr=3 opt_step=48 E=0.331 g=0.091 VarTD=0.170683 ret_end=-28.351 dbar_end=0.762 occ_end=0.128 CSR_train=0.000 done_count=125
[upd 260] u=0 upd_ctr=3 opt_step=48 E=0.429 g=0.110 VarTD=0.154506 ret_end=-26.517 dbar_end=0.704 occ_end=0.200 CSR_train=0.000 done_count=100
[upd 270] u=0 upd_ctr=3 opt_step=48 E=0.530 g=0.099 VarTD=0.138437 ret_end=-26.308 dbar_end=0.736 occ_end=0.112 CSR_train=0.000 done_count=125
[upd 280] u=0 upd_ctr=3 opt_step=48 E=0.627 g=0.097 VarTD=0.156239 ret_end=-27.381 dbar_end=0.744 occ_end=0.112 CSR_train=0.000 done_count=125
[upd 290] u=0 upd_ctr=3 opt_step=48 E=0.724 g=0.098 VarTD=0.160801 ret_end=-27.765 dbar_end=0.738 occ_end=0.144 CSR_train=0.000 done_count=125
[upd 300] u=0 upd_ctr=3 opt_step=48 E=0.823 g=0.088 VarTD=0.154630 ret_end=-27.744 dbar_end=0.776 occ_end=0.120 CSR_train=0.000 done_count=125
[upd 310] u=0 upd_ctr=3 opt_step=48 E=0.925 g=0.094 VarTD=0.159382 ret_end=-26.662 dbar_end=0.752 occ_end=0.080 CSR_train=0.000 done_count=125
[Gate5 check] update_counter violations: t0=0 diffs=0
[Gate5 check] opt_step violations: t0=0 diffs=0 (expected_inc=16)
[Gate5 check] NaN masking: nan_on_skip=True finite_on_update=True
[Gate5 summary] mean_update_fraction=0.0096 final_executed_updates_mean=3.00
[Gate5 eval] done_count mean=100.0 CSR mean=0.0000 len_end_mean=26.00
[Gate5 eval] episodes_per_env=4 T_eval=104
[Gate5 eval-debug] locked_eps_occ=0.20 pre(step25): dbar_end=0.513861 occupied_end_mean=0.380000 max_tilde_end_mean=0.733532 CSR@locked=0.000000
[Gate5 eval-debug] locked_eps_occ=0.20 post(step26): dbar_end=0.517394 occupied_end_mean=0.340000 max_tilde_end_mean=0.741999 CSR@locked=0.000000
[Gate5 eval-debug] CSR_pre@0.10=0.0000 CSR_pre@0.15=0.0000 CSR_pre@0.20=0.0000 CSR_pre@0.25=0.0000 CSR_pre@0.30=0.0200
[Gate5 eval-debug] CSR_post@0.10=0.0000 CSR_post@0.15=0.0000 CSR_post@0.20=0.0000 CSR_post@0.25=0.0100 CSR_post@0.30=0.0200
