Importing submoduled environments...
Submoduled environments not found. Skipping import.
[upd 0] u=0 upd_ctr=0 opt_step=0 E=1.000 g=0.088 VarTD=0.137352 ret_end=-28.134 dbar_end=0.773 occ_end=0.220 CSR_train=0.000 done_count=100
[upd 10] u=0 upd_ctr=0 opt_step=0 E=1.000 g=0.088 VarTD=0.166306 ret_end=-28.681 dbar_end=0.773 occ_end=0.200 CSR_train=0.000 done_count=125
[upd 20] u=0 upd_ctr=0 opt_step=0 E=1.000 g=0.101 VarTD=0.137568 ret_end=-26.871 dbar_end=0.730 occ_end=0.224 CSR_train=0.000 done_count=125
[upd 30] u=0 upd_ctr=0 opt_step=0 E=1.000 g=0.085 VarTD=0.171222 ret_end=-27.974 dbar_end=0.784 occ_end=0.200 CSR_train=0.000 done_count=125
[upd 40] u=0 upd_ctr=0 opt_step=0 E=1.000 g=0.089 VarTD=0.136609 ret_end=-27.686 dbar_end=0.769 occ_end=0.136 CSR_train=0.000 done_count=125
[upd 50] u=0 upd_ctr=0 opt_step=0 E=1.000 g=0.085 VarTD=0.178833 ret_end=-28.267 dbar_end=0.786 occ_end=0.192 CSR_train=0.000 done_count=125
[upd 60] u=0 upd_ctr=0 opt_step=0 E=1.000 g=0.087 VarTD=0.158684 ret_end=-28.218 dbar_end=0.778 occ_end=0.136 CSR_train=0.000 done_count=125
[upd 70] u=0 upd_ctr=0 opt_step=0 E=1.000 g=0.080 VarTD=0.171090 ret_end=-28.187 dbar_end=0.803 occ_end=0.168 CSR_train=0.000 done_count=125
[upd 80] u=0 upd_ctr=0 opt_step=0 E=1.000 g=0.087 VarTD=0.125254 ret_end=-26.308 dbar_end=0.780 occ_end=0.144 CSR_train=0.000 done_count=125
[upd 90] u=0 upd_ctr=0 opt_step=0 E=1.000 g=0.099 VarTD=0.157687 ret_end=-27.003 dbar_end=0.737 occ_end=0.208 CSR_train=0.000 done_count=125
[upd 100] u=0 upd_ctr=0 opt_step=0 E=1.000 g=0.092 VarTD=0.157738 ret_end=-27.010 dbar_end=0.762 occ_end=0.168 CSR_train=0.000 done_count=125
[upd 110] u=0 upd_ctr=0 opt_step=0 E=1.000 g=0.095 VarTD=0.141919 ret_end=-25.910 dbar_end=0.751 occ_end=0.128 CSR_train=0.000 done_count=125
[upd 120] u=0 upd_ctr=0 opt_step=0 E=1.000 g=0.083 VarTD=0.151803 ret_end=-28.230 dbar_end=0.794 occ_end=0.120 CSR_train=0.000 done_count=125
[Gate5 check] update_counter violations: t0=0 diffs=0
[Gate5 check] opt_step violations: t0=0 diffs=0 (expected_inc=16)
[Gate5 check] NaN masking: nan_on_skip=True finite_on_update=True
[Gate5 summary] mean_update_fraction=0.0000 final_executed_updates_mean=0.00
[Gate5 eval] done_count mean=100.0 CSR mean=0.0000 len_end_mean=26.00
[Gate5 eval] episodes_per_env=4 T_eval=104
[Gate5 eval-debug] locked_eps_occ=0.20 pre(step25): dbar_end=1.611586 occupied_end_mean=0.070000 max_tilde_end_mean=2.042196 CSR@locked=0.000000
[Gate5 eval-debug] locked_eps_occ=0.20 post(step26): dbar_end=1.674736 occupied_end_mean=0.060000 max_tilde_end_mean=2.107031 CSR@locked=0.000000
[Gate5 eval-debug] CSR_pre@0.10=0.0000 CSR_pre@0.15=0.0000 CSR_pre@0.20=0.0000 CSR_pre@0.25=0.0000 CSR_pre@0.30=0.0000
[Gate5 eval-debug] CSR_post@0.10=0.0000 CSR_post@0.15=0.0000 CSR_post@0.20=0.0000 CSR_post@0.25=0.0000 CSR_post@0.30=0.0000
