Importing submoduled environments...
Submoduled environments not found. Skipping import.
[upd 0] u=1 upd_ctr=1 opt_step=16 E=0.058 g=0.097 VarTD=0.135831 ret_end=-26.760 dbar_end=0.743 occ_end=0.210 CSR_train=0.000 done_count=100
[upd 10] u=0 upd_ctr=1 opt_step=16 E=0.627 g=0.103 VarTD=0.167736 ret_end=-26.060 dbar_end=0.724 occ_end=0.152 CSR_train=0.000 done_count=125
[upd 20] u=0 upd_ctr=2 opt_step=32 E=0.174 g=0.088 VarTD=0.157734 ret_end=-27.362 dbar_end=0.775 occ_end=0.160 CSR_train=0.000 done_count=125
[upd 30] u=0 upd_ctr=2 opt_step=32 E=0.751 g=0.100 VarTD=0.191367 ret_end=-26.626 dbar_end=0.733 occ_end=0.168 CSR_train=0.000 done_count=125
[upd 40] u=0 upd_ctr=3 opt_step=48 E=0.318 g=0.107 VarTD=0.136490 ret_end=-26.299 dbar_end=0.711 occ_end=0.160 CSR_train=0.000 done_count=125
[upd 50] u=0 upd_ctr=3 opt_step=48 E=0.950 g=0.097 VarTD=0.151775 ret_end=-26.867 dbar_end=0.743 occ_end=0.112 CSR_train=0.000 done_count=125
[upd 60] u=0 upd_ctr=4 opt_step=64 E=0.578 g=0.100 VarTD=0.141503 ret_end=-27.555 dbar_end=0.734 occ_end=0.208 CSR_train=0.000 done_count=125
[upd 70] u=0 upd_ctr=5 opt_step=80 E=0.206 g=0.109 VarTD=0.130493 ret_end=-26.605 dbar_end=0.707 occ_end=0.152 CSR_train=0.000 done_count=125
[upd 80] u=0 upd_ctr=5 opt_step=80 E=0.895 g=0.116 VarTD=0.123246 ret_end=-26.081 dbar_end=0.686 occ_end=0.272 CSR_train=0.000 done_count=125
[upd 90] u=0 upd_ctr=6 opt_step=96 E=0.532 g=0.110 VarTD=0.120451 ret_end=-26.753 dbar_end=0.704 occ_end=0.144 CSR_train=0.000 done_count=125
[upd 100] u=0 upd_ctr=7 opt_step=112 E=0.131 g=0.107 VarTD=0.148658 ret_end=-26.737 dbar_end=0.712 occ_end=0.168 CSR_train=0.000 done_count=125
[upd 110] u=0 upd_ctr=7 opt_step=112 E=0.835 g=0.134 VarTD=0.145611 ret_end=-24.662 dbar_end=0.641 occ_end=0.304 CSR_train=0.000 done_count=125
[upd 120] u=0 upd_ctr=8 opt_step=128 E=0.515 g=0.126 VarTD=0.141374 ret_end=-25.263 dbar_end=0.660 occ_end=0.224 CSR_train=0.000 done_count=125
[Gate5 check] update_counter violations: t0=0 diffs=0
[Gate5 check] opt_step violations: t0=0 diffs=0 (expected_inc=16)
[Gate5 check] NaN masking: nan_on_skip=True finite_on_update=True
[Gate5 summary] mean_update_fraction=0.0640 final_executed_updates_mean=8.00
[Gate5 eval] done_count mean=100.0 CSR mean=0.0000 len_end_mean=26.00
[Gate5 eval] episodes_per_env=4 T_eval=104
[Gate5 eval-debug] locked_eps_occ=0.20 pre(step25): dbar_end=0.493093 occupied_end_mean=0.460000 max_tilde_end_mean=0.731834 CSR@locked=0.000000
[Gate5 eval-debug] locked_eps_occ=0.20 post(step26): dbar_end=0.498742 occupied_end_mean=0.430000 max_tilde_end_mean=0.733546 CSR@locked=0.000000
[Gate5 eval-debug] CSR_pre@0.10=0.0000 CSR_pre@0.15=0.0000 CSR_pre@0.20=0.0000 CSR_pre@0.25=0.0200 CSR_pre@0.30=0.0300
[Gate5 eval-debug] CSR_post@0.10=0.0000 CSR_post@0.15=0.0000 CSR_post@0.20=0.0000 CSR_post@0.25=0.0000 CSR_post@0.30=0.0300
