Importing submoduled environments...
Submoduled environments not found. Skipping import.
[upd 0] u=1 upd_ctr=1 opt_step=16 E=0.136 g=0.089 VarTD=0.203202 ret_end=-28.238 dbar_end=0.769 occ_end=0.170 CSR_train=0.000 done_count=100
[upd 10] u=0 upd_ctr=1 opt_step=16 E=0.516 g=0.094 VarTD=0.178732 ret_end=-27.407 dbar_end=0.753 occ_end=0.200 CSR_train=0.000 done_count=125
[upd 20] u=0 upd_ctr=1 opt_step=16 E=0.888 g=0.089 VarTD=0.146078 ret_end=-28.353 dbar_end=0.769 occ_end=0.176 CSR_train=0.000 done_count=125
[upd 30] u=0 upd_ctr=2 opt_step=32 E=0.359 g=0.099 VarTD=0.157200 ret_end=-27.315 dbar_end=0.737 occ_end=0.224 CSR_train=0.000 done_count=125
[upd 40] u=0 upd_ctr=2 opt_step=32 E=0.763 g=0.105 VarTD=0.147581 ret_end=-26.199 dbar_end=0.718 occ_end=0.192 CSR_train=0.000 done_count=125
[upd 50] u=0 upd_ctr=3 opt_step=48 E=0.277 g=0.099 VarTD=0.170757 ret_end=-26.744 dbar_end=0.738 occ_end=0.088 CSR_train=0.000 done_count=125
[upd 60] u=0 upd_ctr=3 opt_step=48 E=0.684 g=0.104 VarTD=0.145179 ret_end=-26.975 dbar_end=0.719 occ_end=0.144 CSR_train=0.000 done_count=125
[upd 70] u=0 upd_ctr=4 opt_step=64 E=0.210 g=0.101 VarTD=0.149884 ret_end=-26.859 dbar_end=0.729 occ_end=0.200 CSR_train=0.000 done_count=125
[upd 80] u=0 upd_ctr=4 opt_step=64 E=0.632 g=0.107 VarTD=0.155831 ret_end=-25.676 dbar_end=0.713 occ_end=0.176 CSR_train=0.000 done_count=125
[upd 90] u=0 upd_ctr=5 opt_step=80 E=0.167 g=0.125 VarTD=0.141390 ret_end=-25.580 dbar_end=0.663 occ_end=0.168 CSR_train=0.000 done_count=125
[upd 100] u=0 upd_ctr=5 opt_step=80 E=0.593 g=0.098 VarTD=0.152821 ret_end=-27.665 dbar_end=0.738 occ_end=0.168 CSR_train=0.000 done_count=125
[upd 110] u=0 upd_ctr=6 opt_step=96 E=0.124 g=0.108 VarTD=0.144445 ret_end=-26.628 dbar_end=0.710 occ_end=0.232 CSR_train=0.000 done_count=125
[upd 120] u=0 upd_ctr=6 opt_step=96 E=0.581 g=0.117 VarTD=0.156708 ret_end=-26.291 dbar_end=0.684 occ_end=0.232 CSR_train=0.000 done_count=125
[Gate5 check] update_counter violations: t0=0 diffs=0
[Gate5 check] opt_step violations: t0=0 diffs=0 (expected_inc=16)
[Gate5 check] NaN masking: nan_on_skip=True finite_on_update=True
[Gate5 summary] mean_update_fraction=0.0480 final_executed_updates_mean=6.00
[Gate5 eval] done_count mean=100.0 CSR mean=0.0100 len_end_mean=26.00
[Gate5 eval] episodes_per_env=4 T_eval=104
[Gate5 eval-debug] locked_eps_occ=0.20 pre(step25): dbar_end=0.476267 occupied_end_mean=0.400000 max_tilde_end_mean=0.692767 CSR@locked=0.000000
[Gate5 eval-debug] locked_eps_occ=0.20 post(step26): dbar_end=0.471413 occupied_end_mean=0.440000 max_tilde_end_mean=0.692967 CSR@locked=0.010000
[Gate5 eval-debug] CSR_pre@0.10=0.0000 CSR_pre@0.15=0.0000 CSR_pre@0.20=0.0000 CSR_pre@0.25=0.0100 CSR_pre@0.30=0.0300
[Gate5 eval-debug] CSR_post@0.10=0.0000 CSR_post@0.15=0.0000 CSR_post@0.20=0.0100 CSR_post@0.25=0.0100 CSR_post@0.30=0.0300
