Importing submoduled environments...
Submoduled environments not found. Skipping import.
[upd 0] u=1 upd_ctr=1 opt_step=16 E=0.058 g=0.096 VarTD=0.126111 ret_end=-26.492 dbar_end=0.745 occ_end=0.140 CSR_train=0.000 done_count=100
[upd 10] u=0 upd_ctr=1 opt_step=16 E=0.618 g=0.101 VarTD=0.147310 ret_end=-26.592 dbar_end=0.729 occ_end=0.144 CSR_train=0.000 done_count=125
[upd 20] u=0 upd_ctr=2 opt_step=32 E=0.175 g=0.094 VarTD=0.148189 ret_end=-27.376 dbar_end=0.753 occ_end=0.128 CSR_train=0.000 done_count=125
[upd 30] u=0 upd_ctr=2 opt_step=32 E=0.775 g=0.108 VarTD=0.131940 ret_end=-25.598 dbar_end=0.709 occ_end=0.144 CSR_train=0.000 done_count=125
[upd 40] u=0 upd_ctr=3 opt_step=48 E=0.382 g=0.116 VarTD=0.119737 ret_end=-25.514 dbar_end=0.685 occ_end=0.152 CSR_train=0.000 done_count=125
[upd 50] u=0 upd_ctr=3 opt_step=48 E=0.998 g=0.097 VarTD=0.162973 ret_end=-27.764 dbar_end=0.744 occ_end=0.160 CSR_train=0.000 done_count=125
[upd 60] u=0 upd_ctr=4 opt_step=64 E=0.546 g=0.109 VarTD=0.140401 ret_end=-26.339 dbar_end=0.707 occ_end=0.120 CSR_train=0.000 done_count=125
[upd 70] u=0 upd_ctr=5 opt_step=80 E=0.122 g=0.099 VarTD=0.134082 ret_end=-27.208 dbar_end=0.737 occ_end=0.120 CSR_train=0.000 done_count=125
[upd 80] u=0 upd_ctr=5 opt_step=80 E=0.756 g=0.103 VarTD=0.157278 ret_end=-26.663 dbar_end=0.725 occ_end=0.200 CSR_train=0.000 done_count=125
[upd 90] u=0 upd_ctr=6 opt_step=96 E=0.404 g=0.122 VarTD=0.145188 ret_end=-26.288 dbar_end=0.671 occ_end=0.256 CSR_train=0.000 done_count=125
[upd 100] u=1 upd_ctr=7 opt_step=112 E=0.075 g=0.124 VarTD=0.148274 ret_end=-25.942 dbar_end=0.664 occ_end=0.208 CSR_train=0.000 done_count=125
[upd 110] u=0 upd_ctr=7 opt_step=112 E=0.811 g=0.136 VarTD=0.146225 ret_end=-25.705 dbar_end=0.636 occ_end=0.200 CSR_train=0.000 done_count=125
[upd 120] u=0 upd_ctr=8 opt_step=128 E=0.511 g=0.121 VarTD=0.178551 ret_end=-26.933 dbar_end=0.672 occ_end=0.232 CSR_train=0.000 done_count=125
[Gate5 check] update_counter violations: t0=0 diffs=0
[Gate5 check] opt_step violations: t0=0 diffs=0 (expected_inc=16)
[Gate5 check] NaN masking: nan_on_skip=True finite_on_update=True
[Gate5 summary] mean_update_fraction=0.0640 final_executed_updates_mean=8.00
[Gate5 eval] done_count mean=100.0 CSR mean=0.0000 len_end_mean=26.00
[Gate5 eval] episodes_per_env=4 T_eval=104
[Gate5 eval-debug] locked_eps_occ=0.20 pre(step25): dbar_end=0.506780 occupied_end_mean=0.410000 max_tilde_end_mean=0.734113 CSR@locked=0.010000
[Gate5 eval-debug] locked_eps_occ=0.20 post(step26): dbar_end=0.498160 occupied_end_mean=0.390000 max_tilde_end_mean=0.737507 CSR@locked=0.000000
[Gate5 eval-debug] CSR_pre@0.10=0.0000 CSR_pre@0.15=0.0000 CSR_pre@0.20=0.0100 CSR_pre@0.25=0.0100 CSR_pre@0.30=0.0100
[Gate5 eval-debug] CSR_post@0.10=0.0000 CSR_post@0.15=0.0000 CSR_post@0.20=0.0000 CSR_post@0.25=0.0000 CSR_post@0.30=0.0100
