Importing submoduled environments...
Submoduled environments not found. Skipping import.
[upd 0] u=1 upd_ctr=1 opt_step=16 E=0.109 g=0.091 VarTD=0.177780 ret_end=-27.116 dbar_end=0.762 occ_end=0.220 CSR_train=0.000 done_count=100
[upd 10] u=0 upd_ctr=1 opt_step=16 E=0.200 g=0.084 VarTD=0.168711 ret_end=-27.749 dbar_end=0.791 occ_end=0.120 CSR_train=0.000 done_count=125
[upd 20] u=0 upd_ctr=1 opt_step=16 E=0.296 g=0.094 VarTD=0.155229 ret_end=-27.163 dbar_end=0.752 occ_end=0.168 CSR_train=0.000 done_count=125
[upd 30] u=0 upd_ctr=1 opt_step=16 E=0.394 g=0.090 VarTD=0.181625 ret_end=-27.853 dbar_end=0.767 occ_end=0.136 CSR_train=0.000 done_count=125
[upd 40] u=0 upd_ctr=1 opt_step=16 E=0.487 g=0.093 VarTD=0.156924 ret_end=-27.552 dbar_end=0.755 occ_end=0.160 CSR_train=0.000 done_count=125
[upd 50] u=0 upd_ctr=1 opt_step=16 E=0.583 g=0.107 VarTD=0.146840 ret_end=-25.810 dbar_end=0.712 occ_end=0.160 CSR_train=0.000 done_count=125
[upd 60] u=0 upd_ctr=1 opt_step=16 E=0.675 g=0.085 VarTD=0.185413 ret_end=-27.569 dbar_end=0.785 occ_end=0.096 CSR_train=0.000 done_count=125
[upd 70] u=0 upd_ctr=1 opt_step=16 E=0.770 g=0.090 VarTD=0.163196 ret_end=-27.563 dbar_end=0.768 occ_end=0.176 CSR_train=0.008 done_count=125
[upd 80] u=0 upd_ctr=1 opt_step=16 E=0.862 g=0.105 VarTD=0.146970 ret_end=-26.668 dbar_end=0.718 occ_end=0.120 CSR_train=0.000 done_count=125
[upd 90] u=0 upd_ctr=2 opt_step=32 E=0.059 g=0.100 VarTD=0.159221 ret_end=-27.110 dbar_end=0.734 occ_end=0.152 CSR_train=0.000 done_count=125
[upd 100] u=0 upd_ctr=2 opt_step=32 E=0.161 g=0.110 VarTD=0.152267 ret_end=-26.241 dbar_end=0.703 occ_end=0.200 CSR_train=0.000 done_count=125
[upd 110] u=0 upd_ctr=2 opt_step=32 E=0.257 g=0.098 VarTD=0.147469 ret_end=-26.502 dbar_end=0.740 occ_end=0.096 CSR_train=0.000 done_count=125
[upd 120] u=0 upd_ctr=2 opt_step=32 E=0.351 g=0.083 VarTD=0.178272 ret_end=-27.722 dbar_end=0.791 occ_end=0.128 CSR_train=0.000 done_count=125
[upd 130] u=0 upd_ctr=2 opt_step=32 E=0.445 g=0.100 VarTD=0.162712 ret_end=-25.835 dbar_end=0.734 occ_end=0.150 CSR_train=0.000 done_count=100
[upd 140] u=0 upd_ctr=2 opt_step=32 E=0.541 g=0.102 VarTD=0.200349 ret_end=-26.642 dbar_end=0.727 occ_end=0.224 CSR_train=0.000 done_count=125
[upd 150] u=0 upd_ctr=2 opt_step=32 E=0.640 g=0.100 VarTD=0.152970 ret_end=-26.256 dbar_end=0.734 occ_end=0.176 CSR_train=0.000 done_count=125
[upd 160] u=0 upd_ctr=2 opt_step=32 E=0.735 g=0.089 VarTD=0.162256 ret_end=-28.156 dbar_end=0.771 occ_end=0.184 CSR_train=0.000 done_count=125
[upd 170] u=0 upd_ctr=2 opt_step=32 E=0.830 g=0.090 VarTD=0.172867 ret_end=-27.205 dbar_end=0.766 occ_end=0.144 CSR_train=0.000 done_count=125
[upd 180] u=0 upd_ctr=3 opt_step=48 E=0.028 g=0.101 VarTD=0.131312 ret_end=-26.839 dbar_end=0.729 occ_end=0.152 CSR_train=0.008 done_count=125
[upd 190] u=0 upd_ctr=3 opt_step=48 E=0.125 g=0.088 VarTD=0.190284 ret_end=-28.830 dbar_end=0.776 occ_end=0.128 CSR_train=0.008 done_count=125
[upd 200] u=0 upd_ctr=3 opt_step=48 E=0.224 g=0.100 VarTD=0.161015 ret_end=-26.468 dbar_end=0.735 occ_end=0.128 CSR_train=0.000 done_count=125
[upd 210] u=0 upd_ctr=3 opt_step=48 E=0.323 g=0.094 VarTD=0.177128 ret_end=-26.688 dbar_end=0.752 occ_end=0.136 CSR_train=0.000 done_count=125
[upd 220] u=0 upd_ctr=3 opt_step=48 E=0.418 g=0.089 VarTD=0.140318 ret_end=-26.623 dbar_end=0.770 occ_end=0.136 CSR_train=0.000 done_count=125
[upd 230] u=0 upd_ctr=3 opt_step=48 E=0.522 g=0.100 VarTD=0.151532 ret_end=-27.245 dbar_end=0.734 occ_end=0.192 CSR_train=0.000 done_count=125
[upd 240] u=0 upd_ctr=3 opt_step=48 E=0.619 g=0.095 VarTD=0.160121 ret_end=-28.027 dbar_end=0.750 occ_end=0.232 CSR_train=0.000 done_count=125
[upd 250] u=0 upd_ctr=3 opt_step=48 E=0.720 g=0.104 VarTD=0.161270 ret_end=-27.484 dbar_end=0.722 occ_end=0.192 CSR_train=0.000 done_count=125
[upd 260] u=0 upd_ctr=3 opt_step=48 E=0.823 g=0.112 VarTD=0.132177 ret_end=-25.184 dbar_end=0.698 occ_end=0.140 CSR_train=0.000 done_count=100
[upd 270] u=1 upd_ctr=4 opt_step=64 E=0.018 g=0.093 VarTD=0.153082 ret_end=-27.476 dbar_end=0.755 occ_end=0.152 CSR_train=0.000 done_count=125
[upd 280] u=0 upd_ctr=4 opt_step=64 E=0.121 g=0.105 VarTD=0.168991 ret_end=-28.261 dbar_end=0.718 occ_end=0.168 CSR_train=0.000 done_count=125
[upd 290] u=0 upd_ctr=4 opt_step=64 E=0.225 g=0.124 VarTD=0.154968 ret_end=-25.358 dbar_end=0.666 occ_end=0.224 CSR_train=0.000 done_count=125
[upd 300] u=0 upd_ctr=4 opt_step=64 E=0.322 g=0.090 VarTD=0.174462 ret_end=-27.431 dbar_end=0.767 occ_end=0.136 CSR_train=0.000 done_count=125
[upd 310] u=0 upd_ctr=4 opt_step=64 E=0.421 g=0.094 VarTD=0.168511 ret_end=-28.265 dbar_end=0.752 occ_end=0.184 CSR_train=0.000 done_count=125
[Gate5 check] update_counter violations: t0=0 diffs=0
[Gate5 check] opt_step violations: t0=0 diffs=0 (expected_inc=16)
[Gate5 check] NaN masking: nan_on_skip=True finite_on_update=True
[Gate5 summary] mean_update_fraction=0.0128 final_executed_updates_mean=4.00
[Gate5 eval] done_count mean=100.0 CSR mean=0.0000 len_end_mean=26.00
[Gate5 eval] episodes_per_env=4 T_eval=104
[Gate5 eval-debug] locked_eps_occ=0.20 pre(step25): dbar_end=1.046458 occupied_end_mean=0.140000 max_tilde_end_mean=1.460307 CSR@locked=0.000000
[Gate5 eval-debug] locked_eps_occ=0.20 post(step26): dbar_end=1.072770 occupied_end_mean=0.110000 max_tilde_end_mean=1.491076 CSR@locked=0.000000
[Gate5 eval-debug] CSR_pre@0.10=0.0000 CSR_pre@0.15=0.0000 CSR_pre@0.20=0.0000 CSR_pre@0.25=0.0000 CSR_pre@0.30=0.0000
[Gate5 eval-debug] CSR_post@0.10=0.0000 CSR_post@0.15=0.0000 CSR_post@0.20=0.0000 CSR_post@0.25=0.0000 CSR_post@0.30=0.0000
