Importing submoduled environments...
Submoduled environments not found. Skipping import.
[upd 0] u=1 upd_ctr=1 opt_step=16 E=0.069 g=0.096 VarTD=0.159541 ret_end=-27.424 dbar_end=0.745 occ_end=0.200 CSR_train=0.000 done_count=100
[upd 10] u=0 upd_ctr=1 opt_step=16 E=0.249 g=0.095 VarTD=0.132747 ret_end=-26.853 dbar_end=0.750 occ_end=0.208 CSR_train=0.000 done_count=125
[upd 20] u=0 upd_ctr=1 opt_step=16 E=0.438 g=0.103 VarTD=0.168812 ret_end=-26.447 dbar_end=0.725 occ_end=0.168 CSR_train=0.000 done_count=125
[upd 30] u=0 upd_ctr=1 opt_step=16 E=0.624 g=0.086 VarTD=0.167917 ret_end=-28.095 dbar_end=0.783 occ_end=0.176 CSR_train=0.000 done_count=125
[upd 40] u=0 upd_ctr=1 opt_step=16 E=0.799 g=0.094 VarTD=0.153748 ret_end=-27.500 dbar_end=0.754 occ_end=0.168 CSR_train=0.000 done_count=125
[upd 50] u=1 upd_ctr=2 opt_step=32 E=0.034 g=0.102 VarTD=0.164851 ret_end=-27.219 dbar_end=0.726 occ_end=0.208 CSR_train=0.000 done_count=125
[upd 60] u=0 upd_ctr=2 opt_step=32 E=0.223 g=0.101 VarTD=0.166480 ret_end=-26.847 dbar_end=0.730 occ_end=0.160 CSR_train=0.000 done_count=125
[upd 70] u=0 upd_ctr=2 opt_step=32 E=0.411 g=0.090 VarTD=0.170657 ret_end=-28.076 dbar_end=0.767 occ_end=0.128 CSR_train=0.000 done_count=125
[upd 80] u=0 upd_ctr=2 opt_step=32 E=0.605 g=0.094 VarTD=0.156787 ret_end=-27.163 dbar_end=0.751 occ_end=0.152 CSR_train=0.000 done_count=125
[upd 90] u=0 upd_ctr=2 opt_step=32 E=0.796 g=0.092 VarTD=0.148094 ret_end=-27.258 dbar_end=0.759 occ_end=0.144 CSR_train=0.008 done_count=125
[upd 100] u=1 upd_ctr=3 opt_step=48 E=0.032 g=0.102 VarTD=0.135585 ret_end=-27.082 dbar_end=0.727 occ_end=0.184 CSR_train=0.000 done_count=125
[upd 110] u=0 upd_ctr=3 opt_step=48 E=0.233 g=0.099 VarTD=0.137857 ret_end=-26.827 dbar_end=0.737 occ_end=0.112 CSR_train=0.000 done_count=125
[upd 120] u=0 upd_ctr=3 opt_step=48 E=0.439 g=0.093 VarTD=0.152291 ret_end=-27.597 dbar_end=0.757 occ_end=0.216 CSR_train=0.000 done_count=125
[upd 130] u=0 upd_ctr=3 opt_step=48 E=0.644 g=0.112 VarTD=0.139487 ret_end=-26.158 dbar_end=0.697 occ_end=0.250 CSR_train=0.000 done_count=100
[upd 140] u=0 upd_ctr=3 opt_step=48 E=0.846 g=0.093 VarTD=0.163119 ret_end=-27.650 dbar_end=0.755 occ_end=0.088 CSR_train=0.000 done_count=125
[upd 150] u=0 upd_ctr=4 opt_step=64 E=0.109 g=0.104 VarTD=0.154376 ret_end=-26.526 dbar_end=0.722 occ_end=0.224 CSR_train=0.000 done_count=125
[upd 160] u=0 upd_ctr=4 opt_step=64 E=0.316 g=0.104 VarTD=0.153071 ret_end=-27.271 dbar_end=0.721 occ_end=0.176 CSR_train=0.000 done_count=125
[upd 170] u=0 upd_ctr=4 opt_step=64 E=0.530 g=0.104 VarTD=0.116209 ret_end=-26.083 dbar_end=0.720 occ_end=0.184 CSR_train=0.000 done_count=125
[upd 180] u=0 upd_ctr=4 opt_step=64 E=0.749 g=0.119 VarTD=0.154762 ret_end=-26.081 dbar_end=0.678 occ_end=0.208 CSR_train=0.000 done_count=125
[upd 190] u=0 upd_ctr=4 opt_step=64 E=0.962 g=0.111 VarTD=0.153587 ret_end=-25.797 dbar_end=0.701 occ_end=0.184 CSR_train=0.000 done_count=125
[upd 200] u=0 upd_ctr=5 opt_step=80 E=0.246 g=0.111 VarTD=0.150366 ret_end=-25.421 dbar_end=0.701 occ_end=0.256 CSR_train=0.000 done_count=125
[upd 210] u=0 upd_ctr=5 opt_step=80 E=0.481 g=0.110 VarTD=0.138906 ret_end=-26.610 dbar_end=0.704 occ_end=0.200 CSR_train=0.000 done_count=125
[upd 220] u=0 upd_ctr=5 opt_step=80 E=0.708 g=0.118 VarTD=0.168314 ret_end=-26.302 dbar_end=0.680 occ_end=0.184 CSR_train=0.000 done_count=125
[upd 230] u=0 upd_ctr=5 opt_step=80 E=0.940 g=0.112 VarTD=0.176988 ret_end=-26.173 dbar_end=0.697 occ_end=0.192 CSR_train=0.000 done_count=125
[upd 240] u=0 upd_ctr=6 opt_step=96 E=0.234 g=0.127 VarTD=0.147154 ret_end=-25.417 dbar_end=0.657 occ_end=0.168 CSR_train=0.000 done_count=125
[upd 250] u=0 upd_ctr=6 opt_step=96 E=0.484 g=0.118 VarTD=0.151858 ret_end=-26.705 dbar_end=0.680 occ_end=0.160 CSR_train=0.000 done_count=125
[upd 260] u=0 upd_ctr=6 opt_step=96 E=0.726 g=0.120 VarTD=0.159890 ret_end=-26.699 dbar_end=0.676 occ_end=0.250 CSR_train=0.000 done_count=100
[upd 270] u=1 upd_ctr=7 opt_step=112 E=0.023 g=0.113 VarTD=0.160651 ret_end=-27.067 dbar_end=0.693 occ_end=0.168 CSR_train=0.000 done_count=125
[upd 280] u=0 upd_ctr=7 opt_step=112 E=0.295 g=0.138 VarTD=0.149666 ret_end=-25.859 dbar_end=0.630 occ_end=0.200 CSR_train=0.000 done_count=125
[upd 290] u=0 upd_ctr=7 opt_step=112 E=0.550 g=0.119 VarTD=0.153051 ret_end=-26.258 dbar_end=0.677 occ_end=0.152 CSR_train=0.000 done_count=125
[upd 300] u=0 upd_ctr=7 opt_step=112 E=0.803 g=0.129 VarTD=0.166148 ret_end=-25.743 dbar_end=0.653 occ_end=0.232 CSR_train=0.000 done_count=125
[upd 310] u=0 upd_ctr=8 opt_step=128 E=0.105 g=0.133 VarTD=0.166449 ret_end=-25.860 dbar_end=0.642 occ_end=0.192 CSR_train=0.000 done_count=125
[Gate5 check] update_counter violations: t0=0 diffs=0
[Gate5 check] opt_step violations: t0=0 diffs=0 (expected_inc=16)
[Gate5 check] NaN masking: nan_on_skip=True finite_on_update=True
[Gate5 summary] mean_update_fraction=0.0256 final_executed_updates_mean=8.00
[Gate5 eval] done_count mean=100.0 CSR mean=0.0000 len_end_mean=26.00
[Gate5 eval] episodes_per_env=4 T_eval=104
[Gate5 eval-debug] locked_eps_occ=0.20 pre(step25): dbar_end=0.472979 occupied_end_mean=0.400000 max_tilde_end_mean=0.699788 CSR@locked=0.000000
[Gate5 eval-debug] locked_eps_occ=0.20 post(step26): dbar_end=0.473458 occupied_end_mean=0.390000 max_tilde_end_mean=0.706540 CSR@locked=0.000000
[Gate5 eval-debug] CSR_pre@0.10=0.0000 CSR_pre@0.15=0.0000 CSR_pre@0.20=0.0000 CSR_pre@0.25=0.0000 CSR_pre@0.30=0.0100
[Gate5 eval-debug] CSR_post@0.10=0.0000 CSR_post@0.15=0.0000 CSR_post@0.20=0.0000 CSR_post@0.25=0.0000 CSR_post@0.30=0.0300
