Importing submoduled environments...
Submoduled environments not found. Skipping import.
[upd 0] u=1 upd_ctr=1 opt_step=16 E=0.166 g=0.073 VarTD=0.176583 ret_end=-28.932 dbar_end=0.832 occ_end=0.120 CSR_train=0.000 done_count=100
[upd 10] u=1 upd_ctr=2 opt_step=32 E=0.077 g=0.084 VarTD=0.145375 ret_end=-27.822 dbar_end=0.789 occ_end=0.112 CSR_train=0.000 done_count=125
[upd 20] u=0 upd_ctr=2 opt_step=32 E=0.970 g=0.101 VarTD=0.139619 ret_end=-26.921 dbar_end=0.730 occ_end=0.176 CSR_train=0.000 done_count=125
[upd 30] u=0 upd_ctr=3 opt_step=48 E=0.958 g=0.108 VarTD=0.134627 ret_end=-25.625 dbar_end=0.710 occ_end=0.224 CSR_train=0.000 done_count=125
[upd 40] u=1 upd_ctr=5 opt_step=80 E=0.101 g=0.110 VarTD=0.160174 ret_end=-26.527 dbar_end=0.703 occ_end=0.224 CSR_train=0.000 done_count=125
[upd 50] u=0 upd_ctr=6 opt_step=96 E=0.215 g=0.111 VarTD=0.165004 ret_end=-26.815 dbar_end=0.699 occ_end=0.192 CSR_train=0.000 done_count=125
[upd 60] u=0 upd_ctr=7 opt_step=112 E=0.370 g=0.125 VarTD=0.122938 ret_end=-24.833 dbar_end=0.663 occ_end=0.160 CSR_train=0.000 done_count=125
[upd 70] u=0 upd_ctr=8 opt_step=128 E=0.584 g=0.131 VarTD=0.136606 ret_end=-25.044 dbar_end=0.647 occ_end=0.248 CSR_train=0.008 done_count=125
[upd 80] u=0 upd_ctr=9 opt_step=144 E=0.752 g=0.110 VarTD=0.159273 ret_end=-27.003 dbar_end=0.702 occ_end=0.208 CSR_train=0.000 done_count=125
[upd 90] u=0 upd_ctr=10 opt_step=160 E=0.976 g=0.113 VarTD=0.156593 ret_end=-26.540 dbar_end=0.693 occ_end=0.192 CSR_train=0.000 done_count=125
[upd 100] u=0 upd_ctr=12 opt_step=192 E=0.304 g=0.136 VarTD=0.193402 ret_end=-25.686 dbar_end=0.635 occ_end=0.208 CSR_train=0.000 done_count=125
[upd 110] u=0 upd_ctr=13 opt_step=208 E=0.518 g=0.139 VarTD=0.209431 ret_end=-24.725 dbar_end=0.628 occ_end=0.184 CSR_train=0.000 done_count=125
[upd 120] u=0 upd_ctr=14 opt_step=224 E=0.780 g=0.135 VarTD=0.224139 ret_end=-25.143 dbar_end=0.637 occ_end=0.208 CSR_train=0.000 done_count=125
[upd 130] u=1 upd_ctr=16 opt_step=256 E=0.179 g=0.141 VarTD=0.236255 ret_end=-24.359 dbar_end=0.623 occ_end=0.170 CSR_train=0.000 done_count=100
[upd 140] u=0 upd_ctr=17 opt_step=272 E=0.569 g=0.144 VarTD=0.395200 ret_end=-25.395 dbar_end=0.616 occ_end=0.296 CSR_train=0.000 done_count=125
[upd 150] u=0 upd_ctr=18 opt_step=288 E=0.991 g=0.140 VarTD=0.460495 ret_end=-25.564 dbar_end=0.627 occ_end=0.200 CSR_train=0.000 done_count=125
[upd 160] u=0 upd_ctr=20 opt_step=320 E=0.466 g=0.136 VarTD=0.621617 ret_end=-25.059 dbar_end=0.636 occ_end=0.288 CSR_train=0.000 done_count=125
[upd 170] u=0 upd_ctr=21 opt_step=336 E=0.908 g=0.155 VarTD=0.704003 ret_end=-24.689 dbar_end=0.594 occ_end=0.280 CSR_train=0.000 done_count=125
[upd 180] u=0 upd_ctr=23 opt_step=368 E=0.441 g=0.157 VarTD=0.854154 ret_end=-23.495 dbar_end=0.590 occ_end=0.288 CSR_train=0.000 done_count=125
[upd 190] u=0 upd_ctr=24 opt_step=384 E=0.904 g=0.141 VarTD=0.992361 ret_end=-25.448 dbar_end=0.624 occ_end=0.232 CSR_train=0.000 done_count=125
[upd 200] u=0 upd_ctr=26 opt_step=416 E=0.489 g=0.146 VarTD=1.302153 ret_end=-25.556 dbar_end=0.612 occ_end=0.256 CSR_train=0.000 done_count=125
[upd 210] u=0 upd_ctr=27 opt_step=432 E=0.996 g=0.155 VarTD=1.383920 ret_end=-24.713 dbar_end=0.593 occ_end=0.264 CSR_train=0.000 done_count=125
[upd 220] u=0 upd_ctr=29 opt_step=464 E=0.606 g=0.160 VarTD=1.713884 ret_end=-24.513 dbar_end=0.583 occ_end=0.248 CSR_train=0.000 done_count=125
[upd 230] u=0 upd_ctr=31 opt_step=496 E=0.282 g=0.157 VarTD=1.961780 ret_end=-24.168 dbar_end=0.590 occ_end=0.232 CSR_train=0.000 done_count=125
[upd 240] u=0 upd_ctr=32 opt_step=512 E=0.838 g=0.155 VarTD=2.161948 ret_end=-24.740 dbar_end=0.594 occ_end=0.224 CSR_train=0.000 done_count=125
[upd 250] u=0 upd_ctr=34 opt_step=544 E=0.485 g=0.150 VarTD=2.431815 ret_end=-24.578 dbar_end=0.604 occ_end=0.232 CSR_train=0.000 done_count=125
[upd 260] u=1 upd_ctr=36 opt_step=576 E=0.211 g=0.199 VarTD=2.175748 ret_end=-22.661 dbar_end=0.514 occ_end=0.400 CSR_train=0.000 done_count=100
[upd 270] u=0 upd_ctr=37 opt_step=592 E=0.808 g=0.172 VarTD=2.996652 ret_end=-23.581 dbar_end=0.561 occ_end=0.280 CSR_train=0.000 done_count=125
[upd 280] u=0 upd_ctr=39 opt_step=624 E=0.489 g=0.163 VarTD=3.331864 ret_end=-23.655 dbar_end=0.578 occ_end=0.264 CSR_train=0.000 done_count=125
[upd 290] u=1 upd_ctr=41 opt_step=656 E=0.163 g=0.168 VarTD=3.456661 ret_end=-23.433 dbar_end=0.569 occ_end=0.248 CSR_train=0.000 done_count=125
[upd 300] u=0 upd_ctr=42 opt_step=672 E=0.737 g=0.179 VarTD=3.915971 ret_end=-22.910 dbar_end=0.548 occ_end=0.352 CSR_train=0.000 done_count=125
[upd 310] u=0 upd_ctr=44 opt_step=704 E=0.409 g=0.170 VarTD=4.160182 ret_end=-23.813 dbar_end=0.565 occ_end=0.216 CSR_train=0.000 done_count=125
[Gate5 check] update_counter violations: t0=0 diffs=0
[Gate5 check] opt_step violations: t0=0 diffs=0 (expected_inc=16)
[Gate5 check] NaN masking: nan_on_skip=True finite_on_update=True
[Gate5 summary] mean_update_fraction=0.1410 final_executed_updates_mean=44.00
[Gate5 eval] done_count mean=100.0 CSR mean=0.0000 len_end_mean=26.00
[Gate5 eval] episodes_per_env=4 T_eval=104
[Gate5 eval-debug] locked_eps_occ=0.20 pre(step25): dbar_end=0.497769 occupied_end_mean=0.400000 max_tilde_end_mean=0.712632 CSR@locked=0.000000
[Gate5 eval-debug] locked_eps_occ=0.20 post(step26): dbar_end=0.490425 occupied_end_mean=0.360000 max_tilde_end_mean=0.702525 CSR@locked=0.000000
[Gate5 eval-debug] CSR_pre@0.10=0.0000 CSR_pre@0.15=0.0000 CSR_pre@0.20=0.0000 CSR_pre@0.25=0.0000 CSR_pre@0.30=0.0100
[Gate5 eval-debug] CSR_post@0.10=0.0000 CSR_post@0.15=0.0000 CSR_post@0.20=0.0000 CSR_post@0.25=0.0200 CSR_post@0.30=0.0700
