Importing submoduled environments...
Submoduled environments not found. Skipping import.
[upd 0] u=1 upd_ctr=1 opt_step=16 E=0.018 g=0.091 VarTD=0.177780 ret_end=-27.116 dbar_end=0.762 occ_end=0.220 CSR_train=0.000 done_count=100
[upd 10] u=0 upd_ctr=1 opt_step=16 E=0.200 g=0.084 VarTD=0.168711 ret_end=-27.749 dbar_end=0.791 occ_end=0.120 CSR_train=0.000 done_count=125
[upd 20] u=0 upd_ctr=1 opt_step=16 E=0.393 g=0.094 VarTD=0.155229 ret_end=-27.163 dbar_end=0.752 occ_end=0.168 CSR_train=0.000 done_count=125
[upd 30] u=0 upd_ctr=1 opt_step=16 E=0.589 g=0.090 VarTD=0.181625 ret_end=-27.853 dbar_end=0.767 occ_end=0.136 CSR_train=0.000 done_count=125
[upd 40] u=0 upd_ctr=1 opt_step=16 E=0.774 g=0.093 VarTD=0.156924 ret_end=-27.552 dbar_end=0.755 occ_end=0.160 CSR_train=0.000 done_count=125
[upd 50] u=0 upd_ctr=1 opt_step=16 E=0.966 g=0.107 VarTD=0.146840 ret_end=-25.810 dbar_end=0.712 occ_end=0.160 CSR_train=0.000 done_count=125
[upd 60] u=0 upd_ctr=2 opt_step=32 E=0.151 g=0.090 VarTD=0.178919 ret_end=-27.393 dbar_end=0.766 occ_end=0.104 CSR_train=0.000 done_count=125
[upd 70] u=0 upd_ctr=2 opt_step=32 E=0.350 g=0.095 VarTD=0.161113 ret_end=-27.241 dbar_end=0.750 occ_end=0.184 CSR_train=0.008 done_count=125
[upd 80] u=0 upd_ctr=2 opt_step=32 E=0.541 g=0.107 VarTD=0.146963 ret_end=-26.545 dbar_end=0.712 occ_end=0.128 CSR_train=0.000 done_count=125
[upd 90] u=0 upd_ctr=2 opt_step=32 E=0.738 g=0.104 VarTD=0.158228 ret_end=-26.944 dbar_end=0.720 occ_end=0.144 CSR_train=0.000 done_count=125
[upd 100] u=0 upd_ctr=2 opt_step=32 E=0.943 g=0.111 VarTD=0.149101 ret_end=-26.194 dbar_end=0.700 occ_end=0.184 CSR_train=0.000 done_count=125
[upd 110] u=0 upd_ctr=3 opt_step=48 E=0.142 g=0.102 VarTD=0.150160 ret_end=-26.365 dbar_end=0.727 occ_end=0.128 CSR_train=0.000 done_count=125
[upd 120] u=0 upd_ctr=3 opt_step=48 E=0.342 g=0.091 VarTD=0.174554 ret_end=-27.242 dbar_end=0.763 occ_end=0.128 CSR_train=0.000 done_count=125
[Gate5 check] update_counter violations: t0=0 diffs=0
[Gate5 check] opt_step violations: t0=0 diffs=0 (expected_inc=16)
[Gate5 check] NaN masking: nan_on_skip=True finite_on_update=True
[Gate5 summary] mean_update_fraction=0.0240 final_executed_updates_mean=3.00
[Gate5 eval] done_count mean=100.0 CSR mean=0.0000 len_end_mean=26.00
[Gate5 eval] episodes_per_env=4 T_eval=104
[Gate5 eval-debug] locked_eps_occ=0.20 pre(step25): dbar_end=0.558082 occupied_end_mean=0.310000 max_tilde_end_mean=0.816791 CSR@locked=0.000000
[Gate5 eval-debug] locked_eps_occ=0.20 post(step26): dbar_end=0.565593 occupied_end_mean=0.330000 max_tilde_end_mean=0.826285 CSR@locked=0.000000
[Gate5 eval-debug] CSR_pre@0.10=0.0000 CSR_pre@0.15=0.0000 CSR_pre@0.20=0.0000 CSR_pre@0.25=0.0000 CSR_pre@0.30=0.0000
[Gate5 eval-debug] CSR_post@0.10=0.0000 CSR_post@0.15=0.0000 CSR_post@0.20=0.0000 CSR_post@0.25=0.0000 CSR_post@0.30=0.0000
