Importing submoduled environments...
Submoduled environments not found. Skipping import.
[upd 0] u=1 upd_ctr=1 opt_step=16 E=0.041 g=0.083 VarTD=0.159821 ret_end=-27.605 dbar_end=0.794 occ_end=0.110 CSR_train=0.000 done_count=100
[upd 10] u=0 upd_ctr=1 opt_step=16 E=0.489 g=0.089 VarTD=0.166459 ret_end=-27.505 dbar_end=0.772 occ_end=0.192 CSR_train=0.000 done_count=125
[upd 20] u=0 upd_ctr=1 opt_step=16 E=0.937 g=0.091 VarTD=0.173849 ret_end=-27.263 dbar_end=0.763 occ_end=0.144 CSR_train=0.000 done_count=125
[upd 30] u=0 upd_ctr=2 opt_step=32 E=0.369 g=0.105 VarTD=0.156548 ret_end=-26.514 dbar_end=0.719 occ_end=0.176 CSR_train=0.000 done_count=125
[upd 40] u=0 upd_ctr=2 opt_step=32 E=0.832 g=0.097 VarTD=0.147744 ret_end=-27.350 dbar_end=0.745 occ_end=0.168 CSR_train=0.000 done_count=125
[upd 50] u=0 upd_ctr=3 opt_step=48 E=0.303 g=0.090 VarTD=0.153009 ret_end=-28.035 dbar_end=0.768 occ_end=0.160 CSR_train=0.000 done_count=125
[upd 60] u=0 upd_ctr=3 opt_step=48 E=0.784 g=0.090 VarTD=0.148661 ret_end=-27.666 dbar_end=0.765 occ_end=0.152 CSR_train=0.000 done_count=125
[upd 70] u=0 upd_ctr=4 opt_step=64 E=0.253 g=0.102 VarTD=0.149733 ret_end=-26.757 dbar_end=0.728 occ_end=0.160 CSR_train=0.000 done_count=125
[upd 80] u=0 upd_ctr=4 opt_step=64 E=0.762 g=0.094 VarTD=0.147777 ret_end=-27.360 dbar_end=0.753 occ_end=0.112 CSR_train=0.000 done_count=125
[upd 90] u=0 upd_ctr=5 opt_step=80 E=0.273 g=0.121 VarTD=0.160514 ret_end=-26.289 dbar_end=0.673 occ_end=0.200 CSR_train=0.000 done_count=125
[upd 100] u=0 upd_ctr=5 opt_step=80 E=0.789 g=0.096 VarTD=0.167860 ret_end=-28.199 dbar_end=0.747 occ_end=0.160 CSR_train=0.000 done_count=125
[upd 110] u=0 upd_ctr=6 opt_step=96 E=0.273 g=0.111 VarTD=0.163340 ret_end=-25.785 dbar_end=0.701 occ_end=0.152 CSR_train=0.000 done_count=125
[upd 120] u=0 upd_ctr=6 opt_step=96 E=0.808 g=0.105 VarTD=0.139596 ret_end=-26.367 dbar_end=0.717 occ_end=0.184 CSR_train=0.000 done_count=125
[upd 130] u=0 upd_ctr=7 opt_step=112 E=0.352 g=0.115 VarTD=0.177002 ret_end=-26.453 dbar_end=0.690 occ_end=0.140 CSR_train=0.000 done_count=100
[upd 140] u=0 upd_ctr=7 opt_step=112 E=0.912 g=0.117 VarTD=0.155310 ret_end=-26.386 dbar_end=0.683 occ_end=0.272 CSR_train=0.008 done_count=125
[upd 150] u=0 upd_ctr=8 opt_step=128 E=0.441 g=0.119 VarTD=0.159275 ret_end=-26.534 dbar_end=0.677 occ_end=0.184 CSR_train=0.000 done_count=125
[upd 160] u=0 upd_ctr=8 opt_step=128 E=1.000 g=0.118 VarTD=0.168071 ret_end=-25.937 dbar_end=0.680 occ_end=0.184 CSR_train=0.000 done_count=125
[upd 170] u=0 upd_ctr=9 opt_step=144 E=0.581 g=0.113 VarTD=0.161153 ret_end=-26.226 dbar_end=0.696 occ_end=0.272 CSR_train=0.000 done_count=125
[upd 180] u=0 upd_ctr=10 opt_step=160 E=0.118 g=0.114 VarTD=0.194854 ret_end=-26.744 dbar_end=0.692 occ_end=0.200 CSR_train=0.000 done_count=125
[upd 190] u=0 upd_ctr=10 opt_step=160 E=0.732 g=0.118 VarTD=0.184024 ret_end=-26.573 dbar_end=0.681 occ_end=0.120 CSR_train=0.000 done_count=125
[upd 200] u=0 upd_ctr=11 opt_step=176 E=0.312 g=0.115 VarTD=0.189344 ret_end=-25.980 dbar_end=0.690 occ_end=0.176 CSR_train=0.000 done_count=125
[upd 210] u=0 upd_ctr=11 opt_step=176 E=0.926 g=0.115 VarTD=0.181411 ret_end=-26.912 dbar_end=0.690 occ_end=0.232 CSR_train=0.008 done_count=125
[upd 220] u=0 upd_ctr=12 opt_step=192 E=0.487 g=0.125 VarTD=0.192283 ret_end=-25.758 dbar_end=0.661 occ_end=0.224 CSR_train=0.000 done_count=125
[upd 230] u=1 upd_ctr=13 opt_step=208 E=0.058 g=0.116 VarTD=0.212998 ret_end=-27.426 dbar_end=0.687 occ_end=0.176 CSR_train=0.000 done_count=125
[upd 240] u=0 upd_ctr=13 opt_step=208 E=0.670 g=0.110 VarTD=0.226760 ret_end=-26.224 dbar_end=0.702 occ_end=0.232 CSR_train=0.000 done_count=125
[upd 250] u=0 upd_ctr=14 opt_step=224 E=0.245 g=0.117 VarTD=0.253458 ret_end=-26.858 dbar_end=0.684 occ_end=0.248 CSR_train=0.000 done_count=125
[upd 260] u=0 upd_ctr=14 opt_step=224 E=0.870 g=0.134 VarTD=0.219665 ret_end=-25.001 dbar_end=0.639 occ_end=0.190 CSR_train=0.000 done_count=100
[upd 270] u=0 upd_ctr=15 opt_step=240 E=0.461 g=0.129 VarTD=0.280531 ret_end=-24.991 dbar_end=0.653 occ_end=0.200 CSR_train=0.000 done_count=125
[upd 280] u=1 upd_ctr=16 opt_step=256 E=0.071 g=0.142 VarTD=0.298725 ret_end=-25.514 dbar_end=0.621 occ_end=0.272 CSR_train=0.008 done_count=125
[upd 290] u=0 upd_ctr=16 opt_step=256 E=0.706 g=0.128 VarTD=0.366785 ret_end=-26.065 dbar_end=0.656 occ_end=0.176 CSR_train=0.000 done_count=125
[upd 300] u=0 upd_ctr=17 opt_step=272 E=0.334 g=0.127 VarTD=0.383514 ret_end=-25.635 dbar_end=0.657 occ_end=0.216 CSR_train=0.000 done_count=125
[upd 310] u=0 upd_ctr=17 opt_step=272 E=1.000 g=0.132 VarTD=0.402892 ret_end=-24.790 dbar_end=0.645 occ_end=0.224 CSR_train=0.000 done_count=125
[Gate5 check] update_counter violations: t0=0 diffs=0
[Gate5 check] opt_step violations: t0=0 diffs=0 (expected_inc=16)
[Gate5 check] NaN masking: nan_on_skip=True finite_on_update=True
[Gate5 summary] mean_update_fraction=0.0577 final_executed_updates_mean=18.00
[Gate5 eval] done_count mean=100.0 CSR mean=0.0000 len_end_mean=26.00
[Gate5 eval] episodes_per_env=4 T_eval=104
[Gate5 eval-debug] locked_eps_occ=0.20 pre(step25): dbar_end=0.531869 occupied_end_mean=0.400000 max_tilde_end_mean=0.802883 CSR@locked=0.000000
[Gate5 eval-debug] locked_eps_occ=0.20 post(step26): dbar_end=0.533507 occupied_end_mean=0.380000 max_tilde_end_mean=0.803237 CSR@locked=0.000000
[Gate5 eval-debug] CSR_pre@0.10=0.0000 CSR_pre@0.15=0.0000 CSR_pre@0.20=0.0000 CSR_pre@0.25=0.0000 CSR_pre@0.30=0.0000
[Gate5 eval-debug] CSR_post@0.10=0.0000 CSR_post@0.15=0.0000 CSR_post@0.20=0.0000 CSR_post@0.25=0.0000 CSR_post@0.30=0.0000
