Importing submoduled environments...
Submoduled environments not found. Skipping import.
[upd 0] u=1 upd_ctr=1 opt_step=16 E=0.137 g=0.092 VarTD=0.142843 ret_end=-27.084 dbar_end=0.760 occ_end=0.110 CSR_train=0.000 done_count=100
[upd 10] u=0 upd_ctr=1 opt_step=16 E=0.499 g=0.091 VarTD=0.164683 ret_end=-27.227 dbar_end=0.764 occ_end=0.176 CSR_train=0.000 done_count=125
[upd 20] u=0 upd_ctr=1 opt_step=16 E=0.876 g=0.080 VarTD=0.174803 ret_end=-28.589 dbar_end=0.804 occ_end=0.112 CSR_train=0.000 done_count=125
[upd 30] u=0 upd_ctr=2 opt_step=32 E=0.376 g=0.102 VarTD=0.132021 ret_end=-27.052 dbar_end=0.726 occ_end=0.224 CSR_train=0.000 done_count=125
[upd 40] u=0 upd_ctr=2 opt_step=32 E=0.773 g=0.099 VarTD=0.143235 ret_end=-26.593 dbar_end=0.737 occ_end=0.152 CSR_train=0.000 done_count=125
[upd 50] u=0 upd_ctr=3 opt_step=48 E=0.280 g=0.098 VarTD=0.135869 ret_end=-27.123 dbar_end=0.741 occ_end=0.168 CSR_train=0.000 done_count=125
[upd 60] u=0 upd_ctr=3 opt_step=48 E=0.712 g=0.123 VarTD=0.151939 ret_end=-25.401 dbar_end=0.667 occ_end=0.192 CSR_train=0.000 done_count=125
[upd 70] u=0 upd_ctr=4 opt_step=64 E=0.237 g=0.103 VarTD=0.158609 ret_end=-26.715 dbar_end=0.723 occ_end=0.128 CSR_train=0.000 done_count=125
[upd 80] u=0 upd_ctr=4 opt_step=64 E=0.683 g=0.107 VarTD=0.138376 ret_end=-26.578 dbar_end=0.711 occ_end=0.208 CSR_train=0.000 done_count=125
[upd 90] u=0 upd_ctr=5 opt_step=80 E=0.242 g=0.120 VarTD=0.119879 ret_end=-25.683 dbar_end=0.675 occ_end=0.224 CSR_train=0.000 done_count=125
[upd 100] u=0 upd_ctr=5 opt_step=80 E=0.707 g=0.118 VarTD=0.147793 ret_end=-27.401 dbar_end=0.681 occ_end=0.192 CSR_train=0.000 done_count=125
[upd 110] u=0 upd_ctr=6 opt_step=96 E=0.282 g=0.130 VarTD=0.150180 ret_end=-26.189 dbar_end=0.651 occ_end=0.168 CSR_train=0.000 done_count=125
[upd 120] u=0 upd_ctr=6 opt_step=96 E=0.775 g=0.117 VarTD=0.129836 ret_end=-25.687 dbar_end=0.683 occ_end=0.176 CSR_train=0.000 done_count=125
[upd 130] u=0 upd_ctr=7 opt_step=112 E=0.362 g=0.111 VarTD=0.153667 ret_end=-26.049 dbar_end=0.700 occ_end=0.150 CSR_train=0.000 done_count=100
[upd 140] u=0 upd_ctr=7 opt_step=112 E=0.855 g=0.122 VarTD=0.171877 ret_end=-25.700 dbar_end=0.669 occ_end=0.216 CSR_train=0.000 done_count=125
[upd 150] u=0 upd_ctr=8 opt_step=128 E=0.450 g=0.126 VarTD=0.148357 ret_end=-24.278 dbar_end=0.660 occ_end=0.144 CSR_train=0.000 done_count=125
[upd 160] u=1 upd_ctr=9 opt_step=144 E=0.071 g=0.124 VarTD=0.166945 ret_end=-25.742 dbar_end=0.665 occ_end=0.224 CSR_train=0.000 done_count=125
[upd 170] u=0 upd_ctr=9 opt_step=144 E=0.616 g=0.120 VarTD=0.171024 ret_end=-25.386 dbar_end=0.675 occ_end=0.240 CSR_train=0.000 done_count=125
[upd 180] u=0 upd_ctr=10 opt_step=160 E=0.256 g=0.139 VarTD=0.163393 ret_end=-24.832 dbar_end=0.627 occ_end=0.200 CSR_train=0.000 done_count=125
[upd 190] u=0 upd_ctr=10 opt_step=160 E=0.823 g=0.136 VarTD=0.178005 ret_end=-25.555 dbar_end=0.635 occ_end=0.280 CSR_train=0.000 done_count=125
[upd 200] u=0 upd_ctr=11 opt_step=176 E=0.496 g=0.142 VarTD=0.211936 ret_end=-25.288 dbar_end=0.622 occ_end=0.248 CSR_train=0.000 done_count=125
[upd 210] u=0 upd_ctr=12 opt_step=192 E=0.159 g=0.160 VarTD=0.228307 ret_end=-24.079 dbar_end=0.585 occ_end=0.224 CSR_train=0.000 done_count=125
[upd 220] u=0 upd_ctr=12 opt_step=192 E=0.772 g=0.146 VarTD=0.201591 ret_end=-24.552 dbar_end=0.614 occ_end=0.168 CSR_train=0.000 done_count=125
[upd 230] u=0 upd_ctr=13 opt_step=208 E=0.460 g=0.140 VarTD=0.254432 ret_end=-24.609 dbar_end=0.626 occ_end=0.272 CSR_train=0.000 done_count=125
[upd 240] u=0 upd_ctr=14 opt_step=224 E=0.172 g=0.157 VarTD=0.316130 ret_end=-25.015 dbar_end=0.589 occ_end=0.240 CSR_train=0.008 done_count=125
[upd 250] u=0 upd_ctr=14 opt_step=224 E=0.788 g=0.155 VarTD=0.251588 ret_end=-25.098 dbar_end=0.593 occ_end=0.264 CSR_train=0.008 done_count=125
[upd 260] u=0 upd_ctr=15 opt_step=240 E=0.526 g=0.159 VarTD=0.272605 ret_end=-23.274 dbar_end=0.585 occ_end=0.270 CSR_train=0.000 done_count=100
[upd 270] u=0 upd_ctr=16 opt_step=256 E=0.271 g=0.162 VarTD=0.360965 ret_end=-23.948 dbar_end=0.579 occ_end=0.224 CSR_train=0.000 done_count=125
[upd 280] u=0 upd_ctr=16 opt_step=256 E=0.933 g=0.166 VarTD=0.346940 ret_end=-23.616 dbar_end=0.572 occ_end=0.304 CSR_train=0.000 done_count=125
[upd 290] u=0 upd_ctr=17 opt_step=272 E=0.702 g=0.172 VarTD=0.412887 ret_end=-23.902 dbar_end=0.561 occ_end=0.256 CSR_train=0.000 done_count=125
[upd 300] u=0 upd_ctr=18 opt_step=288 E=0.470 g=0.166 VarTD=0.472400 ret_end=-23.706 dbar_end=0.571 occ_end=0.312 CSR_train=0.008 done_count=125
[upd 310] u=0 upd_ctr=19 opt_step=304 E=0.235 g=0.169 VarTD=0.544365 ret_end=-24.438 dbar_end=0.565 occ_end=0.320 CSR_train=0.008 done_count=125
[Gate5 check] update_counter violations: t0=0 diffs=0
[Gate5 check] opt_step violations: t0=0 diffs=0 (expected_inc=16)
[Gate5 check] NaN masking: nan_on_skip=True finite_on_update=True
[Gate5 summary] mean_update_fraction=0.0609 final_executed_updates_mean=19.00
[Gate5 eval] done_count mean=100.0 CSR mean=0.0100 len_end_mean=26.00
[Gate5 eval] episodes_per_env=4 T_eval=104
[Gate5 eval-debug] locked_eps_occ=0.20 pre(step25): dbar_end=0.531726 occupied_end_mean=0.340000 max_tilde_end_mean=0.773877 CSR@locked=0.010000
[Gate5 eval-debug] locked_eps_occ=0.20 post(step26): dbar_end=0.524684 occupied_end_mean=0.330000 max_tilde_end_mean=0.761427 CSR@locked=0.010000
[Gate5 eval-debug] CSR_pre@0.10=0.0000 CSR_pre@0.15=0.0100 CSR_pre@0.20=0.0100 CSR_pre@0.25=0.0200 CSR_pre@0.30=0.0200
[Gate5 eval-debug] CSR_post@0.10=0.0000 CSR_post@0.15=0.0000 CSR_post@0.20=0.0100 CSR_post@0.25=0.0200 CSR_post@0.30=0.0300
