Importing submoduled environments...
Submoduled environments not found. Skipping import.
[upd 0] u=1 upd_ctr=1 opt_step=16 E=0.109 g=0.087 VarTD=0.169991 ret_end=-27.980 dbar_end=0.777 occ_end=0.130 CSR_train=0.000 done_count=100
[upd 10] u=0 upd_ctr=1 opt_step=16 E=0.202 g=0.097 VarTD=0.148660 ret_end=-28.362 dbar_end=0.744 occ_end=0.160 CSR_train=0.000 done_count=125
[upd 20] u=0 upd_ctr=1 opt_step=16 E=0.296 g=0.107 VarTD=0.133804 ret_end=-25.361 dbar_end=0.711 occ_end=0.200 CSR_train=0.000 done_count=125
[upd 30] u=0 upd_ctr=1 opt_step=16 E=0.394 g=0.107 VarTD=0.114053 ret_end=-26.242 dbar_end=0.712 occ_end=0.176 CSR_train=0.000 done_count=125
[upd 40] u=0 upd_ctr=1 opt_step=16 E=0.488 g=0.093 VarTD=0.157199 ret_end=-27.408 dbar_end=0.756 occ_end=0.120 CSR_train=0.000 done_count=125
[upd 50] u=0 upd_ctr=1 opt_step=16 E=0.577 g=0.083 VarTD=0.175078 ret_end=-28.448 dbar_end=0.791 occ_end=0.128 CSR_train=0.000 done_count=125
[upd 60] u=0 upd_ctr=1 opt_step=16 E=0.671 g=0.095 VarTD=0.148633 ret_end=-26.620 dbar_end=0.750 occ_end=0.168 CSR_train=0.000 done_count=125
[upd 70] u=0 upd_ctr=1 opt_step=16 E=0.766 g=0.102 VarTD=0.152415 ret_end=-27.135 dbar_end=0.728 occ_end=0.152 CSR_train=0.000 done_count=125
[upd 80] u=0 upd_ctr=1 opt_step=16 E=0.862 g=0.097 VarTD=0.143579 ret_end=-26.869 dbar_end=0.743 occ_end=0.216 CSR_train=0.000 done_count=125
[upd 90] u=0 upd_ctr=2 opt_step=32 E=0.054 g=0.097 VarTD=0.168717 ret_end=-27.480 dbar_end=0.744 occ_end=0.152 CSR_train=0.000 done_count=125
[upd 100] u=0 upd_ctr=2 opt_step=32 E=0.152 g=0.107 VarTD=0.138208 ret_end=-26.094 dbar_end=0.712 occ_end=0.136 CSR_train=0.000 done_count=125
[upd 110] u=0 upd_ctr=2 opt_step=32 E=0.252 g=0.101 VarTD=0.134924 ret_end=-26.383 dbar_end=0.730 occ_end=0.208 CSR_train=0.000 done_count=125
[upd 120] u=0 upd_ctr=2 opt_step=32 E=0.351 g=0.094 VarTD=0.121770 ret_end=-26.759 dbar_end=0.753 occ_end=0.104 CSR_train=0.000 done_count=125
[upd 130] u=0 upd_ctr=2 opt_step=32 E=0.449 g=0.095 VarTD=0.159619 ret_end=-27.374 dbar_end=0.749 occ_end=0.140 CSR_train=0.000 done_count=100
[upd 140] u=0 upd_ctr=2 opt_step=32 E=0.551 g=0.098 VarTD=0.166073 ret_end=-27.647 dbar_end=0.739 occ_end=0.208 CSR_train=0.000 done_count=125
[upd 150] u=0 upd_ctr=2 opt_step=32 E=0.653 g=0.112 VarTD=0.137307 ret_end=-26.438 dbar_end=0.699 occ_end=0.224 CSR_train=0.008 done_count=125
[upd 160] u=0 upd_ctr=2 opt_step=32 E=0.750 g=0.101 VarTD=0.139694 ret_end=-26.700 dbar_end=0.729 occ_end=0.136 CSR_train=0.000 done_count=125
[upd 170] u=0 upd_ctr=2 opt_step=32 E=0.851 g=0.099 VarTD=0.157772 ret_end=-27.174 dbar_end=0.736 occ_end=0.208 CSR_train=0.000 done_count=125
[upd 180] u=0 upd_ctr=3 opt_step=48 E=0.051 g=0.114 VarTD=0.137312 ret_end=-26.780 dbar_end=0.691 occ_end=0.184 CSR_train=0.000 done_count=125
[upd 190] u=0 upd_ctr=3 opt_step=48 E=0.155 g=0.092 VarTD=0.142485 ret_end=-27.539 dbar_end=0.761 occ_end=0.104 CSR_train=0.000 done_count=125
[upd 200] u=0 upd_ctr=3 opt_step=48 E=0.260 g=0.102 VarTD=0.113060 ret_end=-26.623 dbar_end=0.727 occ_end=0.144 CSR_train=0.000 done_count=125
[upd 210] u=0 upd_ctr=3 opt_step=48 E=0.362 g=0.102 VarTD=0.146595 ret_end=-27.003 dbar_end=0.727 occ_end=0.128 CSR_train=0.000 done_count=125
[upd 220] u=0 upd_ctr=3 opt_step=48 E=0.469 g=0.106 VarTD=0.133112 ret_end=-26.487 dbar_end=0.715 occ_end=0.224 CSR_train=0.000 done_count=125
[upd 230] u=0 upd_ctr=3 opt_step=48 E=0.572 g=0.094 VarTD=0.136199 ret_end=-26.740 dbar_end=0.753 occ_end=0.144 CSR_train=0.000 done_count=125
[upd 240] u=0 upd_ctr=3 opt_step=48 E=0.675 g=0.119 VarTD=0.130649 ret_end=-25.824 dbar_end=0.677 occ_end=0.160 CSR_train=0.000 done_count=125
[upd 250] u=0 upd_ctr=3 opt_step=48 E=0.776 g=0.095 VarTD=0.151329 ret_end=-27.609 dbar_end=0.751 occ_end=0.144 CSR_train=0.000 done_count=125
[upd 260] u=0 upd_ctr=3 opt_step=48 E=0.878 g=0.093 VarTD=0.126753 ret_end=-26.854 dbar_end=0.757 occ_end=0.070 CSR_train=0.000 done_count=100
[upd 270] u=0 upd_ctr=4 opt_step=64 E=0.085 g=0.111 VarTD=0.143463 ret_end=-26.637 dbar_end=0.700 occ_end=0.152 CSR_train=0.000 done_count=125
[upd 280] u=0 upd_ctr=4 opt_step=64 E=0.191 g=0.116 VarTD=0.160657 ret_end=-26.182 dbar_end=0.687 occ_end=0.208 CSR_train=0.000 done_count=125
[upd 290] u=0 upd_ctr=4 opt_step=64 E=0.299 g=0.116 VarTD=0.130264 ret_end=-25.468 dbar_end=0.686 occ_end=0.152 CSR_train=0.000 done_count=125
[upd 300] u=0 upd_ctr=4 opt_step=64 E=0.411 g=0.108 VarTD=0.117613 ret_end=-25.745 dbar_end=0.709 occ_end=0.168 CSR_train=0.000 done_count=125
[upd 310] u=0 upd_ctr=4 opt_step=64 E=0.517 g=0.107 VarTD=0.146567 ret_end=-26.926 dbar_end=0.713 occ_end=0.152 CSR_train=0.000 done_count=125
[Gate5 check] update_counter violations: t0=0 diffs=0
[Gate5 check] opt_step violations: t0=0 diffs=0 (expected_inc=16)
[Gate5 check] NaN masking: nan_on_skip=True finite_on_update=True
[Gate5 summary] mean_update_fraction=0.0128 final_executed_updates_mean=4.00
[Gate5 eval] done_count mean=100.0 CSR mean=0.0000 len_end_mean=26.00
[Gate5 eval] episodes_per_env=4 T_eval=104
[Gate5 eval-debug] locked_eps_occ=0.20 pre(step25): dbar_end=0.557587 occupied_end_mean=0.320000 max_tilde_end_mean=0.841313 CSR@locked=0.000000
[Gate5 eval-debug] locked_eps_occ=0.20 post(step26): dbar_end=0.551435 occupied_end_mean=0.350000 max_tilde_end_mean=0.834582 CSR@locked=0.000000
[Gate5 eval-debug] CSR_pre@0.10=0.0000 CSR_pre@0.15=0.0000 CSR_pre@0.20=0.0000 CSR_pre@0.25=0.0000 CSR_pre@0.30=0.0100
[Gate5 eval-debug] CSR_post@0.10=0.0000 CSR_post@0.15=0.0000 CSR_post@0.20=0.0000 CSR_post@0.25=0.0000 CSR_post@0.30=0.0000
