Importing submoduled environments...
Submoduled environments not found. Skipping import.
[upd 0] u=1 upd_ctr=1 opt_step=16 E=0.142 g=0.085 VarTD=0.206615 ret_end=-28.597 dbar_end=0.786 occ_end=0.160 CSR_train=0.000 done_count=100
[upd 10] u=0 upd_ctr=1 opt_step=16 E=0.625 g=0.096 VarTD=0.212328 ret_end=-26.954 dbar_end=0.748 occ_end=0.176 CSR_train=0.000 done_count=125
[upd 20] u=0 upd_ctr=2 opt_step=32 E=0.211 g=0.100 VarTD=0.169812 ret_end=-26.338 dbar_end=0.734 occ_end=0.160 CSR_train=0.000 done_count=125
[upd 30] u=0 upd_ctr=2 opt_step=32 E=0.704 g=0.099 VarTD=0.182618 ret_end=-27.024 dbar_end=0.737 occ_end=0.136 CSR_train=0.000 done_count=125
[upd 40] u=0 upd_ctr=3 opt_step=48 E=0.322 g=0.100 VarTD=0.177335 ret_end=-27.505 dbar_end=0.734 occ_end=0.144 CSR_train=0.000 done_count=125
[upd 50] u=0 upd_ctr=3 opt_step=48 E=0.833 g=0.097 VarTD=0.186314 ret_end=-27.332 dbar_end=0.745 occ_end=0.136 CSR_train=0.000 done_count=125
[upd 60] u=0 upd_ctr=4 opt_step=64 E=0.483 g=0.107 VarTD=0.172635 ret_end=-26.702 dbar_end=0.712 occ_end=0.184 CSR_train=0.000 done_count=125
[upd 70] u=0 upd_ctr=5 opt_step=80 E=0.149 g=0.122 VarTD=0.173518 ret_end=-26.404 dbar_end=0.671 occ_end=0.224 CSR_train=0.000 done_count=125
[upd 80] u=0 upd_ctr=5 opt_step=80 E=0.720 g=0.123 VarTD=0.172966 ret_end=-26.236 dbar_end=0.668 occ_end=0.280 CSR_train=0.000 done_count=125
[upd 90] u=0 upd_ctr=6 opt_step=96 E=0.412 g=0.125 VarTD=0.172904 ret_end=-25.892 dbar_end=0.661 occ_end=0.264 CSR_train=0.000 done_count=125
[upd 100] u=0 upd_ctr=7 opt_step=112 E=0.127 g=0.133 VarTD=0.175564 ret_end=-25.253 dbar_end=0.643 occ_end=0.232 CSR_train=0.000 done_count=125
[upd 110] u=0 upd_ctr=7 opt_step=112 E=0.764 g=0.109 VarTD=0.164640 ret_end=-27.199 dbar_end=0.705 occ_end=0.176 CSR_train=0.000 done_count=125
[upd 120] u=0 upd_ctr=8 opt_step=128 E=0.471 g=0.132 VarTD=0.151925 ret_end=-24.811 dbar_end=0.644 occ_end=0.232 CSR_train=0.000 done_count=125
[upd 130] u=0 upd_ctr=9 opt_step=144 E=0.210 g=0.133 VarTD=0.165798 ret_end=-24.807 dbar_end=0.642 occ_end=0.150 CSR_train=0.000 done_count=100
[upd 140] u=0 upd_ctr=9 opt_step=144 E=0.846 g=0.118 VarTD=0.179472 ret_end=-26.237 dbar_end=0.681 occ_end=0.232 CSR_train=0.000 done_count=125
[upd 150] u=0 upd_ctr=10 opt_step=160 E=0.595 g=0.128 VarTD=0.163321 ret_end=-25.709 dbar_end=0.655 occ_end=0.200 CSR_train=0.000 done_count=125
[upd 160] u=0 upd_ctr=11 opt_step=176 E=0.348 g=0.142 VarTD=0.198278 ret_end=-25.502 dbar_end=0.622 occ_end=0.232 CSR_train=0.000 done_count=125
[upd 170] u=1 upd_ctr=12 opt_step=192 E=0.117 g=0.138 VarTD=0.193016 ret_end=-24.950 dbar_end=0.630 occ_end=0.264 CSR_train=0.000 done_count=125
[upd 180] u=0 upd_ctr=12 opt_step=192 E=0.798 g=0.126 VarTD=0.190152 ret_end=-25.233 dbar_end=0.660 occ_end=0.200 CSR_train=0.000 done_count=125
[upd 190] u=0 upd_ctr=13 opt_step=208 E=0.575 g=0.130 VarTD=0.211243 ret_end=-25.491 dbar_end=0.649 occ_end=0.216 CSR_train=0.000 done_count=125
[upd 200] u=0 upd_ctr=14 opt_step=224 E=0.385 g=0.144 VarTD=0.238960 ret_end=-24.724 dbar_end=0.617 occ_end=0.192 CSR_train=0.000 done_count=125
[upd 210] u=0 upd_ctr=15 opt_step=240 E=0.230 g=0.154 VarTD=0.286314 ret_end=-24.754 dbar_end=0.596 occ_end=0.264 CSR_train=0.000 done_count=125
[upd 220] u=0 upd_ctr=15 opt_step=240 E=0.963 g=0.145 VarTD=0.270055 ret_end=-24.648 dbar_end=0.615 occ_end=0.224 CSR_train=0.000 done_count=125
[upd 230] u=0 upd_ctr=16 opt_step=256 E=0.835 g=0.158 VarTD=0.342752 ret_end=-25.129 dbar_end=0.588 occ_end=0.240 CSR_train=0.000 done_count=125
[upd 240] u=0 upd_ctr=17 opt_step=272 E=0.707 g=0.171 VarTD=0.376176 ret_end=-23.763 dbar_end=0.562 occ_end=0.312 CSR_train=0.000 done_count=125
[upd 250] u=0 upd_ctr=18 opt_step=288 E=0.600 g=0.163 VarTD=0.436818 ret_end=-24.247 dbar_end=0.577 occ_end=0.336 CSR_train=0.000 done_count=125
[upd 260] u=0 upd_ctr=19 opt_step=304 E=0.478 g=0.165 VarTD=0.419545 ret_end=-23.678 dbar_end=0.575 occ_end=0.250 CSR_train=0.000 done_count=100
[upd 270] u=0 upd_ctr=20 opt_step=320 E=0.402 g=0.177 VarTD=0.587560 ret_end=-24.135 dbar_end=0.552 occ_end=0.248 CSR_train=0.000 done_count=125
[upd 280] u=0 upd_ctr=21 opt_step=336 E=0.342 g=0.157 VarTD=0.666422 ret_end=-24.130 dbar_end=0.590 occ_end=0.224 CSR_train=0.000 done_count=125
[upd 290] u=0 upd_ctr=22 opt_step=352 E=0.288 g=0.183 VarTD=0.765513 ret_end=-23.564 dbar_end=0.540 occ_end=0.288 CSR_train=0.000 done_count=125
[upd 300] u=0 upd_ctr=23 opt_step=368 E=0.235 g=0.188 VarTD=0.881009 ret_end=-23.571 dbar_end=0.533 occ_end=0.328 CSR_train=0.000 done_count=125
[upd 310] u=0 upd_ctr=24 opt_step=384 E=0.190 g=0.157 VarTD=0.966979 ret_end=-24.559 dbar_end=0.589 occ_end=0.296 CSR_train=0.000 done_count=125
[Gate5 check] update_counter violations: t0=0 diffs=0
[Gate5 check] opt_step violations: t0=0 diffs=0 (expected_inc=16)
[Gate5 check] NaN masking: nan_on_skip=True finite_on_update=True
[Gate5 summary] mean_update_fraction=0.0769 final_executed_updates_mean=24.00
[Gate5 eval] done_count mean=100.0 CSR mean=0.0000 len_end_mean=26.00
[Gate5 eval] episodes_per_env=4 T_eval=104
[Gate5 eval-debug] locked_eps_occ=0.20 pre(step25): dbar_end=0.482065 occupied_end_mean=0.360000 max_tilde_end_mean=0.694403 CSR@locked=0.000000
[Gate5 eval-debug] locked_eps_occ=0.20 post(step26): dbar_end=0.489556 occupied_end_mean=0.300000 max_tilde_end_mean=0.698814 CSR@locked=0.000000
[Gate5 eval-debug] CSR_pre@0.10=0.0000 CSR_pre@0.15=0.0000 CSR_pre@0.20=0.0000 CSR_pre@0.25=0.0400 CSR_pre@0.30=0.0500
[Gate5 eval-debug] CSR_post@0.10=0.0000 CSR_post@0.15=0.0000 CSR_post@0.20=0.0000 CSR_post@0.25=0.0300 CSR_post@0.30=0.0500
