Importing submoduled environments...
Submoduled environments not found. Skipping import.
[upd 0] u=1 upd_ctr=1 opt_step=16 E=0.111 g=0.105 VarTD=0.153100 ret_end=-26.906 dbar_end=0.718 occ_end=0.160 CSR_train=0.000 done_count=100
[upd 10] u=0 upd_ctr=1 opt_step=16 E=0.204 g=0.079 VarTD=0.158451 ret_end=-28.492 dbar_end=0.807 occ_end=0.088 CSR_train=0.000 done_count=125
[upd 20] u=0 upd_ctr=1 opt_step=16 E=0.298 g=0.100 VarTD=0.134152 ret_end=-26.725 dbar_end=0.733 occ_end=0.192 CSR_train=0.000 done_count=125
[upd 30] u=0 upd_ctr=1 opt_step=16 E=0.392 g=0.094 VarTD=0.161237 ret_end=-27.688 dbar_end=0.753 occ_end=0.144 CSR_train=0.000 done_count=125
[upd 40] u=0 upd_ctr=1 opt_step=16 E=0.485 g=0.087 VarTD=0.144865 ret_end=-28.561 dbar_end=0.778 occ_end=0.136 CSR_train=0.000 done_count=125
[upd 50] u=0 upd_ctr=1 opt_step=16 E=0.581 g=0.085 VarTD=0.140112 ret_end=-28.277 dbar_end=0.784 occ_end=0.128 CSR_train=0.000 done_count=125
[upd 60] u=0 upd_ctr=1 opt_step=16 E=0.672 g=0.093 VarTD=0.135486 ret_end=-27.188 dbar_end=0.755 occ_end=0.152 CSR_train=0.000 done_count=125
[upd 70] u=0 upd_ctr=1 opt_step=16 E=0.770 g=0.108 VarTD=0.128666 ret_end=-26.396 dbar_end=0.709 occ_end=0.176 CSR_train=0.000 done_count=125
[upd 80] u=0 upd_ctr=1 opt_step=16 E=0.867 g=0.109 VarTD=0.105546 ret_end=-25.559 dbar_end=0.705 occ_end=0.184 CSR_train=0.000 done_count=125
[upd 90] u=0 upd_ctr=2 opt_step=32 E=0.061 g=0.096 VarTD=0.140645 ret_end=-26.549 dbar_end=0.747 occ_end=0.168 CSR_train=0.000 done_count=125
[upd 100] u=0 upd_ctr=2 opt_step=32 E=0.160 g=0.097 VarTD=0.130936 ret_end=-27.115 dbar_end=0.742 occ_end=0.128 CSR_train=0.000 done_count=125
[upd 110] u=0 upd_ctr=2 opt_step=32 E=0.259 g=0.099 VarTD=0.141510 ret_end=-26.758 dbar_end=0.737 occ_end=0.128 CSR_train=0.000 done_count=125
[upd 120] u=0 upd_ctr=2 opt_step=32 E=0.359 g=0.097 VarTD=0.144186 ret_end=-27.628 dbar_end=0.744 occ_end=0.112 CSR_train=0.000 done_count=125
[Gate5 check] update_counter violations: t0=0 diffs=0
[Gate5 check] opt_step violations: t0=0 diffs=0 (expected_inc=16)
[Gate5 check] NaN masking: nan_on_skip=True finite_on_update=True
[Gate5 summary] mean_update_fraction=0.0160 final_executed_updates_mean=2.00
[Gate5 eval] done_count mean=100.0 CSR mean=0.0000 len_end_mean=26.00
[Gate5 eval] episodes_per_env=4 T_eval=104
[Gate5 eval-debug] locked_eps_occ=0.20 pre(step25): dbar_end=0.640183 occupied_end_mean=0.270000 max_tilde_end_mean=0.980252 CSR@locked=0.000000
[Gate5 eval-debug] locked_eps_occ=0.20 post(step26): dbar_end=0.644147 occupied_end_mean=0.240000 max_tilde_end_mean=0.971757 CSR@locked=0.000000
[Gate5 eval-debug] CSR_pre@0.10=0.0000 CSR_pre@0.15=0.0000 CSR_pre@0.20=0.0000 CSR_pre@0.25=0.0000 CSR_pre@0.30=0.0100
[Gate5 eval-debug] CSR_post@0.10=0.0000 CSR_post@0.15=0.0000 CSR_post@0.20=0.0000 CSR_post@0.25=0.0000 CSR_post@0.30=0.0000
