Importing submoduled environments...
Submoduled environments not found. Skipping import.
[upd 0] u=1 upd_ctr=1 opt_step=16 E=0.085 g=0.088 VarTD=0.137352 ret_end=-28.134 dbar_end=0.773 occ_end=0.220 CSR_train=0.000 done_count=100
[upd 10] u=0 upd_ctr=1 opt_step=16 E=0.456 g=0.093 VarTD=0.158535 ret_end=-28.458 dbar_end=0.756 occ_end=0.184 CSR_train=0.000 done_count=125
[upd 20] u=0 upd_ctr=1 opt_step=16 E=0.822 g=0.103 VarTD=0.132575 ret_end=-26.686 dbar_end=0.725 occ_end=0.208 CSR_train=0.000 done_count=125
[upd 30] u=0 upd_ctr=2 opt_step=32 E=0.254 g=0.095 VarTD=0.168524 ret_end=-27.459 dbar_end=0.751 occ_end=0.176 CSR_train=0.000 done_count=125
[upd 40] u=0 upd_ctr=2 opt_step=32 E=0.644 g=0.097 VarTD=0.134587 ret_end=-27.230 dbar_end=0.743 occ_end=0.144 CSR_train=0.000 done_count=125
[upd 50] u=1 upd_ctr=3 opt_step=48 E=0.074 g=0.093 VarTD=0.186163 ret_end=-27.844 dbar_end=0.755 occ_end=0.216 CSR_train=0.000 done_count=125
[upd 60] u=0 upd_ctr=3 opt_step=48 E=0.477 g=0.103 VarTD=0.146762 ret_end=-27.202 dbar_end=0.724 occ_end=0.200 CSR_train=0.000 done_count=125
[upd 70] u=0 upd_ctr=3 opt_step=48 E=0.892 g=0.092 VarTD=0.160921 ret_end=-27.588 dbar_end=0.759 occ_end=0.208 CSR_train=0.000 done_count=125
[upd 80] u=0 upd_ctr=4 opt_step=64 E=0.344 g=0.107 VarTD=0.120447 ret_end=-25.358 dbar_end=0.712 occ_end=0.120 CSR_train=0.000 done_count=125
[upd 90] u=0 upd_ctr=4 opt_step=64 E=0.785 g=0.111 VarTD=0.150134 ret_end=-26.371 dbar_end=0.701 occ_end=0.184 CSR_train=0.000 done_count=125
[upd 100] u=0 upd_ctr=5 opt_step=80 E=0.264 g=0.112 VarTD=0.138538 ret_end=-25.893 dbar_end=0.697 occ_end=0.248 CSR_train=0.000 done_count=125
[upd 110] u=0 upd_ctr=5 opt_step=80 E=0.704 g=0.119 VarTD=0.139863 ret_end=-25.015 dbar_end=0.679 occ_end=0.216 CSR_train=0.000 done_count=125
[upd 120] u=0 upd_ctr=6 opt_step=96 E=0.191 g=0.103 VarTD=0.142589 ret_end=-26.989 dbar_end=0.724 occ_end=0.144 CSR_train=0.000 done_count=125
[upd 130] u=0 upd_ctr=6 opt_step=96 E=0.640 g=0.120 VarTD=0.135652 ret_end=-25.948 dbar_end=0.676 occ_end=0.180 CSR_train=0.000 done_count=100
[upd 140] u=0 upd_ctr=7 opt_step=112 E=0.162 g=0.120 VarTD=0.149832 ret_end=-26.866 dbar_end=0.675 occ_end=0.232 CSR_train=0.000 done_count=125
[upd 150] u=0 upd_ctr=7 opt_step=112 E=0.646 g=0.129 VarTD=0.137313 ret_end=-25.062 dbar_end=0.652 occ_end=0.144 CSR_train=0.000 done_count=125
[upd 160] u=0 upd_ctr=8 opt_step=128 E=0.169 g=0.099 VarTD=0.225331 ret_end=-27.739 dbar_end=0.737 occ_end=0.176 CSR_train=0.000 done_count=125
[upd 170] u=0 upd_ctr=8 opt_step=128 E=0.656 g=0.123 VarTD=0.152660 ret_end=-25.899 dbar_end=0.668 occ_end=0.240 CSR_train=0.008 done_count=125
[upd 180] u=0 upd_ctr=9 opt_step=144 E=0.200 g=0.118 VarTD=0.160094 ret_end=-26.457 dbar_end=0.681 occ_end=0.192 CSR_train=0.000 done_count=125
[upd 190] u=0 upd_ctr=9 opt_step=144 E=0.692 g=0.110 VarTD=0.182424 ret_end=-26.884 dbar_end=0.704 occ_end=0.120 CSR_train=0.000 done_count=125
[upd 200] u=0 upd_ctr=10 opt_step=160 E=0.268 g=0.130 VarTD=0.165830 ret_end=-25.238 dbar_end=0.649 occ_end=0.184 CSR_train=0.000 done_count=125
[upd 210] u=0 upd_ctr=10 opt_step=160 E=0.805 g=0.129 VarTD=0.161874 ret_end=-26.299 dbar_end=0.653 occ_end=0.216 CSR_train=0.000 done_count=125
[upd 220] u=0 upd_ctr=11 opt_step=176 E=0.388 g=0.145 VarTD=0.192348 ret_end=-24.854 dbar_end=0.615 occ_end=0.312 CSR_train=0.000 done_count=125
[upd 230] u=0 upd_ctr=11 opt_step=176 E=0.940 g=0.145 VarTD=0.179562 ret_end=-24.800 dbar_end=0.615 occ_end=0.264 CSR_train=0.000 done_count=125
[upd 240] u=0 upd_ctr=12 opt_step=192 E=0.535 g=0.140 VarTD=0.206787 ret_end=-24.646 dbar_end=0.627 occ_end=0.208 CSR_train=0.000 done_count=125
[upd 250] u=0 upd_ctr=13 opt_step=208 E=0.166 g=0.159 VarTD=0.213232 ret_end=-24.797 dbar_end=0.587 occ_end=0.248 CSR_train=0.000 done_count=125
[upd 260] u=0 upd_ctr=13 opt_step=208 E=0.721 g=0.145 VarTD=0.213531 ret_end=-25.501 dbar_end=0.615 occ_end=0.280 CSR_train=0.000 done_count=100
[upd 270] u=0 upd_ctr=14 opt_step=224 E=0.332 g=0.133 VarTD=0.263897 ret_end=-25.701 dbar_end=0.642 occ_end=0.232 CSR_train=0.000 done_count=125
[upd 280] u=0 upd_ctr=14 opt_step=224 E=0.910 g=0.145 VarTD=0.254802 ret_end=-25.296 dbar_end=0.615 occ_end=0.232 CSR_train=0.000 done_count=125
[upd 290] u=0 upd_ctr=15 opt_step=240 E=0.555 g=0.138 VarTD=0.284289 ret_end=-25.110 dbar_end=0.631 occ_end=0.232 CSR_train=0.000 done_count=125
[upd 300] u=0 upd_ctr=16 opt_step=256 E=0.210 g=0.158 VarTD=0.329004 ret_end=-24.082 dbar_end=0.589 occ_end=0.224 CSR_train=0.000 done_count=125
[upd 310] u=0 upd_ctr=16 opt_step=256 E=0.818 g=0.148 VarTD=0.324306 ret_end=-23.990 dbar_end=0.609 occ_end=0.336 CSR_train=0.000 done_count=125
[Gate5 check] update_counter violations: t0=0 diffs=0
[Gate5 check] opt_step violations: t0=0 diffs=0 (expected_inc=16)
[Gate5 check] NaN masking: nan_on_skip=True finite_on_update=True
[Gate5 summary] mean_update_fraction=0.0513 final_executed_updates_mean=16.00
[Gate5 eval] done_count mean=100.0 CSR mean=0.0000 len_end_mean=26.00
[Gate5 eval] episodes_per_env=4 T_eval=104
[Gate5 eval-debug] locked_eps_occ=0.20 pre(step25): dbar_end=0.522269 occupied_end_mean=0.400000 max_tilde_end_mean=0.777671 CSR@locked=0.000000
[Gate5 eval-debug] locked_eps_occ=0.20 post(step26): dbar_end=0.513692 occupied_end_mean=0.380000 max_tilde_end_mean=0.768534 CSR@locked=0.000000
[Gate5 eval-debug] CSR_pre@0.10=0.0000 CSR_pre@0.15=0.0000 CSR_pre@0.20=0.0000 CSR_pre@0.25=0.0100 CSR_pre@0.30=0.0100
[Gate5 eval-debug] CSR_post@0.10=0.0000 CSR_post@0.15=0.0000 CSR_post@0.20=0.0000 CSR_post@0.25=0.0100 CSR_post@0.30=0.0100
