Importing submoduled environments...
Submoduled environments not found. Skipping import.
[upd 0] u=1 upd_ctr=1 opt_step=16 E=0.109 g=0.092 VarTD=0.142843 ret_end=-27.084 dbar_end=0.760 occ_end=0.110 CSR_train=0.000 done_count=100
[upd 10] u=0 upd_ctr=1 opt_step=16 E=0.200 g=0.091 VarTD=0.164683 ret_end=-27.227 dbar_end=0.764 occ_end=0.176 CSR_train=0.000 done_count=125
[upd 20] u=0 upd_ctr=1 opt_step=16 E=0.294 g=0.080 VarTD=0.174803 ret_end=-28.589 dbar_end=0.804 occ_end=0.112 CSR_train=0.000 done_count=125
[upd 30] u=0 upd_ctr=1 opt_step=16 E=0.389 g=0.092 VarTD=0.132511 ret_end=-27.386 dbar_end=0.758 occ_end=0.160 CSR_train=0.000 done_count=125
[upd 40] u=0 upd_ctr=1 opt_step=16 E=0.482 g=0.095 VarTD=0.150439 ret_end=-26.897 dbar_end=0.751 occ_end=0.136 CSR_train=0.000 done_count=125
[upd 50] u=0 upd_ctr=1 opt_step=16 E=0.575 g=0.091 VarTD=0.138841 ret_end=-27.563 dbar_end=0.764 occ_end=0.176 CSR_train=0.000 done_count=125
[upd 60] u=0 upd_ctr=1 opt_step=16 E=0.671 g=0.111 VarTD=0.153727 ret_end=-26.001 dbar_end=0.701 occ_end=0.152 CSR_train=0.000 done_count=125
[upd 70] u=0 upd_ctr=1 opt_step=16 E=0.765 g=0.087 VarTD=0.170599 ret_end=-27.645 dbar_end=0.779 occ_end=0.104 CSR_train=0.000 done_count=125
[upd 80] u=0 upd_ctr=1 opt_step=16 E=0.859 g=0.086 VarTD=0.174679 ret_end=-27.746 dbar_end=0.780 occ_end=0.152 CSR_train=0.000 done_count=125
[upd 90] u=0 upd_ctr=2 opt_step=32 E=0.059 g=0.102 VarTD=0.130001 ret_end=-26.501 dbar_end=0.728 occ_end=0.096 CSR_train=0.000 done_count=125
[upd 100] u=0 upd_ctr=2 opt_step=32 E=0.159 g=0.097 VarTD=0.152977 ret_end=-28.347 dbar_end=0.742 occ_end=0.144 CSR_train=0.000 done_count=125
[upd 110] u=0 upd_ctr=2 opt_step=32 E=0.261 g=0.109 VarTD=0.149929 ret_end=-27.041 dbar_end=0.706 occ_end=0.192 CSR_train=0.000 done_count=125
[upd 120] u=0 upd_ctr=2 opt_step=32 E=0.362 g=0.096 VarTD=0.132195 ret_end=-26.850 dbar_end=0.746 occ_end=0.152 CSR_train=0.000 done_count=125
[upd 130] u=0 upd_ctr=2 opt_step=32 E=0.462 g=0.090 VarTD=0.162872 ret_end=-27.653 dbar_end=0.767 occ_end=0.120 CSR_train=0.000 done_count=100
[upd 140] u=0 upd_ctr=2 opt_step=32 E=0.562 g=0.111 VarTD=0.168809 ret_end=-26.440 dbar_end=0.701 occ_end=0.216 CSR_train=0.000 done_count=125
[upd 150] u=0 upd_ctr=2 opt_step=32 E=0.657 g=0.092 VarTD=0.136211 ret_end=-25.771 dbar_end=0.760 occ_end=0.072 CSR_train=0.000 done_count=125
[upd 160] u=0 upd_ctr=2 opt_step=32 E=0.759 g=0.103 VarTD=0.156547 ret_end=-26.950 dbar_end=0.725 occ_end=0.176 CSR_train=0.000 done_count=125
[upd 170] u=0 upd_ctr=2 opt_step=32 E=0.861 g=0.096 VarTD=0.137740 ret_end=-26.402 dbar_end=0.747 occ_end=0.176 CSR_train=0.000 done_count=125
[upd 180] u=0 upd_ctr=3 opt_step=48 E=0.060 g=0.096 VarTD=0.145347 ret_end=-26.796 dbar_end=0.748 occ_end=0.144 CSR_train=0.000 done_count=125
[upd 190] u=0 upd_ctr=3 opt_step=48 E=0.165 g=0.103 VarTD=0.151570 ret_end=-27.114 dbar_end=0.723 occ_end=0.152 CSR_train=0.000 done_count=125
[upd 200] u=0 upd_ctr=3 opt_step=48 E=0.270 g=0.097 VarTD=0.173082 ret_end=-27.344 dbar_end=0.742 occ_end=0.224 CSR_train=0.000 done_count=125
[upd 210] u=0 upd_ctr=3 opt_step=48 E=0.372 g=0.111 VarTD=0.155322 ret_end=-26.324 dbar_end=0.701 occ_end=0.120 CSR_train=0.000 done_count=125
[upd 220] u=0 upd_ctr=3 opt_step=48 E=0.484 g=0.103 VarTD=0.130787 ret_end=-26.490 dbar_end=0.725 occ_end=0.200 CSR_train=0.000 done_count=125
[upd 230] u=0 upd_ctr=3 opt_step=48 E=0.589 g=0.105 VarTD=0.160208 ret_end=-26.540 dbar_end=0.717 occ_end=0.200 CSR_train=0.000 done_count=125
[upd 240] u=0 upd_ctr=3 opt_step=48 E=0.693 g=0.097 VarTD=0.208614 ret_end=-27.461 dbar_end=0.744 occ_end=0.176 CSR_train=0.000 done_count=125
[upd 250] u=0 upd_ctr=3 opt_step=48 E=0.800 g=0.102 VarTD=0.122812 ret_end=-27.449 dbar_end=0.728 occ_end=0.216 CSR_train=0.000 done_count=125
[upd 260] u=0 upd_ctr=3 opt_step=48 E=0.906 g=0.111 VarTD=0.146441 ret_end=-25.785 dbar_end=0.699 occ_end=0.170 CSR_train=0.000 done_count=100
[upd 270] u=0 upd_ctr=4 opt_step=64 E=0.114 g=0.102 VarTD=0.167221 ret_end=-26.713 dbar_end=0.728 occ_end=0.168 CSR_train=0.008 done_count=125
[upd 280] u=0 upd_ctr=4 opt_step=64 E=0.223 g=0.123 VarTD=0.120903 ret_end=-26.171 dbar_end=0.669 occ_end=0.240 CSR_train=0.008 done_count=125
[upd 290] u=0 upd_ctr=4 opt_step=64 E=0.334 g=0.120 VarTD=0.128988 ret_end=-25.889 dbar_end=0.676 occ_end=0.176 CSR_train=0.000 done_count=125
[upd 300] u=0 upd_ctr=4 opt_step=64 E=0.440 g=0.100 VarTD=0.143471 ret_end=-26.428 dbar_end=0.734 occ_end=0.144 CSR_train=0.000 done_count=125
[upd 310] u=0 upd_ctr=4 opt_step=64 E=0.549 g=0.099 VarTD=0.148551 ret_end=-26.907 dbar_end=0.737 occ_end=0.144 CSR_train=0.000 done_count=125
[Gate5 check] update_counter violations: t0=0 diffs=0
[Gate5 check] opt_step violations: t0=0 diffs=0 (expected_inc=16)
[Gate5 check] NaN masking: nan_on_skip=True finite_on_update=True
[Gate5 summary] mean_update_fraction=0.0128 final_executed_updates_mean=4.00
[Gate5 eval] done_count mean=100.0 CSR mean=0.0000 len_end_mean=26.00
[Gate5 eval] episodes_per_env=4 T_eval=104
[Gate5 eval-debug] locked_eps_occ=0.20 pre(step25): dbar_end=0.515259 occupied_end_mean=0.350000 max_tilde_end_mean=0.767623 CSR@locked=0.000000
[Gate5 eval-debug] locked_eps_occ=0.20 post(step26): dbar_end=0.512762 occupied_end_mean=0.450000 max_tilde_end_mean=0.759960 CSR@locked=0.000000
[Gate5 eval-debug] CSR_pre@0.10=0.0000 CSR_pre@0.15=0.0000 CSR_pre@0.20=0.0000 CSR_pre@0.25=0.0000 CSR_pre@0.30=0.0100
[Gate5 eval-debug] CSR_post@0.10=0.0000 CSR_post@0.15=0.0000 CSR_post@0.20=0.0000 CSR_post@0.25=0.0000 CSR_post@0.30=0.0100
