Importing submoduled environments...
Submoduled environments not found. Skipping import.
[upd 0] u=1 upd_ctr=1 opt_step=16 E=0.107 g=0.073 VarTD=0.176583 ret_end=-28.932 dbar_end=0.832 occ_end=0.120 CSR_train=0.000 done_count=100
[upd 10] u=0 upd_ctr=1 opt_step=16 E=0.197 g=0.084 VarTD=0.145375 ret_end=-27.822 dbar_end=0.789 occ_end=0.112 CSR_train=0.000 done_count=125
[upd 20] u=0 upd_ctr=1 opt_step=16 E=0.293 g=0.093 VarTD=0.146987 ret_end=-27.233 dbar_end=0.757 occ_end=0.168 CSR_train=0.000 done_count=125
[upd 30] u=0 upd_ctr=1 opt_step=16 E=0.382 g=0.096 VarTD=0.137071 ret_end=-26.257 dbar_end=0.748 occ_end=0.184 CSR_train=0.000 done_count=125
[upd 40] u=0 upd_ctr=1 opt_step=16 E=0.472 g=0.088 VarTD=0.180465 ret_end=-27.591 dbar_end=0.774 occ_end=0.144 CSR_train=0.000 done_count=125
[upd 50] u=0 upd_ctr=1 opt_step=16 E=0.566 g=0.085 VarTD=0.175562 ret_end=-28.306 dbar_end=0.784 occ_end=0.144 CSR_train=0.000 done_count=125
[upd 60] u=0 upd_ctr=1 opt_step=16 E=0.658 g=0.091 VarTD=0.135200 ret_end=-26.482 dbar_end=0.765 occ_end=0.104 CSR_train=0.000 done_count=125
[upd 70] u=0 upd_ctr=1 opt_step=16 E=0.751 g=0.104 VarTD=0.137640 ret_end=-25.999 dbar_end=0.720 occ_end=0.176 CSR_train=0.008 done_count=125
[upd 80] u=0 upd_ctr=1 opt_step=16 E=0.841 g=0.086 VarTD=0.159804 ret_end=-28.420 dbar_end=0.783 occ_end=0.152 CSR_train=0.000 done_count=125
[upd 90] u=0 upd_ctr=2 opt_step=32 E=0.034 g=0.092 VarTD=0.143029 ret_end=-28.003 dbar_end=0.759 occ_end=0.160 CSR_train=0.000 done_count=125
[upd 100] u=0 upd_ctr=2 opt_step=32 E=0.129 g=0.094 VarTD=0.142177 ret_end=-27.780 dbar_end=0.755 occ_end=0.120 CSR_train=0.000 done_count=125
[upd 110] u=0 upd_ctr=2 opt_step=32 E=0.219 g=0.093 VarTD=0.162449 ret_end=-26.707 dbar_end=0.756 occ_end=0.144 CSR_train=0.000 done_count=125
[upd 120] u=0 upd_ctr=2 opt_step=32 E=0.315 g=0.096 VarTD=0.119572 ret_end=-26.934 dbar_end=0.747 occ_end=0.184 CSR_train=0.000 done_count=125
[upd 130] u=0 upd_ctr=2 opt_step=32 E=0.412 g=0.108 VarTD=0.137361 ret_end=-26.201 dbar_end=0.709 occ_end=0.200 CSR_train=0.000 done_count=100
[upd 140] u=0 upd_ctr=2 opt_step=32 E=0.506 g=0.089 VarTD=0.166888 ret_end=-27.784 dbar_end=0.771 occ_end=0.120 CSR_train=0.000 done_count=125
[upd 150] u=0 upd_ctr=2 opt_step=32 E=0.605 g=0.097 VarTD=0.157911 ret_end=-27.401 dbar_end=0.743 occ_end=0.120 CSR_train=0.000 done_count=125
[upd 160] u=0 upd_ctr=2 opt_step=32 E=0.698 g=0.093 VarTD=0.150785 ret_end=-27.097 dbar_end=0.757 occ_end=0.152 CSR_train=0.000 done_count=125
[upd 170] u=0 upd_ctr=2 opt_step=32 E=0.792 g=0.095 VarTD=0.138497 ret_end=-27.314 dbar_end=0.749 occ_end=0.208 CSR_train=0.000 done_count=125
[upd 180] u=0 upd_ctr=2 opt_step=32 E=0.887 g=0.109 VarTD=0.107673 ret_end=-25.630 dbar_end=0.706 occ_end=0.176 CSR_train=0.000 done_count=125
[upd 190] u=0 upd_ctr=3 opt_step=48 E=0.084 g=0.086 VarTD=0.145592 ret_end=-28.260 dbar_end=0.782 occ_end=0.056 CSR_train=0.000 done_count=125
[upd 200] u=0 upd_ctr=3 opt_step=48 E=0.182 g=0.091 VarTD=0.199311 ret_end=-28.273 dbar_end=0.765 occ_end=0.160 CSR_train=0.000 done_count=125
[upd 210] u=0 upd_ctr=3 opt_step=48 E=0.283 g=0.096 VarTD=0.189536 ret_end=-27.533 dbar_end=0.745 occ_end=0.192 CSR_train=0.000 done_count=125
[upd 220] u=0 upd_ctr=3 opt_step=48 E=0.377 g=0.095 VarTD=0.149063 ret_end=-27.187 dbar_end=0.750 occ_end=0.088 CSR_train=0.000 done_count=125
[upd 230] u=0 upd_ctr=3 opt_step=48 E=0.477 g=0.100 VarTD=0.155587 ret_end=-26.775 dbar_end=0.734 occ_end=0.136 CSR_train=0.000 done_count=125
[upd 240] u=0 upd_ctr=3 opt_step=48 E=0.573 g=0.081 VarTD=0.172026 ret_end=-28.718 dbar_end=0.802 occ_end=0.144 CSR_train=0.000 done_count=125
[upd 250] u=0 upd_ctr=3 opt_step=48 E=0.668 g=0.086 VarTD=0.133613 ret_end=-27.601 dbar_end=0.780 occ_end=0.144 CSR_train=0.000 done_count=125
[upd 260] u=0 upd_ctr=3 opt_step=48 E=0.767 g=0.112 VarTD=0.148127 ret_end=-26.253 dbar_end=0.698 occ_end=0.160 CSR_train=0.000 done_count=100
[upd 270] u=0 upd_ctr=3 opt_step=48 E=0.867 g=0.095 VarTD=0.166002 ret_end=-27.275 dbar_end=0.751 occ_end=0.168 CSR_train=0.000 done_count=125
[upd 280] u=0 upd_ctr=4 opt_step=64 E=0.070 g=0.097 VarTD=0.153362 ret_end=-26.505 dbar_end=0.744 occ_end=0.192 CSR_train=0.000 done_count=125
[upd 290] u=0 upd_ctr=4 opt_step=64 E=0.174 g=0.098 VarTD=0.144459 ret_end=-26.423 dbar_end=0.740 occ_end=0.112 CSR_train=0.000 done_count=125
[upd 300] u=0 upd_ctr=4 opt_step=64 E=0.275 g=0.113 VarTD=0.127207 ret_end=-25.866 dbar_end=0.695 occ_end=0.208 CSR_train=0.000 done_count=125
[upd 310] u=0 upd_ctr=4 opt_step=64 E=0.380 g=0.101 VarTD=0.139785 ret_end=-26.891 dbar_end=0.731 occ_end=0.112 CSR_train=0.000 done_count=125
[Gate5 check] update_counter violations: t0=0 diffs=0
[Gate5 check] opt_step violations: t0=0 diffs=0 (expected_inc=16)
[Gate5 check] NaN masking: nan_on_skip=True finite_on_update=True
[Gate5 summary] mean_update_fraction=0.0128 final_executed_updates_mean=4.00
[Gate5 eval] done_count mean=100.0 CSR mean=0.0100 len_end_mean=26.00
[Gate5 eval] episodes_per_env=4 T_eval=104
[Gate5 eval-debug] locked_eps_occ=0.20 pre(step25): dbar_end=0.596545 occupied_end_mean=0.310000 max_tilde_end_mean=0.877044 CSR@locked=0.010000
[Gate5 eval-debug] locked_eps_occ=0.20 post(step26): dbar_end=0.596792 occupied_end_mean=0.290000 max_tilde_end_mean=0.875170 CSR@locked=0.010000
[Gate5 eval-debug] CSR_pre@0.10=0.0000 CSR_pre@0.15=0.0100 CSR_pre@0.20=0.0100 CSR_pre@0.25=0.0100 CSR_pre@0.30=0.0100
[Gate5 eval-debug] CSR_post@0.10=0.0000 CSR_post@0.15=0.0000 CSR_post@0.20=0.0100 CSR_post@0.25=0.0100 CSR_post@0.30=0.0100
