Importing submoduled environments...
Submoduled environments not found. Skipping import.
[upd 0] u=1 upd_ctr=1 opt_step=16 E=0.083 g=0.082 VarTD=0.214117 ret_end=-27.772 dbar_end=0.796 occ_end=0.070 CSR_train=0.000 done_count=100
[upd 10] u=0 upd_ctr=1 opt_step=16 E=0.454 g=0.092 VarTD=0.178600 ret_end=-26.630 dbar_end=0.760 occ_end=0.136 CSR_train=0.000 done_count=125
[upd 20] u=0 upd_ctr=1 opt_step=16 E=0.824 g=0.101 VarTD=0.148776 ret_end=-27.566 dbar_end=0.732 occ_end=0.128 CSR_train=0.000 done_count=125
[upd 30] u=0 upd_ctr=2 opt_step=32 E=0.257 g=0.093 VarTD=0.170852 ret_end=-27.156 dbar_end=0.757 occ_end=0.200 CSR_train=0.000 done_count=125
[upd 40] u=0 upd_ctr=2 opt_step=32 E=0.648 g=0.099 VarTD=0.145557 ret_end=-26.505 dbar_end=0.737 occ_end=0.144 CSR_train=0.000 done_count=125
[upd 50] u=0 upd_ctr=3 opt_step=48 E=0.100 g=0.101 VarTD=0.142249 ret_end=-26.863 dbar_end=0.731 occ_end=0.176 CSR_train=0.000 done_count=125
[upd 60] u=0 upd_ctr=3 opt_step=48 E=0.495 g=0.099 VarTD=0.159083 ret_end=-27.385 dbar_end=0.737 occ_end=0.136 CSR_train=0.000 done_count=125
[upd 70] u=0 upd_ctr=3 opt_step=48 E=0.898 g=0.103 VarTD=0.159660 ret_end=-26.327 dbar_end=0.724 occ_end=0.152 CSR_train=0.000 done_count=125
[upd 80] u=0 upd_ctr=4 opt_step=64 E=0.371 g=0.098 VarTD=0.141303 ret_end=-28.011 dbar_end=0.740 occ_end=0.216 CSR_train=0.000 done_count=125
[upd 90] u=0 upd_ctr=4 opt_step=64 E=0.799 g=0.099 VarTD=0.132729 ret_end=-27.163 dbar_end=0.735 occ_end=0.160 CSR_train=0.000 done_count=125
[upd 100] u=0 upd_ctr=5 opt_step=80 E=0.271 g=0.115 VarTD=0.135744 ret_end=-25.813 dbar_end=0.690 occ_end=0.248 CSR_train=0.000 done_count=125
[upd 110] u=0 upd_ctr=5 opt_step=80 E=0.703 g=0.109 VarTD=0.133140 ret_end=-26.526 dbar_end=0.707 occ_end=0.216 CSR_train=0.000 done_count=125
[upd 120] u=0 upd_ctr=6 opt_step=96 E=0.193 g=0.105 VarTD=0.160378 ret_end=-26.765 dbar_end=0.718 occ_end=0.184 CSR_train=0.000 done_count=125
[upd 130] u=0 upd_ctr=6 opt_step=96 E=0.645 g=0.111 VarTD=0.143868 ret_end=-25.910 dbar_end=0.700 occ_end=0.220 CSR_train=0.000 done_count=100
[upd 140] u=0 upd_ctr=7 opt_step=112 E=0.144 g=0.107 VarTD=0.181252 ret_end=-26.564 dbar_end=0.711 occ_end=0.160 CSR_train=0.000 done_count=125
[upd 150] u=0 upd_ctr=7 opt_step=112 E=0.600 g=0.120 VarTD=0.165478 ret_end=-25.631 dbar_end=0.674 occ_end=0.128 CSR_train=0.000 done_count=125
[upd 160] u=0 upd_ctr=8 opt_step=128 E=0.108 g=0.120 VarTD=0.177414 ret_end=-25.857 dbar_end=0.676 occ_end=0.208 CSR_train=0.000 done_count=125
[upd 170] u=0 upd_ctr=8 opt_step=128 E=0.579 g=0.124 VarTD=0.157502 ret_end=-25.426 dbar_end=0.665 occ_end=0.176 CSR_train=0.000 done_count=125
[upd 180] u=0 upd_ctr=9 opt_step=144 E=0.127 g=0.139 VarTD=0.152885 ret_end=-24.339 dbar_end=0.627 occ_end=0.184 CSR_train=0.000 done_count=125
[upd 190] u=0 upd_ctr=9 opt_step=144 E=0.644 g=0.139 VarTD=0.145872 ret_end=-25.162 dbar_end=0.629 occ_end=0.264 CSR_train=0.000 done_count=125
[upd 200] u=0 upd_ctr=10 opt_step=160 E=0.187 g=0.143 VarTD=0.184974 ret_end=-24.866 dbar_end=0.620 occ_end=0.224 CSR_train=0.000 done_count=125
[upd 210] u=0 upd_ctr=10 opt_step=160 E=0.712 g=0.117 VarTD=0.184808 ret_end=-26.311 dbar_end=0.683 occ_end=0.168 CSR_train=0.000 done_count=125
[upd 220] u=0 upd_ctr=11 opt_step=176 E=0.287 g=0.141 VarTD=0.212366 ret_end=-24.636 dbar_end=0.625 occ_end=0.232 CSR_train=0.000 done_count=125
[upd 230] u=0 upd_ctr=11 opt_step=176 E=0.832 g=0.125 VarTD=0.195783 ret_end=-25.844 dbar_end=0.661 occ_end=0.200 CSR_train=0.000 done_count=125
[upd 240] u=0 upd_ctr=12 opt_step=192 E=0.434 g=0.142 VarTD=0.203309 ret_end=-24.776 dbar_end=0.622 occ_end=0.200 CSR_train=0.000 done_count=125
[upd 250] u=0 upd_ctr=12 opt_step=192 E=0.964 g=0.136 VarTD=0.209400 ret_end=-24.533 dbar_end=0.635 occ_end=0.136 CSR_train=0.000 done_count=125
[upd 260] u=0 upd_ctr=13 opt_step=208 E=0.574 g=0.133 VarTD=0.209954 ret_end=-25.133 dbar_end=0.641 occ_end=0.170 CSR_train=0.000 done_count=100
[upd 270] u=0 upd_ctr=14 opt_step=224 E=0.216 g=0.144 VarTD=0.279842 ret_end=-25.458 dbar_end=0.616 occ_end=0.208 CSR_train=0.000 done_count=125
[upd 280] u=0 upd_ctr=14 opt_step=224 E=0.788 g=0.163 VarTD=0.257592 ret_end=-23.498 dbar_end=0.577 occ_end=0.328 CSR_train=0.000 done_count=125
[upd 290] u=0 upd_ctr=15 opt_step=240 E=0.428 g=0.142 VarTD=0.303988 ret_end=-25.705 dbar_end=0.621 occ_end=0.216 CSR_train=0.000 done_count=125
[upd 300] u=0 upd_ctr=15 opt_step=240 E=1.000 g=0.154 VarTD=0.349120 ret_end=-24.373 dbar_end=0.595 occ_end=0.272 CSR_train=0.000 done_count=125
[upd 310] u=0 upd_ctr=16 opt_step=256 E=0.652 g=0.144 VarTD=0.360478 ret_end=-24.964 dbar_end=0.617 occ_end=0.232 CSR_train=0.000 done_count=125
[Gate5 check] update_counter violations: t0=0 diffs=0
[Gate5 check] opt_step violations: t0=0 diffs=0 (expected_inc=16)
[Gate5 check] NaN masking: nan_on_skip=True finite_on_update=True
[Gate5 summary] mean_update_fraction=0.0513 final_executed_updates_mean=16.00
[Gate5 eval] done_count mean=100.0 CSR mean=0.0000 len_end_mean=26.00
[Gate5 eval] episodes_per_env=4 T_eval=104
[Gate5 eval-debug] locked_eps_occ=0.20 pre(step25): dbar_end=0.496540 occupied_end_mean=0.340000 max_tilde_end_mean=0.714505 CSR@locked=0.000000
[Gate5 eval-debug] locked_eps_occ=0.20 post(step26): dbar_end=0.501528 occupied_end_mean=0.260000 max_tilde_end_mean=0.713905 CSR@locked=0.000000
[Gate5 eval-debug] CSR_pre@0.10=0.0000 CSR_pre@0.15=0.0000 CSR_pre@0.20=0.0000 CSR_pre@0.25=0.0000 CSR_pre@0.30=0.0300
[Gate5 eval-debug] CSR_post@0.10=0.0000 CSR_post@0.15=0.0000 CSR_post@0.20=0.0000 CSR_post@0.25=0.0200 CSR_post@0.30=0.0300
