Importing submoduled environments...
Submoduled environments not found. Skipping import.
[upd 0] u=1 upd_ctr=1 opt_step=16 E=0.058 g=0.082 VarTD=0.214117 ret_end=-27.772 dbar_end=0.796 occ_end=0.070 CSR_train=0.000 done_count=100
[upd 10] u=0 upd_ctr=1 opt_step=16 E=0.151 g=0.092 VarTD=0.178600 ret_end=-26.630 dbar_end=0.760 occ_end=0.136 CSR_train=0.000 done_count=125
[upd 20] u=0 upd_ctr=1 opt_step=16 E=0.243 g=0.101 VarTD=0.148776 ret_end=-27.566 dbar_end=0.732 occ_end=0.128 CSR_train=0.000 done_count=125
[upd 30] u=0 upd_ctr=1 opt_step=16 E=0.337 g=0.089 VarTD=0.174229 ret_end=-27.524 dbar_end=0.772 occ_end=0.184 CSR_train=0.000 done_count=125
[upd 40] u=0 upd_ctr=1 opt_step=16 E=0.428 g=0.088 VarTD=0.152312 ret_end=-27.046 dbar_end=0.773 occ_end=0.144 CSR_train=0.000 done_count=125
[upd 50] u=0 upd_ctr=1 opt_step=16 E=0.523 g=0.093 VarTD=0.148149 ret_end=-27.350 dbar_end=0.755 occ_end=0.136 CSR_train=0.000 done_count=125
[upd 60] u=0 upd_ctr=1 opt_step=16 E=0.614 g=0.092 VarTD=0.166894 ret_end=-27.836 dbar_end=0.760 occ_end=0.136 CSR_train=0.000 done_count=125
[upd 70] u=0 upd_ctr=1 opt_step=16 E=0.706 g=0.095 VarTD=0.163119 ret_end=-26.813 dbar_end=0.750 occ_end=0.168 CSR_train=0.000 done_count=125
[upd 80] u=0 upd_ctr=1 opt_step=16 E=0.801 g=0.089 VarTD=0.141456 ret_end=-28.645 dbar_end=0.772 occ_end=0.184 CSR_train=0.000 done_count=125
[upd 90] u=0 upd_ctr=1 opt_step=16 E=0.898 g=0.087 VarTD=0.140248 ret_end=-27.757 dbar_end=0.779 occ_end=0.152 CSR_train=0.000 done_count=125
[upd 100] u=0 upd_ctr=2 opt_step=32 E=0.041 g=0.099 VarTD=0.137345 ret_end=-26.400 dbar_end=0.735 occ_end=0.184 CSR_train=0.000 done_count=125
[upd 110] u=0 upd_ctr=2 opt_step=32 E=0.138 g=0.103 VarTD=0.140037 ret_end=-26.987 dbar_end=0.723 occ_end=0.208 CSR_train=0.000 done_count=125
[upd 120] u=0 upd_ctr=2 opt_step=32 E=0.234 g=0.092 VarTD=0.171801 ret_end=-27.312 dbar_end=0.760 occ_end=0.152 CSR_train=0.000 done_count=125
[upd 130] u=0 upd_ctr=2 opt_step=32 E=0.333 g=0.097 VarTD=0.158429 ret_end=-26.628 dbar_end=0.742 occ_end=0.200 CSR_train=0.000 done_count=100
[upd 140] u=0 upd_ctr=2 opt_step=32 E=0.431 g=0.096 VarTD=0.174189 ret_end=-27.226 dbar_end=0.747 occ_end=0.160 CSR_train=0.000 done_count=125
[upd 150] u=0 upd_ctr=2 opt_step=32 E=0.526 g=0.101 VarTD=0.171681 ret_end=-26.538 dbar_end=0.732 occ_end=0.144 CSR_train=0.000 done_count=125
[upd 160] u=0 upd_ctr=2 opt_step=32 E=0.623 g=0.100 VarTD=0.176068 ret_end=-26.919 dbar_end=0.733 occ_end=0.168 CSR_train=0.000 done_count=125
[upd 170] u=0 upd_ctr=2 opt_step=32 E=0.718 g=0.102 VarTD=0.142364 ret_end=-26.552 dbar_end=0.729 occ_end=0.176 CSR_train=0.000 done_count=125
[upd 180] u=0 upd_ctr=2 opt_step=32 E=0.818 g=0.105 VarTD=0.142255 ret_end=-25.873 dbar_end=0.718 occ_end=0.176 CSR_train=0.000 done_count=125
[upd 190] u=0 upd_ctr=2 opt_step=32 E=0.920 g=0.107 VarTD=0.133604 ret_end=-26.426 dbar_end=0.712 occ_end=0.272 CSR_train=0.008 done_count=125
[upd 200] u=0 upd_ctr=3 opt_step=48 E=0.067 g=0.105 VarTD=0.167385 ret_end=-26.607 dbar_end=0.717 occ_end=0.168 CSR_train=0.000 done_count=125
[upd 210] u=0 upd_ctr=3 opt_step=48 E=0.168 g=0.086 VarTD=0.158162 ret_end=-27.950 dbar_end=0.780 occ_end=0.136 CSR_train=0.000 done_count=125
[upd 220] u=0 upd_ctr=3 opt_step=48 E=0.269 g=0.106 VarTD=0.176244 ret_end=-26.183 dbar_end=0.714 occ_end=0.200 CSR_train=0.000 done_count=125
[upd 230] u=0 upd_ctr=3 opt_step=48 E=0.368 g=0.097 VarTD=0.142802 ret_end=-27.070 dbar_end=0.742 occ_end=0.208 CSR_train=0.000 done_count=125
[upd 240] u=0 upd_ctr=3 opt_step=48 E=0.470 g=0.106 VarTD=0.154512 ret_end=-27.008 dbar_end=0.716 occ_end=0.160 CSR_train=0.000 done_count=125
[upd 250] u=0 upd_ctr=3 opt_step=48 E=0.567 g=0.098 VarTD=0.156466 ret_end=-26.286 dbar_end=0.739 occ_end=0.112 CSR_train=0.000 done_count=125
[upd 260] u=0 upd_ctr=3 opt_step=48 E=0.666 g=0.097 VarTD=0.148498 ret_end=-26.675 dbar_end=0.744 occ_end=0.160 CSR_train=0.000 done_count=100
[upd 270] u=0 upd_ctr=3 opt_step=48 E=0.768 g=0.091 VarTD=0.157236 ret_end=-27.741 dbar_end=0.764 occ_end=0.112 CSR_train=0.000 done_count=125
[upd 280] u=0 upd_ctr=3 opt_step=48 E=0.865 g=0.107 VarTD=0.149496 ret_end=-25.581 dbar_end=0.711 occ_end=0.200 CSR_train=0.000 done_count=125
[upd 290] u=1 upd_ctr=4 opt_step=64 E=0.016 g=0.092 VarTD=0.140696 ret_end=-27.668 dbar_end=0.760 occ_end=0.152 CSR_train=0.000 done_count=125
[upd 300] u=0 upd_ctr=4 opt_step=64 E=0.120 g=0.116 VarTD=0.188171 ret_end=-26.252 dbar_end=0.686 occ_end=0.232 CSR_train=0.000 done_count=125
[upd 310] u=0 upd_ctr=4 opt_step=64 E=0.225 g=0.100 VarTD=0.151738 ret_end=-27.268 dbar_end=0.735 occ_end=0.240 CSR_train=0.000 done_count=125
[Gate5 check] update_counter violations: t0=0 diffs=0
[Gate5 check] opt_step violations: t0=0 diffs=0 (expected_inc=16)
[Gate5 check] NaN masking: nan_on_skip=True finite_on_update=True
[Gate5 summary] mean_update_fraction=0.0128 final_executed_updates_mean=4.00
[Gate5 eval] done_count mean=100.0 CSR mean=0.0100 len_end_mean=26.00
[Gate5 eval] episodes_per_env=4 T_eval=104
[Gate5 eval-debug] locked_eps_occ=0.20 pre(step25): dbar_end=0.572706 occupied_end_mean=0.310000 max_tilde_end_mean=0.842478 CSR@locked=0.000000
[Gate5 eval-debug] locked_eps_occ=0.20 post(step26): dbar_end=0.578592 occupied_end_mean=0.280000 max_tilde_end_mean=0.853452 CSR@locked=0.010000
[Gate5 eval-debug] CSR_pre@0.10=0.0000 CSR_pre@0.15=0.0000 CSR_pre@0.20=0.0000 CSR_pre@0.25=0.0000 CSR_pre@0.30=0.0100
[Gate5 eval-debug] CSR_post@0.10=0.0000 CSR_post@0.15=0.0000 CSR_post@0.20=0.0100 CSR_post@0.25=0.0100 CSR_post@0.30=0.0100
