Importing submoduled environments...
Submoduled environments not found. Skipping import.
[upd 0] u=1 upd_ctr=1 opt_step=16 E=0.427 g=0.089 VarTD=0.155748 ret_end=-26.495 dbar_end=0.769 occ_end=0.110 CSR_train=0.000 done_count=100
[upd 10] u=0 upd_ctr=2 opt_step=32 E=0.105 g=0.098 VarTD=0.153820 ret_end=-26.834 dbar_end=0.741 occ_end=0.160 CSR_train=0.000 done_count=125
[upd 20] u=0 upd_ctr=2 opt_step=32 E=0.388 g=0.084 VarTD=0.209888 ret_end=-28.543 dbar_end=0.790 occ_end=0.176 CSR_train=0.000 done_count=125
[upd 30] u=0 upd_ctr=3 opt_step=48 E=0.067 g=0.094 VarTD=0.161363 ret_end=-26.953 dbar_end=0.752 occ_end=0.168 CSR_train=0.000 done_count=125
[upd 40] u=0 upd_ctr=3 opt_step=48 E=0.352 g=0.095 VarTD=0.169473 ret_end=-26.825 dbar_end=0.750 occ_end=0.160 CSR_train=0.000 done_count=125
[upd 50] u=1 upd_ctr=4 opt_step=64 E=0.041 g=0.090 VarTD=0.143061 ret_end=-27.571 dbar_end=0.766 occ_end=0.152 CSR_train=0.000 done_count=125
[upd 60] u=0 upd_ctr=4 opt_step=64 E=0.325 g=0.096 VarTD=0.155375 ret_end=-27.078 dbar_end=0.747 occ_end=0.152 CSR_train=0.000 done_count=125
[upd 70] u=0 upd_ctr=4 opt_step=64 E=0.615 g=0.101 VarTD=0.149935 ret_end=-26.451 dbar_end=0.729 occ_end=0.160 CSR_train=0.000 done_count=125
[upd 80] u=0 upd_ctr=5 opt_step=80 E=0.312 g=0.094 VarTD=0.137418 ret_end=-27.174 dbar_end=0.754 occ_end=0.112 CSR_train=0.000 done_count=125
[upd 90] u=0 upd_ctr=5 opt_step=80 E=0.603 g=0.094 VarTD=0.130418 ret_end=-27.031 dbar_end=0.752 occ_end=0.192 CSR_train=0.000 done_count=125
[upd 100] u=0 upd_ctr=6 opt_step=96 E=0.310 g=0.101 VarTD=0.158334 ret_end=-27.280 dbar_end=0.731 occ_end=0.232 CSR_train=0.000 done_count=125
[upd 110] u=0 upd_ctr=6 opt_step=96 E=0.621 g=0.107 VarTD=0.136121 ret_end=-27.099 dbar_end=0.712 occ_end=0.224 CSR_train=0.000 done_count=125
[upd 120] u=0 upd_ctr=7 opt_step=112 E=0.347 g=0.130 VarTD=0.133192 ret_end=-25.561 dbar_end=0.649 occ_end=0.240 CSR_train=0.000 done_count=125
[Gate5 check] update_counter violations: t0=0 diffs=0
[Gate5 check] opt_step violations: t0=0 diffs=0 (expected_inc=16)
[Gate5 check] NaN masking: nan_on_skip=True finite_on_update=True
[Gate5 summary] mean_update_fraction=0.0560 final_executed_updates_mean=7.00
[Gate5 eval] done_count mean=100.0 CSR mean=0.0000 len_end_mean=26.00
[Gate5 eval] episodes_per_env=4 T_eval=104
[Gate5 eval-debug] locked_eps_occ=0.20 pre(step25): dbar_end=0.544775 occupied_end_mean=0.350000 max_tilde_end_mean=0.791842 CSR@locked=0.000000
[Gate5 eval-debug] locked_eps_occ=0.20 post(step26): dbar_end=0.546759 occupied_end_mean=0.320000 max_tilde_end_mean=0.791523 CSR@locked=0.000000
[Gate5 eval-debug] CSR_pre@0.10=0.0000 CSR_pre@0.15=0.0000 CSR_pre@0.20=0.0000 CSR_pre@0.25=0.0100 CSR_pre@0.30=0.0200
[Gate5 eval-debug] CSR_post@0.10=0.0000 CSR_post@0.15=0.0000 CSR_post@0.20=0.0000 CSR_post@0.25=0.0000 CSR_post@0.30=0.0200
