Importing submoduled environments...
Submoduled environments not found. Skipping import.
[upd 0] u=1 upd_ctr=1 opt_step=16 E=0.119 g=0.097 VarTD=0.135831 ret_end=-26.760 dbar_end=0.743 occ_end=0.210 CSR_train=0.000 done_count=100
[upd 10] u=0 upd_ctr=1 opt_step=16 E=0.309 g=0.103 VarTD=0.167736 ret_end=-26.060 dbar_end=0.724 occ_end=0.152 CSR_train=0.000 done_count=125
[upd 20] u=0 upd_ctr=1 opt_step=16 E=0.492 g=0.084 VarTD=0.172577 ret_end=-27.648 dbar_end=0.790 occ_end=0.136 CSR_train=0.000 done_count=125
[upd 30] u=0 upd_ctr=1 opt_step=16 E=0.673 g=0.092 VarTD=0.196471 ret_end=-27.026 dbar_end=0.761 occ_end=0.144 CSR_train=0.008 done_count=125
[upd 40] u=0 upd_ctr=1 opt_step=16 E=0.861 g=0.099 VarTD=0.146959 ret_end=-26.793 dbar_end=0.736 occ_end=0.152 CSR_train=0.000 done_count=125
[upd 50] u=0 upd_ctr=2 opt_step=32 E=0.152 g=0.089 VarTD=0.153518 ret_end=-27.311 dbar_end=0.772 occ_end=0.104 CSR_train=0.000 done_count=125
[upd 60] u=0 upd_ctr=2 opt_step=32 E=0.342 g=0.098 VarTD=0.142558 ret_end=-27.843 dbar_end=0.738 occ_end=0.216 CSR_train=0.000 done_count=125
[upd 70] u=0 upd_ctr=2 opt_step=32 E=0.543 g=0.098 VarTD=0.129768 ret_end=-27.269 dbar_end=0.740 occ_end=0.136 CSR_train=0.000 done_count=125
[upd 80] u=0 upd_ctr=2 opt_step=32 E=0.740 g=0.099 VarTD=0.127648 ret_end=-26.992 dbar_end=0.736 occ_end=0.184 CSR_train=0.000 done_count=125
[upd 90] u=1 upd_ctr=3 opt_step=48 E=0.028 g=0.086 VarTD=0.125300 ret_end=-28.037 dbar_end=0.782 occ_end=0.104 CSR_train=0.000 done_count=125
[upd 100] u=0 upd_ctr=3 opt_step=48 E=0.228 g=0.093 VarTD=0.142350 ret_end=-27.424 dbar_end=0.758 occ_end=0.128 CSR_train=0.000 done_count=125
[upd 110] u=0 upd_ctr=3 opt_step=48 E=0.434 g=0.111 VarTD=0.151377 ret_end=-25.600 dbar_end=0.700 occ_end=0.200 CSR_train=0.000 done_count=125
[upd 120] u=0 upd_ctr=3 opt_step=48 E=0.640 g=0.110 VarTD=0.138065 ret_end=-25.953 dbar_end=0.702 occ_end=0.144 CSR_train=0.000 done_count=125
[upd 130] u=0 upd_ctr=3 opt_step=48 E=0.842 g=0.090 VarTD=0.132525 ret_end=-27.379 dbar_end=0.765 occ_end=0.160 CSR_train=0.000 done_count=100
[upd 140] u=0 upd_ctr=4 opt_step=64 E=0.149 g=0.099 VarTD=0.180819 ret_end=-27.663 dbar_end=0.736 occ_end=0.160 CSR_train=0.000 done_count=125
[upd 150] u=0 upd_ctr=4 opt_step=64 E=0.357 g=0.100 VarTD=0.163988 ret_end=-27.236 dbar_end=0.732 occ_end=0.112 CSR_train=0.000 done_count=125
[upd 160] u=0 upd_ctr=4 opt_step=64 E=0.566 g=0.094 VarTD=0.153300 ret_end=-27.337 dbar_end=0.754 occ_end=0.184 CSR_train=0.000 done_count=125
[upd 170] u=0 upd_ctr=4 opt_step=64 E=0.778 g=0.109 VarTD=0.157559 ret_end=-26.544 dbar_end=0.706 occ_end=0.216 CSR_train=0.000 done_count=125
[upd 180] u=0 upd_ctr=5 opt_step=80 E=0.098 g=0.116 VarTD=0.131279 ret_end=-26.361 dbar_end=0.686 occ_end=0.176 CSR_train=0.008 done_count=125
[upd 190] u=0 upd_ctr=5 opt_step=80 E=0.322 g=0.113 VarTD=0.137769 ret_end=-25.943 dbar_end=0.694 occ_end=0.136 CSR_train=0.000 done_count=125
[upd 200] u=0 upd_ctr=5 opt_step=80 E=0.551 g=0.103 VarTD=0.170497 ret_end=-27.562 dbar_end=0.725 occ_end=0.208 CSR_train=0.000 done_count=125
[upd 210] u=0 upd_ctr=5 opt_step=80 E=0.766 g=0.094 VarTD=0.149218 ret_end=-27.812 dbar_end=0.752 occ_end=0.176 CSR_train=0.000 done_count=125
[upd 220] u=0 upd_ctr=6 opt_step=96 E=0.094 g=0.122 VarTD=0.143567 ret_end=-25.859 dbar_end=0.670 occ_end=0.224 CSR_train=0.008 done_count=125
[upd 230] u=0 upd_ctr=6 opt_step=96 E=0.334 g=0.116 VarTD=0.118573 ret_end=-25.043 dbar_end=0.685 occ_end=0.152 CSR_train=0.000 done_count=125
[upd 240] u=0 upd_ctr=6 opt_step=96 E=0.571 g=0.123 VarTD=0.137775 ret_end=-25.274 dbar_end=0.669 occ_end=0.232 CSR_train=0.000 done_count=125
[upd 250] u=0 upd_ctr=6 opt_step=96 E=0.807 g=0.125 VarTD=0.138851 ret_end=-25.963 dbar_end=0.661 occ_end=0.208 CSR_train=0.008 done_count=125
[upd 260] u=0 upd_ctr=7 opt_step=112 E=0.146 g=0.117 VarTD=0.148578 ret_end=-25.445 dbar_end=0.683 occ_end=0.190 CSR_train=0.000 done_count=100
[upd 270] u=0 upd_ctr=7 opt_step=112 E=0.391 g=0.130 VarTD=0.120776 ret_end=-24.787 dbar_end=0.651 occ_end=0.232 CSR_train=0.000 done_count=125
[upd 280] u=0 upd_ctr=7 opt_step=112 E=0.638 g=0.121 VarTD=0.152818 ret_end=-25.947 dbar_end=0.672 occ_end=0.224 CSR_train=0.008 done_count=125
[upd 290] u=0 upd_ctr=7 opt_step=112 E=0.884 g=0.117 VarTD=0.166937 ret_end=-25.798 dbar_end=0.684 occ_end=0.168 CSR_train=0.000 done_count=125
[upd 300] u=0 upd_ctr=8 opt_step=128 E=0.226 g=0.113 VarTD=0.132728 ret_end=-26.415 dbar_end=0.694 occ_end=0.176 CSR_train=0.000 done_count=125
[upd 310] u=0 upd_ctr=8 opt_step=128 E=0.481 g=0.127 VarTD=0.130129 ret_end=-25.587 dbar_end=0.657 occ_end=0.208 CSR_train=0.000 done_count=125
[Gate5 check] update_counter violations: t0=0 diffs=0
[Gate5 check] opt_step violations: t0=0 diffs=0 (expected_inc=16)
[Gate5 check] NaN masking: nan_on_skip=True finite_on_update=True
[Gate5 summary] mean_update_fraction=0.0256 final_executed_updates_mean=8.00
[Gate5 eval] done_count mean=100.0 CSR mean=0.0000 len_end_mean=26.00
[Gate5 eval] episodes_per_env=4 T_eval=104
[Gate5 eval-debug] locked_eps_occ=0.20 pre(step25): dbar_end=0.487136 occupied_end_mean=0.400000 max_tilde_end_mean=0.700378 CSR@locked=0.000000
[Gate5 eval-debug] locked_eps_occ=0.20 post(step26): dbar_end=0.482545 occupied_end_mean=0.430000 max_tilde_end_mean=0.699019 CSR@locked=0.000000
[Gate5 eval-debug] CSR_pre@0.10=0.0000 CSR_pre@0.15=0.0000 CSR_pre@0.20=0.0000 CSR_pre@0.25=0.0100 CSR_pre@0.30=0.0400
[Gate5 eval-debug] CSR_post@0.10=0.0000 CSR_post@0.15=0.0000 CSR_post@0.20=0.0000 CSR_post@0.25=0.0100 CSR_post@0.30=0.0400
