Importing submoduled environments...
Submoduled environments not found. Skipping import.
[upd 0] u=1 upd_ctr=1 opt_step=16 E=0.189 g=0.099 VarTD=0.140656 ret_end=-26.323 dbar_end=0.738 occ_end=0.170 CSR_train=0.000 done_count=100
[upd 10] u=1 upd_ctr=2 opt_step=32 E=0.095 g=0.094 VarTD=0.164372 ret_end=-27.885 dbar_end=0.755 occ_end=0.144 CSR_train=0.000 done_count=125
[upd 20] u=0 upd_ctr=2 opt_step=32 E=0.918 g=0.088 VarTD=0.157439 ret_end=-27.937 dbar_end=0.773 occ_end=0.112 CSR_train=0.000 done_count=125
[upd 30] u=0 upd_ctr=3 opt_step=48 E=0.835 g=0.091 VarTD=0.183782 ret_end=-27.313 dbar_end=0.763 occ_end=0.176 CSR_train=0.000 done_count=125
[upd 40] u=0 upd_ctr=4 opt_step=64 E=0.789 g=0.096 VarTD=0.141259 ret_end=-26.937 dbar_end=0.747 occ_end=0.208 CSR_train=0.000 done_count=125
[upd 50] u=0 upd_ctr=5 opt_step=80 E=0.765 g=0.098 VarTD=0.135620 ret_end=-27.176 dbar_end=0.738 occ_end=0.136 CSR_train=0.000 done_count=125
[upd 60] u=0 upd_ctr=6 opt_step=96 E=0.806 g=0.095 VarTD=0.143597 ret_end=-27.045 dbar_end=0.749 occ_end=0.184 CSR_train=0.000 done_count=125
[upd 70] u=0 upd_ctr=7 opt_step=112 E=0.897 g=0.115 VarTD=0.139852 ret_end=-26.104 dbar_end=0.688 occ_end=0.192 CSR_train=0.000 done_count=125
[upd 80] u=1 upd_ctr=9 opt_step=144 E=0.101 g=0.108 VarTD=0.172478 ret_end=-26.789 dbar_end=0.710 occ_end=0.184 CSR_train=0.000 done_count=125
[upd 90] u=0 upd_ctr=10 opt_step=160 E=0.288 g=0.136 VarTD=0.157103 ret_end=-24.321 dbar_end=0.635 occ_end=0.176 CSR_train=0.000 done_count=125
[upd 100] u=0 upd_ctr=11 opt_step=176 E=0.573 g=0.128 VarTD=0.201626 ret_end=-26.085 dbar_end=0.656 occ_end=0.192 CSR_train=0.000 done_count=125
[upd 110] u=0 upd_ctr=12 opt_step=192 E=0.879 g=0.136 VarTD=0.197143 ret_end=-25.548 dbar_end=0.635 occ_end=0.160 CSR_train=0.000 done_count=125
[upd 120] u=0 upd_ctr=14 opt_step=224 E=0.408 g=0.160 VarTD=0.245264 ret_end=-24.174 dbar_end=0.583 occ_end=0.256 CSR_train=0.000 done_count=125
[upd 130] u=0 upd_ctr=15 opt_step=240 E=0.910 g=0.153 VarTD=0.255857 ret_end=-25.046 dbar_end=0.598 occ_end=0.290 CSR_train=0.000 done_count=100
[upd 140] u=0 upd_ctr=17 opt_step=272 E=0.505 g=0.150 VarTD=0.383310 ret_end=-24.283 dbar_end=0.604 occ_end=0.248 CSR_train=0.000 done_count=125
[upd 150] u=1 upd_ctr=19 opt_step=304 E=0.155 g=0.144 VarTD=0.465683 ret_end=-24.293 dbar_end=0.617 occ_end=0.216 CSR_train=0.000 done_count=125
[upd 160] u=0 upd_ctr=20 opt_step=320 E=0.656 g=0.160 VarTD=0.595159 ret_end=-23.606 dbar_end=0.585 occ_end=0.264 CSR_train=0.000 done_count=125
[upd 170] u=0 upd_ctr=22 opt_step=352 E=0.315 g=0.167 VarTD=0.820466 ret_end=-23.693 dbar_end=0.570 occ_end=0.256 CSR_train=0.000 done_count=125
[upd 180] u=0 upd_ctr=23 opt_step=368 E=0.899 g=0.151 VarTD=0.890792 ret_end=-24.685 dbar_end=0.601 occ_end=0.224 CSR_train=0.000 done_count=125
[upd 190] u=0 upd_ctr=25 opt_step=400 E=0.525 g=0.165 VarTD=1.178844 ret_end=-23.827 dbar_end=0.573 occ_end=0.312 CSR_train=0.008 done_count=125
[upd 200] u=1 upd_ctr=27 opt_step=432 E=0.227 g=0.152 VarTD=1.226021 ret_end=-24.144 dbar_end=0.599 occ_end=0.208 CSR_train=0.000 done_count=125
[upd 210] u=0 upd_ctr=28 opt_step=448 E=0.886 g=0.166 VarTD=1.517803 ret_end=-24.219 dbar_end=0.572 occ_end=0.264 CSR_train=0.000 done_count=125
[upd 220] u=0 upd_ctr=30 opt_step=480 E=0.571 g=0.176 VarTD=1.850311 ret_end=-24.226 dbar_end=0.553 occ_end=0.288 CSR_train=0.000 done_count=125
[upd 230] u=1 upd_ctr=32 opt_step=512 E=0.257 g=0.174 VarTD=1.953728 ret_end=-23.397 dbar_end=0.557 occ_end=0.272 CSR_train=0.000 done_count=125
[upd 240] u=0 upd_ctr=33 opt_step=528 E=0.876 g=0.174 VarTD=2.294775 ret_end=-23.143 dbar_end=0.557 occ_end=0.248 CSR_train=0.000 done_count=125
[upd 250] u=0 upd_ctr=35 opt_step=560 E=0.552 g=0.163 VarTD=2.617208 ret_end=-25.013 dbar_end=0.577 occ_end=0.368 CSR_train=0.000 done_count=125
[upd 260] u=1 upd_ctr=37 opt_step=592 E=0.251 g=0.168 VarTD=2.279430 ret_end=-24.148 dbar_end=0.569 occ_end=0.220 CSR_train=0.000 done_count=100
[upd 270] u=0 upd_ctr=38 opt_step=608 E=0.934 g=0.196 VarTD=3.163225 ret_end=-22.275 dbar_end=0.518 occ_end=0.232 CSR_train=0.000 done_count=125
[upd 280] u=0 upd_ctr=40 opt_step=640 E=0.756 g=0.193 VarTD=3.539361 ret_end=-23.020 dbar_end=0.524 occ_end=0.336 CSR_train=0.000 done_count=125
[upd 290] u=0 upd_ctr=42 opt_step=672 E=0.601 g=0.196 VarTD=3.773314 ret_end=-22.358 dbar_end=0.520 occ_end=0.352 CSR_train=0.000 done_count=125
[upd 300] u=0 upd_ctr=44 opt_step=704 E=0.434 g=0.184 VarTD=4.116436 ret_end=-23.445 dbar_end=0.540 occ_end=0.280 CSR_train=0.000 done_count=125
[upd 310] u=1 upd_ctr=46 opt_step=736 E=0.261 g=0.179 VarTD=4.263677 ret_end=-23.597 dbar_end=0.548 occ_end=0.384 CSR_train=0.000 done_count=125
[Gate5 check] update_counter violations: t0=0 diffs=0
[Gate5 check] opt_step violations: t0=0 diffs=0 (expected_inc=16)
[Gate5 check] NaN masking: nan_on_skip=True finite_on_update=True
[Gate5 summary] mean_update_fraction=0.1474 final_executed_updates_mean=46.00
[Gate5 eval] done_count mean=100.0 CSR mean=0.0200 len_end_mean=26.00
[Gate5 eval] episodes_per_env=4 T_eval=104
[Gate5 eval-debug] locked_eps_occ=0.20 pre(step25): dbar_end=0.499818 occupied_end_mean=0.400000 max_tilde_end_mean=0.714571 CSR@locked=0.010000
[Gate5 eval-debug] locked_eps_occ=0.20 post(step26): dbar_end=0.495825 occupied_end_mean=0.420000 max_tilde_end_mean=0.712844 CSR@locked=0.020000
[Gate5 eval-debug] CSR_pre@0.10=0.0000 CSR_pre@0.15=0.0100 CSR_pre@0.20=0.0100 CSR_pre@0.25=0.0100 CSR_pre@0.30=0.0500
[Gate5 eval-debug] CSR_post@0.10=0.0000 CSR_post@0.15=0.0000 CSR_post@0.20=0.0200 CSR_post@0.25=0.0200 CSR_post@0.30=0.0500
