Importing submoduled environments...
Submoduled environments not found. Skipping import.
[upd 0] u=1 upd_ctr=1 opt_step=16 E=0.194 g=0.094 VarTD=0.156314 ret_end=-27.700 dbar_end=0.751 occ_end=0.180 CSR_train=0.010 done_count=100
[upd 10] u=0 upd_ctr=2 opt_step=32 E=0.266 g=0.117 VarTD=0.128083 ret_end=-25.631 dbar_end=0.684 occ_end=0.176 CSR_train=0.000 done_count=125
[upd 20] u=0 upd_ctr=3 opt_step=48 E=0.391 g=0.108 VarTD=0.137978 ret_end=-26.214 dbar_end=0.708 occ_end=0.192 CSR_train=0.000 done_count=125
[upd 30] u=0 upd_ctr=4 opt_step=64 E=0.563 g=0.110 VarTD=0.146659 ret_end=-26.825 dbar_end=0.702 occ_end=0.184 CSR_train=0.000 done_count=125
[upd 40] u=0 upd_ctr=5 opt_step=80 E=0.827 g=0.114 VarTD=0.136664 ret_end=-26.452 dbar_end=0.693 occ_end=0.176 CSR_train=0.000 done_count=125
[upd 50] u=1 upd_ctr=7 opt_step=112 E=0.211 g=0.130 VarTD=0.141637 ret_end=-25.812 dbar_end=0.650 occ_end=0.200 CSR_train=0.000 done_count=125
[upd 60] u=0 upd_ctr=8 opt_step=128 E=0.559 g=0.127 VarTD=0.157436 ret_end=-24.664 dbar_end=0.657 occ_end=0.208 CSR_train=0.000 done_count=125
[upd 70] u=0 upd_ctr=9 opt_step=144 E=0.970 g=0.135 VarTD=0.146390 ret_end=-24.723 dbar_end=0.638 occ_end=0.200 CSR_train=0.000 done_count=125
[upd 80] u=0 upd_ctr=11 opt_step=176 E=0.487 g=0.135 VarTD=0.176951 ret_end=-25.923 dbar_end=0.638 occ_end=0.160 CSR_train=0.000 done_count=125
[upd 90] u=0 upd_ctr=12 opt_step=192 E=0.940 g=0.122 VarTD=0.152104 ret_end=-24.924 dbar_end=0.671 occ_end=0.192 CSR_train=0.000 done_count=125
[upd 100] u=0 upd_ctr=14 opt_step=224 E=0.562 g=0.160 VarTD=0.209985 ret_end=-24.487 dbar_end=0.583 occ_end=0.272 CSR_train=0.000 done_count=125
[upd 110] u=1 upd_ctr=16 opt_step=256 E=0.258 g=0.164 VarTD=0.223351 ret_end=-23.047 dbar_end=0.576 occ_end=0.248 CSR_train=0.000 done_count=125
[upd 120] u=0 upd_ctr=17 opt_step=272 E=0.891 g=0.166 VarTD=0.325422 ret_end=-23.827 dbar_end=0.572 occ_end=0.248 CSR_train=0.000 done_count=125
[Gate5 check] update_counter violations: t0=0 diffs=0
[Gate5 check] opt_step violations: t0=0 diffs=0 (expected_inc=16)
[Gate5 check] NaN masking: nan_on_skip=True finite_on_update=True
[Gate5 summary] mean_update_fraction=0.1440 final_executed_updates_mean=18.00
[Gate5 eval] done_count mean=100.0 CSR mean=0.0300 len_end_mean=26.00
[Gate5 eval] episodes_per_env=4 T_eval=104
[Gate5 eval-debug] locked_eps_occ=0.20 pre(step25): dbar_end=0.469665 occupied_end_mean=0.550000 max_tilde_end_mean=0.679666 CSR@locked=0.020000
[Gate5 eval-debug] locked_eps_occ=0.20 post(step26): dbar_end=0.471821 occupied_end_mean=0.500000 max_tilde_end_mean=0.682642 CSR@locked=0.030000
[Gate5 eval-debug] CSR_pre@0.10=0.0000 CSR_pre@0.15=0.0100 CSR_pre@0.20=0.0200 CSR_pre@0.25=0.0500 CSR_pre@0.30=0.0600
[Gate5 eval-debug] CSR_post@0.10=0.0100 CSR_post@0.15=0.0200 CSR_post@0.20=0.0300 CSR_post@0.25=0.0400 CSR_post@0.30=0.0500
