Importing submoduled environments...
Submoduled environments not found. Skipping import.
[upd 0] u=1 upd_ctr=1 opt_step=16 E=0.218 g=0.092 VarTD=0.142843 ret_end=-27.084 dbar_end=0.760 occ_end=0.110 CSR_train=0.000 done_count=100
[upd 10] u=0 upd_ctr=1 opt_step=16 E=0.399 g=0.091 VarTD=0.164683 ret_end=-27.227 dbar_end=0.764 occ_end=0.176 CSR_train=0.000 done_count=125
[upd 20] u=0 upd_ctr=1 opt_step=16 E=0.588 g=0.080 VarTD=0.174803 ret_end=-28.589 dbar_end=0.804 occ_end=0.112 CSR_train=0.000 done_count=125
[upd 30] u=0 upd_ctr=1 opt_step=16 E=0.778 g=0.092 VarTD=0.132511 ret_end=-27.386 dbar_end=0.758 occ_end=0.160 CSR_train=0.000 done_count=125
[upd 40] u=0 upd_ctr=2 opt_step=32 E=0.173 g=0.099 VarTD=0.142727 ret_end=-26.537 dbar_end=0.735 occ_end=0.136 CSR_train=0.000 done_count=125
[upd 50] u=0 upd_ctr=2 opt_step=32 E=0.373 g=0.093 VarTD=0.133719 ret_end=-27.342 dbar_end=0.755 occ_end=0.160 CSR_train=0.000 done_count=125
[upd 60] u=0 upd_ctr=2 opt_step=32 E=0.576 g=0.118 VarTD=0.149376 ret_end=-25.526 dbar_end=0.680 occ_end=0.160 CSR_train=0.000 done_count=125
[upd 70] u=0 upd_ctr=2 opt_step=32 E=0.776 g=0.094 VarTD=0.163314 ret_end=-27.284 dbar_end=0.753 occ_end=0.144 CSR_train=0.000 done_count=125
[upd 80] u=0 upd_ctr=3 opt_step=48 E=0.186 g=0.102 VarTD=0.159147 ret_end=-26.898 dbar_end=0.728 occ_end=0.160 CSR_train=0.000 done_count=125
[upd 90] u=0 upd_ctr=3 opt_step=48 E=0.403 g=0.107 VarTD=0.127970 ret_end=-26.234 dbar_end=0.711 occ_end=0.112 CSR_train=0.000 done_count=125
[upd 100] u=0 upd_ctr=3 opt_step=48 E=0.613 g=0.104 VarTD=0.146248 ret_end=-28.044 dbar_end=0.722 occ_end=0.192 CSR_train=0.000 done_count=125
[upd 110] u=1 upd_ctr=4 opt_step=64 E=0.027 g=0.114 VarTD=0.143324 ret_end=-26.663 dbar_end=0.693 occ_end=0.176 CSR_train=0.000 done_count=125
[upd 120] u=0 upd_ctr=4 opt_step=64 E=0.255 g=0.105 VarTD=0.126739 ret_end=-26.324 dbar_end=0.719 occ_end=0.168 CSR_train=0.000 done_count=125
[Gate5 check] update_counter violations: t0=0 diffs=0
[Gate5 check] opt_step violations: t0=0 diffs=0 (expected_inc=16)
[Gate5 check] NaN masking: nan_on_skip=True finite_on_update=True
[Gate5 summary] mean_update_fraction=0.0320 final_executed_updates_mean=4.00
[Gate5 eval] done_count mean=100.0 CSR mean=0.0000 len_end_mean=26.00
[Gate5 eval] episodes_per_env=4 T_eval=104
[Gate5 eval-debug] locked_eps_occ=0.20 pre(step25): dbar_end=0.499480 occupied_end_mean=0.330000 max_tilde_end_mean=0.714340 CSR@locked=0.000000
[Gate5 eval-debug] locked_eps_occ=0.20 post(step26): dbar_end=0.501709 occupied_end_mean=0.310000 max_tilde_end_mean=0.718322 CSR@locked=0.000000
[Gate5 eval-debug] CSR_pre@0.10=0.0000 CSR_pre@0.15=0.0000 CSR_pre@0.20=0.0000 CSR_pre@0.25=0.0000 CSR_pre@0.30=0.0000
[Gate5 eval-debug] CSR_post@0.10=0.0000 CSR_post@0.15=0.0000 CSR_post@0.20=0.0000 CSR_post@0.25=0.0000 CSR_post@0.30=0.0100
