Importing submoduled environments...
Submoduled environments not found. Skipping import.
[upd 0] u=1 upd_ctr=1 opt_step=16 E=0.055 g=0.092 VarTD=0.142843 ret_end=-27.084 dbar_end=0.760 occ_end=0.110 CSR_train=0.000 done_count=100
[upd 10] u=0 upd_ctr=1 opt_step=16 E=0.598 g=0.091 VarTD=0.164683 ret_end=-27.227 dbar_end=0.764 occ_end=0.176 CSR_train=0.000 done_count=125
[upd 20] u=0 upd_ctr=2 opt_step=32 E=0.167 g=0.087 VarTD=0.170859 ret_end=-28.240 dbar_end=0.779 occ_end=0.128 CSR_train=0.000 done_count=125
[upd 30] u=0 upd_ctr=2 opt_step=32 E=0.775 g=0.099 VarTD=0.130587 ret_end=-27.236 dbar_end=0.737 occ_end=0.208 CSR_train=0.000 done_count=125
[upd 40] u=0 upd_ctr=3 opt_step=48 E=0.374 g=0.105 VarTD=0.139171 ret_end=-26.366 dbar_end=0.718 occ_end=0.160 CSR_train=0.000 done_count=125
[upd 50] u=0 upd_ctr=3 opt_step=48 E=1.000 g=0.101 VarTD=0.126886 ret_end=-26.858 dbar_end=0.729 occ_end=0.152 CSR_train=0.000 done_count=125
[upd 60] u=0 upd_ctr=4 opt_step=64 E=0.680 g=0.135 VarTD=0.150828 ret_end=-25.048 dbar_end=0.638 occ_end=0.248 CSR_train=0.000 done_count=125
[upd 70] u=0 upd_ctr=5 opt_step=80 E=0.342 g=0.107 VarTD=0.152285 ret_end=-26.513 dbar_end=0.713 occ_end=0.136 CSR_train=0.000 done_count=125
[upd 80] u=0 upd_ctr=5 opt_step=80 E=1.000 g=0.115 VarTD=0.131348 ret_end=-26.151 dbar_end=0.689 occ_end=0.224 CSR_train=0.000 done_count=125
[upd 90] u=0 upd_ctr=6 opt_step=96 E=0.734 g=0.128 VarTD=0.115976 ret_end=-25.417 dbar_end=0.655 occ_end=0.176 CSR_train=0.000 done_count=125
[upd 100] u=0 upd_ctr=7 opt_step=112 E=0.439 g=0.126 VarTD=0.148712 ret_end=-27.131 dbar_end=0.660 occ_end=0.200 CSR_train=0.008 done_count=125
[upd 110] u=0 upd_ctr=8 opt_step=128 E=0.155 g=0.138 VarTD=0.158610 ret_end=-25.652 dbar_end=0.631 occ_end=0.208 CSR_train=0.000 done_count=125
[upd 120] u=0 upd_ctr=8 opt_step=128 E=0.923 g=0.132 VarTD=0.131465 ret_end=-25.089 dbar_end=0.645 occ_end=0.208 CSR_train=0.000 done_count=125
[upd 130] u=0 upd_ctr=9 opt_step=144 E=0.616 g=0.119 VarTD=0.156202 ret_end=-25.899 dbar_end=0.677 occ_end=0.190 CSR_train=0.000 done_count=100
[upd 140] u=0 upd_ctr=10 opt_step=160 E=0.397 g=0.141 VarTD=0.187378 ret_end=-24.939 dbar_end=0.625 occ_end=0.208 CSR_train=0.000 done_count=125
[upd 150] u=0 upd_ctr=11 opt_step=176 E=0.156 g=0.135 VarTD=0.165525 ret_end=-23.986 dbar_end=0.638 occ_end=0.224 CSR_train=0.000 done_count=125
[upd 160] u=0 upd_ctr=11 opt_step=176 E=0.987 g=0.137 VarTD=0.183341 ret_end=-25.328 dbar_end=0.632 occ_end=0.272 CSR_train=0.000 done_count=125
[upd 170] u=0 upd_ctr=12 opt_step=192 E=0.773 g=0.126 VarTD=0.196099 ret_end=-25.150 dbar_end=0.660 occ_end=0.256 CSR_train=0.000 done_count=125
[upd 180] u=0 upd_ctr=13 opt_step=208 E=0.595 g=0.146 VarTD=0.210916 ret_end=-24.673 dbar_end=0.614 occ_end=0.256 CSR_train=0.000 done_count=125
[upd 190] u=0 upd_ctr=14 opt_step=224 E=0.446 g=0.143 VarTD=0.255989 ret_end=-25.401 dbar_end=0.619 occ_end=0.240 CSR_train=0.000 done_count=125
[upd 200] u=0 upd_ctr=15 opt_step=240 E=0.264 g=0.148 VarTD=0.312113 ret_end=-24.985 dbar_end=0.609 occ_end=0.240 CSR_train=0.000 done_count=125
[upd 210] u=1 upd_ctr=16 opt_step=256 E=0.094 g=0.157 VarTD=0.330319 ret_end=-24.212 dbar_end=0.589 occ_end=0.352 CSR_train=0.000 done_count=125
[upd 220] u=0 upd_ctr=16 opt_step=256 E=1.000 g=0.158 VarTD=0.334618 ret_end=-24.394 dbar_end=0.589 occ_end=0.232 CSR_train=0.000 done_count=125
[upd 230] u=0 upd_ctr=17 opt_step=272 E=0.915 g=0.148 VarTD=0.431642 ret_end=-24.373 dbar_end=0.608 occ_end=0.248 CSR_train=0.000 done_count=125
[upd 240] u=0 upd_ctr=18 opt_step=288 E=0.849 g=0.153 VarTD=0.522561 ret_end=-25.127 dbar_end=0.598 occ_end=0.200 CSR_train=0.000 done_count=125
[upd 250] u=0 upd_ctr=19 opt_step=304 E=0.756 g=0.149 VarTD=0.536738 ret_end=-25.085 dbar_end=0.607 occ_end=0.312 CSR_train=0.000 done_count=125
[upd 260] u=0 upd_ctr=20 opt_step=320 E=0.670 g=0.154 VarTD=0.543770 ret_end=-23.709 dbar_end=0.596 occ_end=0.260 CSR_train=0.000 done_count=100
[upd 270] u=0 upd_ctr=21 opt_step=336 E=0.580 g=0.158 VarTD=0.748201 ret_end=-23.950 dbar_end=0.587 occ_end=0.192 CSR_train=0.008 done_count=125
[upd 280] u=0 upd_ctr=22 opt_step=352 E=0.485 g=0.178 VarTD=0.836713 ret_end=-23.531 dbar_end=0.549 occ_end=0.360 CSR_train=0.000 done_count=125
[upd 290] u=0 upd_ctr=23 opt_step=368 E=0.389 g=0.170 VarTD=0.931021 ret_end=-24.209 dbar_end=0.563 occ_end=0.296 CSR_train=0.000 done_count=125
[upd 300] u=0 upd_ctr=24 opt_step=384 E=0.285 g=0.158 VarTD=1.014999 ret_end=-23.914 dbar_end=0.588 occ_end=0.224 CSR_train=0.000 done_count=125
[upd 310] u=0 upd_ctr=25 opt_step=400 E=0.187 g=0.158 VarTD=1.166913 ret_end=-24.299 dbar_end=0.588 occ_end=0.216 CSR_train=0.000 done_count=125
[Gate5 check] update_counter violations: t0=0 diffs=0
[Gate5 check] opt_step violations: t0=0 diffs=0 (expected_inc=16)
[Gate5 check] NaN masking: nan_on_skip=True finite_on_update=True
[Gate5 summary] mean_update_fraction=0.0801 final_executed_updates_mean=25.00
[Gate5 eval] done_count mean=100.0 CSR mean=0.0100 len_end_mean=26.00
[Gate5 eval] episodes_per_env=4 T_eval=104
[Gate5 eval-debug] locked_eps_occ=0.20 pre(step25): dbar_end=0.489601 occupied_end_mean=0.380000 max_tilde_end_mean=0.705554 CSR@locked=0.000000
[Gate5 eval-debug] locked_eps_occ=0.20 post(step26): dbar_end=0.497242 occupied_end_mean=0.400000 max_tilde_end_mean=0.713817 CSR@locked=0.010000
[Gate5 eval-debug] CSR_pre@0.10=0.0000 CSR_pre@0.15=0.0000 CSR_pre@0.20=0.0000 CSR_pre@0.25=0.0200 CSR_pre@0.30=0.0600
[Gate5 eval-debug] CSR_post@0.10=0.0000 CSR_post@0.15=0.0000 CSR_post@0.20=0.0100 CSR_post@0.25=0.0400 CSR_post@0.30=0.0600
