Importing submoduled environments...
Submoduled environments not found. Skipping import.
[upd 0] u=1 upd_ctr=1 opt_step=16 E=0.164 g=0.091 VarTD=0.177780 ret_end=-27.116 dbar_end=0.762 occ_end=0.220 CSR_train=0.000 done_count=100
[upd 10] u=0 upd_ctr=1 opt_step=16 E=0.801 g=0.084 VarTD=0.168711 ret_end=-27.749 dbar_end=0.791 occ_end=0.120 CSR_train=0.000 done_count=125
[upd 20] u=0 upd_ctr=2 opt_step=32 E=0.592 g=0.099 VarTD=0.146732 ret_end=-26.939 dbar_end=0.735 occ_end=0.184 CSR_train=0.000 done_count=125
[upd 30] u=0 upd_ctr=3 opt_step=48 E=0.406 g=0.094 VarTD=0.170296 ret_end=-27.355 dbar_end=0.754 occ_end=0.104 CSR_train=0.000 done_count=125
[upd 40] u=0 upd_ctr=4 opt_step=64 E=0.206 g=0.109 VarTD=0.146441 ret_end=-26.796 dbar_end=0.706 occ_end=0.200 CSR_train=0.000 done_count=125
[upd 50] u=0 upd_ctr=4 opt_step=64 E=0.960 g=0.112 VarTD=0.151209 ret_end=-25.516 dbar_end=0.698 occ_end=0.184 CSR_train=0.000 done_count=125
[upd 60] u=0 upd_ctr=5 opt_step=80 E=0.811 g=0.105 VarTD=0.163216 ret_end=-26.435 dbar_end=0.716 occ_end=0.120 CSR_train=0.000 done_count=125
[upd 70] u=0 upd_ctr=6 opt_step=96 E=0.697 g=0.104 VarTD=0.161547 ret_end=-26.610 dbar_end=0.721 occ_end=0.248 CSR_train=0.008 done_count=125
[upd 80] u=0 upd_ctr=7 opt_step=112 E=0.553 g=0.125 VarTD=0.137620 ret_end=-25.736 dbar_end=0.661 occ_end=0.184 CSR_train=0.000 done_count=125
[upd 90] u=0 upd_ctr=8 opt_step=128 E=0.449 g=0.112 VarTD=0.151999 ret_end=-26.220 dbar_end=0.698 occ_end=0.128 CSR_train=0.000 done_count=125
[upd 100] u=0 upd_ctr=9 opt_step=144 E=0.400 g=0.128 VarTD=0.144884 ret_end=-25.133 dbar_end=0.654 occ_end=0.216 CSR_train=0.000 done_count=125
[upd 110] u=0 upd_ctr=10 opt_step=160 E=0.351 g=0.119 VarTD=0.158853 ret_end=-25.681 dbar_end=0.679 occ_end=0.136 CSR_train=0.000 done_count=125
[upd 120] u=0 upd_ctr=11 opt_step=176 E=0.293 g=0.111 VarTD=0.201050 ret_end=-26.306 dbar_end=0.700 occ_end=0.176 CSR_train=0.000 done_count=125
[upd 130] u=0 upd_ctr=12 opt_step=192 E=0.260 g=0.132 VarTD=0.174600 ret_end=-24.475 dbar_end=0.644 occ_end=0.150 CSR_train=0.000 done_count=100
[upd 140] u=0 upd_ctr=13 opt_step=208 E=0.286 g=0.147 VarTD=0.252826 ret_end=-24.848 dbar_end=0.611 occ_end=0.296 CSR_train=0.000 done_count=125
[upd 150] u=0 upd_ctr=14 opt_step=224 E=0.363 g=0.147 VarTD=0.230286 ret_end=-24.375 dbar_end=0.611 occ_end=0.280 CSR_train=0.000 done_count=125
[upd 160] u=0 upd_ctr=15 opt_step=240 E=0.437 g=0.136 VarTD=0.281700 ret_end=-25.806 dbar_end=0.636 occ_end=0.232 CSR_train=0.000 done_count=125
[upd 170] u=0 upd_ctr=16 opt_step=256 E=0.533 g=0.137 VarTD=0.320358 ret_end=-25.220 dbar_end=0.633 occ_end=0.216 CSR_train=0.000 done_count=125
[upd 180] u=0 upd_ctr=17 opt_step=272 E=0.674 g=0.156 VarTD=0.368501 ret_end=-24.482 dbar_end=0.592 occ_end=0.224 CSR_train=0.000 done_count=125
[upd 190] u=0 upd_ctr=18 opt_step=288 E=0.795 g=0.132 VarTD=0.474128 ret_end=-26.706 dbar_end=0.644 occ_end=0.192 CSR_train=0.000 done_count=125
[upd 200] u=0 upd_ctr=19 opt_step=304 E=0.959 g=0.139 VarTD=0.496307 ret_end=-24.409 dbar_end=0.628 occ_end=0.152 CSR_train=0.000 done_count=125
[upd 210] u=1 upd_ctr=21 opt_step=336 E=0.174 g=0.136 VarTD=0.587606 ret_end=-24.546 dbar_end=0.635 occ_end=0.160 CSR_train=0.000 done_count=125
[upd 220] u=0 upd_ctr=22 opt_step=352 E=0.290 g=0.139 VarTD=0.743527 ret_end=-24.420 dbar_end=0.627 occ_end=0.208 CSR_train=0.000 done_count=125
[upd 230] u=0 upd_ctr=23 opt_step=368 E=0.437 g=0.150 VarTD=0.901745 ret_end=-25.100 dbar_end=0.603 occ_end=0.184 CSR_train=0.000 done_count=125
[upd 240] u=0 upd_ctr=24 opt_step=384 E=0.577 g=0.147 VarTD=0.984187 ret_end=-25.251 dbar_end=0.610 occ_end=0.288 CSR_train=0.000 done_count=125
[upd 250] u=0 upd_ctr=25 opt_step=400 E=0.708 g=0.146 VarTD=1.122049 ret_end=-25.547 dbar_end=0.612 occ_end=0.272 CSR_train=0.000 done_count=125
[upd 260] u=0 upd_ctr=26 opt_step=416 E=0.883 g=0.162 VarTD=0.982457 ret_end=-23.591 dbar_end=0.581 occ_end=0.310 CSR_train=0.010 done_count=100
[upd 270] u=1 upd_ctr=28 opt_step=448 E=0.114 g=0.145 VarTD=1.345986 ret_end=-24.797 dbar_end=0.614 occ_end=0.192 CSR_train=0.008 done_count=125
[upd 280] u=0 upd_ctr=29 opt_step=464 E=0.272 g=0.146 VarTD=1.714888 ret_end=-25.984 dbar_end=0.612 occ_end=0.272 CSR_train=0.000 done_count=125
[upd 290] u=0 upd_ctr=30 opt_step=480 E=0.459 g=0.169 VarTD=1.873553 ret_end=-23.411 dbar_end=0.565 occ_end=0.288 CSR_train=0.000 done_count=125
[upd 300] u=0 upd_ctr=31 opt_step=496 E=0.605 g=0.145 VarTD=1.945224 ret_end=-25.181 dbar_end=0.616 occ_end=0.192 CSR_train=0.000 done_count=125
[upd 310] u=0 upd_ctr=32 opt_step=512 E=0.781 g=0.156 VarTD=2.196294 ret_end=-25.308 dbar_end=0.592 occ_end=0.232 CSR_train=0.000 done_count=125
[Gate5 check] update_counter violations: t0=0 diffs=0
[Gate5 check] opt_step violations: t0=0 diffs=0 (expected_inc=16)
[Gate5 check] NaN masking: nan_on_skip=True finite_on_update=True
[Gate5 summary] mean_update_fraction=0.1026 final_executed_updates_mean=32.00
[Gate5 eval] done_count mean=100.0 CSR mean=0.0000 len_end_mean=26.00
[Gate5 eval] episodes_per_env=4 T_eval=104
[Gate5 eval-debug] locked_eps_occ=0.20 pre(step25): dbar_end=0.478029 occupied_end_mean=0.370000 max_tilde_end_mean=0.675966 CSR@locked=0.000000
[Gate5 eval-debug] locked_eps_occ=0.20 post(step26): dbar_end=0.480311 occupied_end_mean=0.320000 max_tilde_end_mean=0.675619 CSR@locked=0.000000
[Gate5 eval-debug] CSR_pre@0.10=0.0000 CSR_pre@0.15=0.0000 CSR_pre@0.20=0.0000 CSR_pre@0.25=0.0200 CSR_pre@0.30=0.0500
[Gate5 eval-debug] CSR_post@0.10=0.0000 CSR_post@0.15=0.0000 CSR_post@0.20=0.0000 CSR_post@0.25=0.0100 CSR_post@0.30=0.0200
