Importing submoduled environments...
Submoduled environments not found. Skipping import.
[upd 0] u=1 upd_ctr=1 opt_step=16 E=0.110 g=0.097 VarTD=0.135831 ret_end=-26.760 dbar_end=0.743 occ_end=0.210 CSR_train=0.000 done_count=100
[upd 10] u=0 upd_ctr=1 opt_step=16 E=0.204 g=0.103 VarTD=0.167736 ret_end=-26.060 dbar_end=0.724 occ_end=0.152 CSR_train=0.000 done_count=125
[upd 20] u=0 upd_ctr=1 opt_step=16 E=0.296 g=0.084 VarTD=0.172577 ret_end=-27.648 dbar_end=0.790 occ_end=0.136 CSR_train=0.000 done_count=125
[upd 30] u=0 upd_ctr=1 opt_step=16 E=0.386 g=0.092 VarTD=0.196471 ret_end=-27.026 dbar_end=0.761 occ_end=0.144 CSR_train=0.008 done_count=125
[upd 40] u=0 upd_ctr=1 opt_step=16 E=0.480 g=0.099 VarTD=0.146959 ret_end=-26.793 dbar_end=0.736 occ_end=0.152 CSR_train=0.000 done_count=125
[upd 50] u=0 upd_ctr=1 opt_step=16 E=0.573 g=0.084 VarTD=0.159081 ret_end=-27.540 dbar_end=0.789 occ_end=0.112 CSR_train=0.000 done_count=125
[upd 60] u=0 upd_ctr=1 opt_step=16 E=0.666 g=0.097 VarTD=0.142268 ret_end=-27.796 dbar_end=0.743 occ_end=0.200 CSR_train=0.000 done_count=125
[upd 70] u=0 upd_ctr=1 opt_step=16 E=0.762 g=0.094 VarTD=0.135258 ret_end=-27.442 dbar_end=0.754 occ_end=0.136 CSR_train=0.000 done_count=125
[upd 80] u=0 upd_ctr=1 opt_step=16 E=0.856 g=0.097 VarTD=0.127842 ret_end=-27.221 dbar_end=0.745 occ_end=0.184 CSR_train=0.000 done_count=125
[upd 90] u=0 upd_ctr=2 opt_step=32 E=0.049 g=0.087 VarTD=0.121661 ret_end=-27.905 dbar_end=0.778 occ_end=0.104 CSR_train=0.000 done_count=125
[upd 100] u=0 upd_ctr=2 opt_step=32 E=0.144 g=0.089 VarTD=0.144059 ret_end=-27.659 dbar_end=0.771 occ_end=0.088 CSR_train=0.000 done_count=125
[upd 110] u=0 upd_ctr=2 opt_step=32 E=0.244 g=0.105 VarTD=0.159701 ret_end=-25.956 dbar_end=0.718 occ_end=0.208 CSR_train=0.008 done_count=125
[upd 120] u=0 upd_ctr=2 opt_step=32 E=0.344 g=0.106 VarTD=0.135357 ret_end=-26.275 dbar_end=0.715 occ_end=0.160 CSR_train=0.000 done_count=125
[Gate5 check] update_counter violations: t0=0 diffs=0
[Gate5 check] opt_step violations: t0=0 diffs=0 (expected_inc=16)
[Gate5 check] NaN masking: nan_on_skip=True finite_on_update=True
[Gate5 summary] mean_update_fraction=0.0160 final_executed_updates_mean=2.00
[Gate5 eval] done_count mean=100.0 CSR mean=0.0100 len_end_mean=26.00
[Gate5 eval] episodes_per_env=4 T_eval=104
[Gate5 eval-debug] locked_eps_occ=0.20 pre(step25): dbar_end=0.635172 occupied_end_mean=0.300000 max_tilde_end_mean=0.951584 CSR@locked=0.010000
[Gate5 eval-debug] locked_eps_occ=0.20 post(step26): dbar_end=0.645069 occupied_end_mean=0.280000 max_tilde_end_mean=0.968180 CSR@locked=0.010000
[Gate5 eval-debug] CSR_pre@0.10=0.0000 CSR_pre@0.15=0.0000 CSR_pre@0.20=0.0100 CSR_pre@0.25=0.0100 CSR_pre@0.30=0.0100
[Gate5 eval-debug] CSR_post@0.10=0.0000 CSR_post@0.15=0.0000 CSR_post@0.20=0.0100 CSR_post@0.25=0.0100 CSR_post@0.30=0.0100
