Importing submoduled environments...
Submoduled environments not found. Skipping import.
[upd 0] u=1 upd_ctr=1 opt_step=16 E=0.109 g=0.089 VarTD=0.155748 ret_end=-26.495 dbar_end=0.769 occ_end=0.110 CSR_train=0.000 done_count=100
[upd 10] u=0 upd_ctr=1 opt_step=16 E=0.201 g=0.096 VarTD=0.160584 ret_end=-27.044 dbar_end=0.748 occ_end=0.128 CSR_train=0.000 done_count=125
[upd 20] u=0 upd_ctr=1 opt_step=16 E=0.291 g=0.078 VarTD=0.217249 ret_end=-28.983 dbar_end=0.814 occ_end=0.136 CSR_train=0.000 done_count=125
[upd 30] u=0 upd_ctr=1 opt_step=16 E=0.380 g=0.087 VarTD=0.177154 ret_end=-27.554 dbar_end=0.779 occ_end=0.144 CSR_train=0.000 done_count=125
[upd 40] u=0 upd_ctr=1 opt_step=16 E=0.469 g=0.089 VarTD=0.185662 ret_end=-27.313 dbar_end=0.771 occ_end=0.176 CSR_train=0.000 done_count=125
[upd 50] u=0 upd_ctr=1 opt_step=16 E=0.559 g=0.088 VarTD=0.150885 ret_end=-27.866 dbar_end=0.775 occ_end=0.144 CSR_train=0.000 done_count=125
[upd 60] u=0 upd_ctr=1 opt_step=16 E=0.647 g=0.090 VarTD=0.162488 ret_end=-27.522 dbar_end=0.767 occ_end=0.176 CSR_train=0.000 done_count=125
[upd 70] u=0 upd_ctr=1 opt_step=16 E=0.737 g=0.096 VarTD=0.158149 ret_end=-26.569 dbar_end=0.745 occ_end=0.112 CSR_train=0.000 done_count=125
[upd 80] u=0 upd_ctr=1 opt_step=16 E=0.825 g=0.084 VarTD=0.149849 ret_end=-27.718 dbar_end=0.790 occ_end=0.120 CSR_train=0.000 done_count=125
[upd 90] u=1 upd_ctr=2 opt_step=32 E=0.013 g=0.081 VarTD=0.150638 ret_end=-28.005 dbar_end=0.799 occ_end=0.192 CSR_train=0.000 done_count=125
[upd 100] u=0 upd_ctr=2 opt_step=32 E=0.104 g=0.092 VarTD=0.165565 ret_end=-27.805 dbar_end=0.760 occ_end=0.168 CSR_train=0.000 done_count=125
[upd 110] u=0 upd_ctr=2 opt_step=32 E=0.196 g=0.097 VarTD=0.151392 ret_end=-27.734 dbar_end=0.742 occ_end=0.176 CSR_train=0.000 done_count=125
[upd 120] u=0 upd_ctr=2 opt_step=32 E=0.288 g=0.108 VarTD=0.144147 ret_end=-26.460 dbar_end=0.708 occ_end=0.208 CSR_train=0.000 done_count=125
[upd 130] u=0 upd_ctr=2 opt_step=32 E=0.381 g=0.097 VarTD=0.165556 ret_end=-27.861 dbar_end=0.744 occ_end=0.270 CSR_train=0.000 done_count=100
[upd 140] u=0 upd_ctr=2 opt_step=32 E=0.473 g=0.087 VarTD=0.147522 ret_end=-27.571 dbar_end=0.779 occ_end=0.080 CSR_train=0.000 done_count=125
[upd 150] u=0 upd_ctr=2 opt_step=32 E=0.567 g=0.085 VarTD=0.157300 ret_end=-27.195 dbar_end=0.785 occ_end=0.152 CSR_train=0.000 done_count=125
[upd 160] u=0 upd_ctr=2 opt_step=32 E=0.663 g=0.098 VarTD=0.155702 ret_end=-27.634 dbar_end=0.741 occ_end=0.168 CSR_train=0.000 done_count=125
[upd 170] u=0 upd_ctr=2 opt_step=32 E=0.754 g=0.093 VarTD=0.163145 ret_end=-27.282 dbar_end=0.756 occ_end=0.192 CSR_train=0.000 done_count=125
[upd 180] u=0 upd_ctr=2 opt_step=32 E=0.848 g=0.084 VarTD=0.135723 ret_end=-27.583 dbar_end=0.789 occ_end=0.128 CSR_train=0.000 done_count=125
[upd 190] u=0 upd_ctr=3 opt_step=48 E=0.044 g=0.100 VarTD=0.172111 ret_end=-27.384 dbar_end=0.733 occ_end=0.160 CSR_train=0.000 done_count=125
[upd 200] u=0 upd_ctr=3 opt_step=48 E=0.143 g=0.096 VarTD=0.144558 ret_end=-27.305 dbar_end=0.748 occ_end=0.192 CSR_train=0.008 done_count=125
[upd 210] u=0 upd_ctr=3 opt_step=48 E=0.238 g=0.103 VarTD=0.151877 ret_end=-27.135 dbar_end=0.723 occ_end=0.144 CSR_train=0.000 done_count=125
[upd 220] u=0 upd_ctr=3 opt_step=48 E=0.335 g=0.093 VarTD=0.142155 ret_end=-27.217 dbar_end=0.756 occ_end=0.104 CSR_train=0.000 done_count=125
[upd 230] u=0 upd_ctr=3 opt_step=48 E=0.436 g=0.108 VarTD=0.141035 ret_end=-26.872 dbar_end=0.707 occ_end=0.192 CSR_train=0.000 done_count=125
[upd 240] u=0 upd_ctr=3 opt_step=48 E=0.536 g=0.095 VarTD=0.155473 ret_end=-26.883 dbar_end=0.748 occ_end=0.152 CSR_train=0.000 done_count=125
[upd 250] u=0 upd_ctr=3 opt_step=48 E=0.633 g=0.102 VarTD=0.154286 ret_end=-26.291 dbar_end=0.727 occ_end=0.144 CSR_train=0.000 done_count=125
[upd 260] u=0 upd_ctr=3 opt_step=48 E=0.732 g=0.094 VarTD=0.140190 ret_end=-27.116 dbar_end=0.752 occ_end=0.230 CSR_train=0.000 done_count=100
[upd 270] u=0 upd_ctr=3 opt_step=48 E=0.831 g=0.104 VarTD=0.148446 ret_end=-26.773 dbar_end=0.720 occ_end=0.128 CSR_train=0.000 done_count=125
[upd 280] u=0 upd_ctr=4 opt_step=64 E=0.035 g=0.094 VarTD=0.149376 ret_end=-27.842 dbar_end=0.754 occ_end=0.144 CSR_train=0.000 done_count=125
[upd 290] u=0 upd_ctr=4 opt_step=64 E=0.138 g=0.107 VarTD=0.126913 ret_end=-26.201 dbar_end=0.712 occ_end=0.096 CSR_train=0.000 done_count=125
[upd 300] u=0 upd_ctr=4 opt_step=64 E=0.241 g=0.095 VarTD=0.156919 ret_end=-27.770 dbar_end=0.748 occ_end=0.168 CSR_train=0.000 done_count=125
[upd 310] u=0 upd_ctr=4 opt_step=64 E=0.347 g=0.110 VarTD=0.150339 ret_end=-26.840 dbar_end=0.703 occ_end=0.160 CSR_train=0.000 done_count=125
[Gate5 check] update_counter violations: t0=0 diffs=0
[Gate5 check] opt_step violations: t0=0 diffs=0 (expected_inc=16)
[Gate5 check] NaN masking: nan_on_skip=True finite_on_update=True
[Gate5 summary] mean_update_fraction=0.0128 final_executed_updates_mean=4.00
[Gate5 eval] done_count mean=100.0 CSR mean=0.0000 len_end_mean=26.00
[Gate5 eval] episodes_per_env=4 T_eval=104
[Gate5 eval-debug] locked_eps_occ=0.20 pre(step25): dbar_end=0.569932 occupied_end_mean=0.240000 max_tilde_end_mean=0.830179 CSR@locked=0.000000
[Gate5 eval-debug] locked_eps_occ=0.20 post(step26): dbar_end=0.575015 occupied_end_mean=0.240000 max_tilde_end_mean=0.840763 CSR@locked=0.000000
[Gate5 eval-debug] CSR_pre@0.10=0.0000 CSR_pre@0.15=0.0000 CSR_pre@0.20=0.0000 CSR_pre@0.25=0.0000 CSR_pre@0.30=0.0100
[Gate5 eval-debug] CSR_post@0.10=0.0000 CSR_post@0.15=0.0000 CSR_post@0.20=0.0000 CSR_post@0.25=0.0000 CSR_post@0.30=0.0100
