Importing submoduled environments...
Submoduled environments not found. Skipping import.
[upd 0] u=1 upd_ctr=1 opt_step=16 E=0.092 g=0.092 VarTD=0.142843 ret_end=-27.084 dbar_end=0.760 occ_end=0.110 CSR_train=0.000 done_count=100
[upd 10] u=0 upd_ctr=1 opt_step=16 E=0.997 g=0.091 VarTD=0.164683 ret_end=-27.227 dbar_end=0.764 occ_end=0.176 CSR_train=0.000 done_count=125
[upd 20] u=0 upd_ctr=2 opt_step=32 E=0.873 g=0.084 VarTD=0.171709 ret_end=-28.379 dbar_end=0.788 occ_end=0.112 CSR_train=0.000 done_count=125
[upd 30] u=0 upd_ctr=3 opt_step=48 E=0.823 g=0.102 VarTD=0.128289 ret_end=-26.990 dbar_end=0.728 occ_end=0.216 CSR_train=0.000 done_count=125
[upd 40] u=0 upd_ctr=4 opt_step=64 E=0.831 g=0.107 VarTD=0.136113 ret_end=-26.189 dbar_end=0.711 occ_end=0.160 CSR_train=0.000 done_count=125
[upd 50] u=0 upd_ctr=5 opt_step=80 E=0.872 g=0.102 VarTD=0.125331 ret_end=-26.657 dbar_end=0.726 occ_end=0.200 CSR_train=0.000 done_count=125
[upd 60] u=0 upd_ctr=6 opt_step=96 E=0.913 g=0.128 VarTD=0.150782 ret_end=-25.024 dbar_end=0.655 occ_end=0.200 CSR_train=0.000 done_count=125
[upd 70] u=0 upd_ctr=7 opt_step=112 E=1.000 g=0.107 VarTD=0.155523 ret_end=-26.452 dbar_end=0.712 occ_end=0.112 CSR_train=0.000 done_count=125
[upd 80] u=1 upd_ctr=9 opt_step=144 E=0.125 g=0.125 VarTD=0.134803 ret_end=-25.635 dbar_end=0.663 occ_end=0.232 CSR_train=0.000 done_count=125
[upd 90] u=0 upd_ctr=10 opt_step=160 E=0.384 g=0.135 VarTD=0.143347 ret_end=-25.086 dbar_end=0.638 occ_end=0.192 CSR_train=0.000 done_count=125
[upd 100] u=0 upd_ctr=11 opt_step=176 E=0.675 g=0.143 VarTD=0.177810 ret_end=-26.258 dbar_end=0.620 occ_end=0.280 CSR_train=0.000 done_count=125
[upd 110] u=0 upd_ctr=12 opt_step=192 E=0.976 g=0.150 VarTD=0.191775 ret_end=-25.068 dbar_end=0.604 occ_end=0.264 CSR_train=0.000 done_count=125
[upd 120] u=1 upd_ctr=14 opt_step=224 E=0.141 g=0.141 VarTD=0.194051 ret_end=-24.705 dbar_end=0.624 occ_end=0.256 CSR_train=0.000 done_count=125
[upd 130] u=0 upd_ctr=15 opt_step=240 E=0.412 g=0.128 VarTD=0.243725 ret_end=-25.519 dbar_end=0.656 occ_end=0.160 CSR_train=0.000 done_count=100
[upd 140] u=0 upd_ctr=16 opt_step=256 E=0.705 g=0.147 VarTD=0.334777 ret_end=-24.557 dbar_end=0.611 occ_end=0.208 CSR_train=0.000 done_count=125
[upd 150] u=1 upd_ctr=18 opt_step=288 E=0.147 g=0.147 VarTD=0.356933 ret_end=-23.408 dbar_end=0.611 occ_end=0.264 CSR_train=0.008 done_count=125
[upd 160] u=0 upd_ctr=19 opt_step=304 E=0.606 g=0.141 VarTD=0.506289 ret_end=-24.977 dbar_end=0.623 occ_end=0.232 CSR_train=0.008 done_count=125
[upd 170] u=0 upd_ctr=20 opt_step=320 E=1.000 g=0.131 VarTD=0.574080 ret_end=-24.761 dbar_end=0.648 occ_end=0.224 CSR_train=0.000 done_count=125
[upd 180] u=0 upd_ctr=22 opt_step=352 E=0.455 g=0.148 VarTD=0.754049 ret_end=-24.322 dbar_end=0.608 occ_end=0.208 CSR_train=0.000 done_count=125
[upd 190] u=0 upd_ctr=23 opt_step=368 E=1.000 g=0.163 VarTD=0.918336 ret_end=-24.587 dbar_end=0.578 occ_end=0.296 CSR_train=0.000 done_count=125
[upd 200] u=0 upd_ctr=25 opt_step=400 E=0.470 g=0.157 VarTD=1.120529 ret_end=-24.400 dbar_end=0.590 occ_end=0.232 CSR_train=0.000 done_count=125
[upd 210] u=0 upd_ctr=26 opt_step=416 E=0.997 g=0.176 VarTD=1.273129 ret_end=-23.430 dbar_end=0.554 occ_end=0.296 CSR_train=0.000 done_count=125
[upd 220] u=0 upd_ctr=28 opt_step=448 E=0.527 g=0.175 VarTD=1.533221 ret_end=-23.560 dbar_end=0.555 occ_end=0.328 CSR_train=0.000 done_count=125
[upd 230] u=1 upd_ctr=30 opt_step=480 E=0.163 g=0.163 VarTD=1.681391 ret_end=-23.624 dbar_end=0.577 occ_end=0.312 CSR_train=0.008 done_count=125
[upd 240] u=0 upd_ctr=31 opt_step=496 E=0.889 g=0.172 VarTD=2.064805 ret_end=-23.926 dbar_end=0.560 occ_end=0.264 CSR_train=0.000 done_count=125
[upd 250] u=0 upd_ctr=33 opt_step=528 E=0.529 g=0.174 VarTD=2.329622 ret_end=-24.371 dbar_end=0.557 occ_end=0.328 CSR_train=0.008 done_count=125
[upd 260] u=1 upd_ctr=35 opt_step=560 E=0.170 g=0.170 VarTD=2.012638 ret_end=-22.961 dbar_end=0.565 occ_end=0.310 CSR_train=0.000 done_count=100
[upd 270] u=0 upd_ctr=36 opt_step=576 E=0.923 g=0.175 VarTD=2.819936 ret_end=-23.275 dbar_end=0.555 occ_end=0.192 CSR_train=0.000 done_count=125
[upd 280] u=0 upd_ctr=38 opt_step=608 E=0.550 g=0.191 VarTD=3.209859 ret_end=-22.928 dbar_end=0.528 occ_end=0.304 CSR_train=0.000 done_count=125
[upd 290] u=1 upd_ctr=40 opt_step=640 E=0.186 g=0.186 VarTD=3.381851 ret_end=-23.181 dbar_end=0.535 occ_end=0.280 CSR_train=0.000 done_count=125
[upd 300] u=0 upd_ctr=41 opt_step=656 E=0.883 g=0.177 VarTD=3.628987 ret_end=-23.276 dbar_end=0.552 occ_end=0.312 CSR_train=0.000 done_count=125
[upd 310] u=0 upd_ctr=43 opt_step=688 E=0.522 g=0.184 VarTD=4.055799 ret_end=-23.742 dbar_end=0.539 occ_end=0.376 CSR_train=0.000 done_count=125
[Gate5 check] update_counter violations: t0=0 diffs=0
[Gate5 check] opt_step violations: t0=0 diffs=0 (expected_inc=16)
[Gate5 check] NaN masking: nan_on_skip=True finite_on_update=True
[Gate5 summary] mean_update_fraction=0.1378 final_executed_updates_mean=43.00
[Gate5 eval] done_count mean=100.0 CSR mean=0.0200 len_end_mean=26.00
[Gate5 eval] episodes_per_env=4 T_eval=104
[Gate5 eval-debug] locked_eps_occ=0.20 pre(step25): dbar_end=0.489161 occupied_end_mean=0.340000 max_tilde_end_mean=0.706138 CSR@locked=0.000000
[Gate5 eval-debug] locked_eps_occ=0.20 post(step26): dbar_end=0.490244 occupied_end_mean=0.360000 max_tilde_end_mean=0.699082 CSR@locked=0.020000
[Gate5 eval-debug] CSR_pre@0.10=0.0000 CSR_pre@0.15=0.0000 CSR_pre@0.20=0.0000 CSR_pre@0.25=0.0300 CSR_pre@0.30=0.0300
[Gate5 eval-debug] CSR_post@0.10=0.0000 CSR_post@0.15=0.0100 CSR_post@0.20=0.0200 CSR_post@0.25=0.0300 CSR_post@0.30=0.0300
