Importing submoduled environments...
Submoduled environments not found. Skipping import.
[upd 0] u=1 upd_ctr=1 opt_step=16 E=0.909 g=0.092 VarTD=0.142843 ret_end=-27.084 dbar_end=0.760 occ_end=0.110 CSR_train=0.000 done_count=100
[upd 10] u=1 upd_ctr=11 opt_step=176 E=0.026 g=0.126 VarTD=0.157753 ret_end=-24.935 dbar_end=0.659 occ_end=0.184 CSR_train=0.000 done_count=125
[upd 20] u=0 upd_ctr=12 opt_step=192 E=0.062 g=0.129 VarTD=0.205870 ret_end=-26.622 dbar_end=0.652 occ_end=0.168 CSR_train=0.000 done_count=125
[upd 30] u=0 upd_ctr=13 opt_step=208 E=0.101 g=0.147 VarTD=0.198147 ret_end=-25.088 dbar_end=0.610 occ_end=0.280 CSR_train=0.008 done_count=125
[upd 40] u=0 upd_ctr=15 opt_step=240 E=0.043 g=0.132 VarTD=0.275698 ret_end=-25.075 dbar_end=0.646 occ_end=0.224 CSR_train=0.000 done_count=125
[upd 50] u=0 upd_ctr=16 opt_step=256 E=0.085 g=0.141 VarTD=0.299172 ret_end=-24.931 dbar_end=0.623 occ_end=0.208 CSR_train=0.000 done_count=125
[upd 60] u=1 upd_ctr=18 opt_step=288 E=0.030 g=0.164 VarTD=0.380886 ret_end=-23.439 dbar_end=0.575 occ_end=0.248 CSR_train=0.000 done_count=125
[upd 70] u=0 upd_ctr=19 opt_step=304 E=0.073 g=0.153 VarTD=0.509805 ret_end=-24.595 dbar_end=0.598 occ_end=0.232 CSR_train=0.000 done_count=125
[upd 80] u=1 upd_ctr=21 opt_step=336 E=0.023 g=0.144 VarTD=0.551600 ret_end=-24.604 dbar_end=0.618 occ_end=0.216 CSR_train=0.000 done_count=125
[upd 90] u=0 upd_ctr=22 opt_step=352 E=0.076 g=0.156 VarTD=0.743776 ret_end=-24.248 dbar_end=0.591 occ_end=0.272 CSR_train=0.000 done_count=125
[upd 100] u=1 upd_ctr=24 opt_step=384 E=0.031 g=0.156 VarTD=0.843843 ret_end=-25.607 dbar_end=0.591 occ_end=0.280 CSR_train=0.000 done_count=125
[upd 110] u=0 upd_ctr=25 opt_step=400 E=0.089 g=0.161 VarTD=1.071278 ret_end=-24.735 dbar_end=0.581 occ_end=0.272 CSR_train=0.000 done_count=125
[upd 120] u=0 upd_ctr=27 opt_step=432 E=0.051 g=0.163 VarTD=1.327129 ret_end=-23.916 dbar_end=0.578 occ_end=0.304 CSR_train=0.000 done_count=125
[Gate5 check] update_counter violations: t0=0 diffs=0
[Gate5 check] opt_step violations: t0=0 diffs=0 (expected_inc=16)
[Gate5 check] NaN masking: nan_on_skip=True finite_on_update=True
[Gate5 summary] mean_update_fraction=0.2240 final_executed_updates_mean=28.00
[Gate5 eval] done_count mean=100.0 CSR mean=0.0000 len_end_mean=26.00
[Gate5 eval] episodes_per_env=4 T_eval=104
[Gate5 eval-debug] locked_eps_occ=0.20 pre(step25): dbar_end=0.548185 occupied_end_mean=0.260000 max_tilde_end_mean=0.789724 CSR@locked=0.000000
[Gate5 eval-debug] locked_eps_occ=0.20 post(step26): dbar_end=0.547400 occupied_end_mean=0.310000 max_tilde_end_mean=0.793986 CSR@locked=0.000000
[Gate5 eval-debug] CSR_pre@0.10=0.0000 CSR_pre@0.15=0.0000 CSR_pre@0.20=0.0000 CSR_pre@0.25=0.0000 CSR_pre@0.30=0.0000
[Gate5 eval-debug] CSR_post@0.10=0.0000 CSR_post@0.15=0.0000 CSR_post@0.20=0.0000 CSR_post@0.25=0.0000 CSR_post@0.30=0.0300
