Importing submoduled environments...
Submoduled environments not found. Skipping import.
[upd 0] u=1 upd_ctr=1 opt_step=16 E=0.145 g=0.089 VarTD=0.203202 ret_end=-28.238 dbar_end=0.769 occ_end=0.170 CSR_train=0.000 done_count=100
[upd 10] u=0 upd_ctr=1 opt_step=16 E=0.621 g=0.094 VarTD=0.178732 ret_end=-27.407 dbar_end=0.753 occ_end=0.200 CSR_train=0.000 done_count=125
[upd 20] u=0 upd_ctr=2 opt_step=32 E=0.190 g=0.094 VarTD=0.145498 ret_end=-28.156 dbar_end=0.752 occ_end=0.168 CSR_train=0.000 done_count=125
[upd 30] u=0 upd_ctr=2 opt_step=32 E=0.659 g=0.098 VarTD=0.151609 ret_end=-27.405 dbar_end=0.738 occ_end=0.232 CSR_train=0.000 done_count=125
[upd 40] u=0 upd_ctr=3 opt_step=48 E=0.277 g=0.109 VarTD=0.135590 ret_end=-25.923 dbar_end=0.705 occ_end=0.240 CSR_train=0.000 done_count=125
[upd 50] u=0 upd_ctr=3 opt_step=48 E=0.816 g=0.099 VarTD=0.160082 ret_end=-26.810 dbar_end=0.738 occ_end=0.128 CSR_train=0.000 done_count=125
[upd 60] u=0 upd_ctr=4 opt_step=64 E=0.438 g=0.110 VarTD=0.142927 ret_end=-26.700 dbar_end=0.703 occ_end=0.152 CSR_train=0.000 done_count=125
[upd 70] u=1 upd_ctr=5 opt_step=80 E=0.087 g=0.108 VarTD=0.143121 ret_end=-26.553 dbar_end=0.710 occ_end=0.224 CSR_train=0.000 done_count=125
[upd 80] u=0 upd_ctr=5 opt_step=80 E=0.651 g=0.121 VarTD=0.144079 ret_end=-25.019 dbar_end=0.672 occ_end=0.168 CSR_train=0.000 done_count=125
[upd 90] u=0 upd_ctr=6 opt_step=96 E=0.344 g=0.129 VarTD=0.133439 ret_end=-25.475 dbar_end=0.653 occ_end=0.168 CSR_train=0.000 done_count=125
[upd 100] u=0 upd_ctr=6 opt_step=96 E=0.928 g=0.107 VarTD=0.145991 ret_end=-27.348 dbar_end=0.713 occ_end=0.160 CSR_train=0.000 done_count=125
[upd 110] u=0 upd_ctr=7 opt_step=112 E=0.620 g=0.118 VarTD=0.127173 ret_end=-26.172 dbar_end=0.682 occ_end=0.216 CSR_train=0.000 done_count=125
[upd 120] u=0 upd_ctr=8 opt_step=128 E=0.342 g=0.126 VarTD=0.149295 ret_end=-26.072 dbar_end=0.661 occ_end=0.272 CSR_train=0.000 done_count=125
[upd 130] u=1 upd_ctr=9 opt_step=144 E=0.093 g=0.126 VarTD=0.140120 ret_end=-26.175 dbar_end=0.659 occ_end=0.290 CSR_train=0.010 done_count=100
[upd 140] u=0 upd_ctr=9 opt_step=144 E=0.743 g=0.119 VarTD=0.166975 ret_end=-25.885 dbar_end=0.679 occ_end=0.200 CSR_train=0.000 done_count=125
[upd 150] u=0 upd_ctr=10 opt_step=160 E=0.477 g=0.130 VarTD=0.181910 ret_end=-26.585 dbar_end=0.650 occ_end=0.272 CSR_train=0.000 done_count=125
[upd 160] u=0 upd_ctr=11 opt_step=176 E=0.223 g=0.126 VarTD=0.163987 ret_end=-25.144 dbar_end=0.659 occ_end=0.120 CSR_train=0.000 done_count=125
[upd 170] u=0 upd_ctr=11 opt_step=176 E=0.864 g=0.126 VarTD=0.195894 ret_end=-26.264 dbar_end=0.660 occ_end=0.224 CSR_train=0.000 done_count=125
[upd 180] u=0 upd_ctr=12 opt_step=192 E=0.629 g=0.133 VarTD=0.188868 ret_end=-25.328 dbar_end=0.642 occ_end=0.224 CSR_train=0.008 done_count=125
[upd 190] u=0 upd_ctr=13 opt_step=208 E=0.405 g=0.132 VarTD=0.258468 ret_end=-25.660 dbar_end=0.646 occ_end=0.232 CSR_train=0.000 done_count=125
[upd 200] u=0 upd_ctr=14 opt_step=224 E=0.192 g=0.132 VarTD=0.227440 ret_end=-25.392 dbar_end=0.646 occ_end=0.184 CSR_train=0.000 done_count=125
[upd 210] u=0 upd_ctr=14 opt_step=224 E=0.889 g=0.134 VarTD=0.251055 ret_end=-24.853 dbar_end=0.639 occ_end=0.224 CSR_train=0.000 done_count=125
[upd 220] u=0 upd_ctr=15 opt_step=240 E=0.693 g=0.144 VarTD=0.274977 ret_end=-24.987 dbar_end=0.617 occ_end=0.224 CSR_train=0.000 done_count=125
[upd 230] u=0 upd_ctr=16 opt_step=256 E=0.518 g=0.141 VarTD=0.318981 ret_end=-24.934 dbar_end=0.623 occ_end=0.192 CSR_train=0.000 done_count=125
[upd 240] u=0 upd_ctr=17 opt_step=272 E=0.321 g=0.125 VarTD=0.374561 ret_end=-24.564 dbar_end=0.661 occ_end=0.224 CSR_train=0.000 done_count=125
[upd 250] u=1 upd_ctr=18 opt_step=288 E=0.134 g=0.152 VarTD=0.392676 ret_end=-24.917 dbar_end=0.600 occ_end=0.264 CSR_train=0.008 done_count=125
[upd 260] u=0 upd_ctr=18 opt_step=288 E=0.869 g=0.147 VarTD=0.383992 ret_end=-25.055 dbar_end=0.612 occ_end=0.230 CSR_train=0.000 done_count=100
[upd 270] u=0 upd_ctr=19 opt_step=304 E=0.714 g=0.146 VarTD=0.531239 ret_end=-25.374 dbar_end=0.612 occ_end=0.256 CSR_train=0.000 done_count=125
[upd 280] u=0 upd_ctr=20 opt_step=320 E=0.592 g=0.151 VarTD=0.608325 ret_end=-24.613 dbar_end=0.602 occ_end=0.240 CSR_train=0.000 done_count=125
[upd 290] u=0 upd_ctr=21 opt_step=336 E=0.491 g=0.157 VarTD=0.680667 ret_end=-24.033 dbar_end=0.589 occ_end=0.256 CSR_train=0.000 done_count=125
[upd 300] u=0 upd_ctr=22 opt_step=352 E=0.378 g=0.155 VarTD=0.767838 ret_end=-24.648 dbar_end=0.594 occ_end=0.216 CSR_train=0.000 done_count=125
[upd 310] u=0 upd_ctr=23 opt_step=368 E=0.280 g=0.163 VarTD=0.889070 ret_end=-23.542 dbar_end=0.578 occ_end=0.328 CSR_train=0.008 done_count=125
[Gate5 check] update_counter violations: t0=0 diffs=0
[Gate5 check] opt_step violations: t0=0 diffs=0 (expected_inc=16)
[Gate5 check] NaN masking: nan_on_skip=True finite_on_update=True
[Gate5 summary] mean_update_fraction=0.0737 final_executed_updates_mean=23.00
[Gate5 eval] done_count mean=100.0 CSR mean=0.0000 len_end_mean=26.00
[Gate5 eval] episodes_per_env=4 T_eval=104
[Gate5 eval-debug] locked_eps_occ=0.20 pre(step25): dbar_end=0.473782 occupied_end_mean=0.440000 max_tilde_end_mean=0.681491 CSR@locked=0.010000
[Gate5 eval-debug] locked_eps_occ=0.20 post(step26): dbar_end=0.484519 occupied_end_mean=0.430000 max_tilde_end_mean=0.695283 CSR@locked=0.000000
[Gate5 eval-debug] CSR_pre@0.10=0.0000 CSR_pre@0.15=0.0100 CSR_pre@0.20=0.0100 CSR_pre@0.25=0.0100 CSR_pre@0.30=0.0100
[Gate5 eval-debug] CSR_post@0.10=0.0000 CSR_post@0.15=0.0000 CSR_post@0.20=0.0000 CSR_post@0.25=0.0000 CSR_post@0.30=0.0200
