Importing submoduled environments...
Submoduled environments not found. Skipping import.
[upd 0] u=1 upd_ctr=1 opt_step=16 E=0.044 g=0.087 VarTD=0.169991 ret_end=-27.980 dbar_end=0.777 occ_end=0.130 CSR_train=0.000 done_count=100
[upd 10] u=0 upd_ctr=1 opt_step=16 E=0.512 g=0.097 VarTD=0.148660 ret_end=-28.362 dbar_end=0.744 occ_end=0.160 CSR_train=0.000 done_count=125
[upd 20] u=0 upd_ctr=1 opt_step=16 E=0.979 g=0.107 VarTD=0.133804 ret_end=-25.361 dbar_end=0.711 occ_end=0.200 CSR_train=0.000 done_count=125
[upd 30] u=0 upd_ctr=2 opt_step=32 E=0.462 g=0.105 VarTD=0.118168 ret_end=-26.239 dbar_end=0.719 occ_end=0.200 CSR_train=0.000 done_count=125
[upd 40] u=0 upd_ctr=2 opt_step=32 E=0.954 g=0.098 VarTD=0.142690 ret_end=-27.106 dbar_end=0.741 occ_end=0.136 CSR_train=0.000 done_count=125
[upd 50] u=0 upd_ctr=3 opt_step=48 E=0.397 g=0.089 VarTD=0.164656 ret_end=-28.078 dbar_end=0.769 occ_end=0.200 CSR_train=0.000 done_count=125
[upd 60] u=0 upd_ctr=3 opt_step=48 E=0.905 g=0.104 VarTD=0.148302 ret_end=-26.152 dbar_end=0.720 occ_end=0.240 CSR_train=0.000 done_count=125
[upd 70] u=0 upd_ctr=4 opt_step=64 E=0.419 g=0.107 VarTD=0.159017 ret_end=-26.794 dbar_end=0.713 occ_end=0.136 CSR_train=0.000 done_count=125
[upd 80] u=0 upd_ctr=4 opt_step=64 E=0.958 g=0.110 VarTD=0.133278 ret_end=-26.332 dbar_end=0.703 occ_end=0.224 CSR_train=0.000 done_count=125
[upd 90] u=0 upd_ctr=5 opt_step=80 E=0.466 g=0.102 VarTD=0.167789 ret_end=-26.997 dbar_end=0.726 occ_end=0.168 CSR_train=0.000 done_count=125
[upd 100] u=0 upd_ctr=5 opt_step=80 E=1.000 g=0.115 VarTD=0.127163 ret_end=-25.468 dbar_end=0.689 occ_end=0.152 CSR_train=0.000 done_count=125
[upd 110] u=0 upd_ctr=6 opt_step=96 E=0.569 g=0.115 VarTD=0.127494 ret_end=-25.807 dbar_end=0.688 occ_end=0.224 CSR_train=0.000 done_count=125
[upd 120] u=0 upd_ctr=7 opt_step=112 E=0.112 g=0.114 VarTD=0.116545 ret_end=-25.815 dbar_end=0.692 occ_end=0.128 CSR_train=0.000 done_count=125
[upd 130] u=0 upd_ctr=7 opt_step=112 E=0.698 g=0.118 VarTD=0.138780 ret_end=-26.132 dbar_end=0.681 occ_end=0.160 CSR_train=0.000 done_count=100
[upd 140] u=0 upd_ctr=8 opt_step=128 E=0.239 g=0.121 VarTD=0.168650 ret_end=-26.336 dbar_end=0.672 occ_end=0.272 CSR_train=0.008 done_count=125
[upd 150] u=0 upd_ctr=8 opt_step=128 E=0.860 g=0.132 VarTD=0.151183 ret_end=-25.549 dbar_end=0.645 occ_end=0.272 CSR_train=0.000 done_count=125
[upd 160] u=0 upd_ctr=9 opt_step=144 E=0.425 g=0.125 VarTD=0.150154 ret_end=-25.507 dbar_end=0.661 occ_end=0.216 CSR_train=0.000 done_count=125
[upd 170] u=0 upd_ctr=9 opt_step=144 E=1.000 g=0.126 VarTD=0.154110 ret_end=-25.914 dbar_end=0.660 occ_end=0.288 CSR_train=0.000 done_count=125
[upd 180] u=0 upd_ctr=10 opt_step=160 E=0.643 g=0.141 VarTD=0.156104 ret_end=-25.662 dbar_end=0.625 occ_end=0.216 CSR_train=0.000 done_count=125
[upd 190] u=0 upd_ctr=11 opt_step=176 E=0.246 g=0.123 VarTD=0.168426 ret_end=-26.082 dbar_end=0.667 occ_end=0.200 CSR_train=0.000 done_count=125
[upd 200] u=0 upd_ctr=11 opt_step=176 E=0.911 g=0.123 VarTD=0.148620 ret_end=-25.513 dbar_end=0.668 occ_end=0.096 CSR_train=0.000 done_count=125
[upd 210] u=0 upd_ctr=12 opt_step=192 E=0.534 g=0.131 VarTD=0.197437 ret_end=-25.399 dbar_end=0.648 occ_end=0.232 CSR_train=0.000 done_count=125
[upd 220] u=0 upd_ctr=13 opt_step=208 E=0.204 g=0.132 VarTD=0.201827 ret_end=-25.200 dbar_end=0.645 occ_end=0.200 CSR_train=0.000 done_count=125
[upd 230] u=0 upd_ctr=13 opt_step=208 E=0.913 g=0.131 VarTD=0.197953 ret_end=-25.113 dbar_end=0.648 occ_end=0.272 CSR_train=0.000 done_count=125
[upd 240] u=0 upd_ctr=14 opt_step=224 E=0.571 g=0.158 VarTD=0.233239 ret_end=-24.203 dbar_end=0.587 occ_end=0.264 CSR_train=0.000 done_count=125
[upd 250] u=0 upd_ctr=15 opt_step=240 E=0.210 g=0.132 VarTD=0.280295 ret_end=-25.984 dbar_end=0.646 occ_end=0.200 CSR_train=0.000 done_count=125
[upd 260] u=0 upd_ctr=15 opt_step=240 E=0.933 g=0.137 VarTD=0.226177 ret_end=-25.143 dbar_end=0.633 occ_end=0.200 CSR_train=0.000 done_count=100
[upd 270] u=0 upd_ctr=16 opt_step=256 E=0.696 g=0.158 VarTD=0.324139 ret_end=-24.793 dbar_end=0.587 occ_end=0.272 CSR_train=0.000 done_count=125
[upd 280] u=0 upd_ctr=17 opt_step=272 E=0.472 g=0.163 VarTD=0.403130 ret_end=-24.018 dbar_end=0.578 occ_end=0.288 CSR_train=0.008 done_count=125
[upd 290] u=0 upd_ctr=18 opt_step=288 E=0.243 g=0.164 VarTD=0.437642 ret_end=-23.723 dbar_end=0.577 occ_end=0.272 CSR_train=0.008 done_count=125
[upd 300] u=0 upd_ctr=18 opt_step=288 E=1.000 g=0.151 VarTD=0.418650 ret_end=-24.190 dbar_end=0.601 occ_end=0.264 CSR_train=0.000 done_count=125
[upd 310] u=0 upd_ctr=19 opt_step=304 E=0.782 g=0.159 VarTD=0.527676 ret_end=-24.524 dbar_end=0.585 occ_end=0.312 CSR_train=0.000 done_count=125
[Gate5 check] update_counter violations: t0=0 diffs=0
[Gate5 check] opt_step violations: t0=0 diffs=0 (expected_inc=16)
[Gate5 check] NaN masking: nan_on_skip=True finite_on_update=True
[Gate5 summary] mean_update_fraction=0.0609 final_executed_updates_mean=19.00
[Gate5 eval] done_count mean=100.0 CSR mean=0.0000 len_end_mean=26.00
[Gate5 eval] episodes_per_env=4 T_eval=104
[Gate5 eval-debug] locked_eps_occ=0.20 pre(step25): dbar_end=0.511251 occupied_end_mean=0.410000 max_tilde_end_mean=0.750691 CSR@locked=0.000000
[Gate5 eval-debug] locked_eps_occ=0.20 post(step26): dbar_end=0.509156 occupied_end_mean=0.380000 max_tilde_end_mean=0.750004 CSR@locked=0.000000
[Gate5 eval-debug] CSR_pre@0.10=0.0000 CSR_pre@0.15=0.0000 CSR_pre@0.20=0.0000 CSR_pre@0.25=0.0000 CSR_pre@0.30=0.0000
[Gate5 eval-debug] CSR_post@0.10=0.0000 CSR_post@0.15=0.0000 CSR_post@0.20=0.0000 CSR_post@0.25=0.0100 CSR_post@0.30=0.0100
