Importing submoduled environments...
Submoduled environments not found. Skipping import.
[upd 0] u=1 upd_ctr=1 opt_step=16 E=0.132 g=0.079 VarTD=0.177244 ret_end=-28.332 dbar_end=0.807 occ_end=0.140 CSR_train=0.000 done_count=100
[upd 10] u=0 upd_ctr=1 opt_step=16 E=0.505 g=0.093 VarTD=0.147298 ret_end=-27.080 dbar_end=0.756 occ_end=0.144 CSR_train=0.000 done_count=125
[upd 20] u=0 upd_ctr=1 opt_step=16 E=0.888 g=0.086 VarTD=0.160310 ret_end=-28.011 dbar_end=0.781 occ_end=0.160 CSR_train=0.000 done_count=125
[upd 30] u=0 upd_ctr=2 opt_step=32 E=0.371 g=0.101 VarTD=0.169990 ret_end=-27.229 dbar_end=0.730 occ_end=0.208 CSR_train=0.000 done_count=125
[upd 40] u=0 upd_ctr=2 opt_step=32 E=0.767 g=0.095 VarTD=0.149542 ret_end=-27.445 dbar_end=0.748 occ_end=0.120 CSR_train=0.000 done_count=125
[upd 50] u=0 upd_ctr=3 opt_step=48 E=0.265 g=0.097 VarTD=0.141664 ret_end=-26.885 dbar_end=0.744 occ_end=0.168 CSR_train=0.000 done_count=125
[upd 60] u=0 upd_ctr=3 opt_step=48 E=0.676 g=0.103 VarTD=0.145384 ret_end=-26.752 dbar_end=0.724 occ_end=0.208 CSR_train=0.000 done_count=125
[upd 70] u=0 upd_ctr=4 opt_step=64 E=0.192 g=0.103 VarTD=0.169769 ret_end=-27.811 dbar_end=0.724 occ_end=0.112 CSR_train=0.000 done_count=125
[upd 80] u=0 upd_ctr=4 opt_step=64 E=0.612 g=0.101 VarTD=0.175741 ret_end=-27.241 dbar_end=0.731 occ_end=0.208 CSR_train=0.000 done_count=125
[upd 90] u=0 upd_ctr=5 opt_step=80 E=0.125 g=0.109 VarTD=0.144194 ret_end=-25.871 dbar_end=0.706 occ_end=0.200 CSR_train=0.000 done_count=125
[upd 100] u=0 upd_ctr=5 opt_step=80 E=0.557 g=0.107 VarTD=0.158745 ret_end=-26.623 dbar_end=0.713 occ_end=0.192 CSR_train=0.000 done_count=125
[upd 110] u=1 upd_ctr=6 opt_step=96 E=0.076 g=0.100 VarTD=0.147448 ret_end=-27.366 dbar_end=0.734 occ_end=0.152 CSR_train=0.000 done_count=125
[upd 120] u=0 upd_ctr=6 opt_step=96 E=0.550 g=0.120 VarTD=0.164713 ret_end=-26.562 dbar_end=0.676 occ_end=0.104 CSR_train=0.000 done_count=125
[Gate5 check] update_counter violations: t0=0 diffs=0
[Gate5 check] opt_step violations: t0=0 diffs=0 (expected_inc=16)
[Gate5 check] NaN masking: nan_on_skip=True finite_on_update=True
[Gate5 summary] mean_update_fraction=0.0480 final_executed_updates_mean=6.00
[Gate5 eval] done_count mean=100.0 CSR mean=0.0000 len_end_mean=26.00
[Gate5 eval] episodes_per_env=4 T_eval=104
[Gate5 eval-debug] locked_eps_occ=0.20 pre(step25): dbar_end=0.494264 occupied_end_mean=0.360000 max_tilde_end_mean=0.712317 CSR@locked=0.000000
[Gate5 eval-debug] locked_eps_occ=0.20 post(step26): dbar_end=0.493828 occupied_end_mean=0.350000 max_tilde_end_mean=0.709874 CSR@locked=0.000000
[Gate5 eval-debug] CSR_pre@0.10=0.0000 CSR_pre@0.15=0.0000 CSR_pre@0.20=0.0000 CSR_pre@0.25=0.0000 CSR_pre@0.30=0.0400
[Gate5 eval-debug] CSR_post@0.10=0.0000 CSR_post@0.15=0.0000 CSR_post@0.20=0.0000 CSR_post@0.25=0.0100 CSR_post@0.30=0.0300
