Importing submoduled environments...
Submoduled environments not found. Skipping import.
[upd 0] u=1 upd_ctr=1 opt_step=16 E=0.086 g=0.090 VarTD=0.142063 ret_end=-26.625 dbar_end=0.768 occ_end=0.090 CSR_train=0.000 done_count=100
[upd 10] u=0 upd_ctr=1 opt_step=16 E=0.468 g=0.103 VarTD=0.114453 ret_end=-26.589 dbar_end=0.723 occ_end=0.104 CSR_train=0.000 done_count=125
[upd 20] u=0 upd_ctr=1 opt_step=16 E=0.839 g=0.094 VarTD=0.166464 ret_end=-27.135 dbar_end=0.752 occ_end=0.104 CSR_train=0.000 done_count=125
[upd 30] u=0 upd_ctr=2 opt_step=32 E=0.277 g=0.093 VarTD=0.157502 ret_end=-28.177 dbar_end=0.756 occ_end=0.152 CSR_train=0.000 done_count=125
[upd 40] u=0 upd_ctr=2 opt_step=32 E=0.671 g=0.093 VarTD=0.141485 ret_end=-26.953 dbar_end=0.755 occ_end=0.176 CSR_train=0.000 done_count=125
[upd 50] u=0 upd_ctr=3 opt_step=48 E=0.120 g=0.099 VarTD=0.141484 ret_end=-26.946 dbar_end=0.738 occ_end=0.184 CSR_train=0.000 done_count=125
[upd 60] u=0 upd_ctr=3 opt_step=48 E=0.518 g=0.096 VarTD=0.136683 ret_end=-26.617 dbar_end=0.747 occ_end=0.136 CSR_train=0.000 done_count=125
[upd 70] u=0 upd_ctr=3 opt_step=48 E=0.909 g=0.098 VarTD=0.119777 ret_end=-26.053 dbar_end=0.740 occ_end=0.168 CSR_train=0.000 done_count=125
[upd 80] u=0 upd_ctr=4 opt_step=64 E=0.383 g=0.106 VarTD=0.170426 ret_end=-26.962 dbar_end=0.716 occ_end=0.216 CSR_train=0.000 done_count=125
[upd 90] u=0 upd_ctr=4 opt_step=64 E=0.805 g=0.101 VarTD=0.134928 ret_end=-27.133 dbar_end=0.730 occ_end=0.152 CSR_train=0.000 done_count=125
[upd 100] u=0 upd_ctr=5 opt_step=80 E=0.283 g=0.111 VarTD=0.126649 ret_end=-26.651 dbar_end=0.701 occ_end=0.112 CSR_train=0.000 done_count=125
[upd 110] u=0 upd_ctr=5 opt_step=80 E=0.722 g=0.110 VarTD=0.168785 ret_end=-27.197 dbar_end=0.702 occ_end=0.152 CSR_train=0.000 done_count=125
[upd 120] u=0 upd_ctr=6 opt_step=96 E=0.207 g=0.105 VarTD=0.147045 ret_end=-26.423 dbar_end=0.717 occ_end=0.176 CSR_train=0.000 done_count=125
[upd 130] u=0 upd_ctr=6 opt_step=96 E=0.666 g=0.120 VarTD=0.132787 ret_end=-26.091 dbar_end=0.675 occ_end=0.210 CSR_train=0.000 done_count=100
[upd 140] u=0 upd_ctr=7 opt_step=112 E=0.156 g=0.109 VarTD=0.152655 ret_end=-25.659 dbar_end=0.706 occ_end=0.184 CSR_train=0.000 done_count=125
[upd 150] u=0 upd_ctr=7 opt_step=112 E=0.624 g=0.121 VarTD=0.139936 ret_end=-26.058 dbar_end=0.672 occ_end=0.168 CSR_train=0.000 done_count=125
[upd 160] u=0 upd_ctr=8 opt_step=128 E=0.165 g=0.132 VarTD=0.147945 ret_end=-25.785 dbar_end=0.646 occ_end=0.216 CSR_train=0.000 done_count=125
[upd 170] u=0 upd_ctr=8 opt_step=128 E=0.673 g=0.124 VarTD=0.169817 ret_end=-25.857 dbar_end=0.664 occ_end=0.136 CSR_train=0.000 done_count=125
[upd 180] u=0 upd_ctr=9 opt_step=144 E=0.218 g=0.120 VarTD=0.154815 ret_end=-26.170 dbar_end=0.675 occ_end=0.248 CSR_train=0.000 done_count=125
[upd 190] u=0 upd_ctr=9 opt_step=144 E=0.743 g=0.126 VarTD=0.153920 ret_end=-25.801 dbar_end=0.660 occ_end=0.192 CSR_train=0.000 done_count=125
[upd 200] u=0 upd_ctr=10 opt_step=160 E=0.299 g=0.122 VarTD=0.163184 ret_end=-25.312 dbar_end=0.671 occ_end=0.208 CSR_train=0.000 done_count=125
[upd 210] u=0 upd_ctr=10 opt_step=160 E=0.815 g=0.113 VarTD=0.189930 ret_end=-27.680 dbar_end=0.693 occ_end=0.192 CSR_train=0.000 done_count=125
[upd 220] u=0 upd_ctr=11 opt_step=176 E=0.399 g=0.144 VarTD=0.169774 ret_end=-25.656 dbar_end=0.618 occ_end=0.328 CSR_train=0.000 done_count=125
[upd 230] u=0 upd_ctr=11 opt_step=176 E=0.932 g=0.141 VarTD=0.177895 ret_end=-24.397 dbar_end=0.624 occ_end=0.240 CSR_train=0.000 done_count=125
[upd 240] u=0 upd_ctr=12 opt_step=192 E=0.514 g=0.132 VarTD=0.200212 ret_end=-25.211 dbar_end=0.645 occ_end=0.168 CSR_train=0.000 done_count=125
[upd 250] u=1 upd_ctr=13 opt_step=208 E=0.097 g=0.149 VarTD=0.185313 ret_end=-25.035 dbar_end=0.606 occ_end=0.184 CSR_train=0.000 done_count=125
[upd 260] u=0 upd_ctr=13 opt_step=208 E=0.649 g=0.138 VarTD=0.194306 ret_end=-25.433 dbar_end=0.631 occ_end=0.210 CSR_train=0.000 done_count=100
[upd 270] u=0 upd_ctr=14 opt_step=224 E=0.237 g=0.144 VarTD=0.229335 ret_end=-24.486 dbar_end=0.618 occ_end=0.208 CSR_train=0.000 done_count=125
[upd 280] u=0 upd_ctr=14 opt_step=224 E=0.787 g=0.142 VarTD=0.246838 ret_end=-24.792 dbar_end=0.622 occ_end=0.224 CSR_train=0.000 done_count=125
[upd 290] u=0 upd_ctr=15 opt_step=240 E=0.405 g=0.142 VarTD=0.280173 ret_end=-24.091 dbar_end=0.621 occ_end=0.184 CSR_train=0.000 done_count=125
[upd 300] u=0 upd_ctr=15 opt_step=240 E=0.979 g=0.144 VarTD=0.311073 ret_end=-25.230 dbar_end=0.618 occ_end=0.224 CSR_train=0.000 done_count=125
[upd 310] u=0 upd_ctr=16 opt_step=256 E=0.615 g=0.142 VarTD=0.335364 ret_end=-25.629 dbar_end=0.623 occ_end=0.200 CSR_train=0.000 done_count=125
[Gate5 check] update_counter violations: t0=0 diffs=0
[Gate5 check] opt_step violations: t0=0 diffs=0 (expected_inc=16)
[Gate5 check] NaN masking: nan_on_skip=True finite_on_update=True
[Gate5 summary] mean_update_fraction=0.0513 final_executed_updates_mean=16.00
[Gate5 eval] done_count mean=100.0 CSR mean=0.0100 len_end_mean=26.00
[Gate5 eval] episodes_per_env=4 T_eval=104
[Gate5 eval-debug] locked_eps_occ=0.20 pre(step25): dbar_end=0.490256 occupied_end_mean=0.400000 max_tilde_end_mean=0.713423 CSR@locked=0.000000
[Gate5 eval-debug] locked_eps_occ=0.20 post(step26): dbar_end=0.492257 occupied_end_mean=0.450000 max_tilde_end_mean=0.717244 CSR@locked=0.010000
[Gate5 eval-debug] CSR_pre@0.10=0.0000 CSR_pre@0.15=0.0000 CSR_pre@0.20=0.0000 CSR_pre@0.25=0.0100 CSR_pre@0.30=0.0500
[Gate5 eval-debug] CSR_post@0.10=0.0000 CSR_post@0.15=0.0000 CSR_post@0.20=0.0100 CSR_post@0.25=0.0200 CSR_post@0.30=0.0500
