Importing submoduled environments...
Submoduled environments not found. Skipping import.
[upd 0] u=1 upd_ctr=1 opt_step=16 E=0.124 g=0.079 VarTD=0.177244 ret_end=-28.332 dbar_end=0.807 occ_end=0.140 CSR_train=0.000 done_count=100
[upd 10] u=0 upd_ctr=1 opt_step=16 E=0.404 g=0.093 VarTD=0.147298 ret_end=-27.080 dbar_end=0.756 occ_end=0.144 CSR_train=0.000 done_count=125
[upd 20] u=0 upd_ctr=1 opt_step=16 E=0.691 g=0.086 VarTD=0.160310 ret_end=-28.011 dbar_end=0.781 occ_end=0.160 CSR_train=0.000 done_count=125
[upd 30] u=0 upd_ctr=2 opt_step=32 E=0.069 g=0.097 VarTD=0.172595 ret_end=-27.331 dbar_end=0.745 occ_end=0.176 CSR_train=0.000 done_count=125
[upd 40] u=0 upd_ctr=2 opt_step=32 E=0.356 g=0.090 VarTD=0.169659 ret_end=-27.767 dbar_end=0.768 occ_end=0.152 CSR_train=0.000 done_count=125
[upd 50] u=0 upd_ctr=2 opt_step=32 E=0.642 g=0.099 VarTD=0.138660 ret_end=-26.748 dbar_end=0.738 occ_end=0.152 CSR_train=0.000 done_count=125
[upd 60] u=1 upd_ctr=3 opt_step=48 E=0.036 g=0.099 VarTD=0.147345 ret_end=-26.998 dbar_end=0.737 occ_end=0.184 CSR_train=0.000 done_count=125
[upd 70] u=0 upd_ctr=3 opt_step=48 E=0.335 g=0.090 VarTD=0.184145 ret_end=-28.552 dbar_end=0.768 occ_end=0.080 CSR_train=0.000 done_count=125
[upd 80] u=0 upd_ctr=3 opt_step=48 E=0.628 g=0.093 VarTD=0.187770 ret_end=-27.782 dbar_end=0.755 occ_end=0.168 CSR_train=0.000 done_count=125
[upd 90] u=0 upd_ctr=3 opt_step=48 E=0.918 g=0.098 VarTD=0.152419 ret_end=-26.596 dbar_end=0.740 occ_end=0.232 CSR_train=0.000 done_count=125
[upd 100] u=0 upd_ctr=4 opt_step=64 E=0.323 g=0.090 VarTD=0.166404 ret_end=-27.294 dbar_end=0.767 occ_end=0.128 CSR_train=0.000 done_count=125
[upd 110] u=0 upd_ctr=4 opt_step=64 E=0.614 g=0.090 VarTD=0.164191 ret_end=-27.929 dbar_end=0.766 occ_end=0.144 CSR_train=0.000 done_count=125
[upd 120] u=1 upd_ctr=5 opt_step=80 E=0.044 g=0.110 VarTD=0.172897 ret_end=-27.100 dbar_end=0.703 occ_end=0.072 CSR_train=0.000 done_count=125
[Gate5 check] update_counter violations: t0=0 diffs=0
[Gate5 check] opt_step violations: t0=0 diffs=0 (expected_inc=16)
[Gate5 check] NaN masking: nan_on_skip=True finite_on_update=True
[Gate5 summary] mean_update_fraction=0.0400 final_executed_updates_mean=5.00
[Gate5 eval] done_count mean=100.0 CSR mean=0.0000 len_end_mean=26.00
[Gate5 eval] episodes_per_env=4 T_eval=104
[Gate5 eval-debug] locked_eps_occ=0.20 pre(step25): dbar_end=0.616496 occupied_end_mean=0.230000 max_tilde_end_mean=0.867563 CSR@locked=0.000000
[Gate5 eval-debug] locked_eps_occ=0.20 post(step26): dbar_end=0.624420 occupied_end_mean=0.170000 max_tilde_end_mean=0.883565 CSR@locked=0.000000
[Gate5 eval-debug] CSR_pre@0.10=0.0000 CSR_pre@0.15=0.0000 CSR_pre@0.20=0.0000 CSR_pre@0.25=0.0000 CSR_pre@0.30=0.0000
[Gate5 eval-debug] CSR_post@0.10=0.0000 CSR_post@0.15=0.0000 CSR_post@0.20=0.0000 CSR_post@0.25=0.0000 CSR_post@0.30=0.0000
