Importing submoduled environments...
Submoduled environments not found. Skipping import.
[upd 0] u=1 upd_ctr=1 opt_step=16 E=0.094 g=0.087 VarTD=0.169991 ret_end=-27.980 dbar_end=0.777 occ_end=0.130 CSR_train=0.000 done_count=100
[upd 10] u=0 upd_ctr=1 opt_step=16 E=0.562 g=0.097 VarTD=0.148660 ret_end=-28.362 dbar_end=0.744 occ_end=0.160 CSR_train=0.000 done_count=125
[upd 20] u=1 upd_ctr=2 opt_step=32 E=0.079 g=0.107 VarTD=0.133804 ret_end=-25.361 dbar_end=0.711 occ_end=0.200 CSR_train=0.000 done_count=125
[upd 30] u=0 upd_ctr=2 opt_step=32 E=0.599 g=0.111 VarTD=0.110419 ret_end=-25.933 dbar_end=0.699 occ_end=0.192 CSR_train=0.000 done_count=125
[upd 40] u=0 upd_ctr=3 opt_step=48 E=0.151 g=0.103 VarTD=0.135963 ret_end=-26.824 dbar_end=0.723 occ_end=0.136 CSR_train=0.000 done_count=125
[upd 50] u=0 upd_ctr=3 opt_step=48 E=0.645 g=0.091 VarTD=0.161100 ret_end=-28.039 dbar_end=0.764 occ_end=0.144 CSR_train=0.000 done_count=125
[upd 60] u=0 upd_ctr=4 opt_step=64 E=0.221 g=0.109 VarTD=0.137293 ret_end=-25.828 dbar_end=0.706 occ_end=0.232 CSR_train=0.000 done_count=125
[upd 70] u=0 upd_ctr=4 opt_step=64 E=0.766 g=0.112 VarTD=0.146741 ret_end=-26.685 dbar_end=0.698 occ_end=0.176 CSR_train=0.000 done_count=125
[upd 80] u=0 upd_ctr=5 opt_step=80 E=0.389 g=0.117 VarTD=0.125447 ret_end=-26.079 dbar_end=0.684 occ_end=0.280 CSR_train=0.000 done_count=125
[upd 90] u=0 upd_ctr=5 opt_step=80 E=0.947 g=0.115 VarTD=0.166304 ret_end=-26.757 dbar_end=0.690 occ_end=0.216 CSR_train=0.000 done_count=125
[upd 100] u=0 upd_ctr=6 opt_step=96 E=0.606 g=0.138 VarTD=0.124724 ret_end=-24.557 dbar_end=0.631 occ_end=0.208 CSR_train=0.000 done_count=125
[upd 110] u=0 upd_ctr=7 opt_step=112 E=0.277 g=0.129 VarTD=0.131616 ret_end=-25.073 dbar_end=0.651 occ_end=0.192 CSR_train=0.000 done_count=125
[upd 120] u=0 upd_ctr=7 opt_step=112 E=0.913 g=0.128 VarTD=0.111547 ret_end=-25.372 dbar_end=0.654 occ_end=0.184 CSR_train=0.000 done_count=125
[upd 130] u=0 upd_ctr=8 opt_step=128 E=0.611 g=0.132 VarTD=0.133316 ret_end=-25.609 dbar_end=0.646 occ_end=0.210 CSR_train=0.000 done_count=100
[upd 140] u=0 upd_ctr=9 opt_step=144 E=0.313 g=0.136 VarTD=0.161565 ret_end=-25.841 dbar_end=0.635 occ_end=0.248 CSR_train=0.008 done_count=125
[upd 150] u=0 upd_ctr=9 opt_step=144 E=0.977 g=0.131 VarTD=0.144899 ret_end=-25.236 dbar_end=0.649 occ_end=0.232 CSR_train=0.000 done_count=125
[upd 160] u=0 upd_ctr=10 opt_step=160 E=0.694 g=0.146 VarTD=0.145740 ret_end=-24.868 dbar_end=0.613 occ_end=0.240 CSR_train=0.000 done_count=125
[upd 170] u=0 upd_ctr=11 opt_step=176 E=0.419 g=0.137 VarTD=0.169487 ret_end=-25.460 dbar_end=0.633 occ_end=0.216 CSR_train=0.008 done_count=125
[upd 180] u=0 upd_ctr=12 opt_step=192 E=0.159 g=0.141 VarTD=0.176223 ret_end=-25.461 dbar_end=0.624 occ_end=0.264 CSR_train=0.000 done_count=125
[upd 190] u=0 upd_ctr=12 opt_step=192 E=0.840 g=0.125 VarTD=0.180587 ret_end=-25.978 dbar_end=0.662 occ_end=0.192 CSR_train=0.000 done_count=125
[upd 200] u=0 upd_ctr=13 opt_step=208 E=0.586 g=0.130 VarTD=0.185863 ret_end=-25.539 dbar_end=0.650 occ_end=0.160 CSR_train=0.000 done_count=125
[upd 210] u=0 upd_ctr=14 opt_step=224 E=0.334 g=0.137 VarTD=0.255129 ret_end=-25.421 dbar_end=0.633 occ_end=0.216 CSR_train=0.000 done_count=125
[upd 220] u=1 upd_ctr=15 opt_step=240 E=0.095 g=0.130 VarTD=0.217467 ret_end=-25.209 dbar_end=0.650 occ_end=0.160 CSR_train=0.000 done_count=125
[upd 230] u=0 upd_ctr=15 opt_step=240 E=0.812 g=0.136 VarTD=0.245863 ret_end=-24.913 dbar_end=0.635 occ_end=0.288 CSR_train=0.000 done_count=125
[upd 240] u=0 upd_ctr=16 opt_step=256 E=0.584 g=0.160 VarTD=0.306066 ret_end=-24.138 dbar_end=0.583 occ_end=0.328 CSR_train=0.000 done_count=125
[upd 250] u=0 upd_ctr=17 opt_step=272 E=0.343 g=0.131 VarTD=0.350320 ret_end=-26.100 dbar_end=0.646 occ_end=0.144 CSR_train=0.000 done_count=125
[upd 260] u=1 upd_ctr=18 opt_step=288 E=0.116 g=0.132 VarTD=0.293898 ret_end=-25.458 dbar_end=0.644 occ_end=0.170 CSR_train=0.000 done_count=100
[upd 270] u=0 upd_ctr=18 opt_step=288 E=0.888 g=0.158 VarTD=0.428244 ret_end=-24.467 dbar_end=0.587 occ_end=0.248 CSR_train=0.000 done_count=125
[upd 280] u=0 upd_ctr=19 opt_step=304 E=0.704 g=0.160 VarTD=0.519677 ret_end=-24.070 dbar_end=0.584 occ_end=0.272 CSR_train=0.008 done_count=125
[upd 290] u=0 upd_ctr=20 opt_step=320 E=0.541 g=0.164 VarTD=0.558154 ret_end=-23.476 dbar_end=0.576 occ_end=0.264 CSR_train=0.000 done_count=125
[upd 300] u=0 upd_ctr=21 opt_step=336 E=0.369 g=0.148 VarTD=0.644638 ret_end=-24.427 dbar_end=0.608 occ_end=0.272 CSR_train=0.000 done_count=125
[upd 310] u=0 upd_ctr=22 opt_step=352 E=0.221 g=0.172 VarTD=0.778812 ret_end=-24.022 dbar_end=0.561 occ_end=0.296 CSR_train=0.000 done_count=125
[Gate5 check] update_counter violations: t0=0 diffs=0
[Gate5 check] opt_step violations: t0=0 diffs=0 (expected_inc=16)
[Gate5 check] NaN masking: nan_on_skip=True finite_on_update=True
[Gate5 summary] mean_update_fraction=0.0705 final_executed_updates_mean=22.00
[Gate5 eval] done_count mean=100.0 CSR mean=0.0000 len_end_mean=26.00
[Gate5 eval] episodes_per_env=4 T_eval=104
[Gate5 eval-debug] locked_eps_occ=0.20 pre(step25): dbar_end=0.513688 occupied_end_mean=0.430000 max_tilde_end_mean=0.754055 CSR@locked=0.010000
[Gate5 eval-debug] locked_eps_occ=0.20 post(step26): dbar_end=0.511848 occupied_end_mean=0.420000 max_tilde_end_mean=0.755655 CSR@locked=0.000000
[Gate5 eval-debug] CSR_pre@0.10=0.0000 CSR_pre@0.15=0.0000 CSR_pre@0.20=0.0100 CSR_pre@0.25=0.0200 CSR_pre@0.30=0.0300
[Gate5 eval-debug] CSR_post@0.10=0.0000 CSR_post@0.15=0.0000 CSR_post@0.20=0.0000 CSR_post@0.25=0.0300 CSR_post@0.30=0.0500
