Importing submoduled environments...
Submoduled environments not found. Skipping import.
[upd 0] u=1 upd_ctr=1 opt_step=16 E=0.254 g=0.089 VarTD=0.203202 ret_end=-28.238 dbar_end=0.769 occ_end=0.170 CSR_train=0.000 done_count=100
[upd 10] u=0 upd_ctr=1 opt_step=16 E=0.825 g=0.094 VarTD=0.178732 ret_end=-27.407 dbar_end=0.753 occ_end=0.200 CSR_train=0.000 done_count=125
[upd 20] u=0 upd_ctr=2 opt_step=32 E=0.596 g=0.090 VarTD=0.142351 ret_end=-28.292 dbar_end=0.765 occ_end=0.176 CSR_train=0.000 done_count=125
[upd 30] u=0 upd_ctr=3 opt_step=48 E=0.347 g=0.097 VarTD=0.144697 ret_end=-27.430 dbar_end=0.743 occ_end=0.216 CSR_train=0.000 done_count=125
[upd 40] u=0 upd_ctr=4 opt_step=64 E=0.157 g=0.106 VarTD=0.137759 ret_end=-26.130 dbar_end=0.714 occ_end=0.192 CSR_train=0.000 done_count=125
[upd 50] u=0 upd_ctr=4 opt_step=64 E=0.796 g=0.097 VarTD=0.165599 ret_end=-26.961 dbar_end=0.744 occ_end=0.080 CSR_train=0.000 done_count=125
[upd 60] u=0 upd_ctr=5 opt_step=80 E=0.624 g=0.113 VarTD=0.140946 ret_end=-26.605 dbar_end=0.695 occ_end=0.176 CSR_train=0.000 done_count=125
[upd 70] u=0 upd_ctr=6 opt_step=96 E=0.494 g=0.111 VarTD=0.145782 ret_end=-26.387 dbar_end=0.700 occ_end=0.216 CSR_train=0.000 done_count=125
[upd 80] u=0 upd_ctr=7 opt_step=112 E=0.378 g=0.123 VarTD=0.148323 ret_end=-24.853 dbar_end=0.666 occ_end=0.240 CSR_train=0.000 done_count=125
[upd 90] u=0 upd_ctr=8 opt_step=128 E=0.273 g=0.123 VarTD=0.144736 ret_end=-25.528 dbar_end=0.667 occ_end=0.144 CSR_train=0.000 done_count=125
[upd 100] u=0 upd_ctr=9 opt_step=144 E=0.159 g=0.113 VarTD=0.155559 ret_end=-26.836 dbar_end=0.695 occ_end=0.160 CSR_train=0.000 done_count=125
[upd 110] u=0 upd_ctr=9 opt_step=144 E=0.864 g=0.123 VarTD=0.147847 ret_end=-25.933 dbar_end=0.668 occ_end=0.288 CSR_train=0.000 done_count=125
[upd 120] u=0 upd_ctr=10 opt_step=160 E=0.803 g=0.122 VarTD=0.166593 ret_end=-26.211 dbar_end=0.670 occ_end=0.240 CSR_train=0.000 done_count=125
[Gate5 check] update_counter violations: t0=0 diffs=0
[Gate5 check] opt_step violations: t0=0 diffs=0 (expected_inc=16)
[Gate5 check] NaN masking: nan_on_skip=True finite_on_update=True
[Gate5 summary] mean_update_fraction=0.0880 final_executed_updates_mean=11.00
[Gate5 eval] done_count mean=100.0 CSR mean=0.0200 len_end_mean=26.00
[Gate5 eval] episodes_per_env=4 T_eval=104
[Gate5 eval-debug] locked_eps_occ=0.20 pre(step25): dbar_end=0.482604 occupied_end_mean=0.420000 max_tilde_end_mean=0.694760 CSR@locked=0.020000
[Gate5 eval-debug] locked_eps_occ=0.20 post(step26): dbar_end=0.487033 occupied_end_mean=0.370000 max_tilde_end_mean=0.697767 CSR@locked=0.020000
[Gate5 eval-debug] CSR_pre@0.10=0.0100 CSR_pre@0.15=0.0100 CSR_pre@0.20=0.0200 CSR_pre@0.25=0.0400 CSR_pre@0.30=0.0400
[Gate5 eval-debug] CSR_post@0.10=0.0000 CSR_post@0.15=0.0200 CSR_post@0.20=0.0200 CSR_post@0.25=0.0200 CSR_post@0.30=0.0300
