Importing submoduled environments...
Submoduled environments not found. Skipping import.
[upd 0] u=1 upd_ctr=1 opt_step=16 E=0.040 g=0.079 VarTD=0.177244 ret_end=-28.332 dbar_end=0.807 occ_end=0.140 CSR_train=0.000 done_count=100
[upd 10] u=0 upd_ctr=1 opt_step=16 E=0.506 g=0.093 VarTD=0.147298 ret_end=-27.080 dbar_end=0.756 occ_end=0.144 CSR_train=0.000 done_count=125
[upd 20] u=0 upd_ctr=1 opt_step=16 E=0.985 g=0.086 VarTD=0.160310 ret_end=-28.011 dbar_end=0.781 occ_end=0.160 CSR_train=0.000 done_count=125
[upd 30] u=0 upd_ctr=2 opt_step=32 E=0.432 g=0.101 VarTD=0.169990 ret_end=-27.229 dbar_end=0.730 occ_end=0.208 CSR_train=0.000 done_count=125
[upd 40] u=0 upd_ctr=2 opt_step=32 E=0.927 g=0.095 VarTD=0.149542 ret_end=-27.445 dbar_end=0.748 occ_end=0.120 CSR_train=0.000 done_count=125
[upd 50] u=0 upd_ctr=3 opt_step=48 E=0.402 g=0.097 VarTD=0.138679 ret_end=-26.865 dbar_end=0.742 occ_end=0.152 CSR_train=0.000 done_count=125
[upd 60] u=0 upd_ctr=3 opt_step=48 E=0.917 g=0.104 VarTD=0.145280 ret_end=-26.707 dbar_end=0.722 occ_end=0.224 CSR_train=0.000 done_count=125
[upd 70] u=0 upd_ctr=4 opt_step=64 E=0.431 g=0.102 VarTD=0.175250 ret_end=-27.864 dbar_end=0.726 occ_end=0.104 CSR_train=0.000 done_count=125
[upd 80] u=0 upd_ctr=4 opt_step=64 E=0.959 g=0.101 VarTD=0.165584 ret_end=-27.118 dbar_end=0.729 occ_end=0.176 CSR_train=0.000 done_count=125
[upd 90] u=0 upd_ctr=5 opt_step=80 E=0.480 g=0.103 VarTD=0.151491 ret_end=-26.140 dbar_end=0.723 occ_end=0.168 CSR_train=0.000 done_count=125
[upd 100] u=0 upd_ctr=5 opt_step=80 E=1.000 g=0.104 VarTD=0.148951 ret_end=-26.581 dbar_end=0.722 occ_end=0.168 CSR_train=0.000 done_count=125
[upd 110] u=0 upd_ctr=6 opt_step=96 E=0.545 g=0.103 VarTD=0.145798 ret_end=-27.142 dbar_end=0.725 occ_end=0.128 CSR_train=0.000 done_count=125
[upd 120] u=0 upd_ctr=7 opt_step=112 E=0.119 g=0.123 VarTD=0.158456 ret_end=-26.486 dbar_end=0.668 occ_end=0.112 CSR_train=0.000 done_count=125
[Gate5 check] update_counter violations: t0=0 diffs=0
[Gate5 check] opt_step violations: t0=0 diffs=0 (expected_inc=16)
[Gate5 check] NaN masking: nan_on_skip=True finite_on_update=True
[Gate5 summary] mean_update_fraction=0.0560 final_executed_updates_mean=7.00
[Gate5 eval] done_count mean=100.0 CSR mean=0.0000 len_end_mean=26.00
[Gate5 eval] episodes_per_env=4 T_eval=104
[Gate5 eval-debug] locked_eps_occ=0.20 pre(step25): dbar_end=0.502651 occupied_end_mean=0.340000 max_tilde_end_mean=0.707676 CSR@locked=0.010000
[Gate5 eval-debug] locked_eps_occ=0.20 post(step26): dbar_end=0.502288 occupied_end_mean=0.310000 max_tilde_end_mean=0.710322 CSR@locked=0.000000
[Gate5 eval-debug] CSR_pre@0.10=0.0000 CSR_pre@0.15=0.0000 CSR_pre@0.20=0.0100 CSR_pre@0.25=0.0100 CSR_pre@0.30=0.0300
[Gate5 eval-debug] CSR_post@0.10=0.0000 CSR_post@0.15=0.0000 CSR_post@0.20=0.0000 CSR_post@0.25=0.0100 CSR_post@0.30=0.0500
