Importing submoduled environments...
Submoduled environments not found. Skipping import.
[upd 0] u=1 upd_ctr=1 opt_step=16 E=0.167 g=0.096 VarTD=0.164885 ret_end=-27.291 dbar_end=0.746 occ_end=0.170 CSR_train=0.000 done_count=100
[upd 10] u=0 upd_ctr=1 opt_step=16 E=0.869 g=0.091 VarTD=0.137991 ret_end=-27.480 dbar_end=0.764 occ_end=0.136 CSR_train=0.000 done_count=125
[upd 20] u=0 upd_ctr=2 opt_step=32 E=0.713 g=0.115 VarTD=0.127477 ret_end=-26.313 dbar_end=0.688 occ_end=0.176 CSR_train=0.000 done_count=125
[upd 30] u=0 upd_ctr=3 opt_step=48 E=0.558 g=0.121 VarTD=0.138931 ret_end=-25.611 dbar_end=0.673 occ_end=0.184 CSR_train=0.000 done_count=125
[upd 40] u=0 upd_ctr=4 opt_step=64 E=0.422 g=0.108 VarTD=0.139961 ret_end=-26.234 dbar_end=0.709 occ_end=0.176 CSR_train=0.000 done_count=125
[upd 50] u=0 upd_ctr=5 opt_step=80 E=0.329 g=0.112 VarTD=0.132290 ret_end=-25.858 dbar_end=0.698 occ_end=0.216 CSR_train=0.000 done_count=125
[upd 60] u=0 upd_ctr=6 opt_step=96 E=0.226 g=0.106 VarTD=0.174013 ret_end=-27.414 dbar_end=0.715 occ_end=0.160 CSR_train=0.000 done_count=125
[upd 70] u=1 upd_ctr=7 opt_step=112 E=0.145 g=0.118 VarTD=0.150332 ret_end=-26.138 dbar_end=0.679 occ_end=0.184 CSR_train=0.000 done_count=125
[upd 80] u=1 upd_ctr=8 opt_step=128 E=0.106 g=0.118 VarTD=0.159098 ret_end=-25.911 dbar_end=0.681 occ_end=0.128 CSR_train=0.000 done_count=125
[upd 90] u=1 upd_ctr=9 opt_step=144 E=0.110 g=0.125 VarTD=0.149353 ret_end=-25.623 dbar_end=0.663 occ_end=0.184 CSR_train=0.000 done_count=125
[upd 100] u=1 upd_ctr=10 opt_step=160 E=0.160 g=0.128 VarTD=0.127393 ret_end=-25.777 dbar_end=0.656 occ_end=0.216 CSR_train=0.000 done_count=125
[upd 110] u=0 upd_ctr=11 opt_step=176 E=0.210 g=0.145 VarTD=0.167961 ret_end=-24.190 dbar_end=0.614 occ_end=0.264 CSR_train=0.008 done_count=125
[upd 120] u=0 upd_ctr=12 opt_step=192 E=0.243 g=0.138 VarTD=0.194665 ret_end=-25.006 dbar_end=0.632 occ_end=0.216 CSR_train=0.000 done_count=125
[Gate5 check] update_counter violations: t0=0 diffs=0
[Gate5 check] opt_step violations: t0=0 diffs=0 (expected_inc=16)
[Gate5 check] NaN masking: nan_on_skip=True finite_on_update=True
[Gate5 summary] mean_update_fraction=0.0960 final_executed_updates_mean=12.00
[Gate5 eval] done_count mean=100.0 CSR mean=0.0200 len_end_mean=26.00
[Gate5 eval] episodes_per_env=4 T_eval=104
[Gate5 eval-debug] locked_eps_occ=0.20 pre(step25): dbar_end=0.517758 occupied_end_mean=0.400000 max_tilde_end_mean=0.737516 CSR@locked=0.010000
[Gate5 eval-debug] locked_eps_occ=0.20 post(step26): dbar_end=0.519894 occupied_end_mean=0.330000 max_tilde_end_mean=0.732328 CSR@locked=0.020000
[Gate5 eval-debug] CSR_pre@0.10=0.0000 CSR_pre@0.15=0.0000 CSR_pre@0.20=0.0100 CSR_pre@0.25=0.0100 CSR_pre@0.30=0.0200
[Gate5 eval-debug] CSR_post@0.10=0.0000 CSR_post@0.15=0.0100 CSR_post@0.20=0.0200 CSR_post@0.25=0.0400 CSR_post@0.30=0.0500
