Importing submoduled environments...
Submoduled environments not found. Skipping import.
[upd 0] u=1 upd_ctr=1 opt_step=16 E=0.126 g=0.084 VarTD=0.159484 ret_end=-27.958 dbar_end=0.788 occ_end=0.180 CSR_train=0.000 done_count=100
[upd 10] u=0 upd_ctr=1 opt_step=16 E=0.961 g=0.095 VarTD=0.154696 ret_end=-26.642 dbar_end=0.751 occ_end=0.136 CSR_train=0.000 done_count=125
[upd 20] u=0 upd_ctr=2 opt_step=32 E=0.867 g=0.096 VarTD=0.129672 ret_end=-26.496 dbar_end=0.746 occ_end=0.200 CSR_train=0.000 done_count=125
[upd 30] u=0 upd_ctr=3 opt_step=48 E=0.756 g=0.099 VarTD=0.160383 ret_end=-26.837 dbar_end=0.735 occ_end=0.136 CSR_train=0.000 done_count=125
[upd 40] u=0 upd_ctr=4 opt_step=64 E=0.709 g=0.105 VarTD=0.145672 ret_end=-26.972 dbar_end=0.719 occ_end=0.296 CSR_train=0.000 done_count=125
[upd 50] u=0 upd_ctr=5 opt_step=80 E=0.739 g=0.108 VarTD=0.128158 ret_end=-26.495 dbar_end=0.709 occ_end=0.112 CSR_train=0.000 done_count=125
[upd 60] u=0 upd_ctr=6 opt_step=96 E=0.761 g=0.118 VarTD=0.135836 ret_end=-26.484 dbar_end=0.679 occ_end=0.160 CSR_train=0.000 done_count=125
[upd 70] u=0 upd_ctr=7 opt_step=112 E=0.794 g=0.111 VarTD=0.158060 ret_end=-26.742 dbar_end=0.699 occ_end=0.136 CSR_train=0.000 done_count=125
[upd 80] u=0 upd_ctr=8 opt_step=128 E=0.952 g=0.131 VarTD=0.135427 ret_end=-25.002 dbar_end=0.647 occ_end=0.184 CSR_train=0.000 done_count=125
[upd 90] u=1 upd_ctr=10 opt_step=160 E=0.164 g=0.127 VarTD=0.136809 ret_end=-25.730 dbar_end=0.658 occ_end=0.184 CSR_train=0.000 done_count=125
[upd 100] u=0 upd_ctr=11 opt_step=176 E=0.388 g=0.147 VarTD=0.146820 ret_end=-24.435 dbar_end=0.611 occ_end=0.320 CSR_train=0.008 done_count=125
[upd 110] u=0 upd_ctr=12 opt_step=192 E=0.627 g=0.149 VarTD=0.175390 ret_end=-24.497 dbar_end=0.605 occ_end=0.272 CSR_train=0.000 done_count=125
[upd 120] u=0 upd_ctr=13 opt_step=208 E=0.875 g=0.140 VarTD=0.199079 ret_end=-24.653 dbar_end=0.627 occ_end=0.192 CSR_train=0.000 done_count=125
[upd 130] u=1 upd_ctr=15 opt_step=240 E=0.178 g=0.142 VarTD=0.214774 ret_end=-25.224 dbar_end=0.621 occ_end=0.250 CSR_train=0.000 done_count=100
[upd 140] u=0 upd_ctr=16 opt_step=256 E=0.415 g=0.136 VarTD=0.317479 ret_end=-24.960 dbar_end=0.636 occ_end=0.232 CSR_train=0.000 done_count=125
[upd 150] u=0 upd_ctr=17 opt_step=272 E=0.658 g=0.135 VarTD=0.385224 ret_end=-25.350 dbar_end=0.638 occ_end=0.216 CSR_train=0.000 done_count=125
[upd 160] u=0 upd_ctr=18 opt_step=288 E=0.941 g=0.137 VarTD=0.393734 ret_end=-23.579 dbar_end=0.634 occ_end=0.208 CSR_train=0.000 done_count=125
[upd 170] u=1 upd_ctr=20 opt_step=320 E=0.159 g=0.122 VarTD=0.489749 ret_end=-25.959 dbar_end=0.671 occ_end=0.200 CSR_train=0.000 done_count=125
[upd 180] u=0 upd_ctr=21 opt_step=336 E=0.429 g=0.145 VarTD=0.681213 ret_end=-24.527 dbar_end=0.615 occ_end=0.272 CSR_train=0.000 done_count=125
[upd 190] u=0 upd_ctr=22 opt_step=352 E=0.802 g=0.148 VarTD=0.782681 ret_end=-24.905 dbar_end=0.608 occ_end=0.216 CSR_train=0.000 done_count=125
[upd 200] u=1 upd_ctr=24 opt_step=384 E=0.147 g=0.148 VarTD=0.847035 ret_end=-23.798 dbar_end=0.608 occ_end=0.248 CSR_train=0.000 done_count=125
[upd 210] u=0 upd_ctr=25 opt_step=400 E=0.470 g=0.159 VarTD=1.114793 ret_end=-24.004 dbar_end=0.585 occ_end=0.288 CSR_train=0.000 done_count=125
[upd 220] u=0 upd_ctr=26 opt_step=416 E=0.902 g=0.168 VarTD=1.191019 ret_end=-23.348 dbar_end=0.569 occ_end=0.288 CSR_train=0.008 done_count=125
[upd 230] u=0 upd_ctr=28 opt_step=448 E=0.310 g=0.137 VarTD=1.486830 ret_end=-25.114 dbar_end=0.633 occ_end=0.224 CSR_train=0.000 done_count=125
[upd 240] u=0 upd_ctr=29 opt_step=464 E=0.725 g=0.152 VarTD=1.600152 ret_end=-24.436 dbar_end=0.599 occ_end=0.216 CSR_train=0.000 done_count=125
[upd 250] u=1 upd_ctr=31 opt_step=496 E=0.183 g=0.148 VarTD=1.801255 ret_end=-24.840 dbar_end=0.610 occ_end=0.240 CSR_train=0.008 done_count=125
[upd 260] u=0 upd_ctr=32 opt_step=512 E=0.593 g=0.152 VarTD=1.714931 ret_end=-25.039 dbar_end=0.600 occ_end=0.220 CSR_train=0.000 done_count=100
[upd 270] u=0 upd_ctr=33 opt_step=528 E=1.000 g=0.168 VarTD=2.284647 ret_end=-23.473 dbar_end=0.569 occ_end=0.216 CSR_train=0.008 done_count=125
[upd 280] u=0 upd_ctr=35 opt_step=560 E=0.479 g=0.162 VarTD=2.640600 ret_end=-24.251 dbar_end=0.580 occ_end=0.224 CSR_train=0.000 done_count=125
[upd 290] u=0 upd_ctr=36 opt_step=576 E=1.000 g=0.164 VarTD=2.737841 ret_end=-23.736 dbar_end=0.575 occ_end=0.272 CSR_train=0.000 done_count=125
[upd 300] u=0 upd_ctr=38 opt_step=608 E=0.483 g=0.159 VarTD=3.129437 ret_end=-24.259 dbar_end=0.586 occ_end=0.360 CSR_train=0.000 done_count=125
[upd 310] u=0 upd_ctr=39 opt_step=624 E=0.953 g=0.162 VarTD=3.291141 ret_end=-23.835 dbar_end=0.580 occ_end=0.304 CSR_train=0.000 done_count=125
[Gate5 check] update_counter violations: t0=0 diffs=0
[Gate5 check] opt_step violations: t0=0 diffs=0 (expected_inc=16)
[Gate5 check] NaN masking: nan_on_skip=True finite_on_update=True
[Gate5 summary] mean_update_fraction=0.1282 final_executed_updates_mean=40.00
[Gate5 eval] done_count mean=100.0 CSR mean=0.0000 len_end_mean=26.00
[Gate5 eval] episodes_per_env=4 T_eval=104
[Gate5 eval-debug] locked_eps_occ=0.20 pre(step25): dbar_end=0.531439 occupied_end_mean=0.320000 max_tilde_end_mean=0.793441 CSR@locked=0.000000
[Gate5 eval-debug] locked_eps_occ=0.20 post(step26): dbar_end=0.538115 occupied_end_mean=0.330000 max_tilde_end_mean=0.796083 CSR@locked=0.000000
[Gate5 eval-debug] CSR_pre@0.10=0.0000 CSR_pre@0.15=0.0000 CSR_pre@0.20=0.0000 CSR_pre@0.25=0.0000 CSR_pre@0.30=0.0100
[Gate5 eval-debug] CSR_post@0.10=0.0000 CSR_post@0.15=0.0000 CSR_post@0.20=0.0000 CSR_post@0.25=0.0000 CSR_post@0.30=0.0000
