Importing submoduled environments...
Submoduled environments not found. Skipping import.
[upd 0] u=1 upd_ctr=1 opt_step=16 E=0.109 g=0.088 VarTD=0.137352 ret_end=-28.134 dbar_end=0.773 occ_end=0.220 CSR_train=0.000 done_count=100
[upd 10] u=0 upd_ctr=1 opt_step=16 E=0.201 g=0.093 VarTD=0.158535 ret_end=-28.458 dbar_end=0.756 occ_end=0.184 CSR_train=0.000 done_count=125
[upd 20] u=0 upd_ctr=1 opt_step=16 E=0.293 g=0.103 VarTD=0.132575 ret_end=-26.686 dbar_end=0.725 occ_end=0.208 CSR_train=0.000 done_count=125
[upd 30] u=0 upd_ctr=1 opt_step=16 E=0.387 g=0.092 VarTD=0.166045 ret_end=-27.692 dbar_end=0.761 occ_end=0.160 CSR_train=0.000 done_count=125
[upd 40] u=0 upd_ctr=1 opt_step=16 E=0.481 g=0.093 VarTD=0.134121 ret_end=-27.488 dbar_end=0.757 occ_end=0.144 CSR_train=0.000 done_count=125
[upd 50] u=0 upd_ctr=1 opt_step=16 E=0.573 g=0.088 VarTD=0.169486 ret_end=-28.048 dbar_end=0.774 occ_end=0.176 CSR_train=0.000 done_count=125
[upd 60] u=0 upd_ctr=1 opt_step=16 E=0.662 g=0.086 VarTD=0.151272 ret_end=-28.124 dbar_end=0.780 occ_end=0.128 CSR_train=0.000 done_count=125
[upd 70] u=0 upd_ctr=1 opt_step=16 E=0.755 g=0.085 VarTD=0.171419 ret_end=-27.993 dbar_end=0.785 occ_end=0.176 CSR_train=0.000 done_count=125
[upd 80] u=0 upd_ctr=1 opt_step=16 E=0.843 g=0.091 VarTD=0.121948 ret_end=-26.139 dbar_end=0.764 occ_end=0.112 CSR_train=0.000 done_count=125
[upd 90] u=0 upd_ctr=2 opt_step=32 E=0.041 g=0.105 VarTD=0.152287 ret_end=-26.596 dbar_end=0.718 occ_end=0.200 CSR_train=0.000 done_count=125
[upd 100] u=0 upd_ctr=2 opt_step=32 E=0.138 g=0.101 VarTD=0.144689 ret_end=-26.321 dbar_end=0.730 occ_end=0.176 CSR_train=0.000 done_count=125
[upd 110] u=0 upd_ctr=2 opt_step=32 E=0.234 g=0.103 VarTD=0.133765 ret_end=-25.597 dbar_end=0.725 occ_end=0.104 CSR_train=0.000 done_count=125
[upd 120] u=0 upd_ctr=2 opt_step=32 E=0.328 g=0.087 VarTD=0.143191 ret_end=-27.863 dbar_end=0.778 occ_end=0.096 CSR_train=0.000 done_count=125
[upd 130] u=0 upd_ctr=2 opt_step=32 E=0.419 g=0.095 VarTD=0.150017 ret_end=-27.230 dbar_end=0.749 occ_end=0.130 CSR_train=0.000 done_count=100
[upd 140] u=0 upd_ctr=2 opt_step=32 E=0.513 g=0.084 VarTD=0.168505 ret_end=-28.516 dbar_end=0.788 occ_end=0.160 CSR_train=0.000 done_count=125
[upd 150] u=0 upd_ctr=2 opt_step=32 E=0.610 g=0.105 VarTD=0.142936 ret_end=-26.218 dbar_end=0.718 occ_end=0.120 CSR_train=0.000 done_count=125
[upd 160] u=0 upd_ctr=2 opt_step=32 E=0.703 g=0.076 VarTD=0.229010 ret_end=-29.303 dbar_end=0.821 occ_end=0.128 CSR_train=0.000 done_count=125
[upd 170] u=0 upd_ctr=2 opt_step=32 E=0.798 g=0.096 VarTD=0.160735 ret_end=-27.134 dbar_end=0.746 occ_end=0.216 CSR_train=0.000 done_count=125
[upd 180] u=0 upd_ctr=2 opt_step=32 E=0.891 g=0.086 VarTD=0.165045 ret_end=-28.316 dbar_end=0.782 occ_end=0.112 CSR_train=0.000 done_count=125
[upd 190] u=0 upd_ctr=3 opt_step=48 E=0.088 g=0.093 VarTD=0.161724 ret_end=-27.611 dbar_end=0.756 occ_end=0.152 CSR_train=0.000 done_count=125
[upd 200] u=0 upd_ctr=3 opt_step=48 E=0.192 g=0.104 VarTD=0.137030 ret_end=-26.529 dbar_end=0.720 occ_end=0.176 CSR_train=0.000 done_count=125
[upd 210] u=0 upd_ctr=3 opt_step=48 E=0.295 g=0.094 VarTD=0.139507 ret_end=-27.761 dbar_end=0.752 occ_end=0.168 CSR_train=0.000 done_count=125
[upd 220] u=0 upd_ctr=3 opt_step=48 E=0.397 g=0.110 VarTD=0.166871 ret_end=-26.203 dbar_end=0.704 occ_end=0.200 CSR_train=0.000 done_count=125
[upd 230] u=0 upd_ctr=3 opt_step=48 E=0.500 g=0.106 VarTD=0.156754 ret_end=-26.648 dbar_end=0.714 occ_end=0.216 CSR_train=0.000 done_count=125
[upd 240] u=0 upd_ctr=3 opt_step=48 E=0.601 g=0.107 VarTD=0.152537 ret_end=-26.267 dbar_end=0.711 occ_end=0.120 CSR_train=0.000 done_count=125
[upd 250] u=0 upd_ctr=3 opt_step=48 E=0.704 g=0.100 VarTD=0.135567 ret_end=-27.091 dbar_end=0.732 occ_end=0.152 CSR_train=0.000 done_count=125
[upd 260] u=0 upd_ctr=3 opt_step=48 E=0.803 g=0.104 VarTD=0.153990 ret_end=-27.110 dbar_end=0.721 occ_end=0.180 CSR_train=0.000 done_count=100
[upd 270] u=0 upd_ctr=3 opt_step=48 E=0.908 g=0.093 VarTD=0.144667 ret_end=-27.789 dbar_end=0.756 occ_end=0.200 CSR_train=0.000 done_count=125
[upd 280] u=0 upd_ctr=4 opt_step=64 E=0.115 g=0.100 VarTD=0.143616 ret_end=-26.968 dbar_end=0.734 occ_end=0.120 CSR_train=0.000 done_count=125
[upd 290] u=0 upd_ctr=4 opt_step=64 E=0.224 g=0.102 VarTD=0.131889 ret_end=-27.071 dbar_end=0.728 occ_end=0.192 CSR_train=0.000 done_count=125
[upd 300] u=0 upd_ctr=4 opt_step=64 E=0.332 g=0.116 VarTD=0.140735 ret_end=-26.130 dbar_end=0.686 occ_end=0.152 CSR_train=0.000 done_count=125
[upd 310] u=0 upd_ctr=4 opt_step=64 E=0.443 g=0.109 VarTD=0.135055 ret_end=-25.901 dbar_end=0.705 occ_end=0.136 CSR_train=0.000 done_count=125
[Gate5 check] update_counter violations: t0=0 diffs=0
[Gate5 check] opt_step violations: t0=0 diffs=0 (expected_inc=16)
[Gate5 check] NaN masking: nan_on_skip=True finite_on_update=True
[Gate5 summary] mean_update_fraction=0.0128 final_executed_updates_mean=4.00
[Gate5 eval] done_count mean=100.0 CSR mean=0.0000 len_end_mean=26.00
[Gate5 eval] episodes_per_env=4 T_eval=104
[Gate5 eval-debug] locked_eps_occ=0.20 pre(step25): dbar_end=0.577345 occupied_end_mean=0.350000 max_tilde_end_mean=0.863865 CSR@locked=0.010000
[Gate5 eval-debug] locked_eps_occ=0.20 post(step26): dbar_end=0.584728 occupied_end_mean=0.360000 max_tilde_end_mean=0.864058 CSR@locked=0.000000
[Gate5 eval-debug] CSR_pre@0.10=0.0000 CSR_pre@0.15=0.0000 CSR_pre@0.20=0.0100 CSR_pre@0.25=0.0100 CSR_pre@0.30=0.0100
[Gate5 eval-debug] CSR_post@0.10=0.0000 CSR_post@0.15=0.0000 CSR_post@0.20=0.0000 CSR_post@0.25=0.0000 CSR_post@0.30=0.0200
