Importing submoduled environments...
Submoduled environments not found. Skipping import.
[upd 0] u=1 upd_ctr=1 opt_step=16 E=0.174 g=0.092 VarTD=0.142843 ret_end=-27.084 dbar_end=0.760 occ_end=0.110 CSR_train=0.000 done_count=100
[upd 10] u=0 upd_ctr=1 opt_step=16 E=0.898 g=0.091 VarTD=0.164683 ret_end=-27.227 dbar_end=0.764 occ_end=0.176 CSR_train=0.000 done_count=125
[upd 20] u=0 upd_ctr=2 opt_step=32 E=0.776 g=0.084 VarTD=0.171709 ret_end=-28.379 dbar_end=0.788 occ_end=0.112 CSR_train=0.000 done_count=125
[upd 30] u=0 upd_ctr=3 opt_step=48 E=0.692 g=0.102 VarTD=0.128289 ret_end=-26.990 dbar_end=0.728 occ_end=0.216 CSR_train=0.000 done_count=125
[upd 40] u=0 upd_ctr=4 opt_step=64 E=0.621 g=0.106 VarTD=0.143064 ret_end=-26.382 dbar_end=0.716 occ_end=0.152 CSR_train=0.000 done_count=125
[upd 50] u=0 upd_ctr=5 opt_step=80 E=0.577 g=0.103 VarTD=0.130040 ret_end=-26.680 dbar_end=0.724 occ_end=0.144 CSR_train=0.000 done_count=125
[upd 60] u=0 upd_ctr=6 opt_step=96 E=0.613 g=0.132 VarTD=0.156030 ret_end=-24.889 dbar_end=0.644 occ_end=0.192 CSR_train=0.000 done_count=125
[upd 70] u=0 upd_ctr=7 opt_step=112 E=0.647 g=0.116 VarTD=0.161466 ret_end=-26.101 dbar_end=0.685 occ_end=0.136 CSR_train=0.000 done_count=125
[upd 80] u=0 upd_ctr=8 opt_step=128 E=0.728 g=0.119 VarTD=0.137196 ret_end=-26.021 dbar_end=0.679 occ_end=0.192 CSR_train=0.000 done_count=125
[upd 90] u=0 upd_ctr=9 opt_step=144 E=0.821 g=0.127 VarTD=0.140639 ret_end=-25.197 dbar_end=0.657 occ_end=0.200 CSR_train=0.000 done_count=125
[upd 100] u=0 upd_ctr=10 opt_step=160 E=0.946 g=0.132 VarTD=0.175406 ret_end=-26.761 dbar_end=0.645 occ_end=0.224 CSR_train=0.000 done_count=125
[upd 110] u=1 upd_ctr=12 opt_step=192 E=0.187 g=0.140 VarTD=0.188130 ret_end=-25.550 dbar_end=0.627 occ_end=0.200 CSR_train=0.000 done_count=125
[upd 120] u=0 upd_ctr=13 opt_step=208 E=0.394 g=0.139 VarTD=0.216576 ret_end=-24.723 dbar_end=0.629 occ_end=0.232 CSR_train=0.000 done_count=125
[upd 130] u=0 upd_ctr=14 opt_step=224 E=0.634 g=0.134 VarTD=0.243434 ret_end=-24.995 dbar_end=0.641 occ_end=0.160 CSR_train=0.000 done_count=100
[upd 140] u=0 upd_ctr=15 opt_step=240 E=0.908 g=0.154 VarTD=0.307516 ret_end=-24.348 dbar_end=0.595 occ_end=0.224 CSR_train=0.000 done_count=125
[upd 150] u=0 upd_ctr=17 opt_step=272 E=0.332 g=0.149 VarTD=0.387558 ret_end=-23.386 dbar_end=0.607 occ_end=0.216 CSR_train=0.000 done_count=125
[upd 160] u=0 upd_ctr=18 opt_step=288 E=0.710 g=0.159 VarTD=0.483500 ret_end=-24.385 dbar_end=0.586 occ_end=0.312 CSR_train=0.000 done_count=125
[upd 170] u=1 upd_ctr=20 opt_step=320 E=0.221 g=0.151 VarTD=0.557650 ret_end=-24.085 dbar_end=0.602 occ_end=0.304 CSR_train=0.000 done_count=125
[upd 180] u=0 upd_ctr=21 opt_step=336 E=0.620 g=0.167 VarTD=0.755391 ret_end=-23.861 dbar_end=0.570 occ_end=0.288 CSR_train=0.000 done_count=125
[upd 190] u=1 upd_ctr=23 opt_step=368 E=0.152 g=0.159 VarTD=0.869006 ret_end=-24.357 dbar_end=0.585 occ_end=0.280 CSR_train=0.008 done_count=125
[upd 200] u=0 upd_ctr=24 opt_step=384 E=0.671 g=0.171 VarTD=1.087624 ret_end=-23.967 dbar_end=0.562 occ_end=0.272 CSR_train=0.000 done_count=125
[upd 210] u=0 upd_ctr=26 opt_step=416 E=0.302 g=0.187 VarTD=1.376479 ret_end=-22.989 dbar_end=0.533 occ_end=0.248 CSR_train=0.000 done_count=125
[upd 220] u=0 upd_ctr=27 opt_step=432 E=0.816 g=0.184 VarTD=1.461519 ret_end=-23.227 dbar_end=0.538 occ_end=0.280 CSR_train=0.000 done_count=125
[upd 230] u=0 upd_ctr=29 opt_step=464 E=0.430 g=0.167 VarTD=1.751921 ret_end=-23.336 dbar_end=0.570 occ_end=0.288 CSR_train=0.000 done_count=125
[upd 240] u=0 upd_ctr=30 opt_step=480 E=0.970 g=0.183 VarTD=1.997319 ret_end=-23.731 dbar_end=0.540 occ_end=0.288 CSR_train=0.000 done_count=125
[upd 250] u=0 upd_ctr=32 opt_step=512 E=0.621 g=0.186 VarTD=2.206405 ret_end=-24.065 dbar_end=0.536 occ_end=0.288 CSR_train=0.000 done_count=125
[upd 260] u=1 upd_ctr=34 opt_step=544 E=0.247 g=0.184 VarTD=1.971381 ret_end=-22.386 dbar_end=0.539 occ_end=0.310 CSR_train=0.000 done_count=100
[upd 270] u=0 upd_ctr=35 opt_step=560 E=0.792 g=0.188 VarTD=2.703595 ret_end=-23.292 dbar_end=0.532 occ_end=0.248 CSR_train=0.000 done_count=125
[upd 280] u=0 upd_ctr=37 opt_step=592 E=0.476 g=0.199 VarTD=3.092015 ret_end=-22.690 dbar_end=0.514 occ_end=0.336 CSR_train=0.000 done_count=125
[upd 290] u=1 upd_ctr=39 opt_step=624 E=0.170 g=0.195 VarTD=3.227453 ret_end=-22.970 dbar_end=0.521 occ_end=0.336 CSR_train=0.000 done_count=125
[upd 300] u=0 upd_ctr=40 opt_step=640 E=0.710 g=0.176 VarTD=3.520920 ret_end=-23.095 dbar_end=0.553 occ_end=0.240 CSR_train=0.000 done_count=125
[upd 310] u=0 upd_ctr=42 opt_step=672 E=0.371 g=0.189 VarTD=3.886911 ret_end=-23.193 dbar_end=0.530 occ_end=0.280 CSR_train=0.008 done_count=125
[Gate5 check] update_counter violations: t0=0 diffs=0
[Gate5 check] opt_step violations: t0=0 diffs=0 (expected_inc=16)
[Gate5 check] NaN masking: nan_on_skip=True finite_on_update=True
[Gate5 summary] mean_update_fraction=0.1346 final_executed_updates_mean=42.00
[Gate5 eval] done_count mean=100.0 CSR mean=0.0100 len_end_mean=26.00
[Gate5 eval] episodes_per_env=4 T_eval=104
[Gate5 eval-debug] locked_eps_occ=0.20 pre(step25): dbar_end=0.507083 occupied_end_mean=0.330000 max_tilde_end_mean=0.715914 CSR@locked=0.000000
[Gate5 eval-debug] locked_eps_occ=0.20 post(step26): dbar_end=0.501445 occupied_end_mean=0.360000 max_tilde_end_mean=0.712563 CSR@locked=0.010000
[Gate5 eval-debug] CSR_pre@0.10=0.0000 CSR_pre@0.15=0.0000 CSR_pre@0.20=0.0000 CSR_pre@0.25=0.0200 CSR_pre@0.30=0.0500
[Gate5 eval-debug] CSR_post@0.10=0.0000 CSR_post@0.15=0.0000 CSR_post@0.20=0.0100 CSR_post@0.25=0.0300 CSR_post@0.30=0.0400
