Importing submoduled environments...
Submoduled environments not found. Skipping import.
[upd 0] u=1 upd_ctr=1 opt_step=16 E=0.088 g=0.088 VarTD=0.137352 ret_end=-28.134 dbar_end=0.773 occ_end=0.220 CSR_train=0.000 done_count=100
[upd 10] u=0 upd_ctr=1 opt_step=16 E=1.000 g=0.093 VarTD=0.158535 ret_end=-28.458 dbar_end=0.756 occ_end=0.184 CSR_train=0.000 done_count=125
[upd 20] u=0 upd_ctr=2 opt_step=32 E=0.955 g=0.109 VarTD=0.132070 ret_end=-26.432 dbar_end=0.705 occ_end=0.232 CSR_train=0.000 done_count=125
[upd 30] u=0 upd_ctr=3 opt_step=48 E=0.927 g=0.098 VarTD=0.160881 ret_end=-27.217 dbar_end=0.740 occ_end=0.200 CSR_train=0.000 done_count=125
[upd 40] u=0 upd_ctr=4 opt_step=64 E=0.953 g=0.102 VarTD=0.135946 ret_end=-26.789 dbar_end=0.726 occ_end=0.136 CSR_train=0.000 done_count=125
[upd 50] u=0 upd_ctr=5 opt_step=80 E=0.937 g=0.104 VarTD=0.166450 ret_end=-27.191 dbar_end=0.720 occ_end=0.200 CSR_train=0.000 done_count=125
[upd 60] u=0 upd_ctr=6 opt_step=96 E=0.949 g=0.107 VarTD=0.146547 ret_end=-26.860 dbar_end=0.710 occ_end=0.208 CSR_train=0.000 done_count=125
[upd 70] u=0 upd_ctr=7 opt_step=112 E=1.000 g=0.104 VarTD=0.164485 ret_end=-26.807 dbar_end=0.721 occ_end=0.256 CSR_train=0.000 done_count=125
[upd 80] u=0 upd_ctr=8 opt_step=128 E=1.000 g=0.110 VarTD=0.126675 ret_end=-25.190 dbar_end=0.703 occ_end=0.136 CSR_train=0.000 done_count=125
[upd 90] u=1 upd_ctr=10 opt_step=160 E=0.114 g=0.114 VarTD=0.165887 ret_end=-26.121 dbar_end=0.692 occ_end=0.184 CSR_train=0.000 done_count=125
[upd 100] u=0 upd_ctr=11 opt_step=176 E=0.243 g=0.125 VarTD=0.178908 ret_end=-25.377 dbar_end=0.663 occ_end=0.224 CSR_train=0.000 done_count=125
[upd 110] u=0 upd_ctr=12 opt_step=192 E=0.528 g=0.132 VarTD=0.189179 ret_end=-24.569 dbar_end=0.645 occ_end=0.232 CSR_train=0.000 done_count=125
[upd 120] u=0 upd_ctr=13 opt_step=208 E=0.795 g=0.127 VarTD=0.224747 ret_end=-25.964 dbar_end=0.657 occ_end=0.184 CSR_train=0.000 done_count=125
[upd 130] u=0 upd_ctr=14 opt_step=224 E=1.000 g=0.144 VarTD=0.222811 ret_end=-24.822 dbar_end=0.617 occ_end=0.160 CSR_train=0.000 done_count=100
[upd 140] u=0 upd_ctr=16 opt_step=256 E=0.448 g=0.150 VarTD=0.363816 ret_end=-25.215 dbar_end=0.604 occ_end=0.304 CSR_train=0.000 done_count=125
[upd 150] u=0 upd_ctr=17 opt_step=272 E=0.918 g=0.155 VarTD=0.374210 ret_end=-23.856 dbar_end=0.593 occ_end=0.208 CSR_train=0.000 done_count=125
[upd 160] u=0 upd_ctr=19 opt_step=304 E=0.302 g=0.134 VarTD=0.604306 ret_end=-26.037 dbar_end=0.640 occ_end=0.288 CSR_train=0.000 done_count=125
[upd 170] u=0 upd_ctr=20 opt_step=320 E=0.745 g=0.155 VarTD=0.621878 ret_end=-24.556 dbar_end=0.593 occ_end=0.296 CSR_train=0.000 done_count=125
[upd 180] u=1 upd_ctr=22 opt_step=352 E=0.143 g=0.143 VarTD=0.709104 ret_end=-25.363 dbar_end=0.619 occ_end=0.208 CSR_train=0.000 done_count=125
[upd 190] u=0 upd_ctr=23 opt_step=368 E=0.604 g=0.134 VarTD=0.914251 ret_end=-25.279 dbar_end=0.640 occ_end=0.160 CSR_train=0.000 done_count=125
[upd 200] u=1 upd_ctr=25 opt_step=400 E=0.150 g=0.150 VarTD=1.006488 ret_end=-23.985 dbar_end=0.605 occ_end=0.232 CSR_train=0.000 done_count=125
[upd 210] u=0 upd_ctr=26 opt_step=416 E=0.639 g=0.160 VarTD=1.258340 ret_end=-25.109 dbar_end=0.584 occ_end=0.304 CSR_train=0.000 done_count=125
[upd 220] u=0 upd_ctr=27 opt_step=432 E=1.000 g=0.156 VarTD=1.381592 ret_end=-24.342 dbar_end=0.592 occ_end=0.296 CSR_train=0.000 done_count=125
[upd 230] u=0 upd_ctr=29 opt_step=464 E=0.534 g=0.173 VarTD=1.682156 ret_end=-23.427 dbar_end=0.560 occ_end=0.288 CSR_train=0.000 done_count=125
[upd 240] u=1 upd_ctr=31 opt_step=496 E=0.155 g=0.155 VarTD=1.792909 ret_end=-23.517 dbar_end=0.593 occ_end=0.208 CSR_train=0.000 done_count=125
[upd 250] u=0 upd_ctr=32 opt_step=512 E=0.694 g=0.180 VarTD=2.141385 ret_end=-23.929 dbar_end=0.547 occ_end=0.296 CSR_train=0.000 done_count=125
[upd 260] u=1 upd_ctr=34 opt_step=544 E=0.163 g=0.163 VarTD=1.859447 ret_end=-24.071 dbar_end=0.578 occ_end=0.190 CSR_train=0.000 done_count=100
[upd 270] u=0 upd_ctr=35 opt_step=560 E=0.856 g=0.165 VarTD=2.624068 ret_end=-24.657 dbar_end=0.573 occ_end=0.280 CSR_train=0.000 done_count=125
[upd 280] u=0 upd_ctr=37 opt_step=592 E=0.514 g=0.165 VarTD=2.884540 ret_end=-24.559 dbar_end=0.574 occ_end=0.272 CSR_train=0.000 done_count=125
[upd 290] u=1 upd_ctr=39 opt_step=624 E=0.166 g=0.166 VarTD=3.067894 ret_end=-24.078 dbar_end=0.572 occ_end=0.272 CSR_train=0.000 done_count=125
[upd 300] u=0 upd_ctr=40 opt_step=640 E=0.845 g=0.178 VarTD=3.421477 ret_end=-23.445 dbar_end=0.551 occ_end=0.224 CSR_train=0.000 done_count=125
[upd 310] u=0 upd_ctr=42 opt_step=672 E=0.527 g=0.181 VarTD=3.780436 ret_end=-23.062 dbar_end=0.545 occ_end=0.296 CSR_train=0.000 done_count=125
[Gate5 check] update_counter violations: t0=0 diffs=0
[Gate5 check] opt_step violations: t0=0 diffs=0 (expected_inc=16)
[Gate5 check] NaN masking: nan_on_skip=True finite_on_update=True
[Gate5 summary] mean_update_fraction=0.1346 final_executed_updates_mean=42.00
[Gate5 eval] done_count mean=100.0 CSR mean=0.0000 len_end_mean=26.00
[Gate5 eval] episodes_per_env=4 T_eval=104
[Gate5 eval-debug] locked_eps_occ=0.20 pre(step25): dbar_end=0.501605 occupied_end_mean=0.450000 max_tilde_end_mean=0.732435 CSR@locked=0.010000
[Gate5 eval-debug] locked_eps_occ=0.20 post(step26): dbar_end=0.514582 occupied_end_mean=0.340000 max_tilde_end_mean=0.741459 CSR@locked=0.000000
[Gate5 eval-debug] CSR_pre@0.10=0.0000 CSR_pre@0.15=0.0000 CSR_pre@0.20=0.0100 CSR_pre@0.25=0.0100 CSR_pre@0.30=0.0200
[Gate5 eval-debug] CSR_post@0.10=0.0000 CSR_post@0.15=0.0000 CSR_post@0.20=0.0000 CSR_post@0.25=0.0200 CSR_post@0.30=0.0300
