Importing submoduled environments...
Submoduled environments not found. Skipping import.
[upd 0] u=1 upd_ctr=1 opt_step=16 E=0.092 g=0.092 VarTD=0.127621 ret_end=-27.319 dbar_end=0.760 occ_end=0.140 CSR_train=0.000 done_count=100
[upd 10] u=0 upd_ctr=1 opt_step=16 E=1.000 g=0.102 VarTD=0.162085 ret_end=-27.682 dbar_end=0.727 occ_end=0.168 CSR_train=0.000 done_count=125
[upd 20] u=0 upd_ctr=2 opt_step=32 E=0.940 g=0.087 VarTD=0.132257 ret_end=-28.080 dbar_end=0.777 occ_end=0.168 CSR_train=0.000 done_count=125
[upd 30] u=0 upd_ctr=3 opt_step=48 E=0.894 g=0.099 VarTD=0.134146 ret_end=-26.773 dbar_end=0.738 occ_end=0.208 CSR_train=0.000 done_count=125
[upd 40] u=0 upd_ctr=4 opt_step=64 E=0.788 g=0.097 VarTD=0.133297 ret_end=-27.049 dbar_end=0.744 occ_end=0.096 CSR_train=0.000 done_count=125
[upd 50] u=0 upd_ctr=5 opt_step=80 E=0.742 g=0.112 VarTD=0.128481 ret_end=-26.016 dbar_end=0.697 occ_end=0.232 CSR_train=0.000 done_count=125
[upd 60] u=0 upd_ctr=6 opt_step=96 E=0.784 g=0.116 VarTD=0.119764 ret_end=-26.258 dbar_end=0.686 occ_end=0.232 CSR_train=0.000 done_count=125
[upd 70] u=0 upd_ctr=7 opt_step=112 E=0.891 g=0.109 VarTD=0.161936 ret_end=-26.635 dbar_end=0.704 occ_end=0.176 CSR_train=0.000 done_count=125
[upd 80] u=0 upd_ctr=8 opt_step=128 E=1.000 g=0.122 VarTD=0.147387 ret_end=-25.488 dbar_end=0.671 occ_end=0.192 CSR_train=0.000 done_count=125
[upd 90] u=1 upd_ctr=10 opt_step=160 E=0.122 g=0.122 VarTD=0.153172 ret_end=-26.873 dbar_end=0.670 occ_end=0.184 CSR_train=0.000 done_count=125
[upd 100] u=0 upd_ctr=11 opt_step=176 E=0.262 g=0.131 VarTD=0.146190 ret_end=-24.539 dbar_end=0.647 occ_end=0.176 CSR_train=0.000 done_count=125
[upd 110] u=0 upd_ctr=12 opt_step=192 E=0.507 g=0.123 VarTD=0.194870 ret_end=-26.647 dbar_end=0.668 occ_end=0.232 CSR_train=0.000 done_count=125
[upd 120] u=0 upd_ctr=13 opt_step=208 E=0.813 g=0.139 VarTD=0.193536 ret_end=-25.220 dbar_end=0.629 occ_end=0.184 CSR_train=0.000 done_count=125
[upd 130] u=0 upd_ctr=14 opt_step=224 E=1.000 g=0.149 VarTD=0.187822 ret_end=-23.758 dbar_end=0.606 occ_end=0.230 CSR_train=0.000 done_count=100
[upd 140] u=0 upd_ctr=16 opt_step=256 E=0.445 g=0.149 VarTD=0.321499 ret_end=-24.975 dbar_end=0.607 occ_end=0.264 CSR_train=0.000 done_count=125
[upd 150] u=0 upd_ctr=17 opt_step=272 E=0.868 g=0.145 VarTD=0.343024 ret_end=-24.561 dbar_end=0.615 occ_end=0.240 CSR_train=0.000 done_count=125
[upd 160] u=0 upd_ctr=19 opt_step=304 E=0.294 g=0.142 VarTD=0.472336 ret_end=-24.974 dbar_end=0.621 occ_end=0.280 CSR_train=0.000 done_count=125
[upd 170] u=0 upd_ctr=20 opt_step=320 E=0.770 g=0.158 VarTD=0.585337 ret_end=-24.004 dbar_end=0.587 occ_end=0.240 CSR_train=0.000 done_count=125
[upd 180] u=1 upd_ctr=22 opt_step=352 E=0.166 g=0.166 VarTD=0.682454 ret_end=-23.449 dbar_end=0.572 occ_end=0.256 CSR_train=0.000 done_count=125
[upd 190] u=0 upd_ctr=23 opt_step=368 E=0.624 g=0.156 VarTD=0.887244 ret_end=-24.612 dbar_end=0.591 occ_end=0.256 CSR_train=0.000 done_count=125
[upd 200] u=0 upd_ctr=24 opt_step=384 E=1.000 g=0.166 VarTD=0.986040 ret_end=-24.380 dbar_end=0.572 occ_end=0.336 CSR_train=0.000 done_count=125
[upd 210] u=0 upd_ctr=26 opt_step=416 E=0.485 g=0.148 VarTD=1.178109 ret_end=-24.934 dbar_end=0.608 occ_end=0.144 CSR_train=0.000 done_count=125
[upd 220] u=0 upd_ctr=27 opt_step=432 E=0.950 g=0.164 VarTD=1.343094 ret_end=-24.157 dbar_end=0.576 occ_end=0.200 CSR_train=0.000 done_count=125
[upd 230] u=0 upd_ctr=29 opt_step=464 E=0.310 g=0.149 VarTD=1.664244 ret_end=-25.147 dbar_end=0.605 occ_end=0.288 CSR_train=0.000 done_count=125
[upd 240] u=0 upd_ctr=30 opt_step=480 E=0.816 g=0.159 VarTD=1.815442 ret_end=-24.699 dbar_end=0.586 occ_end=0.256 CSR_train=0.000 done_count=125
[upd 250] u=1 upd_ctr=32 opt_step=512 E=0.164 g=0.164 VarTD=1.918571 ret_end=-24.438 dbar_end=0.577 occ_end=0.368 CSR_train=0.000 done_count=125
[upd 260] u=0 upd_ctr=33 opt_step=528 E=0.643 g=0.145 VarTD=1.805506 ret_end=-25.265 dbar_end=0.614 occ_end=0.120 CSR_train=0.000 done_count=100
[upd 270] u=0 upd_ctr=34 opt_step=544 E=1.000 g=0.153 VarTD=2.375687 ret_end=-24.664 dbar_end=0.597 occ_end=0.184 CSR_train=0.000 done_count=125
[upd 280] u=0 upd_ctr=36 opt_step=576 E=0.484 g=0.157 VarTD=2.776533 ret_end=-23.793 dbar_end=0.589 occ_end=0.256 CSR_train=0.000 done_count=125
[upd 290] u=0 upd_ctr=37 opt_step=592 E=0.995 g=0.166 VarTD=2.893602 ret_end=-23.409 dbar_end=0.571 occ_end=0.200 CSR_train=0.000 done_count=125
[upd 300] u=0 upd_ctr=39 opt_step=624 E=0.324 g=0.161 VarTD=3.262598 ret_end=-24.091 dbar_end=0.581 occ_end=0.216 CSR_train=0.000 done_count=125
[upd 310] u=0 upd_ctr=40 opt_step=640 E=0.827 g=0.157 VarTD=3.376234 ret_end=-23.578 dbar_end=0.589 occ_end=0.304 CSR_train=0.000 done_count=125
[Gate5 check] update_counter violations: t0=0 diffs=0
[Gate5 check] opt_step violations: t0=0 diffs=0 (expected_inc=16)
[Gate5 check] NaN masking: nan_on_skip=True finite_on_update=True
[Gate5 summary] mean_update_fraction=0.1282 final_executed_updates_mean=40.00
[Gate5 eval] done_count mean=100.0 CSR mean=0.0000 len_end_mean=26.00
[Gate5 eval] episodes_per_env=4 T_eval=104
[Gate5 eval-debug] locked_eps_occ=0.20 pre(step25): dbar_end=0.468134 occupied_end_mean=0.430000 max_tilde_end_mean=0.672046 CSR@locked=0.000000
[Gate5 eval-debug] locked_eps_occ=0.20 post(step26): dbar_end=0.468560 occupied_end_mean=0.440000 max_tilde_end_mean=0.673214 CSR@locked=0.000000
[Gate5 eval-debug] CSR_pre@0.10=0.0000 CSR_pre@0.15=0.0000 CSR_pre@0.20=0.0000 CSR_pre@0.25=0.0000 CSR_pre@0.30=0.0100
[Gate5 eval-debug] CSR_post@0.10=0.0000 CSR_post@0.15=0.0000 CSR_post@0.20=0.0000 CSR_post@0.25=0.0000 CSR_post@0.30=0.0000
