Importing submoduled environments...
Submoduled environments not found. Skipping import.
[upd 0] u=1 upd_ctr=1 opt_step=16 E=0.163 g=0.090 VarTD=0.142063 ret_end=-26.625 dbar_end=0.768 occ_end=0.090 CSR_train=0.000 done_count=100
[upd 10] u=0 upd_ctr=1 opt_step=16 E=0.832 g=0.103 VarTD=0.114452 ret_end=-26.589 dbar_end=0.723 occ_end=0.104 CSR_train=0.000 done_count=125
[upd 20] u=0 upd_ctr=2 opt_step=32 E=0.607 g=0.100 VarTD=0.162370 ret_end=-26.933 dbar_end=0.734 occ_end=0.104 CSR_train=0.000 done_count=125
[upd 30] u=0 upd_ctr=3 opt_step=48 E=0.403 g=0.098 VarTD=0.155603 ret_end=-28.043 dbar_end=0.738 occ_end=0.184 CSR_train=0.000 done_count=125
[upd 40] u=0 upd_ctr=4 opt_step=64 E=0.220 g=0.100 VarTD=0.139090 ret_end=-26.642 dbar_end=0.735 occ_end=0.168 CSR_train=0.000 done_count=125
[upd 50] u=1 upd_ctr=5 opt_step=80 E=0.083 g=0.104 VarTD=0.145389 ret_end=-26.639 dbar_end=0.721 occ_end=0.192 CSR_train=0.000 done_count=125
[upd 60] u=0 upd_ctr=5 opt_step=80 E=0.818 g=0.102 VarTD=0.141389 ret_end=-26.323 dbar_end=0.727 occ_end=0.184 CSR_train=0.000 done_count=125
[upd 70] u=0 upd_ctr=6 opt_step=96 E=0.654 g=0.107 VarTD=0.119298 ret_end=-25.785 dbar_end=0.713 occ_end=0.216 CSR_train=0.000 done_count=125
[upd 80] u=0 upd_ctr=7 opt_step=112 E=0.554 g=0.110 VarTD=0.173230 ret_end=-26.700 dbar_end=0.702 occ_end=0.232 CSR_train=0.000 done_count=125
[upd 90] u=0 upd_ctr=8 opt_step=128 E=0.457 g=0.114 VarTD=0.144575 ret_end=-26.652 dbar_end=0.690 occ_end=0.184 CSR_train=0.000 done_count=125
[upd 100] u=0 upd_ctr=9 opt_step=144 E=0.385 g=0.125 VarTD=0.143804 ret_end=-26.012 dbar_end=0.662 occ_end=0.176 CSR_train=0.000 done_count=125
[upd 110] u=0 upd_ctr=10 opt_step=160 E=0.324 g=0.116 VarTD=0.183325 ret_end=-27.061 dbar_end=0.686 occ_end=0.192 CSR_train=0.000 done_count=125
[upd 120] u=0 upd_ctr=11 opt_step=176 E=0.278 g=0.129 VarTD=0.180421 ret_end=-25.476 dbar_end=0.651 occ_end=0.216 CSR_train=0.000 done_count=125
[upd 130] u=0 upd_ctr=12 opt_step=192 E=0.297 g=0.136 VarTD=0.179699 ret_end=-25.463 dbar_end=0.635 occ_end=0.240 CSR_train=0.010 done_count=100
[upd 140] u=0 upd_ctr=13 opt_step=208 E=0.276 g=0.129 VarTD=0.226508 ret_end=-24.774 dbar_end=0.652 occ_end=0.240 CSR_train=0.000 done_count=125
[upd 150] u=0 upd_ctr=14 opt_step=224 E=0.319 g=0.137 VarTD=0.257502 ret_end=-25.297 dbar_end=0.633 occ_end=0.160 CSR_train=0.000 done_count=125
[upd 160] u=0 upd_ctr=15 opt_step=240 E=0.384 g=0.138 VarTD=0.294930 ret_end=-25.500 dbar_end=0.632 occ_end=0.216 CSR_train=0.000 done_count=125
[upd 170] u=0 upd_ctr=16 opt_step=256 E=0.475 g=0.141 VarTD=0.360317 ret_end=-25.073 dbar_end=0.623 occ_end=0.136 CSR_train=0.000 done_count=125
[upd 180] u=0 upd_ctr=17 opt_step=272 E=0.564 g=0.142 VarTD=0.382752 ret_end=-25.192 dbar_end=0.621 occ_end=0.248 CSR_train=0.000 done_count=125
[upd 190] u=0 upd_ctr=18 opt_step=288 E=0.707 g=0.148 VarTD=0.465824 ret_end=-24.942 dbar_end=0.608 occ_end=0.168 CSR_train=0.000 done_count=125
[upd 200] u=0 upd_ctr=19 opt_step=304 E=0.823 g=0.144 VarTD=0.512553 ret_end=-24.444 dbar_end=0.617 occ_end=0.256 CSR_train=0.000 done_count=125
[upd 210] u=0 upd_ctr=20 opt_step=320 E=0.983 g=0.133 VarTD=0.601247 ret_end=-26.455 dbar_end=0.642 occ_end=0.232 CSR_train=0.000 done_count=125
[upd 220] u=0 upd_ctr=22 opt_step=352 E=0.284 g=0.159 VarTD=0.799664 ret_end=-24.878 dbar_end=0.587 occ_end=0.240 CSR_train=0.000 done_count=125
[upd 230] u=0 upd_ctr=23 opt_step=368 E=0.478 g=0.172 VarTD=0.960847 ret_end=-23.268 dbar_end=0.561 occ_end=0.352 CSR_train=0.000 done_count=125
[upd 240] u=0 upd_ctr=24 opt_step=384 E=0.700 g=0.168 VarTD=1.098905 ret_end=-23.989 dbar_end=0.569 occ_end=0.272 CSR_train=0.000 done_count=125
[upd 250] u=0 upd_ctr=25 opt_step=400 E=0.904 g=0.168 VarTD=1.169181 ret_end=-24.159 dbar_end=0.568 occ_end=0.240 CSR_train=0.000 done_count=125
[upd 260] u=0 upd_ctr=27 opt_step=432 E=0.235 g=0.169 VarTD=1.183798 ret_end=-24.034 dbar_end=0.567 occ_end=0.220 CSR_train=0.000 done_count=100
[upd 270] u=0 upd_ctr=28 opt_step=448 E=0.448 g=0.164 VarTD=1.574593 ret_end=-23.607 dbar_end=0.577 occ_end=0.216 CSR_train=0.000 done_count=125
[upd 280] u=0 upd_ctr=29 opt_step=464 E=0.679 g=0.163 VarTD=1.718290 ret_end=-23.974 dbar_end=0.578 occ_end=0.264 CSR_train=0.000 done_count=125
[upd 290] u=0 upd_ctr=30 opt_step=480 E=0.927 g=0.166 VarTD=1.871711 ret_end=-23.192 dbar_end=0.572 occ_end=0.264 CSR_train=0.000 done_count=125
[upd 300] u=0 upd_ctr=32 opt_step=512 E=0.261 g=0.169 VarTD=2.221498 ret_end=-23.979 dbar_end=0.566 occ_end=0.208 CSR_train=0.000 done_count=125
[upd 310] u=0 upd_ctr=33 opt_step=528 E=0.534 g=0.168 VarTD=2.355044 ret_end=-24.531 dbar_end=0.569 occ_end=0.304 CSR_train=0.000 done_count=125
[Gate5 check] update_counter violations: t0=0 diffs=0
[Gate5 check] opt_step violations: t0=0 diffs=0 (expected_inc=16)
[Gate5 check] NaN masking: nan_on_skip=True finite_on_update=True
[Gate5 summary] mean_update_fraction=0.1058 final_executed_updates_mean=33.00
[Gate5 eval] done_count mean=100.0 CSR mean=0.0000 len_end_mean=26.00
[Gate5 eval] episodes_per_env=4 T_eval=104
[Gate5 eval-debug] locked_eps_occ=0.20 pre(step25): dbar_end=0.479590 occupied_end_mean=0.450000 max_tilde_end_mean=0.694836 CSR@locked=0.000000
[Gate5 eval-debug] locked_eps_occ=0.20 post(step26): dbar_end=0.478348 occupied_end_mean=0.520000 max_tilde_end_mean=0.696167 CSR@locked=0.000000
[Gate5 eval-debug] CSR_pre@0.10=0.0000 CSR_pre@0.15=0.0000 CSR_pre@0.20=0.0000 CSR_pre@0.25=0.0000 CSR_pre@0.30=0.0200
[Gate5 eval-debug] CSR_post@0.10=0.0000 CSR_post@0.15=0.0000 CSR_post@0.20=0.0000 CSR_post@0.25=0.0100 CSR_post@0.30=0.0200
