Importing submoduled environments...
Submoduled environments not found. Skipping import.
[upd 0] u=1 upd_ctr=1 opt_step=16 E=0.107 g=0.094 VarTD=0.148631 ret_end=-26.843 dbar_end=0.752 occ_end=0.140 CSR_train=0.000 done_count=100
[upd 10] u=0 upd_ctr=1 opt_step=16 E=0.658 g=0.098 VarTD=0.120442 ret_end=-26.989 dbar_end=0.738 occ_end=0.144 CSR_train=0.000 done_count=125
[upd 20] u=0 upd_ctr=2 opt_step=32 E=0.271 g=0.101 VarTD=0.159385 ret_end=-27.349 dbar_end=0.731 occ_end=0.128 CSR_train=0.000 done_count=125
[upd 30] u=0 upd_ctr=2 opt_step=32 E=0.837 g=0.093 VarTD=0.134447 ret_end=-27.019 dbar_end=0.756 occ_end=0.136 CSR_train=0.000 done_count=125
[upd 40] u=0 upd_ctr=3 opt_step=48 E=0.508 g=0.108 VarTD=0.148820 ret_end=-26.520 dbar_end=0.709 occ_end=0.168 CSR_train=0.000 done_count=125
[upd 50] u=0 upd_ctr=4 opt_step=64 E=0.162 g=0.112 VarTD=0.133343 ret_end=-26.863 dbar_end=0.698 occ_end=0.160 CSR_train=0.000 done_count=125
[upd 60] u=0 upd_ctr=4 opt_step=64 E=0.760 g=0.098 VarTD=0.148755 ret_end=-27.059 dbar_end=0.739 occ_end=0.120 CSR_train=0.000 done_count=125
[upd 70] u=0 upd_ctr=5 opt_step=80 E=0.448 g=0.108 VarTD=0.136689 ret_end=-25.984 dbar_end=0.708 occ_end=0.160 CSR_train=0.000 done_count=125
[upd 80] u=0 upd_ctr=6 opt_step=96 E=0.156 g=0.116 VarTD=0.121464 ret_end=-25.784 dbar_end=0.685 occ_end=0.192 CSR_train=0.000 done_count=125
[upd 90] u=0 upd_ctr=6 opt_step=96 E=0.835 g=0.121 VarTD=0.133912 ret_end=-25.414 dbar_end=0.672 occ_end=0.232 CSR_train=0.000 done_count=125
[upd 100] u=0 upd_ctr=7 opt_step=112 E=0.617 g=0.115 VarTD=0.171786 ret_end=-26.285 dbar_end=0.690 occ_end=0.200 CSR_train=0.000 done_count=125
[upd 110] u=0 upd_ctr=8 opt_step=128 E=0.396 g=0.120 VarTD=0.171554 ret_end=-25.830 dbar_end=0.674 occ_end=0.176 CSR_train=0.000 done_count=125
[upd 120] u=0 upd_ctr=9 opt_step=144 E=0.162 g=0.127 VarTD=0.147825 ret_end=-25.352 dbar_end=0.656 occ_end=0.240 CSR_train=0.000 done_count=125
[upd 130] u=0 upd_ctr=9 opt_step=144 E=0.923 g=0.129 VarTD=0.142133 ret_end=-26.125 dbar_end=0.652 occ_end=0.300 CSR_train=0.000 done_count=100
[upd 140] u=0 upd_ctr=10 opt_step=160 E=0.754 g=0.124 VarTD=0.157546 ret_end=-26.395 dbar_end=0.665 occ_end=0.248 CSR_train=0.000 done_count=125
[upd 150] u=0 upd_ctr=11 opt_step=176 E=0.617 g=0.142 VarTD=0.151762 ret_end=-24.743 dbar_end=0.621 occ_end=0.208 CSR_train=0.000 done_count=125
[upd 160] u=0 upd_ctr=12 opt_step=192 E=0.505 g=0.138 VarTD=0.199750 ret_end=-25.725 dbar_end=0.631 occ_end=0.232 CSR_train=0.000 done_count=125
[upd 170] u=0 upd_ctr=13 opt_step=208 E=0.390 g=0.129 VarTD=0.234691 ret_end=-26.214 dbar_end=0.652 occ_end=0.256 CSR_train=0.000 done_count=125
[upd 180] u=0 upd_ctr=14 opt_step=224 E=0.290 g=0.136 VarTD=0.249964 ret_end=-24.891 dbar_end=0.635 occ_end=0.296 CSR_train=0.000 done_count=125
[upd 190] u=0 upd_ctr=15 opt_step=240 E=0.219 g=0.152 VarTD=0.282015 ret_end=-24.250 dbar_end=0.600 occ_end=0.272 CSR_train=0.000 done_count=125
[upd 200] u=0 upd_ctr=16 opt_step=256 E=0.178 g=0.136 VarTD=0.327328 ret_end=-25.363 dbar_end=0.635 occ_end=0.200 CSR_train=0.000 done_count=125
[upd 210] u=1 upd_ctr=17 opt_step=272 E=0.126 g=0.159 VarTD=0.365879 ret_end=-24.053 dbar_end=0.586 occ_end=0.288 CSR_train=0.008 done_count=125
[upd 220] u=1 upd_ctr=18 opt_step=288 E=0.106 g=0.151 VarTD=0.404662 ret_end=-25.537 dbar_end=0.603 occ_end=0.232 CSR_train=0.000 done_count=125
[upd 230] u=0 upd_ctr=18 opt_step=288 E=1.000 g=0.163 VarTD=0.465316 ret_end=-23.564 dbar_end=0.578 occ_end=0.312 CSR_train=0.008 done_count=125
[upd 240] u=0 upd_ctr=19 opt_step=304 E=0.995 g=0.157 VarTD=0.534653 ret_end=-23.735 dbar_end=0.589 occ_end=0.232 CSR_train=0.000 done_count=125
[upd 250] u=0 upd_ctr=20 opt_step=320 E=0.989 g=0.166 VarTD=0.635227 ret_end=-23.710 dbar_end=0.572 occ_end=0.264 CSR_train=0.000 done_count=125
[upd 260] u=0 upd_ctr=21 opt_step=336 E=1.000 g=0.168 VarTD=0.612948 ret_end=-23.911 dbar_end=0.568 occ_end=0.290 CSR_train=0.000 done_count=100
[upd 270] u=0 upd_ctr=22 opt_step=352 E=1.000 g=0.160 VarTD=0.821004 ret_end=-24.060 dbar_end=0.583 occ_end=0.264 CSR_train=0.000 done_count=125
[upd 280] u=0 upd_ctr=23 opt_step=368 E=1.000 g=0.159 VarTD=0.986455 ret_end=-24.533 dbar_end=0.586 occ_end=0.296 CSR_train=0.000 done_count=125
[upd 290] u=0 upd_ctr=24 opt_step=384 E=1.000 g=0.152 VarTD=1.090395 ret_end=-25.085 dbar_end=0.600 occ_end=0.336 CSR_train=0.008 done_count=125
[upd 300] u=0 upd_ctr=25 opt_step=400 E=1.000 g=0.144 VarTD=1.189139 ret_end=-25.325 dbar_end=0.618 occ_end=0.232 CSR_train=0.000 done_count=125
[upd 310] u=0 upd_ctr=26 opt_step=416 E=1.000 g=0.157 VarTD=1.316451 ret_end=-24.589 dbar_end=0.589 occ_end=0.280 CSR_train=0.000 done_count=125
[Gate5 check] update_counter violations: t0=0 diffs=0
[Gate5 check] opt_step violations: t0=0 diffs=0 (expected_inc=16)
[Gate5 check] NaN masking: nan_on_skip=True finite_on_update=True
[Gate5 summary] mean_update_fraction=0.0865 final_executed_updates_mean=27.00
[Gate5 eval] done_count mean=100.0 CSR mean=0.0000 len_end_mean=26.00
[Gate5 eval] episodes_per_env=4 T_eval=104
[Gate5 eval-debug] locked_eps_occ=0.20 pre(step25): dbar_end=0.484728 occupied_end_mean=0.370000 max_tilde_end_mean=0.719789 CSR@locked=0.000000
[Gate5 eval-debug] locked_eps_occ=0.20 post(step26): dbar_end=0.486513 occupied_end_mean=0.400000 max_tilde_end_mean=0.720878 CSR@locked=0.000000
[Gate5 eval-debug] CSR_pre@0.10=0.0000 CSR_pre@0.15=0.0000 CSR_pre@0.20=0.0000 CSR_pre@0.25=0.0200 CSR_pre@0.30=0.0400
[Gate5 eval-debug] CSR_post@0.10=0.0000 CSR_post@0.15=0.0000 CSR_post@0.20=0.0000 CSR_post@0.25=0.0200 CSR_post@0.30=0.0500
