Importing submoduled environments...
Submoduled environments not found. Skipping import.
[upd 0] u=1 upd_ctr=1 opt_step=16 E=0.077 g=0.089 VarTD=0.155748 ret_end=-26.495 dbar_end=0.769 occ_end=0.110 CSR_train=0.000 done_count=100
[upd 10] u=0 upd_ctr=1 opt_step=16 E=0.353 g=0.096 VarTD=0.160584 ret_end=-27.044 dbar_end=0.748 occ_end=0.128 CSR_train=0.000 done_count=125
[upd 20] u=0 upd_ctr=1 opt_step=16 E=0.623 g=0.078 VarTD=0.217249 ret_end=-28.983 dbar_end=0.814 occ_end=0.136 CSR_train=0.000 done_count=125
[upd 30] u=0 upd_ctr=1 opt_step=16 E=0.891 g=0.087 VarTD=0.177154 ret_end=-27.554 dbar_end=0.779 occ_end=0.144 CSR_train=0.000 done_count=125
[upd 40] u=0 upd_ctr=2 opt_step=32 E=0.217 g=0.095 VarTD=0.174563 ret_end=-26.853 dbar_end=0.749 occ_end=0.176 CSR_train=0.000 done_count=125
[upd 50] u=0 upd_ctr=2 opt_step=32 E=0.502 g=0.093 VarTD=0.150657 ret_end=-27.583 dbar_end=0.755 occ_end=0.168 CSR_train=0.000 done_count=125
[upd 60] u=0 upd_ctr=2 opt_step=32 E=0.780 g=0.096 VarTD=0.154861 ret_end=-27.137 dbar_end=0.746 occ_end=0.200 CSR_train=0.000 done_count=125
[upd 70] u=0 upd_ctr=3 opt_step=48 E=0.115 g=0.105 VarTD=0.152151 ret_end=-26.142 dbar_end=0.719 occ_end=0.200 CSR_train=0.000 done_count=125
[upd 80] u=0 upd_ctr=3 opt_step=48 E=0.405 g=0.094 VarTD=0.138196 ret_end=-27.175 dbar_end=0.752 occ_end=0.144 CSR_train=0.000 done_count=125
[upd 90] u=0 upd_ctr=3 opt_step=48 E=0.697 g=0.091 VarTD=0.133583 ret_end=-27.353 dbar_end=0.764 occ_end=0.176 CSR_train=0.000 done_count=125
[upd 100] u=1 upd_ctr=4 opt_step=64 E=0.039 g=0.096 VarTD=0.161528 ret_end=-27.461 dbar_end=0.746 occ_end=0.168 CSR_train=0.000 done_count=125
[upd 110] u=0 upd_ctr=4 opt_step=64 E=0.345 g=0.107 VarTD=0.140172 ret_end=-27.272 dbar_end=0.713 occ_end=0.192 CSR_train=0.000 done_count=125
[upd 120] u=0 upd_ctr=4 opt_step=64 E=0.653 g=0.123 VarTD=0.134652 ret_end=-25.810 dbar_end=0.668 occ_end=0.224 CSR_train=0.000 done_count=125
[upd 130] u=0 upd_ctr=4 opt_step=64 E=0.964 g=0.102 VarTD=0.159110 ret_end=-27.612 dbar_end=0.728 occ_end=0.210 CSR_train=0.000 done_count=100
[upd 140] u=0 upd_ctr=5 opt_step=80 E=0.335 g=0.102 VarTD=0.133049 ret_end=-26.750 dbar_end=0.727 occ_end=0.144 CSR_train=0.000 done_count=125
[upd 150] u=0 upd_ctr=5 opt_step=80 E=0.658 g=0.099 VarTD=0.144763 ret_end=-26.316 dbar_end=0.737 occ_end=0.144 CSR_train=0.000 done_count=125
[upd 160] u=1 upd_ctr=6 opt_step=96 E=0.035 g=0.106 VarTD=0.141634 ret_end=-26.845 dbar_end=0.714 occ_end=0.176 CSR_train=0.000 done_count=125
[upd 170] u=0 upd_ctr=6 opt_step=96 E=0.358 g=0.107 VarTD=0.148151 ret_end=-26.624 dbar_end=0.711 occ_end=0.200 CSR_train=0.000 done_count=125
[upd 180] u=0 upd_ctr=6 opt_step=96 E=0.690 g=0.104 VarTD=0.123394 ret_end=-26.553 dbar_end=0.722 occ_end=0.136 CSR_train=0.000 done_count=125
[upd 190] u=0 upd_ctr=7 opt_step=112 E=0.076 g=0.111 VarTD=0.170367 ret_end=-26.811 dbar_end=0.700 occ_end=0.184 CSR_train=0.000 done_count=125
[upd 200] u=0 upd_ctr=7 opt_step=112 E=0.416 g=0.109 VarTD=0.139645 ret_end=-26.583 dbar_end=0.706 occ_end=0.248 CSR_train=0.016 done_count=125
[upd 210] u=0 upd_ctr=7 opt_step=112 E=0.754 g=0.116 VarTD=0.143722 ret_end=-26.343 dbar_end=0.685 occ_end=0.136 CSR_train=0.000 done_count=125
[upd 220] u=0 upd_ctr=8 opt_step=128 E=0.138 g=0.112 VarTD=0.136830 ret_end=-25.757 dbar_end=0.698 occ_end=0.168 CSR_train=0.000 done_count=125
[upd 230] u=0 upd_ctr=8 opt_step=128 E=0.501 g=0.129 VarTD=0.134368 ret_end=-25.879 dbar_end=0.653 occ_end=0.240 CSR_train=0.000 done_count=125
[upd 240] u=0 upd_ctr=8 opt_step=128 E=0.861 g=0.118 VarTD=0.140140 ret_end=-25.899 dbar_end=0.680 occ_end=0.160 CSR_train=0.000 done_count=125
[upd 250] u=0 upd_ctr=9 opt_step=144 E=0.270 g=0.127 VarTD=0.154466 ret_end=-24.906 dbar_end=0.658 occ_end=0.160 CSR_train=0.000 done_count=125
[upd 260] u=0 upd_ctr=9 opt_step=144 E=0.636 g=0.111 VarTD=0.140470 ret_end=-26.343 dbar_end=0.700 occ_end=0.240 CSR_train=0.000 done_count=100
[upd 270] u=1 upd_ctr=10 opt_step=160 E=0.056 g=0.124 VarTD=0.153817 ret_end=-25.675 dbar_end=0.665 occ_end=0.192 CSR_train=0.000 done_count=125
[upd 280] u=0 upd_ctr=10 opt_step=160 E=0.439 g=0.111 VarTD=0.162335 ret_end=-26.861 dbar_end=0.701 occ_end=0.168 CSR_train=0.000 done_count=125
[upd 290] u=0 upd_ctr=10 opt_step=160 E=0.815 g=0.126 VarTD=0.136435 ret_end=-25.495 dbar_end=0.660 occ_end=0.200 CSR_train=0.000 done_count=125
[upd 300] u=0 upd_ctr=11 opt_step=176 E=0.234 g=0.117 VarTD=0.183240 ret_end=-26.551 dbar_end=0.682 occ_end=0.208 CSR_train=0.000 done_count=125
[upd 310] u=0 upd_ctr=11 opt_step=176 E=0.625 g=0.139 VarTD=0.173733 ret_end=-25.781 dbar_end=0.629 occ_end=0.168 CSR_train=0.000 done_count=125
[Gate5 check] update_counter violations: t0=0 diffs=0
[Gate5 check] opt_step violations: t0=0 diffs=0 (expected_inc=16)
[Gate5 check] NaN masking: nan_on_skip=True finite_on_update=True
[Gate5 summary] mean_update_fraction=0.0353 final_executed_updates_mean=11.00
[Gate5 eval] done_count mean=100.0 CSR mean=0.0000 len_end_mean=26.00
[Gate5 eval] episodes_per_env=4 T_eval=104
[Gate5 eval-debug] locked_eps_occ=0.20 pre(step25): dbar_end=0.599158 occupied_end_mean=0.260000 max_tilde_end_mean=0.881807 CSR@locked=0.000000
[Gate5 eval-debug] locked_eps_occ=0.20 post(step26): dbar_end=0.601466 occupied_end_mean=0.240000 max_tilde_end_mean=0.884552 CSR@locked=0.000000
[Gate5 eval-debug] CSR_pre@0.10=0.0000 CSR_pre@0.15=0.0000 CSR_pre@0.20=0.0000 CSR_pre@0.25=0.0000 CSR_pre@0.30=0.0000
[Gate5 eval-debug] CSR_post@0.10=0.0000 CSR_post@0.15=0.0000 CSR_post@0.20=0.0000 CSR_post@0.25=0.0000 CSR_post@0.30=0.0000
