Importing submoduled environments...
Submoduled environments not found. Skipping import.
[upd 0] u=1 upd_ctr=1 opt_step=16 E=0.036 g=0.089 VarTD=0.203202 ret_end=-28.238 dbar_end=0.769 occ_end=0.170 CSR_train=0.000 done_count=100
[upd 10] u=0 upd_ctr=1 opt_step=16 E=0.416 g=0.094 VarTD=0.178732 ret_end=-27.407 dbar_end=0.753 occ_end=0.200 CSR_train=0.000 done_count=125
[upd 20] u=0 upd_ctr=1 opt_step=16 E=0.788 g=0.089 VarTD=0.146078 ret_end=-28.353 dbar_end=0.769 occ_end=0.176 CSR_train=0.000 done_count=125
[upd 30] u=0 upd_ctr=2 opt_step=32 E=0.118 g=0.096 VarTD=0.148692 ret_end=-27.448 dbar_end=0.748 occ_end=0.216 CSR_train=0.000 done_count=125
[upd 40] u=0 upd_ctr=2 opt_step=32 E=0.514 g=0.102 VarTD=0.142215 ret_end=-26.398 dbar_end=0.728 occ_end=0.176 CSR_train=0.000 done_count=125
[upd 50] u=0 upd_ctr=2 opt_step=32 E=0.908 g=0.088 VarTD=0.170879 ret_end=-27.351 dbar_end=0.775 occ_end=0.088 CSR_train=0.000 done_count=125
[upd 60] u=0 upd_ctr=3 opt_step=48 E=0.275 g=0.099 VarTD=0.141394 ret_end=-27.111 dbar_end=0.736 occ_end=0.152 CSR_train=0.000 done_count=125
[upd 70] u=0 upd_ctr=3 opt_step=48 E=0.672 g=0.092 VarTD=0.147115 ret_end=-27.427 dbar_end=0.758 occ_end=0.192 CSR_train=0.000 done_count=125
[upd 80] u=1 upd_ctr=4 opt_step=64 E=0.043 g=0.106 VarTD=0.150517 ret_end=-25.749 dbar_end=0.713 occ_end=0.168 CSR_train=0.000 done_count=125
[upd 90] u=0 upd_ctr=4 opt_step=64 E=0.455 g=0.112 VarTD=0.138686 ret_end=-26.137 dbar_end=0.698 occ_end=0.144 CSR_train=0.000 done_count=125
[upd 100] u=0 upd_ctr=4 opt_step=64 E=0.858 g=0.092 VarTD=0.149008 ret_end=-27.938 dbar_end=0.758 occ_end=0.160 CSR_train=0.000 done_count=125
[upd 110] u=0 upd_ctr=5 opt_step=80 E=0.252 g=0.106 VarTD=0.129929 ret_end=-26.806 dbar_end=0.716 occ_end=0.216 CSR_train=0.000 done_count=125
[upd 120] u=0 upd_ctr=5 opt_step=80 E=0.681 g=0.104 VarTD=0.149490 ret_end=-27.010 dbar_end=0.722 occ_end=0.208 CSR_train=0.000 done_count=125
[upd 130] u=0 upd_ctr=6 opt_step=96 E=0.093 g=0.106 VarTD=0.152658 ret_end=-27.022 dbar_end=0.714 occ_end=0.230 CSR_train=0.000 done_count=100
[upd 140] u=0 upd_ctr=6 opt_step=96 E=0.552 g=0.112 VarTD=0.154270 ret_end=-26.409 dbar_end=0.697 occ_end=0.160 CSR_train=0.000 done_count=125
[upd 150] u=0 upd_ctr=6 opt_step=96 E=0.995 g=0.110 VarTD=0.172452 ret_end=-27.500 dbar_end=0.703 occ_end=0.248 CSR_train=0.000 done_count=125
[upd 160] u=0 upd_ctr=7 opt_step=112 E=0.428 g=0.121 VarTD=0.142193 ret_end=-25.867 dbar_end=0.674 occ_end=0.184 CSR_train=0.000 done_count=125
[upd 170] u=0 upd_ctr=7 opt_step=112 E=0.892 g=0.115 VarTD=0.162157 ret_end=-26.824 dbar_end=0.687 occ_end=0.224 CSR_train=0.000 done_count=125
[upd 180] u=0 upd_ctr=8 opt_step=128 E=0.349 g=0.125 VarTD=0.139038 ret_end=-25.694 dbar_end=0.663 occ_end=0.176 CSR_train=0.000 done_count=125
[upd 190] u=0 upd_ctr=8 opt_step=128 E=0.830 g=0.117 VarTD=0.179537 ret_end=-26.176 dbar_end=0.684 occ_end=0.240 CSR_train=0.000 done_count=125
[upd 200] u=0 upd_ctr=9 opt_step=144 E=0.292 g=0.122 VarTD=0.141560 ret_end=-25.887 dbar_end=0.670 occ_end=0.224 CSR_train=0.000 done_count=125
[upd 210] u=0 upd_ctr=9 opt_step=144 E=0.790 g=0.124 VarTD=0.152423 ret_end=-25.097 dbar_end=0.666 occ_end=0.128 CSR_train=0.000 done_count=125
[upd 220] u=0 upd_ctr=10 opt_step=160 E=0.260 g=0.134 VarTD=0.166462 ret_end=-25.303 dbar_end=0.640 occ_end=0.200 CSR_train=0.000 done_count=125
[upd 230] u=0 upd_ctr=10 opt_step=160 E=0.785 g=0.130 VarTD=0.149298 ret_end=-25.587 dbar_end=0.650 occ_end=0.160 CSR_train=0.000 done_count=125
[upd 240] u=0 upd_ctr=11 opt_step=176 E=0.261 g=0.130 VarTD=0.191855 ret_end=-24.641 dbar_end=0.650 occ_end=0.272 CSR_train=0.000 done_count=125
[upd 250] u=0 upd_ctr=11 opt_step=176 E=0.774 g=0.144 VarTD=0.172698 ret_end=-24.955 dbar_end=0.617 occ_end=0.208 CSR_train=0.000 done_count=125
[upd 260] u=0 upd_ctr=12 opt_step=192 E=0.254 g=0.129 VarTD=0.174633 ret_end=-25.674 dbar_end=0.653 occ_end=0.150 CSR_train=0.000 done_count=100
[upd 270] u=0 upd_ctr=12 opt_step=192 E=0.782 g=0.124 VarTD=0.211713 ret_end=-26.489 dbar_end=0.665 occ_end=0.304 CSR_train=0.000 done_count=125
[upd 280] u=0 upd_ctr=13 opt_step=208 E=0.311 g=0.128 VarTD=0.220859 ret_end=-25.238 dbar_end=0.655 occ_end=0.224 CSR_train=0.000 done_count=125
[upd 290] u=0 upd_ctr=13 opt_step=208 E=0.840 g=0.129 VarTD=0.211235 ret_end=-25.148 dbar_end=0.652 occ_end=0.184 CSR_train=0.000 done_count=125
[upd 300] u=0 upd_ctr=14 opt_step=224 E=0.321 g=0.130 VarTD=0.234733 ret_end=-25.483 dbar_end=0.649 occ_end=0.192 CSR_train=0.000 done_count=125
[upd 310] u=0 upd_ctr=14 opt_step=224 E=0.865 g=0.143 VarTD=0.237899 ret_end=-24.283 dbar_end=0.620 occ_end=0.232 CSR_train=0.000 done_count=125
[Gate5 check] update_counter violations: t0=0 diffs=0
[Gate5 check] opt_step violations: t0=0 diffs=0 (expected_inc=16)
[Gate5 check] NaN masking: nan_on_skip=True finite_on_update=True
[Gate5 summary] mean_update_fraction=0.0449 final_executed_updates_mean=14.00
[Gate5 eval] done_count mean=100.0 CSR mean=0.0100 len_end_mean=26.00
[Gate5 eval] episodes_per_env=4 T_eval=104
[Gate5 eval-debug] locked_eps_occ=0.20 pre(step25): dbar_end=0.464500 occupied_end_mean=0.550000 max_tilde_end_mean=0.667730 CSR@locked=0.020000
[Gate5 eval-debug] locked_eps_occ=0.20 post(step26): dbar_end=0.470020 occupied_end_mean=0.490000 max_tilde_end_mean=0.673886 CSR@locked=0.010000
[Gate5 eval-debug] CSR_pre@0.10=0.0000 CSR_pre@0.15=0.0100 CSR_pre@0.20=0.0200 CSR_pre@0.25=0.0200 CSR_pre@0.30=0.0600
[Gate5 eval-debug] CSR_post@0.10=0.0000 CSR_post@0.15=0.0000 CSR_post@0.20=0.0100 CSR_post@0.25=0.0200 CSR_post@0.30=0.0500
