Importing submoduled environments...
Submoduled environments not found. Skipping import.
[upd 0] u=1 upd_ctr=1 opt_step=16 E=0.059 g=0.092 VarTD=0.136051 ret_end=-27.009 dbar_end=0.762 occ_end=0.140 CSR_train=0.000 done_count=100
[upd 10] u=0 upd_ctr=1 opt_step=16 E=0.152 g=0.088 VarTD=0.157825 ret_end=-27.556 dbar_end=0.774 occ_end=0.128 CSR_train=0.000 done_count=125
[upd 20] u=0 upd_ctr=1 opt_step=16 E=0.247 g=0.096 VarTD=0.140044 ret_end=-27.124 dbar_end=0.745 occ_end=0.128 CSR_train=0.000 done_count=125
[upd 30] u=0 upd_ctr=1 opt_step=16 E=0.340 g=0.099 VarTD=0.160678 ret_end=-27.549 dbar_end=0.736 occ_end=0.192 CSR_train=0.000 done_count=125
[upd 40] u=0 upd_ctr=1 opt_step=16 E=0.427 g=0.089 VarTD=0.150975 ret_end=-26.713 dbar_end=0.771 occ_end=0.136 CSR_train=0.000 done_count=125
[upd 50] u=0 upd_ctr=1 opt_step=16 E=0.517 g=0.093 VarTD=0.157922 ret_end=-26.664 dbar_end=0.757 occ_end=0.192 CSR_train=0.000 done_count=125
[upd 60] u=0 upd_ctr=1 opt_step=16 E=0.611 g=0.090 VarTD=0.133708 ret_end=-27.546 dbar_end=0.767 occ_end=0.120 CSR_train=0.000 done_count=125
[upd 70] u=0 upd_ctr=1 opt_step=16 E=0.705 g=0.093 VarTD=0.153631 ret_end=-26.544 dbar_end=0.755 occ_end=0.176 CSR_train=0.000 done_count=125
[upd 80] u=0 upd_ctr=1 opt_step=16 E=0.800 g=0.102 VarTD=0.121212 ret_end=-26.441 dbar_end=0.727 occ_end=0.176 CSR_train=0.000 done_count=125
[upd 90] u=0 upd_ctr=1 opt_step=16 E=0.895 g=0.100 VarTD=0.126075 ret_end=-27.117 dbar_end=0.733 occ_end=0.160 CSR_train=0.000 done_count=125
[upd 100] u=0 upd_ctr=2 opt_step=32 E=0.038 g=0.102 VarTD=0.139515 ret_end=-26.884 dbar_end=0.728 occ_end=0.224 CSR_train=0.000 done_count=125
[upd 110] u=0 upd_ctr=2 opt_step=32 E=0.135 g=0.104 VarTD=0.135527 ret_end=-26.180 dbar_end=0.719 occ_end=0.184 CSR_train=0.000 done_count=125
[upd 120] u=0 upd_ctr=2 opt_step=32 E=0.232 g=0.100 VarTD=0.154699 ret_end=-27.605 dbar_end=0.734 occ_end=0.200 CSR_train=0.000 done_count=125
[upd 130] u=0 upd_ctr=2 opt_step=32 E=0.331 g=0.089 VarTD=0.165115 ret_end=-27.566 dbar_end=0.770 occ_end=0.130 CSR_train=0.000 done_count=100
[upd 140] u=0 upd_ctr=2 opt_step=32 E=0.425 g=0.090 VarTD=0.161363 ret_end=-27.951 dbar_end=0.768 occ_end=0.160 CSR_train=0.000 done_count=125
[upd 150] u=0 upd_ctr=2 opt_step=32 E=0.524 g=0.091 VarTD=0.134529 ret_end=-27.305 dbar_end=0.762 occ_end=0.184 CSR_train=0.008 done_count=125
[upd 160] u=0 upd_ctr=2 opt_step=32 E=0.619 g=0.084 VarTD=0.140425 ret_end=-27.646 dbar_end=0.789 occ_end=0.104 CSR_train=0.000 done_count=125
[upd 170] u=0 upd_ctr=2 opt_step=32 E=0.717 g=0.098 VarTD=0.142003 ret_end=-26.745 dbar_end=0.739 occ_end=0.112 CSR_train=0.000 done_count=125
[upd 180] u=0 upd_ctr=2 opt_step=32 E=0.813 g=0.089 VarTD=0.144236 ret_end=-28.160 dbar_end=0.771 occ_end=0.120 CSR_train=0.000 done_count=125
[upd 190] u=0 upd_ctr=2 opt_step=32 E=0.915 g=0.113 VarTD=0.146650 ret_end=-26.513 dbar_end=0.695 occ_end=0.160 CSR_train=0.000 done_count=125
[upd 200] u=0 upd_ctr=3 opt_step=48 E=0.068 g=0.110 VarTD=0.142277 ret_end=-26.687 dbar_end=0.704 occ_end=0.160 CSR_train=0.000 done_count=125
[upd 210] u=0 upd_ctr=3 opt_step=48 E=0.168 g=0.097 VarTD=0.160193 ret_end=-27.961 dbar_end=0.742 occ_end=0.152 CSR_train=0.000 done_count=125
[upd 220] u=0 upd_ctr=3 opt_step=48 E=0.270 g=0.091 VarTD=0.169185 ret_end=-28.405 dbar_end=0.764 occ_end=0.144 CSR_train=0.000 done_count=125
[upd 230] u=0 upd_ctr=3 opt_step=48 E=0.367 g=0.099 VarTD=0.148095 ret_end=-27.396 dbar_end=0.736 occ_end=0.128 CSR_train=0.000 done_count=125
[upd 240] u=0 upd_ctr=3 opt_step=48 E=0.464 g=0.097 VarTD=0.163888 ret_end=-26.757 dbar_end=0.743 occ_end=0.120 CSR_train=0.000 done_count=125
[upd 250] u=0 upd_ctr=3 opt_step=48 E=0.566 g=0.096 VarTD=0.140286 ret_end=-26.595 dbar_end=0.745 occ_end=0.176 CSR_train=0.008 done_count=125
[upd 260] u=0 upd_ctr=3 opt_step=48 E=0.664 g=0.095 VarTD=0.181335 ret_end=-26.421 dbar_end=0.748 occ_end=0.160 CSR_train=0.000 done_count=100
[upd 270] u=0 upd_ctr=3 opt_step=48 E=0.769 g=0.111 VarTD=0.145672 ret_end=-27.077 dbar_end=0.699 occ_end=0.168 CSR_train=0.000 done_count=125
[upd 280] u=0 upd_ctr=3 opt_step=48 E=0.870 g=0.110 VarTD=0.139956 ret_end=-26.297 dbar_end=0.704 occ_end=0.168 CSR_train=0.000 done_count=125
[upd 290] u=0 upd_ctr=4 opt_step=64 E=0.022 g=0.111 VarTD=0.117241 ret_end=-25.451 dbar_end=0.700 occ_end=0.144 CSR_train=0.000 done_count=125
[upd 300] u=0 upd_ctr=4 opt_step=64 E=0.128 g=0.090 VarTD=0.154211 ret_end=-28.153 dbar_end=0.766 occ_end=0.152 CSR_train=0.000 done_count=125
[upd 310] u=0 upd_ctr=4 opt_step=64 E=0.235 g=0.110 VarTD=0.143356 ret_end=-26.536 dbar_end=0.703 occ_end=0.168 CSR_train=0.000 done_count=125
[Gate5 check] update_counter violations: t0=0 diffs=0
[Gate5 check] opt_step violations: t0=0 diffs=0 (expected_inc=16)
[Gate5 check] NaN masking: nan_on_skip=True finite_on_update=True
[Gate5 summary] mean_update_fraction=0.0128 final_executed_updates_mean=4.00
[Gate5 eval] done_count mean=100.0 CSR mean=0.0000 len_end_mean=26.00
[Gate5 eval] episodes_per_env=4 T_eval=104
[Gate5 eval-debug] locked_eps_occ=0.20 pre(step25): dbar_end=0.541293 occupied_end_mean=0.360000 max_tilde_end_mean=0.792434 CSR@locked=0.000000
[Gate5 eval-debug] locked_eps_occ=0.20 post(step26): dbar_end=0.545475 occupied_end_mean=0.370000 max_tilde_end_mean=0.812338 CSR@locked=0.000000
[Gate5 eval-debug] CSR_pre@0.10=0.0000 CSR_pre@0.15=0.0000 CSR_pre@0.20=0.0000 CSR_pre@0.25=0.0000 CSR_pre@0.30=0.0200
[Gate5 eval-debug] CSR_post@0.10=0.0000 CSR_post@0.15=0.0000 CSR_post@0.20=0.0000 CSR_post@0.25=0.0100 CSR_post@0.30=0.0300
