Importing submoduled environments...
Submoduled environments not found. Skipping import.
[upd 0] u=1 upd_ctr=1 opt_step=16 E=0.144 g=0.094 VarTD=0.156314 ret_end=-27.700 dbar_end=0.751 occ_end=0.180 CSR_train=0.010 done_count=100
[upd 10] u=1 upd_ctr=2 opt_step=32 E=0.156 g=0.106 VarTD=0.133782 ret_end=-25.939 dbar_end=0.713 occ_end=0.168 CSR_train=0.000 done_count=125
[upd 20] u=1 upd_ctr=3 opt_step=48 E=0.155 g=0.105 VarTD=0.138234 ret_end=-26.479 dbar_end=0.717 occ_end=0.208 CSR_train=0.000 done_count=125
[upd 30] u=1 upd_ctr=4 opt_step=64 E=0.152 g=0.102 VarTD=0.143332 ret_end=-27.390 dbar_end=0.727 occ_end=0.136 CSR_train=0.000 done_count=125
[upd 40] u=0 upd_ctr=5 opt_step=80 E=0.248 g=0.104 VarTD=0.143397 ret_end=-26.850 dbar_end=0.722 occ_end=0.208 CSR_train=0.000 done_count=125
[upd 50] u=0 upd_ctr=6 opt_step=96 E=0.405 g=0.122 VarTD=0.144670 ret_end=-26.175 dbar_end=0.670 occ_end=0.216 CSR_train=0.000 done_count=125
[upd 60] u=0 upd_ctr=7 opt_step=112 E=0.629 g=0.118 VarTD=0.154448 ret_end=-25.329 dbar_end=0.681 occ_end=0.232 CSR_train=0.000 done_count=125
[upd 70] u=0 upd_ctr=8 opt_step=128 E=0.906 g=0.128 VarTD=0.135011 ret_end=-24.997 dbar_end=0.655 occ_end=0.232 CSR_train=0.000 done_count=125
[upd 80] u=1 upd_ctr=10 opt_step=160 E=0.172 g=0.122 VarTD=0.162081 ret_end=-26.478 dbar_end=0.669 occ_end=0.184 CSR_train=0.000 done_count=125
[upd 90] u=0 upd_ctr=11 opt_step=176 E=0.435 g=0.112 VarTD=0.151926 ret_end=-25.461 dbar_end=0.696 occ_end=0.224 CSR_train=0.000 done_count=125
[upd 100] u=0 upd_ctr=12 opt_step=192 E=0.867 g=0.145 VarTD=0.181950 ret_end=-24.921 dbar_end=0.614 occ_end=0.272 CSR_train=0.000 done_count=125
[upd 110] u=0 upd_ctr=14 opt_step=224 E=0.342 g=0.150 VarTD=0.213012 ret_end=-23.391 dbar_end=0.604 occ_end=0.232 CSR_train=0.000 done_count=125
[upd 120] u=0 upd_ctr=15 opt_step=240 E=0.795 g=0.161 VarTD=0.280703 ret_end=-24.161 dbar_end=0.582 occ_end=0.224 CSR_train=0.000 done_count=125
[upd 130] u=0 upd_ctr=17 opt_step=272 E=0.332 g=0.161 VarTD=0.364603 ret_end=-24.564 dbar_end=0.582 occ_end=0.320 CSR_train=0.010 done_count=100
[upd 140] u=0 upd_ctr=18 opt_step=288 E=0.924 g=0.157 VarTD=0.493013 ret_end=-24.890 dbar_end=0.589 occ_end=0.296 CSR_train=0.000 done_count=125
[upd 150] u=0 upd_ctr=20 opt_step=320 E=0.521 g=0.151 VarTD=0.597831 ret_end=-24.795 dbar_end=0.602 occ_end=0.216 CSR_train=0.000 done_count=125
[upd 160] u=1 upd_ctr=22 opt_step=352 E=0.173 g=0.164 VarTD=0.679713 ret_end=-24.019 dbar_end=0.575 occ_end=0.304 CSR_train=0.000 done_count=125
[upd 170] u=0 upd_ctr=23 opt_step=368 E=0.804 g=0.155 VarTD=0.909388 ret_end=-24.684 dbar_end=0.595 occ_end=0.352 CSR_train=0.000 done_count=125
[upd 180] u=0 upd_ctr=25 opt_step=400 E=0.526 g=0.161 VarTD=1.156594 ret_end=-24.943 dbar_end=0.582 occ_end=0.304 CSR_train=0.000 done_count=125
[upd 190] u=1 upd_ctr=27 opt_step=432 E=0.219 g=0.169 VarTD=1.275543 ret_end=-24.237 dbar_end=0.567 occ_end=0.304 CSR_train=0.008 done_count=125
[upd 200] u=0 upd_ctr=28 opt_step=448 E=0.900 g=0.171 VarTD=1.599164 ret_end=-24.212 dbar_end=0.563 occ_end=0.192 CSR_train=0.000 done_count=125
[upd 210] u=0 upd_ctr=30 opt_step=480 E=0.554 g=0.174 VarTD=1.855603 ret_end=-23.847 dbar_end=0.558 occ_end=0.288 CSR_train=0.000 done_count=125
[upd 220] u=1 upd_ctr=32 opt_step=512 E=0.224 g=0.174 VarTD=2.010429 ret_end=-23.736 dbar_end=0.556 occ_end=0.312 CSR_train=0.000 done_count=125
[upd 230] u=0 upd_ctr=33 opt_step=528 E=0.894 g=0.165 VarTD=2.301915 ret_end=-23.863 dbar_end=0.573 occ_end=0.296 CSR_train=0.000 done_count=125
[upd 240] u=0 upd_ctr=35 opt_step=560 E=0.573 g=0.175 VarTD=2.697206 ret_end=-23.159 dbar_end=0.555 occ_end=0.232 CSR_train=0.000 done_count=125
[upd 250] u=1 upd_ctr=37 opt_step=592 E=0.216 g=0.166 VarTD=2.780897 ret_end=-23.916 dbar_end=0.571 occ_end=0.240 CSR_train=0.000 done_count=125
[upd 260] u=0 upd_ctr=38 opt_step=608 E=0.875 g=0.171 VarTD=2.573428 ret_end=-23.292 dbar_end=0.562 occ_end=0.160 CSR_train=0.000 done_count=100
[upd 270] u=0 upd_ctr=40 opt_step=640 E=0.540 g=0.164 VarTD=3.503442 ret_end=-23.781 dbar_end=0.576 occ_end=0.272 CSR_train=0.000 done_count=125
[upd 280] u=1 upd_ctr=42 opt_step=672 E=0.200 g=0.150 VarTD=3.574426 ret_end=-24.781 dbar_end=0.605 occ_end=0.336 CSR_train=0.000 done_count=125
[upd 290] u=0 upd_ctr=43 opt_step=688 E=0.939 g=0.180 VarTD=4.099781 ret_end=-23.256 dbar_end=0.547 occ_end=0.248 CSR_train=0.000 done_count=125
[upd 300] u=0 upd_ctr=45 opt_step=720 E=0.557 g=0.172 VarTD=4.377564 ret_end=-24.281 dbar_end=0.561 occ_end=0.280 CSR_train=0.000 done_count=125
[upd 310] u=1 upd_ctr=47 opt_step=752 E=0.222 g=0.172 VarTD=4.479104 ret_end=-22.775 dbar_end=0.561 occ_end=0.248 CSR_train=0.008 done_count=125
[Gate5 check] update_counter violations: t0=0 diffs=0
[Gate5 check] opt_step violations: t0=0 diffs=0 (expected_inc=16)
[Gate5 check] NaN masking: nan_on_skip=True finite_on_update=True
[Gate5 summary] mean_update_fraction=0.1506 final_executed_updates_mean=47.00
[Gate5 eval] done_count mean=100.0 CSR mean=0.0100 len_end_mean=26.00
[Gate5 eval] episodes_per_env=4 T_eval=104
[Gate5 eval-debug] locked_eps_occ=0.20 pre(step25): dbar_end=0.466762 occupied_end_mean=0.460000 max_tilde_end_mean=0.679979 CSR@locked=0.020000
[Gate5 eval-debug] locked_eps_occ=0.20 post(step26): dbar_end=0.469555 occupied_end_mean=0.430000 max_tilde_end_mean=0.680083 CSR@locked=0.010000
[Gate5 eval-debug] CSR_pre@0.10=0.0000 CSR_pre@0.15=0.0100 CSR_pre@0.20=0.0200 CSR_pre@0.25=0.0200 CSR_pre@0.30=0.0400
[Gate5 eval-debug] CSR_post@0.10=0.0000 CSR_post@0.15=0.0000 CSR_post@0.20=0.0100 CSR_post@0.25=0.0400 CSR_post@0.30=0.0600
