Importing submoduled environments...
Submoduled environments not found. Skipping import.
[upd 0] u=1 upd_ctr=1 opt_step=16 E=0.500 g=0.092 VarTD=0.136051 ret_end=-27.009 dbar_end=0.762 occ_end=0.140 CSR_train=0.000 done_count=100
[upd 10] u=0 upd_ctr=2 opt_step=32 E=0.000 g=0.092 VarTD=0.158402 ret_end=-27.358 dbar_end=0.761 occ_end=0.168 CSR_train=0.000 done_count=125
[upd 20] u=0 upd_ctr=2 opt_step=32 E=0.000 g=0.097 VarTD=0.140273 ret_end=-26.977 dbar_end=0.743 occ_end=0.136 CSR_train=0.000 done_count=125
[upd 30] u=0 upd_ctr=2 opt_step=32 E=0.000 g=0.101 VarTD=0.162188 ret_end=-27.397 dbar_end=0.730 occ_end=0.152 CSR_train=0.000 done_count=125
[upd 40] u=0 upd_ctr=2 opt_step=32 E=0.000 g=0.090 VarTD=0.154131 ret_end=-26.742 dbar_end=0.766 occ_end=0.136 CSR_train=0.000 done_count=125
[upd 50] u=0 upd_ctr=2 opt_step=32 E=0.000 g=0.098 VarTD=0.146640 ret_end=-26.218 dbar_end=0.741 occ_end=0.208 CSR_train=0.000 done_count=125
[upd 60] u=0 upd_ctr=2 opt_step=32 E=0.000 g=0.091 VarTD=0.137408 ret_end=-27.420 dbar_end=0.762 occ_end=0.136 CSR_train=0.000 done_count=125
[upd 70] u=0 upd_ctr=2 opt_step=32 E=0.000 g=0.096 VarTD=0.151228 ret_end=-26.514 dbar_end=0.745 occ_end=0.160 CSR_train=0.000 done_count=125
[upd 80] u=0 upd_ctr=2 opt_step=32 E=0.000 g=0.106 VarTD=0.121375 ret_end=-26.280 dbar_end=0.714 occ_end=0.184 CSR_train=0.000 done_count=125
[upd 90] u=0 upd_ctr=2 opt_step=32 E=0.000 g=0.102 VarTD=0.128128 ret_end=-26.974 dbar_end=0.727 occ_end=0.160 CSR_train=0.000 done_count=125
[upd 100] u=0 upd_ctr=2 opt_step=32 E=0.000 g=0.103 VarTD=0.140588 ret_end=-26.812 dbar_end=0.724 occ_end=0.232 CSR_train=0.000 done_count=125
[upd 110] u=0 upd_ctr=2 opt_step=32 E=0.000 g=0.104 VarTD=0.137172 ret_end=-26.243 dbar_end=0.721 occ_end=0.216 CSR_train=0.000 done_count=125
[upd 120] u=0 upd_ctr=2 opt_step=32 E=0.000 g=0.099 VarTD=0.152544 ret_end=-27.544 dbar_end=0.736 occ_end=0.208 CSR_train=0.000 done_count=125
[Gate5 check] update_counter violations: t0=0 diffs=0
[Gate5 check] opt_step violations: t0=0 diffs=0 (expected_inc=16)
[Gate5 check] NaN masking: nan_on_skip=True finite_on_update=True
[Gate5 summary] mean_update_fraction=0.0160 final_executed_updates_mean=2.00
[Gate5 eval] done_count mean=100.0 CSR mean=0.0000 len_end_mean=26.00
[Gate5 eval] episodes_per_env=4 T_eval=104
[Gate5 eval-debug] locked_eps_occ=0.20 pre(step25): dbar_end=0.623360 occupied_end_mean=0.230000 max_tilde_end_mean=0.905486 CSR@locked=0.000000
[Gate5 eval-debug] locked_eps_occ=0.20 post(step26): dbar_end=0.629180 occupied_end_mean=0.240000 max_tilde_end_mean=0.910265 CSR@locked=0.000000
[Gate5 eval-debug] CSR_pre@0.10=0.0000 CSR_pre@0.15=0.0000 CSR_pre@0.20=0.0000 CSR_pre@0.25=0.0000 CSR_pre@0.30=0.0100
[Gate5 eval-debug] CSR_post@0.10=0.0000 CSR_post@0.15=0.0000 CSR_post@0.20=0.0000 CSR_post@0.25=0.0000 CSR_post@0.30=0.0100
