Importing submoduled environments...
Submoduled environments not found. Skipping import.
[upd 0] u=1 upd_ctr=1 opt_step=16 E=0.022 g=0.073 VarTD=0.176583 ret_end=-28.932 dbar_end=0.832 occ_end=0.120 CSR_train=0.000 done_count=100
[upd 10] u=0 upd_ctr=1 opt_step=16 E=0.292 g=0.084 VarTD=0.145375 ret_end=-27.822 dbar_end=0.789 occ_end=0.112 CSR_train=0.000 done_count=125
[upd 20] u=0 upd_ctr=1 opt_step=16 E=0.579 g=0.093 VarTD=0.146987 ret_end=-27.233 dbar_end=0.757 occ_end=0.168 CSR_train=0.000 done_count=125
[upd 30] u=0 upd_ctr=1 opt_step=16 E=0.845 g=0.096 VarTD=0.137071 ret_end=-26.257 dbar_end=0.748 occ_end=0.184 CSR_train=0.000 done_count=125
[upd 40] u=0 upd_ctr=2 opt_step=32 E=0.110 g=0.093 VarTD=0.176199 ret_end=-27.352 dbar_end=0.756 occ_end=0.176 CSR_train=0.000 done_count=125
[upd 50] u=0 upd_ctr=2 opt_step=32 E=0.400 g=0.087 VarTD=0.177289 ret_end=-28.143 dbar_end=0.777 occ_end=0.128 CSR_train=0.000 done_count=125
[upd 60] u=0 upd_ctr=2 opt_step=32 E=0.685 g=0.092 VarTD=0.138128 ret_end=-26.408 dbar_end=0.760 occ_end=0.104 CSR_train=0.000 done_count=125
[upd 70] u=0 upd_ctr=2 opt_step=32 E=0.975 g=0.108 VarTD=0.137750 ret_end=-25.894 dbar_end=0.709 occ_end=0.176 CSR_train=0.008 done_count=125
[upd 80] u=0 upd_ctr=3 opt_step=48 E=0.255 g=0.090 VarTD=0.152596 ret_end=-28.111 dbar_end=0.769 occ_end=0.120 CSR_train=0.000 done_count=125
[upd 90] u=0 upd_ctr=3 opt_step=48 E=0.546 g=0.091 VarTD=0.148556 ret_end=-28.114 dbar_end=0.762 occ_end=0.152 CSR_train=0.000 done_count=125
[upd 100] u=0 upd_ctr=3 opt_step=48 E=0.834 g=0.095 VarTD=0.148639 ret_end=-27.762 dbar_end=0.749 occ_end=0.104 CSR_train=0.000 done_count=125
[upd 110] u=0 upd_ctr=4 opt_step=64 E=0.090 g=0.099 VarTD=0.156804 ret_end=-26.274 dbar_end=0.736 occ_end=0.160 CSR_train=0.000 done_count=125
[upd 120] u=0 upd_ctr=4 opt_step=64 E=0.399 g=0.104 VarTD=0.123640 ret_end=-26.664 dbar_end=0.722 occ_end=0.216 CSR_train=0.000 done_count=125
[Gate5 check] update_counter violations: t0=0 diffs=0
[Gate5 check] opt_step violations: t0=0 diffs=0 (expected_inc=16)
[Gate5 check] NaN masking: nan_on_skip=True finite_on_update=True
[Gate5 summary] mean_update_fraction=0.0320 final_executed_updates_mean=4.00
[Gate5 eval] done_count mean=100.0 CSR mean=0.0000 len_end_mean=26.00
[Gate5 eval] episodes_per_env=4 T_eval=104
[Gate5 eval-debug] locked_eps_occ=0.20 pre(step25): dbar_end=0.548447 occupied_end_mean=0.300000 max_tilde_end_mean=0.817244 CSR@locked=0.000000
[Gate5 eval-debug] locked_eps_occ=0.20 post(step26): dbar_end=0.547665 occupied_end_mean=0.300000 max_tilde_end_mean=0.818301 CSR@locked=0.000000
[Gate5 eval-debug] CSR_pre@0.10=0.0000 CSR_pre@0.15=0.0000 CSR_pre@0.20=0.0000 CSR_pre@0.25=0.0100 CSR_pre@0.30=0.0400
[Gate5 eval-debug] CSR_post@0.10=0.0000 CSR_post@0.15=0.0000 CSR_post@0.20=0.0000 CSR_post@0.25=0.0100 CSR_post@0.30=0.0300
