Importing submoduled environments...
Submoduled environments not found. Skipping import.
[upd 0] u=1 upd_ctr=1 opt_step=16 E=0.009 g=0.087 VarTD=0.169991 ret_end=-27.980 dbar_end=0.777 occ_end=0.130 CSR_train=0.000 done_count=100
[upd 10] u=0 upd_ctr=1 opt_step=16 E=0.102 g=0.097 VarTD=0.148660 ret_end=-28.362 dbar_end=0.744 occ_end=0.160 CSR_train=0.000 done_count=125
[upd 20] u=0 upd_ctr=1 opt_step=16 E=0.196 g=0.107 VarTD=0.133804 ret_end=-25.361 dbar_end=0.711 occ_end=0.200 CSR_train=0.000 done_count=125
[upd 30] u=0 upd_ctr=1 opt_step=16 E=0.294 g=0.107 VarTD=0.114053 ret_end=-26.242 dbar_end=0.712 occ_end=0.176 CSR_train=0.000 done_count=125
[upd 40] u=0 upd_ctr=1 opt_step=16 E=0.388 g=0.093 VarTD=0.157199 ret_end=-27.408 dbar_end=0.756 occ_end=0.120 CSR_train=0.000 done_count=125
[upd 50] u=0 upd_ctr=1 opt_step=16 E=0.477 g=0.083 VarTD=0.175078 ret_end=-28.448 dbar_end=0.791 occ_end=0.128 CSR_train=0.000 done_count=125
[upd 60] u=0 upd_ctr=1 opt_step=16 E=0.571 g=0.095 VarTD=0.148633 ret_end=-26.620 dbar_end=0.750 occ_end=0.168 CSR_train=0.000 done_count=125
[upd 70] u=0 upd_ctr=1 opt_step=16 E=0.666 g=0.102 VarTD=0.152415 ret_end=-27.135 dbar_end=0.728 occ_end=0.152 CSR_train=0.000 done_count=125
[upd 80] u=0 upd_ctr=1 opt_step=16 E=0.762 g=0.097 VarTD=0.143579 ret_end=-26.869 dbar_end=0.743 occ_end=0.216 CSR_train=0.000 done_count=125
[upd 90] u=0 upd_ctr=1 opt_step=16 E=0.852 g=0.090 VarTD=0.177650 ret_end=-27.888 dbar_end=0.766 occ_end=0.160 CSR_train=0.000 done_count=125
[upd 100] u=0 upd_ctr=1 opt_step=16 E=0.945 g=0.101 VarTD=0.139726 ret_end=-26.278 dbar_end=0.729 occ_end=0.120 CSR_train=0.000 done_count=125
[upd 110] u=0 upd_ctr=2 opt_step=32 E=0.039 g=0.101 VarTD=0.133335 ret_end=-26.358 dbar_end=0.729 occ_end=0.208 CSR_train=0.000 done_count=125
[upd 120] u=0 upd_ctr=2 opt_step=32 E=0.139 g=0.093 VarTD=0.119858 ret_end=-26.872 dbar_end=0.757 occ_end=0.120 CSR_train=0.000 done_count=125
[upd 130] u=0 upd_ctr=2 opt_step=32 E=0.238 g=0.095 VarTD=0.151247 ret_end=-27.429 dbar_end=0.749 occ_end=0.130 CSR_train=0.000 done_count=100
[upd 140] u=0 upd_ctr=2 opt_step=32 E=0.339 g=0.098 VarTD=0.162630 ret_end=-27.620 dbar_end=0.738 occ_end=0.224 CSR_train=0.000 done_count=125
[upd 150] u=0 upd_ctr=2 opt_step=32 E=0.442 g=0.109 VarTD=0.137443 ret_end=-26.537 dbar_end=0.706 occ_end=0.200 CSR_train=0.000 done_count=125
[upd 160] u=0 upd_ctr=2 opt_step=32 E=0.540 g=0.102 VarTD=0.136519 ret_end=-26.729 dbar_end=0.728 occ_end=0.136 CSR_train=0.000 done_count=125
[upd 170] u=0 upd_ctr=2 opt_step=32 E=0.641 g=0.100 VarTD=0.158606 ret_end=-27.287 dbar_end=0.732 occ_end=0.208 CSR_train=0.000 done_count=125
[upd 180] u=0 upd_ctr=2 opt_step=32 E=0.740 g=0.104 VarTD=0.144868 ret_end=-27.237 dbar_end=0.720 occ_end=0.152 CSR_train=0.000 done_count=125
[upd 190] u=0 upd_ctr=2 opt_step=32 E=0.838 g=0.087 VarTD=0.150345 ret_end=-27.867 dbar_end=0.777 occ_end=0.056 CSR_train=0.000 done_count=125
[upd 200] u=0 upd_ctr=2 opt_step=32 E=0.939 g=0.099 VarTD=0.124074 ret_end=-26.843 dbar_end=0.736 occ_end=0.128 CSR_train=0.000 done_count=125
[upd 210] u=0 upd_ctr=3 opt_step=48 E=0.029 g=0.103 VarTD=0.150271 ret_end=-27.011 dbar_end=0.725 occ_end=0.144 CSR_train=0.000 done_count=125
[upd 220] u=0 upd_ctr=3 opt_step=48 E=0.136 g=0.100 VarTD=0.138267 ret_end=-26.649 dbar_end=0.733 occ_end=0.208 CSR_train=0.000 done_count=125
[upd 230] u=0 upd_ctr=3 opt_step=48 E=0.240 g=0.095 VarTD=0.141828 ret_end=-26.797 dbar_end=0.749 occ_end=0.176 CSR_train=0.000 done_count=125
[upd 240] u=0 upd_ctr=3 opt_step=48 E=0.343 g=0.122 VarTD=0.133087 ret_end=-25.759 dbar_end=0.671 occ_end=0.184 CSR_train=0.000 done_count=125
[upd 250] u=0 upd_ctr=3 opt_step=48 E=0.445 g=0.094 VarTD=0.155217 ret_end=-27.675 dbar_end=0.755 occ_end=0.168 CSR_train=0.000 done_count=125
[upd 260] u=0 upd_ctr=3 opt_step=48 E=0.547 g=0.089 VarTD=0.131468 ret_end=-27.110 dbar_end=0.771 occ_end=0.060 CSR_train=0.000 done_count=100
[upd 270] u=0 upd_ctr=3 opt_step=48 E=0.652 g=0.107 VarTD=0.143170 ret_end=-26.797 dbar_end=0.711 occ_end=0.168 CSR_train=0.000 done_count=125
[upd 280] u=0 upd_ctr=3 opt_step=48 E=0.753 g=0.113 VarTD=0.162296 ret_end=-26.189 dbar_end=0.695 occ_end=0.184 CSR_train=0.000 done_count=125
[upd 290] u=0 upd_ctr=3 opt_step=48 E=0.858 g=0.117 VarTD=0.131023 ret_end=-25.556 dbar_end=0.684 occ_end=0.216 CSR_train=0.000 done_count=125
[upd 300] u=0 upd_ctr=3 opt_step=48 E=0.964 g=0.102 VarTD=0.120393 ret_end=-26.033 dbar_end=0.727 occ_end=0.152 CSR_train=0.000 done_count=125
[upd 310] u=0 upd_ctr=4 opt_step=64 E=0.062 g=0.106 VarTD=0.150876 ret_end=-27.080 dbar_end=0.714 occ_end=0.176 CSR_train=0.000 done_count=125
[Gate5 check] update_counter violations: t0=0 diffs=0
[Gate5 check] opt_step violations: t0=0 diffs=0 (expected_inc=16)
[Gate5 check] NaN masking: nan_on_skip=True finite_on_update=True
[Gate5 summary] mean_update_fraction=0.0128 final_executed_updates_mean=4.00
[Gate5 eval] done_count mean=100.0 CSR mean=0.0000 len_end_mean=26.00
[Gate5 eval] episodes_per_env=4 T_eval=104
[Gate5 eval-debug] locked_eps_occ=0.20 pre(step25): dbar_end=0.588335 occupied_end_mean=0.370000 max_tilde_end_mean=0.880183 CSR@locked=0.000000
[Gate5 eval-debug] locked_eps_occ=0.20 post(step26): dbar_end=0.597320 occupied_end_mean=0.310000 max_tilde_end_mean=0.884593 CSR@locked=0.000000
[Gate5 eval-debug] CSR_pre@0.10=0.0000 CSR_pre@0.15=0.0000 CSR_pre@0.20=0.0000 CSR_pre@0.25=0.0100 CSR_pre@0.30=0.0100
[Gate5 eval-debug] CSR_post@0.10=0.0000 CSR_post@0.15=0.0000 CSR_post@0.20=0.0000 CSR_post@0.25=0.0000 CSR_post@0.30=0.0000
