Importing submoduled environments...
Submoduled environments not found. Skipping import.
[upd 0] u=1 upd_ctr=1 opt_step=16 E=0.100 g=0.084 VarTD=0.138136 ret_end=-27.863 dbar_end=0.788 occ_end=0.160 CSR_train=0.000 done_count=100
[upd 10] u=0 upd_ctr=1 opt_step=16 E=0.632 g=0.114 VarTD=0.122236 ret_end=-25.937 dbar_end=0.692 occ_end=0.192 CSR_train=0.000 done_count=125
[upd 20] u=0 upd_ctr=2 opt_step=32 E=0.243 g=0.097 VarTD=0.158083 ret_end=-27.062 dbar_end=0.745 occ_end=0.168 CSR_train=0.000 done_count=125
[upd 30] u=0 upd_ctr=2 opt_step=32 E=0.832 g=0.112 VarTD=0.154638 ret_end=-25.449 dbar_end=0.696 occ_end=0.160 CSR_train=0.000 done_count=125
[upd 40] u=0 upd_ctr=3 opt_step=48 E=0.473 g=0.107 VarTD=0.137709 ret_end=-26.028 dbar_end=0.712 occ_end=0.232 CSR_train=0.000 done_count=125
[upd 50] u=0 upd_ctr=4 opt_step=64 E=0.160 g=0.111 VarTD=0.149271 ret_end=-26.324 dbar_end=0.700 occ_end=0.184 CSR_train=0.000 done_count=125
[upd 60] u=0 upd_ctr=4 opt_step=64 E=0.806 g=0.109 VarTD=0.175851 ret_end=-27.446 dbar_end=0.704 occ_end=0.208 CSR_train=0.000 done_count=125
[upd 70] u=0 upd_ctr=5 opt_step=80 E=0.488 g=0.097 VarTD=0.169677 ret_end=-27.328 dbar_end=0.744 occ_end=0.128 CSR_train=0.000 done_count=125
[upd 80] u=0 upd_ctr=6 opt_step=96 E=0.207 g=0.109 VarTD=0.147894 ret_end=-26.570 dbar_end=0.706 occ_end=0.160 CSR_train=0.000 done_count=125
[upd 90] u=0 upd_ctr=6 opt_step=96 E=0.911 g=0.120 VarTD=0.147895 ret_end=-25.105 dbar_end=0.674 occ_end=0.240 CSR_train=0.000 done_count=125
[upd 100] u=0 upd_ctr=7 opt_step=112 E=0.692 g=0.134 VarTD=0.135965 ret_end=-24.596 dbar_end=0.640 occ_end=0.208 CSR_train=0.000 done_count=125
[upd 110] u=0 upd_ctr=8 opt_step=128 E=0.477 g=0.126 VarTD=0.157628 ret_end=-26.231 dbar_end=0.659 occ_end=0.224 CSR_train=0.000 done_count=125
[upd 120] u=0 upd_ctr=9 opt_step=144 E=0.275 g=0.123 VarTD=0.150924 ret_end=-25.452 dbar_end=0.668 occ_end=0.208 CSR_train=0.000 done_count=125
[upd 130] u=0 upd_ctr=9 opt_step=144 E=1.000 g=0.133 VarTD=0.152737 ret_end=-25.625 dbar_end=0.642 occ_end=0.300 CSR_train=0.000 done_count=100
[upd 140] u=0 upd_ctr=10 opt_step=160 E=0.834 g=0.140 VarTD=0.198645 ret_end=-25.881 dbar_end=0.625 occ_end=0.200 CSR_train=0.000 done_count=125
[upd 150] u=0 upd_ctr=11 opt_step=176 E=0.670 g=0.137 VarTD=0.149043 ret_end=-25.098 dbar_end=0.632 occ_end=0.168 CSR_train=0.000 done_count=125
[upd 160] u=0 upd_ctr=12 opt_step=192 E=0.552 g=0.141 VarTD=0.193530 ret_end=-24.814 dbar_end=0.624 occ_end=0.224 CSR_train=0.000 done_count=125
[upd 170] u=0 upd_ctr=13 opt_step=208 E=0.360 g=0.124 VarTD=0.202808 ret_end=-24.986 dbar_end=0.665 occ_end=0.224 CSR_train=0.000 done_count=125
[upd 180] u=0 upd_ctr=14 opt_step=224 E=0.194 g=0.147 VarTD=0.230087 ret_end=-24.658 dbar_end=0.611 occ_end=0.248 CSR_train=0.000 done_count=125
[upd 190] u=0 upd_ctr=14 opt_step=224 E=1.000 g=0.139 VarTD=0.242206 ret_end=-25.459 dbar_end=0.628 occ_end=0.216 CSR_train=0.000 done_count=125
[upd 200] u=0 upd_ctr=15 opt_step=240 E=0.899 g=0.133 VarTD=0.256609 ret_end=-25.046 dbar_end=0.642 occ_end=0.312 CSR_train=0.000 done_count=125
[upd 210] u=0 upd_ctr=16 opt_step=256 E=0.794 g=0.133 VarTD=0.325344 ret_end=-25.756 dbar_end=0.642 occ_end=0.200 CSR_train=0.000 done_count=125
[upd 220] u=0 upd_ctr=17 opt_step=272 E=0.705 g=0.135 VarTD=0.370844 ret_end=-25.510 dbar_end=0.639 occ_end=0.232 CSR_train=0.000 done_count=125
[upd 230] u=0 upd_ctr=18 opt_step=288 E=0.680 g=0.163 VarTD=0.431839 ret_end=-23.596 dbar_end=0.577 occ_end=0.280 CSR_train=0.000 done_count=125
[upd 240] u=0 upd_ctr=19 opt_step=304 E=0.671 g=0.159 VarTD=0.505961 ret_end=-24.351 dbar_end=0.585 occ_end=0.232 CSR_train=0.000 done_count=125
[upd 250] u=0 upd_ctr=20 opt_step=320 E=0.708 g=0.177 VarTD=0.612302 ret_end=-23.966 dbar_end=0.551 occ_end=0.304 CSR_train=0.000 done_count=125
[upd 260] u=0 upd_ctr=21 opt_step=336 E=0.748 g=0.160 VarTD=0.612564 ret_end=-24.494 dbar_end=0.584 occ_end=0.280 CSR_train=0.000 done_count=100
[upd 270] u=0 upd_ctr=22 opt_step=352 E=0.818 g=0.178 VarTD=0.787808 ret_end=-23.131 dbar_end=0.549 occ_end=0.328 CSR_train=0.000 done_count=125
[upd 280] u=0 upd_ctr=23 opt_step=368 E=0.891 g=0.165 VarTD=0.922220 ret_end=-24.740 dbar_end=0.573 occ_end=0.280 CSR_train=0.000 done_count=125
[upd 290] u=0 upd_ctr=24 opt_step=384 E=1.000 g=0.193 VarTD=1.025917 ret_end=-22.309 dbar_end=0.525 occ_end=0.320 CSR_train=0.008 done_count=125
[upd 300] u=1 upd_ctr=26 opt_step=416 E=0.166 g=0.193 VarTD=1.159075 ret_end=-23.490 dbar_end=0.525 occ_end=0.336 CSR_train=0.000 done_count=125
[upd 310] u=0 upd_ctr=27 opt_step=432 E=0.283 g=0.193 VarTD=1.389796 ret_end=-22.661 dbar_end=0.525 occ_end=0.272 CSR_train=0.000 done_count=125
[Gate5 check] update_counter violations: t0=0 diffs=0
[Gate5 check] opt_step violations: t0=0 diffs=0 (expected_inc=16)
[Gate5 check] NaN masking: nan_on_skip=True finite_on_update=True
[Gate5 summary] mean_update_fraction=0.0865 final_executed_updates_mean=27.00
[Gate5 eval] done_count mean=100.0 CSR mean=0.0000 len_end_mean=26.00
[Gate5 eval] episodes_per_env=4 T_eval=104
[Gate5 eval-debug] locked_eps_occ=0.20 pre(step25): dbar_end=0.474813 occupied_end_mean=0.470000 max_tilde_end_mean=0.683908 CSR@locked=0.000000
[Gate5 eval-debug] locked_eps_occ=0.20 post(step26): dbar_end=0.468969 occupied_end_mean=0.540000 max_tilde_end_mean=0.681544 CSR@locked=0.000000
[Gate5 eval-debug] CSR_pre@0.10=0.0000 CSR_pre@0.15=0.0000 CSR_pre@0.20=0.0000 CSR_pre@0.25=0.0100 CSR_pre@0.30=0.0700
[Gate5 eval-debug] CSR_post@0.10=0.0000 CSR_post@0.15=0.0000 CSR_post@0.20=0.0000 CSR_post@0.25=0.0100 CSR_post@0.30=0.0400
