Importing submoduled environments...
Submoduled environments not found. Skipping import.
[upd 0] u=1 upd_ctr=1 opt_step=16 E=0.152 g=0.102 VarTD=0.148347 ret_end=-26.397 dbar_end=0.726 occ_end=0.190 CSR_train=0.000 done_count=100
[upd 10] u=1 upd_ctr=2 opt_step=32 E=0.135 g=0.089 VarTD=0.167256 ret_end=-27.327 dbar_end=0.769 occ_end=0.152 CSR_train=0.008 done_count=125
[upd 20] u=1 upd_ctr=3 opt_step=48 E=0.143 g=0.093 VarTD=0.163701 ret_end=-27.483 dbar_end=0.756 occ_end=0.184 CSR_train=0.000 done_count=125
[upd 30] u=0 upd_ctr=4 opt_step=64 E=0.244 g=0.110 VarTD=0.150805 ret_end=-27.200 dbar_end=0.702 occ_end=0.216 CSR_train=0.000 done_count=125
[upd 40] u=0 upd_ctr=5 opt_step=80 E=0.384 g=0.117 VarTD=0.145724 ret_end=-26.171 dbar_end=0.684 occ_end=0.168 CSR_train=0.000 done_count=125
[upd 50] u=0 upd_ctr=6 opt_step=96 E=0.515 g=0.130 VarTD=0.134476 ret_end=-24.902 dbar_end=0.651 occ_end=0.184 CSR_train=0.000 done_count=125
[upd 60] u=0 upd_ctr=7 opt_step=112 E=0.751 g=0.109 VarTD=0.166159 ret_end=-27.226 dbar_end=0.707 occ_end=0.112 CSR_train=0.000 done_count=125
[upd 70] u=0 upd_ctr=8 opt_step=128 E=1.000 g=0.132 VarTD=0.152237 ret_end=-25.131 dbar_end=0.645 occ_end=0.168 CSR_train=0.000 done_count=125
[upd 80] u=0 upd_ctr=10 opt_step=160 E=0.390 g=0.130 VarTD=0.140404 ret_end=-25.981 dbar_end=0.649 occ_end=0.192 CSR_train=0.000 done_count=125
[upd 90] u=0 upd_ctr=11 opt_step=176 E=0.715 g=0.135 VarTD=0.164660 ret_end=-24.943 dbar_end=0.638 occ_end=0.208 CSR_train=0.000 done_count=125
[upd 100] u=1 upd_ctr=13 opt_step=208 E=0.186 g=0.136 VarTD=0.203499 ret_end=-25.401 dbar_end=0.636 occ_end=0.216 CSR_train=0.008 done_count=125
[upd 110] u=0 upd_ctr=14 opt_step=224 E=0.599 g=0.125 VarTD=0.223948 ret_end=-26.238 dbar_end=0.662 occ_end=0.176 CSR_train=0.000 done_count=125
[upd 120] u=0 upd_ctr=15 opt_step=240 E=1.000 g=0.151 VarTD=0.262965 ret_end=-24.485 dbar_end=0.601 occ_end=0.216 CSR_train=0.000 done_count=125
[upd 130] u=0 upd_ctr=17 opt_step=272 E=0.641 g=0.167 VarTD=0.339399 ret_end=-24.229 dbar_end=0.570 occ_end=0.220 CSR_train=0.000 done_count=100
[upd 140] u=1 upd_ctr=19 opt_step=304 E=0.203 g=0.160 VarTD=0.433134 ret_end=-24.991 dbar_end=0.583 occ_end=0.232 CSR_train=0.000 done_count=125
[upd 150] u=0 upd_ctr=20 opt_step=320 E=0.842 g=0.163 VarTD=0.643302 ret_end=-24.010 dbar_end=0.577 occ_end=0.280 CSR_train=0.000 done_count=125
[upd 160] u=0 upd_ctr=22 opt_step=352 E=0.541 g=0.171 VarTD=0.787809 ret_end=-23.839 dbar_end=0.562 occ_end=0.256 CSR_train=0.000 done_count=125
[upd 170] u=1 upd_ctr=24 opt_step=384 E=0.213 g=0.163 VarTD=0.905423 ret_end=-23.727 dbar_end=0.578 occ_end=0.232 CSR_train=0.000 done_count=125
[upd 180] u=0 upd_ctr=25 opt_step=400 E=0.889 g=0.160 VarTD=1.138827 ret_end=-23.738 dbar_end=0.584 occ_end=0.264 CSR_train=0.008 done_count=125
[upd 190] u=0 upd_ctr=27 opt_step=432 E=0.582 g=0.186 VarTD=1.460924 ret_end=-23.350 dbar_end=0.535 occ_end=0.376 CSR_train=0.000 done_count=125
[upd 200] u=1 upd_ctr=29 opt_step=464 E=0.210 g=0.160 VarTD=1.592694 ret_end=-24.633 dbar_end=0.583 occ_end=0.224 CSR_train=0.000 done_count=125
[upd 210] u=1 upd_ctr=31 opt_step=496 E=0.191 g=0.189 VarTD=1.863471 ret_end=-22.128 dbar_end=0.530 occ_end=0.328 CSR_train=0.000 done_count=125
[upd 220] u=0 upd_ctr=32 opt_step=512 E=0.988 g=0.188 VarTD=2.240106 ret_end=-22.965 dbar_end=0.532 occ_end=0.248 CSR_train=0.000 done_count=125
[upd 230] u=0 upd_ctr=34 opt_step=544 E=0.796 g=0.186 VarTD=2.532552 ret_end=-22.732 dbar_end=0.537 occ_end=0.344 CSR_train=0.000 done_count=125
[upd 240] u=0 upd_ctr=36 opt_step=576 E=0.581 g=0.184 VarTD=2.812521 ret_end=-23.380 dbar_end=0.539 occ_end=0.352 CSR_train=0.000 done_count=125
[upd 250] u=1 upd_ctr=38 opt_step=608 E=0.218 g=0.168 VarTD=3.038365 ret_end=-23.831 dbar_end=0.568 occ_end=0.296 CSR_train=0.000 done_count=125
[upd 260] u=0 upd_ctr=39 opt_step=624 E=0.984 g=0.186 VarTD=2.764433 ret_end=-22.580 dbar_end=0.536 occ_end=0.250 CSR_train=0.000 done_count=100
[upd 270] u=0 upd_ctr=41 opt_step=656 E=0.799 g=0.190 VarTD=3.695033 ret_end=-22.764 dbar_end=0.529 occ_end=0.352 CSR_train=0.000 done_count=125
[upd 280] u=0 upd_ctr=43 opt_step=688 E=0.582 g=0.175 VarTD=3.920738 ret_end=-23.402 dbar_end=0.555 occ_end=0.296 CSR_train=0.000 done_count=125
[upd 290] u=0 upd_ctr=45 opt_step=720 E=0.427 g=0.201 VarTD=4.297887 ret_end=-23.205 dbar_end=0.511 occ_end=0.320 CSR_train=0.000 done_count=125
[upd 300] u=1 upd_ctr=47 opt_step=752 E=0.227 g=0.177 VarTD=4.402072 ret_end=-23.636 dbar_end=0.552 occ_end=0.296 CSR_train=0.000 done_count=125
[upd 310] u=0 upd_ctr=48 opt_step=768 E=1.000 g=0.179 VarTD=4.603376 ret_end=-23.464 dbar_end=0.547 occ_end=0.336 CSR_train=0.000 done_count=125
[Gate5 check] update_counter violations: t0=0 diffs=0
[Gate5 check] opt_step violations: t0=0 diffs=0 (expected_inc=16)
[Gate5 check] NaN masking: nan_on_skip=True finite_on_update=True
[Gate5 summary] mean_update_fraction=0.1571 final_executed_updates_mean=49.00
[Gate5 eval] done_count mean=100.0 CSR mean=0.0000 len_end_mean=26.00
[Gate5 eval] episodes_per_env=4 T_eval=104
[Gate5 eval-debug] locked_eps_occ=0.20 pre(step25): dbar_end=0.494205 occupied_end_mean=0.490000 max_tilde_end_mean=0.744935 CSR@locked=0.000000
[Gate5 eval-debug] locked_eps_occ=0.20 post(step26): dbar_end=0.500979 occupied_end_mean=0.490000 max_tilde_end_mean=0.761103 CSR@locked=0.000000
[Gate5 eval-debug] CSR_pre@0.10=0.0000 CSR_pre@0.15=0.0000 CSR_pre@0.20=0.0000 CSR_pre@0.25=0.0100 CSR_pre@0.30=0.0400
[Gate5 eval-debug] CSR_post@0.10=0.0000 CSR_post@0.15=0.0000 CSR_post@0.20=0.0000 CSR_post@0.25=0.0100 CSR_post@0.30=0.0200
