Importing submoduled environments...
Submoduled environments not found. Skipping import.
[upd 0] u=1 upd_ctr=1 opt_step=16 E=0.176 g=0.094 VarTD=0.156314 ret_end=-27.700 dbar_end=0.751 occ_end=0.180 CSR_train=0.010 done_count=100
[upd 10] u=0 upd_ctr=1 opt_step=16 E=0.945 g=0.106 VarTD=0.133782 ret_end=-25.939 dbar_end=0.713 occ_end=0.168 CSR_train=0.000 done_count=125
[upd 20] u=0 upd_ctr=2 opt_step=32 E=0.831 g=0.102 VarTD=0.143697 ret_end=-26.601 dbar_end=0.726 occ_end=0.200 CSR_train=0.000 done_count=125
[upd 30] u=0 upd_ctr=3 opt_step=48 E=0.742 g=0.107 VarTD=0.149206 ret_end=-27.236 dbar_end=0.712 occ_end=0.192 CSR_train=0.000 done_count=125
[upd 40] u=0 upd_ctr=4 opt_step=64 E=0.694 g=0.100 VarTD=0.142897 ret_end=-27.103 dbar_end=0.734 occ_end=0.168 CSR_train=0.000 done_count=125
[upd 50] u=0 upd_ctr=5 opt_step=80 E=0.653 g=0.120 VarTD=0.144484 ret_end=-26.176 dbar_end=0.676 occ_end=0.160 CSR_train=0.000 done_count=125
[upd 60] u=0 upd_ctr=6 opt_step=96 E=0.640 g=0.118 VarTD=0.146462 ret_end=-25.285 dbar_end=0.679 occ_end=0.224 CSR_train=0.000 done_count=125
[upd 70] u=0 upd_ctr=7 opt_step=112 E=0.659 g=0.122 VarTD=0.147310 ret_end=-25.152 dbar_end=0.671 occ_end=0.192 CSR_train=0.000 done_count=125
[upd 80] u=0 upd_ctr=8 opt_step=128 E=0.699 g=0.122 VarTD=0.169788 ret_end=-26.576 dbar_end=0.671 occ_end=0.176 CSR_train=0.000 done_count=125
[upd 90] u=0 upd_ctr=9 opt_step=144 E=0.762 g=0.110 VarTD=0.140580 ret_end=-25.801 dbar_end=0.703 occ_end=0.224 CSR_train=0.000 done_count=125
[upd 100] u=0 upd_ctr=10 opt_step=160 E=0.873 g=0.131 VarTD=0.164845 ret_end=-25.581 dbar_end=0.647 occ_end=0.280 CSR_train=0.000 done_count=125
[upd 110] u=0 upd_ctr=11 opt_step=176 E=1.000 g=0.153 VarTD=0.160621 ret_end=-23.472 dbar_end=0.597 occ_end=0.264 CSR_train=0.000 done_count=125
[upd 120] u=0 upd_ctr=13 opt_step=208 E=0.264 g=0.142 VarTD=0.224866 ret_end=-24.885 dbar_end=0.621 occ_end=0.216 CSR_train=0.000 done_count=125
[upd 130] u=0 upd_ctr=14 opt_step=224 E=0.426 g=0.150 VarTD=0.260835 ret_end=-24.938 dbar_end=0.603 occ_end=0.360 CSR_train=0.000 done_count=100
[upd 140] u=0 upd_ctr=15 opt_step=240 E=0.586 g=0.128 VarTD=0.343297 ret_end=-26.058 dbar_end=0.655 occ_end=0.216 CSR_train=0.000 done_count=125
[upd 150] u=0 upd_ctr=16 opt_step=256 E=0.851 g=0.141 VarTD=0.366009 ret_end=-25.193 dbar_end=0.623 occ_end=0.232 CSR_train=0.000 done_count=125
[upd 160] u=1 upd_ctr=18 opt_step=288 E=0.198 g=0.151 VarTD=0.427543 ret_end=-24.426 dbar_end=0.602 occ_end=0.248 CSR_train=0.000 done_count=125
[upd 170] u=0 upd_ctr=19 opt_step=304 E=0.489 g=0.150 VarTD=0.560419 ret_end=-24.982 dbar_end=0.605 occ_end=0.232 CSR_train=0.000 done_count=125
[upd 180] u=0 upd_ctr=20 opt_step=320 E=0.812 g=0.151 VarTD=0.670745 ret_end=-25.369 dbar_end=0.601 occ_end=0.208 CSR_train=0.000 done_count=125
[upd 190] u=1 upd_ctr=22 opt_step=352 E=0.227 g=0.159 VarTD=0.768069 ret_end=-24.691 dbar_end=0.585 occ_end=0.248 CSR_train=0.000 done_count=125
[upd 200] u=0 upd_ctr=23 opt_step=368 E=0.618 g=0.175 VarTD=1.032418 ret_end=-24.137 dbar_end=0.555 occ_end=0.256 CSR_train=0.000 done_count=125
[upd 210] u=0 upd_ctr=24 opt_step=384 E=1.000 g=0.188 VarTD=1.143822 ret_end=-23.499 dbar_end=0.533 occ_end=0.288 CSR_train=0.008 done_count=125
[upd 220] u=0 upd_ctr=26 opt_step=416 E=0.542 g=0.172 VarTD=1.361638 ret_end=-23.396 dbar_end=0.560 occ_end=0.288 CSR_train=0.000 done_count=125
[upd 230] u=0 upd_ctr=27 opt_step=432 E=0.999 g=0.187 VarTD=1.560059 ret_end=-23.497 dbar_end=0.534 occ_end=0.392 CSR_train=0.000 done_count=125
[upd 240] u=0 upd_ctr=29 opt_step=464 E=0.484 g=0.182 VarTD=1.872365 ret_end=-23.317 dbar_end=0.543 occ_end=0.272 CSR_train=0.000 done_count=125
[upd 250] u=0 upd_ctr=30 opt_step=480 E=0.908 g=0.177 VarTD=1.962854 ret_end=-23.526 dbar_end=0.552 occ_end=0.272 CSR_train=0.000 done_count=125
[upd 260] u=0 upd_ctr=32 opt_step=512 E=0.479 g=0.180 VarTD=1.883148 ret_end=-23.377 dbar_end=0.546 occ_end=0.320 CSR_train=0.000 done_count=100
[upd 270] u=0 upd_ctr=33 opt_step=528 E=0.909 g=0.161 VarTD=2.434091 ret_end=-23.929 dbar_end=0.582 occ_end=0.272 CSR_train=0.000 done_count=125
[upd 280] u=0 upd_ctr=35 opt_step=560 E=0.457 g=0.147 VarTD=2.714500 ret_end=-24.977 dbar_end=0.610 occ_end=0.248 CSR_train=0.000 done_count=125
[upd 290] u=0 upd_ctr=36 opt_step=576 E=0.918 g=0.175 VarTD=2.955839 ret_end=-23.741 dbar_end=0.556 occ_end=0.224 CSR_train=0.000 done_count=125
[upd 300] u=0 upd_ctr=38 opt_step=608 E=0.521 g=0.173 VarTD=3.295847 ret_end=-24.671 dbar_end=0.559 occ_end=0.320 CSR_train=0.000 done_count=125
[upd 310] u=0 upd_ctr=39 opt_step=624 E=1.000 g=0.172 VarTD=3.404650 ret_end=-23.102 dbar_end=0.561 occ_end=0.232 CSR_train=0.000 done_count=125
[Gate5 check] update_counter violations: t0=0 diffs=0
[Gate5 check] opt_step violations: t0=0 diffs=0 (expected_inc=16)
[Gate5 check] NaN masking: nan_on_skip=True finite_on_update=True
[Gate5 summary] mean_update_fraction=0.1282 final_executed_updates_mean=40.00
[Gate5 eval] done_count mean=100.0 CSR mean=0.0100 len_end_mean=26.00
[Gate5 eval] episodes_per_env=4 T_eval=104
[Gate5 eval-debug] locked_eps_occ=0.20 pre(step25): dbar_end=0.466140 occupied_end_mean=0.360000 max_tilde_end_mean=0.657624 CSR@locked=0.010000
[Gate5 eval-debug] locked_eps_occ=0.20 post(step26): dbar_end=0.468179 occupied_end_mean=0.450000 max_tilde_end_mean=0.666552 CSR@locked=0.010000
[Gate5 eval-debug] CSR_pre@0.10=0.0000 CSR_pre@0.15=0.0000 CSR_pre@0.20=0.0100 CSR_pre@0.25=0.0200 CSR_pre@0.30=0.0300
[Gate5 eval-debug] CSR_post@0.10=0.0000 CSR_post@0.15=0.0000 CSR_post@0.20=0.0100 CSR_post@0.25=0.0200 CSR_post@0.30=0.0200
