Importing submoduled environments...
Submoduled environments not found. Skipping import.
[upd 0] u=1 upd_ctr=1 opt_step=16 E=0.134 g=0.105 VarTD=0.153100 ret_end=-26.906 dbar_end=0.718 occ_end=0.160 CSR_train=0.000 done_count=100
[upd 10] u=0 upd_ctr=1 opt_step=16 E=0.879 g=0.079 VarTD=0.158451 ret_end=-28.492 dbar_end=0.807 occ_end=0.088 CSR_train=0.000 done_count=125
[upd 20] u=0 upd_ctr=2 opt_step=32 E=0.725 g=0.106 VarTD=0.134732 ret_end=-26.346 dbar_end=0.714 occ_end=0.208 CSR_train=0.000 done_count=125
[upd 30] u=0 upd_ctr=3 opt_step=48 E=0.598 g=0.105 VarTD=0.155674 ret_end=-27.006 dbar_end=0.719 occ_end=0.200 CSR_train=0.000 done_count=125
[upd 40] u=0 upd_ctr=4 opt_step=64 E=0.479 g=0.108 VarTD=0.141514 ret_end=-27.596 dbar_end=0.710 occ_end=0.176 CSR_train=0.008 done_count=125
[upd 50] u=0 upd_ctr=5 opt_step=80 E=0.418 g=0.106 VarTD=0.147808 ret_end=-27.368 dbar_end=0.714 occ_end=0.192 CSR_train=0.000 done_count=125
[upd 60] u=0 upd_ctr=6 opt_step=96 E=0.404 g=0.116 VarTD=0.139670 ret_end=-26.093 dbar_end=0.685 occ_end=0.216 CSR_train=0.000 done_count=125
[upd 70] u=0 upd_ctr=7 opt_step=112 E=0.477 g=0.147 VarTD=0.130073 ret_end=-24.587 dbar_end=0.611 occ_end=0.304 CSR_train=0.008 done_count=125
[upd 80] u=0 upd_ctr=8 opt_step=128 E=0.542 g=0.145 VarTD=0.122809 ret_end=-24.120 dbar_end=0.614 occ_end=0.304 CSR_train=0.000 done_count=125
[upd 90] u=0 upd_ctr=9 opt_step=144 E=0.555 g=0.133 VarTD=0.146938 ret_end=-24.837 dbar_end=0.642 occ_end=0.224 CSR_train=0.000 done_count=125
[upd 100] u=0 upd_ctr=10 opt_step=160 E=0.606 g=0.124 VarTD=0.157616 ret_end=-26.097 dbar_end=0.665 occ_end=0.168 CSR_train=0.000 done_count=125
[upd 110] u=0 upd_ctr=11 opt_step=176 E=0.696 g=0.138 VarTD=0.170214 ret_end=-24.950 dbar_end=0.630 occ_end=0.232 CSR_train=0.000 done_count=125
[upd 120] u=0 upd_ctr=12 opt_step=192 E=0.812 g=0.133 VarTD=0.195646 ret_end=-25.886 dbar_end=0.642 occ_end=0.216 CSR_train=0.000 done_count=125
[upd 130] u=0 upd_ctr=13 opt_step=208 E=0.930 g=0.135 VarTD=0.196591 ret_end=-24.808 dbar_end=0.637 occ_end=0.240 CSR_train=0.000 done_count=100
[upd 140] u=0 upd_ctr=14 opt_step=224 E=1.000 g=0.148 VarTD=0.266700 ret_end=-25.031 dbar_end=0.609 occ_end=0.224 CSR_train=0.008 done_count=125
[upd 150] u=1 upd_ctr=16 opt_step=256 E=0.161 g=0.139 VarTD=0.318447 ret_end=-24.932 dbar_end=0.629 occ_end=0.248 CSR_train=0.000 done_count=125
[upd 160] u=0 upd_ctr=17 opt_step=272 E=0.374 g=0.146 VarTD=0.381248 ret_end=-24.440 dbar_end=0.613 occ_end=0.248 CSR_train=0.000 done_count=125
[upd 170] u=0 upd_ctr=18 opt_step=288 E=0.652 g=0.160 VarTD=0.457831 ret_end=-24.102 dbar_end=0.584 occ_end=0.240 CSR_train=0.000 done_count=125
[upd 180] u=0 upd_ctr=19 opt_step=304 E=0.917 g=0.158 VarTD=0.545392 ret_end=-24.302 dbar_end=0.587 occ_end=0.304 CSR_train=0.000 done_count=125
[upd 190] u=1 upd_ctr=21 opt_step=336 E=0.179 g=0.162 VarTD=0.651201 ret_end=-24.454 dbar_end=0.581 occ_end=0.400 CSR_train=0.000 done_count=125
[upd 200] u=0 upd_ctr=22 opt_step=352 E=0.417 g=0.160 VarTD=0.833992 ret_end=-24.889 dbar_end=0.584 occ_end=0.304 CSR_train=0.000 done_count=125
[upd 210] u=0 upd_ctr=23 opt_step=368 E=0.704 g=0.153 VarTD=0.901638 ret_end=-24.190 dbar_end=0.597 occ_end=0.224 CSR_train=0.000 done_count=125
[upd 220] u=0 upd_ctr=24 opt_step=384 E=0.932 g=0.168 VarTD=1.026763 ret_end=-24.306 dbar_end=0.569 occ_end=0.240 CSR_train=0.000 done_count=125
[upd 230] u=0 upd_ctr=26 opt_step=416 E=0.262 g=0.170 VarTD=1.292872 ret_end=-23.743 dbar_end=0.565 occ_end=0.264 CSR_train=0.000 done_count=125
[upd 240] u=0 upd_ctr=27 opt_step=432 E=0.549 g=0.156 VarTD=1.419843 ret_end=-24.383 dbar_end=0.591 occ_end=0.280 CSR_train=0.000 done_count=125
[upd 250] u=0 upd_ctr=28 opt_step=448 E=0.847 g=0.165 VarTD=1.545364 ret_end=-23.357 dbar_end=0.573 occ_end=0.248 CSR_train=0.000 done_count=125
[upd 260] u=0 upd_ctr=30 opt_step=480 E=0.307 g=0.179 VarTD=1.542085 ret_end=-23.268 dbar_end=0.548 occ_end=0.360 CSR_train=0.000 done_count=100
[upd 270] u=0 upd_ctr=31 opt_step=496 E=0.736 g=0.162 VarTD=1.949664 ret_end=-24.210 dbar_end=0.580 occ_end=0.256 CSR_train=0.000 done_count=125
[upd 280] u=1 upd_ctr=33 opt_step=528 E=0.191 g=0.177 VarTD=2.235478 ret_end=-24.257 dbar_end=0.552 occ_end=0.208 CSR_train=0.000 done_count=125
[upd 290] u=0 upd_ctr=34 opt_step=544 E=0.620 g=0.183 VarTD=2.523392 ret_end=-23.152 dbar_end=0.541 occ_end=0.304 CSR_train=0.000 done_count=125
[upd 300] u=0 upd_ctr=35 opt_step=560 E=1.000 g=0.184 VarTD=2.708695 ret_end=-23.146 dbar_end=0.539 occ_end=0.312 CSR_train=0.000 done_count=125
[upd 310] u=0 upd_ctr=37 opt_step=592 E=0.488 g=0.191 VarTD=3.079690 ret_end=-23.107 dbar_end=0.528 occ_end=0.328 CSR_train=0.008 done_count=125
[Gate5 check] update_counter violations: t0=0 diffs=0
[Gate5 check] opt_step violations: t0=0 diffs=0 (expected_inc=16)
[Gate5 check] NaN masking: nan_on_skip=True finite_on_update=True
[Gate5 summary] mean_update_fraction=0.1186 final_executed_updates_mean=37.00
[Gate5 eval] done_count mean=100.0 CSR mean=0.0200 len_end_mean=26.00
[Gate5 eval] episodes_per_env=4 T_eval=104
[Gate5 eval-debug] locked_eps_occ=0.20 pre(step25): dbar_end=0.506146 occupied_end_mean=0.480000 max_tilde_end_mean=0.725562 CSR@locked=0.010000
[Gate5 eval-debug] locked_eps_occ=0.20 post(step26): dbar_end=0.500493 occupied_end_mean=0.510000 max_tilde_end_mean=0.709024 CSR@locked=0.020000
[Gate5 eval-debug] CSR_pre@0.10=0.0000 CSR_pre@0.15=0.0000 CSR_pre@0.20=0.0100 CSR_pre@0.25=0.0200 CSR_pre@0.30=0.0400
[Gate5 eval-debug] CSR_post@0.10=0.0000 CSR_post@0.15=0.0000 CSR_post@0.20=0.0200 CSR_post@0.25=0.0400 CSR_post@0.30=0.0600
