Importing submoduled environments...
Submoduled environments not found. Skipping import.
[upd 0] u=1 upd_ctr=1 opt_step=16 E=0.137 g=0.096 VarTD=0.164885 ret_end=-27.291 dbar_end=0.746 occ_end=0.170 CSR_train=0.000 done_count=100
[upd 10] u=1 upd_ctr=2 opt_step=32 E=0.089 g=0.091 VarTD=0.137991 ret_end=-27.480 dbar_end=0.764 occ_end=0.136 CSR_train=0.000 done_count=125
[upd 20] u=1 upd_ctr=3 opt_step=48 E=0.115 g=0.117 VarTD=0.127500 ret_end=-26.216 dbar_end=0.682 occ_end=0.192 CSR_train=0.000 done_count=125
[upd 30] u=1 upd_ctr=4 opt_step=64 E=0.136 g=0.123 VarTD=0.137223 ret_end=-25.485 dbar_end=0.669 occ_end=0.176 CSR_train=0.000 done_count=125
[upd 40] u=1 upd_ctr=5 opt_step=80 E=0.149 g=0.110 VarTD=0.139176 ret_end=-26.272 dbar_end=0.702 occ_end=0.200 CSR_train=0.000 done_count=125
[upd 50] u=0 upd_ctr=6 opt_step=96 E=0.260 g=0.118 VarTD=0.135791 ret_end=-25.735 dbar_end=0.681 occ_end=0.200 CSR_train=0.000 done_count=125
[upd 60] u=0 upd_ctr=7 opt_step=112 E=0.355 g=0.104 VarTD=0.169631 ret_end=-27.370 dbar_end=0.720 occ_end=0.152 CSR_train=0.000 done_count=125
[upd 70] u=0 upd_ctr=8 opt_step=128 E=0.486 g=0.127 VarTD=0.141942 ret_end=-25.724 dbar_end=0.656 occ_end=0.192 CSR_train=0.000 done_count=125
[upd 80] u=0 upd_ctr=9 opt_step=144 E=0.635 g=0.125 VarTD=0.160406 ret_end=-25.570 dbar_end=0.662 occ_end=0.152 CSR_train=0.000 done_count=125
[upd 90] u=0 upd_ctr=10 opt_step=160 E=0.872 g=0.129 VarTD=0.154916 ret_end=-25.503 dbar_end=0.651 occ_end=0.184 CSR_train=0.000 done_count=125
[upd 100] u=1 upd_ctr=12 opt_step=192 E=0.172 g=0.136 VarTD=0.147971 ret_end=-25.585 dbar_end=0.637 occ_end=0.240 CSR_train=0.008 done_count=125
[upd 110] u=0 upd_ctr=13 opt_step=208 E=0.428 g=0.141 VarTD=0.211302 ret_end=-24.433 dbar_end=0.623 occ_end=0.312 CSR_train=0.008 done_count=125
[upd 120] u=0 upd_ctr=14 opt_step=224 E=0.677 g=0.140 VarTD=0.255015 ret_end=-24.786 dbar_end=0.626 occ_end=0.216 CSR_train=0.000 done_count=125
[upd 130] u=0 upd_ctr=15 opt_step=240 E=0.973 g=0.144 VarTD=0.224675 ret_end=-24.429 dbar_end=0.618 occ_end=0.210 CSR_train=0.000 done_count=100
[upd 140] u=0 upd_ctr=17 opt_step=272 E=0.317 g=0.143 VarTD=0.380556 ret_end=-25.319 dbar_end=0.620 occ_end=0.232 CSR_train=0.000 done_count=125
[upd 150] u=0 upd_ctr=18 opt_step=288 E=0.734 g=0.147 VarTD=0.462331 ret_end=-25.084 dbar_end=0.611 occ_end=0.288 CSR_train=0.000 done_count=125
[upd 160] u=1 upd_ctr=20 opt_step=320 E=0.193 g=0.159 VarTD=0.529346 ret_end=-24.395 dbar_end=0.585 occ_end=0.176 CSR_train=0.000 done_count=125
[upd 170] u=0 upd_ctr=21 opt_step=336 E=0.598 g=0.149 VarTD=0.716396 ret_end=-24.187 dbar_end=0.607 occ_end=0.216 CSR_train=0.000 done_count=125
[upd 180] u=0 upd_ctr=22 opt_step=352 E=1.000 g=0.156 VarTD=0.821302 ret_end=-24.378 dbar_end=0.592 occ_end=0.200 CSR_train=0.000 done_count=125
[upd 190] u=0 upd_ctr=24 opt_step=384 E=0.479 g=0.161 VarTD=1.038188 ret_end=-24.049 dbar_end=0.582 occ_end=0.280 CSR_train=0.000 done_count=125
[upd 200] u=0 upd_ctr=25 opt_step=400 E=0.899 g=0.156 VarTD=1.188507 ret_end=-24.910 dbar_end=0.592 occ_end=0.216 CSR_train=0.000 done_count=125
[upd 210] u=0 upd_ctr=27 opt_step=432 E=0.334 g=0.157 VarTD=1.441324 ret_end=-24.845 dbar_end=0.591 occ_end=0.288 CSR_train=0.000 done_count=125
[upd 220] u=0 upd_ctr=28 opt_step=448 E=0.797 g=0.164 VarTD=1.583649 ret_end=-24.059 dbar_end=0.576 occ_end=0.232 CSR_train=0.000 done_count=125
[upd 230] u=0 upd_ctr=30 opt_step=480 E=0.304 g=0.170 VarTD=1.845052 ret_end=-24.037 dbar_end=0.565 occ_end=0.224 CSR_train=0.008 done_count=125
[upd 240] u=0 upd_ctr=31 opt_step=496 E=0.780 g=0.169 VarTD=2.033050 ret_end=-23.978 dbar_end=0.567 occ_end=0.216 CSR_train=0.000 done_count=125
[upd 250] u=1 upd_ctr=33 opt_step=528 E=0.204 g=0.171 VarTD=2.177969 ret_end=-23.553 dbar_end=0.562 occ_end=0.336 CSR_train=0.000 done_count=125
[upd 260] u=0 upd_ctr=34 opt_step=544 E=0.653 g=0.174 VarTD=2.036607 ret_end=-22.978 dbar_end=0.557 occ_end=0.320 CSR_train=0.000 done_count=100
[upd 270] u=0 upd_ctr=35 opt_step=560 E=1.000 g=0.160 VarTD=2.698584 ret_end=-24.761 dbar_end=0.584 occ_end=0.248 CSR_train=0.000 done_count=125
[upd 280] u=0 upd_ctr=37 opt_step=592 E=0.632 g=0.170 VarTD=3.075185 ret_end=-24.250 dbar_end=0.565 occ_end=0.232 CSR_train=0.000 done_count=125
[upd 290] u=1 upd_ctr=39 opt_step=624 E=0.216 g=0.190 VarTD=3.256612 ret_end=-23.231 dbar_end=0.529 occ_end=0.360 CSR_train=0.000 done_count=125
[upd 300] u=0 upd_ctr=40 opt_step=640 E=0.843 g=0.174 VarTD=3.545235 ret_end=-23.316 dbar_end=0.556 occ_end=0.312 CSR_train=0.000 done_count=125
[upd 310] u=0 upd_ctr=42 opt_step=672 E=0.484 g=0.173 VarTD=3.865260 ret_end=-23.958 dbar_end=0.559 occ_end=0.224 CSR_train=0.000 done_count=125
[Gate5 check] update_counter violations: t0=0 diffs=0
[Gate5 check] opt_step violations: t0=0 diffs=0 (expected_inc=16)
[Gate5 check] NaN masking: nan_on_skip=True finite_on_update=True
[Gate5 summary] mean_update_fraction=0.1346 final_executed_updates_mean=42.00
[Gate5 eval] done_count mean=100.0 CSR mean=0.0000 len_end_mean=26.00
[Gate5 eval] episodes_per_env=4 T_eval=104
[Gate5 eval-debug] locked_eps_occ=0.20 pre(step25): dbar_end=0.503722 occupied_end_mean=0.410000 max_tilde_end_mean=0.736427 CSR@locked=0.000000
[Gate5 eval-debug] locked_eps_occ=0.20 post(step26): dbar_end=0.503305 occupied_end_mean=0.440000 max_tilde_end_mean=0.729096 CSR@locked=0.000000
[Gate5 eval-debug] CSR_pre@0.10=0.0000 CSR_pre@0.15=0.0000 CSR_pre@0.20=0.0000 CSR_pre@0.25=0.0100 CSR_pre@0.30=0.0100
[Gate5 eval-debug] CSR_post@0.10=0.0000 CSR_post@0.15=0.0000 CSR_post@0.20=0.0000 CSR_post@0.25=0.0200 CSR_post@0.30=0.0500
