Importing submoduled environments...
Submoduled environments not found. Skipping import.
[upd 0] u=1 upd_ctr=1 opt_step=16 E=0.094 g=0.073 VarTD=0.176583 ret_end=-28.932 dbar_end=0.832 occ_end=0.120 CSR_train=0.000 done_count=100
[upd 10] u=0 upd_ctr=1 opt_step=16 E=0.635 g=0.084 VarTD=0.145375 ret_end=-27.822 dbar_end=0.789 occ_end=0.112 CSR_train=0.000 done_count=125
[upd 20] u=0 upd_ctr=2 opt_step=32 E=0.268 g=0.102 VarTD=0.142965 ret_end=-26.877 dbar_end=0.728 occ_end=0.192 CSR_train=0.000 done_count=125
[upd 30] u=0 upd_ctr=2 opt_step=32 E=0.829 g=0.100 VarTD=0.135991 ret_end=-26.002 dbar_end=0.732 occ_end=0.216 CSR_train=0.008 done_count=125
[upd 40] u=0 upd_ctr=3 opt_step=48 E=0.454 g=0.098 VarTD=0.169022 ret_end=-26.979 dbar_end=0.741 occ_end=0.184 CSR_train=0.000 done_count=125
[upd 50] u=1 upd_ctr=4 opt_step=64 E=0.106 g=0.094 VarTD=0.168794 ret_end=-27.830 dbar_end=0.753 occ_end=0.152 CSR_train=0.000 done_count=125
[upd 60] u=0 upd_ctr=4 opt_step=64 E=0.717 g=0.104 VarTD=0.135100 ret_end=-25.993 dbar_end=0.721 occ_end=0.144 CSR_train=0.000 done_count=125
[upd 70] u=0 upd_ctr=5 opt_step=80 E=0.392 g=0.108 VarTD=0.139498 ret_end=-25.801 dbar_end=0.709 occ_end=0.144 CSR_train=0.008 done_count=125
[upd 80] u=0 upd_ctr=5 opt_step=80 E=1.000 g=0.095 VarTD=0.151474 ret_end=-27.760 dbar_end=0.749 occ_end=0.176 CSR_train=0.000 done_count=125
[upd 90] u=0 upd_ctr=6 opt_step=96 E=0.713 g=0.106 VarTD=0.143577 ret_end=-27.160 dbar_end=0.714 occ_end=0.224 CSR_train=0.000 done_count=125
[upd 100] u=0 upd_ctr=7 opt_step=112 E=0.437 g=0.118 VarTD=0.137032 ret_end=-26.625 dbar_end=0.680 occ_end=0.176 CSR_train=0.000 done_count=125
[upd 110] u=0 upd_ctr=8 opt_step=128 E=0.155 g=0.126 VarTD=0.152583 ret_end=-25.320 dbar_end=0.661 occ_end=0.192 CSR_train=0.000 done_count=125
[upd 120] u=0 upd_ctr=8 opt_step=128 E=0.860 g=0.120 VarTD=0.130049 ret_end=-25.741 dbar_end=0.676 occ_end=0.232 CSR_train=0.000 done_count=125
[upd 130] u=0 upd_ctr=9 opt_step=144 E=0.634 g=0.133 VarTD=0.136489 ret_end=-24.785 dbar_end=0.644 occ_end=0.170 CSR_train=0.000 done_count=100
[upd 140] u=0 upd_ctr=10 opt_step=160 E=0.403 g=0.118 VarTD=0.183399 ret_end=-26.363 dbar_end=0.681 occ_end=0.176 CSR_train=0.000 done_count=125
[upd 150] u=0 upd_ctr=11 opt_step=176 E=0.196 g=0.120 VarTD=0.178989 ret_end=-26.484 dbar_end=0.675 occ_end=0.144 CSR_train=0.000 done_count=125
[upd 160] u=0 upd_ctr=11 opt_step=176 E=0.922 g=0.122 VarTD=0.184297 ret_end=-25.959 dbar_end=0.670 occ_end=0.272 CSR_train=0.000 done_count=125
[upd 170] u=0 upd_ctr=12 opt_step=192 E=0.714 g=0.131 VarTD=0.182076 ret_end=-25.647 dbar_end=0.648 occ_end=0.184 CSR_train=0.000 done_count=125
[upd 180] u=0 upd_ctr=13 opt_step=208 E=0.515 g=0.141 VarTD=0.190485 ret_end=-24.166 dbar_end=0.623 occ_end=0.280 CSR_train=0.000 done_count=125
[upd 190] u=0 upd_ctr=14 opt_step=224 E=0.352 g=0.119 VarTD=0.244961 ret_end=-26.380 dbar_end=0.677 occ_end=0.192 CSR_train=0.000 done_count=125
[upd 200] u=0 upd_ctr=15 opt_step=240 E=0.182 g=0.126 VarTD=0.337663 ret_end=-26.480 dbar_end=0.660 occ_end=0.232 CSR_train=0.000 done_count=125
[upd 210] u=0 upd_ctr=15 opt_step=240 E=0.986 g=0.127 VarTD=0.297880 ret_end=-26.189 dbar_end=0.658 occ_end=0.184 CSR_train=0.000 done_count=125
[upd 220] u=0 upd_ctr=16 opt_step=256 E=0.821 g=0.128 VarTD=0.332036 ret_end=-25.516 dbar_end=0.654 occ_end=0.232 CSR_train=0.000 done_count=125
[upd 230] u=0 upd_ctr=17 opt_step=272 E=0.693 g=0.135 VarTD=0.373597 ret_end=-25.134 dbar_end=0.637 occ_end=0.232 CSR_train=0.000 done_count=125
[upd 240] u=0 upd_ctr=18 opt_step=288 E=0.569 g=0.131 VarTD=0.431071 ret_end=-25.844 dbar_end=0.646 occ_end=0.152 CSR_train=0.000 done_count=125
[upd 250] u=0 upd_ctr=19 opt_step=304 E=0.466 g=0.137 VarTD=0.470556 ret_end=-25.325 dbar_end=0.634 occ_end=0.264 CSR_train=0.008 done_count=125
[upd 260] u=0 upd_ctr=20 opt_step=320 E=0.412 g=0.166 VarTD=0.503444 ret_end=-23.634 dbar_end=0.571 occ_end=0.280 CSR_train=0.000 done_count=100
[upd 270] u=0 upd_ctr=21 opt_step=336 E=0.396 g=0.154 VarTD=0.680954 ret_end=-24.170 dbar_end=0.596 occ_end=0.224 CSR_train=0.000 done_count=125
[upd 280] u=0 upd_ctr=22 opt_step=352 E=0.334 g=0.156 VarTD=0.784079 ret_end=-24.166 dbar_end=0.591 occ_end=0.216 CSR_train=0.000 done_count=125
[upd 290] u=0 upd_ctr=23 opt_step=368 E=0.318 g=0.161 VarTD=0.859029 ret_end=-23.781 dbar_end=0.582 occ_end=0.248 CSR_train=0.000 done_count=125
[upd 300] u=0 upd_ctr=24 opt_step=384 E=0.298 g=0.160 VarTD=0.986712 ret_end=-23.692 dbar_end=0.584 occ_end=0.352 CSR_train=0.000 done_count=125
[upd 310] u=0 upd_ctr=25 opt_step=400 E=0.233 g=0.151 VarTD=1.075527 ret_end=-24.314 dbar_end=0.602 occ_end=0.184 CSR_train=0.000 done_count=125
[Gate5 check] update_counter violations: t0=0 diffs=0
[Gate5 check] opt_step violations: t0=0 diffs=0 (expected_inc=16)
[Gate5 check] NaN masking: nan_on_skip=True finite_on_update=True
[Gate5 summary] mean_update_fraction=0.0801 final_executed_updates_mean=25.00
[Gate5 eval] done_count mean=100.0 CSR mean=0.0000 len_end_mean=26.00
[Gate5 eval] episodes_per_env=4 T_eval=104
[Gate5 eval-debug] locked_eps_occ=0.20 pre(step25): dbar_end=0.509933 occupied_end_mean=0.390000 max_tilde_end_mean=0.732591 CSR@locked=0.000000
[Gate5 eval-debug] locked_eps_occ=0.20 post(step26): dbar_end=0.516564 occupied_end_mean=0.360000 max_tilde_end_mean=0.744118 CSR@locked=0.000000
[Gate5 eval-debug] CSR_pre@0.10=0.0000 CSR_pre@0.15=0.0000 CSR_pre@0.20=0.0000 CSR_pre@0.25=0.0000 CSR_pre@0.30=0.0000
[Gate5 eval-debug] CSR_post@0.10=0.0000 CSR_post@0.15=0.0000 CSR_post@0.20=0.0000 CSR_post@0.25=0.0000 CSR_post@0.30=0.0000
