Importing submoduled environments...
Submoduled environments not found. Skipping import.
[upd 0] u=1 upd_ctr=1 opt_step=16 E=0.077 g=0.096 VarTD=0.126111 ret_end=-26.492 dbar_end=0.745 occ_end=0.140 CSR_train=0.000 done_count=100
[upd 10] u=0 upd_ctr=1 opt_step=16 E=0.824 g=0.101 VarTD=0.147310 ret_end=-26.592 dbar_end=0.729 occ_end=0.144 CSR_train=0.000 done_count=125
[upd 20] u=0 upd_ctr=2 opt_step=32 E=0.547 g=0.094 VarTD=0.151090 ret_end=-27.446 dbar_end=0.754 occ_end=0.144 CSR_train=0.000 done_count=125
[upd 30] u=0 upd_ctr=3 opt_step=48 E=0.337 g=0.112 VarTD=0.129207 ret_end=-25.258 dbar_end=0.696 occ_end=0.168 CSR_train=0.000 done_count=125
[upd 40] u=1 upd_ctr=4 opt_step=64 E=0.092 g=0.115 VarTD=0.123863 ret_end=-25.488 dbar_end=0.689 occ_end=0.128 CSR_train=0.000 done_count=125
[upd 50] u=0 upd_ctr=4 opt_step=64 E=0.929 g=0.098 VarTD=0.171835 ret_end=-27.714 dbar_end=0.740 occ_end=0.128 CSR_train=0.000 done_count=125
[upd 60] u=0 upd_ctr=5 opt_step=80 E=0.735 g=0.108 VarTD=0.138271 ret_end=-26.410 dbar_end=0.710 occ_end=0.152 CSR_train=0.000 done_count=125
[upd 70] u=0 upd_ctr=6 opt_step=96 E=0.518 g=0.099 VarTD=0.140030 ret_end=-27.098 dbar_end=0.736 occ_end=0.136 CSR_train=0.000 done_count=125
[upd 80] u=0 upd_ctr=7 opt_step=112 E=0.358 g=0.109 VarTD=0.163873 ret_end=-26.344 dbar_end=0.706 occ_end=0.232 CSR_train=0.000 done_count=125
[upd 90] u=0 upd_ctr=8 opt_step=128 E=0.190 g=0.121 VarTD=0.158971 ret_end=-26.202 dbar_end=0.673 occ_end=0.264 CSR_train=0.000 done_count=125
[upd 100] u=1 upd_ctr=9 opt_step=144 E=0.096 g=0.120 VarTD=0.171965 ret_end=-26.156 dbar_end=0.675 occ_end=0.168 CSR_train=0.000 done_count=125
[upd 110] u=0 upd_ctr=9 opt_step=144 E=1.000 g=0.131 VarTD=0.160834 ret_end=-26.063 dbar_end=0.648 occ_end=0.128 CSR_train=0.000 done_count=125
[upd 120] u=0 upd_ctr=10 opt_step=160 E=0.961 g=0.117 VarTD=0.195079 ret_end=-26.959 dbar_end=0.682 occ_end=0.192 CSR_train=0.000 done_count=125
[upd 130] u=0 upd_ctr=11 opt_step=176 E=0.907 g=0.123 VarTD=0.174904 ret_end=-26.482 dbar_end=0.666 occ_end=0.190 CSR_train=0.000 done_count=100
[upd 140] u=0 upd_ctr=12 opt_step=192 E=0.918 g=0.128 VarTD=0.187210 ret_end=-25.570 dbar_end=0.655 occ_end=0.176 CSR_train=0.000 done_count=125
[upd 150] u=0 upd_ctr=13 opt_step=208 E=0.974 g=0.146 VarTD=0.224091 ret_end=-25.019 dbar_end=0.614 occ_end=0.272 CSR_train=0.000 done_count=125
[upd 160] u=0 upd_ctr=14 opt_step=224 E=0.988 g=0.130 VarTD=0.239748 ret_end=-26.013 dbar_end=0.650 occ_end=0.184 CSR_train=0.000 done_count=125
[upd 170] u=0 upd_ctr=15 opt_step=240 E=1.000 g=0.137 VarTD=0.300962 ret_end=-25.230 dbar_end=0.633 occ_end=0.232 CSR_train=0.000 done_count=125
[upd 180] u=1 upd_ctr=17 opt_step=272 E=0.115 g=0.144 VarTD=0.306025 ret_end=-24.969 dbar_end=0.616 occ_end=0.208 CSR_train=0.000 done_count=125
[upd 190] u=0 upd_ctr=18 opt_step=288 E=0.221 g=0.144 VarTD=0.460302 ret_end=-24.897 dbar_end=0.618 occ_end=0.208 CSR_train=0.000 done_count=125
[upd 200] u=0 upd_ctr=19 opt_step=304 E=0.362 g=0.154 VarTD=0.492882 ret_end=-24.476 dbar_end=0.597 occ_end=0.272 CSR_train=0.000 done_count=125
[upd 210] u=0 upd_ctr=20 opt_step=320 E=0.484 g=0.159 VarTD=0.636091 ret_end=-24.106 dbar_end=0.586 occ_end=0.272 CSR_train=0.000 done_count=125
[upd 220] u=0 upd_ctr=21 opt_step=336 E=0.632 g=0.146 VarTD=0.709257 ret_end=-25.393 dbar_end=0.612 occ_end=0.240 CSR_train=0.000 done_count=125
[upd 230] u=0 upd_ctr=22 opt_step=352 E=0.777 g=0.160 VarTD=0.771421 ret_end=-23.826 dbar_end=0.584 occ_end=0.264 CSR_train=0.000 done_count=125
[upd 240] u=0 upd_ctr=23 opt_step=368 E=1.000 g=0.157 VarTD=0.871586 ret_end=-24.686 dbar_end=0.590 occ_end=0.264 CSR_train=0.000 done_count=125
[upd 250] u=0 upd_ctr=25 opt_step=400 E=0.266 g=0.157 VarTD=1.143102 ret_end=-25.006 dbar_end=0.590 occ_end=0.208 CSR_train=0.000 done_count=125
[upd 260] u=0 upd_ctr=26 opt_step=416 E=0.513 g=0.158 VarTD=1.006819 ret_end=-24.579 dbar_end=0.588 occ_end=0.210 CSR_train=0.000 done_count=100
[upd 270] u=0 upd_ctr=27 opt_step=432 E=0.818 g=0.160 VarTD=1.362059 ret_end=-24.228 dbar_end=0.583 occ_end=0.328 CSR_train=0.000 done_count=125
[upd 280] u=0 upd_ctr=28 opt_step=448 E=1.000 g=0.159 VarTD=1.503637 ret_end=-24.121 dbar_end=0.585 occ_end=0.224 CSR_train=0.000 done_count=125
[upd 290] u=0 upd_ctr=30 opt_step=480 E=0.271 g=0.174 VarTD=1.827729 ret_end=-24.860 dbar_end=0.557 occ_end=0.296 CSR_train=0.000 done_count=125
[upd 300] u=0 upd_ctr=31 opt_step=496 E=0.542 g=0.169 VarTD=1.966139 ret_end=-24.171 dbar_end=0.566 occ_end=0.312 CSR_train=0.000 done_count=125
[upd 310] u=0 upd_ctr=32 opt_step=512 E=0.825 g=0.197 VarTD=2.072677 ret_end=-22.492 dbar_end=0.517 occ_end=0.352 CSR_train=0.000 done_count=125
[Gate5 check] update_counter violations: t0=0 diffs=0
[Gate5 check] opt_step violations: t0=0 diffs=0 (expected_inc=16)
[Gate5 check] NaN masking: nan_on_skip=True finite_on_update=True
[Gate5 summary] mean_update_fraction=0.1026 final_executed_updates_mean=32.00
[Gate5 eval] done_count mean=100.0 CSR mean=0.0000 len_end_mean=26.00
[Gate5 eval] episodes_per_env=4 T_eval=104
[Gate5 eval-debug] locked_eps_occ=0.20 pre(step25): dbar_end=0.495038 occupied_end_mean=0.310000 max_tilde_end_mean=0.704506 CSR@locked=0.000000
[Gate5 eval-debug] locked_eps_occ=0.20 post(step26): dbar_end=0.483814 occupied_end_mean=0.340000 max_tilde_end_mean=0.700442 CSR@locked=0.000000
[Gate5 eval-debug] CSR_pre@0.10=0.0000 CSR_pre@0.15=0.0000 CSR_pre@0.20=0.0000 CSR_pre@0.25=0.0000 CSR_pre@0.30=0.0200
[Gate5 eval-debug] CSR_post@0.10=0.0000 CSR_post@0.15=0.0000 CSR_post@0.20=0.0000 CSR_post@0.25=0.0100 CSR_post@0.30=0.0300
