Importing submoduled environments...
Submoduled environments not found. Skipping import.
[upd 0] u=1 upd_ctr=1 opt_step=16 E=0.064 g=0.092 VarTD=0.136051 ret_end=-27.009 dbar_end=0.762 occ_end=0.140 CSR_train=0.000 done_count=100
[upd 10] u=0 upd_ctr=1 opt_step=16 E=0.713 g=0.088 VarTD=0.157825 ret_end=-27.556 dbar_end=0.774 occ_end=0.128 CSR_train=0.000 done_count=125
[upd 20] u=0 upd_ctr=2 opt_step=32 E=0.329 g=0.096 VarTD=0.139645 ret_end=-27.155 dbar_end=0.745 occ_end=0.128 CSR_train=0.000 done_count=125
[upd 30] u=0 upd_ctr=2 opt_step=32 E=1.000 g=0.102 VarTD=0.155749 ret_end=-27.320 dbar_end=0.726 occ_end=0.184 CSR_train=0.000 done_count=125
[upd 40] u=0 upd_ctr=3 opt_step=48 E=0.662 g=0.095 VarTD=0.145134 ret_end=-26.426 dbar_end=0.749 occ_end=0.128 CSR_train=0.000 done_count=125
[upd 50] u=0 upd_ctr=4 opt_step=64 E=0.349 g=0.102 VarTD=0.147200 ret_end=-25.985 dbar_end=0.726 occ_end=0.200 CSR_train=0.000 done_count=125
[upd 60] u=1 upd_ctr=5 opt_step=80 E=0.072 g=0.103 VarTD=0.131092 ret_end=-26.752 dbar_end=0.723 occ_end=0.168 CSR_train=0.000 done_count=125
[upd 70] u=0 upd_ctr=5 opt_step=80 E=0.827 g=0.106 VarTD=0.151701 ret_end=-26.019 dbar_end=0.715 occ_end=0.184 CSR_train=0.000 done_count=125
[upd 80] u=0 upd_ctr=6 opt_step=96 E=0.542 g=0.124 VarTD=0.116215 ret_end=-25.442 dbar_end=0.665 occ_end=0.224 CSR_train=0.000 done_count=125
[upd 90] u=0 upd_ctr=7 opt_step=112 E=0.253 g=0.120 VarTD=0.129985 ret_end=-26.198 dbar_end=0.676 occ_end=0.160 CSR_train=0.000 done_count=125
[upd 100] u=0 upd_ctr=7 opt_step=112 E=1.000 g=0.113 VarTD=0.139126 ret_end=-26.256 dbar_end=0.696 occ_end=0.248 CSR_train=0.000 done_count=125
[upd 110] u=0 upd_ctr=8 opt_step=128 E=0.804 g=0.123 VarTD=0.135808 ret_end=-25.430 dbar_end=0.669 occ_end=0.248 CSR_train=0.000 done_count=125
[upd 120] u=0 upd_ctr=9 opt_step=144 E=0.559 g=0.116 VarTD=0.147971 ret_end=-26.637 dbar_end=0.687 occ_end=0.200 CSR_train=0.000 done_count=125
[Gate5 check] update_counter violations: t0=0 diffs=0
[Gate5 check] opt_step violations: t0=0 diffs=0 (expected_inc=16)
[Gate5 check] NaN masking: nan_on_skip=True finite_on_update=True
[Gate5 summary] mean_update_fraction=0.0720 final_executed_updates_mean=9.00
[Gate5 eval] done_count mean=100.0 CSR mean=0.0100 len_end_mean=26.00
[Gate5 eval] episodes_per_env=4 T_eval=104
[Gate5 eval-debug] locked_eps_occ=0.20 pre(step25): dbar_end=0.521578 occupied_end_mean=0.370000 max_tilde_end_mean=0.776597 CSR@locked=0.010000
[Gate5 eval-debug] locked_eps_occ=0.20 post(step26): dbar_end=0.516197 occupied_end_mean=0.350000 max_tilde_end_mean=0.767497 CSR@locked=0.010000
[Gate5 eval-debug] CSR_pre@0.10=0.0000 CSR_pre@0.15=0.0100 CSR_pre@0.20=0.0100 CSR_pre@0.25=0.0100 CSR_pre@0.30=0.0200
[Gate5 eval-debug] CSR_post@0.10=0.0000 CSR_post@0.15=0.0000 CSR_post@0.20=0.0100 CSR_post@0.25=0.0300 CSR_post@0.30=0.0300
