Importing submoduled environments...
Submoduled environments not found. Skipping import.
[upd 0] u=1 upd_ctr=1 opt_step=16 E=0.045 g=0.089 VarTD=0.155748 ret_end=-26.495 dbar_end=0.769 occ_end=0.110 CSR_train=0.000 done_count=100
[upd 10] u=0 upd_ctr=1 opt_step=16 E=0.505 g=0.096 VarTD=0.160584 ret_end=-27.044 dbar_end=0.748 occ_end=0.128 CSR_train=0.000 done_count=125
[upd 20] u=0 upd_ctr=1 opt_step=16 E=0.956 g=0.078 VarTD=0.217249 ret_end=-28.983 dbar_end=0.814 occ_end=0.136 CSR_train=0.000 done_count=125
[upd 30] u=0 upd_ctr=2 opt_step=32 E=0.366 g=0.089 VarTD=0.172406 ret_end=-27.362 dbar_end=0.771 occ_end=0.160 CSR_train=0.000 done_count=125
[upd 40] u=0 upd_ctr=2 opt_step=32 E=0.826 g=0.092 VarTD=0.170892 ret_end=-27.071 dbar_end=0.760 occ_end=0.176 CSR_train=0.000 done_count=125
[upd 50] u=0 upd_ctr=3 opt_step=48 E=0.282 g=0.092 VarTD=0.142813 ret_end=-27.644 dbar_end=0.759 occ_end=0.136 CSR_train=0.000 done_count=125
[upd 60] u=0 upd_ctr=3 opt_step=48 E=0.754 g=0.094 VarTD=0.154825 ret_end=-27.152 dbar_end=0.754 occ_end=0.176 CSR_train=0.000 done_count=125
[upd 70] u=0 upd_ctr=4 opt_step=64 E=0.197 g=0.103 VarTD=0.152087 ret_end=-26.305 dbar_end=0.725 occ_end=0.184 CSR_train=0.000 done_count=125
[upd 80] u=0 upd_ctr=4 opt_step=64 E=0.688 g=0.095 VarTD=0.141816 ret_end=-27.124 dbar_end=0.748 occ_end=0.144 CSR_train=0.000 done_count=125
[upd 90] u=0 upd_ctr=5 opt_step=80 E=0.149 g=0.096 VarTD=0.129340 ret_end=-26.889 dbar_end=0.748 occ_end=0.144 CSR_train=0.000 done_count=125
[upd 100] u=0 upd_ctr=5 opt_step=80 E=0.659 g=0.101 VarTD=0.155594 ret_end=-27.195 dbar_end=0.729 occ_end=0.216 CSR_train=0.000 done_count=125
[upd 110] u=0 upd_ctr=6 opt_step=96 E=0.146 g=0.106 VarTD=0.139192 ret_end=-27.062 dbar_end=0.714 occ_end=0.192 CSR_train=0.000 done_count=125
[upd 120] u=0 upd_ctr=6 opt_step=96 E=0.678 g=0.125 VarTD=0.129845 ret_end=-25.628 dbar_end=0.661 occ_end=0.232 CSR_train=0.000 done_count=125
[upd 130] u=0 upd_ctr=7 opt_step=112 E=0.171 g=0.113 VarTD=0.155471 ret_end=-26.976 dbar_end=0.694 occ_end=0.280 CSR_train=0.000 done_count=100
[upd 140] u=0 upd_ctr=7 opt_step=112 E=0.734 g=0.110 VarTD=0.136267 ret_end=-26.373 dbar_end=0.702 occ_end=0.144 CSR_train=0.000 done_count=125
[upd 150] u=0 upd_ctr=8 opt_step=128 E=0.296 g=0.115 VarTD=0.147600 ret_end=-25.534 dbar_end=0.689 occ_end=0.168 CSR_train=0.000 done_count=125
[upd 160] u=0 upd_ctr=8 opt_step=128 E=0.906 g=0.129 VarTD=0.147301 ret_end=-25.871 dbar_end=0.653 occ_end=0.232 CSR_train=0.000 done_count=125
[upd 170] u=0 upd_ctr=9 opt_step=144 E=0.478 g=0.116 VarTD=0.155022 ret_end=-26.134 dbar_end=0.686 occ_end=0.248 CSR_train=0.000 done_count=125
[upd 180] u=1 upd_ctr=10 opt_step=160 E=0.057 g=0.115 VarTD=0.141658 ret_end=-26.094 dbar_end=0.689 occ_end=0.176 CSR_train=0.000 done_count=125
[upd 190] u=0 upd_ctr=10 opt_step=160 E=0.696 g=0.114 VarTD=0.187437 ret_end=-26.514 dbar_end=0.690 occ_end=0.176 CSR_train=0.000 done_count=125
[upd 200] u=0 upd_ctr=11 opt_step=176 E=0.326 g=0.127 VarTD=0.158540 ret_end=-25.711 dbar_end=0.658 occ_end=0.232 CSR_train=0.000 done_count=125
[upd 210] u=0 upd_ctr=11 opt_step=176 E=0.969 g=0.129 VarTD=0.167621 ret_end=-25.983 dbar_end=0.652 occ_end=0.192 CSR_train=0.000 done_count=125
[upd 220] u=0 upd_ctr=12 opt_step=192 E=0.578 g=0.127 VarTD=0.177932 ret_end=-25.048 dbar_end=0.658 occ_end=0.144 CSR_train=0.000 done_count=125
[upd 230] u=0 upd_ctr=13 opt_step=208 E=0.201 g=0.145 VarTD=0.203730 ret_end=-25.332 dbar_end=0.615 occ_end=0.312 CSR_train=0.000 done_count=125
[upd 240] u=0 upd_ctr=13 opt_step=208 E=0.902 g=0.139 VarTD=0.220516 ret_end=-25.238 dbar_end=0.628 occ_end=0.224 CSR_train=0.000 done_count=125
[upd 250] u=0 upd_ctr=14 opt_step=224 E=0.563 g=0.147 VarTD=0.270252 ret_end=-24.341 dbar_end=0.610 occ_end=0.192 CSR_train=0.008 done_count=125
[upd 260] u=0 upd_ctr=15 opt_step=240 E=0.225 g=0.141 VarTD=0.249470 ret_end=-25.180 dbar_end=0.624 occ_end=0.310 CSR_train=0.000 done_count=100
[upd 270] u=0 upd_ctr=15 opt_step=240 E=0.979 g=0.155 VarTD=0.299864 ret_end=-24.495 dbar_end=0.594 occ_end=0.224 CSR_train=0.000 done_count=125
[upd 280] u=0 upd_ctr=16 opt_step=256 E=0.695 g=0.136 VarTD=0.349149 ret_end=-25.750 dbar_end=0.636 occ_end=0.248 CSR_train=0.000 done_count=125
[upd 290] u=0 upd_ctr=17 opt_step=272 E=0.466 g=0.153 VarTD=0.397728 ret_end=-24.203 dbar_end=0.599 occ_end=0.208 CSR_train=0.000 done_count=125
[upd 300] u=0 upd_ctr=18 opt_step=288 E=0.223 g=0.150 VarTD=0.512371 ret_end=-25.078 dbar_end=0.604 occ_end=0.264 CSR_train=0.008 done_count=125
[upd 310] u=0 upd_ctr=18 opt_step=288 E=1.000 g=0.168 VarTD=0.504693 ret_end=-24.789 dbar_end=0.569 occ_end=0.272 CSR_train=0.000 done_count=125
[Gate5 check] update_counter violations: t0=0 diffs=0
[Gate5 check] opt_step violations: t0=0 diffs=0 (expected_inc=16)
[Gate5 check] NaN masking: nan_on_skip=True finite_on_update=True
[Gate5 summary] mean_update_fraction=0.0609 final_executed_updates_mean=19.00
[Gate5 eval] done_count mean=100.0 CSR mean=0.0100 len_end_mean=26.00
[Gate5 eval] episodes_per_env=4 T_eval=104
[Gate5 eval-debug] locked_eps_occ=0.20 pre(step25): dbar_end=0.500425 occupied_end_mean=0.350000 max_tilde_end_mean=0.707365 CSR@locked=0.010000
[Gate5 eval-debug] locked_eps_occ=0.20 post(step26): dbar_end=0.487021 occupied_end_mean=0.400000 max_tilde_end_mean=0.703202 CSR@locked=0.010000
[Gate5 eval-debug] CSR_pre@0.10=0.0000 CSR_pre@0.15=0.0000 CSR_pre@0.20=0.0100 CSR_pre@0.25=0.0100 CSR_pre@0.30=0.0300
[Gate5 eval-debug] CSR_post@0.10=0.0000 CSR_post@0.15=0.0100 CSR_post@0.20=0.0100 CSR_post@0.25=0.0200 CSR_post@0.30=0.0400
