Importing submoduled environments...
Submoduled environments not found. Skipping import.
[upd 0] u=1 upd_ctr=1 opt_step=16 E=0.120 g=0.087 VarTD=0.169991 ret_end=-27.980 dbar_end=0.777 occ_end=0.130 CSR_train=0.000 done_count=100
[upd 10] u=0 upd_ctr=1 opt_step=16 E=0.870 g=0.097 VarTD=0.148660 ret_end=-28.362 dbar_end=0.744 occ_end=0.160 CSR_train=0.000 done_count=125
[upd 20] u=0 upd_ctr=2 opt_step=32 E=0.712 g=0.110 VarTD=0.137585 ret_end=-25.263 dbar_end=0.704 occ_end=0.192 CSR_train=0.000 done_count=125
[upd 30] u=0 upd_ctr=3 opt_step=48 E=0.594 g=0.116 VarTD=0.114720 ret_end=-25.768 dbar_end=0.687 occ_end=0.208 CSR_train=0.000 done_count=125
[upd 40] u=0 upd_ctr=4 opt_step=64 E=0.511 g=0.110 VarTD=0.143029 ret_end=-26.529 dbar_end=0.702 occ_end=0.184 CSR_train=0.000 done_count=125
[upd 50] u=0 upd_ctr=5 opt_step=80 E=0.422 g=0.114 VarTD=0.148232 ret_end=-27.016 dbar_end=0.693 occ_end=0.192 CSR_train=0.000 done_count=125
[upd 60] u=0 upd_ctr=6 opt_step=96 E=0.428 g=0.132 VarTD=0.134780 ret_end=-25.010 dbar_end=0.645 occ_end=0.296 CSR_train=0.000 done_count=125
[upd 70] u=0 upd_ctr=7 opt_step=112 E=0.456 g=0.120 VarTD=0.146722 ret_end=-26.254 dbar_end=0.674 occ_end=0.192 CSR_train=0.008 done_count=125
[upd 80] u=0 upd_ctr=8 opt_step=128 E=0.532 g=0.123 VarTD=0.139592 ret_end=-25.616 dbar_end=0.666 occ_end=0.240 CSR_train=0.000 done_count=125
[upd 90] u=0 upd_ctr=9 opt_step=144 E=0.563 g=0.128 VarTD=0.184227 ret_end=-25.926 dbar_end=0.654 occ_end=0.264 CSR_train=0.000 done_count=125
[upd 100] u=0 upd_ctr=10 opt_step=160 E=0.721 g=0.147 VarTD=0.148609 ret_end=-24.014 dbar_end=0.611 occ_end=0.248 CSR_train=0.000 done_count=125
[upd 110] u=0 upd_ctr=11 opt_step=176 E=0.818 g=0.128 VarTD=0.163743 ret_end=-25.092 dbar_end=0.654 occ_end=0.200 CSR_train=0.000 done_count=125
[upd 120] u=0 upd_ctr=12 opt_step=192 E=0.973 g=0.144 VarTD=0.159298 ret_end=-24.619 dbar_end=0.617 occ_end=0.264 CSR_train=0.000 done_count=125
[upd 130] u=0 upd_ctr=14 opt_step=224 E=0.262 g=0.157 VarTD=0.214994 ret_end=-24.297 dbar_end=0.590 occ_end=0.250 CSR_train=0.000 done_count=100
[upd 140] u=0 upd_ctr=15 opt_step=240 E=0.558 g=0.175 VarTD=0.304707 ret_end=-24.424 dbar_end=0.556 occ_end=0.304 CSR_train=0.008 done_count=125
[upd 150] u=0 upd_ctr=16 opt_step=256 E=0.782 g=0.161 VarTD=0.332424 ret_end=-24.249 dbar_end=0.581 occ_end=0.280 CSR_train=0.000 done_count=125
[upd 160] u=0 upd_ctr=17 opt_step=272 E=1.000 g=0.179 VarTD=0.394837 ret_end=-23.319 dbar_end=0.547 occ_end=0.360 CSR_train=0.008 done_count=125
[upd 170] u=0 upd_ctr=19 opt_step=304 E=0.432 g=0.163 VarTD=0.533554 ret_end=-24.161 dbar_end=0.577 occ_end=0.232 CSR_train=0.000 done_count=125
[upd 180] u=0 upd_ctr=20 opt_step=320 E=0.807 g=0.161 VarTD=0.611130 ret_end=-24.768 dbar_end=0.582 occ_end=0.256 CSR_train=0.000 done_count=125
[upd 190] u=1 upd_ctr=22 opt_step=352 E=0.178 g=0.159 VarTD=0.719262 ret_end=-24.349 dbar_end=0.585 occ_end=0.304 CSR_train=0.000 done_count=125
[upd 200] u=0 upd_ctr=23 opt_step=368 E=0.529 g=0.163 VarTD=0.880962 ret_end=-23.758 dbar_end=0.577 occ_end=0.216 CSR_train=0.000 done_count=125
[upd 210] u=0 upd_ctr=24 opt_step=384 E=0.833 g=0.163 VarTD=1.072462 ret_end=-24.666 dbar_end=0.578 occ_end=0.264 CSR_train=0.000 done_count=125
[upd 220] u=1 upd_ctr=26 opt_step=416 E=0.174 g=0.155 VarTD=1.158327 ret_end=-24.586 dbar_end=0.594 occ_end=0.232 CSR_train=0.000 done_count=125
[upd 230] u=0 upd_ctr=27 opt_step=432 E=0.418 g=0.148 VarTD=1.351497 ret_end=-24.219 dbar_end=0.607 occ_end=0.280 CSR_train=0.000 done_count=125
[upd 240] u=0 upd_ctr=28 opt_step=448 E=0.767 g=0.175 VarTD=1.548532 ret_end=-23.140 dbar_end=0.555 occ_end=0.328 CSR_train=0.000 done_count=125
[upd 250] u=1 upd_ctr=30 opt_step=480 E=0.126 g=0.158 VarTD=1.672462 ret_end=-24.555 dbar_end=0.589 occ_end=0.216 CSR_train=0.000 done_count=125
[upd 260] u=0 upd_ctr=31 opt_step=496 E=0.430 g=0.155 VarTD=1.605933 ret_end=-24.614 dbar_end=0.594 occ_end=0.250 CSR_train=0.000 done_count=100
[upd 270] u=0 upd_ctr=32 opt_step=512 E=0.717 g=0.161 VarTD=2.166234 ret_end=-24.279 dbar_end=0.581 occ_end=0.184 CSR_train=0.000 done_count=125
[upd 280] u=0 upd_ctr=33 opt_step=528 E=1.000 g=0.169 VarTD=2.343472 ret_end=-23.604 dbar_end=0.567 occ_end=0.344 CSR_train=0.000 done_count=125
[upd 290] u=0 upd_ctr=35 opt_step=560 E=0.407 g=0.170 VarTD=2.627119 ret_end=-22.971 dbar_end=0.564 occ_end=0.256 CSR_train=0.000 done_count=125
[upd 300] u=0 upd_ctr=36 opt_step=576 E=0.693 g=0.154 VarTD=2.766451 ret_end=-23.645 dbar_end=0.595 occ_end=0.200 CSR_train=0.000 done_count=125
[upd 310] u=0 upd_ctr=37 opt_step=592 E=1.000 g=0.153 VarTD=2.941294 ret_end=-24.313 dbar_end=0.597 occ_end=0.248 CSR_train=0.008 done_count=125
[Gate5 check] update_counter violations: t0=0 diffs=0
[Gate5 check] opt_step violations: t0=0 diffs=0 (expected_inc=16)
[Gate5 check] NaN masking: nan_on_skip=True finite_on_update=True
[Gate5 summary] mean_update_fraction=0.1218 final_executed_updates_mean=38.00
[Gate5 eval] done_count mean=100.0 CSR mean=0.0000 len_end_mean=26.00
[Gate5 eval] episodes_per_env=4 T_eval=104
[Gate5 eval-debug] locked_eps_occ=0.20 pre(step25): dbar_end=0.550479 occupied_end_mean=0.310000 max_tilde_end_mean=0.825646 CSR@locked=0.000000
[Gate5 eval-debug] locked_eps_occ=0.20 post(step26): dbar_end=0.549627 occupied_end_mean=0.350000 max_tilde_end_mean=0.820841 CSR@locked=0.000000
[Gate5 eval-debug] CSR_pre@0.10=0.0000 CSR_pre@0.15=0.0000 CSR_pre@0.20=0.0000 CSR_pre@0.25=0.0000 CSR_pre@0.30=0.0000
[Gate5 eval-debug] CSR_post@0.10=0.0000 CSR_post@0.15=0.0000 CSR_post@0.20=0.0000 CSR_post@0.25=0.0000 CSR_post@0.30=0.0000
