Importing submoduled environments...
Submoduled environments not found. Skipping import.
[upd 0] u=1 upd_ctr=1 opt_step=16 E=0.059 g=0.086 VarTD=0.176520 ret_end=-28.138 dbar_end=0.781 occ_end=0.160 CSR_train=0.000 done_count=100
[upd 10] u=0 upd_ctr=1 opt_step=16 E=0.150 g=0.084 VarTD=0.149910 ret_end=-27.579 dbar_end=0.789 occ_end=0.128 CSR_train=0.000 done_count=125
[upd 20] u=0 upd_ctr=1 opt_step=16 E=0.246 g=0.105 VarTD=0.156258 ret_end=-27.201 dbar_end=0.719 occ_end=0.184 CSR_train=0.000 done_count=125
[upd 30] u=0 upd_ctr=1 opt_step=16 E=0.342 g=0.093 VarTD=0.153786 ret_end=-26.473 dbar_end=0.758 occ_end=0.128 CSR_train=0.000 done_count=125
[upd 40] u=0 upd_ctr=1 opt_step=16 E=0.435 g=0.097 VarTD=0.160773 ret_end=-26.837 dbar_end=0.744 occ_end=0.128 CSR_train=0.000 done_count=125
[upd 50] u=0 upd_ctr=1 opt_step=16 E=0.532 g=0.092 VarTD=0.174406 ret_end=-27.273 dbar_end=0.760 occ_end=0.160 CSR_train=0.000 done_count=125
[upd 60] u=0 upd_ctr=1 opt_step=16 E=0.624 g=0.091 VarTD=0.159635 ret_end=-27.200 dbar_end=0.762 occ_end=0.160 CSR_train=0.000 done_count=125
[upd 70] u=0 upd_ctr=1 opt_step=16 E=0.714 g=0.094 VarTD=0.164796 ret_end=-27.136 dbar_end=0.752 occ_end=0.152 CSR_train=0.000 done_count=125
[upd 80] u=0 upd_ctr=1 opt_step=16 E=0.808 g=0.101 VarTD=0.180462 ret_end=-26.615 dbar_end=0.731 occ_end=0.144 CSR_train=0.000 done_count=125
[upd 90] u=0 upd_ctr=1 opt_step=16 E=0.899 g=0.096 VarTD=0.193195 ret_end=-27.285 dbar_end=0.745 occ_end=0.128 CSR_train=0.000 done_count=125
[upd 100] u=0 upd_ctr=2 opt_step=32 E=0.047 g=0.081 VarTD=0.185067 ret_end=-27.756 dbar_end=0.801 occ_end=0.152 CSR_train=0.000 done_count=125
[upd 110] u=0 upd_ctr=2 opt_step=32 E=0.141 g=0.101 VarTD=0.165038 ret_end=-26.570 dbar_end=0.732 occ_end=0.160 CSR_train=0.000 done_count=125
[upd 120] u=0 upd_ctr=2 opt_step=32 E=0.240 g=0.098 VarTD=0.180474 ret_end=-27.569 dbar_end=0.739 occ_end=0.152 CSR_train=0.000 done_count=125
[upd 130] u=0 upd_ctr=2 opt_step=32 E=0.333 g=0.092 VarTD=0.165772 ret_end=-27.010 dbar_end=0.759 occ_end=0.170 CSR_train=0.000 done_count=100
[upd 140] u=0 upd_ctr=2 opt_step=32 E=0.431 g=0.086 VarTD=0.203673 ret_end=-29.161 dbar_end=0.780 occ_end=0.120 CSR_train=0.000 done_count=125
[upd 150] u=0 upd_ctr=2 opt_step=32 E=0.527 g=0.107 VarTD=0.181276 ret_end=-27.086 dbar_end=0.711 occ_end=0.136 CSR_train=0.000 done_count=125
[upd 160] u=0 upd_ctr=2 opt_step=32 E=0.625 g=0.095 VarTD=0.169164 ret_end=-27.077 dbar_end=0.749 occ_end=0.168 CSR_train=0.008 done_count=125
[upd 170] u=0 upd_ctr=2 opt_step=32 E=0.722 g=0.103 VarTD=0.149554 ret_end=-26.727 dbar_end=0.725 occ_end=0.144 CSR_train=0.000 done_count=125
[upd 180] u=0 upd_ctr=2 opt_step=32 E=0.826 g=0.112 VarTD=0.149271 ret_end=-26.450 dbar_end=0.697 occ_end=0.248 CSR_train=0.000 done_count=125
[upd 190] u=0 upd_ctr=2 opt_step=32 E=0.921 g=0.086 VarTD=0.156800 ret_end=-28.116 dbar_end=0.782 occ_end=0.152 CSR_train=0.000 done_count=125
[upd 200] u=0 upd_ctr=3 opt_step=48 E=0.076 g=0.109 VarTD=0.156340 ret_end=-27.307 dbar_end=0.707 occ_end=0.160 CSR_train=0.000 done_count=125
[upd 210] u=0 upd_ctr=3 opt_step=48 E=0.179 g=0.110 VarTD=0.169954 ret_end=-26.201 dbar_end=0.703 occ_end=0.256 CSR_train=0.000 done_count=125
[upd 220] u=0 upd_ctr=3 opt_step=48 E=0.276 g=0.101 VarTD=0.174434 ret_end=-26.808 dbar_end=0.731 occ_end=0.208 CSR_train=0.008 done_count=125
[upd 230] u=0 upd_ctr=3 opt_step=48 E=0.379 g=0.114 VarTD=0.130401 ret_end=-26.181 dbar_end=0.691 occ_end=0.208 CSR_train=0.000 done_count=125
[upd 240] u=0 upd_ctr=3 opt_step=48 E=0.482 g=0.111 VarTD=0.135160 ret_end=-26.354 dbar_end=0.700 occ_end=0.208 CSR_train=0.000 done_count=125
[upd 250] u=0 upd_ctr=3 opt_step=48 E=0.584 g=0.103 VarTD=0.165922 ret_end=-27.171 dbar_end=0.724 occ_end=0.176 CSR_train=0.000 done_count=125
[upd 260] u=0 upd_ctr=3 opt_step=48 E=0.686 g=0.114 VarTD=0.142858 ret_end=-26.536 dbar_end=0.690 occ_end=0.230 CSR_train=0.000 done_count=100
[upd 270] u=0 upd_ctr=3 opt_step=48 E=0.785 g=0.106 VarTD=0.196501 ret_end=-26.534 dbar_end=0.715 occ_end=0.184 CSR_train=0.000 done_count=125
[upd 280] u=0 upd_ctr=3 opt_step=48 E=0.886 g=0.105 VarTD=0.136164 ret_end=-26.198 dbar_end=0.717 occ_end=0.184 CSR_train=0.000 done_count=125
[upd 290] u=0 upd_ctr=4 opt_step=64 E=0.042 g=0.099 VarTD=0.168594 ret_end=-26.716 dbar_end=0.736 occ_end=0.216 CSR_train=0.000 done_count=125
[upd 300] u=0 upd_ctr=4 opt_step=64 E=0.146 g=0.092 VarTD=0.151465 ret_end=-28.184 dbar_end=0.761 occ_end=0.224 CSR_train=0.000 done_count=125
[upd 310] u=0 upd_ctr=4 opt_step=64 E=0.249 g=0.101 VarTD=0.158029 ret_end=-27.418 dbar_end=0.729 occ_end=0.184 CSR_train=0.000 done_count=125
[Gate5 check] update_counter violations: t0=0 diffs=0
[Gate5 check] opt_step violations: t0=0 diffs=0 (expected_inc=16)
[Gate5 check] NaN masking: nan_on_skip=True finite_on_update=True
[Gate5 summary] mean_update_fraction=0.0128 final_executed_updates_mean=4.00
[Gate5 eval] done_count mean=100.0 CSR mean=0.0000 len_end_mean=26.00
[Gate5 eval] episodes_per_env=4 T_eval=104
[Gate5 eval-debug] locked_eps_occ=0.20 pre(step25): dbar_end=0.547192 occupied_end_mean=0.300000 max_tilde_end_mean=0.783759 CSR@locked=0.000000
[Gate5 eval-debug] locked_eps_occ=0.20 post(step26): dbar_end=0.553269 occupied_end_mean=0.270000 max_tilde_end_mean=0.798812 CSR@locked=0.000000
[Gate5 eval-debug] CSR_pre@0.10=0.0000 CSR_pre@0.15=0.0000 CSR_pre@0.20=0.0000 CSR_pre@0.25=0.0000 CSR_pre@0.30=0.0000
[Gate5 eval-debug] CSR_post@0.10=0.0000 CSR_post@0.15=0.0000 CSR_post@0.20=0.0000 CSR_post@0.25=0.0000 CSR_post@0.30=0.0100
