Importing submoduled environments...
Submoduled environments not found. Skipping import.
[upd 0] u=1 upd_ctr=1 opt_step=16 E=0.101 g=0.073 VarTD=0.176583 ret_end=-28.932 dbar_end=0.832 occ_end=0.120 CSR_train=0.000 done_count=100
[upd 10] u=0 upd_ctr=1 opt_step=16 E=0.732 g=0.084 VarTD=0.145375 ret_end=-27.822 dbar_end=0.789 occ_end=0.112 CSR_train=0.000 done_count=125
[upd 20] u=0 upd_ctr=2 opt_step=32 E=0.462 g=0.100 VarTD=0.143719 ret_end=-27.008 dbar_end=0.734 occ_end=0.184 CSR_train=0.000 done_count=125
[upd 30] u=0 upd_ctr=3 opt_step=48 E=0.158 g=0.101 VarTD=0.134578 ret_end=-26.058 dbar_end=0.730 occ_end=0.184 CSR_train=0.008 done_count=125
[upd 40] u=0 upd_ctr=3 opt_step=48 E=0.826 g=0.095 VarTD=0.172857 ret_end=-27.272 dbar_end=0.749 occ_end=0.152 CSR_train=0.000 done_count=125
[upd 50] u=0 upd_ctr=4 opt_step=64 E=0.578 g=0.097 VarTD=0.168436 ret_end=-27.529 dbar_end=0.742 occ_end=0.160 CSR_train=0.000 done_count=125
[upd 60] u=0 upd_ctr=5 opt_step=80 E=0.338 g=0.110 VarTD=0.123227 ret_end=-25.563 dbar_end=0.703 occ_end=0.088 CSR_train=0.000 done_count=125
[upd 70] u=1 upd_ctr=6 opt_step=96 E=0.127 g=0.110 VarTD=0.135529 ret_end=-25.756 dbar_end=0.703 occ_end=0.168 CSR_train=0.000 done_count=125
[upd 80] u=0 upd_ctr=6 opt_step=96 E=0.851 g=0.098 VarTD=0.153053 ret_end=-27.641 dbar_end=0.739 occ_end=0.176 CSR_train=0.000 done_count=125
[upd 90] u=0 upd_ctr=7 opt_step=112 E=0.668 g=0.104 VarTD=0.149082 ret_end=-27.315 dbar_end=0.721 occ_end=0.200 CSR_train=0.000 done_count=125
[upd 100] u=0 upd_ctr=8 opt_step=128 E=0.500 g=0.117 VarTD=0.145535 ret_end=-26.599 dbar_end=0.682 occ_end=0.144 CSR_train=0.000 done_count=125
[upd 110] u=0 upd_ctr=9 opt_step=144 E=0.325 g=0.123 VarTD=0.147270 ret_end=-25.343 dbar_end=0.668 occ_end=0.160 CSR_train=0.000 done_count=125
[upd 120] u=0 upd_ctr=10 opt_step=160 E=0.189 g=0.123 VarTD=0.139339 ret_end=-25.750 dbar_end=0.668 occ_end=0.224 CSR_train=0.000 done_count=125
[upd 130] u=0 upd_ctr=10 opt_step=160 E=1.000 g=0.133 VarTD=0.139243 ret_end=-24.879 dbar_end=0.642 occ_end=0.210 CSR_train=0.000 done_count=100
[upd 140] u=0 upd_ctr=11 opt_step=176 E=0.871 g=0.117 VarTD=0.188288 ret_end=-26.454 dbar_end=0.682 occ_end=0.200 CSR_train=0.000 done_count=125
[upd 150] u=0 upd_ctr=12 opt_step=192 E=0.805 g=0.117 VarTD=0.190343 ret_end=-26.520 dbar_end=0.683 occ_end=0.200 CSR_train=0.000 done_count=125
[upd 160] u=0 upd_ctr=13 opt_step=208 E=0.718 g=0.125 VarTD=0.217676 ret_end=-25.685 dbar_end=0.661 occ_end=0.256 CSR_train=0.000 done_count=125
[upd 170] u=0 upd_ctr=14 opt_step=224 E=0.647 g=0.133 VarTD=0.236620 ret_end=-25.501 dbar_end=0.642 occ_end=0.168 CSR_train=0.000 done_count=125
[upd 180] u=0 upd_ctr=15 opt_step=240 E=0.617 g=0.145 VarTD=0.260464 ret_end=-23.942 dbar_end=0.614 occ_end=0.272 CSR_train=0.000 done_count=125
[upd 190] u=0 upd_ctr=16 opt_step=256 E=0.614 g=0.129 VarTD=0.320975 ret_end=-26.250 dbar_end=0.652 occ_end=0.184 CSR_train=0.000 done_count=125
[upd 200] u=0 upd_ctr=17 opt_step=272 E=0.612 g=0.133 VarTD=0.449037 ret_end=-26.048 dbar_end=0.643 occ_end=0.296 CSR_train=0.000 done_count=125
[upd 210] u=0 upd_ctr=18 opt_step=288 E=0.665 g=0.145 VarTD=0.464673 ret_end=-25.128 dbar_end=0.614 occ_end=0.232 CSR_train=0.000 done_count=125
[upd 220] u=0 upd_ctr=19 opt_step=304 E=0.742 g=0.153 VarTD=0.564909 ret_end=-24.705 dbar_end=0.599 occ_end=0.200 CSR_train=0.000 done_count=125
[upd 230] u=0 upd_ctr=20 opt_step=320 E=0.869 g=0.155 VarTD=0.625392 ret_end=-24.338 dbar_end=0.593 occ_end=0.264 CSR_train=0.000 done_count=125
[upd 240] u=0 upd_ctr=21 opt_step=336 E=1.000 g=0.151 VarTD=0.739692 ret_end=-25.178 dbar_end=0.602 occ_end=0.232 CSR_train=0.000 done_count=125
[upd 250] u=1 upd_ctr=23 opt_step=368 E=0.148 g=0.140 VarTD=0.777375 ret_end=-24.737 dbar_end=0.626 occ_end=0.248 CSR_train=0.000 done_count=125
[upd 260] u=0 upd_ctr=24 opt_step=384 E=0.347 g=0.183 VarTD=0.878091 ret_end=-23.088 dbar_end=0.542 occ_end=0.290 CSR_train=0.000 done_count=100
[upd 270] u=0 upd_ctr=25 opt_step=400 E=0.507 g=0.167 VarTD=1.212679 ret_end=-23.926 dbar_end=0.571 occ_end=0.200 CSR_train=0.000 done_count=125
[upd 280] u=0 upd_ctr=26 opt_step=416 E=0.676 g=0.150 VarTD=1.337530 ret_end=-24.084 dbar_end=0.603 occ_end=0.248 CSR_train=0.000 done_count=125
[upd 290] u=0 upd_ctr=27 opt_step=432 E=0.838 g=0.172 VarTD=1.476312 ret_end=-23.527 dbar_end=0.561 occ_end=0.320 CSR_train=0.000 done_count=125
[upd 300] u=0 upd_ctr=28 opt_step=448 E=1.000 g=0.166 VarTD=1.624667 ret_end=-23.561 dbar_end=0.573 occ_end=0.288 CSR_train=0.000 done_count=125
[upd 310] u=0 upd_ctr=30 opt_step=480 E=0.272 g=0.163 VarTD=1.920371 ret_end=-24.313 dbar_end=0.578 occ_end=0.320 CSR_train=0.000 done_count=125
[Gate5 check] update_counter violations: t0=0 diffs=0
[Gate5 check] opt_step violations: t0=0 diffs=0 (expected_inc=16)
[Gate5 check] NaN masking: nan_on_skip=True finite_on_update=True
[Gate5 summary] mean_update_fraction=0.0962 final_executed_updates_mean=30.00
[Gate5 eval] done_count mean=100.0 CSR mean=0.0100 len_end_mean=26.00
[Gate5 eval] episodes_per_env=4 T_eval=104
[Gate5 eval-debug] locked_eps_occ=0.20 pre(step25): dbar_end=0.493104 occupied_end_mean=0.410000 max_tilde_end_mean=0.731160 CSR@locked=0.000000
[Gate5 eval-debug] locked_eps_occ=0.20 post(step26): dbar_end=0.489822 occupied_end_mean=0.470000 max_tilde_end_mean=0.723866 CSR@locked=0.010000
[Gate5 eval-debug] CSR_pre@0.10=0.0000 CSR_pre@0.15=0.0000 CSR_pre@0.20=0.0000 CSR_pre@0.25=0.0000 CSR_pre@0.30=0.0300
[Gate5 eval-debug] CSR_post@0.10=0.0000 CSR_post@0.15=0.0000 CSR_post@0.20=0.0100 CSR_post@0.25=0.0200 CSR_post@0.30=0.0400
