Importing submoduled environments...
Submoduled environments not found. Skipping import.
[upd 0] u=1 upd_ctr=1 opt_step=16 E=0.165 g=0.093 VarTD=0.145852 ret_end=-27.154 dbar_end=0.757 occ_end=0.170 CSR_train=0.000 done_count=100
[upd 10] u=0 upd_ctr=1 opt_step=16 E=0.813 g=0.084 VarTD=0.153180 ret_end=-27.639 dbar_end=0.787 occ_end=0.144 CSR_train=0.008 done_count=125
[upd 20] u=0 upd_ctr=2 opt_step=32 E=0.591 g=0.097 VarTD=0.154502 ret_end=-26.838 dbar_end=0.743 occ_end=0.200 CSR_train=0.000 done_count=125
[upd 30] u=0 upd_ctr=3 opt_step=48 E=0.349 g=0.093 VarTD=0.145561 ret_end=-27.016 dbar_end=0.756 occ_end=0.152 CSR_train=0.000 done_count=125
[upd 40] u=0 upd_ctr=4 opt_step=64 E=0.163 g=0.095 VarTD=0.150500 ret_end=-27.388 dbar_end=0.750 occ_end=0.120 CSR_train=0.000 done_count=125
[upd 50] u=0 upd_ctr=4 opt_step=64 E=0.880 g=0.106 VarTD=0.169438 ret_end=-26.841 dbar_end=0.716 occ_end=0.200 CSR_train=0.000 done_count=125
[upd 60] u=0 upd_ctr=5 opt_step=80 E=0.726 g=0.107 VarTD=0.151567 ret_end=-26.167 dbar_end=0.711 occ_end=0.216 CSR_train=0.000 done_count=125
[upd 70] u=0 upd_ctr=6 opt_step=96 E=0.604 g=0.112 VarTD=0.153051 ret_end=-26.712 dbar_end=0.696 occ_end=0.232 CSR_train=0.000 done_count=125
[upd 80] u=0 upd_ctr=7 opt_step=112 E=0.496 g=0.110 VarTD=0.148595 ret_end=-26.369 dbar_end=0.703 occ_end=0.184 CSR_train=0.000 done_count=125
[upd 90] u=0 upd_ctr=8 opt_step=128 E=0.386 g=0.116 VarTD=0.148954 ret_end=-26.371 dbar_end=0.687 occ_end=0.160 CSR_train=0.000 done_count=125
[upd 100] u=0 upd_ctr=9 opt_step=144 E=0.310 g=0.127 VarTD=0.139655 ret_end=-25.435 dbar_end=0.657 occ_end=0.176 CSR_train=0.000 done_count=125
[upd 110] u=0 upd_ctr=10 opt_step=160 E=0.222 g=0.124 VarTD=0.178644 ret_end=-25.493 dbar_end=0.665 occ_end=0.232 CSR_train=0.000 done_count=125
[upd 120] u=1 upd_ctr=11 opt_step=176 E=0.148 g=0.117 VarTD=0.151660 ret_end=-26.034 dbar_end=0.684 occ_end=0.192 CSR_train=0.000 done_count=125
[Gate5 check] update_counter violations: t0=0 diffs=0
[Gate5 check] opt_step violations: t0=0 diffs=0 (expected_inc=16)
[Gate5 check] NaN masking: nan_on_skip=True finite_on_update=True
[Gate5 summary] mean_update_fraction=0.0880 final_executed_updates_mean=11.00
[Gate5 eval] done_count mean=100.0 CSR mean=0.0000 len_end_mean=26.00
[Gate5 eval] episodes_per_env=4 T_eval=104
[Gate5 eval-debug] locked_eps_occ=0.20 pre(step25): dbar_end=0.518413 occupied_end_mean=0.400000 max_tilde_end_mean=0.758582 CSR@locked=0.000000
[Gate5 eval-debug] locked_eps_occ=0.20 post(step26): dbar_end=0.518363 occupied_end_mean=0.440000 max_tilde_end_mean=0.757756 CSR@locked=0.000000
[Gate5 eval-debug] CSR_pre@0.10=0.0000 CSR_pre@0.15=0.0000 CSR_pre@0.20=0.0000 CSR_pre@0.25=0.0000 CSR_pre@0.30=0.0100
[Gate5 eval-debug] CSR_post@0.10=0.0000 CSR_post@0.15=0.0000 CSR_post@0.20=0.0000 CSR_post@0.25=0.0000 CSR_post@0.30=0.0200
