Importing submoduled environments...
Submoduled environments not found. Skipping import.
[upd 0] u=1 upd_ctr=1 opt_step=16 E=0.092 g=0.085 VarTD=0.206615 ret_end=-28.597 dbar_end=0.786 occ_end=0.160 CSR_train=0.000 done_count=100
[upd 10] u=0 upd_ctr=1 opt_step=16 E=0.575 g=0.096 VarTD=0.212328 ret_end=-26.954 dbar_end=0.748 occ_end=0.176 CSR_train=0.000 done_count=125
[upd 20] u=0 upd_ctr=2 opt_step=32 E=0.104 g=0.099 VarTD=0.179498 ret_end=-26.442 dbar_end=0.736 occ_end=0.176 CSR_train=0.000 done_count=125
[upd 30] u=0 upd_ctr=2 opt_step=32 E=0.587 g=0.097 VarTD=0.200657 ret_end=-27.249 dbar_end=0.742 occ_end=0.192 CSR_train=0.000 done_count=125
[upd 40] u=0 upd_ctr=3 opt_step=48 E=0.133 g=0.094 VarTD=0.196114 ret_end=-27.778 dbar_end=0.754 occ_end=0.144 CSR_train=0.000 done_count=125
[upd 50] u=0 upd_ctr=3 opt_step=48 E=0.637 g=0.096 VarTD=0.199854 ret_end=-27.350 dbar_end=0.747 occ_end=0.152 CSR_train=0.000 done_count=125
[upd 60] u=0 upd_ctr=4 opt_step=64 E=0.202 g=0.097 VarTD=0.192081 ret_end=-26.998 dbar_end=0.742 occ_end=0.160 CSR_train=0.008 done_count=125
[upd 70] u=0 upd_ctr=4 opt_step=64 E=0.742 g=0.112 VarTD=0.188605 ret_end=-26.818 dbar_end=0.698 occ_end=0.224 CSR_train=0.000 done_count=125
[upd 80] u=0 upd_ctr=5 opt_step=80 E=0.329 g=0.117 VarTD=0.191871 ret_end=-26.629 dbar_end=0.683 occ_end=0.256 CSR_train=0.000 done_count=125
[upd 90] u=0 upd_ctr=5 opt_step=80 E=0.897 g=0.114 VarTD=0.184100 ret_end=-26.406 dbar_end=0.693 occ_end=0.216 CSR_train=0.000 done_count=125
[upd 100] u=0 upd_ctr=6 opt_step=96 E=0.541 g=0.128 VarTD=0.193542 ret_end=-25.394 dbar_end=0.655 occ_end=0.208 CSR_train=0.000 done_count=125
[upd 110] u=0 upd_ctr=7 opt_step=112 E=0.191 g=0.108 VarTD=0.186033 ret_end=-27.531 dbar_end=0.708 occ_end=0.192 CSR_train=0.000 done_count=125
[upd 120] u=0 upd_ctr=7 opt_step=112 E=0.785 g=0.121 VarTD=0.150425 ret_end=-25.365 dbar_end=0.673 occ_end=0.192 CSR_train=0.000 done_count=125
[upd 130] u=0 upd_ctr=8 opt_step=128 E=0.450 g=0.125 VarTD=0.172162 ret_end=-25.175 dbar_end=0.663 occ_end=0.210 CSR_train=0.000 done_count=100
[upd 140] u=0 upd_ctr=9 opt_step=144 E=0.136 g=0.123 VarTD=0.177358 ret_end=-26.116 dbar_end=0.668 occ_end=0.184 CSR_train=0.000 done_count=125
[upd 150] u=0 upd_ctr=9 opt_step=144 E=0.772 g=0.126 VarTD=0.168348 ret_end=-25.577 dbar_end=0.660 occ_end=0.208 CSR_train=0.000 done_count=125
[upd 160] u=0 upd_ctr=10 opt_step=160 E=0.435 g=0.137 VarTD=0.193248 ret_end=-25.566 dbar_end=0.634 occ_end=0.184 CSR_train=0.000 done_count=125
[upd 170] u=0 upd_ctr=11 opt_step=176 E=0.127 g=0.127 VarTD=0.202589 ret_end=-25.421 dbar_end=0.656 occ_end=0.248 CSR_train=0.000 done_count=125
[upd 180] u=0 upd_ctr=11 opt_step=176 E=0.793 g=0.123 VarTD=0.191040 ret_end=-25.273 dbar_end=0.667 occ_end=0.184 CSR_train=0.000 done_count=125
[upd 190] u=0 upd_ctr=12 opt_step=192 E=0.491 g=0.126 VarTD=0.199818 ret_end=-25.527 dbar_end=0.660 occ_end=0.200 CSR_train=0.000 done_count=125
[upd 200] u=0 upd_ctr=13 opt_step=208 E=0.183 g=0.137 VarTD=0.225871 ret_end=-24.914 dbar_end=0.634 occ_end=0.224 CSR_train=0.000 done_count=125
[upd 210] u=0 upd_ctr=13 opt_step=208 E=0.862 g=0.132 VarTD=0.243273 ret_end=-25.625 dbar_end=0.646 occ_end=0.248 CSR_train=0.000 done_count=125
[upd 220] u=0 upd_ctr=14 opt_step=224 E=0.580 g=0.138 VarTD=0.247513 ret_end=-24.965 dbar_end=0.630 occ_end=0.232 CSR_train=0.000 done_count=125
[upd 230] u=0 upd_ctr=15 opt_step=240 E=0.328 g=0.143 VarTD=0.324004 ret_end=-25.502 dbar_end=0.620 occ_end=0.248 CSR_train=0.000 done_count=125
[upd 240] u=0 upd_ctr=15 opt_step=240 E=1.000 g=0.147 VarTD=0.279210 ret_end=-24.477 dbar_end=0.610 occ_end=0.216 CSR_train=0.000 done_count=125
[upd 250] u=0 upd_ctr=16 opt_step=256 E=0.768 g=0.144 VarTD=0.345484 ret_end=-25.115 dbar_end=0.617 occ_end=0.232 CSR_train=0.000 done_count=125
[upd 260] u=0 upd_ctr=17 opt_step=272 E=0.547 g=0.154 VarTD=0.327177 ret_end=-23.826 dbar_end=0.596 occ_end=0.270 CSR_train=0.000 done_count=100
[upd 270] u=0 upd_ctr=18 opt_step=288 E=0.378 g=0.175 VarTD=0.468758 ret_end=-24.260 dbar_end=0.555 occ_end=0.352 CSR_train=0.000 done_count=125
[upd 280] u=0 upd_ctr=19 opt_step=304 E=0.207 g=0.156 VarTD=0.529192 ret_end=-24.232 dbar_end=0.592 occ_end=0.264 CSR_train=0.000 done_count=125
[upd 290] u=0 upd_ctr=19 opt_step=304 E=1.000 g=0.166 VarTD=0.530940 ret_end=-24.110 dbar_end=0.571 occ_end=0.296 CSR_train=0.000 done_count=125
[upd 300] u=0 upd_ctr=20 opt_step=320 E=0.867 g=0.177 VarTD=0.614406 ret_end=-24.056 dbar_end=0.551 occ_end=0.344 CSR_train=0.000 done_count=125
[upd 310] u=0 upd_ctr=21 opt_step=336 E=0.741 g=0.150 VarTD=0.683850 ret_end=-25.198 dbar_end=0.604 occ_end=0.304 CSR_train=0.000 done_count=125
[Gate5 check] update_counter violations: t0=0 diffs=0
[Gate5 check] opt_step violations: t0=0 diffs=0 (expected_inc=16)
[Gate5 check] NaN masking: nan_on_skip=True finite_on_update=True
[Gate5 summary] mean_update_fraction=0.0673 final_executed_updates_mean=21.00
[Gate5 eval] done_count mean=100.0 CSR mean=0.0100 len_end_mean=26.00
[Gate5 eval] episodes_per_env=4 T_eval=104
[Gate5 eval-debug] locked_eps_occ=0.20 pre(step25): dbar_end=0.505841 occupied_end_mean=0.400000 max_tilde_end_mean=0.726580 CSR@locked=0.020000
[Gate5 eval-debug] locked_eps_occ=0.20 post(step26): dbar_end=0.508214 occupied_end_mean=0.340000 max_tilde_end_mean=0.716917 CSR@locked=0.010000
[Gate5 eval-debug] CSR_pre@0.10=0.0000 CSR_pre@0.15=0.0100 CSR_pre@0.20=0.0200 CSR_pre@0.25=0.0200 CSR_pre@0.30=0.0300
[Gate5 eval-debug] CSR_post@0.10=0.0000 CSR_post@0.15=0.0000 CSR_post@0.20=0.0100 CSR_post@0.25=0.0200 CSR_post@0.30=0.0700
