Importing submoduled environments...
Submoduled environments not found. Skipping import.
[upd 0] u=1 upd_ctr=1 opt_step=16 E=0.119 g=0.094 VarTD=0.156314 ret_end=-27.700 dbar_end=0.751 occ_end=0.180 CSR_train=0.010 done_count=100
[upd 10] u=0 upd_ctr=1 opt_step=16 E=0.311 g=0.106 VarTD=0.133782 ret_end=-25.939 dbar_end=0.713 occ_end=0.168 CSR_train=0.000 done_count=125
[upd 20] u=0 upd_ctr=1 opt_step=16 E=0.501 g=0.101 VarTD=0.146338 ret_end=-26.754 dbar_end=0.732 occ_end=0.200 CSR_train=0.000 done_count=125
[upd 30] u=0 upd_ctr=1 opt_step=16 E=0.687 g=0.095 VarTD=0.156251 ret_end=-27.758 dbar_end=0.748 occ_end=0.152 CSR_train=0.000 done_count=125
[upd 40] u=0 upd_ctr=1 opt_step=16 E=0.875 g=0.086 VarTD=0.142918 ret_end=-27.805 dbar_end=0.782 occ_end=0.160 CSR_train=0.000 done_count=125
[upd 50] u=0 upd_ctr=2 opt_step=32 E=0.172 g=0.108 VarTD=0.142002 ret_end=-26.694 dbar_end=0.708 occ_end=0.200 CSR_train=0.000 done_count=125
[upd 60] u=0 upd_ctr=2 opt_step=32 E=0.376 g=0.105 VarTD=0.140684 ret_end=-25.837 dbar_end=0.717 occ_end=0.200 CSR_train=0.000 done_count=125
[upd 70] u=0 upd_ctr=2 opt_step=32 E=0.579 g=0.110 VarTD=0.125175 ret_end=-25.757 dbar_end=0.704 occ_end=0.128 CSR_train=0.000 done_count=125
[upd 80] u=0 upd_ctr=2 opt_step=32 E=0.781 g=0.106 VarTD=0.151342 ret_end=-27.332 dbar_end=0.715 occ_end=0.144 CSR_train=0.000 done_count=125
[upd 90] u=0 upd_ctr=3 opt_step=48 E=0.086 g=0.098 VarTD=0.129426 ret_end=-26.388 dbar_end=0.741 occ_end=0.192 CSR_train=0.000 done_count=125
[upd 100] u=0 upd_ctr=3 opt_step=48 E=0.297 g=0.115 VarTD=0.128509 ret_end=-26.340 dbar_end=0.689 occ_end=0.160 CSR_train=0.000 done_count=125
[upd 110] u=0 upd_ctr=3 opt_step=48 E=0.516 g=0.127 VarTD=0.104371 ret_end=-24.637 dbar_end=0.658 occ_end=0.152 CSR_train=0.000 done_count=125
[upd 120] u=0 upd_ctr=3 opt_step=48 E=0.732 g=0.112 VarTD=0.139498 ret_end=-26.269 dbar_end=0.698 occ_end=0.192 CSR_train=0.000 done_count=125
[upd 130] u=0 upd_ctr=4 opt_step=64 E=0.054 g=0.118 VarTD=0.135659 ret_end=-25.874 dbar_end=0.680 occ_end=0.240 CSR_train=0.000 done_count=100
[upd 140] u=0 upd_ctr=4 opt_step=64 E=0.280 g=0.107 VarTD=0.178328 ret_end=-27.118 dbar_end=0.713 occ_end=0.128 CSR_train=0.000 done_count=125
[upd 150] u=0 upd_ctr=4 opt_step=64 E=0.514 g=0.112 VarTD=0.146312 ret_end=-26.410 dbar_end=0.698 occ_end=0.232 CSR_train=0.000 done_count=125
[upd 160] u=0 upd_ctr=4 opt_step=64 E=0.740 g=0.116 VarTD=0.132476 ret_end=-25.903 dbar_end=0.687 occ_end=0.168 CSR_train=0.000 done_count=125
[upd 170] u=0 upd_ctr=5 opt_step=80 E=0.072 g=0.120 VarTD=0.128213 ret_end=-26.068 dbar_end=0.676 occ_end=0.168 CSR_train=0.000 done_count=125
[upd 180] u=0 upd_ctr=5 opt_step=80 E=0.314 g=0.118 VarTD=0.145686 ret_end=-27.047 dbar_end=0.680 occ_end=0.120 CSR_train=0.000 done_count=125
[upd 190] u=0 upd_ctr=5 opt_step=80 E=0.548 g=0.120 VarTD=0.140337 ret_end=-26.359 dbar_end=0.675 occ_end=0.208 CSR_train=0.000 done_count=125
[upd 200] u=0 upd_ctr=5 opt_step=80 E=0.781 g=0.112 VarTD=0.156509 ret_end=-26.608 dbar_end=0.696 occ_end=0.176 CSR_train=0.000 done_count=125
[upd 210] u=0 upd_ctr=6 opt_step=96 E=0.122 g=0.140 VarTD=0.143665 ret_end=-25.326 dbar_end=0.625 occ_end=0.288 CSR_train=0.000 done_count=125
[upd 220] u=0 upd_ctr=6 opt_step=96 E=0.370 g=0.126 VarTD=0.133703 ret_end=-25.697 dbar_end=0.661 occ_end=0.200 CSR_train=0.000 done_count=125
[upd 230] u=0 upd_ctr=6 opt_step=96 E=0.625 g=0.132 VarTD=0.138406 ret_end=-25.289 dbar_end=0.644 occ_end=0.240 CSR_train=0.000 done_count=125
[upd 240] u=0 upd_ctr=6 opt_step=96 E=0.865 g=0.131 VarTD=0.123656 ret_end=-25.449 dbar_end=0.647 occ_end=0.160 CSR_train=0.000 done_count=125
[upd 250] u=0 upd_ctr=7 opt_step=112 E=0.220 g=0.132 VarTD=0.137421 ret_end=-25.352 dbar_end=0.645 occ_end=0.248 CSR_train=0.000 done_count=125
[upd 260] u=0 upd_ctr=7 opt_step=112 E=0.481 g=0.137 VarTD=0.145603 ret_end=-25.210 dbar_end=0.634 occ_end=0.220 CSR_train=0.000 done_count=100
[upd 270] u=0 upd_ctr=7 opt_step=112 E=0.731 g=0.122 VarTD=0.159741 ret_end=-25.583 dbar_end=0.669 occ_end=0.200 CSR_train=0.000 done_count=125
[upd 280] u=0 upd_ctr=8 opt_step=128 E=0.085 g=0.116 VarTD=0.148330 ret_end=-26.297 dbar_end=0.685 occ_end=0.224 CSR_train=0.000 done_count=125
[upd 290] u=0 upd_ctr=8 opt_step=128 E=0.344 g=0.135 VarTD=0.147907 ret_end=-25.042 dbar_end=0.637 occ_end=0.232 CSR_train=0.000 done_count=125
[upd 300] u=0 upd_ctr=8 opt_step=128 E=0.614 g=0.135 VarTD=0.132262 ret_end=-26.135 dbar_end=0.637 occ_end=0.224 CSR_train=0.000 done_count=125
[upd 310] u=0 upd_ctr=8 opt_step=128 E=0.884 g=0.126 VarTD=0.131914 ret_end=-25.043 dbar_end=0.660 occ_end=0.216 CSR_train=0.000 done_count=125
[Gate5 check] update_counter violations: t0=0 diffs=0
[Gate5 check] opt_step violations: t0=0 diffs=0 (expected_inc=16)
[Gate5 check] NaN masking: nan_on_skip=True finite_on_update=True
[Gate5 summary] mean_update_fraction=0.0256 final_executed_updates_mean=8.00
[Gate5 eval] done_count mean=100.0 CSR mean=0.0000 len_end_mean=26.00
[Gate5 eval] episodes_per_env=4 T_eval=104
[Gate5 eval-debug] locked_eps_occ=0.20 pre(step25): dbar_end=0.528630 occupied_end_mean=0.380000 max_tilde_end_mean=0.766390 CSR@locked=0.000000
[Gate5 eval-debug] locked_eps_occ=0.20 post(step26): dbar_end=0.533529 occupied_end_mean=0.340000 max_tilde_end_mean=0.769323 CSR@locked=0.000000
[Gate5 eval-debug] CSR_pre@0.10=0.0000 CSR_pre@0.15=0.0000 CSR_pre@0.20=0.0000 CSR_pre@0.25=0.0100 CSR_pre@0.30=0.0300
[Gate5 eval-debug] CSR_post@0.10=0.0000 CSR_post@0.15=0.0000 CSR_post@0.20=0.0000 CSR_post@0.25=0.0100 CSR_post@0.30=0.0100
