Importing submoduled environments...
Submoduled environments not found. Skipping import.
[upd 0] u=1 upd_ctr=1 opt_step=16 E=0.068 g=0.097 VarTD=0.135831 ret_end=-26.760 dbar_end=0.743 occ_end=0.210 CSR_train=0.000 done_count=100
[upd 10] u=0 upd_ctr=1 opt_step=16 E=0.731 g=0.103 VarTD=0.167736 ret_end=-26.060 dbar_end=0.724 occ_end=0.152 CSR_train=0.000 done_count=125
[upd 20] u=0 upd_ctr=2 opt_step=32 E=0.335 g=0.089 VarTD=0.161367 ret_end=-27.313 dbar_end=0.770 occ_end=0.168 CSR_train=0.000 done_count=125
[upd 30] u=0 upd_ctr=2 opt_step=32 E=1.000 g=0.100 VarTD=0.197180 ret_end=-26.750 dbar_end=0.735 occ_end=0.200 CSR_train=0.008 done_count=125
[upd 40] u=0 upd_ctr=3 opt_step=48 E=0.729 g=0.111 VarTD=0.134210 ret_end=-25.940 dbar_end=0.701 occ_end=0.216 CSR_train=0.000 done_count=125
[upd 50] u=0 upd_ctr=4 opt_step=64 E=0.463 g=0.103 VarTD=0.142445 ret_end=-26.493 dbar_end=0.724 occ_end=0.176 CSR_train=0.000 done_count=125
[upd 60] u=0 upd_ctr=5 opt_step=80 E=0.158 g=0.112 VarTD=0.122882 ret_end=-26.829 dbar_end=0.697 occ_end=0.248 CSR_train=0.000 done_count=125
[upd 70] u=0 upd_ctr=5 opt_step=80 E=1.000 g=0.116 VarTD=0.112042 ret_end=-26.137 dbar_end=0.685 occ_end=0.128 CSR_train=0.000 done_count=125
[upd 80] u=0 upd_ctr=6 opt_step=96 E=0.870 g=0.130 VarTD=0.112927 ret_end=-25.378 dbar_end=0.649 occ_end=0.288 CSR_train=0.000 done_count=125
[upd 90] u=0 upd_ctr=7 opt_step=112 E=0.709 g=0.125 VarTD=0.105599 ret_end=-26.220 dbar_end=0.662 occ_end=0.192 CSR_train=0.000 done_count=125
[upd 100] u=0 upd_ctr=8 opt_step=128 E=0.544 g=0.127 VarTD=0.133251 ret_end=-25.936 dbar_end=0.657 occ_end=0.240 CSR_train=0.000 done_count=125
[upd 110] u=0 upd_ctr=9 opt_step=144 E=0.476 g=0.151 VarTD=0.122906 ret_end=-23.725 dbar_end=0.603 occ_end=0.296 CSR_train=0.000 done_count=125
[upd 120] u=0 upd_ctr=10 opt_step=160 E=0.400 g=0.156 VarTD=0.139837 ret_end=-24.207 dbar_end=0.591 occ_end=0.232 CSR_train=0.000 done_count=125
[upd 130] u=0 upd_ctr=11 opt_step=176 E=0.292 g=0.143 VarTD=0.141222 ret_end=-24.744 dbar_end=0.618 occ_end=0.200 CSR_train=0.000 done_count=100
[upd 140] u=0 upd_ctr=12 opt_step=192 E=0.302 g=0.141 VarTD=0.200047 ret_end=-25.432 dbar_end=0.625 occ_end=0.216 CSR_train=0.000 done_count=125
[upd 150] u=0 upd_ctr=13 opt_step=208 E=0.330 g=0.163 VarTD=0.197182 ret_end=-24.271 dbar_end=0.578 occ_end=0.264 CSR_train=0.000 done_count=125
[upd 160] u=0 upd_ctr=14 opt_step=224 E=0.333 g=0.157 VarTD=0.223600 ret_end=-24.584 dbar_end=0.589 occ_end=0.344 CSR_train=0.008 done_count=125
[upd 170] u=0 upd_ctr=15 opt_step=240 E=0.320 g=0.157 VarTD=0.258066 ret_end=-24.118 dbar_end=0.589 occ_end=0.224 CSR_train=0.000 done_count=125
[upd 180] u=0 upd_ctr=16 opt_step=256 E=0.354 g=0.162 VarTD=0.289358 ret_end=-24.218 dbar_end=0.579 occ_end=0.240 CSR_train=0.000 done_count=125
[upd 190] u=0 upd_ctr=17 opt_step=272 E=0.477 g=0.175 VarTD=0.345322 ret_end=-23.328 dbar_end=0.556 occ_end=0.328 CSR_train=0.000 done_count=125
[upd 200] u=0 upd_ctr=18 opt_step=288 E=0.607 g=0.175 VarTD=0.453050 ret_end=-24.574 dbar_end=0.555 occ_end=0.312 CSR_train=0.000 done_count=125
[upd 210] u=0 upd_ctr=19 opt_step=304 E=0.728 g=0.164 VarTD=0.496087 ret_end=-24.645 dbar_end=0.575 occ_end=0.280 CSR_train=0.000 done_count=125
[upd 220] u=0 upd_ctr=20 opt_step=320 E=0.868 g=0.179 VarTD=0.613765 ret_end=-23.650 dbar_end=0.547 occ_end=0.288 CSR_train=0.000 done_count=125
[upd 230] u=0 upd_ctr=21 opt_step=336 E=0.971 g=0.164 VarTD=0.648022 ret_end=-23.177 dbar_end=0.576 occ_end=0.264 CSR_train=0.000 done_count=125
[upd 240] u=1 upd_ctr=23 opt_step=368 E=0.124 g=0.177 VarTD=0.762991 ret_end=-23.090 dbar_end=0.551 occ_end=0.368 CSR_train=0.000 done_count=125
[upd 250] u=0 upd_ctr=24 opt_step=384 E=0.250 g=0.178 VarTD=1.015792 ret_end=-23.799 dbar_end=0.550 occ_end=0.320 CSR_train=0.000 done_count=125
[upd 260] u=0 upd_ctr=25 opt_step=400 E=0.514 g=0.185 VarTD=0.923622 ret_end=-22.938 dbar_end=0.537 occ_end=0.260 CSR_train=0.000 done_count=100
[upd 270] u=0 upd_ctr=26 opt_step=416 E=0.657 g=0.190 VarTD=1.244297 ret_end=-22.232 dbar_end=0.529 occ_end=0.296 CSR_train=0.000 done_count=125
[upd 280] u=0 upd_ctr=27 opt_step=432 E=0.876 g=0.171 VarTD=1.400631 ret_end=-23.607 dbar_end=0.562 occ_end=0.264 CSR_train=0.000 done_count=125
[upd 290] u=1 upd_ctr=29 opt_step=464 E=0.119 g=0.170 VarTD=1.532656 ret_end=-23.093 dbar_end=0.564 occ_end=0.304 CSR_train=0.000 done_count=125
[upd 300] u=0 upd_ctr=30 opt_step=480 E=0.366 g=0.173 VarTD=1.771665 ret_end=-23.551 dbar_end=0.559 occ_end=0.280 CSR_train=0.000 done_count=125
[upd 310] u=0 upd_ctr=31 opt_step=496 E=0.676 g=0.196 VarTD=1.984120 ret_end=-22.933 dbar_end=0.520 occ_end=0.328 CSR_train=0.000 done_count=125
[Gate5 check] update_counter violations: t0=0 diffs=0
[Gate5 check] opt_step violations: t0=0 diffs=0 (expected_inc=16)
[Gate5 check] NaN masking: nan_on_skip=True finite_on_update=True
[Gate5 summary] mean_update_fraction=0.0994 final_executed_updates_mean=31.00
[Gate5 eval] done_count mean=100.0 CSR mean=0.0100 len_end_mean=26.00
[Gate5 eval] episodes_per_env=4 T_eval=104
[Gate5 eval-debug] locked_eps_occ=0.20 pre(step25): dbar_end=0.475873 occupied_end_mean=0.430000 max_tilde_end_mean=0.683838 CSR@locked=0.000000
[Gate5 eval-debug] locked_eps_occ=0.20 post(step26): dbar_end=0.475642 occupied_end_mean=0.420000 max_tilde_end_mean=0.681125 CSR@locked=0.010000
[Gate5 eval-debug] CSR_pre@0.10=0.0000 CSR_pre@0.15=0.0000 CSR_pre@0.20=0.0000 CSR_pre@0.25=0.0100 CSR_pre@0.30=0.0200
[Gate5 eval-debug] CSR_post@0.10=0.0000 CSR_post@0.15=0.0000 CSR_post@0.20=0.0100 CSR_post@0.25=0.0200 CSR_post@0.30=0.0300
