Importing submoduled environments...
Submoduled environments not found. Skipping import.
[upd 0] u=1 upd_ctr=1 opt_step=16 E=0.109 g=0.084 VarTD=0.159484 ret_end=-27.958 dbar_end=0.788 occ_end=0.180 CSR_train=0.000 done_count=100
[upd 10] u=0 upd_ctr=1 opt_step=16 E=0.759 g=0.095 VarTD=0.154696 ret_end=-26.642 dbar_end=0.751 occ_end=0.136 CSR_train=0.000 done_count=125
[upd 20] u=0 upd_ctr=2 opt_step=32 E=0.462 g=0.095 VarTD=0.132052 ret_end=-26.443 dbar_end=0.749 occ_end=0.192 CSR_train=0.000 done_count=125
[upd 30] u=0 upd_ctr=3 opt_step=48 E=0.167 g=0.100 VarTD=0.163162 ret_end=-26.765 dbar_end=0.734 occ_end=0.184 CSR_train=0.000 done_count=125
[upd 40] u=0 upd_ctr=3 opt_step=48 E=0.848 g=0.101 VarTD=0.149683 ret_end=-27.249 dbar_end=0.731 occ_end=0.216 CSR_train=0.000 done_count=125
[upd 50] u=0 upd_ctr=4 opt_step=64 E=0.620 g=0.102 VarTD=0.136180 ret_end=-26.769 dbar_end=0.726 occ_end=0.144 CSR_train=0.000 done_count=125
[upd 60] u=0 upd_ctr=5 opt_step=80 E=0.406 g=0.107 VarTD=0.137254 ret_end=-27.047 dbar_end=0.712 occ_end=0.176 CSR_train=0.000 done_count=125
[upd 70] u=0 upd_ctr=6 opt_step=96 E=0.179 g=0.101 VarTD=0.172290 ret_end=-27.377 dbar_end=0.732 occ_end=0.112 CSR_train=0.000 done_count=125
[upd 80] u=0 upd_ctr=6 opt_step=96 E=0.954 g=0.115 VarTD=0.127435 ret_end=-25.718 dbar_end=0.690 occ_end=0.144 CSR_train=0.000 done_count=125
[upd 90] u=0 upd_ctr=7 opt_step=112 E=0.784 g=0.106 VarTD=0.129275 ret_end=-26.529 dbar_end=0.715 occ_end=0.168 CSR_train=0.000 done_count=125
[upd 100] u=0 upd_ctr=8 opt_step=128 E=0.600 g=0.124 VarTD=0.128765 ret_end=-25.208 dbar_end=0.665 occ_end=0.216 CSR_train=0.000 done_count=125
[upd 110] u=0 upd_ctr=9 opt_step=144 E=0.471 g=0.138 VarTD=0.147681 ret_end=-24.749 dbar_end=0.631 occ_end=0.256 CSR_train=0.000 done_count=125
[upd 120] u=0 upd_ctr=10 opt_step=160 E=0.353 g=0.128 VarTD=0.154851 ret_end=-25.047 dbar_end=0.655 occ_end=0.152 CSR_train=0.000 done_count=125
[upd 130] u=0 upd_ctr=11 opt_step=176 E=0.293 g=0.135 VarTD=0.159902 ret_end=-25.432 dbar_end=0.638 occ_end=0.210 CSR_train=0.000 done_count=100
[upd 140] u=0 upd_ctr=12 opt_step=192 E=0.227 g=0.132 VarTD=0.186632 ret_end=-24.988 dbar_end=0.644 occ_end=0.152 CSR_train=0.000 done_count=125
[upd 150] u=1 upd_ctr=13 opt_step=208 E=0.142 g=0.132 VarTD=0.202134 ret_end=-25.556 dbar_end=0.646 occ_end=0.248 CSR_train=0.000 done_count=125
[upd 160] u=1 upd_ctr=14 opt_step=224 E=0.127 g=0.133 VarTD=0.196613 ret_end=-23.899 dbar_end=0.642 occ_end=0.144 CSR_train=0.000 done_count=125
[upd 170] u=0 upd_ctr=14 opt_step=224 E=1.000 g=0.127 VarTD=0.243906 ret_end=-25.774 dbar_end=0.657 occ_end=0.176 CSR_train=0.000 done_count=125
[upd 180] u=0 upd_ctr=15 opt_step=240 E=0.963 g=0.132 VarTD=0.285650 ret_end=-24.669 dbar_end=0.646 occ_end=0.144 CSR_train=0.000 done_count=125
[upd 190] u=0 upd_ctr=16 opt_step=256 E=0.959 g=0.135 VarTD=0.341066 ret_end=-25.652 dbar_end=0.637 occ_end=0.232 CSR_train=0.000 done_count=125
[upd 200] u=0 upd_ctr=17 opt_step=272 E=0.990 g=0.145 VarTD=0.371196 ret_end=-23.937 dbar_end=0.615 occ_end=0.256 CSR_train=0.000 done_count=125
[upd 210] u=0 upd_ctr=18 opt_step=288 E=1.000 g=0.154 VarTD=0.440633 ret_end=-24.675 dbar_end=0.596 occ_end=0.296 CSR_train=0.000 done_count=125
[upd 220] u=1 upd_ctr=20 opt_step=320 E=0.133 g=0.160 VarTD=0.478616 ret_end=-23.554 dbar_end=0.584 occ_end=0.264 CSR_train=0.000 done_count=125
[upd 230] u=0 upd_ctr=21 opt_step=336 E=0.192 g=0.126 VarTD=0.676986 ret_end=-25.878 dbar_end=0.660 occ_end=0.136 CSR_train=0.000 done_count=125
[upd 240] u=0 upd_ctr=22 opt_step=352 E=0.266 g=0.153 VarTD=0.749103 ret_end=-24.611 dbar_end=0.597 occ_end=0.248 CSR_train=0.000 done_count=125
[upd 250] u=0 upd_ctr=23 opt_step=368 E=0.341 g=0.142 VarTD=0.854483 ret_end=-25.116 dbar_end=0.621 occ_end=0.256 CSR_train=0.000 done_count=125
[upd 260] u=0 upd_ctr=24 opt_step=384 E=0.433 g=0.144 VarTD=0.791072 ret_end=-25.330 dbar_end=0.617 occ_end=0.290 CSR_train=0.000 done_count=100
[upd 270] u=0 upd_ctr=25 opt_step=400 E=0.539 g=0.162 VarTD=1.091062 ret_end=-23.911 dbar_end=0.580 occ_end=0.288 CSR_train=0.000 done_count=125
[upd 280] u=0 upd_ctr=26 opt_step=416 E=0.647 g=0.160 VarTD=1.288594 ret_end=-24.215 dbar_end=0.584 occ_end=0.280 CSR_train=0.000 done_count=125
[upd 290] u=0 upd_ctr=27 opt_step=432 E=0.801 g=0.170 VarTD=1.332868 ret_end=-24.033 dbar_end=0.564 occ_end=0.320 CSR_train=0.000 done_count=125
[upd 300] u=0 upd_ctr=28 opt_step=448 E=0.917 g=0.153 VarTD=1.485902 ret_end=-24.541 dbar_end=0.598 occ_end=0.224 CSR_train=0.000 done_count=125
[upd 310] u=1 upd_ctr=30 opt_step=480 E=0.128 g=0.154 VarTD=1.630168 ret_end=-24.386 dbar_end=0.595 occ_end=0.264 CSR_train=0.000 done_count=125
[Gate5 check] update_counter violations: t0=0 diffs=0
[Gate5 check] opt_step violations: t0=0 diffs=0 (expected_inc=16)
[Gate5 check] NaN masking: nan_on_skip=True finite_on_update=True
[Gate5 summary] mean_update_fraction=0.0962 final_executed_updates_mean=30.00
[Gate5 eval] done_count mean=100.0 CSR mean=0.0000 len_end_mean=26.00
[Gate5 eval] episodes_per_env=4 T_eval=104
[Gate5 eval-debug] locked_eps_occ=0.20 pre(step25): dbar_end=0.501451 occupied_end_mean=0.410000 max_tilde_end_mean=0.715324 CSR@locked=0.000000
[Gate5 eval-debug] locked_eps_occ=0.20 post(step26): dbar_end=0.499011 occupied_end_mean=0.380000 max_tilde_end_mean=0.722898 CSR@locked=0.000000
[Gate5 eval-debug] CSR_pre@0.10=0.0000 CSR_pre@0.15=0.0000 CSR_pre@0.20=0.0000 CSR_pre@0.25=0.0000 CSR_pre@0.30=0.0100
[Gate5 eval-debug] CSR_post@0.10=0.0000 CSR_post@0.15=0.0000 CSR_post@0.20=0.0000 CSR_post@0.25=0.0000 CSR_post@0.30=0.0100
