Importing submoduled environments...
Submoduled environments not found. Skipping import.
[upd 0] u=1 upd_ctr=1 opt_step=16 E=0.147 g=0.094 VarTD=0.156314 ret_end=-27.700 dbar_end=0.751 occ_end=0.180 CSR_train=0.010 done_count=100
[upd 10] u=0 upd_ctr=1 opt_step=16 E=0.628 g=0.106 VarTD=0.133782 ret_end=-25.939 dbar_end=0.713 occ_end=0.168 CSR_train=0.000 done_count=125
[upd 20] u=0 upd_ctr=2 opt_step=32 E=0.210 g=0.108 VarTD=0.138069 ret_end=-26.440 dbar_end=0.710 occ_end=0.200 CSR_train=0.000 done_count=125
[upd 30] u=0 upd_ctr=2 opt_step=32 E=0.698 g=0.100 VarTD=0.151341 ret_end=-27.461 dbar_end=0.734 occ_end=0.136 CSR_train=0.000 done_count=125
[upd 40] u=0 upd_ctr=3 opt_step=48 E=0.311 g=0.095 VarTD=0.143065 ret_end=-27.222 dbar_end=0.750 occ_end=0.160 CSR_train=0.000 done_count=125
[upd 50] u=0 upd_ctr=3 opt_step=48 E=0.836 g=0.112 VarTD=0.147048 ret_end=-26.584 dbar_end=0.697 occ_end=0.200 CSR_train=0.000 done_count=125
[upd 60] u=0 upd_ctr=4 opt_step=64 E=0.473 g=0.105 VarTD=0.158708 ret_end=-25.846 dbar_end=0.718 occ_end=0.144 CSR_train=0.000 done_count=125
[upd 70] u=0 upd_ctr=5 opt_step=80 E=0.121 g=0.116 VarTD=0.127535 ret_end=-25.352 dbar_end=0.686 occ_end=0.104 CSR_train=0.000 done_count=125
[upd 80] u=0 upd_ctr=5 opt_step=80 E=0.655 g=0.114 VarTD=0.157990 ret_end=-26.879 dbar_end=0.691 occ_end=0.152 CSR_train=0.000 done_count=125
[upd 90] u=0 upd_ctr=6 opt_step=96 E=0.301 g=0.104 VarTD=0.127014 ret_end=-26.060 dbar_end=0.721 occ_end=0.184 CSR_train=0.000 done_count=125
[upd 100] u=0 upd_ctr=6 opt_step=96 E=0.846 g=0.116 VarTD=0.137372 ret_end=-26.308 dbar_end=0.686 occ_end=0.160 CSR_train=0.000 done_count=125
[upd 110] u=0 upd_ctr=7 opt_step=112 E=0.529 g=0.133 VarTD=0.110978 ret_end=-24.310 dbar_end=0.642 occ_end=0.240 CSR_train=0.000 done_count=125
[upd 120] u=0 upd_ctr=8 opt_step=128 E=0.222 g=0.131 VarTD=0.154343 ret_end=-25.414 dbar_end=0.648 occ_end=0.160 CSR_train=0.000 done_count=125
[upd 130] u=0 upd_ctr=8 opt_step=128 E=0.834 g=0.128 VarTD=0.160919 ret_end=-25.572 dbar_end=0.654 occ_end=0.250 CSR_train=0.000 done_count=100
[upd 140] u=0 upd_ctr=9 opt_step=144 E=0.540 g=0.122 VarTD=0.195143 ret_end=-26.433 dbar_end=0.670 occ_end=0.200 CSR_train=0.000 done_count=125
[upd 150] u=0 upd_ctr=10 opt_step=160 E=0.272 g=0.116 VarTD=0.181328 ret_end=-26.110 dbar_end=0.685 occ_end=0.176 CSR_train=0.000 done_count=125
[upd 160] u=0 upd_ctr=10 opt_step=160 E=0.900 g=0.132 VarTD=0.155982 ret_end=-25.238 dbar_end=0.644 occ_end=0.168 CSR_train=0.000 done_count=125
[upd 170] u=0 upd_ctr=11 opt_step=176 E=0.651 g=0.126 VarTD=0.172302 ret_end=-25.833 dbar_end=0.659 occ_end=0.200 CSR_train=0.000 done_count=125
[upd 180] u=0 upd_ctr=12 opt_step=192 E=0.414 g=0.132 VarTD=0.207837 ret_end=-26.349 dbar_end=0.644 occ_end=0.192 CSR_train=0.000 done_count=125
[upd 190] u=0 upd_ctr=13 opt_step=208 E=0.147 g=0.133 VarTD=0.223877 ret_end=-25.835 dbar_end=0.642 occ_end=0.224 CSR_train=0.000 done_count=125
[upd 200] u=0 upd_ctr=13 opt_step=208 E=0.811 g=0.129 VarTD=0.234834 ret_end=-26.014 dbar_end=0.652 occ_end=0.192 CSR_train=0.000 done_count=125
[upd 210] u=0 upd_ctr=14 opt_step=224 E=0.580 g=0.144 VarTD=0.256459 ret_end=-24.951 dbar_end=0.618 occ_end=0.248 CSR_train=0.008 done_count=125
[upd 220] u=0 upd_ctr=15 opt_step=240 E=0.363 g=0.142 VarTD=0.298282 ret_end=-24.832 dbar_end=0.621 occ_end=0.256 CSR_train=0.000 done_count=125
[upd 230] u=0 upd_ctr=16 opt_step=256 E=0.146 g=0.143 VarTD=0.340697 ret_end=-24.865 dbar_end=0.620 occ_end=0.256 CSR_train=0.000 done_count=125
[upd 240] u=0 upd_ctr=16 opt_step=256 E=0.820 g=0.139 VarTD=0.336183 ret_end=-24.906 dbar_end=0.629 occ_end=0.152 CSR_train=0.000 done_count=125
[upd 250] u=0 upd_ctr=17 opt_step=272 E=0.623 g=0.143 VarTD=0.395641 ret_end=-24.583 dbar_end=0.619 occ_end=0.224 CSR_train=0.000 done_count=125
[upd 260] u=0 upd_ctr=18 opt_step=288 E=0.453 g=0.153 VarTD=0.432392 ret_end=-24.364 dbar_end=0.598 occ_end=0.230 CSR_train=0.000 done_count=100
[upd 270] u=0 upd_ctr=19 opt_step=304 E=0.254 g=0.137 VarTD=0.558937 ret_end=-24.868 dbar_end=0.633 occ_end=0.208 CSR_train=0.000 done_count=125
[upd 280] u=1 upd_ctr=20 opt_step=320 E=0.080 g=0.121 VarTD=0.532363 ret_end=-25.938 dbar_end=0.673 occ_end=0.224 CSR_train=0.000 done_count=125
[upd 290] u=0 upd_ctr=20 opt_step=320 E=0.805 g=0.145 VarTD=0.640039 ret_end=-24.687 dbar_end=0.614 occ_end=0.200 CSR_train=0.000 done_count=125
[upd 300] u=0 upd_ctr=21 opt_step=336 E=0.664 g=0.151 VarTD=0.739361 ret_end=-25.323 dbar_end=0.603 occ_end=0.264 CSR_train=0.000 done_count=125
[upd 310] u=0 upd_ctr=22 opt_step=352 E=0.549 g=0.153 VarTD=0.813363 ret_end=-24.184 dbar_end=0.597 occ_end=0.248 CSR_train=0.000 done_count=125
[Gate5 check] update_counter violations: t0=0 diffs=0
[Gate5 check] opt_step violations: t0=0 diffs=0 (expected_inc=16)
[Gate5 check] NaN masking: nan_on_skip=True finite_on_update=True
[Gate5 summary] mean_update_fraction=0.0705 final_executed_updates_mean=22.00
[Gate5 eval] done_count mean=100.0 CSR mean=0.0000 len_end_mean=26.00
[Gate5 eval] episodes_per_env=4 T_eval=104
[Gate5 eval-debug] locked_eps_occ=0.20 pre(step25): dbar_end=0.504923 occupied_end_mean=0.410000 max_tilde_end_mean=0.714210 CSR@locked=0.000000
[Gate5 eval-debug] locked_eps_occ=0.20 post(step26): dbar_end=0.506195 occupied_end_mean=0.390000 max_tilde_end_mean=0.713071 CSR@locked=0.000000
[Gate5 eval-debug] CSR_pre@0.10=0.0000 CSR_pre@0.15=0.0000 CSR_pre@0.20=0.0000 CSR_pre@0.25=0.0100 CSR_pre@0.30=0.0200
[Gate5 eval-debug] CSR_post@0.10=0.0000 CSR_post@0.15=0.0000 CSR_post@0.20=0.0000 CSR_post@0.25=0.0100 CSR_post@0.30=0.0200
