Importing submoduled environments...
Submoduled environments not found. Skipping import.
[upd 0] u=1 upd_ctr=1 opt_step=16 E=0.136 g=0.089 VarTD=0.203202 ret_end=-28.238 dbar_end=0.769 occ_end=0.170 CSR_train=0.000 done_count=100
[upd 10] u=0 upd_ctr=1 opt_step=16 E=0.516 g=0.094 VarTD=0.178732 ret_end=-27.407 dbar_end=0.753 occ_end=0.200 CSR_train=0.000 done_count=125
[upd 20] u=0 upd_ctr=1 opt_step=16 E=0.888 g=0.089 VarTD=0.146078 ret_end=-28.353 dbar_end=0.769 occ_end=0.176 CSR_train=0.000 done_count=125
[upd 30] u=0 upd_ctr=2 opt_step=32 E=0.359 g=0.099 VarTD=0.157188 ret_end=-27.302 dbar_end=0.737 occ_end=0.224 CSR_train=0.000 done_count=125
[upd 40] u=0 upd_ctr=2 opt_step=32 E=0.763 g=0.105 VarTD=0.147579 ret_end=-26.199 dbar_end=0.718 occ_end=0.192 CSR_train=0.000 done_count=125
[upd 50] u=0 upd_ctr=3 opt_step=48 E=0.277 g=0.099 VarTD=0.171022 ret_end=-26.707 dbar_end=0.736 occ_end=0.088 CSR_train=0.000 done_count=125
[upd 60] u=0 upd_ctr=3 opt_step=48 E=0.686 g=0.107 VarTD=0.144087 ret_end=-26.889 dbar_end=0.713 occ_end=0.144 CSR_train=0.000 done_count=125
[upd 70] u=0 upd_ctr=4 opt_step=64 E=0.212 g=0.102 VarTD=0.149870 ret_end=-26.851 dbar_end=0.728 occ_end=0.200 CSR_train=0.000 done_count=125
[upd 80] u=0 upd_ctr=4 opt_step=64 E=0.634 g=0.107 VarTD=0.155841 ret_end=-25.673 dbar_end=0.712 occ_end=0.176 CSR_train=0.000 done_count=125
[upd 90] u=0 upd_ctr=5 opt_step=80 E=0.170 g=0.124 VarTD=0.140437 ret_end=-25.559 dbar_end=0.664 occ_end=0.152 CSR_train=0.000 done_count=125
[upd 100] u=0 upd_ctr=5 opt_step=80 E=0.597 g=0.099 VarTD=0.153401 ret_end=-27.651 dbar_end=0.737 occ_end=0.168 CSR_train=0.000 done_count=125
[upd 110] u=0 upd_ctr=6 opt_step=96 E=0.130 g=0.108 VarTD=0.144782 ret_end=-26.528 dbar_end=0.708 occ_end=0.232 CSR_train=0.000 done_count=125
[upd 120] u=0 upd_ctr=6 opt_step=96 E=0.586 g=0.116 VarTD=0.156310 ret_end=-26.305 dbar_end=0.687 occ_end=0.224 CSR_train=0.000 done_count=125
[upd 130] u=0 upd_ctr=7 opt_step=112 E=0.156 g=0.112 VarTD=0.152933 ret_end=-26.560 dbar_end=0.698 occ_end=0.220 CSR_train=0.000 done_count=100
[upd 140] u=0 upd_ctr=7 opt_step=112 E=0.632 g=0.114 VarTD=0.182240 ret_end=-26.286 dbar_end=0.692 occ_end=0.184 CSR_train=0.000 done_count=125
[upd 150] u=0 upd_ctr=8 opt_step=128 E=0.193 g=0.117 VarTD=0.179086 ret_end=-27.059 dbar_end=0.683 occ_end=0.256 CSR_train=0.000 done_count=125
[upd 160] u=0 upd_ctr=8 opt_step=128 E=0.686 g=0.123 VarTD=0.157394 ret_end=-25.590 dbar_end=0.668 occ_end=0.160 CSR_train=0.000 done_count=125
[upd 170] u=0 upd_ctr=9 opt_step=144 E=0.272 g=0.123 VarTD=0.193070 ret_end=-26.312 dbar_end=0.667 occ_end=0.256 CSR_train=0.000 done_count=125
[upd 180] u=0 upd_ctr=9 opt_step=144 E=0.786 g=0.126 VarTD=0.153625 ret_end=-25.675 dbar_end=0.659 occ_end=0.216 CSR_train=0.000 done_count=125
[upd 190] u=0 upd_ctr=10 opt_step=160 E=0.403 g=0.128 VarTD=0.189164 ret_end=-25.542 dbar_end=0.655 occ_end=0.208 CSR_train=0.008 done_count=125
[upd 200] u=0 upd_ctr=10 opt_step=160 E=0.938 g=0.126 VarTD=0.164512 ret_end=-25.952 dbar_end=0.660 occ_end=0.232 CSR_train=0.000 done_count=125
[upd 210] u=0 upd_ctr=11 opt_step=176 E=0.561 g=0.129 VarTD=0.177639 ret_end=-24.903 dbar_end=0.652 occ_end=0.160 CSR_train=0.000 done_count=125
[upd 220] u=0 upd_ctr=12 opt_step=192 E=0.197 g=0.139 VarTD=0.194880 ret_end=-25.133 dbar_end=0.629 occ_end=0.248 CSR_train=0.000 done_count=125
[upd 230] u=0 upd_ctr=12 opt_step=192 E=0.757 g=0.140 VarTD=0.193226 ret_end=-25.081 dbar_end=0.626 occ_end=0.200 CSR_train=0.000 done_count=125
[upd 240] u=0 upd_ctr=13 opt_step=208 E=0.405 g=0.140 VarTD=0.217504 ret_end=-24.260 dbar_end=0.627 occ_end=0.256 CSR_train=0.000 done_count=125
[upd 250] u=1 upd_ctr=14 opt_step=224 E=0.063 g=0.154 VarTD=0.223986 ret_end=-24.901 dbar_end=0.597 occ_end=0.216 CSR_train=0.000 done_count=125
[upd 260] u=0 upd_ctr=14 opt_step=224 E=0.628 g=0.149 VarTD=0.219907 ret_end=-24.909 dbar_end=0.606 occ_end=0.160 CSR_train=0.000 done_count=100
[upd 270] u=0 upd_ctr=15 opt_step=240 E=0.294 g=0.136 VarTD=0.304055 ret_end=-25.720 dbar_end=0.636 occ_end=0.184 CSR_train=0.000 done_count=125
[upd 280] u=0 upd_ctr=15 opt_step=240 E=0.902 g=0.142 VarTD=0.270957 ret_end=-24.870 dbar_end=0.622 occ_end=0.184 CSR_train=0.000 done_count=125
[upd 290] u=0 upd_ctr=16 opt_step=256 E=0.605 g=0.146 VarTD=0.320205 ret_end=-24.344 dbar_end=0.614 occ_end=0.232 CSR_train=0.000 done_count=125
[upd 300] u=0 upd_ctr=17 opt_step=272 E=0.302 g=0.151 VarTD=0.371860 ret_end=-24.590 dbar_end=0.602 occ_end=0.264 CSR_train=0.000 done_count=125
[upd 310] u=0 upd_ctr=17 opt_step=272 E=0.913 g=0.150 VarTD=0.371564 ret_end=-23.868 dbar_end=0.604 occ_end=0.296 CSR_train=0.008 done_count=125
[Gate5 check] update_counter violations: t0=0 diffs=0
[Gate5 check] opt_step violations: t0=0 diffs=0 (expected_inc=16)
[Gate5 check] NaN masking: nan_on_skip=True finite_on_update=True
[Gate5 summary] mean_update_fraction=0.0577 final_executed_updates_mean=18.00
[Gate5 eval] done_count mean=100.0 CSR mean=0.0000 len_end_mean=26.00
[Gate5 eval] episodes_per_env=4 T_eval=104
[Gate5 eval-debug] locked_eps_occ=0.20 pre(step25): dbar_end=0.464600 occupied_end_mean=0.330000 max_tilde_end_mean=0.655091 CSR@locked=0.000000
[Gate5 eval-debug] locked_eps_occ=0.20 post(step26): dbar_end=0.465796 occupied_end_mean=0.340000 max_tilde_end_mean=0.658064 CSR@locked=0.000000
[Gate5 eval-debug] CSR_pre@0.10=0.0000 CSR_pre@0.15=0.0000 CSR_pre@0.20=0.0000 CSR_pre@0.25=0.0100 CSR_pre@0.30=0.0400
[Gate5 eval-debug] CSR_post@0.10=0.0000 CSR_post@0.15=0.0000 CSR_post@0.20=0.0000 CSR_post@0.25=0.0100 CSR_post@0.30=0.0300
