Importing submoduled environments...
Submoduled environments not found. Skipping import.
[upd 0] u=1 upd_ctr=1 opt_step=16 E=0.218 g=0.092 VarTD=0.127621 ret_end=-27.319 dbar_end=0.760 occ_end=0.140 CSR_train=0.000 done_count=100
[upd 10] u=0 upd_ctr=1 opt_step=16 E=0.408 g=0.102 VarTD=0.162085 ret_end=-27.682 dbar_end=0.727 occ_end=0.168 CSR_train=0.000 done_count=125
[upd 20] u=0 upd_ctr=1 opt_step=16 E=0.589 g=0.083 VarTD=0.141936 ret_end=-28.343 dbar_end=0.793 occ_end=0.144 CSR_train=0.000 done_count=125
[upd 30] u=0 upd_ctr=1 opt_step=16 E=0.777 g=0.093 VarTD=0.135564 ret_end=-27.031 dbar_end=0.758 occ_end=0.192 CSR_train=0.000 done_count=125
[upd 40] u=0 upd_ctr=2 opt_step=32 E=0.158 g=0.087 VarTD=0.147565 ret_end=-27.607 dbar_end=0.777 occ_end=0.080 CSR_train=0.000 done_count=125
[upd 50] u=0 upd_ctr=2 opt_step=32 E=0.353 g=0.102 VarTD=0.138869 ret_end=-26.637 dbar_end=0.727 occ_end=0.192 CSR_train=0.000 done_count=125
[upd 60] u=0 upd_ctr=2 opt_step=32 E=0.547 g=0.099 VarTD=0.132101 ret_end=-27.007 dbar_end=0.736 occ_end=0.168 CSR_train=0.000 done_count=125
[upd 70] u=0 upd_ctr=2 opt_step=32 E=0.741 g=0.098 VarTD=0.167757 ret_end=-27.242 dbar_end=0.738 occ_end=0.152 CSR_train=0.000 done_count=125
[upd 80] u=0 upd_ctr=3 opt_step=48 E=0.146 g=0.101 VarTD=0.157128 ret_end=-26.454 dbar_end=0.730 occ_end=0.184 CSR_train=0.000 done_count=125
[upd 90] u=0 upd_ctr=3 opt_step=48 E=0.353 g=0.100 VarTD=0.146038 ret_end=-28.152 dbar_end=0.734 occ_end=0.160 CSR_train=0.000 done_count=125
[upd 100] u=0 upd_ctr=3 opt_step=48 E=0.559 g=0.111 VarTD=0.133395 ret_end=-25.595 dbar_end=0.701 occ_end=0.232 CSR_train=0.000 done_count=125
[upd 110] u=0 upd_ctr=3 opt_step=48 E=0.763 g=0.090 VarTD=0.170179 ret_end=-28.250 dbar_end=0.766 occ_end=0.152 CSR_train=0.000 done_count=125
[upd 120] u=0 upd_ctr=4 opt_step=64 E=0.174 g=0.114 VarTD=0.132157 ret_end=-26.739 dbar_end=0.693 occ_end=0.168 CSR_train=0.000 done_count=125
[Gate5 check] update_counter violations: t0=0 diffs=0
[Gate5 check] opt_step violations: t0=0 diffs=0 (expected_inc=16)
[Gate5 check] NaN masking: nan_on_skip=True finite_on_update=True
[Gate5 summary] mean_update_fraction=0.0320 final_executed_updates_mean=4.00
[Gate5 eval] done_count mean=100.0 CSR mean=0.0000 len_end_mean=26.00
[Gate5 eval] episodes_per_env=4 T_eval=104
[Gate5 eval-debug] locked_eps_occ=0.20 pre(step25): dbar_end=0.474454 occupied_end_mean=0.520000 max_tilde_end_mean=0.708648 CSR@locked=0.010000
[Gate5 eval-debug] locked_eps_occ=0.20 post(step26): dbar_end=0.471785 occupied_end_mean=0.500000 max_tilde_end_mean=0.710317 CSR@locked=0.000000
[Gate5 eval-debug] CSR_pre@0.10=0.0000 CSR_pre@0.15=0.0000 CSR_pre@0.20=0.0100 CSR_pre@0.25=0.0100 CSR_pre@0.30=0.0300
[Gate5 eval-debug] CSR_post@0.10=0.0000 CSR_post@0.15=0.0000 CSR_post@0.20=0.0000 CSR_post@0.25=0.0000 CSR_post@0.30=0.0100
