Importing submoduled environments...
Submoduled environments not found. Skipping import.
[upd 0] u=1 upd_ctr=1 opt_step=16 E=0.273 g=0.092 VarTD=0.136051 ret_end=-27.009 dbar_end=0.762 occ_end=0.140 CSR_train=0.000 done_count=100
[upd 10] u=0 upd_ctr=2 opt_step=32 E=0.216 g=0.090 VarTD=0.157508 ret_end=-27.459 dbar_end=0.766 occ_end=0.128 CSR_train=0.000 done_count=125
[upd 20] u=0 upd_ctr=3 opt_step=48 E=0.178 g=0.098 VarTD=0.138281 ret_end=-27.043 dbar_end=0.741 occ_end=0.112 CSR_train=0.000 done_count=125
[upd 30] u=0 upd_ctr=4 opt_step=64 E=0.170 g=0.110 VarTD=0.158123 ret_end=-27.111 dbar_end=0.704 occ_end=0.200 CSR_train=0.000 done_count=125
[upd 40] u=1 upd_ctr=5 opt_step=80 E=0.147 g=0.100 VarTD=0.149238 ret_end=-26.218 dbar_end=0.734 occ_end=0.160 CSR_train=0.000 done_count=125
[upd 50] u=0 upd_ctr=6 opt_step=96 E=0.201 g=0.111 VarTD=0.136965 ret_end=-25.516 dbar_end=0.700 occ_end=0.224 CSR_train=0.000 done_count=125
[upd 60] u=0 upd_ctr=7 opt_step=112 E=0.333 g=0.117 VarTD=0.134834 ret_end=-26.271 dbar_end=0.683 occ_end=0.208 CSR_train=0.000 done_count=125
[upd 70] u=0 upd_ctr=8 opt_step=128 E=0.490 g=0.124 VarTD=0.152015 ret_end=-25.185 dbar_end=0.664 occ_end=0.216 CSR_train=0.000 done_count=125
[upd 80] u=0 upd_ctr=9 opt_step=144 E=0.712 g=0.141 VarTD=0.125194 ret_end=-24.819 dbar_end=0.625 occ_end=0.240 CSR_train=0.000 done_count=125
[upd 90] u=1 upd_ctr=11 opt_step=176 E=0.157 g=0.145 VarTD=0.145022 ret_end=-25.142 dbar_end=0.615 occ_end=0.272 CSR_train=0.000 done_count=125
[upd 100] u=0 upd_ctr=12 opt_step=192 E=0.463 g=0.140 VarTD=0.177842 ret_end=-24.989 dbar_end=0.625 occ_end=0.256 CSR_train=0.000 done_count=125
[upd 110] u=0 upd_ctr=13 opt_step=208 E=0.793 g=0.147 VarTD=0.193752 ret_end=-24.071 dbar_end=0.611 occ_end=0.280 CSR_train=0.000 done_count=125
[upd 120] u=0 upd_ctr=15 opt_step=240 E=0.369 g=0.155 VarTD=0.271404 ret_end=-25.180 dbar_end=0.594 occ_end=0.240 CSR_train=0.000 done_count=125
[Gate5 check] update_counter violations: t0=0 diffs=0
[Gate5 check] opt_step violations: t0=0 diffs=0 (expected_inc=16)
[Gate5 check] NaN masking: nan_on_skip=True finite_on_update=True
[Gate5 summary] mean_update_fraction=0.1200 final_executed_updates_mean=15.00
[Gate5 eval] done_count mean=100.0 CSR mean=0.0000 len_end_mean=26.00
[Gate5 eval] episodes_per_env=4 T_eval=104
[Gate5 eval-debug] locked_eps_occ=0.20 pre(step25): dbar_end=0.511212 occupied_end_mean=0.310000 max_tilde_end_mean=0.694815 CSR@locked=0.010000
[Gate5 eval-debug] locked_eps_occ=0.20 post(step26): dbar_end=0.511027 occupied_end_mean=0.190000 max_tilde_end_mean=0.701896 CSR@locked=0.000000
[Gate5 eval-debug] CSR_pre@0.10=0.0000 CSR_pre@0.15=0.0000 CSR_pre@0.20=0.0100 CSR_pre@0.25=0.0200 CSR_pre@0.30=0.0300
[Gate5 eval-debug] CSR_post@0.10=0.0000 CSR_post@0.15=0.0000 CSR_post@0.20=0.0000 CSR_post@0.25=0.0000 CSR_post@0.30=0.0200
