Importing submoduled environments...
Submoduled environments not found. Skipping import.
[upd 0] u=1 upd_ctr=1 opt_step=16 E=0.460 g=0.096 VarTD=0.198978 ret_end=-28.258 dbar_end=0.747 occ_end=0.170 CSR_train=0.000 done_count=100
[upd 10] u=0 upd_ctr=1 opt_step=16 E=0.460 g=0.091 VarTD=0.177568 ret_end=-27.488 dbar_end=0.762 occ_end=0.104 CSR_train=0.000 done_count=125
[upd 20] u=0 upd_ctr=1 opt_step=16 E=0.460 g=0.085 VarTD=0.179358 ret_end=-27.807 dbar_end=0.787 occ_end=0.104 CSR_train=0.000 done_count=125
[upd 30] u=0 upd_ctr=1 opt_step=16 E=0.460 g=0.083 VarTD=0.171546 ret_end=-27.833 dbar_end=0.792 occ_end=0.160 CSR_train=0.000 done_count=125
[upd 40] u=0 upd_ctr=1 opt_step=16 E=0.460 g=0.091 VarTD=0.151869 ret_end=-27.572 dbar_end=0.763 occ_end=0.168 CSR_train=0.000 done_count=125
[upd 50] u=0 upd_ctr=1 opt_step=16 E=0.460 g=0.104 VarTD=0.160383 ret_end=-27.256 dbar_end=0.721 occ_end=0.216 CSR_train=0.000 done_count=125
[upd 60] u=0 upd_ctr=1 opt_step=16 E=0.460 g=0.089 VarTD=0.172728 ret_end=-27.223 dbar_end=0.770 occ_end=0.136 CSR_train=0.000 done_count=125
[upd 70] u=0 upd_ctr=1 opt_step=16 E=0.460 g=0.106 VarTD=0.158822 ret_end=-26.454 dbar_end=0.713 occ_end=0.152 CSR_train=0.000 done_count=125
[upd 80] u=0 upd_ctr=1 opt_step=16 E=0.460 g=0.087 VarTD=0.198923 ret_end=-27.258 dbar_end=0.776 occ_end=0.168 CSR_train=0.000 done_count=125
[upd 90] u=0 upd_ctr=1 opt_step=16 E=0.460 g=0.079 VarTD=0.204889 ret_end=-28.828 dbar_end=0.809 occ_end=0.080 CSR_train=0.000 done_count=125
[upd 100] u=0 upd_ctr=1 opt_step=16 E=0.460 g=0.084 VarTD=0.166936 ret_end=-27.766 dbar_end=0.789 occ_end=0.120 CSR_train=0.000 done_count=125
[upd 110] u=0 upd_ctr=1 opt_step=16 E=0.460 g=0.083 VarTD=0.197397 ret_end=-28.624 dbar_end=0.792 occ_end=0.144 CSR_train=0.000 done_count=125
[upd 120] u=0 upd_ctr=1 opt_step=16 E=0.460 g=0.104 VarTD=0.145859 ret_end=-26.973 dbar_end=0.721 occ_end=0.208 CSR_train=0.000 done_count=125
[upd 130] u=0 upd_ctr=1 opt_step=16 E=0.460 g=0.095 VarTD=0.177468 ret_end=-27.224 dbar_end=0.751 occ_end=0.150 CSR_train=0.000 done_count=100
[upd 140] u=0 upd_ctr=1 opt_step=16 E=0.460 g=0.089 VarTD=0.178525 ret_end=-27.454 dbar_end=0.770 occ_end=0.128 CSR_train=0.000 done_count=125
[upd 150] u=0 upd_ctr=1 opt_step=16 E=0.460 g=0.095 VarTD=0.163129 ret_end=-27.006 dbar_end=0.748 occ_end=0.184 CSR_train=0.000 done_count=125
[upd 160] u=0 upd_ctr=1 opt_step=16 E=0.460 g=0.096 VarTD=0.170268 ret_end=-26.881 dbar_end=0.745 occ_end=0.152 CSR_train=0.000 done_count=125
[upd 170] u=0 upd_ctr=1 opt_step=16 E=0.460 g=0.090 VarTD=0.167500 ret_end=-27.176 dbar_end=0.766 occ_end=0.136 CSR_train=0.000 done_count=125
[upd 180] u=0 upd_ctr=1 opt_step=16 E=0.460 g=0.087 VarTD=0.176757 ret_end=-27.989 dbar_end=0.776 occ_end=0.120 CSR_train=0.000 done_count=125
[upd 190] u=0 upd_ctr=1 opt_step=16 E=0.460 g=0.094 VarTD=0.171705 ret_end=-27.096 dbar_end=0.752 occ_end=0.120 CSR_train=0.000 done_count=125
[upd 200] u=0 upd_ctr=1 opt_step=16 E=0.460 g=0.085 VarTD=0.163741 ret_end=-28.010 dbar_end=0.786 occ_end=0.104 CSR_train=0.000 done_count=125
[upd 210] u=0 upd_ctr=1 opt_step=16 E=0.460 g=0.099 VarTD=0.179852 ret_end=-27.479 dbar_end=0.738 occ_end=0.176 CSR_train=0.000 done_count=125
[upd 220] u=0 upd_ctr=1 opt_step=16 E=0.460 g=0.086 VarTD=0.203044 ret_end=-27.716 dbar_end=0.781 occ_end=0.128 CSR_train=0.000 done_count=125
[upd 230] u=0 upd_ctr=1 opt_step=16 E=0.460 g=0.097 VarTD=0.166283 ret_end=-27.110 dbar_end=0.742 occ_end=0.128 CSR_train=0.000 done_count=125
[upd 240] u=0 upd_ctr=1 opt_step=16 E=0.460 g=0.089 VarTD=0.180704 ret_end=-27.686 dbar_end=0.772 occ_end=0.152 CSR_train=0.000 done_count=125
[upd 250] u=0 upd_ctr=1 opt_step=16 E=0.460 g=0.100 VarTD=0.185272 ret_end=-27.521 dbar_end=0.735 occ_end=0.096 CSR_train=0.000 done_count=125
[upd 260] u=0 upd_ctr=1 opt_step=16 E=0.460 g=0.092 VarTD=0.191227 ret_end=-27.142 dbar_end=0.760 occ_end=0.180 CSR_train=0.000 done_count=100
[upd 270] u=0 upd_ctr=1 opt_step=16 E=0.460 g=0.102 VarTD=0.160831 ret_end=-26.644 dbar_end=0.727 occ_end=0.176 CSR_train=0.000 done_count=125
[upd 280] u=0 upd_ctr=1 opt_step=16 E=0.460 g=0.086 VarTD=0.207775 ret_end=-28.599 dbar_end=0.781 occ_end=0.144 CSR_train=0.000 done_count=125
[upd 290] u=0 upd_ctr=1 opt_step=16 E=0.460 g=0.091 VarTD=0.163019 ret_end=-27.936 dbar_end=0.765 occ_end=0.136 CSR_train=0.000 done_count=125
[upd 300] u=0 upd_ctr=1 opt_step=16 E=0.460 g=0.085 VarTD=0.185244 ret_end=-27.551 dbar_end=0.783 occ_end=0.088 CSR_train=0.000 done_count=125
[upd 310] u=0 upd_ctr=1 opt_step=16 E=0.460 g=0.101 VarTD=0.160742 ret_end=-25.652 dbar_end=0.729 occ_end=0.192 CSR_train=0.000 done_count=125
[Gate5 check] update_counter violations: t0=0 diffs=0
[Gate5 check] opt_step violations: t0=0 diffs=0 (expected_inc=16)
[Gate5 check] NaN masking: nan_on_skip=True finite_on_update=True
[Gate5 summary] mean_update_fraction=0.0032 final_executed_updates_mean=1.00
[Gate5 eval] done_count mean=100.0 CSR mean=0.0000 len_end_mean=26.00
[Gate5 eval] episodes_per_env=4 T_eval=104
[Gate5 eval-debug] locked_eps_occ=0.20 pre(step25): dbar_end=1.032650 occupied_end_mean=0.120000 max_tilde_end_mean=1.405663 CSR@locked=0.000000
[Gate5 eval-debug] locked_eps_occ=0.20 post(step26): dbar_end=1.044795 occupied_end_mean=0.150000 max_tilde_end_mean=1.426066 CSR@locked=0.000000
[Gate5 eval-debug] CSR_pre@0.10=0.0000 CSR_pre@0.15=0.0000 CSR_pre@0.20=0.0000 CSR_pre@0.25=0.0000 CSR_pre@0.30=0.0000
[Gate5 eval-debug] CSR_post@0.10=0.0000 CSR_post@0.15=0.0000 CSR_post@0.20=0.0000 CSR_post@0.25=0.0000 CSR_post@0.30=0.0000
