Importing submoduled environments...
Submoduled environments not found. Skipping import.
[upd 0] u=1 upd_ctr=1 opt_step=16 E=0.134 g=0.093 VarTD=0.149936 ret_end=-27.435 dbar_end=0.756 occ_end=0.150 CSR_train=0.000 done_count=100
[upd 10] u=0 upd_ctr=1 opt_step=16 E=0.978 g=0.100 VarTD=0.132044 ret_end=-26.929 dbar_end=0.734 occ_end=0.192 CSR_train=0.000 done_count=125
[upd 20] u=0 upd_ctr=2 opt_step=32 E=0.961 g=0.111 VarTD=0.149571 ret_end=-25.825 dbar_end=0.701 occ_end=0.208 CSR_train=0.000 done_count=125
[upd 30] u=0 upd_ctr=3 opt_step=48 E=0.896 g=0.088 VarTD=0.171573 ret_end=-27.756 dbar_end=0.773 occ_end=0.136 CSR_train=0.008 done_count=125
[upd 40] u=0 upd_ctr=4 opt_step=64 E=0.852 g=0.099 VarTD=0.135334 ret_end=-26.842 dbar_end=0.738 occ_end=0.128 CSR_train=0.000 done_count=125
[upd 50] u=0 upd_ctr=5 opt_step=80 E=0.835 g=0.106 VarTD=0.125331 ret_end=-26.162 dbar_end=0.716 occ_end=0.176 CSR_train=0.000 done_count=125
[upd 60] u=0 upd_ctr=6 opt_step=96 E=0.809 g=0.109 VarTD=0.140403 ret_end=-26.643 dbar_end=0.705 occ_end=0.192 CSR_train=0.000 done_count=125
[upd 70] u=0 upd_ctr=7 opt_step=112 E=0.869 g=0.116 VarTD=0.141856 ret_end=-26.425 dbar_end=0.687 occ_end=0.192 CSR_train=0.000 done_count=125
[upd 80] u=0 upd_ctr=8 opt_step=128 E=1.000 g=0.118 VarTD=0.143697 ret_end=-25.477 dbar_end=0.682 occ_end=0.240 CSR_train=0.000 done_count=125
[upd 90] u=1 upd_ctr=10 opt_step=160 E=0.156 g=0.118 VarTD=0.151549 ret_end=-26.078 dbar_end=0.682 occ_end=0.200 CSR_train=0.000 done_count=125
[upd 100] u=0 upd_ctr=11 opt_step=176 E=0.256 g=0.128 VarTD=0.181506 ret_end=-24.768 dbar_end=0.655 occ_end=0.160 CSR_train=0.000 done_count=125
[upd 110] u=0 upd_ctr=12 opt_step=192 E=0.371 g=0.112 VarTD=0.184570 ret_end=-26.286 dbar_end=0.696 occ_end=0.176 CSR_train=0.000 done_count=125
[upd 120] u=0 upd_ctr=13 opt_step=208 E=0.579 g=0.142 VarTD=0.228716 ret_end=-24.431 dbar_end=0.621 occ_end=0.208 CSR_train=0.008 done_count=125
[upd 130] u=0 upd_ctr=14 opt_step=224 E=0.763 g=0.124 VarTD=0.253733 ret_end=-25.353 dbar_end=0.666 occ_end=0.280 CSR_train=0.000 done_count=100
[upd 140] u=0 upd_ctr=15 opt_step=240 E=1.000 g=0.133 VarTD=0.295125 ret_end=-24.894 dbar_end=0.642 occ_end=0.200 CSR_train=0.000 done_count=125
[upd 150] u=0 upd_ctr=17 opt_step=272 E=0.302 g=0.135 VarTD=0.368340 ret_end=-25.703 dbar_end=0.638 occ_end=0.144 CSR_train=0.000 done_count=125
[upd 160] u=0 upd_ctr=18 opt_step=288 E=0.525 g=0.136 VarTD=0.459895 ret_end=-25.765 dbar_end=0.635 occ_end=0.240 CSR_train=0.000 done_count=125
[upd 170] u=0 upd_ctr=19 opt_step=304 E=0.803 g=0.149 VarTD=0.558345 ret_end=-24.733 dbar_end=0.605 occ_end=0.248 CSR_train=0.000 done_count=125
[upd 180] u=0 upd_ctr=20 opt_step=320 E=1.000 g=0.149 VarTD=0.607176 ret_end=-24.008 dbar_end=0.606 occ_end=0.208 CSR_train=0.000 done_count=125
[upd 190] u=0 upd_ctr=22 opt_step=352 E=0.444 g=0.157 VarTD=0.806615 ret_end=-24.371 dbar_end=0.589 occ_end=0.232 CSR_train=0.000 done_count=125
[upd 200] u=0 upd_ctr=23 opt_step=368 E=0.870 g=0.150 VarTD=0.898411 ret_end=-25.564 dbar_end=0.604 occ_end=0.256 CSR_train=0.000 done_count=125
[upd 210] u=0 upd_ctr=25 opt_step=400 E=0.335 g=0.160 VarTD=1.193181 ret_end=-24.534 dbar_end=0.583 occ_end=0.304 CSR_train=0.000 done_count=125
[upd 220] u=0 upd_ctr=26 opt_step=416 E=0.786 g=0.170 VarTD=1.343953 ret_end=-23.347 dbar_end=0.564 occ_end=0.280 CSR_train=0.000 done_count=125
[upd 230] u=1 upd_ctr=28 opt_step=448 E=0.207 g=0.174 VarTD=1.448255 ret_end=-23.628 dbar_end=0.557 occ_end=0.288 CSR_train=0.000 done_count=125
[upd 240] u=0 upd_ctr=29 opt_step=464 E=0.647 g=0.167 VarTD=1.729226 ret_end=-23.475 dbar_end=0.569 occ_end=0.336 CSR_train=0.000 done_count=125
[upd 250] u=0 upd_ctr=30 opt_step=480 E=1.000 g=0.153 VarTD=1.875437 ret_end=-24.825 dbar_end=0.598 occ_end=0.232 CSR_train=0.000 done_count=125
[upd 260] u=0 upd_ctr=32 opt_step=512 E=0.625 g=0.174 VarTD=1.743072 ret_end=-23.228 dbar_end=0.556 occ_end=0.300 CSR_train=0.000 done_count=100
[upd 270] u=1 upd_ctr=34 opt_step=544 E=0.163 g=0.178 VarTD=2.420909 ret_end=-23.838 dbar_end=0.549 occ_end=0.264 CSR_train=0.000 done_count=125
[upd 280] u=0 upd_ctr=35 opt_step=560 E=0.659 g=0.177 VarTD=2.686162 ret_end=-22.605 dbar_end=0.552 occ_end=0.272 CSR_train=0.000 done_count=125
[upd 290] u=0 upd_ctr=37 opt_step=592 E=0.324 g=0.178 VarTD=3.106715 ret_end=-23.923 dbar_end=0.549 occ_end=0.320 CSR_train=0.000 done_count=125
[upd 300] u=0 upd_ctr=38 opt_step=608 E=0.818 g=0.177 VarTD=3.243200 ret_end=-22.652 dbar_end=0.552 occ_end=0.328 CSR_train=0.000 done_count=125
[upd 310] u=0 upd_ctr=40 opt_step=640 E=0.366 g=0.186 VarTD=3.679041 ret_end=-23.353 dbar_end=0.536 occ_end=0.392 CSR_train=0.000 done_count=125
[Gate5 check] update_counter violations: t0=0 diffs=0
[Gate5 check] opt_step violations: t0=0 diffs=0 (expected_inc=16)
[Gate5 check] NaN masking: nan_on_skip=True finite_on_update=True
[Gate5 summary] mean_update_fraction=0.1282 final_executed_updates_mean=40.00
[Gate5 eval] done_count mean=100.0 CSR mean=0.0000 len_end_mean=26.00
[Gate5 eval] episodes_per_env=4 T_eval=104
[Gate5 eval-debug] locked_eps_occ=0.20 pre(step25): dbar_end=0.490680 occupied_end_mean=0.410000 max_tilde_end_mean=0.690307 CSR@locked=0.000000
[Gate5 eval-debug] locked_eps_occ=0.20 post(step26): dbar_end=0.488771 occupied_end_mean=0.410000 max_tilde_end_mean=0.692591 CSR@locked=0.000000
[Gate5 eval-debug] CSR_pre@0.10=0.0000 CSR_pre@0.15=0.0000 CSR_pre@0.20=0.0000 CSR_pre@0.25=0.0100 CSR_pre@0.30=0.0500
[Gate5 eval-debug] CSR_post@0.10=0.0000 CSR_post@0.15=0.0000 CSR_post@0.20=0.0000 CSR_post@0.25=0.0300 CSR_post@0.30=0.0400
