Importing submoduled environments...
Submoduled environments not found. Skipping import.
[upd 0] u=1 upd_ctr=1 opt_step=16 E=0.155 g=0.105 VarTD=0.153100 ret_end=-26.906 dbar_end=0.718 occ_end=0.160 CSR_train=0.000 done_count=100
[upd 10] u=1 upd_ctr=2 opt_step=32 E=0.129 g=0.079 VarTD=0.158451 ret_end=-28.492 dbar_end=0.807 occ_end=0.088 CSR_train=0.000 done_count=125
[upd 20] u=1 upd_ctr=3 opt_step=48 E=0.155 g=0.105 VarTD=0.132643 ret_end=-26.428 dbar_end=0.717 occ_end=0.200 CSR_train=0.000 done_count=125
[upd 30] u=0 upd_ctr=4 opt_step=64 E=0.217 g=0.103 VarTD=0.149986 ret_end=-27.125 dbar_end=0.725 occ_end=0.144 CSR_train=0.000 done_count=125
[upd 40] u=0 upd_ctr=5 opt_step=80 E=0.335 g=0.107 VarTD=0.141870 ret_end=-27.529 dbar_end=0.712 occ_end=0.192 CSR_train=0.000 done_count=125
[upd 50] u=0 upd_ctr=6 opt_step=96 E=0.516 g=0.113 VarTD=0.140822 ret_end=-26.996 dbar_end=0.695 occ_end=0.192 CSR_train=0.000 done_count=125
[upd 60] u=0 upd_ctr=7 opt_step=112 E=0.761 g=0.123 VarTD=0.138553 ret_end=-25.870 dbar_end=0.669 occ_end=0.200 CSR_train=0.000 done_count=125
[upd 70] u=0 upd_ctr=8 opt_step=128 E=1.000 g=0.145 VarTD=0.135164 ret_end=-24.867 dbar_end=0.614 occ_end=0.248 CSR_train=0.000 done_count=125
[upd 80] u=0 upd_ctr=10 opt_step=160 E=0.315 g=0.146 VarTD=0.154253 ret_end=-23.803 dbar_end=0.613 occ_end=0.336 CSR_train=0.000 done_count=125
[upd 90] u=0 upd_ctr=11 opt_step=176 E=0.674 g=0.136 VarTD=0.172984 ret_end=-24.663 dbar_end=0.635 occ_end=0.232 CSR_train=0.000 done_count=125
[upd 100] u=0 upd_ctr=12 opt_step=192 E=0.995 g=0.133 VarTD=0.198719 ret_end=-25.851 dbar_end=0.642 occ_end=0.184 CSR_train=0.000 done_count=125
[upd 110] u=0 upd_ctr=14 opt_step=224 E=0.491 g=0.152 VarTD=0.256795 ret_end=-24.365 dbar_end=0.601 occ_end=0.232 CSR_train=0.000 done_count=125
[upd 120] u=0 upd_ctr=15 opt_step=240 E=0.943 g=0.147 VarTD=0.302018 ret_end=-25.331 dbar_end=0.611 occ_end=0.216 CSR_train=0.000 done_count=125
[upd 130] u=0 upd_ctr=17 opt_step=272 E=0.334 g=0.147 VarTD=0.344650 ret_end=-24.035 dbar_end=0.610 occ_end=0.230 CSR_train=0.000 done_count=100
[upd 140] u=0 upd_ctr=18 opt_step=288 E=0.770 g=0.156 VarTD=0.493396 ret_end=-24.422 dbar_end=0.591 occ_end=0.280 CSR_train=0.000 done_count=125
[upd 150] u=1 upd_ctr=20 opt_step=320 E=0.190 g=0.140 VarTD=0.555659 ret_end=-24.758 dbar_end=0.627 occ_end=0.248 CSR_train=0.000 done_count=125
[upd 160] u=0 upd_ctr=21 opt_step=336 E=0.632 g=0.146 VarTD=0.715264 ret_end=-24.427 dbar_end=0.613 occ_end=0.224 CSR_train=0.000 done_count=125
[upd 170] u=1 upd_ctr=23 opt_step=368 E=0.153 g=0.147 VarTD=0.792407 ret_end=-24.341 dbar_end=0.610 occ_end=0.232 CSR_train=0.000 done_count=125
[upd 180] u=0 upd_ctr=24 opt_step=384 E=0.656 g=0.161 VarTD=1.068004 ret_end=-24.211 dbar_end=0.581 occ_end=0.280 CSR_train=0.000 done_count=125
[upd 190] u=0 upd_ctr=26 opt_step=416 E=0.315 g=0.153 VarTD=1.347405 ret_end=-24.881 dbar_end=0.598 occ_end=0.216 CSR_train=0.000 done_count=125
[upd 200] u=0 upd_ctr=27 opt_step=432 E=0.810 g=0.159 VarTD=1.477443 ret_end=-24.217 dbar_end=0.585 occ_end=0.192 CSR_train=0.000 done_count=125
[upd 210] u=0 upd_ctr=29 opt_step=464 E=0.499 g=0.157 VarTD=1.753267 ret_end=-24.020 dbar_end=0.590 occ_end=0.232 CSR_train=0.000 done_count=125
[upd 220] u=0 upd_ctr=30 opt_step=480 E=1.000 g=0.161 VarTD=1.909542 ret_end=-24.801 dbar_end=0.582 occ_end=0.248 CSR_train=0.000 done_count=125
[upd 230] u=0 upd_ctr=32 opt_step=512 E=0.659 g=0.159 VarTD=2.221044 ret_end=-23.594 dbar_end=0.586 occ_end=0.200 CSR_train=0.008 done_count=125
[upd 240] u=1 upd_ctr=34 opt_step=544 E=0.189 g=0.156 VarTD=2.374471 ret_end=-24.468 dbar_end=0.593 occ_end=0.312 CSR_train=0.000 done_count=125
[upd 250] u=0 upd_ctr=35 opt_step=560 E=0.684 g=0.168 VarTD=2.726175 ret_end=-23.485 dbar_end=0.568 occ_end=0.368 CSR_train=0.000 done_count=125
[upd 260] u=0 upd_ctr=37 opt_step=592 E=0.340 g=0.158 VarTD=2.509313 ret_end=-23.801 dbar_end=0.587 occ_end=0.250 CSR_train=0.000 done_count=100
[upd 270] u=0 upd_ctr=38 opt_step=608 E=0.977 g=0.158 VarTD=3.171557 ret_end=-24.322 dbar_end=0.588 occ_end=0.272 CSR_train=0.000 done_count=125
[upd 280] u=0 upd_ctr=40 opt_step=640 E=0.645 g=0.160 VarTD=3.633057 ret_end=-24.685 dbar_end=0.584 occ_end=0.312 CSR_train=0.000 done_count=125
[upd 290] u=0 upd_ctr=42 opt_step=672 E=0.364 g=0.172 VarTD=4.027164 ret_end=-23.448 dbar_end=0.560 occ_end=0.288 CSR_train=0.008 done_count=125
[upd 300] u=0 upd_ctr=43 opt_step=688 E=1.000 g=0.169 VarTD=4.137873 ret_end=-23.586 dbar_end=0.567 occ_end=0.264 CSR_train=0.000 done_count=125
[upd 310] u=0 upd_ctr=45 opt_step=720 E=0.718 g=0.165 VarTD=4.513099 ret_end=-23.985 dbar_end=0.574 occ_end=0.224 CSR_train=0.000 done_count=125
[Gate5 check] update_counter violations: t0=0 diffs=0
[Gate5 check] opt_step violations: t0=0 diffs=0 (expected_inc=16)
[Gate5 check] NaN masking: nan_on_skip=True finite_on_update=True
[Gate5 summary] mean_update_fraction=0.1442 final_executed_updates_mean=45.00
[Gate5 eval] done_count mean=100.0 CSR mean=0.0000 len_end_mean=26.00
[Gate5 eval] episodes_per_env=4 T_eval=104
[Gate5 eval-debug] locked_eps_occ=0.20 pre(step25): dbar_end=0.517195 occupied_end_mean=0.320000 max_tilde_end_mean=0.746728 CSR@locked=0.000000
[Gate5 eval-debug] locked_eps_occ=0.20 post(step26): dbar_end=0.516684 occupied_end_mean=0.310000 max_tilde_end_mean=0.744184 CSR@locked=0.000000
[Gate5 eval-debug] CSR_pre@0.10=0.0000 CSR_pre@0.15=0.0000 CSR_pre@0.20=0.0000 CSR_pre@0.25=0.0100 CSR_pre@0.30=0.0100
[Gate5 eval-debug] CSR_post@0.10=0.0000 CSR_post@0.15=0.0000 CSR_post@0.20=0.0000 CSR_post@0.25=0.0100 CSR_post@0.30=0.0100
