Importing submoduled environments...
Submoduled environments not found. Skipping import.
[upd 0] u=1 upd_ctr=1 opt_step=16 E=0.118 g=0.089 VarTD=0.155748 ret_end=-26.495 dbar_end=0.769 occ_end=0.110 CSR_train=0.000 done_count=100
[upd 10] u=0 upd_ctr=1 opt_step=16 E=0.302 g=0.096 VarTD=0.160584 ret_end=-27.044 dbar_end=0.748 occ_end=0.128 CSR_train=0.000 done_count=125
[upd 20] u=0 upd_ctr=1 opt_step=16 E=0.482 g=0.078 VarTD=0.217249 ret_end=-28.983 dbar_end=0.814 occ_end=0.136 CSR_train=0.000 done_count=125
[upd 30] u=0 upd_ctr=1 opt_step=16 E=0.660 g=0.087 VarTD=0.177154 ret_end=-27.554 dbar_end=0.779 occ_end=0.144 CSR_train=0.000 done_count=125
[upd 40] u=0 upd_ctr=1 opt_step=16 E=0.839 g=0.089 VarTD=0.185662 ret_end=-27.313 dbar_end=0.771 occ_end=0.176 CSR_train=0.000 done_count=125
[upd 50] u=0 upd_ctr=2 opt_step=32 E=0.121 g=0.091 VarTD=0.151703 ret_end=-27.700 dbar_end=0.764 occ_end=0.160 CSR_train=0.000 done_count=125
[upd 60] u=0 upd_ctr=2 opt_step=32 E=0.301 g=0.089 VarTD=0.161037 ret_end=-27.504 dbar_end=0.769 occ_end=0.176 CSR_train=0.000 done_count=125
[upd 70] u=0 upd_ctr=2 opt_step=32 E=0.484 g=0.099 VarTD=0.157812 ret_end=-26.435 dbar_end=0.736 occ_end=0.152 CSR_train=0.000 done_count=125
[upd 80] u=0 upd_ctr=2 opt_step=32 E=0.666 g=0.087 VarTD=0.146660 ret_end=-27.561 dbar_end=0.777 occ_end=0.128 CSR_train=0.000 done_count=125
[upd 90] u=0 upd_ctr=2 opt_step=32 E=0.847 g=0.084 VarTD=0.148010 ret_end=-27.798 dbar_end=0.789 occ_end=0.184 CSR_train=0.000 done_count=125
[upd 100] u=0 upd_ctr=3 opt_step=48 E=0.131 g=0.093 VarTD=0.161496 ret_end=-27.512 dbar_end=0.756 occ_end=0.192 CSR_train=0.000 done_count=125
[upd 110] u=0 upd_ctr=3 opt_step=48 E=0.319 g=0.104 VarTD=0.146474 ret_end=-27.565 dbar_end=0.721 occ_end=0.200 CSR_train=0.000 done_count=125
[upd 120] u=0 upd_ctr=3 opt_step=48 E=0.508 g=0.109 VarTD=0.147045 ret_end=-26.577 dbar_end=0.706 occ_end=0.216 CSR_train=0.000 done_count=125
[upd 130] u=0 upd_ctr=3 opt_step=48 E=0.698 g=0.096 VarTD=0.159878 ret_end=-27.809 dbar_end=0.746 occ_end=0.240 CSR_train=0.000 done_count=100
[upd 140] u=0 upd_ctr=3 opt_step=48 E=0.887 g=0.089 VarTD=0.146783 ret_end=-27.403 dbar_end=0.772 occ_end=0.136 CSR_train=0.000 done_count=125
[upd 150] u=0 upd_ctr=4 opt_step=64 E=0.188 g=0.091 VarTD=0.150066 ret_end=-26.745 dbar_end=0.762 occ_end=0.168 CSR_train=0.000 done_count=125
[upd 160] u=0 upd_ctr=4 opt_step=64 E=0.392 g=0.103 VarTD=0.149257 ret_end=-27.181 dbar_end=0.724 occ_end=0.192 CSR_train=0.000 done_count=125
[upd 170] u=0 upd_ctr=4 opt_step=64 E=0.588 g=0.097 VarTD=0.156871 ret_end=-27.071 dbar_end=0.743 occ_end=0.208 CSR_train=0.000 done_count=125
[upd 180] u=0 upd_ctr=4 opt_step=64 E=0.785 g=0.089 VarTD=0.139818 ret_end=-27.384 dbar_end=0.770 occ_end=0.144 CSR_train=0.000 done_count=125
[upd 190] u=0 upd_ctr=5 opt_step=80 E=0.089 g=0.102 VarTD=0.173735 ret_end=-27.321 dbar_end=0.726 occ_end=0.160 CSR_train=0.000 done_count=125
[upd 200] u=0 upd_ctr=5 opt_step=80 E=0.298 g=0.096 VarTD=0.146448 ret_end=-27.217 dbar_end=0.746 occ_end=0.216 CSR_train=0.008 done_count=125
[upd 210] u=0 upd_ctr=5 opt_step=80 E=0.501 g=0.113 VarTD=0.149566 ret_end=-26.746 dbar_end=0.694 occ_end=0.120 CSR_train=0.000 done_count=125
[upd 220] u=0 upd_ctr=5 opt_step=80 E=0.707 g=0.101 VarTD=0.140173 ret_end=-26.680 dbar_end=0.731 occ_end=0.200 CSR_train=0.000 done_count=125
[upd 230] u=1 upd_ctr=6 opt_step=96 E=0.022 g=0.112 VarTD=0.137456 ret_end=-26.721 dbar_end=0.698 occ_end=0.264 CSR_train=0.000 done_count=125
[upd 240] u=0 upd_ctr=6 opt_step=96 E=0.252 g=0.108 VarTD=0.132749 ret_end=-26.346 dbar_end=0.708 occ_end=0.136 CSR_train=0.000 done_count=125
[upd 250] u=0 upd_ctr=6 opt_step=96 E=0.474 g=0.121 VarTD=0.145915 ret_end=-25.354 dbar_end=0.672 occ_end=0.176 CSR_train=0.000 done_count=125
[upd 260] u=0 upd_ctr=6 opt_step=96 E=0.701 g=0.107 VarTD=0.136153 ret_end=-26.692 dbar_end=0.712 occ_end=0.230 CSR_train=0.000 done_count=100
[upd 270] u=1 upd_ctr=7 opt_step=112 E=0.031 g=0.113 VarTD=0.143527 ret_end=-26.158 dbar_end=0.693 occ_end=0.176 CSR_train=0.000 done_count=125
[upd 280] u=0 upd_ctr=7 opt_step=112 E=0.274 g=0.102 VarTD=0.143588 ret_end=-27.206 dbar_end=0.727 occ_end=0.160 CSR_train=0.000 done_count=125
[upd 290] u=0 upd_ctr=7 opt_step=112 E=0.511 g=0.116 VarTD=0.124377 ret_end=-25.665 dbar_end=0.686 occ_end=0.136 CSR_train=0.000 done_count=125
[upd 300] u=0 upd_ctr=7 opt_step=112 E=0.747 g=0.111 VarTD=0.159945 ret_end=-26.671 dbar_end=0.700 occ_end=0.192 CSR_train=0.000 done_count=125
[upd 310] u=0 upd_ctr=8 opt_step=128 E=0.090 g=0.133 VarTD=0.158538 ret_end=-26.058 dbar_end=0.642 occ_end=0.176 CSR_train=0.000 done_count=125
[Gate5 check] update_counter violations: t0=0 diffs=0
[Gate5 check] opt_step violations: t0=0 diffs=0 (expected_inc=16)
[Gate5 check] NaN masking: nan_on_skip=True finite_on_update=True
[Gate5 summary] mean_update_fraction=0.0256 final_executed_updates_mean=8.00
[Gate5 eval] done_count mean=100.0 CSR mean=0.0000 len_end_mean=26.00
[Gate5 eval] episodes_per_env=4 T_eval=104
[Gate5 eval-debug] locked_eps_occ=0.20 pre(step25): dbar_end=0.487818 occupied_end_mean=0.460000 max_tilde_end_mean=0.719593 CSR@locked=0.000000
[Gate5 eval-debug] locked_eps_occ=0.20 post(step26): dbar_end=0.483234 occupied_end_mean=0.500000 max_tilde_end_mean=0.719490 CSR@locked=0.000000
[Gate5 eval-debug] CSR_pre@0.10=0.0000 CSR_pre@0.15=0.0000 CSR_pre@0.20=0.0000 CSR_pre@0.25=0.0100 CSR_pre@0.30=0.0300
[Gate5 eval-debug] CSR_post@0.10=0.0000 CSR_post@0.15=0.0000 CSR_post@0.20=0.0000 CSR_post@0.25=0.0100 CSR_post@0.30=0.0300
