Importing submoduled environments...
Submoduled environments not found. Skipping import.
[upd 0] u=1 upd_ctr=1 opt_step=16 E=0.074 g=0.079 VarTD=0.177244 ret_end=-28.332 dbar_end=0.807 occ_end=0.140 CSR_train=0.000 done_count=100
[upd 10] u=0 upd_ctr=1 opt_step=16 E=0.354 g=0.093 VarTD=0.147298 ret_end=-27.080 dbar_end=0.756 occ_end=0.144 CSR_train=0.000 done_count=125
[upd 20] u=0 upd_ctr=1 opt_step=16 E=0.641 g=0.086 VarTD=0.160310 ret_end=-28.011 dbar_end=0.781 occ_end=0.160 CSR_train=0.000 done_count=125
[upd 30] u=0 upd_ctr=1 opt_step=16 E=0.919 g=0.098 VarTD=0.170613 ret_end=-27.328 dbar_end=0.741 occ_end=0.176 CSR_train=0.000 done_count=125
[upd 40] u=0 upd_ctr=2 opt_step=32 E=0.264 g=0.095 VarTD=0.150421 ret_end=-27.539 dbar_end=0.750 occ_end=0.112 CSR_train=0.000 done_count=125
[upd 50] u=0 upd_ctr=2 opt_step=32 E=0.561 g=0.099 VarTD=0.139678 ret_end=-26.894 dbar_end=0.738 occ_end=0.184 CSR_train=0.000 done_count=125
[upd 60] u=0 upd_ctr=2 opt_step=32 E=0.865 g=0.100 VarTD=0.145842 ret_end=-26.828 dbar_end=0.733 occ_end=0.176 CSR_train=0.000 done_count=125
[upd 70] u=0 upd_ctr=3 opt_step=48 E=0.228 g=0.105 VarTD=0.172451 ret_end=-27.649 dbar_end=0.717 occ_end=0.120 CSR_train=0.000 done_count=125
[upd 80] u=0 upd_ctr=3 opt_step=48 E=0.548 g=0.102 VarTD=0.167751 ret_end=-27.227 dbar_end=0.726 occ_end=0.176 CSR_train=0.000 done_count=125
[upd 90] u=0 upd_ctr=3 opt_step=48 E=0.861 g=0.106 VarTD=0.146531 ret_end=-26.012 dbar_end=0.713 occ_end=0.224 CSR_train=0.000 done_count=125
[upd 100] u=0 upd_ctr=4 opt_step=64 E=0.239 g=0.110 VarTD=0.150253 ret_end=-26.380 dbar_end=0.704 occ_end=0.152 CSR_train=0.000 done_count=125
[upd 110] u=0 upd_ctr=4 opt_step=64 E=0.554 g=0.099 VarTD=0.147496 ret_end=-27.428 dbar_end=0.735 occ_end=0.120 CSR_train=0.000 done_count=125
[upd 120] u=0 upd_ctr=4 opt_step=64 E=0.900 g=0.116 VarTD=0.157963 ret_end=-26.764 dbar_end=0.686 occ_end=0.096 CSR_train=0.000 done_count=125
[upd 130] u=0 upd_ctr=5 opt_step=80 E=0.271 g=0.101 VarTD=0.133512 ret_end=-27.068 dbar_end=0.729 occ_end=0.220 CSR_train=0.010 done_count=100
[upd 140] u=0 upd_ctr=5 opt_step=80 E=0.612 g=0.115 VarTD=0.133694 ret_end=-26.730 dbar_end=0.689 occ_end=0.192 CSR_train=0.000 done_count=125
[upd 150] u=0 upd_ctr=5 opt_step=80 E=0.948 g=0.107 VarTD=0.151816 ret_end=-27.388 dbar_end=0.713 occ_end=0.216 CSR_train=0.000 done_count=125
[upd 160] u=0 upd_ctr=6 opt_step=96 E=0.348 g=0.111 VarTD=0.136874 ret_end=-25.341 dbar_end=0.699 occ_end=0.168 CSR_train=0.008 done_count=125
[upd 170] u=0 upd_ctr=6 opt_step=96 E=0.703 g=0.114 VarTD=0.128417 ret_end=-26.479 dbar_end=0.693 occ_end=0.232 CSR_train=0.000 done_count=125
[upd 180] u=0 upd_ctr=7 opt_step=112 E=0.096 g=0.127 VarTD=0.117375 ret_end=-24.632 dbar_end=0.658 occ_end=0.280 CSR_train=0.000 done_count=125
[upd 190] u=0 upd_ctr=7 opt_step=112 E=0.453 g=0.123 VarTD=0.112551 ret_end=-25.380 dbar_end=0.667 occ_end=0.208 CSR_train=0.008 done_count=125
[upd 200] u=0 upd_ctr=7 opt_step=112 E=0.807 g=0.122 VarTD=0.115795 ret_end=-25.397 dbar_end=0.670 occ_end=0.184 CSR_train=0.000 done_count=125
[upd 210] u=0 upd_ctr=8 opt_step=128 E=0.217 g=0.124 VarTD=0.151281 ret_end=-25.896 dbar_end=0.665 occ_end=0.208 CSR_train=0.000 done_count=125
[upd 220] u=0 upd_ctr=8 opt_step=128 E=0.580 g=0.118 VarTD=0.143231 ret_end=-26.061 dbar_end=0.681 occ_end=0.184 CSR_train=0.000 done_count=125
[upd 230] u=0 upd_ctr=8 opt_step=128 E=0.951 g=0.123 VarTD=0.147160 ret_end=-26.123 dbar_end=0.668 occ_end=0.200 CSR_train=0.000 done_count=125
[upd 240] u=0 upd_ctr=9 opt_step=144 E=0.389 g=0.121 VarTD=0.144341 ret_end=-26.068 dbar_end=0.672 occ_end=0.232 CSR_train=0.000 done_count=125
[upd 250] u=0 upd_ctr=9 opt_step=144 E=0.762 g=0.129 VarTD=0.137180 ret_end=-25.698 dbar_end=0.652 occ_end=0.192 CSR_train=0.000 done_count=125
[upd 260] u=0 upd_ctr=10 opt_step=160 E=0.196 g=0.129 VarTD=0.172486 ret_end=-26.003 dbar_end=0.652 occ_end=0.220 CSR_train=0.000 done_count=100
[upd 270] u=0 upd_ctr=10 opt_step=160 E=0.589 g=0.134 VarTD=0.137170 ret_end=-24.755 dbar_end=0.641 occ_end=0.200 CSR_train=0.000 done_count=125
[upd 280] u=0 upd_ctr=10 opt_step=160 E=0.984 g=0.135 VarTD=0.143686 ret_end=-24.657 dbar_end=0.639 occ_end=0.216 CSR_train=0.000 done_count=125
[upd 290] u=0 upd_ctr=11 opt_step=176 E=0.450 g=0.142 VarTD=0.191383 ret_end=-24.831 dbar_end=0.622 occ_end=0.272 CSR_train=0.000 done_count=125
[upd 300] u=0 upd_ctr=11 opt_step=176 E=0.855 g=0.128 VarTD=0.171981 ret_end=-25.578 dbar_end=0.655 occ_end=0.216 CSR_train=0.000 done_count=125
[upd 310] u=0 upd_ctr=12 opt_step=192 E=0.302 g=0.122 VarTD=0.206290 ret_end=-25.843 dbar_end=0.671 occ_end=0.248 CSR_train=0.008 done_count=125
[Gate5 check] update_counter violations: t0=0 diffs=0
[Gate5 check] opt_step violations: t0=0 diffs=0 (expected_inc=16)
[Gate5 check] NaN masking: nan_on_skip=True finite_on_update=True
[Gate5 summary] mean_update_fraction=0.0385 final_executed_updates_mean=12.00
[Gate5 eval] done_count mean=100.0 CSR mean=0.0000 len_end_mean=26.00
[Gate5 eval] episodes_per_env=4 T_eval=104
[Gate5 eval-debug] locked_eps_occ=0.20 pre(step25): dbar_end=0.488620 occupied_end_mean=0.430000 max_tilde_end_mean=0.714197 CSR@locked=0.000000
[Gate5 eval-debug] locked_eps_occ=0.20 post(step26): dbar_end=0.498013 occupied_end_mean=0.390000 max_tilde_end_mean=0.729155 CSR@locked=0.000000
[Gate5 eval-debug] CSR_pre@0.10=0.0000 CSR_pre@0.15=0.0000 CSR_pre@0.20=0.0000 CSR_pre@0.25=0.0000 CSR_pre@0.30=0.0100
[Gate5 eval-debug] CSR_post@0.10=0.0000 CSR_post@0.15=0.0000 CSR_post@0.20=0.0000 CSR_post@0.25=0.0000 CSR_post@0.30=0.0200
