Importing submoduled environments...
Submoduled environments not found. Skipping import.
[upd 0] u=1 upd_ctr=1 opt_step=16 E=0.010 g=0.096 VarTD=0.198978 ret_end=-28.258 dbar_end=0.747 occ_end=0.170 CSR_train=0.000 done_count=100
[upd 10] u=0 upd_ctr=1 opt_step=16 E=0.101 g=0.091 VarTD=0.177568 ret_end=-27.488 dbar_end=0.762 occ_end=0.104 CSR_train=0.000 done_count=125
[upd 20] u=0 upd_ctr=1 opt_step=16 E=0.190 g=0.085 VarTD=0.179358 ret_end=-27.807 dbar_end=0.787 occ_end=0.104 CSR_train=0.000 done_count=125
[upd 30] u=0 upd_ctr=1 opt_step=16 E=0.282 g=0.083 VarTD=0.171546 ret_end=-27.833 dbar_end=0.792 occ_end=0.160 CSR_train=0.000 done_count=125
[upd 40] u=0 upd_ctr=1 opt_step=16 E=0.374 g=0.091 VarTD=0.151869 ret_end=-27.572 dbar_end=0.763 occ_end=0.168 CSR_train=0.000 done_count=125
[upd 50] u=0 upd_ctr=1 opt_step=16 E=0.466 g=0.104 VarTD=0.160383 ret_end=-27.256 dbar_end=0.721 occ_end=0.216 CSR_train=0.000 done_count=125
[upd 60] u=0 upd_ctr=1 opt_step=16 E=0.559 g=0.089 VarTD=0.172728 ret_end=-27.223 dbar_end=0.770 occ_end=0.136 CSR_train=0.000 done_count=125
[upd 70] u=0 upd_ctr=1 opt_step=16 E=0.651 g=0.106 VarTD=0.158822 ret_end=-26.454 dbar_end=0.713 occ_end=0.152 CSR_train=0.000 done_count=125
[upd 80] u=0 upd_ctr=1 opt_step=16 E=0.738 g=0.087 VarTD=0.198923 ret_end=-27.258 dbar_end=0.776 occ_end=0.168 CSR_train=0.000 done_count=125
[upd 90] u=0 upd_ctr=1 opt_step=16 E=0.827 g=0.079 VarTD=0.204889 ret_end=-28.828 dbar_end=0.809 occ_end=0.080 CSR_train=0.000 done_count=125
[upd 100] u=0 upd_ctr=1 opt_step=16 E=0.919 g=0.084 VarTD=0.166936 ret_end=-27.766 dbar_end=0.789 occ_end=0.120 CSR_train=0.000 done_count=125
[upd 110] u=1 upd_ctr=2 opt_step=32 E=0.008 g=0.083 VarTD=0.197397 ret_end=-28.624 dbar_end=0.792 occ_end=0.144 CSR_train=0.000 done_count=125
[upd 120] u=0 upd_ctr=2 opt_step=32 E=0.107 g=0.108 VarTD=0.139952 ret_end=-26.644 dbar_end=0.710 occ_end=0.176 CSR_train=0.000 done_count=125
[Gate5 check] update_counter violations: t0=0 diffs=0
[Gate5 check] opt_step violations: t0=0 diffs=0 (expected_inc=16)
[Gate5 check] NaN masking: nan_on_skip=True finite_on_update=True
[Gate5 summary] mean_update_fraction=0.0160 final_executed_updates_mean=2.00
[Gate5 eval] done_count mean=100.0 CSR mean=0.0000 len_end_mean=26.00
[Gate5 eval] episodes_per_env=4 T_eval=104
[Gate5 eval-debug] locked_eps_occ=0.20 pre(step25): dbar_end=0.744655 occupied_end_mean=0.190000 max_tilde_end_mean=1.069544 CSR@locked=0.000000
[Gate5 eval-debug] locked_eps_occ=0.20 post(step26): dbar_end=0.744227 occupied_end_mean=0.210000 max_tilde_end_mean=1.080722 CSR@locked=0.000000
[Gate5 eval-debug] CSR_pre@0.10=0.0000 CSR_pre@0.15=0.0000 CSR_pre@0.20=0.0000 CSR_pre@0.25=0.0000 CSR_pre@0.30=0.0100
[Gate5 eval-debug] CSR_post@0.10=0.0000 CSR_post@0.15=0.0000 CSR_post@0.20=0.0000 CSR_post@0.25=0.0000 CSR_post@0.30=0.0100
