Importing submoduled environments...
Submoduled environments not found. Skipping import.
[upd 0] u=1 upd_ctr=1 opt_step=16 E=0.039 g=0.097 VarTD=0.135831 ret_end=-26.760 dbar_end=0.743 occ_end=0.210 CSR_train=0.000 done_count=100
[upd 10] u=0 upd_ctr=1 opt_step=16 E=0.418 g=0.103 VarTD=0.167736 ret_end=-26.060 dbar_end=0.724 occ_end=0.152 CSR_train=0.000 done_count=125
[upd 20] u=0 upd_ctr=1 opt_step=16 E=0.785 g=0.084 VarTD=0.172577 ret_end=-27.648 dbar_end=0.790 occ_end=0.136 CSR_train=0.000 done_count=125
[upd 30] u=0 upd_ctr=2 opt_step=32 E=0.146 g=0.094 VarTD=0.196969 ret_end=-26.916 dbar_end=0.755 occ_end=0.144 CSR_train=0.000 done_count=125
[upd 40] u=0 upd_ctr=2 opt_step=32 E=0.527 g=0.101 VarTD=0.149917 ret_end=-26.646 dbar_end=0.731 occ_end=0.160 CSR_train=0.008 done_count=125
[upd 50] u=0 upd_ctr=2 opt_step=32 E=0.908 g=0.084 VarTD=0.156019 ret_end=-27.500 dbar_end=0.788 occ_end=0.120 CSR_train=0.000 done_count=125
[upd 60] u=0 upd_ctr=3 opt_step=48 E=0.272 g=0.098 VarTD=0.136882 ret_end=-27.790 dbar_end=0.741 occ_end=0.176 CSR_train=0.000 done_count=125
[upd 70] u=0 upd_ctr=3 opt_step=48 E=0.675 g=0.098 VarTD=0.126220 ret_end=-27.080 dbar_end=0.738 occ_end=0.160 CSR_train=0.000 done_count=125
[upd 80] u=1 upd_ctr=4 opt_step=64 E=0.040 g=0.100 VarTD=0.125547 ret_end=-26.925 dbar_end=0.734 occ_end=0.200 CSR_train=0.000 done_count=125
[upd 90] u=0 upd_ctr=4 opt_step=64 E=0.435 g=0.089 VarTD=0.117635 ret_end=-27.740 dbar_end=0.770 occ_end=0.096 CSR_train=0.000 done_count=125
[upd 100] u=0 upd_ctr=4 opt_step=64 E=0.830 g=0.093 VarTD=0.140689 ret_end=-27.374 dbar_end=0.756 occ_end=0.096 CSR_train=0.000 done_count=125
[upd 110] u=0 upd_ctr=5 opt_step=80 E=0.213 g=0.114 VarTD=0.150795 ret_end=-25.506 dbar_end=0.692 occ_end=0.232 CSR_train=0.000 done_count=125
[upd 120] u=0 upd_ctr=5 opt_step=80 E=0.647 g=0.115 VarTD=0.133935 ret_end=-25.878 dbar_end=0.689 occ_end=0.208 CSR_train=0.000 done_count=125
[upd 130] u=1 upd_ctr=6 opt_step=96 E=0.040 g=0.099 VarTD=0.130992 ret_end=-27.005 dbar_end=0.735 occ_end=0.220 CSR_train=0.000 done_count=100
[upd 140] u=0 upd_ctr=6 opt_step=96 E=0.490 g=0.102 VarTD=0.179255 ret_end=-27.583 dbar_end=0.727 occ_end=0.152 CSR_train=0.000 done_count=125
[upd 150] u=0 upd_ctr=6 opt_step=96 E=0.934 g=0.106 VarTD=0.162009 ret_end=-26.877 dbar_end=0.716 occ_end=0.128 CSR_train=0.000 done_count=125
[upd 160] u=0 upd_ctr=7 opt_step=112 E=0.364 g=0.108 VarTD=0.146577 ret_end=-26.513 dbar_end=0.708 occ_end=0.136 CSR_train=0.000 done_count=125
[upd 170] u=0 upd_ctr=7 opt_step=112 E=0.827 g=0.117 VarTD=0.159002 ret_end=-26.035 dbar_end=0.683 occ_end=0.208 CSR_train=0.000 done_count=125
[upd 180] u=0 upd_ctr=8 opt_step=128 E=0.291 g=0.124 VarTD=0.140240 ret_end=-25.943 dbar_end=0.665 occ_end=0.168 CSR_train=0.000 done_count=125
[upd 190] u=0 upd_ctr=8 opt_step=128 E=0.759 g=0.124 VarTD=0.138916 ret_end=-25.571 dbar_end=0.665 occ_end=0.200 CSR_train=0.000 done_count=125
[upd 200] u=0 upd_ctr=9 opt_step=144 E=0.246 g=0.114 VarTD=0.181541 ret_end=-27.019 dbar_end=0.690 occ_end=0.176 CSR_train=0.000 done_count=125
[upd 210] u=0 upd_ctr=9 opt_step=144 E=0.723 g=0.109 VarTD=0.154117 ret_end=-26.934 dbar_end=0.707 occ_end=0.184 CSR_train=0.000 done_count=125
[upd 220] u=0 upd_ctr=10 opt_step=160 E=0.194 g=0.138 VarTD=0.159921 ret_end=-25.159 dbar_end=0.631 occ_end=0.256 CSR_train=0.000 done_count=125
[upd 230] u=0 upd_ctr=10 opt_step=160 E=0.708 g=0.121 VarTD=0.137195 ret_end=-24.780 dbar_end=0.673 occ_end=0.144 CSR_train=0.000 done_count=125
[upd 240] u=0 upd_ctr=11 opt_step=176 E=0.213 g=0.134 VarTD=0.166646 ret_end=-24.808 dbar_end=0.641 occ_end=0.240 CSR_train=0.000 done_count=125
[upd 250] u=0 upd_ctr=11 opt_step=176 E=0.723 g=0.128 VarTD=0.175032 ret_end=-25.573 dbar_end=0.656 occ_end=0.264 CSR_train=0.008 done_count=125
[upd 260] u=0 upd_ctr=12 opt_step=192 E=0.213 g=0.128 VarTD=0.185776 ret_end=-25.098 dbar_end=0.656 occ_end=0.200 CSR_train=0.000 done_count=100
[upd 270] u=0 upd_ctr=12 opt_step=192 E=0.741 g=0.143 VarTD=0.164251 ret_end=-24.254 dbar_end=0.620 occ_end=0.216 CSR_train=0.000 done_count=125
[upd 280] u=0 upd_ctr=13 opt_step=208 E=0.266 g=0.132 VarTD=0.218364 ret_end=-25.217 dbar_end=0.645 occ_end=0.248 CSR_train=0.008 done_count=125
[upd 290] u=0 upd_ctr=13 opt_step=208 E=0.817 g=0.128 VarTD=0.235290 ret_end=-25.113 dbar_end=0.654 occ_end=0.192 CSR_train=0.000 done_count=125
[upd 300] u=0 upd_ctr=14 opt_step=224 E=0.321 g=0.133 VarTD=0.223254 ret_end=-25.430 dbar_end=0.644 occ_end=0.152 CSR_train=0.000 done_count=125
[upd 310] u=0 upd_ctr=14 opt_step=224 E=0.894 g=0.143 VarTD=0.231422 ret_end=-24.892 dbar_end=0.620 occ_end=0.176 CSR_train=0.000 done_count=125
[Gate5 check] update_counter violations: t0=0 diffs=0
[Gate5 check] opt_step violations: t0=0 diffs=0 (expected_inc=16)
[Gate5 check] NaN masking: nan_on_skip=True finite_on_update=True
[Gate5 summary] mean_update_fraction=0.0449 final_executed_updates_mean=14.00
[Gate5 eval] done_count mean=100.0 CSR mean=0.0100 len_end_mean=26.00
[Gate5 eval] episodes_per_env=4 T_eval=104
[Gate5 eval-debug] locked_eps_occ=0.20 pre(step25): dbar_end=0.480841 occupied_end_mean=0.430000 max_tilde_end_mean=0.708801 CSR@locked=0.000000
[Gate5 eval-debug] locked_eps_occ=0.20 post(step26): dbar_end=0.493740 occupied_end_mean=0.380000 max_tilde_end_mean=0.707629 CSR@locked=0.010000
[Gate5 eval-debug] CSR_pre@0.10=0.0000 CSR_pre@0.15=0.0000 CSR_pre@0.20=0.0000 CSR_pre@0.25=0.0000 CSR_pre@0.30=0.0300
[Gate5 eval-debug] CSR_post@0.10=0.0000 CSR_post@0.15=0.0000 CSR_post@0.20=0.0100 CSR_post@0.25=0.0100 CSR_post@0.30=0.0400
