Importing submoduled environments...
Submoduled environments not found. Skipping import.
[upd 0] u=1 upd_ctr=1 opt_step=16 E=0.027 g=0.090 VarTD=0.142063 ret_end=-26.625 dbar_end=0.768 occ_end=0.090 CSR_train=0.000 done_count=100
[upd 10] u=0 upd_ctr=1 opt_step=16 E=0.314 g=0.103 VarTD=0.114452 ret_end=-26.589 dbar_end=0.723 occ_end=0.104 CSR_train=0.000 done_count=125
[upd 20] u=0 upd_ctr=1 opt_step=16 E=0.592 g=0.094 VarTD=0.166464 ret_end=-27.135 dbar_end=0.752 occ_end=0.104 CSR_train=0.000 done_count=125
[upd 30] u=0 upd_ctr=1 opt_step=16 E=0.880 g=0.089 VarTD=0.161050 ret_end=-28.323 dbar_end=0.769 occ_end=0.160 CSR_train=0.000 done_count=125
[upd 40] u=0 upd_ctr=2 opt_step=32 E=0.146 g=0.094 VarTD=0.144981 ret_end=-26.931 dbar_end=0.754 occ_end=0.176 CSR_train=0.000 done_count=125
[upd 50] u=0 upd_ctr=2 opt_step=32 E=0.448 g=0.098 VarTD=0.147629 ret_end=-26.882 dbar_end=0.740 occ_end=0.152 CSR_train=0.000 done_count=125
[upd 60] u=0 upd_ctr=2 opt_step=32 E=0.743 g=0.096 VarTD=0.141896 ret_end=-26.572 dbar_end=0.747 occ_end=0.128 CSR_train=0.000 done_count=125
[upd 70] u=0 upd_ctr=2 opt_step=32 E=1.000 g=0.097 VarTD=0.124812 ret_end=-26.291 dbar_end=0.744 occ_end=0.208 CSR_train=0.000 done_count=125
[upd 80] u=0 upd_ctr=3 opt_step=48 E=0.311 g=0.100 VarTD=0.178227 ret_end=-27.175 dbar_end=0.734 occ_end=0.192 CSR_train=0.000 done_count=125
[upd 90] u=0 upd_ctr=3 opt_step=48 E=0.628 g=0.103 VarTD=0.141399 ret_end=-27.193 dbar_end=0.725 occ_end=0.200 CSR_train=0.000 done_count=125
[upd 100] u=0 upd_ctr=3 opt_step=48 E=0.938 g=0.101 VarTD=0.124815 ret_end=-27.185 dbar_end=0.729 occ_end=0.152 CSR_train=0.000 done_count=125
[upd 110] u=0 upd_ctr=4 opt_step=64 E=0.257 g=0.108 VarTD=0.172451 ret_end=-27.528 dbar_end=0.710 occ_end=0.200 CSR_train=0.000 done_count=125
[upd 120] u=0 upd_ctr=4 opt_step=64 E=0.575 g=0.105 VarTD=0.147770 ret_end=-26.429 dbar_end=0.719 occ_end=0.176 CSR_train=0.000 done_count=125
[upd 130] u=0 upd_ctr=4 opt_step=64 E=0.904 g=0.110 VarTD=0.144295 ret_end=-26.389 dbar_end=0.704 occ_end=0.170 CSR_train=0.000 done_count=100
[upd 140] u=0 upd_ctr=5 opt_step=80 E=0.228 g=0.104 VarTD=0.147042 ret_end=-25.930 dbar_end=0.722 occ_end=0.176 CSR_train=0.000 done_count=125
[upd 150] u=0 upd_ctr=5 opt_step=80 E=0.569 g=0.116 VarTD=0.140560 ret_end=-26.214 dbar_end=0.686 occ_end=0.184 CSR_train=0.000 done_count=125
[upd 160] u=0 upd_ctr=5 opt_step=80 E=0.911 g=0.110 VarTD=0.154641 ret_end=-26.802 dbar_end=0.702 occ_end=0.176 CSR_train=0.000 done_count=125
[upd 170] u=0 upd_ctr=6 opt_step=96 E=0.261 g=0.118 VarTD=0.155032 ret_end=-26.016 dbar_end=0.680 occ_end=0.152 CSR_train=0.000 done_count=125
[upd 180] u=0 upd_ctr=6 opt_step=96 E=0.616 g=0.116 VarTD=0.137191 ret_end=-26.302 dbar_end=0.686 occ_end=0.136 CSR_train=0.000 done_count=125
[upd 190] u=0 upd_ctr=6 opt_step=96 E=0.984 g=0.116 VarTD=0.129051 ret_end=-26.064 dbar_end=0.686 occ_end=0.136 CSR_train=0.000 done_count=125
[upd 200] u=0 upd_ctr=7 opt_step=112 E=0.326 g=0.131 VarTD=0.139228 ret_end=-25.204 dbar_end=0.648 occ_end=0.296 CSR_train=0.000 done_count=125
[upd 210] u=0 upd_ctr=7 opt_step=112 E=0.697 g=0.106 VarTD=0.170604 ret_end=-27.963 dbar_end=0.716 occ_end=0.200 CSR_train=0.000 done_count=125
[upd 220] u=1 upd_ctr=8 opt_step=128 E=0.036 g=0.119 VarTD=0.124574 ret_end=-26.394 dbar_end=0.678 occ_end=0.160 CSR_train=0.000 done_count=125
[upd 230] u=0 upd_ctr=8 opt_step=128 E=0.411 g=0.136 VarTD=0.140864 ret_end=-24.566 dbar_end=0.635 occ_end=0.216 CSR_train=0.000 done_count=125
[upd 240] u=0 upd_ctr=8 opt_step=128 E=0.782 g=0.125 VarTD=0.142401 ret_end=-25.649 dbar_end=0.661 occ_end=0.176 CSR_train=0.000 done_count=125
[upd 250] u=0 upd_ctr=9 opt_step=144 E=0.121 g=0.136 VarTD=0.134185 ret_end=-25.515 dbar_end=0.635 occ_end=0.112 CSR_train=0.000 done_count=125
[upd 260] u=0 upd_ctr=9 opt_step=144 E=0.524 g=0.134 VarTD=0.140630 ret_end=-25.524 dbar_end=0.640 occ_end=0.190 CSR_train=0.000 done_count=100
[upd 270] u=0 upd_ctr=9 opt_step=144 E=0.914 g=0.133 VarTD=0.133338 ret_end=-24.835 dbar_end=0.642 occ_end=0.208 CSR_train=0.008 done_count=125
[upd 280] u=0 upd_ctr=10 opt_step=160 E=0.292 g=0.143 VarTD=0.166952 ret_end=-24.908 dbar_end=0.619 occ_end=0.264 CSR_train=0.000 done_count=125
[upd 290] u=0 upd_ctr=10 opt_step=160 E=0.705 g=0.146 VarTD=0.165255 ret_end=-24.319 dbar_end=0.613 occ_end=0.200 CSR_train=0.008 done_count=125
[upd 300] u=0 upd_ctr=11 opt_step=176 E=0.082 g=0.137 VarTD=0.192057 ret_end=-25.308 dbar_end=0.633 occ_end=0.136 CSR_train=0.000 done_count=125
[upd 310] u=0 upd_ctr=11 opt_step=176 E=0.511 g=0.140 VarTD=0.166897 ret_end=-25.845 dbar_end=0.626 occ_end=0.192 CSR_train=0.000 done_count=125
[Gate5 check] update_counter violations: t0=0 diffs=0
[Gate5 check] opt_step violations: t0=0 diffs=0 (expected_inc=16)
[Gate5 check] NaN masking: nan_on_skip=True finite_on_update=True
[Gate5 summary] mean_update_fraction=0.0353 final_executed_updates_mean=11.00
[Gate5 eval] done_count mean=100.0 CSR mean=0.0000 len_end_mean=26.00
[Gate5 eval] episodes_per_env=4 T_eval=104
[Gate5 eval-debug] locked_eps_occ=0.20 pre(step25): dbar_end=0.478886 occupied_end_mean=0.440000 max_tilde_end_mean=0.711356 CSR@locked=0.010000
[Gate5 eval-debug] locked_eps_occ=0.20 post(step26): dbar_end=0.467856 occupied_end_mean=0.490000 max_tilde_end_mean=0.692581 CSR@locked=0.000000
[Gate5 eval-debug] CSR_pre@0.10=0.0000 CSR_pre@0.15=0.0000 CSR_pre@0.20=0.0100 CSR_pre@0.25=0.0200 CSR_pre@0.30=0.0300
[Gate5 eval-debug] CSR_post@0.10=0.0000 CSR_post@0.15=0.0000 CSR_post@0.20=0.0000 CSR_post@0.25=0.0200 CSR_post@0.30=0.0200
