Importing submoduled environments...
Submoduled environments not found. Skipping import.
[upd 0] u=1 upd_ctr=1 opt_step=16 E=0.070 g=0.099 VarTD=0.140656 ret_end=-26.323 dbar_end=0.738 occ_end=0.170 CSR_train=0.000 done_count=100
[upd 10] u=0 upd_ctr=1 opt_step=16 E=0.249 g=0.094 VarTD=0.164372 ret_end=-27.885 dbar_end=0.755 occ_end=0.144 CSR_train=0.000 done_count=125
[upd 20] u=0 upd_ctr=1 opt_step=16 E=0.427 g=0.085 VarTD=0.157447 ret_end=-28.074 dbar_end=0.784 occ_end=0.096 CSR_train=0.000 done_count=125
[upd 30] u=0 upd_ctr=1 opt_step=16 E=0.601 g=0.085 VarTD=0.189403 ret_end=-27.581 dbar_end=0.785 occ_end=0.176 CSR_train=0.000 done_count=125
[upd 40] u=0 upd_ctr=1 opt_step=16 E=0.777 g=0.088 VarTD=0.145121 ret_end=-27.434 dbar_end=0.773 occ_end=0.192 CSR_train=0.000 done_count=125
[upd 50] u=0 upd_ctr=1 opt_step=16 E=0.953 g=0.091 VarTD=0.143568 ret_end=-27.590 dbar_end=0.765 occ_end=0.112 CSR_train=0.000 done_count=125
[upd 60] u=0 upd_ctr=2 opt_step=32 E=0.191 g=0.086 VarTD=0.154527 ret_end=-27.703 dbar_end=0.780 occ_end=0.128 CSR_train=0.000 done_count=125
[upd 70] u=0 upd_ctr=2 opt_step=32 E=0.372 g=0.091 VarTD=0.151624 ret_end=-27.460 dbar_end=0.763 occ_end=0.120 CSR_train=0.000 done_count=125
[upd 80] u=0 upd_ctr=2 opt_step=32 E=0.554 g=0.088 VarTD=0.174722 ret_end=-27.759 dbar_end=0.772 occ_end=0.152 CSR_train=0.000 done_count=125
[upd 90] u=0 upd_ctr=2 opt_step=32 E=0.739 g=0.105 VarTD=0.136268 ret_end=-25.608 dbar_end=0.717 occ_end=0.272 CSR_train=0.008 done_count=125
[upd 100] u=0 upd_ctr=2 opt_step=32 E=0.934 g=0.092 VarTD=0.169992 ret_end=-27.854 dbar_end=0.761 occ_end=0.152 CSR_train=0.000 done_count=125
[upd 110] u=0 upd_ctr=3 opt_step=48 E=0.175 g=0.098 VarTD=0.157530 ret_end=-27.271 dbar_end=0.739 occ_end=0.176 CSR_train=0.000 done_count=125
[upd 120] u=0 upd_ctr=3 opt_step=48 E=0.378 g=0.112 VarTD=0.146103 ret_end=-26.492 dbar_end=0.697 occ_end=0.200 CSR_train=0.000 done_count=125
[upd 130] u=0 upd_ctr=3 opt_step=48 E=0.579 g=0.095 VarTD=0.160612 ret_end=-27.375 dbar_end=0.749 occ_end=0.190 CSR_train=0.000 done_count=100
[upd 140] u=0 upd_ctr=3 opt_step=48 E=0.779 g=0.104 VarTD=0.142707 ret_end=-26.542 dbar_end=0.722 occ_end=0.240 CSR_train=0.000 done_count=125
[upd 150] u=1 upd_ctr=4 opt_step=64 E=0.033 g=0.094 VarTD=0.175951 ret_end=-26.805 dbar_end=0.753 occ_end=0.152 CSR_train=0.000 done_count=125
[upd 160] u=0 upd_ctr=4 opt_step=64 E=0.239 g=0.114 VarTD=0.140015 ret_end=-25.745 dbar_end=0.692 occ_end=0.192 CSR_train=0.000 done_count=125
[upd 170] u=0 upd_ctr=4 opt_step=64 E=0.446 g=0.112 VarTD=0.137005 ret_end=-26.545 dbar_end=0.696 occ_end=0.184 CSR_train=0.000 done_count=125
[upd 180] u=0 upd_ctr=4 opt_step=64 E=0.657 g=0.101 VarTD=0.153658 ret_end=-27.164 dbar_end=0.729 occ_end=0.120 CSR_train=0.000 done_count=125
[upd 190] u=0 upd_ctr=4 opt_step=64 E=0.865 g=0.104 VarTD=0.179060 ret_end=-26.777 dbar_end=0.720 occ_end=0.208 CSR_train=0.000 done_count=125
[upd 200] u=0 upd_ctr=5 opt_step=80 E=0.133 g=0.114 VarTD=0.137856 ret_end=-25.975 dbar_end=0.691 occ_end=0.144 CSR_train=0.000 done_count=125
[upd 210] u=0 upd_ctr=5 opt_step=80 E=0.359 g=0.123 VarTD=0.157845 ret_end=-26.408 dbar_end=0.668 occ_end=0.256 CSR_train=0.000 done_count=125
[upd 220] u=0 upd_ctr=5 opt_step=80 E=0.588 g=0.112 VarTD=0.169874 ret_end=-27.114 dbar_end=0.698 occ_end=0.152 CSR_train=0.000 done_count=125
[upd 230] u=0 upd_ctr=5 opt_step=80 E=0.814 g=0.101 VarTD=0.146065 ret_end=-26.653 dbar_end=0.730 occ_end=0.144 CSR_train=0.000 done_count=125
[upd 240] u=0 upd_ctr=6 opt_step=96 E=0.085 g=0.123 VarTD=0.143426 ret_end=-25.706 dbar_end=0.666 occ_end=0.152 CSR_train=0.000 done_count=125
[upd 250] u=0 upd_ctr=6 opt_step=96 E=0.303 g=0.102 VarTD=0.207072 ret_end=-27.905 dbar_end=0.727 occ_end=0.256 CSR_train=0.000 done_count=125
[upd 260] u=0 upd_ctr=6 opt_step=96 E=0.517 g=0.096 VarTD=0.155696 ret_end=-27.521 dbar_end=0.746 occ_end=0.100 CSR_train=0.000 done_count=100
[upd 270] u=0 upd_ctr=6 opt_step=96 E=0.738 g=0.109 VarTD=0.185239 ret_end=-25.985 dbar_end=0.705 occ_end=0.160 CSR_train=0.000 done_count=125
[upd 280] u=0 upd_ctr=6 opt_step=96 E=0.959 g=0.119 VarTD=0.173729 ret_end=-25.903 dbar_end=0.678 occ_end=0.320 CSR_train=0.000 done_count=125
[upd 290] u=0 upd_ctr=7 opt_step=112 E=0.241 g=0.117 VarTD=0.146238 ret_end=-25.204 dbar_end=0.682 occ_end=0.144 CSR_train=0.000 done_count=125
[upd 300] u=0 upd_ctr=7 opt_step=112 E=0.483 g=0.128 VarTD=0.152039 ret_end=-25.577 dbar_end=0.654 occ_end=0.208 CSR_train=0.000 done_count=125
[upd 310] u=0 upd_ctr=7 opt_step=112 E=0.710 g=0.110 VarTD=0.159761 ret_end=-26.765 dbar_end=0.703 occ_end=0.184 CSR_train=0.000 done_count=125
[Gate5 check] update_counter violations: t0=0 diffs=0
[Gate5 check] opt_step violations: t0=0 diffs=0 (expected_inc=16)
[Gate5 check] NaN masking: nan_on_skip=True finite_on_update=True
[Gate5 summary] mean_update_fraction=0.0224 final_executed_updates_mean=7.00
[Gate5 eval] done_count mean=100.0 CSR mean=0.0000 len_end_mean=26.00
[Gate5 eval] episodes_per_env=4 T_eval=104
[Gate5 eval-debug] locked_eps_occ=0.20 pre(step25): dbar_end=0.494379 occupied_end_mean=0.480000 max_tilde_end_mean=0.748606 CSR@locked=0.000000
[Gate5 eval-debug] locked_eps_occ=0.20 post(step26): dbar_end=0.497122 occupied_end_mean=0.500000 max_tilde_end_mean=0.751100 CSR@locked=0.000000
[Gate5 eval-debug] CSR_pre@0.10=0.0000 CSR_pre@0.15=0.0000 CSR_pre@0.20=0.0000 CSR_pre@0.25=0.0200 CSR_pre@0.30=0.0500
[Gate5 eval-debug] CSR_post@0.10=0.0000 CSR_post@0.15=0.0000 CSR_post@0.20=0.0000 CSR_post@0.25=0.0000 CSR_post@0.30=0.0300
