Importing submoduled environments...
Submoduled environments not found. Skipping import.
[upd 0] u=1 upd_ctr=1 opt_step=16 E=0.348 g=0.096 VarTD=0.164885 ret_end=-27.291 dbar_end=0.746 occ_end=0.170 CSR_train=0.000 done_count=100
[upd 10] u=0 upd_ctr=2 opt_step=32 E=0.155 g=0.096 VarTD=0.129860 ret_end=-27.126 dbar_end=0.747 occ_end=0.104 CSR_train=0.000 done_count=125
[upd 20] u=0 upd_ctr=2 opt_step=32 E=0.692 g=0.116 VarTD=0.125861 ret_end=-26.275 dbar_end=0.685 occ_end=0.176 CSR_train=0.000 done_count=125
[upd 30] u=0 upd_ctr=3 opt_step=48 E=0.518 g=0.115 VarTD=0.138207 ret_end=-25.742 dbar_end=0.690 occ_end=0.152 CSR_train=0.000 done_count=125
[upd 40] u=0 upd_ctr=4 opt_step=64 E=0.348 g=0.103 VarTD=0.138841 ret_end=-26.492 dbar_end=0.724 occ_end=0.224 CSR_train=0.000 done_count=125
[upd 50] u=0 upd_ctr=5 opt_step=80 E=0.196 g=0.108 VarTD=0.142203 ret_end=-26.147 dbar_end=0.709 occ_end=0.184 CSR_train=0.000 done_count=125
[upd 60] u=0 upd_ctr=5 opt_step=80 E=0.735 g=0.092 VarTD=0.171125 ret_end=-27.889 dbar_end=0.761 occ_end=0.160 CSR_train=0.000 done_count=125
[upd 70] u=0 upd_ctr=6 opt_step=96 E=0.608 g=0.111 VarTD=0.148228 ret_end=-26.451 dbar_end=0.701 occ_end=0.208 CSR_train=0.000 done_count=125
[upd 80] u=0 upd_ctr=7 opt_step=112 E=0.498 g=0.120 VarTD=0.147508 ret_end=-25.677 dbar_end=0.674 occ_end=0.152 CSR_train=0.000 done_count=125
[upd 90] u=0 upd_ctr=8 opt_step=128 E=0.403 g=0.121 VarTD=0.142666 ret_end=-25.686 dbar_end=0.674 occ_end=0.200 CSR_train=0.000 done_count=125
[upd 100] u=0 upd_ctr=9 opt_step=144 E=0.324 g=0.121 VarTD=0.133859 ret_end=-26.118 dbar_end=0.672 occ_end=0.184 CSR_train=0.000 done_count=125
[upd 110] u=0 upd_ctr=10 opt_step=160 E=0.237 g=0.130 VarTD=0.158080 ret_end=-24.948 dbar_end=0.649 occ_end=0.216 CSR_train=0.008 done_count=125
[upd 120] u=0 upd_ctr=11 opt_step=176 E=0.144 g=0.118 VarTD=0.178300 ret_end=-25.619 dbar_end=0.681 occ_end=0.176 CSR_train=0.000 done_count=125
[Gate5 check] update_counter violations: t0=0 diffs=0
[Gate5 check] opt_step violations: t0=0 diffs=0 (expected_inc=16)
[Gate5 check] NaN masking: nan_on_skip=True finite_on_update=True
[Gate5 summary] mean_update_fraction=0.0880 final_executed_updates_mean=11.00
[Gate5 eval] done_count mean=100.0 CSR mean=0.0000 len_end_mean=26.00
[Gate5 eval] episodes_per_env=4 T_eval=104
[Gate5 eval-debug] locked_eps_occ=0.20 pre(step25): dbar_end=0.514809 occupied_end_mean=0.340000 max_tilde_end_mean=0.728237 CSR@locked=0.020000
[Gate5 eval-debug] locked_eps_occ=0.20 post(step26): dbar_end=0.509623 occupied_end_mean=0.340000 max_tilde_end_mean=0.725253 CSR@locked=0.000000
[Gate5 eval-debug] CSR_pre@0.10=0.0000 CSR_pre@0.15=0.0000 CSR_pre@0.20=0.0200 CSR_pre@0.25=0.0400 CSR_pre@0.30=0.0700
[Gate5 eval-debug] CSR_post@0.10=0.0000 CSR_post@0.15=0.0000 CSR_post@0.20=0.0000 CSR_post@0.25=0.0100 CSR_post@0.30=0.0400
