Importing submoduled environments...
Submoduled environments not found. Skipping import.
[upd 0] u=1 upd_ctr=1 opt_step=16 E=0.138 g=0.088 VarTD=0.137352 ret_end=-28.134 dbar_end=0.773 occ_end=0.220 CSR_train=0.000 done_count=100
[upd 10] u=1 upd_ctr=2 opt_step=32 E=0.114 g=0.093 VarTD=0.158535 ret_end=-28.458 dbar_end=0.756 occ_end=0.184 CSR_train=0.000 done_count=125
[upd 20] u=1 upd_ctr=3 opt_step=48 E=0.131 g=0.109 VarTD=0.132495 ret_end=-26.357 dbar_end=0.705 occ_end=0.232 CSR_train=0.000 done_count=125
[upd 30] u=0 upd_ctr=4 opt_step=64 E=0.228 g=0.103 VarTD=0.155468 ret_end=-27.027 dbar_end=0.724 occ_end=0.232 CSR_train=0.000 done_count=125
[upd 40] u=0 upd_ctr=5 opt_step=80 E=0.378 g=0.112 VarTD=0.136687 ret_end=-26.293 dbar_end=0.696 occ_end=0.176 CSR_train=0.000 done_count=125
[upd 50] u=0 upd_ctr=6 opt_step=96 E=0.518 g=0.121 VarTD=0.146944 ret_end=-26.311 dbar_end=0.673 occ_end=0.248 CSR_train=0.000 done_count=125
[upd 60] u=0 upd_ctr=7 opt_step=112 E=0.742 g=0.125 VarTD=0.134512 ret_end=-26.052 dbar_end=0.662 occ_end=0.264 CSR_train=0.000 done_count=125
[upd 70] u=0 upd_ctr=8 opt_step=128 E=1.000 g=0.113 VarTD=0.148859 ret_end=-26.426 dbar_end=0.694 occ_end=0.232 CSR_train=0.000 done_count=125
[upd 80] u=0 upd_ctr=10 opt_step=160 E=0.308 g=0.130 VarTD=0.131944 ret_end=-24.325 dbar_end=0.649 occ_end=0.168 CSR_train=0.000 done_count=125
[upd 90] u=0 upd_ctr=11 opt_step=176 E=0.731 g=0.135 VarTD=0.172552 ret_end=-25.305 dbar_end=0.637 occ_end=0.200 CSR_train=0.000 done_count=125
[upd 100] u=1 upd_ctr=13 opt_step=208 E=0.194 g=0.144 VarTD=0.180337 ret_end=-24.527 dbar_end=0.618 occ_end=0.280 CSR_train=0.000 done_count=125
[upd 110] u=0 upd_ctr=14 opt_step=224 E=0.605 g=0.144 VarTD=0.225847 ret_end=-24.007 dbar_end=0.617 occ_end=0.240 CSR_train=0.000 done_count=125
[upd 120] u=0 upd_ctr=15 opt_step=240 E=1.000 g=0.134 VarTD=0.276200 ret_end=-25.368 dbar_end=0.640 occ_end=0.216 CSR_train=0.000 done_count=125
[upd 130] u=0 upd_ctr=17 opt_step=272 E=0.474 g=0.156 VarTD=0.320935 ret_end=-24.340 dbar_end=0.591 occ_end=0.170 CSR_train=0.000 done_count=100
[upd 140] u=0 upd_ctr=18 opt_step=288 E=0.954 g=0.146 VarTD=0.454496 ret_end=-25.533 dbar_end=0.613 occ_end=0.240 CSR_train=0.000 done_count=125
[upd 150] u=0 upd_ctr=20 opt_step=320 E=0.532 g=0.165 VarTD=0.594808 ret_end=-23.467 dbar_end=0.574 occ_end=0.256 CSR_train=0.000 done_count=125
[upd 160] u=1 upd_ctr=22 opt_step=352 E=0.183 g=0.135 VarTD=0.723485 ret_end=-25.895 dbar_end=0.637 occ_end=0.272 CSR_train=0.000 done_count=125
[upd 170] u=0 upd_ctr=23 opt_step=368 E=0.670 g=0.158 VarTD=0.896825 ret_end=-24.109 dbar_end=0.588 occ_end=0.288 CSR_train=0.000 done_count=125
[upd 180] u=0 upd_ctr=25 opt_step=400 E=0.351 g=0.155 VarTD=1.129782 ret_end=-25.006 dbar_end=0.595 occ_end=0.224 CSR_train=0.000 done_count=125
[upd 190] u=0 upd_ctr=26 opt_step=416 E=0.836 g=0.160 VarTD=1.226657 ret_end=-24.622 dbar_end=0.584 occ_end=0.248 CSR_train=0.000 done_count=125
[upd 200] u=0 upd_ctr=28 opt_step=448 E=0.548 g=0.158 VarTD=1.525591 ret_end=-23.909 dbar_end=0.588 occ_end=0.280 CSR_train=0.000 done_count=125
[upd 210] u=1 upd_ctr=30 opt_step=480 E=0.217 g=0.167 VarTD=1.667924 ret_end=-24.817 dbar_end=0.570 occ_end=0.272 CSR_train=0.000 done_count=125
[upd 220] u=0 upd_ctr=31 opt_step=496 E=0.886 g=0.162 VarTD=1.968619 ret_end=-23.599 dbar_end=0.580 occ_end=0.360 CSR_train=0.000 done_count=125
[upd 230] u=0 upd_ctr=33 opt_step=528 E=0.592 g=0.179 VarTD=2.361015 ret_end=-23.265 dbar_end=0.548 occ_end=0.272 CSR_train=0.000 done_count=125
[upd 240] u=1 upd_ctr=35 opt_step=560 E=0.213 g=0.163 VarTD=2.519309 ret_end=-23.741 dbar_end=0.579 occ_end=0.192 CSR_train=0.000 done_count=125
[upd 250] u=0 upd_ctr=36 opt_step=576 E=0.911 g=0.188 VarTD=2.858031 ret_end=-23.690 dbar_end=0.533 occ_end=0.288 CSR_train=0.000 done_count=125
[upd 260] u=0 upd_ctr=38 opt_step=608 E=0.545 g=0.165 VarTD=2.586974 ret_end=-24.115 dbar_end=0.575 occ_end=0.230 CSR_train=0.000 done_count=100
[upd 270] u=1 upd_ctr=40 opt_step=640 E=0.233 g=0.183 VarTD=3.353923 ret_end=-23.781 dbar_end=0.542 occ_end=0.240 CSR_train=0.000 done_count=125
[upd 280] u=0 upd_ctr=41 opt_step=656 E=0.937 g=0.160 VarTD=3.682768 ret_end=-24.802 dbar_end=0.584 occ_end=0.232 CSR_train=0.000 done_count=125
[upd 290] u=0 upd_ctr=43 opt_step=688 E=0.561 g=0.172 VarTD=4.035787 ret_end=-23.764 dbar_end=0.560 occ_end=0.264 CSR_train=0.008 done_count=125
[upd 300] u=0 upd_ctr=45 opt_step=720 E=0.374 g=0.183 VarTD=4.394211 ret_end=-23.285 dbar_end=0.540 occ_end=0.272 CSR_train=0.000 done_count=125
[upd 310] u=0 upd_ctr=46 opt_step=736 E=1.000 g=0.183 VarTD=4.606819 ret_end=-22.694 dbar_end=0.542 occ_end=0.328 CSR_train=0.000 done_count=125
[Gate5 check] update_counter violations: t0=0 diffs=0
[Gate5 check] opt_step violations: t0=0 diffs=0 (expected_inc=16)
[Gate5 check] NaN masking: nan_on_skip=True finite_on_update=True
[Gate5 summary] mean_update_fraction=0.1506 final_executed_updates_mean=47.00
[Gate5 eval] done_count mean=100.0 CSR mean=0.0000 len_end_mean=26.00
[Gate5 eval] episodes_per_env=4 T_eval=104
[Gate5 eval-debug] locked_eps_occ=0.20 pre(step25): dbar_end=0.491869 occupied_end_mean=0.340000 max_tilde_end_mean=0.686159 CSR@locked=0.000000
[Gate5 eval-debug] locked_eps_occ=0.20 post(step26): dbar_end=0.480605 occupied_end_mean=0.350000 max_tilde_end_mean=0.675627 CSR@locked=0.000000
[Gate5 eval-debug] CSR_pre@0.10=0.0000 CSR_pre@0.15=0.0000 CSR_pre@0.20=0.0000 CSR_pre@0.25=0.0200 CSR_pre@0.30=0.0300
[Gate5 eval-debug] CSR_post@0.10=0.0000 CSR_post@0.15=0.0000 CSR_post@0.20=0.0000 CSR_post@0.25=0.0100 CSR_post@0.30=0.0400
