Importing submoduled environments...
Submoduled environments not found. Skipping import.
[upd 0] u=1 upd_ctr=1 opt_step=16 E=1.000 g=0.096 VarTD=0.158273 ret_end=-27.822 dbar_end=0.748 occ_end=0.150 CSR_train=0.000 done_count=100
[upd 10] u=1 upd_ctr=11 opt_step=176 E=1.000 g=0.139 VarTD=0.189952 ret_end=-24.785 dbar_end=0.628 occ_end=0.264 CSR_train=0.000 done_count=125
[upd 20] u=1 upd_ctr=21 opt_step=336 E=1.000 g=0.144 VarTD=0.610894 ret_end=-24.971 dbar_end=0.617 occ_end=0.208 CSR_train=0.000 done_count=125
[upd 30] u=1 upd_ctr=31 opt_step=496 E=1.000 g=0.142 VarTD=1.778834 ret_end=-25.989 dbar_end=0.621 occ_end=0.256 CSR_train=0.000 done_count=125
[upd 40] u=1 upd_ctr=41 opt_step=656 E=1.000 g=0.175 VarTD=3.487363 ret_end=-23.853 dbar_end=0.555 occ_end=0.280 CSR_train=0.000 done_count=125
[upd 50] u=1 upd_ctr=51 opt_step=816 E=1.000 g=0.189 VarTD=4.816162 ret_end=-22.581 dbar_end=0.530 occ_end=0.312 CSR_train=0.000 done_count=125
[upd 60] u=1 upd_ctr=61 opt_step=976 E=1.000 g=0.179 VarTD=5.482915 ret_end=-23.438 dbar_end=0.549 occ_end=0.256 CSR_train=0.008 done_count=125
[upd 70] u=1 upd_ctr=71 opt_step=1136 E=1.000 g=0.172 VarTD=5.519597 ret_end=-24.181 dbar_end=0.561 occ_end=0.216 CSR_train=0.000 done_count=125
[upd 80] u=1 upd_ctr=81 opt_step=1296 E=1.000 g=0.187 VarTD=5.275496 ret_end=-22.340 dbar_end=0.534 occ_end=0.360 CSR_train=0.000 done_count=125
[upd 90] u=1 upd_ctr=91 opt_step=1456 E=1.000 g=0.156 VarTD=4.730219 ret_end=-23.573 dbar_end=0.591 occ_end=0.296 CSR_train=0.000 done_count=125
[upd 100] u=1 upd_ctr=101 opt_step=1616 E=1.000 g=0.161 VarTD=4.367333 ret_end=-23.461 dbar_end=0.581 occ_end=0.144 CSR_train=0.000 done_count=125
[upd 110] u=1 upd_ctr=111 opt_step=1776 E=1.000 g=0.141 VarTD=3.870956 ret_end=-24.041 dbar_end=0.623 occ_end=0.256 CSR_train=0.000 done_count=125
[upd 120] u=1 upd_ctr=121 opt_step=1936 E=1.000 g=0.105 VarTD=2.907619 ret_end=-25.972 dbar_end=0.718 occ_end=0.184 CSR_train=0.000 done_count=125
[upd 130] u=1 upd_ctr=131 opt_step=2096 E=1.000 g=0.127 VarTD=2.735464 ret_end=-24.170 dbar_end=0.657 occ_end=0.190 CSR_train=0.000 done_count=100
[upd 140] u=1 upd_ctr=141 opt_step=2256 E=1.000 g=0.113 VarTD=2.606663 ret_end=-25.011 dbar_end=0.694 occ_end=0.176 CSR_train=0.000 done_count=125
[upd 150] u=1 upd_ctr=151 opt_step=2416 E=1.000 g=0.132 VarTD=3.335299 ret_end=-24.298 dbar_end=0.645 occ_end=0.216 CSR_train=0.000 done_count=125
[upd 160] u=1 upd_ctr=161 opt_step=2576 E=1.000 g=0.113 VarTD=2.592518 ret_end=-25.738 dbar_end=0.694 occ_end=0.200 CSR_train=0.000 done_count=125
[upd 170] u=1 upd_ctr=171 opt_step=2736 E=1.000 g=0.132 VarTD=2.831040 ret_end=-23.700 dbar_end=0.645 occ_end=0.248 CSR_train=0.000 done_count=125
[upd 180] u=1 upd_ctr=181 opt_step=2896 E=1.000 g=0.117 VarTD=2.396621 ret_end=-25.067 dbar_end=0.683 occ_end=0.152 CSR_train=0.000 done_count=125
[upd 190] u=1 upd_ctr=191 opt_step=3056 E=1.000 g=0.118 VarTD=2.115279 ret_end=-25.329 dbar_end=0.682 occ_end=0.136 CSR_train=0.000 done_count=125
[upd 200] u=1 upd_ctr=201 opt_step=3216 E=1.000 g=0.109 VarTD=2.280734 ret_end=-25.412 dbar_end=0.706 occ_end=0.184 CSR_train=0.000 done_count=125
[upd 210] u=1 upd_ctr=211 opt_step=3376 E=1.000 g=0.105 VarTD=2.305907 ret_end=-25.682 dbar_end=0.718 occ_end=0.152 CSR_train=0.000 done_count=125
[upd 220] u=1 upd_ctr=221 opt_step=3536 E=1.000 g=0.112 VarTD=2.289973 ret_end=-24.492 dbar_end=0.697 occ_end=0.200 CSR_train=0.000 done_count=125
[upd 230] u=1 upd_ctr=231 opt_step=3696 E=1.000 g=0.095 VarTD=2.504563 ret_end=-26.073 dbar_end=0.749 occ_end=0.160 CSR_train=0.000 done_count=125
[upd 240] u=1 upd_ctr=241 opt_step=3856 E=1.000 g=0.127 VarTD=2.117168 ret_end=-24.801 dbar_end=0.657 occ_end=0.216 CSR_train=0.000 done_count=125
[upd 250] u=1 upd_ctr=251 opt_step=4016 E=1.000 g=0.116 VarTD=2.586327 ret_end=-24.585 dbar_end=0.685 occ_end=0.248 CSR_train=0.000 done_count=125
[upd 260] u=1 upd_ctr=261 opt_step=4176 E=1.000 g=0.108 VarTD=1.772736 ret_end=-25.661 dbar_end=0.709 occ_end=0.150 CSR_train=0.000 done_count=100
[upd 270] u=1 upd_ctr=271 opt_step=4336 E=1.000 g=0.122 VarTD=2.229360 ret_end=-25.104 dbar_end=0.670 occ_end=0.224 CSR_train=0.000 done_count=125
[upd 280] u=1 upd_ctr=281 opt_step=4496 E=1.000 g=0.116 VarTD=2.315829 ret_end=-25.233 dbar_end=0.687 occ_end=0.184 CSR_train=0.000 done_count=125
[upd 290] u=1 upd_ctr=291 opt_step=4656 E=1.000 g=0.131 VarTD=2.440424 ret_end=-24.169 dbar_end=0.648 occ_end=0.192 CSR_train=0.000 done_count=125
[upd 300] u=1 upd_ctr=301 opt_step=4816 E=1.000 g=0.130 VarTD=2.165453 ret_end=-25.029 dbar_end=0.650 occ_end=0.240 CSR_train=0.000 done_count=125
[upd 310] u=1 upd_ctr=311 opt_step=4976 E=1.000 g=0.125 VarTD=2.516207 ret_end=-25.062 dbar_end=0.664 occ_end=0.200 CSR_train=0.000 done_count=125
[Gate5 check] update_counter violations: t0=0 diffs=0
[Gate5 check] opt_step violations: t0=0 diffs=0 (expected_inc=16)
[Gate5 check] NaN masking: nan_on_skip=True finite_on_update=True
[Gate5 summary] mean_update_fraction=1.0000 final_executed_updates_mean=312.00
[Gate5 eval] done_count mean=100.0 CSR mean=0.0000 len_end_mean=26.00
[Gate5 eval] episodes_per_env=4 T_eval=104
[Gate5 eval-debug] locked_eps_occ=0.20 pre(step25): dbar_end=0.608949 occupied_end_mean=0.260000 max_tilde_end_mean=0.875841 CSR@locked=0.000000
[Gate5 eval-debug] locked_eps_occ=0.20 post(step26): dbar_end=0.608141 occupied_end_mean=0.250000 max_tilde_end_mean=0.881981 CSR@locked=0.000000
[Gate5 eval-debug] CSR_pre@0.10=0.0000 CSR_pre@0.15=0.0000 CSR_pre@0.20=0.0000 CSR_pre@0.25=0.0100 CSR_pre@0.30=0.0200
[Gate5 eval-debug] CSR_post@0.10=0.0000 CSR_post@0.15=0.0000 CSR_post@0.20=0.0000 CSR_post@0.25=0.0000 CSR_post@0.30=0.0100
