Importing submoduled environments...
Submoduled environments not found. Skipping import.
[upd 0] u=1 upd_ctr=1 opt_step=16 E=0.025 g=0.084 VarTD=0.159484 ret_end=-27.958 dbar_end=0.788 occ_end=0.180 CSR_train=0.000 done_count=100
[upd 10] u=0 upd_ctr=1 opt_step=16 E=0.304 g=0.095 VarTD=0.154696 ret_end=-26.642 dbar_end=0.751 occ_end=0.136 CSR_train=0.000 done_count=125
[upd 20] u=0 upd_ctr=1 opt_step=16 E=0.578 g=0.095 VarTD=0.129269 ret_end=-26.530 dbar_end=0.751 occ_end=0.184 CSR_train=0.000 done_count=125
[upd 30] u=0 upd_ctr=1 opt_step=16 E=0.851 g=0.093 VarTD=0.169387 ret_end=-27.196 dbar_end=0.756 occ_end=0.152 CSR_train=0.000 done_count=125
[upd 40] u=0 upd_ctr=2 opt_step=32 E=0.116 g=0.101 VarTD=0.146619 ret_end=-27.162 dbar_end=0.729 occ_end=0.240 CSR_train=0.000 done_count=125
[upd 50] u=0 upd_ctr=2 opt_step=32 E=0.420 g=0.099 VarTD=0.133927 ret_end=-27.069 dbar_end=0.735 occ_end=0.120 CSR_train=0.000 done_count=125
[upd 60] u=0 upd_ctr=2 opt_step=32 E=0.711 g=0.095 VarTD=0.138321 ret_end=-27.653 dbar_end=0.751 occ_end=0.144 CSR_train=0.000 done_count=125
[upd 70] u=0 upd_ctr=2 opt_step=32 E=1.000 g=0.093 VarTD=0.168413 ret_end=-27.570 dbar_end=0.756 occ_end=0.160 CSR_train=0.000 done_count=125
[upd 80] u=0 upd_ctr=3 opt_step=48 E=0.308 g=0.110 VarTD=0.132093 ret_end=-25.996 dbar_end=0.702 occ_end=0.168 CSR_train=0.000 done_count=125
[upd 90] u=0 upd_ctr=3 opt_step=48 E=0.621 g=0.106 VarTD=0.137689 ret_end=-26.818 dbar_end=0.715 occ_end=0.176 CSR_train=0.000 done_count=125
[upd 100] u=0 upd_ctr=3 opt_step=48 E=0.941 g=0.111 VarTD=0.123518 ret_end=-25.728 dbar_end=0.701 occ_end=0.224 CSR_train=0.000 done_count=125
[upd 110] u=0 upd_ctr=4 opt_step=64 E=0.229 g=0.123 VarTD=0.138668 ret_end=-25.662 dbar_end=0.668 occ_end=0.200 CSR_train=0.000 done_count=125
[upd 120] u=0 upd_ctr=4 opt_step=64 E=0.553 g=0.119 VarTD=0.130972 ret_end=-25.613 dbar_end=0.677 occ_end=0.136 CSR_train=0.000 done_count=125
[upd 130] u=0 upd_ctr=4 opt_step=64 E=0.882 g=0.117 VarTD=0.131561 ret_end=-26.249 dbar_end=0.684 occ_end=0.210 CSR_train=0.000 done_count=100
[upd 140] u=0 upd_ctr=5 opt_step=80 E=0.200 g=0.119 VarTD=0.147300 ret_end=-26.005 dbar_end=0.677 occ_end=0.200 CSR_train=0.000 done_count=125
[upd 150] u=0 upd_ctr=5 opt_step=80 E=0.542 g=0.117 VarTD=0.149497 ret_end=-26.411 dbar_end=0.683 occ_end=0.248 CSR_train=0.000 done_count=125
[upd 160] u=0 upd_ctr=5 opt_step=80 E=0.898 g=0.114 VarTD=0.125300 ret_end=-24.549 dbar_end=0.692 occ_end=0.152 CSR_train=0.000 done_count=125
[upd 170] u=0 upd_ctr=6 opt_step=96 E=0.203 g=0.104 VarTD=0.149924 ret_end=-26.778 dbar_end=0.722 occ_end=0.176 CSR_train=0.000 done_count=125
[upd 180] u=0 upd_ctr=6 opt_step=96 E=0.550 g=0.119 VarTD=0.154825 ret_end=-25.433 dbar_end=0.677 occ_end=0.224 CSR_train=0.000 done_count=125
[upd 190] u=0 upd_ctr=6 opt_step=96 E=0.896 g=0.108 VarTD=0.158647 ret_end=-26.939 dbar_end=0.708 occ_end=0.184 CSR_train=0.000 done_count=125
[upd 200] u=0 upd_ctr=7 opt_step=112 E=0.214 g=0.132 VarTD=0.148054 ret_end=-24.613 dbar_end=0.646 occ_end=0.224 CSR_train=0.000 done_count=125
[upd 210] u=0 upd_ctr=7 opt_step=112 E=0.569 g=0.131 VarTD=0.146844 ret_end=-25.464 dbar_end=0.648 occ_end=0.216 CSR_train=0.000 done_count=125
[upd 220] u=0 upd_ctr=7 opt_step=112 E=0.929 g=0.133 VarTD=0.133255 ret_end=-24.982 dbar_end=0.641 occ_end=0.232 CSR_train=0.000 done_count=125
[upd 230] u=0 upd_ctr=8 opt_step=128 E=0.248 g=0.104 VarTD=0.189096 ret_end=-27.218 dbar_end=0.722 occ_end=0.128 CSR_train=0.000 done_count=125
[upd 240] u=0 upd_ctr=8 opt_step=128 E=0.619 g=0.132 VarTD=0.144016 ret_end=-25.342 dbar_end=0.645 occ_end=0.264 CSR_train=0.008 done_count=125
[upd 250] u=0 upd_ctr=8 opt_step=128 E=0.973 g=0.115 VarTD=0.191071 ret_end=-26.451 dbar_end=0.688 occ_end=0.272 CSR_train=0.008 done_count=125
[upd 260] u=0 upd_ctr=9 opt_step=144 E=0.337 g=0.122 VarTD=0.155054 ret_end=-26.146 dbar_end=0.670 occ_end=0.190 CSR_train=0.000 done_count=100
[upd 270] u=0 upd_ctr=9 opt_step=144 E=0.714 g=0.123 VarTD=0.176067 ret_end=-25.710 dbar_end=0.667 occ_end=0.208 CSR_train=0.000 done_count=125
[upd 280] u=0 upd_ctr=10 opt_step=160 E=0.079 g=0.141 VarTD=0.172206 ret_end=-25.138 dbar_end=0.623 occ_end=0.296 CSR_train=0.000 done_count=125
[upd 290] u=0 upd_ctr=10 opt_step=160 E=0.479 g=0.132 VarTD=0.167053 ret_end=-25.792 dbar_end=0.645 occ_end=0.304 CSR_train=0.000 done_count=125
[upd 300] u=0 upd_ctr=10 opt_step=160 E=0.865 g=0.119 VarTD=0.162539 ret_end=-26.307 dbar_end=0.677 occ_end=0.208 CSR_train=0.000 done_count=125
[upd 310] u=0 upd_ctr=11 opt_step=176 E=0.251 g=0.137 VarTD=0.178638 ret_end=-25.456 dbar_end=0.634 occ_end=0.184 CSR_train=0.000 done_count=125
[Gate5 check] update_counter violations: t0=0 diffs=0
[Gate5 check] opt_step violations: t0=0 diffs=0 (expected_inc=16)
[Gate5 check] NaN masking: nan_on_skip=True finite_on_update=True
[Gate5 summary] mean_update_fraction=0.0353 final_executed_updates_mean=11.00
[Gate5 eval] done_count mean=100.0 CSR mean=0.0000 len_end_mean=26.00
[Gate5 eval] episodes_per_env=4 T_eval=104
[Gate5 eval-debug] locked_eps_occ=0.20 pre(step25): dbar_end=0.523247 occupied_end_mean=0.480000 max_tilde_end_mean=0.782151 CSR@locked=0.000000
[Gate5 eval-debug] locked_eps_occ=0.20 post(step26): dbar_end=0.522476 occupied_end_mean=0.410000 max_tilde_end_mean=0.780446 CSR@locked=0.000000
[Gate5 eval-debug] CSR_pre@0.10=0.0000 CSR_pre@0.15=0.0000 CSR_pre@0.20=0.0000 CSR_pre@0.25=0.0100 CSR_pre@0.30=0.0100
[Gate5 eval-debug] CSR_post@0.10=0.0000 CSR_post@0.15=0.0000 CSR_post@0.20=0.0000 CSR_post@0.25=0.0100 CSR_post@0.30=0.0200
