Importing submoduled environments...
Submoduled environments not found. Skipping import.
[upd 0] u=1 upd_ctr=1 opt_step=16 E=0.066 g=0.073 VarTD=0.176583 ret_end=-28.932 dbar_end=0.832 occ_end=0.120 CSR_train=0.000 done_count=100
[upd 10] u=0 upd_ctr=1 opt_step=16 E=0.877 g=0.084 VarTD=0.145375 ret_end=-27.822 dbar_end=0.789 occ_end=0.112 CSR_train=0.000 done_count=125
[upd 20] u=0 upd_ctr=2 opt_step=32 E=0.724 g=0.103 VarTD=0.141277 ret_end=-26.893 dbar_end=0.725 occ_end=0.208 CSR_train=0.000 done_count=125
[upd 30] u=0 upd_ctr=3 opt_step=48 E=0.531 g=0.104 VarTD=0.135230 ret_end=-25.876 dbar_end=0.720 occ_end=0.216 CSR_train=0.000 done_count=125
[upd 40] u=0 upd_ctr=4 opt_step=64 E=0.368 g=0.104 VarTD=0.165941 ret_end=-26.726 dbar_end=0.720 occ_end=0.176 CSR_train=0.000 done_count=125
[upd 50] u=0 upd_ctr=5 opt_step=80 E=0.282 g=0.099 VarTD=0.175810 ret_end=-27.448 dbar_end=0.738 occ_end=0.160 CSR_train=0.000 done_count=125
[upd 60] u=0 upd_ctr=6 opt_step=96 E=0.193 g=0.111 VarTD=0.132837 ret_end=-25.455 dbar_end=0.701 occ_end=0.144 CSR_train=0.000 done_count=125
[upd 70] u=1 upd_ctr=7 opt_step=112 E=0.097 g=0.108 VarTD=0.144676 ret_end=-25.842 dbar_end=0.709 occ_end=0.160 CSR_train=0.000 done_count=125
[upd 80] u=0 upd_ctr=7 opt_step=112 E=1.000 g=0.103 VarTD=0.158399 ret_end=-27.530 dbar_end=0.725 occ_end=0.200 CSR_train=0.000 done_count=125
[upd 90] u=0 upd_ctr=8 opt_step=128 E=1.000 g=0.111 VarTD=0.146530 ret_end=-26.941 dbar_end=0.700 occ_end=0.200 CSR_train=0.000 done_count=125
[upd 100] u=0 upd_ctr=9 opt_step=144 E=1.000 g=0.127 VarTD=0.157291 ret_end=-26.295 dbar_end=0.657 occ_end=0.208 CSR_train=0.000 done_count=125
[upd 110] u=0 upd_ctr=10 opt_step=160 E=1.000 g=0.131 VarTD=0.174294 ret_end=-24.843 dbar_end=0.648 occ_end=0.176 CSR_train=0.008 done_count=125
[upd 120] u=1 upd_ctr=12 opt_step=192 E=0.120 g=0.134 VarTD=0.173334 ret_end=-25.238 dbar_end=0.641 occ_end=0.256 CSR_train=0.000 done_count=125
[upd 130] u=0 upd_ctr=13 opt_step=208 E=0.239 g=0.136 VarTD=0.192119 ret_end=-24.491 dbar_end=0.636 occ_end=0.210 CSR_train=0.000 done_count=100
[upd 140] u=0 upd_ctr=14 opt_step=224 E=0.341 g=0.127 VarTD=0.280750 ret_end=-26.201 dbar_end=0.658 occ_end=0.200 CSR_train=0.008 done_count=125
[upd 150] u=0 upd_ctr=15 opt_step=240 E=0.497 g=0.135 VarTD=0.298650 ret_end=-25.897 dbar_end=0.638 occ_end=0.216 CSR_train=0.000 done_count=125
[upd 160] u=0 upd_ctr=16 opt_step=256 E=0.629 g=0.139 VarTD=0.361018 ret_end=-25.102 dbar_end=0.629 occ_end=0.232 CSR_train=0.000 done_count=125
[upd 170] u=0 upd_ctr=17 opt_step=272 E=0.889 g=0.138 VarTD=0.399959 ret_end=-25.160 dbar_end=0.630 occ_end=0.208 CSR_train=0.000 done_count=125
[upd 180] u=1 upd_ctr=19 opt_step=304 E=0.135 g=0.150 VarTD=0.430484 ret_end=-23.921 dbar_end=0.604 occ_end=0.288 CSR_train=0.000 done_count=125
[upd 190] u=0 upd_ctr=20 opt_step=320 E=0.412 g=0.147 VarTD=0.615961 ret_end=-25.185 dbar_end=0.611 occ_end=0.248 CSR_train=0.000 done_count=125
[upd 200] u=0 upd_ctr=21 opt_step=336 E=0.664 g=0.142 VarTD=0.775938 ret_end=-25.793 dbar_end=0.623 occ_end=0.248 CSR_train=0.000 done_count=125
[upd 210] u=0 upd_ctr=22 opt_step=352 E=0.977 g=0.147 VarTD=0.801042 ret_end=-24.940 dbar_end=0.610 occ_end=0.200 CSR_train=0.000 done_count=125
[upd 220] u=1 upd_ctr=24 opt_step=384 E=0.143 g=0.159 VarTD=0.951276 ret_end=-24.318 dbar_end=0.586 occ_end=0.248 CSR_train=0.000 done_count=125
[upd 230] u=0 upd_ctr=25 opt_step=400 E=0.569 g=0.163 VarTD=1.144683 ret_end=-23.773 dbar_end=0.578 occ_end=0.336 CSR_train=0.008 done_count=125
[upd 240] u=0 upd_ctr=26 opt_step=416 E=0.992 g=0.148 VarTD=1.245174 ret_end=-24.580 dbar_end=0.609 occ_end=0.248 CSR_train=0.000 done_count=125
[upd 250] u=0 upd_ctr=28 opt_step=448 E=0.286 g=0.155 VarTD=1.506386 ret_end=-24.712 dbar_end=0.594 occ_end=0.248 CSR_train=0.000 done_count=125
[upd 260] u=0 upd_ctr=29 opt_step=464 E=0.779 g=0.188 VarTD=1.416775 ret_end=-23.094 dbar_end=0.533 occ_end=0.340 CSR_train=0.000 done_count=100
[upd 270] u=1 upd_ctr=31 opt_step=496 E=0.152 g=0.169 VarTD=1.865272 ret_end=-23.517 dbar_end=0.566 occ_end=0.328 CSR_train=0.000 done_count=125
[upd 280] u=0 upd_ctr=32 opt_step=512 E=0.611 g=0.162 VarTD=2.192277 ret_end=-23.759 dbar_end=0.581 occ_end=0.264 CSR_train=0.000 done_count=125
[upd 290] u=0 upd_ctr=33 opt_step=528 E=1.000 g=0.156 VarTD=2.305276 ret_end=-23.640 dbar_end=0.592 occ_end=0.256 CSR_train=0.000 done_count=125
[upd 300] u=0 upd_ctr=35 opt_step=560 E=0.467 g=0.180 VarTD=2.745921 ret_end=-23.098 dbar_end=0.546 occ_end=0.368 CSR_train=0.008 done_count=125
[upd 310] u=0 upd_ctr=36 opt_step=576 E=0.934 g=0.160 VarTD=2.817936 ret_end=-24.266 dbar_end=0.583 occ_end=0.296 CSR_train=0.000 done_count=125
[Gate5 check] update_counter violations: t0=0 diffs=0
[Gate5 check] opt_step violations: t0=0 diffs=0 (expected_inc=16)
[Gate5 check] NaN masking: nan_on_skip=True finite_on_update=True
[Gate5 summary] mean_update_fraction=0.1154 final_executed_updates_mean=36.00
[Gate5 eval] done_count mean=100.0 CSR mean=0.0100 len_end_mean=26.00
[Gate5 eval] episodes_per_env=4 T_eval=104
[Gate5 eval-debug] locked_eps_occ=0.20 pre(step25): dbar_end=0.486396 occupied_end_mean=0.420000 max_tilde_end_mean=0.721775 CSR@locked=0.000000
[Gate5 eval-debug] locked_eps_occ=0.20 post(step26): dbar_end=0.486791 occupied_end_mean=0.410000 max_tilde_end_mean=0.712806 CSR@locked=0.010000
[Gate5 eval-debug] CSR_pre@0.10=0.0000 CSR_pre@0.15=0.0000 CSR_pre@0.20=0.0000 CSR_pre@0.25=0.0100 CSR_pre@0.30=0.0300
[Gate5 eval-debug] CSR_post@0.10=0.0000 CSR_post@0.15=0.0000 CSR_post@0.20=0.0100 CSR_post@0.25=0.0200 CSR_post@0.30=0.0500
