Importing submoduled environments...
Submoduled environments not found. Skipping import.
[upd 0] u=1 upd_ctr=1 opt_step=16 E=0.275 g=0.083 VarTD=0.159821 ret_end=-27.605 dbar_end=0.794 occ_end=0.110 CSR_train=0.000 done_count=100
[upd 10] u=0 upd_ctr=2 opt_step=32 E=0.288 g=0.092 VarTD=0.160919 ret_end=-27.322 dbar_end=0.761 occ_end=0.200 CSR_train=0.000 done_count=125
[upd 20] u=0 upd_ctr=3 opt_step=48 E=0.349 g=0.096 VarTD=0.156345 ret_end=-26.762 dbar_end=0.745 occ_end=0.184 CSR_train=0.000 done_count=125
[upd 30] u=0 upd_ctr=4 opt_step=64 E=0.448 g=0.110 VarTD=0.152576 ret_end=-26.110 dbar_end=0.703 occ_end=0.208 CSR_train=0.000 done_count=125
[upd 40] u=0 upd_ctr=5 opt_step=80 E=0.564 g=0.113 VarTD=0.140146 ret_end=-26.672 dbar_end=0.695 occ_end=0.184 CSR_train=0.000 done_count=125
[upd 50] u=0 upd_ctr=6 opt_step=96 E=0.782 g=0.101 VarTD=0.141637 ret_end=-27.282 dbar_end=0.729 occ_end=0.176 CSR_train=0.000 done_count=125
[upd 60] u=0 upd_ctr=8 opt_step=128 E=0.217 g=0.115 VarTD=0.153163 ret_end=-26.227 dbar_end=0.688 occ_end=0.232 CSR_train=0.008 done_count=125
[upd 70] u=0 upd_ctr=9 opt_step=144 E=0.517 g=0.132 VarTD=0.160378 ret_end=-25.652 dbar_end=0.644 occ_end=0.280 CSR_train=0.000 done_count=125
[upd 80] u=0 upd_ctr=10 opt_step=160 E=0.876 g=0.122 VarTD=0.156550 ret_end=-25.778 dbar_end=0.669 occ_end=0.208 CSR_train=0.000 done_count=125
[upd 90] u=0 upd_ctr=12 opt_step=192 E=0.475 g=0.144 VarTD=0.196448 ret_end=-25.384 dbar_end=0.617 occ_end=0.248 CSR_train=0.000 done_count=125
[upd 100] u=0 upd_ctr=13 opt_step=208 E=0.889 g=0.132 VarTD=0.210753 ret_end=-26.186 dbar_end=0.645 occ_end=0.192 CSR_train=0.000 done_count=125
[upd 110] u=0 upd_ctr=15 opt_step=240 E=0.578 g=0.154 VarTD=0.268775 ret_end=-24.177 dbar_end=0.596 occ_end=0.200 CSR_train=0.000 done_count=125
[upd 120] u=0 upd_ctr=17 opt_step=272 E=0.298 g=0.149 VarTD=0.333678 ret_end=-24.260 dbar_end=0.606 occ_end=0.296 CSR_train=0.000 done_count=125
[Gate5 check] update_counter violations: t0=0 diffs=0
[Gate5 check] opt_step violations: t0=0 diffs=0 (expected_inc=16)
[Gate5 check] NaN masking: nan_on_skip=True finite_on_update=True
[Gate5 summary] mean_update_fraction=0.1360 final_executed_updates_mean=17.00
[Gate5 eval] done_count mean=100.0 CSR mean=0.0000 len_end_mean=26.00
[Gate5 eval] episodes_per_env=4 T_eval=104
[Gate5 eval-debug] locked_eps_occ=0.20 pre(step25): dbar_end=0.477906 occupied_end_mean=0.470000 max_tilde_end_mean=0.697228 CSR@locked=0.010000
[Gate5 eval-debug] locked_eps_occ=0.20 post(step26): dbar_end=0.477016 occupied_end_mean=0.470000 max_tilde_end_mean=0.699414 CSR@locked=0.000000
[Gate5 eval-debug] CSR_pre@0.10=0.0000 CSR_pre@0.15=0.0000 CSR_pre@0.20=0.0100 CSR_pre@0.25=0.0100 CSR_pre@0.30=0.0100
[Gate5 eval-debug] CSR_post@0.10=0.0000 CSR_post@0.15=0.0000 CSR_post@0.20=0.0000 CSR_post@0.25=0.0200 CSR_post@0.30=0.0300
