Importing submoduled environments...
Submoduled environments not found. Skipping import.
[upd 0] u=1 upd_ctr=1 opt_step=16 E=0.029 g=0.096 VarTD=0.159541 ret_end=-27.424 dbar_end=0.745 occ_end=0.200 CSR_train=0.000 done_count=100
[upd 10] u=0 upd_ctr=1 opt_step=16 E=0.299 g=0.095 VarTD=0.132747 ret_end=-26.853 dbar_end=0.750 occ_end=0.208 CSR_train=0.000 done_count=125
[upd 20] u=0 upd_ctr=1 opt_step=16 E=0.582 g=0.103 VarTD=0.168812 ret_end=-26.447 dbar_end=0.725 occ_end=0.168 CSR_train=0.000 done_count=125
[upd 30] u=0 upd_ctr=1 opt_step=16 E=0.861 g=0.086 VarTD=0.167917 ret_end=-28.095 dbar_end=0.783 occ_end=0.176 CSR_train=0.000 done_count=125
[upd 40] u=0 upd_ctr=2 opt_step=32 E=0.112 g=0.099 VarTD=0.154407 ret_end=-27.263 dbar_end=0.738 occ_end=0.160 CSR_train=0.000 done_count=125
[upd 50] u=0 upd_ctr=2 opt_step=32 E=0.398 g=0.104 VarTD=0.158385 ret_end=-27.081 dbar_end=0.720 occ_end=0.208 CSR_train=0.000 done_count=125
[upd 60] u=0 upd_ctr=2 opt_step=32 E=0.683 g=0.096 VarTD=0.176220 ret_end=-27.074 dbar_end=0.747 occ_end=0.168 CSR_train=0.000 done_count=125
[upd 70] u=0 upd_ctr=2 opt_step=32 E=0.969 g=0.089 VarTD=0.172870 ret_end=-28.089 dbar_end=0.771 occ_end=0.128 CSR_train=0.000 done_count=125
[upd 80] u=0 upd_ctr=3 opt_step=48 E=0.248 g=0.109 VarTD=0.155227 ret_end=-26.588 dbar_end=0.707 occ_end=0.184 CSR_train=0.000 done_count=125
[upd 90] u=0 upd_ctr=3 opt_step=48 E=0.552 g=0.102 VarTD=0.137958 ret_end=-26.790 dbar_end=0.728 occ_end=0.160 CSR_train=0.000 done_count=125
[upd 100] u=0 upd_ctr=3 opt_step=48 E=0.855 g=0.115 VarTD=0.130617 ret_end=-26.372 dbar_end=0.688 occ_end=0.216 CSR_train=0.000 done_count=125
[upd 110] u=0 upd_ctr=4 opt_step=64 E=0.155 g=0.107 VarTD=0.138803 ret_end=-26.418 dbar_end=0.712 occ_end=0.168 CSR_train=0.000 done_count=125
[upd 120] u=0 upd_ctr=4 opt_step=64 E=0.483 g=0.096 VarTD=0.153011 ret_end=-27.541 dbar_end=0.746 occ_end=0.160 CSR_train=0.000 done_count=125
[upd 130] u=0 upd_ctr=4 opt_step=64 E=0.806 g=0.120 VarTD=0.139751 ret_end=-25.981 dbar_end=0.676 occ_end=0.280 CSR_train=0.000 done_count=100
[upd 140] u=0 upd_ctr=5 opt_step=80 E=0.133 g=0.101 VarTD=0.166344 ret_end=-26.969 dbar_end=0.731 occ_end=0.128 CSR_train=0.000 done_count=125
[upd 150] u=0 upd_ctr=5 opt_step=80 E=0.475 g=0.110 VarTD=0.143831 ret_end=-26.253 dbar_end=0.704 occ_end=0.168 CSR_train=0.000 done_count=125
[upd 160] u=0 upd_ctr=5 opt_step=80 E=0.798 g=0.107 VarTD=0.149896 ret_end=-26.945 dbar_end=0.712 occ_end=0.216 CSR_train=0.000 done_count=125
[upd 170] u=0 upd_ctr=6 opt_step=96 E=0.099 g=0.119 VarTD=0.114959 ret_end=-25.491 dbar_end=0.679 occ_end=0.192 CSR_train=0.000 done_count=125
[upd 180] u=0 upd_ctr=6 opt_step=96 E=0.444 g=0.131 VarTD=0.148268 ret_end=-25.622 dbar_end=0.646 occ_end=0.264 CSR_train=0.000 done_count=125
[upd 190] u=0 upd_ctr=6 opt_step=96 E=0.792 g=0.110 VarTD=0.165186 ret_end=-25.773 dbar_end=0.704 occ_end=0.160 CSR_train=0.000 done_count=125
[upd 200] u=0 upd_ctr=7 opt_step=112 E=0.143 g=0.122 VarTD=0.138096 ret_end=-24.820 dbar_end=0.670 occ_end=0.280 CSR_train=0.000 done_count=125
[upd 210] u=0 upd_ctr=7 opt_step=112 E=0.519 g=0.114 VarTD=0.136764 ret_end=-26.384 dbar_end=0.691 occ_end=0.192 CSR_train=0.000 done_count=125
[upd 220] u=0 upd_ctr=7 opt_step=112 E=0.886 g=0.127 VarTD=0.170740 ret_end=-26.005 dbar_end=0.657 occ_end=0.200 CSR_train=0.000 done_count=125
[upd 230] u=0 upd_ctr=8 opt_step=128 E=0.221 g=0.117 VarTD=0.185512 ret_end=-25.740 dbar_end=0.683 occ_end=0.144 CSR_train=0.000 done_count=125
[upd 240] u=0 upd_ctr=8 opt_step=128 E=0.582 g=0.123 VarTD=0.167487 ret_end=-25.490 dbar_end=0.668 occ_end=0.192 CSR_train=0.000 done_count=125
[upd 250] u=0 upd_ctr=8 opt_step=128 E=0.954 g=0.110 VarTD=0.168792 ret_end=-26.974 dbar_end=0.704 occ_end=0.144 CSR_train=0.000 done_count=125
[upd 260] u=0 upd_ctr=9 opt_step=144 E=0.290 g=0.117 VarTD=0.186169 ret_end=-26.750 dbar_end=0.683 occ_end=0.200 CSR_train=0.000 done_count=100
[upd 270] u=0 upd_ctr=9 opt_step=144 E=0.663 g=0.124 VarTD=0.171668 ret_end=-26.609 dbar_end=0.666 occ_end=0.224 CSR_train=0.000 done_count=125
[upd 280] u=1 upd_ctr=10 opt_step=160 E=0.040 g=0.134 VarTD=0.167199 ret_end=-25.945 dbar_end=0.639 occ_end=0.176 CSR_train=0.000 done_count=125
[upd 290] u=0 upd_ctr=10 opt_step=160 E=0.418 g=0.125 VarTD=0.185366 ret_end=-26.193 dbar_end=0.664 occ_end=0.144 CSR_train=0.000 done_count=125
[upd 300] u=0 upd_ctr=10 opt_step=160 E=0.793 g=0.117 VarTD=0.193739 ret_end=-26.219 dbar_end=0.683 occ_end=0.104 CSR_train=0.000 done_count=125
[upd 310] u=0 upd_ctr=11 opt_step=176 E=0.153 g=0.131 VarTD=0.202081 ret_end=-26.162 dbar_end=0.648 occ_end=0.224 CSR_train=0.000 done_count=125
[Gate5 check] update_counter violations: t0=0 diffs=0
[Gate5 check] opt_step violations: t0=0 diffs=0 (expected_inc=16)
[Gate5 check] NaN masking: nan_on_skip=True finite_on_update=True
[Gate5 summary] mean_update_fraction=0.0353 final_executed_updates_mean=11.00
[Gate5 eval] done_count mean=100.0 CSR mean=0.0000 len_end_mean=26.00
[Gate5 eval] episodes_per_env=4 T_eval=104
[Gate5 eval-debug] locked_eps_occ=0.20 pre(step25): dbar_end=0.468080 occupied_end_mean=0.430000 max_tilde_end_mean=0.672181 CSR@locked=0.010000
[Gate5 eval-debug] locked_eps_occ=0.20 post(step26): dbar_end=0.479705 occupied_end_mean=0.430000 max_tilde_end_mean=0.687325 CSR@locked=0.000000
[Gate5 eval-debug] CSR_pre@0.10=0.0000 CSR_pre@0.15=0.0000 CSR_pre@0.20=0.0100 CSR_pre@0.25=0.0100 CSR_pre@0.30=0.0400
[Gate5 eval-debug] CSR_post@0.10=0.0000 CSR_post@0.15=0.0000 CSR_post@0.20=0.0000 CSR_post@0.25=0.0100 CSR_post@0.30=0.0400
