Importing submoduled environments...
Submoduled environments not found. Skipping import.
[upd 0] u=1 upd_ctr=1 opt_step=16 E=0.101 g=0.085 VarTD=0.206615 ret_end=-28.597 dbar_end=0.786 occ_end=0.160 CSR_train=0.000 done_count=100
[upd 10] u=0 upd_ctr=1 opt_step=16 E=0.680 g=0.096 VarTD=0.212328 ret_end=-26.954 dbar_end=0.748 occ_end=0.176 CSR_train=0.000 done_count=125
[upd 20] u=0 upd_ctr=2 opt_step=32 E=0.315 g=0.100 VarTD=0.172267 ret_end=-26.534 dbar_end=0.734 occ_end=0.176 CSR_train=0.000 done_count=125
[upd 30] u=0 upd_ctr=2 opt_step=32 E=0.901 g=0.097 VarTD=0.193886 ret_end=-27.237 dbar_end=0.742 occ_end=0.160 CSR_train=0.000 done_count=125
[upd 40] u=0 upd_ctr=3 opt_step=48 E=0.568 g=0.097 VarTD=0.182564 ret_end=-27.754 dbar_end=0.744 occ_end=0.152 CSR_train=0.000 done_count=125
[upd 50] u=0 upd_ctr=4 opt_step=64 E=0.209 g=0.089 VarTD=0.198457 ret_end=-27.918 dbar_end=0.769 occ_end=0.152 CSR_train=0.000 done_count=125
[upd 60] u=0 upd_ctr=4 opt_step=64 E=0.844 g=0.099 VarTD=0.184918 ret_end=-27.088 dbar_end=0.736 occ_end=0.232 CSR_train=0.008 done_count=125
[upd 70] u=0 upd_ctr=5 opt_step=80 E=0.533 g=0.108 VarTD=0.170479 ret_end=-26.820 dbar_end=0.710 occ_end=0.192 CSR_train=0.000 done_count=125
[upd 80] u=0 upd_ctr=6 opt_step=96 E=0.203 g=0.107 VarTD=0.179559 ret_end=-27.064 dbar_end=0.712 occ_end=0.200 CSR_train=0.000 done_count=125
[upd 90] u=0 upd_ctr=6 opt_step=96 E=0.839 g=0.112 VarTD=0.172553 ret_end=-26.491 dbar_end=0.697 occ_end=0.192 CSR_train=0.000 done_count=125
[upd 100] u=0 upd_ctr=7 opt_step=112 E=0.545 g=0.117 VarTD=0.189251 ret_end=-25.887 dbar_end=0.684 occ_end=0.200 CSR_train=0.000 done_count=125
[upd 110] u=0 upd_ctr=8 opt_step=128 E=0.260 g=0.103 VarTD=0.174279 ret_end=-27.884 dbar_end=0.723 occ_end=0.192 CSR_train=0.000 done_count=125
[upd 120] u=0 upd_ctr=8 opt_step=128 E=0.930 g=0.119 VarTD=0.138954 ret_end=-25.453 dbar_end=0.677 occ_end=0.184 CSR_train=0.000 done_count=125
[upd 130] u=0 upd_ctr=9 opt_step=144 E=0.697 g=0.125 VarTD=0.169392 ret_end=-25.288 dbar_end=0.663 occ_end=0.150 CSR_train=0.000 done_count=100
[upd 140] u=0 upd_ctr=10 opt_step=160 E=0.456 g=0.118 VarTD=0.178412 ret_end=-26.199 dbar_end=0.681 occ_end=0.208 CSR_train=0.000 done_count=125
[upd 150] u=0 upd_ctr=11 opt_step=176 E=0.232 g=0.107 VarTD=0.173805 ret_end=-26.391 dbar_end=0.711 occ_end=0.136 CSR_train=0.000 done_count=125
[upd 160] u=0 upd_ctr=11 opt_step=176 E=0.931 g=0.128 VarTD=0.183373 ret_end=-25.730 dbar_end=0.656 occ_end=0.216 CSR_train=0.000 done_count=125
[upd 170] u=0 upd_ctr=12 opt_step=192 E=0.710 g=0.127 VarTD=0.207485 ret_end=-25.449 dbar_end=0.657 occ_end=0.224 CSR_train=0.000 done_count=125
[upd 180] u=0 upd_ctr=13 opt_step=208 E=0.511 g=0.121 VarTD=0.206501 ret_end=-25.298 dbar_end=0.673 occ_end=0.192 CSR_train=0.000 done_count=125
[upd 190] u=0 upd_ctr=14 opt_step=224 E=0.326 g=0.125 VarTD=0.240275 ret_end=-25.725 dbar_end=0.662 occ_end=0.136 CSR_train=0.000 done_count=125
[upd 200] u=0 upd_ctr=15 opt_step=240 E=0.172 g=0.133 VarTD=0.282405 ret_end=-25.064 dbar_end=0.642 occ_end=0.216 CSR_train=0.000 done_count=125
[upd 210] u=0 upd_ctr=15 opt_step=240 E=0.988 g=0.131 VarTD=0.285377 ret_end=-25.698 dbar_end=0.648 occ_end=0.240 CSR_train=0.000 done_count=125
[upd 220] u=0 upd_ctr=16 opt_step=256 E=0.845 g=0.125 VarTD=0.315936 ret_end=-25.333 dbar_end=0.662 occ_end=0.216 CSR_train=0.000 done_count=125
[upd 230] u=0 upd_ctr=17 opt_step=272 E=0.746 g=0.144 VarTD=0.408645 ret_end=-25.509 dbar_end=0.618 occ_end=0.208 CSR_train=0.000 done_count=125
[upd 240] u=0 upd_ctr=18 opt_step=288 E=0.670 g=0.169 VarTD=0.436471 ret_end=-23.905 dbar_end=0.566 occ_end=0.264 CSR_train=0.008 done_count=125
[upd 250] u=0 upd_ctr=19 opt_step=304 E=0.588 g=0.155 VarTD=0.513400 ret_end=-24.622 dbar_end=0.594 occ_end=0.272 CSR_train=0.008 done_count=125
[upd 260] u=0 upd_ctr=20 opt_step=320 E=0.493 g=0.158 VarTD=0.487905 ret_end=-23.529 dbar_end=0.588 occ_end=0.190 CSR_train=0.000 done_count=100
[upd 270] u=0 upd_ctr=21 opt_step=336 E=0.518 g=0.170 VarTD=0.685092 ret_end=-23.939 dbar_end=0.564 occ_end=0.352 CSR_train=0.000 done_count=125
[upd 280] u=0 upd_ctr=22 opt_step=352 E=0.512 g=0.155 VarTD=0.762315 ret_end=-24.011 dbar_end=0.593 occ_end=0.264 CSR_train=0.000 done_count=125
[upd 290] u=0 upd_ctr=23 opt_step=368 E=0.539 g=0.167 VarTD=0.894621 ret_end=-24.088 dbar_end=0.571 occ_end=0.264 CSR_train=0.000 done_count=125
[upd 300] u=0 upd_ctr=24 opt_step=384 E=0.554 g=0.173 VarTD=0.989891 ret_end=-23.914 dbar_end=0.559 occ_end=0.224 CSR_train=0.000 done_count=125
[upd 310] u=0 upd_ctr=25 opt_step=400 E=0.603 g=0.153 VarTD=1.127062 ret_end=-25.159 dbar_end=0.597 occ_end=0.248 CSR_train=0.000 done_count=125
[Gate5 check] update_counter violations: t0=0 diffs=0
[Gate5 check] opt_step violations: t0=0 diffs=0 (expected_inc=16)
[Gate5 check] NaN masking: nan_on_skip=True finite_on_update=True
[Gate5 summary] mean_update_fraction=0.0801 final_executed_updates_mean=25.00
[Gate5 eval] done_count mean=100.0 CSR mean=0.0100 len_end_mean=26.00
[Gate5 eval] episodes_per_env=4 T_eval=104
[Gate5 eval-debug] locked_eps_occ=0.20 pre(step25): dbar_end=0.508047 occupied_end_mean=0.400000 max_tilde_end_mean=0.725793 CSR@locked=0.020000
[Gate5 eval-debug] locked_eps_occ=0.20 post(step26): dbar_end=0.504978 occupied_end_mean=0.360000 max_tilde_end_mean=0.717510 CSR@locked=0.010000
[Gate5 eval-debug] CSR_pre@0.10=0.0000 CSR_pre@0.15=0.0000 CSR_pre@0.20=0.0200 CSR_pre@0.25=0.0300 CSR_pre@0.30=0.0400
[Gate5 eval-debug] CSR_post@0.10=0.0000 CSR_post@0.15=0.0100 CSR_post@0.20=0.0100 CSR_post@0.25=0.0300 CSR_post@0.30=0.0600
