Importing submoduled environments...
Submoduled environments not found. Skipping import.
[upd 0] u=1 upd_ctr=1 opt_step=16 E=0.146 g=0.092 VarTD=0.127621 ret_end=-27.319 dbar_end=0.760 occ_end=0.140 CSR_train=0.000 done_count=100
[upd 10] u=0 upd_ctr=1 opt_step=16 E=0.620 g=0.102 VarTD=0.162085 ret_end=-27.682 dbar_end=0.727 occ_end=0.168 CSR_train=0.000 done_count=125
[upd 20] u=0 upd_ctr=2 opt_step=32 E=0.174 g=0.086 VarTD=0.133842 ret_end=-28.070 dbar_end=0.781 occ_end=0.160 CSR_train=0.000 done_count=125
[upd 30] u=0 upd_ctr=2 opt_step=32 E=0.651 g=0.094 VarTD=0.136780 ret_end=-26.974 dbar_end=0.755 occ_end=0.192 CSR_train=0.000 done_count=125
[upd 40] u=0 upd_ctr=3 opt_step=48 E=0.204 g=0.090 VarTD=0.146575 ret_end=-27.489 dbar_end=0.768 occ_end=0.104 CSR_train=0.000 done_count=125
[upd 50] u=0 upd_ctr=3 opt_step=48 E=0.685 g=0.100 VarTD=0.137904 ret_end=-26.622 dbar_end=0.733 occ_end=0.200 CSR_train=0.000 done_count=125
[upd 60] u=0 upd_ctr=4 opt_step=64 E=0.284 g=0.107 VarTD=0.126631 ret_end=-26.603 dbar_end=0.712 occ_end=0.184 CSR_train=0.000 done_count=125
[upd 70] u=0 upd_ctr=4 opt_step=64 E=0.796 g=0.106 VarTD=0.162896 ret_end=-26.913 dbar_end=0.716 occ_end=0.152 CSR_train=0.000 done_count=125
[upd 80] u=0 upd_ctr=5 opt_step=80 E=0.448 g=0.105 VarTD=0.147880 ret_end=-26.309 dbar_end=0.719 occ_end=0.152 CSR_train=0.000 done_count=125
[upd 90] u=1 upd_ctr=6 opt_step=96 E=0.111 g=0.108 VarTD=0.149545 ret_end=-27.703 dbar_end=0.709 occ_end=0.240 CSR_train=0.000 done_count=125
[upd 100] u=0 upd_ctr=6 opt_step=96 E=0.698 g=0.120 VarTD=0.131619 ret_end=-25.262 dbar_end=0.674 occ_end=0.224 CSR_train=0.000 done_count=125
[upd 110] u=0 upd_ctr=7 opt_step=112 E=0.383 g=0.107 VarTD=0.159125 ret_end=-27.181 dbar_end=0.712 occ_end=0.192 CSR_train=0.000 done_count=125
[upd 120] u=1 upd_ctr=8 opt_step=128 E=0.081 g=0.120 VarTD=0.129123 ret_end=-26.011 dbar_end=0.676 occ_end=0.160 CSR_train=0.000 done_count=125
[upd 130] u=0 upd_ctr=8 opt_step=128 E=0.675 g=0.131 VarTD=0.116264 ret_end=-24.502 dbar_end=0.647 occ_end=0.230 CSR_train=0.000 done_count=100
[upd 140] u=0 upd_ctr=9 opt_step=144 E=0.393 g=0.128 VarTD=0.146137 ret_end=-25.704 dbar_end=0.654 occ_end=0.240 CSR_train=0.000 done_count=125
[upd 150] u=1 upd_ctr=10 opt_step=160 E=0.114 g=0.128 VarTD=0.128405 ret_end=-25.545 dbar_end=0.656 occ_end=0.184 CSR_train=0.000 done_count=125
[upd 160] u=0 upd_ctr=10 opt_step=160 E=0.736 g=0.125 VarTD=0.126753 ret_end=-25.972 dbar_end=0.663 occ_end=0.248 CSR_train=0.000 done_count=125
[upd 170] u=0 upd_ctr=11 opt_step=176 E=0.476 g=0.142 VarTD=0.170467 ret_end=-24.733 dbar_end=0.622 occ_end=0.216 CSR_train=0.000 done_count=125
[upd 180] u=0 upd_ctr=12 opt_step=192 E=0.252 g=0.149 VarTD=0.182748 ret_end=-24.416 dbar_end=0.607 occ_end=0.328 CSR_train=0.000 done_count=125
[upd 190] u=0 upd_ctr=12 opt_step=192 E=0.913 g=0.125 VarTD=0.185004 ret_end=-25.667 dbar_end=0.662 occ_end=0.168 CSR_train=0.000 done_count=125
[upd 200] u=0 upd_ctr=13 opt_step=208 E=0.689 g=0.141 VarTD=0.197213 ret_end=-25.574 dbar_end=0.624 occ_end=0.288 CSR_train=0.000 done_count=125
[upd 210] u=0 upd_ctr=14 opt_step=224 E=0.478 g=0.121 VarTD=0.216155 ret_end=-26.206 dbar_end=0.672 occ_end=0.192 CSR_train=0.000 done_count=125
[upd 220] u=0 upd_ctr=15 opt_step=240 E=0.270 g=0.144 VarTD=0.260926 ret_end=-24.968 dbar_end=0.618 occ_end=0.184 CSR_train=0.000 done_count=125
[upd 230] u=0 upd_ctr=15 opt_step=240 E=0.944 g=0.124 VarTD=0.280818 ret_end=-25.818 dbar_end=0.666 occ_end=0.200 CSR_train=0.000 done_count=125
[upd 240] u=0 upd_ctr=16 opt_step=256 E=0.753 g=0.130 VarTD=0.336527 ret_end=-26.014 dbar_end=0.650 occ_end=0.176 CSR_train=0.000 done_count=125
[upd 250] u=0 upd_ctr=17 opt_step=272 E=0.566 g=0.147 VarTD=0.371810 ret_end=-24.932 dbar_end=0.611 occ_end=0.208 CSR_train=0.000 done_count=125
[upd 260] u=0 upd_ctr=18 opt_step=288 E=0.423 g=0.135 VarTD=0.359519 ret_end=-25.846 dbar_end=0.637 occ_end=0.120 CSR_train=0.000 done_count=100
[upd 270] u=0 upd_ctr=19 opt_step=304 E=0.268 g=0.150 VarTD=0.493565 ret_end=-25.014 dbar_end=0.604 occ_end=0.272 CSR_train=0.000 done_count=125
[upd 280] u=1 upd_ctr=20 opt_step=320 E=0.127 g=0.154 VarTD=0.535551 ret_end=-24.203 dbar_end=0.596 occ_end=0.312 CSR_train=0.000 done_count=125
[upd 290] u=0 upd_ctr=20 opt_step=320 E=0.896 g=0.159 VarTD=0.568635 ret_end=-23.968 dbar_end=0.586 occ_end=0.224 CSR_train=0.000 done_count=125
[upd 300] u=0 upd_ctr=21 opt_step=336 E=0.765 g=0.157 VarTD=0.660327 ret_end=-24.567 dbar_end=0.590 occ_end=0.248 CSR_train=0.000 done_count=125
[upd 310] u=0 upd_ctr=22 opt_step=352 E=0.617 g=0.154 VarTD=0.735638 ret_end=-23.908 dbar_end=0.596 occ_end=0.264 CSR_train=0.000 done_count=125
[Gate5 check] update_counter violations: t0=0 diffs=0
[Gate5 check] opt_step violations: t0=0 diffs=0 (expected_inc=16)
[Gate5 check] NaN masking: nan_on_skip=True finite_on_update=True
[Gate5 summary] mean_update_fraction=0.0705 final_executed_updates_mean=22.00
[Gate5 eval] done_count mean=100.0 CSR mean=0.0000 len_end_mean=26.00
[Gate5 eval] episodes_per_env=4 T_eval=104
[Gate5 eval-debug] locked_eps_occ=0.20 pre(step25): dbar_end=0.503662 occupied_end_mean=0.350000 max_tilde_end_mean=0.712862 CSR@locked=0.000000
[Gate5 eval-debug] locked_eps_occ=0.20 post(step26): dbar_end=0.502260 occupied_end_mean=0.390000 max_tilde_end_mean=0.707602 CSR@locked=0.000000
[Gate5 eval-debug] CSR_pre@0.10=0.0000 CSR_pre@0.15=0.0000 CSR_pre@0.20=0.0000 CSR_pre@0.25=0.0000 CSR_pre@0.30=0.0100
[Gate5 eval-debug] CSR_post@0.10=0.0000 CSR_post@0.15=0.0000 CSR_post@0.20=0.0000 CSR_post@0.25=0.0100 CSR_post@0.30=0.0300
