Importing submoduled environments...
Submoduled environments not found. Skipping import.
[upd 0] u=1 upd_ctr=1 opt_step=16 E=0.189 g=0.089 VarTD=0.155748 ret_end=-26.495 dbar_end=0.769 occ_end=0.110 CSR_train=0.000 done_count=100
[upd 10] u=0 upd_ctr=2 opt_step=32 E=0.210 g=0.096 VarTD=0.163976 ret_end=-27.005 dbar_end=0.748 occ_end=0.136 CSR_train=0.000 done_count=125
[upd 20] u=0 upd_ctr=3 opt_step=48 E=0.253 g=0.091 VarTD=0.191747 ret_end=-28.033 dbar_end=0.763 occ_end=0.176 CSR_train=0.000 done_count=125
[upd 30] u=0 upd_ctr=4 opt_step=64 E=0.338 g=0.100 VarTD=0.168306 ret_end=-26.735 dbar_end=0.734 occ_end=0.168 CSR_train=0.000 done_count=125
[upd 40] u=0 upd_ctr=5 opt_step=80 E=0.480 g=0.104 VarTD=0.169134 ret_end=-26.278 dbar_end=0.722 occ_end=0.216 CSR_train=0.000 done_count=125
[upd 50] u=0 upd_ctr=6 opt_step=96 E=0.692 g=0.112 VarTD=0.144676 ret_end=-26.571 dbar_end=0.698 occ_end=0.184 CSR_train=0.000 done_count=125
[upd 60] u=0 upd_ctr=7 opt_step=112 E=0.926 g=0.112 VarTD=0.150868 ret_end=-26.476 dbar_end=0.696 occ_end=0.192 CSR_train=0.000 done_count=125
[upd 70] u=0 upd_ctr=9 opt_step=144 E=0.287 g=0.115 VarTD=0.150183 ret_end=-25.333 dbar_end=0.689 occ_end=0.184 CSR_train=0.008 done_count=125
[upd 80] u=0 upd_ctr=10 opt_step=160 E=0.567 g=0.119 VarTD=0.155895 ret_end=-25.990 dbar_end=0.678 occ_end=0.264 CSR_train=0.000 done_count=125
[upd 90] u=0 upd_ctr=11 opt_step=176 E=0.896 g=0.126 VarTD=0.166083 ret_end=-25.678 dbar_end=0.659 occ_end=0.144 CSR_train=0.000 done_count=125
[upd 100] u=0 upd_ctr=13 opt_step=208 E=0.320 g=0.129 VarTD=0.216506 ret_end=-25.835 dbar_end=0.653 occ_end=0.248 CSR_train=0.000 done_count=125
[upd 110] u=0 upd_ctr=14 opt_step=224 E=0.717 g=0.132 VarTD=0.238554 ret_end=-26.038 dbar_end=0.645 occ_end=0.184 CSR_train=0.000 done_count=125
[upd 120] u=1 upd_ctr=16 opt_step=256 E=0.245 g=0.151 VarTD=0.276113 ret_end=-24.657 dbar_end=0.602 occ_end=0.336 CSR_train=0.000 done_count=125
[Gate5 check] update_counter violations: t0=0 diffs=0
[Gate5 check] opt_step violations: t0=0 diffs=0 (expected_inc=16)
[Gate5 check] NaN masking: nan_on_skip=True finite_on_update=True
[Gate5 summary] mean_update_fraction=0.1280 final_executed_updates_mean=16.00
[Gate5 eval] done_count mean=100.0 CSR mean=0.0000 len_end_mean=26.00
[Gate5 eval] episodes_per_env=4 T_eval=104
[Gate5 eval-debug] locked_eps_occ=0.20 pre(step25): dbar_end=0.488165 occupied_end_mean=0.400000 max_tilde_end_mean=0.710790 CSR@locked=0.000000
[Gate5 eval-debug] locked_eps_occ=0.20 post(step26): dbar_end=0.493906 occupied_end_mean=0.390000 max_tilde_end_mean=0.725680 CSR@locked=0.000000
[Gate5 eval-debug] CSR_pre@0.10=0.0000 CSR_pre@0.15=0.0000 CSR_pre@0.20=0.0000 CSR_pre@0.25=0.0300 CSR_pre@0.30=0.0400
[Gate5 eval-debug] CSR_post@0.10=0.0000 CSR_post@0.15=0.0000 CSR_post@0.20=0.0000 CSR_post@0.25=0.0200 CSR_post@0.30=0.0500
