Importing submoduled environments...
Submoduled environments not found. Skipping import.
[upd 0] u=1 upd_ctr=1 opt_step=16 E=0.109 g=0.087 VarTD=0.161819 ret_end=-28.699 dbar_end=0.778 occ_end=0.120 CSR_train=0.000 done_count=100
[upd 10] u=0 upd_ctr=1 opt_step=16 E=0.197 g=0.081 VarTD=0.173819 ret_end=-28.772 dbar_end=0.801 occ_end=0.160 CSR_train=0.000 done_count=125
[upd 20] u=0 upd_ctr=1 opt_step=16 E=0.289 g=0.085 VarTD=0.140062 ret_end=-27.013 dbar_end=0.785 occ_end=0.144 CSR_train=0.000 done_count=125
[upd 30] u=0 upd_ctr=1 opt_step=16 E=0.380 g=0.114 VarTD=0.139956 ret_end=-25.825 dbar_end=0.693 occ_end=0.208 CSR_train=0.000 done_count=125
[upd 40] u=0 upd_ctr=1 opt_step=16 E=0.472 g=0.086 VarTD=0.138724 ret_end=-27.201 dbar_end=0.782 occ_end=0.136 CSR_train=0.000 done_count=125
[upd 50] u=0 upd_ctr=1 opt_step=16 E=0.565 g=0.093 VarTD=0.171666 ret_end=-27.713 dbar_end=0.755 occ_end=0.144 CSR_train=0.000 done_count=125
[upd 60] u=0 upd_ctr=1 opt_step=16 E=0.654 g=0.082 VarTD=0.193301 ret_end=-28.345 dbar_end=0.796 occ_end=0.112 CSR_train=0.000 done_count=125
[upd 70] u=0 upd_ctr=1 opt_step=16 E=0.747 g=0.097 VarTD=0.154573 ret_end=-27.014 dbar_end=0.744 occ_end=0.200 CSR_train=0.000 done_count=125
[upd 80] u=0 upd_ctr=1 opt_step=16 E=0.840 g=0.083 VarTD=0.168582 ret_end=-29.289 dbar_end=0.794 occ_end=0.128 CSR_train=0.000 done_count=125
[upd 90] u=0 upd_ctr=2 opt_step=32 E=0.033 g=0.083 VarTD=0.232545 ret_end=-28.351 dbar_end=0.792 occ_end=0.112 CSR_train=0.000 done_count=125
[upd 100] u=0 upd_ctr=2 opt_step=32 E=0.129 g=0.092 VarTD=0.159922 ret_end=-27.300 dbar_end=0.759 occ_end=0.144 CSR_train=0.000 done_count=125
[upd 110] u=0 upd_ctr=2 opt_step=32 E=0.230 g=0.084 VarTD=0.176121 ret_end=-28.138 dbar_end=0.788 occ_end=0.136 CSR_train=0.000 done_count=125
[upd 120] u=0 upd_ctr=2 opt_step=32 E=0.327 g=0.098 VarTD=0.127834 ret_end=-26.483 dbar_end=0.740 occ_end=0.152 CSR_train=0.000 done_count=125
[Gate5 check] update_counter violations: t0=0 diffs=0
[Gate5 check] opt_step violations: t0=0 diffs=0 (expected_inc=16)
[Gate5 check] NaN masking: nan_on_skip=True finite_on_update=True
[Gate5 summary] mean_update_fraction=0.0160 final_executed_updates_mean=2.00
[Gate5 eval] done_count mean=100.0 CSR mean=0.0000 len_end_mean=26.00
[Gate5 eval] episodes_per_env=4 T_eval=104
[Gate5 eval-debug] locked_eps_occ=0.20 pre(step25): dbar_end=0.758577 occupied_end_mean=0.190000 max_tilde_end_mean=1.144642 CSR@locked=0.000000
[Gate5 eval-debug] locked_eps_occ=0.20 post(step26): dbar_end=0.757128 occupied_end_mean=0.170000 max_tilde_end_mean=1.142907 CSR@locked=0.000000
[Gate5 eval-debug] CSR_pre@0.10=0.0000 CSR_pre@0.15=0.0000 CSR_pre@0.20=0.0000 CSR_pre@0.25=0.0000 CSR_pre@0.30=0.0000
[Gate5 eval-debug] CSR_post@0.10=0.0000 CSR_post@0.15=0.0000 CSR_post@0.20=0.0000 CSR_post@0.25=0.0000 CSR_post@0.30=0.0000
