Importing submoduled environments...
Submoduled environments not found. Skipping import.
[upd 0] u=1 upd_ctr=1 opt_step=16 E=0.460 g=0.088 VarTD=0.137352 ret_end=-28.134 dbar_end=0.773 occ_end=0.220 CSR_train=0.000 done_count=100
[upd 10] u=0 upd_ctr=1 opt_step=16 E=0.460 g=0.093 VarTD=0.158535 ret_end=-28.458 dbar_end=0.756 occ_end=0.184 CSR_train=0.000 done_count=125
[upd 20] u=0 upd_ctr=1 opt_step=16 E=0.460 g=0.103 VarTD=0.132575 ret_end=-26.686 dbar_end=0.725 occ_end=0.208 CSR_train=0.000 done_count=125
[upd 30] u=0 upd_ctr=1 opt_step=16 E=0.460 g=0.092 VarTD=0.166045 ret_end=-27.692 dbar_end=0.761 occ_end=0.160 CSR_train=0.000 done_count=125
[upd 40] u=0 upd_ctr=1 opt_step=16 E=0.460 g=0.093 VarTD=0.134121 ret_end=-27.488 dbar_end=0.757 occ_end=0.144 CSR_train=0.000 done_count=125
[upd 50] u=0 upd_ctr=1 opt_step=16 E=0.460 g=0.088 VarTD=0.169486 ret_end=-28.048 dbar_end=0.774 occ_end=0.176 CSR_train=0.000 done_count=125
[upd 60] u=0 upd_ctr=1 opt_step=16 E=0.460 g=0.086 VarTD=0.151272 ret_end=-28.124 dbar_end=0.780 occ_end=0.128 CSR_train=0.000 done_count=125
[upd 70] u=0 upd_ctr=1 opt_step=16 E=0.460 g=0.085 VarTD=0.171419 ret_end=-27.993 dbar_end=0.785 occ_end=0.176 CSR_train=0.000 done_count=125
[upd 80] u=0 upd_ctr=1 opt_step=16 E=0.460 g=0.091 VarTD=0.121948 ret_end=-26.139 dbar_end=0.764 occ_end=0.112 CSR_train=0.000 done_count=125
[upd 90] u=0 upd_ctr=1 opt_step=16 E=0.460 g=0.104 VarTD=0.152967 ret_end=-26.730 dbar_end=0.720 occ_end=0.216 CSR_train=0.000 done_count=125
[upd 100] u=0 upd_ctr=1 opt_step=16 E=0.460 g=0.093 VarTD=0.150140 ret_end=-26.761 dbar_end=0.757 occ_end=0.168 CSR_train=0.000 done_count=125
[upd 110] u=0 upd_ctr=1 opt_step=16 E=0.460 g=0.098 VarTD=0.138588 ret_end=-25.807 dbar_end=0.738 occ_end=0.128 CSR_train=0.000 done_count=125
[upd 120] u=0 upd_ctr=1 opt_step=16 E=0.460 g=0.085 VarTD=0.148046 ret_end=-27.991 dbar_end=0.786 occ_end=0.112 CSR_train=0.000 done_count=125
[upd 130] u=0 upd_ctr=1 opt_step=16 E=0.460 g=0.094 VarTD=0.149979 ret_end=-27.308 dbar_end=0.752 occ_end=0.150 CSR_train=0.000 done_count=100
[upd 140] u=0 upd_ctr=1 opt_step=16 E=0.460 g=0.080 VarTD=0.174074 ret_end=-28.774 dbar_end=0.802 occ_end=0.176 CSR_train=0.000 done_count=125
[upd 150] u=0 upd_ctr=1 opt_step=16 E=0.460 g=0.096 VarTD=0.147666 ret_end=-26.624 dbar_end=0.747 occ_end=0.136 CSR_train=0.000 done_count=125
[upd 160] u=0 upd_ctr=1 opt_step=16 E=0.460 g=0.073 VarTD=0.231143 ret_end=-29.516 dbar_end=0.836 occ_end=0.104 CSR_train=0.000 done_count=125
[upd 170] u=0 upd_ctr=1 opt_step=16 E=0.460 g=0.094 VarTD=0.165532 ret_end=-27.344 dbar_end=0.752 occ_end=0.216 CSR_train=0.000 done_count=125
[upd 180] u=0 upd_ctr=1 opt_step=16 E=0.460 g=0.084 VarTD=0.168299 ret_end=-28.405 dbar_end=0.789 occ_end=0.112 CSR_train=0.000 done_count=125
[upd 190] u=0 upd_ctr=1 opt_step=16 E=0.460 g=0.080 VarTD=0.167879 ret_end=-28.484 dbar_end=0.806 occ_end=0.096 CSR_train=0.000 done_count=125
[upd 200] u=0 upd_ctr=1 opt_step=16 E=0.460 g=0.089 VarTD=0.151428 ret_end=-27.313 dbar_end=0.769 occ_end=0.136 CSR_train=0.000 done_count=125
[upd 210] u=0 upd_ctr=1 opt_step=16 E=0.460 g=0.083 VarTD=0.144689 ret_end=-28.532 dbar_end=0.791 occ_end=0.120 CSR_train=0.000 done_count=125
[upd 220] u=0 upd_ctr=1 opt_step=16 E=0.460 g=0.100 VarTD=0.174136 ret_end=-26.594 dbar_end=0.733 occ_end=0.176 CSR_train=0.000 done_count=125
[upd 230] u=0 upd_ctr=1 opt_step=16 E=0.460 g=0.094 VarTD=0.162289 ret_end=-27.264 dbar_end=0.754 occ_end=0.208 CSR_train=0.000 done_count=125
[upd 240] u=0 upd_ctr=1 opt_step=16 E=0.460 g=0.098 VarTD=0.163065 ret_end=-26.694 dbar_end=0.741 occ_end=0.144 CSR_train=0.000 done_count=125
[upd 250] u=0 upd_ctr=1 opt_step=16 E=0.460 g=0.092 VarTD=0.141534 ret_end=-27.556 dbar_end=0.762 occ_end=0.152 CSR_train=0.000 done_count=125
[upd 260] u=0 upd_ctr=1 opt_step=16 E=0.460 g=0.089 VarTD=0.173743 ret_end=-27.889 dbar_end=0.772 occ_end=0.160 CSR_train=0.000 done_count=100
[upd 270] u=0 upd_ctr=1 opt_step=16 E=0.460 g=0.081 VarTD=0.155471 ret_end=-28.551 dbar_end=0.799 occ_end=0.184 CSR_train=0.000 done_count=125
[upd 280] u=0 upd_ctr=1 opt_step=16 E=0.460 g=0.085 VarTD=0.153663 ret_end=-27.738 dbar_end=0.783 occ_end=0.160 CSR_train=0.000 done_count=125
[upd 290] u=0 upd_ctr=1 opt_step=16 E=0.460 g=0.087 VarTD=0.141915 ret_end=-28.014 dbar_end=0.778 occ_end=0.200 CSR_train=0.000 done_count=125
[upd 300] u=0 upd_ctr=1 opt_step=16 E=0.460 g=0.100 VarTD=0.136112 ret_end=-26.911 dbar_end=0.732 occ_end=0.144 CSR_train=0.000 done_count=125
[upd 310] u=0 upd_ctr=1 opt_step=16 E=0.460 g=0.091 VarTD=0.143026 ret_end=-26.727 dbar_end=0.762 occ_end=0.088 CSR_train=0.000 done_count=125
[Gate5 check] update_counter violations: t0=0 diffs=0
[Gate5 check] opt_step violations: t0=0 diffs=0 (expected_inc=16)
[Gate5 check] NaN masking: nan_on_skip=True finite_on_update=True
[Gate5 summary] mean_update_fraction=0.0032 final_executed_updates_mean=1.00
[Gate5 eval] done_count mean=100.0 CSR mean=0.0000 len_end_mean=26.00
[Gate5 eval] episodes_per_env=4 T_eval=104
[Gate5 eval-debug] locked_eps_occ=0.20 pre(step25): dbar_end=0.771018 occupied_end_mean=0.170000 max_tilde_end_mean=1.102068 CSR@locked=0.000000
[Gate5 eval-debug] locked_eps_occ=0.20 post(step26): dbar_end=0.778742 occupied_end_mean=0.170000 max_tilde_end_mean=1.114216 CSR@locked=0.000000
[Gate5 eval-debug] CSR_pre@0.10=0.0000 CSR_pre@0.15=0.0000 CSR_pre@0.20=0.0000 CSR_pre@0.25=0.0000 CSR_pre@0.30=0.0000
[Gate5 eval-debug] CSR_post@0.10=0.0000 CSR_post@0.15=0.0000 CSR_post@0.20=0.0000 CSR_post@0.25=0.0000 CSR_post@0.30=0.0100
