Importing submoduled environments...
Submoduled environments not found. Skipping import.
[upd 0] u=1 upd_ctr=1 opt_step=16 E=0.106 g=0.093 VarTD=0.145852 ret_end=-27.154 dbar_end=0.757 occ_end=0.170 CSR_train=0.000 done_count=100
[upd 10] u=0 upd_ctr=1 opt_step=16 E=0.661 g=0.084 VarTD=0.153180 ret_end=-27.639 dbar_end=0.787 occ_end=0.144 CSR_train=0.008 done_count=125
[upd 20] u=0 upd_ctr=2 opt_step=32 E=0.282 g=0.096 VarTD=0.155019 ret_end=-26.850 dbar_end=0.746 occ_end=0.192 CSR_train=0.000 done_count=125
[upd 30] u=0 upd_ctr=2 opt_step=32 E=0.843 g=0.091 VarTD=0.144398 ret_end=-27.156 dbar_end=0.763 occ_end=0.128 CSR_train=0.000 done_count=125
[upd 40] u=0 upd_ctr=3 opt_step=48 E=0.502 g=0.088 VarTD=0.152536 ret_end=-27.637 dbar_end=0.772 occ_end=0.088 CSR_train=0.000 done_count=125
[upd 50] u=0 upd_ctr=4 opt_step=64 E=0.161 g=0.108 VarTD=0.172450 ret_end=-26.696 dbar_end=0.710 occ_end=0.232 CSR_train=0.000 done_count=125
[upd 60] u=0 upd_ctr=4 opt_step=64 E=0.789 g=0.106 VarTD=0.149143 ret_end=-26.144 dbar_end=0.716 occ_end=0.232 CSR_train=0.000 done_count=125
[upd 70] u=0 upd_ctr=5 opt_step=80 E=0.484 g=0.110 VarTD=0.160496 ret_end=-26.993 dbar_end=0.704 occ_end=0.200 CSR_train=0.000 done_count=125
[upd 80] u=0 upd_ctr=6 opt_step=96 E=0.182 g=0.110 VarTD=0.138212 ret_end=-26.455 dbar_end=0.702 occ_end=0.168 CSR_train=0.000 done_count=125
[upd 90] u=0 upd_ctr=6 opt_step=96 E=0.850 g=0.112 VarTD=0.142005 ret_end=-26.464 dbar_end=0.697 occ_end=0.152 CSR_train=0.000 done_count=125
[upd 100] u=0 upd_ctr=7 opt_step=112 E=0.593 g=0.127 VarTD=0.125850 ret_end=-25.424 dbar_end=0.658 occ_end=0.160 CSR_train=0.000 done_count=125
[upd 110] u=0 upd_ctr=8 opt_step=128 E=0.318 g=0.115 VarTD=0.175537 ret_end=-25.861 dbar_end=0.688 occ_end=0.264 CSR_train=0.000 done_count=125
[upd 120] u=0 upd_ctr=8 opt_step=128 E=0.987 g=0.113 VarTD=0.143550 ret_end=-26.255 dbar_end=0.694 occ_end=0.152 CSR_train=0.000 done_count=125
[upd 130] u=0 upd_ctr=9 opt_step=144 E=0.760 g=0.129 VarTD=0.151096 ret_end=-25.055 dbar_end=0.652 occ_end=0.240 CSR_train=0.000 done_count=100
[upd 140] u=0 upd_ctr=10 opt_step=160 E=0.500 g=0.117 VarTD=0.166602 ret_end=-25.812 dbar_end=0.683 occ_end=0.232 CSR_train=0.000 done_count=125
[upd 150] u=0 upd_ctr=11 opt_step=176 E=0.261 g=0.131 VarTD=0.181274 ret_end=-25.330 dbar_end=0.647 occ_end=0.184 CSR_train=0.000 done_count=125
[upd 160] u=0 upd_ctr=11 opt_step=176 E=0.975 g=0.121 VarTD=0.184418 ret_end=-25.206 dbar_end=0.673 occ_end=0.272 CSR_train=0.000 done_count=125
[upd 170] u=0 upd_ctr=12 opt_step=192 E=0.784 g=0.129 VarTD=0.186704 ret_end=-25.043 dbar_end=0.652 occ_end=0.200 CSR_train=0.000 done_count=125
[upd 180] u=0 upd_ctr=13 opt_step=208 E=0.597 g=0.129 VarTD=0.216871 ret_end=-25.771 dbar_end=0.651 occ_end=0.232 CSR_train=0.000 done_count=125
[upd 190] u=0 upd_ctr=14 opt_step=224 E=0.411 g=0.138 VarTD=0.267289 ret_end=-25.176 dbar_end=0.630 occ_end=0.208 CSR_train=0.000 done_count=125
[upd 200] u=0 upd_ctr=15 opt_step=240 E=0.234 g=0.129 VarTD=0.267713 ret_end=-26.036 dbar_end=0.653 occ_end=0.224 CSR_train=0.000 done_count=125
[upd 210] u=1 upd_ctr=16 opt_step=256 E=0.109 g=0.132 VarTD=0.296865 ret_end=-25.770 dbar_end=0.644 occ_end=0.192 CSR_train=0.000 done_count=125
[upd 220] u=0 upd_ctr=16 opt_step=256 E=0.932 g=0.137 VarTD=0.342186 ret_end=-25.505 dbar_end=0.633 occ_end=0.248 CSR_train=0.000 done_count=125
[upd 230] u=0 upd_ctr=17 opt_step=272 E=0.778 g=0.134 VarTD=0.379934 ret_end=-25.503 dbar_end=0.640 occ_end=0.216 CSR_train=0.000 done_count=125
[upd 240] u=0 upd_ctr=18 opt_step=288 E=0.635 g=0.131 VarTD=0.432590 ret_end=-26.134 dbar_end=0.648 occ_end=0.168 CSR_train=0.000 done_count=125
[upd 250] u=0 upd_ctr=19 opt_step=304 E=0.548 g=0.155 VarTD=0.525079 ret_end=-25.277 dbar_end=0.593 occ_end=0.256 CSR_train=0.000 done_count=125
[upd 260] u=0 upd_ctr=20 opt_step=320 E=0.509 g=0.141 VarTD=0.535556 ret_end=-25.645 dbar_end=0.624 occ_end=0.190 CSR_train=0.000 done_count=100
[upd 270] u=0 upd_ctr=21 opt_step=336 E=0.458 g=0.153 VarTD=0.699692 ret_end=-25.291 dbar_end=0.598 occ_end=0.328 CSR_train=0.000 done_count=125
[upd 280] u=0 upd_ctr=22 opt_step=352 E=0.439 g=0.159 VarTD=0.786198 ret_end=-24.099 dbar_end=0.586 occ_end=0.304 CSR_train=0.008 done_count=125
[upd 290] u=0 upd_ctr=23 opt_step=368 E=0.415 g=0.151 VarTD=0.883927 ret_end=-24.276 dbar_end=0.602 occ_end=0.232 CSR_train=0.008 done_count=125
[upd 300] u=0 upd_ctr=24 opt_step=384 E=0.426 g=0.170 VarTD=1.022814 ret_end=-23.221 dbar_end=0.565 occ_end=0.288 CSR_train=0.000 done_count=125
[upd 310] u=0 upd_ctr=25 opt_step=400 E=0.428 g=0.160 VarTD=1.148376 ret_end=-24.139 dbar_end=0.584 occ_end=0.304 CSR_train=0.000 done_count=125
[Gate5 check] update_counter violations: t0=0 diffs=0
[Gate5 check] opt_step violations: t0=0 diffs=0 (expected_inc=16)
[Gate5 check] NaN masking: nan_on_skip=True finite_on_update=True
[Gate5 summary] mean_update_fraction=0.0801 final_executed_updates_mean=25.00
[Gate5 eval] done_count mean=100.0 CSR mean=0.0000 len_end_mean=26.00
[Gate5 eval] episodes_per_env=4 T_eval=104
[Gate5 eval-debug] locked_eps_occ=0.20 pre(step25): dbar_end=0.501536 occupied_end_mean=0.370000 max_tilde_end_mean=0.725683 CSR@locked=0.000000
[Gate5 eval-debug] locked_eps_occ=0.20 post(step26): dbar_end=0.510500 occupied_end_mean=0.400000 max_tilde_end_mean=0.732634 CSR@locked=0.000000
[Gate5 eval-debug] CSR_pre@0.10=0.0000 CSR_pre@0.15=0.0000 CSR_pre@0.20=0.0000 CSR_pre@0.25=0.0100 CSR_pre@0.30=0.0300
[Gate5 eval-debug] CSR_post@0.10=0.0000 CSR_post@0.15=0.0000 CSR_post@0.20=0.0000 CSR_post@0.25=0.0100 CSR_post@0.30=0.0300
