Importing submoduled environments...
Submoduled environments not found. Skipping import.
[upd 0] u=1 upd_ctr=1 opt_step=16 E=0.093 g=0.093 VarTD=0.149936 ret_end=-27.435 dbar_end=0.756 occ_end=0.150 CSR_train=0.000 done_count=100
[upd 10] u=0 upd_ctr=1 opt_step=16 E=1.000 g=0.100 VarTD=0.132044 ret_end=-26.929 dbar_end=0.734 occ_end=0.192 CSR_train=0.000 done_count=125
[upd 20] u=0 upd_ctr=2 opt_step=32 E=1.000 g=0.111 VarTD=0.149571 ret_end=-25.825 dbar_end=0.701 occ_end=0.208 CSR_train=0.000 done_count=125
[upd 30] u=0 upd_ctr=3 opt_step=48 E=0.983 g=0.088 VarTD=0.171573 ret_end=-27.756 dbar_end=0.773 occ_end=0.136 CSR_train=0.008 done_count=125
[upd 40] u=0 upd_ctr=4 opt_step=64 E=0.904 g=0.099 VarTD=0.135334 ret_end=-26.842 dbar_end=0.738 occ_end=0.128 CSR_train=0.000 done_count=125
[upd 50] u=0 upd_ctr=5 opt_step=80 E=0.926 g=0.106 VarTD=0.125331 ret_end=-26.162 dbar_end=0.716 occ_end=0.176 CSR_train=0.000 done_count=125
[upd 60] u=0 upd_ctr=6 opt_step=96 E=0.935 g=0.109 VarTD=0.136148 ret_end=-26.653 dbar_end=0.706 occ_end=0.184 CSR_train=0.000 done_count=125
[upd 70] u=0 upd_ctr=7 opt_step=112 E=0.993 g=0.110 VarTD=0.141707 ret_end=-26.491 dbar_end=0.702 occ_end=0.216 CSR_train=0.000 done_count=125
[upd 80] u=0 upd_ctr=8 opt_step=128 E=1.000 g=0.112 VarTD=0.148189 ret_end=-25.720 dbar_end=0.699 occ_end=0.200 CSR_train=0.000 done_count=125
[upd 90] u=1 upd_ctr=10 opt_step=160 E=0.118 g=0.118 VarTD=0.154220 ret_end=-26.092 dbar_end=0.681 occ_end=0.184 CSR_train=0.000 done_count=125
[upd 100] u=0 upd_ctr=11 opt_step=176 E=0.227 g=0.126 VarTD=0.178756 ret_end=-24.851 dbar_end=0.659 occ_end=0.160 CSR_train=0.000 done_count=125
[upd 110] u=0 upd_ctr=12 opt_step=192 E=0.349 g=0.109 VarTD=0.184860 ret_end=-26.284 dbar_end=0.705 occ_end=0.176 CSR_train=0.000 done_count=125
[upd 120] u=0 upd_ctr=13 opt_step=208 E=0.521 g=0.141 VarTD=0.218376 ret_end=-24.460 dbar_end=0.624 occ_end=0.200 CSR_train=0.008 done_count=125
[upd 130] u=0 upd_ctr=14 opt_step=224 E=0.810 g=0.125 VarTD=0.241277 ret_end=-25.487 dbar_end=0.663 occ_end=0.270 CSR_train=0.000 done_count=100
[upd 140] u=0 upd_ctr=15 opt_step=240 E=1.000 g=0.131 VarTD=0.302193 ret_end=-24.909 dbar_end=0.647 occ_end=0.168 CSR_train=0.000 done_count=125
[upd 150] u=0 upd_ctr=17 opt_step=272 E=0.279 g=0.137 VarTD=0.355921 ret_end=-25.433 dbar_end=0.632 occ_end=0.168 CSR_train=0.000 done_count=125
[upd 160] u=0 upd_ctr=18 opt_step=288 E=0.541 g=0.134 VarTD=0.448266 ret_end=-25.605 dbar_end=0.641 occ_end=0.200 CSR_train=0.000 done_count=125
[upd 170] u=0 upd_ctr=19 opt_step=304 E=0.847 g=0.149 VarTD=0.543828 ret_end=-24.814 dbar_end=0.607 occ_end=0.256 CSR_train=0.000 done_count=125
[upd 180] u=1 upd_ctr=21 opt_step=336 E=0.154 g=0.154 VarTD=0.605460 ret_end=-23.852 dbar_end=0.595 occ_end=0.240 CSR_train=0.000 done_count=125
[upd 190] u=0 upd_ctr=22 opt_step=352 E=0.618 g=0.165 VarTD=0.806954 ret_end=-24.097 dbar_end=0.574 occ_end=0.256 CSR_train=0.000 done_count=125
[upd 200] u=0 upd_ctr=23 opt_step=368 E=1.000 g=0.150 VarTD=0.892188 ret_end=-25.475 dbar_end=0.604 occ_end=0.264 CSR_train=0.000 done_count=125
[upd 210] u=0 upd_ctr=25 opt_step=400 E=0.439 g=0.149 VarTD=1.165298 ret_end=-24.959 dbar_end=0.606 occ_end=0.312 CSR_train=0.000 done_count=125
[upd 220] u=0 upd_ctr=26 opt_step=416 E=0.943 g=0.158 VarTD=1.301527 ret_end=-24.052 dbar_end=0.589 occ_end=0.264 CSR_train=0.000 done_count=125
[upd 230] u=0 upd_ctr=28 opt_step=448 E=0.318 g=0.168 VarTD=1.558182 ret_end=-23.462 dbar_end=0.567 occ_end=0.320 CSR_train=0.000 done_count=125
[upd 240] u=0 upd_ctr=29 opt_step=464 E=0.798 g=0.164 VarTD=1.722794 ret_end=-24.064 dbar_end=0.575 occ_end=0.392 CSR_train=0.000 done_count=125
[upd 250] u=1 upd_ctr=31 opt_step=496 E=0.152 g=0.152 VarTD=1.874378 ret_end=-24.633 dbar_end=0.601 occ_end=0.216 CSR_train=0.000 done_count=125
[upd 260] u=0 upd_ctr=32 opt_step=512 E=0.651 g=0.161 VarTD=1.746407 ret_end=-23.689 dbar_end=0.582 occ_end=0.240 CSR_train=0.000 done_count=100
[upd 270] u=1 upd_ctr=34 opt_step=544 E=0.172 g=0.172 VarTD=2.401734 ret_end=-23.918 dbar_end=0.560 occ_end=0.336 CSR_train=0.000 done_count=125
[upd 280] u=0 upd_ctr=35 opt_step=560 E=0.682 g=0.181 VarTD=2.690240 ret_end=-22.607 dbar_end=0.545 occ_end=0.232 CSR_train=0.008 done_count=125
[upd 290] u=0 upd_ctr=37 opt_step=592 E=0.336 g=0.165 VarTD=3.036673 ret_end=-24.314 dbar_end=0.574 occ_end=0.272 CSR_train=0.000 done_count=125
[upd 300] u=0 upd_ctr=38 opt_step=608 E=1.000 g=0.182 VarTD=3.265806 ret_end=-22.526 dbar_end=0.542 occ_end=0.336 CSR_train=0.000 done_count=125
[upd 310] u=0 upd_ctr=40 opt_step=640 E=0.719 g=0.187 VarTD=3.621532 ret_end=-23.397 dbar_end=0.533 occ_end=0.360 CSR_train=0.000 done_count=125
[Gate5 check] update_counter violations: t0=0 diffs=0
[Gate5 check] opt_step violations: t0=0 diffs=0 (expected_inc=16)
[Gate5 check] NaN masking: nan_on_skip=True finite_on_update=True
[Gate5 summary] mean_update_fraction=0.1282 final_executed_updates_mean=40.00
[Gate5 eval] done_count mean=100.0 CSR mean=0.0100 len_end_mean=26.00
[Gate5 eval] episodes_per_env=4 T_eval=104
[Gate5 eval-debug] locked_eps_occ=0.20 pre(step25): dbar_end=0.497310 occupied_end_mean=0.380000 max_tilde_end_mean=0.711429 CSR@locked=0.000000
[Gate5 eval-debug] locked_eps_occ=0.20 post(step26): dbar_end=0.494828 occupied_end_mean=0.420000 max_tilde_end_mean=0.705543 CSR@locked=0.010000
[Gate5 eval-debug] CSR_pre@0.10=0.0000 CSR_pre@0.15=0.0000 CSR_pre@0.20=0.0000 CSR_pre@0.25=0.0200 CSR_pre@0.30=0.0500
[Gate5 eval-debug] CSR_post@0.10=0.0000 CSR_post@0.15=0.0000 CSR_post@0.20=0.0100 CSR_post@0.25=0.0100 CSR_post@0.30=0.0300
