Importing submoduled environments...
Submoduled environments not found. Skipping import.
[upd 0] u=1 upd_ctr=1 opt_step=16 E=0.061 g=0.102 VarTD=0.148347 ret_end=-26.397 dbar_end=0.726 occ_end=0.190 CSR_train=0.000 done_count=100
[upd 10] u=0 upd_ctr=1 opt_step=16 E=0.621 g=0.089 VarTD=0.167256 ret_end=-27.327 dbar_end=0.769 occ_end=0.152 CSR_train=0.008 done_count=125
[upd 20] u=0 upd_ctr=2 opt_step=32 E=0.170 g=0.087 VarTD=0.164218 ret_end=-27.706 dbar_end=0.776 occ_end=0.176 CSR_train=0.000 done_count=125
[upd 30] u=0 upd_ctr=2 opt_step=32 E=0.747 g=0.098 VarTD=0.162139 ret_end=-27.935 dbar_end=0.741 occ_end=0.192 CSR_train=0.000 done_count=125
[upd 40] u=0 upd_ctr=3 opt_step=48 E=0.293 g=0.103 VarTD=0.158824 ret_end=-26.780 dbar_end=0.723 occ_end=0.136 CSR_train=0.000 done_count=125
[upd 50] u=0 upd_ctr=3 opt_step=48 E=0.878 g=0.118 VarTD=0.145982 ret_end=-25.848 dbar_end=0.681 occ_end=0.200 CSR_train=0.000 done_count=125
[upd 60] u=0 upd_ctr=4 opt_step=64 E=0.429 g=0.093 VarTD=0.176306 ret_end=-28.060 dbar_end=0.756 occ_end=0.120 CSR_train=0.000 done_count=125
[upd 70] u=0 upd_ctr=4 opt_step=64 E=1.000 g=0.105 VarTD=0.158030 ret_end=-26.362 dbar_end=0.717 occ_end=0.184 CSR_train=0.000 done_count=125
[upd 80] u=0 upd_ctr=5 opt_step=80 E=0.642 g=0.109 VarTD=0.133560 ret_end=-27.292 dbar_end=0.707 occ_end=0.192 CSR_train=0.000 done_count=125
[upd 90] u=0 upd_ctr=6 opt_step=96 E=0.254 g=0.103 VarTD=0.142019 ret_end=-26.425 dbar_end=0.723 occ_end=0.136 CSR_train=0.000 done_count=125
[upd 100] u=0 upd_ctr=6 opt_step=96 E=0.950 g=0.111 VarTD=0.160125 ret_end=-26.374 dbar_end=0.701 occ_end=0.160 CSR_train=0.000 done_count=125
[upd 110] u=0 upd_ctr=7 opt_step=112 E=0.615 g=0.098 VarTD=0.140050 ret_end=-27.755 dbar_end=0.739 occ_end=0.184 CSR_train=0.000 done_count=125
[upd 120] u=0 upd_ctr=8 opt_step=128 E=0.289 g=0.125 VarTD=0.118709 ret_end=-25.721 dbar_end=0.661 occ_end=0.160 CSR_train=0.000 done_count=125
[upd 130] u=0 upd_ctr=8 opt_step=128 E=1.000 g=0.128 VarTD=0.122350 ret_end=-25.488 dbar_end=0.654 occ_end=0.170 CSR_train=0.000 done_count=100
[upd 140] u=0 upd_ctr=9 opt_step=144 E=0.741 g=0.119 VarTD=0.142891 ret_end=-26.839 dbar_end=0.678 occ_end=0.128 CSR_train=0.000 done_count=125
[upd 150] u=0 upd_ctr=10 opt_step=160 E=0.457 g=0.128 VarTD=0.185329 ret_end=-25.707 dbar_end=0.656 occ_end=0.232 CSR_train=0.000 done_count=125
[upd 160] u=0 upd_ctr=11 opt_step=176 E=0.158 g=0.134 VarTD=0.166416 ret_end=-25.037 dbar_end=0.641 occ_end=0.168 CSR_train=0.000 done_count=125
[upd 170] u=0 upd_ctr=11 opt_step=176 E=0.940 g=0.136 VarTD=0.149909 ret_end=-24.854 dbar_end=0.636 occ_end=0.160 CSR_train=0.000 done_count=125
[upd 180] u=0 upd_ctr=12 opt_step=192 E=0.709 g=0.133 VarTD=0.194429 ret_end=-24.918 dbar_end=0.644 occ_end=0.208 CSR_train=0.000 done_count=125
[upd 190] u=0 upd_ctr=13 opt_step=208 E=0.461 g=0.130 VarTD=0.206141 ret_end=-25.511 dbar_end=0.649 occ_end=0.208 CSR_train=0.000 done_count=125
[upd 200] u=0 upd_ctr=14 opt_step=224 E=0.226 g=0.117 VarTD=0.264912 ret_end=-26.680 dbar_end=0.684 occ_end=0.184 CSR_train=0.000 done_count=125
[upd 210] u=0 upd_ctr=14 opt_step=224 E=1.000 g=0.137 VarTD=0.231918 ret_end=-24.371 dbar_end=0.632 occ_end=0.248 CSR_train=0.008 done_count=125
[upd 220] u=0 upd_ctr=15 opt_step=240 E=0.811 g=0.137 VarTD=0.275444 ret_end=-24.955 dbar_end=0.633 occ_end=0.176 CSR_train=0.000 done_count=125
[upd 230] u=0 upd_ctr=16 opt_step=256 E=0.566 g=0.136 VarTD=0.292602 ret_end=-24.414 dbar_end=0.634 occ_end=0.192 CSR_train=0.000 done_count=125
[upd 240] u=0 upd_ctr=17 opt_step=272 E=0.321 g=0.134 VarTD=0.371058 ret_end=-25.517 dbar_end=0.641 occ_end=0.200 CSR_train=0.008 done_count=125
[upd 250] u=1 upd_ctr=18 opt_step=288 E=0.080 g=0.134 VarTD=0.390642 ret_end=-25.556 dbar_end=0.640 occ_end=0.176 CSR_train=0.000 done_count=125
[upd 260] u=0 upd_ctr=18 opt_step=288 E=0.930 g=0.142 VarTD=0.390074 ret_end=-24.085 dbar_end=0.623 occ_end=0.280 CSR_train=0.000 done_count=100
[upd 270] u=0 upd_ctr=19 opt_step=304 E=0.785 g=0.142 VarTD=0.503995 ret_end=-24.897 dbar_end=0.623 occ_end=0.304 CSR_train=0.000 done_count=125
[upd 280] u=0 upd_ctr=20 opt_step=320 E=0.590 g=0.140 VarTD=0.581418 ret_end=-24.942 dbar_end=0.626 occ_end=0.264 CSR_train=0.000 done_count=125
[upd 290] u=0 upd_ctr=21 opt_step=336 E=0.451 g=0.164 VarTD=0.733187 ret_end=-24.338 dbar_end=0.576 occ_end=0.232 CSR_train=0.000 done_count=125
[upd 300] u=0 upd_ctr=22 opt_step=352 E=0.270 g=0.148 VarTD=0.841887 ret_end=-25.169 dbar_end=0.609 occ_end=0.312 CSR_train=0.000 done_count=125
[upd 310] u=0 upd_ctr=23 opt_step=368 E=0.185 g=0.157 VarTD=0.888960 ret_end=-24.620 dbar_end=0.589 occ_end=0.224 CSR_train=0.000 done_count=125
[Gate5 check] update_counter violations: t0=0 diffs=0
[Gate5 check] opt_step violations: t0=0 diffs=0 (expected_inc=16)
[Gate5 check] NaN masking: nan_on_skip=True finite_on_update=True
[Gate5 summary] mean_update_fraction=0.0737 final_executed_updates_mean=23.00
[Gate5 eval] done_count mean=100.0 CSR mean=0.0000 len_end_mean=26.00
[Gate5 eval] episodes_per_env=4 T_eval=104
[Gate5 eval-debug] locked_eps_occ=0.20 pre(step25): dbar_end=0.517094 occupied_end_mean=0.290000 max_tilde_end_mean=0.739807 CSR@locked=0.000000
[Gate5 eval-debug] locked_eps_occ=0.20 post(step26): dbar_end=0.514259 occupied_end_mean=0.320000 max_tilde_end_mean=0.741989 CSR@locked=0.000000
[Gate5 eval-debug] CSR_pre@0.10=0.0000 CSR_pre@0.15=0.0000 CSR_pre@0.20=0.0000 CSR_pre@0.25=0.0000 CSR_pre@0.30=0.0400
[Gate5 eval-debug] CSR_post@0.10=0.0000 CSR_post@0.15=0.0000 CSR_post@0.20=0.0000 CSR_post@0.25=0.0000 CSR_post@0.30=0.0300
