Importing submoduled environments...
Submoduled environments not found. Skipping import.
[upd 0] u=1 upd_ctr=1 opt_step=16 E=0.084 g=0.093 VarTD=0.149936 ret_end=-27.435 dbar_end=0.756 occ_end=0.150 CSR_train=0.000 done_count=100
[upd 10] u=0 upd_ctr=1 opt_step=16 E=0.928 g=0.100 VarTD=0.132044 ret_end=-26.929 dbar_end=0.734 occ_end=0.192 CSR_train=0.000 done_count=125
[upd 20] u=0 upd_ctr=2 opt_step=32 E=0.858 g=0.112 VarTD=0.153165 ret_end=-25.769 dbar_end=0.696 occ_end=0.200 CSR_train=0.000 done_count=125
[upd 30] u=0 upd_ctr=3 opt_step=48 E=0.701 g=0.089 VarTD=0.167418 ret_end=-27.634 dbar_end=0.770 occ_end=0.128 CSR_train=0.008 done_count=125
[upd 40] u=0 upd_ctr=4 opt_step=64 E=0.555 g=0.102 VarTD=0.135733 ret_end=-26.724 dbar_end=0.726 occ_end=0.160 CSR_train=0.000 done_count=125
[upd 50] u=0 upd_ctr=5 opt_step=80 E=0.482 g=0.106 VarTD=0.129160 ret_end=-25.837 dbar_end=0.715 occ_end=0.168 CSR_train=0.000 done_count=125
[upd 60] u=0 upd_ctr=6 opt_step=96 E=0.412 g=0.121 VarTD=0.136377 ret_end=-26.220 dbar_end=0.673 occ_end=0.144 CSR_train=0.000 done_count=125
[upd 70] u=0 upd_ctr=7 opt_step=112 E=0.421 g=0.126 VarTD=0.133934 ret_end=-25.895 dbar_end=0.659 occ_end=0.240 CSR_train=0.000 done_count=125
[upd 80] u=0 upd_ctr=8 opt_step=128 E=0.463 g=0.119 VarTD=0.141226 ret_end=-25.501 dbar_end=0.677 occ_end=0.232 CSR_train=0.000 done_count=125
[upd 90] u=0 upd_ctr=9 opt_step=144 E=0.552 g=0.123 VarTD=0.144503 ret_end=-25.834 dbar_end=0.667 occ_end=0.152 CSR_train=0.000 done_count=125
[upd 100] u=0 upd_ctr=10 opt_step=160 E=0.642 g=0.133 VarTD=0.179102 ret_end=-24.612 dbar_end=0.643 occ_end=0.224 CSR_train=0.000 done_count=125
[upd 110] u=0 upd_ctr=11 opt_step=176 E=0.681 g=0.115 VarTD=0.182218 ret_end=-26.210 dbar_end=0.688 occ_end=0.168 CSR_train=0.008 done_count=125
[upd 120] u=0 upd_ctr=12 opt_step=192 E=0.834 g=0.133 VarTD=0.208998 ret_end=-24.701 dbar_end=0.643 occ_end=0.184 CSR_train=0.008 done_count=125
[upd 130] u=0 upd_ctr=13 opt_step=208 E=0.977 g=0.131 VarTD=0.241702 ret_end=-25.280 dbar_end=0.647 occ_end=0.240 CSR_train=0.000 done_count=100
[upd 140] u=1 upd_ctr=15 opt_step=240 E=0.130 g=0.144 VarTD=0.289407 ret_end=-24.424 dbar_end=0.617 occ_end=0.264 CSR_train=0.000 done_count=125
[upd 150] u=0 upd_ctr=16 opt_step=256 E=0.409 g=0.147 VarTD=0.358446 ret_end=-25.313 dbar_end=0.611 occ_end=0.232 CSR_train=0.000 done_count=125
[upd 160] u=0 upd_ctr=17 opt_step=272 E=0.664 g=0.152 VarTD=0.462971 ret_end=-25.418 dbar_end=0.600 occ_end=0.312 CSR_train=0.000 done_count=125
[upd 170] u=0 upd_ctr=18 opt_step=288 E=0.961 g=0.164 VarTD=0.542009 ret_end=-24.303 dbar_end=0.575 occ_end=0.248 CSR_train=0.000 done_count=125
[upd 180] u=1 upd_ctr=20 opt_step=320 E=0.147 g=0.164 VarTD=0.588357 ret_end=-23.319 dbar_end=0.576 occ_end=0.256 CSR_train=0.000 done_count=125
[upd 190] u=0 upd_ctr=21 opt_step=336 E=0.596 g=0.172 VarTD=0.801254 ret_end=-23.711 dbar_end=0.561 occ_end=0.296 CSR_train=0.000 done_count=125
[upd 200] u=0 upd_ctr=22 opt_step=352 E=1.000 g=0.155 VarTD=0.890051 ret_end=-25.151 dbar_end=0.594 occ_end=0.224 CSR_train=0.000 done_count=125
[upd 210] u=0 upd_ctr=24 opt_step=384 E=0.412 g=0.161 VarTD=1.147097 ret_end=-24.572 dbar_end=0.581 occ_end=0.224 CSR_train=0.000 done_count=125
[upd 220] u=0 upd_ctr=25 opt_step=400 E=0.751 g=0.159 VarTD=1.257829 ret_end=-23.856 dbar_end=0.586 occ_end=0.280 CSR_train=0.000 done_count=125
[upd 230] u=1 upd_ctr=27 opt_step=432 E=0.154 g=0.171 VarTD=1.407177 ret_end=-23.649 dbar_end=0.562 occ_end=0.256 CSR_train=0.000 done_count=125
[upd 240] u=0 upd_ctr=28 opt_step=448 E=0.625 g=0.180 VarTD=1.739295 ret_end=-23.640 dbar_end=0.547 occ_end=0.344 CSR_train=0.000 done_count=125
[upd 250] u=0 upd_ctr=29 opt_step=464 E=1.000 g=0.162 VarTD=1.868662 ret_end=-24.287 dbar_end=0.580 occ_end=0.224 CSR_train=0.000 done_count=125
[upd 260] u=0 upd_ctr=31 opt_step=496 E=0.431 g=0.153 VarTD=1.721377 ret_end=-23.717 dbar_end=0.599 occ_end=0.170 CSR_train=0.000 done_count=100
[upd 270] u=0 upd_ctr=32 opt_step=512 E=0.958 g=0.195 VarTD=2.391401 ret_end=-23.247 dbar_end=0.521 occ_end=0.360 CSR_train=0.000 done_count=125
[upd 280] u=0 upd_ctr=34 opt_step=544 E=0.313 g=0.173 VarTD=2.631037 ret_end=-22.827 dbar_end=0.558 occ_end=0.240 CSR_train=0.000 done_count=125
[upd 290] u=0 upd_ctr=35 opt_step=560 E=0.814 g=0.188 VarTD=2.928806 ret_end=-23.609 dbar_end=0.531 occ_end=0.352 CSR_train=0.000 done_count=125
[upd 300] u=1 upd_ctr=37 opt_step=592 E=0.165 g=0.184 VarTD=2.978472 ret_end=-22.395 dbar_end=0.540 occ_end=0.352 CSR_train=0.008 done_count=125
[upd 310] u=0 upd_ctr=38 opt_step=608 E=0.616 g=0.174 VarTD=3.352768 ret_end=-23.682 dbar_end=0.557 occ_end=0.272 CSR_train=0.000 done_count=125
[Gate5 check] update_counter violations: t0=0 diffs=0
[Gate5 check] opt_step violations: t0=0 diffs=0 (expected_inc=16)
[Gate5 check] NaN masking: nan_on_skip=True finite_on_update=True
[Gate5 summary] mean_update_fraction=0.1218 final_executed_updates_mean=38.00
[Gate5 eval] done_count mean=100.0 CSR mean=0.0000 len_end_mean=26.00
[Gate5 eval] episodes_per_env=4 T_eval=104
[Gate5 eval-debug] locked_eps_occ=0.20 pre(step25): dbar_end=0.504122 occupied_end_mean=0.350000 max_tilde_end_mean=0.708273 CSR@locked=0.010000
[Gate5 eval-debug] locked_eps_occ=0.20 post(step26): dbar_end=0.508823 occupied_end_mean=0.350000 max_tilde_end_mean=0.709376 CSR@locked=0.000000
[Gate5 eval-debug] CSR_pre@0.10=0.0000 CSR_pre@0.15=0.0000 CSR_pre@0.20=0.0100 CSR_pre@0.25=0.0400 CSR_pre@0.30=0.0600
[Gate5 eval-debug] CSR_post@0.10=0.0000 CSR_post@0.15=0.0000 CSR_post@0.20=0.0000 CSR_post@0.25=0.0200 CSR_post@0.30=0.0500
