Importing submoduled environments...
Submoduled environments not found. Skipping import.
[upd 0] u=1 upd_ctr=1 opt_step=16 E=0.164 g=0.079 VarTD=0.177244 ret_end=-28.332 dbar_end=0.807 occ_end=0.140 CSR_train=0.000 done_count=100
[upd 10] u=0 upd_ctr=1 opt_step=16 E=0.910 g=0.093 VarTD=0.147298 ret_end=-27.080 dbar_end=0.756 occ_end=0.144 CSR_train=0.000 done_count=125
[upd 20] u=0 upd_ctr=2 opt_step=32 E=0.819 g=0.091 VarTD=0.156221 ret_end=-27.669 dbar_end=0.764 occ_end=0.160 CSR_train=0.000 done_count=125
[upd 30] u=0 upd_ctr=3 opt_step=48 E=0.741 g=0.111 VarTD=0.164033 ret_end=-26.664 dbar_end=0.700 occ_end=0.208 CSR_train=0.000 done_count=125
[upd 40] u=0 upd_ctr=4 opt_step=64 E=0.720 g=0.111 VarTD=0.149148 ret_end=-26.586 dbar_end=0.700 occ_end=0.208 CSR_train=0.000 done_count=125
[upd 50] u=0 upd_ctr=5 opt_step=80 E=0.744 g=0.120 VarTD=0.122813 ret_end=-25.738 dbar_end=0.674 occ_end=0.208 CSR_train=0.000 done_count=125
[upd 60] u=0 upd_ctr=6 opt_step=96 E=0.816 g=0.125 VarTD=0.138207 ret_end=-25.834 dbar_end=0.662 occ_end=0.232 CSR_train=0.000 done_count=125
[upd 70] u=0 upd_ctr=7 opt_step=112 E=0.958 g=0.128 VarTD=0.157725 ret_end=-26.682 dbar_end=0.655 occ_end=0.184 CSR_train=0.000 done_count=125
[upd 80] u=0 upd_ctr=9 opt_step=144 E=0.266 g=0.140 VarTD=0.157505 ret_end=-25.270 dbar_end=0.626 occ_end=0.200 CSR_train=0.000 done_count=125
[upd 90] u=0 upd_ctr=10 opt_step=160 E=0.490 g=0.144 VarTD=0.160658 ret_end=-24.322 dbar_end=0.616 occ_end=0.288 CSR_train=0.000 done_count=125
[upd 100] u=0 upd_ctr=11 opt_step=176 E=0.767 g=0.154 VarTD=0.185281 ret_end=-24.718 dbar_end=0.597 occ_end=0.248 CSR_train=0.000 done_count=125
[upd 110] u=1 upd_ctr=13 opt_step=208 E=0.154 g=0.134 VarTD=0.179451 ret_end=-25.357 dbar_end=0.641 occ_end=0.208 CSR_train=0.000 done_count=125
[upd 120] u=0 upd_ctr=14 opt_step=224 E=0.441 g=0.161 VarTD=0.245097 ret_end=-24.772 dbar_end=0.582 occ_end=0.240 CSR_train=0.000 done_count=125
[upd 130] u=0 upd_ctr=15 opt_step=240 E=0.659 g=0.147 VarTD=0.238473 ret_end=-25.490 dbar_end=0.610 occ_end=0.160 CSR_train=0.000 done_count=100
[upd 140] u=0 upd_ctr=16 opt_step=256 E=0.947 g=0.146 VarTD=0.307749 ret_end=-24.921 dbar_end=0.613 occ_end=0.304 CSR_train=0.000 done_count=125
[upd 150] u=0 upd_ctr=18 opt_step=288 E=0.334 g=0.151 VarTD=0.440278 ret_end=-25.438 dbar_end=0.602 occ_end=0.240 CSR_train=0.000 done_count=125
[upd 160] u=0 upd_ctr=19 opt_step=304 E=0.608 g=0.136 VarTD=0.490654 ret_end=-24.301 dbar_end=0.636 occ_end=0.200 CSR_train=0.000 done_count=125
[upd 170] u=0 upd_ctr=20 opt_step=320 E=0.924 g=0.154 VarTD=0.546812 ret_end=-24.294 dbar_end=0.595 occ_end=0.224 CSR_train=0.000 done_count=125
[upd 180] u=0 upd_ctr=22 opt_step=352 E=0.352 g=0.169 VarTD=0.751579 ret_end=-23.288 dbar_end=0.566 occ_end=0.280 CSR_train=0.008 done_count=125
[upd 190] u=0 upd_ctr=23 opt_step=368 E=0.768 g=0.179 VarTD=0.869385 ret_end=-23.213 dbar_end=0.548 occ_end=0.296 CSR_train=0.008 done_count=125
[upd 200] u=0 upd_ctr=25 opt_step=400 E=0.289 g=0.175 VarTD=1.063491 ret_end=-22.958 dbar_end=0.555 occ_end=0.312 CSR_train=0.000 done_count=125
[upd 210] u=0 upd_ctr=26 opt_step=416 E=0.729 g=0.172 VarTD=1.212842 ret_end=-24.070 dbar_end=0.560 occ_end=0.248 CSR_train=0.000 done_count=125
[upd 220] u=0 upd_ctr=28 opt_step=448 E=0.289 g=0.170 VarTD=1.489619 ret_end=-23.931 dbar_end=0.565 occ_end=0.296 CSR_train=0.000 done_count=125
[upd 230] u=0 upd_ctr=29 opt_step=464 E=0.791 g=0.168 VarTD=1.650576 ret_end=-23.790 dbar_end=0.567 occ_end=0.272 CSR_train=0.000 done_count=125
[upd 240] u=0 upd_ctr=31 opt_step=496 E=0.373 g=0.169 VarTD=1.910269 ret_end=-23.951 dbar_end=0.566 occ_end=0.272 CSR_train=0.000 done_count=125
[upd 250] u=0 upd_ctr=32 opt_step=512 E=0.819 g=0.163 VarTD=2.054613 ret_end=-24.093 dbar_end=0.578 occ_end=0.256 CSR_train=0.000 done_count=125
[upd 260] u=0 upd_ctr=34 opt_step=544 E=0.366 g=0.175 VarTD=1.958562 ret_end=-24.375 dbar_end=0.554 occ_end=0.270 CSR_train=0.000 done_count=100
[upd 270] u=0 upd_ctr=35 opt_step=560 E=0.876 g=0.173 VarTD=2.477698 ret_end=-23.009 dbar_end=0.558 occ_end=0.312 CSR_train=0.000 done_count=125
[upd 280] u=0 upd_ctr=37 opt_step=592 E=0.452 g=0.169 VarTD=2.883742 ret_end=-23.331 dbar_end=0.566 occ_end=0.200 CSR_train=0.008 done_count=125
[upd 290] u=0 upd_ctr=38 opt_step=608 E=0.976 g=0.185 VarTD=3.070844 ret_end=-22.931 dbar_end=0.538 occ_end=0.288 CSR_train=0.000 done_count=125
[upd 300] u=0 upd_ctr=40 opt_step=640 E=0.599 g=0.176 VarTD=3.355673 ret_end=-23.504 dbar_end=0.554 occ_end=0.344 CSR_train=0.000 done_count=125
[upd 310] u=1 upd_ctr=42 opt_step=672 E=0.218 g=0.182 VarTD=3.595272 ret_end=-23.620 dbar_end=0.542 occ_end=0.288 CSR_train=0.000 done_count=125
[Gate5 check] update_counter violations: t0=0 diffs=0
[Gate5 check] opt_step violations: t0=0 diffs=0 (expected_inc=16)
[Gate5 check] NaN masking: nan_on_skip=True finite_on_update=True
[Gate5 summary] mean_update_fraction=0.1346 final_executed_updates_mean=42.00
[Gate5 eval] done_count mean=100.0 CSR mean=0.0000 len_end_mean=26.00
[Gate5 eval] episodes_per_env=4 T_eval=104
[Gate5 eval-debug] locked_eps_occ=0.20 pre(step25): dbar_end=0.485682 occupied_end_mean=0.420000 max_tilde_end_mean=0.692741 CSR@locked=0.010000
[Gate5 eval-debug] locked_eps_occ=0.20 post(step26): dbar_end=0.485707 occupied_end_mean=0.360000 max_tilde_end_mean=0.690828 CSR@locked=0.000000
[Gate5 eval-debug] CSR_pre@0.10=0.0000 CSR_pre@0.15=0.0000 CSR_pre@0.20=0.0100 CSR_pre@0.25=0.0100 CSR_pre@0.30=0.0100
[Gate5 eval-debug] CSR_post@0.10=0.0000 CSR_post@0.15=0.0000 CSR_post@0.20=0.0000 CSR_post@0.25=0.0100 CSR_post@0.30=0.0100
