Importing submoduled environments...
Submoduled environments not found. Skipping import.
[upd 0] u=1 upd_ctr=1 opt_step=16 E=0.432 g=0.105 VarTD=0.153100 ret_end=-26.906 dbar_end=0.718 occ_end=0.160 CSR_train=0.000 done_count=100
[upd 10] u=0 upd_ctr=2 opt_step=32 E=0.114 g=0.084 VarTD=0.151526 ret_end=-28.189 dbar_end=0.787 occ_end=0.080 CSR_train=0.000 done_count=125
[upd 20] u=0 upd_ctr=2 opt_step=32 E=0.411 g=0.103 VarTD=0.128723 ret_end=-26.489 dbar_end=0.723 occ_end=0.192 CSR_train=0.000 done_count=125
[upd 30] u=0 upd_ctr=3 opt_step=48 E=0.106 g=0.102 VarTD=0.151626 ret_end=-27.128 dbar_end=0.728 occ_end=0.192 CSR_train=0.000 done_count=125
[upd 40] u=0 upd_ctr=3 opt_step=48 E=0.412 g=0.092 VarTD=0.142332 ret_end=-28.387 dbar_end=0.759 occ_end=0.144 CSR_train=0.000 done_count=125
[upd 50] u=0 upd_ctr=4 opt_step=64 E=0.127 g=0.095 VarTD=0.143668 ret_end=-27.837 dbar_end=0.749 occ_end=0.160 CSR_train=0.000 done_count=125
[upd 60] u=0 upd_ctr=4 opt_step=64 E=0.440 g=0.104 VarTD=0.137422 ret_end=-26.702 dbar_end=0.722 occ_end=0.168 CSR_train=0.000 done_count=125
[upd 70] u=0 upd_ctr=5 opt_step=80 E=0.169 g=0.127 VarTD=0.128000 ret_end=-25.479 dbar_end=0.658 occ_end=0.224 CSR_train=0.000 done_count=125
[upd 80] u=0 upd_ctr=5 opt_step=80 E=0.510 g=0.131 VarTD=0.104105 ret_end=-24.445 dbar_end=0.646 occ_end=0.248 CSR_train=0.008 done_count=125
[upd 90] u=0 upd_ctr=6 opt_step=96 E=0.243 g=0.114 VarTD=0.130471 ret_end=-25.712 dbar_end=0.692 occ_end=0.224 CSR_train=0.000 done_count=125
[upd 100] u=0 upd_ctr=6 opt_step=96 E=0.576 g=0.108 VarTD=0.131408 ret_end=-26.626 dbar_end=0.707 occ_end=0.144 CSR_train=0.000 done_count=125
[upd 110] u=0 upd_ctr=7 opt_step=112 E=0.330 g=0.120 VarTD=0.137057 ret_end=-25.660 dbar_end=0.676 occ_end=0.152 CSR_train=0.000 done_count=125
[upd 120] u=0 upd_ctr=8 opt_step=128 E=0.081 g=0.121 VarTD=0.154437 ret_end=-26.564 dbar_end=0.673 occ_end=0.248 CSR_train=0.000 done_count=125
[Gate5 check] update_counter violations: t0=0 diffs=0
[Gate5 check] opt_step violations: t0=0 diffs=0 (expected_inc=16)
[Gate5 check] NaN masking: nan_on_skip=True finite_on_update=True
[Gate5 summary] mean_update_fraction=0.0640 final_executed_updates_mean=8.00
[Gate5 eval] done_count mean=100.0 CSR mean=0.0100 len_end_mean=26.00
[Gate5 eval] episodes_per_env=4 T_eval=104
[Gate5 eval-debug] locked_eps_occ=0.20 pre(step25): dbar_end=0.501863 occupied_end_mean=0.380000 max_tilde_end_mean=0.740055 CSR@locked=0.000000
[Gate5 eval-debug] locked_eps_occ=0.20 post(step26): dbar_end=0.509095 occupied_end_mean=0.390000 max_tilde_end_mean=0.752301 CSR@locked=0.010000
[Gate5 eval-debug] CSR_pre@0.10=0.0000 CSR_pre@0.15=0.0000 CSR_pre@0.20=0.0000 CSR_pre@0.25=0.0100 CSR_pre@0.30=0.0600
[Gate5 eval-debug] CSR_post@0.10=0.0000 CSR_post@0.15=0.0000 CSR_post@0.20=0.0100 CSR_post@0.25=0.0100 CSR_post@0.30=0.0400
