Importing submoduled environments...
Submoduled environments not found. Skipping import.
[upd 0] u=1 upd_ctr=1 opt_step=16 E=0.137 g=0.092 VarTD=0.127621 ret_end=-27.319 dbar_end=0.760 occ_end=0.140 CSR_train=0.000 done_count=100
[upd 10] u=0 upd_ctr=1 opt_step=16 E=0.516 g=0.102 VarTD=0.162085 ret_end=-27.682 dbar_end=0.727 occ_end=0.168 CSR_train=0.000 done_count=125
[upd 20] u=0 upd_ctr=1 opt_step=16 E=0.877 g=0.083 VarTD=0.141936 ret_end=-28.343 dbar_end=0.793 occ_end=0.144 CSR_train=0.000 done_count=125
[upd 30] u=0 upd_ctr=2 opt_step=32 E=0.364 g=0.093 VarTD=0.134384 ret_end=-27.043 dbar_end=0.757 occ_end=0.184 CSR_train=0.000 done_count=125
[upd 40] u=0 upd_ctr=2 opt_step=32 E=0.732 g=0.087 VarTD=0.150967 ret_end=-27.612 dbar_end=0.777 occ_end=0.072 CSR_train=0.000 done_count=125
[upd 50] u=0 upd_ctr=3 opt_step=48 E=0.224 g=0.104 VarTD=0.133017 ret_end=-26.501 dbar_end=0.722 occ_end=0.200 CSR_train=0.000 done_count=125
[upd 60] u=0 upd_ctr=3 opt_step=48 E=0.624 g=0.102 VarTD=0.122746 ret_end=-26.946 dbar_end=0.728 occ_end=0.160 CSR_train=0.000 done_count=125
[upd 70] u=0 upd_ctr=4 opt_step=64 E=0.131 g=0.108 VarTD=0.164765 ret_end=-26.899 dbar_end=0.710 occ_end=0.208 CSR_train=0.000 done_count=125
[upd 80] u=0 upd_ctr=4 opt_step=64 E=0.560 g=0.105 VarTD=0.152075 ret_end=-26.267 dbar_end=0.717 occ_end=0.152 CSR_train=0.000 done_count=125
[upd 90] u=1 upd_ctr=5 opt_step=80 E=0.081 g=0.098 VarTD=0.146410 ret_end=-28.199 dbar_end=0.741 occ_end=0.192 CSR_train=0.000 done_count=125
[upd 100] u=0 upd_ctr=5 opt_step=80 E=0.518 g=0.117 VarTD=0.130703 ret_end=-25.318 dbar_end=0.684 occ_end=0.192 CSR_train=0.000 done_count=125
[upd 110] u=1 upd_ctr=6 opt_step=96 E=0.047 g=0.094 VarTD=0.166602 ret_end=-28.087 dbar_end=0.753 occ_end=0.152 CSR_train=0.000 done_count=125
[upd 120] u=0 upd_ctr=6 opt_step=96 E=0.510 g=0.120 VarTD=0.125158 ret_end=-26.319 dbar_end=0.675 occ_end=0.168 CSR_train=0.000 done_count=125
[Gate5 check] update_counter violations: t0=0 diffs=0
[Gate5 check] opt_step violations: t0=0 diffs=0 (expected_inc=16)
[Gate5 check] NaN masking: nan_on_skip=True finite_on_update=True
[Gate5 summary] mean_update_fraction=0.0480 final_executed_updates_mean=6.00
[Gate5 eval] done_count mean=100.0 CSR mean=0.0000 len_end_mean=26.00
[Gate5 eval] episodes_per_env=4 T_eval=104
[Gate5 eval-debug] locked_eps_occ=0.20 pre(step25): dbar_end=0.496915 occupied_end_mean=0.420000 max_tilde_end_mean=0.747628 CSR@locked=0.000000
[Gate5 eval-debug] locked_eps_occ=0.20 post(step26): dbar_end=0.500835 occupied_end_mean=0.490000 max_tilde_end_mean=0.756952 CSR@locked=0.000000
[Gate5 eval-debug] CSR_pre@0.10=0.0000 CSR_pre@0.15=0.0000 CSR_pre@0.20=0.0000 CSR_pre@0.25=0.0100 CSR_pre@0.30=0.0200
[Gate5 eval-debug] CSR_post@0.10=0.0000 CSR_post@0.15=0.0000 CSR_post@0.20=0.0000 CSR_post@0.25=0.0000 CSR_post@0.30=0.0000
