Importing submoduled environments...
Submoduled environments not found. Skipping import.
[upd 0] u=1 upd_ctr=1 opt_step=16 E=0.089 g=0.089 VarTD=0.203202 ret_end=-28.238 dbar_end=0.769 occ_end=0.170 CSR_train=0.000 done_count=100
[upd 10] u=0 upd_ctr=1 opt_step=16 E=1.000 g=0.094 VarTD=0.178732 ret_end=-27.407 dbar_end=0.753 occ_end=0.200 CSR_train=0.000 done_count=125
[upd 20] u=0 upd_ctr=2 opt_step=32 E=0.952 g=0.090 VarTD=0.142319 ret_end=-28.292 dbar_end=0.765 occ_end=0.176 CSR_train=0.000 done_count=125
[upd 30] u=0 upd_ctr=3 opt_step=48 E=0.832 g=0.097 VarTD=0.146094 ret_end=-27.346 dbar_end=0.742 occ_end=0.216 CSR_train=0.000 done_count=125
[upd 40] u=0 upd_ctr=4 opt_step=64 E=0.842 g=0.106 VarTD=0.138408 ret_end=-26.225 dbar_end=0.716 occ_end=0.192 CSR_train=0.000 done_count=125
[upd 50] u=0 upd_ctr=5 opt_step=80 E=0.865 g=0.096 VarTD=0.167816 ret_end=-27.051 dbar_end=0.746 occ_end=0.136 CSR_train=0.000 done_count=125
[upd 60] u=0 upd_ctr=6 opt_step=96 E=0.857 g=0.107 VarTD=0.144344 ret_end=-26.646 dbar_end=0.711 occ_end=0.168 CSR_train=0.000 done_count=125
[upd 70] u=0 upd_ctr=7 opt_step=112 E=0.896 g=0.105 VarTD=0.145136 ret_end=-26.707 dbar_end=0.717 occ_end=0.208 CSR_train=0.000 done_count=125
[upd 80] u=0 upd_ctr=8 opt_step=128 E=0.910 g=0.119 VarTD=0.151340 ret_end=-25.074 dbar_end=0.677 occ_end=0.184 CSR_train=0.000 done_count=125
[upd 90] u=0 upd_ctr=9 opt_step=144 E=1.000 g=0.127 VarTD=0.154734 ret_end=-25.637 dbar_end=0.657 occ_end=0.176 CSR_train=0.000 done_count=125
[upd 100] u=1 upd_ctr=11 opt_step=176 E=0.110 g=0.110 VarTD=0.166223 ret_end=-26.820 dbar_end=0.702 occ_end=0.192 CSR_train=0.000 done_count=125
[upd 110] u=0 upd_ctr=12 opt_step=192 E=0.241 g=0.117 VarTD=0.180677 ret_end=-26.253 dbar_end=0.682 occ_end=0.224 CSR_train=0.000 done_count=125
[upd 120] u=0 upd_ctr=13 opt_step=208 E=0.374 g=0.118 VarTD=0.217405 ret_end=-26.087 dbar_end=0.681 occ_end=0.304 CSR_train=0.000 done_count=125
[upd 130] u=0 upd_ctr=14 opt_step=224 E=0.685 g=0.132 VarTD=0.225107 ret_end=-25.804 dbar_end=0.644 occ_end=0.270 CSR_train=0.000 done_count=100
[upd 140] u=0 upd_ctr=15 opt_step=240 E=0.906 g=0.121 VarTD=0.294075 ret_end=-26.030 dbar_end=0.673 occ_end=0.200 CSR_train=0.000 done_count=125
[upd 150] u=1 upd_ctr=17 opt_step=272 E=0.132 g=0.132 VarTD=0.356602 ret_end=-26.344 dbar_end=0.645 occ_end=0.256 CSR_train=0.000 done_count=125
[upd 160] u=0 upd_ctr=18 opt_step=288 E=0.419 g=0.135 VarTD=0.427993 ret_end=-24.799 dbar_end=0.637 occ_end=0.160 CSR_train=0.000 done_count=125
[upd 170] u=0 upd_ctr=19 opt_step=304 E=0.745 g=0.143 VarTD=0.556392 ret_end=-25.642 dbar_end=0.619 occ_end=0.280 CSR_train=0.000 done_count=125
[upd 180] u=1 upd_ctr=21 opt_step=336 E=0.152 g=0.152 VarTD=0.595102 ret_end=-24.580 dbar_end=0.599 occ_end=0.264 CSR_train=0.000 done_count=125
[upd 190] u=0 upd_ctr=22 opt_step=352 E=0.654 g=0.159 VarTD=0.817055 ret_end=-24.246 dbar_end=0.585 occ_end=0.224 CSR_train=0.000 done_count=125
[upd 200] u=0 upd_ctr=23 opt_step=368 E=1.000 g=0.153 VarTD=0.883145 ret_end=-24.452 dbar_end=0.598 occ_end=0.256 CSR_train=0.000 done_count=125
[upd 210] u=0 upd_ctr=25 opt_step=400 E=0.510 g=0.167 VarTD=1.115206 ret_end=-23.239 dbar_end=0.570 occ_end=0.256 CSR_train=0.000 done_count=125
[upd 220] u=0 upd_ctr=26 opt_step=416 E=0.980 g=0.159 VarTD=1.220175 ret_end=-23.992 dbar_end=0.585 occ_end=0.240 CSR_train=0.000 done_count=125
[upd 230] u=0 upd_ctr=28 opt_step=448 E=0.317 g=0.145 VarTD=1.505995 ret_end=-24.630 dbar_end=0.616 occ_end=0.168 CSR_train=0.000 done_count=125
[upd 240] u=0 upd_ctr=29 opt_step=464 E=0.787 g=0.160 VarTD=1.648736 ret_end=-23.584 dbar_end=0.585 occ_end=0.304 CSR_train=0.008 done_count=125
[upd 250] u=1 upd_ctr=31 opt_step=496 E=0.175 g=0.175 VarTD=1.841376 ret_end=-23.748 dbar_end=0.554 occ_end=0.328 CSR_train=0.008 done_count=125
[upd 260] u=0 upd_ctr=32 opt_step=512 E=0.832 g=0.169 VarTD=1.746749 ret_end=-24.047 dbar_end=0.566 occ_end=0.270 CSR_train=0.000 done_count=100
[upd 270] u=0 upd_ctr=34 opt_step=544 E=0.331 g=0.153 VarTD=2.451857 ret_end=-24.909 dbar_end=0.598 occ_end=0.216 CSR_train=0.000 done_count=125
[upd 280] u=0 upd_ctr=35 opt_step=560 E=0.996 g=0.175 VarTD=2.632190 ret_end=-23.256 dbar_end=0.555 occ_end=0.256 CSR_train=0.000 done_count=125
[upd 290] u=0 upd_ctr=37 opt_step=592 E=0.518 g=0.166 VarTD=2.928124 ret_end=-23.710 dbar_end=0.571 occ_end=0.280 CSR_train=0.000 done_count=125
[upd 300] u=0 upd_ctr=38 opt_step=608 E=1.000 g=0.165 VarTD=3.076053 ret_end=-23.971 dbar_end=0.573 occ_end=0.304 CSR_train=0.000 done_count=125
[upd 310] u=0 upd_ctr=40 opt_step=640 E=0.668 g=0.164 VarTD=3.451744 ret_end=-22.984 dbar_end=0.575 occ_end=0.272 CSR_train=0.000 done_count=125
[Gate5 check] update_counter violations: t0=0 diffs=0
[Gate5 check] opt_step violations: t0=0 diffs=0 (expected_inc=16)
[Gate5 check] NaN masking: nan_on_skip=True finite_on_update=True
[Gate5 summary] mean_update_fraction=0.1282 final_executed_updates_mean=40.00
[Gate5 eval] done_count mean=100.0 CSR mean=0.0200 len_end_mean=26.00
[Gate5 eval] episodes_per_env=4 T_eval=104
[Gate5 eval-debug] locked_eps_occ=0.20 pre(step25): dbar_end=0.487429 occupied_end_mean=0.420000 max_tilde_end_mean=0.697294 CSR@locked=0.000000
[Gate5 eval-debug] locked_eps_occ=0.20 post(step26): dbar_end=0.487532 occupied_end_mean=0.450000 max_tilde_end_mean=0.689122 CSR@locked=0.020000
[Gate5 eval-debug] CSR_pre@0.10=0.0000 CSR_pre@0.15=0.0000 CSR_pre@0.20=0.0000 CSR_pre@0.25=0.0100 CSR_pre@0.30=0.0500
[Gate5 eval-debug] CSR_post@0.10=0.0000 CSR_post@0.15=0.0100 CSR_post@0.20=0.0200 CSR_post@0.25=0.0300 CSR_post@0.30=0.0600
