Importing submoduled environments...
Submoduled environments not found. Skipping import.
[upd 0] u=1 upd_ctr=1 opt_step=16 E=0.027 g=0.089 VarTD=0.155748 ret_end=-26.495 dbar_end=0.769 occ_end=0.110 CSR_train=0.000 done_count=100
[upd 10] u=0 upd_ctr=1 opt_step=16 E=0.303 g=0.096 VarTD=0.160584 ret_end=-27.044 dbar_end=0.748 occ_end=0.128 CSR_train=0.000 done_count=125
[upd 20] u=0 upd_ctr=1 opt_step=16 E=0.573 g=0.078 VarTD=0.217249 ret_end=-28.983 dbar_end=0.814 occ_end=0.136 CSR_train=0.000 done_count=125
[upd 30] u=0 upd_ctr=1 opt_step=16 E=0.841 g=0.087 VarTD=0.177154 ret_end=-27.554 dbar_end=0.779 occ_end=0.144 CSR_train=0.000 done_count=125
[upd 40] u=0 upd_ctr=2 opt_step=32 E=0.107 g=0.094 VarTD=0.174862 ret_end=-26.954 dbar_end=0.754 occ_end=0.168 CSR_train=0.000 done_count=125
[upd 50] u=0 upd_ctr=2 opt_step=32 E=0.394 g=0.094 VarTD=0.149892 ret_end=-27.536 dbar_end=0.754 occ_end=0.192 CSR_train=0.000 done_count=125
[upd 60] u=0 upd_ctr=2 opt_step=32 E=0.675 g=0.098 VarTD=0.154979 ret_end=-27.067 dbar_end=0.741 occ_end=0.200 CSR_train=0.000 done_count=125
[upd 70] u=0 upd_ctr=2 opt_step=32 E=0.959 g=0.102 VarTD=0.156450 ret_end=-26.276 dbar_end=0.726 occ_end=0.176 CSR_train=0.000 done_count=125
[upd 80] u=0 upd_ctr=3 opt_step=48 E=0.235 g=0.095 VarTD=0.136787 ret_end=-27.212 dbar_end=0.751 occ_end=0.136 CSR_train=0.000 done_count=125
[upd 90] u=0 upd_ctr=3 opt_step=48 E=0.535 g=0.097 VarTD=0.127697 ret_end=-26.983 dbar_end=0.744 occ_end=0.208 CSR_train=0.000 done_count=125
[upd 100] u=0 upd_ctr=3 opt_step=48 E=0.837 g=0.097 VarTD=0.151848 ret_end=-27.335 dbar_end=0.742 occ_end=0.176 CSR_train=0.000 done_count=125
[upd 110] u=0 upd_ctr=4 opt_step=64 E=0.117 g=0.111 VarTD=0.141017 ret_end=-27.091 dbar_end=0.699 occ_end=0.200 CSR_train=0.000 done_count=125
[upd 120] u=0 upd_ctr=4 opt_step=64 E=0.432 g=0.125 VarTD=0.136383 ret_end=-25.638 dbar_end=0.663 occ_end=0.240 CSR_train=0.000 done_count=125
[upd 130] u=0 upd_ctr=4 opt_step=64 E=0.751 g=0.111 VarTD=0.157440 ret_end=-27.312 dbar_end=0.700 occ_end=0.270 CSR_train=0.000 done_count=100
[upd 140] u=0 upd_ctr=5 opt_step=80 E=0.065 g=0.103 VarTD=0.138764 ret_end=-26.649 dbar_end=0.725 occ_end=0.168 CSR_train=0.008 done_count=125
[upd 150] u=0 upd_ctr=5 opt_step=80 E=0.385 g=0.100 VarTD=0.142612 ret_end=-26.292 dbar_end=0.733 occ_end=0.176 CSR_train=0.000 done_count=125
[upd 160] u=0 upd_ctr=5 opt_step=80 E=0.710 g=0.109 VarTD=0.141635 ret_end=-26.812 dbar_end=0.707 occ_end=0.144 CSR_train=0.000 done_count=125
[upd 170] u=0 upd_ctr=5 opt_step=80 E=1.000 g=0.103 VarTD=0.149769 ret_end=-26.695 dbar_end=0.723 occ_end=0.256 CSR_train=0.000 done_count=125
[upd 180] u=0 upd_ctr=6 opt_step=96 E=0.321 g=0.100 VarTD=0.134789 ret_end=-26.725 dbar_end=0.734 occ_end=0.192 CSR_train=0.000 done_count=125
[upd 190] u=0 upd_ctr=6 opt_step=96 E=0.652 g=0.108 VarTD=0.172761 ret_end=-27.089 dbar_end=0.708 occ_end=0.176 CSR_train=0.000 done_count=125
[upd 200] u=0 upd_ctr=6 opt_step=96 E=0.977 g=0.105 VarTD=0.138750 ret_end=-26.702 dbar_end=0.718 occ_end=0.224 CSR_train=0.008 done_count=125
[upd 210] u=0 upd_ctr=7 opt_step=112 E=0.296 g=0.118 VarTD=0.143179 ret_end=-26.221 dbar_end=0.680 occ_end=0.144 CSR_train=0.000 done_count=125
[upd 220] u=0 upd_ctr=7 opt_step=112 E=0.626 g=0.108 VarTD=0.136755 ret_end=-26.329 dbar_end=0.710 occ_end=0.144 CSR_train=0.000 done_count=125
[upd 230] u=0 upd_ctr=7 opt_step=112 E=0.968 g=0.121 VarTD=0.138673 ret_end=-26.285 dbar_end=0.672 occ_end=0.224 CSR_train=0.000 done_count=125
[upd 240] u=0 upd_ctr=8 opt_step=128 E=0.313 g=0.109 VarTD=0.140589 ret_end=-26.283 dbar_end=0.705 occ_end=0.144 CSR_train=0.000 done_count=125
[upd 250] u=0 upd_ctr=8 opt_step=128 E=0.659 g=0.126 VarTD=0.149024 ret_end=-25.214 dbar_end=0.661 occ_end=0.208 CSR_train=0.000 done_count=125
[upd 260] u=0 upd_ctr=8 opt_step=128 E=1.000 g=0.113 VarTD=0.132248 ret_end=-26.195 dbar_end=0.694 occ_end=0.190 CSR_train=0.000 done_count=100
[upd 270] u=0 upd_ctr=9 opt_step=144 E=0.368 g=0.122 VarTD=0.156080 ret_end=-25.681 dbar_end=0.671 occ_end=0.184 CSR_train=0.000 done_count=125
[upd 280] u=0 upd_ctr=9 opt_step=144 E=0.747 g=0.110 VarTD=0.155867 ret_end=-27.103 dbar_end=0.702 occ_end=0.192 CSR_train=0.000 done_count=125
[upd 290] u=0 upd_ctr=10 opt_step=160 E=0.117 g=0.133 VarTD=0.139441 ret_end=-25.269 dbar_end=0.642 occ_end=0.168 CSR_train=0.000 done_count=125
[upd 300] u=0 upd_ctr=10 opt_step=160 E=0.489 g=0.118 VarTD=0.174771 ret_end=-26.418 dbar_end=0.681 occ_end=0.136 CSR_train=0.000 done_count=125
[upd 310] u=0 upd_ctr=10 opt_step=160 E=0.875 g=0.137 VarTD=0.166931 ret_end=-25.892 dbar_end=0.633 occ_end=0.240 CSR_train=0.000 done_count=125
[Gate5 check] update_counter violations: t0=0 diffs=0
[Gate5 check] opt_step violations: t0=0 diffs=0 (expected_inc=16)
[Gate5 check] NaN masking: nan_on_skip=True finite_on_update=True
[Gate5 summary] mean_update_fraction=0.0321 final_executed_updates_mean=10.00
[Gate5 eval] done_count mean=100.0 CSR mean=0.0000 len_end_mean=26.00
[Gate5 eval] episodes_per_env=4 T_eval=104
[Gate5 eval-debug] locked_eps_occ=0.20 pre(step25): dbar_end=0.528700 occupied_end_mean=0.350000 max_tilde_end_mean=0.770472 CSR@locked=0.000000
[Gate5 eval-debug] locked_eps_occ=0.20 post(step26): dbar_end=0.524720 occupied_end_mean=0.340000 max_tilde_end_mean=0.766228 CSR@locked=0.000000
[Gate5 eval-debug] CSR_pre@0.10=0.0000 CSR_pre@0.15=0.0000 CSR_pre@0.20=0.0000 CSR_pre@0.25=0.0000 CSR_pre@0.30=0.0200
[Gate5 eval-debug] CSR_post@0.10=0.0000 CSR_post@0.15=0.0000 CSR_post@0.20=0.0000 CSR_post@0.25=0.0000 CSR_post@0.30=0.0100
