Importing submoduled environments...
Submoduled environments not found. Skipping import.
[upd 0] u=1 upd_ctr=1 opt_step=16 E=0.909 g=0.092 VarTD=0.136051 ret_end=-27.009 dbar_end=0.762 occ_end=0.140 CSR_train=0.000 done_count=100
[upd 10] u=1 upd_ctr=11 opt_step=176 E=0.020 g=0.126 VarTD=0.154068 ret_end=-25.793 dbar_end=0.659 occ_end=0.200 CSR_train=0.000 done_count=125
[upd 20] u=0 upd_ctr=12 opt_step=192 E=0.046 g=0.122 VarTD=0.171173 ret_end=-25.833 dbar_end=0.671 occ_end=0.232 CSR_train=0.000 done_count=125
[upd 30] u=0 upd_ctr=13 opt_step=208 E=0.076 g=0.142 VarTD=0.212276 ret_end=-25.623 dbar_end=0.622 occ_end=0.256 CSR_train=0.000 done_count=125
[upd 40] u=0 upd_ctr=14 opt_step=224 E=0.102 g=0.133 VarTD=0.205568 ret_end=-24.514 dbar_end=0.643 occ_end=0.208 CSR_train=0.000 done_count=125
[upd 50] u=0 upd_ctr=16 opt_step=256 E=0.034 g=0.132 VarTD=0.269400 ret_end=-24.575 dbar_end=0.646 occ_end=0.272 CSR_train=0.008 done_count=125
[upd 60] u=0 upd_ctr=17 opt_step=272 E=0.077 g=0.147 VarTD=0.313967 ret_end=-25.063 dbar_end=0.612 occ_end=0.288 CSR_train=0.000 done_count=125
[upd 70] u=1 upd_ctr=19 opt_step=304 E=0.019 g=0.147 VarTD=0.379644 ret_end=-24.151 dbar_end=0.610 occ_end=0.264 CSR_train=0.000 done_count=125
[upd 80] u=0 upd_ctr=20 opt_step=320 E=0.073 g=0.162 VarTD=0.504199 ret_end=-24.040 dbar_end=0.581 occ_end=0.280 CSR_train=0.000 done_count=125
[upd 90] u=1 upd_ctr=22 opt_step=352 E=0.030 g=0.166 VarTD=0.597756 ret_end=-24.067 dbar_end=0.573 occ_end=0.216 CSR_train=0.000 done_count=125
[upd 100] u=0 upd_ctr=23 opt_step=368 E=0.090 g=0.156 VarTD=0.764295 ret_end=-24.352 dbar_end=0.592 occ_end=0.248 CSR_train=0.000 done_count=125
[upd 110] u=0 upd_ctr=25 opt_step=400 E=0.054 g=0.172 VarTD=0.939934 ret_end=-23.464 dbar_end=0.560 occ_end=0.336 CSR_train=0.000 done_count=125
[upd 120] u=1 upd_ctr=27 opt_step=432 E=0.018 g=0.162 VarTD=1.081504 ret_end=-24.599 dbar_end=0.580 occ_end=0.288 CSR_train=0.000 done_count=125
[Gate5 check] update_counter violations: t0=0 diffs=0
[Gate5 check] opt_step violations: t0=0 diffs=0 (expected_inc=16)
[Gate5 check] NaN masking: nan_on_skip=True finite_on_update=True
[Gate5 summary] mean_update_fraction=0.2160 final_executed_updates_mean=27.00
[Gate5 eval] done_count mean=100.0 CSR mean=0.0000 len_end_mean=26.00
[Gate5 eval] episodes_per_env=4 T_eval=104
[Gate5 eval-debug] locked_eps_occ=0.20 pre(step25): dbar_end=0.507837 occupied_end_mean=0.480000 max_tilde_end_mean=0.720715 CSR@locked=0.000000
[Gate5 eval-debug] locked_eps_occ=0.20 post(step26): dbar_end=0.509763 occupied_end_mean=0.410000 max_tilde_end_mean=0.728321 CSR@locked=0.000000
[Gate5 eval-debug] CSR_pre@0.10=0.0000 CSR_pre@0.15=0.0000 CSR_pre@0.20=0.0000 CSR_pre@0.25=0.0400 CSR_pre@0.30=0.0400
[Gate5 eval-debug] CSR_post@0.10=0.0000 CSR_post@0.15=0.0000 CSR_post@0.20=0.0000 CSR_post@0.25=0.0400 CSR_post@0.30=0.0600
