Importing submoduled environments...
Submoduled environments not found. Skipping import.
[upd 0] u=1 upd_ctr=1 opt_step=16 E=0.284 g=0.105 VarTD=0.153100 ret_end=-26.906 dbar_end=0.718 occ_end=0.160 CSR_train=0.000 done_count=100
[upd 10] u=0 upd_ctr=2 opt_step=32 E=0.237 g=0.084 VarTD=0.151526 ret_end=-28.189 dbar_end=0.787 occ_end=0.080 CSR_train=0.000 done_count=125
[upd 20] u=0 upd_ctr=3 opt_step=48 E=0.233 g=0.106 VarTD=0.125064 ret_end=-26.414 dbar_end=0.714 occ_end=0.216 CSR_train=0.000 done_count=125
[upd 30] u=0 upd_ctr=4 opt_step=64 E=0.249 g=0.103 VarTD=0.152547 ret_end=-27.021 dbar_end=0.724 occ_end=0.184 CSR_train=0.000 done_count=125
[upd 40] u=0 upd_ctr=5 opt_step=80 E=0.294 g=0.100 VarTD=0.142834 ret_end=-27.955 dbar_end=0.734 occ_end=0.192 CSR_train=0.008 done_count=125
[upd 50] u=0 upd_ctr=6 opt_step=96 E=0.402 g=0.107 VarTD=0.140598 ret_end=-27.223 dbar_end=0.713 occ_end=0.168 CSR_train=0.000 done_count=125
[upd 60] u=0 upd_ctr=7 opt_step=112 E=0.505 g=0.117 VarTD=0.137532 ret_end=-26.053 dbar_end=0.684 occ_end=0.192 CSR_train=0.000 done_count=125
[upd 70] u=0 upd_ctr=8 opt_step=128 E=0.681 g=0.139 VarTD=0.139883 ret_end=-24.961 dbar_end=0.628 occ_end=0.208 CSR_train=0.000 done_count=125
[upd 80] u=0 upd_ctr=9 opt_step=144 E=0.903 g=0.150 VarTD=0.129389 ret_end=-23.756 dbar_end=0.603 occ_end=0.288 CSR_train=0.000 done_count=125
[upd 90] u=0 upd_ctr=11 opt_step=176 E=0.336 g=0.139 VarTD=0.161917 ret_end=-24.458 dbar_end=0.629 occ_end=0.256 CSR_train=0.000 done_count=125
[upd 100] u=0 upd_ctr=12 opt_step=192 E=0.581 g=0.135 VarTD=0.190082 ret_end=-25.695 dbar_end=0.637 occ_end=0.208 CSR_train=0.000 done_count=125
[upd 110] u=0 upd_ctr=13 opt_step=208 E=0.888 g=0.143 VarTD=0.197252 ret_end=-24.794 dbar_end=0.620 occ_end=0.240 CSR_train=0.000 done_count=125
[upd 120] u=0 upd_ctr=15 opt_step=240 E=0.381 g=0.136 VarTD=0.261404 ret_end=-25.774 dbar_end=0.635 occ_end=0.216 CSR_train=0.000 done_count=125
[Gate5 check] update_counter violations: t0=0 diffs=0
[Gate5 check] opt_step violations: t0=0 diffs=0 (expected_inc=16)
[Gate5 check] NaN masking: nan_on_skip=True finite_on_update=True
[Gate5 summary] mean_update_fraction=0.1200 final_executed_updates_mean=15.00
[Gate5 eval] done_count mean=100.0 CSR mean=0.0100 len_end_mean=26.00
[Gate5 eval] episodes_per_env=4 T_eval=104
[Gate5 eval-debug] locked_eps_occ=0.20 pre(step25): dbar_end=0.504237 occupied_end_mean=0.320000 max_tilde_end_mean=0.707470 CSR@locked=0.000000
[Gate5 eval-debug] locked_eps_occ=0.20 post(step26): dbar_end=0.509192 occupied_end_mean=0.320000 max_tilde_end_mean=0.712410 CSR@locked=0.010000
[Gate5 eval-debug] CSR_pre@0.10=0.0000 CSR_pre@0.15=0.0000 CSR_pre@0.20=0.0000 CSR_pre@0.25=0.0200 CSR_pre@0.30=0.0600
[Gate5 eval-debug] CSR_post@0.10=0.0000 CSR_post@0.15=0.0000 CSR_post@0.20=0.0100 CSR_post@0.25=0.0100 CSR_post@0.30=0.0300
