Importing submoduled environments...
Submoduled environments not found. Skipping import.
[upd 0] u=1 upd_ctr=1 opt_step=16 E=0.078 g=0.093 VarTD=0.145852 ret_end=-27.154 dbar_end=0.757 occ_end=0.170 CSR_train=0.000 done_count=100
[upd 10] u=0 upd_ctr=1 opt_step=16 E=0.355 g=0.084 VarTD=0.153180 ret_end=-27.639 dbar_end=0.787 occ_end=0.144 CSR_train=0.008 done_count=125
[upd 20] u=0 upd_ctr=1 opt_step=16 E=0.638 g=0.095 VarTD=0.155754 ret_end=-27.101 dbar_end=0.751 occ_end=0.208 CSR_train=0.000 done_count=125
[upd 30] u=0 upd_ctr=1 opt_step=16 E=0.908 g=0.089 VarTD=0.148881 ret_end=-27.244 dbar_end=0.771 occ_end=0.120 CSR_train=0.000 done_count=125
[upd 40] u=0 upd_ctr=2 opt_step=32 E=0.249 g=0.089 VarTD=0.161731 ret_end=-27.819 dbar_end=0.772 occ_end=0.112 CSR_train=0.000 done_count=125
[upd 50] u=0 upd_ctr=2 opt_step=32 E=0.536 g=0.102 VarTD=0.164279 ret_end=-27.029 dbar_end=0.728 occ_end=0.168 CSR_train=0.000 done_count=125
[upd 60] u=0 upd_ctr=2 opt_step=32 E=0.828 g=0.102 VarTD=0.152649 ret_end=-26.397 dbar_end=0.727 occ_end=0.200 CSR_train=0.000 done_count=125
[upd 70] u=0 upd_ctr=3 opt_step=48 E=0.169 g=0.088 VarTD=0.175375 ret_end=-28.206 dbar_end=0.776 occ_end=0.128 CSR_train=0.000 done_count=125
[upd 80] u=0 upd_ctr=3 opt_step=48 E=0.462 g=0.094 VarTD=0.149879 ret_end=-27.282 dbar_end=0.754 occ_end=0.184 CSR_train=0.000 done_count=125
[upd 90] u=0 upd_ctr=3 opt_step=48 E=0.749 g=0.097 VarTD=0.149472 ret_end=-27.448 dbar_end=0.744 occ_end=0.176 CSR_train=0.000 done_count=125
[upd 100] u=0 upd_ctr=4 opt_step=64 E=0.092 g=0.115 VarTD=0.125874 ret_end=-25.994 dbar_end=0.690 occ_end=0.136 CSR_train=0.000 done_count=125
[upd 110] u=0 upd_ctr=4 opt_step=64 E=0.389 g=0.098 VarTD=0.167931 ret_end=-26.464 dbar_end=0.740 occ_end=0.208 CSR_train=0.000 done_count=125
[upd 120] u=0 upd_ctr=4 opt_step=64 E=0.682 g=0.092 VarTD=0.143569 ret_end=-27.170 dbar_end=0.760 occ_end=0.104 CSR_train=0.000 done_count=125
[upd 130] u=1 upd_ctr=5 opt_step=80 E=0.052 g=0.118 VarTD=0.146643 ret_end=-25.654 dbar_end=0.681 occ_end=0.220 CSR_train=0.000 done_count=100
[upd 140] u=0 upd_ctr=5 opt_step=80 E=0.364 g=0.105 VarTD=0.139841 ret_end=-26.468 dbar_end=0.719 occ_end=0.200 CSR_train=0.000 done_count=125
[upd 150] u=0 upd_ctr=5 opt_step=80 E=0.681 g=0.117 VarTD=0.145113 ret_end=-26.154 dbar_end=0.683 occ_end=0.144 CSR_train=0.000 done_count=125
[upd 160] u=1 upd_ctr=6 opt_step=96 E=0.040 g=0.111 VarTD=0.145505 ret_end=-25.955 dbar_end=0.701 occ_end=0.168 CSR_train=0.000 done_count=125
[upd 170] u=0 upd_ctr=6 opt_step=96 E=0.379 g=0.124 VarTD=0.135288 ret_end=-25.372 dbar_end=0.665 occ_end=0.240 CSR_train=0.000 done_count=125
[upd 180] u=0 upd_ctr=6 opt_step=96 E=0.717 g=0.113 VarTD=0.144973 ret_end=-26.206 dbar_end=0.695 occ_end=0.120 CSR_train=0.000 done_count=125
[upd 190] u=0 upd_ctr=7 opt_step=112 E=0.105 g=0.124 VarTD=0.158464 ret_end=-25.527 dbar_end=0.664 occ_end=0.184 CSR_train=0.000 done_count=125
[upd 200] u=0 upd_ctr=7 opt_step=112 E=0.450 g=0.109 VarTD=0.131212 ret_end=-27.056 dbar_end=0.705 occ_end=0.176 CSR_train=0.000 done_count=125
[upd 210] u=0 upd_ctr=7 opt_step=112 E=0.813 g=0.117 VarTD=0.150559 ret_end=-26.577 dbar_end=0.683 occ_end=0.256 CSR_train=0.000 done_count=125
[upd 220] u=0 upd_ctr=8 opt_step=128 E=0.224 g=0.127 VarTD=0.160700 ret_end=-26.119 dbar_end=0.658 occ_end=0.184 CSR_train=0.000 done_count=125
[upd 230] u=0 upd_ctr=8 opt_step=128 E=0.591 g=0.124 VarTD=0.159857 ret_end=-26.165 dbar_end=0.664 occ_end=0.224 CSR_train=0.008 done_count=125
[upd 240] u=0 upd_ctr=8 opt_step=128 E=0.954 g=0.113 VarTD=0.146277 ret_end=-27.187 dbar_end=0.696 occ_end=0.168 CSR_train=0.008 done_count=125
[upd 250] u=0 upd_ctr=9 opt_step=144 E=0.368 g=0.128 VarTD=0.156689 ret_end=-26.683 dbar_end=0.654 occ_end=0.232 CSR_train=0.000 done_count=125
[upd 260] u=0 upd_ctr=9 opt_step=144 E=0.728 g=0.112 VarTD=0.164275 ret_end=-26.996 dbar_end=0.697 occ_end=0.100 CSR_train=0.000 done_count=100
[upd 270] u=0 upd_ctr=10 opt_step=160 E=0.143 g=0.124 VarTD=0.160254 ret_end=-26.431 dbar_end=0.664 occ_end=0.200 CSR_train=0.000 done_count=125
[upd 280] u=0 upd_ctr=10 opt_step=160 E=0.526 g=0.136 VarTD=0.139427 ret_end=-25.024 dbar_end=0.636 occ_end=0.192 CSR_train=0.000 done_count=125
[upd 290] u=0 upd_ctr=10 opt_step=160 E=0.889 g=0.118 VarTD=0.144300 ret_end=-25.795 dbar_end=0.681 occ_end=0.200 CSR_train=0.000 done_count=125
[upd 300] u=0 upd_ctr=11 opt_step=176 E=0.322 g=0.133 VarTD=0.165642 ret_end=-24.788 dbar_end=0.643 occ_end=0.272 CSR_train=0.000 done_count=125
[upd 310] u=0 upd_ctr=11 opt_step=176 E=0.688 g=0.118 VarTD=0.187212 ret_end=-26.015 dbar_end=0.682 occ_end=0.240 CSR_train=0.000 done_count=125
[Gate5 check] update_counter violations: t0=0 diffs=0
[Gate5 check] opt_step violations: t0=0 diffs=0 (expected_inc=16)
[Gate5 check] NaN masking: nan_on_skip=True finite_on_update=True
[Gate5 summary] mean_update_fraction=0.0353 final_executed_updates_mean=11.00
[Gate5 eval] done_count mean=100.0 CSR mean=0.0100 len_end_mean=26.00
[Gate5 eval] episodes_per_env=4 T_eval=104
[Gate5 eval-debug] locked_eps_occ=0.20 pre(step25): dbar_end=0.494911 occupied_end_mean=0.400000 max_tilde_end_mean=0.720871 CSR@locked=0.000000
[Gate5 eval-debug] locked_eps_occ=0.20 post(step26): dbar_end=0.500250 occupied_end_mean=0.350000 max_tilde_end_mean=0.713180 CSR@locked=0.010000
[Gate5 eval-debug] CSR_pre@0.10=0.0000 CSR_pre@0.15=0.0000 CSR_pre@0.20=0.0000 CSR_pre@0.25=0.0000 CSR_pre@0.30=0.0300
[Gate5 eval-debug] CSR_post@0.10=0.0000 CSR_post@0.15=0.0000 CSR_post@0.20=0.0100 CSR_post@0.25=0.0200 CSR_post@0.30=0.0400
