Importing submoduled environments...
Submoduled environments not found. Skipping import.
[upd 0] u=1 upd_ctr=1 opt_step=16 E=0.118 g=0.092 VarTD=0.142843 ret_end=-27.084 dbar_end=0.760 occ_end=0.110 CSR_train=0.000 done_count=100
[upd 10] u=0 upd_ctr=1 opt_step=16 E=0.299 g=0.091 VarTD=0.164683 ret_end=-27.227 dbar_end=0.764 occ_end=0.176 CSR_train=0.000 done_count=125
[upd 20] u=0 upd_ctr=1 opt_step=16 E=0.488 g=0.080 VarTD=0.174803 ret_end=-28.589 dbar_end=0.804 occ_end=0.112 CSR_train=0.000 done_count=125
[upd 30] u=0 upd_ctr=1 opt_step=16 E=0.678 g=0.092 VarTD=0.132511 ret_end=-27.386 dbar_end=0.758 occ_end=0.160 CSR_train=0.000 done_count=125
[upd 40] u=0 upd_ctr=1 opt_step=16 E=0.864 g=0.095 VarTD=0.150439 ret_end=-26.897 dbar_end=0.751 occ_end=0.136 CSR_train=0.000 done_count=125
[upd 50] u=0 upd_ctr=2 opt_step=32 E=0.159 g=0.094 VarTD=0.136333 ret_end=-27.257 dbar_end=0.754 occ_end=0.152 CSR_train=0.000 done_count=125
[upd 60] u=0 upd_ctr=2 opt_step=32 E=0.365 g=0.117 VarTD=0.147031 ret_end=-25.613 dbar_end=0.684 occ_end=0.168 CSR_train=0.000 done_count=125
[upd 70] u=0 upd_ctr=2 opt_step=32 E=0.567 g=0.094 VarTD=0.163814 ret_end=-27.223 dbar_end=0.754 occ_end=0.120 CSR_train=0.000 done_count=125
[upd 80] u=0 upd_ctr=2 opt_step=32 E=0.772 g=0.096 VarTD=0.152564 ret_end=-27.112 dbar_end=0.745 occ_end=0.152 CSR_train=0.000 done_count=125
[upd 90] u=0 upd_ctr=3 opt_step=48 E=0.084 g=0.110 VarTD=0.117728 ret_end=-26.191 dbar_end=0.703 occ_end=0.128 CSR_train=0.000 done_count=125
[upd 100] u=0 upd_ctr=3 opt_step=48 E=0.303 g=0.108 VarTD=0.145109 ret_end=-27.719 dbar_end=0.708 occ_end=0.192 CSR_train=0.000 done_count=125
[upd 110] u=0 upd_ctr=3 opt_step=48 E=0.523 g=0.112 VarTD=0.151466 ret_end=-26.783 dbar_end=0.696 occ_end=0.152 CSR_train=0.000 done_count=125
[upd 120] u=0 upd_ctr=3 opt_step=48 E=0.745 g=0.104 VarTD=0.126591 ret_end=-26.212 dbar_end=0.721 occ_end=0.152 CSR_train=0.000 done_count=125
[upd 130] u=0 upd_ctr=4 opt_step=64 E=0.065 g=0.104 VarTD=0.160898 ret_end=-26.723 dbar_end=0.720 occ_end=0.200 CSR_train=0.000 done_count=100
[upd 140] u=0 upd_ctr=4 opt_step=64 E=0.294 g=0.121 VarTD=0.162589 ret_end=-25.966 dbar_end=0.674 occ_end=0.256 CSR_train=0.000 done_count=125
[upd 150] u=0 upd_ctr=4 opt_step=64 E=0.513 g=0.108 VarTD=0.124349 ret_end=-24.982 dbar_end=0.708 occ_end=0.144 CSR_train=0.000 done_count=125
[upd 160] u=0 upd_ctr=4 opt_step=64 E=0.741 g=0.110 VarTD=0.153633 ret_end=-26.611 dbar_end=0.702 occ_end=0.152 CSR_train=0.000 done_count=125
[upd 170] u=0 upd_ctr=5 opt_step=80 E=0.070 g=0.114 VarTD=0.133609 ret_end=-25.688 dbar_end=0.693 occ_end=0.200 CSR_train=0.000 done_count=125
[upd 180] u=0 upd_ctr=5 opt_step=80 E=0.295 g=0.107 VarTD=0.132954 ret_end=-26.248 dbar_end=0.711 occ_end=0.184 CSR_train=0.000 done_count=125
[upd 190] u=0 upd_ctr=5 opt_step=80 E=0.528 g=0.117 VarTD=0.143213 ret_end=-26.455 dbar_end=0.683 occ_end=0.224 CSR_train=0.000 done_count=125
[upd 200] u=0 upd_ctr=5 opt_step=80 E=0.765 g=0.109 VarTD=0.170577 ret_end=-26.691 dbar_end=0.706 occ_end=0.224 CSR_train=0.000 done_count=125
[upd 210] u=0 upd_ctr=6 opt_step=96 E=0.097 g=0.133 VarTD=0.153851 ret_end=-25.489 dbar_end=0.642 occ_end=0.176 CSR_train=0.000 done_count=125
[upd 220] u=0 upd_ctr=6 opt_step=96 E=0.344 g=0.117 VarTD=0.126993 ret_end=-25.762 dbar_end=0.684 occ_end=0.160 CSR_train=0.000 done_count=125
[upd 230] u=0 upd_ctr=6 opt_step=96 E=0.581 g=0.116 VarTD=0.158832 ret_end=-25.842 dbar_end=0.686 occ_end=0.256 CSR_train=0.000 done_count=125
[upd 240] u=0 upd_ctr=6 opt_step=96 E=0.819 g=0.109 VarTD=0.208023 ret_end=-26.771 dbar_end=0.707 occ_end=0.184 CSR_train=0.008 done_count=125
[upd 250] u=0 upd_ctr=7 opt_step=112 E=0.163 g=0.127 VarTD=0.119998 ret_end=-26.229 dbar_end=0.656 occ_end=0.248 CSR_train=0.000 done_count=125
[upd 260] u=0 upd_ctr=7 opt_step=112 E=0.411 g=0.128 VarTD=0.137525 ret_end=-24.770 dbar_end=0.655 occ_end=0.220 CSR_train=0.000 done_count=100
[upd 270] u=0 upd_ctr=7 opt_step=112 E=0.654 g=0.116 VarTD=0.152827 ret_end=-25.661 dbar_end=0.686 occ_end=0.208 CSR_train=0.000 done_count=125
[upd 280] u=0 upd_ctr=7 opt_step=112 E=0.890 g=0.131 VarTD=0.124703 ret_end=-25.582 dbar_end=0.648 occ_end=0.288 CSR_train=0.008 done_count=125
[upd 290] u=0 upd_ctr=8 opt_step=128 E=0.233 g=0.132 VarTD=0.131872 ret_end=-25.413 dbar_end=0.644 occ_end=0.168 CSR_train=0.000 done_count=125
[upd 300] u=0 upd_ctr=8 opt_step=128 E=0.472 g=0.110 VarTD=0.143152 ret_end=-26.066 dbar_end=0.704 occ_end=0.128 CSR_train=0.000 done_count=125
[upd 310] u=0 upd_ctr=8 opt_step=128 E=0.715 g=0.112 VarTD=0.149315 ret_end=-26.436 dbar_end=0.697 occ_end=0.216 CSR_train=0.000 done_count=125
[Gate5 check] update_counter violations: t0=0 diffs=0
[Gate5 check] opt_step violations: t0=0 diffs=0 (expected_inc=16)
[Gate5 check] NaN masking: nan_on_skip=True finite_on_update=True
[Gate5 summary] mean_update_fraction=0.0256 final_executed_updates_mean=8.00
[Gate5 eval] done_count mean=100.0 CSR mean=0.0100 len_end_mean=26.00
[Gate5 eval] episodes_per_env=4 T_eval=104
[Gate5 eval-debug] locked_eps_occ=0.20 pre(step25): dbar_end=0.519375 occupied_end_mean=0.270000 max_tilde_end_mean=0.725764 CSR@locked=0.010000
[Gate5 eval-debug] locked_eps_occ=0.20 post(step26): dbar_end=0.517626 occupied_end_mean=0.390000 max_tilde_end_mean=0.731524 CSR@locked=0.010000
[Gate5 eval-debug] CSR_pre@0.10=0.0000 CSR_pre@0.15=0.0000 CSR_pre@0.20=0.0100 CSR_pre@0.25=0.0100 CSR_pre@0.30=0.0100
[Gate5 eval-debug] CSR_post@0.10=0.0000 CSR_post@0.15=0.0100 CSR_post@0.20=0.0100 CSR_post@0.25=0.0100 CSR_post@0.30=0.0200
