Importing submoduled environments...
Submoduled environments not found. Skipping import.
[upd 0] u=1 upd_ctr=1 opt_step=16 E=0.084 g=0.084 VarTD=0.159484 ret_end=-27.958 dbar_end=0.788 occ_end=0.180 CSR_train=0.000 done_count=100
[upd 10] u=0 upd_ctr=1 opt_step=16 E=1.000 g=0.095 VarTD=0.154696 ret_end=-26.642 dbar_end=0.751 occ_end=0.136 CSR_train=0.000 done_count=125
[upd 20] u=0 upd_ctr=2 opt_step=32 E=0.951 g=0.096 VarTD=0.129672 ret_end=-26.496 dbar_end=0.746 occ_end=0.200 CSR_train=0.000 done_count=125
[upd 30] u=0 upd_ctr=3 opt_step=48 E=0.882 g=0.102 VarTD=0.166440 ret_end=-26.730 dbar_end=0.726 occ_end=0.152 CSR_train=0.000 done_count=125
[upd 40] u=0 upd_ctr=4 opt_step=64 E=0.830 g=0.101 VarTD=0.147533 ret_end=-27.071 dbar_end=0.731 occ_end=0.248 CSR_train=0.000 done_count=125
[upd 50] u=0 upd_ctr=5 opt_step=80 E=0.868 g=0.109 VarTD=0.123898 ret_end=-26.535 dbar_end=0.706 occ_end=0.128 CSR_train=0.000 done_count=125
[upd 60] u=0 upd_ctr=6 opt_step=96 E=0.903 g=0.107 VarTD=0.133541 ret_end=-27.051 dbar_end=0.711 occ_end=0.176 CSR_train=0.000 done_count=125
[upd 70] u=0 upd_ctr=7 opt_step=112 E=1.000 g=0.113 VarTD=0.160345 ret_end=-26.585 dbar_end=0.694 occ_end=0.160 CSR_train=0.000 done_count=125
[upd 80] u=1 upd_ctr=9 opt_step=144 E=0.128 g=0.128 VarTD=0.129129 ret_end=-25.292 dbar_end=0.655 occ_end=0.168 CSR_train=0.000 done_count=125
[upd 90] u=0 upd_ctr=10 opt_step=160 E=0.376 g=0.125 VarTD=0.148981 ret_end=-25.369 dbar_end=0.664 occ_end=0.184 CSR_train=0.000 done_count=125
[upd 100] u=0 upd_ctr=11 opt_step=176 E=0.688 g=0.149 VarTD=0.155458 ret_end=-24.221 dbar_end=0.606 occ_end=0.304 CSR_train=0.000 done_count=125
[upd 110] u=0 upd_ctr=12 opt_step=192 E=0.988 g=0.158 VarTD=0.191970 ret_end=-24.205 dbar_end=0.587 occ_end=0.344 CSR_train=0.000 done_count=125
[upd 120] u=1 upd_ctr=14 opt_step=224 E=0.149 g=0.149 VarTD=0.215418 ret_end=-24.331 dbar_end=0.606 occ_end=0.208 CSR_train=0.000 done_count=125
[upd 130] u=0 upd_ctr=15 opt_step=240 E=0.630 g=0.157 VarTD=0.267953 ret_end=-25.030 dbar_end=0.591 occ_end=0.250 CSR_train=0.000 done_count=100
[upd 140] u=0 upd_ctr=16 opt_step=256 E=1.000 g=0.163 VarTD=0.340272 ret_end=-23.881 dbar_end=0.577 occ_end=0.240 CSR_train=0.000 done_count=125
[upd 150] u=0 upd_ctr=18 opt_step=288 E=0.495 g=0.164 VarTD=0.481900 ret_end=-24.181 dbar_end=0.576 occ_end=0.344 CSR_train=0.000 done_count=125
[upd 160] u=0 upd_ctr=19 opt_step=304 E=0.977 g=0.163 VarTD=0.535297 ret_end=-23.175 dbar_end=0.577 occ_end=0.288 CSR_train=0.000 done_count=125
[upd 170] u=0 upd_ctr=21 opt_step=336 E=0.507 g=0.171 VarTD=0.732399 ret_end=-24.160 dbar_end=0.562 occ_end=0.336 CSR_train=0.000 done_count=125
[upd 180] u=0 upd_ctr=22 opt_step=352 E=0.986 g=0.175 VarTD=0.851912 ret_end=-23.359 dbar_end=0.555 occ_end=0.336 CSR_train=0.000 done_count=125
[upd 190] u=0 upd_ctr=24 opt_step=384 E=0.497 g=0.171 VarTD=1.055651 ret_end=-24.305 dbar_end=0.563 occ_end=0.256 CSR_train=0.000 done_count=125
[upd 200] u=1 upd_ctr=26 opt_step=416 E=0.162 g=0.162 VarTD=1.156990 ret_end=-23.274 dbar_end=0.579 occ_end=0.248 CSR_train=0.000 done_count=125
[upd 210] u=0 upd_ctr=27 opt_step=432 E=0.827 g=0.175 VarTD=1.491215 ret_end=-23.707 dbar_end=0.555 occ_end=0.312 CSR_train=0.000 done_count=125
[upd 220] u=0 upd_ctr=29 opt_step=464 E=0.504 g=0.172 VarTD=1.709034 ret_end=-23.023 dbar_end=0.560 occ_end=0.328 CSR_train=0.000 done_count=125
[upd 230] u=1 upd_ctr=31 opt_step=496 E=0.160 g=0.160 VarTD=1.880349 ret_end=-24.153 dbar_end=0.583 occ_end=0.288 CSR_train=0.000 done_count=125
[upd 240] u=0 upd_ctr=32 opt_step=512 E=0.852 g=0.167 VarTD=2.185184 ret_end=-23.580 dbar_end=0.569 occ_end=0.304 CSR_train=0.000 done_count=125
[upd 250] u=0 upd_ctr=34 opt_step=544 E=0.509 g=0.155 VarTD=2.496553 ret_end=-24.393 dbar_end=0.594 occ_end=0.240 CSR_train=0.000 done_count=125
[upd 260] u=1 upd_ctr=36 opt_step=576 E=0.176 g=0.176 VarTD=2.192783 ret_end=-23.843 dbar_end=0.553 occ_end=0.280 CSR_train=0.000 done_count=100
[upd 270] u=0 upd_ctr=37 opt_step=592 E=0.902 g=0.185 VarTD=3.019854 ret_end=-22.785 dbar_end=0.537 occ_end=0.408 CSR_train=0.016 done_count=125
[upd 280] u=0 upd_ctr=39 opt_step=624 E=0.520 g=0.185 VarTD=3.406585 ret_end=-23.530 dbar_end=0.537 occ_end=0.320 CSR_train=0.000 done_count=125
[upd 290] u=1 upd_ctr=41 opt_step=656 E=0.166 g=0.166 VarTD=3.454071 ret_end=-23.848 dbar_end=0.571 occ_end=0.248 CSR_train=0.000 done_count=125
[upd 300] u=0 upd_ctr=42 opt_step=672 E=0.919 g=0.187 VarTD=3.809928 ret_end=-23.479 dbar_end=0.535 occ_end=0.320 CSR_train=0.000 done_count=125
[upd 310] u=0 upd_ctr=44 opt_step=704 E=0.547 g=0.178 VarTD=4.124774 ret_end=-23.581 dbar_end=0.550 occ_end=0.344 CSR_train=0.000 done_count=125
[Gate5 check] update_counter violations: t0=0 diffs=0
[Gate5 check] opt_step violations: t0=0 diffs=0 (expected_inc=16)
[Gate5 check] NaN masking: nan_on_skip=True finite_on_update=True
[Gate5 summary] mean_update_fraction=0.1410 final_executed_updates_mean=44.00
[Gate5 eval] done_count mean=100.0 CSR mean=0.0000 len_end_mean=26.00
[Gate5 eval] episodes_per_env=4 T_eval=104
[Gate5 eval-debug] locked_eps_occ=0.20 pre(step25): dbar_end=0.522590 occupied_end_mean=0.230000 max_tilde_end_mean=0.752858 CSR@locked=0.000000
[Gate5 eval-debug] locked_eps_occ=0.20 post(step26): dbar_end=0.514803 occupied_end_mean=0.300000 max_tilde_end_mean=0.752446 CSR@locked=0.000000
[Gate5 eval-debug] CSR_pre@0.10=0.0000 CSR_pre@0.15=0.0000 CSR_pre@0.20=0.0000 CSR_pre@0.25=0.0000 CSR_pre@0.30=0.0300
[Gate5 eval-debug] CSR_post@0.10=0.0000 CSR_post@0.15=0.0000 CSR_post@0.20=0.0000 CSR_post@0.25=0.0000 CSR_post@0.30=0.0200
