Importing submoduled environments...
Submoduled environments not found. Skipping import.
[upd 0] u=1 upd_ctr=1 opt_step=16 E=0.059 g=0.099 VarTD=0.140656 ret_end=-26.323 dbar_end=0.738 occ_end=0.170 CSR_train=0.000 done_count=100
[upd 10] u=0 upd_ctr=1 opt_step=16 E=0.597 g=0.094 VarTD=0.164372 ret_end=-27.885 dbar_end=0.755 occ_end=0.144 CSR_train=0.000 done_count=125
[upd 20] u=0 upd_ctr=2 opt_step=32 E=0.106 g=0.091 VarTD=0.149883 ret_end=-27.703 dbar_end=0.763 occ_end=0.112 CSR_train=0.000 done_count=125
[upd 30] u=0 upd_ctr=2 opt_step=32 E=0.658 g=0.092 VarTD=0.183622 ret_end=-27.168 dbar_end=0.760 occ_end=0.160 CSR_train=0.000 done_count=125
[upd 40] u=0 upd_ctr=3 opt_step=48 E=0.224 g=0.100 VarTD=0.136981 ret_end=-26.717 dbar_end=0.735 occ_end=0.216 CSR_train=0.000 done_count=125
[upd 50] u=0 upd_ctr=3 opt_step=48 E=0.812 g=0.100 VarTD=0.133481 ret_end=-27.057 dbar_end=0.733 occ_end=0.136 CSR_train=0.008 done_count=125
[upd 60] u=0 upd_ctr=4 opt_step=64 E=0.366 g=0.094 VarTD=0.136769 ret_end=-27.258 dbar_end=0.753 occ_end=0.152 CSR_train=0.000 done_count=125
[upd 70] u=0 upd_ctr=4 opt_step=64 E=0.986 g=0.104 VarTD=0.141957 ret_end=-26.825 dbar_end=0.721 occ_end=0.184 CSR_train=0.000 done_count=125
[upd 80] u=0 upd_ctr=5 opt_step=80 E=0.559 g=0.100 VarTD=0.163923 ret_end=-26.956 dbar_end=0.732 occ_end=0.176 CSR_train=0.000 done_count=125
[upd 90] u=0 upd_ctr=6 opt_step=96 E=0.132 g=0.123 VarTD=0.129025 ret_end=-24.890 dbar_end=0.668 occ_end=0.208 CSR_train=0.000 done_count=125
[upd 100] u=0 upd_ctr=6 opt_step=96 E=0.836 g=0.112 VarTD=0.164861 ret_end=-26.785 dbar_end=0.698 occ_end=0.168 CSR_train=0.000 done_count=125
[upd 110] u=0 upd_ctr=7 opt_step=112 E=0.500 g=0.120 VarTD=0.149012 ret_end=-26.240 dbar_end=0.675 occ_end=0.192 CSR_train=0.000 done_count=125
[upd 120] u=0 upd_ctr=8 opt_step=128 E=0.230 g=0.139 VarTD=0.134513 ret_end=-25.198 dbar_end=0.628 occ_end=0.200 CSR_train=0.000 done_count=125
[upd 130] u=0 upd_ctr=8 opt_step=128 E=1.000 g=0.123 VarTD=0.138903 ret_end=-25.820 dbar_end=0.668 occ_end=0.170 CSR_train=0.000 done_count=100
[upd 140] u=0 upd_ctr=9 opt_step=144 E=0.779 g=0.125 VarTD=0.141496 ret_end=-25.287 dbar_end=0.661 occ_end=0.232 CSR_train=0.000 done_count=125
[upd 150] u=0 upd_ctr=10 opt_step=160 E=0.549 g=0.127 VarTD=0.180367 ret_end=-25.090 dbar_end=0.658 occ_end=0.240 CSR_train=0.000 done_count=125
[upd 160] u=0 upd_ctr=11 opt_step=176 E=0.313 g=0.138 VarTD=0.161548 ret_end=-24.534 dbar_end=0.630 occ_end=0.232 CSR_train=0.000 done_count=125
[upd 170] u=1 upd_ctr=12 opt_step=192 E=0.080 g=0.134 VarTD=0.173183 ret_end=-25.424 dbar_end=0.641 occ_end=0.224 CSR_train=0.000 done_count=125
[upd 180] u=0 upd_ctr=12 opt_step=192 E=0.893 g=0.133 VarTD=0.186374 ret_end=-25.760 dbar_end=0.642 occ_end=0.240 CSR_train=0.000 done_count=125
[upd 190] u=0 upd_ctr=13 opt_step=208 E=0.667 g=0.131 VarTD=0.236998 ret_end=-25.358 dbar_end=0.647 occ_end=0.288 CSR_train=0.000 done_count=125
[upd 200] u=0 upd_ctr=14 opt_step=224 E=0.512 g=0.140 VarTD=0.238456 ret_end=-24.854 dbar_end=0.626 occ_end=0.224 CSR_train=0.000 done_count=125
[upd 210] u=0 upd_ctr=15 opt_step=240 E=0.352 g=0.149 VarTD=0.295606 ret_end=-25.197 dbar_end=0.607 occ_end=0.272 CSR_train=0.000 done_count=125
[upd 220] u=0 upd_ctr=16 opt_step=256 E=0.184 g=0.157 VarTD=0.361565 ret_end=-25.228 dbar_end=0.589 occ_end=0.312 CSR_train=0.000 done_count=125
[upd 230] u=0 upd_ctr=16 opt_step=256 E=1.000 g=0.146 VarTD=0.325424 ret_end=-24.803 dbar_end=0.614 occ_end=0.168 CSR_train=0.000 done_count=125
[upd 240] u=0 upd_ctr=17 opt_step=272 E=0.864 g=0.148 VarTD=0.382280 ret_end=-24.327 dbar_end=0.609 occ_end=0.248 CSR_train=0.000 done_count=125
[upd 250] u=0 upd_ctr=18 opt_step=288 E=0.689 g=0.142 VarTD=0.512286 ret_end=-26.135 dbar_end=0.622 occ_end=0.240 CSR_train=0.000 done_count=125
[upd 260] u=0 upd_ctr=19 opt_step=304 E=0.508 g=0.125 VarTD=0.429500 ret_end=-25.452 dbar_end=0.662 occ_end=0.170 CSR_train=0.000 done_count=100
[upd 270] u=0 upd_ctr=20 opt_step=320 E=0.368 g=0.147 VarTD=0.611948 ret_end=-23.816 dbar_end=0.611 occ_end=0.200 CSR_train=0.000 done_count=125
[upd 280] u=0 upd_ctr=21 opt_step=336 E=0.177 g=0.156 VarTD=0.737463 ret_end=-24.212 dbar_end=0.592 occ_end=0.272 CSR_train=0.000 done_count=125
[upd 290] u=1 upd_ctr=22 opt_step=352 E=0.095 g=0.158 VarTD=0.689855 ret_end=-23.579 dbar_end=0.588 occ_end=0.336 CSR_train=0.000 done_count=125
[upd 300] u=0 upd_ctr=22 opt_step=352 E=1.000 g=0.150 VarTD=0.810349 ret_end=-24.419 dbar_end=0.604 occ_end=0.208 CSR_train=0.000 done_count=125
[upd 310] u=0 upd_ctr=23 opt_step=368 E=0.907 g=0.149 VarTD=0.928486 ret_end=-25.043 dbar_end=0.607 occ_end=0.224 CSR_train=0.000 done_count=125
[Gate5 check] update_counter violations: t0=0 diffs=0
[Gate5 check] opt_step violations: t0=0 diffs=0 (expected_inc=16)
[Gate5 check] NaN masking: nan_on_skip=True finite_on_update=True
[Gate5 summary] mean_update_fraction=0.0737 final_executed_updates_mean=23.00
[Gate5 eval] done_count mean=100.0 CSR mean=0.0200 len_end_mean=26.00
[Gate5 eval] episodes_per_env=4 T_eval=104
[Gate5 eval-debug] locked_eps_occ=0.20 pre(step25): dbar_end=0.471803 occupied_end_mean=0.540000 max_tilde_end_mean=0.696907 CSR@locked=0.020000
[Gate5 eval-debug] locked_eps_occ=0.20 post(step26): dbar_end=0.478134 occupied_end_mean=0.530000 max_tilde_end_mean=0.703100 CSR@locked=0.020000
[Gate5 eval-debug] CSR_pre@0.10=0.0000 CSR_pre@0.15=0.0100 CSR_pre@0.20=0.0200 CSR_pre@0.25=0.0300 CSR_pre@0.30=0.0400
[Gate5 eval-debug] CSR_post@0.10=0.0000 CSR_post@0.15=0.0100 CSR_post@0.20=0.0200 CSR_post@0.25=0.0400 CSR_post@0.30=0.0500
