Importing submoduled environments...
Submoduled environments not found. Skipping import.
[upd 0] u=1 upd_ctr=1 opt_step=16 E=0.167 g=0.084 VarTD=0.159484 ret_end=-27.958 dbar_end=0.788 occ_end=0.180 CSR_train=0.000 done_count=100
[upd 10] u=0 upd_ctr=1 opt_step=16 E=0.910 g=0.095 VarTD=0.154696 ret_end=-26.642 dbar_end=0.751 occ_end=0.136 CSR_train=0.000 done_count=125
[upd 20] u=0 upd_ctr=2 opt_step=32 E=0.771 g=0.096 VarTD=0.129672 ret_end=-26.496 dbar_end=0.746 occ_end=0.200 CSR_train=0.000 done_count=125
[upd 30] u=0 upd_ctr=3 opt_step=48 E=0.640 g=0.099 VarTD=0.160383 ret_end=-26.837 dbar_end=0.735 occ_end=0.136 CSR_train=0.000 done_count=125
[upd 40] u=0 upd_ctr=4 opt_step=64 E=0.541 g=0.104 VarTD=0.143856 ret_end=-26.976 dbar_end=0.720 occ_end=0.240 CSR_train=0.000 done_count=125
[upd 50] u=0 upd_ctr=5 opt_step=80 E=0.517 g=0.110 VarTD=0.121128 ret_end=-26.418 dbar_end=0.704 occ_end=0.120 CSR_train=0.000 done_count=125
[upd 60] u=0 upd_ctr=6 opt_step=96 E=0.508 g=0.113 VarTD=0.139821 ret_end=-26.796 dbar_end=0.695 occ_end=0.144 CSR_train=0.000 done_count=125
[upd 70] u=0 upd_ctr=7 opt_step=112 E=0.478 g=0.111 VarTD=0.163813 ret_end=-26.808 dbar_end=0.700 occ_end=0.152 CSR_train=0.000 done_count=125
[upd 80] u=0 upd_ctr=8 opt_step=128 E=0.519 g=0.122 VarTD=0.136081 ret_end=-25.471 dbar_end=0.671 occ_end=0.152 CSR_train=0.000 done_count=125
[upd 90] u=0 upd_ctr=9 opt_step=144 E=0.585 g=0.119 VarTD=0.139326 ret_end=-25.863 dbar_end=0.677 occ_end=0.136 CSR_train=0.000 done_count=125
[upd 100] u=0 upd_ctr=10 opt_step=160 E=0.696 g=0.138 VarTD=0.138331 ret_end=-24.613 dbar_end=0.630 occ_end=0.312 CSR_train=0.000 done_count=125
[upd 110] u=0 upd_ctr=11 opt_step=176 E=0.854 g=0.156 VarTD=0.172563 ret_end=-24.359 dbar_end=0.592 occ_end=0.328 CSR_train=0.000 done_count=125
[upd 120] u=1 upd_ctr=13 opt_step=208 E=0.139 g=0.136 VarTD=0.189327 ret_end=-24.727 dbar_end=0.635 occ_end=0.152 CSR_train=0.000 done_count=125
[upd 130] u=0 upd_ctr=14 opt_step=224 E=0.403 g=0.153 VarTD=0.225204 ret_end=-24.878 dbar_end=0.597 occ_end=0.250 CSR_train=0.000 done_count=100
[upd 140] u=0 upd_ctr=15 opt_step=240 E=0.675 g=0.155 VarTD=0.283725 ret_end=-24.303 dbar_end=0.595 occ_end=0.264 CSR_train=0.000 done_count=125
[upd 150] u=0 upd_ctr=16 opt_step=256 E=0.988 g=0.154 VarTD=0.366732 ret_end=-24.557 dbar_end=0.596 occ_end=0.264 CSR_train=0.008 done_count=125
[upd 160] u=0 upd_ctr=18 opt_step=288 E=0.442 g=0.153 VarTD=0.454010 ret_end=-23.068 dbar_end=0.597 occ_end=0.248 CSR_train=0.000 done_count=125
[upd 170] u=0 upd_ctr=19 opt_step=304 E=0.815 g=0.159 VarTD=0.546704 ret_end=-24.495 dbar_end=0.586 occ_end=0.288 CSR_train=0.000 done_count=125
[upd 180] u=0 upd_ctr=21 opt_step=336 E=0.255 g=0.158 VarTD=0.718905 ret_end=-23.862 dbar_end=0.587 occ_end=0.184 CSR_train=0.000 done_count=125
[upd 190] u=0 upd_ctr=22 opt_step=352 E=0.579 g=0.153 VarTD=0.837128 ret_end=-24.799 dbar_end=0.597 occ_end=0.248 CSR_train=0.000 done_count=125
[upd 200] u=0 upd_ctr=23 opt_step=368 E=0.959 g=0.162 VarTD=0.924225 ret_end=-23.382 dbar_end=0.581 occ_end=0.288 CSR_train=0.000 done_count=125
[upd 210] u=0 upd_ctr=25 opt_step=400 E=0.438 g=0.174 VarTD=1.217486 ret_end=-23.890 dbar_end=0.558 occ_end=0.328 CSR_train=0.000 done_count=125
[upd 220] u=0 upd_ctr=26 opt_step=416 E=0.851 g=0.172 VarTD=1.318988 ret_end=-23.169 dbar_end=0.560 occ_end=0.296 CSR_train=0.000 done_count=125
[upd 230] u=0 upd_ctr=28 opt_step=448 E=0.322 g=0.142 VarTD=1.612690 ret_end=-24.796 dbar_end=0.621 occ_end=0.232 CSR_train=0.000 done_count=125
[upd 240] u=0 upd_ctr=29 opt_step=464 E=0.751 g=0.166 VarTD=1.769379 ret_end=-23.955 dbar_end=0.571 occ_end=0.272 CSR_train=0.008 done_count=125
[upd 250] u=1 upd_ctr=31 opt_step=496 E=0.227 g=0.158 VarTD=1.912320 ret_end=-24.215 dbar_end=0.587 occ_end=0.272 CSR_train=0.000 done_count=125
[upd 260] u=0 upd_ctr=32 opt_step=512 E=0.632 g=0.173 VarTD=1.844408 ret_end=-24.143 dbar_end=0.559 occ_end=0.240 CSR_train=0.000 done_count=100
[upd 270] u=1 upd_ctr=34 opt_step=544 E=0.151 g=0.180 VarTD=2.408758 ret_end=-23.167 dbar_end=0.547 occ_end=0.352 CSR_train=0.000 done_count=125
[upd 280] u=0 upd_ctr=35 opt_step=560 E=0.641 g=0.185 VarTD=2.799607 ret_end=-23.493 dbar_end=0.538 occ_end=0.336 CSR_train=0.000 done_count=125
[upd 290] u=1 upd_ctr=37 opt_step=592 E=0.238 g=0.182 VarTD=2.917920 ret_end=-23.744 dbar_end=0.543 occ_end=0.344 CSR_train=0.000 done_count=125
[upd 300] u=0 upd_ctr=38 opt_step=608 E=0.755 g=0.181 VarTD=3.245733 ret_end=-23.651 dbar_end=0.544 occ_end=0.280 CSR_train=0.000 done_count=125
[upd 310] u=0 upd_ctr=40 opt_step=640 E=0.354 g=0.174 VarTD=3.608428 ret_end=-23.517 dbar_end=0.556 occ_end=0.304 CSR_train=0.000 done_count=125
[Gate5 check] update_counter violations: t0=0 diffs=0
[Gate5 check] opt_step violations: t0=0 diffs=0 (expected_inc=16)
[Gate5 check] NaN masking: nan_on_skip=True finite_on_update=True
[Gate5 summary] mean_update_fraction=0.1282 final_executed_updates_mean=40.00
[Gate5 eval] done_count mean=100.0 CSR mean=0.0000 len_end_mean=26.00
[Gate5 eval] episodes_per_env=4 T_eval=104
[Gate5 eval-debug] locked_eps_occ=0.20 pre(step25): dbar_end=0.494026 occupied_end_mean=0.450000 max_tilde_end_mean=0.712297 CSR@locked=0.000000
[Gate5 eval-debug] locked_eps_occ=0.20 post(step26): dbar_end=0.490366 occupied_end_mean=0.360000 max_tilde_end_mean=0.703286 CSR@locked=0.000000
[Gate5 eval-debug] CSR_pre@0.10=0.0000 CSR_pre@0.15=0.0000 CSR_pre@0.20=0.0000 CSR_pre@0.25=0.0000 CSR_pre@0.30=0.0100
[Gate5 eval-debug] CSR_post@0.10=0.0000 CSR_post@0.15=0.0000 CSR_post@0.20=0.0000 CSR_post@0.25=0.0200 CSR_post@0.30=0.0300
