Importing submoduled environments...
Submoduled environments not found. Skipping import.
[upd 0] u=1 upd_ctr=1 opt_step=16 E=0.077 g=0.086 VarTD=0.176520 ret_end=-28.138 dbar_end=0.781 occ_end=0.160 CSR_train=0.000 done_count=100
[upd 10] u=0 upd_ctr=1 opt_step=16 E=0.903 g=0.084 VarTD=0.149910 ret_end=-27.579 dbar_end=0.789 occ_end=0.128 CSR_train=0.000 done_count=125
[upd 20] u=0 upd_ctr=2 opt_step=32 E=0.700 g=0.108 VarTD=0.157624 ret_end=-27.109 dbar_end=0.710 occ_end=0.160 CSR_train=0.000 done_count=125
[upd 30] u=0 upd_ctr=3 opt_step=48 E=0.558 g=0.097 VarTD=0.145077 ret_end=-26.214 dbar_end=0.744 occ_end=0.144 CSR_train=0.000 done_count=125
[upd 40] u=0 upd_ctr=4 opt_step=64 E=0.472 g=0.108 VarTD=0.152664 ret_end=-26.279 dbar_end=0.708 occ_end=0.192 CSR_train=0.000 done_count=125
[upd 50] u=0 upd_ctr=5 opt_step=80 E=0.386 g=0.107 VarTD=0.156934 ret_end=-26.645 dbar_end=0.713 occ_end=0.192 CSR_train=0.008 done_count=125
[upd 60] u=0 upd_ctr=6 opt_step=96 E=0.291 g=0.105 VarTD=0.152174 ret_end=-26.403 dbar_end=0.718 occ_end=0.176 CSR_train=0.000 done_count=125
[upd 70] u=0 upd_ctr=7 opt_step=112 E=0.195 g=0.108 VarTD=0.150926 ret_end=-26.430 dbar_end=0.708 occ_end=0.128 CSR_train=0.000 done_count=125
[upd 80] u=1 upd_ctr=8 opt_step=128 E=0.110 g=0.122 VarTD=0.155178 ret_end=-25.438 dbar_end=0.670 occ_end=0.208 CSR_train=0.000 done_count=125
[upd 90] u=1 upd_ctr=9 opt_step=144 E=0.113 g=0.126 VarTD=0.170891 ret_end=-25.925 dbar_end=0.661 occ_end=0.200 CSR_train=0.000 done_count=125
[upd 100] u=0 upd_ctr=10 opt_step=160 E=0.221 g=0.112 VarTD=0.173336 ret_end=-26.092 dbar_end=0.697 occ_end=0.184 CSR_train=0.000 done_count=125
[upd 110] u=0 upd_ctr=11 opt_step=176 E=0.357 g=0.137 VarTD=0.162949 ret_end=-25.010 dbar_end=0.634 occ_end=0.240 CSR_train=0.000 done_count=125
[upd 120] u=0 upd_ctr=12 opt_step=192 E=0.482 g=0.132 VarTD=0.186770 ret_end=-25.749 dbar_end=0.644 occ_end=0.264 CSR_train=0.000 done_count=125
[Gate5 check] update_counter violations: t0=0 diffs=0
[Gate5 check] opt_step violations: t0=0 diffs=0 (expected_inc=16)
[Gate5 check] NaN masking: nan_on_skip=True finite_on_update=True
[Gate5 summary] mean_update_fraction=0.0960 final_executed_updates_mean=12.00
[Gate5 eval] done_count mean=100.0 CSR mean=0.0000 len_end_mean=26.00
[Gate5 eval] episodes_per_env=4 T_eval=104
[Gate5 eval-debug] locked_eps_occ=0.20 pre(step25): dbar_end=0.506912 occupied_end_mean=0.440000 max_tilde_end_mean=0.729485 CSR@locked=0.000000
[Gate5 eval-debug] locked_eps_occ=0.20 post(step26): dbar_end=0.503906 occupied_end_mean=0.360000 max_tilde_end_mean=0.726713 CSR@locked=0.000000
[Gate5 eval-debug] CSR_pre@0.10=0.0000 CSR_pre@0.15=0.0000 CSR_pre@0.20=0.0000 CSR_pre@0.25=0.0000 CSR_pre@0.30=0.0100
[Gate5 eval-debug] CSR_post@0.10=0.0000 CSR_post@0.15=0.0000 CSR_post@0.20=0.0000 CSR_post@0.25=0.0000 CSR_post@0.30=0.0100
