Importing submoduled environments...
Submoduled environments not found. Skipping import.
[upd 0] u=1 upd_ctr=1 opt_step=16 E=0.079 g=0.087 VarTD=0.169991 ret_end=-27.980 dbar_end=0.777 occ_end=0.130 CSR_train=0.000 done_count=100
[upd 10] u=0 upd_ctr=1 opt_step=16 E=0.922 g=0.097 VarTD=0.148660 ret_end=-28.362 dbar_end=0.744 occ_end=0.160 CSR_train=0.000 done_count=125
[upd 20] u=0 upd_ctr=2 opt_step=32 E=0.800 g=0.110 VarTD=0.137585 ret_end=-25.263 dbar_end=0.704 occ_end=0.192 CSR_train=0.000 done_count=125
[upd 30] u=0 upd_ctr=3 opt_step=48 E=0.719 g=0.117 VarTD=0.113176 ret_end=-25.656 dbar_end=0.684 occ_end=0.216 CSR_train=0.000 done_count=125
[upd 40] u=0 upd_ctr=4 opt_step=64 E=0.663 g=0.113 VarTD=0.135906 ret_end=-26.368 dbar_end=0.695 occ_end=0.176 CSR_train=0.000 done_count=125
[upd 50] u=0 upd_ctr=5 opt_step=80 E=0.607 g=0.103 VarTD=0.161864 ret_end=-27.422 dbar_end=0.724 occ_end=0.168 CSR_train=0.000 done_count=125
[upd 60] u=0 upd_ctr=6 opt_step=96 E=0.644 g=0.129 VarTD=0.136810 ret_end=-25.206 dbar_end=0.651 occ_end=0.264 CSR_train=0.000 done_count=125
[upd 70] u=0 upd_ctr=7 opt_step=112 E=0.684 g=0.122 VarTD=0.156725 ret_end=-26.254 dbar_end=0.670 occ_end=0.200 CSR_train=0.008 done_count=125
[upd 80] u=0 upd_ctr=8 opt_step=128 E=0.818 g=0.127 VarTD=0.154724 ret_end=-25.485 dbar_end=0.657 occ_end=0.304 CSR_train=0.000 done_count=125
[upd 90] u=0 upd_ctr=9 opt_step=144 E=0.925 g=0.128 VarTD=0.186551 ret_end=-25.882 dbar_end=0.655 occ_end=0.216 CSR_train=0.000 done_count=125
[upd 100] u=0 upd_ctr=10 opt_step=160 E=1.000 g=0.148 VarTD=0.156695 ret_end=-23.864 dbar_end=0.608 occ_end=0.264 CSR_train=0.000 done_count=125
[upd 110] u=0 upd_ctr=12 opt_step=192 E=0.253 g=0.145 VarTD=0.197251 ret_end=-24.648 dbar_end=0.616 occ_end=0.248 CSR_train=0.000 done_count=125
[upd 120] u=0 upd_ctr=13 opt_step=208 E=0.519 g=0.146 VarTD=0.212553 ret_end=-24.721 dbar_end=0.613 occ_end=0.200 CSR_train=0.000 done_count=125
[upd 130] u=0 upd_ctr=14 opt_step=224 E=0.796 g=0.146 VarTD=0.225226 ret_end=-24.774 dbar_end=0.613 occ_end=0.180 CSR_train=0.000 done_count=100
[upd 140] u=0 upd_ctr=15 opt_step=240 E=1.000 g=0.165 VarTD=0.342045 ret_end=-24.555 dbar_end=0.573 occ_end=0.352 CSR_train=0.000 done_count=125
[upd 150] u=0 upd_ctr=17 opt_step=272 E=0.274 g=0.152 VarTD=0.410750 ret_end=-24.517 dbar_end=0.600 occ_end=0.304 CSR_train=0.000 done_count=125
[upd 160] u=0 upd_ctr=18 opt_step=288 E=0.522 g=0.146 VarTD=0.478102 ret_end=-24.444 dbar_end=0.612 occ_end=0.240 CSR_train=0.000 done_count=125
[upd 170] u=0 upd_ctr=19 opt_step=304 E=0.826 g=0.143 VarTD=0.567685 ret_end=-25.035 dbar_end=0.619 occ_end=0.208 CSR_train=0.000 done_count=125
[upd 180] u=0 upd_ctr=20 opt_step=320 E=1.000 g=0.157 VarTD=0.646363 ret_end=-25.221 dbar_end=0.589 occ_end=0.248 CSR_train=0.008 done_count=125
[upd 190] u=0 upd_ctr=22 opt_step=352 E=0.261 g=0.135 VarTD=0.861738 ret_end=-25.320 dbar_end=0.637 occ_end=0.168 CSR_train=0.000 done_count=125
[upd 200] u=0 upd_ctr=23 opt_step=368 E=0.549 g=0.141 VarTD=0.907699 ret_end=-24.670 dbar_end=0.623 occ_end=0.224 CSR_train=0.000 done_count=125
[upd 210] u=0 upd_ctr=24 opt_step=384 E=0.816 g=0.150 VarTD=1.096162 ret_end=-24.746 dbar_end=0.605 occ_end=0.248 CSR_train=0.000 done_count=125
[upd 220] u=0 upd_ctr=25 opt_step=400 E=1.000 g=0.142 VarTD=1.186312 ret_end=-24.747 dbar_end=0.621 occ_end=0.192 CSR_train=0.000 done_count=125
[upd 230] u=0 upd_ctr=27 opt_step=432 E=0.422 g=0.149 VarTD=1.415565 ret_end=-24.155 dbar_end=0.606 occ_end=0.272 CSR_train=0.000 done_count=125
[upd 240] u=0 upd_ctr=28 opt_step=448 E=0.863 g=0.182 VarTD=1.624732 ret_end=-23.339 dbar_end=0.543 occ_end=0.392 CSR_train=0.000 done_count=125
[upd 250] u=1 upd_ctr=30 opt_step=480 E=0.135 g=0.150 VarTD=1.737430 ret_end=-25.121 dbar_end=0.604 occ_end=0.240 CSR_train=0.000 done_count=125
[upd 260] u=0 upd_ctr=31 opt_step=496 E=0.427 g=0.152 VarTD=1.681775 ret_end=-24.767 dbar_end=0.600 occ_end=0.240 CSR_train=0.000 done_count=100
[upd 270] u=0 upd_ctr=32 opt_step=512 E=0.895 g=0.167 VarTD=2.254601 ret_end=-24.193 dbar_end=0.570 occ_end=0.208 CSR_train=0.000 done_count=125
[upd 280] u=1 upd_ctr=34 opt_step=544 E=0.156 g=0.173 VarTD=2.442697 ret_end=-23.413 dbar_end=0.558 occ_end=0.224 CSR_train=0.008 done_count=125
[upd 290] u=0 upd_ctr=35 opt_step=560 E=0.619 g=0.177 VarTD=2.751363 ret_end=-23.070 dbar_end=0.552 occ_end=0.232 CSR_train=0.000 done_count=125
[upd 300] u=0 upd_ctr=36 opt_step=576 E=1.000 g=0.146 VarTD=2.831201 ret_end=-24.065 dbar_end=0.613 occ_end=0.264 CSR_train=0.008 done_count=125
[upd 310] u=0 upd_ctr=38 opt_step=608 E=0.437 g=0.167 VarTD=3.253459 ret_end=-23.897 dbar_end=0.570 occ_end=0.280 CSR_train=0.000 done_count=125
[Gate5 check] update_counter violations: t0=0 diffs=0
[Gate5 check] opt_step violations: t0=0 diffs=0 (expected_inc=16)
[Gate5 check] NaN masking: nan_on_skip=True finite_on_update=True
[Gate5 summary] mean_update_fraction=0.1218 final_executed_updates_mean=38.00
[Gate5 eval] done_count mean=100.0 CSR mean=0.0000 len_end_mean=26.00
[Gate5 eval] episodes_per_env=4 T_eval=104
[Gate5 eval-debug] locked_eps_occ=0.20 pre(step25): dbar_end=0.489049 occupied_end_mean=0.490000 max_tilde_end_mean=0.697540 CSR@locked=0.010000
[Gate5 eval-debug] locked_eps_occ=0.20 post(step26): dbar_end=0.494627 occupied_end_mean=0.380000 max_tilde_end_mean=0.705129 CSR@locked=0.000000
[Gate5 eval-debug] CSR_pre@0.10=0.0000 CSR_pre@0.15=0.0000 CSR_pre@0.20=0.0100 CSR_pre@0.25=0.0400 CSR_pre@0.30=0.0500
[Gate5 eval-debug] CSR_post@0.10=0.0000 CSR_post@0.15=0.0000 CSR_post@0.20=0.0000 CSR_post@0.25=0.0300 CSR_post@0.30=0.0500
