Importing submoduled environments...
Submoduled environments not found. Skipping import.
[upd 0] u=1 upd_ctr=1 opt_step=16 E=0.218 g=0.089 VarTD=0.203202 ret_end=-28.238 dbar_end=0.769 occ_end=0.170 CSR_train=0.000 done_count=100
[upd 10] u=0 upd_ctr=1 opt_step=16 E=0.408 g=0.094 VarTD=0.178732 ret_end=-27.407 dbar_end=0.753 occ_end=0.200 CSR_train=0.000 done_count=125
[upd 20] u=0 upd_ctr=1 opt_step=16 E=0.594 g=0.089 VarTD=0.146078 ret_end=-28.353 dbar_end=0.769 occ_end=0.176 CSR_train=0.000 done_count=125
[upd 30] u=0 upd_ctr=1 opt_step=16 E=0.771 g=0.093 VarTD=0.154659 ret_end=-27.687 dbar_end=0.756 occ_end=0.192 CSR_train=0.000 done_count=125
[upd 40] u=0 upd_ctr=2 opt_step=32 E=0.169 g=0.106 VarTD=0.141687 ret_end=-26.229 dbar_end=0.715 occ_end=0.192 CSR_train=0.000 done_count=125
[upd 50] u=0 upd_ctr=2 opt_step=32 E=0.368 g=0.090 VarTD=0.165735 ret_end=-27.339 dbar_end=0.769 occ_end=0.080 CSR_train=0.000 done_count=125
[upd 60] u=0 upd_ctr=2 opt_step=32 E=0.557 g=0.099 VarTD=0.145067 ret_end=-27.196 dbar_end=0.738 occ_end=0.144 CSR_train=0.000 done_count=125
[upd 70] u=0 upd_ctr=2 opt_step=32 E=0.753 g=0.091 VarTD=0.152326 ret_end=-27.452 dbar_end=0.762 occ_end=0.160 CSR_train=0.000 done_count=125
[upd 80] u=0 upd_ctr=3 opt_step=48 E=0.151 g=0.108 VarTD=0.151601 ret_end=-25.617 dbar_end=0.709 occ_end=0.136 CSR_train=0.000 done_count=125
[upd 90] u=0 upd_ctr=3 opt_step=48 E=0.353 g=0.111 VarTD=0.135700 ret_end=-26.269 dbar_end=0.699 occ_end=0.152 CSR_train=0.000 done_count=125
[upd 100] u=0 upd_ctr=3 opt_step=48 E=0.551 g=0.092 VarTD=0.156666 ret_end=-28.298 dbar_end=0.759 occ_end=0.168 CSR_train=0.000 done_count=125
[upd 110] u=0 upd_ctr=3 opt_step=48 E=0.747 g=0.096 VarTD=0.137333 ret_end=-27.455 dbar_end=0.747 occ_end=0.176 CSR_train=0.000 done_count=125
[upd 120] u=0 upd_ctr=4 opt_step=64 E=0.155 g=0.107 VarTD=0.156430 ret_end=-26.823 dbar_end=0.711 occ_end=0.208 CSR_train=0.000 done_count=125
[Gate5 check] update_counter violations: t0=0 diffs=0
[Gate5 check] opt_step violations: t0=0 diffs=0 (expected_inc=16)
[Gate5 check] NaN masking: nan_on_skip=True finite_on_update=True
[Gate5 summary] mean_update_fraction=0.0320 final_executed_updates_mean=4.00
[Gate5 eval] done_count mean=100.0 CSR mean=0.0100 len_end_mean=26.00
[Gate5 eval] episodes_per_env=4 T_eval=104
[Gate5 eval-debug] locked_eps_occ=0.20 pre(step25): dbar_end=0.492268 occupied_end_mean=0.430000 max_tilde_end_mean=0.714378 CSR@locked=0.010000
[Gate5 eval-debug] locked_eps_occ=0.20 post(step26): dbar_end=0.489592 occupied_end_mean=0.440000 max_tilde_end_mean=0.713754 CSR@locked=0.010000
[Gate5 eval-debug] CSR_pre@0.10=0.0000 CSR_pre@0.15=0.0000 CSR_pre@0.20=0.0100 CSR_pre@0.25=0.0200 CSR_pre@0.30=0.0500
[Gate5 eval-debug] CSR_post@0.10=0.0000 CSR_post@0.15=0.0000 CSR_post@0.20=0.0100 CSR_post@0.25=0.0200 CSR_post@0.30=0.0500
