Importing submoduled environments...
Submoduled environments not found. Skipping import.
[upd 0] u=1 upd_ctr=1 opt_step=16 E=0.142 g=0.084 VarTD=0.159484 ret_end=-27.958 dbar_end=0.788 occ_end=0.180 CSR_train=0.000 done_count=100
[upd 10] u=0 upd_ctr=1 opt_step=16 E=0.606 g=0.095 VarTD=0.154696 ret_end=-26.642 dbar_end=0.751 occ_end=0.136 CSR_train=0.000 done_count=125
[upd 20] u=0 upd_ctr=2 opt_step=32 E=0.168 g=0.097 VarTD=0.131003 ret_end=-26.427 dbar_end=0.742 occ_end=0.176 CSR_train=0.000 done_count=125
[upd 30] u=0 upd_ctr=2 opt_step=32 E=0.641 g=0.097 VarTD=0.164004 ret_end=-26.930 dbar_end=0.743 occ_end=0.144 CSR_train=0.000 done_count=125
[upd 40] u=0 upd_ctr=3 opt_step=48 E=0.221 g=0.104 VarTD=0.142074 ret_end=-26.939 dbar_end=0.720 occ_end=0.216 CSR_train=0.000 done_count=125
[upd 50] u=0 upd_ctr=3 opt_step=48 E=0.747 g=0.101 VarTD=0.135864 ret_end=-27.039 dbar_end=0.732 occ_end=0.136 CSR_train=0.000 done_count=125
[upd 60] u=0 upd_ctr=4 opt_step=64 E=0.372 g=0.105 VarTD=0.134366 ret_end=-27.035 dbar_end=0.718 occ_end=0.144 CSR_train=0.000 done_count=125
[upd 70] u=0 upd_ctr=4 opt_step=64 E=0.891 g=0.098 VarTD=0.170855 ret_end=-27.365 dbar_end=0.738 occ_end=0.144 CSR_train=0.000 done_count=125
[upd 80] u=0 upd_ctr=5 opt_step=80 E=0.549 g=0.118 VarTD=0.128681 ret_end=-25.626 dbar_end=0.680 occ_end=0.128 CSR_train=0.000 done_count=125
[upd 90] u=0 upd_ctr=6 opt_step=96 E=0.219 g=0.119 VarTD=0.133682 ret_end=-26.062 dbar_end=0.679 occ_end=0.168 CSR_train=0.000 done_count=125
[upd 100] u=0 upd_ctr=6 opt_step=96 E=0.821 g=0.130 VarTD=0.122970 ret_end=-24.823 dbar_end=0.651 occ_end=0.256 CSR_train=0.000 done_count=125
[upd 110] u=0 upd_ctr=7 opt_step=112 E=0.531 g=0.141 VarTD=0.144929 ret_end=-24.919 dbar_end=0.624 occ_end=0.256 CSR_train=0.000 done_count=125
[upd 120] u=0 upd_ctr=8 opt_step=128 E=0.249 g=0.122 VarTD=0.137149 ret_end=-25.360 dbar_end=0.669 occ_end=0.096 CSR_train=0.000 done_count=125
[upd 130] u=0 upd_ctr=8 opt_step=128 E=0.898 g=0.133 VarTD=0.144949 ret_end=-25.490 dbar_end=0.642 occ_end=0.250 CSR_train=0.000 done_count=100
[upd 140] u=0 upd_ctr=9 opt_step=144 E=0.665 g=0.139 VarTD=0.151298 ret_end=-24.903 dbar_end=0.627 occ_end=0.280 CSR_train=0.000 done_count=125
[upd 150] u=0 upd_ctr=10 opt_step=160 E=0.445 g=0.140 VarTD=0.174551 ret_end=-25.247 dbar_end=0.625 occ_end=0.288 CSR_train=0.000 done_count=125
[upd 160] u=0 upd_ctr=11 opt_step=176 E=0.243 g=0.145 VarTD=0.162224 ret_end=-23.684 dbar_end=0.616 occ_end=0.240 CSR_train=0.000 done_count=125
[upd 170] u=0 upd_ctr=11 opt_step=176 E=0.924 g=0.129 VarTD=0.189647 ret_end=-25.709 dbar_end=0.653 occ_end=0.208 CSR_train=0.000 done_count=125
[upd 180] u=0 upd_ctr=12 opt_step=192 E=0.728 g=0.150 VarTD=0.209144 ret_end=-24.313 dbar_end=0.604 occ_end=0.264 CSR_train=0.000 done_count=125
[upd 190] u=0 upd_ctr=13 opt_step=208 E=0.541 g=0.144 VarTD=0.230070 ret_end=-25.289 dbar_end=0.618 occ_end=0.256 CSR_train=0.000 done_count=125
[upd 200] u=0 upd_ctr=14 opt_step=224 E=0.382 g=0.151 VarTD=0.263342 ret_end=-23.822 dbar_end=0.602 occ_end=0.256 CSR_train=0.000 done_count=125
[upd 210] u=0 upd_ctr=15 opt_step=240 E=0.215 g=0.148 VarTD=0.305487 ret_end=-24.644 dbar_end=0.609 occ_end=0.272 CSR_train=0.000 done_count=125
[upd 220] u=0 upd_ctr=15 opt_step=240 E=0.979 g=0.160 VarTD=0.284132 ret_end=-23.893 dbar_end=0.584 occ_end=0.224 CSR_train=0.000 done_count=125
[upd 230] u=0 upd_ctr=16 opt_step=256 E=0.818 g=0.134 VarTD=0.368062 ret_end=-25.579 dbar_end=0.641 occ_end=0.176 CSR_train=0.000 done_count=125
[upd 240] u=0 upd_ctr=17 opt_step=272 E=0.696 g=0.168 VarTD=0.435658 ret_end=-24.220 dbar_end=0.568 occ_end=0.280 CSR_train=0.008 done_count=125
[upd 250] u=0 upd_ctr=18 opt_step=288 E=0.561 g=0.139 VarTD=0.489166 ret_end=-25.048 dbar_end=0.628 occ_end=0.232 CSR_train=0.000 done_count=125
[upd 260] u=0 upd_ctr=19 opt_step=304 E=0.447 g=0.152 VarTD=0.463852 ret_end=-24.868 dbar_end=0.601 occ_end=0.290 CSR_train=0.000 done_count=100
[upd 270] u=0 upd_ctr=20 opt_step=320 E=0.337 g=0.172 VarTD=0.643661 ret_end=-23.324 dbar_end=0.560 occ_end=0.272 CSR_train=0.008 done_count=125
[upd 280] u=0 upd_ctr=21 opt_step=336 E=0.228 g=0.175 VarTD=0.769733 ret_end=-23.776 dbar_end=0.554 occ_end=0.304 CSR_train=0.000 done_count=125
[upd 290] u=1 upd_ctr=22 opt_step=352 E=0.152 g=0.165 VarTD=0.742527 ret_end=-24.322 dbar_end=0.574 occ_end=0.264 CSR_train=0.000 done_count=125
[upd 300] u=0 upd_ctr=22 opt_step=352 E=0.982 g=0.177 VarTD=0.837887 ret_end=-24.164 dbar_end=0.552 occ_end=0.304 CSR_train=0.000 done_count=125
[upd 310] u=0 upd_ctr=23 opt_step=368 E=0.926 g=0.163 VarTD=0.945309 ret_end=-24.258 dbar_end=0.578 occ_end=0.232 CSR_train=0.000 done_count=125
[Gate5 check] update_counter violations: t0=0 diffs=0
[Gate5 check] opt_step violations: t0=0 diffs=0 (expected_inc=16)
[Gate5 check] NaN masking: nan_on_skip=True finite_on_update=True
[Gate5 summary] mean_update_fraction=0.0769 final_executed_updates_mean=24.00
[Gate5 eval] done_count mean=100.0 CSR mean=0.0000 len_end_mean=26.00
[Gate5 eval] episodes_per_env=4 T_eval=104
[Gate5 eval-debug] locked_eps_occ=0.20 pre(step25): dbar_end=0.497391 occupied_end_mean=0.420000 max_tilde_end_mean=0.728536 CSR@locked=0.000000
[Gate5 eval-debug] locked_eps_occ=0.20 post(step26): dbar_end=0.505090 occupied_end_mean=0.390000 max_tilde_end_mean=0.723984 CSR@locked=0.000000
[Gate5 eval-debug] CSR_pre@0.10=0.0000 CSR_pre@0.15=0.0000 CSR_pre@0.20=0.0000 CSR_pre@0.25=0.0100 CSR_pre@0.30=0.0200
[Gate5 eval-debug] CSR_post@0.10=0.0000 CSR_post@0.15=0.0000 CSR_post@0.20=0.0000 CSR_post@0.25=0.0100 CSR_post@0.30=0.0200
