Importing submoduled environments...
Submoduled environments not found. Skipping import.
[upd 0] u=1 upd_ctr=1 opt_step=16 E=0.040 g=0.079 VarTD=0.177244 ret_end=-28.332 dbar_end=0.807 occ_end=0.140 CSR_train=0.000 done_count=100
[upd 10] u=0 upd_ctr=1 opt_step=16 E=0.506 g=0.093 VarTD=0.147298 ret_end=-27.080 dbar_end=0.756 occ_end=0.144 CSR_train=0.000 done_count=125
[upd 20] u=0 upd_ctr=1 opt_step=16 E=0.985 g=0.086 VarTD=0.160310 ret_end=-28.011 dbar_end=0.781 occ_end=0.160 CSR_train=0.000 done_count=125
[upd 30] u=0 upd_ctr=2 opt_step=32 E=0.432 g=0.101 VarTD=0.169988 ret_end=-27.229 dbar_end=0.730 occ_end=0.208 CSR_train=0.000 done_count=125
[upd 40] u=0 upd_ctr=2 opt_step=32 E=0.927 g=0.095 VarTD=0.149532 ret_end=-27.445 dbar_end=0.748 occ_end=0.120 CSR_train=0.000 done_count=125
[upd 50] u=0 upd_ctr=3 opt_step=48 E=0.403 g=0.098 VarTD=0.138687 ret_end=-26.858 dbar_end=0.741 occ_end=0.160 CSR_train=0.000 done_count=125
[upd 60] u=0 upd_ctr=3 opt_step=48 E=0.917 g=0.103 VarTD=0.145104 ret_end=-26.708 dbar_end=0.723 occ_end=0.216 CSR_train=0.000 done_count=125
[upd 70] u=0 upd_ctr=4 opt_step=64 E=0.431 g=0.102 VarTD=0.175222 ret_end=-27.863 dbar_end=0.726 occ_end=0.104 CSR_train=0.000 done_count=125
[upd 80] u=0 upd_ctr=4 opt_step=64 E=0.960 g=0.102 VarTD=0.165848 ret_end=-27.122 dbar_end=0.728 occ_end=0.176 CSR_train=0.000 done_count=125
[upd 90] u=0 upd_ctr=5 opt_step=80 E=0.481 g=0.104 VarTD=0.152175 ret_end=-26.121 dbar_end=0.721 occ_end=0.168 CSR_train=0.000 done_count=125
[upd 100] u=0 upd_ctr=5 opt_step=80 E=1.000 g=0.104 VarTD=0.148668 ret_end=-26.581 dbar_end=0.722 occ_end=0.168 CSR_train=0.000 done_count=125
[upd 110] u=0 upd_ctr=6 opt_step=96 E=0.546 g=0.103 VarTD=0.144877 ret_end=-27.095 dbar_end=0.723 occ_end=0.128 CSR_train=0.000 done_count=125
[upd 120] u=0 upd_ctr=7 opt_step=112 E=0.119 g=0.122 VarTD=0.158857 ret_end=-26.491 dbar_end=0.669 occ_end=0.112 CSR_train=0.000 done_count=125
[upd 130] u=0 upd_ctr=7 opt_step=112 E=0.677 g=0.104 VarTD=0.138330 ret_end=-27.146 dbar_end=0.722 occ_end=0.150 CSR_train=0.000 done_count=100
[upd 140] u=0 upd_ctr=8 opt_step=128 E=0.237 g=0.122 VarTD=0.141916 ret_end=-26.388 dbar_end=0.669 occ_end=0.192 CSR_train=0.008 done_count=125
[upd 150] u=0 upd_ctr=8 opt_step=128 E=0.834 g=0.118 VarTD=0.163216 ret_end=-26.682 dbar_end=0.680 occ_end=0.256 CSR_train=0.000 done_count=125
[upd 160] u=0 upd_ctr=9 opt_step=144 E=0.433 g=0.118 VarTD=0.145090 ret_end=-25.053 dbar_end=0.679 occ_end=0.176 CSR_train=0.000 done_count=125
[upd 170] u=0 upd_ctr=9 opt_step=144 E=1.000 g=0.124 VarTD=0.127022 ret_end=-25.775 dbar_end=0.665 occ_end=0.160 CSR_train=0.000 done_count=125
[upd 180] u=0 upd_ctr=10 opt_step=160 E=0.628 g=0.134 VarTD=0.138602 ret_end=-24.355 dbar_end=0.641 occ_end=0.256 CSR_train=0.000 done_count=125
[upd 190] u=0 upd_ctr=11 opt_step=176 E=0.260 g=0.140 VarTD=0.155406 ret_end=-24.718 dbar_end=0.625 occ_end=0.256 CSR_train=0.008 done_count=125
[upd 200] u=0 upd_ctr=11 opt_step=176 E=0.917 g=0.140 VarTD=0.137785 ret_end=-24.566 dbar_end=0.626 occ_end=0.216 CSR_train=0.000 done_count=125
[upd 210] u=0 upd_ctr=12 opt_step=192 E=0.531 g=0.133 VarTD=0.191813 ret_end=-25.514 dbar_end=0.642 occ_end=0.264 CSR_train=0.000 done_count=125
[upd 220] u=0 upd_ctr=13 opt_step=208 E=0.196 g=0.132 VarTD=0.214667 ret_end=-25.696 dbar_end=0.646 occ_end=0.232 CSR_train=0.000 done_count=125
[upd 230] u=0 upd_ctr=13 opt_step=208 E=0.911 g=0.146 VarTD=0.219390 ret_end=-25.179 dbar_end=0.614 occ_end=0.280 CSR_train=0.000 done_count=125
[upd 240] u=0 upd_ctr=14 opt_step=224 E=0.590 g=0.136 VarTD=0.250718 ret_end=-25.482 dbar_end=0.635 occ_end=0.208 CSR_train=0.000 done_count=125
[upd 250] u=0 upd_ctr=15 opt_step=240 E=0.278 g=0.142 VarTD=0.256551 ret_end=-24.940 dbar_end=0.622 occ_end=0.256 CSR_train=0.000 done_count=125
[upd 260] u=0 upd_ctr=15 opt_step=240 E=0.991 g=0.135 VarTD=0.259968 ret_end=-25.571 dbar_end=0.638 occ_end=0.200 CSR_train=0.000 done_count=100
[upd 270] u=0 upd_ctr=16 opt_step=256 E=0.672 g=0.154 VarTD=0.295612 ret_end=-23.758 dbar_end=0.596 occ_end=0.216 CSR_train=0.000 done_count=125
[upd 280] u=0 upd_ctr=17 opt_step=272 E=0.384 g=0.161 VarTD=0.376653 ret_end=-23.829 dbar_end=0.582 occ_end=0.224 CSR_train=0.000 done_count=125
[upd 290] u=1 upd_ctr=18 opt_step=288 E=0.074 g=0.148 VarTD=0.395682 ret_end=-24.398 dbar_end=0.608 occ_end=0.232 CSR_train=0.000 done_count=125
[upd 300] u=0 upd_ctr=18 opt_step=288 E=0.804 g=0.143 VarTD=0.433108 ret_end=-25.039 dbar_end=0.620 occ_end=0.240 CSR_train=0.000 done_count=125
[upd 310] u=0 upd_ctr=19 opt_step=304 E=0.521 g=0.144 VarTD=0.521499 ret_end=-24.967 dbar_end=0.617 occ_end=0.304 CSR_train=0.000 done_count=125
[Gate5 check] update_counter violations: t0=0 diffs=0
[Gate5 check] opt_step violations: t0=0 diffs=0 (expected_inc=16)
[Gate5 check] NaN masking: nan_on_skip=True finite_on_update=True
[Gate5 summary] mean_update_fraction=0.0609 final_executed_updates_mean=19.00
[Gate5 eval] done_count mean=100.0 CSR mean=0.0000 len_end_mean=26.00
[Gate5 eval] episodes_per_env=4 T_eval=104
[Gate5 eval-debug] locked_eps_occ=0.20 pre(step25): dbar_end=0.483332 occupied_end_mean=0.470000 max_tilde_end_mean=0.681701 CSR@locked=0.010000
[Gate5 eval-debug] locked_eps_occ=0.20 post(step26): dbar_end=0.487302 occupied_end_mean=0.360000 max_tilde_end_mean=0.694665 CSR@locked=0.000000
[Gate5 eval-debug] CSR_pre@0.10=0.0000 CSR_pre@0.15=0.0100 CSR_pre@0.20=0.0100 CSR_pre@0.25=0.0200 CSR_pre@0.30=0.0600
[Gate5 eval-debug] CSR_post@0.10=0.0000 CSR_post@0.15=0.0000 CSR_post@0.20=0.0000 CSR_post@0.25=0.0200 CSR_post@0.30=0.0300
