Importing submoduled environments...
Submoduled environments not found. Skipping import.
[upd 0] u=1 upd_ctr=1 opt_step=16 E=0.064 g=0.091 VarTD=0.177780 ret_end=-27.116 dbar_end=0.762 occ_end=0.220 CSR_train=0.000 done_count=100
[upd 10] u=0 upd_ctr=1 opt_step=16 E=0.701 g=0.084 VarTD=0.168711 ret_end=-27.749 dbar_end=0.791 occ_end=0.120 CSR_train=0.000 done_count=125
[upd 20] u=0 upd_ctr=2 opt_step=32 E=0.351 g=0.100 VarTD=0.148297 ret_end=-26.821 dbar_end=0.735 occ_end=0.152 CSR_train=0.000 done_count=125
[upd 30] u=1 upd_ctr=3 opt_step=48 E=0.064 g=0.092 VarTD=0.183006 ret_end=-27.604 dbar_end=0.760 occ_end=0.152 CSR_train=0.000 done_count=125
[upd 40] u=0 upd_ctr=3 opt_step=48 E=0.786 g=0.104 VarTD=0.155685 ret_end=-27.057 dbar_end=0.720 occ_end=0.192 CSR_train=0.000 done_count=125
[upd 50] u=0 upd_ctr=4 opt_step=64 E=0.472 g=0.118 VarTD=0.147524 ret_end=-25.177 dbar_end=0.681 occ_end=0.176 CSR_train=0.000 done_count=125
[upd 60] u=0 upd_ctr=5 opt_step=80 E=0.225 g=0.104 VarTD=0.170313 ret_end=-26.335 dbar_end=0.722 occ_end=0.152 CSR_train=0.000 done_count=125
[upd 70] u=0 upd_ctr=5 opt_step=80 E=1.000 g=0.107 VarTD=0.167311 ret_end=-26.339 dbar_end=0.711 occ_end=0.232 CSR_train=0.008 done_count=125
[upd 80] u=0 upd_ctr=6 opt_step=96 E=0.822 g=0.131 VarTD=0.141270 ret_end=-25.576 dbar_end=0.648 occ_end=0.208 CSR_train=0.000 done_count=125
[upd 90] u=0 upd_ctr=7 opt_step=112 E=0.607 g=0.122 VarTD=0.149430 ret_end=-25.876 dbar_end=0.669 occ_end=0.152 CSR_train=0.000 done_count=125
[upd 100] u=0 upd_ctr=8 opt_step=128 E=0.447 g=0.135 VarTD=0.144324 ret_end=-24.954 dbar_end=0.637 occ_end=0.240 CSR_train=0.000 done_count=125
[upd 110] u=0 upd_ctr=9 opt_step=144 E=0.268 g=0.130 VarTD=0.157868 ret_end=-25.370 dbar_end=0.650 occ_end=0.200 CSR_train=0.000 done_count=125
[upd 120] u=1 upd_ctr=10 opt_step=160 E=0.083 g=0.119 VarTD=0.169233 ret_end=-26.109 dbar_end=0.678 occ_end=0.240 CSR_train=0.000 done_count=125
[Gate5 check] update_counter violations: t0=0 diffs=0
[Gate5 check] opt_step violations: t0=0 diffs=0 (expected_inc=16)
[Gate5 check] NaN masking: nan_on_skip=True finite_on_update=True
[Gate5 summary] mean_update_fraction=0.0800 final_executed_updates_mean=10.00
[Gate5 eval] done_count mean=100.0 CSR mean=0.0000 len_end_mean=26.00
[Gate5 eval] episodes_per_env=4 T_eval=104
[Gate5 eval-debug] locked_eps_occ=0.20 pre(step25): dbar_end=0.459298 occupied_end_mean=0.450000 max_tilde_end_mean=0.673619 CSR@locked=0.000000
[Gate5 eval-debug] locked_eps_occ=0.20 post(step26): dbar_end=0.455826 occupied_end_mean=0.470000 max_tilde_end_mean=0.672393 CSR@locked=0.000000
[Gate5 eval-debug] CSR_pre@0.10=0.0000 CSR_pre@0.15=0.0000 CSR_pre@0.20=0.0000 CSR_pre@0.25=0.0200 CSR_pre@0.30=0.0200
[Gate5 eval-debug] CSR_post@0.10=0.0000 CSR_post@0.15=0.0000 CSR_post@0.20=0.0000 CSR_post@0.25=0.0000 CSR_post@0.30=0.0200
