Importing submoduled environments...
Submoduled environments not found. Skipping import.
[upd 0] u=1 upd_ctr=1 opt_step=16 E=0.186 g=0.086 VarTD=0.176520 ret_end=-28.138 dbar_end=0.781 occ_end=0.160 CSR_train=0.000 done_count=100
[upd 10] u=0 upd_ctr=2 opt_step=32 E=0.206 g=0.086 VarTD=0.142943 ret_end=-27.493 dbar_end=0.781 occ_end=0.152 CSR_train=0.000 done_count=125
[upd 20] u=0 upd_ctr=3 opt_step=48 E=0.313 g=0.120 VarTD=0.143676 ret_end=-26.701 dbar_end=0.676 occ_end=0.256 CSR_train=0.000 done_count=125
[upd 30] u=0 upd_ctr=4 opt_step=64 E=0.503 g=0.104 VarTD=0.137386 ret_end=-25.773 dbar_end=0.720 occ_end=0.152 CSR_train=0.000 done_count=125
[upd 40] u=0 upd_ctr=5 opt_step=80 E=0.698 g=0.109 VarTD=0.137202 ret_end=-26.146 dbar_end=0.707 occ_end=0.152 CSR_train=0.000 done_count=125
[upd 50] u=0 upd_ctr=6 opt_step=96 E=0.973 g=0.111 VarTD=0.145229 ret_end=-26.249 dbar_end=0.700 occ_end=0.184 CSR_train=0.000 done_count=125
[upd 60] u=0 upd_ctr=8 opt_step=128 E=0.291 g=0.110 VarTD=0.144553 ret_end=-26.223 dbar_end=0.704 occ_end=0.184 CSR_train=0.000 done_count=125
[upd 70] u=0 upd_ctr=9 opt_step=144 E=0.504 g=0.110 VarTD=0.146952 ret_end=-26.333 dbar_end=0.703 occ_end=0.168 CSR_train=0.000 done_count=125
[upd 80] u=0 upd_ctr=10 opt_step=160 E=0.775 g=0.127 VarTD=0.167841 ret_end=-25.162 dbar_end=0.656 occ_end=0.208 CSR_train=0.000 done_count=125
[upd 90] u=1 upd_ctr=12 opt_step=192 E=0.146 g=0.117 VarTD=0.183589 ret_end=-26.087 dbar_end=0.683 occ_end=0.192 CSR_train=0.000 done_count=125
[upd 100] u=0 upd_ctr=13 opt_step=208 E=0.514 g=0.108 VarTD=0.212761 ret_end=-26.172 dbar_end=0.707 occ_end=0.184 CSR_train=0.000 done_count=125
[upd 110] u=0 upd_ctr=14 opt_step=224 E=0.855 g=0.134 VarTD=0.241683 ret_end=-25.270 dbar_end=0.640 occ_end=0.192 CSR_train=0.000 done_count=125
[upd 120] u=0 upd_ctr=16 opt_step=256 E=0.386 g=0.141 VarTD=0.309996 ret_end=-25.445 dbar_end=0.623 occ_end=0.232 CSR_train=0.000 done_count=125
[Gate5 check] update_counter violations: t0=0 diffs=0
[Gate5 check] opt_step violations: t0=0 diffs=0 (expected_inc=16)
[Gate5 check] NaN masking: nan_on_skip=True finite_on_update=True
[Gate5 summary] mean_update_fraction=0.1280 final_executed_updates_mean=16.00
[Gate5 eval] done_count mean=100.0 CSR mean=0.0000 len_end_mean=26.00
[Gate5 eval] episodes_per_env=4 T_eval=104
[Gate5 eval-debug] locked_eps_occ=0.20 pre(step25): dbar_end=0.508819 occupied_end_mean=0.310000 max_tilde_end_mean=0.705531 CSR@locked=0.000000
[Gate5 eval-debug] locked_eps_occ=0.20 post(step26): dbar_end=0.509396 occupied_end_mean=0.290000 max_tilde_end_mean=0.708668 CSR@locked=0.000000
[Gate5 eval-debug] CSR_pre@0.10=0.0000 CSR_pre@0.15=0.0000 CSR_pre@0.20=0.0000 CSR_pre@0.25=0.0100 CSR_pre@0.30=0.0100
[Gate5 eval-debug] CSR_post@0.10=0.0000 CSR_post@0.15=0.0000 CSR_post@0.20=0.0000 CSR_post@0.25=0.0100 CSR_post@0.30=0.0200
