Importing submoduled environments...
Submoduled environments not found. Skipping import.
[upd 0] u=1 upd_ctr=1 opt_step=16 E=0.179 g=0.079 VarTD=0.177244 ret_end=-28.332 dbar_end=0.807 occ_end=0.140 CSR_train=0.000 done_count=100
[upd 10] u=0 upd_ctr=2 opt_step=32 E=0.217 g=0.098 VarTD=0.147872 ret_end=-26.949 dbar_end=0.741 occ_end=0.176 CSR_train=0.000 done_count=125
[upd 20] u=0 upd_ctr=3 opt_step=48 E=0.309 g=0.095 VarTD=0.148522 ret_end=-27.400 dbar_end=0.751 occ_end=0.168 CSR_train=0.000 done_count=125
[upd 30] u=0 upd_ctr=4 opt_step=64 E=0.413 g=0.106 VarTD=0.166939 ret_end=-26.815 dbar_end=0.715 occ_end=0.216 CSR_train=0.000 done_count=125
[upd 40] u=0 upd_ctr=5 opt_step=80 E=0.589 g=0.106 VarTD=0.145482 ret_end=-26.793 dbar_end=0.714 occ_end=0.152 CSR_train=0.000 done_count=125
[upd 50] u=0 upd_ctr=6 opt_step=96 E=0.817 g=0.117 VarTD=0.133035 ret_end=-25.893 dbar_end=0.684 occ_end=0.208 CSR_train=0.000 done_count=125
[upd 60] u=1 upd_ctr=8 opt_step=128 E=0.223 g=0.123 VarTD=0.141026 ret_end=-25.869 dbar_end=0.666 occ_end=0.272 CSR_train=0.000 done_count=125
[upd 70] u=0 upd_ctr=9 opt_step=144 E=0.639 g=0.121 VarTD=0.173889 ret_end=-26.654 dbar_end=0.672 occ_end=0.136 CSR_train=0.000 done_count=125
[upd 80] u=1 upd_ctr=11 opt_step=176 E=0.225 g=0.138 VarTD=0.182880 ret_end=-25.592 dbar_end=0.630 occ_end=0.256 CSR_train=0.000 done_count=125
[upd 90] u=0 upd_ctr=12 opt_step=192 E=0.664 g=0.146 VarTD=0.191291 ret_end=-24.415 dbar_end=0.612 occ_end=0.280 CSR_train=0.000 done_count=125
[upd 100] u=0 upd_ctr=14 opt_step=224 E=0.321 g=0.152 VarTD=0.263410 ret_end=-24.717 dbar_end=0.600 occ_end=0.320 CSR_train=0.000 done_count=125
[upd 110] u=0 upd_ctr=15 opt_step=240 E=0.897 g=0.144 VarTD=0.281471 ret_end=-25.013 dbar_end=0.616 occ_end=0.272 CSR_train=0.000 done_count=125
[upd 120] u=0 upd_ctr=17 opt_step=272 E=0.594 g=0.165 VarTD=0.401469 ret_end=-24.455 dbar_end=0.573 occ_end=0.176 CSR_train=0.000 done_count=125
[upd 130] u=1 upd_ctr=19 opt_step=304 E=0.264 g=0.164 VarTD=0.382816 ret_end=-24.636 dbar_end=0.577 occ_end=0.240 CSR_train=0.010 done_count=100
[upd 140] u=0 upd_ctr=20 opt_step=320 E=1.000 g=0.171 VarTD=0.611022 ret_end=-24.322 dbar_end=0.563 occ_end=0.352 CSR_train=0.000 done_count=125
[upd 150] u=0 upd_ctr=22 opt_step=352 E=0.859 g=0.174 VarTD=0.830772 ret_end=-24.209 dbar_end=0.557 occ_end=0.248 CSR_train=0.000 done_count=125
[upd 160] u=0 upd_ctr=24 opt_step=384 E=0.699 g=0.164 VarTD=1.026918 ret_end=-23.306 dbar_end=0.576 occ_end=0.248 CSR_train=0.000 done_count=125
[upd 170] u=0 upd_ctr=26 opt_step=416 E=0.533 g=0.160 VarTD=1.229017 ret_end=-24.071 dbar_end=0.583 occ_end=0.296 CSR_train=0.000 done_count=125
[upd 180] u=0 upd_ctr=28 opt_step=448 E=0.358 g=0.164 VarTD=1.496378 ret_end=-23.290 dbar_end=0.576 occ_end=0.304 CSR_train=0.008 done_count=125
[upd 190] u=1 upd_ctr=30 opt_step=480 E=0.273 g=0.191 VarTD=1.698560 ret_end=-23.158 dbar_end=0.527 occ_end=0.296 CSR_train=0.008 done_count=125
[upd 200] u=1 upd_ctr=32 opt_step=512 E=0.214 g=0.192 VarTD=1.923929 ret_end=-22.766 dbar_end=0.525 occ_end=0.320 CSR_train=0.000 done_count=125
[upd 210] u=0 upd_ctr=33 opt_step=528 E=0.982 g=0.175 VarTD=2.245551 ret_end=-23.873 dbar_end=0.554 occ_end=0.304 CSR_train=0.000 done_count=125
[upd 220] u=0 upd_ctr=35 opt_step=560 E=0.904 g=0.170 VarTD=2.622822 ret_end=-24.024 dbar_end=0.564 occ_end=0.288 CSR_train=0.000 done_count=125
[upd 230] u=0 upd_ctr=37 opt_step=592 E=0.909 g=0.174 VarTD=2.920149 ret_end=-23.679 dbar_end=0.557 occ_end=0.336 CSR_train=0.000 done_count=125
[upd 240] u=0 upd_ctr=39 opt_step=624 E=0.895 g=0.176 VarTD=3.303545 ret_end=-23.409 dbar_end=0.553 occ_end=0.336 CSR_train=0.000 done_count=125
[upd 250] u=0 upd_ctr=41 opt_step=656 E=0.722 g=0.159 VarTD=3.629686 ret_end=-24.163 dbar_end=0.585 occ_end=0.224 CSR_train=0.000 done_count=125
[upd 260] u=0 upd_ctr=43 opt_step=688 E=0.584 g=0.175 VarTD=3.282727 ret_end=-23.945 dbar_end=0.556 occ_end=0.340 CSR_train=0.010 done_count=100
[upd 270] u=0 upd_ctr=45 opt_step=720 E=0.548 g=0.192 VarTD=4.278152 ret_end=-22.928 dbar_end=0.526 occ_end=0.352 CSR_train=0.008 done_count=125
[upd 280] u=0 upd_ctr=47 opt_step=752 E=0.433 g=0.181 VarTD=4.676194 ret_end=-23.300 dbar_end=0.544 occ_end=0.288 CSR_train=0.000 done_count=125
[upd 290] u=0 upd_ctr=49 opt_step=784 E=0.373 g=0.183 VarTD=4.984879 ret_end=-22.892 dbar_end=0.541 occ_end=0.296 CSR_train=0.000 done_count=125
[upd 300] u=0 upd_ctr=51 opt_step=816 E=0.356 g=0.178 VarTD=5.240356 ret_end=-23.279 dbar_end=0.550 occ_end=0.264 CSR_train=0.000 done_count=125
[upd 310] u=0 upd_ctr=53 opt_step=848 E=0.356 g=0.181 VarTD=5.407135 ret_end=-23.747 dbar_end=0.544 occ_end=0.296 CSR_train=0.008 done_count=125
[Gate5 check] update_counter violations: t0=0 diffs=0
[Gate5 check] opt_step violations: t0=0 diffs=0 (expected_inc=16)
[Gate5 check] NaN masking: nan_on_skip=True finite_on_update=True
[Gate5 summary] mean_update_fraction=0.1699 final_executed_updates_mean=53.00
[Gate5 eval] done_count mean=100.0 CSR mean=0.0000 len_end_mean=26.00
[Gate5 eval] episodes_per_env=4 T_eval=104
[Gate5 eval-debug] locked_eps_occ=0.20 pre(step25): dbar_end=0.487981 occupied_end_mean=0.370000 max_tilde_end_mean=0.680107 CSR@locked=0.000000
[Gate5 eval-debug] locked_eps_occ=0.20 post(step26): dbar_end=0.488937 occupied_end_mean=0.360000 max_tilde_end_mean=0.682932 CSR@locked=0.000000
[Gate5 eval-debug] CSR_pre@0.10=0.0000 CSR_pre@0.15=0.0000 CSR_pre@0.20=0.0000 CSR_pre@0.25=0.0300 CSR_pre@0.30=0.0400
[Gate5 eval-debug] CSR_post@0.10=0.0000 CSR_post@0.15=0.0000 CSR_post@0.20=0.0000 CSR_post@0.25=0.0000 CSR_post@0.30=0.0500
