Importing submoduled environments...
Submoduled environments not found. Skipping import.
[upd 0] u=1 upd_ctr=1 opt_step=16 E=0.128 g=0.093 VarTD=0.145852 ret_end=-27.154 dbar_end=0.757 occ_end=0.170 CSR_train=0.000 done_count=100
[upd 10] u=0 upd_ctr=1 opt_step=16 E=0.405 g=0.084 VarTD=0.153180 ret_end=-27.639 dbar_end=0.787 occ_end=0.144 CSR_train=0.008 done_count=125
[upd 20] u=0 upd_ctr=1 opt_step=16 E=0.688 g=0.095 VarTD=0.155754 ret_end=-27.101 dbar_end=0.751 occ_end=0.208 CSR_train=0.000 done_count=125
[upd 30] u=0 upd_ctr=2 opt_step=32 E=0.058 g=0.089 VarTD=0.148565 ret_end=-27.305 dbar_end=0.772 occ_end=0.128 CSR_train=0.000 done_count=125
[upd 40] u=0 upd_ctr=2 opt_step=32 E=0.356 g=0.089 VarTD=0.155699 ret_end=-27.611 dbar_end=0.770 occ_end=0.104 CSR_train=0.000 done_count=125
[upd 50] u=0 upd_ctr=2 opt_step=32 E=0.646 g=0.101 VarTD=0.164753 ret_end=-27.120 dbar_end=0.729 occ_end=0.184 CSR_train=0.000 done_count=125
[upd 60] u=1 upd_ctr=3 opt_step=48 E=0.041 g=0.099 VarTD=0.157865 ret_end=-26.519 dbar_end=0.737 occ_end=0.192 CSR_train=0.000 done_count=125
[upd 70] u=0 upd_ctr=3 opt_step=48 E=0.340 g=0.099 VarTD=0.163444 ret_end=-27.590 dbar_end=0.737 occ_end=0.208 CSR_train=0.000 done_count=125
[upd 80] u=0 upd_ctr=3 opt_step=48 E=0.633 g=0.093 VarTD=0.149407 ret_end=-27.300 dbar_end=0.757 occ_end=0.128 CSR_train=0.000 done_count=125
[upd 90] u=0 upd_ctr=3 opt_step=48 E=0.923 g=0.099 VarTD=0.139401 ret_end=-27.275 dbar_end=0.736 occ_end=0.152 CSR_train=0.000 done_count=125
[upd 100] u=0 upd_ctr=4 opt_step=64 E=0.328 g=0.114 VarTD=0.128439 ret_end=-26.109 dbar_end=0.692 occ_end=0.144 CSR_train=0.000 done_count=125
[upd 110] u=0 upd_ctr=4 opt_step=64 E=0.628 g=0.099 VarTD=0.165003 ret_end=-26.449 dbar_end=0.736 occ_end=0.192 CSR_train=0.000 done_count=125
[upd 120] u=0 upd_ctr=4 opt_step=64 E=0.922 g=0.092 VarTD=0.148177 ret_end=-27.093 dbar_end=0.760 occ_end=0.120 CSR_train=0.000 done_count=125
[Gate5 check] update_counter violations: t0=0 diffs=0
[Gate5 check] opt_step violations: t0=0 diffs=0 (expected_inc=16)
[Gate5 check] NaN masking: nan_on_skip=True finite_on_update=True
[Gate5 summary] mean_update_fraction=0.0400 final_executed_updates_mean=5.00
[Gate5 eval] done_count mean=100.0 CSR mean=0.0000 len_end_mean=26.00
[Gate5 eval] episodes_per_env=4 T_eval=104
[Gate5 eval-debug] locked_eps_occ=0.20 pre(step25): dbar_end=0.523409 occupied_end_mean=0.300000 max_tilde_end_mean=0.749146 CSR@locked=0.000000
[Gate5 eval-debug] locked_eps_occ=0.20 post(step26): dbar_end=0.527600 occupied_end_mean=0.300000 max_tilde_end_mean=0.750809 CSR@locked=0.000000
[Gate5 eval-debug] CSR_pre@0.10=0.0000 CSR_pre@0.15=0.0000 CSR_pre@0.20=0.0000 CSR_pre@0.25=0.0000 CSR_pre@0.30=0.0200
[Gate5 eval-debug] CSR_post@0.10=0.0000 CSR_post@0.15=0.0000 CSR_post@0.20=0.0000 CSR_post@0.25=0.0100 CSR_post@0.30=0.0200
