Importing submoduled environments...
Submoduled environments not found. Skipping import.
[upd 0] u=1 upd_ctr=1 opt_step=16 E=0.124 g=0.093 VarTD=0.149936 ret_end=-27.435 dbar_end=0.756 occ_end=0.150 CSR_train=0.000 done_count=100
[upd 10] u=0 upd_ctr=1 opt_step=16 E=0.875 g=0.100 VarTD=0.132044 ret_end=-26.929 dbar_end=0.734 occ_end=0.192 CSR_train=0.000 done_count=125
[upd 20] u=0 upd_ctr=2 opt_step=32 E=0.765 g=0.112 VarTD=0.153165 ret_end=-25.769 dbar_end=0.696 occ_end=0.200 CSR_train=0.000 done_count=125
[upd 30] u=0 upd_ctr=3 opt_step=48 E=0.602 g=0.091 VarTD=0.167108 ret_end=-27.552 dbar_end=0.764 occ_end=0.128 CSR_train=0.008 done_count=125
[upd 40] u=0 upd_ctr=4 opt_step=64 E=0.459 g=0.105 VarTD=0.134954 ret_end=-26.554 dbar_end=0.717 occ_end=0.168 CSR_train=0.000 done_count=125
[upd 50] u=0 upd_ctr=5 opt_step=80 E=0.369 g=0.107 VarTD=0.130469 ret_end=-25.953 dbar_end=0.711 occ_end=0.160 CSR_train=0.000 done_count=125
[upd 60] u=0 upd_ctr=6 opt_step=96 E=0.298 g=0.120 VarTD=0.136245 ret_end=-26.305 dbar_end=0.676 occ_end=0.160 CSR_train=0.000 done_count=125
[upd 70] u=0 upd_ctr=7 opt_step=112 E=0.233 g=0.117 VarTD=0.140346 ret_end=-26.415 dbar_end=0.684 occ_end=0.200 CSR_train=0.000 done_count=125
[upd 80] u=0 upd_ctr=8 opt_step=128 E=0.243 g=0.120 VarTD=0.147427 ret_end=-25.274 dbar_end=0.677 occ_end=0.200 CSR_train=0.000 done_count=125
[upd 90] u=0 upd_ctr=9 opt_step=144 E=0.234 g=0.119 VarTD=0.154005 ret_end=-26.202 dbar_end=0.678 occ_end=0.136 CSR_train=0.000 done_count=125
[upd 100] u=0 upd_ctr=10 opt_step=160 E=0.223 g=0.130 VarTD=0.182198 ret_end=-24.922 dbar_end=0.649 occ_end=0.240 CSR_train=0.000 done_count=125
[upd 110] u=0 upd_ctr=11 opt_step=176 E=0.246 g=0.116 VarTD=0.173454 ret_end=-26.169 dbar_end=0.686 occ_end=0.152 CSR_train=0.000 done_count=125
[upd 120] u=0 upd_ctr=12 opt_step=192 E=0.333 g=0.137 VarTD=0.198833 ret_end=-24.527 dbar_end=0.632 occ_end=0.216 CSR_train=0.000 done_count=125
[upd 130] u=0 upd_ctr=13 opt_step=208 E=0.450 g=0.127 VarTD=0.234336 ret_end=-25.314 dbar_end=0.657 occ_end=0.240 CSR_train=0.000 done_count=100
[upd 140] u=0 upd_ctr=14 opt_step=224 E=0.581 g=0.132 VarTD=0.265310 ret_end=-24.710 dbar_end=0.645 occ_end=0.256 CSR_train=0.000 done_count=125
[upd 150] u=0 upd_ctr=15 opt_step=240 E=0.747 g=0.137 VarTD=0.306396 ret_end=-25.482 dbar_end=0.633 occ_end=0.192 CSR_train=0.000 done_count=125
[upd 160] u=0 upd_ctr=16 opt_step=256 E=0.897 g=0.141 VarTD=0.376777 ret_end=-25.415 dbar_end=0.625 occ_end=0.256 CSR_train=0.000 done_count=125
[upd 170] u=0 upd_ctr=17 opt_step=272 E=1.000 g=0.148 VarTD=0.422735 ret_end=-24.609 dbar_end=0.608 occ_end=0.256 CSR_train=0.000 done_count=125
[upd 180] u=0 upd_ctr=19 opt_step=304 E=0.282 g=0.157 VarTD=0.575488 ret_end=-23.713 dbar_end=0.590 occ_end=0.208 CSR_train=0.000 done_count=125
[upd 190] u=0 upd_ctr=20 opt_step=320 E=0.531 g=0.159 VarTD=0.663294 ret_end=-24.634 dbar_end=0.585 occ_end=0.232 CSR_train=0.000 done_count=125
[upd 200] u=0 upd_ctr=21 opt_step=336 E=0.791 g=0.155 VarTD=0.747870 ret_end=-25.139 dbar_end=0.594 occ_end=0.232 CSR_train=0.000 done_count=125
[upd 210] u=0 upd_ctr=22 opt_step=352 E=1.000 g=0.158 VarTD=0.866081 ret_end=-24.527 dbar_end=0.589 occ_end=0.304 CSR_train=0.000 done_count=125
[upd 220] u=0 upd_ctr=24 opt_step=384 E=0.463 g=0.171 VarTD=1.099424 ret_end=-23.326 dbar_end=0.563 occ_end=0.312 CSR_train=0.000 done_count=125
[upd 230] u=0 upd_ctr=25 opt_step=400 E=0.856 g=0.171 VarTD=1.213039 ret_end=-23.386 dbar_end=0.562 occ_end=0.272 CSR_train=0.000 done_count=125
[upd 240] u=0 upd_ctr=27 opt_step=432 E=0.340 g=0.180 VarTD=1.541158 ret_end=-23.251 dbar_end=0.545 occ_end=0.272 CSR_train=0.000 done_count=125
[upd 250] u=0 upd_ctr=28 opt_step=448 E=0.757 g=0.167 VarTD=1.632954 ret_end=-24.052 dbar_end=0.570 occ_end=0.288 CSR_train=0.000 done_count=125
[upd 260] u=1 upd_ctr=30 opt_step=480 E=0.189 g=0.173 VarTD=1.448914 ret_end=-23.385 dbar_end=0.558 occ_end=0.250 CSR_train=0.000 done_count=100
[upd 270] u=0 upd_ctr=31 opt_step=496 E=0.625 g=0.182 VarTD=2.092631 ret_end=-23.393 dbar_end=0.542 occ_end=0.328 CSR_train=0.008 done_count=125
[upd 280] u=0 upd_ctr=32 opt_step=512 E=1.000 g=0.188 VarTD=2.265283 ret_end=-22.608 dbar_end=0.532 occ_end=0.368 CSR_train=0.000 done_count=125
[upd 290] u=0 upd_ctr=34 opt_step=544 E=0.483 g=0.185 VarTD=2.600089 ret_end=-23.841 dbar_end=0.538 occ_end=0.336 CSR_train=0.000 done_count=125
[upd 300] u=0 upd_ctr=35 opt_step=560 E=0.879 g=0.190 VarTD=2.747023 ret_end=-22.218 dbar_end=0.530 occ_end=0.336 CSR_train=0.000 done_count=125
[upd 310] u=0 upd_ctr=37 opt_step=592 E=0.334 g=0.180 VarTD=3.154137 ret_end=-23.388 dbar_end=0.546 occ_end=0.360 CSR_train=0.000 done_count=125
[Gate5 check] update_counter violations: t0=0 diffs=0
[Gate5 check] opt_step violations: t0=0 diffs=0 (expected_inc=16)
[Gate5 check] NaN masking: nan_on_skip=True finite_on_update=True
[Gate5 summary] mean_update_fraction=0.1186 final_executed_updates_mean=37.00
[Gate5 eval] done_count mean=100.0 CSR mean=0.0200 len_end_mean=26.00
[Gate5 eval] episodes_per_env=4 T_eval=104
[Gate5 eval-debug] locked_eps_occ=0.20 pre(step25): dbar_end=0.500726 occupied_end_mean=0.370000 max_tilde_end_mean=0.706914 CSR@locked=0.010000
[Gate5 eval-debug] locked_eps_occ=0.20 post(step26): dbar_end=0.506809 occupied_end_mean=0.390000 max_tilde_end_mean=0.701652 CSR@locked=0.020000
[Gate5 eval-debug] CSR_pre@0.10=0.0000 CSR_pre@0.15=0.0000 CSR_pre@0.20=0.0100 CSR_pre@0.25=0.0100 CSR_pre@0.30=0.0200
[Gate5 eval-debug] CSR_post@0.10=0.0100 CSR_post@0.15=0.0100 CSR_post@0.20=0.0200 CSR_post@0.25=0.0200 CSR_post@0.30=0.0400
