Importing submoduled environments...
Submoduled environments not found. Skipping import.
[upd 0] u=1 upd_ctr=1 opt_step=16 E=0.110 g=0.096 VarTD=0.159541 ret_end=-27.424 dbar_end=0.745 occ_end=0.200 CSR_train=0.000 done_count=100
[upd 10] u=0 upd_ctr=1 opt_step=16 E=0.200 g=0.095 VarTD=0.132747 ret_end=-26.853 dbar_end=0.750 occ_end=0.208 CSR_train=0.000 done_count=125
[upd 20] u=0 upd_ctr=1 opt_step=16 E=0.294 g=0.103 VarTD=0.168812 ret_end=-26.447 dbar_end=0.725 occ_end=0.168 CSR_train=0.000 done_count=125
[upd 30] u=0 upd_ctr=1 opt_step=16 E=0.387 g=0.086 VarTD=0.167917 ret_end=-28.095 dbar_end=0.783 occ_end=0.176 CSR_train=0.000 done_count=125
[upd 40] u=0 upd_ctr=1 opt_step=16 E=0.475 g=0.094 VarTD=0.153748 ret_end=-27.500 dbar_end=0.754 occ_end=0.168 CSR_train=0.000 done_count=125
[upd 50] u=0 upd_ctr=1 opt_step=16 E=0.567 g=0.102 VarTD=0.164851 ret_end=-27.219 dbar_end=0.726 occ_end=0.208 CSR_train=0.000 done_count=125
[upd 60] u=0 upd_ctr=1 opt_step=16 E=0.659 g=0.096 VarTD=0.170065 ret_end=-27.132 dbar_end=0.748 occ_end=0.184 CSR_train=0.000 done_count=125
[upd 70] u=0 upd_ctr=1 opt_step=16 E=0.751 g=0.086 VarTD=0.174033 ret_end=-28.263 dbar_end=0.780 occ_end=0.120 CSR_train=0.000 done_count=125
[upd 80] u=0 upd_ctr=1 opt_step=16 E=0.846 g=0.093 VarTD=0.161908 ret_end=-27.309 dbar_end=0.757 occ_end=0.136 CSR_train=0.000 done_count=125
[upd 90] u=0 upd_ctr=2 opt_step=32 E=0.040 g=0.096 VarTD=0.144477 ret_end=-27.098 dbar_end=0.745 occ_end=0.168 CSR_train=0.000 done_count=125
[upd 100] u=0 upd_ctr=2 opt_step=32 E=0.135 g=0.105 VarTD=0.131258 ret_end=-26.884 dbar_end=0.717 occ_end=0.184 CSR_train=0.000 done_count=125
[upd 110] u=0 upd_ctr=2 opt_step=32 E=0.233 g=0.096 VarTD=0.142405 ret_end=-27.007 dbar_end=0.747 occ_end=0.136 CSR_train=0.000 done_count=125
[upd 120] u=0 upd_ctr=2 opt_step=32 E=0.331 g=0.089 VarTD=0.158339 ret_end=-27.700 dbar_end=0.770 occ_end=0.192 CSR_train=0.000 done_count=125
[upd 130] u=0 upd_ctr=2 opt_step=32 E=0.430 g=0.106 VarTD=0.142308 ret_end=-26.494 dbar_end=0.715 occ_end=0.220 CSR_train=0.000 done_count=100
[upd 140] u=0 upd_ctr=2 opt_step=32 E=0.528 g=0.092 VarTD=0.162584 ret_end=-27.677 dbar_end=0.760 occ_end=0.112 CSR_train=0.000 done_count=125
[upd 150] u=0 upd_ctr=2 opt_step=32 E=0.628 g=0.093 VarTD=0.158749 ret_end=-27.222 dbar_end=0.755 occ_end=0.232 CSR_train=0.000 done_count=125
[upd 160] u=0 upd_ctr=2 opt_step=32 E=0.722 g=0.093 VarTD=0.156725 ret_end=-27.844 dbar_end=0.755 occ_end=0.152 CSR_train=0.000 done_count=125
[upd 170] u=0 upd_ctr=2 opt_step=32 E=0.819 g=0.096 VarTD=0.124999 ret_end=-26.576 dbar_end=0.747 occ_end=0.160 CSR_train=0.000 done_count=125
[upd 180] u=1 upd_ctr=3 opt_step=48 E=0.019 g=0.111 VarTD=0.154555 ret_end=-26.530 dbar_end=0.701 occ_end=0.208 CSR_train=0.000 done_count=125
[upd 190] u=0 upd_ctr=3 opt_step=48 E=0.124 g=0.107 VarTD=0.162709 ret_end=-25.979 dbar_end=0.713 occ_end=0.200 CSR_train=0.000 done_count=125
[upd 200] u=0 upd_ctr=3 opt_step=48 E=0.231 g=0.105 VarTD=0.143988 ret_end=-25.879 dbar_end=0.717 occ_end=0.256 CSR_train=0.000 done_count=125
[upd 210] u=0 upd_ctr=3 opt_step=48 E=0.340 g=0.100 VarTD=0.147292 ret_end=-27.136 dbar_end=0.734 occ_end=0.200 CSR_train=0.000 done_count=125
[upd 220] u=0 upd_ctr=3 opt_step=48 E=0.444 g=0.104 VarTD=0.176660 ret_end=-26.820 dbar_end=0.721 occ_end=0.200 CSR_train=0.000 done_count=125
[upd 230] u=0 upd_ctr=3 opt_step=48 E=0.548 g=0.097 VarTD=0.174974 ret_end=-26.738 dbar_end=0.743 occ_end=0.128 CSR_train=0.000 done_count=125
[upd 240] u=0 upd_ctr=3 opt_step=48 E=0.653 g=0.115 VarTD=0.143811 ret_end=-25.706 dbar_end=0.690 occ_end=0.160 CSR_train=0.000 done_count=125
[upd 250] u=0 upd_ctr=3 opt_step=48 E=0.760 g=0.091 VarTD=0.168043 ret_end=-28.139 dbar_end=0.765 occ_end=0.136 CSR_train=0.000 done_count=125
[upd 260] u=0 upd_ctr=3 opt_step=48 E=0.862 g=0.096 VarTD=0.169784 ret_end=-27.829 dbar_end=0.745 occ_end=0.150 CSR_train=0.000 done_count=100
[upd 270] u=0 upd_ctr=4 opt_step=64 E=0.073 g=0.112 VarTD=0.146638 ret_end=-27.222 dbar_end=0.697 occ_end=0.200 CSR_train=0.000 done_count=125
[upd 280] u=0 upd_ctr=4 opt_step=64 E=0.188 g=0.118 VarTD=0.149375 ret_end=-26.904 dbar_end=0.681 occ_end=0.168 CSR_train=0.000 done_count=125
[upd 290] u=0 upd_ctr=4 opt_step=64 E=0.298 g=0.103 VarTD=0.154148 ret_end=-27.098 dbar_end=0.724 occ_end=0.136 CSR_train=0.000 done_count=125
[upd 300] u=0 upd_ctr=4 opt_step=64 E=0.409 g=0.106 VarTD=0.174050 ret_end=-26.727 dbar_end=0.714 occ_end=0.136 CSR_train=0.000 done_count=125
[upd 310] u=0 upd_ctr=4 opt_step=64 E=0.516 g=0.118 VarTD=0.157351 ret_end=-26.918 dbar_end=0.680 occ_end=0.216 CSR_train=0.000 done_count=125
[Gate5 check] update_counter violations: t0=0 diffs=0
[Gate5 check] opt_step violations: t0=0 diffs=0 (expected_inc=16)
[Gate5 check] NaN masking: nan_on_skip=True finite_on_update=True
[Gate5 summary] mean_update_fraction=0.0128 final_executed_updates_mean=4.00
[Gate5 eval] done_count mean=100.0 CSR mean=0.0100 len_end_mean=26.00
[Gate5 eval] episodes_per_env=4 T_eval=104
[Gate5 eval-debug] locked_eps_occ=0.20 pre(step25): dbar_end=0.487846 occupied_end_mean=0.300000 max_tilde_end_mean=0.697498 CSR@locked=0.010000
[Gate5 eval-debug] locked_eps_occ=0.20 post(step26): dbar_end=0.490578 occupied_end_mean=0.350000 max_tilde_end_mean=0.691726 CSR@locked=0.010000
[Gate5 eval-debug] CSR_pre@0.10=0.0000 CSR_pre@0.15=0.0000 CSR_pre@0.20=0.0100 CSR_pre@0.25=0.0200 CSR_pre@0.30=0.0300
[Gate5 eval-debug] CSR_post@0.10=0.0000 CSR_post@0.15=0.0000 CSR_post@0.20=0.0100 CSR_post@0.25=0.0300 CSR_post@0.30=0.0400
