Importing submoduled environments...
Submoduled environments not found. Skipping import.
[upd 0] u=1 upd_ctr=1 opt_step=16 E=0.910 g=0.096 VarTD=0.198978 ret_end=-28.258 dbar_end=0.747 occ_end=0.170 CSR_train=0.000 done_count=100
[upd 10] u=1 upd_ctr=11 opt_step=176 E=0.016 g=0.118 VarTD=0.170201 ret_end=-26.277 dbar_end=0.680 occ_end=0.144 CSR_train=0.000 done_count=125
[upd 20] u=0 upd_ctr=12 opt_step=192 E=0.034 g=0.123 VarTD=0.191402 ret_end=-26.012 dbar_end=0.666 occ_end=0.144 CSR_train=0.000 done_count=125
[upd 30] u=0 upd_ctr=13 opt_step=208 E=0.057 g=0.114 VarTD=0.189074 ret_end=-26.214 dbar_end=0.690 occ_end=0.208 CSR_train=0.000 done_count=125
[upd 40] u=0 upd_ctr=14 opt_step=224 E=0.086 g=0.138 VarTD=0.203547 ret_end=-25.235 dbar_end=0.632 occ_end=0.224 CSR_train=0.000 done_count=125
[upd 50] u=1 upd_ctr=16 opt_step=256 E=0.018 g=0.141 VarTD=0.239205 ret_end=-25.268 dbar_end=0.624 occ_end=0.160 CSR_train=0.000 done_count=125
[upd 60] u=0 upd_ctr=17 opt_step=272 E=0.055 g=0.131 VarTD=0.296603 ret_end=-24.771 dbar_end=0.647 occ_end=0.168 CSR_train=0.000 done_count=125
[upd 70] u=0 upd_ctr=18 opt_step=288 E=0.094 g=0.160 VarTD=0.379884 ret_end=-24.319 dbar_end=0.584 occ_end=0.336 CSR_train=0.000 done_count=125
[upd 80] u=0 upd_ctr=20 opt_step=320 E=0.031 g=0.146 VarTD=0.488054 ret_end=-24.305 dbar_end=0.612 occ_end=0.200 CSR_train=0.000 done_count=125
[upd 90] u=0 upd_ctr=21 opt_step=336 E=0.080 g=0.146 VarTD=0.583987 ret_end=-25.726 dbar_end=0.612 occ_end=0.208 CSR_train=0.000 done_count=125
[upd 100] u=0 upd_ctr=23 opt_step=368 E=0.035 g=0.149 VarTD=0.737789 ret_end=-24.769 dbar_end=0.606 occ_end=0.272 CSR_train=0.000 done_count=125
[upd 110] u=0 upd_ctr=24 opt_step=384 E=0.088 g=0.148 VarTD=0.827893 ret_end=-25.245 dbar_end=0.608 occ_end=0.280 CSR_train=0.000 done_count=125
[upd 120] u=0 upd_ctr=26 opt_step=416 E=0.049 g=0.163 VarTD=1.020780 ret_end=-24.488 dbar_end=0.578 occ_end=0.312 CSR_train=0.000 done_count=125
[Gate5 check] update_counter violations: t0=0 diffs=0
[Gate5 check] opt_step violations: t0=0 diffs=0 (expected_inc=16)
[Gate5 check] NaN masking: nan_on_skip=True finite_on_update=True
[Gate5 summary] mean_update_fraction=0.2080 final_executed_updates_mean=26.00
[Gate5 eval] done_count mean=100.0 CSR mean=0.0000 len_end_mean=26.00
[Gate5 eval] episodes_per_env=4 T_eval=104
[Gate5 eval-debug] locked_eps_occ=0.20 pre(step25): dbar_end=0.532940 occupied_end_mean=0.330000 max_tilde_end_mean=0.774408 CSR@locked=0.000000
[Gate5 eval-debug] locked_eps_occ=0.20 post(step26): dbar_end=0.540763 occupied_end_mean=0.310000 max_tilde_end_mean=0.782738 CSR@locked=0.000000
[Gate5 eval-debug] CSR_pre@0.10=0.0000 CSR_pre@0.15=0.0000 CSR_pre@0.20=0.0000 CSR_pre@0.25=0.0000 CSR_pre@0.30=0.0000
[Gate5 eval-debug] CSR_post@0.10=0.0000 CSR_post@0.15=0.0000 CSR_post@0.20=0.0000 CSR_post@0.25=0.0000 CSR_post@0.30=0.0000
