Importing submoduled environments...
Submoduled environments not found. Skipping import.
[upd 0] u=1 upd_ctr=1 opt_step=16 E=0.122 g=0.073 VarTD=0.176583 ret_end=-28.932 dbar_end=0.832 occ_end=0.120 CSR_train=0.000 done_count=100
[upd 10] u=0 upd_ctr=1 opt_step=16 E=0.392 g=0.084 VarTD=0.145375 ret_end=-27.822 dbar_end=0.789 occ_end=0.112 CSR_train=0.000 done_count=125
[upd 20] u=0 upd_ctr=1 opt_step=16 E=0.679 g=0.093 VarTD=0.146987 ret_end=-27.233 dbar_end=0.757 occ_end=0.168 CSR_train=0.000 done_count=125
[upd 30] u=1 upd_ctr=2 opt_step=32 E=0.045 g=0.096 VarTD=0.137071 ret_end=-26.257 dbar_end=0.748 occ_end=0.184 CSR_train=0.000 done_count=125
[upd 40] u=0 upd_ctr=2 opt_step=32 E=0.333 g=0.098 VarTD=0.162689 ret_end=-27.118 dbar_end=0.741 occ_end=0.144 CSR_train=0.000 done_count=125
[upd 50] u=0 upd_ctr=2 opt_step=32 E=0.629 g=0.089 VarTD=0.174284 ret_end=-27.966 dbar_end=0.770 occ_end=0.168 CSR_train=0.000 done_count=125
[upd 60] u=0 upd_ctr=2 opt_step=32 E=0.919 g=0.097 VarTD=0.136429 ret_end=-26.181 dbar_end=0.742 occ_end=0.128 CSR_train=0.000 done_count=125
[upd 70] u=0 upd_ctr=3 opt_step=48 E=0.329 g=0.114 VarTD=0.127321 ret_end=-25.595 dbar_end=0.692 occ_end=0.192 CSR_train=0.000 done_count=125
[upd 80] u=0 upd_ctr=3 opt_step=48 E=0.632 g=0.096 VarTD=0.145310 ret_end=-27.857 dbar_end=0.747 occ_end=0.152 CSR_train=0.000 done_count=125
[upd 90] u=1 upd_ctr=4 opt_step=64 E=0.043 g=0.098 VarTD=0.139755 ret_end=-27.677 dbar_end=0.739 occ_end=0.176 CSR_train=0.000 done_count=125
[upd 100] u=0 upd_ctr=4 opt_step=64 E=0.366 g=0.111 VarTD=0.131321 ret_end=-26.805 dbar_end=0.701 occ_end=0.160 CSR_train=0.000 done_count=125
[upd 110] u=0 upd_ctr=4 opt_step=64 E=0.681 g=0.111 VarTD=0.149585 ret_end=-25.876 dbar_end=0.701 occ_end=0.160 CSR_train=0.000 done_count=125
[upd 120] u=0 upd_ctr=5 opt_step=80 E=0.110 g=0.122 VarTD=0.118737 ret_end=-25.880 dbar_end=0.670 occ_end=0.256 CSR_train=0.000 done_count=125
[Gate5 check] update_counter violations: t0=0 diffs=0
[Gate5 check] opt_step violations: t0=0 diffs=0 (expected_inc=16)
[Gate5 check] NaN masking: nan_on_skip=True finite_on_update=True
[Gate5 summary] mean_update_fraction=0.0400 final_executed_updates_mean=5.00
[Gate5 eval] done_count mean=100.0 CSR mean=0.0000 len_end_mean=26.00
[Gate5 eval] episodes_per_env=4 T_eval=104
[Gate5 eval-debug] locked_eps_occ=0.20 pre(step25): dbar_end=0.544663 occupied_end_mean=0.280000 max_tilde_end_mean=0.783649 CSR@locked=0.000000
[Gate5 eval-debug] locked_eps_occ=0.20 post(step26): dbar_end=0.539649 occupied_end_mean=0.300000 max_tilde_end_mean=0.776679 CSR@locked=0.000000
[Gate5 eval-debug] CSR_pre@0.10=0.0000 CSR_pre@0.15=0.0000 CSR_pre@0.20=0.0000 CSR_pre@0.25=0.0000 CSR_pre@0.30=0.0100
[Gate5 eval-debug] CSR_post@0.10=0.0000 CSR_post@0.15=0.0000 CSR_post@0.20=0.0000 CSR_post@0.25=0.0100 CSR_post@0.30=0.0100
