Importing submoduled environments...
Submoduled environments not found. Skipping import.
[upd 0] u=1 upd_ctr=1 opt_step=16 E=0.087 g=0.093 VarTD=0.145852 ret_end=-27.154 dbar_end=0.757 occ_end=0.170 CSR_train=0.000 done_count=100
[upd 10] u=0 upd_ctr=1 opt_step=16 E=0.457 g=0.084 VarTD=0.153180 ret_end=-27.639 dbar_end=0.787 occ_end=0.144 CSR_train=0.008 done_count=125
[upd 20] u=0 upd_ctr=1 opt_step=16 E=0.834 g=0.095 VarTD=0.155754 ret_end=-27.101 dbar_end=0.751 occ_end=0.208 CSR_train=0.000 done_count=125
[upd 30] u=0 upd_ctr=2 opt_step=32 E=0.252 g=0.093 VarTD=0.144054 ret_end=-26.960 dbar_end=0.758 occ_end=0.136 CSR_train=0.000 done_count=125
[upd 40] u=0 upd_ctr=2 opt_step=32 E=0.647 g=0.086 VarTD=0.159443 ret_end=-27.836 dbar_end=0.781 occ_end=0.104 CSR_train=0.000 done_count=125
[upd 50] u=0 upd_ctr=3 opt_step=48 E=0.082 g=0.103 VarTD=0.165477 ret_end=-27.057 dbar_end=0.725 occ_end=0.192 CSR_train=0.000 done_count=125
[upd 60] u=0 upd_ctr=3 opt_step=48 E=0.491 g=0.107 VarTD=0.147832 ret_end=-26.278 dbar_end=0.713 occ_end=0.200 CSR_train=0.000 done_count=125
[upd 70] u=0 upd_ctr=3 opt_step=48 E=0.893 g=0.090 VarTD=0.167141 ret_end=-28.138 dbar_end=0.767 occ_end=0.168 CSR_train=0.000 done_count=125
[upd 80] u=0 upd_ctr=4 opt_step=64 E=0.348 g=0.098 VarTD=0.143549 ret_end=-26.970 dbar_end=0.740 occ_end=0.200 CSR_train=0.000 done_count=125
[upd 90] u=0 upd_ctr=4 opt_step=64 E=0.752 g=0.107 VarTD=0.142595 ret_end=-26.962 dbar_end=0.710 occ_end=0.200 CSR_train=0.000 done_count=125
[upd 100] u=0 upd_ctr=5 opt_step=80 E=0.216 g=0.117 VarTD=0.129017 ret_end=-25.898 dbar_end=0.683 occ_end=0.152 CSR_train=0.000 done_count=125
[upd 110] u=0 upd_ctr=5 opt_step=80 E=0.629 g=0.105 VarTD=0.166901 ret_end=-26.220 dbar_end=0.719 occ_end=0.208 CSR_train=0.000 done_count=125
[upd 120] u=0 upd_ctr=6 opt_step=96 E=0.093 g=0.104 VarTD=0.133733 ret_end=-26.434 dbar_end=0.721 occ_end=0.168 CSR_train=0.000 done_count=125
[upd 130] u=0 upd_ctr=6 opt_step=96 E=0.566 g=0.129 VarTD=0.136365 ret_end=-25.126 dbar_end=0.653 occ_end=0.230 CSR_train=0.000 done_count=100
[upd 140] u=1 upd_ctr=7 opt_step=112 E=0.059 g=0.114 VarTD=0.139362 ret_end=-26.094 dbar_end=0.692 occ_end=0.264 CSR_train=0.000 done_count=125
[upd 150] u=0 upd_ctr=7 opt_step=112 E=0.539 g=0.132 VarTD=0.148591 ret_end=-25.410 dbar_end=0.644 occ_end=0.224 CSR_train=0.000 done_count=125
[upd 160] u=1 upd_ctr=8 opt_step=128 E=0.067 g=0.125 VarTD=0.146078 ret_end=-25.302 dbar_end=0.661 occ_end=0.232 CSR_train=0.000 done_count=125
[upd 170] u=0 upd_ctr=8 opt_step=128 E=0.589 g=0.140 VarTD=0.142871 ret_end=-24.768 dbar_end=0.627 occ_end=0.192 CSR_train=0.000 done_count=125
[upd 180] u=0 upd_ctr=9 opt_step=144 E=0.152 g=0.129 VarTD=0.159665 ret_end=-25.688 dbar_end=0.653 occ_end=0.144 CSR_train=0.000 done_count=125
[upd 190] u=0 upd_ctr=9 opt_step=144 E=0.661 g=0.137 VarTD=0.170166 ret_end=-25.125 dbar_end=0.633 occ_end=0.216 CSR_train=0.000 done_count=125
[upd 200] u=0 upd_ctr=10 opt_step=160 E=0.218 g=0.125 VarTD=0.155059 ret_end=-26.244 dbar_end=0.663 occ_end=0.184 CSR_train=0.000 done_count=125
[upd 210] u=0 upd_ctr=10 opt_step=160 E=0.750 g=0.118 VarTD=0.181031 ret_end=-26.426 dbar_end=0.682 occ_end=0.144 CSR_train=0.000 done_count=125
[upd 220] u=0 upd_ctr=11 opt_step=176 E=0.325 g=0.137 VarTD=0.192180 ret_end=-25.566 dbar_end=0.634 occ_end=0.208 CSR_train=0.000 done_count=125
[upd 230] u=0 upd_ctr=11 opt_step=176 E=0.865 g=0.140 VarTD=0.189748 ret_end=-25.651 dbar_end=0.626 occ_end=0.288 CSR_train=0.008 done_count=125
[upd 240] u=0 upd_ctr=12 opt_step=192 E=0.446 g=0.121 VarTD=0.202254 ret_end=-26.923 dbar_end=0.673 occ_end=0.224 CSR_train=0.000 done_count=125
[upd 250] u=0 upd_ctr=12 opt_step=192 E=0.973 g=0.138 VarTD=0.200450 ret_end=-25.844 dbar_end=0.631 occ_end=0.272 CSR_train=0.000 done_count=125
[upd 260] u=0 upd_ctr=13 opt_step=208 E=0.557 g=0.131 VarTD=0.221124 ret_end=-26.181 dbar_end=0.648 occ_end=0.130 CSR_train=0.000 done_count=100
[upd 270] u=0 upd_ctr=14 opt_step=224 E=0.137 g=0.133 VarTD=0.256626 ret_end=-26.075 dbar_end=0.642 occ_end=0.208 CSR_train=0.000 done_count=125
[upd 280] u=0 upd_ctr=14 opt_step=224 E=0.698 g=0.149 VarTD=0.248760 ret_end=-24.640 dbar_end=0.607 occ_end=0.256 CSR_train=0.000 done_count=125
[upd 290] u=0 upd_ctr=15 opt_step=240 E=0.285 g=0.137 VarTD=0.283401 ret_end=-25.030 dbar_end=0.634 occ_end=0.304 CSR_train=0.000 done_count=125
[upd 300] u=0 upd_ctr=15 opt_step=240 E=0.852 g=0.145 VarTD=0.286272 ret_end=-24.430 dbar_end=0.615 occ_end=0.312 CSR_train=0.000 done_count=125
[upd 310] u=0 upd_ctr=16 opt_step=256 E=0.450 g=0.136 VarTD=0.347331 ret_end=-25.025 dbar_end=0.635 occ_end=0.264 CSR_train=0.000 done_count=125
[Gate5 check] update_counter violations: t0=0 diffs=0
[Gate5 check] opt_step violations: t0=0 diffs=0 (expected_inc=16)
[Gate5 check] NaN masking: nan_on_skip=True finite_on_update=True
[Gate5 summary] mean_update_fraction=0.0513 final_executed_updates_mean=16.00
[Gate5 eval] done_count mean=100.0 CSR mean=0.0000 len_end_mean=26.00
[Gate5 eval] episodes_per_env=4 T_eval=104
[Gate5 eval-debug] locked_eps_occ=0.20 pre(step25): dbar_end=0.575357 occupied_end_mean=0.300000 max_tilde_end_mean=0.830275 CSR@locked=0.000000
[Gate5 eval-debug] locked_eps_occ=0.20 post(step26): dbar_end=0.572345 occupied_end_mean=0.290000 max_tilde_end_mean=0.829083 CSR@locked=0.000000
[Gate5 eval-debug] CSR_pre@0.10=0.0000 CSR_pre@0.15=0.0000 CSR_pre@0.20=0.0000 CSR_pre@0.25=0.0000 CSR_pre@0.30=0.0000
[Gate5 eval-debug] CSR_post@0.10=0.0000 CSR_post@0.15=0.0000 CSR_post@0.20=0.0000 CSR_post@0.25=0.0000 CSR_post@0.30=0.0000
