Importing submoduled environments...
Submoduled environments not found. Skipping import.
[upd 0] u=1 upd_ctr=1 opt_step=16 E=0.129 g=0.079 VarTD=0.177244 ret_end=-28.332 dbar_end=0.807 occ_end=0.140 CSR_train=0.000 done_count=100
[upd 10] u=1 upd_ctr=2 opt_step=32 E=0.112 g=0.093 VarTD=0.147298 ret_end=-27.080 dbar_end=0.756 occ_end=0.144 CSR_train=0.000 done_count=125
[upd 20] u=1 upd_ctr=3 opt_step=48 E=0.142 g=0.092 VarTD=0.154809 ret_end=-27.615 dbar_end=0.759 occ_end=0.176 CSR_train=0.000 done_count=125
[upd 30] u=0 upd_ctr=4 opt_step=64 E=0.251 g=0.119 VarTD=0.161826 ret_end=-26.364 dbar_end=0.679 occ_end=0.216 CSR_train=0.000 done_count=125
[upd 40] u=0 upd_ctr=5 opt_step=80 E=0.385 g=0.109 VarTD=0.135069 ret_end=-26.657 dbar_end=0.707 occ_end=0.184 CSR_train=0.000 done_count=125
[upd 50] u=0 upd_ctr=6 opt_step=96 E=0.503 g=0.108 VarTD=0.130925 ret_end=-26.270 dbar_end=0.710 occ_end=0.224 CSR_train=0.000 done_count=125
[upd 60] u=0 upd_ctr=7 opt_step=112 E=0.628 g=0.113 VarTD=0.143183 ret_end=-26.242 dbar_end=0.693 occ_end=0.192 CSR_train=0.000 done_count=125
[upd 70] u=0 upd_ctr=8 opt_step=128 E=0.839 g=0.112 VarTD=0.175700 ret_end=-27.518 dbar_end=0.698 occ_end=0.120 CSR_train=0.000 done_count=125
[upd 80] u=0 upd_ctr=9 opt_step=144 E=1.000 g=0.121 VarTD=0.174498 ret_end=-26.144 dbar_end=0.672 occ_end=0.200 CSR_train=0.000 done_count=125
[upd 90] u=0 upd_ctr=11 opt_step=176 E=0.300 g=0.128 VarTD=0.176318 ret_end=-25.099 dbar_end=0.654 occ_end=0.232 CSR_train=0.000 done_count=125
[upd 100] u=0 upd_ctr=12 opt_step=192 E=0.572 g=0.129 VarTD=0.197149 ret_end=-25.571 dbar_end=0.652 occ_end=0.248 CSR_train=0.000 done_count=125
[upd 110] u=0 upd_ctr=13 opt_step=208 E=0.902 g=0.116 VarTD=0.204719 ret_end=-26.357 dbar_end=0.687 occ_end=0.192 CSR_train=0.000 done_count=125
[upd 120] u=0 upd_ctr=15 opt_step=240 E=0.335 g=0.150 VarTD=0.303305 ret_end=-25.462 dbar_end=0.605 occ_end=0.216 CSR_train=0.008 done_count=125
[upd 130] u=0 upd_ctr=16 opt_step=256 E=0.701 g=0.129 VarTD=0.277492 ret_end=-25.904 dbar_end=0.652 occ_end=0.150 CSR_train=0.000 done_count=100
[upd 140] u=1 upd_ctr=18 opt_step=288 E=0.187 g=0.137 VarTD=0.374872 ret_end=-25.646 dbar_end=0.634 occ_end=0.176 CSR_train=0.000 done_count=125
[upd 150] u=0 upd_ctr=19 opt_step=304 E=0.649 g=0.147 VarTD=0.520417 ret_end=-25.534 dbar_end=0.610 occ_end=0.272 CSR_train=0.000 done_count=125
[upd 160] u=1 upd_ctr=21 opt_step=336 E=0.183 g=0.133 VarTD=0.590629 ret_end=-24.470 dbar_end=0.643 occ_end=0.232 CSR_train=0.000 done_count=125
[upd 170] u=0 upd_ctr=22 opt_step=352 E=0.774 g=0.136 VarTD=0.725511 ret_end=-25.039 dbar_end=0.636 occ_end=0.200 CSR_train=0.000 done_count=125
[upd 180] u=0 upd_ctr=24 opt_step=384 E=0.299 g=0.157 VarTD=0.975632 ret_end=-23.469 dbar_end=0.589 occ_end=0.344 CSR_train=0.000 done_count=125
[upd 190] u=0 upd_ctr=25 opt_step=400 E=0.849 g=0.166 VarTD=1.102523 ret_end=-23.620 dbar_end=0.571 occ_end=0.304 CSR_train=0.000 done_count=125
[upd 200] u=0 upd_ctr=27 opt_step=432 E=0.533 g=0.164 VarTD=1.313025 ret_end=-23.611 dbar_end=0.576 occ_end=0.192 CSR_train=0.000 done_count=125
[upd 210] u=1 upd_ctr=29 opt_step=464 E=0.207 g=0.157 VarTD=1.446944 ret_end=-24.438 dbar_end=0.590 occ_end=0.248 CSR_train=0.000 done_count=125
[upd 220] u=0 upd_ctr=30 opt_step=480 E=0.886 g=0.156 VarTD=1.798895 ret_end=-24.223 dbar_end=0.592 occ_end=0.192 CSR_train=0.000 done_count=125
[upd 230] u=0 upd_ctr=32 opt_step=512 E=0.566 g=0.171 VarTD=2.140054 ret_end=-24.052 dbar_end=0.562 occ_end=0.312 CSR_train=0.008 done_count=125
[upd 240] u=1 upd_ctr=34 opt_step=544 E=0.213 g=0.163 VarTD=2.312888 ret_end=-24.330 dbar_end=0.577 occ_end=0.264 CSR_train=0.000 done_count=125
[upd 250] u=0 upd_ctr=35 opt_step=560 E=0.887 g=0.159 VarTD=2.581649 ret_end=-24.232 dbar_end=0.586 occ_end=0.240 CSR_train=0.000 done_count=125
[upd 260] u=0 upd_ctr=37 opt_step=592 E=0.559 g=0.164 VarTD=2.429461 ret_end=-24.266 dbar_end=0.577 occ_end=0.290 CSR_train=0.000 done_count=100
[upd 270] u=1 upd_ctr=39 opt_step=624 E=0.220 g=0.170 VarTD=3.057741 ret_end=-23.149 dbar_end=0.565 occ_end=0.272 CSR_train=0.000 done_count=125
[upd 280] u=0 upd_ctr=40 opt_step=640 E=0.917 g=0.175 VarTD=3.468760 ret_end=-23.217 dbar_end=0.555 occ_end=0.304 CSR_train=0.000 done_count=125
[upd 290] u=0 upd_ctr=42 opt_step=672 E=0.567 g=0.176 VarTD=3.833529 ret_end=-23.114 dbar_end=0.552 occ_end=0.312 CSR_train=0.000 done_count=125
[upd 300] u=1 upd_ctr=44 opt_step=704 E=0.211 g=0.161 VarTD=3.916879 ret_end=-23.973 dbar_end=0.582 occ_end=0.312 CSR_train=0.008 done_count=125
[upd 310] u=0 upd_ctr=45 opt_step=720 E=0.930 g=0.180 VarTD=4.362441 ret_end=-23.612 dbar_end=0.547 occ_end=0.376 CSR_train=0.016 done_count=125
[Gate5 check] update_counter violations: t0=0 diffs=0
[Gate5 check] opt_step violations: t0=0 diffs=0 (expected_inc=16)
[Gate5 check] NaN masking: nan_on_skip=True finite_on_update=True
[Gate5 summary] mean_update_fraction=0.1442 final_executed_updates_mean=45.00
[Gate5 eval] done_count mean=100.0 CSR mean=0.0000 len_end_mean=26.00
[Gate5 eval] episodes_per_env=4 T_eval=104
[Gate5 eval-debug] locked_eps_occ=0.20 pre(step25): dbar_end=0.477002 occupied_end_mean=0.320000 max_tilde_end_mean=0.682346 CSR@locked=0.000000
[Gate5 eval-debug] locked_eps_occ=0.20 post(step26): dbar_end=0.476290 occupied_end_mean=0.400000 max_tilde_end_mean=0.678921 CSR@locked=0.000000
[Gate5 eval-debug] CSR_pre@0.10=0.0000 CSR_pre@0.15=0.0000 CSR_pre@0.20=0.0000 CSR_pre@0.25=0.0200 CSR_pre@0.30=0.0500
[Gate5 eval-debug] CSR_post@0.10=0.0000 CSR_post@0.15=0.0000 CSR_post@0.20=0.0000 CSR_post@0.25=0.0100 CSR_post@0.30=0.0400
