Importing submoduled environments...
Submoduled environments not found. Skipping import.
[upd 0] u=1 upd_ctr=1 opt_step=16 E=0.154 g=0.090 VarTD=0.142063 ret_end=-26.625 dbar_end=0.768 occ_end=0.090 CSR_train=0.000 done_count=100
[upd 10] u=0 upd_ctr=1 opt_step=16 E=0.727 g=0.103 VarTD=0.114452 ret_end=-26.589 dbar_end=0.723 occ_end=0.104 CSR_train=0.000 done_count=125
[upd 20] u=0 upd_ctr=2 opt_step=32 E=0.410 g=0.101 VarTD=0.164662 ret_end=-26.875 dbar_end=0.730 occ_end=0.112 CSR_train=0.000 done_count=125
[upd 30] u=1 upd_ctr=3 opt_step=48 E=0.116 g=0.093 VarTD=0.156600 ret_end=-28.173 dbar_end=0.756 occ_end=0.168 CSR_train=0.000 done_count=125
[upd 40] u=0 upd_ctr=3 opt_step=48 E=0.734 g=0.099 VarTD=0.137864 ret_end=-26.575 dbar_end=0.736 occ_end=0.160 CSR_train=0.000 done_count=125
[upd 50] u=0 upd_ctr=4 opt_step=64 E=0.498 g=0.109 VarTD=0.143365 ret_end=-26.382 dbar_end=0.707 occ_end=0.224 CSR_train=0.000 done_count=125
[upd 60] u=0 upd_ctr=5 opt_step=80 E=0.255 g=0.104 VarTD=0.137462 ret_end=-26.045 dbar_end=0.719 occ_end=0.176 CSR_train=0.000 done_count=125
[upd 70] u=0 upd_ctr=5 opt_step=80 E=0.916 g=0.113 VarTD=0.114244 ret_end=-25.326 dbar_end=0.693 occ_end=0.184 CSR_train=0.000 done_count=125
[upd 80] u=0 upd_ctr=6 opt_step=96 E=0.738 g=0.118 VarTD=0.169743 ret_end=-26.200 dbar_end=0.680 occ_end=0.176 CSR_train=0.000 done_count=125
[upd 90] u=0 upd_ctr=7 opt_step=112 E=0.563 g=0.124 VarTD=0.136834 ret_end=-26.052 dbar_end=0.664 occ_end=0.208 CSR_train=0.000 done_count=125
[upd 100] u=0 upd_ctr=8 opt_step=128 E=0.434 g=0.127 VarTD=0.142715 ret_end=-25.938 dbar_end=0.656 occ_end=0.200 CSR_train=0.000 done_count=125
[upd 110] u=0 upd_ctr=9 opt_step=144 E=0.331 g=0.126 VarTD=0.177053 ret_end=-26.348 dbar_end=0.660 occ_end=0.216 CSR_train=0.000 done_count=125
[upd 120] u=0 upd_ctr=10 opt_step=160 E=0.239 g=0.129 VarTD=0.170284 ret_end=-25.240 dbar_end=0.653 occ_end=0.168 CSR_train=0.000 done_count=125
[upd 130] u=0 upd_ctr=11 opt_step=176 E=0.203 g=0.149 VarTD=0.159065 ret_end=-24.670 dbar_end=0.607 occ_end=0.220 CSR_train=0.000 done_count=100
[upd 140] u=1 upd_ctr=12 opt_step=192 E=0.162 g=0.141 VarTD=0.184040 ret_end=-24.274 dbar_end=0.624 occ_end=0.248 CSR_train=0.008 done_count=125
[upd 150] u=1 upd_ctr=13 opt_step=208 E=0.151 g=0.143 VarTD=0.182274 ret_end=-24.869 dbar_end=0.620 occ_end=0.144 CSR_train=0.000 done_count=125
[upd 160] u=0 upd_ctr=14 opt_step=224 E=0.199 g=0.156 VarTD=0.250796 ret_end=-24.827 dbar_end=0.592 occ_end=0.280 CSR_train=0.000 done_count=125
[upd 170] u=0 upd_ctr=15 opt_step=240 E=0.228 g=0.162 VarTD=0.302264 ret_end=-24.134 dbar_end=0.581 occ_end=0.312 CSR_train=0.000 done_count=125
[upd 180] u=0 upd_ctr=16 opt_step=256 E=0.287 g=0.160 VarTD=0.316807 ret_end=-24.532 dbar_end=0.583 occ_end=0.248 CSR_train=0.000 done_count=125
[upd 190] u=0 upd_ctr=17 opt_step=272 E=0.350 g=0.158 VarTD=0.400873 ret_end=-24.607 dbar_end=0.588 occ_end=0.264 CSR_train=0.000 done_count=125
[upd 200] u=0 upd_ctr=18 opt_step=288 E=0.396 g=0.159 VarTD=0.463403 ret_end=-23.937 dbar_end=0.586 occ_end=0.264 CSR_train=0.000 done_count=125
[upd 210] u=0 upd_ctr=19 opt_step=304 E=0.463 g=0.148 VarTD=0.532361 ret_end=-25.727 dbar_end=0.608 occ_end=0.312 CSR_train=0.000 done_count=125
[upd 220] u=0 upd_ctr=20 opt_step=320 E=0.545 g=0.167 VarTD=0.612568 ret_end=-24.501 dbar_end=0.570 occ_end=0.288 CSR_train=0.000 done_count=125
[upd 230] u=0 upd_ctr=21 opt_step=336 E=0.623 g=0.174 VarTD=0.721959 ret_end=-23.095 dbar_end=0.557 occ_end=0.256 CSR_train=0.000 done_count=125
[upd 240] u=0 upd_ctr=22 opt_step=352 E=0.722 g=0.174 VarTD=0.833362 ret_end=-23.486 dbar_end=0.556 occ_end=0.248 CSR_train=0.000 done_count=125
[upd 250] u=0 upd_ctr=23 opt_step=368 E=0.816 g=0.172 VarTD=0.930103 ret_end=-23.869 dbar_end=0.560 occ_end=0.256 CSR_train=0.000 done_count=125
[upd 260] u=0 upd_ctr=24 opt_step=384 E=0.943 g=0.170 VarTD=0.847554 ret_end=-24.205 dbar_end=0.565 occ_end=0.250 CSR_train=0.000 done_count=100
[upd 270] u=1 upd_ctr=26 opt_step=416 E=0.158 g=0.175 VarTD=1.154552 ret_end=-23.202 dbar_end=0.554 occ_end=0.256 CSR_train=0.000 done_count=125
[upd 280] u=0 upd_ctr=27 opt_step=432 E=0.309 g=0.172 VarTD=1.431893 ret_end=-23.478 dbar_end=0.561 occ_end=0.296 CSR_train=0.008 done_count=125
[upd 290] u=0 upd_ctr=28 opt_step=448 E=0.432 g=0.173 VarTD=1.561615 ret_end=-23.009 dbar_end=0.558 occ_end=0.280 CSR_train=0.000 done_count=125
[upd 300] u=0 upd_ctr=29 opt_step=464 E=0.566 g=0.171 VarTD=1.696571 ret_end=-23.553 dbar_end=0.562 occ_end=0.216 CSR_train=0.000 done_count=125
[upd 310] u=0 upd_ctr=30 opt_step=480 E=0.721 g=0.168 VarTD=1.833215 ret_end=-24.134 dbar_end=0.568 occ_end=0.320 CSR_train=0.000 done_count=125
[Gate5 check] update_counter violations: t0=0 diffs=0
[Gate5 check] opt_step violations: t0=0 diffs=0 (expected_inc=16)
[Gate5 check] NaN masking: nan_on_skip=True finite_on_update=True
[Gate5 summary] mean_update_fraction=0.0962 final_executed_updates_mean=30.00
[Gate5 eval] done_count mean=100.0 CSR mean=0.0000 len_end_mean=26.00
[Gate5 eval] episodes_per_env=4 T_eval=104
[Gate5 eval-debug] locked_eps_occ=0.20 pre(step25): dbar_end=0.474651 occupied_end_mean=0.420000 max_tilde_end_mean=0.658775 CSR@locked=0.000000
[Gate5 eval-debug] locked_eps_occ=0.20 post(step26): dbar_end=0.475993 occupied_end_mean=0.340000 max_tilde_end_mean=0.651039 CSR@locked=0.000000
[Gate5 eval-debug] CSR_pre@0.10=0.0000 CSR_pre@0.15=0.0000 CSR_pre@0.20=0.0000 CSR_pre@0.25=0.0000 CSR_pre@0.30=0.0400
[Gate5 eval-debug] CSR_post@0.10=0.0000 CSR_post@0.15=0.0000 CSR_post@0.20=0.0000 CSR_post@0.25=0.0000 CSR_post@0.30=0.0200
