Importing submoduled environments...
Submoduled environments not found. Skipping import.
[upd 0] u=1 upd_ctr=1 opt_step=16 E=0.074 g=0.082 VarTD=0.214117 ret_end=-27.772 dbar_end=0.796 occ_end=0.070 CSR_train=0.000 done_count=100
[upd 10] u=0 upd_ctr=1 opt_step=16 E=0.908 g=0.092 VarTD=0.178600 ret_end=-26.630 dbar_end=0.760 occ_end=0.136 CSR_train=0.000 done_count=125
[upd 20] u=0 upd_ctr=2 opt_step=32 E=0.697 g=0.106 VarTD=0.148465 ret_end=-27.292 dbar_end=0.715 occ_end=0.144 CSR_train=0.000 done_count=125
[upd 30] u=0 upd_ctr=3 opt_step=48 E=0.531 g=0.097 VarTD=0.168302 ret_end=-26.902 dbar_end=0.742 occ_end=0.216 CSR_train=0.000 done_count=125
[upd 40] u=0 upd_ctr=4 opt_step=64 E=0.391 g=0.104 VarTD=0.143928 ret_end=-26.257 dbar_end=0.721 occ_end=0.144 CSR_train=0.000 done_count=125
[upd 50] u=0 upd_ctr=5 opt_step=80 E=0.300 g=0.114 VarTD=0.143819 ret_end=-26.419 dbar_end=0.693 occ_end=0.176 CSR_train=0.000 done_count=125
[upd 60] u=0 upd_ctr=6 opt_step=96 E=0.193 g=0.110 VarTD=0.160567 ret_end=-26.796 dbar_end=0.704 occ_end=0.200 CSR_train=0.000 done_count=125
[upd 70] u=0 upd_ctr=7 opt_step=112 E=0.189 g=0.108 VarTD=0.164974 ret_end=-26.012 dbar_end=0.710 occ_end=0.144 CSR_train=0.000 done_count=125
[upd 80] u=0 upd_ctr=8 opt_step=128 E=0.221 g=0.120 VarTD=0.155920 ret_end=-27.279 dbar_end=0.675 occ_end=0.248 CSR_train=0.000 done_count=125
[upd 90] u=0 upd_ctr=9 opt_step=144 E=0.337 g=0.112 VarTD=0.158300 ret_end=-26.244 dbar_end=0.696 occ_end=0.152 CSR_train=0.000 done_count=125
[upd 100] u=0 upd_ctr=10 opt_step=160 E=0.336 g=0.123 VarTD=0.165199 ret_end=-25.321 dbar_end=0.667 occ_end=0.224 CSR_train=0.000 done_count=125
[upd 110] u=0 upd_ctr=11 opt_step=176 E=0.440 g=0.130 VarTD=0.180137 ret_end=-25.721 dbar_end=0.650 occ_end=0.296 CSR_train=0.000 done_count=125
[upd 120] u=0 upd_ctr=12 opt_step=192 E=0.587 g=0.123 VarTD=0.218050 ret_end=-26.062 dbar_end=0.668 occ_end=0.208 CSR_train=0.000 done_count=125
[upd 130] u=0 upd_ctr=13 opt_step=208 E=0.732 g=0.133 VarTD=0.203892 ret_end=-24.649 dbar_end=0.643 occ_end=0.250 CSR_train=0.000 done_count=100
[upd 140] u=0 upd_ctr=14 opt_step=224 E=0.829 g=0.132 VarTD=0.271084 ret_end=-25.255 dbar_end=0.645 occ_end=0.200 CSR_train=0.000 done_count=125
[upd 150] u=0 upd_ctr=15 opt_step=240 E=1.000 g=0.155 VarTD=0.314096 ret_end=-24.072 dbar_end=0.594 occ_end=0.288 CSR_train=0.000 done_count=125
[upd 160] u=0 upd_ctr=17 opt_step=272 E=0.261 g=0.149 VarTD=0.424993 ret_end=-24.759 dbar_end=0.607 occ_end=0.240 CSR_train=0.000 done_count=125
[upd 170] u=0 upd_ctr=18 opt_step=288 E=0.516 g=0.141 VarTD=0.451805 ret_end=-24.869 dbar_end=0.624 occ_end=0.160 CSR_train=0.000 done_count=125
[upd 180] u=0 upd_ctr=19 opt_step=304 E=0.830 g=0.165 VarTD=0.510100 ret_end=-23.383 dbar_end=0.575 occ_end=0.304 CSR_train=0.000 done_count=125
[upd 190] u=0 upd_ctr=20 opt_step=320 E=1.000 g=0.162 VarTD=0.603833 ret_end=-24.335 dbar_end=0.580 occ_end=0.288 CSR_train=0.000 done_count=125
[upd 200] u=0 upd_ctr=22 opt_step=352 E=0.276 g=0.154 VarTD=0.810494 ret_end=-24.216 dbar_end=0.596 occ_end=0.256 CSR_train=0.000 done_count=125
[upd 210] u=0 upd_ctr=23 opt_step=368 E=0.558 g=0.158 VarTD=0.889125 ret_end=-24.469 dbar_end=0.588 occ_end=0.272 CSR_train=0.000 done_count=125
[upd 220] u=0 upd_ctr=24 opt_step=384 E=0.840 g=0.156 VarTD=0.999358 ret_end=-23.846 dbar_end=0.593 occ_end=0.216 CSR_train=0.000 done_count=125
[upd 230] u=0 upd_ctr=25 opt_step=400 E=1.000 g=0.148 VarTD=1.186338 ret_end=-24.575 dbar_end=0.608 occ_end=0.216 CSR_train=0.000 done_count=125
[upd 240] u=0 upd_ctr=27 opt_step=432 E=0.439 g=0.166 VarTD=1.457060 ret_end=-24.084 dbar_end=0.571 occ_end=0.240 CSR_train=0.000 done_count=125
[upd 250] u=0 upd_ctr=28 opt_step=448 E=0.844 g=0.161 VarTD=1.542115 ret_end=-23.779 dbar_end=0.582 occ_end=0.216 CSR_train=0.000 done_count=125
[upd 260] u=0 upd_ctr=29 opt_step=464 E=1.000 g=0.143 VarTD=1.383655 ret_end=-24.415 dbar_end=0.619 occ_end=0.310 CSR_train=0.000 done_count=100
[upd 270] u=0 upd_ctr=31 opt_step=496 E=0.434 g=0.166 VarTD=2.054337 ret_end=-24.503 dbar_end=0.573 occ_end=0.304 CSR_train=0.000 done_count=125
[upd 280] u=0 upd_ctr=32 opt_step=512 E=0.866 g=0.176 VarTD=2.191185 ret_end=-22.886 dbar_end=0.553 occ_end=0.328 CSR_train=0.000 done_count=125
[upd 290] u=0 upd_ctr=34 opt_step=544 E=0.286 g=0.154 VarTD=2.487955 ret_end=-24.918 dbar_end=0.595 occ_end=0.216 CSR_train=0.000 done_count=125
[upd 300] u=0 upd_ctr=35 opt_step=560 E=0.721 g=0.156 VarTD=2.734767 ret_end=-24.160 dbar_end=0.591 occ_end=0.264 CSR_train=0.000 done_count=125
[upd 310] u=1 upd_ctr=37 opt_step=592 E=0.147 g=0.164 VarTD=2.839272 ret_end=-24.103 dbar_end=0.577 occ_end=0.224 CSR_train=0.000 done_count=125
[Gate5 check] update_counter violations: t0=0 diffs=0
[Gate5 check] opt_step violations: t0=0 diffs=0 (expected_inc=16)
[Gate5 check] NaN masking: nan_on_skip=True finite_on_update=True
[Gate5 summary] mean_update_fraction=0.1186 final_executed_updates_mean=37.00
[Gate5 eval] done_count mean=100.0 CSR mean=0.0100 len_end_mean=26.00
[Gate5 eval] episodes_per_env=4 T_eval=104
[Gate5 eval-debug] locked_eps_occ=0.20 pre(step25): dbar_end=0.480821 occupied_end_mean=0.420000 max_tilde_end_mean=0.668862 CSR@locked=0.000000
[Gate5 eval-debug] locked_eps_occ=0.20 post(step26): dbar_end=0.479317 occupied_end_mean=0.480000 max_tilde_end_mean=0.671145 CSR@locked=0.010000
[Gate5 eval-debug] CSR_pre@0.10=0.0000 CSR_pre@0.15=0.0000 CSR_pre@0.20=0.0000 CSR_pre@0.25=0.0300 CSR_pre@0.30=0.0600
[Gate5 eval-debug] CSR_post@0.10=0.0000 CSR_post@0.15=0.0000 CSR_post@0.20=0.0100 CSR_post@0.25=0.0200 CSR_post@0.30=0.0300
