Importing submoduled environments...
Submoduled environments not found. Skipping import.
[upd 0] u=0 upd_ctr=0 opt_step=0 E=1.000 g=0.093 VarTD=0.145852 ret_end=-27.154 dbar_end=0.757 occ_end=0.170 CSR_train=0.000 done_count=100
[upd 10] u=0 upd_ctr=0 opt_step=0 E=1.000 g=0.083 VarTD=0.158062 ret_end=-27.795 dbar_end=0.792 occ_end=0.144 CSR_train=0.008 done_count=125
[upd 20] u=0 upd_ctr=0 opt_step=0 E=1.000 g=0.091 VarTD=0.162267 ret_end=-27.357 dbar_end=0.764 occ_end=0.192 CSR_train=0.000 done_count=125
[upd 30] u=0 upd_ctr=0 opt_step=0 E=1.000 g=0.086 VarTD=0.155450 ret_end=-27.536 dbar_end=0.782 occ_end=0.096 CSR_train=0.000 done_count=125
[upd 40] u=0 upd_ctr=0 opt_step=0 E=1.000 g=0.077 VarTD=0.181789 ret_end=-28.393 dbar_end=0.817 occ_end=0.096 CSR_train=0.000 done_count=125
[upd 50] u=0 upd_ctr=0 opt_step=0 E=1.000 g=0.097 VarTD=0.164228 ret_end=-27.296 dbar_end=0.744 occ_end=0.168 CSR_train=0.000 done_count=125
[upd 60] u=0 upd_ctr=0 opt_step=0 E=1.000 g=0.091 VarTD=0.166674 ret_end=-26.991 dbar_end=0.764 occ_end=0.192 CSR_train=0.000 done_count=125
[upd 70] u=0 upd_ctr=0 opt_step=0 E=1.000 g=0.079 VarTD=0.179383 ret_end=-28.900 dbar_end=0.808 occ_end=0.128 CSR_train=0.000 done_count=125
[upd 80] u=0 upd_ctr=0 opt_step=0 E=1.000 g=0.084 VarTD=0.152948 ret_end=-27.792 dbar_end=0.789 occ_end=0.176 CSR_train=0.000 done_count=125
[upd 90] u=0 upd_ctr=0 opt_step=0 E=1.000 g=0.089 VarTD=0.151201 ret_end=-27.823 dbar_end=0.770 occ_end=0.112 CSR_train=0.000 done_count=125
[upd 100] u=0 upd_ctr=0 opt_step=0 E=1.000 g=0.100 VarTD=0.134549 ret_end=-26.716 dbar_end=0.733 occ_end=0.144 CSR_train=0.000 done_count=125
[upd 110] u=0 upd_ctr=0 opt_step=0 E=1.000 g=0.089 VarTD=0.171900 ret_end=-27.371 dbar_end=0.772 occ_end=0.160 CSR_train=0.000 done_count=125
[upd 120] u=0 upd_ctr=0 opt_step=0 E=1.000 g=0.079 VarTD=0.158168 ret_end=-27.870 dbar_end=0.806 occ_end=0.128 CSR_train=0.000 done_count=125
[Gate5 check] update_counter violations: t0=0 diffs=0
[Gate5 check] opt_step violations: t0=0 diffs=0 (expected_inc=16)
[Gate5 check] NaN masking: nan_on_skip=True finite_on_update=True
[Gate5 summary] mean_update_fraction=0.0000 final_executed_updates_mean=0.00
[Gate5 eval] done_count mean=100.0 CSR mean=0.0000 len_end_mean=26.00
[Gate5 eval] episodes_per_env=4 T_eval=104
[Gate5 eval-debug] locked_eps_occ=0.20 pre(step25): dbar_end=1.665582 occupied_end_mean=0.070000 max_tilde_end_mean=2.063416 CSR@locked=0.000000
[Gate5 eval-debug] locked_eps_occ=0.20 post(step26): dbar_end=1.738216 occupied_end_mean=0.070000 max_tilde_end_mean=2.141794 CSR@locked=0.000000
[Gate5 eval-debug] CSR_pre@0.10=0.0000 CSR_pre@0.15=0.0000 CSR_pre@0.20=0.0000 CSR_pre@0.25=0.0000 CSR_pre@0.30=0.0000
[Gate5 eval-debug] CSR_post@0.10=0.0000 CSR_post@0.15=0.0000 CSR_post@0.20=0.0000 CSR_post@0.25=0.0000 CSR_post@0.30=0.0000
