Importing submoduled environments...
Submoduled environments not found. Skipping import.
[upd 0] u=1 upd_ctr=1 opt_step=16 E=0.048 g=0.096 VarTD=0.158273 ret_end=-27.822 dbar_end=0.748 occ_end=0.150 CSR_train=0.000 done_count=100
[upd 10] u=0 upd_ctr=1 opt_step=16 E=0.527 g=0.097 VarTD=0.181267 ret_end=-27.128 dbar_end=0.741 occ_end=0.144 CSR_train=0.000 done_count=125
[upd 20] u=0 upd_ctr=1 opt_step=16 E=1.000 g=0.093 VarTD=0.171953 ret_end=-27.458 dbar_end=0.756 occ_end=0.160 CSR_train=0.008 done_count=125
[upd 30] u=0 upd_ctr=2 opt_step=32 E=0.504 g=0.085 VarTD=0.180237 ret_end=-28.593 dbar_end=0.787 occ_end=0.080 CSR_train=0.000 done_count=125
[upd 40] u=0 upd_ctr=2 opt_step=32 E=1.000 g=0.100 VarTD=0.151493 ret_end=-27.405 dbar_end=0.735 occ_end=0.152 CSR_train=0.000 done_count=125
[upd 50] u=0 upd_ctr=3 opt_step=48 E=0.511 g=0.117 VarTD=0.143396 ret_end=-25.645 dbar_end=0.683 occ_end=0.176 CSR_train=0.000 done_count=125
[upd 60] u=0 upd_ctr=3 opt_step=48 E=1.000 g=0.100 VarTD=0.158396 ret_end=-27.023 dbar_end=0.733 occ_end=0.184 CSR_train=0.000 done_count=125
[upd 70] u=0 upd_ctr=4 opt_step=64 E=0.531 g=0.107 VarTD=0.198816 ret_end=-27.644 dbar_end=0.711 occ_end=0.232 CSR_train=0.000 done_count=125
[upd 80] u=1 upd_ctr=5 opt_step=80 E=0.060 g=0.119 VarTD=0.170929 ret_end=-25.809 dbar_end=0.678 occ_end=0.240 CSR_train=0.000 done_count=125
[upd 90] u=0 upd_ctr=5 opt_step=80 E=0.631 g=0.120 VarTD=0.149043 ret_end=-25.805 dbar_end=0.676 occ_end=0.160 CSR_train=0.000 done_count=125
[upd 100] u=0 upd_ctr=6 opt_step=96 E=0.175 g=0.121 VarTD=0.145597 ret_end=-26.231 dbar_end=0.671 occ_end=0.168 CSR_train=0.000 done_count=125
[upd 110] u=0 upd_ctr=6 opt_step=96 E=0.745 g=0.112 VarTD=0.163749 ret_end=-26.277 dbar_end=0.697 occ_end=0.216 CSR_train=0.000 done_count=125
[upd 120] u=0 upd_ctr=7 opt_step=112 E=0.285 g=0.104 VarTD=0.173649 ret_end=-27.216 dbar_end=0.721 occ_end=0.120 CSR_train=0.000 done_count=125
[upd 130] u=0 upd_ctr=7 opt_step=112 E=0.878 g=0.128 VarTD=0.136741 ret_end=-24.717 dbar_end=0.654 occ_end=0.310 CSR_train=0.000 done_count=100
[upd 140] u=0 upd_ctr=8 opt_step=128 E=0.436 g=0.128 VarTD=0.155206 ret_end=-25.898 dbar_end=0.654 occ_end=0.168 CSR_train=0.000 done_count=125
[upd 150] u=0 upd_ctr=8 opt_step=128 E=1.000 g=0.124 VarTD=0.151037 ret_end=-24.495 dbar_end=0.664 occ_end=0.176 CSR_train=0.000 done_count=125
[upd 160] u=0 upd_ctr=9 opt_step=144 E=0.634 g=0.128 VarTD=0.156668 ret_end=-25.570 dbar_end=0.655 occ_end=0.176 CSR_train=0.000 done_count=125
[upd 170] u=0 upd_ctr=10 opt_step=160 E=0.259 g=0.132 VarTD=0.154379 ret_end=-25.096 dbar_end=0.644 occ_end=0.224 CSR_train=0.000 done_count=125
[upd 180] u=0 upd_ctr=10 opt_step=160 E=0.903 g=0.124 VarTD=0.173177 ret_end=-26.515 dbar_end=0.664 occ_end=0.296 CSR_train=0.000 done_count=125
[upd 190] u=0 upd_ctr=11 opt_step=176 E=0.524 g=0.140 VarTD=0.154375 ret_end=-24.933 dbar_end=0.627 occ_end=0.208 CSR_train=0.000 done_count=125
[upd 200] u=0 upd_ctr=12 opt_step=192 E=0.139 g=0.141 VarTD=0.174810 ret_end=-24.530 dbar_end=0.623 occ_end=0.200 CSR_train=0.000 done_count=125
[upd 210] u=0 upd_ctr=12 opt_step=192 E=0.803 g=0.125 VarTD=0.203524 ret_end=-26.217 dbar_end=0.661 occ_end=0.144 CSR_train=0.000 done_count=125
[upd 220] u=0 upd_ctr=13 opt_step=208 E=0.412 g=0.141 VarTD=0.211159 ret_end=-24.935 dbar_end=0.623 occ_end=0.216 CSR_train=0.000 done_count=125
[upd 230] u=1 upd_ctr=14 opt_step=224 E=0.064 g=0.128 VarTD=0.204811 ret_end=-25.479 dbar_end=0.654 occ_end=0.200 CSR_train=0.000 done_count=125
[upd 240] u=0 upd_ctr=14 opt_step=224 E=0.785 g=0.154 VarTD=0.231494 ret_end=-25.057 dbar_end=0.596 occ_end=0.256 CSR_train=0.000 done_count=125
[upd 250] u=0 upd_ctr=15 opt_step=240 E=0.500 g=0.148 VarTD=0.277759 ret_end=-24.567 dbar_end=0.608 occ_end=0.192 CSR_train=0.008 done_count=125
[upd 260] u=0 upd_ctr=16 opt_step=256 E=0.212 g=0.157 VarTD=0.277560 ret_end=-24.392 dbar_end=0.590 occ_end=0.230 CSR_train=0.000 done_count=100
[upd 270] u=0 upd_ctr=16 opt_step=256 E=0.954 g=0.154 VarTD=0.330639 ret_end=-24.090 dbar_end=0.595 occ_end=0.288 CSR_train=0.000 done_count=125
[upd 280] u=0 upd_ctr=17 opt_step=272 E=0.683 g=0.155 VarTD=0.366732 ret_end=-24.758 dbar_end=0.594 occ_end=0.312 CSR_train=0.000 done_count=125
[upd 290] u=0 upd_ctr=18 opt_step=288 E=0.465 g=0.166 VarTD=0.430232 ret_end=-23.581 dbar_end=0.573 occ_end=0.272 CSR_train=0.000 done_count=125
[upd 300] u=0 upd_ctr=19 opt_step=304 E=0.237 g=0.162 VarTD=0.525229 ret_end=-24.563 dbar_end=0.580 occ_end=0.320 CSR_train=0.000 done_count=125
[upd 310] u=0 upd_ctr=19 opt_step=304 E=1.000 g=0.153 VarTD=0.500470 ret_end=-24.533 dbar_end=0.597 occ_end=0.232 CSR_train=0.000 done_count=125
[Gate5 check] update_counter violations: t0=0 diffs=0
[Gate5 check] opt_step violations: t0=0 diffs=0 (expected_inc=16)
[Gate5 check] NaN masking: nan_on_skip=True finite_on_update=True
[Gate5 summary] mean_update_fraction=0.0641 final_executed_updates_mean=20.00
[Gate5 eval] done_count mean=100.0 CSR mean=0.0000 len_end_mean=26.00
[Gate5 eval] episodes_per_env=4 T_eval=104
[Gate5 eval-debug] locked_eps_occ=0.20 pre(step25): dbar_end=0.499232 occupied_end_mean=0.300000 max_tilde_end_mean=0.694104 CSR@locked=0.000000
[Gate5 eval-debug] locked_eps_occ=0.20 post(step26): dbar_end=0.498182 occupied_end_mean=0.310000 max_tilde_end_mean=0.689877 CSR@locked=0.000000
[Gate5 eval-debug] CSR_pre@0.10=0.0000 CSR_pre@0.15=0.0000 CSR_pre@0.20=0.0000 CSR_pre@0.25=0.0000 CSR_pre@0.30=0.0300
[Gate5 eval-debug] CSR_post@0.10=0.0000 CSR_post@0.15=0.0000 CSR_post@0.20=0.0000 CSR_post@0.25=0.0000 CSR_post@0.30=0.0300
