Importing submoduled environments...
Submoduled environments not found. Skipping import.
[upd 0] u=1 upd_ctr=1 opt_step=16 E=0.058 g=0.083 VarTD=0.176951 ret_end=-28.473 dbar_end=0.794 occ_end=0.140 CSR_train=0.000 done_count=100
[upd 10] u=0 upd_ctr=1 opt_step=16 E=0.153 g=0.089 VarTD=0.152994 ret_end=-28.611 dbar_end=0.772 occ_end=0.104 CSR_train=0.000 done_count=125
[upd 20] u=0 upd_ctr=1 opt_step=16 E=0.247 g=0.093 VarTD=0.156211 ret_end=-27.741 dbar_end=0.758 occ_end=0.208 CSR_train=0.000 done_count=125
[upd 30] u=0 upd_ctr=1 opt_step=16 E=0.342 g=0.093 VarTD=0.150216 ret_end=-27.296 dbar_end=0.756 occ_end=0.128 CSR_train=0.000 done_count=125
[upd 40] u=0 upd_ctr=1 opt_step=16 E=0.432 g=0.094 VarTD=0.168255 ret_end=-27.164 dbar_end=0.754 occ_end=0.168 CSR_train=0.000 done_count=125
[upd 50] u=0 upd_ctr=1 opt_step=16 E=0.527 g=0.097 VarTD=0.174742 ret_end=-27.018 dbar_end=0.744 occ_end=0.104 CSR_train=0.000 done_count=125
[upd 60] u=0 upd_ctr=1 opt_step=16 E=0.621 g=0.099 VarTD=0.132800 ret_end=-26.969 dbar_end=0.736 occ_end=0.096 CSR_train=0.000 done_count=125
[upd 70] u=0 upd_ctr=1 opt_step=16 E=0.716 g=0.092 VarTD=0.163638 ret_end=-27.152 dbar_end=0.761 occ_end=0.176 CSR_train=0.000 done_count=125
[upd 80] u=0 upd_ctr=1 opt_step=16 E=0.812 g=0.096 VarTD=0.136775 ret_end=-27.653 dbar_end=0.745 occ_end=0.184 CSR_train=0.000 done_count=125
[upd 90] u=0 upd_ctr=1 opt_step=16 E=0.905 g=0.093 VarTD=0.136866 ret_end=-27.861 dbar_end=0.756 occ_end=0.152 CSR_train=0.000 done_count=125
[upd 100] u=0 upd_ctr=2 opt_step=32 E=0.047 g=0.097 VarTD=0.167182 ret_end=-27.253 dbar_end=0.743 occ_end=0.064 CSR_train=0.000 done_count=125
[upd 110] u=0 upd_ctr=2 opt_step=32 E=0.149 g=0.105 VarTD=0.147831 ret_end=-25.854 dbar_end=0.719 occ_end=0.112 CSR_train=0.000 done_count=125
[upd 120] u=0 upd_ctr=2 opt_step=32 E=0.246 g=0.099 VarTD=0.136427 ret_end=-26.131 dbar_end=0.735 occ_end=0.168 CSR_train=0.000 done_count=125
[upd 130] u=0 upd_ctr=2 opt_step=32 E=0.342 g=0.104 VarTD=0.139862 ret_end=-26.879 dbar_end=0.722 occ_end=0.230 CSR_train=0.000 done_count=100
[upd 140] u=0 upd_ctr=2 opt_step=32 E=0.439 g=0.084 VarTD=0.168978 ret_end=-27.909 dbar_end=0.787 occ_end=0.136 CSR_train=0.008 done_count=125
[upd 150] u=0 upd_ctr=2 opt_step=32 E=0.537 g=0.109 VarTD=0.134945 ret_end=-26.104 dbar_end=0.705 occ_end=0.184 CSR_train=0.000 done_count=125
[upd 160] u=0 upd_ctr=2 opt_step=32 E=0.636 g=0.107 VarTD=0.142350 ret_end=-26.413 dbar_end=0.711 occ_end=0.176 CSR_train=0.000 done_count=125
[upd 170] u=0 upd_ctr=2 opt_step=32 E=0.737 g=0.090 VarTD=0.153634 ret_end=-27.498 dbar_end=0.766 occ_end=0.144 CSR_train=0.000 done_count=125
[upd 180] u=0 upd_ctr=2 opt_step=32 E=0.834 g=0.096 VarTD=0.155074 ret_end=-27.679 dbar_end=0.748 occ_end=0.184 CSR_train=0.000 done_count=125
[upd 190] u=0 upd_ctr=2 opt_step=32 E=0.934 g=0.108 VarTD=0.145540 ret_end=-26.496 dbar_end=0.709 occ_end=0.168 CSR_train=0.000 done_count=125
[upd 200] u=0 upd_ctr=3 opt_step=48 E=0.087 g=0.101 VarTD=0.163979 ret_end=-27.510 dbar_end=0.730 occ_end=0.144 CSR_train=0.000 done_count=125
[upd 210] u=0 upd_ctr=3 opt_step=48 E=0.192 g=0.111 VarTD=0.142199 ret_end=-26.505 dbar_end=0.700 occ_end=0.200 CSR_train=0.000 done_count=125
[upd 220] u=0 upd_ctr=3 opt_step=48 E=0.295 g=0.117 VarTD=0.118250 ret_end=-25.442 dbar_end=0.683 occ_end=0.136 CSR_train=0.000 done_count=125
[upd 230] u=0 upd_ctr=3 opt_step=48 E=0.401 g=0.107 VarTD=0.123327 ret_end=-26.855 dbar_end=0.713 occ_end=0.208 CSR_train=0.000 done_count=125
[upd 240] u=0 upd_ctr=3 opt_step=48 E=0.503 g=0.115 VarTD=0.158154 ret_end=-26.169 dbar_end=0.687 occ_end=0.264 CSR_train=0.000 done_count=125
[upd 250] u=0 upd_ctr=3 opt_step=48 E=0.607 g=0.102 VarTD=0.156824 ret_end=-26.271 dbar_end=0.728 occ_end=0.176 CSR_train=0.000 done_count=125
[upd 260] u=0 upd_ctr=3 opt_step=48 E=0.709 g=0.097 VarTD=0.138961 ret_end=-27.727 dbar_end=0.742 occ_end=0.140 CSR_train=0.000 done_count=100
[upd 270] u=0 upd_ctr=3 opt_step=48 E=0.811 g=0.103 VarTD=0.147618 ret_end=-26.809 dbar_end=0.725 occ_end=0.240 CSR_train=0.000 done_count=125
[upd 280] u=0 upd_ctr=3 opt_step=48 E=0.915 g=0.104 VarTD=0.139025 ret_end=-26.605 dbar_end=0.721 occ_end=0.192 CSR_train=0.000 done_count=125
[upd 290] u=0 upd_ctr=4 opt_step=64 E=0.070 g=0.116 VarTD=0.138245 ret_end=-25.572 dbar_end=0.687 occ_end=0.192 CSR_train=0.000 done_count=125
[upd 300] u=0 upd_ctr=4 opt_step=64 E=0.179 g=0.120 VarTD=0.171967 ret_end=-25.898 dbar_end=0.676 occ_end=0.208 CSR_train=0.000 done_count=125
[upd 310] u=0 upd_ctr=4 opt_step=64 E=0.286 g=0.110 VarTD=0.163131 ret_end=-26.258 dbar_end=0.702 occ_end=0.136 CSR_train=0.000 done_count=125
[Gate5 check] update_counter violations: t0=0 diffs=0
[Gate5 check] opt_step violations: t0=0 diffs=0 (expected_inc=16)
[Gate5 check] NaN masking: nan_on_skip=True finite_on_update=True
[Gate5 summary] mean_update_fraction=0.0128 final_executed_updates_mean=4.00
[Gate5 eval] done_count mean=100.0 CSR mean=0.0000 len_end_mean=26.00
[Gate5 eval] episodes_per_env=4 T_eval=104
[Gate5 eval-debug] locked_eps_occ=0.20 pre(step25): dbar_end=0.629318 occupied_end_mean=0.320000 max_tilde_end_mean=0.935493 CSR@locked=0.000000
[Gate5 eval-debug] locked_eps_occ=0.20 post(step26): dbar_end=0.633216 occupied_end_mean=0.280000 max_tilde_end_mean=0.935692 CSR@locked=0.000000
[Gate5 eval-debug] CSR_pre@0.10=0.0000 CSR_pre@0.15=0.0000 CSR_pre@0.20=0.0000 CSR_pre@0.25=0.0000 CSR_pre@0.30=0.0000
[Gate5 eval-debug] CSR_post@0.10=0.0000 CSR_post@0.15=0.0000 CSR_post@0.20=0.0000 CSR_post@0.25=0.0000 CSR_post@0.30=0.0000
