Importing submoduled environments...
Submoduled environments not found. Skipping import.
[upd 0] u=1 upd_ctr=1 opt_step=16 E=0.105 g=0.105 VarTD=0.153100 ret_end=-26.906 dbar_end=0.718 occ_end=0.160 CSR_train=0.000 done_count=100
[upd 10] u=0 upd_ctr=1 opt_step=16 E=1.000 g=0.079 VarTD=0.158451 ret_end=-28.492 dbar_end=0.807 occ_end=0.088 CSR_train=0.000 done_count=125
[upd 20] u=0 upd_ctr=2 opt_step=32 E=1.000 g=0.102 VarTD=0.133908 ret_end=-26.458 dbar_end=0.726 occ_end=0.200 CSR_train=0.000 done_count=125
[upd 30] u=0 upd_ctr=3 opt_step=48 E=1.000 g=0.107 VarTD=0.151977 ret_end=-26.995 dbar_end=0.711 occ_end=0.192 CSR_train=0.000 done_count=125
[upd 40] u=0 upd_ctr=4 opt_step=64 E=1.000 g=0.103 VarTD=0.133637 ret_end=-27.548 dbar_end=0.723 occ_end=0.152 CSR_train=0.000 done_count=125
[upd 50] u=1 upd_ctr=6 opt_step=96 E=0.108 g=0.108 VarTD=0.133212 ret_end=-27.259 dbar_end=0.709 occ_end=0.192 CSR_train=0.000 done_count=125
[upd 60] u=0 upd_ctr=7 opt_step=112 E=0.256 g=0.123 VarTD=0.135266 ret_end=-25.949 dbar_end=0.669 occ_end=0.256 CSR_train=0.000 done_count=125
[upd 70] u=0 upd_ctr=8 opt_step=128 E=0.561 g=0.147 VarTD=0.131106 ret_end=-24.593 dbar_end=0.610 occ_end=0.272 CSR_train=0.000 done_count=125
[upd 80] u=0 upd_ctr=9 opt_step=144 E=0.820 g=0.158 VarTD=0.121255 ret_end=-23.533 dbar_end=0.588 occ_end=0.264 CSR_train=0.008 done_count=125
[upd 90] u=0 upd_ctr=10 opt_step=160 E=1.000 g=0.139 VarTD=0.152810 ret_end=-24.236 dbar_end=0.629 occ_end=0.192 CSR_train=0.000 done_count=125
[upd 100] u=0 upd_ctr=12 opt_step=192 E=0.289 g=0.142 VarTD=0.192032 ret_end=-25.558 dbar_end=0.621 occ_end=0.248 CSR_train=0.000 done_count=125
[upd 110] u=0 upd_ctr=13 opt_step=208 E=0.740 g=0.152 VarTD=0.202655 ret_end=-24.279 dbar_end=0.601 occ_end=0.208 CSR_train=0.000 done_count=125
[upd 120] u=0 upd_ctr=14 opt_step=224 E=1.000 g=0.132 VarTD=0.250391 ret_end=-25.751 dbar_end=0.644 occ_end=0.248 CSR_train=0.000 done_count=125
[upd 130] u=0 upd_ctr=16 opt_step=256 E=0.419 g=0.147 VarTD=0.300773 ret_end=-24.364 dbar_end=0.610 occ_end=0.200 CSR_train=0.000 done_count=100
[upd 140] u=0 upd_ctr=17 opt_step=272 E=0.924 g=0.167 VarTD=0.418407 ret_end=-24.031 dbar_end=0.570 occ_end=0.320 CSR_train=0.000 done_count=125
[upd 150] u=0 upd_ctr=19 opt_step=304 E=0.305 g=0.143 VarTD=0.565551 ret_end=-24.848 dbar_end=0.619 occ_end=0.280 CSR_train=0.000 done_count=125
[upd 160] u=0 upd_ctr=20 opt_step=320 E=0.764 g=0.162 VarTD=0.629835 ret_end=-23.924 dbar_end=0.579 occ_end=0.280 CSR_train=0.000 done_count=125
[upd 170] u=1 upd_ctr=22 opt_step=352 E=0.153 g=0.153 VarTD=0.730028 ret_end=-24.511 dbar_end=0.598 occ_end=0.216 CSR_train=0.000 done_count=125
[upd 180] u=0 upd_ctr=23 opt_step=368 E=0.654 g=0.168 VarTD=0.952509 ret_end=-24.056 dbar_end=0.568 occ_end=0.248 CSR_train=0.000 done_count=125
[upd 190] u=0 upd_ctr=24 opt_step=384 E=1.000 g=0.170 VarTD=1.100091 ret_end=-24.193 dbar_end=0.564 occ_end=0.280 CSR_train=0.000 done_count=125
[upd 200] u=0 upd_ctr=26 opt_step=416 E=0.449 g=0.149 VarTD=1.306121 ret_end=-24.631 dbar_end=0.606 occ_end=0.232 CSR_train=0.000 done_count=125
[upd 210] u=0 upd_ctr=27 opt_step=432 E=0.983 g=0.165 VarTD=1.415597 ret_end=-23.660 dbar_end=0.574 occ_end=0.296 CSR_train=0.000 done_count=125
[upd 220] u=0 upd_ctr=29 opt_step=464 E=0.326 g=0.157 VarTD=1.762461 ret_end=-24.269 dbar_end=0.590 occ_end=0.256 CSR_train=0.008 done_count=125
[upd 230] u=0 upd_ctr=30 opt_step=480 E=0.829 g=0.171 VarTD=1.930847 ret_end=-23.718 dbar_end=0.563 occ_end=0.272 CSR_train=0.000 done_count=125
[upd 240] u=0 upd_ctr=32 opt_step=512 E=0.329 g=0.164 VarTD=2.233298 ret_end=-23.987 dbar_end=0.575 occ_end=0.344 CSR_train=0.016 done_count=125
[upd 250] u=0 upd_ctr=33 opt_step=528 E=0.861 g=0.166 VarTD=2.399910 ret_end=-23.019 dbar_end=0.573 occ_end=0.304 CSR_train=0.008 done_count=125
[upd 260] u=0 upd_ctr=35 opt_step=560 E=0.505 g=0.169 VarTD=2.300680 ret_end=-23.492 dbar_end=0.566 occ_end=0.270 CSR_train=0.000 done_count=100
[upd 270] u=1 upd_ctr=37 opt_step=592 E=0.171 g=0.171 VarTD=2.878273 ret_end=-24.130 dbar_end=0.562 occ_end=0.400 CSR_train=0.000 done_count=125
[upd 280] u=0 upd_ctr=38 opt_step=608 E=0.910 g=0.178 VarTD=3.303144 ret_end=-23.941 dbar_end=0.549 occ_end=0.376 CSR_train=0.000 done_count=125
[upd 290] u=0 upd_ctr=40 opt_step=640 E=0.529 g=0.183 VarTD=3.649638 ret_end=-23.161 dbar_end=0.541 occ_end=0.288 CSR_train=0.000 done_count=125
[upd 300] u=1 upd_ctr=42 opt_step=672 E=0.179 g=0.179 VarTD=3.866490 ret_end=-23.002 dbar_end=0.548 occ_end=0.320 CSR_train=0.000 done_count=125
[upd 310] u=0 upd_ctr=43 opt_step=688 E=0.921 g=0.186 VarTD=4.243007 ret_end=-23.146 dbar_end=0.536 occ_end=0.288 CSR_train=0.008 done_count=125
[Gate5 check] update_counter violations: t0=0 diffs=0
[Gate5 check] opt_step violations: t0=0 diffs=0 (expected_inc=16)
[Gate5 check] NaN masking: nan_on_skip=True finite_on_update=True
[Gate5 summary] mean_update_fraction=0.1378 final_executed_updates_mean=43.00
[Gate5 eval] done_count mean=100.0 CSR mean=0.0300 len_end_mean=26.00
[Gate5 eval] episodes_per_env=4 T_eval=104
[Gate5 eval-debug] locked_eps_occ=0.20 pre(step25): dbar_end=0.458104 occupied_end_mean=0.500000 max_tilde_end_mean=0.651285 CSR@locked=0.020000
[Gate5 eval-debug] locked_eps_occ=0.20 post(step26): dbar_end=0.466108 occupied_end_mean=0.500000 max_tilde_end_mean=0.662617 CSR@locked=0.030000
[Gate5 eval-debug] CSR_pre@0.10=0.0000 CSR_pre@0.15=0.0000 CSR_pre@0.20=0.0200 CSR_pre@0.25=0.0200 CSR_pre@0.30=0.0700
[Gate5 eval-debug] CSR_post@0.10=0.0000 CSR_post@0.15=0.0000 CSR_post@0.20=0.0300 CSR_post@0.25=0.0500 CSR_post@0.30=0.0600
