Importing submoduled environments...
Submoduled environments not found. Skipping import.
[upd 0] u=1 upd_ctr=1 opt_step=16 E=0.160 g=0.086 VarTD=0.176520 ret_end=-28.138 dbar_end=0.781 occ_end=0.160 CSR_train=0.000 done_count=100
[upd 10] u=0 upd_ctr=1 opt_step=16 E=0.803 g=0.084 VarTD=0.149910 ret_end=-27.579 dbar_end=0.789 occ_end=0.128 CSR_train=0.000 done_count=125
[upd 20] u=0 upd_ctr=2 opt_step=32 E=0.584 g=0.108 VarTD=0.157588 ret_end=-27.109 dbar_end=0.710 occ_end=0.160 CSR_train=0.000 done_count=125
[upd 30] u=0 upd_ctr=3 opt_step=48 E=0.390 g=0.096 VarTD=0.147305 ret_end=-26.310 dbar_end=0.746 occ_end=0.144 CSR_train=0.000 done_count=125
[upd 40] u=0 upd_ctr=4 opt_step=64 E=0.163 g=0.100 VarTD=0.156765 ret_end=-26.666 dbar_end=0.733 occ_end=0.192 CSR_train=0.000 done_count=125
[upd 50] u=0 upd_ctr=4 opt_step=64 E=0.894 g=0.100 VarTD=0.162934 ret_end=-27.032 dbar_end=0.735 occ_end=0.184 CSR_train=0.000 done_count=125
[upd 60] u=0 upd_ctr=5 opt_step=80 E=0.724 g=0.102 VarTD=0.154420 ret_end=-26.660 dbar_end=0.726 occ_end=0.176 CSR_train=0.000 done_count=125
[upd 70] u=0 upd_ctr=6 opt_step=96 E=0.539 g=0.108 VarTD=0.158804 ret_end=-26.522 dbar_end=0.710 occ_end=0.136 CSR_train=0.000 done_count=125
[upd 80] u=0 upd_ctr=7 opt_step=112 E=0.412 g=0.127 VarTD=0.153956 ret_end=-25.372 dbar_end=0.657 occ_end=0.232 CSR_train=0.000 done_count=125
[upd 90] u=0 upd_ctr=8 opt_step=128 E=0.280 g=0.122 VarTD=0.175582 ret_end=-26.024 dbar_end=0.670 occ_end=0.216 CSR_train=0.000 done_count=125
[upd 100] u=0 upd_ctr=9 opt_step=144 E=0.250 g=0.113 VarTD=0.163108 ret_end=-26.180 dbar_end=0.695 occ_end=0.248 CSR_train=0.000 done_count=125
[upd 110] u=0 upd_ctr=10 opt_step=160 E=0.193 g=0.131 VarTD=0.156852 ret_end=-25.300 dbar_end=0.648 occ_end=0.224 CSR_train=0.000 done_count=125
[upd 120] u=0 upd_ctr=11 opt_step=176 E=0.206 g=0.132 VarTD=0.178629 ret_end=-25.838 dbar_end=0.646 occ_end=0.272 CSR_train=0.000 done_count=125
[upd 130] u=0 upd_ctr=12 opt_step=192 E=0.221 g=0.138 VarTD=0.171266 ret_end=-24.731 dbar_end=0.631 occ_end=0.300 CSR_train=0.000 done_count=100
[upd 140] u=0 upd_ctr=13 opt_step=208 E=0.263 g=0.131 VarTD=0.211652 ret_end=-26.617 dbar_end=0.647 occ_end=0.248 CSR_train=0.000 done_count=125
[upd 150] u=0 upd_ctr=14 opt_step=224 E=0.326 g=0.150 VarTD=0.237487 ret_end=-25.235 dbar_end=0.604 occ_end=0.216 CSR_train=0.000 done_count=125
[upd 160] u=0 upd_ctr=15 opt_step=240 E=0.449 g=0.155 VarTD=0.261107 ret_end=-24.429 dbar_end=0.593 occ_end=0.272 CSR_train=0.000 done_count=125
[upd 170] u=0 upd_ctr=16 opt_step=256 E=0.611 g=0.156 VarTD=0.313076 ret_end=-24.324 dbar_end=0.591 occ_end=0.320 CSR_train=0.000 done_count=125
[upd 180] u=0 upd_ctr=17 opt_step=272 E=0.818 g=0.165 VarTD=0.369762 ret_end=-23.762 dbar_end=0.575 occ_end=0.280 CSR_train=0.000 done_count=125
[upd 190] u=0 upd_ctr=18 opt_step=288 E=0.994 g=0.156 VarTD=0.431056 ret_end=-24.673 dbar_end=0.592 occ_end=0.216 CSR_train=0.000 done_count=125
[upd 200] u=0 upd_ctr=20 opt_step=320 E=0.315 g=0.168 VarTD=0.618109 ret_end=-24.522 dbar_end=0.568 occ_end=0.280 CSR_train=0.000 done_count=125
[upd 210] u=0 upd_ctr=21 opt_step=336 E=0.512 g=0.167 VarTD=0.677799 ret_end=-23.425 dbar_end=0.570 occ_end=0.328 CSR_train=0.000 done_count=125
[upd 220] u=0 upd_ctr=22 opt_step=352 E=0.704 g=0.161 VarTD=0.781807 ret_end=-24.478 dbar_end=0.582 occ_end=0.320 CSR_train=0.000 done_count=125
[upd 230] u=0 upd_ctr=23 opt_step=368 E=0.926 g=0.171 VarTD=0.882761 ret_end=-23.533 dbar_end=0.563 occ_end=0.312 CSR_train=0.000 done_count=125
[upd 240] u=0 upd_ctr=25 opt_step=400 E=0.299 g=0.161 VarTD=1.088554 ret_end=-23.927 dbar_end=0.583 occ_end=0.168 CSR_train=0.000 done_count=125
[upd 250] u=0 upd_ctr=26 opt_step=416 E=0.600 g=0.185 VarTD=1.252698 ret_end=-23.739 dbar_end=0.538 occ_end=0.264 CSR_train=0.008 done_count=125
[upd 260] u=0 upd_ctr=27 opt_step=432 E=0.898 g=0.163 VarTD=1.120826 ret_end=-24.170 dbar_end=0.577 occ_end=0.220 CSR_train=0.000 done_count=100
[upd 270] u=0 upd_ctr=29 opt_step=464 E=0.285 g=0.164 VarTD=1.691017 ret_end=-24.264 dbar_end=0.576 occ_end=0.280 CSR_train=0.000 done_count=125
[upd 280] u=0 upd_ctr=30 opt_step=480 E=0.592 g=0.179 VarTD=1.808517 ret_end=-23.057 dbar_end=0.548 occ_end=0.312 CSR_train=0.000 done_count=125
[upd 290] u=0 upd_ctr=31 opt_step=496 E=0.876 g=0.166 VarTD=1.931695 ret_end=-24.235 dbar_end=0.572 occ_end=0.328 CSR_train=0.000 done_count=125
[upd 300] u=0 upd_ctr=33 opt_step=528 E=0.311 g=0.164 VarTD=2.176702 ret_end=-24.338 dbar_end=0.577 occ_end=0.264 CSR_train=0.000 done_count=125
[upd 310] u=0 upd_ctr=34 opt_step=544 E=0.615 g=0.158 VarTD=2.432299 ret_end=-24.511 dbar_end=0.587 occ_end=0.208 CSR_train=0.000 done_count=125
[Gate5 check] update_counter violations: t0=0 diffs=0
[Gate5 check] opt_step violations: t0=0 diffs=0 (expected_inc=16)
[Gate5 check] NaN masking: nan_on_skip=True finite_on_update=True
[Gate5 summary] mean_update_fraction=0.1090 final_executed_updates_mean=34.00
[Gate5 eval] done_count mean=100.0 CSR mean=0.0000 len_end_mean=26.00
[Gate5 eval] episodes_per_env=4 T_eval=104
[Gate5 eval-debug] locked_eps_occ=0.20 pre(step25): dbar_end=0.516691 occupied_end_mean=0.350000 max_tilde_end_mean=0.755229 CSR@locked=0.000000
[Gate5 eval-debug] locked_eps_occ=0.20 post(step26): dbar_end=0.513476 occupied_end_mean=0.410000 max_tilde_end_mean=0.755158 CSR@locked=0.000000
[Gate5 eval-debug] CSR_pre@0.10=0.0000 CSR_pre@0.15=0.0000 CSR_pre@0.20=0.0000 CSR_pre@0.25=0.0100 CSR_pre@0.30=0.0100
[Gate5 eval-debug] CSR_post@0.10=0.0000 CSR_post@0.15=0.0000 CSR_post@0.20=0.0000 CSR_post@0.25=0.0000 CSR_post@0.30=0.0200
