Importing submoduled environments...
Submoduled environments not found. Skipping import.
[upd 0] u=1 upd_ctr=1 opt_step=16 E=0.056 g=0.093 VarTD=0.149936 ret_end=-27.435 dbar_end=0.756 occ_end=0.150 CSR_train=0.000 done_count=100
[upd 10] u=0 upd_ctr=1 opt_step=16 E=0.619 g=0.100 VarTD=0.132044 ret_end=-26.929 dbar_end=0.734 occ_end=0.192 CSR_train=0.000 done_count=125
[upd 20] u=0 upd_ctr=2 opt_step=32 E=0.182 g=0.113 VarTD=0.149512 ret_end=-25.780 dbar_end=0.695 occ_end=0.208 CSR_train=0.000 done_count=125
[upd 30] u=0 upd_ctr=2 opt_step=32 E=0.758 g=0.086 VarTD=0.164852 ret_end=-27.835 dbar_end=0.783 occ_end=0.128 CSR_train=0.008 done_count=125
[upd 40] u=0 upd_ctr=3 opt_step=48 E=0.289 g=0.099 VarTD=0.133699 ret_end=-26.886 dbar_end=0.738 occ_end=0.152 CSR_train=0.000 done_count=125
[upd 50] u=0 upd_ctr=3 opt_step=48 E=0.889 g=0.098 VarTD=0.130573 ret_end=-26.593 dbar_end=0.741 occ_end=0.144 CSR_train=0.000 done_count=125
[upd 60] u=0 upd_ctr=4 opt_step=64 E=0.431 g=0.112 VarTD=0.133737 ret_end=-26.629 dbar_end=0.699 occ_end=0.176 CSR_train=0.000 done_count=125
[upd 70] u=0 upd_ctr=4 opt_step=64 E=1.000 g=0.103 VarTD=0.134590 ret_end=-26.971 dbar_end=0.724 occ_end=0.160 CSR_train=0.000 done_count=125
[upd 80] u=0 upd_ctr=5 opt_step=80 E=0.694 g=0.115 VarTD=0.129676 ret_end=-25.641 dbar_end=0.690 occ_end=0.176 CSR_train=0.000 done_count=125
[upd 90] u=0 upd_ctr=6 opt_step=96 E=0.331 g=0.112 VarTD=0.132466 ret_end=-26.362 dbar_end=0.698 occ_end=0.200 CSR_train=0.000 done_count=125
[upd 100] u=0 upd_ctr=6 opt_step=96 E=0.983 g=0.116 VarTD=0.150454 ret_end=-25.479 dbar_end=0.686 occ_end=0.192 CSR_train=0.000 done_count=125
[upd 110] u=0 upd_ctr=7 opt_step=112 E=0.615 g=0.103 VarTD=0.139663 ret_end=-26.937 dbar_end=0.723 occ_end=0.152 CSR_train=0.000 done_count=125
[upd 120] u=0 upd_ctr=8 opt_step=128 E=0.285 g=0.130 VarTD=0.137382 ret_end=-24.948 dbar_end=0.651 occ_end=0.240 CSR_train=0.000 done_count=125
[upd 130] u=0 upd_ctr=8 opt_step=128 E=1.000 g=0.114 VarTD=0.173501 ret_end=-26.034 dbar_end=0.691 occ_end=0.220 CSR_train=0.000 done_count=100
[upd 140] u=0 upd_ctr=9 opt_step=144 E=0.757 g=0.128 VarTD=0.164856 ret_end=-25.190 dbar_end=0.656 occ_end=0.192 CSR_train=0.000 done_count=125
[upd 150] u=0 upd_ctr=10 opt_step=160 E=0.490 g=0.128 VarTD=0.145257 ret_end=-25.992 dbar_end=0.654 occ_end=0.168 CSR_train=0.000 done_count=125
[upd 160] u=0 upd_ctr=11 opt_step=176 E=0.233 g=0.133 VarTD=0.176583 ret_end=-25.932 dbar_end=0.642 occ_end=0.248 CSR_train=0.000 done_count=125
[upd 170] u=0 upd_ctr=11 opt_step=176 E=1.000 g=0.138 VarTD=0.172477 ret_end=-25.219 dbar_end=0.630 occ_end=0.208 CSR_train=0.000 done_count=125
[upd 180] u=0 upd_ctr=12 opt_step=192 E=0.828 g=0.144 VarTD=0.171996 ret_end=-24.481 dbar_end=0.617 occ_end=0.224 CSR_train=0.000 done_count=125
[upd 190] u=0 upd_ctr=13 opt_step=208 E=0.594 g=0.150 VarTD=0.204630 ret_end=-24.860 dbar_end=0.604 occ_end=0.232 CSR_train=0.000 done_count=125
[upd 200] u=0 upd_ctr=14 opt_step=224 E=0.336 g=0.140 VarTD=0.234136 ret_end=-25.908 dbar_end=0.627 occ_end=0.256 CSR_train=0.000 done_count=125
[upd 210] u=0 upd_ctr=15 opt_step=240 E=0.172 g=0.143 VarTD=0.285587 ret_end=-25.112 dbar_end=0.619 occ_end=0.232 CSR_train=0.000 done_count=125
[upd 220] u=0 upd_ctr=15 opt_step=240 E=1.000 g=0.139 VarTD=0.277069 ret_end=-24.606 dbar_end=0.628 occ_end=0.296 CSR_train=0.000 done_count=125
[upd 230] u=0 upd_ctr=16 opt_step=256 E=0.836 g=0.139 VarTD=0.319893 ret_end=-24.616 dbar_end=0.629 occ_end=0.184 CSR_train=0.000 done_count=125
[upd 240] u=0 upd_ctr=17 opt_step=272 E=0.596 g=0.151 VarTD=0.383801 ret_end=-24.487 dbar_end=0.601 occ_end=0.296 CSR_train=0.000 done_count=125
[upd 250] u=0 upd_ctr=18 opt_step=288 E=0.418 g=0.142 VarTD=0.456509 ret_end=-25.250 dbar_end=0.621 occ_end=0.280 CSR_train=0.000 done_count=125
[upd 260] u=0 upd_ctr=19 opt_step=304 E=0.261 g=0.146 VarTD=0.402573 ret_end=-24.061 dbar_end=0.612 occ_end=0.250 CSR_train=0.000 done_count=100
[upd 270] u=1 upd_ctr=20 opt_step=320 E=0.093 g=0.155 VarTD=0.544734 ret_end=-24.488 dbar_end=0.593 occ_end=0.184 CSR_train=0.000 done_count=125
[upd 280] u=0 upd_ctr=20 opt_step=320 E=1.000 g=0.155 VarTD=0.576758 ret_end=-23.568 dbar_end=0.595 occ_end=0.208 CSR_train=0.000 done_count=125
[upd 290] u=0 upd_ctr=21 opt_step=336 E=0.963 g=0.162 VarTD=0.716236 ret_end=-24.674 dbar_end=0.579 occ_end=0.296 CSR_train=0.000 done_count=125
[upd 300] u=0 upd_ctr=22 opt_step=352 E=0.853 g=0.164 VarTD=0.767882 ret_end=-23.043 dbar_end=0.575 occ_end=0.288 CSR_train=0.000 done_count=125
[upd 310] u=0 upd_ctr=23 opt_step=368 E=0.759 g=0.172 VarTD=0.909944 ret_end=-23.623 dbar_end=0.561 occ_end=0.360 CSR_train=0.000 done_count=125
[Gate5 check] update_counter violations: t0=0 diffs=0
[Gate5 check] opt_step violations: t0=0 diffs=0 (expected_inc=16)
[Gate5 check] NaN masking: nan_on_skip=True finite_on_update=True
[Gate5 summary] mean_update_fraction=0.0737 final_executed_updates_mean=23.00
[Gate5 eval] done_count mean=100.0 CSR mean=0.0000 len_end_mean=26.00
[Gate5 eval] episodes_per_env=4 T_eval=104
[Gate5 eval-debug] locked_eps_occ=0.20 pre(step25): dbar_end=0.511550 occupied_end_mean=0.430000 max_tilde_end_mean=0.726192 CSR@locked=0.000000
[Gate5 eval-debug] locked_eps_occ=0.20 post(step26): dbar_end=0.518230 occupied_end_mean=0.320000 max_tilde_end_mean=0.720987 CSR@locked=0.000000
[Gate5 eval-debug] CSR_pre@0.10=0.0000 CSR_pre@0.15=0.0000 CSR_pre@0.20=0.0000 CSR_pre@0.25=0.0100 CSR_pre@0.30=0.0400
[Gate5 eval-debug] CSR_post@0.10=0.0000 CSR_post@0.15=0.0000 CSR_post@0.20=0.0000 CSR_post@0.25=0.0000 CSR_post@0.30=0.0200
