Importing submoduled environments...
Submoduled environments not found. Skipping import.
[upd 0] u=1 upd_ctr=1 opt_step=16 E=0.139 g=0.089 VarTD=0.155748 ret_end=-26.495 dbar_end=0.769 occ_end=0.110 CSR_train=0.000 done_count=100
[upd 10] u=1 upd_ctr=2 opt_step=32 E=0.110 g=0.096 VarTD=0.160584 ret_end=-27.044 dbar_end=0.748 occ_end=0.128 CSR_train=0.000 done_count=125
[upd 20] u=1 upd_ctr=3 opt_step=48 E=0.082 g=0.079 VarTD=0.211568 ret_end=-28.776 dbar_end=0.808 occ_end=0.160 CSR_train=0.000 done_count=125
[upd 30] u=0 upd_ctr=3 opt_step=48 E=1.000 g=0.091 VarTD=0.170832 ret_end=-27.183 dbar_end=0.764 occ_end=0.184 CSR_train=0.000 done_count=125
[upd 40] u=0 upd_ctr=4 opt_step=64 E=1.000 g=0.095 VarTD=0.182027 ret_end=-26.986 dbar_end=0.750 occ_end=0.232 CSR_train=0.000 done_count=125
[upd 50] u=1 upd_ctr=6 opt_step=96 E=0.104 g=0.101 VarTD=0.144055 ret_end=-27.039 dbar_end=0.731 occ_end=0.136 CSR_train=0.000 done_count=125
[upd 60] u=0 upd_ctr=7 opt_step=112 E=0.212 g=0.108 VarTD=0.154772 ret_end=-26.544 dbar_end=0.709 occ_end=0.192 CSR_train=0.000 done_count=125
[upd 70] u=0 upd_ctr=8 opt_step=128 E=0.333 g=0.110 VarTD=0.152265 ret_end=-25.675 dbar_end=0.704 occ_end=0.144 CSR_train=0.000 done_count=125
[upd 80] u=0 upd_ctr=9 opt_step=144 E=0.493 g=0.112 VarTD=0.156990 ret_end=-26.299 dbar_end=0.697 occ_end=0.200 CSR_train=0.000 done_count=125
[upd 90] u=0 upd_ctr=10 opt_step=160 E=0.665 g=0.115 VarTD=0.150018 ret_end=-26.096 dbar_end=0.687 occ_end=0.160 CSR_train=0.000 done_count=125
[upd 100] u=0 upd_ctr=11 opt_step=176 E=0.924 g=0.127 VarTD=0.182449 ret_end=-25.929 dbar_end=0.657 occ_end=0.232 CSR_train=0.000 done_count=125
[upd 110] u=1 upd_ctr=13 opt_step=208 E=0.178 g=0.128 VarTD=0.192193 ret_end=-26.107 dbar_end=0.654 occ_end=0.200 CSR_train=0.000 done_count=125
[upd 120] u=0 upd_ctr=14 opt_step=224 E=0.453 g=0.154 VarTD=0.237634 ret_end=-24.407 dbar_end=0.595 occ_end=0.272 CSR_train=0.000 done_count=125
[upd 130] u=0 upd_ctr=15 opt_step=240 E=0.816 g=0.135 VarTD=0.260923 ret_end=-25.926 dbar_end=0.638 occ_end=0.320 CSR_train=0.000 done_count=100
[upd 140] u=0 upd_ctr=17 opt_step=272 E=0.274 g=0.129 VarTD=0.372195 ret_end=-25.419 dbar_end=0.652 occ_end=0.176 CSR_train=0.000 done_count=125
[upd 150] u=0 upd_ctr=18 opt_step=288 E=0.690 g=0.134 VarTD=0.453738 ret_end=-24.352 dbar_end=0.641 occ_end=0.176 CSR_train=0.000 done_count=125
[upd 160] u=1 upd_ctr=20 opt_step=320 E=0.190 g=0.148 VarTD=0.504941 ret_end=-24.927 dbar_end=0.608 occ_end=0.184 CSR_train=0.000 done_count=125
[upd 170] u=0 upd_ctr=21 opt_step=336 E=0.609 g=0.146 VarTD=0.665041 ret_end=-25.286 dbar_end=0.613 occ_end=0.320 CSR_train=0.008 done_count=125
[upd 180] u=0 upd_ctr=22 opt_step=352 E=1.000 g=0.141 VarTD=0.779388 ret_end=-24.999 dbar_end=0.624 occ_end=0.184 CSR_train=0.000 done_count=125
[upd 190] u=0 upd_ctr=24 opt_step=384 E=0.504 g=0.143 VarTD=1.032348 ret_end=-25.636 dbar_end=0.619 occ_end=0.232 CSR_train=0.000 done_count=125
[upd 200] u=0 upd_ctr=25 opt_step=400 E=1.000 g=0.141 VarTD=1.077150 ret_end=-24.892 dbar_end=0.623 occ_end=0.264 CSR_train=0.000 done_count=125
[upd 210] u=0 upd_ctr=27 opt_step=432 E=0.599 g=0.149 VarTD=1.354830 ret_end=-24.674 dbar_end=0.605 occ_end=0.192 CSR_train=0.000 done_count=125
[upd 220] u=0 upd_ctr=28 opt_step=448 E=1.000 g=0.147 VarTD=1.502084 ret_end=-24.375 dbar_end=0.610 occ_end=0.240 CSR_train=0.000 done_count=125
[upd 230] u=0 upd_ctr=30 opt_step=480 E=0.660 g=0.166 VarTD=1.826141 ret_end=-24.166 dbar_end=0.571 occ_end=0.296 CSR_train=0.000 done_count=125
[upd 240] u=0 upd_ctr=32 opt_step=512 E=0.392 g=0.168 VarTD=2.150295 ret_end=-23.831 dbar_end=0.569 occ_end=0.240 CSR_train=0.000 done_count=125
[upd 250] u=0 upd_ctr=33 opt_step=528 E=1.000 g=0.166 VarTD=2.361070 ret_end=-23.675 dbar_end=0.571 occ_end=0.224 CSR_train=0.000 done_count=125
[upd 260] u=0 upd_ctr=35 opt_step=560 E=0.697 g=0.142 VarTD=2.049069 ret_end=-24.799 dbar_end=0.621 occ_end=0.300 CSR_train=0.000 done_count=100
[upd 270] u=0 upd_ctr=37 opt_step=592 E=0.383 g=0.168 VarTD=2.947382 ret_end=-23.683 dbar_end=0.568 occ_end=0.296 CSR_train=0.000 done_count=125
[upd 280] u=0 upd_ctr=38 opt_step=608 E=1.000 g=0.153 VarTD=3.146838 ret_end=-25.041 dbar_end=0.598 occ_end=0.240 CSR_train=0.000 done_count=125
[upd 290] u=0 upd_ctr=40 opt_step=640 E=0.735 g=0.180 VarTD=3.556515 ret_end=-23.183 dbar_end=0.547 occ_end=0.264 CSR_train=0.000 done_count=125
[upd 300] u=0 upd_ctr=42 opt_step=672 E=0.372 g=0.161 VarTD=3.830833 ret_end=-24.217 dbar_end=0.582 occ_end=0.304 CSR_train=0.000 done_count=125
[upd 310] u=0 upd_ctr=43 opt_step=688 E=1.000 g=0.184 VarTD=4.031208 ret_end=-23.794 dbar_end=0.539 occ_end=0.336 CSR_train=0.000 done_count=125
[Gate5 check] update_counter violations: t0=0 diffs=0
[Gate5 check] opt_step violations: t0=0 diffs=0 (expected_inc=16)
[Gate5 check] NaN masking: nan_on_skip=True finite_on_update=True
[Gate5 summary] mean_update_fraction=0.1410 final_executed_updates_mean=44.00
[Gate5 eval] done_count mean=100.0 CSR mean=0.0000 len_end_mean=26.00
[Gate5 eval] episodes_per_env=4 T_eval=104
[Gate5 eval-debug] locked_eps_occ=0.20 pre(step25): dbar_end=0.498370 occupied_end_mean=0.320000 max_tilde_end_mean=0.702689 CSR@locked=0.000000
[Gate5 eval-debug] locked_eps_occ=0.20 post(step26): dbar_end=0.502761 occupied_end_mean=0.430000 max_tilde_end_mean=0.712042 CSR@locked=0.000000
[Gate5 eval-debug] CSR_pre@0.10=0.0000 CSR_pre@0.15=0.0000 CSR_pre@0.20=0.0000 CSR_pre@0.25=0.0300 CSR_pre@0.30=0.0500
[Gate5 eval-debug] CSR_post@0.10=0.0000 CSR_post@0.15=0.0000 CSR_post@0.20=0.0000 CSR_post@0.25=0.0300 CSR_post@0.30=0.0500
