Importing submoduled environments...
Submoduled environments not found. Skipping import.
[upd 0] u=1 upd_ctr=1 opt_step=16 E=0.179 g=0.079 VarTD=0.177244 ret_end=-28.332 dbar_end=0.807 occ_end=0.140 CSR_train=0.000 done_count=100
[upd 10] u=0 upd_ctr=2 opt_step=32 E=0.217 g=0.098 VarTD=0.147889 ret_end=-26.949 dbar_end=0.741 occ_end=0.176 CSR_train=0.000 done_count=125
[upd 20] u=0 upd_ctr=3 opt_step=48 E=0.309 g=0.095 VarTD=0.148478 ret_end=-27.400 dbar_end=0.751 occ_end=0.168 CSR_train=0.000 done_count=125
[upd 30] u=0 upd_ctr=4 opt_step=64 E=0.413 g=0.107 VarTD=0.166999 ret_end=-26.835 dbar_end=0.713 occ_end=0.216 CSR_train=0.000 done_count=125
[upd 40] u=0 upd_ctr=5 opt_step=80 E=0.589 g=0.106 VarTD=0.146596 ret_end=-26.799 dbar_end=0.715 occ_end=0.160 CSR_train=0.000 done_count=125
[upd 50] u=0 upd_ctr=6 opt_step=96 E=0.813 g=0.117 VarTD=0.132712 ret_end=-25.925 dbar_end=0.684 occ_end=0.208 CSR_train=0.000 done_count=125
[upd 60] u=1 upd_ctr=8 opt_step=128 E=0.222 g=0.122 VarTD=0.140996 ret_end=-25.932 dbar_end=0.669 occ_end=0.264 CSR_train=0.000 done_count=125
[upd 70] u=0 upd_ctr=9 opt_step=144 E=0.626 g=0.121 VarTD=0.172500 ret_end=-26.726 dbar_end=0.673 occ_end=0.136 CSR_train=0.000 done_count=125
[upd 80] u=1 upd_ctr=11 opt_step=176 E=0.189 g=0.135 VarTD=0.180135 ret_end=-25.666 dbar_end=0.637 occ_end=0.216 CSR_train=0.000 done_count=125
[upd 90] u=0 upd_ctr=12 opt_step=192 E=0.644 g=0.143 VarTD=0.185118 ret_end=-24.522 dbar_end=0.619 occ_end=0.256 CSR_train=0.000 done_count=125
[upd 100] u=1 upd_ctr=14 opt_step=224 E=0.245 g=0.145 VarTD=0.218441 ret_end=-24.832 dbar_end=0.614 occ_end=0.272 CSR_train=0.000 done_count=125
[upd 110] u=0 upd_ctr=15 opt_step=240 E=0.783 g=0.142 VarTD=0.267053 ret_end=-25.147 dbar_end=0.622 occ_end=0.264 CSR_train=0.000 done_count=125
[upd 120] u=0 upd_ctr=17 opt_step=272 E=0.504 g=0.165 VarTD=0.367355 ret_end=-24.698 dbar_end=0.575 occ_end=0.240 CSR_train=0.000 done_count=125
[Gate5 check] update_counter violations: t0=0 diffs=0
[Gate5 check] opt_step violations: t0=0 diffs=0 (expected_inc=16)
[Gate5 check] NaN masking: nan_on_skip=True finite_on_update=True
[Gate5 summary] mean_update_fraction=0.1440 final_executed_updates_mean=18.00
[Gate5 eval] done_count mean=100.0 CSR mean=0.0000 len_end_mean=26.00
[Gate5 eval] episodes_per_env=4 T_eval=104
[Gate5 eval-debug] locked_eps_occ=0.20 pre(step25): dbar_end=0.504446 occupied_end_mean=0.320000 max_tilde_end_mean=0.725173 CSR@locked=0.000000
[Gate5 eval-debug] locked_eps_occ=0.20 post(step26): dbar_end=0.501359 occupied_end_mean=0.350000 max_tilde_end_mean=0.724262 CSR@locked=0.000000
[Gate5 eval-debug] CSR_pre@0.10=0.0000 CSR_pre@0.15=0.0000 CSR_pre@0.20=0.0000 CSR_pre@0.25=0.0100 CSR_pre@0.30=0.0300
[Gate5 eval-debug] CSR_post@0.10=0.0000 CSR_post@0.15=0.0000 CSR_post@0.20=0.0000 CSR_post@0.25=0.0100 CSR_post@0.30=0.0100
