Importing submoduled environments...
Submoduled environments not found. Skipping import.
[upd 0] u=1 upd_ctr=1 opt_step=16 E=0.029 g=0.096 VarTD=0.158273 ret_end=-27.822 dbar_end=0.748 occ_end=0.150 CSR_train=0.000 done_count=100
[upd 10] u=0 upd_ctr=1 opt_step=16 E=0.316 g=0.097 VarTD=0.181267 ret_end=-27.128 dbar_end=0.741 occ_end=0.144 CSR_train=0.000 done_count=125
[upd 20] u=0 upd_ctr=1 opt_step=16 E=0.604 g=0.093 VarTD=0.171953 ret_end=-27.458 dbar_end=0.756 occ_end=0.160 CSR_train=0.008 done_count=125
[upd 30] u=0 upd_ctr=1 opt_step=16 E=0.894 g=0.084 VarTD=0.182575 ret_end=-28.598 dbar_end=0.790 occ_end=0.064 CSR_train=0.000 done_count=125
[upd 40] u=0 upd_ctr=2 opt_step=32 E=0.184 g=0.100 VarTD=0.144443 ret_end=-27.262 dbar_end=0.734 occ_end=0.136 CSR_train=0.000 done_count=125
[upd 50] u=0 upd_ctr=2 opt_step=32 E=0.484 g=0.115 VarTD=0.138623 ret_end=-25.772 dbar_end=0.687 occ_end=0.176 CSR_train=0.000 done_count=125
[upd 60] u=0 upd_ctr=2 opt_step=32 E=0.784 g=0.095 VarTD=0.163091 ret_end=-27.220 dbar_end=0.750 occ_end=0.160 CSR_train=0.000 done_count=125
[upd 70] u=0 upd_ctr=3 opt_step=48 E=0.066 g=0.097 VarTD=0.196958 ret_end=-28.184 dbar_end=0.744 occ_end=0.208 CSR_train=0.000 done_count=125
[upd 80] u=0 upd_ctr=3 opt_step=48 E=0.378 g=0.108 VarTD=0.178062 ret_end=-26.364 dbar_end=0.709 occ_end=0.200 CSR_train=0.000 done_count=125
[upd 90] u=0 upd_ctr=3 opt_step=48 E=0.690 g=0.110 VarTD=0.151346 ret_end=-26.134 dbar_end=0.702 occ_end=0.160 CSR_train=0.000 done_count=125
[upd 100] u=0 upd_ctr=3 opt_step=48 E=1.000 g=0.106 VarTD=0.165481 ret_end=-26.982 dbar_end=0.715 occ_end=0.152 CSR_train=0.000 done_count=125
[upd 110] u=0 upd_ctr=4 opt_step=64 E=0.284 g=0.102 VarTD=0.176568 ret_end=-26.917 dbar_end=0.728 occ_end=0.240 CSR_train=0.000 done_count=125
[upd 120] u=0 upd_ctr=4 opt_step=64 E=0.581 g=0.091 VarTD=0.184034 ret_end=-27.908 dbar_end=0.763 occ_end=0.128 CSR_train=0.000 done_count=125
[upd 130] u=0 upd_ctr=4 opt_step=64 E=0.896 g=0.113 VarTD=0.139776 ret_end=-25.508 dbar_end=0.695 occ_end=0.260 CSR_train=0.000 done_count=100
[upd 140] u=0 upd_ctr=5 opt_step=80 E=0.202 g=0.107 VarTD=0.169866 ret_end=-27.087 dbar_end=0.711 occ_end=0.160 CSR_train=0.000 done_count=125
[upd 150] u=0 upd_ctr=5 opt_step=80 E=0.543 g=0.116 VarTD=0.166736 ret_end=-25.179 dbar_end=0.685 occ_end=0.224 CSR_train=0.000 done_count=125
[upd 160] u=0 upd_ctr=5 opt_step=80 E=0.873 g=0.104 VarTD=0.158750 ret_end=-26.712 dbar_end=0.721 occ_end=0.128 CSR_train=0.000 done_count=125
[upd 170] u=0 upd_ctr=6 opt_step=96 E=0.208 g=0.124 VarTD=0.137564 ret_end=-25.325 dbar_end=0.666 occ_end=0.184 CSR_train=0.000 done_count=125
[upd 180] u=0 upd_ctr=6 opt_step=96 E=0.558 g=0.106 VarTD=0.164681 ret_end=-27.412 dbar_end=0.715 occ_end=0.216 CSR_train=0.000 done_count=125
[upd 190] u=0 upd_ctr=6 opt_step=96 E=0.904 g=0.114 VarTD=0.151992 ret_end=-25.844 dbar_end=0.690 occ_end=0.144 CSR_train=0.000 done_count=125
[upd 200] u=0 upd_ctr=7 opt_step=112 E=0.218 g=0.125 VarTD=0.151787 ret_end=-25.099 dbar_end=0.663 occ_end=0.152 CSR_train=0.000 done_count=125
[upd 210] u=0 upd_ctr=7 opt_step=112 E=0.570 g=0.107 VarTD=0.174784 ret_end=-27.094 dbar_end=0.713 occ_end=0.176 CSR_train=0.000 done_count=125
[upd 220] u=0 upd_ctr=7 opt_step=112 E=0.919 g=0.117 VarTD=0.161357 ret_end=-25.987 dbar_end=0.685 occ_end=0.208 CSR_train=0.000 done_count=125
[upd 230] u=0 upd_ctr=8 opt_step=128 E=0.248 g=0.104 VarTD=0.158713 ret_end=-26.617 dbar_end=0.721 occ_end=0.136 CSR_train=0.000 done_count=125
[upd 240] u=0 upd_ctr=8 opt_step=128 E=0.613 g=0.130 VarTD=0.144859 ret_end=-26.016 dbar_end=0.649 occ_end=0.240 CSR_train=0.000 done_count=125
[upd 250] u=0 upd_ctr=8 opt_step=128 E=0.973 g=0.113 VarTD=0.156942 ret_end=-26.047 dbar_end=0.694 occ_end=0.192 CSR_train=0.000 done_count=125
[upd 260] u=0 upd_ctr=9 opt_step=144 E=0.335 g=0.135 VarTD=0.146677 ret_end=-25.719 dbar_end=0.638 occ_end=0.270 CSR_train=0.000 done_count=100
[upd 270] u=0 upd_ctr=9 opt_step=144 E=0.709 g=0.127 VarTD=0.171147 ret_end=-25.102 dbar_end=0.657 occ_end=0.208 CSR_train=0.000 done_count=125
[upd 280] u=0 upd_ctr=10 opt_step=160 E=0.073 g=0.115 VarTD=0.150562 ret_end=-26.327 dbar_end=0.690 occ_end=0.128 CSR_train=0.000 done_count=125
[upd 290] u=0 upd_ctr=10 opt_step=160 E=0.447 g=0.118 VarTD=0.172520 ret_end=-25.579 dbar_end=0.680 occ_end=0.136 CSR_train=0.000 done_count=125
[upd 300] u=0 upd_ctr=10 opt_step=160 E=0.815 g=0.116 VarTD=0.208926 ret_end=-26.540 dbar_end=0.687 occ_end=0.224 CSR_train=0.000 done_count=125
[upd 310] u=0 upd_ctr=11 opt_step=176 E=0.150 g=0.128 VarTD=0.169225 ret_end=-25.461 dbar_end=0.654 occ_end=0.208 CSR_train=0.000 done_count=125
[Gate5 check] update_counter violations: t0=0 diffs=0
[Gate5 check] opt_step violations: t0=0 diffs=0 (expected_inc=16)
[Gate5 check] NaN masking: nan_on_skip=True finite_on_update=True
[Gate5 summary] mean_update_fraction=0.0353 final_executed_updates_mean=11.00
[Gate5 eval] done_count mean=100.0 CSR mean=0.0100 len_end_mean=26.00
[Gate5 eval] episodes_per_env=4 T_eval=104
[Gate5 eval-debug] locked_eps_occ=0.20 pre(step25): dbar_end=0.509039 occupied_end_mean=0.390000 max_tilde_end_mean=0.732275 CSR@locked=0.010000
[Gate5 eval-debug] locked_eps_occ=0.20 post(step26): dbar_end=0.503154 occupied_end_mean=0.360000 max_tilde_end_mean=0.726741 CSR@locked=0.010000
[Gate5 eval-debug] CSR_pre@0.10=0.0000 CSR_pre@0.15=0.0000 CSR_pre@0.20=0.0100 CSR_pre@0.25=0.0300 CSR_pre@0.30=0.0600
[Gate5 eval-debug] CSR_post@0.10=0.0000 CSR_post@0.15=0.0100 CSR_post@0.20=0.0100 CSR_post@0.25=0.0300 CSR_post@0.30=0.0600
