Importing submoduled environments...
Submoduled environments not found. Skipping import.
[upd 0] u=1 upd_ctr=1 opt_step=16 E=0.144 g=0.073 VarTD=0.176583 ret_end=-28.932 dbar_end=0.832 occ_end=0.120 CSR_train=0.000 done_count=100
[upd 10] u=0 upd_ctr=1 opt_step=16 E=0.685 g=0.084 VarTD=0.145375 ret_end=-27.822 dbar_end=0.789 occ_end=0.112 CSR_train=0.000 done_count=125
[upd 20] u=0 upd_ctr=2 opt_step=32 E=0.367 g=0.100 VarTD=0.143719 ret_end=-27.008 dbar_end=0.734 occ_end=0.184 CSR_train=0.000 done_count=125
[upd 30] u=0 upd_ctr=2 opt_step=32 E=0.920 g=0.099 VarTD=0.134472 ret_end=-26.052 dbar_end=0.736 occ_end=0.176 CSR_train=0.000 done_count=125
[upd 40] u=0 upd_ctr=3 opt_step=48 E=0.594 g=0.096 VarTD=0.168899 ret_end=-27.145 dbar_end=0.747 occ_end=0.168 CSR_train=0.000 done_count=125
[upd 50] u=0 upd_ctr=4 opt_step=64 E=0.299 g=0.099 VarTD=0.167577 ret_end=-27.519 dbar_end=0.737 occ_end=0.176 CSR_train=0.000 done_count=125
[upd 60] u=0 upd_ctr=4 opt_step=64 E=0.920 g=0.106 VarTD=0.127597 ret_end=-25.689 dbar_end=0.714 occ_end=0.128 CSR_train=0.000 done_count=125
[upd 70] u=0 upd_ctr=5 opt_step=80 E=0.681 g=0.114 VarTD=0.130328 ret_end=-25.521 dbar_end=0.691 occ_end=0.184 CSR_train=0.008 done_count=125
[upd 80] u=0 upd_ctr=6 opt_step=96 E=0.426 g=0.098 VarTD=0.149377 ret_end=-27.434 dbar_end=0.739 occ_end=0.176 CSR_train=0.000 done_count=125
[upd 90] u=0 upd_ctr=7 opt_step=112 E=0.210 g=0.108 VarTD=0.148756 ret_end=-27.087 dbar_end=0.710 occ_end=0.160 CSR_train=0.000 done_count=125
[upd 100] u=0 upd_ctr=7 opt_step=112 E=0.906 g=0.123 VarTD=0.138446 ret_end=-26.310 dbar_end=0.668 occ_end=0.168 CSR_train=0.000 done_count=125
[upd 110] u=0 upd_ctr=8 opt_step=128 E=0.693 g=0.131 VarTD=0.149455 ret_end=-24.990 dbar_end=0.648 occ_end=0.224 CSR_train=0.000 done_count=125
[upd 120] u=0 upd_ctr=9 opt_step=144 E=0.520 g=0.128 VarTD=0.138102 ret_end=-25.386 dbar_end=0.655 occ_end=0.232 CSR_train=0.000 done_count=125
[upd 130] u=0 upd_ctr=10 opt_step=160 E=0.372 g=0.135 VarTD=0.146458 ret_end=-24.704 dbar_end=0.638 occ_end=0.180 CSR_train=0.000 done_count=100
[upd 140] u=0 upd_ctr=11 opt_step=176 E=0.213 g=0.122 VarTD=0.194099 ret_end=-26.354 dbar_end=0.670 occ_end=0.168 CSR_train=0.000 done_count=125
[upd 150] u=1 upd_ctr=12 opt_step=192 E=0.108 g=0.126 VarTD=0.185726 ret_end=-26.253 dbar_end=0.659 occ_end=0.176 CSR_train=0.000 done_count=125
[upd 160] u=0 upd_ctr=12 opt_step=192 E=0.887 g=0.131 VarTD=0.212708 ret_end=-25.578 dbar_end=0.647 occ_end=0.256 CSR_train=0.000 done_count=125
[upd 170] u=0 upd_ctr=13 opt_step=208 E=0.783 g=0.138 VarTD=0.215867 ret_end=-25.191 dbar_end=0.631 occ_end=0.192 CSR_train=0.000 done_count=125
[upd 180] u=0 upd_ctr=14 opt_step=224 E=0.712 g=0.150 VarTD=0.234659 ret_end=-23.918 dbar_end=0.604 occ_end=0.280 CSR_train=0.000 done_count=125
[upd 190] u=0 upd_ctr=15 opt_step=240 E=0.680 g=0.137 VarTD=0.298730 ret_end=-25.557 dbar_end=0.632 occ_end=0.216 CSR_train=0.000 done_count=125
[upd 200] u=0 upd_ctr=16 opt_step=256 E=0.652 g=0.142 VarTD=0.397206 ret_end=-25.855 dbar_end=0.622 occ_end=0.312 CSR_train=0.000 done_count=125
[upd 210] u=0 upd_ctr=17 opt_step=272 E=0.677 g=0.152 VarTD=0.433939 ret_end=-24.947 dbar_end=0.600 occ_end=0.280 CSR_train=0.000 done_count=125
[upd 220] u=0 upd_ctr=18 opt_step=288 E=0.697 g=0.149 VarTD=0.497216 ret_end=-24.607 dbar_end=0.606 occ_end=0.216 CSR_train=0.000 done_count=125
[upd 230] u=0 upd_ctr=19 opt_step=304 E=0.747 g=0.159 VarTD=0.569842 ret_end=-24.396 dbar_end=0.587 occ_end=0.272 CSR_train=0.000 done_count=125
[upd 240] u=0 upd_ctr=20 opt_step=320 E=0.788 g=0.149 VarTD=0.651469 ret_end=-25.106 dbar_end=0.606 occ_end=0.184 CSR_train=0.000 done_count=125
[upd 250] u=0 upd_ctr=21 opt_step=336 E=0.826 g=0.143 VarTD=0.717302 ret_end=-25.107 dbar_end=0.620 occ_end=0.264 CSR_train=0.000 done_count=125
[upd 260] u=0 upd_ctr=22 opt_step=352 E=0.890 g=0.179 VarTD=0.728280 ret_end=-23.196 dbar_end=0.549 occ_end=0.330 CSR_train=0.000 done_count=100
[upd 270] u=0 upd_ctr=23 opt_step=368 E=0.951 g=0.161 VarTD=0.953568 ret_end=-23.857 dbar_end=0.581 occ_end=0.288 CSR_train=0.000 done_count=125
[upd 280] u=1 upd_ctr=25 opt_step=400 E=0.113 g=0.159 VarTD=1.079859 ret_end=-24.143 dbar_end=0.587 occ_end=0.296 CSR_train=0.000 done_count=125
[upd 290] u=1 upd_ctr=26 opt_step=416 E=0.157 g=0.151 VarTD=1.164096 ret_end=-24.081 dbar_end=0.601 occ_end=0.176 CSR_train=0.000 done_count=125
[upd 300] u=0 upd_ctr=27 opt_step=432 E=0.227 g=0.165 VarTD=1.476289 ret_end=-23.408 dbar_end=0.575 occ_end=0.256 CSR_train=0.000 done_count=125
[upd 310] u=0 upd_ctr=28 opt_step=448 E=0.287 g=0.152 VarTD=1.545751 ret_end=-24.157 dbar_end=0.601 occ_end=0.192 CSR_train=0.000 done_count=125
[Gate5 check] update_counter violations: t0=0 diffs=0
[Gate5 check] opt_step violations: t0=0 diffs=0 (expected_inc=16)
[Gate5 check] NaN masking: nan_on_skip=True finite_on_update=True
[Gate5 summary] mean_update_fraction=0.0897 final_executed_updates_mean=28.00
[Gate5 eval] done_count mean=100.0 CSR mean=0.0000 len_end_mean=26.00
[Gate5 eval] episodes_per_env=4 T_eval=104
[Gate5 eval-debug] locked_eps_occ=0.20 pre(step25): dbar_end=0.514996 occupied_end_mean=0.370000 max_tilde_end_mean=0.751311 CSR@locked=0.000000
[Gate5 eval-debug] locked_eps_occ=0.20 post(step26): dbar_end=0.520149 occupied_end_mean=0.360000 max_tilde_end_mean=0.754639 CSR@locked=0.000000
[Gate5 eval-debug] CSR_pre@0.10=0.0000 CSR_pre@0.15=0.0000 CSR_pre@0.20=0.0000 CSR_pre@0.25=0.0000 CSR_pre@0.30=0.0200
[Gate5 eval-debug] CSR_post@0.10=0.0000 CSR_post@0.15=0.0000 CSR_post@0.20=0.0000 CSR_post@0.25=0.0000 CSR_post@0.30=0.0000
