Importing submoduled environments...
Submoduled environments not found. Skipping import.
[upd 0] u=1 upd_ctr=1 opt_step=16 E=0.034 g=0.086 VarTD=0.176520 ret_end=-28.138 dbar_end=0.781 occ_end=0.160 CSR_train=0.000 done_count=100
[upd 10] u=0 upd_ctr=1 opt_step=16 E=0.401 g=0.084 VarTD=0.149910 ret_end=-27.579 dbar_end=0.789 occ_end=0.128 CSR_train=0.000 done_count=125
[upd 20] u=0 upd_ctr=1 opt_step=16 E=0.783 g=0.105 VarTD=0.156258 ret_end=-27.201 dbar_end=0.719 occ_end=0.184 CSR_train=0.000 done_count=125
[upd 30] u=0 upd_ctr=2 opt_step=32 E=0.155 g=0.095 VarTD=0.148751 ret_end=-26.264 dbar_end=0.751 occ_end=0.136 CSR_train=0.000 done_count=125
[upd 40] u=0 upd_ctr=2 opt_step=32 E=0.542 g=0.098 VarTD=0.156747 ret_end=-26.759 dbar_end=0.738 occ_end=0.128 CSR_train=0.000 done_count=125
[upd 50] u=0 upd_ctr=2 opt_step=32 E=0.949 g=0.098 VarTD=0.166359 ret_end=-27.067 dbar_end=0.741 occ_end=0.192 CSR_train=0.000 done_count=125
[upd 60] u=0 upd_ctr=3 opt_step=48 E=0.330 g=0.098 VarTD=0.152881 ret_end=-26.835 dbar_end=0.739 occ_end=0.160 CSR_train=0.000 done_count=125
[upd 70] u=0 upd_ctr=3 opt_step=48 E=0.725 g=0.100 VarTD=0.156906 ret_end=-27.038 dbar_end=0.732 occ_end=0.176 CSR_train=0.000 done_count=125
[upd 80] u=0 upd_ctr=4 opt_step=64 E=0.128 g=0.120 VarTD=0.160131 ret_end=-25.720 dbar_end=0.676 occ_end=0.200 CSR_train=0.000 done_count=125
[upd 90] u=0 upd_ctr=4 opt_step=64 E=0.553 g=0.111 VarTD=0.169299 ret_end=-26.524 dbar_end=0.700 occ_end=0.144 CSR_train=0.000 done_count=125
[upd 100] u=0 upd_ctr=4 opt_step=64 E=1.000 g=0.094 VarTD=0.165592 ret_end=-26.941 dbar_end=0.752 occ_end=0.176 CSR_train=0.000 done_count=125
[upd 110] u=0 upd_ctr=5 opt_step=80 E=0.446 g=0.122 VarTD=0.151665 ret_end=-25.708 dbar_end=0.670 occ_end=0.184 CSR_train=0.000 done_count=125
[upd 120] u=0 upd_ctr=5 opt_step=80 E=0.918 g=0.121 VarTD=0.160667 ret_end=-26.321 dbar_end=0.673 occ_end=0.200 CSR_train=0.000 done_count=125
[upd 130] u=0 upd_ctr=6 opt_step=96 E=0.357 g=0.115 VarTD=0.146702 ret_end=-25.419 dbar_end=0.690 occ_end=0.220 CSR_train=0.000 done_count=100
[upd 140] u=0 upd_ctr=6 opt_step=96 E=0.832 g=0.106 VarTD=0.154020 ret_end=-27.775 dbar_end=0.715 occ_end=0.160 CSR_train=0.000 done_count=125
[upd 150] u=0 upd_ctr=7 opt_step=112 E=0.291 g=0.127 VarTD=0.160283 ret_end=-26.173 dbar_end=0.658 occ_end=0.184 CSR_train=0.000 done_count=125
[upd 160] u=0 upd_ctr=7 opt_step=112 E=0.784 g=0.118 VarTD=0.145189 ret_end=-25.957 dbar_end=0.681 occ_end=0.176 CSR_train=0.000 done_count=125
[upd 170] u=0 upd_ctr=8 opt_step=128 E=0.252 g=0.125 VarTD=0.134277 ret_end=-25.448 dbar_end=0.664 occ_end=0.200 CSR_train=0.000 done_count=125
[upd 180] u=0 upd_ctr=8 opt_step=128 E=0.772 g=0.140 VarTD=0.129941 ret_end=-25.128 dbar_end=0.625 occ_end=0.312 CSR_train=0.000 done_count=125
[upd 190] u=0 upd_ctr=9 opt_step=144 E=0.251 g=0.120 VarTD=0.136137 ret_end=-26.098 dbar_end=0.674 occ_end=0.184 CSR_train=0.000 done_count=125
[upd 200] u=0 upd_ctr=9 opt_step=144 E=0.805 g=0.130 VarTD=0.159471 ret_end=-25.998 dbar_end=0.649 occ_end=0.200 CSR_train=0.000 done_count=125
[upd 210] u=0 upd_ctr=10 opt_step=160 E=0.339 g=0.151 VarTD=0.164961 ret_end=-24.392 dbar_end=0.603 occ_end=0.280 CSR_train=0.000 done_count=125
[upd 220] u=0 upd_ctr=10 opt_step=160 E=0.868 g=0.133 VarTD=0.168113 ret_end=-25.230 dbar_end=0.643 occ_end=0.312 CSR_train=0.000 done_count=125
[upd 230] u=0 upd_ctr=11 opt_step=176 E=0.387 g=0.148 VarTD=0.154110 ret_end=-24.619 dbar_end=0.608 occ_end=0.264 CSR_train=0.000 done_count=125
[upd 240] u=0 upd_ctr=11 opt_step=176 E=0.953 g=0.148 VarTD=0.155019 ret_end=-24.757 dbar_end=0.607 occ_end=0.264 CSR_train=0.000 done_count=125
[upd 250] u=0 upd_ctr=12 opt_step=192 E=0.507 g=0.139 VarTD=0.193816 ret_end=-25.717 dbar_end=0.629 occ_end=0.248 CSR_train=0.000 done_count=125
[upd 260] u=1 upd_ctr=13 opt_step=208 E=0.059 g=0.148 VarTD=0.173588 ret_end=-24.991 dbar_end=0.610 occ_end=0.240 CSR_train=0.000 done_count=100
[upd 270] u=0 upd_ctr=13 opt_step=208 E=0.628 g=0.136 VarTD=0.235469 ret_end=-25.123 dbar_end=0.636 occ_end=0.232 CSR_train=0.000 done_count=125
[upd 280] u=0 upd_ctr=14 opt_step=224 E=0.170 g=0.154 VarTD=0.233952 ret_end=-24.115 dbar_end=0.595 occ_end=0.288 CSR_train=0.000 done_count=125
[upd 290] u=0 upd_ctr=14 opt_step=224 E=0.750 g=0.137 VarTD=0.249460 ret_end=-25.310 dbar_end=0.633 occ_end=0.304 CSR_train=0.000 done_count=125
[upd 300] u=0 upd_ctr=15 opt_step=240 E=0.302 g=0.142 VarTD=0.268392 ret_end=-26.064 dbar_end=0.623 occ_end=0.288 CSR_train=0.000 done_count=125
[upd 310] u=0 upd_ctr=15 opt_step=240 E=0.874 g=0.136 VarTD=0.286045 ret_end=-25.855 dbar_end=0.636 occ_end=0.208 CSR_train=0.000 done_count=125
[Gate5 check] update_counter violations: t0=0 diffs=0
[Gate5 check] opt_step violations: t0=0 diffs=0 (expected_inc=16)
[Gate5 check] NaN masking: nan_on_skip=True finite_on_update=True
[Gate5 summary] mean_update_fraction=0.0481 final_executed_updates_mean=15.00
[Gate5 eval] done_count mean=100.0 CSR mean=0.0000 len_end_mean=26.00
[Gate5 eval] episodes_per_env=4 T_eval=104
[Gate5 eval-debug] locked_eps_occ=0.20 pre(step25): dbar_end=0.522306 occupied_end_mean=0.300000 max_tilde_end_mean=0.753364 CSR@locked=0.010000
[Gate5 eval-debug] locked_eps_occ=0.20 post(step26): dbar_end=0.517119 occupied_end_mean=0.350000 max_tilde_end_mean=0.748486 CSR@locked=0.000000
[Gate5 eval-debug] CSR_pre@0.10=0.0000 CSR_pre@0.15=0.0000 CSR_pre@0.20=0.0100 CSR_pre@0.25=0.0100 CSR_pre@0.30=0.0200
[Gate5 eval-debug] CSR_post@0.10=0.0000 CSR_post@0.15=0.0000 CSR_post@0.20=0.0000 CSR_post@0.25=0.0100 CSR_post@0.30=0.0100
