Importing submoduled environments...
Submoduled environments not found. Skipping import.
[upd 0] u=1 upd_ctr=1 opt_step=16 E=0.089 g=0.089 VarTD=0.155748 ret_end=-26.495 dbar_end=0.769 occ_end=0.110 CSR_train=0.000 done_count=100
[upd 10] u=0 upd_ctr=1 opt_step=16 E=1.000 g=0.096 VarTD=0.160584 ret_end=-27.044 dbar_end=0.748 occ_end=0.128 CSR_train=0.000 done_count=125
[upd 20] u=0 upd_ctr=2 opt_step=32 E=0.937 g=0.083 VarTD=0.210646 ret_end=-28.579 dbar_end=0.792 occ_end=0.168 CSR_train=0.000 done_count=125
[upd 30] u=0 upd_ctr=3 opt_step=48 E=0.863 g=0.093 VarTD=0.170692 ret_end=-27.165 dbar_end=0.757 occ_end=0.168 CSR_train=0.000 done_count=125
[upd 40] u=0 upd_ctr=4 opt_step=64 E=0.759 g=0.098 VarTD=0.172990 ret_end=-26.541 dbar_end=0.739 occ_end=0.168 CSR_train=0.000 done_count=125
[upd 50] u=0 upd_ctr=5 opt_step=80 E=0.725 g=0.104 VarTD=0.145139 ret_end=-26.909 dbar_end=0.720 occ_end=0.176 CSR_train=0.000 done_count=125
[upd 60] u=0 upd_ctr=6 opt_step=96 E=0.721 g=0.108 VarTD=0.158860 ret_end=-26.543 dbar_end=0.710 occ_end=0.184 CSR_train=0.000 done_count=125
[upd 70] u=0 upd_ctr=7 opt_step=112 E=0.798 g=0.116 VarTD=0.151420 ret_end=-25.467 dbar_end=0.685 occ_end=0.200 CSR_train=0.000 done_count=125
[upd 80] u=0 upd_ctr=8 opt_step=128 E=0.937 g=0.114 VarTD=0.148861 ret_end=-26.202 dbar_end=0.691 occ_end=0.184 CSR_train=0.000 done_count=125
[upd 90] u=0 upd_ctr=9 opt_step=144 E=1.000 g=0.123 VarTD=0.141508 ret_end=-25.687 dbar_end=0.668 occ_end=0.168 CSR_train=0.000 done_count=125
[upd 100] u=0 upd_ctr=11 opt_step=176 E=0.266 g=0.132 VarTD=0.176001 ret_end=-25.627 dbar_end=0.645 occ_end=0.200 CSR_train=0.000 done_count=125
[upd 110] u=0 upd_ctr=12 opt_step=192 E=0.517 g=0.137 VarTD=0.199889 ret_end=-25.774 dbar_end=0.633 occ_end=0.184 CSR_train=0.000 done_count=125
[upd 120] u=0 upd_ctr=13 opt_step=208 E=0.857 g=0.157 VarTD=0.204540 ret_end=-24.424 dbar_end=0.590 occ_end=0.240 CSR_train=0.000 done_count=125
[upd 130] u=0 upd_ctr=14 opt_step=224 E=1.000 g=0.148 VarTD=0.235503 ret_end=-25.355 dbar_end=0.608 occ_end=0.280 CSR_train=0.000 done_count=100
[upd 140] u=0 upd_ctr=16 opt_step=256 E=0.431 g=0.142 VarTD=0.327205 ret_end=-25.040 dbar_end=0.621 occ_end=0.216 CSR_train=0.000 done_count=125
[upd 150] u=0 upd_ctr=17 opt_step=272 E=0.894 g=0.155 VarTD=0.405520 ret_end=-23.594 dbar_end=0.594 occ_end=0.272 CSR_train=0.000 done_count=125
[upd 160] u=0 upd_ctr=19 opt_step=304 E=0.321 g=0.152 VarTD=0.525054 ret_end=-24.477 dbar_end=0.600 occ_end=0.184 CSR_train=0.000 done_count=125
[upd 170] u=0 upd_ctr=20 opt_step=320 E=0.761 g=0.152 VarTD=0.606379 ret_end=-24.525 dbar_end=0.600 occ_end=0.304 CSR_train=0.000 done_count=125
[upd 180] u=1 upd_ctr=22 opt_step=352 E=0.163 g=0.163 VarTD=0.705933 ret_end=-24.395 dbar_end=0.578 occ_end=0.336 CSR_train=0.000 done_count=125
[upd 190] u=0 upd_ctr=23 opt_step=368 E=0.662 g=0.168 VarTD=0.939580 ret_end=-24.402 dbar_end=0.567 occ_end=0.320 CSR_train=0.000 done_count=125
[upd 200] u=0 upd_ctr=25 opt_step=400 E=0.355 g=0.181 VarTD=1.176659 ret_end=-23.772 dbar_end=0.544 occ_end=0.296 CSR_train=0.000 done_count=125
[upd 210] u=0 upd_ctr=26 opt_step=416 E=1.000 g=0.180 VarTD=1.299974 ret_end=-23.692 dbar_end=0.545 occ_end=0.264 CSR_train=0.000 done_count=125
[upd 220] u=0 upd_ctr=28 opt_step=448 E=0.697 g=0.182 VarTD=1.572028 ret_end=-22.952 dbar_end=0.542 occ_end=0.256 CSR_train=0.000 done_count=125
[upd 230] u=0 upd_ctr=30 opt_step=480 E=0.379 g=0.187 VarTD=1.891616 ret_end=-23.281 dbar_end=0.534 occ_end=0.312 CSR_train=0.008 done_count=125
[upd 240] u=0 upd_ctr=31 opt_step=496 E=1.000 g=0.180 VarTD=2.003220 ret_end=-23.620 dbar_end=0.546 occ_end=0.336 CSR_train=0.008 done_count=125
[upd 250] u=0 upd_ctr=33 opt_step=528 E=0.738 g=0.185 VarTD=2.366448 ret_end=-23.139 dbar_end=0.538 occ_end=0.328 CSR_train=0.000 done_count=125
[upd 260] u=0 upd_ctr=35 opt_step=560 E=0.349 g=0.174 VarTD=2.119461 ret_end=-23.716 dbar_end=0.557 occ_end=0.290 CSR_train=0.000 done_count=100
[upd 270] u=0 upd_ctr=36 opt_step=576 E=1.000 g=0.176 VarTD=2.848687 ret_end=-23.144 dbar_end=0.553 occ_end=0.312 CSR_train=0.000 done_count=125
[upd 280] u=0 upd_ctr=38 opt_step=608 E=0.708 g=0.162 VarTD=3.125901 ret_end=-24.424 dbar_end=0.581 occ_end=0.288 CSR_train=0.008 done_count=125
[upd 290] u=0 upd_ctr=40 opt_step=640 E=0.363 g=0.188 VarTD=3.521780 ret_end=-22.607 dbar_end=0.532 occ_end=0.224 CSR_train=0.000 done_count=125
[upd 300] u=0 upd_ctr=41 opt_step=656 E=1.000 g=0.176 VarTD=3.642813 ret_end=-23.884 dbar_end=0.553 occ_end=0.296 CSR_train=0.000 done_count=125
[upd 310] u=0 upd_ctr=43 opt_step=688 E=0.734 g=0.182 VarTD=3.908415 ret_end=-24.166 dbar_end=0.543 occ_end=0.304 CSR_train=0.000 done_count=125
[Gate5 check] update_counter violations: t0=0 diffs=0
[Gate5 check] opt_step violations: t0=0 diffs=0 (expected_inc=16)
[Gate5 check] NaN masking: nan_on_skip=True finite_on_update=True
[Gate5 summary] mean_update_fraction=0.1378 final_executed_updates_mean=43.00
[Gate5 eval] done_count mean=100.0 CSR mean=0.0100 len_end_mean=26.00
[Gate5 eval] episodes_per_env=4 T_eval=104
[Gate5 eval-debug] locked_eps_occ=0.20 pre(step25): dbar_end=0.481256 occupied_end_mean=0.320000 max_tilde_end_mean=0.705168 CSR@locked=0.000000
[Gate5 eval-debug] locked_eps_occ=0.20 post(step26): dbar_end=0.473318 occupied_end_mean=0.360000 max_tilde_end_mean=0.676544 CSR@locked=0.010000
[Gate5 eval-debug] CSR_pre@0.10=0.0000 CSR_pre@0.15=0.0000 CSR_pre@0.20=0.0000 CSR_pre@0.25=0.0100 CSR_pre@0.30=0.0300
[Gate5 eval-debug] CSR_post@0.10=0.0000 CSR_post@0.15=0.0000 CSR_post@0.20=0.0100 CSR_post@0.25=0.0100 CSR_post@0.30=0.0300
