Importing submoduled environments...
Submoduled environments not found. Skipping import.
[upd 0] u=1 upd_ctr=1 opt_step=16 E=0.145 g=0.089 VarTD=0.155748 ret_end=-26.495 dbar_end=0.769 occ_end=0.110 CSR_train=0.000 done_count=100
[upd 10] u=0 upd_ctr=1 opt_step=16 E=0.605 g=0.096 VarTD=0.160584 ret_end=-27.044 dbar_end=0.748 occ_end=0.128 CSR_train=0.000 done_count=125
[upd 20] u=0 upd_ctr=2 opt_step=32 E=0.161 g=0.083 VarTD=0.210183 ret_end=-28.654 dbar_end=0.794 occ_end=0.160 CSR_train=0.000 done_count=125
[upd 30] u=0 upd_ctr=2 opt_step=32 E=0.631 g=0.090 VarTD=0.176802 ret_end=-27.185 dbar_end=0.766 occ_end=0.168 CSR_train=0.000 done_count=125
[upd 40] u=0 upd_ctr=3 opt_step=48 E=0.211 g=0.099 VarTD=0.177183 ret_end=-26.711 dbar_end=0.735 occ_end=0.208 CSR_train=0.000 done_count=125
[upd 50] u=0 upd_ctr=3 opt_step=48 E=0.723 g=0.103 VarTD=0.142396 ret_end=-26.959 dbar_end=0.725 occ_end=0.208 CSR_train=0.000 done_count=125
[upd 60] u=0 upd_ctr=4 opt_step=64 E=0.335 g=0.103 VarTD=0.157877 ret_end=-26.770 dbar_end=0.723 occ_end=0.216 CSR_train=0.000 done_count=125
[upd 70] u=0 upd_ctr=4 opt_step=64 E=0.858 g=0.104 VarTD=0.151728 ret_end=-26.035 dbar_end=0.722 occ_end=0.144 CSR_train=0.000 done_count=125
[upd 80] u=0 upd_ctr=5 opt_step=80 E=0.490 g=0.101 VarTD=0.138694 ret_end=-26.839 dbar_end=0.729 occ_end=0.144 CSR_train=0.000 done_count=125
[upd 90] u=0 upd_ctr=6 opt_step=96 E=0.122 g=0.107 VarTD=0.130797 ret_end=-26.590 dbar_end=0.711 occ_end=0.208 CSR_train=0.000 done_count=125
[upd 100] u=0 upd_ctr=6 opt_step=96 E=0.672 g=0.106 VarTD=0.149807 ret_end=-26.828 dbar_end=0.713 occ_end=0.208 CSR_train=0.000 done_count=125
[upd 110] u=0 upd_ctr=7 opt_step=112 E=0.320 g=0.119 VarTD=0.138879 ret_end=-26.529 dbar_end=0.678 occ_end=0.200 CSR_train=0.000 done_count=125
[upd 120] u=0 upd_ctr=7 opt_step=112 E=0.890 g=0.130 VarTD=0.136817 ret_end=-25.386 dbar_end=0.650 occ_end=0.256 CSR_train=0.000 done_count=125
[upd 130] u=0 upd_ctr=8 opt_step=128 E=0.575 g=0.123 VarTD=0.161734 ret_end=-26.730 dbar_end=0.667 occ_end=0.280 CSR_train=0.000 done_count=100
[upd 140] u=0 upd_ctr=9 opt_step=144 E=0.258 g=0.110 VarTD=0.143799 ret_end=-26.176 dbar_end=0.702 occ_end=0.160 CSR_train=0.000 done_count=125
[upd 150] u=0 upd_ctr=9 opt_step=144 E=0.860 g=0.113 VarTD=0.155224 ret_end=-25.501 dbar_end=0.695 occ_end=0.184 CSR_train=0.000 done_count=125
[upd 160] u=0 upd_ctr=10 opt_step=160 E=0.581 g=0.136 VarTD=0.159757 ret_end=-25.545 dbar_end=0.635 occ_end=0.192 CSR_train=0.000 done_count=125
[upd 170] u=0 upd_ctr=11 opt_step=176 E=0.289 g=0.121 VarTD=0.175131 ret_end=-25.977 dbar_end=0.672 occ_end=0.256 CSR_train=0.000 done_count=125
[upd 180] u=0 upd_ctr=11 opt_step=176 E=0.924 g=0.123 VarTD=0.151437 ret_end=-25.671 dbar_end=0.668 occ_end=0.208 CSR_train=0.000 done_count=125
[upd 190] u=0 upd_ctr=12 opt_step=192 E=0.678 g=0.123 VarTD=0.211499 ret_end=-26.271 dbar_end=0.666 occ_end=0.200 CSR_train=0.000 done_count=125
[upd 200] u=0 upd_ctr=13 opt_step=208 E=0.425 g=0.124 VarTD=0.203599 ret_end=-25.726 dbar_end=0.664 occ_end=0.224 CSR_train=0.008 done_count=125
[upd 210] u=0 upd_ctr=14 opt_step=224 E=0.171 g=0.133 VarTD=0.245527 ret_end=-25.488 dbar_end=0.643 occ_end=0.184 CSR_train=0.000 done_count=125
[upd 220] u=0 upd_ctr=14 opt_step=224 E=0.827 g=0.133 VarTD=0.228002 ret_end=-24.906 dbar_end=0.642 occ_end=0.192 CSR_train=0.000 done_count=125
[upd 230] u=0 upd_ctr=15 opt_step=240 E=0.614 g=0.143 VarTD=0.272251 ret_end=-25.230 dbar_end=0.620 occ_end=0.280 CSR_train=0.000 done_count=125
[upd 240] u=0 upd_ctr=16 opt_step=256 E=0.412 g=0.134 VarTD=0.338463 ret_end=-24.995 dbar_end=0.641 occ_end=0.160 CSR_train=0.000 done_count=125
[upd 250] u=0 upd_ctr=17 opt_step=272 E=0.219 g=0.154 VarTD=0.417402 ret_end=-24.041 dbar_end=0.595 occ_end=0.264 CSR_train=0.000 done_count=125
[upd 260] u=0 upd_ctr=17 opt_step=272 E=0.965 g=0.144 VarTD=0.338437 ret_end=-25.077 dbar_end=0.616 occ_end=0.320 CSR_train=0.000 done_count=100
[upd 270] u=0 upd_ctr=18 opt_step=288 E=0.828 g=0.154 VarTD=0.461254 ret_end=-24.128 dbar_end=0.596 occ_end=0.216 CSR_train=0.000 done_count=125
[upd 280] u=0 upd_ctr=19 opt_step=304 E=0.732 g=0.158 VarTD=0.558406 ret_end=-25.178 dbar_end=0.589 occ_end=0.264 CSR_train=0.000 done_count=125
[upd 290] u=0 upd_ctr=20 opt_step=320 E=0.638 g=0.163 VarTD=0.635599 ret_end=-23.922 dbar_end=0.577 occ_end=0.248 CSR_train=0.000 done_count=125
[upd 300] u=0 upd_ctr=21 opt_step=336 E=0.541 g=0.157 VarTD=0.739441 ret_end=-24.805 dbar_end=0.590 occ_end=0.240 CSR_train=0.000 done_count=125
[upd 310] u=0 upd_ctr=22 opt_step=352 E=0.471 g=0.166 VarTD=0.831455 ret_end=-24.662 dbar_end=0.572 occ_end=0.304 CSR_train=0.000 done_count=125
[Gate5 check] update_counter violations: t0=0 diffs=0
[Gate5 check] opt_step violations: t0=0 diffs=0 (expected_inc=16)
[Gate5 check] NaN masking: nan_on_skip=True finite_on_update=True
[Gate5 summary] mean_update_fraction=0.0705 final_executed_updates_mean=22.00
[Gate5 eval] done_count mean=100.0 CSR mean=0.0100 len_end_mean=26.00
[Gate5 eval] episodes_per_env=4 T_eval=104
[Gate5 eval-debug] locked_eps_occ=0.20 pre(step25): dbar_end=0.476974 occupied_end_mean=0.430000 max_tilde_end_mean=0.685258 CSR@locked=0.020000
[Gate5 eval-debug] locked_eps_occ=0.20 post(step26): dbar_end=0.481183 occupied_end_mean=0.390000 max_tilde_end_mean=0.688018 CSR@locked=0.010000
[Gate5 eval-debug] CSR_pre@0.10=0.0000 CSR_pre@0.15=0.0000 CSR_pre@0.20=0.0200 CSR_pre@0.25=0.0300 CSR_pre@0.30=0.0500
[Gate5 eval-debug] CSR_post@0.10=0.0000 CSR_post@0.15=0.0000 CSR_post@0.20=0.0100 CSR_post@0.25=0.0100 CSR_post@0.30=0.0300
