Importing submoduled environments...
Submoduled environments not found. Skipping import.
[upd 0] u=1 upd_ctr=1 opt_step=16 E=0.059 g=0.092 VarTD=0.127621 ret_end=-27.319 dbar_end=0.760 occ_end=0.140 CSR_train=0.000 done_count=100
[upd 10] u=0 upd_ctr=1 opt_step=16 E=0.154 g=0.102 VarTD=0.162085 ret_end=-27.682 dbar_end=0.727 occ_end=0.168 CSR_train=0.000 done_count=125
[upd 20] u=0 upd_ctr=1 opt_step=16 E=0.244 g=0.083 VarTD=0.141936 ret_end=-28.343 dbar_end=0.793 occ_end=0.144 CSR_train=0.000 done_count=125
[upd 30] u=0 upd_ctr=1 opt_step=16 E=0.338 g=0.093 VarTD=0.135564 ret_end=-27.031 dbar_end=0.758 occ_end=0.192 CSR_train=0.000 done_count=125
[upd 40] u=0 upd_ctr=1 opt_step=16 E=0.426 g=0.084 VarTD=0.154401 ret_end=-27.905 dbar_end=0.790 occ_end=0.096 CSR_train=0.000 done_count=125
[upd 50] u=0 upd_ctr=1 opt_step=16 E=0.518 g=0.095 VarTD=0.140026 ret_end=-26.932 dbar_end=0.749 occ_end=0.168 CSR_train=0.000 done_count=125
[upd 60] u=0 upd_ctr=1 opt_step=16 E=0.610 g=0.095 VarTD=0.130992 ret_end=-27.314 dbar_end=0.751 occ_end=0.152 CSR_train=0.000 done_count=125
[upd 70] u=0 upd_ctr=1 opt_step=16 E=0.701 g=0.092 VarTD=0.171389 ret_end=-27.586 dbar_end=0.760 occ_end=0.160 CSR_train=0.000 done_count=125
[upd 80] u=0 upd_ctr=1 opt_step=16 E=0.797 g=0.090 VarTD=0.156266 ret_end=-26.835 dbar_end=0.765 occ_end=0.136 CSR_train=0.000 done_count=125
[upd 90] u=0 upd_ctr=1 opt_step=16 E=0.892 g=0.090 VarTD=0.155652 ret_end=-28.668 dbar_end=0.766 occ_end=0.152 CSR_train=0.000 done_count=125
[upd 100] u=0 upd_ctr=2 opt_step=32 E=0.034 g=0.105 VarTD=0.139001 ret_end=-25.848 dbar_end=0.717 occ_end=0.224 CSR_train=0.000 done_count=125
[upd 110] u=0 upd_ctr=2 opt_step=32 E=0.130 g=0.087 VarTD=0.178789 ret_end=-28.400 dbar_end=0.779 occ_end=0.120 CSR_train=0.000 done_count=125
[upd 120] u=0 upd_ctr=2 opt_step=32 E=0.225 g=0.100 VarTD=0.135042 ret_end=-27.496 dbar_end=0.735 occ_end=0.144 CSR_train=0.000 done_count=125
[upd 130] u=0 upd_ctr=2 opt_step=32 E=0.319 g=0.102 VarTD=0.119619 ret_end=-25.996 dbar_end=0.726 occ_end=0.170 CSR_train=0.000 done_count=100
[upd 140] u=0 upd_ctr=2 opt_step=32 E=0.415 g=0.113 VarTD=0.148430 ret_end=-26.810 dbar_end=0.695 occ_end=0.176 CSR_train=0.000 done_count=125
[upd 150] u=0 upd_ctr=2 opt_step=32 E=0.512 g=0.094 VarTD=0.136645 ret_end=-27.106 dbar_end=0.754 occ_end=0.152 CSR_train=0.000 done_count=125
[upd 160] u=0 upd_ctr=2 opt_step=32 E=0.602 g=0.095 VarTD=0.122926 ret_end=-27.476 dbar_end=0.748 occ_end=0.208 CSR_train=0.008 done_count=125
[upd 170] u=0 upd_ctr=2 opt_step=32 E=0.696 g=0.102 VarTD=0.156872 ret_end=-26.515 dbar_end=0.728 occ_end=0.120 CSR_train=0.000 done_count=125
[upd 180] u=0 upd_ctr=2 opt_step=32 E=0.795 g=0.101 VarTD=0.170273 ret_end=-26.581 dbar_end=0.731 occ_end=0.144 CSR_train=0.000 done_count=125
[upd 190] u=0 upd_ctr=2 opt_step=32 E=0.887 g=0.089 VarTD=0.156428 ret_end=-27.507 dbar_end=0.771 occ_end=0.144 CSR_train=0.000 done_count=125
[upd 200] u=0 upd_ctr=3 opt_step=48 E=0.033 g=0.101 VarTD=0.123460 ret_end=-27.172 dbar_end=0.730 occ_end=0.176 CSR_train=0.000 done_count=125
[upd 210] u=0 upd_ctr=3 opt_step=48 E=0.132 g=0.090 VarTD=0.135297 ret_end=-27.856 dbar_end=0.768 occ_end=0.080 CSR_train=0.000 done_count=125
[upd 220] u=0 upd_ctr=3 opt_step=48 E=0.225 g=0.097 VarTD=0.134012 ret_end=-27.216 dbar_end=0.741 occ_end=0.096 CSR_train=0.000 done_count=125
[upd 230] u=0 upd_ctr=3 opt_step=48 E=0.318 g=0.085 VarTD=0.165926 ret_end=-28.054 dbar_end=0.786 occ_end=0.128 CSR_train=0.000 done_count=125
[upd 240] u=0 upd_ctr=3 opt_step=48 E=0.414 g=0.078 VarTD=0.179178 ret_end=-28.595 dbar_end=0.814 occ_end=0.128 CSR_train=0.000 done_count=125
[upd 250] u=0 upd_ctr=3 opt_step=48 E=0.510 g=0.095 VarTD=0.166077 ret_end=-27.639 dbar_end=0.748 occ_end=0.104 CSR_train=0.000 done_count=125
[upd 260] u=0 upd_ctr=3 opt_step=48 E=0.607 g=0.081 VarTD=0.164152 ret_end=-28.265 dbar_end=0.799 occ_end=0.130 CSR_train=0.000 done_count=100
[upd 270] u=0 upd_ctr=3 opt_step=48 E=0.703 g=0.090 VarTD=0.123481 ret_end=-27.683 dbar_end=0.766 occ_end=0.152 CSR_train=0.000 done_count=125
[upd 280] u=0 upd_ctr=3 opt_step=48 E=0.803 g=0.094 VarTD=0.155182 ret_end=-26.864 dbar_end=0.752 occ_end=0.152 CSR_train=0.000 done_count=125
[upd 290] u=0 upd_ctr=3 opt_step=48 E=0.901 g=0.105 VarTD=0.139157 ret_end=-26.316 dbar_end=0.719 occ_end=0.216 CSR_train=0.000 done_count=125
[upd 300] u=0 upd_ctr=4 opt_step=64 E=0.047 g=0.106 VarTD=0.148193 ret_end=-26.907 dbar_end=0.716 occ_end=0.152 CSR_train=0.000 done_count=125
[upd 310] u=0 upd_ctr=4 opt_step=64 E=0.146 g=0.099 VarTD=0.129488 ret_end=-26.218 dbar_end=0.737 occ_end=0.128 CSR_train=0.000 done_count=125
[Gate5 check] update_counter violations: t0=0 diffs=0
[Gate5 check] opt_step violations: t0=0 diffs=0 (expected_inc=16)
[Gate5 check] NaN masking: nan_on_skip=True finite_on_update=True
[Gate5 summary] mean_update_fraction=0.0128 final_executed_updates_mean=4.00
[Gate5 eval] done_count mean=100.0 CSR mean=0.0000 len_end_mean=26.00
[Gate5 eval] episodes_per_env=4 T_eval=104
[Gate5 eval-debug] locked_eps_occ=0.20 pre(step25): dbar_end=0.510576 occupied_end_mean=0.360000 max_tilde_end_mean=0.749864 CSR@locked=0.000000
[Gate5 eval-debug] locked_eps_occ=0.20 post(step26): dbar_end=0.516181 occupied_end_mean=0.360000 max_tilde_end_mean=0.753018 CSR@locked=0.000000
[Gate5 eval-debug] CSR_pre@0.10=0.0000 CSR_pre@0.15=0.0000 CSR_pre@0.20=0.0000 CSR_pre@0.25=0.0100 CSR_pre@0.30=0.0400
[Gate5 eval-debug] CSR_post@0.10=0.0000 CSR_post@0.15=0.0000 CSR_post@0.20=0.0000 CSR_post@0.25=0.0100 CSR_post@0.30=0.0300
