Importing submoduled environments...
Submoduled environments not found. Skipping import.
[upd 0] u=1 upd_ctr=1 opt_step=16 E=0.107 g=0.082 VarTD=0.214117 ret_end=-27.772 dbar_end=0.796 occ_end=0.070 CSR_train=0.000 done_count=100
[upd 10] u=0 upd_ctr=1 opt_step=16 E=0.756 g=0.092 VarTD=0.178600 ret_end=-26.630 dbar_end=0.760 occ_end=0.136 CSR_train=0.000 done_count=125
[upd 20] u=0 upd_ctr=2 opt_step=32 E=0.482 g=0.108 VarTD=0.147154 ret_end=-27.247 dbar_end=0.708 occ_end=0.160 CSR_train=0.000 done_count=125
[upd 30] u=0 upd_ctr=3 opt_step=48 E=0.226 g=0.098 VarTD=0.163331 ret_end=-26.829 dbar_end=0.739 occ_end=0.224 CSR_train=0.000 done_count=125
[upd 40] u=0 upd_ctr=3 opt_step=48 E=0.955 g=0.103 VarTD=0.142968 ret_end=-26.404 dbar_end=0.723 occ_end=0.144 CSR_train=0.000 done_count=125
[upd 50] u=0 upd_ctr=4 opt_step=64 E=0.758 g=0.108 VarTD=0.145928 ret_end=-26.546 dbar_end=0.710 occ_end=0.184 CSR_train=0.000 done_count=125
[upd 60] u=0 upd_ctr=5 opt_step=80 E=0.548 g=0.104 VarTD=0.170385 ret_end=-27.089 dbar_end=0.722 occ_end=0.160 CSR_train=0.000 done_count=125
[upd 70] u=0 upd_ctr=6 opt_step=96 E=0.333 g=0.102 VarTD=0.174335 ret_end=-26.436 dbar_end=0.726 occ_end=0.168 CSR_train=0.000 done_count=125
[upd 80] u=1 upd_ctr=7 opt_step=112 E=0.124 g=0.105 VarTD=0.149400 ret_end=-27.757 dbar_end=0.718 occ_end=0.232 CSR_train=0.000 done_count=125
[upd 90] u=0 upd_ctr=7 opt_step=112 E=0.890 g=0.101 VarTD=0.153440 ret_end=-26.827 dbar_end=0.731 occ_end=0.160 CSR_train=0.000 done_count=125
[upd 100] u=0 upd_ctr=8 opt_step=128 E=0.701 g=0.112 VarTD=0.163785 ret_end=-25.921 dbar_end=0.697 occ_end=0.248 CSR_train=0.000 done_count=125
[upd 110] u=0 upd_ctr=9 opt_step=144 E=0.527 g=0.121 VarTD=0.161166 ret_end=-26.120 dbar_end=0.674 occ_end=0.256 CSR_train=0.000 done_count=125
[upd 120] u=0 upd_ctr=10 opt_step=160 E=0.393 g=0.119 VarTD=0.194639 ret_end=-26.249 dbar_end=0.679 occ_end=0.240 CSR_train=0.000 done_count=125
[upd 130] u=0 upd_ctr=11 opt_step=176 E=0.306 g=0.127 VarTD=0.188726 ret_end=-25.242 dbar_end=0.657 occ_end=0.250 CSR_train=0.000 done_count=100
[upd 140] u=0 upd_ctr=12 opt_step=192 E=0.211 g=0.120 VarTD=0.237371 ret_end=-25.691 dbar_end=0.675 occ_end=0.184 CSR_train=0.000 done_count=125
[upd 150] u=1 upd_ctr=13 opt_step=208 E=0.133 g=0.134 VarTD=0.221588 ret_end=-24.805 dbar_end=0.641 occ_end=0.216 CSR_train=0.000 done_count=125
[upd 160] u=0 upd_ctr=13 opt_step=208 E=1.000 g=0.135 VarTD=0.250578 ret_end=-25.181 dbar_end=0.639 occ_end=0.248 CSR_train=0.000 done_count=125
[upd 170] u=0 upd_ctr=14 opt_step=224 E=0.927 g=0.127 VarTD=0.260651 ret_end=-25.139 dbar_end=0.657 occ_end=0.208 CSR_train=0.000 done_count=125
[upd 180] u=0 upd_ctr=15 opt_step=240 E=0.884 g=0.140 VarTD=0.271273 ret_end=-24.397 dbar_end=0.627 occ_end=0.152 CSR_train=0.000 done_count=125
[upd 190] u=0 upd_ctr=16 opt_step=256 E=0.918 g=0.150 VarTD=0.325398 ret_end=-24.503 dbar_end=0.604 occ_end=0.272 CSR_train=0.000 done_count=125
[upd 200] u=0 upd_ctr=17 opt_step=272 E=0.907 g=0.148 VarTD=0.404649 ret_end=-24.653 dbar_end=0.609 occ_end=0.248 CSR_train=0.000 done_count=125
[upd 210] u=0 upd_ctr=18 opt_step=288 E=0.915 g=0.130 VarTD=0.464894 ret_end=-25.782 dbar_end=0.649 occ_end=0.216 CSR_train=0.000 done_count=125
[upd 220] u=0 upd_ctr=19 opt_step=304 E=0.954 g=0.141 VarTD=0.542149 ret_end=-24.419 dbar_end=0.624 occ_end=0.240 CSR_train=0.000 done_count=125
[upd 230] u=0 upd_ctr=20 opt_step=320 E=0.977 g=0.128 VarTD=0.624643 ret_end=-25.421 dbar_end=0.655 occ_end=0.216 CSR_train=0.000 done_count=125
[upd 240] u=0 upd_ctr=21 opt_step=336 E=1.000 g=0.154 VarTD=0.703854 ret_end=-24.388 dbar_end=0.596 occ_end=0.272 CSR_train=0.016 done_count=125
[upd 250] u=1 upd_ctr=23 opt_step=368 E=0.103 g=0.130 VarTD=0.792633 ret_end=-24.626 dbar_end=0.649 occ_end=0.184 CSR_train=0.000 done_count=125
[upd 260] u=1 upd_ctr=24 opt_step=384 E=0.148 g=0.141 VarTD=0.755608 ret_end=-24.621 dbar_end=0.625 occ_end=0.230 CSR_train=0.010 done_count=100
[upd 270] u=0 upd_ctr=25 opt_step=400 E=0.260 g=0.141 VarTD=1.182564 ret_end=-25.347 dbar_end=0.624 occ_end=0.224 CSR_train=0.000 done_count=125
[upd 280] u=0 upd_ctr=26 opt_step=416 E=0.364 g=0.161 VarTD=1.292567 ret_end=-23.661 dbar_end=0.581 occ_end=0.360 CSR_train=0.000 done_count=125
[upd 290] u=0 upd_ctr=27 opt_step=432 E=0.468 g=0.140 VarTD=1.410701 ret_end=-25.454 dbar_end=0.626 occ_end=0.176 CSR_train=0.000 done_count=125
[upd 300] u=0 upd_ctr=28 opt_step=448 E=0.558 g=0.152 VarTD=1.630400 ret_end=-24.517 dbar_end=0.599 occ_end=0.232 CSR_train=0.000 done_count=125
[upd 310] u=0 upd_ctr=29 opt_step=464 E=0.680 g=0.145 VarTD=1.707175 ret_end=-24.722 dbar_end=0.615 occ_end=0.208 CSR_train=0.000 done_count=125
[Gate5 check] update_counter violations: t0=0 diffs=0
[Gate5 check] opt_step violations: t0=0 diffs=0 (expected_inc=16)
[Gate5 check] NaN masking: nan_on_skip=True finite_on_update=True
[Gate5 summary] mean_update_fraction=0.0929 final_executed_updates_mean=29.00
[Gate5 eval] done_count mean=100.0 CSR mean=0.0000 len_end_mean=26.00
[Gate5 eval] episodes_per_env=4 T_eval=104
[Gate5 eval-debug] locked_eps_occ=0.20 pre(step25): dbar_end=0.457914 occupied_end_mean=0.520000 max_tilde_end_mean=0.660274 CSR@locked=0.000000
[Gate5 eval-debug] locked_eps_occ=0.20 post(step26): dbar_end=0.457692 occupied_end_mean=0.480000 max_tilde_end_mean=0.656579 CSR@locked=0.000000
[Gate5 eval-debug] CSR_pre@0.10=0.0000 CSR_pre@0.15=0.0000 CSR_pre@0.20=0.0000 CSR_pre@0.25=0.0000 CSR_pre@0.30=0.0500
[Gate5 eval-debug] CSR_post@0.10=0.0000 CSR_post@0.15=0.0000 CSR_post@0.20=0.0000 CSR_post@0.25=0.0100 CSR_post@0.30=0.0100
