Importing submoduled environments...
Submoduled environments not found. Skipping import.
[upd 0] u=1 upd_ctr=1 opt_step=16 E=0.908 g=0.083 VarTD=0.159821 ret_end=-27.605 dbar_end=0.794 occ_end=0.110 CSR_train=0.000 done_count=100
[upd 10] u=1 upd_ctr=11 opt_step=176 E=0.018 g=0.119 VarTD=0.169564 ret_end=-25.911 dbar_end=0.678 occ_end=0.200 CSR_train=0.000 done_count=125
[upd 20] u=0 upd_ctr=12 opt_step=192 E=0.050 g=0.133 VarTD=0.182500 ret_end=-24.891 dbar_end=0.641 occ_end=0.200 CSR_train=0.000 done_count=125
[upd 30] u=0 upd_ctr=13 opt_step=208 E=0.085 g=0.149 VarTD=0.213047 ret_end=-24.505 dbar_end=0.607 occ_end=0.232 CSR_train=0.000 done_count=125
[upd 40] u=1 upd_ctr=15 opt_step=240 E=0.025 g=0.150 VarTD=0.215204 ret_end=-24.758 dbar_end=0.603 occ_end=0.168 CSR_train=0.000 done_count=125
[upd 50] u=0 upd_ctr=16 opt_step=256 E=0.076 g=0.130 VarTD=0.313986 ret_end=-26.059 dbar_end=0.649 occ_end=0.232 CSR_train=0.000 done_count=125
[upd 60] u=1 upd_ctr=18 opt_step=288 E=0.019 g=0.136 VarTD=0.336364 ret_end=-25.197 dbar_end=0.634 occ_end=0.128 CSR_train=0.000 done_count=125
[upd 70] u=0 upd_ctr=19 opt_step=304 E=0.060 g=0.141 VarTD=0.468248 ret_end=-25.080 dbar_end=0.624 occ_end=0.248 CSR_train=0.016 done_count=125
[upd 80] u=0 upd_ctr=20 opt_step=320 E=0.100 g=0.138 VarTD=0.551288 ret_end=-25.014 dbar_end=0.631 occ_end=0.256 CSR_train=0.000 done_count=125
[upd 90] u=0 upd_ctr=22 opt_step=352 E=0.044 g=0.150 VarTD=0.746442 ret_end=-25.338 dbar_end=0.604 occ_end=0.232 CSR_train=0.000 done_count=125
[upd 100] u=0 upd_ctr=23 opt_step=368 E=0.091 g=0.142 VarTD=0.796040 ret_end=-25.537 dbar_end=0.621 occ_end=0.232 CSR_train=0.000 done_count=125
[upd 110] u=0 upd_ctr=25 opt_step=400 E=0.038 g=0.143 VarTD=1.017092 ret_end=-24.251 dbar_end=0.618 occ_end=0.200 CSR_train=0.008 done_count=125
[upd 120] u=0 upd_ctr=26 opt_step=416 E=0.092 g=0.161 VarTD=1.126046 ret_end=-23.827 dbar_end=0.583 occ_end=0.312 CSR_train=0.000 done_count=125
[Gate5 check] update_counter violations: t0=0 diffs=0
[Gate5 check] opt_step violations: t0=0 diffs=0 (expected_inc=16)
[Gate5 check] NaN masking: nan_on_skip=True finite_on_update=True
[Gate5 summary] mean_update_fraction=0.2160 final_executed_updates_mean=27.00
[Gate5 eval] done_count mean=100.0 CSR mean=0.0000 len_end_mean=26.00
[Gate5 eval] episodes_per_env=4 T_eval=104
[Gate5 eval-debug] locked_eps_occ=0.20 pre(step25): dbar_end=0.479397 occupied_end_mean=0.330000 max_tilde_end_mean=0.663156 CSR@locked=0.000000
[Gate5 eval-debug] locked_eps_occ=0.20 post(step26): dbar_end=0.479477 occupied_end_mean=0.340000 max_tilde_end_mean=0.666239 CSR@locked=0.000000
[Gate5 eval-debug] CSR_pre@0.10=0.0000 CSR_pre@0.15=0.0000 CSR_pre@0.20=0.0000 CSR_pre@0.25=0.0000 CSR_pre@0.30=0.0400
[Gate5 eval-debug] CSR_post@0.10=0.0000 CSR_post@0.15=0.0000 CSR_post@0.20=0.0000 CSR_post@0.25=0.0000 CSR_post@0.30=0.0400
