Importing submoduled environments...
Submoduled environments not found. Skipping import.
[upd 0] u=1 upd_ctr=1 opt_step=16 E=0.066 g=0.094 VarTD=0.148631 ret_end=-26.843 dbar_end=0.752 occ_end=0.140 CSR_train=0.000 done_count=100
[upd 10] u=0 upd_ctr=1 opt_step=16 E=0.709 g=0.098 VarTD=0.120442 ret_end=-26.989 dbar_end=0.738 occ_end=0.144 CSR_train=0.000 done_count=125
[upd 20] u=0 upd_ctr=2 opt_step=32 E=0.348 g=0.099 VarTD=0.155438 ret_end=-27.369 dbar_end=0.736 occ_end=0.128 CSR_train=0.000 done_count=125
[upd 30] u=0 upd_ctr=2 opt_step=32 E=1.000 g=0.096 VarTD=0.134022 ret_end=-26.756 dbar_end=0.747 occ_end=0.160 CSR_train=0.000 done_count=125
[upd 40] u=0 upd_ctr=3 opt_step=48 E=0.735 g=0.109 VarTD=0.153701 ret_end=-26.464 dbar_end=0.705 occ_end=0.200 CSR_train=0.008 done_count=125
[upd 50] u=0 upd_ctr=4 opt_step=64 E=0.448 g=0.113 VarTD=0.138778 ret_end=-26.810 dbar_end=0.693 occ_end=0.184 CSR_train=0.000 done_count=125
[upd 60] u=0 upd_ctr=5 opt_step=80 E=0.153 g=0.102 VarTD=0.149026 ret_end=-26.800 dbar_end=0.727 occ_end=0.160 CSR_train=0.000 done_count=125
[upd 70] u=0 upd_ctr=5 opt_step=80 E=0.943 g=0.112 VarTD=0.131552 ret_end=-25.682 dbar_end=0.698 occ_end=0.176 CSR_train=0.000 done_count=125
[upd 80] u=0 upd_ctr=6 opt_step=96 E=0.719 g=0.118 VarTD=0.117137 ret_end=-25.619 dbar_end=0.680 occ_end=0.152 CSR_train=0.000 done_count=125
[upd 90] u=0 upd_ctr=7 opt_step=112 E=0.496 g=0.126 VarTD=0.131255 ret_end=-25.102 dbar_end=0.660 occ_end=0.216 CSR_train=0.000 done_count=125
[upd 100] u=0 upd_ctr=8 opt_step=128 E=0.347 g=0.118 VarTD=0.170278 ret_end=-26.199 dbar_end=0.680 occ_end=0.192 CSR_train=0.000 done_count=125
[upd 110] u=0 upd_ctr=9 opt_step=144 E=0.164 g=0.125 VarTD=0.176292 ret_end=-25.657 dbar_end=0.663 occ_end=0.240 CSR_train=0.000 done_count=125
[upd 120] u=0 upd_ctr=9 opt_step=144 E=1.000 g=0.126 VarTD=0.140477 ret_end=-25.321 dbar_end=0.661 occ_end=0.200 CSR_train=0.000 done_count=125
[Gate5 check] update_counter violations: t0=0 diffs=0
[Gate5 check] opt_step violations: t0=0 diffs=0 (expected_inc=16)
[Gate5 check] NaN masking: nan_on_skip=True finite_on_update=True
[Gate5 summary] mean_update_fraction=0.0800 final_executed_updates_mean=10.00
[Gate5 eval] done_count mean=100.0 CSR mean=0.0000 len_end_mean=26.00
[Gate5 eval] episodes_per_env=4 T_eval=104
[Gate5 eval-debug] locked_eps_occ=0.20 pre(step25): dbar_end=0.529150 occupied_end_mean=0.340000 max_tilde_end_mean=0.784965 CSR@locked=0.000000
[Gate5 eval-debug] locked_eps_occ=0.20 post(step26): dbar_end=0.530142 occupied_end_mean=0.350000 max_tilde_end_mean=0.792737 CSR@locked=0.000000
[Gate5 eval-debug] CSR_pre@0.10=0.0000 CSR_pre@0.15=0.0000 CSR_pre@0.20=0.0000 CSR_pre@0.25=0.0100 CSR_pre@0.30=0.0100
[Gate5 eval-debug] CSR_post@0.10=0.0000 CSR_post@0.15=0.0000 CSR_post@0.20=0.0000 CSR_post@0.25=0.0100 CSR_post@0.30=0.0100
