Importing submoduled environments...
Submoduled environments not found. Skipping import.
[upd 0] u=1 upd_ctr=1 opt_step=16 E=0.127 g=0.086 VarTD=0.176520 ret_end=-28.138 dbar_end=0.781 occ_end=0.160 CSR_train=0.000 done_count=100
[upd 10] u=0 upd_ctr=1 opt_step=16 E=0.953 g=0.084 VarTD=0.149910 ret_end=-27.579 dbar_end=0.789 occ_end=0.128 CSR_train=0.000 done_count=125
[upd 20] u=0 upd_ctr=2 opt_step=32 E=0.878 g=0.106 VarTD=0.152530 ret_end=-27.135 dbar_end=0.715 occ_end=0.160 CSR_train=0.000 done_count=125
[upd 30] u=0 upd_ctr=3 opt_step=48 E=0.832 g=0.097 VarTD=0.147566 ret_end=-26.200 dbar_end=0.743 occ_end=0.152 CSR_train=0.000 done_count=125
[upd 40] u=0 upd_ctr=4 opt_step=64 E=0.771 g=0.105 VarTD=0.150785 ret_end=-26.413 dbar_end=0.719 occ_end=0.176 CSR_train=0.000 done_count=125
[upd 50] u=0 upd_ctr=5 opt_step=80 E=0.785 g=0.101 VarTD=0.159031 ret_end=-26.915 dbar_end=0.729 occ_end=0.184 CSR_train=0.000 done_count=125
[upd 60] u=0 upd_ctr=6 opt_step=96 E=0.757 g=0.102 VarTD=0.146416 ret_end=-26.686 dbar_end=0.726 occ_end=0.168 CSR_train=0.000 done_count=125
[upd 70] u=0 upd_ctr=7 opt_step=112 E=0.701 g=0.102 VarTD=0.150203 ret_end=-26.636 dbar_end=0.728 occ_end=0.136 CSR_train=0.000 done_count=125
[upd 80] u=0 upd_ctr=8 opt_step=128 E=0.746 g=0.128 VarTD=0.159453 ret_end=-25.260 dbar_end=0.654 occ_end=0.232 CSR_train=0.000 done_count=125
[upd 90] u=0 upd_ctr=9 opt_step=144 E=0.748 g=0.116 VarTD=0.169336 ret_end=-26.209 dbar_end=0.685 occ_end=0.200 CSR_train=0.000 done_count=125
[upd 100] u=0 upd_ctr=10 opt_step=160 E=0.919 g=0.109 VarTD=0.181503 ret_end=-26.305 dbar_end=0.707 occ_end=0.232 CSR_train=0.000 done_count=125
[upd 110] u=0 upd_ctr=11 opt_step=176 E=1.000 g=0.138 VarTD=0.167697 ret_end=-25.040 dbar_end=0.631 occ_end=0.232 CSR_train=0.000 done_count=125
[upd 120] u=0 upd_ctr=13 opt_step=208 E=0.305 g=0.139 VarTD=0.214941 ret_end=-25.557 dbar_end=0.629 occ_end=0.224 CSR_train=0.000 done_count=125
[upd 130] u=0 upd_ctr=14 opt_step=224 E=0.549 g=0.133 VarTD=0.213865 ret_end=-24.564 dbar_end=0.642 occ_end=0.240 CSR_train=0.000 done_count=100
[upd 140] u=0 upd_ctr=15 opt_step=240 E=0.816 g=0.140 VarTD=0.288327 ret_end=-26.234 dbar_end=0.627 occ_end=0.296 CSR_train=0.000 done_count=125
[upd 150] u=0 upd_ctr=16 opt_step=256 E=1.000 g=0.147 VarTD=0.329098 ret_end=-25.132 dbar_end=0.610 occ_end=0.232 CSR_train=0.000 done_count=125
[upd 160] u=0 upd_ctr=18 opt_step=288 E=0.427 g=0.144 VarTD=0.428550 ret_end=-24.721 dbar_end=0.618 occ_end=0.160 CSR_train=0.000 done_count=125
[upd 170] u=0 upd_ctr=19 opt_step=304 E=0.864 g=0.148 VarTD=0.506524 ret_end=-24.300 dbar_end=0.609 occ_end=0.152 CSR_train=0.000 done_count=125
[upd 180] u=0 upd_ctr=21 opt_step=336 E=0.342 g=0.161 VarTD=0.698523 ret_end=-24.004 dbar_end=0.581 occ_end=0.312 CSR_train=0.000 done_count=125
[upd 190] u=0 upd_ctr=22 opt_step=352 E=0.742 g=0.158 VarTD=0.805839 ret_end=-24.481 dbar_end=0.588 occ_end=0.264 CSR_train=0.000 done_count=125
[upd 200] u=1 upd_ctr=24 opt_step=384 E=0.193 g=0.159 VarTD=0.931219 ret_end=-24.756 dbar_end=0.585 occ_end=0.288 CSR_train=0.000 done_count=125
[upd 210] u=0 upd_ctr=25 opt_step=400 E=0.637 g=0.167 VarTD=1.117419 ret_end=-23.469 dbar_end=0.569 occ_end=0.240 CSR_train=0.000 done_count=125
[upd 220] u=0 upd_ctr=26 opt_step=416 E=1.000 g=0.159 VarTD=1.210816 ret_end=-24.059 dbar_end=0.585 occ_end=0.264 CSR_train=0.000 done_count=125
[upd 230] u=0 upd_ctr=28 opt_step=448 E=0.485 g=0.176 VarTD=1.524580 ret_end=-23.549 dbar_end=0.553 occ_end=0.312 CSR_train=0.000 done_count=125
[upd 240] u=0 upd_ctr=29 opt_step=464 E=0.929 g=0.167 VarTD=1.674903 ret_end=-23.876 dbar_end=0.569 occ_end=0.264 CSR_train=0.000 done_count=125
[upd 250] u=0 upd_ctr=31 opt_step=496 E=0.343 g=0.166 VarTD=1.965590 ret_end=-24.387 dbar_end=0.573 occ_end=0.296 CSR_train=0.000 done_count=125
[upd 260] u=0 upd_ctr=32 opt_step=512 E=0.803 g=0.158 VarTD=1.730377 ret_end=-24.314 dbar_end=0.588 occ_end=0.200 CSR_train=0.000 done_count=100
[upd 270] u=0 upd_ctr=34 opt_step=544 E=0.346 g=0.161 VarTD=2.458267 ret_end=-24.169 dbar_end=0.583 occ_end=0.304 CSR_train=0.000 done_count=125
[upd 280] u=0 upd_ctr=35 opt_step=560 E=0.785 g=0.176 VarTD=2.607985 ret_end=-23.178 dbar_end=0.554 occ_end=0.296 CSR_train=0.000 done_count=125
[upd 290] u=1 upd_ctr=37 opt_step=592 E=0.188 g=0.153 VarTD=2.738379 ret_end=-24.564 dbar_end=0.598 occ_end=0.288 CSR_train=0.000 done_count=125
[upd 300] u=0 upd_ctr=38 opt_step=608 E=0.645 g=0.158 VarTD=3.011918 ret_end=-24.799 dbar_end=0.588 occ_end=0.240 CSR_train=0.000 done_count=125
[upd 310] u=0 upd_ctr=39 opt_step=624 E=1.000 g=0.158 VarTD=3.259403 ret_end=-24.628 dbar_end=0.588 occ_end=0.256 CSR_train=0.000 done_count=125
[Gate5 check] update_counter violations: t0=0 diffs=0
[Gate5 check] opt_step violations: t0=0 diffs=0 (expected_inc=16)
[Gate5 check] NaN masking: nan_on_skip=True finite_on_update=True
[Gate5 summary] mean_update_fraction=0.1282 final_executed_updates_mean=40.00
[Gate5 eval] done_count mean=100.0 CSR mean=0.0000 len_end_mean=26.00
[Gate5 eval] episodes_per_env=4 T_eval=104
[Gate5 eval-debug] locked_eps_occ=0.20 pre(step25): dbar_end=0.521481 occupied_end_mean=0.350000 max_tilde_end_mean=0.737764 CSR@locked=0.000000
[Gate5 eval-debug] locked_eps_occ=0.20 post(step26): dbar_end=0.518176 occupied_end_mean=0.330000 max_tilde_end_mean=0.738225 CSR@locked=0.000000
[Gate5 eval-debug] CSR_pre@0.10=0.0000 CSR_pre@0.15=0.0000 CSR_pre@0.20=0.0000 CSR_pre@0.25=0.0000 CSR_pre@0.30=0.0100
[Gate5 eval-debug] CSR_post@0.10=0.0000 CSR_post@0.15=0.0000 CSR_post@0.20=0.0000 CSR_post@0.25=0.0100 CSR_post@0.30=0.0200
