Importing submoduled environments...
Submoduled environments not found. Skipping import.
[upd 0] u=1 upd_ctr=1 opt_step=16 E=0.641 g=0.083 VarTD=0.159821 ret_end=-27.605 dbar_end=0.794 occ_end=0.110 CSR_train=0.000 done_count=100
[upd 10] u=0 upd_ctr=3 opt_step=48 E=0.319 g=0.092 VarTD=0.173359 ret_end=-27.352 dbar_end=0.758 occ_end=0.224 CSR_train=0.000 done_count=125
[upd 20] u=0 upd_ctr=4 opt_step=64 E=0.425 g=0.102 VarTD=0.165405 ret_end=-26.531 dbar_end=0.726 occ_end=0.192 CSR_train=0.000 done_count=125
[upd 30] u=0 upd_ctr=6 opt_step=96 E=0.180 g=0.126 VarTD=0.153957 ret_end=-25.363 dbar_end=0.659 occ_end=0.224 CSR_train=0.000 done_count=125
[upd 40] u=0 upd_ctr=7 opt_step=112 E=0.355 g=0.123 VarTD=0.146390 ret_end=-26.081 dbar_end=0.668 occ_end=0.152 CSR_train=0.000 done_count=125
[upd 50] u=0 upd_ctr=9 opt_step=144 E=0.196 g=0.119 VarTD=0.162391 ret_end=-26.427 dbar_end=0.679 occ_end=0.184 CSR_train=0.000 done_count=125
[upd 60] u=0 upd_ctr=10 opt_step=160 E=0.424 g=0.124 VarTD=0.160252 ret_end=-25.746 dbar_end=0.664 occ_end=0.256 CSR_train=0.008 done_count=125
[upd 70] u=0 upd_ctr=12 opt_step=192 E=0.301 g=0.137 VarTD=0.182451 ret_end=-25.189 dbar_end=0.632 occ_end=0.216 CSR_train=0.000 done_count=125
[upd 80] u=0 upd_ctr=14 opt_step=224 E=0.204 g=0.137 VarTD=0.224801 ret_end=-25.132 dbar_end=0.632 occ_end=0.176 CSR_train=0.008 done_count=125
[upd 90] u=1 upd_ctr=16 opt_step=256 E=0.124 g=0.159 VarTD=0.268681 ret_end=-24.889 dbar_end=0.586 occ_end=0.272 CSR_train=0.008 done_count=125
[upd 100] u=0 upd_ctr=17 opt_step=272 E=0.467 g=0.149 VarTD=0.316849 ret_end=-25.366 dbar_end=0.607 occ_end=0.216 CSR_train=0.000 done_count=125
[upd 110] u=0 upd_ctr=19 opt_step=304 E=0.424 g=0.153 VarTD=0.443236 ret_end=-23.770 dbar_end=0.597 occ_end=0.248 CSR_train=0.000 done_count=125
[upd 120] u=0 upd_ctr=21 opt_step=336 E=0.422 g=0.169 VarTD=0.591779 ret_end=-23.465 dbar_end=0.566 occ_end=0.304 CSR_train=0.000 done_count=125
[Gate5 check] update_counter violations: t0=0 diffs=0
[Gate5 check] opt_step violations: t0=0 diffs=0 (expected_inc=16)
[Gate5 check] NaN masking: nan_on_skip=True finite_on_update=True
[Gate5 summary] mean_update_fraction=0.1760 final_executed_updates_mean=22.00
[Gate5 eval] done_count mean=100.0 CSR mean=0.0100 len_end_mean=26.00
[Gate5 eval] episodes_per_env=4 T_eval=104
[Gate5 eval-debug] locked_eps_occ=0.20 pre(step25): dbar_end=0.475672 occupied_end_mean=0.450000 max_tilde_end_mean=0.690157 CSR@locked=0.030000
[Gate5 eval-debug] locked_eps_occ=0.20 post(step26): dbar_end=0.472789 occupied_end_mean=0.510000 max_tilde_end_mean=0.685275 CSR@locked=0.010000
[Gate5 eval-debug] CSR_pre@0.10=0.0000 CSR_pre@0.15=0.0000 CSR_pre@0.20=0.0300 CSR_pre@0.25=0.0500 CSR_pre@0.30=0.0500
[Gate5 eval-debug] CSR_post@0.10=0.0000 CSR_post@0.15=0.0000 CSR_post@0.20=0.0100 CSR_post@0.25=0.0300 CSR_post@0.30=0.0500
