Importing submoduled environments...
Submoduled environments not found. Skipping import.
[upd 0] u=1 upd_ctr=1 opt_step=16 E=0.440 g=0.096 VarTD=0.126111 ret_end=-26.492 dbar_end=0.745 occ_end=0.140 CSR_train=0.000 done_count=100
[upd 10] u=0 upd_ctr=1 opt_step=16 E=0.440 g=0.101 VarTD=0.147310 ret_end=-26.592 dbar_end=0.729 occ_end=0.144 CSR_train=0.000 done_count=125
[upd 20] u=0 upd_ctr=1 opt_step=16 E=0.440 g=0.088 VarTD=0.157317 ret_end=-27.734 dbar_end=0.776 occ_end=0.112 CSR_train=0.000 done_count=125
[upd 30] u=0 upd_ctr=1 opt_step=16 E=0.440 g=0.101 VarTD=0.132882 ret_end=-25.882 dbar_end=0.729 occ_end=0.136 CSR_train=0.000 done_count=125
[upd 40] u=0 upd_ctr=1 opt_step=16 E=0.440 g=0.102 VarTD=0.131002 ret_end=-26.343 dbar_end=0.728 occ_end=0.096 CSR_train=0.000 done_count=125
[upd 50] u=0 upd_ctr=1 opt_step=16 E=0.440 g=0.090 VarTD=0.179070 ret_end=-28.226 dbar_end=0.766 occ_end=0.128 CSR_train=0.000 done_count=125
[upd 60] u=0 upd_ctr=1 opt_step=16 E=0.440 g=0.098 VarTD=0.146266 ret_end=-26.854 dbar_end=0.740 occ_end=0.120 CSR_train=0.000 done_count=125
[upd 70] u=0 upd_ctr=1 opt_step=16 E=0.440 g=0.084 VarTD=0.143185 ret_end=-27.954 dbar_end=0.790 occ_end=0.144 CSR_train=0.000 done_count=125
[upd 80] u=0 upd_ctr=1 opt_step=16 E=0.440 g=0.091 VarTD=0.164900 ret_end=-27.241 dbar_end=0.763 occ_end=0.192 CSR_train=0.000 done_count=125
[upd 90] u=0 upd_ctr=1 opt_step=16 E=0.440 g=0.099 VarTD=0.146822 ret_end=-27.289 dbar_end=0.738 occ_end=0.120 CSR_train=0.000 done_count=125
[upd 100] u=0 upd_ctr=1 opt_step=16 E=0.440 g=0.101 VarTD=0.164438 ret_end=-27.198 dbar_end=0.729 occ_end=0.120 CSR_train=0.000 done_count=125
[upd 110] u=0 upd_ctr=1 opt_step=16 E=0.440 g=0.102 VarTD=0.150565 ret_end=-27.210 dbar_end=0.728 occ_end=0.120 CSR_train=0.000 done_count=125
[upd 120] u=0 upd_ctr=1 opt_step=16 E=0.440 g=0.093 VarTD=0.168079 ret_end=-28.129 dbar_end=0.755 occ_end=0.120 CSR_train=0.000 done_count=125
[upd 130] u=0 upd_ctr=1 opt_step=16 E=0.440 g=0.085 VarTD=0.165945 ret_end=-28.223 dbar_end=0.784 occ_end=0.100 CSR_train=0.000 done_count=100
[upd 140] u=0 upd_ctr=1 opt_step=16 E=0.440 g=0.094 VarTD=0.151208 ret_end=-27.136 dbar_end=0.753 occ_end=0.144 CSR_train=0.000 done_count=125
[upd 150] u=0 upd_ctr=1 opt_step=16 E=0.440 g=0.101 VarTD=0.149411 ret_end=-26.819 dbar_end=0.730 occ_end=0.160 CSR_train=0.000 done_count=125
[upd 160] u=0 upd_ctr=1 opt_step=16 E=0.440 g=0.088 VarTD=0.175942 ret_end=-28.230 dbar_end=0.773 occ_end=0.144 CSR_train=0.000 done_count=125
[upd 170] u=0 upd_ctr=1 opt_step=16 E=0.440 g=0.091 VarTD=0.172431 ret_end=-27.895 dbar_end=0.765 occ_end=0.144 CSR_train=0.000 done_count=125
[upd 180] u=0 upd_ctr=1 opt_step=16 E=0.440 g=0.096 VarTD=0.131040 ret_end=-27.331 dbar_end=0.745 occ_end=0.120 CSR_train=0.000 done_count=125
[upd 190] u=0 upd_ctr=1 opt_step=16 E=0.440 g=0.090 VarTD=0.173017 ret_end=-27.577 dbar_end=0.766 occ_end=0.144 CSR_train=0.000 done_count=125
[upd 200] u=0 upd_ctr=1 opt_step=16 E=0.440 g=0.090 VarTD=0.170738 ret_end=-27.281 dbar_end=0.768 occ_end=0.096 CSR_train=0.000 done_count=125
[upd 210] u=0 upd_ctr=1 opt_step=16 E=0.440 g=0.099 VarTD=0.164327 ret_end=-27.085 dbar_end=0.738 occ_end=0.112 CSR_train=0.000 done_count=125
[upd 220] u=0 upd_ctr=1 opt_step=16 E=0.440 g=0.098 VarTD=0.168258 ret_end=-28.184 dbar_end=0.740 occ_end=0.184 CSR_train=0.000 done_count=125
[upd 230] u=0 upd_ctr=1 opt_step=16 E=0.440 g=0.107 VarTD=0.141494 ret_end=-26.342 dbar_end=0.712 occ_end=0.168 CSR_train=0.000 done_count=125
[upd 240] u=0 upd_ctr=1 opt_step=16 E=0.440 g=0.086 VarTD=0.154679 ret_end=-27.932 dbar_end=0.783 occ_end=0.152 CSR_train=0.000 done_count=125
[upd 250] u=0 upd_ctr=1 opt_step=16 E=0.440 g=0.092 VarTD=0.172388 ret_end=-28.431 dbar_end=0.759 occ_end=0.096 CSR_train=0.000 done_count=125
[upd 260] u=0 upd_ctr=1 opt_step=16 E=0.440 g=0.095 VarTD=0.145231 ret_end=-27.596 dbar_end=0.749 occ_end=0.130 CSR_train=0.000 done_count=100
[upd 270] u=0 upd_ctr=1 opt_step=16 E=0.440 g=0.087 VarTD=0.219023 ret_end=-27.607 dbar_end=0.777 occ_end=0.168 CSR_train=0.000 done_count=125
[upd 280] u=0 upd_ctr=1 opt_step=16 E=0.440 g=0.097 VarTD=0.151162 ret_end=-27.313 dbar_end=0.743 occ_end=0.128 CSR_train=0.000 done_count=125
[upd 290] u=0 upd_ctr=1 opt_step=16 E=0.440 g=0.086 VarTD=0.194480 ret_end=-28.930 dbar_end=0.780 occ_end=0.152 CSR_train=0.000 done_count=125
[upd 300] u=0 upd_ctr=1 opt_step=16 E=0.440 g=0.092 VarTD=0.159920 ret_end=-27.940 dbar_end=0.761 occ_end=0.168 CSR_train=0.000 done_count=125
[upd 310] u=0 upd_ctr=1 opt_step=16 E=0.440 g=0.099 VarTD=0.159012 ret_end=-26.250 dbar_end=0.738 occ_end=0.168 CSR_train=0.000 done_count=125
[Gate5 check] update_counter violations: t0=0 diffs=0
[Gate5 check] opt_step violations: t0=0 diffs=0 (expected_inc=16)
[Gate5 check] NaN masking: nan_on_skip=True finite_on_update=True
[Gate5 summary] mean_update_fraction=0.0032 final_executed_updates_mean=1.00
[Gate5 eval] done_count mean=100.0 CSR mean=0.0000 len_end_mean=26.00
[Gate5 eval] episodes_per_env=4 T_eval=104
[Gate5 eval-debug] locked_eps_occ=0.20 pre(step25): dbar_end=0.572030 occupied_end_mean=0.270000 max_tilde_end_mean=0.854933 CSR@locked=0.000000
[Gate5 eval-debug] locked_eps_occ=0.20 post(step26): dbar_end=0.573247 occupied_end_mean=0.280000 max_tilde_end_mean=0.846045 CSR@locked=0.000000
[Gate5 eval-debug] CSR_pre@0.10=0.0000 CSR_pre@0.15=0.0000 CSR_pre@0.20=0.0000 CSR_pre@0.25=0.0100 CSR_pre@0.30=0.0100
[Gate5 eval-debug] CSR_post@0.10=0.0000 CSR_post@0.15=0.0000 CSR_post@0.20=0.0000 CSR_post@0.25=0.0000 CSR_post@0.30=0.0000
