Importing submoduled environments...
Submoduled environments not found. Skipping import.
[upd 0] u=1 upd_ctr=1 opt_step=16 E=0.144 g=0.088 VarTD=0.137352 ret_end=-28.134 dbar_end=0.773 occ_end=0.220 CSR_train=0.000 done_count=100
[upd 10] u=0 upd_ctr=1 opt_step=16 E=0.607 g=0.093 VarTD=0.158535 ret_end=-28.458 dbar_end=0.756 occ_end=0.184 CSR_train=0.000 done_count=125
[upd 20] u=0 upd_ctr=2 opt_step=32 E=0.165 g=0.105 VarTD=0.136898 ret_end=-26.678 dbar_end=0.719 occ_end=0.232 CSR_train=0.000 done_count=125
[upd 30] u=0 upd_ctr=2 opt_step=32 E=0.641 g=0.091 VarTD=0.171125 ret_end=-27.631 dbar_end=0.762 occ_end=0.176 CSR_train=0.000 done_count=125
[upd 40] u=0 upd_ctr=3 opt_step=48 E=0.219 g=0.097 VarTD=0.133562 ret_end=-27.120 dbar_end=0.743 occ_end=0.128 CSR_train=0.000 done_count=125
[upd 50] u=0 upd_ctr=3 opt_step=48 E=0.693 g=0.093 VarTD=0.171078 ret_end=-27.790 dbar_end=0.755 occ_end=0.200 CSR_train=0.000 done_count=125
[upd 60] u=0 upd_ctr=4 opt_step=64 E=0.278 g=0.101 VarTD=0.136087 ret_end=-27.262 dbar_end=0.730 occ_end=0.192 CSR_train=0.000 done_count=125
[upd 70] u=0 upd_ctr=4 opt_step=64 E=0.799 g=0.094 VarTD=0.153203 ret_end=-27.386 dbar_end=0.752 occ_end=0.208 CSR_train=0.000 done_count=125
[upd 80] u=0 upd_ctr=5 opt_step=80 E=0.408 g=0.105 VarTD=0.111240 ret_end=-25.393 dbar_end=0.717 occ_end=0.112 CSR_train=0.000 done_count=125
[upd 90] u=1 upd_ctr=6 opt_step=96 E=0.062 g=0.110 VarTD=0.150846 ret_end=-26.440 dbar_end=0.704 occ_end=0.152 CSR_train=0.000 done_count=125
[upd 100] u=0 upd_ctr=6 opt_step=96 E=0.611 g=0.112 VarTD=0.138837 ret_end=-25.738 dbar_end=0.697 occ_end=0.280 CSR_train=0.000 done_count=125
[upd 110] u=0 upd_ctr=7 opt_step=112 E=0.272 g=0.121 VarTD=0.133968 ret_end=-24.828 dbar_end=0.674 occ_end=0.224 CSR_train=0.000 done_count=125
[upd 120] u=0 upd_ctr=7 opt_step=112 E=0.835 g=0.106 VarTD=0.140864 ret_end=-26.876 dbar_end=0.715 occ_end=0.120 CSR_train=0.000 done_count=125
[upd 130] u=0 upd_ctr=8 opt_step=128 E=0.494 g=0.117 VarTD=0.135592 ret_end=-25.854 dbar_end=0.683 occ_end=0.160 CSR_train=0.000 done_count=100
[upd 140] u=0 upd_ctr=9 opt_step=144 E=0.189 g=0.118 VarTD=0.164869 ret_end=-26.738 dbar_end=0.682 occ_end=0.208 CSR_train=0.008 done_count=125
[upd 150] u=0 upd_ctr=9 opt_step=144 E=0.802 g=0.129 VarTD=0.144018 ret_end=-25.015 dbar_end=0.651 occ_end=0.144 CSR_train=0.000 done_count=125
[upd 160] u=0 upd_ctr=10 opt_step=160 E=0.502 g=0.103 VarTD=0.227566 ret_end=-27.630 dbar_end=0.724 occ_end=0.168 CSR_train=0.000 done_count=125
[upd 170] u=0 upd_ctr=11 opt_step=176 E=0.205 g=0.123 VarTD=0.176861 ret_end=-25.765 dbar_end=0.668 occ_end=0.208 CSR_train=0.008 done_count=125
[upd 180] u=0 upd_ctr=11 opt_step=176 E=0.816 g=0.117 VarTD=0.180561 ret_end=-26.439 dbar_end=0.684 occ_end=0.224 CSR_train=0.000 done_count=125
[upd 190] u=0 upd_ctr=12 opt_step=192 E=0.512 g=0.117 VarTD=0.212328 ret_end=-26.541 dbar_end=0.684 occ_end=0.096 CSR_train=0.000 done_count=125
[upd 200] u=0 upd_ctr=13 opt_step=208 E=0.236 g=0.120 VarTD=0.209286 ret_end=-25.451 dbar_end=0.677 occ_end=0.144 CSR_train=0.000 done_count=125
[upd 210] u=0 upd_ctr=13 opt_step=208 E=0.858 g=0.112 VarTD=0.199420 ret_end=-26.740 dbar_end=0.696 occ_end=0.184 CSR_train=0.000 done_count=125
[upd 220] u=0 upd_ctr=14 opt_step=224 E=0.589 g=0.124 VarTD=0.255225 ret_end=-25.560 dbar_end=0.664 occ_end=0.240 CSR_train=0.000 done_count=125
[upd 230] u=0 upd_ctr=15 opt_step=240 E=0.325 g=0.137 VarTD=0.276938 ret_end=-25.100 dbar_end=0.633 occ_end=0.248 CSR_train=0.000 done_count=125
[upd 240] u=1 upd_ctr=16 opt_step=256 E=0.068 g=0.126 VarTD=0.288129 ret_end=-25.183 dbar_end=0.660 occ_end=0.120 CSR_train=0.000 done_count=125
[upd 250] u=0 upd_ctr=16 opt_step=256 E=0.745 g=0.136 VarTD=0.328288 ret_end=-25.683 dbar_end=0.635 occ_end=0.224 CSR_train=0.000 done_count=125
[upd 260] u=0 upd_ctr=17 opt_step=272 E=0.469 g=0.127 VarTD=0.352331 ret_end=-25.915 dbar_end=0.658 occ_end=0.180 CSR_train=0.000 done_count=100
[upd 270] u=0 upd_ctr=18 opt_step=288 E=0.244 g=0.131 VarTD=0.456210 ret_end=-26.001 dbar_end=0.648 occ_end=0.160 CSR_train=0.000 done_count=125
[upd 280] u=0 upd_ctr=18 opt_step=288 E=0.934 g=0.129 VarTD=0.436251 ret_end=-25.838 dbar_end=0.653 occ_end=0.200 CSR_train=0.000 done_count=125
[upd 290] u=0 upd_ctr=19 opt_step=304 E=0.739 g=0.130 VarTD=0.506292 ret_end=-25.472 dbar_end=0.650 occ_end=0.208 CSR_train=0.000 done_count=125
[upd 300] u=0 upd_ctr=20 opt_step=320 E=0.551 g=0.145 VarTD=0.594606 ret_end=-24.803 dbar_end=0.614 occ_end=0.192 CSR_train=0.000 done_count=125
[upd 310] u=0 upd_ctr=21 opt_step=336 E=0.389 g=0.153 VarTD=0.699800 ret_end=-23.788 dbar_end=0.598 occ_end=0.296 CSR_train=0.000 done_count=125
[Gate5 check] update_counter violations: t0=0 diffs=0
[Gate5 check] opt_step violations: t0=0 diffs=0 (expected_inc=16)
[Gate5 check] NaN masking: nan_on_skip=True finite_on_update=True
[Gate5 summary] mean_update_fraction=0.0673 final_executed_updates_mean=21.00
[Gate5 eval] done_count mean=100.0 CSR mean=0.0000 len_end_mean=26.00
[Gate5 eval] episodes_per_env=4 T_eval=104
[Gate5 eval-debug] locked_eps_occ=0.20 pre(step25): dbar_end=0.506887 occupied_end_mean=0.370000 max_tilde_end_mean=0.736182 CSR@locked=0.000000
[Gate5 eval-debug] locked_eps_occ=0.20 post(step26): dbar_end=0.496992 occupied_end_mean=0.460000 max_tilde_end_mean=0.730329 CSR@locked=0.000000
[Gate5 eval-debug] CSR_pre@0.10=0.0000 CSR_pre@0.15=0.0000 CSR_pre@0.20=0.0000 CSR_pre@0.25=0.0000 CSR_pre@0.30=0.0100
[Gate5 eval-debug] CSR_post@0.10=0.0000 CSR_post@0.15=0.0000 CSR_post@0.20=0.0000 CSR_post@0.25=0.0000 CSR_post@0.30=0.0200
