Importing submoduled environments...
Submoduled environments not found. Skipping import.
[upd 0] u=1 upd_ctr=1 opt_step=16 E=0.086 g=0.096 VarTD=0.198978 ret_end=-28.258 dbar_end=0.747 occ_end=0.170 CSR_train=0.000 done_count=100
[upd 10] u=0 upd_ctr=1 opt_step=16 E=0.911 g=0.091 VarTD=0.177568 ret_end=-27.488 dbar_end=0.762 occ_end=0.104 CSR_train=0.000 done_count=125
[upd 20] u=0 upd_ctr=2 opt_step=32 E=0.663 g=0.089 VarTD=0.179269 ret_end=-27.654 dbar_end=0.771 occ_end=0.096 CSR_train=0.000 done_count=125
[upd 30] u=0 upd_ctr=3 opt_step=48 E=0.550 g=0.095 VarTD=0.158040 ret_end=-27.194 dbar_end=0.750 occ_end=0.168 CSR_train=0.000 done_count=125
[upd 40] u=0 upd_ctr=4 opt_step=64 E=0.495 g=0.110 VarTD=0.142628 ret_end=-26.543 dbar_end=0.704 occ_end=0.160 CSR_train=0.000 done_count=125
[upd 50] u=0 upd_ctr=5 opt_step=80 E=0.417 g=0.123 VarTD=0.147992 ret_end=-26.264 dbar_end=0.668 occ_end=0.168 CSR_train=0.000 done_count=125
[upd 60] u=0 upd_ctr=6 opt_step=96 E=0.415 g=0.111 VarTD=0.152345 ret_end=-25.773 dbar_end=0.700 occ_end=0.168 CSR_train=0.000 done_count=125
[upd 70] u=0 upd_ctr=7 opt_step=112 E=0.462 g=0.141 VarTD=0.150964 ret_end=-24.939 dbar_end=0.623 occ_end=0.248 CSR_train=0.000 done_count=125
[upd 80] u=0 upd_ctr=8 opt_step=128 E=0.442 g=0.127 VarTD=0.166543 ret_end=-25.079 dbar_end=0.657 occ_end=0.232 CSR_train=0.008 done_count=125
[upd 90] u=0 upd_ctr=9 opt_step=144 E=0.578 g=0.116 VarTD=0.177456 ret_end=-26.783 dbar_end=0.685 occ_end=0.120 CSR_train=0.000 done_count=125
[upd 100] u=0 upd_ctr=10 opt_step=160 E=0.730 g=0.135 VarTD=0.173295 ret_end=-25.545 dbar_end=0.638 occ_end=0.168 CSR_train=0.000 done_count=125
[upd 110] u=0 upd_ctr=11 opt_step=176 E=0.869 g=0.126 VarTD=0.180639 ret_end=-26.039 dbar_end=0.661 occ_end=0.256 CSR_train=0.000 done_count=125
[upd 120] u=0 upd_ctr=12 opt_step=192 E=1.000 g=0.153 VarTD=0.182336 ret_end=-24.815 dbar_end=0.598 occ_end=0.304 CSR_train=0.000 done_count=125
[Gate5 check] update_counter violations: t0=0 diffs=0
[Gate5 check] opt_step violations: t0=0 diffs=0 (expected_inc=16)
[Gate5 check] NaN masking: nan_on_skip=True finite_on_update=True
[Gate5 summary] mean_update_fraction=0.1040 final_executed_updates_mean=13.00
[Gate5 eval] done_count mean=100.0 CSR mean=0.0000 len_end_mean=26.00
[Gate5 eval] episodes_per_env=4 T_eval=104
[Gate5 eval-debug] locked_eps_occ=0.20 pre(step25): dbar_end=0.495211 occupied_end_mean=0.330000 max_tilde_end_mean=0.709033 CSR@locked=0.000000
[Gate5 eval-debug] locked_eps_occ=0.20 post(step26): dbar_end=0.490142 occupied_end_mean=0.370000 max_tilde_end_mean=0.707081 CSR@locked=0.000000
[Gate5 eval-debug] CSR_pre@0.10=0.0000 CSR_pre@0.15=0.0000 CSR_pre@0.20=0.0000 CSR_pre@0.25=0.0100 CSR_pre@0.30=0.0100
[Gate5 eval-debug] CSR_post@0.10=0.0000 CSR_post@0.15=0.0000 CSR_post@0.20=0.0000 CSR_post@0.25=0.0100 CSR_post@0.30=0.0200
