Importing submoduled environments...
Submoduled environments not found. Skipping import.
[upd 0] u=1 upd_ctr=1 opt_step=16 E=0.428 g=0.094 VarTD=0.156314 ret_end=-27.700 dbar_end=0.751 occ_end=0.180 CSR_train=0.010 done_count=100
[upd 10] u=0 upd_ctr=2 opt_step=32 E=0.122 g=0.116 VarTD=0.133274 ret_end=-25.706 dbar_end=0.687 occ_end=0.192 CSR_train=0.000 done_count=125
[upd 20] u=0 upd_ctr=2 opt_step=32 E=0.422 g=0.106 VarTD=0.140574 ret_end=-26.450 dbar_end=0.715 occ_end=0.200 CSR_train=0.000 done_count=125
[upd 30] u=0 upd_ctr=3 opt_step=48 E=0.119 g=0.105 VarTD=0.150021 ret_end=-27.160 dbar_end=0.718 occ_end=0.168 CSR_train=0.000 done_count=125
[upd 40] u=0 upd_ctr=3 opt_step=48 E=0.440 g=0.097 VarTD=0.138467 ret_end=-27.147 dbar_end=0.742 occ_end=0.136 CSR_train=0.000 done_count=125
[upd 50] u=0 upd_ctr=4 opt_step=64 E=0.158 g=0.115 VarTD=0.147499 ret_end=-26.317 dbar_end=0.689 occ_end=0.208 CSR_train=0.000 done_count=125
[upd 60] u=0 upd_ctr=4 opt_step=64 E=0.484 g=0.106 VarTD=0.145971 ret_end=-25.871 dbar_end=0.714 occ_end=0.184 CSR_train=0.000 done_count=125
[upd 70] u=0 upd_ctr=5 opt_step=80 E=0.222 g=0.121 VarTD=0.127767 ret_end=-25.288 dbar_end=0.673 occ_end=0.176 CSR_train=0.000 done_count=125
[upd 80] u=0 upd_ctr=5 opt_step=80 E=0.561 g=0.119 VarTD=0.154833 ret_end=-26.736 dbar_end=0.679 occ_end=0.160 CSR_train=0.000 done_count=125
[upd 90] u=0 upd_ctr=6 opt_step=96 E=0.303 g=0.105 VarTD=0.126126 ret_end=-25.966 dbar_end=0.717 occ_end=0.200 CSR_train=0.000 done_count=125
[upd 100] u=1 upd_ctr=7 opt_step=112 E=0.049 g=0.121 VarTD=0.136272 ret_end=-26.061 dbar_end=0.673 occ_end=0.184 CSR_train=0.000 done_count=125
[upd 110] u=0 upd_ctr=7 opt_step=112 E=0.401 g=0.127 VarTD=0.116643 ret_end=-24.622 dbar_end=0.658 occ_end=0.216 CSR_train=0.000 done_count=125
[upd 120] u=0 upd_ctr=8 opt_step=128 E=0.158 g=0.118 VarTD=0.149117 ret_end=-25.579 dbar_end=0.680 occ_end=0.248 CSR_train=0.000 done_count=125
[Gate5 check] update_counter violations: t0=0 diffs=0
[Gate5 check] opt_step violations: t0=0 diffs=0 (expected_inc=16)
[Gate5 check] NaN masking: nan_on_skip=True finite_on_update=True
[Gate5 summary] mean_update_fraction=0.0640 final_executed_updates_mean=8.00
[Gate5 eval] done_count mean=100.0 CSR mean=0.0000 len_end_mean=26.00
[Gate5 eval] episodes_per_env=4 T_eval=104
[Gate5 eval-debug] locked_eps_occ=0.20 pre(step25): dbar_end=0.515524 occupied_end_mean=0.350000 max_tilde_end_mean=0.730692 CSR@locked=0.000000
[Gate5 eval-debug] locked_eps_occ=0.20 post(step26): dbar_end=0.507026 occupied_end_mean=0.330000 max_tilde_end_mean=0.724306 CSR@locked=0.000000
[Gate5 eval-debug] CSR_pre@0.10=0.0000 CSR_pre@0.15=0.0000 CSR_pre@0.20=0.0000 CSR_pre@0.25=0.0000 CSR_pre@0.30=0.0200
[Gate5 eval-debug] CSR_post@0.10=0.0000 CSR_post@0.15=0.0000 CSR_post@0.20=0.0000 CSR_post@0.25=0.0100 CSR_post@0.30=0.0400
