Importing submoduled environments...
Submoduled environments not found. Skipping import.
[upd 0] u=1 upd_ctr=1 opt_step=16 E=0.114 g=0.079 VarTD=0.177244 ret_end=-28.332 dbar_end=0.807 occ_end=0.140 CSR_train=0.000 done_count=100
[upd 10] u=0 upd_ctr=1 opt_step=16 E=0.860 g=0.093 VarTD=0.147298 ret_end=-27.080 dbar_end=0.756 occ_end=0.144 CSR_train=0.000 done_count=125
[upd 20] u=0 upd_ctr=2 opt_step=32 E=0.689 g=0.090 VarTD=0.149902 ret_end=-27.728 dbar_end=0.768 occ_end=0.192 CSR_train=0.000 done_count=125
[upd 30] u=0 upd_ctr=3 opt_step=48 E=0.509 g=0.104 VarTD=0.169924 ret_end=-27.175 dbar_end=0.722 occ_end=0.232 CSR_train=0.000 done_count=125
[upd 40] u=0 upd_ctr=4 opt_step=64 E=0.376 g=0.101 VarTD=0.155511 ret_end=-27.165 dbar_end=0.732 occ_end=0.160 CSR_train=0.000 done_count=125
[upd 50] u=0 upd_ctr=5 opt_step=80 E=0.286 g=0.115 VarTD=0.131795 ret_end=-26.067 dbar_end=0.688 occ_end=0.184 CSR_train=0.000 done_count=125
[upd 60] u=0 upd_ctr=6 opt_step=96 E=0.235 g=0.120 VarTD=0.148369 ret_end=-26.154 dbar_end=0.676 occ_end=0.224 CSR_train=0.000 done_count=125
[upd 70] u=0 upd_ctr=7 opt_step=112 E=0.241 g=0.117 VarTD=0.165177 ret_end=-27.075 dbar_end=0.682 occ_end=0.192 CSR_train=0.000 done_count=125
[upd 80] u=0 upd_ctr=8 opt_step=128 E=0.248 g=0.125 VarTD=0.164230 ret_end=-26.066 dbar_end=0.662 occ_end=0.256 CSR_train=0.000 done_count=125
[upd 90] u=0 upd_ctr=9 opt_step=144 E=0.253 g=0.131 VarTD=0.158187 ret_end=-25.258 dbar_end=0.648 occ_end=0.264 CSR_train=0.000 done_count=125
[upd 100] u=0 upd_ctr=10 opt_step=160 E=0.333 g=0.134 VarTD=0.171810 ret_end=-25.435 dbar_end=0.639 occ_end=0.232 CSR_train=0.000 done_count=125
[upd 110] u=0 upd_ctr=11 opt_step=176 E=0.428 g=0.121 VarTD=0.180617 ret_end=-26.092 dbar_end=0.671 occ_end=0.208 CSR_train=0.000 done_count=125
[upd 120] u=0 upd_ctr=12 opt_step=192 E=0.570 g=0.146 VarTD=0.212400 ret_end=-25.672 dbar_end=0.613 occ_end=0.216 CSR_train=0.000 done_count=125
[upd 130] u=0 upd_ctr=13 opt_step=208 E=0.669 g=0.135 VarTD=0.194487 ret_end=-25.939 dbar_end=0.638 occ_end=0.210 CSR_train=0.000 done_count=100
[upd 140] u=0 upd_ctr=14 opt_step=224 E=0.817 g=0.144 VarTD=0.243989 ret_end=-25.359 dbar_end=0.618 occ_end=0.328 CSR_train=0.000 done_count=125
[upd 150] u=0 upd_ctr=15 opt_step=240 E=0.922 g=0.133 VarTD=0.296277 ret_end=-26.088 dbar_end=0.642 occ_end=0.256 CSR_train=0.000 done_count=125
[upd 160] u=0 upd_ctr=16 opt_step=256 E=1.000 g=0.124 VarTD=0.326319 ret_end=-24.861 dbar_end=0.666 occ_end=0.168 CSR_train=0.000 done_count=125
[upd 170] u=1 upd_ctr=18 opt_step=288 E=0.155 g=0.131 VarTD=0.356883 ret_end=-25.312 dbar_end=0.648 occ_end=0.200 CSR_train=0.000 done_count=125
[upd 180] u=0 upd_ctr=19 opt_step=304 E=0.267 g=0.149 VarTD=0.508805 ret_end=-23.852 dbar_end=0.607 occ_end=0.360 CSR_train=0.008 done_count=125
[upd 190] u=0 upd_ctr=20 opt_step=320 E=0.399 g=0.158 VarTD=0.599768 ret_end=-24.105 dbar_end=0.588 occ_end=0.264 CSR_train=0.008 done_count=125
[upd 200] u=0 upd_ctr=21 opt_step=336 E=0.608 g=0.159 VarTD=0.667451 ret_end=-23.902 dbar_end=0.585 occ_end=0.176 CSR_train=0.000 done_count=125
[upd 210] u=0 upd_ctr=22 opt_step=352 E=0.752 g=0.148 VarTD=0.788746 ret_end=-24.993 dbar_end=0.608 occ_end=0.304 CSR_train=0.000 done_count=125
[upd 220] u=0 upd_ctr=23 opt_step=368 E=0.974 g=0.138 VarTD=0.877007 ret_end=-25.351 dbar_end=0.630 occ_end=0.200 CSR_train=0.000 done_count=125
[upd 230] u=0 upd_ctr=25 opt_step=400 E=0.296 g=0.157 VarTD=1.141354 ret_end=-24.746 dbar_end=0.589 occ_end=0.288 CSR_train=0.000 done_count=125
[upd 240] u=0 upd_ctr=26 opt_step=416 E=0.564 g=0.157 VarTD=1.285371 ret_end=-24.745 dbar_end=0.590 occ_end=0.264 CSR_train=0.000 done_count=125
[upd 250] u=0 upd_ctr=27 opt_step=432 E=0.808 g=0.145 VarTD=1.393961 ret_end=-24.701 dbar_end=0.615 occ_end=0.240 CSR_train=0.000 done_count=125
[upd 260] u=1 upd_ctr=29 opt_step=464 E=0.140 g=0.153 VarTD=1.307904 ret_end=-24.818 dbar_end=0.597 occ_end=0.250 CSR_train=0.000 done_count=100
[upd 270] u=0 upd_ctr=30 opt_step=480 E=0.536 g=0.168 VarTD=1.841948 ret_end=-23.284 dbar_end=0.568 occ_end=0.288 CSR_train=0.000 done_count=125
[upd 280] u=0 upd_ctr=31 opt_step=496 E=0.884 g=0.169 VarTD=2.029128 ret_end=-23.078 dbar_end=0.566 occ_end=0.232 CSR_train=0.000 done_count=125
[upd 290] u=0 upd_ctr=33 opt_step=528 E=0.334 g=0.183 VarTD=2.375778 ret_end=-22.811 dbar_end=0.541 occ_end=0.320 CSR_train=0.000 done_count=125
[upd 300] u=0 upd_ctr=34 opt_step=544 E=0.731 g=0.171 VarTD=2.489358 ret_end=-23.878 dbar_end=0.562 occ_end=0.264 CSR_train=0.000 done_count=125
[upd 310] u=1 upd_ctr=36 opt_step=576 E=0.183 g=0.166 VarTD=2.666164 ret_end=-23.920 dbar_end=0.571 occ_end=0.296 CSR_train=0.000 done_count=125
[Gate5 check] update_counter violations: t0=0 diffs=0
[Gate5 check] opt_step violations: t0=0 diffs=0 (expected_inc=16)
[Gate5 check] NaN masking: nan_on_skip=True finite_on_update=True
[Gate5 summary] mean_update_fraction=0.1154 final_executed_updates_mean=36.00
[Gate5 eval] done_count mean=100.0 CSR mean=0.0100 len_end_mean=26.00
[Gate5 eval] episodes_per_env=4 T_eval=104
[Gate5 eval-debug] locked_eps_occ=0.20 pre(step25): dbar_end=0.488017 occupied_end_mean=0.330000 max_tilde_end_mean=0.695223 CSR@locked=0.000000
[Gate5 eval-debug] locked_eps_occ=0.20 post(step26): dbar_end=0.498492 occupied_end_mean=0.390000 max_tilde_end_mean=0.707904 CSR@locked=0.010000
[Gate5 eval-debug] CSR_pre@0.10=0.0000 CSR_pre@0.15=0.0000 CSR_pre@0.20=0.0000 CSR_pre@0.25=0.0400 CSR_pre@0.30=0.0500
[Gate5 eval-debug] CSR_post@0.10=0.0100 CSR_post@0.15=0.0100 CSR_post@0.20=0.0100 CSR_post@0.25=0.0200 CSR_post@0.30=0.0600
