Importing submoduled environments...
Submoduled environments not found. Skipping import.
[upd 0] u=1 upd_ctr=1 opt_step=16 E=0.155 g=0.092 VarTD=0.127621 ret_end=-27.319 dbar_end=0.760 occ_end=0.140 CSR_train=0.000 done_count=100
[upd 10] u=0 upd_ctr=1 opt_step=16 E=0.723 g=0.102 VarTD=0.162085 ret_end=-27.682 dbar_end=0.727 occ_end=0.168 CSR_train=0.000 done_count=125
[upd 20] u=0 upd_ctr=2 opt_step=32 E=0.378 g=0.087 VarTD=0.134174 ret_end=-28.202 dbar_end=0.780 occ_end=0.152 CSR_train=0.000 done_count=125
[upd 30] u=1 upd_ctr=3 opt_step=48 E=0.064 g=0.093 VarTD=0.133596 ret_end=-26.978 dbar_end=0.757 occ_end=0.168 CSR_train=0.000 done_count=125
[upd 40] u=0 upd_ctr=3 opt_step=48 E=0.624 g=0.087 VarTD=0.137923 ret_end=-27.528 dbar_end=0.777 occ_end=0.104 CSR_train=0.000 done_count=125
[upd 50] u=0 upd_ctr=4 opt_step=64 E=0.326 g=0.104 VarTD=0.134491 ret_end=-26.402 dbar_end=0.722 occ_end=0.176 CSR_train=0.000 done_count=125
[upd 60] u=0 upd_ctr=4 opt_step=64 E=0.935 g=0.105 VarTD=0.122165 ret_end=-26.715 dbar_end=0.719 occ_end=0.168 CSR_train=0.000 done_count=125
[upd 70] u=0 upd_ctr=5 opt_step=80 E=0.685 g=0.110 VarTD=0.156679 ret_end=-26.628 dbar_end=0.704 occ_end=0.200 CSR_train=0.000 done_count=125
[upd 80] u=0 upd_ctr=6 opt_step=96 E=0.448 g=0.115 VarTD=0.144891 ret_end=-25.971 dbar_end=0.689 occ_end=0.176 CSR_train=0.000 done_count=125
[upd 90] u=0 upd_ctr=7 opt_step=112 E=0.245 g=0.115 VarTD=0.146180 ret_end=-27.374 dbar_end=0.689 occ_end=0.192 CSR_train=0.000 done_count=125
[upd 100] u=0 upd_ctr=7 opt_step=112 E=0.970 g=0.125 VarTD=0.118927 ret_end=-24.920 dbar_end=0.662 occ_end=0.192 CSR_train=0.000 done_count=125
[upd 110] u=0 upd_ctr=8 opt_step=128 E=0.796 g=0.115 VarTD=0.164652 ret_end=-27.027 dbar_end=0.688 occ_end=0.208 CSR_train=0.000 done_count=125
[upd 120] u=0 upd_ctr=9 opt_step=144 E=0.640 g=0.133 VarTD=0.134766 ret_end=-25.771 dbar_end=0.643 occ_end=0.168 CSR_train=0.000 done_count=125
[upd 130] u=0 upd_ctr=10 opt_step=160 E=0.473 g=0.135 VarTD=0.126302 ret_end=-24.592 dbar_end=0.638 occ_end=0.180 CSR_train=0.000 done_count=100
[upd 140] u=0 upd_ctr=11 opt_step=176 E=0.336 g=0.131 VarTD=0.171784 ret_end=-25.640 dbar_end=0.648 occ_end=0.184 CSR_train=0.000 done_count=125
[upd 150] u=0 upd_ctr=12 opt_step=192 E=0.201 g=0.128 VarTD=0.156145 ret_end=-25.573 dbar_end=0.655 occ_end=0.176 CSR_train=0.000 done_count=125
[upd 160] u=0 upd_ctr=12 opt_step=192 E=0.971 g=0.131 VarTD=0.152764 ret_end=-25.886 dbar_end=0.648 occ_end=0.264 CSR_train=0.008 done_count=125
[upd 170] u=0 upd_ctr=13 opt_step=208 E=0.865 g=0.140 VarTD=0.210171 ret_end=-24.962 dbar_end=0.625 occ_end=0.192 CSR_train=0.000 done_count=125
[upd 180] u=0 upd_ctr=14 opt_step=224 E=0.785 g=0.152 VarTD=0.226652 ret_end=-24.443 dbar_end=0.600 occ_end=0.328 CSR_train=0.000 done_count=125
[upd 190] u=0 upd_ctr=15 opt_step=240 E=0.680 g=0.134 VarTD=0.258414 ret_end=-25.318 dbar_end=0.639 occ_end=0.208 CSR_train=0.000 done_count=125
[upd 200] u=0 upd_ctr=16 opt_step=256 E=0.608 g=0.144 VarTD=0.300742 ret_end=-25.516 dbar_end=0.618 occ_end=0.264 CSR_train=0.000 done_count=125
[upd 210] u=0 upd_ctr=17 opt_step=272 E=0.529 g=0.116 VarTD=0.342058 ret_end=-26.246 dbar_end=0.686 occ_end=0.176 CSR_train=0.000 done_count=125
[upd 220] u=0 upd_ctr=18 opt_step=288 E=0.433 g=0.140 VarTD=0.406872 ret_end=-25.371 dbar_end=0.625 occ_end=0.240 CSR_train=0.000 done_count=125
[upd 230] u=0 upd_ctr=19 opt_step=304 E=0.329 g=0.131 VarTD=0.509830 ret_end=-25.783 dbar_end=0.647 occ_end=0.216 CSR_train=0.000 done_count=125
[upd 240] u=0 upd_ctr=20 opt_step=320 E=0.294 g=0.132 VarTD=0.600513 ret_end=-26.191 dbar_end=0.645 occ_end=0.240 CSR_train=0.000 done_count=125
[upd 250] u=0 upd_ctr=21 opt_step=336 E=0.306 g=0.158 VarTD=0.663276 ret_end=-24.602 dbar_end=0.588 occ_end=0.280 CSR_train=0.000 done_count=125
[upd 260] u=0 upd_ctr=22 opt_step=352 E=0.334 g=0.141 VarTD=0.628463 ret_end=-25.703 dbar_end=0.623 occ_end=0.160 CSR_train=0.000 done_count=100
[upd 270] u=0 upd_ctr=23 opt_step=368 E=0.352 g=0.149 VarTD=0.833575 ret_end=-24.701 dbar_end=0.607 occ_end=0.200 CSR_train=0.000 done_count=125
[upd 280] u=0 upd_ctr=24 opt_step=384 E=0.362 g=0.151 VarTD=1.027068 ret_end=-24.292 dbar_end=0.603 occ_end=0.216 CSR_train=0.000 done_count=125
[upd 290] u=0 upd_ctr=25 opt_step=400 E=0.366 g=0.157 VarTD=1.093935 ret_end=-23.950 dbar_end=0.589 occ_end=0.272 CSR_train=0.000 done_count=125
[upd 300] u=0 upd_ctr=26 opt_step=416 E=0.372 g=0.151 VarTD=1.228750 ret_end=-24.477 dbar_end=0.602 occ_end=0.240 CSR_train=0.000 done_count=125
[upd 310] u=0 upd_ctr=27 opt_step=432 E=0.391 g=0.160 VarTD=1.342330 ret_end=-23.724 dbar_end=0.583 occ_end=0.264 CSR_train=0.000 done_count=125
[Gate5 check] update_counter violations: t0=0 diffs=0
[Gate5 check] opt_step violations: t0=0 diffs=0 (expected_inc=16)
[Gate5 check] NaN masking: nan_on_skip=True finite_on_update=True
[Gate5 summary] mean_update_fraction=0.0865 final_executed_updates_mean=27.00
[Gate5 eval] done_count mean=100.0 CSR mean=0.0000 len_end_mean=26.00
[Gate5 eval] episodes_per_env=4 T_eval=104
[Gate5 eval-debug] locked_eps_occ=0.20 pre(step25): dbar_end=0.491684 occupied_end_mean=0.370000 max_tilde_end_mean=0.675925 CSR@locked=0.010000
[Gate5 eval-debug] locked_eps_occ=0.20 post(step26): dbar_end=0.494161 occupied_end_mean=0.330000 max_tilde_end_mean=0.679073 CSR@locked=0.000000
[Gate5 eval-debug] CSR_pre@0.10=0.0000 CSR_pre@0.15=0.0000 CSR_pre@0.20=0.0100 CSR_pre@0.25=0.0400 CSR_pre@0.30=0.0500
[Gate5 eval-debug] CSR_post@0.10=0.0000 CSR_post@0.15=0.0000 CSR_post@0.20=0.0000 CSR_post@0.25=0.0300 CSR_post@0.30=0.0600
