Importing submoduled environments...
Submoduled environments not found. Skipping import.
[upd 0] u=1 upd_ctr=1 opt_step=16 E=0.142 g=0.092 VarTD=0.127621 ret_end=-27.319 dbar_end=0.760 occ_end=0.140 CSR_train=0.000 done_count=100
[upd 10] u=1 upd_ctr=2 opt_step=32 E=0.139 g=0.102 VarTD=0.162085 ret_end=-27.682 dbar_end=0.727 occ_end=0.168 CSR_train=0.000 done_count=125
[upd 20] u=1 upd_ctr=3 opt_step=48 E=0.142 g=0.092 VarTD=0.129107 ret_end=-27.777 dbar_end=0.761 occ_end=0.168 CSR_train=0.000 done_count=125
[upd 30] u=0 upd_ctr=4 opt_step=64 E=0.249 g=0.109 VarTD=0.128940 ret_end=-26.377 dbar_end=0.705 occ_end=0.184 CSR_train=0.000 done_count=125
[upd 40] u=0 upd_ctr=5 opt_step=80 E=0.325 g=0.099 VarTD=0.133808 ret_end=-26.938 dbar_end=0.735 occ_end=0.168 CSR_train=0.000 done_count=125
[upd 50] u=0 upd_ctr=6 opt_step=96 E=0.463 g=0.108 VarTD=0.136392 ret_end=-26.007 dbar_end=0.708 occ_end=0.224 CSR_train=0.000 done_count=125
[upd 60] u=0 upd_ctr=7 opt_step=112 E=0.640 g=0.122 VarTD=0.125785 ret_end=-25.916 dbar_end=0.671 occ_end=0.224 CSR_train=0.000 done_count=125
[upd 70] u=0 upd_ctr=8 opt_step=128 E=0.878 g=0.127 VarTD=0.161463 ret_end=-26.025 dbar_end=0.656 occ_end=0.200 CSR_train=0.000 done_count=125
[upd 80] u=1 upd_ctr=10 opt_step=160 E=0.180 g=0.130 VarTD=0.154729 ret_end=-25.045 dbar_end=0.649 occ_end=0.192 CSR_train=0.000 done_count=125
[upd 90] u=0 upd_ctr=11 opt_step=176 E=0.538 g=0.135 VarTD=0.180520 ret_end=-26.478 dbar_end=0.639 occ_end=0.232 CSR_train=0.000 done_count=125
[upd 100] u=0 upd_ctr=12 opt_step=192 E=0.878 g=0.138 VarTD=0.172051 ret_end=-24.302 dbar_end=0.631 occ_end=0.248 CSR_train=0.000 done_count=125
[upd 110] u=0 upd_ctr=14 opt_step=224 E=0.319 g=0.131 VarTD=0.252711 ret_end=-25.927 dbar_end=0.648 occ_end=0.208 CSR_train=0.000 done_count=125
[upd 120] u=0 upd_ctr=15 opt_step=240 E=0.734 g=0.143 VarTD=0.273825 ret_end=-24.966 dbar_end=0.619 occ_end=0.232 CSR_train=0.000 done_count=125
[upd 130] u=1 upd_ctr=17 opt_step=272 E=0.198 g=0.148 VarTD=0.269288 ret_end=-23.718 dbar_end=0.607 occ_end=0.260 CSR_train=0.000 done_count=100
[upd 140] u=0 upd_ctr=18 opt_step=288 E=0.608 g=0.139 VarTD=0.456246 ret_end=-25.472 dbar_end=0.630 occ_end=0.208 CSR_train=0.000 done_count=125
[upd 150] u=0 upd_ctr=19 opt_step=304 E=1.000 g=0.142 VarTD=0.486932 ret_end=-24.762 dbar_end=0.621 occ_end=0.208 CSR_train=0.000 done_count=125
[upd 160] u=0 upd_ctr=21 opt_step=336 E=0.475 g=0.149 VarTD=0.675746 ret_end=-24.841 dbar_end=0.606 occ_end=0.232 CSR_train=0.000 done_count=125
[upd 170] u=0 upd_ctr=22 opt_step=352 E=0.980 g=0.163 VarTD=0.843790 ret_end=-23.840 dbar_end=0.578 occ_end=0.288 CSR_train=0.000 done_count=125
[upd 180] u=0 upd_ctr=24 opt_step=384 E=0.693 g=0.175 VarTD=1.056394 ret_end=-23.301 dbar_end=0.555 occ_end=0.296 CSR_train=0.000 done_count=125
[upd 190] u=0 upd_ctr=26 opt_step=416 E=0.347 g=0.173 VarTD=1.329902 ret_end=-24.027 dbar_end=0.558 occ_end=0.288 CSR_train=0.000 done_count=125
[upd 200] u=0 upd_ctr=27 opt_step=432 E=1.000 g=0.180 VarTD=1.436117 ret_end=-24.050 dbar_end=0.546 occ_end=0.344 CSR_train=0.000 done_count=125
[upd 210] u=0 upd_ctr=29 opt_step=464 E=0.710 g=0.153 VarTD=1.673715 ret_end=-24.547 dbar_end=0.597 occ_end=0.264 CSR_train=0.000 done_count=125
[upd 220] u=0 upd_ctr=31 opt_step=496 E=0.375 g=0.168 VarTD=1.973981 ret_end=-23.867 dbar_end=0.569 occ_end=0.328 CSR_train=0.016 done_count=125
[upd 230] u=0 upd_ctr=32 opt_step=512 E=0.989 g=0.154 VarTD=2.176373 ret_end=-24.790 dbar_end=0.595 occ_end=0.288 CSR_train=0.000 done_count=125
[upd 240] u=0 upd_ctr=34 opt_step=544 E=0.714 g=0.174 VarTD=2.577608 ret_end=-24.396 dbar_end=0.556 occ_end=0.264 CSR_train=0.000 done_count=125
[upd 250] u=0 upd_ctr=36 opt_step=576 E=0.383 g=0.164 VarTD=2.769696 ret_end=-24.017 dbar_end=0.576 occ_end=0.272 CSR_train=0.000 done_count=125
[upd 260] u=0 upd_ctr=37 opt_step=592 E=1.000 g=0.148 VarTD=2.345128 ret_end=-25.026 dbar_end=0.608 occ_end=0.210 CSR_train=0.000 done_count=100
[upd 270] u=0 upd_ctr=39 opt_step=624 E=0.713 g=0.162 VarTD=3.313802 ret_end=-24.216 dbar_end=0.579 occ_end=0.272 CSR_train=0.000 done_count=125
[upd 280] u=0 upd_ctr=41 opt_step=656 E=0.396 g=0.171 VarTD=3.760924 ret_end=-23.393 dbar_end=0.562 occ_end=0.344 CSR_train=0.000 done_count=125
[upd 290] u=0 upd_ctr=42 opt_step=672 E=1.000 g=0.181 VarTD=3.916656 ret_end=-23.015 dbar_end=0.545 occ_end=0.256 CSR_train=0.000 done_count=125
[upd 300] u=0 upd_ctr=44 opt_step=704 E=0.731 g=0.179 VarTD=4.239978 ret_end=-23.450 dbar_end=0.548 occ_end=0.248 CSR_train=0.000 done_count=125
[upd 310] u=0 upd_ctr=46 opt_step=736 E=0.405 g=0.173 VarTD=4.479020 ret_end=-23.001 dbar_end=0.558 occ_end=0.336 CSR_train=0.008 done_count=125
[Gate5 check] update_counter violations: t0=0 diffs=0
[Gate5 check] opt_step violations: t0=0 diffs=0 (expected_inc=16)
[Gate5 check] NaN masking: nan_on_skip=True finite_on_update=True
[Gate5 summary] mean_update_fraction=0.1474 final_executed_updates_mean=46.00
[Gate5 eval] done_count mean=100.0 CSR mean=0.0100 len_end_mean=26.00
[Gate5 eval] episodes_per_env=4 T_eval=104
[Gate5 eval-debug] locked_eps_occ=0.20 pre(step25): dbar_end=0.459995 occupied_end_mean=0.460000 max_tilde_end_mean=0.666191 CSR@locked=0.000000
[Gate5 eval-debug] locked_eps_occ=0.20 post(step26): dbar_end=0.465262 occupied_end_mean=0.440000 max_tilde_end_mean=0.660653 CSR@locked=0.010000
[Gate5 eval-debug] CSR_pre@0.10=0.0000 CSR_pre@0.15=0.0000 CSR_pre@0.20=0.0000 CSR_pre@0.25=0.0400 CSR_pre@0.30=0.0500
[Gate5 eval-debug] CSR_post@0.10=0.0000 CSR_post@0.15=0.0000 CSR_post@0.20=0.0100 CSR_post@0.25=0.0200 CSR_post@0.30=0.0300
