Importing submoduled environments...
Submoduled environments not found. Skipping import.
[upd 0] u=1 upd_ctr=1 opt_step=16 E=0.146 g=0.096 VarTD=0.158273 ret_end=-27.822 dbar_end=0.748 occ_end=0.150 CSR_train=0.000 done_count=100
[upd 10] u=1 upd_ctr=2 opt_step=32 E=0.147 g=0.097 VarTD=0.181267 ret_end=-27.128 dbar_end=0.741 occ_end=0.144 CSR_train=0.000 done_count=125
[upd 20] u=0 upd_ctr=3 opt_step=48 E=0.222 g=0.100 VarTD=0.166677 ret_end=-27.141 dbar_end=0.732 occ_end=0.184 CSR_train=0.008 done_count=125
[upd 30] u=0 upd_ctr=4 opt_step=64 E=0.357 g=0.103 VarTD=0.163005 ret_end=-27.855 dbar_end=0.723 occ_end=0.168 CSR_train=0.000 done_count=125
[upd 40] u=0 upd_ctr=5 opt_step=80 E=0.537 g=0.115 VarTD=0.137044 ret_end=-26.360 dbar_end=0.689 occ_end=0.168 CSR_train=0.000 done_count=125
[upd 50] u=0 upd_ctr=6 opt_step=96 E=0.744 g=0.133 VarTD=0.141982 ret_end=-25.019 dbar_end=0.642 occ_end=0.168 CSR_train=0.000 done_count=125
[upd 60] u=0 upd_ctr=7 opt_step=112 E=0.997 g=0.118 VarTD=0.141095 ret_end=-26.218 dbar_end=0.682 occ_end=0.160 CSR_train=0.000 done_count=125
[upd 70] u=0 upd_ctr=9 opt_step=144 E=0.319 g=0.129 VarTD=0.188159 ret_end=-26.730 dbar_end=0.653 occ_end=0.248 CSR_train=0.000 done_count=125
[upd 80] u=0 upd_ctr=10 opt_step=160 E=0.707 g=0.145 VarTD=0.173324 ret_end=-24.743 dbar_end=0.614 occ_end=0.248 CSR_train=0.000 done_count=125
[upd 90] u=1 upd_ctr=12 opt_step=192 E=0.192 g=0.142 VarTD=0.160582 ret_end=-24.751 dbar_end=0.622 occ_end=0.200 CSR_train=0.000 done_count=125
[upd 100] u=0 upd_ctr=13 opt_step=208 E=0.641 g=0.148 VarTD=0.187176 ret_end=-24.927 dbar_end=0.609 occ_end=0.240 CSR_train=0.000 done_count=125
[upd 110] u=0 upd_ctr=14 opt_step=224 E=1.000 g=0.145 VarTD=0.232838 ret_end=-24.585 dbar_end=0.614 occ_end=0.216 CSR_train=0.000 done_count=125
[upd 120] u=0 upd_ctr=16 opt_step=256 E=0.492 g=0.145 VarTD=0.316845 ret_end=-25.354 dbar_end=0.616 occ_end=0.232 CSR_train=0.000 done_count=125
[upd 130] u=1 upd_ctr=18 opt_step=288 E=0.166 g=0.161 VarTD=0.300117 ret_end=-23.465 dbar_end=0.581 occ_end=0.270 CSR_train=0.000 done_count=100
[upd 140] u=0 upd_ctr=19 opt_step=304 E=0.825 g=0.176 VarTD=0.496184 ret_end=-24.281 dbar_end=0.553 occ_end=0.256 CSR_train=0.000 done_count=125
[upd 150] u=0 upd_ctr=21 opt_step=336 E=0.570 g=0.171 VarTD=0.637146 ret_end=-22.826 dbar_end=0.563 occ_end=0.280 CSR_train=0.000 done_count=125
[upd 160] u=1 upd_ctr=23 opt_step=368 E=0.223 g=0.173 VarTD=0.772257 ret_end=-24.120 dbar_end=0.559 occ_end=0.280 CSR_train=0.000 done_count=125
[upd 170] u=0 upd_ctr=24 opt_step=384 E=0.940 g=0.184 VarTD=1.007040 ret_end=-23.315 dbar_end=0.540 occ_end=0.336 CSR_train=0.008 done_count=125
[upd 180] u=0 upd_ctr=26 opt_step=416 E=0.550 g=0.161 VarTD=1.224743 ret_end=-24.369 dbar_end=0.582 occ_end=0.272 CSR_train=0.000 done_count=125
[upd 190] u=1 upd_ctr=28 opt_step=448 E=0.229 g=0.179 VarTD=1.340909 ret_end=-23.268 dbar_end=0.548 occ_end=0.256 CSR_train=0.000 done_count=125
[upd 200] u=0 upd_ctr=29 opt_step=464 E=0.946 g=0.169 VarTD=1.639310 ret_end=-23.406 dbar_end=0.566 occ_end=0.288 CSR_train=0.000 done_count=125
[upd 210] u=0 upd_ctr=31 opt_step=496 E=0.577 g=0.161 VarTD=1.929373 ret_end=-24.140 dbar_end=0.582 occ_end=0.232 CSR_train=0.000 done_count=125
[upd 220] u=1 upd_ctr=33 opt_step=528 E=0.222 g=0.172 VarTD=2.054451 ret_end=-23.227 dbar_end=0.560 occ_end=0.232 CSR_train=0.000 done_count=125
[upd 230] u=0 upd_ctr=34 opt_step=544 E=0.900 g=0.165 VarTD=2.398102 ret_end=-23.893 dbar_end=0.575 occ_end=0.264 CSR_train=0.000 done_count=125
[upd 240] u=0 upd_ctr=36 opt_step=576 E=0.718 g=0.183 VarTD=2.728152 ret_end=-23.552 dbar_end=0.541 occ_end=0.312 CSR_train=0.000 done_count=125
[upd 250] u=0 upd_ctr=38 opt_step=608 E=0.403 g=0.185 VarTD=3.102223 ret_end=-22.933 dbar_end=0.538 occ_end=0.296 CSR_train=0.000 done_count=125
[upd 260] u=0 upd_ctr=39 opt_step=624 E=1.000 g=0.179 VarTD=2.624330 ret_end=-23.311 dbar_end=0.547 occ_end=0.270 CSR_train=0.000 done_count=100
[upd 270] u=0 upd_ctr=41 opt_step=656 E=0.768 g=0.176 VarTD=3.637140 ret_end=-23.025 dbar_end=0.553 occ_end=0.288 CSR_train=0.000 done_count=125
[upd 280] u=0 upd_ctr=43 opt_step=688 E=0.400 g=0.175 VarTD=3.892490 ret_end=-23.653 dbar_end=0.554 occ_end=0.328 CSR_train=0.000 done_count=125
[upd 290] u=1 upd_ctr=45 opt_step=720 E=0.234 g=0.184 VarTD=4.147468 ret_end=-22.645 dbar_end=0.540 occ_end=0.248 CSR_train=0.000 done_count=125
[upd 300] u=0 upd_ctr=46 opt_step=736 E=1.000 g=0.163 VarTD=4.393882 ret_end=-24.149 dbar_end=0.578 occ_end=0.240 CSR_train=0.000 done_count=125
[upd 310] u=0 upd_ctr=48 opt_step=768 E=0.766 g=0.177 VarTD=4.664368 ret_end=-23.463 dbar_end=0.551 occ_end=0.240 CSR_train=0.000 done_count=125
[Gate5 check] update_counter violations: t0=0 diffs=0
[Gate5 check] opt_step violations: t0=0 diffs=0 (expected_inc=16)
[Gate5 check] NaN masking: nan_on_skip=True finite_on_update=True
[Gate5 summary] mean_update_fraction=0.1538 final_executed_updates_mean=48.00
[Gate5 eval] done_count mean=100.0 CSR mean=0.0000 len_end_mean=26.00
[Gate5 eval] episodes_per_env=4 T_eval=104
[Gate5 eval-debug] locked_eps_occ=0.20 pre(step25): dbar_end=0.505778 occupied_end_mean=0.420000 max_tilde_end_mean=0.723136 CSR@locked=0.010000
[Gate5 eval-debug] locked_eps_occ=0.20 post(step26): dbar_end=0.498493 occupied_end_mean=0.380000 max_tilde_end_mean=0.717814 CSR@locked=0.000000
[Gate5 eval-debug] CSR_pre@0.10=0.0000 CSR_pre@0.15=0.0100 CSR_pre@0.20=0.0100 CSR_pre@0.25=0.0100 CSR_pre@0.30=0.0300
[Gate5 eval-debug] CSR_post@0.10=0.0000 CSR_post@0.15=0.0000 CSR_post@0.20=0.0000 CSR_post@0.25=0.0100 CSR_post@0.30=0.0300
