Importing submoduled environments...
Submoduled environments not found. Skipping import.
[upd 0] u=1 upd_ctr=1 opt_step=16 E=0.017 g=0.087 VarTD=0.169991 ret_end=-27.980 dbar_end=0.777 occ_end=0.130 CSR_train=0.000 done_count=100
[upd 10] u=0 upd_ctr=1 opt_step=16 E=0.205 g=0.097 VarTD=0.148660 ret_end=-28.362 dbar_end=0.744 occ_end=0.160 CSR_train=0.000 done_count=125
[upd 20] u=0 upd_ctr=1 opt_step=16 E=0.392 g=0.107 VarTD=0.133804 ret_end=-25.361 dbar_end=0.711 occ_end=0.200 CSR_train=0.000 done_count=125
[upd 30] u=0 upd_ctr=1 opt_step=16 E=0.588 g=0.107 VarTD=0.114053 ret_end=-26.242 dbar_end=0.712 occ_end=0.176 CSR_train=0.000 done_count=125
[upd 40] u=0 upd_ctr=1 opt_step=16 E=0.776 g=0.093 VarTD=0.157199 ret_end=-27.408 dbar_end=0.756 occ_end=0.120 CSR_train=0.000 done_count=125
[upd 50] u=0 upd_ctr=1 opt_step=16 E=0.954 g=0.083 VarTD=0.175078 ret_end=-28.448 dbar_end=0.791 occ_end=0.128 CSR_train=0.000 done_count=125
[upd 60] u=0 upd_ctr=2 opt_step=32 E=0.137 g=0.099 VarTD=0.151108 ret_end=-26.358 dbar_end=0.737 occ_end=0.184 CSR_train=0.000 done_count=125
[upd 70] u=0 upd_ctr=2 opt_step=32 E=0.333 g=0.104 VarTD=0.149264 ret_end=-27.029 dbar_end=0.721 occ_end=0.144 CSR_train=0.000 done_count=125
[upd 80] u=0 upd_ctr=2 opt_step=32 E=0.532 g=0.099 VarTD=0.143991 ret_end=-26.784 dbar_end=0.736 occ_end=0.240 CSR_train=0.000 done_count=125
[upd 90] u=0 upd_ctr=2 opt_step=32 E=0.719 g=0.095 VarTD=0.171127 ret_end=-27.607 dbar_end=0.749 occ_end=0.144 CSR_train=0.000 done_count=125
[upd 100] u=0 upd_ctr=2 opt_step=32 E=0.912 g=0.103 VarTD=0.137583 ret_end=-26.155 dbar_end=0.723 occ_end=0.088 CSR_train=0.000 done_count=125
[upd 110] u=0 upd_ctr=3 opt_step=48 E=0.101 g=0.102 VarTD=0.132231 ret_end=-26.455 dbar_end=0.727 occ_end=0.208 CSR_train=0.000 done_count=125
[upd 120] u=0 upd_ctr=3 opt_step=48 E=0.302 g=0.096 VarTD=0.117647 ret_end=-26.694 dbar_end=0.748 occ_end=0.120 CSR_train=0.000 done_count=125
[upd 130] u=0 upd_ctr=3 opt_step=48 E=0.502 g=0.098 VarTD=0.153336 ret_end=-27.370 dbar_end=0.741 occ_end=0.170 CSR_train=0.000 done_count=100
[upd 140] u=0 upd_ctr=3 opt_step=48 E=0.705 g=0.102 VarTD=0.160779 ret_end=-27.420 dbar_end=0.727 occ_end=0.176 CSR_train=0.000 done_count=125
[upd 150] u=0 upd_ctr=3 opt_step=48 E=0.910 g=0.108 VarTD=0.140651 ret_end=-26.595 dbar_end=0.709 occ_end=0.208 CSR_train=0.000 done_count=125
[upd 160] u=0 upd_ctr=4 opt_step=64 E=0.101 g=0.111 VarTD=0.133224 ret_end=-26.280 dbar_end=0.701 occ_end=0.184 CSR_train=0.000 done_count=125
[upd 170] u=0 upd_ctr=4 opt_step=64 E=0.311 g=0.100 VarTD=0.152019 ret_end=-27.037 dbar_end=0.733 occ_end=0.216 CSR_train=0.000 done_count=125
[upd 180] u=0 upd_ctr=4 opt_step=64 E=0.519 g=0.113 VarTD=0.138336 ret_end=-26.752 dbar_end=0.694 occ_end=0.184 CSR_train=0.000 done_count=125
[upd 190] u=0 upd_ctr=4 opt_step=64 E=0.726 g=0.096 VarTD=0.141302 ret_end=-27.296 dbar_end=0.748 occ_end=0.096 CSR_train=0.000 done_count=125
[upd 200] u=0 upd_ctr=4 opt_step=64 E=0.939 g=0.102 VarTD=0.118847 ret_end=-26.681 dbar_end=0.727 occ_end=0.176 CSR_train=0.000 done_count=125
[upd 210] u=0 upd_ctr=5 opt_step=80 E=0.145 g=0.105 VarTD=0.155234 ret_end=-26.953 dbar_end=0.718 occ_end=0.168 CSR_train=0.000 done_count=125
[upd 220] u=0 upd_ctr=5 opt_step=80 E=0.367 g=0.108 VarTD=0.136659 ret_end=-26.421 dbar_end=0.710 occ_end=0.200 CSR_train=0.000 done_count=125
[upd 230] u=0 upd_ctr=5 opt_step=80 E=0.584 g=0.103 VarTD=0.142396 ret_end=-26.335 dbar_end=0.725 occ_end=0.224 CSR_train=0.000 done_count=125
[upd 240] u=0 upd_ctr=5 opt_step=80 E=0.800 g=0.127 VarTD=0.124182 ret_end=-25.368 dbar_end=0.656 occ_end=0.200 CSR_train=0.000 done_count=125
[upd 250] u=0 upd_ctr=5 opt_step=80 E=1.000 g=0.097 VarTD=0.159454 ret_end=-27.655 dbar_end=0.744 occ_end=0.184 CSR_train=0.000 done_count=125
[upd 260] u=0 upd_ctr=6 opt_step=96 E=0.217 g=0.098 VarTD=0.122266 ret_end=-26.619 dbar_end=0.740 occ_end=0.130 CSR_train=0.000 done_count=100
[upd 270] u=0 upd_ctr=6 opt_step=96 E=0.439 g=0.109 VarTD=0.153358 ret_end=-26.655 dbar_end=0.705 occ_end=0.192 CSR_train=0.000 done_count=125
[upd 280] u=0 upd_ctr=6 opt_step=96 E=0.654 g=0.118 VarTD=0.163513 ret_end=-26.106 dbar_end=0.681 occ_end=0.144 CSR_train=0.000 done_count=125
[upd 290] u=0 upd_ctr=6 opt_step=96 E=0.875 g=0.116 VarTD=0.132851 ret_end=-25.472 dbar_end=0.685 occ_end=0.184 CSR_train=0.000 done_count=125
[upd 300] u=0 upd_ctr=7 opt_step=112 E=0.088 g=0.111 VarTD=0.124471 ret_end=-25.783 dbar_end=0.700 occ_end=0.168 CSR_train=0.000 done_count=125
[upd 310] u=0 upd_ctr=7 opt_step=112 E=0.305 g=0.104 VarTD=0.156088 ret_end=-26.945 dbar_end=0.719 occ_end=0.136 CSR_train=0.000 done_count=125
[Gate5 check] update_counter violations: t0=0 diffs=0
[Gate5 check] opt_step violations: t0=0 diffs=0 (expected_inc=16)
[Gate5 check] NaN masking: nan_on_skip=True finite_on_update=True
[Gate5 summary] mean_update_fraction=0.0224 final_executed_updates_mean=7.00
[Gate5 eval] done_count mean=100.0 CSR mean=0.0000 len_end_mean=26.00
[Gate5 eval] episodes_per_env=4 T_eval=104
[Gate5 eval-debug] locked_eps_occ=0.20 pre(step25): dbar_end=0.601364 occupied_end_mean=0.240000 max_tilde_end_mean=0.901077 CSR@locked=0.000000
[Gate5 eval-debug] locked_eps_occ=0.20 post(step26): dbar_end=0.607176 occupied_end_mean=0.270000 max_tilde_end_mean=0.914408 CSR@locked=0.000000
[Gate5 eval-debug] CSR_pre@0.10=0.0000 CSR_pre@0.15=0.0000 CSR_pre@0.20=0.0000 CSR_pre@0.25=0.0000 CSR_pre@0.30=0.0000
[Gate5 eval-debug] CSR_post@0.10=0.0000 CSR_post@0.15=0.0000 CSR_post@0.20=0.0000 CSR_post@0.25=0.0000 CSR_post@0.30=0.0000
