Importing submoduled environments...
Submoduled environments not found. Skipping import.
[upd 0] u=1 upd_ctr=1 opt_step=16 E=0.050 g=0.083 VarTD=0.176951 ret_end=-28.473 dbar_end=0.794 occ_end=0.140 CSR_train=0.000 done_count=100
[upd 10] u=0 upd_ctr=1 opt_step=16 E=0.619 g=0.089 VarTD=0.152994 ret_end=-28.611 dbar_end=0.772 occ_end=0.104 CSR_train=0.000 done_count=125
[upd 20] u=0 upd_ctr=2 opt_step=32 E=0.178 g=0.096 VarTD=0.153992 ret_end=-27.621 dbar_end=0.747 occ_end=0.192 CSR_train=0.000 done_count=125
[upd 30] u=0 upd_ctr=2 opt_step=32 E=0.764 g=0.095 VarTD=0.146620 ret_end=-27.309 dbar_end=0.749 occ_end=0.128 CSR_train=0.000 done_count=125
[upd 40] u=0 upd_ctr=3 opt_step=48 E=0.298 g=0.101 VarTD=0.160955 ret_end=-26.903 dbar_end=0.731 occ_end=0.208 CSR_train=0.000 done_count=125
[upd 50] u=0 upd_ctr=3 opt_step=48 E=0.918 g=0.102 VarTD=0.170168 ret_end=-26.742 dbar_end=0.727 occ_end=0.136 CSR_train=0.000 done_count=125
[upd 60] u=0 upd_ctr=4 opt_step=64 E=0.513 g=0.107 VarTD=0.131485 ret_end=-26.366 dbar_end=0.711 occ_end=0.128 CSR_train=0.000 done_count=125
[upd 70] u=0 upd_ctr=5 opt_step=80 E=0.127 g=0.109 VarTD=0.153023 ret_end=-26.373 dbar_end=0.705 occ_end=0.208 CSR_train=0.000 done_count=125
[upd 80] u=0 upd_ctr=5 opt_step=80 E=0.799 g=0.112 VarTD=0.123293 ret_end=-26.779 dbar_end=0.696 occ_end=0.208 CSR_train=0.000 done_count=125
[upd 90] u=0 upd_ctr=6 opt_step=96 E=0.423 g=0.114 VarTD=0.135051 ret_end=-26.586 dbar_end=0.692 occ_end=0.200 CSR_train=0.000 done_count=125
[upd 100] u=1 upd_ctr=7 opt_step=112 E=0.070 g=0.116 VarTD=0.155271 ret_end=-26.316 dbar_end=0.685 occ_end=0.144 CSR_train=0.000 done_count=125
[upd 110] u=0 upd_ctr=7 opt_step=112 E=0.815 g=0.124 VarTD=0.142696 ret_end=-25.147 dbar_end=0.664 occ_end=0.200 CSR_train=0.000 done_count=125
[upd 120] u=0 upd_ctr=8 opt_step=128 E=0.499 g=0.120 VarTD=0.133147 ret_end=-25.199 dbar_end=0.676 occ_end=0.168 CSR_train=0.000 done_count=125
[Gate5 check] update_counter violations: t0=0 diffs=0
[Gate5 check] opt_step violations: t0=0 diffs=0 (expected_inc=16)
[Gate5 check] NaN masking: nan_on_skip=True finite_on_update=True
[Gate5 summary] mean_update_fraction=0.0640 final_executed_updates_mean=8.00
[Gate5 eval] done_count mean=100.0 CSR mean=0.0000 len_end_mean=26.00
[Gate5 eval] episodes_per_env=4 T_eval=104
[Gate5 eval-debug] locked_eps_occ=0.20 pre(step25): dbar_end=0.572122 occupied_end_mean=0.290000 max_tilde_end_mean=0.865485 CSR@locked=0.000000
[Gate5 eval-debug] locked_eps_occ=0.20 post(step26): dbar_end=0.575121 occupied_end_mean=0.240000 max_tilde_end_mean=0.863524 CSR@locked=0.000000
[Gate5 eval-debug] CSR_pre@0.10=0.0000 CSR_pre@0.15=0.0000 CSR_pre@0.20=0.0000 CSR_pre@0.25=0.0000 CSR_pre@0.30=0.0000
[Gate5 eval-debug] CSR_post@0.10=0.0000 CSR_post@0.15=0.0000 CSR_post@0.20=0.0000 CSR_post@0.25=0.0000 CSR_post@0.30=0.0000
