Importing submoduled environments...
Submoduled environments not found. Skipping import.
[upd 0] u=1 upd_ctr=1 opt_step=16 E=0.101 g=0.102 VarTD=0.148347 ret_end=-26.397 dbar_end=0.726 occ_end=0.190 CSR_train=0.000 done_count=100
[upd 10] u=0 upd_ctr=1 opt_step=16 E=0.567 g=0.089 VarTD=0.167256 ret_end=-27.327 dbar_end=0.769 occ_end=0.152 CSR_train=0.008 done_count=125
[upd 20] u=1 upd_ctr=2 opt_step=32 E=0.083 g=0.085 VarTD=0.176565 ret_end=-27.948 dbar_end=0.785 occ_end=0.184 CSR_train=0.000 done_count=125
[upd 30] u=0 upd_ctr=2 opt_step=32 E=0.572 g=0.099 VarTD=0.158336 ret_end=-27.737 dbar_end=0.736 occ_end=0.184 CSR_train=0.000 done_count=125
[upd 40] u=0 upd_ctr=3 opt_step=48 E=0.112 g=0.102 VarTD=0.166070 ret_end=-26.895 dbar_end=0.726 occ_end=0.144 CSR_train=0.000 done_count=125
[upd 50] u=0 upd_ctr=3 opt_step=48 E=0.602 g=0.115 VarTD=0.154873 ret_end=-25.917 dbar_end=0.690 occ_end=0.176 CSR_train=0.000 done_count=125
[upd 60] u=0 upd_ctr=4 opt_step=64 E=0.152 g=0.095 VarTD=0.188083 ret_end=-28.027 dbar_end=0.750 occ_end=0.128 CSR_train=0.000 done_count=125
[upd 70] u=0 upd_ctr=4 opt_step=64 E=0.691 g=0.106 VarTD=0.165138 ret_end=-26.177 dbar_end=0.714 occ_end=0.160 CSR_train=0.000 done_count=125
[upd 80] u=0 upd_ctr=5 opt_step=80 E=0.290 g=0.112 VarTD=0.147076 ret_end=-27.108 dbar_end=0.698 occ_end=0.216 CSR_train=0.000 done_count=125
[upd 90] u=0 upd_ctr=5 opt_step=80 E=0.821 g=0.103 VarTD=0.157362 ret_end=-26.347 dbar_end=0.723 occ_end=0.168 CSR_train=0.000 done_count=125
[upd 100] u=0 upd_ctr=6 opt_step=96 E=0.451 g=0.112 VarTD=0.174590 ret_end=-26.246 dbar_end=0.696 occ_end=0.168 CSR_train=0.000 done_count=125
[upd 110] u=1 upd_ctr=7 opt_step=112 E=0.065 g=0.102 VarTD=0.158478 ret_end=-27.528 dbar_end=0.726 occ_end=0.208 CSR_train=0.000 done_count=125
[upd 120] u=0 upd_ctr=7 opt_step=112 E=0.658 g=0.124 VarTD=0.137339 ret_end=-25.737 dbar_end=0.665 occ_end=0.144 CSR_train=0.000 done_count=125
[upd 130] u=0 upd_ctr=8 opt_step=128 E=0.341 g=0.136 VarTD=0.136036 ret_end=-25.227 dbar_end=0.634 occ_end=0.210 CSR_train=0.000 done_count=100
[upd 140] u=0 upd_ctr=8 opt_step=128 E=0.956 g=0.121 VarTD=0.152667 ret_end=-26.878 dbar_end=0.674 occ_end=0.152 CSR_train=0.000 done_count=125
[upd 150] u=0 upd_ctr=9 opt_step=144 E=0.632 g=0.134 VarTD=0.191144 ret_end=-25.552 dbar_end=0.641 occ_end=0.224 CSR_train=0.000 done_count=125
[upd 160] u=0 upd_ctr=10 opt_step=160 E=0.305 g=0.136 VarTD=0.170146 ret_end=-25.368 dbar_end=0.635 occ_end=0.320 CSR_train=0.000 done_count=125
[upd 170] u=0 upd_ctr=10 opt_step=160 E=0.945 g=0.139 VarTD=0.152370 ret_end=-24.933 dbar_end=0.628 occ_end=0.168 CSR_train=0.000 done_count=125
[upd 180] u=0 upd_ctr=11 opt_step=176 E=0.623 g=0.120 VarTD=0.193533 ret_end=-25.182 dbar_end=0.675 occ_end=0.192 CSR_train=0.000 done_count=125
[upd 190] u=0 upd_ctr=12 opt_step=192 E=0.334 g=0.127 VarTD=0.209679 ret_end=-25.789 dbar_end=0.657 occ_end=0.184 CSR_train=0.000 done_count=125
[upd 200] u=0 upd_ctr=12 opt_step=192 E=0.967 g=0.116 VarTD=0.229025 ret_end=-26.598 dbar_end=0.686 occ_end=0.192 CSR_train=0.000 done_count=125
[upd 210] u=0 upd_ctr=13 opt_step=208 E=0.702 g=0.135 VarTD=0.206834 ret_end=-24.467 dbar_end=0.638 occ_end=0.224 CSR_train=0.008 done_count=125
[upd 220] u=0 upd_ctr=14 opt_step=224 E=0.410 g=0.140 VarTD=0.268336 ret_end=-25.074 dbar_end=0.625 occ_end=0.176 CSR_train=0.000 done_count=125
[upd 230] u=0 upd_ctr=15 opt_step=240 E=0.140 g=0.134 VarTD=0.262334 ret_end=-24.638 dbar_end=0.640 occ_end=0.248 CSR_train=0.000 done_count=125
[upd 240] u=0 upd_ctr=15 opt_step=240 E=0.835 g=0.149 VarTD=0.290927 ret_end=-24.941 dbar_end=0.607 occ_end=0.248 CSR_train=0.000 done_count=125
[upd 250] u=0 upd_ctr=16 opt_step=256 E=0.577 g=0.136 VarTD=0.358791 ret_end=-25.368 dbar_end=0.635 occ_end=0.240 CSR_train=0.000 done_count=125
[upd 260] u=0 upd_ctr=17 opt_step=272 E=0.336 g=0.142 VarTD=0.375086 ret_end=-24.156 dbar_end=0.621 occ_end=0.240 CSR_train=0.000 done_count=100
[upd 270] u=1 upd_ctr=18 opt_step=288 E=0.121 g=0.142 VarTD=0.402121 ret_end=-24.526 dbar_end=0.622 occ_end=0.224 CSR_train=0.000 done_count=125
[upd 280] u=0 upd_ctr=18 opt_step=288 E=0.856 g=0.152 VarTD=0.440779 ret_end=-24.659 dbar_end=0.599 occ_end=0.240 CSR_train=0.000 done_count=125
[upd 290] u=0 upd_ctr=19 opt_step=304 E=0.660 g=0.165 VarTD=0.546184 ret_end=-24.283 dbar_end=0.574 occ_end=0.264 CSR_train=0.008 done_count=125
[upd 300] u=0 upd_ctr=20 opt_step=320 E=0.464 g=0.154 VarTD=0.674592 ret_end=-24.800 dbar_end=0.595 occ_end=0.264 CSR_train=0.000 done_count=125
[upd 310] u=0 upd_ctr=21 opt_step=336 E=0.276 g=0.150 VarTD=0.683720 ret_end=-24.676 dbar_end=0.603 occ_end=0.232 CSR_train=0.000 done_count=125
[Gate5 check] update_counter violations: t0=0 diffs=0
[Gate5 check] opt_step violations: t0=0 diffs=0 (expected_inc=16)
[Gate5 check] NaN masking: nan_on_skip=True finite_on_update=True
[Gate5 summary] mean_update_fraction=0.0673 final_executed_updates_mean=21.00
[Gate5 eval] done_count mean=100.0 CSR mean=0.0000 len_end_mean=26.00
[Gate5 eval] episodes_per_env=4 T_eval=104
[Gate5 eval-debug] locked_eps_occ=0.20 pre(step25): dbar_end=0.492783 occupied_end_mean=0.330000 max_tilde_end_mean=0.709985 CSR@locked=0.000000
[Gate5 eval-debug] locked_eps_occ=0.20 post(step26): dbar_end=0.491422 occupied_end_mean=0.380000 max_tilde_end_mean=0.719684 CSR@locked=0.000000
[Gate5 eval-debug] CSR_pre@0.10=0.0000 CSR_pre@0.15=0.0000 CSR_pre@0.20=0.0000 CSR_pre@0.25=0.0100 CSR_pre@0.30=0.0300
[Gate5 eval-debug] CSR_post@0.10=0.0000 CSR_post@0.15=0.0000 CSR_post@0.20=0.0000 CSR_post@0.25=0.0000 CSR_post@0.30=0.0500
