Importing submoduled environments...
Submoduled environments not found. Skipping import.
[upd 0] u=1 upd_ctr=1 opt_step=16 E=0.078 g=0.094 VarTD=0.156314 ret_end=-27.700 dbar_end=0.751 occ_end=0.180 CSR_train=0.010 done_count=100
[upd 10] u=0 upd_ctr=1 opt_step=16 E=0.367 g=0.106 VarTD=0.133782 ret_end=-25.939 dbar_end=0.713 occ_end=0.168 CSR_train=0.000 done_count=125
[upd 20] u=0 upd_ctr=1 opt_step=16 E=0.651 g=0.101 VarTD=0.146338 ret_end=-26.754 dbar_end=0.732 occ_end=0.200 CSR_train=0.000 done_count=125
[upd 30] u=0 upd_ctr=1 opt_step=16 E=0.931 g=0.095 VarTD=0.156251 ret_end=-27.758 dbar_end=0.748 occ_end=0.152 CSR_train=0.000 done_count=125
[upd 40] u=0 upd_ctr=2 opt_step=32 E=0.276 g=0.090 VarTD=0.143677 ret_end=-27.527 dbar_end=0.766 occ_end=0.168 CSR_train=0.000 done_count=125
[upd 50] u=0 upd_ctr=2 opt_step=32 E=0.571 g=0.108 VarTD=0.142307 ret_end=-26.673 dbar_end=0.708 occ_end=0.200 CSR_train=0.000 done_count=125
[upd 60] u=0 upd_ctr=2 opt_step=32 E=0.876 g=0.107 VarTD=0.140366 ret_end=-25.850 dbar_end=0.713 occ_end=0.184 CSR_train=0.000 done_count=125
[upd 70] u=0 upd_ctr=3 opt_step=48 E=0.229 g=0.104 VarTD=0.128088 ret_end=-26.025 dbar_end=0.720 occ_end=0.144 CSR_train=0.000 done_count=125
[upd 80] u=0 upd_ctr=3 opt_step=48 E=0.529 g=0.101 VarTD=0.160931 ret_end=-27.525 dbar_end=0.731 occ_end=0.128 CSR_train=0.000 done_count=125
[upd 90] u=0 upd_ctr=3 opt_step=48 E=0.830 g=0.095 VarTD=0.130863 ret_end=-26.752 dbar_end=0.751 occ_end=0.136 CSR_train=0.000 done_count=125
[upd 100] u=0 upd_ctr=4 opt_step=64 E=0.180 g=0.110 VarTD=0.129821 ret_end=-26.494 dbar_end=0.702 occ_end=0.192 CSR_train=0.000 done_count=125
[upd 110] u=0 upd_ctr=4 opt_step=64 E=0.495 g=0.119 VarTD=0.109584 ret_end=-25.029 dbar_end=0.679 occ_end=0.160 CSR_train=0.000 done_count=125
[upd 120] u=0 upd_ctr=4 opt_step=64 E=0.813 g=0.111 VarTD=0.142143 ret_end=-26.320 dbar_end=0.700 occ_end=0.192 CSR_train=0.000 done_count=125
[upd 130] u=0 upd_ctr=5 opt_step=80 E=0.185 g=0.111 VarTD=0.142583 ret_end=-26.304 dbar_end=0.700 occ_end=0.190 CSR_train=0.000 done_count=100
[upd 140] u=0 upd_ctr=5 opt_step=80 E=0.513 g=0.103 VarTD=0.189310 ret_end=-27.264 dbar_end=0.725 occ_end=0.200 CSR_train=0.000 done_count=125
[upd 150] u=0 upd_ctr=5 opt_step=80 E=0.853 g=0.106 VarTD=0.150109 ret_end=-26.565 dbar_end=0.716 occ_end=0.160 CSR_train=0.000 done_count=125
[upd 160] u=0 upd_ctr=6 opt_step=96 E=0.240 g=0.117 VarTD=0.130196 ret_end=-25.774 dbar_end=0.684 occ_end=0.168 CSR_train=0.000 done_count=125
[upd 170] u=0 upd_ctr=6 opt_step=96 E=0.588 g=0.115 VarTD=0.125933 ret_end=-26.507 dbar_end=0.689 occ_end=0.184 CSR_train=0.000 done_count=125
[upd 180] u=0 upd_ctr=6 opt_step=96 E=0.937 g=0.116 VarTD=0.145936 ret_end=-27.180 dbar_end=0.686 occ_end=0.176 CSR_train=0.000 done_count=125
[upd 190] u=0 upd_ctr=7 opt_step=112 E=0.333 g=0.124 VarTD=0.145637 ret_end=-26.421 dbar_end=0.666 occ_end=0.224 CSR_train=0.000 done_count=125
[upd 200] u=0 upd_ctr=7 opt_step=112 E=0.683 g=0.116 VarTD=0.163590 ret_end=-26.465 dbar_end=0.687 occ_end=0.176 CSR_train=0.000 done_count=125
[upd 210] u=0 upd_ctr=8 opt_step=128 E=0.091 g=0.131 VarTD=0.151928 ret_end=-25.712 dbar_end=0.649 occ_end=0.200 CSR_train=0.000 done_count=125
[upd 220] u=0 upd_ctr=8 opt_step=128 E=0.448 g=0.114 VarTD=0.143051 ret_end=-25.913 dbar_end=0.693 occ_end=0.168 CSR_train=0.000 done_count=125
[upd 230] u=0 upd_ctr=8 opt_step=128 E=0.811 g=0.126 VarTD=0.145879 ret_end=-25.545 dbar_end=0.659 occ_end=0.216 CSR_train=0.000 done_count=125
[upd 240] u=0 upd_ctr=9 opt_step=144 E=0.212 g=0.125 VarTD=0.147808 ret_end=-25.715 dbar_end=0.663 occ_end=0.152 CSR_train=0.000 done_count=125
[upd 250] u=0 upd_ctr=9 opt_step=144 E=0.577 g=0.120 VarTD=0.157624 ret_end=-25.884 dbar_end=0.675 occ_end=0.192 CSR_train=0.000 done_count=125
[upd 260] u=0 upd_ctr=9 opt_step=144 E=0.954 g=0.135 VarTD=0.161015 ret_end=-25.430 dbar_end=0.639 occ_end=0.250 CSR_train=0.000 done_count=100
[upd 270] u=0 upd_ctr=10 opt_step=160 E=0.382 g=0.123 VarTD=0.180600 ret_end=-25.570 dbar_end=0.666 occ_end=0.200 CSR_train=0.000 done_count=125
[upd 280] u=0 upd_ctr=10 opt_step=160 E=0.766 g=0.111 VarTD=0.164755 ret_end=-26.446 dbar_end=0.700 occ_end=0.216 CSR_train=0.000 done_count=125
[upd 290] u=0 upd_ctr=11 opt_step=176 E=0.203 g=0.129 VarTD=0.186439 ret_end=-25.315 dbar_end=0.652 occ_end=0.208 CSR_train=0.000 done_count=125
[upd 300] u=0 upd_ctr=11 opt_step=176 E=0.607 g=0.131 VarTD=0.160390 ret_end=-26.164 dbar_end=0.647 occ_end=0.184 CSR_train=0.000 done_count=125
[upd 310] u=1 upd_ctr=12 opt_step=192 E=0.055 g=0.129 VarTD=0.169340 ret_end=-24.920 dbar_end=0.653 occ_end=0.216 CSR_train=0.000 done_count=125
[Gate5 check] update_counter violations: t0=0 diffs=0
[Gate5 check] opt_step violations: t0=0 diffs=0 (expected_inc=16)
[Gate5 check] NaN masking: nan_on_skip=True finite_on_update=True
[Gate5 summary] mean_update_fraction=0.0385 final_executed_updates_mean=12.00
[Gate5 eval] done_count mean=100.0 CSR mean=0.0000 len_end_mean=26.00
[Gate5 eval] episodes_per_env=4 T_eval=104
[Gate5 eval-debug] locked_eps_occ=0.20 pre(step25): dbar_end=0.516086 occupied_end_mean=0.400000 max_tilde_end_mean=0.736456 CSR@locked=0.000000
[Gate5 eval-debug] locked_eps_occ=0.20 post(step26): dbar_end=0.504516 occupied_end_mean=0.420000 max_tilde_end_mean=0.713346 CSR@locked=0.000000
[Gate5 eval-debug] CSR_pre@0.10=0.0000 CSR_pre@0.15=0.0000 CSR_pre@0.20=0.0000 CSR_pre@0.25=0.0000 CSR_pre@0.30=0.0100
[Gate5 eval-debug] CSR_post@0.10=0.0000 CSR_post@0.15=0.0000 CSR_post@0.20=0.0000 CSR_post@0.25=0.0200 CSR_post@0.30=0.0300
