Importing submoduled environments...
Submoduled environments not found. Skipping import.
[upd 0] u=1 upd_ctr=1 opt_step=16 E=0.084 g=0.086 VarTD=0.176520 ret_end=-28.138 dbar_end=0.781 occ_end=0.160 CSR_train=0.000 done_count=100
[upd 10] u=0 upd_ctr=1 opt_step=16 E=0.451 g=0.084 VarTD=0.149910 ret_end=-27.579 dbar_end=0.789 occ_end=0.128 CSR_train=0.000 done_count=125
[upd 20] u=0 upd_ctr=1 opt_step=16 E=0.833 g=0.105 VarTD=0.156258 ret_end=-27.201 dbar_end=0.719 occ_end=0.184 CSR_train=0.000 done_count=125
[upd 30] u=0 upd_ctr=2 opt_step=32 E=0.278 g=0.094 VarTD=0.145935 ret_end=-26.341 dbar_end=0.754 occ_end=0.136 CSR_train=0.000 done_count=125
[upd 40] u=0 upd_ctr=2 opt_step=32 E=0.665 g=0.101 VarTD=0.154019 ret_end=-26.680 dbar_end=0.729 occ_end=0.160 CSR_train=0.000 done_count=125
[upd 50] u=0 upd_ctr=3 opt_step=48 E=0.125 g=0.100 VarTD=0.158142 ret_end=-26.904 dbar_end=0.732 occ_end=0.200 CSR_train=0.000 done_count=125
[upd 60] u=0 upd_ctr=3 opt_step=48 E=0.526 g=0.100 VarTD=0.147874 ret_end=-26.716 dbar_end=0.735 occ_end=0.184 CSR_train=0.000 done_count=125
[upd 70] u=0 upd_ctr=3 opt_step=48 E=0.914 g=0.105 VarTD=0.145717 ret_end=-26.638 dbar_end=0.719 occ_end=0.152 CSR_train=0.000 done_count=125
[upd 80] u=0 upd_ctr=4 opt_step=64 E=0.378 g=0.110 VarTD=0.159913 ret_end=-26.049 dbar_end=0.702 occ_end=0.160 CSR_train=0.000 done_count=125
[upd 90] u=0 upd_ctr=4 opt_step=64 E=0.787 g=0.108 VarTD=0.171923 ret_end=-26.634 dbar_end=0.710 occ_end=0.160 CSR_train=0.000 done_count=125
[upd 100] u=0 upd_ctr=5 opt_step=80 E=0.272 g=0.091 VarTD=0.170807 ret_end=-27.312 dbar_end=0.763 occ_end=0.152 CSR_train=0.000 done_count=125
[upd 110] u=0 upd_ctr=5 opt_step=80 E=0.676 g=0.104 VarTD=0.159647 ret_end=-26.414 dbar_end=0.721 occ_end=0.200 CSR_train=0.000 done_count=125
[upd 120] u=0 upd_ctr=6 opt_step=96 E=0.160 g=0.115 VarTD=0.156251 ret_end=-26.737 dbar_end=0.688 occ_end=0.168 CSR_train=0.000 done_count=125
[upd 130] u=0 upd_ctr=6 opt_step=96 E=0.576 g=0.106 VarTD=0.144849 ret_end=-26.111 dbar_end=0.714 occ_end=0.210 CSR_train=0.000 done_count=100
[upd 140] u=1 upd_ctr=7 opt_step=112 E=0.057 g=0.096 VarTD=0.171953 ret_end=-28.526 dbar_end=0.746 occ_end=0.160 CSR_train=0.000 done_count=125
[upd 150] u=0 upd_ctr=7 opt_step=112 E=0.490 g=0.115 VarTD=0.159854 ret_end=-26.451 dbar_end=0.689 occ_end=0.176 CSR_train=0.000 done_count=125
[upd 160] u=0 upd_ctr=7 opt_step=112 E=0.926 g=0.104 VarTD=0.151667 ret_end=-26.465 dbar_end=0.720 occ_end=0.184 CSR_train=0.008 done_count=125
[upd 170] u=0 upd_ctr=8 opt_step=128 E=0.430 g=0.117 VarTD=0.130160 ret_end=-25.876 dbar_end=0.684 occ_end=0.160 CSR_train=0.000 done_count=125
[upd 180] u=0 upd_ctr=8 opt_step=128 E=0.909 g=0.129 VarTD=0.136197 ret_end=-25.591 dbar_end=0.651 occ_end=0.304 CSR_train=0.000 done_count=125
[upd 190] u=0 upd_ctr=9 opt_step=144 E=0.412 g=0.104 VarTD=0.146309 ret_end=-26.931 dbar_end=0.720 occ_end=0.192 CSR_train=0.000 done_count=125
[upd 200] u=0 upd_ctr=9 opt_step=144 E=0.895 g=0.125 VarTD=0.161638 ret_end=-26.568 dbar_end=0.662 occ_end=0.232 CSR_train=0.000 done_count=125
[upd 210] u=0 upd_ctr=10 opt_step=160 E=0.424 g=0.131 VarTD=0.171698 ret_end=-25.268 dbar_end=0.648 occ_end=0.232 CSR_train=0.000 done_count=125
[upd 220] u=0 upd_ctr=10 opt_step=160 E=0.875 g=0.120 VarTD=0.168530 ret_end=-26.189 dbar_end=0.675 occ_end=0.272 CSR_train=0.008 done_count=125
[upd 230] u=0 upd_ctr=11 opt_step=176 E=0.405 g=0.128 VarTD=0.159071 ret_end=-25.510 dbar_end=0.654 occ_end=0.248 CSR_train=0.000 done_count=125
[upd 240] u=0 upd_ctr=11 opt_step=176 E=0.891 g=0.130 VarTD=0.158205 ret_end=-25.565 dbar_end=0.651 occ_end=0.240 CSR_train=0.000 done_count=125
[upd 250] u=0 upd_ctr=12 opt_step=192 E=0.434 g=0.129 VarTD=0.203948 ret_end=-25.946 dbar_end=0.651 occ_end=0.256 CSR_train=0.000 done_count=125
[upd 260] u=0 upd_ctr=12 opt_step=192 E=0.938 g=0.128 VarTD=0.175719 ret_end=-25.659 dbar_end=0.656 occ_end=0.190 CSR_train=0.000 done_count=100
[upd 270] u=0 upd_ctr=13 opt_step=208 E=0.496 g=0.122 VarTD=0.251100 ret_end=-25.758 dbar_end=0.669 occ_end=0.144 CSR_train=0.000 done_count=125
[upd 280] u=0 upd_ctr=13 opt_step=208 E=1.000 g=0.133 VarTD=0.208207 ret_end=-25.125 dbar_end=0.643 occ_end=0.224 CSR_train=0.000 done_count=125
[upd 290] u=0 upd_ctr=14 opt_step=224 E=0.580 g=0.127 VarTD=0.264552 ret_end=-25.636 dbar_end=0.658 occ_end=0.312 CSR_train=0.000 done_count=125
[upd 300] u=0 upd_ctr=15 opt_step=240 E=0.151 g=0.128 VarTD=0.270382 ret_end=-26.280 dbar_end=0.654 occ_end=0.280 CSR_train=0.000 done_count=125
[upd 310] u=0 upd_ctr=15 opt_step=240 E=0.674 g=0.126 VarTD=0.278489 ret_end=-26.274 dbar_end=0.661 occ_end=0.152 CSR_train=0.000 done_count=125
[Gate5 check] update_counter violations: t0=0 diffs=0
[Gate5 check] opt_step violations: t0=0 diffs=0 (expected_inc=16)
[Gate5 check] NaN masking: nan_on_skip=True finite_on_update=True
[Gate5 summary] mean_update_fraction=0.0481 final_executed_updates_mean=15.00
[Gate5 eval] done_count mean=100.0 CSR mean=0.0000 len_end_mean=26.00
[Gate5 eval] episodes_per_env=4 T_eval=104
[Gate5 eval-debug] locked_eps_occ=0.20 pre(step25): dbar_end=0.494335 occupied_end_mean=0.380000 max_tilde_end_mean=0.719773 CSR@locked=0.000000
[Gate5 eval-debug] locked_eps_occ=0.20 post(step26): dbar_end=0.496463 occupied_end_mean=0.300000 max_tilde_end_mean=0.715574 CSR@locked=0.000000
[Gate5 eval-debug] CSR_pre@0.10=0.0000 CSR_pre@0.15=0.0000 CSR_pre@0.20=0.0000 CSR_pre@0.25=0.0100 CSR_pre@0.30=0.0100
[Gate5 eval-debug] CSR_post@0.10=0.0000 CSR_post@0.15=0.0000 CSR_post@0.20=0.0000 CSR_post@0.25=0.0100 CSR_post@0.30=0.0200
