Importing submoduled environments...
Submoduled environments not found. Skipping import.
[upd 0] u=1 upd_ctr=1 opt_step=16 E=0.116 g=0.079 VarTD=0.177244 ret_end=-28.332 dbar_end=0.807 occ_end=0.140 CSR_train=0.000 done_count=100
[upd 10] u=0 upd_ctr=1 opt_step=16 E=0.302 g=0.093 VarTD=0.147298 ret_end=-27.080 dbar_end=0.756 occ_end=0.144 CSR_train=0.000 done_count=125
[upd 20] u=0 upd_ctr=1 opt_step=16 E=0.494 g=0.086 VarTD=0.160310 ret_end=-28.011 dbar_end=0.781 occ_end=0.160 CSR_train=0.000 done_count=125
[upd 30] u=0 upd_ctr=1 opt_step=16 E=0.679 g=0.098 VarTD=0.170613 ret_end=-27.328 dbar_end=0.741 occ_end=0.176 CSR_train=0.000 done_count=125
[upd 40] u=0 upd_ctr=1 opt_step=16 E=0.868 g=0.090 VarTD=0.156912 ret_end=-27.772 dbar_end=0.767 occ_end=0.104 CSR_train=0.000 done_count=125
[upd 50] u=0 upd_ctr=2 opt_step=32 E=0.159 g=0.093 VarTD=0.143049 ret_end=-27.040 dbar_end=0.755 occ_end=0.168 CSR_train=0.000 done_count=125
[upd 60] u=0 upd_ctr=2 opt_step=32 E=0.358 g=0.102 VarTD=0.144770 ret_end=-26.803 dbar_end=0.727 occ_end=0.176 CSR_train=0.000 done_count=125
[upd 70] u=0 upd_ctr=2 opt_step=32 E=0.559 g=0.094 VarTD=0.178240 ret_end=-28.227 dbar_end=0.753 occ_end=0.096 CSR_train=0.000 done_count=125
[upd 80] u=0 upd_ctr=2 opt_step=32 E=0.755 g=0.098 VarTD=0.176236 ret_end=-27.382 dbar_end=0.739 occ_end=0.192 CSR_train=0.000 done_count=125
[upd 90] u=0 upd_ctr=3 opt_step=48 E=0.049 g=0.102 VarTD=0.151773 ret_end=-26.369 dbar_end=0.727 occ_end=0.208 CSR_train=0.000 done_count=125
[upd 100] u=0 upd_ctr=3 opt_step=48 E=0.253 g=0.100 VarTD=0.152697 ret_end=-26.797 dbar_end=0.735 occ_end=0.176 CSR_train=0.000 done_count=125
[upd 110] u=0 upd_ctr=3 opt_step=48 E=0.451 g=0.095 VarTD=0.152262 ret_end=-27.728 dbar_end=0.750 occ_end=0.160 CSR_train=0.000 done_count=125
[upd 120] u=0 upd_ctr=3 opt_step=48 E=0.670 g=0.112 VarTD=0.164920 ret_end=-26.964 dbar_end=0.698 occ_end=0.072 CSR_train=0.008 done_count=125
[upd 130] u=0 upd_ctr=3 opt_step=48 E=0.865 g=0.096 VarTD=0.146311 ret_end=-27.614 dbar_end=0.747 occ_end=0.210 CSR_train=0.020 done_count=100
[upd 140] u=0 upd_ctr=4 opt_step=64 E=0.175 g=0.105 VarTD=0.140420 ret_end=-27.268 dbar_end=0.718 occ_end=0.152 CSR_train=0.008 done_count=125
[upd 150] u=0 upd_ctr=4 opt_step=64 E=0.381 g=0.096 VarTD=0.158649 ret_end=-28.024 dbar_end=0.747 occ_end=0.176 CSR_train=0.000 done_count=125
[upd 160] u=0 upd_ctr=4 opt_step=64 E=0.588 g=0.095 VarTD=0.140342 ret_end=-25.950 dbar_end=0.749 occ_end=0.136 CSR_train=0.000 done_count=125
[upd 170] u=0 upd_ctr=4 opt_step=64 E=0.802 g=0.104 VarTD=0.123132 ret_end=-26.716 dbar_end=0.721 occ_end=0.208 CSR_train=0.000 done_count=125
[upd 180] u=0 upd_ctr=5 opt_step=80 E=0.111 g=0.110 VarTD=0.116723 ret_end=-25.285 dbar_end=0.702 occ_end=0.176 CSR_train=0.000 done_count=125
[upd 190] u=0 upd_ctr=5 opt_step=80 E=0.325 g=0.116 VarTD=0.112922 ret_end=-25.836 dbar_end=0.685 occ_end=0.192 CSR_train=0.008 done_count=125
[upd 200] u=0 upd_ctr=5 opt_step=80 E=0.532 g=0.106 VarTD=0.125881 ret_end=-26.068 dbar_end=0.714 occ_end=0.192 CSR_train=0.000 done_count=125
[upd 210] u=0 upd_ctr=5 opt_step=80 E=0.740 g=0.106 VarTD=0.152247 ret_end=-26.552 dbar_end=0.714 occ_end=0.152 CSR_train=0.000 done_count=125
[upd 220] u=0 upd_ctr=6 opt_step=96 E=0.047 g=0.099 VarTD=0.152871 ret_end=-27.297 dbar_end=0.736 occ_end=0.184 CSR_train=0.000 done_count=125
[upd 230] u=0 upd_ctr=6 opt_step=96 E=0.263 g=0.101 VarTD=0.152243 ret_end=-26.884 dbar_end=0.730 occ_end=0.152 CSR_train=0.000 done_count=125
[upd 240] u=0 upd_ctr=6 opt_step=96 E=0.485 g=0.102 VarTD=0.140137 ret_end=-26.649 dbar_end=0.726 occ_end=0.176 CSR_train=0.000 done_count=125
[upd 250] u=0 upd_ctr=6 opt_step=96 E=0.697 g=0.107 VarTD=0.120965 ret_end=-26.941 dbar_end=0.711 occ_end=0.192 CSR_train=0.000 done_count=125
[upd 260] u=0 upd_ctr=6 opt_step=96 E=0.912 g=0.117 VarTD=0.151130 ret_end=-26.537 dbar_end=0.682 occ_end=0.240 CSR_train=0.000 done_count=100
[upd 270] u=0 upd_ctr=7 opt_step=112 E=0.238 g=0.118 VarTD=0.117585 ret_end=-25.282 dbar_end=0.681 occ_end=0.136 CSR_train=0.000 done_count=125
[upd 280] u=0 upd_ctr=7 opt_step=112 E=0.463 g=0.118 VarTD=0.124052 ret_end=-25.513 dbar_end=0.681 occ_end=0.128 CSR_train=0.000 done_count=125
[upd 290] u=0 upd_ctr=7 opt_step=112 E=0.702 g=0.113 VarTD=0.154797 ret_end=-26.231 dbar_end=0.695 occ_end=0.248 CSR_train=0.000 done_count=125
[upd 300] u=1 upd_ctr=8 opt_step=128 E=0.023 g=0.108 VarTD=0.139193 ret_end=-26.700 dbar_end=0.709 occ_end=0.160 CSR_train=0.000 done_count=125
[upd 310] u=0 upd_ctr=8 opt_step=128 E=0.255 g=0.111 VarTD=0.163360 ret_end=-26.563 dbar_end=0.701 occ_end=0.224 CSR_train=0.008 done_count=125
[Gate5 check] update_counter violations: t0=0 diffs=0
[Gate5 check] opt_step violations: t0=0 diffs=0 (expected_inc=16)
[Gate5 check] NaN masking: nan_on_skip=True finite_on_update=True
[Gate5 summary] mean_update_fraction=0.0256 final_executed_updates_mean=8.00
[Gate5 eval] done_count mean=100.0 CSR mean=0.0000 len_end_mean=26.00
[Gate5 eval] episodes_per_env=4 T_eval=104
[Gate5 eval-debug] locked_eps_occ=0.20 pre(step25): dbar_end=0.493451 occupied_end_mean=0.420000 max_tilde_end_mean=0.722328 CSR@locked=0.000000
[Gate5 eval-debug] locked_eps_occ=0.20 post(step26): dbar_end=0.498018 occupied_end_mean=0.390000 max_tilde_end_mean=0.734518 CSR@locked=0.000000
[Gate5 eval-debug] CSR_pre@0.10=0.0000 CSR_pre@0.15=0.0000 CSR_pre@0.20=0.0000 CSR_pre@0.25=0.0100 CSR_pre@0.30=0.0100
[Gate5 eval-debug] CSR_post@0.10=0.0000 CSR_post@0.15=0.0000 CSR_post@0.20=0.0000 CSR_post@0.25=0.0000 CSR_post@0.30=0.0100
