Importing submoduled environments...
Submoduled environments not found. Skipping import.
[upd 0] u=1 upd_ctr=1 opt_step=16 E=0.057 g=0.096 VarTD=0.198978 ret_end=-28.258 dbar_end=0.747 occ_end=0.170 CSR_train=0.000 done_count=100
[upd 10] u=0 upd_ctr=1 opt_step=16 E=0.608 g=0.091 VarTD=0.177567 ret_end=-27.488 dbar_end=0.762 occ_end=0.104 CSR_train=0.000 done_count=125
[upd 20] u=0 upd_ctr=2 opt_step=32 E=0.103 g=0.090 VarTD=0.175287 ret_end=-27.499 dbar_end=0.765 occ_end=0.120 CSR_train=0.000 done_count=125
[upd 30] u=0 upd_ctr=2 opt_step=32 E=0.684 g=0.088 VarTD=0.157922 ret_end=-27.591 dbar_end=0.774 occ_end=0.200 CSR_train=0.000 done_count=125
[upd 40] u=0 upd_ctr=3 opt_step=48 E=0.248 g=0.104 VarTD=0.139738 ret_end=-27.051 dbar_end=0.722 occ_end=0.192 CSR_train=0.000 done_count=125
[upd 50] u=0 upd_ctr=3 opt_step=48 E=0.853 g=0.112 VarTD=0.151973 ret_end=-26.868 dbar_end=0.698 occ_end=0.240 CSR_train=0.000 done_count=125
[upd 60] u=0 upd_ctr=4 opt_step=64 E=0.432 g=0.095 VarTD=0.154877 ret_end=-26.783 dbar_end=0.750 occ_end=0.136 CSR_train=0.000 done_count=125
[upd 70] u=0 upd_ctr=4 opt_step=64 E=1.000 g=0.125 VarTD=0.142334 ret_end=-25.622 dbar_end=0.663 occ_end=0.192 CSR_train=0.000 done_count=125
[upd 80] u=0 upd_ctr=5 opt_step=80 E=0.633 g=0.110 VarTD=0.183008 ret_end=-26.128 dbar_end=0.703 occ_end=0.248 CSR_train=0.000 done_count=125
[upd 90] u=0 upd_ctr=6 opt_step=96 E=0.260 g=0.096 VarTD=0.192466 ret_end=-27.768 dbar_end=0.747 occ_end=0.184 CSR_train=0.000 done_count=125
[upd 100] u=0 upd_ctr=6 opt_step=96 E=0.951 g=0.105 VarTD=0.161850 ret_end=-26.617 dbar_end=0.717 occ_end=0.128 CSR_train=0.000 done_count=125
[upd 110] u=0 upd_ctr=7 opt_step=112 E=0.636 g=0.110 VarTD=0.176815 ret_end=-27.018 dbar_end=0.702 occ_end=0.216 CSR_train=0.000 done_count=125
[upd 120] u=0 upd_ctr=8 opt_step=128 E=0.352 g=0.127 VarTD=0.148598 ret_end=-25.744 dbar_end=0.657 occ_end=0.152 CSR_train=0.000 done_count=125
[Gate5 check] update_counter violations: t0=0 diffs=0
[Gate5 check] opt_step violations: t0=0 diffs=0 (expected_inc=16)
[Gate5 check] NaN masking: nan_on_skip=True finite_on_update=True
[Gate5 summary] mean_update_fraction=0.0640 final_executed_updates_mean=8.00
[Gate5 eval] done_count mean=100.0 CSR mean=0.0000 len_end_mean=26.00
[Gate5 eval] episodes_per_env=4 T_eval=104
[Gate5 eval-debug] locked_eps_occ=0.20 pre(step25): dbar_end=0.639332 occupied_end_mean=0.180000 max_tilde_end_mean=0.940308 CSR@locked=0.000000
[Gate5 eval-debug] locked_eps_occ=0.20 post(step26): dbar_end=0.638523 occupied_end_mean=0.170000 max_tilde_end_mean=0.933335 CSR@locked=0.000000
[Gate5 eval-debug] CSR_pre@0.10=0.0000 CSR_pre@0.15=0.0000 CSR_pre@0.20=0.0000 CSR_pre@0.25=0.0000 CSR_pre@0.30=0.0000
[Gate5 eval-debug] CSR_post@0.10=0.0000 CSR_post@0.15=0.0000 CSR_post@0.20=0.0000 CSR_post@0.25=0.0000 CSR_post@0.30=0.0000
