Importing submoduled environments...
Submoduled environments not found. Skipping import.
[upd 0] u=1 upd_ctr=1 opt_step=16 E=0.081 g=0.089 VarTD=0.155748 ret_end=-26.495 dbar_end=0.769 occ_end=0.110 CSR_train=0.000 done_count=100
[upd 10] u=0 upd_ctr=1 opt_step=16 E=0.909 g=0.096 VarTD=0.160584 ret_end=-27.044 dbar_end=0.748 occ_end=0.128 CSR_train=0.000 done_count=125
[upd 20] u=0 upd_ctr=2 opt_step=32 E=0.669 g=0.083 VarTD=0.199708 ret_end=-28.497 dbar_end=0.792 occ_end=0.144 CSR_train=0.000 done_count=125
[upd 30] u=0 upd_ctr=3 opt_step=48 E=0.438 g=0.096 VarTD=0.161032 ret_end=-26.867 dbar_end=0.747 occ_end=0.176 CSR_train=0.000 done_count=125
[upd 40] u=0 upd_ctr=4 opt_step=64 E=0.268 g=0.100 VarTD=0.162032 ret_end=-26.492 dbar_end=0.733 occ_end=0.192 CSR_train=0.000 done_count=125
[upd 50] u=0 upd_ctr=5 opt_step=80 E=0.192 g=0.106 VarTD=0.138983 ret_end=-26.823 dbar_end=0.714 occ_end=0.192 CSR_train=0.000 done_count=125
[upd 60] u=1 upd_ctr=6 opt_step=96 E=0.096 g=0.107 VarTD=0.147763 ret_end=-26.696 dbar_end=0.712 occ_end=0.184 CSR_train=0.000 done_count=125
[upd 70] u=0 upd_ctr=6 opt_step=96 E=1.000 g=0.109 VarTD=0.152288 ret_end=-25.757 dbar_end=0.706 occ_end=0.184 CSR_train=0.000 done_count=125
[upd 80] u=0 upd_ctr=7 opt_step=112 E=1.000 g=0.109 VarTD=0.142518 ret_end=-26.468 dbar_end=0.705 occ_end=0.168 CSR_train=0.000 done_count=125
[upd 90] u=0 upd_ctr=8 opt_step=128 E=1.000 g=0.114 VarTD=0.140196 ret_end=-26.225 dbar_end=0.693 occ_end=0.192 CSR_train=0.000 done_count=125
[upd 100] u=0 upd_ctr=9 opt_step=144 E=1.000 g=0.121 VarTD=0.157646 ret_end=-26.149 dbar_end=0.674 occ_end=0.224 CSR_train=0.000 done_count=125
[upd 110] u=0 upd_ctr=10 opt_step=160 E=1.000 g=0.130 VarTD=0.166831 ret_end=-25.944 dbar_end=0.649 occ_end=0.216 CSR_train=0.000 done_count=125
[upd 120] u=1 upd_ctr=12 opt_step=192 E=0.131 g=0.146 VarTD=0.178071 ret_end=-24.736 dbar_end=0.614 occ_end=0.280 CSR_train=0.000 done_count=125
[upd 130] u=0 upd_ctr=13 opt_step=208 E=0.245 g=0.133 VarTD=0.220523 ret_end=-26.175 dbar_end=0.641 occ_end=0.320 CSR_train=0.000 done_count=100
[upd 140] u=0 upd_ctr=14 opt_step=224 E=0.363 g=0.135 VarTD=0.257729 ret_end=-25.260 dbar_end=0.639 occ_end=0.224 CSR_train=0.000 done_count=125
[upd 150] u=0 upd_ctr=15 opt_step=240 E=0.507 g=0.143 VarTD=0.323245 ret_end=-24.200 dbar_end=0.619 occ_end=0.184 CSR_train=0.000 done_count=125
[upd 160] u=0 upd_ctr=16 opt_step=256 E=0.802 g=0.167 VarTD=0.373974 ret_end=-24.457 dbar_end=0.571 occ_end=0.296 CSR_train=0.008 done_count=125
[upd 170] u=0 upd_ctr=17 opt_step=272 E=1.000 g=0.153 VarTD=0.419325 ret_end=-24.842 dbar_end=0.598 occ_end=0.304 CSR_train=0.000 done_count=125
[upd 180] u=0 upd_ctr=19 opt_step=304 E=0.275 g=0.156 VarTD=0.553679 ret_end=-24.436 dbar_end=0.592 occ_end=0.304 CSR_train=0.000 done_count=125
[upd 190] u=0 upd_ctr=20 opt_step=320 E=0.553 g=0.148 VarTD=0.662590 ret_end=-25.245 dbar_end=0.608 occ_end=0.264 CSR_train=0.000 done_count=125
[upd 200] u=0 upd_ctr=21 opt_step=336 E=0.863 g=0.150 VarTD=0.730612 ret_end=-24.651 dbar_end=0.604 occ_end=0.272 CSR_train=0.000 done_count=125
[upd 210] u=0 upd_ctr=23 opt_step=368 E=0.285 g=0.165 VarTD=0.954743 ret_end=-24.236 dbar_end=0.574 occ_end=0.208 CSR_train=0.000 done_count=125
[upd 220] u=0 upd_ctr=24 opt_step=384 E=0.734 g=0.158 VarTD=1.052459 ret_end=-23.916 dbar_end=0.587 occ_end=0.224 CSR_train=0.000 done_count=125
[upd 230] u=1 upd_ctr=26 opt_step=416 E=0.148 g=0.165 VarTD=1.198522 ret_end=-24.276 dbar_end=0.574 occ_end=0.280 CSR_train=0.000 done_count=125
[upd 240] u=0 upd_ctr=27 opt_step=432 E=0.641 g=0.172 VarTD=1.510777 ret_end=-23.385 dbar_end=0.560 occ_end=0.272 CSR_train=0.000 done_count=125
[upd 250] u=0 upd_ctr=28 opt_step=448 E=1.000 g=0.170 VarTD=1.628088 ret_end=-23.164 dbar_end=0.564 occ_end=0.288 CSR_train=0.000 done_count=125
[upd 260] u=0 upd_ctr=30 opt_step=480 E=0.463 g=0.165 VarTD=1.533723 ret_end=-23.783 dbar_end=0.575 occ_end=0.250 CSR_train=0.000 done_count=100
[upd 270] u=0 upd_ctr=31 opt_step=496 E=0.922 g=0.175 VarTD=2.098303 ret_end=-23.040 dbar_end=0.555 occ_end=0.304 CSR_train=0.008 done_count=125
[upd 280] u=0 upd_ctr=33 opt_step=528 E=0.307 g=0.162 VarTD=2.383428 ret_end=-24.327 dbar_end=0.579 occ_end=0.264 CSR_train=0.000 done_count=125
[upd 290] u=0 upd_ctr=34 opt_step=544 E=0.814 g=0.188 VarTD=2.631160 ret_end=-23.035 dbar_end=0.532 occ_end=0.280 CSR_train=0.000 done_count=125
[upd 300] u=1 upd_ctr=36 opt_step=576 E=0.153 g=0.170 VarTD=2.766001 ret_end=-24.054 dbar_end=0.563 occ_end=0.344 CSR_train=0.016 done_count=125
[upd 310] u=0 upd_ctr=37 opt_step=592 E=0.642 g=0.184 VarTD=3.093399 ret_end=-23.650 dbar_end=0.539 occ_end=0.304 CSR_train=0.000 done_count=125
[Gate5 check] update_counter violations: t0=0 diffs=0
[Gate5 check] opt_step violations: t0=0 diffs=0 (expected_inc=16)
[Gate5 check] NaN masking: nan_on_skip=True finite_on_update=True
[Gate5 summary] mean_update_fraction=0.1186 final_executed_updates_mean=37.00
[Gate5 eval] done_count mean=100.0 CSR mean=0.0000 len_end_mean=26.00
[Gate5 eval] episodes_per_env=4 T_eval=104
[Gate5 eval-debug] locked_eps_occ=0.20 pre(step25): dbar_end=0.495259 occupied_end_mean=0.380000 max_tilde_end_mean=0.697824 CSR@locked=0.010000
[Gate5 eval-debug] locked_eps_occ=0.20 post(step26): dbar_end=0.495547 occupied_end_mean=0.380000 max_tilde_end_mean=0.704164 CSR@locked=0.000000
[Gate5 eval-debug] CSR_pre@0.10=0.0000 CSR_pre@0.15=0.0100 CSR_pre@0.20=0.0100 CSR_pre@0.25=0.0100 CSR_pre@0.30=0.0300
[Gate5 eval-debug] CSR_post@0.10=0.0000 CSR_post@0.15=0.0000 CSR_post@0.20=0.0000 CSR_post@0.25=0.0100 CSR_post@0.30=0.0400
