Importing submoduled environments...
Submoduled environments not found. Skipping import.
[upd 0] u=1 upd_ctr=1 opt_step=16 E=0.048 g=0.096 VarTD=0.159541 ret_end=-27.424 dbar_end=0.745 occ_end=0.200 CSR_train=0.000 done_count=100
[upd 10] u=0 upd_ctr=1 opt_step=16 E=0.498 g=0.095 VarTD=0.132747 ret_end=-26.853 dbar_end=0.750 occ_end=0.208 CSR_train=0.000 done_count=125
[upd 20] u=0 upd_ctr=1 opt_step=16 E=0.970 g=0.103 VarTD=0.168812 ret_end=-26.447 dbar_end=0.725 occ_end=0.168 CSR_train=0.000 done_count=125
[upd 30] u=0 upd_ctr=2 opt_step=32 E=0.426 g=0.091 VarTD=0.161861 ret_end=-27.769 dbar_end=0.763 occ_end=0.144 CSR_train=0.000 done_count=125
[upd 40] u=0 upd_ctr=2 opt_step=32 E=0.894 g=0.100 VarTD=0.152870 ret_end=-27.141 dbar_end=0.732 occ_end=0.152 CSR_train=0.000 done_count=125
[upd 50] u=0 upd_ctr=3 opt_step=48 E=0.359 g=0.113 VarTD=0.159602 ret_end=-26.742 dbar_end=0.695 occ_end=0.208 CSR_train=0.000 done_count=125
[upd 60] u=0 upd_ctr=3 opt_step=48 E=0.857 g=0.106 VarTD=0.160588 ret_end=-26.574 dbar_end=0.714 occ_end=0.160 CSR_train=0.000 done_count=125
[upd 70] u=0 upd_ctr=4 opt_step=64 E=0.366 g=0.102 VarTD=0.164478 ret_end=-27.422 dbar_end=0.727 occ_end=0.136 CSR_train=0.000 done_count=125
[upd 80] u=0 upd_ctr=4 opt_step=64 E=0.914 g=0.110 VarTD=0.154954 ret_end=-26.558 dbar_end=0.702 occ_end=0.176 CSR_train=0.000 done_count=125
[upd 90] u=0 upd_ctr=5 opt_step=80 E=0.425 g=0.112 VarTD=0.141423 ret_end=-26.436 dbar_end=0.699 occ_end=0.160 CSR_train=0.000 done_count=125
[upd 100] u=0 upd_ctr=5 opt_step=80 E=0.971 g=0.118 VarTD=0.132141 ret_end=-26.200 dbar_end=0.680 occ_end=0.168 CSR_train=0.000 done_count=125
[upd 110] u=0 upd_ctr=6 opt_step=96 E=0.506 g=0.114 VarTD=0.151591 ret_end=-26.097 dbar_end=0.691 occ_end=0.192 CSR_train=0.000 done_count=125
[upd 120] u=1 upd_ctr=7 opt_step=112 E=0.052 g=0.104 VarTD=0.157088 ret_end=-26.988 dbar_end=0.721 occ_end=0.216 CSR_train=0.000 done_count=125
[upd 130] u=0 upd_ctr=7 opt_step=112 E=0.636 g=0.128 VarTD=0.143695 ret_end=-25.530 dbar_end=0.656 occ_end=0.290 CSR_train=0.010 done_count=100
[upd 140] u=0 upd_ctr=8 opt_step=128 E=0.170 g=0.111 VarTD=0.173236 ret_end=-26.563 dbar_end=0.702 occ_end=0.184 CSR_train=0.000 done_count=125
[upd 150] u=0 upd_ctr=8 opt_step=128 E=0.777 g=0.117 VarTD=0.159195 ret_end=-25.947 dbar_end=0.684 occ_end=0.240 CSR_train=0.000 done_count=125
[upd 160] u=0 upd_ctr=9 opt_step=144 E=0.350 g=0.126 VarTD=0.168770 ret_end=-26.146 dbar_end=0.659 occ_end=0.224 CSR_train=0.000 done_count=125
[upd 170] u=0 upd_ctr=9 opt_step=144 E=0.943 g=0.113 VarTD=0.141131 ret_end=-25.782 dbar_end=0.694 occ_end=0.216 CSR_train=0.000 done_count=125
[upd 180] u=0 upd_ctr=10 opt_step=160 E=0.558 g=0.133 VarTD=0.174479 ret_end=-25.412 dbar_end=0.642 occ_end=0.272 CSR_train=0.000 done_count=125
[upd 190] u=0 upd_ctr=11 opt_step=176 E=0.125 g=0.120 VarTD=0.183145 ret_end=-25.189 dbar_end=0.676 occ_end=0.176 CSR_train=0.000 done_count=125
[upd 200] u=0 upd_ctr=11 opt_step=176 E=0.779 g=0.133 VarTD=0.178532 ret_end=-24.591 dbar_end=0.642 occ_end=0.264 CSR_train=0.000 done_count=125
[upd 210] u=0 upd_ctr=12 opt_step=192 E=0.384 g=0.121 VarTD=0.193886 ret_end=-25.857 dbar_end=0.672 occ_end=0.120 CSR_train=0.000 done_count=125
[upd 220] u=0 upd_ctr=12 opt_step=192 E=1.000 g=0.135 VarTD=0.205227 ret_end=-25.771 dbar_end=0.637 occ_end=0.200 CSR_train=0.000 done_count=125
[upd 230] u=0 upd_ctr=13 opt_step=208 E=0.659 g=0.139 VarTD=0.252385 ret_end=-24.814 dbar_end=0.627 occ_end=0.304 CSR_train=0.000 done_count=125
[upd 240] u=0 upd_ctr=14 opt_step=224 E=0.268 g=0.136 VarTD=0.269677 ret_end=-25.056 dbar_end=0.636 occ_end=0.232 CSR_train=0.000 done_count=125
[upd 250] u=0 upd_ctr=14 opt_step=224 E=0.971 g=0.127 VarTD=0.248824 ret_end=-26.220 dbar_end=0.657 occ_end=0.176 CSR_train=0.000 done_count=125
[upd 260] u=0 upd_ctr=15 opt_step=240 E=0.635 g=0.139 VarTD=0.276487 ret_end=-25.733 dbar_end=0.628 occ_end=0.210 CSR_train=0.000 done_count=100
[upd 270] u=0 upd_ctr=16 opt_step=256 E=0.291 g=0.133 VarTD=0.352482 ret_end=-26.044 dbar_end=0.641 occ_end=0.224 CSR_train=0.000 done_count=125
[upd 280] u=0 upd_ctr=16 opt_step=256 E=1.000 g=0.155 VarTD=0.340309 ret_end=-24.947 dbar_end=0.595 occ_end=0.224 CSR_train=0.000 done_count=125
[upd 290] u=0 upd_ctr=17 opt_step=272 E=0.727 g=0.139 VarTD=0.402241 ret_end=-25.485 dbar_end=0.628 occ_end=0.216 CSR_train=0.000 done_count=125
[upd 300] u=0 upd_ctr=18 opt_step=288 E=0.435 g=0.138 VarTD=0.463698 ret_end=-25.197 dbar_end=0.630 occ_end=0.176 CSR_train=0.000 done_count=125
[upd 310] u=1 upd_ctr=19 opt_step=304 E=0.073 g=0.145 VarTD=0.451565 ret_end=-25.228 dbar_end=0.614 occ_end=0.200 CSR_train=0.000 done_count=125
[Gate5 check] update_counter violations: t0=0 diffs=0
[Gate5 check] opt_step violations: t0=0 diffs=0 (expected_inc=16)
[Gate5 check] NaN masking: nan_on_skip=True finite_on_update=True
[Gate5 summary] mean_update_fraction=0.0609 final_executed_updates_mean=19.00
[Gate5 eval] done_count mean=100.0 CSR mean=0.0100 len_end_mean=26.00
[Gate5 eval] episodes_per_env=4 T_eval=104
[Gate5 eval-debug] locked_eps_occ=0.20 pre(step25): dbar_end=0.481100 occupied_end_mean=0.340000 max_tilde_end_mean=0.676057 CSR@locked=0.000000
[Gate5 eval-debug] locked_eps_occ=0.20 post(step26): dbar_end=0.478782 occupied_end_mean=0.410000 max_tilde_end_mean=0.680311 CSR@locked=0.010000
[Gate5 eval-debug] CSR_pre@0.10=0.0000 CSR_pre@0.15=0.0000 CSR_pre@0.20=0.0000 CSR_pre@0.25=0.0200 CSR_pre@0.30=0.0300
[Gate5 eval-debug] CSR_post@0.10=0.0000 CSR_post@0.15=0.0000 CSR_post@0.20=0.0100 CSR_post@0.25=0.0100 CSR_post@0.30=0.0300
