Importing submoduled environments...
Submoduled environments not found. Skipping import.
[upd 0] u=1 upd_ctr=1 opt_step=16 E=0.051 g=0.073 VarTD=0.176583 ret_end=-28.932 dbar_end=0.832 occ_end=0.120 CSR_train=0.000 done_count=100
[upd 10] u=0 upd_ctr=1 opt_step=16 E=0.682 g=0.084 VarTD=0.145375 ret_end=-27.822 dbar_end=0.789 occ_end=0.112 CSR_train=0.000 done_count=125
[upd 20] u=0 upd_ctr=2 opt_step=32 E=0.343 g=0.099 VarTD=0.145850 ret_end=-26.990 dbar_end=0.737 occ_end=0.184 CSR_train=0.000 done_count=125
[upd 30] u=0 upd_ctr=2 opt_step=32 E=0.987 g=0.098 VarTD=0.137270 ret_end=-26.119 dbar_end=0.739 occ_end=0.184 CSR_train=0.000 done_count=125
[upd 40] u=0 upd_ctr=3 opt_step=48 E=0.610 g=0.098 VarTD=0.166436 ret_end=-27.078 dbar_end=0.739 occ_end=0.184 CSR_train=0.000 done_count=125
[upd 50] u=0 upd_ctr=4 opt_step=64 E=0.265 g=0.094 VarTD=0.168449 ret_end=-27.760 dbar_end=0.752 occ_end=0.152 CSR_train=0.000 done_count=125
[upd 60] u=0 upd_ctr=4 opt_step=64 E=0.968 g=0.103 VarTD=0.135565 ret_end=-25.968 dbar_end=0.725 occ_end=0.096 CSR_train=0.000 done_count=125
[upd 70] u=0 upd_ctr=5 opt_step=80 E=0.668 g=0.109 VarTD=0.135469 ret_end=-25.711 dbar_end=0.705 occ_end=0.160 CSR_train=0.008 done_count=125
[upd 80] u=0 upd_ctr=6 opt_step=96 E=0.354 g=0.096 VarTD=0.152425 ret_end=-27.701 dbar_end=0.746 occ_end=0.168 CSR_train=0.000 done_count=125
[upd 90] u=1 upd_ctr=7 opt_step=112 E=0.073 g=0.104 VarTD=0.142110 ret_end=-27.402 dbar_end=0.721 occ_end=0.144 CSR_train=0.000 done_count=125
[upd 100] u=0 upd_ctr=7 opt_step=112 E=0.856 g=0.116 VarTD=0.139386 ret_end=-26.617 dbar_end=0.685 occ_end=0.152 CSR_train=0.000 done_count=125
[upd 110] u=0 upd_ctr=8 opt_step=128 E=0.630 g=0.131 VarTD=0.143819 ret_end=-24.840 dbar_end=0.648 occ_end=0.248 CSR_train=0.000 done_count=125
[upd 120] u=0 upd_ctr=9 opt_step=144 E=0.423 g=0.130 VarTD=0.131914 ret_end=-25.449 dbar_end=0.651 occ_end=0.232 CSR_train=0.000 done_count=125
[upd 130] u=0 upd_ctr=10 opt_step=160 E=0.271 g=0.136 VarTD=0.148618 ret_end=-24.825 dbar_end=0.636 occ_end=0.190 CSR_train=0.000 done_count=100
[upd 140] u=1 upd_ctr=11 opt_step=176 E=0.083 g=0.118 VarTD=0.171046 ret_end=-26.204 dbar_end=0.680 occ_end=0.168 CSR_train=0.000 done_count=125
[upd 150] u=0 upd_ctr=11 opt_step=176 E=1.000 g=0.128 VarTD=0.182069 ret_end=-26.317 dbar_end=0.654 occ_end=0.208 CSR_train=0.000 done_count=125
[upd 160] u=0 upd_ctr=12 opt_step=192 E=0.901 g=0.129 VarTD=0.203746 ret_end=-25.670 dbar_end=0.653 occ_end=0.240 CSR_train=0.000 done_count=125
[upd 170] u=0 upd_ctr=13 opt_step=208 E=0.762 g=0.132 VarTD=0.209038 ret_end=-25.518 dbar_end=0.644 occ_end=0.272 CSR_train=0.000 done_count=125
[upd 180] u=0 upd_ctr=14 opt_step=224 E=0.694 g=0.149 VarTD=0.215070 ret_end=-23.948 dbar_end=0.607 occ_end=0.216 CSR_train=0.000 done_count=125
[upd 190] u=0 upd_ctr=15 opt_step=240 E=0.592 g=0.129 VarTD=0.291754 ret_end=-26.075 dbar_end=0.653 occ_end=0.192 CSR_train=0.000 done_count=125
[upd 200] u=0 upd_ctr=16 opt_step=256 E=0.497 g=0.136 VarTD=0.369327 ret_end=-25.882 dbar_end=0.635 occ_end=0.248 CSR_train=0.000 done_count=125
[upd 210] u=0 upd_ctr=17 opt_step=272 E=0.523 g=0.148 VarTD=0.398409 ret_end=-25.085 dbar_end=0.609 occ_end=0.256 CSR_train=0.000 done_count=125
[upd 220] u=0 upd_ctr=18 opt_step=288 E=0.520 g=0.152 VarTD=0.473256 ret_end=-24.758 dbar_end=0.600 occ_end=0.216 CSR_train=0.000 done_count=125
[upd 230] u=0 upd_ctr=19 opt_step=304 E=0.526 g=0.158 VarTD=0.525484 ret_end=-24.242 dbar_end=0.589 occ_end=0.248 CSR_train=0.000 done_count=125
[upd 240] u=0 upd_ctr=20 opt_step=320 E=0.542 g=0.147 VarTD=0.601584 ret_end=-25.153 dbar_end=0.610 occ_end=0.232 CSR_train=0.000 done_count=125
[upd 250] u=0 upd_ctr=21 opt_step=336 E=0.533 g=0.145 VarTD=0.658421 ret_end=-25.088 dbar_end=0.615 occ_end=0.256 CSR_train=0.000 done_count=125
[upd 260] u=0 upd_ctr=22 opt_step=352 E=0.552 g=0.177 VarTD=0.652460 ret_end=-23.225 dbar_end=0.551 occ_end=0.340 CSR_train=0.010 done_count=100
[upd 270] u=0 upd_ctr=23 opt_step=368 E=0.565 g=0.157 VarTD=0.907291 ret_end=-24.212 dbar_end=0.590 occ_end=0.248 CSR_train=0.000 done_count=125
[upd 280] u=0 upd_ctr=24 opt_step=384 E=0.568 g=0.159 VarTD=1.009824 ret_end=-24.100 dbar_end=0.586 occ_end=0.256 CSR_train=0.000 done_count=125
[upd 290] u=0 upd_ctr=25 opt_step=400 E=0.675 g=0.159 VarTD=1.095771 ret_end=-23.787 dbar_end=0.586 occ_end=0.256 CSR_train=0.000 done_count=125
[upd 300] u=0 upd_ctr=26 opt_step=416 E=0.824 g=0.168 VarTD=1.275349 ret_end=-23.374 dbar_end=0.567 occ_end=0.280 CSR_train=0.000 done_count=125
[upd 310] u=0 upd_ctr=27 opt_step=432 E=0.957 g=0.163 VarTD=1.375734 ret_end=-23.567 dbar_end=0.577 occ_end=0.224 CSR_train=0.000 done_count=125
[Gate5 check] update_counter violations: t0=0 diffs=0
[Gate5 check] opt_step violations: t0=0 diffs=0 (expected_inc=16)
[Gate5 check] NaN masking: nan_on_skip=True finite_on_update=True
[Gate5 summary] mean_update_fraction=0.0865 final_executed_updates_mean=27.00
[Gate5 eval] done_count mean=100.0 CSR mean=0.0000 len_end_mean=26.00
[Gate5 eval] episodes_per_env=4 T_eval=104
[Gate5 eval-debug] locked_eps_occ=0.20 pre(step25): dbar_end=0.513763 occupied_end_mean=0.350000 max_tilde_end_mean=0.732549 CSR@locked=0.010000
[Gate5 eval-debug] locked_eps_occ=0.20 post(step26): dbar_end=0.522182 occupied_end_mean=0.350000 max_tilde_end_mean=0.740329 CSR@locked=0.000000
[Gate5 eval-debug] CSR_pre@0.10=0.0000 CSR_pre@0.15=0.0000 CSR_pre@0.20=0.0100 CSR_pre@0.25=0.0300 CSR_pre@0.30=0.0300
[Gate5 eval-debug] CSR_post@0.10=0.0000 CSR_post@0.15=0.0000 CSR_post@0.20=0.0000 CSR_post@0.25=0.0300 CSR_post@0.30=0.0500
