Importing submoduled environments...
Submoduled environments not found. Skipping import.
[upd 0] u=1 upd_ctr=1 opt_step=16 E=0.177 g=0.086 VarTD=0.176520 ret_end=-28.138 dbar_end=0.781 occ_end=0.160 CSR_train=0.000 done_count=100
[upd 10] u=1 upd_ctr=2 opt_step=32 E=0.103 g=0.084 VarTD=0.149910 ret_end=-27.579 dbar_end=0.789 occ_end=0.128 CSR_train=0.000 done_count=125
[upd 20] u=0 upd_ctr=2 opt_step=32 E=0.980 g=0.108 VarTD=0.149296 ret_end=-27.058 dbar_end=0.710 occ_end=0.176 CSR_train=0.000 done_count=125
[upd 30] u=1 upd_ctr=4 opt_step=64 E=0.122 g=0.095 VarTD=0.145842 ret_end=-26.251 dbar_end=0.750 occ_end=0.152 CSR_train=0.000 done_count=125
[upd 40] u=1 upd_ctr=5 opt_step=80 E=0.147 g=0.107 VarTD=0.146945 ret_end=-26.292 dbar_end=0.713 occ_end=0.136 CSR_train=0.000 done_count=125
[upd 50] u=0 upd_ctr=6 opt_step=96 E=0.238 g=0.114 VarTD=0.153848 ret_end=-26.261 dbar_end=0.691 occ_end=0.248 CSR_train=0.000 done_count=125
[upd 60] u=0 upd_ctr=7 opt_step=112 E=0.327 g=0.112 VarTD=0.147410 ret_end=-26.027 dbar_end=0.696 occ_end=0.184 CSR_train=0.000 done_count=125
[upd 70] u=0 upd_ctr=8 opt_step=128 E=0.441 g=0.114 VarTD=0.154781 ret_end=-26.137 dbar_end=0.692 occ_end=0.144 CSR_train=0.000 done_count=125
[upd 80] u=0 upd_ctr=9 opt_step=144 E=0.642 g=0.143 VarTD=0.161137 ret_end=-24.782 dbar_end=0.620 occ_end=0.272 CSR_train=0.000 done_count=125
[upd 90] u=0 upd_ctr=10 opt_step=160 E=0.828 g=0.117 VarTD=0.186983 ret_end=-25.960 dbar_end=0.685 occ_end=0.184 CSR_train=0.000 done_count=125
[upd 100] u=0 upd_ctr=12 opt_step=192 E=0.265 g=0.126 VarTD=0.202337 ret_end=-25.551 dbar_end=0.659 occ_end=0.200 CSR_train=0.000 done_count=125
[upd 110] u=0 upd_ctr=13 opt_step=208 E=0.606 g=0.152 VarTD=0.224268 ret_end=-24.520 dbar_end=0.600 occ_end=0.296 CSR_train=0.008 done_count=125
[upd 120] u=1 upd_ctr=15 opt_step=240 E=0.138 g=0.152 VarTD=0.253486 ret_end=-24.973 dbar_end=0.600 occ_end=0.304 CSR_train=0.000 done_count=125
[upd 130] u=0 upd_ctr=16 opt_step=256 E=0.622 g=0.155 VarTD=0.285225 ret_end=-23.923 dbar_end=0.594 occ_end=0.270 CSR_train=0.000 done_count=100
[upd 140] u=1 upd_ctr=18 opt_step=288 E=0.210 g=0.145 VarTD=0.381586 ret_end=-25.841 dbar_end=0.614 occ_end=0.208 CSR_train=0.000 done_count=125
[upd 150] u=0 upd_ctr=19 opt_step=304 E=0.717 g=0.175 VarTD=0.540377 ret_end=-24.450 dbar_end=0.555 occ_end=0.344 CSR_train=0.000 done_count=125
[upd 160] u=0 upd_ctr=21 opt_step=336 E=0.357 g=0.160 VarTD=0.652006 ret_end=-24.072 dbar_end=0.584 occ_end=0.240 CSR_train=0.000 done_count=125
[upd 170] u=0 upd_ctr=22 opt_step=352 E=0.946 g=0.176 VarTD=0.786040 ret_end=-23.702 dbar_end=0.554 occ_end=0.312 CSR_train=0.000 done_count=125
[upd 180] u=0 upd_ctr=24 opt_step=384 E=0.676 g=0.175 VarTD=0.983290 ret_end=-23.582 dbar_end=0.555 occ_end=0.320 CSR_train=0.000 done_count=125
[upd 190] u=0 upd_ctr=26 opt_step=416 E=0.334 g=0.169 VarTD=1.236751 ret_end=-24.100 dbar_end=0.565 occ_end=0.256 CSR_train=0.000 done_count=125
[upd 200] u=0 upd_ctr=27 opt_step=432 E=0.994 g=0.171 VarTD=1.378909 ret_end=-24.134 dbar_end=0.563 occ_end=0.296 CSR_train=0.000 done_count=125
[upd 210] u=0 upd_ctr=29 opt_step=464 E=0.745 g=0.194 VarTD=1.630590 ret_end=-22.722 dbar_end=0.522 occ_end=0.328 CSR_train=0.000 done_count=125
[upd 220] u=0 upd_ctr=31 opt_step=496 E=0.492 g=0.170 VarTD=1.895197 ret_end=-23.693 dbar_end=0.565 occ_end=0.304 CSR_train=0.000 done_count=125
[upd 230] u=1 upd_ctr=33 opt_step=528 E=0.266 g=0.184 VarTD=2.108364 ret_end=-22.956 dbar_end=0.539 occ_end=0.360 CSR_train=0.000 done_count=125
[upd 240] u=0 upd_ctr=34 opt_step=544 E=0.958 g=0.168 VarTD=2.389696 ret_end=-23.561 dbar_end=0.568 occ_end=0.216 CSR_train=0.000 done_count=125
[upd 250] u=0 upd_ctr=36 opt_step=576 E=0.735 g=0.185 VarTD=2.728655 ret_end=-23.627 dbar_end=0.538 occ_end=0.328 CSR_train=0.000 done_count=125
[upd 260] u=0 upd_ctr=38 opt_step=608 E=0.425 g=0.168 VarTD=2.444540 ret_end=-24.065 dbar_end=0.568 occ_end=0.300 CSR_train=0.000 done_count=100
[upd 270] u=0 upd_ctr=39 opt_step=624 E=1.000 g=0.159 VarTD=3.196556 ret_end=-24.189 dbar_end=0.586 occ_end=0.288 CSR_train=0.000 done_count=125
[upd 280] u=0 upd_ctr=41 opt_step=656 E=0.700 g=0.169 VarTD=3.472851 ret_end=-23.004 dbar_end=0.566 occ_end=0.240 CSR_train=0.008 done_count=125
[upd 290] u=0 upd_ctr=43 opt_step=688 E=0.403 g=0.158 VarTD=3.741388 ret_end=-24.164 dbar_end=0.587 occ_end=0.360 CSR_train=0.008 done_count=125
[upd 300] u=0 upd_ctr=44 opt_step=704 E=1.000 g=0.173 VarTD=3.906265 ret_end=-24.627 dbar_end=0.558 occ_end=0.296 CSR_train=0.000 done_count=125
[upd 310] u=0 upd_ctr=46 opt_step=736 E=0.712 g=0.166 VarTD=4.322817 ret_end=-24.141 dbar_end=0.571 occ_end=0.264 CSR_train=0.000 done_count=125
[Gate5 check] update_counter violations: t0=0 diffs=0
[Gate5 check] opt_step violations: t0=0 diffs=0 (expected_inc=16)
[Gate5 check] NaN masking: nan_on_skip=True finite_on_update=True
[Gate5 summary] mean_update_fraction=0.1474 final_executed_updates_mean=46.00
[Gate5 eval] done_count mean=100.0 CSR mean=0.0000 len_end_mean=26.00
[Gate5 eval] episodes_per_env=4 T_eval=104
[Gate5 eval-debug] locked_eps_occ=0.20 pre(step25): dbar_end=0.508938 occupied_end_mean=0.380000 max_tilde_end_mean=0.747380 CSR@locked=0.000000
[Gate5 eval-debug] locked_eps_occ=0.20 post(step26): dbar_end=0.509765 occupied_end_mean=0.410000 max_tilde_end_mean=0.749059 CSR@locked=0.000000
[Gate5 eval-debug] CSR_pre@0.10=0.0000 CSR_pre@0.15=0.0000 CSR_pre@0.20=0.0000 CSR_pre@0.25=0.0000 CSR_pre@0.30=0.0000
[Gate5 eval-debug] CSR_post@0.10=0.0000 CSR_post@0.15=0.0000 CSR_post@0.20=0.0000 CSR_post@0.25=0.0000 CSR_post@0.30=0.0000
