Importing submoduled environments...
Submoduled environments not found. Skipping import.
[upd 0] u=1 upd_ctr=1 opt_step=16 E=0.050 g=0.083 VarTD=0.159821 ret_end=-27.605 dbar_end=0.794 occ_end=0.110 CSR_train=0.000 done_count=100
[upd 10] u=0 upd_ctr=1 opt_step=16 E=0.587 g=0.089 VarTD=0.166459 ret_end=-27.505 dbar_end=0.772 occ_end=0.192 CSR_train=0.000 done_count=125
[upd 20] u=0 upd_ctr=2 opt_step=32 E=0.114 g=0.094 VarTD=0.164001 ret_end=-27.085 dbar_end=0.754 occ_end=0.168 CSR_train=0.000 done_count=125
[upd 30] u=0 upd_ctr=2 opt_step=32 E=0.681 g=0.105 VarTD=0.155766 ret_end=-26.462 dbar_end=0.717 occ_end=0.200 CSR_train=0.000 done_count=125
[upd 40] u=0 upd_ctr=3 opt_step=48 E=0.235 g=0.107 VarTD=0.139753 ret_end=-26.888 dbar_end=0.711 occ_end=0.168 CSR_train=0.000 done_count=125
[upd 50] u=0 upd_ctr=3 opt_step=48 E=0.861 g=0.092 VarTD=0.150122 ret_end=-27.788 dbar_end=0.761 occ_end=0.144 CSR_train=0.000 done_count=125
[upd 60] u=0 upd_ctr=4 opt_step=64 E=0.425 g=0.101 VarTD=0.144655 ret_end=-27.059 dbar_end=0.730 occ_end=0.176 CSR_train=0.000 done_count=125
[upd 70] u=0 upd_ctr=4 opt_step=64 E=1.000 g=0.102 VarTD=0.156239 ret_end=-26.625 dbar_end=0.729 occ_end=0.120 CSR_train=0.000 done_count=125
[upd 80] u=0 upd_ctr=5 opt_step=80 E=0.650 g=0.100 VarTD=0.156495 ret_end=-26.974 dbar_end=0.732 occ_end=0.144 CSR_train=0.000 done_count=125
[upd 90] u=0 upd_ctr=6 opt_step=96 E=0.278 g=0.128 VarTD=0.166790 ret_end=-25.955 dbar_end=0.654 occ_end=0.240 CSR_train=0.000 done_count=125
[upd 100] u=0 upd_ctr=6 opt_step=96 E=0.954 g=0.102 VarTD=0.165509 ret_end=-27.856 dbar_end=0.728 occ_end=0.144 CSR_train=0.000 done_count=125
[upd 110] u=0 upd_ctr=7 opt_step=112 E=0.652 g=0.127 VarTD=0.169244 ret_end=-25.075 dbar_end=0.658 occ_end=0.144 CSR_train=0.000 done_count=125
[upd 120] u=0 upd_ctr=8 opt_step=128 E=0.370 g=0.127 VarTD=0.146181 ret_end=-25.267 dbar_end=0.658 occ_end=0.208 CSR_train=0.000 done_count=125
[upd 130] u=1 upd_ctr=9 opt_step=144 E=0.075 g=0.125 VarTD=0.187913 ret_end=-26.232 dbar_end=0.662 occ_end=0.180 CSR_train=0.000 done_count=100
[upd 140] u=0 upd_ctr=9 opt_step=144 E=0.852 g=0.136 VarTD=0.180280 ret_end=-25.711 dbar_end=0.636 occ_end=0.232 CSR_train=0.008 done_count=125
[upd 150] u=0 upd_ctr=10 opt_step=160 E=0.618 g=0.135 VarTD=0.184835 ret_end=-25.977 dbar_end=0.639 occ_end=0.216 CSR_train=0.000 done_count=125
[upd 160] u=0 upd_ctr=11 opt_step=176 E=0.337 g=0.138 VarTD=0.200398 ret_end=-25.087 dbar_end=0.632 occ_end=0.192 CSR_train=0.000 done_count=125
[upd 170] u=1 upd_ctr=12 opt_step=192 E=0.078 g=0.130 VarTD=0.192801 ret_end=-25.212 dbar_end=0.651 occ_end=0.232 CSR_train=0.000 done_count=125
[upd 180] u=0 upd_ctr=12 opt_step=192 E=0.898 g=0.141 VarTD=0.221062 ret_end=-25.623 dbar_end=0.625 occ_end=0.256 CSR_train=0.000 done_count=125
[upd 190] u=0 upd_ctr=13 opt_step=208 E=0.687 g=0.143 VarTD=0.244518 ret_end=-25.583 dbar_end=0.620 occ_end=0.240 CSR_train=0.008 done_count=125
[upd 200] u=0 upd_ctr=14 opt_step=224 E=0.512 g=0.133 VarTD=0.263274 ret_end=-25.075 dbar_end=0.644 occ_end=0.168 CSR_train=0.000 done_count=125
[upd 210] u=0 upd_ctr=15 opt_step=240 E=0.348 g=0.135 VarTD=0.290838 ret_end=-25.859 dbar_end=0.639 occ_end=0.232 CSR_train=0.000 done_count=125
[upd 220] u=0 upd_ctr=16 opt_step=256 E=0.178 g=0.152 VarTD=0.338450 ret_end=-24.634 dbar_end=0.601 occ_end=0.248 CSR_train=0.000 done_count=125
[upd 230] u=1 upd_ctr=17 opt_step=272 E=0.091 g=0.152 VarTD=0.361310 ret_end=-25.848 dbar_end=0.599 occ_end=0.256 CSR_train=0.000 done_count=125
[upd 240] u=0 upd_ctr=17 opt_step=272 E=1.000 g=0.147 VarTD=0.390716 ret_end=-24.755 dbar_end=0.610 occ_end=0.216 CSR_train=0.000 done_count=125
[upd 250] u=0 upd_ctr=18 opt_step=288 E=0.911 g=0.142 VarTD=0.456819 ret_end=-25.448 dbar_end=0.622 occ_end=0.256 CSR_train=0.000 done_count=125
[upd 260] u=0 upd_ctr=19 opt_step=304 E=0.858 g=0.172 VarTD=0.468281 ret_end=-23.354 dbar_end=0.561 occ_end=0.300 CSR_train=0.000 done_count=100
[upd 270] u=0 upd_ctr=20 opt_step=320 E=0.805 g=0.169 VarTD=0.609295 ret_end=-23.403 dbar_end=0.566 occ_end=0.272 CSR_train=0.000 done_count=125
[upd 280] u=0 upd_ctr=21 opt_step=336 E=0.826 g=0.182 VarTD=0.727334 ret_end=-23.511 dbar_end=0.543 occ_end=0.264 CSR_train=0.000 done_count=125
[upd 290] u=0 upd_ctr=22 opt_step=352 E=0.820 g=0.176 VarTD=0.857100 ret_end=-24.021 dbar_end=0.554 occ_end=0.344 CSR_train=0.000 done_count=125
[upd 300] u=0 upd_ctr=23 opt_step=368 E=0.813 g=0.167 VarTD=0.950624 ret_end=-23.975 dbar_end=0.569 occ_end=0.320 CSR_train=0.000 done_count=125
[upd 310] u=0 upd_ctr=24 opt_step=384 E=0.838 g=0.175 VarTD=1.058299 ret_end=-23.030 dbar_end=0.555 occ_end=0.304 CSR_train=0.000 done_count=125
[Gate5 check] update_counter violations: t0=0 diffs=0
[Gate5 check] opt_step violations: t0=0 diffs=0 (expected_inc=16)
[Gate5 check] NaN masking: nan_on_skip=True finite_on_update=True
[Gate5 summary] mean_update_fraction=0.0769 final_executed_updates_mean=24.00
[Gate5 eval] done_count mean=100.0 CSR mean=0.0300 len_end_mean=26.00
[Gate5 eval] episodes_per_env=4 T_eval=104
[Gate5 eval-debug] locked_eps_occ=0.20 pre(step25): dbar_end=0.477130 occupied_end_mean=0.440000 max_tilde_end_mean=0.673115 CSR@locked=0.020000
[Gate5 eval-debug] locked_eps_occ=0.20 post(step26): dbar_end=0.486075 occupied_end_mean=0.460000 max_tilde_end_mean=0.690215 CSR@locked=0.030000
[Gate5 eval-debug] CSR_pre@0.10=0.0000 CSR_pre@0.15=0.0000 CSR_pre@0.20=0.0200 CSR_pre@0.25=0.0400 CSR_pre@0.30=0.0600
[Gate5 eval-debug] CSR_post@0.10=0.0000 CSR_post@0.15=0.0000 CSR_post@0.20=0.0300 CSR_post@0.25=0.0300 CSR_post@0.30=0.0400
