Importing submoduled environments...
Submoduled environments not found. Skipping import.
[upd 0] u=1 upd_ctr=1 opt_step=16 E=0.148 g=0.096 VarTD=0.126111 ret_end=-26.492 dbar_end=0.745 occ_end=0.140 CSR_train=0.000 done_count=100
[upd 10] u=0 upd_ctr=1 opt_step=16 E=0.615 g=0.101 VarTD=0.147310 ret_end=-26.592 dbar_end=0.729 occ_end=0.144 CSR_train=0.000 done_count=125
[upd 20] u=0 upd_ctr=2 opt_step=32 E=0.193 g=0.095 VarTD=0.156584 ret_end=-27.347 dbar_end=0.750 occ_end=0.144 CSR_train=0.000 done_count=125
[upd 30] u=0 upd_ctr=2 opt_step=32 E=0.694 g=0.106 VarTD=0.134861 ret_end=-25.597 dbar_end=0.716 occ_end=0.152 CSR_train=0.000 done_count=125
[upd 40] u=0 upd_ctr=3 opt_step=48 E=0.302 g=0.114 VarTD=0.127715 ret_end=-25.615 dbar_end=0.692 occ_end=0.104 CSR_train=0.000 done_count=125
[upd 50] u=0 upd_ctr=3 opt_step=48 E=0.814 g=0.095 VarTD=0.182241 ret_end=-27.868 dbar_end=0.749 occ_end=0.144 CSR_train=0.000 done_count=125
[upd 60] u=0 upd_ctr=4 opt_step=64 E=0.413 g=0.108 VarTD=0.144289 ret_end=-26.344 dbar_end=0.709 occ_end=0.176 CSR_train=0.000 done_count=125
[upd 70] u=0 upd_ctr=4 opt_step=64 E=0.932 g=0.099 VarTD=0.136606 ret_end=-27.035 dbar_end=0.737 occ_end=0.152 CSR_train=0.000 done_count=125
[upd 80] u=0 upd_ctr=5 opt_step=80 E=0.558 g=0.104 VarTD=0.151265 ret_end=-26.448 dbar_end=0.720 occ_end=0.200 CSR_train=0.000 done_count=125
[upd 90] u=0 upd_ctr=6 opt_step=96 E=0.221 g=0.123 VarTD=0.143511 ret_end=-26.048 dbar_end=0.668 occ_end=0.264 CSR_train=0.000 done_count=125
[upd 100] u=0 upd_ctr=6 opt_step=96 E=0.816 g=0.121 VarTD=0.156060 ret_end=-25.948 dbar_end=0.672 occ_end=0.192 CSR_train=0.000 done_count=125
[upd 110] u=0 upd_ctr=7 opt_step=112 E=0.511 g=0.129 VarTD=0.143845 ret_end=-26.109 dbar_end=0.653 occ_end=0.216 CSR_train=0.000 done_count=125
[upd 120] u=0 upd_ctr=8 opt_step=128 E=0.190 g=0.120 VarTD=0.168630 ret_end=-26.815 dbar_end=0.674 occ_end=0.216 CSR_train=0.000 done_count=125
[upd 130] u=0 upd_ctr=8 opt_step=128 E=0.804 g=0.116 VarTD=0.155776 ret_end=-26.732 dbar_end=0.686 occ_end=0.260 CSR_train=0.000 done_count=100
[upd 140] u=0 upd_ctr=9 opt_step=144 E=0.516 g=0.123 VarTD=0.147483 ret_end=-25.758 dbar_end=0.668 occ_end=0.128 CSR_train=0.000 done_count=125
[upd 150] u=0 upd_ctr=10 opt_step=160 E=0.261 g=0.151 VarTD=0.156871 ret_end=-24.971 dbar_end=0.603 occ_end=0.280 CSR_train=0.000 done_count=125
[upd 160] u=0 upd_ctr=10 opt_step=160 E=0.908 g=0.127 VarTD=0.159812 ret_end=-26.395 dbar_end=0.657 occ_end=0.184 CSR_train=0.000 done_count=125
[upd 170] u=0 upd_ctr=11 opt_step=176 E=0.677 g=0.131 VarTD=0.179442 ret_end=-25.617 dbar_end=0.648 occ_end=0.232 CSR_train=0.000 done_count=125
[upd 180] u=0 upd_ctr=12 opt_step=192 E=0.447 g=0.143 VarTD=0.168545 ret_end=-25.248 dbar_end=0.620 occ_end=0.224 CSR_train=0.000 done_count=125
[upd 190] u=0 upd_ctr=13 opt_step=208 E=0.213 g=0.140 VarTD=0.218958 ret_end=-25.174 dbar_end=0.626 occ_end=0.256 CSR_train=0.000 done_count=125
[upd 200] u=0 upd_ctr=13 opt_step=208 E=0.933 g=0.152 VarTD=0.198522 ret_end=-24.686 dbar_end=0.601 occ_end=0.184 CSR_train=0.000 done_count=125
[upd 210] u=0 upd_ctr=14 opt_step=224 E=0.779 g=0.156 VarTD=0.248457 ret_end=-24.393 dbar_end=0.591 occ_end=0.232 CSR_train=0.016 done_count=125
[upd 220] u=0 upd_ctr=15 opt_step=240 E=0.661 g=0.150 VarTD=0.292147 ret_end=-25.440 dbar_end=0.603 occ_end=0.216 CSR_train=0.008 done_count=125
[upd 230] u=0 upd_ctr=16 opt_step=256 E=0.553 g=0.161 VarTD=0.313828 ret_end=-23.739 dbar_end=0.581 occ_end=0.184 CSR_train=0.000 done_count=125
[upd 240] u=0 upd_ctr=17 opt_step=272 E=0.462 g=0.158 VarTD=0.374850 ret_end=-24.938 dbar_end=0.588 occ_end=0.240 CSR_train=0.000 done_count=125
[upd 250] u=0 upd_ctr=18 opt_step=288 E=0.375 g=0.162 VarTD=0.465391 ret_end=-25.257 dbar_end=0.580 occ_end=0.272 CSR_train=0.000 done_count=125
[upd 260] u=0 upd_ctr=19 opt_step=304 E=0.280 g=0.156 VarTD=0.430519 ret_end=-24.779 dbar_end=0.591 occ_end=0.290 CSR_train=0.000 done_count=100
[upd 270] u=0 upd_ctr=20 opt_step=320 E=0.221 g=0.163 VarTD=0.606731 ret_end=-24.007 dbar_end=0.578 occ_end=0.296 CSR_train=0.000 done_count=125
[upd 280] u=1 upd_ctr=21 opt_step=336 E=0.153 g=0.152 VarTD=0.584252 ret_end=-24.365 dbar_end=0.600 occ_end=0.232 CSR_train=0.000 done_count=125
[upd 290] u=1 upd_ctr=22 opt_step=352 E=0.093 g=0.174 VarTD=0.717433 ret_end=-24.700 dbar_end=0.556 occ_end=0.352 CSR_train=0.008 done_count=125
[upd 300] u=0 upd_ctr=22 opt_step=352 E=0.926 g=0.160 VarTD=0.785280 ret_end=-24.647 dbar_end=0.584 occ_end=0.216 CSR_train=0.000 done_count=125
[upd 310] u=0 upd_ctr=23 opt_step=368 E=0.857 g=0.181 VarTD=0.828181 ret_end=-22.851 dbar_end=0.544 occ_end=0.304 CSR_train=0.000 done_count=125
[Gate5 check] update_counter violations: t0=0 diffs=0
[Gate5 check] opt_step violations: t0=0 diffs=0 (expected_inc=16)
[Gate5 check] NaN masking: nan_on_skip=True finite_on_update=True
[Gate5 summary] mean_update_fraction=0.0737 final_executed_updates_mean=23.00
[Gate5 eval] done_count mean=100.0 CSR mean=0.0000 len_end_mean=26.00
[Gate5 eval] episodes_per_env=4 T_eval=104
[Gate5 eval-debug] locked_eps_occ=0.20 pre(step25): dbar_end=0.494352 occupied_end_mean=0.420000 max_tilde_end_mean=0.740289 CSR@locked=0.010000
[Gate5 eval-debug] locked_eps_occ=0.20 post(step26): dbar_end=0.501033 occupied_end_mean=0.420000 max_tilde_end_mean=0.747240 CSR@locked=0.000000
[Gate5 eval-debug] CSR_pre@0.10=0.0000 CSR_pre@0.15=0.0000 CSR_pre@0.20=0.0100 CSR_pre@0.25=0.0200 CSR_pre@0.30=0.0200
[Gate5 eval-debug] CSR_post@0.10=0.0000 CSR_post@0.15=0.0000 CSR_post@0.20=0.0000 CSR_post@0.25=0.0100 CSR_post@0.30=0.0100
