Importing submoduled environments...
Submoduled environments not found. Skipping import.
[upd 0] u=1 upd_ctr=1 opt_step=16 E=0.018 g=0.088 VarTD=0.137352 ret_end=-28.134 dbar_end=0.773 occ_end=0.220 CSR_train=0.000 done_count=100
[upd 10] u=0 upd_ctr=1 opt_step=16 E=0.203 g=0.093 VarTD=0.158535 ret_end=-28.458 dbar_end=0.756 occ_end=0.184 CSR_train=0.000 done_count=125
[upd 20] u=0 upd_ctr=1 opt_step=16 E=0.386 g=0.103 VarTD=0.132575 ret_end=-26.686 dbar_end=0.725 occ_end=0.208 CSR_train=0.000 done_count=125
[upd 30] u=0 upd_ctr=1 opt_step=16 E=0.574 g=0.092 VarTD=0.166045 ret_end=-27.692 dbar_end=0.761 occ_end=0.160 CSR_train=0.000 done_count=125
[upd 40] u=0 upd_ctr=1 opt_step=16 E=0.761 g=0.093 VarTD=0.134121 ret_end=-27.488 dbar_end=0.757 occ_end=0.144 CSR_train=0.000 done_count=125
[upd 50] u=0 upd_ctr=1 opt_step=16 E=0.945 g=0.088 VarTD=0.169486 ret_end=-28.048 dbar_end=0.774 occ_end=0.176 CSR_train=0.000 done_count=125
[upd 60] u=0 upd_ctr=2 opt_step=32 E=0.113 g=0.092 VarTD=0.151104 ret_end=-27.741 dbar_end=0.759 occ_end=0.176 CSR_train=0.000 done_count=125
[upd 70] u=0 upd_ctr=2 opt_step=32 E=0.308 g=0.089 VarTD=0.163237 ret_end=-27.755 dbar_end=0.770 occ_end=0.200 CSR_train=0.000 done_count=125
[upd 80] u=0 upd_ctr=2 opt_step=32 E=0.496 g=0.093 VarTD=0.121422 ret_end=-25.973 dbar_end=0.756 occ_end=0.104 CSR_train=0.000 done_count=125
[upd 90] u=0 upd_ctr=2 opt_step=32 E=0.698 g=0.108 VarTD=0.152972 ret_end=-26.500 dbar_end=0.709 occ_end=0.200 CSR_train=0.000 done_count=125
[upd 100] u=0 upd_ctr=2 opt_step=32 E=0.894 g=0.101 VarTD=0.146606 ret_end=-26.354 dbar_end=0.730 occ_end=0.192 CSR_train=0.000 done_count=125
[upd 110] u=0 upd_ctr=3 opt_step=48 E=0.082 g=0.104 VarTD=0.138945 ret_end=-25.444 dbar_end=0.721 occ_end=0.136 CSR_train=0.000 done_count=125
[upd 120] u=0 upd_ctr=3 opt_step=48 E=0.279 g=0.092 VarTD=0.145257 ret_end=-27.560 dbar_end=0.761 occ_end=0.096 CSR_train=0.000 done_count=125
[upd 130] u=0 upd_ctr=3 opt_step=48 E=0.468 g=0.096 VarTD=0.148714 ret_end=-27.107 dbar_end=0.747 occ_end=0.120 CSR_train=0.000 done_count=100
[upd 140] u=0 upd_ctr=3 opt_step=48 E=0.666 g=0.092 VarTD=0.159711 ret_end=-28.203 dbar_end=0.761 occ_end=0.184 CSR_train=0.000 done_count=125
[upd 150] u=0 upd_ctr=3 opt_step=48 E=0.868 g=0.107 VarTD=0.134064 ret_end=-26.064 dbar_end=0.712 occ_end=0.112 CSR_train=0.000 done_count=125
[upd 160] u=0 upd_ctr=4 opt_step=64 E=0.060 g=0.085 VarTD=0.213338 ret_end=-28.641 dbar_end=0.783 occ_end=0.112 CSR_train=0.000 done_count=125
[upd 170] u=0 upd_ctr=4 opt_step=64 E=0.265 g=0.106 VarTD=0.162061 ret_end=-26.593 dbar_end=0.714 occ_end=0.248 CSR_train=0.008 done_count=125
[upd 180] u=0 upd_ctr=4 opt_step=64 E=0.471 g=0.096 VarTD=0.162217 ret_end=-27.818 dbar_end=0.748 occ_end=0.128 CSR_train=0.000 done_count=125
[upd 190] u=0 upd_ctr=4 opt_step=64 E=0.672 g=0.095 VarTD=0.168813 ret_end=-27.434 dbar_end=0.750 occ_end=0.144 CSR_train=0.000 done_count=125
[upd 200] u=0 upd_ctr=4 opt_step=64 E=0.884 g=0.107 VarTD=0.142121 ret_end=-26.363 dbar_end=0.711 occ_end=0.192 CSR_train=0.000 done_count=125
[upd 210] u=0 upd_ctr=5 opt_step=80 E=0.085 g=0.107 VarTD=0.141436 ret_end=-27.052 dbar_end=0.711 occ_end=0.192 CSR_train=0.000 done_count=125
[upd 220] u=0 upd_ctr=5 opt_step=80 E=0.307 g=0.116 VarTD=0.170835 ret_end=-25.877 dbar_end=0.687 occ_end=0.200 CSR_train=0.000 done_count=125
[upd 230] u=0 upd_ctr=5 opt_step=80 E=0.527 g=0.116 VarTD=0.141099 ret_end=-26.044 dbar_end=0.685 occ_end=0.240 CSR_train=0.000 done_count=125
[upd 240] u=0 upd_ctr=5 opt_step=80 E=0.751 g=0.107 VarTD=0.155314 ret_end=-26.169 dbar_end=0.711 occ_end=0.088 CSR_train=0.000 done_count=125
[upd 250] u=0 upd_ctr=5 opt_step=80 E=0.979 g=0.117 VarTD=0.139901 ret_end=-26.311 dbar_end=0.682 occ_end=0.184 CSR_train=0.000 done_count=125
[upd 260] u=0 upd_ctr=6 opt_step=96 E=0.175 g=0.106 VarTD=0.157592 ret_end=-27.048 dbar_end=0.714 occ_end=0.190 CSR_train=0.000 done_count=100
[upd 270] u=0 upd_ctr=6 opt_step=96 E=0.408 g=0.110 VarTD=0.147891 ret_end=-27.174 dbar_end=0.702 occ_end=0.248 CSR_train=0.000 done_count=125
[upd 280] u=0 upd_ctr=6 opt_step=96 E=0.638 g=0.107 VarTD=0.143077 ret_end=-26.709 dbar_end=0.711 occ_end=0.160 CSR_train=0.000 done_count=125
[upd 290] u=0 upd_ctr=6 opt_step=96 E=0.868 g=0.108 VarTD=0.137254 ret_end=-26.813 dbar_end=0.708 occ_end=0.224 CSR_train=0.000 done_count=125
[upd 300] u=0 upd_ctr=7 opt_step=112 E=0.091 g=0.126 VarTD=0.139652 ret_end=-25.773 dbar_end=0.660 occ_end=0.200 CSR_train=0.000 done_count=125
[upd 310] u=0 upd_ctr=7 opt_step=112 E=0.334 g=0.123 VarTD=0.127523 ret_end=-25.220 dbar_end=0.668 occ_end=0.192 CSR_train=0.000 done_count=125
[Gate5 check] update_counter violations: t0=0 diffs=0
[Gate5 check] opt_step violations: t0=0 diffs=0 (expected_inc=16)
[Gate5 check] NaN masking: nan_on_skip=True finite_on_update=True
[Gate5 summary] mean_update_fraction=0.0224 final_executed_updates_mean=7.00
[Gate5 eval] done_count mean=100.0 CSR mean=0.0000 len_end_mean=26.00
[Gate5 eval] episodes_per_env=4 T_eval=104
[Gate5 eval-debug] locked_eps_occ=0.20 pre(step25): dbar_end=0.519538 occupied_end_mean=0.280000 max_tilde_end_mean=0.763022 CSR@locked=0.000000
[Gate5 eval-debug] locked_eps_occ=0.20 post(step26): dbar_end=0.532123 occupied_end_mean=0.240000 max_tilde_end_mean=0.769190 CSR@locked=0.000000
[Gate5 eval-debug] CSR_pre@0.10=0.0000 CSR_pre@0.15=0.0000 CSR_pre@0.20=0.0000 CSR_pre@0.25=0.0000 CSR_pre@0.30=0.0100
[Gate5 eval-debug] CSR_post@0.10=0.0000 CSR_post@0.15=0.0000 CSR_post@0.20=0.0000 CSR_post@0.25=0.0000 CSR_post@0.30=0.0100
