Importing submoduled environments...
Submoduled environments not found. Skipping import.
[upd 0] u=1 upd_ctr=1 opt_step=16 E=0.133 g=0.083 VarTD=0.176951 ret_end=-28.473 dbar_end=0.794 occ_end=0.140 CSR_train=0.000 done_count=100
[upd 10] u=0 upd_ctr=1 opt_step=16 E=0.512 g=0.089 VarTD=0.152994 ret_end=-28.611 dbar_end=0.772 occ_end=0.104 CSR_train=0.000 done_count=125
[upd 20] u=0 upd_ctr=1 opt_step=16 E=0.889 g=0.093 VarTD=0.156211 ret_end=-27.741 dbar_end=0.758 occ_end=0.208 CSR_train=0.000 done_count=125
[upd 30] u=0 upd_ctr=2 opt_step=32 E=0.382 g=0.096 VarTD=0.144835 ret_end=-27.168 dbar_end=0.746 occ_end=0.128 CSR_train=0.000 done_count=125
[upd 40] u=0 upd_ctr=2 opt_step=32 E=0.764 g=0.097 VarTD=0.157735 ret_end=-27.021 dbar_end=0.742 occ_end=0.208 CSR_train=0.000 done_count=125
[upd 50] u=0 upd_ctr=3 opt_step=48 E=0.273 g=0.103 VarTD=0.166790 ret_end=-26.709 dbar_end=0.724 occ_end=0.152 CSR_train=0.000 done_count=125
[upd 60] u=0 upd_ctr=3 opt_step=48 E=0.695 g=0.106 VarTD=0.133770 ret_end=-26.423 dbar_end=0.714 occ_end=0.144 CSR_train=0.000 done_count=125
[upd 70] u=0 upd_ctr=4 opt_step=64 E=0.224 g=0.108 VarTD=0.155606 ret_end=-26.374 dbar_end=0.709 occ_end=0.160 CSR_train=0.000 done_count=125
[upd 80] u=0 upd_ctr=4 opt_step=64 E=0.662 g=0.110 VarTD=0.132213 ret_end=-26.877 dbar_end=0.702 occ_end=0.224 CSR_train=0.000 done_count=125
[upd 90] u=0 upd_ctr=5 opt_step=80 E=0.203 g=0.112 VarTD=0.126371 ret_end=-26.682 dbar_end=0.697 occ_end=0.216 CSR_train=0.000 done_count=125
[upd 100] u=0 upd_ctr=5 opt_step=80 E=0.643 g=0.110 VarTD=0.165833 ret_end=-26.642 dbar_end=0.702 occ_end=0.112 CSR_train=0.000 done_count=125
[upd 110] u=0 upd_ctr=6 opt_step=96 E=0.218 g=0.123 VarTD=0.133849 ret_end=-25.120 dbar_end=0.668 occ_end=0.192 CSR_train=0.000 done_count=125
[upd 120] u=0 upd_ctr=6 opt_step=96 E=0.670 g=0.110 VarTD=0.126228 ret_end=-25.476 dbar_end=0.702 occ_end=0.200 CSR_train=0.000 done_count=125
[upd 130] u=0 upd_ctr=7 opt_step=112 E=0.242 g=0.123 VarTD=0.127848 ret_end=-25.826 dbar_end=0.669 occ_end=0.180 CSR_train=0.000 done_count=100
[upd 140] u=0 upd_ctr=7 opt_step=112 E=0.726 g=0.105 VarTD=0.152304 ret_end=-26.818 dbar_end=0.717 occ_end=0.168 CSR_train=0.000 done_count=125
[upd 150] u=0 upd_ctr=8 opt_step=128 E=0.308 g=0.139 VarTD=0.123560 ret_end=-24.734 dbar_end=0.629 occ_end=0.232 CSR_train=0.000 done_count=125
[upd 160] u=0 upd_ctr=8 opt_step=128 E=0.810 g=0.136 VarTD=0.131383 ret_end=-25.121 dbar_end=0.636 occ_end=0.208 CSR_train=0.000 done_count=125
[upd 170] u=0 upd_ctr=9 opt_step=144 E=0.424 g=0.121 VarTD=0.147231 ret_end=-26.037 dbar_end=0.672 occ_end=0.192 CSR_train=0.000 done_count=125
[upd 180] u=0 upd_ctr=9 opt_step=144 E=0.940 g=0.140 VarTD=0.142699 ret_end=-25.712 dbar_end=0.627 occ_end=0.232 CSR_train=0.000 done_count=125
[upd 190] u=0 upd_ctr=10 opt_step=160 E=0.565 g=0.142 VarTD=0.148276 ret_end=-25.016 dbar_end=0.621 occ_end=0.208 CSR_train=0.000 done_count=125
[upd 200] u=0 upd_ctr=11 opt_step=176 E=0.190 g=0.127 VarTD=0.179189 ret_end=-26.173 dbar_end=0.657 occ_end=0.216 CSR_train=0.000 done_count=125
[upd 210] u=0 upd_ctr=11 opt_step=176 E=0.729 g=0.133 VarTD=0.168351 ret_end=-25.617 dbar_end=0.643 occ_end=0.216 CSR_train=0.000 done_count=125
[upd 220] u=0 upd_ctr=12 opt_step=192 E=0.362 g=0.131 VarTD=0.160377 ret_end=-24.795 dbar_end=0.647 occ_end=0.168 CSR_train=0.000 done_count=125
[upd 230] u=0 upd_ctr=12 opt_step=192 E=0.922 g=0.153 VarTD=0.168927 ret_end=-24.992 dbar_end=0.598 occ_end=0.328 CSR_train=0.000 done_count=125
[upd 240] u=0 upd_ctr=13 opt_step=208 E=0.557 g=0.141 VarTD=0.205989 ret_end=-24.977 dbar_end=0.624 occ_end=0.176 CSR_train=0.000 done_count=125
[upd 250] u=0 upd_ctr=14 opt_step=224 E=0.212 g=0.143 VarTD=0.235334 ret_end=-24.434 dbar_end=0.620 occ_end=0.264 CSR_train=0.000 done_count=125
[upd 260] u=0 upd_ctr=14 opt_step=224 E=0.773 g=0.140 VarTD=0.205349 ret_end=-25.692 dbar_end=0.627 occ_end=0.210 CSR_train=0.000 done_count=100
[upd 270] u=0 upd_ctr=15 opt_step=240 E=0.448 g=0.152 VarTD=0.255324 ret_end=-24.659 dbar_end=0.601 occ_end=0.288 CSR_train=0.000 done_count=125
[upd 280] u=0 upd_ctr=16 opt_step=256 E=0.129 g=0.145 VarTD=0.296998 ret_end=-25.160 dbar_end=0.614 occ_end=0.232 CSR_train=0.000 done_count=125
[upd 290] u=0 upd_ctr=16 opt_step=256 E=0.708 g=0.162 VarTD=0.280710 ret_end=-23.767 dbar_end=0.580 occ_end=0.248 CSR_train=0.008 done_count=125
[upd 300] u=0 upd_ctr=17 opt_step=272 E=0.400 g=0.174 VarTD=0.377102 ret_end=-23.799 dbar_end=0.557 occ_end=0.328 CSR_train=0.008 done_count=125
[upd 310] u=1 upd_ctr=18 opt_step=288 E=0.100 g=0.155 VarTD=0.351047 ret_end=-24.394 dbar_end=0.593 occ_end=0.224 CSR_train=0.000 done_count=125
[Gate5 check] update_counter violations: t0=0 diffs=0
[Gate5 check] opt_step violations: t0=0 diffs=0 (expected_inc=16)
[Gate5 check] NaN masking: nan_on_skip=True finite_on_update=True
[Gate5 summary] mean_update_fraction=0.0577 final_executed_updates_mean=18.00
[Gate5 eval] done_count mean=100.0 CSR mean=0.0000 len_end_mean=26.00
[Gate5 eval] episodes_per_env=4 T_eval=104
[Gate5 eval-debug] locked_eps_occ=0.20 pre(step25): dbar_end=0.543923 occupied_end_mean=0.400000 max_tilde_end_mean=0.791884 CSR@locked=0.000000
[Gate5 eval-debug] locked_eps_occ=0.20 post(step26): dbar_end=0.538148 occupied_end_mean=0.370000 max_tilde_end_mean=0.781195 CSR@locked=0.000000
[Gate5 eval-debug] CSR_pre@0.10=0.0000 CSR_pre@0.15=0.0000 CSR_pre@0.20=0.0000 CSR_pre@0.25=0.0000 CSR_pre@0.30=0.0200
[Gate5 eval-debug] CSR_post@0.10=0.0000 CSR_post@0.15=0.0000 CSR_post@0.20=0.0000 CSR_post@0.25=0.0000 CSR_post@0.30=0.0000
