Importing submoduled environments...
Submoduled environments not found. Skipping import.
[upd 0] u=1 upd_ctr=1 opt_step=16 E=0.141 g=0.102 VarTD=0.148347 ret_end=-26.397 dbar_end=0.726 occ_end=0.190 CSR_train=0.000 done_count=100
[upd 10] u=0 upd_ctr=1 opt_step=16 E=0.514 g=0.089 VarTD=0.167256 ret_end=-27.327 dbar_end=0.769 occ_end=0.152 CSR_train=0.008 done_count=125
[upd 20] u=0 upd_ctr=1 opt_step=16 E=0.886 g=0.085 VarTD=0.176565 ret_end=-27.948 dbar_end=0.785 occ_end=0.184 CSR_train=0.000 done_count=125
[upd 30] u=0 upd_ctr=2 opt_step=32 E=0.372 g=0.099 VarTD=0.166097 ret_end=-27.818 dbar_end=0.738 occ_end=0.200 CSR_train=0.000 done_count=125
[upd 40] u=0 upd_ctr=2 opt_step=32 E=0.758 g=0.098 VarTD=0.161161 ret_end=-27.083 dbar_end=0.738 occ_end=0.120 CSR_train=0.000 done_count=125
[upd 50] u=0 upd_ctr=3 opt_step=48 E=0.241 g=0.117 VarTD=0.149202 ret_end=-25.858 dbar_end=0.685 occ_end=0.184 CSR_train=0.000 done_count=125
[upd 60] u=0 upd_ctr=3 opt_step=48 E=0.640 g=0.089 VarTD=0.182790 ret_end=-28.377 dbar_end=0.770 occ_end=0.120 CSR_train=0.000 done_count=125
[upd 70] u=0 upd_ctr=4 opt_step=64 E=0.155 g=0.107 VarTD=0.158320 ret_end=-26.289 dbar_end=0.713 occ_end=0.160 CSR_train=0.000 done_count=125
[upd 80] u=0 upd_ctr=4 opt_step=64 E=0.584 g=0.102 VarTD=0.132770 ret_end=-27.447 dbar_end=0.727 occ_end=0.168 CSR_train=0.000 done_count=125
[upd 90] u=0 upd_ctr=5 opt_step=80 E=0.102 g=0.109 VarTD=0.137282 ret_end=-26.060 dbar_end=0.706 occ_end=0.168 CSR_train=0.000 done_count=125
[upd 100] u=0 upd_ctr=5 opt_step=80 E=0.557 g=0.111 VarTD=0.156479 ret_end=-26.384 dbar_end=0.701 occ_end=0.136 CSR_train=0.000 done_count=125
[upd 110] u=0 upd_ctr=6 opt_step=96 E=0.097 g=0.096 VarTD=0.146056 ret_end=-27.970 dbar_end=0.748 occ_end=0.184 CSR_train=0.000 done_count=125
[upd 120] u=0 upd_ctr=6 opt_step=96 E=0.563 g=0.122 VarTD=0.118126 ret_end=-25.974 dbar_end=0.669 occ_end=0.136 CSR_train=0.000 done_count=125
[upd 130] u=0 upd_ctr=7 opt_step=112 E=0.145 g=0.128 VarTD=0.125394 ret_end=-25.483 dbar_end=0.656 occ_end=0.210 CSR_train=0.000 done_count=100
[upd 140] u=0 upd_ctr=7 opt_step=112 E=0.621 g=0.114 VarTD=0.130391 ret_end=-26.965 dbar_end=0.692 occ_end=0.152 CSR_train=0.000 done_count=125
[upd 150] u=0 upd_ctr=8 opt_step=128 E=0.202 g=0.125 VarTD=0.168133 ret_end=-25.844 dbar_end=0.663 occ_end=0.184 CSR_train=0.000 done_count=125
[upd 160] u=0 upd_ctr=8 opt_step=128 E=0.673 g=0.124 VarTD=0.149580 ret_end=-25.939 dbar_end=0.666 occ_end=0.248 CSR_train=0.000 done_count=125
[upd 170] u=0 upd_ctr=9 opt_step=144 E=0.253 g=0.134 VarTD=0.123793 ret_end=-25.162 dbar_end=0.641 occ_end=0.168 CSR_train=0.000 done_count=125
[upd 180] u=0 upd_ctr=9 opt_step=144 E=0.747 g=0.122 VarTD=0.156247 ret_end=-25.264 dbar_end=0.670 occ_end=0.184 CSR_train=0.000 done_count=125
[upd 190] u=0 upd_ctr=10 opt_step=160 E=0.345 g=0.120 VarTD=0.157894 ret_end=-25.838 dbar_end=0.675 occ_end=0.144 CSR_train=0.000 done_count=125
[upd 200] u=0 upd_ctr=10 opt_step=160 E=0.836 g=0.115 VarTD=0.173549 ret_end=-26.835 dbar_end=0.689 occ_end=0.192 CSR_train=0.000 done_count=125
[upd 210] u=0 upd_ctr=11 opt_step=176 E=0.450 g=0.132 VarTD=0.143830 ret_end=-24.532 dbar_end=0.645 occ_end=0.248 CSR_train=0.008 done_count=125
[upd 220] u=1 upd_ctr=12 opt_step=192 E=0.066 g=0.133 VarTD=0.150170 ret_end=-25.321 dbar_end=0.642 occ_end=0.152 CSR_train=0.000 done_count=125
[upd 230] u=0 upd_ctr=12 opt_step=192 E=0.592 g=0.130 VarTD=0.148008 ret_end=-24.807 dbar_end=0.650 occ_end=0.264 CSR_train=0.000 done_count=125
[upd 240] u=0 upd_ctr=13 opt_step=208 E=0.209 g=0.134 VarTD=0.188013 ret_end=-25.562 dbar_end=0.641 occ_end=0.176 CSR_train=0.000 done_count=125
[upd 250] u=0 upd_ctr=13 opt_step=208 E=0.749 g=0.133 VarTD=0.198517 ret_end=-25.436 dbar_end=0.643 occ_end=0.208 CSR_train=0.000 done_count=125
[upd 260] u=0 upd_ctr=14 opt_step=224 E=0.389 g=0.128 VarTD=0.204867 ret_end=-24.540 dbar_end=0.656 occ_end=0.220 CSR_train=0.000 done_count=100
[upd 270] u=0 upd_ctr=14 opt_step=224 E=0.949 g=0.136 VarTD=0.221024 ret_end=-25.009 dbar_end=0.636 occ_end=0.296 CSR_train=0.000 done_count=125
[upd 280] u=0 upd_ctr=15 opt_step=240 E=0.587 g=0.130 VarTD=0.259042 ret_end=-25.508 dbar_end=0.650 occ_end=0.184 CSR_train=0.000 done_count=125
[upd 290] u=0 upd_ctr=16 opt_step=256 E=0.238 g=0.145 VarTD=0.313282 ret_end=-24.954 dbar_end=0.615 occ_end=0.232 CSR_train=0.000 done_count=125
[upd 300] u=0 upd_ctr=16 opt_step=256 E=0.780 g=0.134 VarTD=0.322689 ret_end=-25.542 dbar_end=0.641 occ_end=0.216 CSR_train=0.000 done_count=125
[upd 310] u=0 upd_ctr=17 opt_step=272 E=0.456 g=0.140 VarTD=0.354782 ret_end=-25.154 dbar_end=0.626 occ_end=0.192 CSR_train=0.000 done_count=125
[Gate5 check] update_counter violations: t0=0 diffs=0
[Gate5 check] opt_step violations: t0=0 diffs=0 (expected_inc=16)
[Gate5 check] NaN masking: nan_on_skip=True finite_on_update=True
[Gate5 summary] mean_update_fraction=0.0545 final_executed_updates_mean=17.00
[Gate5 eval] done_count mean=100.0 CSR mean=0.0000 len_end_mean=26.00
[Gate5 eval] episodes_per_env=4 T_eval=104
[Gate5 eval-debug] locked_eps_occ=0.20 pre(step25): dbar_end=0.473949 occupied_end_mean=0.430000 max_tilde_end_mean=0.688442 CSR@locked=0.020000
[Gate5 eval-debug] locked_eps_occ=0.20 post(step26): dbar_end=0.466068 occupied_end_mean=0.420000 max_tilde_end_mean=0.674086 CSR@locked=0.000000
[Gate5 eval-debug] CSR_pre@0.10=0.0000 CSR_pre@0.15=0.0000 CSR_pre@0.20=0.0200 CSR_pre@0.25=0.0300 CSR_pre@0.30=0.0600
[Gate5 eval-debug] CSR_post@0.10=0.0000 CSR_post@0.15=0.0000 CSR_post@0.20=0.0000 CSR_post@0.25=0.0400 CSR_post@0.30=0.0600
