Importing submoduled environments...
Submoduled environments not found. Skipping import.
[upd 0] u=1 upd_ctr=1 opt_step=16 E=0.191 g=0.091 VarTD=0.177780 ret_end=-27.116 dbar_end=0.762 occ_end=0.220 CSR_train=0.000 done_count=100
[upd 10] u=0 upd_ctr=2 opt_step=32 E=0.208 g=0.090 VarTD=0.167310 ret_end=-27.522 dbar_end=0.767 occ_end=0.112 CSR_train=0.000 done_count=125
[upd 20] u=0 upd_ctr=3 opt_step=48 E=0.335 g=0.104 VarTD=0.142948 ret_end=-26.667 dbar_end=0.720 occ_end=0.160 CSR_train=0.000 done_count=125
[upd 30] u=0 upd_ctr=4 opt_step=64 E=0.512 g=0.095 VarTD=0.178036 ret_end=-27.251 dbar_end=0.750 occ_end=0.144 CSR_train=0.000 done_count=125
[upd 40] u=0 upd_ctr=5 opt_step=80 E=0.651 g=0.110 VarTD=0.146841 ret_end=-26.749 dbar_end=0.702 occ_end=0.208 CSR_train=0.000 done_count=125
[upd 50] u=0 upd_ctr=6 opt_step=96 E=0.846 g=0.120 VarTD=0.147171 ret_end=-25.116 dbar_end=0.675 occ_end=0.176 CSR_train=0.000 done_count=125
[upd 60] u=1 upd_ctr=8 opt_step=128 E=0.125 g=0.098 VarTD=0.165199 ret_end=-26.595 dbar_end=0.738 occ_end=0.112 CSR_train=0.000 done_count=125
[upd 70] u=0 upd_ctr=9 opt_step=144 E=0.371 g=0.107 VarTD=0.174419 ret_end=-26.534 dbar_end=0.711 occ_end=0.216 CSR_train=0.008 done_count=125
[upd 80] u=0 upd_ctr=10 opt_step=160 E=0.599 g=0.126 VarTD=0.154798 ret_end=-25.674 dbar_end=0.661 occ_end=0.160 CSR_train=0.000 done_count=125
[upd 90] u=0 upd_ctr=11 opt_step=176 E=0.906 g=0.126 VarTD=0.178893 ret_end=-25.868 dbar_end=0.659 occ_end=0.160 CSR_train=0.000 done_count=125
[upd 100] u=0 upd_ctr=13 opt_step=208 E=0.363 g=0.136 VarTD=0.215043 ret_end=-24.718 dbar_end=0.635 occ_end=0.256 CSR_train=0.000 done_count=125
[upd 110] u=0 upd_ctr=14 opt_step=224 E=0.755 g=0.133 VarTD=0.249315 ret_end=-25.153 dbar_end=0.643 occ_end=0.232 CSR_train=0.000 done_count=125
[upd 120] u=0 upd_ctr=16 opt_step=256 E=0.265 g=0.130 VarTD=0.362168 ret_end=-25.495 dbar_end=0.649 occ_end=0.216 CSR_train=0.000 done_count=125
[upd 130] u=0 upd_ctr=17 opt_step=272 E=0.772 g=0.134 VarTD=0.348345 ret_end=-24.304 dbar_end=0.640 occ_end=0.200 CSR_train=0.000 done_count=100
[upd 140] u=0 upd_ctr=19 opt_step=304 E=0.434 g=0.148 VarTD=0.631248 ret_end=-24.573 dbar_end=0.608 occ_end=0.336 CSR_train=0.000 done_count=125
[upd 150] u=0 upd_ctr=20 opt_step=320 E=0.979 g=0.146 VarTD=0.636526 ret_end=-23.937 dbar_end=0.614 occ_end=0.216 CSR_train=0.000 done_count=125
[upd 160] u=0 upd_ctr=22 opt_step=352 E=0.684 g=0.145 VarTD=0.846146 ret_end=-25.266 dbar_end=0.616 occ_end=0.296 CSR_train=0.000 done_count=125
[upd 170] u=0 upd_ctr=24 opt_step=384 E=0.355 g=0.143 VarTD=1.014608 ret_end=-25.089 dbar_end=0.619 occ_end=0.224 CSR_train=0.000 done_count=125
[upd 180] u=0 upd_ctr=25 opt_step=400 E=1.000 g=0.157 VarTD=1.151210 ret_end=-24.414 dbar_end=0.589 occ_end=0.216 CSR_train=0.000 done_count=125
[upd 190] u=0 upd_ctr=27 opt_step=432 E=0.713 g=0.143 VarTD=1.462212 ret_end=-26.160 dbar_end=0.619 occ_end=0.280 CSR_train=0.008 done_count=125
[upd 200] u=0 upd_ctr=29 opt_step=464 E=0.473 g=0.151 VarTD=1.713186 ret_end=-23.806 dbar_end=0.602 occ_end=0.240 CSR_train=0.000 done_count=125
[upd 210] u=1 upd_ctr=31 opt_step=496 E=0.221 g=0.152 VarTD=1.867111 ret_end=-24.046 dbar_end=0.600 occ_end=0.232 CSR_train=0.008 done_count=125
[upd 220] u=0 upd_ctr=32 opt_step=512 E=0.850 g=0.145 VarTD=2.152474 ret_end=-23.731 dbar_end=0.614 occ_end=0.200 CSR_train=0.000 done_count=125
[upd 230] u=0 upd_ctr=34 opt_step=544 E=0.602 g=0.162 VarTD=2.566267 ret_end=-24.460 dbar_end=0.580 occ_end=0.208 CSR_train=0.000 done_count=125
[upd 240] u=0 upd_ctr=36 opt_step=576 E=0.564 g=0.188 VarTD=2.987065 ret_end=-24.105 dbar_end=0.532 occ_end=0.384 CSR_train=0.000 done_count=125
[upd 250] u=0 upd_ctr=38 opt_step=608 E=0.416 g=0.171 VarTD=3.296285 ret_end=-24.122 dbar_end=0.563 occ_end=0.320 CSR_train=0.000 done_count=125
[upd 260] u=0 upd_ctr=40 opt_step=640 E=0.392 g=0.179 VarTD=2.903777 ret_end=-22.917 dbar_end=0.548 occ_end=0.360 CSR_train=0.020 done_count=100
[upd 270] u=1 upd_ctr=42 opt_step=672 E=0.262 g=0.183 VarTD=3.809592 ret_end=-23.535 dbar_end=0.541 occ_end=0.328 CSR_train=0.000 done_count=125
[upd 280] u=1 upd_ctr=44 opt_step=704 E=0.232 g=0.185 VarTD=4.229033 ret_end=-24.701 dbar_end=0.538 occ_end=0.304 CSR_train=0.000 done_count=125
[upd 290] u=1 upd_ctr=46 opt_step=736 E=0.205 g=0.180 VarTD=4.516084 ret_end=-22.824 dbar_end=0.546 occ_end=0.248 CSR_train=0.008 done_count=125
[upd 300] u=1 upd_ctr=48 opt_step=768 E=0.196 g=0.172 VarTD=4.709946 ret_end=-24.341 dbar_end=0.560 occ_end=0.280 CSR_train=0.008 done_count=125
[upd 310] u=1 upd_ctr=50 opt_step=800 E=0.204 g=0.187 VarTD=5.114105 ret_end=-23.994 dbar_end=0.535 occ_end=0.344 CSR_train=0.000 done_count=125
[Gate5 check] update_counter violations: t0=0 diffs=0
[Gate5 check] opt_step violations: t0=0 diffs=0 (expected_inc=16)
[Gate5 check] NaN masking: nan_on_skip=True finite_on_update=True
[Gate5 summary] mean_update_fraction=0.1603 final_executed_updates_mean=50.00
[Gate5 eval] done_count mean=100.0 CSR mean=0.0000 len_end_mean=26.00
[Gate5 eval] episodes_per_env=4 T_eval=104
[Gate5 eval-debug] locked_eps_occ=0.20 pre(step25): dbar_end=0.476234 occupied_end_mean=0.330000 max_tilde_end_mean=0.663435 CSR@locked=0.000000
[Gate5 eval-debug] locked_eps_occ=0.20 post(step26): dbar_end=0.480150 occupied_end_mean=0.280000 max_tilde_end_mean=0.668788 CSR@locked=0.000000
[Gate5 eval-debug] CSR_pre@0.10=0.0000 CSR_pre@0.15=0.0000 CSR_pre@0.20=0.0000 CSR_pre@0.25=0.0000 CSR_pre@0.30=0.0200
[Gate5 eval-debug] CSR_post@0.10=0.0000 CSR_post@0.15=0.0000 CSR_post@0.20=0.0000 CSR_post@0.25=0.0000 CSR_post@0.30=0.0200
