Importing submoduled environments...
Submoduled environments not found. Skipping import.
[upd 0] u=1 upd_ctr=1 opt_step=16 E=0.277 g=0.096 VarTD=0.126111 ret_end=-26.492 dbar_end=0.745 occ_end=0.140 CSR_train=0.000 done_count=100
[upd 10] u=0 upd_ctr=2 opt_step=32 E=0.231 g=0.110 VarTD=0.140540 ret_end=-26.187 dbar_end=0.704 occ_end=0.184 CSR_train=0.000 done_count=125
[upd 20] u=0 upd_ctr=3 opt_step=48 E=0.237 g=0.101 VarTD=0.158230 ret_end=-27.113 dbar_end=0.730 occ_end=0.128 CSR_train=0.000 done_count=125
[upd 30] u=0 upd_ctr=4 opt_step=64 E=0.280 g=0.114 VarTD=0.131956 ret_end=-25.155 dbar_end=0.691 occ_end=0.168 CSR_train=0.000 done_count=125
[upd 40] u=0 upd_ctr=5 opt_step=80 E=0.358 g=0.125 VarTD=0.129434 ret_end=-25.050 dbar_end=0.663 occ_end=0.136 CSR_train=0.000 done_count=125
[upd 50] u=0 upd_ctr=6 opt_step=96 E=0.456 g=0.100 VarTD=0.168167 ret_end=-27.491 dbar_end=0.732 occ_end=0.144 CSR_train=0.000 done_count=125
[upd 60] u=0 upd_ctr=7 opt_step=112 E=0.554 g=0.122 VarTD=0.153518 ret_end=-25.823 dbar_end=0.669 occ_end=0.168 CSR_train=0.000 done_count=125
[upd 70] u=0 upd_ctr=8 opt_step=128 E=0.700 g=0.114 VarTD=0.147948 ret_end=-26.228 dbar_end=0.692 occ_end=0.176 CSR_train=0.000 done_count=125
[upd 80] u=0 upd_ctr=9 opt_step=144 E=0.872 g=0.125 VarTD=0.171863 ret_end=-25.688 dbar_end=0.662 occ_end=0.224 CSR_train=0.000 done_count=125
[upd 90] u=0 upd_ctr=11 opt_step=176 E=0.295 g=0.139 VarTD=0.181896 ret_end=-25.348 dbar_end=0.628 occ_end=0.264 CSR_train=0.000 done_count=125
[upd 100] u=0 upd_ctr=12 opt_step=192 E=0.597 g=0.143 VarTD=0.204281 ret_end=-25.141 dbar_end=0.619 occ_end=0.184 CSR_train=0.000 done_count=125
[upd 110] u=0 upd_ctr=13 opt_step=208 E=0.900 g=0.147 VarTD=0.231981 ret_end=-25.306 dbar_end=0.611 occ_end=0.232 CSR_train=0.000 done_count=125
[upd 120] u=0 upd_ctr=15 opt_step=240 E=0.396 g=0.140 VarTD=0.307128 ret_end=-25.993 dbar_end=0.627 occ_end=0.264 CSR_train=0.000 done_count=125
[Gate5 check] update_counter violations: t0=0 diffs=0
[Gate5 check] opt_step violations: t0=0 diffs=0 (expected_inc=16)
[Gate5 check] NaN masking: nan_on_skip=True finite_on_update=True
[Gate5 summary] mean_update_fraction=0.1200 final_executed_updates_mean=15.00
[Gate5 eval] done_count mean=100.0 CSR mean=0.0000 len_end_mean=26.00
[Gate5 eval] episodes_per_env=4 T_eval=104
[Gate5 eval-debug] locked_eps_occ=0.20 pre(step25): dbar_end=0.504193 occupied_end_mean=0.360000 max_tilde_end_mean=0.738596 CSR@locked=0.000000
[Gate5 eval-debug] locked_eps_occ=0.20 post(step26): dbar_end=0.504879 occupied_end_mean=0.330000 max_tilde_end_mean=0.744089 CSR@locked=0.000000
[Gate5 eval-debug] CSR_pre@0.10=0.0000 CSR_pre@0.15=0.0000 CSR_pre@0.20=0.0000 CSR_pre@0.25=0.0000 CSR_pre@0.30=0.0100
[Gate5 eval-debug] CSR_post@0.10=0.0000 CSR_post@0.15=0.0000 CSR_post@0.20=0.0000 CSR_post@0.25=0.0000 CSR_post@0.30=0.0100
