Importing submoduled environments...
Submoduled environments not found. Skipping import.
[upd 0] u=1 upd_ctr=1 opt_step=16 E=0.166 g=0.094 VarTD=0.156314 ret_end=-27.700 dbar_end=0.751 occ_end=0.180 CSR_train=0.010 done_count=100
[upd 10] u=0 upd_ctr=1 opt_step=16 E=0.839 g=0.106 VarTD=0.133782 ret_end=-25.939 dbar_end=0.713 occ_end=0.168 CSR_train=0.000 done_count=125
[upd 20] u=0 upd_ctr=2 opt_step=32 E=0.637 g=0.107 VarTD=0.141106 ret_end=-26.427 dbar_end=0.712 occ_end=0.208 CSR_train=0.000 done_count=125
[upd 30] u=0 upd_ctr=3 opt_step=48 E=0.443 g=0.109 VarTD=0.152229 ret_end=-27.027 dbar_end=0.707 occ_end=0.144 CSR_train=0.000 done_count=125
[upd 40] u=0 upd_ctr=4 opt_step=64 E=0.312 g=0.103 VarTD=0.141683 ret_end=-26.921 dbar_end=0.724 occ_end=0.160 CSR_train=0.000 done_count=125
[upd 50] u=0 upd_ctr=5 opt_step=80 E=0.194 g=0.121 VarTD=0.145396 ret_end=-26.158 dbar_end=0.674 occ_end=0.216 CSR_train=0.000 done_count=125
[upd 60] u=1 upd_ctr=6 opt_step=96 E=0.109 g=0.118 VarTD=0.141238 ret_end=-25.135 dbar_end=0.682 occ_end=0.192 CSR_train=0.000 done_count=125
[upd 70] u=0 upd_ctr=6 opt_step=96 E=0.945 g=0.127 VarTD=0.132224 ret_end=-25.033 dbar_end=0.658 occ_end=0.232 CSR_train=0.000 done_count=125
[upd 80] u=0 upd_ctr=7 opt_step=112 E=0.889 g=0.117 VarTD=0.154968 ret_end=-26.668 dbar_end=0.684 occ_end=0.160 CSR_train=0.000 done_count=125
[upd 90] u=0 upd_ctr=8 opt_step=128 E=0.831 g=0.111 VarTD=0.127338 ret_end=-25.485 dbar_end=0.700 occ_end=0.216 CSR_train=0.000 done_count=125
[upd 100] u=0 upd_ctr=9 opt_step=144 E=0.785 g=0.128 VarTD=0.141880 ret_end=-25.561 dbar_end=0.655 occ_end=0.240 CSR_train=0.000 done_count=125
[upd 110] u=0 upd_ctr=10 opt_step=160 E=0.781 g=0.147 VarTD=0.126200 ret_end=-23.829 dbar_end=0.611 occ_end=0.224 CSR_train=0.000 done_count=125
[upd 120] u=0 upd_ctr=11 opt_step=176 E=0.814 g=0.143 VarTD=0.174413 ret_end=-24.768 dbar_end=0.619 occ_end=0.296 CSR_train=0.000 done_count=125
[upd 130] u=0 upd_ctr=12 opt_step=192 E=0.869 g=0.134 VarTD=0.185044 ret_end=-25.342 dbar_end=0.641 occ_end=0.210 CSR_train=0.000 done_count=100
[upd 140] u=0 upd_ctr=13 opt_step=208 E=0.908 g=0.131 VarTD=0.238608 ret_end=-26.104 dbar_end=0.646 occ_end=0.208 CSR_train=0.000 done_count=125
[upd 150] u=1 upd_ctr=15 opt_step=240 E=0.109 g=0.134 VarTD=0.254375 ret_end=-25.328 dbar_end=0.641 occ_end=0.224 CSR_train=0.000 done_count=125
[upd 160] u=0 upd_ctr=16 opt_step=256 E=0.222 g=0.159 VarTD=0.345018 ret_end=-24.173 dbar_end=0.586 occ_end=0.296 CSR_train=0.000 done_count=125
[upd 170] u=0 upd_ctr=17 opt_step=272 E=0.388 g=0.147 VarTD=0.403225 ret_end=-24.807 dbar_end=0.611 occ_end=0.256 CSR_train=0.000 done_count=125
[upd 180] u=0 upd_ctr=18 opt_step=288 E=0.554 g=0.159 VarTD=0.495207 ret_end=-25.310 dbar_end=0.585 occ_end=0.336 CSR_train=0.000 done_count=125
[upd 190] u=0 upd_ctr=19 opt_step=304 E=0.712 g=0.146 VarTD=0.572422 ret_end=-25.277 dbar_end=0.613 occ_end=0.256 CSR_train=0.000 done_count=125
[upd 200] u=0 upd_ctr=20 opt_step=320 E=0.883 g=0.156 VarTD=0.669638 ret_end=-24.892 dbar_end=0.593 occ_end=0.240 CSR_train=0.000 done_count=125
[upd 210] u=1 upd_ctr=22 opt_step=352 E=0.151 g=0.154 VarTD=0.761509 ret_end=-24.902 dbar_end=0.596 occ_end=0.192 CSR_train=0.000 done_count=125
[upd 220] u=0 upd_ctr=23 opt_step=368 E=0.333 g=0.152 VarTD=0.992291 ret_end=-24.496 dbar_end=0.600 occ_end=0.328 CSR_train=0.000 done_count=125
[upd 230] u=0 upd_ctr=24 opt_step=384 E=0.529 g=0.159 VarTD=1.092002 ret_end=-24.091 dbar_end=0.586 occ_end=0.224 CSR_train=0.000 done_count=125
[upd 240] u=0 upd_ctr=25 opt_step=400 E=0.714 g=0.173 VarTD=1.257082 ret_end=-23.660 dbar_end=0.559 occ_end=0.296 CSR_train=0.000 done_count=125
[upd 250] u=0 upd_ctr=26 opt_step=416 E=0.895 g=0.150 VarTD=1.341131 ret_end=-24.669 dbar_end=0.604 occ_end=0.240 CSR_train=0.000 done_count=125
[upd 260] u=1 upd_ctr=28 opt_step=448 E=0.195 g=0.164 VarTD=1.272116 ret_end=-24.342 dbar_end=0.575 occ_end=0.260 CSR_train=0.000 done_count=100
[upd 270] u=0 upd_ctr=29 opt_step=464 E=0.398 g=0.167 VarTD=1.775059 ret_end=-23.781 dbar_end=0.570 occ_end=0.328 CSR_train=0.000 done_count=125
[upd 280] u=0 upd_ctr=30 opt_step=480 E=0.606 g=0.140 VarTD=1.915988 ret_end=-25.203 dbar_end=0.627 occ_end=0.256 CSR_train=0.000 done_count=125
[upd 290] u=0 upd_ctr=31 opt_step=496 E=0.830 g=0.156 VarTD=2.123102 ret_end=-24.165 dbar_end=0.591 occ_end=0.256 CSR_train=0.000 done_count=125
[upd 300] u=1 upd_ctr=33 opt_step=528 E=0.162 g=0.165 VarTD=2.255170 ret_end=-24.853 dbar_end=0.573 occ_end=0.264 CSR_train=0.000 done_count=125
[upd 310] u=0 upd_ctr=34 opt_step=544 E=0.393 g=0.162 VarTD=2.514896 ret_end=-23.569 dbar_end=0.579 occ_end=0.200 CSR_train=0.000 done_count=125
[Gate5 check] update_counter violations: t0=0 diffs=0
[Gate5 check] opt_step violations: t0=0 diffs=0 (expected_inc=16)
[Gate5 check] NaN masking: nan_on_skip=True finite_on_update=True
[Gate5 summary] mean_update_fraction=0.1090 final_executed_updates_mean=34.00
[Gate5 eval] done_count mean=100.0 CSR mean=0.0000 len_end_mean=26.00
[Gate5 eval] episodes_per_env=4 T_eval=104
[Gate5 eval-debug] locked_eps_occ=0.20 pre(step25): dbar_end=0.528246 occupied_end_mean=0.340000 max_tilde_end_mean=0.757643 CSR@locked=0.000000
[Gate5 eval-debug] locked_eps_occ=0.20 post(step26): dbar_end=0.526260 occupied_end_mean=0.280000 max_tilde_end_mean=0.755923 CSR@locked=0.000000
[Gate5 eval-debug] CSR_pre@0.10=0.0000 CSR_pre@0.15=0.0000 CSR_pre@0.20=0.0000 CSR_pre@0.25=0.0200 CSR_pre@0.30=0.0500
[Gate5 eval-debug] CSR_post@0.10=0.0000 CSR_post@0.15=0.0000 CSR_post@0.20=0.0000 CSR_post@0.25=0.0000 CSR_post@0.30=0.0300
