Importing submoduled environments...
Submoduled environments not found. Skipping import.
[upd 0] u=1 upd_ctr=1 opt_step=16 E=0.159 g=0.084 VarTD=0.159484 ret_end=-27.958 dbar_end=0.788 occ_end=0.180 CSR_train=0.000 done_count=100
[upd 10] u=0 upd_ctr=1 opt_step=16 E=0.809 g=0.095 VarTD=0.154696 ret_end=-26.642 dbar_end=0.751 occ_end=0.136 CSR_train=0.000 done_count=125
[upd 20] u=0 upd_ctr=2 opt_step=32 E=0.586 g=0.102 VarTD=0.125750 ret_end=-26.188 dbar_end=0.728 occ_end=0.200 CSR_train=0.000 done_count=125
[upd 30] u=0 upd_ctr=3 opt_step=48 E=0.376 g=0.101 VarTD=0.162997 ret_end=-26.764 dbar_end=0.730 occ_end=0.136 CSR_train=0.000 done_count=125
[upd 40] u=0 upd_ctr=4 opt_step=64 E=0.196 g=0.107 VarTD=0.147054 ret_end=-26.964 dbar_end=0.711 occ_end=0.264 CSR_train=0.000 done_count=125
[upd 50] u=1 upd_ctr=5 opt_step=80 E=0.086 g=0.110 VarTD=0.131513 ret_end=-26.497 dbar_end=0.704 occ_end=0.128 CSR_train=0.000 done_count=125
[upd 60] u=0 upd_ctr=5 opt_step=80 E=0.878 g=0.111 VarTD=0.130701 ret_end=-26.847 dbar_end=0.700 occ_end=0.152 CSR_train=0.000 done_count=125
[upd 70] u=0 upd_ctr=6 opt_step=96 E=0.765 g=0.109 VarTD=0.166487 ret_end=-26.939 dbar_end=0.706 occ_end=0.160 CSR_train=0.000 done_count=125
[upd 80] u=0 upd_ctr=7 opt_step=112 E=0.710 g=0.124 VarTD=0.126767 ret_end=-25.127 dbar_end=0.665 occ_end=0.176 CSR_train=0.000 done_count=125
[upd 90] u=0 upd_ctr=8 opt_step=128 E=0.658 g=0.122 VarTD=0.132492 ret_end=-25.940 dbar_end=0.670 occ_end=0.184 CSR_train=0.000 done_count=125
[upd 100] u=0 upd_ctr=9 opt_step=144 E=0.614 g=0.135 VarTD=0.128526 ret_end=-24.725 dbar_end=0.638 occ_end=0.240 CSR_train=0.000 done_count=125
[upd 110] u=0 upd_ctr=10 opt_step=160 E=0.597 g=0.149 VarTD=0.149625 ret_end=-24.542 dbar_end=0.607 occ_end=0.256 CSR_train=0.000 done_count=125
[upd 120] u=0 upd_ctr=11 opt_step=176 E=0.578 g=0.136 VarTD=0.168242 ret_end=-24.815 dbar_end=0.635 occ_end=0.144 CSR_train=0.000 done_count=125
[upd 130] u=0 upd_ctr=12 opt_step=192 E=0.656 g=0.142 VarTD=0.170740 ret_end=-25.237 dbar_end=0.621 occ_end=0.240 CSR_train=0.000 done_count=100
[upd 140] u=0 upd_ctr=13 opt_step=208 E=0.736 g=0.144 VarTD=0.211531 ret_end=-24.639 dbar_end=0.617 occ_end=0.216 CSR_train=0.000 done_count=125
[upd 150] u=0 upd_ctr=14 opt_step=224 E=0.855 g=0.143 VarTD=0.276537 ret_end=-24.903 dbar_end=0.620 occ_end=0.304 CSR_train=0.008 done_count=125
[upd 160] u=0 upd_ctr=15 opt_step=240 E=0.996 g=0.147 VarTD=0.281553 ret_end=-23.512 dbar_end=0.610 occ_end=0.224 CSR_train=0.000 done_count=125
[upd 170] u=0 upd_ctr=17 opt_step=272 E=0.225 g=0.143 VarTD=0.397793 ret_end=-24.926 dbar_end=0.619 occ_end=0.272 CSR_train=0.008 done_count=125
[upd 180] u=0 upd_ctr=18 opt_step=288 E=0.368 g=0.149 VarTD=0.466933 ret_end=-24.131 dbar_end=0.607 occ_end=0.200 CSR_train=0.000 done_count=125
[upd 190] u=0 upd_ctr=19 opt_step=304 E=0.506 g=0.150 VarTD=0.560785 ret_end=-24.839 dbar_end=0.603 occ_end=0.224 CSR_train=0.008 done_count=125
[upd 200] u=0 upd_ctr=20 opt_step=320 E=0.670 g=0.154 VarTD=0.628532 ret_end=-23.605 dbar_end=0.595 occ_end=0.280 CSR_train=0.000 done_count=125
[upd 210] u=0 upd_ctr=21 opt_step=336 E=0.839 g=0.151 VarTD=0.712648 ret_end=-24.480 dbar_end=0.602 occ_end=0.256 CSR_train=0.000 done_count=125
[upd 220] u=1 upd_ctr=23 opt_step=368 E=0.127 g=0.167 VarTD=0.795147 ret_end=-23.074 dbar_end=0.571 occ_end=0.280 CSR_train=0.000 done_count=125
[upd 230] u=0 upd_ctr=24 opt_step=384 E=0.263 g=0.145 VarTD=1.079153 ret_end=-25.175 dbar_end=0.615 occ_end=0.248 CSR_train=0.000 done_count=125
[upd 240] u=0 upd_ctr=25 opt_step=400 E=0.473 g=0.161 VarTD=1.159874 ret_end=-24.451 dbar_end=0.581 occ_end=0.320 CSR_train=0.008 done_count=125
[upd 250] u=0 upd_ctr=26 opt_step=416 E=0.614 g=0.148 VarTD=1.274148 ret_end=-24.844 dbar_end=0.608 occ_end=0.304 CSR_train=0.000 done_count=125
[upd 260] u=0 upd_ctr=27 opt_step=432 E=0.814 g=0.136 VarTD=1.124498 ret_end=-25.604 dbar_end=0.634 occ_end=0.300 CSR_train=0.000 done_count=100
[upd 270] u=0 upd_ctr=28 opt_step=448 E=0.981 g=0.166 VarTD=1.527086 ret_end=-23.506 dbar_end=0.572 occ_end=0.296 CSR_train=0.000 done_count=125
[upd 280] u=0 upd_ctr=30 opt_step=480 E=0.276 g=0.156 VarTD=1.892123 ret_end=-24.245 dbar_end=0.592 occ_end=0.184 CSR_train=0.000 done_count=125
[upd 290] u=0 upd_ctr=31 opt_step=496 E=0.488 g=0.162 VarTD=2.010267 ret_end=-24.449 dbar_end=0.580 occ_end=0.232 CSR_train=0.000 done_count=125
[upd 300] u=0 upd_ctr=32 opt_step=512 E=0.703 g=0.159 VarTD=2.175803 ret_end=-24.268 dbar_end=0.586 occ_end=0.224 CSR_train=0.000 done_count=125
[upd 310] u=0 upd_ctr=33 opt_step=528 E=0.932 g=0.159 VarTD=2.339059 ret_end=-24.433 dbar_end=0.585 occ_end=0.280 CSR_train=0.000 done_count=125
[Gate5 check] update_counter violations: t0=0 diffs=0
[Gate5 check] opt_step violations: t0=0 diffs=0 (expected_inc=16)
[Gate5 check] NaN masking: nan_on_skip=True finite_on_update=True
[Gate5 summary] mean_update_fraction=0.1090 final_executed_updates_mean=34.00
[Gate5 eval] done_count mean=100.0 CSR mean=0.0000 len_end_mean=26.00
[Gate5 eval] episodes_per_env=4 T_eval=104
[Gate5 eval-debug] locked_eps_occ=0.20 pre(step25): dbar_end=0.495534 occupied_end_mean=0.360000 max_tilde_end_mean=0.701510 CSR@locked=0.000000
[Gate5 eval-debug] locked_eps_occ=0.20 post(step26): dbar_end=0.498502 occupied_end_mean=0.390000 max_tilde_end_mean=0.708564 CSR@locked=0.000000
[Gate5 eval-debug] CSR_pre@0.10=0.0000 CSR_pre@0.15=0.0000 CSR_pre@0.20=0.0000 CSR_pre@0.25=0.0000 CSR_pre@0.30=0.0000
[Gate5 eval-debug] CSR_post@0.10=0.0000 CSR_post@0.15=0.0000 CSR_post@0.20=0.0000 CSR_post@0.25=0.0000 CSR_post@0.30=0.0000
