Importing submoduled environments...
Submoduled environments not found. Skipping import.
[upd 0] u=1 upd_ctr=1 opt_step=16 E=0.092 g=0.092 VarTD=0.136051 ret_end=-27.009 dbar_end=0.762 occ_end=0.140 CSR_train=0.000 done_count=100
[upd 10] u=0 upd_ctr=1 opt_step=16 E=1.000 g=0.088 VarTD=0.157825 ret_end=-27.556 dbar_end=0.774 occ_end=0.128 CSR_train=0.000 done_count=125
[upd 20] u=0 upd_ctr=2 opt_step=32 E=0.991 g=0.097 VarTD=0.140360 ret_end=-27.070 dbar_end=0.744 occ_end=0.112 CSR_train=0.000 done_count=125
[upd 30] u=0 upd_ctr=3 opt_step=48 E=0.913 g=0.103 VarTD=0.165705 ret_end=-27.236 dbar_end=0.723 occ_end=0.144 CSR_train=0.000 done_count=125
[upd 40] u=0 upd_ctr=4 opt_step=64 E=0.892 g=0.101 VarTD=0.151158 ret_end=-26.146 dbar_end=0.729 occ_end=0.160 CSR_train=0.000 done_count=125
[upd 50] u=0 upd_ctr=5 opt_step=80 E=0.963 g=0.105 VarTD=0.135860 ret_end=-25.882 dbar_end=0.717 occ_end=0.176 CSR_train=0.000 done_count=125
[upd 60] u=0 upd_ctr=6 opt_step=96 E=1.000 g=0.114 VarTD=0.134646 ret_end=-26.429 dbar_end=0.690 occ_end=0.216 CSR_train=0.000 done_count=125
[upd 70] u=1 upd_ctr=8 opt_step=128 E=0.117 g=0.117 VarTD=0.156479 ret_end=-25.718 dbar_end=0.683 occ_end=0.264 CSR_train=0.000 done_count=125
[upd 80] u=0 upd_ctr=9 opt_step=144 E=0.246 g=0.125 VarTD=0.123306 ret_end=-25.292 dbar_end=0.661 occ_end=0.184 CSR_train=0.000 done_count=125
[upd 90] u=0 upd_ctr=10 opt_step=160 E=0.376 g=0.128 VarTD=0.147112 ret_end=-25.726 dbar_end=0.654 occ_end=0.208 CSR_train=0.000 done_count=125
[upd 100] u=0 upd_ctr=11 opt_step=176 E=0.489 g=0.128 VarTD=0.160421 ret_end=-25.724 dbar_end=0.655 occ_end=0.272 CSR_train=0.000 done_count=125
[upd 110] u=0 upd_ctr=12 opt_step=192 E=0.671 g=0.136 VarTD=0.166974 ret_end=-24.682 dbar_end=0.635 occ_end=0.296 CSR_train=0.000 done_count=125
[upd 120] u=0 upd_ctr=13 opt_step=208 E=0.917 g=0.144 VarTD=0.202797 ret_end=-25.613 dbar_end=0.617 occ_end=0.200 CSR_train=0.000 done_count=125
[Gate5 check] update_counter violations: t0=0 diffs=0
[Gate5 check] opt_step violations: t0=0 diffs=0 (expected_inc=16)
[Gate5 check] NaN masking: nan_on_skip=True finite_on_update=True
[Gate5 summary] mean_update_fraction=0.1120 final_executed_updates_mean=14.00
[Gate5 eval] done_count mean=100.0 CSR mean=0.0000 len_end_mean=26.00
[Gate5 eval] episodes_per_env=4 T_eval=104
[Gate5 eval-debug] locked_eps_occ=0.20 pre(step25): dbar_end=0.547155 occupied_end_mean=0.270000 max_tilde_end_mean=0.815572 CSR@locked=0.000000
[Gate5 eval-debug] locked_eps_occ=0.20 post(step26): dbar_end=0.548530 occupied_end_mean=0.260000 max_tilde_end_mean=0.819071 CSR@locked=0.000000
[Gate5 eval-debug] CSR_pre@0.10=0.0000 CSR_pre@0.15=0.0000 CSR_pre@0.20=0.0000 CSR_pre@0.25=0.0000 CSR_pre@0.30=0.0100
[Gate5 eval-debug] CSR_post@0.10=0.0000 CSR_post@0.15=0.0000 CSR_post@0.20=0.0000 CSR_post@0.25=0.0000 CSR_post@0.30=0.0200
