Importing submoduled environments...
Submoduled environments not found. Skipping import.
[upd 0] u=1 upd_ctr=1 opt_step=16 E=0.053 g=0.105 VarTD=0.153100 ret_end=-26.906 dbar_end=0.718 occ_end=0.160 CSR_train=0.000 done_count=100
[upd 10] u=0 upd_ctr=1 opt_step=16 E=0.518 g=0.079 VarTD=0.158451 ret_end=-28.492 dbar_end=0.807 occ_end=0.088 CSR_train=0.000 done_count=125
[upd 20] u=0 upd_ctr=1 opt_step=16 E=0.992 g=0.100 VarTD=0.134152 ret_end=-26.725 dbar_end=0.733 occ_end=0.192 CSR_train=0.000 done_count=125
[upd 30] u=0 upd_ctr=2 opt_step=32 E=0.437 g=0.098 VarTD=0.154274 ret_end=-27.391 dbar_end=0.739 occ_end=0.160 CSR_train=0.000 done_count=125
[upd 40] u=0 upd_ctr=2 opt_step=32 E=0.935 g=0.090 VarTD=0.141507 ret_end=-28.336 dbar_end=0.766 occ_end=0.152 CSR_train=0.000 done_count=125
[upd 50] u=0 upd_ctr=3 opt_step=48 E=0.412 g=0.095 VarTD=0.136145 ret_end=-27.868 dbar_end=0.750 occ_end=0.168 CSR_train=0.000 done_count=125
[upd 60] u=0 upd_ctr=3 opt_step=48 E=0.927 g=0.100 VarTD=0.138804 ret_end=-26.895 dbar_end=0.732 occ_end=0.160 CSR_train=0.000 done_count=125
[upd 70] u=0 upd_ctr=4 opt_step=64 E=0.446 g=0.124 VarTD=0.122730 ret_end=-25.542 dbar_end=0.666 occ_end=0.232 CSR_train=0.000 done_count=125
[upd 80] u=0 upd_ctr=4 opt_step=64 E=0.990 g=0.121 VarTD=0.099898 ret_end=-25.003 dbar_end=0.672 occ_end=0.200 CSR_train=0.008 done_count=125
[upd 90] u=0 upd_ctr=5 opt_step=80 E=0.499 g=0.113 VarTD=0.134807 ret_end=-25.639 dbar_end=0.695 occ_end=0.240 CSR_train=0.000 done_count=125
[upd 100] u=1 upd_ctr=6 opt_step=96 E=0.056 g=0.112 VarTD=0.131125 ret_end=-26.476 dbar_end=0.698 occ_end=0.128 CSR_train=0.000 done_count=125
[upd 110] u=0 upd_ctr=6 opt_step=96 E=0.642 g=0.119 VarTD=0.139376 ret_end=-25.749 dbar_end=0.679 occ_end=0.168 CSR_train=0.000 done_count=125
[upd 120] u=0 upd_ctr=7 opt_step=112 E=0.179 g=0.112 VarTD=0.144433 ret_end=-26.962 dbar_end=0.697 occ_end=0.168 CSR_train=0.000 done_count=125
[upd 130] u=0 upd_ctr=7 opt_step=112 E=0.772 g=0.118 VarTD=0.142908 ret_end=-25.472 dbar_end=0.682 occ_end=0.140 CSR_train=0.000 done_count=100
[upd 140] u=0 upd_ctr=8 opt_step=128 E=0.361 g=0.131 VarTD=0.157373 ret_end=-25.627 dbar_end=0.647 occ_end=0.256 CSR_train=0.000 done_count=125
[upd 150] u=0 upd_ctr=8 opt_step=128 E=0.972 g=0.119 VarTD=0.183355 ret_end=-26.029 dbar_end=0.677 occ_end=0.176 CSR_train=0.000 done_count=125
[upd 160] u=0 upd_ctr=9 opt_step=144 E=0.568 g=0.129 VarTD=0.146201 ret_end=-25.306 dbar_end=0.653 occ_end=0.232 CSR_train=0.000 done_count=125
[upd 170] u=0 upd_ctr=10 opt_step=160 E=0.124 g=0.128 VarTD=0.157383 ret_end=-25.581 dbar_end=0.654 occ_end=0.240 CSR_train=0.000 done_count=125
[upd 180] u=0 upd_ctr=10 opt_step=160 E=0.751 g=0.140 VarTD=0.162676 ret_end=-24.921 dbar_end=0.627 occ_end=0.224 CSR_train=0.000 done_count=125
[upd 190] u=0 upd_ctr=11 opt_step=176 E=0.375 g=0.132 VarTD=0.198085 ret_end=-25.786 dbar_end=0.645 occ_end=0.232 CSR_train=0.000 done_count=125
[upd 200] u=0 upd_ctr=11 opt_step=176 E=1.000 g=0.127 VarTD=0.196364 ret_end=-25.894 dbar_end=0.658 occ_end=0.200 CSR_train=0.000 done_count=125
[upd 210] u=0 upd_ctr=12 opt_step=192 E=0.644 g=0.125 VarTD=0.181272 ret_end=-25.411 dbar_end=0.662 occ_end=0.248 CSR_train=0.000 done_count=125
[upd 220] u=0 upd_ctr=13 opt_step=208 E=0.259 g=0.139 VarTD=0.225709 ret_end=-25.629 dbar_end=0.627 occ_end=0.272 CSR_train=0.000 done_count=125
[upd 230] u=0 upd_ctr=13 opt_step=208 E=0.916 g=0.129 VarTD=0.211585 ret_end=-25.256 dbar_end=0.652 occ_end=0.168 CSR_train=0.000 done_count=125
[upd 240] u=0 upd_ctr=14 opt_step=224 E=0.522 g=0.124 VarTD=0.250535 ret_end=-25.594 dbar_end=0.665 occ_end=0.192 CSR_train=0.000 done_count=125
[upd 250] u=0 upd_ctr=15 opt_step=240 E=0.136 g=0.138 VarTD=0.289002 ret_end=-24.531 dbar_end=0.632 occ_end=0.208 CSR_train=0.000 done_count=125
[upd 260] u=0 upd_ctr=15 opt_step=240 E=0.820 g=0.143 VarTD=0.278551 ret_end=-24.658 dbar_end=0.618 occ_end=0.240 CSR_train=0.000 done_count=100
[upd 270] u=0 upd_ctr=16 opt_step=256 E=0.483 g=0.131 VarTD=0.339166 ret_end=-25.675 dbar_end=0.649 occ_end=0.192 CSR_train=0.000 done_count=125
[upd 280] u=0 upd_ctr=17 opt_step=272 E=0.142 g=0.147 VarTD=0.448954 ret_end=-25.502 dbar_end=0.611 occ_end=0.280 CSR_train=0.000 done_count=125
[upd 290] u=0 upd_ctr=17 opt_step=272 E=0.843 g=0.141 VarTD=0.419290 ret_end=-24.764 dbar_end=0.623 occ_end=0.256 CSR_train=0.000 done_count=125
[upd 300] u=0 upd_ctr=18 opt_step=288 E=0.513 g=0.152 VarTD=0.494375 ret_end=-24.458 dbar_end=0.599 occ_end=0.264 CSR_train=0.000 done_count=125
[upd 310] u=0 upd_ctr=19 opt_step=304 E=0.235 g=0.165 VarTD=0.592731 ret_end=-24.458 dbar_end=0.574 occ_end=0.264 CSR_train=0.000 done_count=125
[Gate5 check] update_counter violations: t0=0 diffs=0
[Gate5 check] opt_step violations: t0=0 diffs=0 (expected_inc=16)
[Gate5 check] NaN masking: nan_on_skip=True finite_on_update=True
[Gate5 summary] mean_update_fraction=0.0609 final_executed_updates_mean=19.00
[Gate5 eval] done_count mean=100.0 CSR mean=0.0200 len_end_mean=26.00
[Gate5 eval] episodes_per_env=4 T_eval=104
[Gate5 eval-debug] locked_eps_occ=0.20 pre(step25): dbar_end=0.501948 occupied_end_mean=0.310000 max_tilde_end_mean=0.729007 CSR@locked=0.010000
[Gate5 eval-debug] locked_eps_occ=0.20 post(step26): dbar_end=0.496619 occupied_end_mean=0.420000 max_tilde_end_mean=0.725177 CSR@locked=0.020000
[Gate5 eval-debug] CSR_pre@0.10=0.0000 CSR_pre@0.15=0.0100 CSR_pre@0.20=0.0100 CSR_pre@0.25=0.0100 CSR_pre@0.30=0.0300
[Gate5 eval-debug] CSR_post@0.10=0.0100 CSR_post@0.15=0.0100 CSR_post@0.20=0.0200 CSR_post@0.25=0.0400 CSR_post@0.30=0.0400
