Importing submoduled environments...
Submoduled environments not found. Skipping import.
[upd 0] u=1 upd_ctr=1 opt_step=16 E=0.061 g=0.087 VarTD=0.161819 ret_end=-28.699 dbar_end=0.778 occ_end=0.120 CSR_train=0.000 done_count=100
[upd 10] u=0 upd_ctr=1 opt_step=16 E=0.679 g=0.081 VarTD=0.173819 ret_end=-28.772 dbar_end=0.801 occ_end=0.160 CSR_train=0.000 done_count=125
[upd 20] u=0 upd_ctr=2 opt_step=32 E=0.265 g=0.091 VarTD=0.131347 ret_end=-26.817 dbar_end=0.763 occ_end=0.152 CSR_train=0.000 done_count=125
[upd 30] u=0 upd_ctr=2 opt_step=32 E=0.929 g=0.117 VarTD=0.135840 ret_end=-25.714 dbar_end=0.685 occ_end=0.224 CSR_train=0.000 done_count=125
[upd 40] u=0 upd_ctr=3 opt_step=48 E=0.577 g=0.099 VarTD=0.130168 ret_end=-26.591 dbar_end=0.738 occ_end=0.160 CSR_train=0.000 done_count=125
[upd 50] u=0 upd_ctr=4 opt_step=64 E=0.297 g=0.099 VarTD=0.157895 ret_end=-27.281 dbar_end=0.735 occ_end=0.200 CSR_train=0.000 done_count=125
[upd 60] u=0 upd_ctr=4 opt_step=64 E=1.000 g=0.097 VarTD=0.174125 ret_end=-27.480 dbar_end=0.743 occ_end=0.144 CSR_train=0.000 done_count=125
[upd 70] u=0 upd_ctr=5 opt_step=80 E=0.815 g=0.125 VarTD=0.129713 ret_end=-25.684 dbar_end=0.663 occ_end=0.200 CSR_train=0.000 done_count=125
[upd 80] u=0 upd_ctr=6 opt_step=96 E=0.588 g=0.106 VarTD=0.146756 ret_end=-27.529 dbar_end=0.716 occ_end=0.208 CSR_train=0.000 done_count=125
[upd 90] u=0 upd_ctr=7 opt_step=112 E=0.421 g=0.103 VarTD=0.201388 ret_end=-27.121 dbar_end=0.724 occ_end=0.176 CSR_train=0.000 done_count=125
[upd 100] u=0 upd_ctr=8 opt_step=128 E=0.251 g=0.119 VarTD=0.155075 ret_end=-26.003 dbar_end=0.679 occ_end=0.184 CSR_train=0.000 done_count=125
[upd 110] u=0 upd_ctr=9 opt_step=144 E=0.179 g=0.120 VarTD=0.176160 ret_end=-26.195 dbar_end=0.674 occ_end=0.192 CSR_train=0.000 done_count=125
[upd 120] u=1 upd_ctr=10 opt_step=160 E=0.096 g=0.137 VarTD=0.124796 ret_end=-24.688 dbar_end=0.634 occ_end=0.176 CSR_train=0.000 done_count=125
[Gate5 check] update_counter violations: t0=0 diffs=0
[Gate5 check] opt_step violations: t0=0 diffs=0 (expected_inc=16)
[Gate5 check] NaN masking: nan_on_skip=True finite_on_update=True
[Gate5 summary] mean_update_fraction=0.0800 final_executed_updates_mean=10.00
[Gate5 eval] done_count mean=100.0 CSR mean=0.0000 len_end_mean=26.00
[Gate5 eval] episodes_per_env=4 T_eval=104
[Gate5 eval-debug] locked_eps_occ=0.20 pre(step25): dbar_end=0.517126 occupied_end_mean=0.390000 max_tilde_end_mean=0.776349 CSR@locked=0.010000
[Gate5 eval-debug] locked_eps_occ=0.20 post(step26): dbar_end=0.520089 occupied_end_mean=0.320000 max_tilde_end_mean=0.760759 CSR@locked=0.000000
[Gate5 eval-debug] CSR_pre@0.10=0.0000 CSR_pre@0.15=0.0000 CSR_pre@0.20=0.0100 CSR_pre@0.25=0.0100 CSR_pre@0.30=0.0200
[Gate5 eval-debug] CSR_post@0.10=0.0000 CSR_post@0.15=0.0000 CSR_post@0.20=0.0000 CSR_post@0.25=0.0200 CSR_post@0.30=0.0300
