Importing submoduled environments...
Submoduled environments not found. Skipping import.
[upd 0] u=1 upd_ctr=1 opt_step=16 E=0.143 g=0.086 VarTD=0.176520 ret_end=-28.138 dbar_end=0.781 occ_end=0.160 CSR_train=0.000 done_count=100
[upd 10] u=0 upd_ctr=1 opt_step=16 E=0.602 g=0.084 VarTD=0.149911 ret_end=-27.579 dbar_end=0.789 occ_end=0.128 CSR_train=0.000 done_count=125
[upd 20] u=0 upd_ctr=2 opt_step=32 E=0.183 g=0.109 VarTD=0.151242 ret_end=-26.973 dbar_end=0.707 occ_end=0.168 CSR_train=0.000 done_count=125
[upd 30] u=0 upd_ctr=2 opt_step=32 E=0.681 g=0.094 VarTD=0.150270 ret_end=-26.348 dbar_end=0.753 occ_end=0.120 CSR_train=0.000 done_count=125
[upd 40] u=0 upd_ctr=3 opt_step=48 E=0.264 g=0.102 VarTD=0.147304 ret_end=-26.485 dbar_end=0.727 occ_end=0.120 CSR_train=0.000 done_count=125
[upd 50] u=0 upd_ctr=3 opt_step=48 E=0.792 g=0.104 VarTD=0.162909 ret_end=-26.735 dbar_end=0.721 occ_end=0.200 CSR_train=0.000 done_count=125
[upd 60] u=0 upd_ctr=4 opt_step=64 E=0.404 g=0.102 VarTD=0.150906 ret_end=-26.716 dbar_end=0.727 occ_end=0.200 CSR_train=0.000 done_count=125
[upd 70] u=0 upd_ctr=4 opt_step=64 E=0.902 g=0.100 VarTD=0.153016 ret_end=-26.962 dbar_end=0.733 occ_end=0.168 CSR_train=0.000 done_count=125
[upd 80] u=0 upd_ctr=5 opt_step=80 E=0.547 g=0.121 VarTD=0.161509 ret_end=-25.642 dbar_end=0.672 occ_end=0.224 CSR_train=0.000 done_count=125
[upd 90] u=0 upd_ctr=6 opt_step=96 E=0.191 g=0.113 VarTD=0.167340 ret_end=-26.381 dbar_end=0.695 occ_end=0.176 CSR_train=0.000 done_count=125
[upd 100] u=0 upd_ctr=6 opt_step=96 E=0.770 g=0.098 VarTD=0.164787 ret_end=-26.629 dbar_end=0.740 occ_end=0.200 CSR_train=0.000 done_count=125
[upd 110] u=0 upd_ctr=7 opt_step=112 E=0.435 g=0.121 VarTD=0.142348 ret_end=-25.650 dbar_end=0.672 occ_end=0.176 CSR_train=0.000 done_count=125
[upd 120] u=0 upd_ctr=8 opt_step=128 E=0.134 g=0.126 VarTD=0.157296 ret_end=-26.025 dbar_end=0.659 occ_end=0.216 CSR_train=0.000 done_count=125
[upd 130] u=0 upd_ctr=8 opt_step=128 E=0.721 g=0.122 VarTD=0.142867 ret_end=-25.175 dbar_end=0.670 occ_end=0.200 CSR_train=0.000 done_count=100
[upd 140] u=0 upd_ctr=9 opt_step=144 E=0.450 g=0.119 VarTD=0.151918 ret_end=-27.139 dbar_end=0.679 occ_end=0.192 CSR_train=0.000 done_count=125
[upd 150] u=0 upd_ctr=10 opt_step=160 E=0.177 g=0.139 VarTD=0.169440 ret_end=-25.665 dbar_end=0.629 occ_end=0.232 CSR_train=0.000 done_count=125
[upd 160] u=0 upd_ctr=10 opt_step=160 E=0.838 g=0.125 VarTD=0.163989 ret_end=-25.694 dbar_end=0.663 occ_end=0.200 CSR_train=0.000 done_count=125
[upd 170] u=0 upd_ctr=11 opt_step=176 E=0.601 g=0.133 VarTD=0.153044 ret_end=-25.318 dbar_end=0.642 occ_end=0.184 CSR_train=0.000 done_count=125
[upd 180] u=0 upd_ctr=12 opt_step=192 E=0.382 g=0.146 VarTD=0.168203 ret_end=-24.779 dbar_end=0.613 occ_end=0.288 CSR_train=0.000 done_count=125
[upd 190] u=0 upd_ctr=13 opt_step=208 E=0.141 g=0.130 VarTD=0.199097 ret_end=-25.806 dbar_end=0.649 occ_end=0.208 CSR_train=0.000 done_count=125
[upd 200] u=0 upd_ctr=13 opt_step=208 E=0.848 g=0.145 VarTD=0.214257 ret_end=-25.690 dbar_end=0.614 occ_end=0.240 CSR_train=0.000 done_count=125
[upd 210] u=0 upd_ctr=14 opt_step=224 E=0.647 g=0.149 VarTD=0.236038 ret_end=-24.440 dbar_end=0.606 occ_end=0.232 CSR_train=0.000 done_count=125
[upd 220] u=0 upd_ctr=15 opt_step=240 E=0.419 g=0.128 VarTD=0.266008 ret_end=-25.291 dbar_end=0.656 occ_end=0.272 CSR_train=0.008 done_count=125
[upd 230] u=0 upd_ctr=16 opt_step=256 E=0.227 g=0.149 VarTD=0.298047 ret_end=-24.364 dbar_end=0.606 occ_end=0.280 CSR_train=0.000 done_count=125
[upd 240] u=0 upd_ctr=16 opt_step=256 E=0.950 g=0.149 VarTD=0.287187 ret_end=-24.762 dbar_end=0.607 occ_end=0.328 CSR_train=0.000 done_count=125
[upd 250] u=0 upd_ctr=17 opt_step=272 E=0.763 g=0.144 VarTD=0.379326 ret_end=-25.521 dbar_end=0.616 occ_end=0.232 CSR_train=0.000 done_count=125
[upd 260] u=0 upd_ctr=18 opt_step=288 E=0.594 g=0.146 VarTD=0.374943 ret_end=-25.333 dbar_end=0.614 occ_end=0.240 CSR_train=0.000 done_count=100
[upd 270] u=0 upd_ctr=19 opt_step=304 E=0.398 g=0.141 VarTD=0.523028 ret_end=-25.000 dbar_end=0.624 occ_end=0.232 CSR_train=0.000 done_count=125
[upd 280] u=0 upd_ctr=20 opt_step=320 E=0.229 g=0.151 VarTD=0.569011 ret_end=-24.118 dbar_end=0.602 occ_end=0.216 CSR_train=0.000 done_count=125
[upd 290] u=0 upd_ctr=20 opt_step=320 E=0.960 g=0.137 VarTD=0.565300 ret_end=-25.188 dbar_end=0.634 occ_end=0.288 CSR_train=0.000 done_count=125
[upd 300] u=0 upd_ctr=21 opt_step=336 E=0.800 g=0.145 VarTD=0.652422 ret_end=-25.928 dbar_end=0.615 occ_end=0.312 CSR_train=0.000 done_count=125
[upd 310] u=0 upd_ctr=22 opt_step=352 E=0.631 g=0.140 VarTD=0.757436 ret_end=-25.553 dbar_end=0.625 occ_end=0.216 CSR_train=0.000 done_count=125
[Gate5 check] update_counter violations: t0=0 diffs=0
[Gate5 check] opt_step violations: t0=0 diffs=0 (expected_inc=16)
[Gate5 check] NaN masking: nan_on_skip=True finite_on_update=True
[Gate5 summary] mean_update_fraction=0.0705 final_executed_updates_mean=22.00
[Gate5 eval] done_count mean=100.0 CSR mean=0.0000 len_end_mean=26.00
[Gate5 eval] episodes_per_env=4 T_eval=104
[Gate5 eval-debug] locked_eps_occ=0.20 pre(step25): dbar_end=0.500631 occupied_end_mean=0.460000 max_tilde_end_mean=0.748573 CSR@locked=0.010000
[Gate5 eval-debug] locked_eps_occ=0.20 post(step26): dbar_end=0.506455 occupied_end_mean=0.380000 max_tilde_end_mean=0.747533 CSR@locked=0.000000
[Gate5 eval-debug] CSR_pre@0.10=0.0000 CSR_pre@0.15=0.0000 CSR_pre@0.20=0.0100 CSR_pre@0.25=0.0200 CSR_pre@0.30=0.0200
[Gate5 eval-debug] CSR_post@0.10=0.0000 CSR_post@0.15=0.0000 CSR_post@0.20=0.0000 CSR_post@0.25=0.0000 CSR_post@0.30=0.0100
