Importing submoduled environments...
Submoduled environments not found. Skipping import.
[upd 0] u=1 upd_ctr=1 opt_step=16 E=0.104 g=0.089 VarTD=0.155748 ret_end=-26.495 dbar_end=0.769 occ_end=0.110 CSR_train=0.000 done_count=100
[upd 10] u=0 upd_ctr=1 opt_step=16 E=0.656 g=0.096 VarTD=0.160584 ret_end=-27.044 dbar_end=0.748 occ_end=0.128 CSR_train=0.000 done_count=125
[upd 20] u=0 upd_ctr=2 opt_step=32 E=0.249 g=0.077 VarTD=0.217792 ret_end=-28.953 dbar_end=0.818 occ_end=0.136 CSR_train=0.000 done_count=125
[upd 30] u=0 upd_ctr=2 opt_step=32 E=0.799 g=0.091 VarTD=0.176465 ret_end=-27.325 dbar_end=0.764 occ_end=0.160 CSR_train=0.000 done_count=125
[upd 40] u=0 upd_ctr=3 opt_step=48 E=0.405 g=0.094 VarTD=0.168623 ret_end=-26.847 dbar_end=0.754 occ_end=0.136 CSR_train=0.000 done_count=125
[upd 50] u=0 upd_ctr=3 opt_step=48 E=0.986 g=0.095 VarTD=0.140549 ret_end=-27.389 dbar_end=0.749 occ_end=0.168 CSR_train=0.000 done_count=125
[upd 60] u=0 upd_ctr=4 opt_step=64 E=0.631 g=0.096 VarTD=0.155726 ret_end=-27.083 dbar_end=0.746 occ_end=0.192 CSR_train=0.000 done_count=125
[upd 70] u=0 upd_ctr=5 opt_step=80 E=0.272 g=0.103 VarTD=0.151745 ret_end=-25.966 dbar_end=0.723 occ_end=0.160 CSR_train=0.000 done_count=125
[upd 80] u=0 upd_ctr=5 opt_step=80 E=0.881 g=0.101 VarTD=0.135999 ret_end=-26.841 dbar_end=0.730 occ_end=0.144 CSR_train=0.000 done_count=125
[upd 90] u=0 upd_ctr=6 opt_step=96 E=0.548 g=0.102 VarTD=0.129976 ret_end=-26.678 dbar_end=0.728 occ_end=0.136 CSR_train=0.000 done_count=125
[upd 100] u=0 upd_ctr=7 opt_step=112 E=0.234 g=0.103 VarTD=0.161604 ret_end=-27.123 dbar_end=0.723 occ_end=0.160 CSR_train=0.000 done_count=125
[upd 110] u=0 upd_ctr=7 opt_step=112 E=0.888 g=0.113 VarTD=0.147090 ret_end=-26.863 dbar_end=0.693 occ_end=0.232 CSR_train=0.000 done_count=125
[upd 120] u=0 upd_ctr=8 opt_step=128 E=0.604 g=0.131 VarTD=0.146748 ret_end=-25.370 dbar_end=0.646 occ_end=0.240 CSR_train=0.000 done_count=125
[upd 130] u=0 upd_ctr=9 opt_step=144 E=0.333 g=0.125 VarTD=0.172090 ret_end=-26.480 dbar_end=0.662 occ_end=0.290 CSR_train=0.000 done_count=100
[upd 140] u=0 upd_ctr=9 opt_step=144 E=1.000 g=0.111 VarTD=0.149672 ret_end=-26.136 dbar_end=0.700 occ_end=0.128 CSR_train=0.000 done_count=125
[upd 150] u=0 upd_ctr=10 opt_step=160 E=0.746 g=0.112 VarTD=0.165965 ret_end=-25.592 dbar_end=0.696 occ_end=0.168 CSR_train=0.000 done_count=125
[upd 160] u=0 upd_ctr=11 opt_step=176 E=0.496 g=0.121 VarTD=0.177638 ret_end=-25.950 dbar_end=0.672 occ_end=0.184 CSR_train=0.000 done_count=125
[upd 170] u=0 upd_ctr=12 opt_step=192 E=0.253 g=0.118 VarTD=0.190731 ret_end=-26.132 dbar_end=0.682 occ_end=0.192 CSR_train=0.000 done_count=125
[upd 180] u=0 upd_ctr=12 opt_step=192 E=0.983 g=0.113 VarTD=0.185209 ret_end=-26.181 dbar_end=0.694 occ_end=0.152 CSR_train=0.000 done_count=125
[upd 190] u=0 upd_ctr=13 opt_step=208 E=0.776 g=0.118 VarTD=0.241236 ret_end=-26.376 dbar_end=0.682 occ_end=0.248 CSR_train=0.000 done_count=125
[upd 200] u=0 upd_ctr=14 opt_step=224 E=0.563 g=0.120 VarTD=0.233146 ret_end=-25.921 dbar_end=0.676 occ_end=0.216 CSR_train=0.000 done_count=125
[upd 210] u=0 upd_ctr=15 opt_step=240 E=0.350 g=0.129 VarTD=0.287340 ret_end=-25.757 dbar_end=0.652 occ_end=0.168 CSR_train=0.000 done_count=125
[upd 220] u=0 upd_ctr=16 opt_step=256 E=0.175 g=0.124 VarTD=0.317538 ret_end=-25.270 dbar_end=0.665 occ_end=0.152 CSR_train=0.000 done_count=125
[upd 230] u=0 upd_ctr=16 opt_step=256 E=0.987 g=0.140 VarTD=0.325495 ret_end=-25.200 dbar_end=0.626 occ_end=0.248 CSR_train=0.000 done_count=125
[upd 240] u=0 upd_ctr=17 opt_step=272 E=0.860 g=0.132 VarTD=0.398623 ret_end=-25.387 dbar_end=0.644 occ_end=0.208 CSR_train=0.008 done_count=125
[upd 250] u=0 upd_ctr=18 opt_step=288 E=0.720 g=0.148 VarTD=0.495262 ret_end=-24.380 dbar_end=0.607 occ_end=0.248 CSR_train=0.000 done_count=125
[upd 260] u=0 upd_ctr=19 opt_step=304 E=0.634 g=0.136 VarTD=0.432289 ret_end=-24.947 dbar_end=0.636 occ_end=0.210 CSR_train=0.000 done_count=100
[upd 270] u=0 upd_ctr=20 opt_step=320 E=0.568 g=0.147 VarTD=0.616210 ret_end=-24.528 dbar_end=0.610 occ_end=0.200 CSR_train=0.000 done_count=125
[upd 280] u=0 upd_ctr=21 opt_step=336 E=0.497 g=0.133 VarTD=0.720328 ret_end=-25.946 dbar_end=0.642 occ_end=0.232 CSR_train=0.000 done_count=125
[upd 290] u=0 upd_ctr=22 opt_step=352 E=0.409 g=0.146 VarTD=0.808193 ret_end=-24.555 dbar_end=0.614 occ_end=0.168 CSR_train=0.000 done_count=125
[upd 300] u=0 upd_ctr=23 opt_step=368 E=0.301 g=0.141 VarTD=0.937289 ret_end=-25.328 dbar_end=0.625 occ_end=0.272 CSR_train=0.000 done_count=125
[upd 310] u=0 upd_ctr=24 opt_step=384 E=0.237 g=0.156 VarTD=1.037306 ret_end=-25.007 dbar_end=0.591 occ_end=0.272 CSR_train=0.008 done_count=125
[Gate5 check] update_counter violations: t0=0 diffs=0
[Gate5 check] opt_step violations: t0=0 diffs=0 (expected_inc=16)
[Gate5 check] NaN masking: nan_on_skip=True finite_on_update=True
[Gate5 summary] mean_update_fraction=0.0769 final_executed_updates_mean=24.00
[Gate5 eval] done_count mean=100.0 CSR mean=0.0100 len_end_mean=26.00
[Gate5 eval] episodes_per_env=4 T_eval=104
[Gate5 eval-debug] locked_eps_occ=0.20 pre(step25): dbar_end=0.487033 occupied_end_mean=0.420000 max_tilde_end_mean=0.707291 CSR@locked=0.010000
[Gate5 eval-debug] locked_eps_occ=0.20 post(step26): dbar_end=0.489806 occupied_end_mean=0.320000 max_tilde_end_mean=0.702377 CSR@locked=0.010000
[Gate5 eval-debug] CSR_pre@0.10=0.0000 CSR_pre@0.15=0.0000 CSR_pre@0.20=0.0100 CSR_pre@0.25=0.0200 CSR_pre@0.30=0.0200
[Gate5 eval-debug] CSR_post@0.10=0.0000 CSR_post@0.15=0.0000 CSR_post@0.20=0.0100 CSR_post@0.25=0.0200 CSR_post@0.30=0.0300
