Importing submoduled environments...
Submoduled environments not found. Skipping import.
[upd 0] u=1 upd_ctr=1 opt_step=16 E=0.136 g=0.096 VarTD=0.158273 ret_end=-27.822 dbar_end=0.748 occ_end=0.150 CSR_train=0.000 done_count=100
[upd 10] u=0 upd_ctr=1 opt_step=16 E=0.998 g=0.097 VarTD=0.181267 ret_end=-27.128 dbar_end=0.741 occ_end=0.144 CSR_train=0.000 done_count=125
[upd 20] u=0 upd_ctr=2 opt_step=32 E=0.947 g=0.094 VarTD=0.175813 ret_end=-27.356 dbar_end=0.752 occ_end=0.152 CSR_train=0.008 done_count=125
[upd 30] u=0 upd_ctr=3 opt_step=48 E=0.877 g=0.092 VarTD=0.186180 ret_end=-28.191 dbar_end=0.760 occ_end=0.096 CSR_train=0.000 done_count=125
[upd 40] u=0 upd_ctr=4 opt_step=64 E=0.889 g=0.108 VarTD=0.155442 ret_end=-27.009 dbar_end=0.709 occ_end=0.192 CSR_train=0.000 done_count=125
[upd 50] u=0 upd_ctr=5 opt_step=80 E=0.875 g=0.118 VarTD=0.153536 ret_end=-25.612 dbar_end=0.680 occ_end=0.176 CSR_train=0.000 done_count=125
[upd 60] u=0 upd_ctr=6 opt_step=96 E=0.884 g=0.104 VarTD=0.158943 ret_end=-26.776 dbar_end=0.720 occ_end=0.176 CSR_train=0.000 done_count=125
[upd 70] u=0 upd_ctr=7 opt_step=112 E=0.906 g=0.108 VarTD=0.204792 ret_end=-27.464 dbar_end=0.709 occ_end=0.192 CSR_train=0.000 done_count=125
[upd 80] u=0 upd_ctr=8 opt_step=128 E=0.988 g=0.127 VarTD=0.180693 ret_end=-25.370 dbar_end=0.658 occ_end=0.256 CSR_train=0.000 done_count=125
[upd 90] u=1 upd_ctr=10 opt_step=160 E=0.137 g=0.122 VarTD=0.161174 ret_end=-25.604 dbar_end=0.670 occ_end=0.160 CSR_train=0.000 done_count=125
[upd 100] u=0 upd_ctr=11 opt_step=176 E=0.237 g=0.124 VarTD=0.196652 ret_end=-26.190 dbar_end=0.665 occ_end=0.224 CSR_train=0.000 done_count=125
[upd 110] u=0 upd_ctr=12 opt_step=192 E=0.265 g=0.114 VarTD=0.196457 ret_end=-26.143 dbar_end=0.692 occ_end=0.144 CSR_train=0.000 done_count=125
[upd 120] u=0 upd_ctr=13 opt_step=208 E=0.349 g=0.110 VarTD=0.215650 ret_end=-27.050 dbar_end=0.704 occ_end=0.128 CSR_train=0.000 done_count=125
[upd 130] u=0 upd_ctr=14 opt_step=224 E=0.509 g=0.132 VarTD=0.203139 ret_end=-24.504 dbar_end=0.645 occ_end=0.300 CSR_train=0.000 done_count=100
[upd 140] u=0 upd_ctr=15 opt_step=240 E=0.733 g=0.132 VarTD=0.275370 ret_end=-25.810 dbar_end=0.644 occ_end=0.192 CSR_train=0.000 done_count=125
[upd 150] u=0 upd_ctr=16 opt_step=256 E=0.974 g=0.130 VarTD=0.301886 ret_end=-24.099 dbar_end=0.650 occ_end=0.216 CSR_train=0.000 done_count=125
[upd 160] u=0 upd_ctr=18 opt_step=288 E=0.279 g=0.132 VarTD=0.422957 ret_end=-25.430 dbar_end=0.645 occ_end=0.200 CSR_train=0.000 done_count=125
[upd 170] u=0 upd_ctr=19 opt_step=304 E=0.560 g=0.147 VarTD=0.473694 ret_end=-24.617 dbar_end=0.611 occ_end=0.200 CSR_train=0.008 done_count=125
[upd 180] u=0 upd_ctr=20 opt_step=320 E=0.812 g=0.138 VarTD=0.535141 ret_end=-25.742 dbar_end=0.631 occ_end=0.280 CSR_train=0.000 done_count=125
[upd 190] u=0 upd_ctr=21 opt_step=336 E=1.000 g=0.146 VarTD=0.625454 ret_end=-24.720 dbar_end=0.613 occ_end=0.216 CSR_train=0.000 done_count=125
[upd 200] u=0 upd_ctr=23 opt_step=368 E=0.307 g=0.143 VarTD=0.777837 ret_end=-24.277 dbar_end=0.620 occ_end=0.216 CSR_train=0.000 done_count=125
[upd 210] u=0 upd_ctr=24 opt_step=384 E=0.579 g=0.139 VarTD=0.939986 ret_end=-25.422 dbar_end=0.628 occ_end=0.184 CSR_train=0.000 done_count=125
[upd 220] u=0 upd_ctr=25 opt_step=400 E=0.957 g=0.138 VarTD=0.980839 ret_end=-24.740 dbar_end=0.631 occ_end=0.168 CSR_train=0.000 done_count=125
[upd 230] u=0 upd_ctr=27 opt_step=432 E=0.396 g=0.140 VarTD=1.213974 ret_end=-25.064 dbar_end=0.627 occ_end=0.240 CSR_train=0.000 done_count=125
[upd 240] u=0 upd_ctr=28 opt_step=448 E=0.854 g=0.170 VarTD=1.383772 ret_end=-24.397 dbar_end=0.565 occ_end=0.296 CSR_train=0.000 done_count=125
[upd 250] u=0 upd_ctr=30 opt_step=480 E=0.328 g=0.151 VarTD=1.587339 ret_end=-24.191 dbar_end=0.601 occ_end=0.184 CSR_train=0.000 done_count=125
[upd 260] u=0 upd_ctr=31 opt_step=496 E=0.742 g=0.162 VarTD=1.462833 ret_end=-23.949 dbar_end=0.580 occ_end=0.310 CSR_train=0.000 done_count=100
[upd 270] u=1 upd_ctr=33 opt_step=528 E=0.188 g=0.154 VarTD=1.926284 ret_end=-23.958 dbar_end=0.596 occ_end=0.168 CSR_train=0.000 done_count=125
[upd 280] u=0 upd_ctr=34 opt_step=544 E=0.625 g=0.158 VarTD=2.218945 ret_end=-24.382 dbar_end=0.589 occ_end=0.264 CSR_train=0.000 done_count=125
[upd 290] u=0 upd_ctr=35 opt_step=560 E=1.000 g=0.161 VarTD=2.381509 ret_end=-23.820 dbar_end=0.582 occ_end=0.240 CSR_train=0.000 done_count=125
[upd 300] u=0 upd_ctr=37 opt_step=592 E=0.605 g=0.156 VarTD=2.732770 ret_end=-24.619 dbar_end=0.591 occ_end=0.248 CSR_train=0.000 done_count=125
[upd 310] u=0 upd_ctr=38 opt_step=608 E=1.000 g=0.162 VarTD=2.877261 ret_end=-24.158 dbar_end=0.580 occ_end=0.264 CSR_train=0.000 done_count=125
[Gate5 check] update_counter violations: t0=0 diffs=0
[Gate5 check] opt_step violations: t0=0 diffs=0 (expected_inc=16)
[Gate5 check] NaN masking: nan_on_skip=True finite_on_update=True
[Gate5 summary] mean_update_fraction=0.1250 final_executed_updates_mean=39.00
[Gate5 eval] done_count mean=100.0 CSR mean=0.0000 len_end_mean=26.00
[Gate5 eval] episodes_per_env=4 T_eval=104
[Gate5 eval-debug] locked_eps_occ=0.20 pre(step25): dbar_end=0.498811 occupied_end_mean=0.440000 max_tilde_end_mean=0.730319 CSR@locked=0.000000
[Gate5 eval-debug] locked_eps_occ=0.20 post(step26): dbar_end=0.495863 occupied_end_mean=0.420000 max_tilde_end_mean=0.721128 CSR@locked=0.000000
[Gate5 eval-debug] CSR_pre@0.10=0.0000 CSR_pre@0.15=0.0000 CSR_pre@0.20=0.0000 CSR_pre@0.25=0.0000 CSR_pre@0.30=0.0200
[Gate5 eval-debug] CSR_post@0.10=0.0000 CSR_post@0.15=0.0000 CSR_post@0.20=0.0000 CSR_post@0.25=0.0000 CSR_post@0.30=0.0200
