Importing submoduled environments...
Submoduled environments not found. Skipping import.
[upd 0] u=1 upd_ctr=1 opt_step=16 E=0.053 g=0.088 VarTD=0.137352 ret_end=-28.134 dbar_end=0.773 occ_end=0.220 CSR_train=0.000 done_count=100
[upd 10] u=0 upd_ctr=1 opt_step=16 E=0.608 g=0.093 VarTD=0.158535 ret_end=-28.458 dbar_end=0.756 occ_end=0.184 CSR_train=0.000 done_count=125
[upd 20] u=0 upd_ctr=2 opt_step=32 E=0.124 g=0.106 VarTD=0.128792 ret_end=-26.559 dbar_end=0.716 occ_end=0.168 CSR_train=0.000 done_count=125
[upd 30] u=0 upd_ctr=2 opt_step=32 E=0.708 g=0.093 VarTD=0.166437 ret_end=-27.625 dbar_end=0.755 occ_end=0.144 CSR_train=0.000 done_count=125
[upd 40] u=0 upd_ctr=3 opt_step=48 E=0.241 g=0.100 VarTD=0.129175 ret_end=-27.035 dbar_end=0.734 occ_end=0.152 CSR_train=0.000 done_count=125
[upd 50] u=0 upd_ctr=3 opt_step=48 E=0.826 g=0.096 VarTD=0.173409 ret_end=-27.717 dbar_end=0.746 occ_end=0.200 CSR_train=0.000 done_count=125
[upd 60] u=0 upd_ctr=4 opt_step=64 E=0.412 g=0.100 VarTD=0.142532 ret_end=-27.399 dbar_end=0.735 occ_end=0.184 CSR_train=0.000 done_count=125
[upd 70] u=0 upd_ctr=4 opt_step=64 E=1.000 g=0.094 VarTD=0.162971 ret_end=-27.497 dbar_end=0.752 occ_end=0.208 CSR_train=0.000 done_count=125
[upd 80] u=0 upd_ctr=5 opt_step=80 E=0.607 g=0.103 VarTD=0.120295 ret_end=-25.631 dbar_end=0.723 occ_end=0.144 CSR_train=0.000 done_count=125
[upd 90] u=0 upd_ctr=6 opt_step=96 E=0.262 g=0.110 VarTD=0.156996 ret_end=-26.373 dbar_end=0.702 occ_end=0.176 CSR_train=0.000 done_count=125
[upd 100] u=0 upd_ctr=6 opt_step=96 E=0.913 g=0.113 VarTD=0.139350 ret_end=-25.662 dbar_end=0.694 occ_end=0.256 CSR_train=0.000 done_count=125
[upd 110] u=0 upd_ctr=7 opt_step=112 E=0.537 g=0.118 VarTD=0.133602 ret_end=-24.935 dbar_end=0.680 occ_end=0.176 CSR_train=0.000 done_count=125
[upd 120] u=0 upd_ctr=8 opt_step=128 E=0.132 g=0.107 VarTD=0.147813 ret_end=-26.674 dbar_end=0.713 occ_end=0.160 CSR_train=0.000 done_count=125
[upd 130] u=0 upd_ctr=8 opt_step=128 E=0.784 g=0.119 VarTD=0.140182 ret_end=-25.912 dbar_end=0.679 occ_end=0.150 CSR_train=0.000 done_count=100
[upd 140] u=0 upd_ctr=9 opt_step=144 E=0.434 g=0.112 VarTD=0.167278 ret_end=-27.165 dbar_end=0.696 occ_end=0.232 CSR_train=0.000 done_count=125
[upd 150] u=1 upd_ctr=10 opt_step=160 E=0.077 g=0.128 VarTD=0.154603 ret_end=-25.195 dbar_end=0.655 occ_end=0.160 CSR_train=0.000 done_count=125
[upd 160] u=0 upd_ctr=10 opt_step=160 E=0.798 g=0.096 VarTD=0.225670 ret_end=-28.030 dbar_end=0.747 occ_end=0.152 CSR_train=0.000 done_count=125
[upd 170] u=0 upd_ctr=11 opt_step=176 E=0.515 g=0.129 VarTD=0.175735 ret_end=-25.403 dbar_end=0.653 occ_end=0.248 CSR_train=0.008 done_count=125
[upd 180] u=0 upd_ctr=12 opt_step=192 E=0.227 g=0.122 VarTD=0.203928 ret_end=-26.406 dbar_end=0.671 occ_end=0.216 CSR_train=0.000 done_count=125
[upd 190] u=0 upd_ctr=12 opt_step=192 E=0.967 g=0.123 VarTD=0.198387 ret_end=-26.073 dbar_end=0.667 occ_end=0.176 CSR_train=0.000 done_count=125
[upd 200] u=0 upd_ctr=13 opt_step=208 E=0.725 g=0.130 VarTD=0.204503 ret_end=-25.060 dbar_end=0.650 occ_end=0.208 CSR_train=0.000 done_count=125
[upd 210] u=0 upd_ctr=14 opt_step=224 E=0.469 g=0.121 VarTD=0.238437 ret_end=-26.375 dbar_end=0.672 occ_end=0.200 CSR_train=0.000 done_count=125
[upd 220] u=0 upd_ctr=15 opt_step=240 E=0.250 g=0.136 VarTD=0.290338 ret_end=-24.980 dbar_end=0.636 occ_end=0.256 CSR_train=0.000 done_count=125
[upd 230] u=1 upd_ctr=16 opt_step=256 E=0.087 g=0.145 VarTD=0.267980 ret_end=-24.671 dbar_end=0.615 occ_end=0.200 CSR_train=0.000 done_count=125
[upd 240] u=0 upd_ctr=16 opt_step=256 E=0.966 g=0.141 VarTD=0.326343 ret_end=-24.581 dbar_end=0.623 occ_end=0.160 CSR_train=0.000 done_count=125
[upd 250] u=0 upd_ctr=17 opt_step=272 E=0.809 g=0.148 VarTD=0.369927 ret_end=-24.923 dbar_end=0.609 occ_end=0.184 CSR_train=0.000 done_count=125
[upd 260] u=0 upd_ctr=18 opt_step=288 E=0.569 g=0.132 VarTD=0.390109 ret_end=-25.597 dbar_end=0.645 occ_end=0.180 CSR_train=0.000 done_count=100
[upd 270] u=0 upd_ctr=19 opt_step=304 E=0.348 g=0.140 VarTD=0.508234 ret_end=-25.366 dbar_end=0.627 occ_end=0.200 CSR_train=0.000 done_count=125
[upd 280] u=0 upd_ctr=20 opt_step=320 E=0.178 g=0.142 VarTD=0.580944 ret_end=-25.378 dbar_end=0.621 occ_end=0.224 CSR_train=0.000 done_count=125
[upd 290] u=0 upd_ctr=20 opt_step=320 E=1.000 g=0.138 VarTD=0.566408 ret_end=-25.261 dbar_end=0.632 occ_end=0.224 CSR_train=0.000 done_count=125
[upd 300] u=0 upd_ctr=21 opt_step=336 E=0.879 g=0.145 VarTD=0.651296 ret_end=-24.419 dbar_end=0.616 occ_end=0.136 CSR_train=0.000 done_count=125
[upd 310] u=0 upd_ctr=22 opt_step=352 E=0.709 g=0.155 VarTD=0.750683 ret_end=-23.915 dbar_end=0.594 occ_end=0.264 CSR_train=0.000 done_count=125
[Gate5 check] update_counter violations: t0=0 diffs=0
[Gate5 check] opt_step violations: t0=0 diffs=0 (expected_inc=16)
[Gate5 check] NaN masking: nan_on_skip=True finite_on_update=True
[Gate5 summary] mean_update_fraction=0.0705 final_executed_updates_mean=22.00
[Gate5 eval] done_count mean=100.0 CSR mean=0.0000 len_end_mean=26.00
[Gate5 eval] episodes_per_env=4 T_eval=104
[Gate5 eval-debug] locked_eps_occ=0.20 pre(step25): dbar_end=0.514096 occupied_end_mean=0.300000 max_tilde_end_mean=0.717963 CSR@locked=0.000000
[Gate5 eval-debug] locked_eps_occ=0.20 post(step26): dbar_end=0.518882 occupied_end_mean=0.290000 max_tilde_end_mean=0.724413 CSR@locked=0.000000
[Gate5 eval-debug] CSR_pre@0.10=0.0000 CSR_pre@0.15=0.0000 CSR_pre@0.20=0.0000 CSR_pre@0.25=0.0100 CSR_pre@0.30=0.0400
[Gate5 eval-debug] CSR_post@0.10=0.0000 CSR_post@0.15=0.0000 CSR_post@0.20=0.0000 CSR_post@0.25=0.0000 CSR_post@0.30=0.0100
