Importing submoduled environments...
Submoduled environments not found. Skipping import.
[upd 0] u=1 upd_ctr=1 opt_step=16 E=0.079 g=0.096 VarTD=0.126111 ret_end=-26.492 dbar_end=0.745 occ_end=0.140 CSR_train=0.000 done_count=100
[upd 10] u=0 upd_ctr=1 opt_step=16 E=0.359 g=0.101 VarTD=0.147310 ret_end=-26.592 dbar_end=0.729 occ_end=0.144 CSR_train=0.000 done_count=125
[upd 20] u=0 upd_ctr=1 opt_step=16 E=0.643 g=0.088 VarTD=0.157317 ret_end=-27.734 dbar_end=0.776 occ_end=0.112 CSR_train=0.000 done_count=125
[upd 30] u=0 upd_ctr=1 opt_step=16 E=0.929 g=0.101 VarTD=0.132882 ret_end=-25.882 dbar_end=0.729 occ_end=0.136 CSR_train=0.000 done_count=125
[upd 40] u=0 upd_ctr=2 opt_step=32 E=0.271 g=0.107 VarTD=0.128668 ret_end=-26.019 dbar_end=0.712 occ_end=0.096 CSR_train=0.000 done_count=125
[upd 50] u=0 upd_ctr=2 opt_step=32 E=0.561 g=0.093 VarTD=0.173541 ret_end=-28.033 dbar_end=0.757 occ_end=0.168 CSR_train=0.000 done_count=125
[upd 60] u=0 upd_ctr=2 opt_step=32 E=0.839 g=0.098 VarTD=0.149167 ret_end=-26.786 dbar_end=0.739 occ_end=0.112 CSR_train=0.000 done_count=125
[upd 70] u=0 upd_ctr=3 opt_step=48 E=0.178 g=0.093 VarTD=0.139642 ret_end=-27.517 dbar_end=0.755 occ_end=0.136 CSR_train=0.000 done_count=125
[upd 80] u=0 upd_ctr=3 opt_step=48 E=0.471 g=0.097 VarTD=0.163989 ret_end=-26.920 dbar_end=0.743 occ_end=0.216 CSR_train=0.000 done_count=125
[upd 90] u=0 upd_ctr=3 opt_step=48 E=0.778 g=0.106 VarTD=0.146030 ret_end=-26.937 dbar_end=0.714 occ_end=0.200 CSR_train=0.000 done_count=125
[upd 100] u=0 upd_ctr=4 opt_step=64 E=0.148 g=0.117 VarTD=0.163170 ret_end=-26.447 dbar_end=0.685 occ_end=0.184 CSR_train=0.000 done_count=125
[upd 110] u=0 upd_ctr=4 opt_step=64 E=0.465 g=0.113 VarTD=0.140605 ret_end=-26.606 dbar_end=0.695 occ_end=0.176 CSR_train=0.000 done_count=125
[upd 120] u=0 upd_ctr=4 opt_step=64 E=0.763 g=0.100 VarTD=0.171822 ret_end=-27.728 dbar_end=0.734 occ_end=0.120 CSR_train=0.000 done_count=125
[upd 130] u=0 upd_ctr=5 opt_step=80 E=0.121 g=0.095 VarTD=0.156784 ret_end=-27.695 dbar_end=0.750 occ_end=0.140 CSR_train=0.000 done_count=100
[upd 140] u=0 upd_ctr=5 opt_step=80 E=0.432 g=0.106 VarTD=0.145788 ret_end=-26.638 dbar_end=0.716 occ_end=0.128 CSR_train=0.000 done_count=125
[upd 150] u=0 upd_ctr=5 opt_step=80 E=0.742 g=0.112 VarTD=0.146320 ret_end=-26.334 dbar_end=0.698 occ_end=0.176 CSR_train=0.000 done_count=125
[upd 160] u=0 upd_ctr=6 opt_step=96 E=0.104 g=0.101 VarTD=0.158490 ret_end=-27.385 dbar_end=0.731 occ_end=0.136 CSR_train=0.000 done_count=125
[upd 170] u=0 upd_ctr=6 opt_step=96 E=0.430 g=0.101 VarTD=0.182003 ret_end=-27.368 dbar_end=0.729 occ_end=0.232 CSR_train=0.008 done_count=125
[upd 180] u=0 upd_ctr=6 opt_step=96 E=0.748 g=0.109 VarTD=0.138235 ret_end=-26.775 dbar_end=0.706 occ_end=0.152 CSR_train=0.000 done_count=125
[upd 190] u=0 upd_ctr=7 opt_step=112 E=0.118 g=0.105 VarTD=0.173749 ret_end=-26.791 dbar_end=0.716 occ_end=0.168 CSR_train=0.000 done_count=125
[upd 200] u=0 upd_ctr=7 opt_step=112 E=0.455 g=0.112 VarTD=0.165875 ret_end=-26.238 dbar_end=0.696 occ_end=0.144 CSR_train=0.000 done_count=125
[upd 210] u=0 upd_ctr=7 opt_step=112 E=0.790 g=0.118 VarTD=0.157462 ret_end=-25.946 dbar_end=0.681 occ_end=0.168 CSR_train=0.000 done_count=125
[upd 220] u=0 upd_ctr=8 opt_step=128 E=0.186 g=0.115 VarTD=0.169070 ret_end=-27.056 dbar_end=0.688 occ_end=0.144 CSR_train=0.000 done_count=125
[upd 230] u=0 upd_ctr=8 opt_step=128 E=0.548 g=0.129 VarTD=0.147852 ret_end=-25.149 dbar_end=0.652 occ_end=0.240 CSR_train=0.000 done_count=125
[upd 240] u=0 upd_ctr=8 opt_step=128 E=0.910 g=0.108 VarTD=0.149179 ret_end=-26.787 dbar_end=0.710 occ_end=0.216 CSR_train=0.000 done_count=125
[upd 250] u=0 upd_ctr=9 opt_step=144 E=0.333 g=0.122 VarTD=0.184815 ret_end=-26.697 dbar_end=0.669 occ_end=0.240 CSR_train=0.000 done_count=125
[upd 260] u=0 upd_ctr=9 opt_step=144 E=0.703 g=0.123 VarTD=0.164690 ret_end=-26.232 dbar_end=0.666 occ_end=0.200 CSR_train=0.000 done_count=100
[upd 270] u=0 upd_ctr=10 opt_step=160 E=0.130 g=0.131 VarTD=0.216265 ret_end=-25.294 dbar_end=0.648 occ_end=0.312 CSR_train=0.008 done_count=125
[upd 280] u=0 upd_ctr=10 opt_step=160 E=0.508 g=0.118 VarTD=0.174310 ret_end=-25.843 dbar_end=0.681 occ_end=0.216 CSR_train=0.000 done_count=125
[upd 290] u=0 upd_ctr=10 opt_step=160 E=0.888 g=0.113 VarTD=0.203290 ret_end=-27.375 dbar_end=0.695 occ_end=0.144 CSR_train=0.000 done_count=125
[upd 300] u=0 upd_ctr=11 opt_step=176 E=0.327 g=0.129 VarTD=0.195080 ret_end=-25.740 dbar_end=0.651 occ_end=0.256 CSR_train=0.008 done_count=125
[upd 310] u=0 upd_ctr=11 opt_step=176 E=0.723 g=0.139 VarTD=0.173447 ret_end=-24.419 dbar_end=0.629 occ_end=0.304 CSR_train=0.000 done_count=125
[Gate5 check] update_counter violations: t0=0 diffs=0
[Gate5 check] opt_step violations: t0=0 diffs=0 (expected_inc=16)
[Gate5 check] NaN masking: nan_on_skip=True finite_on_update=True
[Gate5 summary] mean_update_fraction=0.0353 final_executed_updates_mean=11.00
[Gate5 eval] done_count mean=100.0 CSR mean=0.0000 len_end_mean=26.00
[Gate5 eval] episodes_per_env=4 T_eval=104
[Gate5 eval-debug] locked_eps_occ=0.20 pre(step25): dbar_end=0.509540 occupied_end_mean=0.370000 max_tilde_end_mean=0.748967 CSR@locked=0.000000
[Gate5 eval-debug] locked_eps_occ=0.20 post(step26): dbar_end=0.513186 occupied_end_mean=0.350000 max_tilde_end_mean=0.754120 CSR@locked=0.000000
[Gate5 eval-debug] CSR_pre@0.10=0.0000 CSR_pre@0.15=0.0000 CSR_pre@0.20=0.0000 CSR_pre@0.25=0.0100 CSR_pre@0.30=0.0100
[Gate5 eval-debug] CSR_post@0.10=0.0000 CSR_post@0.15=0.0000 CSR_post@0.20=0.0000 CSR_post@0.25=0.0000 CSR_post@0.30=0.0100
