Importing submoduled environments...
Submoduled environments not found. Skipping import.
[upd 0] u=1 upd_ctr=1 opt_step=16 E=0.069 g=0.087 VarTD=0.161819 ret_end=-28.699 dbar_end=0.778 occ_end=0.120 CSR_train=0.000 done_count=100
[upd 10] u=0 upd_ctr=1 opt_step=16 E=0.776 g=0.081 VarTD=0.173819 ret_end=-28.772 dbar_end=0.801 occ_end=0.160 CSR_train=0.000 done_count=125
[upd 20] u=0 upd_ctr=2 opt_step=32 E=0.477 g=0.087 VarTD=0.139749 ret_end=-26.975 dbar_end=0.776 occ_end=0.112 CSR_train=0.000 done_count=125
[upd 30] u=0 upd_ctr=3 opt_step=48 E=0.168 g=0.114 VarTD=0.143812 ret_end=-25.785 dbar_end=0.692 occ_end=0.184 CSR_train=0.000 done_count=125
[upd 40] u=0 upd_ctr=3 opt_step=48 E=0.946 g=0.091 VarTD=0.135690 ret_end=-26.945 dbar_end=0.764 occ_end=0.120 CSR_train=0.000 done_count=125
[upd 50] u=0 upd_ctr=4 opt_step=64 E=0.698 g=0.095 VarTD=0.173161 ret_end=-27.516 dbar_end=0.751 occ_end=0.184 CSR_train=0.000 done_count=125
[upd 60] u=0 upd_ctr=5 opt_step=80 E=0.382 g=0.085 VarTD=0.190745 ret_end=-28.110 dbar_end=0.786 occ_end=0.152 CSR_train=0.000 done_count=125
[upd 70] u=0 upd_ctr=6 opt_step=96 E=0.159 g=0.104 VarTD=0.154225 ret_end=-26.687 dbar_end=0.722 occ_end=0.168 CSR_train=0.000 done_count=125
[upd 80] u=0 upd_ctr=6 opt_step=96 E=0.916 g=0.081 VarTD=0.165088 ret_end=-29.104 dbar_end=0.799 occ_end=0.104 CSR_train=0.000 done_count=125
[upd 90] u=0 upd_ctr=7 opt_step=112 E=0.634 g=0.089 VarTD=0.225483 ret_end=-28.022 dbar_end=0.771 occ_end=0.152 CSR_train=0.000 done_count=125
[upd 100] u=0 upd_ctr=8 opt_step=128 E=0.398 g=0.096 VarTD=0.165450 ret_end=-27.109 dbar_end=0.745 occ_end=0.136 CSR_train=0.000 done_count=125
[upd 110] u=0 upd_ctr=9 opt_step=144 E=0.254 g=0.090 VarTD=0.193136 ret_end=-27.683 dbar_end=0.767 occ_end=0.128 CSR_train=0.000 done_count=125
[upd 120] u=1 upd_ctr=10 opt_step=160 E=0.088 g=0.110 VarTD=0.134988 ret_end=-25.842 dbar_end=0.702 occ_end=0.144 CSR_train=0.000 done_count=125
[upd 130] u=0 upd_ctr=10 opt_step=160 E=1.000 g=0.119 VarTD=0.156011 ret_end=-26.523 dbar_end=0.679 occ_end=0.200 CSR_train=0.000 done_count=100
[upd 140] u=0 upd_ctr=11 opt_step=176 E=0.920 g=0.123 VarTD=0.166295 ret_end=-26.244 dbar_end=0.668 occ_end=0.176 CSR_train=0.000 done_count=125
[upd 150] u=0 upd_ctr=12 opt_step=192 E=0.888 g=0.131 VarTD=0.187415 ret_end=-25.523 dbar_end=0.648 occ_end=0.176 CSR_train=0.000 done_count=125
[upd 160] u=0 upd_ctr=13 opt_step=208 E=0.800 g=0.140 VarTD=0.203423 ret_end=-24.119 dbar_end=0.626 occ_end=0.216 CSR_train=0.000 done_count=125
[upd 170] u=0 upd_ctr=14 opt_step=224 E=0.850 g=0.133 VarTD=0.232823 ret_end=-24.846 dbar_end=0.642 occ_end=0.216 CSR_train=0.000 done_count=125
[upd 180] u=0 upd_ctr=15 opt_step=240 E=0.852 g=0.135 VarTD=0.277319 ret_end=-24.806 dbar_end=0.637 occ_end=0.216 CSR_train=0.000 done_count=125
[upd 190] u=0 upd_ctr=16 opt_step=256 E=0.913 g=0.149 VarTD=0.283105 ret_end=-23.743 dbar_end=0.607 occ_end=0.256 CSR_train=0.000 done_count=125
[upd 200] u=0 upd_ctr=17 opt_step=272 E=1.000 g=0.142 VarTD=0.361874 ret_end=-24.974 dbar_end=0.621 occ_end=0.184 CSR_train=0.000 done_count=125
[upd 210] u=1 upd_ctr=19 opt_step=304 E=0.119 g=0.149 VarTD=0.444244 ret_end=-24.981 dbar_end=0.606 occ_end=0.232 CSR_train=0.000 done_count=125
[upd 220] u=0 upd_ctr=20 opt_step=320 E=0.348 g=0.152 VarTD=0.584994 ret_end=-24.096 dbar_end=0.601 occ_end=0.264 CSR_train=0.008 done_count=125
[upd 230] u=0 upd_ctr=21 opt_step=336 E=0.543 g=0.163 VarTD=0.649820 ret_end=-24.137 dbar_end=0.578 occ_end=0.256 CSR_train=0.000 done_count=125
[upd 240] u=0 upd_ctr=22 opt_step=352 E=0.771 g=0.148 VarTD=0.769299 ret_end=-24.890 dbar_end=0.608 occ_end=0.248 CSR_train=0.000 done_count=125
[upd 250] u=0 upd_ctr=23 opt_step=368 E=1.000 g=0.164 VarTD=0.883408 ret_end=-24.146 dbar_end=0.576 occ_end=0.232 CSR_train=0.000 done_count=125
[upd 260] u=0 upd_ctr=25 opt_step=400 E=0.244 g=0.150 VarTD=0.910611 ret_end=-24.702 dbar_end=0.604 occ_end=0.240 CSR_train=0.000 done_count=100
[upd 270] u=0 upd_ctr=26 opt_step=416 E=0.391 g=0.161 VarTD=1.225354 ret_end=-24.108 dbar_end=0.582 occ_end=0.264 CSR_train=0.000 done_count=125
[upd 280] u=0 upd_ctr=27 opt_step=432 E=0.654 g=0.155 VarTD=1.360485 ret_end=-24.407 dbar_end=0.593 occ_end=0.248 CSR_train=0.000 done_count=125
[upd 290] u=0 upd_ctr=28 opt_step=448 E=0.929 g=0.172 VarTD=1.503526 ret_end=-24.302 dbar_end=0.561 occ_end=0.296 CSR_train=0.000 done_count=125
[upd 300] u=1 upd_ctr=30 opt_step=480 E=0.134 g=0.167 VarTD=1.657138 ret_end=-24.333 dbar_end=0.569 occ_end=0.272 CSR_train=0.000 done_count=125
[upd 310] u=0 upd_ctr=31 opt_step=496 E=0.414 g=0.163 VarTD=1.904882 ret_end=-23.814 dbar_end=0.578 occ_end=0.352 CSR_train=0.008 done_count=125
[Gate5 check] update_counter violations: t0=0 diffs=0
[Gate5 check] opt_step violations: t0=0 diffs=0 (expected_inc=16)
[Gate5 check] NaN masking: nan_on_skip=True finite_on_update=True
[Gate5 summary] mean_update_fraction=0.0994 final_executed_updates_mean=31.00
[Gate5 eval] done_count mean=100.0 CSR mean=0.0000 len_end_mean=26.00
[Gate5 eval] episodes_per_env=4 T_eval=104
[Gate5 eval-debug] locked_eps_occ=0.20 pre(step25): dbar_end=0.506636 occupied_end_mean=0.290000 max_tilde_end_mean=0.727752 CSR@locked=0.000000
[Gate5 eval-debug] locked_eps_occ=0.20 post(step26): dbar_end=0.512646 occupied_end_mean=0.290000 max_tilde_end_mean=0.729743 CSR@locked=0.000000
[Gate5 eval-debug] CSR_pre@0.10=0.0000 CSR_pre@0.15=0.0000 CSR_pre@0.20=0.0000 CSR_pre@0.25=0.0000 CSR_pre@0.30=0.0300
[Gate5 eval-debug] CSR_post@0.10=0.0000 CSR_post@0.15=0.0000 CSR_post@0.20=0.0000 CSR_post@0.25=0.0100 CSR_post@0.30=0.0200
