Importing submoduled environments...
Submoduled environments not found. Skipping import.
[upd 0] u=1 upd_ctr=1 opt_step=16 E=0.113 g=0.089 VarTD=0.155748 ret_end=-26.495 dbar_end=0.769 occ_end=0.110 CSR_train=0.000 done_count=100
[upd 10] u=0 upd_ctr=1 opt_step=16 E=0.757 g=0.096 VarTD=0.160584 ret_end=-27.044 dbar_end=0.748 occ_end=0.128 CSR_train=0.000 done_count=125
[upd 20] u=0 upd_ctr=2 opt_step=32 E=0.463 g=0.085 VarTD=0.202793 ret_end=-28.366 dbar_end=0.785 occ_end=0.192 CSR_train=0.000 done_count=125
[upd 30] u=0 upd_ctr=3 opt_step=48 E=0.169 g=0.097 VarTD=0.166716 ret_end=-26.888 dbar_end=0.744 occ_end=0.176 CSR_train=0.000 done_count=125
[upd 40] u=0 upd_ctr=3 opt_step=48 E=0.840 g=0.095 VarTD=0.171545 ret_end=-26.659 dbar_end=0.748 occ_end=0.184 CSR_train=0.000 done_count=125
[upd 50] u=0 upd_ctr=4 opt_step=64 E=0.590 g=0.101 VarTD=0.141898 ret_end=-27.002 dbar_end=0.731 occ_end=0.176 CSR_train=0.000 done_count=125
[upd 60] u=0 upd_ctr=5 opt_step=80 E=0.349 g=0.102 VarTD=0.151645 ret_end=-26.782 dbar_end=0.726 occ_end=0.176 CSR_train=0.000 done_count=125
[upd 70] u=1 upd_ctr=6 opt_step=96 E=0.123 g=0.104 VarTD=0.149336 ret_end=-26.016 dbar_end=0.721 occ_end=0.168 CSR_train=0.000 done_count=125
[upd 80] u=0 upd_ctr=6 opt_step=96 E=0.852 g=0.099 VarTD=0.141815 ret_end=-26.940 dbar_end=0.737 occ_end=0.176 CSR_train=0.008 done_count=125
[upd 90] u=0 upd_ctr=7 opt_step=112 E=0.633 g=0.101 VarTD=0.138623 ret_end=-26.767 dbar_end=0.729 occ_end=0.152 CSR_train=0.000 done_count=125
[upd 100] u=0 upd_ctr=8 opt_step=128 E=0.425 g=0.104 VarTD=0.158460 ret_end=-27.002 dbar_end=0.720 occ_end=0.176 CSR_train=0.000 done_count=125
[upd 110] u=0 upd_ctr=9 opt_step=144 E=0.228 g=0.114 VarTD=0.155721 ret_end=-26.749 dbar_end=0.691 occ_end=0.216 CSR_train=0.000 done_count=125
[upd 120] u=0 upd_ctr=9 opt_step=144 E=0.986 g=0.127 VarTD=0.157564 ret_end=-25.686 dbar_end=0.658 occ_end=0.216 CSR_train=0.000 done_count=125
[upd 130] u=0 upd_ctr=10 opt_step=160 E=0.838 g=0.123 VarTD=0.165525 ret_end=-26.732 dbar_end=0.669 occ_end=0.280 CSR_train=0.000 done_count=100
[upd 140] u=0 upd_ctr=11 opt_step=176 E=0.715 g=0.120 VarTD=0.170165 ret_end=-25.936 dbar_end=0.674 occ_end=0.184 CSR_train=0.000 done_count=125
[upd 150] u=0 upd_ctr=12 opt_step=192 E=0.636 g=0.124 VarTD=0.192465 ret_end=-24.995 dbar_end=0.665 occ_end=0.184 CSR_train=0.000 done_count=125
[upd 160] u=0 upd_ctr=13 opt_step=208 E=0.575 g=0.136 VarTD=0.212833 ret_end=-25.537 dbar_end=0.637 occ_end=0.192 CSR_train=0.000 done_count=125
[upd 170] u=0 upd_ctr=14 opt_step=224 E=0.506 g=0.124 VarTD=0.235506 ret_end=-25.802 dbar_end=0.665 occ_end=0.184 CSR_train=0.000 done_count=125
[upd 180] u=0 upd_ctr=15 opt_step=240 E=0.475 g=0.135 VarTD=0.259957 ret_end=-25.198 dbar_end=0.638 occ_end=0.192 CSR_train=0.000 done_count=125
[upd 190] u=0 upd_ctr=16 opt_step=256 E=0.501 g=0.137 VarTD=0.353791 ret_end=-25.790 dbar_end=0.634 occ_end=0.200 CSR_train=0.000 done_count=125
[upd 200] u=0 upd_ctr=17 opt_step=272 E=0.536 g=0.140 VarTD=0.361914 ret_end=-25.062 dbar_end=0.625 occ_end=0.200 CSR_train=0.000 done_count=125
[upd 210] u=0 upd_ctr=18 opt_step=288 E=0.547 g=0.139 VarTD=0.429689 ret_end=-25.344 dbar_end=0.629 occ_end=0.144 CSR_train=0.000 done_count=125
[upd 220] u=0 upd_ctr=19 opt_step=304 E=0.628 g=0.147 VarTD=0.497669 ret_end=-24.141 dbar_end=0.612 occ_end=0.256 CSR_train=0.000 done_count=125
[upd 230] u=0 upd_ctr=20 opt_step=320 E=0.764 g=0.164 VarTD=0.586883 ret_end=-24.388 dbar_end=0.576 occ_end=0.240 CSR_train=0.000 done_count=125
[upd 240] u=0 upd_ctr=21 opt_step=336 E=0.942 g=0.154 VarTD=0.689623 ret_end=-24.016 dbar_end=0.595 occ_end=0.168 CSR_train=0.000 done_count=125
[upd 250] u=0 upd_ctr=22 opt_step=352 E=1.000 g=0.171 VarTD=0.821722 ret_end=-23.528 dbar_end=0.562 occ_end=0.312 CSR_train=0.000 done_count=125
[upd 260] u=1 upd_ctr=24 opt_step=384 E=0.158 g=0.154 VarTD=0.709158 ret_end=-24.455 dbar_end=0.596 occ_end=0.290 CSR_train=0.000 done_count=100
[upd 270] u=0 upd_ctr=25 opt_step=400 E=0.363 g=0.167 VarTD=1.108495 ret_end=-23.350 dbar_end=0.569 occ_end=0.240 CSR_train=0.000 done_count=125
[upd 280] u=0 upd_ctr=26 opt_step=416 E=0.503 g=0.148 VarTD=1.232940 ret_end=-24.972 dbar_end=0.609 occ_end=0.184 CSR_train=0.000 done_count=125
[upd 290] u=0 upd_ctr=27 opt_step=432 E=0.709 g=0.178 VarTD=1.403225 ret_end=-23.289 dbar_end=0.550 occ_end=0.264 CSR_train=0.000 done_count=125
[upd 300] u=0 upd_ctr=28 opt_step=448 E=0.857 g=0.161 VarTD=1.548899 ret_end=-24.395 dbar_end=0.583 occ_end=0.216 CSR_train=0.000 done_count=125
[upd 310] u=1 upd_ctr=30 opt_step=480 E=0.177 g=0.181 VarTD=1.665847 ret_end=-23.990 dbar_end=0.544 occ_end=0.240 CSR_train=0.000 done_count=125
[Gate5 check] update_counter violations: t0=0 diffs=0
[Gate5 check] opt_step violations: t0=0 diffs=0 (expected_inc=16)
[Gate5 check] NaN masking: nan_on_skip=True finite_on_update=True
[Gate5 summary] mean_update_fraction=0.0962 final_executed_updates_mean=30.00
[Gate5 eval] done_count mean=100.0 CSR mean=0.0000 len_end_mean=26.00
[Gate5 eval] episodes_per_env=4 T_eval=104
[Gate5 eval-debug] locked_eps_occ=0.20 pre(step25): dbar_end=0.473909 occupied_end_mean=0.370000 max_tilde_end_mean=0.661469 CSR@locked=0.020000
[Gate5 eval-debug] locked_eps_occ=0.20 post(step26): dbar_end=0.475965 occupied_end_mean=0.320000 max_tilde_end_mean=0.671746 CSR@locked=0.000000
[Gate5 eval-debug] CSR_pre@0.10=0.0000 CSR_pre@0.15=0.0100 CSR_pre@0.20=0.0200 CSR_pre@0.25=0.0300 CSR_pre@0.30=0.0500
[Gate5 eval-debug] CSR_post@0.10=0.0000 CSR_post@0.15=0.0000 CSR_post@0.20=0.0000 CSR_post@0.25=0.0300 CSR_post@0.30=0.0500
