Importing submoduled environments...
Submoduled environments not found. Skipping import.
[upd 0] u=1 upd_ctr=1 opt_step=16 E=0.137 g=0.096 VarTD=0.126111 ret_end=-26.492 dbar_end=0.745 occ_end=0.140 CSR_train=0.000 done_count=100
[upd 10] u=0 upd_ctr=1 opt_step=16 E=0.978 g=0.101 VarTD=0.147310 ret_end=-26.592 dbar_end=0.729 occ_end=0.144 CSR_train=0.000 done_count=125
[upd 20] u=0 upd_ctr=2 opt_step=32 E=0.925 g=0.096 VarTD=0.154019 ret_end=-27.330 dbar_end=0.747 occ_end=0.128 CSR_train=0.000 done_count=125
[upd 30] u=0 upd_ctr=3 opt_step=48 E=0.886 g=0.110 VarTD=0.136030 ret_end=-25.514 dbar_end=0.703 occ_end=0.152 CSR_train=0.000 done_count=125
[upd 40] u=0 upd_ctr=4 opt_step=64 E=0.862 g=0.114 VarTD=0.131060 ret_end=-25.722 dbar_end=0.691 occ_end=0.136 CSR_train=0.000 done_count=125
[upd 50] u=0 upd_ctr=5 opt_step=80 E=0.795 g=0.094 VarTD=0.168099 ret_end=-27.808 dbar_end=0.752 occ_end=0.144 CSR_train=0.000 done_count=125
[upd 60] u=0 upd_ctr=6 opt_step=96 E=0.784 g=0.111 VarTD=0.144553 ret_end=-26.172 dbar_end=0.699 occ_end=0.160 CSR_train=0.000 done_count=125
[upd 70] u=0 upd_ctr=7 opt_step=112 E=0.832 g=0.108 VarTD=0.134689 ret_end=-26.655 dbar_end=0.710 occ_end=0.128 CSR_train=0.000 done_count=125
[upd 80] u=0 upd_ctr=8 opt_step=128 E=0.898 g=0.120 VarTD=0.148790 ret_end=-25.870 dbar_end=0.675 occ_end=0.184 CSR_train=0.000 done_count=125
[upd 90] u=0 upd_ctr=9 opt_step=144 E=1.000 g=0.133 VarTD=0.155443 ret_end=-25.666 dbar_end=0.642 occ_end=0.280 CSR_train=0.000 done_count=125
[upd 100] u=0 upd_ctr=11 opt_step=176 E=0.271 g=0.126 VarTD=0.182097 ret_end=-25.621 dbar_end=0.660 occ_end=0.232 CSR_train=0.000 done_count=125
[upd 110] u=0 upd_ctr=12 opt_step=192 E=0.477 g=0.137 VarTD=0.193991 ret_end=-25.639 dbar_end=0.633 occ_end=0.184 CSR_train=0.000 done_count=125
[upd 120] u=0 upd_ctr=13 opt_step=208 E=0.635 g=0.132 VarTD=0.234371 ret_end=-26.488 dbar_end=0.645 occ_end=0.224 CSR_train=0.000 done_count=125
[upd 130] u=0 upd_ctr=14 opt_step=224 E=0.895 g=0.130 VarTD=0.227253 ret_end=-26.195 dbar_end=0.649 occ_end=0.260 CSR_train=0.000 done_count=100
[upd 140] u=1 upd_ctr=16 opt_step=256 E=0.178 g=0.142 VarTD=0.282882 ret_end=-25.111 dbar_end=0.622 occ_end=0.192 CSR_train=0.000 done_count=125
[upd 150] u=0 upd_ctr=17 opt_step=272 E=0.580 g=0.163 VarTD=0.383388 ret_end=-24.028 dbar_end=0.578 occ_end=0.232 CSR_train=0.000 done_count=125
[upd 160] u=0 upd_ctr=18 opt_step=288 E=0.999 g=0.153 VarTD=0.439668 ret_end=-25.053 dbar_end=0.598 occ_end=0.264 CSR_train=0.000 done_count=125
[upd 170] u=0 upd_ctr=20 opt_step=320 E=0.472 g=0.156 VarTD=0.600917 ret_end=-24.596 dbar_end=0.592 occ_end=0.248 CSR_train=0.000 done_count=125
[upd 180] u=0 upd_ctr=21 opt_step=336 E=0.909 g=0.149 VarTD=0.638893 ret_end=-24.787 dbar_end=0.606 occ_end=0.224 CSR_train=0.000 done_count=125
[upd 190] u=0 upd_ctr=23 opt_step=368 E=0.334 g=0.156 VarTD=0.892280 ret_end=-24.414 dbar_end=0.592 occ_end=0.248 CSR_train=0.000 done_count=125
[upd 200] u=0 upd_ctr=24 opt_step=384 E=0.770 g=0.160 VarTD=0.953846 ret_end=-24.088 dbar_end=0.584 occ_end=0.216 CSR_train=0.000 done_count=125
[upd 210] u=1 upd_ctr=26 opt_step=416 E=0.187 g=0.152 VarTD=1.128433 ret_end=-24.279 dbar_end=0.601 occ_end=0.272 CSR_train=0.008 done_count=125
[upd 220] u=0 upd_ctr=27 opt_step=432 E=0.650 g=0.162 VarTD=1.383881 ret_end=-24.854 dbar_end=0.579 occ_end=0.256 CSR_train=0.000 done_count=125
[upd 230] u=0 upd_ctr=28 opt_step=448 E=1.000 g=0.173 VarTD=1.475724 ret_end=-23.294 dbar_end=0.559 occ_end=0.256 CSR_train=0.008 done_count=125
[upd 240] u=0 upd_ctr=30 opt_step=480 E=0.489 g=0.150 VarTD=1.706324 ret_end=-24.703 dbar_end=0.604 occ_end=0.208 CSR_train=0.000 done_count=125
[upd 250] u=0 upd_ctr=31 opt_step=496 E=1.000 g=0.180 VarTD=1.981297 ret_end=-24.677 dbar_end=0.547 occ_end=0.256 CSR_train=0.000 done_count=125
[upd 260] u=0 upd_ctr=33 opt_step=528 E=0.584 g=0.155 VarTD=1.788430 ret_end=-24.565 dbar_end=0.594 occ_end=0.180 CSR_train=0.000 done_count=100
[upd 270] u=1 upd_ctr=35 opt_step=560 E=0.166 g=0.167 VarTD=2.388514 ret_end=-23.345 dbar_end=0.570 occ_end=0.208 CSR_train=0.000 done_count=125
[upd 280] u=0 upd_ctr=36 opt_step=576 E=0.671 g=0.162 VarTD=2.727969 ret_end=-23.868 dbar_end=0.580 occ_end=0.248 CSR_train=0.000 done_count=125
[upd 290] u=0 upd_ctr=38 opt_step=608 E=0.361 g=0.180 VarTD=3.108855 ret_end=-24.260 dbar_end=0.545 occ_end=0.312 CSR_train=0.000 done_count=125
[upd 300] u=0 upd_ctr=39 opt_step=624 E=0.941 g=0.153 VarTD=3.171570 ret_end=-24.427 dbar_end=0.598 occ_end=0.192 CSR_train=0.000 done_count=125
[upd 310] u=0 upd_ctr=41 opt_step=656 E=0.367 g=0.184 VarTD=3.467297 ret_end=-22.718 dbar_end=0.539 occ_end=0.344 CSR_train=0.000 done_count=125
[Gate5 check] update_counter violations: t0=0 diffs=0
[Gate5 check] opt_step violations: t0=0 diffs=0 (expected_inc=16)
[Gate5 check] NaN masking: nan_on_skip=True finite_on_update=True
[Gate5 summary] mean_update_fraction=0.1314 final_executed_updates_mean=41.00
[Gate5 eval] done_count mean=100.0 CSR mean=0.0000 len_end_mean=26.00
[Gate5 eval] episodes_per_env=4 T_eval=104
[Gate5 eval-debug] locked_eps_occ=0.20 pre(step25): dbar_end=0.487032 occupied_end_mean=0.380000 max_tilde_end_mean=0.703631 CSR@locked=0.000000
[Gate5 eval-debug] locked_eps_occ=0.20 post(step26): dbar_end=0.483042 occupied_end_mean=0.380000 max_tilde_end_mean=0.695937 CSR@locked=0.000000
[Gate5 eval-debug] CSR_pre@0.10=0.0000 CSR_pre@0.15=0.0000 CSR_pre@0.20=0.0000 CSR_pre@0.25=0.0200 CSR_pre@0.30=0.0300
[Gate5 eval-debug] CSR_post@0.10=0.0000 CSR_post@0.15=0.0000 CSR_post@0.20=0.0000 CSR_post@0.25=0.0200 CSR_post@0.30=0.0600
