Importing submoduled environments...
Submoduled environments not found. Skipping import.
[upd 0] u=1 upd_ctr=1 opt_step=16 E=0.172 g=0.090 VarTD=0.142063 ret_end=-26.625 dbar_end=0.768 occ_end=0.090 CSR_train=0.000 done_count=100
[upd 10] u=0 upd_ctr=1 opt_step=16 E=0.936 g=0.103 VarTD=0.114452 ret_end=-26.589 dbar_end=0.723 occ_end=0.104 CSR_train=0.000 done_count=125
[upd 20] u=0 upd_ctr=2 opt_step=32 E=0.844 g=0.102 VarTD=0.163353 ret_end=-26.810 dbar_end=0.726 occ_end=0.104 CSR_train=0.000 done_count=125
[upd 30] u=0 upd_ctr=3 opt_step=48 E=0.790 g=0.102 VarTD=0.152918 ret_end=-27.792 dbar_end=0.728 occ_end=0.208 CSR_train=0.000 done_count=125
[upd 40] u=0 upd_ctr=4 opt_step=64 E=0.774 g=0.107 VarTD=0.131075 ret_end=-26.194 dbar_end=0.711 occ_end=0.168 CSR_train=0.000 done_count=125
[upd 50] u=0 upd_ctr=5 opt_step=80 E=0.812 g=0.118 VarTD=0.141637 ret_end=-25.944 dbar_end=0.680 occ_end=0.232 CSR_train=0.000 done_count=125
[upd 60] u=0 upd_ctr=6 opt_step=96 E=0.826 g=0.109 VarTD=0.142450 ret_end=-25.710 dbar_end=0.705 occ_end=0.192 CSR_train=0.000 done_count=125
[upd 70] u=0 upd_ctr=7 opt_step=112 E=0.876 g=0.119 VarTD=0.128772 ret_end=-25.118 dbar_end=0.678 occ_end=0.160 CSR_train=0.000 done_count=125
[upd 80] u=1 upd_ctr=9 opt_step=144 E=0.124 g=0.128 VarTD=0.180200 ret_end=-25.821 dbar_end=0.655 occ_end=0.280 CSR_train=0.000 done_count=125
[upd 90] u=0 upd_ctr=10 opt_step=160 E=0.261 g=0.127 VarTD=0.164180 ret_end=-26.058 dbar_end=0.658 occ_end=0.192 CSR_train=0.000 done_count=125
[upd 100] u=0 upd_ctr=11 opt_step=176 E=0.438 g=0.136 VarTD=0.180894 ret_end=-25.425 dbar_end=0.637 occ_end=0.216 CSR_train=0.000 done_count=125
[upd 110] u=0 upd_ctr=12 opt_step=192 E=0.648 g=0.142 VarTD=0.220849 ret_end=-25.730 dbar_end=0.622 occ_end=0.280 CSR_train=0.000 done_count=125
[upd 120] u=0 upd_ctr=13 opt_step=208 E=0.889 g=0.138 VarTD=0.223003 ret_end=-24.966 dbar_end=0.631 occ_end=0.240 CSR_train=0.000 done_count=125
[upd 130] u=0 upd_ctr=15 opt_step=240 E=0.278 g=0.153 VarTD=0.272745 ret_end=-24.612 dbar_end=0.599 occ_end=0.210 CSR_train=0.000 done_count=100
[upd 140] u=0 upd_ctr=16 opt_step=256 E=0.558 g=0.152 VarTD=0.362300 ret_end=-23.791 dbar_end=0.599 occ_end=0.272 CSR_train=0.000 done_count=125
[upd 150] u=0 upd_ctr=17 opt_step=272 E=0.900 g=0.162 VarTD=0.408968 ret_end=-23.924 dbar_end=0.579 occ_end=0.200 CSR_train=0.000 done_count=125
[upd 160] u=0 upd_ctr=19 opt_step=304 E=0.423 g=0.175 VarTD=0.579296 ret_end=-24.264 dbar_end=0.556 occ_end=0.264 CSR_train=0.000 done_count=125
[upd 170] u=0 upd_ctr=20 opt_step=320 E=0.852 g=0.169 VarTD=0.665447 ret_end=-23.724 dbar_end=0.567 occ_end=0.248 CSR_train=0.000 done_count=125
[upd 180] u=0 upd_ctr=22 opt_step=352 E=0.383 g=0.180 VarTD=0.830298 ret_end=-23.761 dbar_end=0.546 occ_end=0.304 CSR_train=0.000 done_count=125
[upd 190] u=0 upd_ctr=23 opt_step=368 E=0.847 g=0.168 VarTD=0.961998 ret_end=-24.407 dbar_end=0.569 occ_end=0.248 CSR_train=0.000 done_count=125
[upd 200] u=0 upd_ctr=25 opt_step=400 E=0.379 g=0.166 VarTD=1.141439 ret_end=-23.704 dbar_end=0.573 occ_end=0.256 CSR_train=0.000 done_count=125
[upd 210] u=0 upd_ctr=26 opt_step=416 E=0.854 g=0.161 VarTD=1.250955 ret_end=-25.393 dbar_end=0.582 occ_end=0.264 CSR_train=0.000 done_count=125
[upd 220] u=0 upd_ctr=28 opt_step=448 E=0.422 g=0.168 VarTD=1.556846 ret_end=-24.231 dbar_end=0.567 occ_end=0.232 CSR_train=0.000 done_count=125
[upd 230] u=0 upd_ctr=29 opt_step=464 E=0.903 g=0.183 VarTD=1.728170 ret_end=-22.659 dbar_end=0.541 occ_end=0.264 CSR_train=0.000 done_count=125
[upd 240] u=0 upd_ctr=31 opt_step=496 E=0.484 g=0.173 VarTD=2.033873 ret_end=-23.366 dbar_end=0.560 occ_end=0.272 CSR_train=0.008 done_count=125
[upd 250] u=0 upd_ctr=32 opt_step=512 E=0.935 g=0.186 VarTD=2.190942 ret_end=-23.644 dbar_end=0.536 occ_end=0.288 CSR_train=0.000 done_count=125
[upd 260] u=0 upd_ctr=34 opt_step=544 E=0.471 g=0.162 VarTD=2.002237 ret_end=-24.212 dbar_end=0.580 occ_end=0.290 CSR_train=0.010 done_count=100
[upd 270] u=0 upd_ctr=35 opt_step=560 E=0.874 g=0.171 VarTD=2.599392 ret_end=-23.123 dbar_end=0.562 occ_end=0.240 CSR_train=0.000 done_count=125
[upd 280] u=0 upd_ctr=37 opt_step=592 E=0.372 g=0.167 VarTD=2.928610 ret_end=-23.546 dbar_end=0.571 occ_end=0.304 CSR_train=0.008 done_count=125
[upd 290] u=0 upd_ctr=38 opt_step=608 E=0.783 g=0.177 VarTD=3.124091 ret_end=-22.802 dbar_end=0.552 occ_end=0.248 CSR_train=0.008 done_count=125
[upd 300] u=0 upd_ctr=40 opt_step=640 E=0.332 g=0.178 VarTD=3.508518 ret_end=-23.173 dbar_end=0.549 occ_end=0.192 CSR_train=0.000 done_count=125
[upd 310] u=0 upd_ctr=41 opt_step=656 E=0.799 g=0.181 VarTD=3.694038 ret_end=-23.890 dbar_end=0.544 occ_end=0.368 CSR_train=0.016 done_count=125
[Gate5 check] update_counter violations: t0=0 diffs=0
[Gate5 check] opt_step violations: t0=0 diffs=0 (expected_inc=16)
[Gate5 check] NaN masking: nan_on_skip=True finite_on_update=True
[Gate5 summary] mean_update_fraction=0.1314 final_executed_updates_mean=41.00
[Gate5 eval] done_count mean=100.0 CSR mean=0.0000 len_end_mean=26.00
[Gate5 eval] episodes_per_env=4 T_eval=104
[Gate5 eval-debug] locked_eps_occ=0.20 pre(step25): dbar_end=0.492919 occupied_end_mean=0.470000 max_tilde_end_mean=0.722186 CSR@locked=0.000000
[Gate5 eval-debug] locked_eps_occ=0.20 post(step26): dbar_end=0.496895 occupied_end_mean=0.490000 max_tilde_end_mean=0.736511 CSR@locked=0.000000
[Gate5 eval-debug] CSR_pre@0.10=0.0000 CSR_pre@0.15=0.0000 CSR_pre@0.20=0.0000 CSR_pre@0.25=0.0100 CSR_pre@0.30=0.0300
[Gate5 eval-debug] CSR_post@0.10=0.0000 CSR_post@0.15=0.0000 CSR_post@0.20=0.0000 CSR_post@0.25=0.0100 CSR_post@0.30=0.0400
