Importing submoduled environments...
Submoduled environments not found. Skipping import.
[upd 0] u=1 upd_ctr=1 opt_step=16 E=0.017 g=0.087 VarTD=0.161819 ret_end=-28.699 dbar_end=0.778 occ_end=0.120 CSR_train=0.000 done_count=100
[upd 10] u=0 upd_ctr=1 opt_step=16 E=0.194 g=0.081 VarTD=0.173819 ret_end=-28.772 dbar_end=0.801 occ_end=0.160 CSR_train=0.000 done_count=125
[upd 20] u=0 upd_ctr=1 opt_step=16 E=0.378 g=0.085 VarTD=0.140062 ret_end=-27.013 dbar_end=0.785 occ_end=0.144 CSR_train=0.000 done_count=125
[upd 30] u=0 upd_ctr=1 opt_step=16 E=0.559 g=0.114 VarTD=0.139956 ret_end=-25.825 dbar_end=0.693 occ_end=0.208 CSR_train=0.000 done_count=125
[upd 40] u=0 upd_ctr=1 opt_step=16 E=0.745 g=0.086 VarTD=0.138724 ret_end=-27.201 dbar_end=0.782 occ_end=0.136 CSR_train=0.000 done_count=125
[upd 50] u=0 upd_ctr=1 opt_step=16 E=0.931 g=0.093 VarTD=0.171666 ret_end=-27.713 dbar_end=0.755 occ_end=0.144 CSR_train=0.000 done_count=125
[upd 60] u=0 upd_ctr=2 opt_step=32 E=0.110 g=0.087 VarTD=0.189754 ret_end=-28.245 dbar_end=0.779 occ_end=0.152 CSR_train=0.000 done_count=125
[upd 70] u=0 upd_ctr=2 opt_step=32 E=0.306 g=0.100 VarTD=0.153356 ret_end=-26.897 dbar_end=0.732 occ_end=0.208 CSR_train=0.000 done_count=125
[upd 80] u=0 upd_ctr=2 opt_step=32 E=0.496 g=0.083 VarTD=0.162742 ret_end=-29.197 dbar_end=0.792 occ_end=0.104 CSR_train=0.000 done_count=125
[upd 90] u=0 upd_ctr=2 opt_step=32 E=0.690 g=0.081 VarTD=0.232171 ret_end=-28.509 dbar_end=0.799 occ_end=0.096 CSR_train=0.000 done_count=125
[upd 100] u=0 upd_ctr=2 opt_step=32 E=0.880 g=0.090 VarTD=0.158512 ret_end=-27.475 dbar_end=0.766 occ_end=0.152 CSR_train=0.000 done_count=125
[upd 110] u=0 upd_ctr=3 opt_step=48 E=0.080 g=0.086 VarTD=0.172012 ret_end=-28.044 dbar_end=0.782 occ_end=0.144 CSR_train=0.008 done_count=125
[upd 120] u=0 upd_ctr=3 opt_step=48 E=0.281 g=0.101 VarTD=0.126653 ret_end=-26.327 dbar_end=0.731 occ_end=0.192 CSR_train=0.000 done_count=125
[upd 130] u=0 upd_ctr=3 opt_step=48 E=0.487 g=0.095 VarTD=0.143140 ret_end=-27.931 dbar_end=0.750 occ_end=0.140 CSR_train=0.000 done_count=100
[upd 140] u=0 upd_ctr=3 opt_step=48 E=0.684 g=0.097 VarTD=0.152343 ret_end=-27.548 dbar_end=0.743 occ_end=0.120 CSR_train=0.000 done_count=125
[upd 150] u=0 upd_ctr=3 opt_step=48 E=0.886 g=0.111 VarTD=0.148524 ret_end=-26.590 dbar_end=0.700 occ_end=0.168 CSR_train=0.000 done_count=125
[upd 160] u=0 upd_ctr=4 opt_step=64 E=0.084 g=0.127 VarTD=0.133652 ret_end=-24.728 dbar_end=0.657 occ_end=0.288 CSR_train=0.008 done_count=125
[upd 170] u=0 upd_ctr=4 opt_step=64 E=0.302 g=0.113 VarTD=0.134295 ret_end=-25.731 dbar_end=0.695 occ_end=0.200 CSR_train=0.000 done_count=125
[upd 180] u=0 upd_ctr=4 opt_step=64 E=0.499 g=0.106 VarTD=0.127426 ret_end=-25.914 dbar_end=0.714 occ_end=0.208 CSR_train=0.000 done_count=125
[upd 190] u=0 upd_ctr=4 opt_step=64 E=0.705 g=0.116 VarTD=0.119298 ret_end=-25.170 dbar_end=0.687 occ_end=0.216 CSR_train=0.000 done_count=125
[upd 200] u=0 upd_ctr=4 opt_step=64 E=0.910 g=0.109 VarTD=0.127410 ret_end=-26.761 dbar_end=0.707 occ_end=0.152 CSR_train=0.000 done_count=125
[upd 210] u=0 upd_ctr=5 opt_step=80 E=0.108 g=0.104 VarTD=0.163868 ret_end=-27.279 dbar_end=0.720 occ_end=0.144 CSR_train=0.000 done_count=125
[upd 220] u=0 upd_ctr=5 opt_step=80 E=0.319 g=0.109 VarTD=0.148161 ret_end=-26.559 dbar_end=0.705 occ_end=0.232 CSR_train=0.000 done_count=125
[upd 230] u=0 upd_ctr=5 opt_step=80 E=0.539 g=0.105 VarTD=0.128075 ret_end=-26.565 dbar_end=0.719 occ_end=0.208 CSR_train=0.000 done_count=125
[upd 240] u=0 upd_ctr=5 opt_step=80 E=0.752 g=0.091 VarTD=0.166600 ret_end=-27.525 dbar_end=0.762 occ_end=0.152 CSR_train=0.000 done_count=125
[upd 250] u=0 upd_ctr=5 opt_step=80 E=0.960 g=0.109 VarTD=0.134433 ret_end=-26.527 dbar_end=0.706 occ_end=0.160 CSR_train=0.000 done_count=125
[upd 260] u=0 upd_ctr=6 opt_step=96 E=0.174 g=0.103 VarTD=0.129138 ret_end=-26.643 dbar_end=0.725 occ_end=0.140 CSR_train=0.000 done_count=100
[upd 270] u=0 upd_ctr=6 opt_step=96 E=0.396 g=0.119 VarTD=0.144176 ret_end=-26.247 dbar_end=0.677 occ_end=0.152 CSR_train=0.000 done_count=125
[upd 280] u=0 upd_ctr=6 opt_step=96 E=0.627 g=0.110 VarTD=0.132517 ret_end=-26.641 dbar_end=0.702 occ_end=0.120 CSR_train=0.000 done_count=125
[upd 290] u=0 upd_ctr=6 opt_step=96 E=0.844 g=0.106 VarTD=0.148829 ret_end=-26.943 dbar_end=0.715 occ_end=0.224 CSR_train=0.000 done_count=125
[upd 300] u=0 upd_ctr=7 opt_step=112 E=0.068 g=0.105 VarTD=0.162183 ret_end=-27.179 dbar_end=0.718 occ_end=0.216 CSR_train=0.000 done_count=125
[upd 310] u=0 upd_ctr=7 opt_step=112 E=0.294 g=0.111 VarTD=0.130507 ret_end=-26.361 dbar_end=0.699 occ_end=0.168 CSR_train=0.008 done_count=125
[Gate5 check] update_counter violations: t0=0 diffs=0
[Gate5 check] opt_step violations: t0=0 diffs=0 (expected_inc=16)
[Gate5 check] NaN masking: nan_on_skip=True finite_on_update=True
[Gate5 summary] mean_update_fraction=0.0224 final_executed_updates_mean=7.00
[Gate5 eval] done_count mean=100.0 CSR mean=0.0000 len_end_mean=26.00
[Gate5 eval] episodes_per_env=4 T_eval=104
[Gate5 eval-debug] locked_eps_occ=0.20 pre(step25): dbar_end=0.590909 occupied_end_mean=0.300000 max_tilde_end_mean=0.874575 CSR@locked=0.000000
[Gate5 eval-debug] locked_eps_occ=0.20 post(step26): dbar_end=0.585578 occupied_end_mean=0.330000 max_tilde_end_mean=0.863167 CSR@locked=0.000000
[Gate5 eval-debug] CSR_pre@0.10=0.0000 CSR_pre@0.15=0.0000 CSR_pre@0.20=0.0000 CSR_pre@0.25=0.0000 CSR_pre@0.30=0.0300
[Gate5 eval-debug] CSR_post@0.10=0.0000 CSR_post@0.15=0.0000 CSR_post@0.20=0.0000 CSR_post@0.25=0.0000 CSR_post@0.30=0.0100
