Importing submoduled environments...
Submoduled environments not found. Skipping import.
[upd 0] u=1 upd_ctr=1 opt_step=16 E=0.255 g=0.091 VarTD=0.177780 ret_end=-27.116 dbar_end=0.762 occ_end=0.220 CSR_train=0.000 done_count=100
[upd 10] u=0 upd_ctr=1 opt_step=16 E=0.801 g=0.084 VarTD=0.168711 ret_end=-27.749 dbar_end=0.791 occ_end=0.120 CSR_train=0.000 done_count=125
[upd 20] u=0 upd_ctr=2 opt_step=32 E=0.603 g=0.100 VarTD=0.137245 ret_end=-26.886 dbar_end=0.732 occ_end=0.160 CSR_train=0.000 done_count=125
[upd 30] u=0 upd_ctr=3 opt_step=48 E=0.423 g=0.094 VarTD=0.169521 ret_end=-27.490 dbar_end=0.754 occ_end=0.120 CSR_train=0.000 done_count=125
[upd 40] u=0 upd_ctr=4 opt_step=64 E=0.241 g=0.108 VarTD=0.149898 ret_end=-26.873 dbar_end=0.707 occ_end=0.232 CSR_train=0.000 done_count=125
[upd 50] u=1 upd_ctr=5 opt_step=80 E=0.097 g=0.111 VarTD=0.146892 ret_end=-25.560 dbar_end=0.700 occ_end=0.176 CSR_train=0.000 done_count=125
[upd 60] u=0 upd_ctr=5 opt_step=80 E=0.749 g=0.107 VarTD=0.159430 ret_end=-26.269 dbar_end=0.711 occ_end=0.160 CSR_train=0.000 done_count=125
[upd 70] u=0 upd_ctr=6 opt_step=96 E=0.622 g=0.100 VarTD=0.160461 ret_end=-26.771 dbar_end=0.734 occ_end=0.160 CSR_train=0.000 done_count=125
[upd 80] u=0 upd_ctr=7 opt_step=112 E=0.473 g=0.114 VarTD=0.140404 ret_end=-26.139 dbar_end=0.691 occ_end=0.144 CSR_train=0.000 done_count=125
[upd 90] u=0 upd_ctr=8 opt_step=128 E=0.363 g=0.119 VarTD=0.152063 ret_end=-26.046 dbar_end=0.677 occ_end=0.200 CSR_train=0.000 done_count=125
[upd 100] u=0 upd_ctr=9 opt_step=144 E=0.295 g=0.126 VarTD=0.152735 ret_end=-25.168 dbar_end=0.660 occ_end=0.208 CSR_train=0.000 done_count=125
[upd 110] u=0 upd_ctr=10 opt_step=160 E=0.232 g=0.125 VarTD=0.154956 ret_end=-25.629 dbar_end=0.661 occ_end=0.184 CSR_train=0.000 done_count=125
[upd 120] u=0 upd_ctr=11 opt_step=176 E=0.155 g=0.113 VarTD=0.188060 ret_end=-26.302 dbar_end=0.694 occ_end=0.232 CSR_train=0.000 done_count=125
[Gate5 check] update_counter violations: t0=0 diffs=0
[Gate5 check] opt_step violations: t0=0 diffs=0 (expected_inc=16)
[Gate5 check] NaN masking: nan_on_skip=True finite_on_update=True
[Gate5 summary] mean_update_fraction=0.0880 final_executed_updates_mean=11.00
[Gate5 eval] done_count mean=100.0 CSR mean=0.0000 len_end_mean=26.00
[Gate5 eval] episodes_per_env=4 T_eval=104
[Gate5 eval-debug] locked_eps_occ=0.20 pre(step25): dbar_end=0.479078 occupied_end_mean=0.410000 max_tilde_end_mean=0.679348 CSR@locked=0.010000
[Gate5 eval-debug] locked_eps_occ=0.20 post(step26): dbar_end=0.476027 occupied_end_mean=0.360000 max_tilde_end_mean=0.675291 CSR@locked=0.000000
[Gate5 eval-debug] CSR_pre@0.10=0.0000 CSR_pre@0.15=0.0000 CSR_pre@0.20=0.0100 CSR_pre@0.25=0.0100 CSR_pre@0.30=0.0200
[Gate5 eval-debug] CSR_post@0.10=0.0000 CSR_post@0.15=0.0000 CSR_post@0.20=0.0000 CSR_post@0.25=0.0100 CSR_post@0.30=0.0300
