Importing submoduled environments...
Submoduled environments not found. Skipping import.
[upd 0] u=1 upd_ctr=1 opt_step=16 E=0.155 g=0.091 VarTD=0.177780 ret_end=-27.116 dbar_end=0.762 occ_end=0.220 CSR_train=0.000 done_count=100
[upd 10] u=0 upd_ctr=1 opt_step=16 E=0.701 g=0.084 VarTD=0.168711 ret_end=-27.749 dbar_end=0.791 occ_end=0.120 CSR_train=0.000 done_count=125
[upd 20] u=0 upd_ctr=2 opt_step=32 E=0.397 g=0.100 VarTD=0.138302 ret_end=-26.802 dbar_end=0.733 occ_end=0.160 CSR_train=0.000 done_count=125
[upd 30] u=0 upd_ctr=3 opt_step=48 E=0.127 g=0.097 VarTD=0.164669 ret_end=-27.258 dbar_end=0.742 occ_end=0.160 CSR_train=0.000 done_count=125
[upd 40] u=0 upd_ctr=3 opt_step=48 E=0.763 g=0.108 VarTD=0.143358 ret_end=-26.911 dbar_end=0.710 occ_end=0.248 CSR_train=0.000 done_count=125
[upd 50] u=0 upd_ctr=4 opt_step=64 E=0.532 g=0.117 VarTD=0.143509 ret_end=-25.270 dbar_end=0.685 occ_end=0.224 CSR_train=0.000 done_count=125
[upd 60] u=0 upd_ctr=5 opt_step=80 E=0.276 g=0.100 VarTD=0.161594 ret_end=-26.507 dbar_end=0.733 occ_end=0.128 CSR_train=0.000 done_count=125
[upd 70] u=0 upd_ctr=5 opt_step=80 E=0.947 g=0.105 VarTD=0.162433 ret_end=-26.665 dbar_end=0.716 occ_end=0.264 CSR_train=0.008 done_count=125
[upd 80] u=0 upd_ctr=6 opt_step=96 E=0.711 g=0.118 VarTD=0.136947 ret_end=-25.955 dbar_end=0.680 occ_end=0.176 CSR_train=0.000 done_count=125
[upd 90] u=0 upd_ctr=7 opt_step=112 E=0.508 g=0.122 VarTD=0.138589 ret_end=-26.074 dbar_end=0.671 occ_end=0.208 CSR_train=0.000 done_count=125
[upd 100] u=0 upd_ctr=8 opt_step=128 E=0.342 g=0.129 VarTD=0.144407 ret_end=-25.213 dbar_end=0.652 occ_end=0.200 CSR_train=0.000 done_count=125
[upd 110] u=0 upd_ctr=9 opt_step=144 E=0.162 g=0.125 VarTD=0.152163 ret_end=-25.552 dbar_end=0.661 occ_end=0.184 CSR_train=0.000 done_count=125
[upd 120] u=0 upd_ctr=9 opt_step=144 E=0.893 g=0.111 VarTD=0.161498 ret_end=-26.345 dbar_end=0.699 occ_end=0.184 CSR_train=0.000 done_count=125
[upd 130] u=0 upd_ctr=10 opt_step=160 E=0.745 g=0.127 VarTD=0.148012 ret_end=-24.646 dbar_end=0.656 occ_end=0.140 CSR_train=0.000 done_count=100
[upd 140] u=0 upd_ctr=11 opt_step=176 E=0.642 g=0.145 VarTD=0.209418 ret_end=-24.833 dbar_end=0.615 occ_end=0.296 CSR_train=0.000 done_count=125
[upd 150] u=0 upd_ctr=12 opt_step=192 E=0.580 g=0.149 VarTD=0.196125 ret_end=-24.206 dbar_end=0.607 occ_end=0.304 CSR_train=0.000 done_count=125
[upd 160] u=0 upd_ctr=13 opt_step=208 E=0.518 g=0.136 VarTD=0.213856 ret_end=-25.674 dbar_end=0.636 occ_end=0.240 CSR_train=0.000 done_count=125
[upd 170] u=0 upd_ctr=14 opt_step=224 E=0.480 g=0.141 VarTD=0.244869 ret_end=-24.878 dbar_end=0.624 occ_end=0.192 CSR_train=0.000 done_count=125
[upd 180] u=0 upd_ctr=15 opt_step=240 E=0.470 g=0.150 VarTD=0.278523 ret_end=-24.596 dbar_end=0.604 occ_end=0.216 CSR_train=0.000 done_count=125
[upd 190] u=0 upd_ctr=16 opt_step=256 E=0.476 g=0.134 VarTD=0.378510 ret_end=-26.561 dbar_end=0.639 occ_end=0.152 CSR_train=0.000 done_count=125
[upd 200] u=0 upd_ctr=17 opt_step=272 E=0.500 g=0.140 VarTD=0.418170 ret_end=-24.374 dbar_end=0.625 occ_end=0.160 CSR_train=0.000 done_count=125
[upd 210] u=0 upd_ctr=18 opt_step=288 E=0.521 g=0.149 VarTD=0.505238 ret_end=-24.164 dbar_end=0.606 occ_end=0.232 CSR_train=0.008 done_count=125
[upd 220] u=0 upd_ctr=19 opt_step=304 E=0.563 g=0.150 VarTD=0.563508 ret_end=-23.802 dbar_end=0.605 occ_end=0.224 CSR_train=0.000 done_count=125
[upd 230] u=0 upd_ctr=20 opt_step=320 E=0.647 g=0.165 VarTD=0.711529 ret_end=-24.500 dbar_end=0.574 occ_end=0.248 CSR_train=0.008 done_count=125
[upd 240] u=0 upd_ctr=21 opt_step=336 E=0.749 g=0.163 VarTD=0.786101 ret_end=-24.541 dbar_end=0.577 occ_end=0.288 CSR_train=0.000 done_count=125
[upd 250] u=0 upd_ctr=22 opt_step=352 E=0.844 g=0.163 VarTD=0.855959 ret_end=-24.546 dbar_end=0.578 occ_end=0.264 CSR_train=0.000 done_count=125
[upd 260] u=0 upd_ctr=23 opt_step=368 E=0.963 g=0.168 VarTD=0.796040 ret_end=-22.787 dbar_end=0.567 occ_end=0.310 CSR_train=0.020 done_count=100
[upd 270] u=1 upd_ctr=25 opt_step=400 E=0.144 g=0.169 VarTD=1.101516 ret_end=-24.007 dbar_end=0.566 occ_end=0.280 CSR_train=0.000 done_count=125
[upd 280] u=0 upd_ctr=26 opt_step=416 E=0.206 g=0.156 VarTD=1.412251 ret_end=-25.270 dbar_end=0.591 occ_end=0.280 CSR_train=0.000 done_count=125
[upd 290] u=0 upd_ctr=27 opt_step=432 E=0.335 g=0.192 VarTD=1.561826 ret_end=-22.529 dbar_end=0.525 occ_end=0.304 CSR_train=0.000 done_count=125
[upd 300] u=0 upd_ctr=28 opt_step=448 E=0.410 g=0.167 VarTD=1.679640 ret_end=-24.246 dbar_end=0.571 occ_end=0.296 CSR_train=0.000 done_count=125
[upd 310] u=0 upd_ctr=29 opt_step=464 E=0.495 g=0.160 VarTD=1.839527 ret_end=-24.804 dbar_end=0.583 occ_end=0.232 CSR_train=0.000 done_count=125
[Gate5 check] update_counter violations: t0=0 diffs=0
[Gate5 check] opt_step violations: t0=0 diffs=0 (expected_inc=16)
[Gate5 check] NaN masking: nan_on_skip=True finite_on_update=True
[Gate5 summary] mean_update_fraction=0.0929 final_executed_updates_mean=29.00
[Gate5 eval] done_count mean=100.0 CSR mean=0.0000 len_end_mean=26.00
[Gate5 eval] episodes_per_env=4 T_eval=104
[Gate5 eval-debug] locked_eps_occ=0.20 pre(step25): dbar_end=0.487890 occupied_end_mean=0.400000 max_tilde_end_mean=0.707143 CSR@locked=0.000000
[Gate5 eval-debug] locked_eps_occ=0.20 post(step26): dbar_end=0.490113 occupied_end_mean=0.310000 max_tilde_end_mean=0.704254 CSR@locked=0.000000
[Gate5 eval-debug] CSR_pre@0.10=0.0000 CSR_pre@0.15=0.0000 CSR_pre@0.20=0.0000 CSR_pre@0.25=0.0000 CSR_pre@0.30=0.0000
[Gate5 eval-debug] CSR_post@0.10=0.0000 CSR_post@0.15=0.0000 CSR_post@0.20=0.0000 CSR_post@0.25=0.0000 CSR_post@0.30=0.0000
