Importing submoduled environments...
Submoduled environments not found. Skipping import.
[upd 0] u=1 upd_ctr=1 opt_step=16 E=0.426 g=0.087 VarTD=0.161819 ret_end=-28.699 dbar_end=0.778 occ_end=0.120 CSR_train=0.000 done_count=100
[upd 10] u=0 upd_ctr=2 opt_step=32 E=0.095 g=0.087 VarTD=0.165408 ret_end=-28.382 dbar_end=0.777 occ_end=0.192 CSR_train=0.000 done_count=125
[upd 20] u=0 upd_ctr=2 opt_step=32 E=0.382 g=0.091 VarTD=0.138476 ret_end=-26.929 dbar_end=0.765 occ_end=0.128 CSR_train=0.000 done_count=125
[upd 30] u=0 upd_ctr=3 opt_step=48 E=0.069 g=0.116 VarTD=0.147420 ret_end=-25.737 dbar_end=0.686 occ_end=0.208 CSR_train=0.000 done_count=125
[upd 40] u=0 upd_ctr=3 opt_step=48 E=0.367 g=0.094 VarTD=0.138203 ret_end=-26.824 dbar_end=0.754 occ_end=0.144 CSR_train=0.000 done_count=125
[upd 50] u=0 upd_ctr=4 opt_step=64 E=0.064 g=0.098 VarTD=0.175711 ret_end=-27.405 dbar_end=0.739 occ_end=0.224 CSR_train=0.000 done_count=125
[upd 60] u=0 upd_ctr=4 opt_step=64 E=0.363 g=0.093 VarTD=0.186925 ret_end=-27.751 dbar_end=0.758 occ_end=0.144 CSR_train=0.000 done_count=125
[upd 70] u=0 upd_ctr=5 opt_step=80 E=0.075 g=0.114 VarTD=0.148748 ret_end=-26.209 dbar_end=0.691 occ_end=0.168 CSR_train=0.000 done_count=125
[upd 80] u=0 upd_ctr=5 opt_step=80 E=0.394 g=0.090 VarTD=0.173303 ret_end=-28.638 dbar_end=0.768 occ_end=0.120 CSR_train=0.000 done_count=125
[upd 90] u=0 upd_ctr=6 opt_step=96 E=0.107 g=0.090 VarTD=0.233566 ret_end=-27.865 dbar_end=0.768 occ_end=0.128 CSR_train=0.000 done_count=125
[upd 100] u=0 upd_ctr=6 opt_step=96 E=0.433 g=0.100 VarTD=0.162639 ret_end=-26.924 dbar_end=0.733 occ_end=0.144 CSR_train=0.000 done_count=125
[upd 110] u=0 upd_ctr=7 opt_step=112 E=0.173 g=0.101 VarTD=0.171958 ret_end=-27.140 dbar_end=0.731 occ_end=0.152 CSR_train=0.000 done_count=125
[upd 120] u=0 upd_ctr=7 opt_step=112 E=0.517 g=0.114 VarTD=0.127333 ret_end=-25.452 dbar_end=0.691 occ_end=0.144 CSR_train=0.000 done_count=125
[Gate5 check] update_counter violations: t0=0 diffs=0
[Gate5 check] opt_step violations: t0=0 diffs=0 (expected_inc=16)
[Gate5 check] NaN masking: nan_on_skip=True finite_on_update=True
[Gate5 summary] mean_update_fraction=0.0640 final_executed_updates_mean=8.00
[Gate5 eval] done_count mean=100.0 CSR mean=0.0100 len_end_mean=26.00
[Gate5 eval] episodes_per_env=4 T_eval=104
[Gate5 eval-debug] locked_eps_occ=0.20 pre(step25): dbar_end=0.561752 occupied_end_mean=0.250000 max_tilde_end_mean=0.825275 CSR@locked=0.000000
[Gate5 eval-debug] locked_eps_occ=0.20 post(step26): dbar_end=0.556157 occupied_end_mean=0.290000 max_tilde_end_mean=0.819843 CSR@locked=0.010000
[Gate5 eval-debug] CSR_pre@0.10=0.0000 CSR_pre@0.15=0.0000 CSR_pre@0.20=0.0000 CSR_pre@0.25=0.0000 CSR_pre@0.30=0.0100
[Gate5 eval-debug] CSR_post@0.10=0.0000 CSR_post@0.15=0.0000 CSR_post@0.20=0.0100 CSR_post@0.25=0.0100 CSR_post@0.30=0.0200
