Importing submoduled environments...
Submoduled environments not found. Skipping import.
[upd 0] u=1 upd_ctr=1 opt_step=16 E=0.009 g=0.093 VarTD=0.149936 ret_end=-27.435 dbar_end=0.756 occ_end=0.150 CSR_train=0.000 done_count=100
[upd 10] u=0 upd_ctr=1 opt_step=16 E=0.103 g=0.100 VarTD=0.132044 ret_end=-26.929 dbar_end=0.734 occ_end=0.192 CSR_train=0.000 done_count=125
[upd 20] u=0 upd_ctr=1 opt_step=16 E=0.204 g=0.107 VarTD=0.153948 ret_end=-26.021 dbar_end=0.712 occ_end=0.192 CSR_train=0.000 done_count=125
[upd 30] u=0 upd_ctr=1 opt_step=16 E=0.295 g=0.084 VarTD=0.174361 ret_end=-28.107 dbar_end=0.790 occ_end=0.136 CSR_train=0.008 done_count=125
[upd 40] u=0 upd_ctr=1 opt_step=16 E=0.385 g=0.091 VarTD=0.143332 ret_end=-27.531 dbar_end=0.765 occ_end=0.096 CSR_train=0.000 done_count=125
[upd 50] u=0 upd_ctr=1 opt_step=16 E=0.475 g=0.085 VarTD=0.137477 ret_end=-27.179 dbar_end=0.787 occ_end=0.104 CSR_train=0.000 done_count=125
[upd 60] u=0 upd_ctr=1 opt_step=16 E=0.563 g=0.090 VarTD=0.138519 ret_end=-27.667 dbar_end=0.765 occ_end=0.104 CSR_train=0.000 done_count=125
[upd 70] u=0 upd_ctr=1 opt_step=16 E=0.653 g=0.091 VarTD=0.150288 ret_end=-27.875 dbar_end=0.764 occ_end=0.144 CSR_train=0.000 done_count=125
[upd 80] u=0 upd_ctr=1 opt_step=16 E=0.750 g=0.098 VarTD=0.133671 ret_end=-26.280 dbar_end=0.741 occ_end=0.168 CSR_train=0.000 done_count=125
[upd 90] u=0 upd_ctr=1 opt_step=16 E=0.843 g=0.091 VarTD=0.139704 ret_end=-27.674 dbar_end=0.765 occ_end=0.184 CSR_train=0.000 done_count=125
[upd 100] u=0 upd_ctr=1 opt_step=16 E=0.933 g=0.092 VarTD=0.157378 ret_end=-26.533 dbar_end=0.760 occ_end=0.136 CSR_train=0.000 done_count=125
[upd 110] u=0 upd_ctr=2 opt_step=32 E=0.018 g=0.087 VarTD=0.139273 ret_end=-27.660 dbar_end=0.779 occ_end=0.120 CSR_train=0.000 done_count=125
[upd 120] u=0 upd_ctr=2 opt_step=32 E=0.115 g=0.106 VarTD=0.137622 ret_end=-26.201 dbar_end=0.715 occ_end=0.152 CSR_train=0.000 done_count=125
[upd 130] u=0 upd_ctr=2 opt_step=32 E=0.213 g=0.095 VarTD=0.184267 ret_end=-27.013 dbar_end=0.749 occ_end=0.190 CSR_train=0.000 done_count=100
[upd 140] u=0 upd_ctr=2 opt_step=32 E=0.309 g=0.095 VarTD=0.170692 ret_end=-26.579 dbar_end=0.751 occ_end=0.160 CSR_train=0.000 done_count=125
[upd 150] u=0 upd_ctr=2 opt_step=32 E=0.406 g=0.098 VarTD=0.129136 ret_end=-27.437 dbar_end=0.739 occ_end=0.176 CSR_train=0.000 done_count=125
[upd 160] u=0 upd_ctr=2 opt_step=32 E=0.501 g=0.094 VarTD=0.154726 ret_end=-27.803 dbar_end=0.753 occ_end=0.176 CSR_train=0.000 done_count=125
[upd 170] u=0 upd_ctr=2 opt_step=32 E=0.596 g=0.106 VarTD=0.133851 ret_end=-26.679 dbar_end=0.715 occ_end=0.144 CSR_train=0.000 done_count=125
[upd 180] u=0 upd_ctr=2 opt_step=32 E=0.690 g=0.112 VarTD=0.122067 ret_end=-25.858 dbar_end=0.696 occ_end=0.192 CSR_train=0.000 done_count=125
[upd 190] u=0 upd_ctr=2 opt_step=32 E=0.786 g=0.096 VarTD=0.134512 ret_end=-27.399 dbar_end=0.746 occ_end=0.136 CSR_train=0.000 done_count=125
[upd 200] u=0 upd_ctr=2 opt_step=32 E=0.880 g=0.092 VarTD=0.143401 ret_end=-28.153 dbar_end=0.760 occ_end=0.104 CSR_train=0.000 done_count=125
[upd 210] u=0 upd_ctr=2 opt_step=32 E=0.978 g=0.093 VarTD=0.155770 ret_end=-27.540 dbar_end=0.757 occ_end=0.160 CSR_train=0.000 done_count=125
[upd 220] u=0 upd_ctr=3 opt_step=48 E=0.073 g=0.101 VarTD=0.113675 ret_end=-26.478 dbar_end=0.730 occ_end=0.152 CSR_train=0.000 done_count=125
[upd 230] u=0 upd_ctr=3 opt_step=48 E=0.172 g=0.098 VarTD=0.132539 ret_end=-26.562 dbar_end=0.740 occ_end=0.144 CSR_train=0.000 done_count=125
[upd 240] u=0 upd_ctr=3 opt_step=48 E=0.277 g=0.110 VarTD=0.131349 ret_end=-26.666 dbar_end=0.703 occ_end=0.208 CSR_train=0.008 done_count=125
[upd 250] u=0 upd_ctr=3 opt_step=48 E=0.375 g=0.094 VarTD=0.162963 ret_end=-27.539 dbar_end=0.753 occ_end=0.120 CSR_train=0.000 done_count=125
[upd 260] u=0 upd_ctr=3 opt_step=48 E=0.480 g=0.105 VarTD=0.139899 ret_end=-26.163 dbar_end=0.719 occ_end=0.190 CSR_train=0.000 done_count=100
[upd 270] u=0 upd_ctr=3 opt_step=48 E=0.585 g=0.116 VarTD=0.151457 ret_end=-26.212 dbar_end=0.687 occ_end=0.200 CSR_train=0.000 done_count=125
[upd 280] u=0 upd_ctr=3 opt_step=48 E=0.690 g=0.112 VarTD=0.127713 ret_end=-25.174 dbar_end=0.696 occ_end=0.240 CSR_train=0.000 done_count=125
[upd 290] u=0 upd_ctr=3 opt_step=48 E=0.796 g=0.099 VarTD=0.155739 ret_end=-27.698 dbar_end=0.738 occ_end=0.192 CSR_train=0.000 done_count=125
[upd 300] u=0 upd_ctr=3 opt_step=48 E=0.896 g=0.118 VarTD=0.107846 ret_end=-25.435 dbar_end=0.682 occ_end=0.144 CSR_train=0.000 done_count=125
[upd 310] u=0 upd_ctr=3 opt_step=48 E=1.000 g=0.117 VarTD=0.123337 ret_end=-26.312 dbar_end=0.683 occ_end=0.216 CSR_train=0.000 done_count=125
[Gate5 check] update_counter violations: t0=0 diffs=0
[Gate5 check] opt_step violations: t0=0 diffs=0 (expected_inc=16)
[Gate5 check] NaN masking: nan_on_skip=True finite_on_update=True
[Gate5 summary] mean_update_fraction=0.0128 final_executed_updates_mean=4.00
[Gate5 eval] done_count mean=100.0 CSR mean=0.0000 len_end_mean=26.00
[Gate5 eval] episodes_per_env=4 T_eval=104
[Gate5 eval-debug] locked_eps_occ=0.20 pre(step25): dbar_end=0.534701 occupied_end_mean=0.330000 max_tilde_end_mean=0.780234 CSR@locked=0.000000
[Gate5 eval-debug] locked_eps_occ=0.20 post(step26): dbar_end=0.537182 occupied_end_mean=0.330000 max_tilde_end_mean=0.788008 CSR@locked=0.000000
[Gate5 eval-debug] CSR_pre@0.10=0.0000 CSR_pre@0.15=0.0000 CSR_pre@0.20=0.0000 CSR_pre@0.25=0.0200 CSR_pre@0.30=0.0200
[Gate5 eval-debug] CSR_post@0.10=0.0000 CSR_post@0.15=0.0000 CSR_post@0.20=0.0000 CSR_post@0.25=0.0100 CSR_post@0.30=0.0300
