Importing submoduled environments...
Submoduled environments not found. Skipping import.
[upd 0] u=1 upd_ctr=1 opt_step=16 E=0.139 g=0.099 VarTD=0.140656 ret_end=-26.323 dbar_end=0.738 occ_end=0.170 CSR_train=0.000 done_count=100
[upd 10] u=0 upd_ctr=1 opt_step=16 E=0.498 g=0.094 VarTD=0.164372 ret_end=-27.885 dbar_end=0.755 occ_end=0.144 CSR_train=0.000 done_count=125
[upd 20] u=0 upd_ctr=1 opt_step=16 E=0.853 g=0.085 VarTD=0.157447 ret_end=-28.074 dbar_end=0.784 occ_end=0.096 CSR_train=0.000 done_count=125
[upd 30] u=0 upd_ctr=2 opt_step=32 E=0.311 g=0.089 VarTD=0.182347 ret_end=-27.398 dbar_end=0.770 occ_end=0.168 CSR_train=0.000 done_count=125
[upd 40] u=0 upd_ctr=2 opt_step=32 E=0.676 g=0.091 VarTD=0.144416 ret_end=-27.317 dbar_end=0.765 occ_end=0.192 CSR_train=0.000 done_count=125
[upd 50] u=0 upd_ctr=3 opt_step=48 E=0.135 g=0.096 VarTD=0.134777 ret_end=-27.270 dbar_end=0.745 occ_end=0.128 CSR_train=0.000 done_count=125
[upd 60] u=0 upd_ctr=3 opt_step=48 E=0.516 g=0.086 VarTD=0.152099 ret_end=-27.617 dbar_end=0.780 occ_end=0.160 CSR_train=0.000 done_count=125
[upd 70] u=0 upd_ctr=3 opt_step=48 E=0.883 g=0.093 VarTD=0.144523 ret_end=-27.356 dbar_end=0.756 occ_end=0.128 CSR_train=0.000 done_count=125
[upd 80] u=0 upd_ctr=4 opt_step=64 E=0.361 g=0.092 VarTD=0.174888 ret_end=-27.321 dbar_end=0.758 occ_end=0.168 CSR_train=0.000 done_count=125
[upd 90] u=0 upd_ctr=4 opt_step=64 E=0.742 g=0.105 VarTD=0.138871 ret_end=-25.719 dbar_end=0.719 occ_end=0.208 CSR_train=0.000 done_count=125
[upd 100] u=0 upd_ctr=5 opt_step=80 E=0.244 g=0.092 VarTD=0.168059 ret_end=-27.752 dbar_end=0.760 occ_end=0.192 CSR_train=0.000 done_count=125
[upd 110] u=0 upd_ctr=5 opt_step=80 E=0.641 g=0.103 VarTD=0.146091 ret_end=-27.022 dbar_end=0.725 occ_end=0.176 CSR_train=0.000 done_count=125
[upd 120] u=0 upd_ctr=6 opt_step=96 E=0.147 g=0.113 VarTD=0.137990 ret_end=-26.539 dbar_end=0.694 occ_end=0.144 CSR_train=0.000 done_count=125
[upd 130] u=0 upd_ctr=6 opt_step=96 E=0.563 g=0.095 VarTD=0.142289 ret_end=-27.252 dbar_end=0.748 occ_end=0.150 CSR_train=0.000 done_count=100
[upd 140] u=1 upd_ctr=7 opt_step=112 E=0.078 g=0.105 VarTD=0.135627 ret_end=-26.285 dbar_end=0.718 occ_end=0.224 CSR_train=0.008 done_count=125
[upd 150] u=0 upd_ctr=7 opt_step=112 E=0.511 g=0.103 VarTD=0.175220 ret_end=-26.156 dbar_end=0.725 occ_end=0.176 CSR_train=0.000 done_count=125
[upd 160] u=0 upd_ctr=7 opt_step=112 E=0.926 g=0.117 VarTD=0.132759 ret_end=-25.822 dbar_end=0.683 occ_end=0.216 CSR_train=0.000 done_count=125
[upd 170] u=0 upd_ctr=8 opt_step=128 E=0.442 g=0.110 VarTD=0.159097 ret_end=-26.403 dbar_end=0.702 occ_end=0.184 CSR_train=0.000 done_count=125
[upd 180] u=0 upd_ctr=8 opt_step=128 E=0.870 g=0.102 VarTD=0.164819 ret_end=-27.101 dbar_end=0.727 occ_end=0.136 CSR_train=0.000 done_count=125
[upd 190] u=0 upd_ctr=9 opt_step=144 E=0.408 g=0.114 VarTD=0.182119 ret_end=-26.224 dbar_end=0.691 occ_end=0.200 CSR_train=0.000 done_count=125
[upd 200] u=0 upd_ctr=9 opt_step=144 E=0.853 g=0.105 VarTD=0.137945 ret_end=-26.129 dbar_end=0.717 occ_end=0.152 CSR_train=0.000 done_count=125
[upd 210] u=0 upd_ctr=10 opt_step=160 E=0.424 g=0.123 VarTD=0.176540 ret_end=-26.231 dbar_end=0.668 occ_end=0.248 CSR_train=0.000 done_count=125
[upd 220] u=0 upd_ctr=10 opt_step=160 E=0.898 g=0.120 VarTD=0.180687 ret_end=-26.538 dbar_end=0.676 occ_end=0.248 CSR_train=0.000 done_count=125
[upd 230] u=0 upd_ctr=11 opt_step=176 E=0.475 g=0.114 VarTD=0.156920 ret_end=-25.869 dbar_end=0.691 occ_end=0.192 CSR_train=0.000 done_count=125
[upd 240] u=1 upd_ctr=12 opt_step=192 E=0.053 g=0.129 VarTD=0.162168 ret_end=-25.450 dbar_end=0.652 occ_end=0.240 CSR_train=0.000 done_count=125
[upd 250] u=0 upd_ctr=12 opt_step=192 E=0.533 g=0.116 VarTD=0.228434 ret_end=-27.085 dbar_end=0.685 occ_end=0.240 CSR_train=0.008 done_count=125
[upd 260] u=0 upd_ctr=13 opt_step=208 E=0.095 g=0.099 VarTD=0.204680 ret_end=-27.383 dbar_end=0.736 occ_end=0.140 CSR_train=0.000 done_count=100
[upd 270] u=0 upd_ctr=13 opt_step=208 E=0.597 g=0.129 VarTD=0.218767 ret_end=-24.789 dbar_end=0.652 occ_end=0.184 CSR_train=0.000 done_count=125
[upd 280] u=0 upd_ctr=14 opt_step=224 E=0.195 g=0.143 VarTD=0.261588 ret_end=-24.868 dbar_end=0.620 occ_end=0.240 CSR_train=0.008 done_count=125
[upd 290] u=0 upd_ctr=14 opt_step=224 E=0.725 g=0.132 VarTD=0.232835 ret_end=-24.747 dbar_end=0.645 occ_end=0.208 CSR_train=0.000 done_count=125
[upd 300] u=0 upd_ctr=15 opt_step=240 E=0.349 g=0.134 VarTD=0.281697 ret_end=-25.279 dbar_end=0.639 occ_end=0.240 CSR_train=0.000 done_count=125
[upd 310] u=0 upd_ctr=15 opt_step=240 E=0.856 g=0.123 VarTD=0.285852 ret_end=-26.109 dbar_end=0.666 occ_end=0.096 CSR_train=0.000 done_count=125
[Gate5 check] update_counter violations: t0=0 diffs=0
[Gate5 check] opt_step violations: t0=0 diffs=0 (expected_inc=16)
[Gate5 check] NaN masking: nan_on_skip=True finite_on_update=True
[Gate5 summary] mean_update_fraction=0.0481 final_executed_updates_mean=15.00
[Gate5 eval] done_count mean=100.0 CSR mean=0.0000 len_end_mean=26.00
[Gate5 eval] episodes_per_env=4 T_eval=104
[Gate5 eval-debug] locked_eps_occ=0.20 pre(step25): dbar_end=0.552985 occupied_end_mean=0.410000 max_tilde_end_mean=0.835731 CSR@locked=0.010000
[Gate5 eval-debug] locked_eps_occ=0.20 post(step26): dbar_end=0.551455 occupied_end_mean=0.420000 max_tilde_end_mean=0.839994 CSR@locked=0.000000
[Gate5 eval-debug] CSR_pre@0.10=0.0000 CSR_pre@0.15=0.0000 CSR_pre@0.20=0.0100 CSR_pre@0.25=0.0100 CSR_pre@0.30=0.0100
[Gate5 eval-debug] CSR_post@0.10=0.0000 CSR_post@0.15=0.0000 CSR_post@0.20=0.0000 CSR_post@0.25=0.0000 CSR_post@0.30=0.0100
