Importing submoduled environments...
Submoduled environments not found. Skipping import.
[upd 0] u=1 upd_ctr=1 opt_step=16 E=0.085 g=0.085 VarTD=0.206615 ret_end=-28.597 dbar_end=0.786 occ_end=0.160 CSR_train=0.000 done_count=100
[upd 10] u=0 upd_ctr=1 opt_step=16 E=1.000 g=0.096 VarTD=0.212328 ret_end=-26.954 dbar_end=0.748 occ_end=0.176 CSR_train=0.000 done_count=125
[upd 20] u=0 upd_ctr=2 opt_step=32 E=1.000 g=0.101 VarTD=0.174004 ret_end=-26.380 dbar_end=0.732 occ_end=0.176 CSR_train=0.000 done_count=125
[upd 30] u=0 upd_ctr=3 opt_step=48 E=1.000 g=0.103 VarTD=0.190399 ret_end=-26.892 dbar_end=0.723 occ_end=0.136 CSR_train=0.000 done_count=125
[upd 40] u=0 upd_ctr=4 opt_step=64 E=1.000 g=0.099 VarTD=0.186371 ret_end=-27.566 dbar_end=0.735 occ_end=0.136 CSR_train=0.000 done_count=125
[upd 50] u=0 upd_ctr=5 opt_step=80 E=1.000 g=0.096 VarTD=0.204754 ret_end=-27.516 dbar_end=0.746 occ_end=0.128 CSR_train=0.000 done_count=125
[upd 60] u=1 upd_ctr=7 opt_step=112 E=0.108 g=0.108 VarTD=0.175495 ret_end=-26.542 dbar_end=0.708 occ_end=0.176 CSR_train=0.000 done_count=125
[upd 70] u=0 upd_ctr=8 opt_step=128 E=0.233 g=0.120 VarTD=0.184028 ret_end=-26.254 dbar_end=0.676 occ_end=0.224 CSR_train=0.000 done_count=125
[upd 80] u=0 upd_ctr=9 opt_step=144 E=0.336 g=0.122 VarTD=0.187756 ret_end=-26.262 dbar_end=0.669 occ_end=0.304 CSR_train=0.000 done_count=125
[upd 90] u=0 upd_ctr=10 opt_step=160 E=0.484 g=0.124 VarTD=0.192774 ret_end=-25.818 dbar_end=0.664 occ_end=0.232 CSR_train=0.000 done_count=125
[upd 100] u=0 upd_ctr=11 opt_step=176 E=0.789 g=0.140 VarTD=0.215390 ret_end=-24.962 dbar_end=0.626 occ_end=0.272 CSR_train=0.000 done_count=125
[upd 110] u=0 upd_ctr=12 opt_step=192 E=1.000 g=0.116 VarTD=0.224007 ret_end=-26.985 dbar_end=0.687 occ_end=0.160 CSR_train=0.000 done_count=125
[upd 120] u=0 upd_ctr=14 opt_step=224 E=0.268 g=0.140 VarTD=0.254795 ret_end=-24.612 dbar_end=0.626 occ_end=0.248 CSR_train=0.000 done_count=125
[upd 130] u=0 upd_ctr=15 opt_step=240 E=0.546 g=0.150 VarTD=0.270670 ret_end=-24.131 dbar_end=0.604 occ_end=0.190 CSR_train=0.000 done_count=100
[upd 140] u=0 upd_ctr=16 opt_step=256 E=0.817 g=0.133 VarTD=0.336402 ret_end=-25.617 dbar_end=0.643 occ_end=0.248 CSR_train=0.000 done_count=125
[upd 150] u=0 upd_ctr=17 opt_step=272 E=1.000 g=0.140 VarTD=0.397037 ret_end=-25.207 dbar_end=0.625 occ_end=0.232 CSR_train=0.000 done_count=125
[upd 160] u=0 upd_ctr=19 opt_step=304 E=0.291 g=0.153 VarTD=0.547227 ret_end=-24.672 dbar_end=0.598 occ_end=0.224 CSR_train=0.000 done_count=125
[upd 170] u=0 upd_ctr=20 opt_step=320 E=0.758 g=0.145 VarTD=0.624440 ret_end=-24.442 dbar_end=0.616 occ_end=0.256 CSR_train=0.000 done_count=125
[upd 180] u=1 upd_ctr=22 opt_step=352 E=0.150 g=0.150 VarTD=0.694975 ret_end=-24.107 dbar_end=0.603 occ_end=0.248 CSR_train=0.000 done_count=125
[upd 190] u=0 upd_ctr=23 opt_step=368 E=0.634 g=0.163 VarTD=0.906718 ret_end=-24.211 dbar_end=0.577 occ_end=0.272 CSR_train=0.000 done_count=125
[upd 200] u=0 upd_ctr=24 opt_step=384 E=1.000 g=0.156 VarTD=1.011796 ret_end=-24.217 dbar_end=0.593 occ_end=0.264 CSR_train=0.000 done_count=125
[upd 210] u=0 upd_ctr=26 opt_step=416 E=0.643 g=0.162 VarTD=1.268727 ret_end=-24.553 dbar_end=0.580 occ_end=0.240 CSR_train=0.000 done_count=125
[upd 220] u=0 upd_ctr=27 opt_step=432 E=1.000 g=0.164 VarTD=1.374711 ret_end=-23.843 dbar_end=0.575 occ_end=0.224 CSR_train=0.000 done_count=125
[upd 230] u=0 upd_ctr=29 opt_step=464 E=0.691 g=0.181 VarTD=1.714691 ret_end=-24.166 dbar_end=0.544 occ_end=0.320 CSR_train=0.000 done_count=125
[upd 240] u=1 upd_ctr=31 opt_step=496 E=0.184 g=0.184 VarTD=1.808808 ret_end=-23.181 dbar_end=0.540 occ_end=0.256 CSR_train=0.000 done_count=125
[upd 250] u=0 upd_ctr=32 opt_step=512 E=0.878 g=0.187 VarTD=2.078059 ret_end=-23.422 dbar_end=0.534 occ_end=0.400 CSR_train=0.000 done_count=125
[upd 260] u=0 upd_ctr=34 opt_step=544 E=0.343 g=0.173 VarTD=1.915035 ret_end=-23.005 dbar_end=0.559 occ_end=0.250 CSR_train=0.000 done_count=100
[upd 270] u=0 upd_ctr=35 opt_step=560 E=1.000 g=0.184 VarTD=2.590474 ret_end=-23.852 dbar_end=0.538 occ_end=0.272 CSR_train=0.000 done_count=125
[upd 280] u=0 upd_ctr=37 opt_step=592 E=0.696 g=0.164 VarTD=2.872911 ret_end=-23.784 dbar_end=0.576 occ_end=0.264 CSR_train=0.000 done_count=125
[upd 290] u=0 upd_ctr=39 opt_step=624 E=0.353 g=0.172 VarTD=3.181443 ret_end=-23.811 dbar_end=0.560 occ_end=0.288 CSR_train=0.000 done_count=125
[upd 300] u=0 upd_ctr=40 opt_step=640 E=1.000 g=0.209 VarTD=3.356644 ret_end=-22.968 dbar_end=0.499 occ_end=0.368 CSR_train=0.000 done_count=125
[upd 310] u=0 upd_ctr=42 opt_step=672 E=0.688 g=0.165 VarTD=3.626596 ret_end=-24.274 dbar_end=0.574 occ_end=0.280 CSR_train=0.008 done_count=125
[Gate5 check] update_counter violations: t0=0 diffs=0
[Gate5 check] opt_step violations: t0=0 diffs=0 (expected_inc=16)
[Gate5 check] NaN masking: nan_on_skip=True finite_on_update=True
[Gate5 summary] mean_update_fraction=0.1346 final_executed_updates_mean=42.00
[Gate5 eval] done_count mean=100.0 CSR mean=0.0100 len_end_mean=26.00
[Gate5 eval] episodes_per_env=4 T_eval=104
[Gate5 eval-debug] locked_eps_occ=0.20 pre(step25): dbar_end=0.516053 occupied_end_mean=0.310000 max_tilde_end_mean=0.730956 CSR@locked=0.000000
[Gate5 eval-debug] locked_eps_occ=0.20 post(step26): dbar_end=0.507764 occupied_end_mean=0.370000 max_tilde_end_mean=0.726735 CSR@locked=0.010000
[Gate5 eval-debug] CSR_pre@0.10=0.0000 CSR_pre@0.15=0.0000 CSR_pre@0.20=0.0000 CSR_pre@0.25=0.0000 CSR_pre@0.30=0.0100
[Gate5 eval-debug] CSR_post@0.10=0.0000 CSR_post@0.15=0.0000 CSR_post@0.20=0.0100 CSR_post@0.25=0.0300 CSR_post@0.30=0.0300
