Importing submoduled environments...
Submoduled environments not found. Skipping import.
[upd 0] u=1 upd_ctr=1 opt_step=16 E=0.008 g=0.084 VarTD=0.159484 ret_end=-27.958 dbar_end=0.788 occ_end=0.180 CSR_train=0.000 done_count=100
[upd 10] u=0 upd_ctr=1 opt_step=16 E=0.101 g=0.095 VarTD=0.154696 ret_end=-26.642 dbar_end=0.751 occ_end=0.136 CSR_train=0.000 done_count=125
[upd 20] u=0 upd_ctr=1 opt_step=16 E=0.193 g=0.095 VarTD=0.129269 ret_end=-26.530 dbar_end=0.751 occ_end=0.184 CSR_train=0.000 done_count=125
[upd 30] u=0 upd_ctr=1 opt_step=16 E=0.284 g=0.093 VarTD=0.169387 ret_end=-27.196 dbar_end=0.756 occ_end=0.152 CSR_train=0.000 done_count=125
[upd 40] u=0 upd_ctr=1 opt_step=16 E=0.375 g=0.096 VarTD=0.152425 ret_end=-27.501 dbar_end=0.747 occ_end=0.224 CSR_train=0.000 done_count=125
[upd 50] u=0 upd_ctr=1 opt_step=16 E=0.472 g=0.092 VarTD=0.140843 ret_end=-27.545 dbar_end=0.761 occ_end=0.112 CSR_train=0.000 done_count=125
[upd 60] u=0 upd_ctr=1 opt_step=16 E=0.565 g=0.087 VarTD=0.150278 ret_end=-28.118 dbar_end=0.778 occ_end=0.120 CSR_train=0.000 done_count=125
[upd 70] u=0 upd_ctr=1 opt_step=16 E=0.657 g=0.089 VarTD=0.173975 ret_end=-27.880 dbar_end=0.769 occ_end=0.112 CSR_train=0.000 done_count=125
[upd 80] u=0 upd_ctr=1 opt_step=16 E=0.752 g=0.104 VarTD=0.132126 ret_end=-26.384 dbar_end=0.722 occ_end=0.136 CSR_train=0.000 done_count=125
[upd 90] u=0 upd_ctr=1 opt_step=16 E=0.847 g=0.095 VarTD=0.138748 ret_end=-27.231 dbar_end=0.749 occ_end=0.136 CSR_train=0.000 done_count=125
[upd 100] u=0 upd_ctr=1 opt_step=16 E=0.943 g=0.098 VarTD=0.131422 ret_end=-26.259 dbar_end=0.739 occ_end=0.176 CSR_train=0.000 done_count=125
[upd 110] u=0 upd_ctr=2 opt_step=32 E=0.038 g=0.111 VarTD=0.139552 ret_end=-26.003 dbar_end=0.699 occ_end=0.192 CSR_train=0.000 done_count=125
[upd 120] u=0 upd_ctr=2 opt_step=32 E=0.134 g=0.104 VarTD=0.139936 ret_end=-26.347 dbar_end=0.720 occ_end=0.136 CSR_train=0.000 done_count=125
[upd 130] u=0 upd_ctr=2 opt_step=32 E=0.233 g=0.104 VarTD=0.131921 ret_end=-26.690 dbar_end=0.721 occ_end=0.150 CSR_train=0.000 done_count=100
[upd 140] u=0 upd_ctr=2 opt_step=32 E=0.328 g=0.099 VarTD=0.155517 ret_end=-26.882 dbar_end=0.737 occ_end=0.128 CSR_train=0.000 done_count=125
[upd 150] u=0 upd_ctr=2 opt_step=32 E=0.426 g=0.094 VarTD=0.148861 ret_end=-27.547 dbar_end=0.754 occ_end=0.200 CSR_train=0.000 done_count=125
[upd 160] u=0 upd_ctr=2 opt_step=32 E=0.530 g=0.106 VarTD=0.123350 ret_end=-25.142 dbar_end=0.715 occ_end=0.176 CSR_train=0.000 done_count=125
[upd 170] u=0 upd_ctr=2 opt_step=32 E=0.625 g=0.086 VarTD=0.158570 ret_end=-27.945 dbar_end=0.781 occ_end=0.144 CSR_train=0.000 done_count=125
[upd 180] u=0 upd_ctr=2 opt_step=32 E=0.723 g=0.098 VarTD=0.166096 ret_end=-26.378 dbar_end=0.739 occ_end=0.184 CSR_train=0.000 done_count=125
[upd 190] u=0 upd_ctr=2 opt_step=32 E=0.820 g=0.089 VarTD=0.151336 ret_end=-28.069 dbar_end=0.770 occ_end=0.128 CSR_train=0.000 done_count=125
[upd 200] u=0 upd_ctr=2 opt_step=32 E=0.919 g=0.109 VarTD=0.149801 ret_end=-25.663 dbar_end=0.707 occ_end=0.168 CSR_train=0.000 done_count=125
[upd 210] u=1 upd_ctr=3 opt_step=48 E=0.010 g=0.104 VarTD=0.149135 ret_end=-26.398 dbar_end=0.719 occ_end=0.120 CSR_train=0.000 done_count=125
[upd 220] u=0 upd_ctr=3 opt_step=48 E=0.110 g=0.111 VarTD=0.146458 ret_end=-25.871 dbar_end=0.699 occ_end=0.160 CSR_train=0.000 done_count=125
[upd 230] u=0 upd_ctr=3 opt_step=48 E=0.207 g=0.085 VarTD=0.199783 ret_end=-27.949 dbar_end=0.784 occ_end=0.128 CSR_train=0.000 done_count=125
[upd 240] u=0 upd_ctr=3 opt_step=48 E=0.308 g=0.108 VarTD=0.128035 ret_end=-26.278 dbar_end=0.710 occ_end=0.224 CSR_train=0.000 done_count=125
[upd 250] u=0 upd_ctr=3 opt_step=48 E=0.403 g=0.091 VarTD=0.189908 ret_end=-27.806 dbar_end=0.764 occ_end=0.216 CSR_train=0.000 done_count=125
[upd 260] u=0 upd_ctr=3 opt_step=48 E=0.501 g=0.093 VarTD=0.159565 ret_end=-27.596 dbar_end=0.756 occ_end=0.190 CSR_train=0.000 done_count=100
[upd 270] u=0 upd_ctr=3 opt_step=48 E=0.597 g=0.099 VarTD=0.165411 ret_end=-27.039 dbar_end=0.736 occ_end=0.176 CSR_train=0.000 done_count=125
[upd 280] u=0 upd_ctr=3 opt_step=48 E=0.695 g=0.104 VarTD=0.154632 ret_end=-26.834 dbar_end=0.720 occ_end=0.248 CSR_train=0.000 done_count=125
[upd 290] u=0 upd_ctr=3 opt_step=48 E=0.795 g=0.094 VarTD=0.150652 ret_end=-27.541 dbar_end=0.754 occ_end=0.128 CSR_train=0.000 done_count=125
[upd 300] u=0 upd_ctr=3 opt_step=48 E=0.893 g=0.090 VarTD=0.157665 ret_end=-27.735 dbar_end=0.769 occ_end=0.152 CSR_train=0.000 done_count=125
[upd 310] u=0 upd_ctr=3 opt_step=48 E=0.995 g=0.099 VarTD=0.147897 ret_end=-27.218 dbar_end=0.736 occ_end=0.144 CSR_train=0.000 done_count=125
[Gate5 check] update_counter violations: t0=0 diffs=0
[Gate5 check] opt_step violations: t0=0 diffs=0 (expected_inc=16)
[Gate5 check] NaN masking: nan_on_skip=True finite_on_update=True
[Gate5 summary] mean_update_fraction=0.0096 final_executed_updates_mean=3.00
[Gate5 eval] done_count mean=100.0 CSR mean=0.0000 len_end_mean=26.00
[Gate5 eval] episodes_per_env=4 T_eval=104
[Gate5 eval-debug] locked_eps_occ=0.20 pre(step25): dbar_end=0.661671 occupied_end_mean=0.260000 max_tilde_end_mean=0.968736 CSR@locked=0.000000
[Gate5 eval-debug] locked_eps_occ=0.20 post(step26): dbar_end=0.671979 occupied_end_mean=0.240000 max_tilde_end_mean=0.972880 CSR@locked=0.000000
[Gate5 eval-debug] CSR_pre@0.10=0.0000 CSR_pre@0.15=0.0000 CSR_pre@0.20=0.0000 CSR_pre@0.25=0.0000 CSR_pre@0.30=0.0000
[Gate5 eval-debug] CSR_post@0.10=0.0000 CSR_post@0.15=0.0000 CSR_post@0.20=0.0000 CSR_post@0.25=0.0000 CSR_post@0.30=0.0000
