Importing submoduled environments...
Submoduled environments not found. Skipping import.
[upd 0] u=1 upd_ctr=1 opt_step=16 E=0.428 g=0.093 VarTD=0.145852 ret_end=-27.154 dbar_end=0.757 occ_end=0.170 CSR_train=0.000 done_count=100
[upd 10] u=0 upd_ctr=2 opt_step=32 E=0.108 g=0.088 VarTD=0.148120 ret_end=-27.438 dbar_end=0.775 occ_end=0.152 CSR_train=0.008 done_count=125
[upd 20] u=0 upd_ctr=2 opt_step=32 E=0.399 g=0.097 VarTD=0.153363 ret_end=-26.862 dbar_end=0.744 occ_end=0.208 CSR_train=0.000 done_count=125
[upd 30] u=0 upd_ctr=3 opt_step=48 E=0.080 g=0.091 VarTD=0.147540 ret_end=-27.190 dbar_end=0.763 occ_end=0.104 CSR_train=0.000 done_count=125
[upd 40] u=0 upd_ctr=3 opt_step=48 E=0.388 g=0.096 VarTD=0.151208 ret_end=-27.160 dbar_end=0.748 occ_end=0.128 CSR_train=0.000 done_count=125
[upd 50] u=0 upd_ctr=4 opt_step=64 E=0.095 g=0.110 VarTD=0.167464 ret_end=-26.553 dbar_end=0.702 occ_end=0.224 CSR_train=0.000 done_count=125
[upd 60] u=0 upd_ctr=4 opt_step=64 E=0.417 g=0.110 VarTD=0.148666 ret_end=-25.990 dbar_end=0.704 occ_end=0.208 CSR_train=0.000 done_count=125
[upd 70] u=0 upd_ctr=5 opt_step=80 E=0.135 g=0.109 VarTD=0.161301 ret_end=-26.953 dbar_end=0.706 occ_end=0.192 CSR_train=0.000 done_count=125
[upd 80] u=0 upd_ctr=5 opt_step=80 E=0.460 g=0.107 VarTD=0.141023 ret_end=-26.566 dbar_end=0.711 occ_end=0.176 CSR_train=0.000 done_count=125
[upd 90] u=0 upd_ctr=6 opt_step=96 E=0.176 g=0.104 VarTD=0.145695 ret_end=-26.721 dbar_end=0.721 occ_end=0.160 CSR_train=0.000 done_count=125
[upd 100] u=0 upd_ctr=6 opt_step=96 E=0.502 g=0.119 VarTD=0.132811 ret_end=-25.764 dbar_end=0.678 occ_end=0.152 CSR_train=0.000 done_count=125
[upd 110] u=0 upd_ctr=7 opt_step=112 E=0.221 g=0.103 VarTD=0.163113 ret_end=-26.199 dbar_end=0.723 occ_end=0.184 CSR_train=0.000 done_count=125
[upd 120] u=0 upd_ctr=7 opt_step=112 E=0.545 g=0.109 VarTD=0.144517 ret_end=-26.418 dbar_end=0.706 occ_end=0.184 CSR_train=0.000 done_count=125
[Gate5 check] update_counter violations: t0=0 diffs=0
[Gate5 check] opt_step violations: t0=0 diffs=0 (expected_inc=16)
[Gate5 check] NaN masking: nan_on_skip=True finite_on_update=True
[Gate5 summary] mean_update_fraction=0.0640 final_executed_updates_mean=8.00
[Gate5 eval] done_count mean=100.0 CSR mean=0.0000 len_end_mean=26.00
[Gate5 eval] episodes_per_env=4 T_eval=104
[Gate5 eval-debug] locked_eps_occ=0.20 pre(step25): dbar_end=0.518494 occupied_end_mean=0.280000 max_tilde_end_mean=0.734727 CSR@locked=0.000000
[Gate5 eval-debug] locked_eps_occ=0.20 post(step26): dbar_end=0.517944 occupied_end_mean=0.320000 max_tilde_end_mean=0.738715 CSR@locked=0.000000
[Gate5 eval-debug] CSR_pre@0.10=0.0000 CSR_pre@0.15=0.0000 CSR_pre@0.20=0.0000 CSR_pre@0.25=0.0000 CSR_pre@0.30=0.0100
[Gate5 eval-debug] CSR_post@0.10=0.0000 CSR_post@0.15=0.0000 CSR_post@0.20=0.0000 CSR_post@0.25=0.0000 CSR_post@0.30=0.0100
