Importing submoduled environments...
Submoduled environments not found. Skipping import.
[upd 0] u=1 upd_ctr=1 opt_step=16 E=0.028 g=0.092 VarTD=0.127621 ret_end=-27.319 dbar_end=0.760 occ_end=0.140 CSR_train=0.000 done_count=100
[upd 10] u=0 upd_ctr=1 opt_step=16 E=0.312 g=0.102 VarTD=0.162085 ret_end=-27.682 dbar_end=0.727 occ_end=0.168 CSR_train=0.000 done_count=125
[upd 20] u=0 upd_ctr=1 opt_step=16 E=0.583 g=0.083 VarTD=0.141936 ret_end=-28.343 dbar_end=0.793 occ_end=0.144 CSR_train=0.000 done_count=125
[upd 30] u=0 upd_ctr=1 opt_step=16 E=0.865 g=0.093 VarTD=0.135564 ret_end=-27.031 dbar_end=0.758 occ_end=0.192 CSR_train=0.000 done_count=125
[upd 40] u=0 upd_ctr=2 opt_step=32 E=0.106 g=0.087 VarTD=0.143276 ret_end=-27.632 dbar_end=0.779 occ_end=0.096 CSR_train=0.000 done_count=125
[upd 50] u=0 upd_ctr=2 opt_step=32 E=0.397 g=0.102 VarTD=0.137560 ret_end=-26.549 dbar_end=0.727 occ_end=0.208 CSR_train=0.000 done_count=125
[upd 60] u=0 upd_ctr=2 opt_step=32 E=0.691 g=0.099 VarTD=0.127902 ret_end=-26.954 dbar_end=0.736 occ_end=0.144 CSR_train=0.000 done_count=125
[upd 70] u=0 upd_ctr=2 opt_step=32 E=0.983 g=0.099 VarTD=0.166630 ret_end=-27.194 dbar_end=0.736 occ_end=0.168 CSR_train=0.000 done_count=125
[upd 80] u=0 upd_ctr=3 opt_step=48 E=0.285 g=0.102 VarTD=0.149380 ret_end=-26.485 dbar_end=0.728 occ_end=0.168 CSR_train=0.000 done_count=125
[upd 90] u=0 upd_ctr=3 opt_step=48 E=0.600 g=0.099 VarTD=0.144999 ret_end=-28.062 dbar_end=0.736 occ_end=0.192 CSR_train=0.000 done_count=125
[upd 100] u=0 upd_ctr=3 opt_step=48 E=0.917 g=0.112 VarTD=0.126543 ret_end=-25.519 dbar_end=0.697 occ_end=0.208 CSR_train=0.000 done_count=125
[upd 110] u=0 upd_ctr=4 opt_step=64 E=0.221 g=0.098 VarTD=0.165674 ret_end=-27.945 dbar_end=0.741 occ_end=0.168 CSR_train=0.000 done_count=125
[upd 120] u=0 upd_ctr=4 opt_step=64 E=0.544 g=0.112 VarTD=0.130569 ret_end=-26.877 dbar_end=0.696 occ_end=0.176 CSR_train=0.000 done_count=125
[upd 130] u=0 upd_ctr=4 opt_step=64 E=0.860 g=0.115 VarTD=0.110690 ret_end=-25.420 dbar_end=0.688 occ_end=0.230 CSR_train=0.000 done_count=100
[upd 140] u=0 upd_ctr=5 opt_step=80 E=0.161 g=0.120 VarTD=0.142897 ret_end=-26.347 dbar_end=0.675 occ_end=0.184 CSR_train=0.000 done_count=125
[upd 150] u=0 upd_ctr=5 opt_step=80 E=0.493 g=0.110 VarTD=0.124999 ret_end=-26.373 dbar_end=0.703 occ_end=0.192 CSR_train=0.000 done_count=125
[upd 160] u=0 upd_ctr=5 opt_step=80 E=0.808 g=0.111 VarTD=0.112373 ret_end=-26.733 dbar_end=0.700 occ_end=0.248 CSR_train=0.008 done_count=125
[upd 170] u=0 upd_ctr=6 opt_step=96 E=0.138 g=0.121 VarTD=0.149370 ret_end=-25.684 dbar_end=0.673 occ_end=0.168 CSR_train=0.000 done_count=125
[upd 180] u=0 upd_ctr=6 opt_step=96 E=0.489 g=0.128 VarTD=0.147332 ret_end=-25.660 dbar_end=0.656 occ_end=0.192 CSR_train=0.000 done_count=125
[upd 190] u=0 upd_ctr=6 opt_step=96 E=0.823 g=0.108 VarTD=0.144603 ret_end=-26.441 dbar_end=0.708 occ_end=0.176 CSR_train=0.000 done_count=125
[upd 200] u=0 upd_ctr=7 opt_step=112 E=0.146 g=0.121 VarTD=0.120129 ret_end=-26.315 dbar_end=0.673 occ_end=0.224 CSR_train=0.000 done_count=125
[upd 210] u=0 upd_ctr=7 opt_step=112 E=0.493 g=0.106 VarTD=0.132490 ret_end=-27.063 dbar_end=0.715 occ_end=0.192 CSR_train=0.000 done_count=125
[upd 220] u=0 upd_ctr=7 opt_step=112 E=0.835 g=0.124 VarTD=0.122275 ret_end=-25.893 dbar_end=0.665 occ_end=0.216 CSR_train=0.008 done_count=125
[upd 230] u=0 upd_ctr=8 opt_step=128 E=0.167 g=0.105 VarTD=0.153982 ret_end=-26.974 dbar_end=0.718 occ_end=0.184 CSR_train=0.000 done_count=125
[upd 240] u=0 upd_ctr=8 opt_step=128 E=0.521 g=0.106 VarTD=0.162465 ret_end=-27.286 dbar_end=0.716 occ_end=0.176 CSR_train=0.000 done_count=125
[upd 250] u=0 upd_ctr=8 opt_step=128 E=0.871 g=0.114 VarTD=0.156357 ret_end=-26.582 dbar_end=0.690 occ_end=0.096 CSR_train=0.000 done_count=125
[upd 260] u=0 upd_ctr=9 opt_step=144 E=0.219 g=0.105 VarTD=0.154431 ret_end=-27.063 dbar_end=0.717 occ_end=0.150 CSR_train=0.000 done_count=100
[upd 270] u=0 upd_ctr=9 opt_step=144 E=0.575 g=0.110 VarTD=0.140233 ret_end=-26.504 dbar_end=0.702 occ_end=0.192 CSR_train=0.000 done_count=125
[upd 280] u=0 upd_ctr=9 opt_step=144 E=0.947 g=0.121 VarTD=0.161413 ret_end=-25.826 dbar_end=0.673 occ_end=0.248 CSR_train=0.000 done_count=125
[upd 290] u=0 upd_ctr=10 opt_step=160 E=0.308 g=0.129 VarTD=0.147776 ret_end=-25.092 dbar_end=0.651 occ_end=0.224 CSR_train=0.000 done_count=125
[upd 300] u=0 upd_ctr=10 opt_step=160 E=0.677 g=0.122 VarTD=0.161330 ret_end=-25.965 dbar_end=0.670 occ_end=0.168 CSR_train=0.000 done_count=125
[upd 310] u=1 upd_ctr=11 opt_step=176 E=0.036 g=0.120 VarTD=0.136112 ret_end=-25.283 dbar_end=0.676 occ_end=0.192 CSR_train=0.000 done_count=125
[Gate5 check] update_counter violations: t0=0 diffs=0
[Gate5 check] opt_step violations: t0=0 diffs=0 (expected_inc=16)
[Gate5 check] NaN masking: nan_on_skip=True finite_on_update=True
[Gate5 summary] mean_update_fraction=0.0353 final_executed_updates_mean=11.00
[Gate5 eval] done_count mean=100.0 CSR mean=0.0000 len_end_mean=26.00
[Gate5 eval] episodes_per_env=4 T_eval=104
[Gate5 eval-debug] locked_eps_occ=0.20 pre(step25): dbar_end=0.490530 occupied_end_mean=0.520000 max_tilde_end_mean=0.738094 CSR@locked=0.010000
[Gate5 eval-debug] locked_eps_occ=0.20 post(step26): dbar_end=0.491282 occupied_end_mean=0.510000 max_tilde_end_mean=0.741388 CSR@locked=0.000000
[Gate5 eval-debug] CSR_pre@0.10=0.0000 CSR_pre@0.15=0.0000 CSR_pre@0.20=0.0100 CSR_pre@0.25=0.0100 CSR_pre@0.30=0.0400
[Gate5 eval-debug] CSR_post@0.10=0.0000 CSR_post@0.15=0.0000 CSR_post@0.20=0.0000 CSR_post@0.25=0.0100 CSR_post@0.30=0.0300
