Importing submoduled environments...
Submoduled environments not found. Skipping import.
[upd 0] u=1 upd_ctr=1 opt_step=16 E=0.037 g=0.093 VarTD=0.145852 ret_end=-27.154 dbar_end=0.757 occ_end=0.170 CSR_train=0.000 done_count=100
[upd 10] u=0 upd_ctr=1 opt_step=16 E=0.407 g=0.084 VarTD=0.153180 ret_end=-27.639 dbar_end=0.787 occ_end=0.144 CSR_train=0.008 done_count=125
[upd 20] u=0 upd_ctr=1 opt_step=16 E=0.784 g=0.095 VarTD=0.155754 ret_end=-27.101 dbar_end=0.751 occ_end=0.208 CSR_train=0.000 done_count=125
[upd 30] u=0 upd_ctr=2 opt_step=32 E=0.148 g=0.091 VarTD=0.144770 ret_end=-27.215 dbar_end=0.764 occ_end=0.120 CSR_train=0.000 done_count=125
[upd 40] u=0 upd_ctr=2 opt_step=32 E=0.550 g=0.089 VarTD=0.159093 ret_end=-27.677 dbar_end=0.771 occ_end=0.112 CSR_train=0.000 done_count=125
[upd 50] u=0 upd_ctr=2 opt_step=32 E=0.944 g=0.103 VarTD=0.162886 ret_end=-26.902 dbar_end=0.724 occ_end=0.184 CSR_train=0.000 done_count=125
[upd 60] u=0 upd_ctr=3 opt_step=48 E=0.326 g=0.105 VarTD=0.151721 ret_end=-26.375 dbar_end=0.718 occ_end=0.168 CSR_train=0.000 done_count=125
[upd 70] u=0 upd_ctr=3 opt_step=48 E=0.736 g=0.098 VarTD=0.167393 ret_end=-27.650 dbar_end=0.740 occ_end=0.192 CSR_train=0.000 done_count=125
[upd 80] u=0 upd_ctr=4 opt_step=64 E=0.122 g=0.099 VarTD=0.147391 ret_end=-26.838 dbar_end=0.735 occ_end=0.192 CSR_train=0.000 done_count=125
[upd 90] u=0 upd_ctr=4 opt_step=64 E=0.525 g=0.099 VarTD=0.141307 ret_end=-27.052 dbar_end=0.737 occ_end=0.136 CSR_train=0.000 done_count=125
[upd 100] u=0 upd_ctr=4 opt_step=64 E=0.935 g=0.112 VarTD=0.131430 ret_end=-26.227 dbar_end=0.698 occ_end=0.168 CSR_train=0.000 done_count=125
[upd 110] u=0 upd_ctr=5 opt_step=80 E=0.321 g=0.098 VarTD=0.164386 ret_end=-26.468 dbar_end=0.741 occ_end=0.200 CSR_train=0.000 done_count=125
[upd 120] u=0 upd_ctr=5 opt_step=80 E=0.721 g=0.100 VarTD=0.144027 ret_end=-27.046 dbar_end=0.734 occ_end=0.152 CSR_train=0.000 done_count=125
[upd 130] u=0 upd_ctr=6 opt_step=96 E=0.139 g=0.118 VarTD=0.150375 ret_end=-25.547 dbar_end=0.682 occ_end=0.210 CSR_train=0.000 done_count=100
[upd 140] u=0 upd_ctr=6 opt_step=96 E=0.566 g=0.107 VarTD=0.143525 ret_end=-26.277 dbar_end=0.711 occ_end=0.256 CSR_train=0.000 done_count=125
[upd 150] u=0 upd_ctr=6 opt_step=96 E=0.995 g=0.120 VarTD=0.150113 ret_end=-25.910 dbar_end=0.677 occ_end=0.208 CSR_train=0.000 done_count=125
[upd 160] u=0 upd_ctr=7 opt_step=112 E=0.398 g=0.117 VarTD=0.148787 ret_end=-25.544 dbar_end=0.682 occ_end=0.208 CSR_train=0.000 done_count=125
[upd 170] u=0 upd_ctr=7 opt_step=112 E=0.858 g=0.122 VarTD=0.139230 ret_end=-25.301 dbar_end=0.670 occ_end=0.216 CSR_train=0.000 done_count=125
[upd 180] u=0 upd_ctr=8 opt_step=128 E=0.278 g=0.112 VarTD=0.153566 ret_end=-26.350 dbar_end=0.697 occ_end=0.104 CSR_train=0.000 done_count=125
[upd 190] u=0 upd_ctr=8 opt_step=128 E=0.752 g=0.121 VarTD=0.174061 ret_end=-25.842 dbar_end=0.673 occ_end=0.184 CSR_train=0.000 done_count=125
[upd 200] u=0 upd_ctr=9 opt_step=144 E=0.189 g=0.119 VarTD=0.148672 ret_end=-26.495 dbar_end=0.679 occ_end=0.176 CSR_train=0.000 done_count=125
[upd 210] u=0 upd_ctr=9 opt_step=144 E=0.687 g=0.114 VarTD=0.175848 ret_end=-26.486 dbar_end=0.691 occ_end=0.216 CSR_train=0.000 done_count=125
[upd 220] u=0 upd_ctr=10 opt_step=160 E=0.151 g=0.123 VarTD=0.187311 ret_end=-26.043 dbar_end=0.667 occ_end=0.224 CSR_train=0.000 done_count=125
[upd 230] u=0 upd_ctr=10 opt_step=160 E=0.654 g=0.128 VarTD=0.175089 ret_end=-25.945 dbar_end=0.654 occ_end=0.160 CSR_train=0.008 done_count=125
[upd 240] u=0 upd_ctr=11 opt_step=176 E=0.099 g=0.120 VarTD=0.186558 ret_end=-26.985 dbar_end=0.675 occ_end=0.168 CSR_train=0.008 done_count=125
[upd 250] u=0 upd_ctr=11 opt_step=176 E=0.618 g=0.138 VarTD=0.195178 ret_end=-26.046 dbar_end=0.631 occ_end=0.248 CSR_train=0.000 done_count=125
[upd 260] u=0 upd_ctr=12 opt_step=192 E=0.103 g=0.126 VarTD=0.212427 ret_end=-26.404 dbar_end=0.660 occ_end=0.140 CSR_train=0.000 done_count=100
[upd 270] u=0 upd_ctr=12 opt_step=192 E=0.635 g=0.134 VarTD=0.200481 ret_end=-26.039 dbar_end=0.641 occ_end=0.232 CSR_train=0.000 done_count=125
[upd 280] u=0 upd_ctr=13 opt_step=208 E=0.174 g=0.149 VarTD=0.214391 ret_end=-24.576 dbar_end=0.607 occ_end=0.248 CSR_train=0.000 done_count=125
[upd 290] u=0 upd_ctr=13 opt_step=208 E=0.709 g=0.132 VarTD=0.214216 ret_end=-25.251 dbar_end=0.644 occ_end=0.208 CSR_train=0.000 done_count=125
[upd 300] u=0 upd_ctr=14 opt_step=224 E=0.218 g=0.140 VarTD=0.271845 ret_end=-24.580 dbar_end=0.627 occ_end=0.272 CSR_train=0.000 done_count=125
[upd 310] u=0 upd_ctr=14 opt_step=224 E=0.765 g=0.139 VarTD=0.272888 ret_end=-25.158 dbar_end=0.630 occ_end=0.240 CSR_train=0.008 done_count=125
[Gate5 check] update_counter violations: t0=0 diffs=0
[Gate5 check] opt_step violations: t0=0 diffs=0 (expected_inc=16)
[Gate5 check] NaN masking: nan_on_skip=True finite_on_update=True
[Gate5 summary] mean_update_fraction=0.0449 final_executed_updates_mean=14.00
[Gate5 eval] done_count mean=100.0 CSR mean=0.0100 len_end_mean=26.00
[Gate5 eval] episodes_per_env=4 T_eval=104
[Gate5 eval-debug] locked_eps_occ=0.20 pre(step25): dbar_end=0.480019 occupied_end_mean=0.560000 max_tilde_end_mean=0.688104 CSR@locked=0.000000
[Gate5 eval-debug] locked_eps_occ=0.20 post(step26): dbar_end=0.484728 occupied_end_mean=0.570000 max_tilde_end_mean=0.702132 CSR@locked=0.010000
[Gate5 eval-debug] CSR_pre@0.10=0.0000 CSR_pre@0.15=0.0000 CSR_pre@0.20=0.0000 CSR_pre@0.25=0.0100 CSR_pre@0.30=0.0800
[Gate5 eval-debug] CSR_post@0.10=0.0100 CSR_post@0.15=0.0100 CSR_post@0.20=0.0100 CSR_post@0.25=0.0200 CSR_post@0.30=0.0600
