Importing submoduled environments...
Submoduled environments not found. Skipping import.
[upd 0] u=1 upd_ctr=1 opt_step=16 E=0.133 g=0.083 VarTD=0.159821 ret_end=-27.605 dbar_end=0.794 occ_end=0.110 CSR_train=0.000 done_count=100
[upd 10] u=0 upd_ctr=1 opt_step=16 E=0.491 g=0.089 VarTD=0.166459 ret_end=-27.505 dbar_end=0.772 occ_end=0.192 CSR_train=0.000 done_count=125
[upd 20] u=0 upd_ctr=1 opt_step=16 E=0.850 g=0.091 VarTD=0.173849 ret_end=-27.263 dbar_end=0.763 occ_end=0.144 CSR_train=0.000 done_count=125
[upd 30] u=0 upd_ctr=2 opt_step=32 E=0.319 g=0.105 VarTD=0.156548 ret_end=-26.514 dbar_end=0.719 occ_end=0.176 CSR_train=0.000 done_count=125
[upd 40] u=0 upd_ctr=2 opt_step=32 E=0.689 g=0.097 VarTD=0.147744 ret_end=-27.350 dbar_end=0.745 occ_end=0.168 CSR_train=0.000 done_count=125
[upd 50] u=0 upd_ctr=3 opt_step=48 E=0.182 g=0.096 VarTD=0.154992 ret_end=-27.810 dbar_end=0.748 occ_end=0.192 CSR_train=0.000 done_count=125
[upd 60] u=0 upd_ctr=3 opt_step=48 E=0.576 g=0.095 VarTD=0.152054 ret_end=-27.402 dbar_end=0.750 occ_end=0.184 CSR_train=0.000 done_count=125
[upd 70] u=1 upd_ctr=4 opt_step=64 E=0.073 g=0.100 VarTD=0.153631 ret_end=-26.709 dbar_end=0.734 occ_end=0.152 CSR_train=0.000 done_count=125
[upd 80] u=0 upd_ctr=4 opt_step=64 E=0.490 g=0.096 VarTD=0.146421 ret_end=-27.119 dbar_end=0.747 occ_end=0.168 CSR_train=0.000 done_count=125
[upd 90] u=0 upd_ctr=4 opt_step=64 E=0.909 g=0.117 VarTD=0.159076 ret_end=-26.572 dbar_end=0.684 occ_end=0.224 CSR_train=0.000 done_count=125
[upd 100] u=0 upd_ctr=5 opt_step=80 E=0.440 g=0.100 VarTD=0.166357 ret_end=-27.965 dbar_end=0.733 occ_end=0.160 CSR_train=0.000 done_count=125
[upd 110] u=0 upd_ctr=5 opt_step=80 E=0.866 g=0.112 VarTD=0.167788 ret_end=-25.775 dbar_end=0.698 occ_end=0.104 CSR_train=0.000 done_count=125
[upd 120] u=0 upd_ctr=6 opt_step=96 E=0.410 g=0.116 VarTD=0.129811 ret_end=-25.788 dbar_end=0.686 occ_end=0.200 CSR_train=0.000 done_count=125
[upd 130] u=0 upd_ctr=6 opt_step=96 E=0.860 g=0.113 VarTD=0.175438 ret_end=-26.585 dbar_end=0.694 occ_end=0.160 CSR_train=0.000 done_count=100
[upd 140] u=0 upd_ctr=7 opt_step=112 E=0.421 g=0.124 VarTD=0.163263 ret_end=-26.170 dbar_end=0.665 occ_end=0.224 CSR_train=0.000 done_count=125
[upd 150] u=0 upd_ctr=7 opt_step=112 E=0.879 g=0.125 VarTD=0.161692 ret_end=-26.632 dbar_end=0.663 occ_end=0.200 CSR_train=0.000 done_count=125
[upd 160] u=0 upd_ctr=8 opt_step=128 E=0.458 g=0.121 VarTD=0.176845 ret_end=-25.835 dbar_end=0.673 occ_end=0.144 CSR_train=0.000 done_count=125
[upd 170] u=0 upd_ctr=8 opt_step=128 E=0.924 g=0.111 VarTD=0.166994 ret_end=-26.290 dbar_end=0.699 occ_end=0.200 CSR_train=0.000 done_count=125
[upd 180] u=0 upd_ctr=9 opt_step=144 E=0.506 g=0.117 VarTD=0.184180 ret_end=-26.476 dbar_end=0.683 occ_end=0.264 CSR_train=0.000 done_count=125
[upd 190] u=0 upd_ctr=10 opt_step=160 E=0.102 g=0.130 VarTD=0.187814 ret_end=-26.144 dbar_end=0.649 occ_end=0.232 CSR_train=0.000 done_count=125
[upd 200] u=0 upd_ctr=10 opt_step=160 E=0.596 g=0.120 VarTD=0.183644 ret_end=-25.611 dbar_end=0.674 occ_end=0.160 CSR_train=0.000 done_count=125
[upd 210] u=0 upd_ctr=11 opt_step=176 E=0.207 g=0.125 VarTD=0.173654 ret_end=-26.557 dbar_end=0.663 occ_end=0.200 CSR_train=0.000 done_count=125
[upd 220] u=0 upd_ctr=11 opt_step=176 E=0.735 g=0.131 VarTD=0.185952 ret_end=-25.449 dbar_end=0.647 occ_end=0.192 CSR_train=0.000 done_count=125
[upd 230] u=0 upd_ctr=12 opt_step=192 E=0.361 g=0.146 VarTD=0.213441 ret_end=-26.494 dbar_end=0.613 occ_end=0.256 CSR_train=0.000 done_count=125
[upd 240] u=0 upd_ctr=12 opt_step=192 E=0.895 g=0.124 VarTD=0.188355 ret_end=-25.600 dbar_end=0.665 occ_end=0.280 CSR_train=0.000 done_count=125
[upd 250] u=0 upd_ctr=13 opt_step=208 E=0.518 g=0.121 VarTD=0.213595 ret_end=-26.570 dbar_end=0.672 occ_end=0.184 CSR_train=0.008 done_count=125
[upd 260] u=0 upd_ctr=14 opt_step=224 E=0.154 g=0.149 VarTD=0.218317 ret_end=-24.443 dbar_end=0.606 occ_end=0.260 CSR_train=0.010 done_count=100
[upd 270] u=0 upd_ctr=14 opt_step=224 E=0.723 g=0.140 VarTD=0.238289 ret_end=-24.726 dbar_end=0.625 occ_end=0.160 CSR_train=0.000 done_count=125
[upd 280] u=0 upd_ctr=15 opt_step=240 E=0.384 g=0.152 VarTD=0.299569 ret_end=-25.049 dbar_end=0.600 occ_end=0.272 CSR_train=0.000 done_count=125
[upd 290] u=0 upd_ctr=15 opt_step=240 E=0.952 g=0.141 VarTD=0.312145 ret_end=-25.567 dbar_end=0.624 occ_end=0.184 CSR_train=0.000 done_count=125
[upd 300] u=0 upd_ctr=16 opt_step=256 E=0.624 g=0.146 VarTD=0.356156 ret_end=-24.984 dbar_end=0.614 occ_end=0.272 CSR_train=0.000 done_count=125
[upd 310] u=0 upd_ctr=17 opt_step=272 E=0.308 g=0.141 VarTD=0.402911 ret_end=-24.169 dbar_end=0.625 occ_end=0.288 CSR_train=0.000 done_count=125
[Gate5 check] update_counter violations: t0=0 diffs=0
[Gate5 check] opt_step violations: t0=0 diffs=0 (expected_inc=16)
[Gate5 check] NaN masking: nan_on_skip=True finite_on_update=True
[Gate5 summary] mean_update_fraction=0.0545 final_executed_updates_mean=17.00
[Gate5 eval] done_count mean=100.0 CSR mean=0.0100 len_end_mean=26.00
[Gate5 eval] episodes_per_env=4 T_eval=104
[Gate5 eval-debug] locked_eps_occ=0.20 pre(step25): dbar_end=0.448446 occupied_end_mean=0.450000 max_tilde_end_mean=0.643991 CSR@locked=0.010000
[Gate5 eval-debug] locked_eps_occ=0.20 post(step26): dbar_end=0.455443 occupied_end_mean=0.400000 max_tilde_end_mean=0.647569 CSR@locked=0.010000
[Gate5 eval-debug] CSR_pre@0.10=0.0000 CSR_pre@0.15=0.0000 CSR_pre@0.20=0.0100 CSR_pre@0.25=0.0300 CSR_pre@0.30=0.0700
[Gate5 eval-debug] CSR_post@0.10=0.0000 CSR_post@0.15=0.0000 CSR_post@0.20=0.0100 CSR_post@0.25=0.0200 CSR_post@0.30=0.0500
