Importing submoduled environments...
Submoduled environments not found. Skipping import.
[upd 0] u=1 upd_ctr=1 opt_step=16 E=0.137 g=0.093 VarTD=0.145852 ret_end=-27.154 dbar_end=0.757 occ_end=0.170 CSR_train=0.000 done_count=100
[upd 10] u=0 upd_ctr=1 opt_step=16 E=0.507 g=0.084 VarTD=0.153180 ret_end=-27.639 dbar_end=0.787 occ_end=0.144 CSR_train=0.008 done_count=125
[upd 20] u=0 upd_ctr=1 opt_step=16 E=0.884 g=0.095 VarTD=0.155754 ret_end=-27.101 dbar_end=0.751 occ_end=0.208 CSR_train=0.000 done_count=125
[upd 30] u=0 upd_ctr=2 opt_step=32 E=0.354 g=0.090 VarTD=0.149950 ret_end=-27.256 dbar_end=0.766 occ_end=0.160 CSR_train=0.000 done_count=125
[upd 40] u=0 upd_ctr=2 opt_step=32 E=0.745 g=0.088 VarTD=0.160321 ret_end=-27.862 dbar_end=0.775 occ_end=0.104 CSR_train=0.000 done_count=125
[upd 50] u=0 upd_ctr=3 opt_step=48 E=0.228 g=0.100 VarTD=0.168333 ret_end=-27.082 dbar_end=0.735 occ_end=0.184 CSR_train=0.000 done_count=125
[upd 60] u=0 upd_ctr=3 opt_step=48 E=0.624 g=0.098 VarTD=0.164051 ret_end=-26.619 dbar_end=0.740 occ_end=0.160 CSR_train=0.000 done_count=125
[upd 70] u=0 upd_ctr=4 opt_step=64 E=0.117 g=0.097 VarTD=0.168271 ret_end=-27.815 dbar_end=0.743 occ_end=0.144 CSR_train=0.000 done_count=125
[upd 80] u=0 upd_ctr=4 opt_step=64 E=0.514 g=0.098 VarTD=0.146819 ret_end=-27.022 dbar_end=0.739 occ_end=0.168 CSR_train=0.000 done_count=125
[upd 90] u=0 upd_ctr=4 opt_step=64 E=0.907 g=0.101 VarTD=0.144549 ret_end=-27.138 dbar_end=0.730 occ_end=0.144 CSR_train=0.000 done_count=125
[upd 100] u=0 upd_ctr=5 opt_step=80 E=0.422 g=0.116 VarTD=0.121694 ret_end=-25.970 dbar_end=0.686 occ_end=0.160 CSR_train=0.000 done_count=125
[upd 110] u=0 upd_ctr=5 opt_step=80 E=0.832 g=0.105 VarTD=0.160891 ret_end=-26.277 dbar_end=0.717 occ_end=0.208 CSR_train=0.000 done_count=125
[upd 120] u=0 upd_ctr=6 opt_step=96 E=0.345 g=0.103 VarTD=0.139600 ret_end=-26.805 dbar_end=0.724 occ_end=0.136 CSR_train=0.000 done_count=125
[upd 130] u=0 upd_ctr=6 opt_step=96 E=0.793 g=0.119 VarTD=0.144548 ret_end=-25.363 dbar_end=0.678 occ_end=0.240 CSR_train=0.000 done_count=100
[upd 140] u=0 upd_ctr=7 opt_step=112 E=0.331 g=0.115 VarTD=0.141214 ret_end=-25.905 dbar_end=0.689 occ_end=0.240 CSR_train=0.000 done_count=125
[upd 150] u=0 upd_ctr=7 opt_step=112 E=0.781 g=0.126 VarTD=0.145505 ret_end=-25.697 dbar_end=0.661 occ_end=0.216 CSR_train=0.000 done_count=125
[upd 160] u=0 upd_ctr=8 opt_step=128 E=0.328 g=0.120 VarTD=0.149834 ret_end=-25.503 dbar_end=0.675 occ_end=0.256 CSR_train=0.000 done_count=125
[upd 170] u=0 upd_ctr=8 opt_step=128 E=0.787 g=0.121 VarTD=0.134810 ret_end=-25.425 dbar_end=0.674 occ_end=0.176 CSR_train=0.000 done_count=125
[upd 180] u=0 upd_ctr=9 opt_step=144 E=0.351 g=0.111 VarTD=0.148283 ret_end=-26.344 dbar_end=0.699 occ_end=0.136 CSR_train=0.000 done_count=125
[upd 190] u=0 upd_ctr=9 opt_step=144 E=0.806 g=0.114 VarTD=0.160853 ret_end=-25.922 dbar_end=0.691 occ_end=0.160 CSR_train=0.000 done_count=125
[upd 200] u=0 upd_ctr=10 opt_step=160 E=0.356 g=0.119 VarTD=0.151141 ret_end=-26.560 dbar_end=0.677 occ_end=0.208 CSR_train=0.000 done_count=125
[upd 210] u=0 upd_ctr=10 opt_step=160 E=0.840 g=0.109 VarTD=0.171131 ret_end=-26.788 dbar_end=0.706 occ_end=0.176 CSR_train=0.000 done_count=125
[upd 220] u=0 upd_ctr=11 opt_step=176 E=0.413 g=0.118 VarTD=0.184647 ret_end=-26.427 dbar_end=0.681 occ_end=0.240 CSR_train=0.000 done_count=125
[upd 230] u=0 upd_ctr=11 opt_step=176 E=0.890 g=0.123 VarTD=0.171926 ret_end=-26.083 dbar_end=0.666 occ_end=0.128 CSR_train=0.000 done_count=125
[upd 240] u=0 upd_ctr=12 opt_step=192 E=0.464 g=0.113 VarTD=0.182515 ret_end=-27.230 dbar_end=0.695 occ_end=0.208 CSR_train=0.008 done_count=125
[upd 250] u=0 upd_ctr=12 opt_step=192 E=0.936 g=0.120 VarTD=0.185731 ret_end=-26.584 dbar_end=0.676 occ_end=0.264 CSR_train=0.000 done_count=125
[upd 260] u=0 upd_ctr=13 opt_step=208 E=0.532 g=0.113 VarTD=0.214817 ret_end=-26.858 dbar_end=0.695 occ_end=0.100 CSR_train=0.000 done_count=100
[upd 270] u=0 upd_ctr=14 opt_step=224 E=0.119 g=0.126 VarTD=0.231351 ret_end=-26.173 dbar_end=0.659 occ_end=0.168 CSR_train=0.000 done_count=125
[upd 280] u=0 upd_ctr=14 opt_step=224 E=0.637 g=0.135 VarTD=0.211560 ret_end=-24.895 dbar_end=0.637 occ_end=0.240 CSR_train=0.000 done_count=125
[upd 290] u=0 upd_ctr=15 opt_step=240 E=0.241 g=0.128 VarTD=0.256953 ret_end=-25.439 dbar_end=0.654 occ_end=0.184 CSR_train=0.000 done_count=125
[upd 300] u=0 upd_ctr=15 opt_step=240 E=0.764 g=0.134 VarTD=0.265998 ret_end=-24.921 dbar_end=0.640 occ_end=0.272 CSR_train=0.000 done_count=125
[upd 310] u=0 upd_ctr=16 opt_step=256 E=0.375 g=0.127 VarTD=0.310851 ret_end=-25.398 dbar_end=0.657 occ_end=0.224 CSR_train=0.000 done_count=125
[Gate5 check] update_counter violations: t0=0 diffs=0
[Gate5 check] opt_step violations: t0=0 diffs=0 (expected_inc=16)
[Gate5 check] NaN masking: nan_on_skip=True finite_on_update=True
[Gate5 summary] mean_update_fraction=0.0513 final_executed_updates_mean=16.00
[Gate5 eval] done_count mean=100.0 CSR mean=0.0000 len_end_mean=26.00
[Gate5 eval] episodes_per_env=4 T_eval=104
[Gate5 eval-debug] locked_eps_occ=0.20 pre(step25): dbar_end=0.474527 occupied_end_mean=0.430000 max_tilde_end_mean=0.688332 CSR@locked=0.000000
[Gate5 eval-debug] locked_eps_occ=0.20 post(step26): dbar_end=0.475394 occupied_end_mean=0.440000 max_tilde_end_mean=0.687827 CSR@locked=0.000000
[Gate5 eval-debug] CSR_pre@0.10=0.0000 CSR_pre@0.15=0.0000 CSR_pre@0.20=0.0000 CSR_pre@0.25=0.0000 CSR_pre@0.30=0.0600
[Gate5 eval-debug] CSR_post@0.10=0.0000 CSR_post@0.15=0.0000 CSR_post@0.20=0.0000 CSR_post@0.25=0.0000 CSR_post@0.30=0.0200
