Importing submoduled environments...
Submoduled environments not found. Skipping import.
[upd 0] u=1 upd_ctr=1 opt_step=16 E=0.159 g=0.085 VarTD=0.206615 ret_end=-28.597 dbar_end=0.786 occ_end=0.160 CSR_train=0.000 done_count=100
[upd 10] u=0 upd_ctr=1 opt_step=16 E=0.835 g=0.096 VarTD=0.212328 ret_end=-26.954 dbar_end=0.748 occ_end=0.176 CSR_train=0.000 done_count=125
[upd 20] u=0 upd_ctr=2 opt_step=32 E=0.622 g=0.099 VarTD=0.174339 ret_end=-26.470 dbar_end=0.735 occ_end=0.176 CSR_train=0.000 done_count=125
[upd 30] u=0 upd_ctr=3 opt_step=48 E=0.417 g=0.098 VarTD=0.190723 ret_end=-27.151 dbar_end=0.741 occ_end=0.152 CSR_train=0.000 done_count=125
[upd 40] u=0 upd_ctr=4 opt_step=64 E=0.241 g=0.103 VarTD=0.176983 ret_end=-27.313 dbar_end=0.723 occ_end=0.128 CSR_train=0.000 done_count=125
[upd 50] u=1 upd_ctr=5 opt_step=80 E=0.077 g=0.098 VarTD=0.185036 ret_end=-27.223 dbar_end=0.740 occ_end=0.168 CSR_train=0.000 done_count=125
[upd 60] u=0 upd_ctr=5 opt_step=80 E=0.865 g=0.107 VarTD=0.180043 ret_end=-26.469 dbar_end=0.711 occ_end=0.176 CSR_train=0.000 done_count=125
[upd 70] u=0 upd_ctr=6 opt_step=96 E=0.796 g=0.126 VarTD=0.179090 ret_end=-26.219 dbar_end=0.661 occ_end=0.224 CSR_train=0.000 done_count=125
[upd 80] u=0 upd_ctr=7 opt_step=112 E=0.728 g=0.131 VarTD=0.177659 ret_end=-26.141 dbar_end=0.648 occ_end=0.264 CSR_train=0.000 done_count=125
[upd 90] u=0 upd_ctr=8 opt_step=128 E=0.710 g=0.130 VarTD=0.177345 ret_end=-25.655 dbar_end=0.649 occ_end=0.248 CSR_train=0.000 done_count=125
[upd 100] u=0 upd_ctr=9 opt_step=144 E=0.750 g=0.139 VarTD=0.185863 ret_end=-24.884 dbar_end=0.628 occ_end=0.272 CSR_train=0.000 done_count=125
[upd 110] u=0 upd_ctr=10 opt_step=160 E=0.816 g=0.128 VarTD=0.195026 ret_end=-26.706 dbar_end=0.655 occ_end=0.248 CSR_train=0.000 done_count=125
[upd 120] u=0 upd_ctr=11 opt_step=176 E=0.872 g=0.144 VarTD=0.177177 ret_end=-24.485 dbar_end=0.616 occ_end=0.288 CSR_train=0.000 done_count=125
[upd 130] u=0 upd_ctr=12 opt_step=192 E=0.966 g=0.148 VarTD=0.195408 ret_end=-24.331 dbar_end=0.609 occ_end=0.220 CSR_train=0.000 done_count=100
[upd 140] u=1 upd_ctr=14 opt_step=224 E=0.183 g=0.147 VarTD=0.219502 ret_end=-25.196 dbar_end=0.610 occ_end=0.272 CSR_train=0.000 done_count=125
[upd 150] u=0 upd_ctr=15 opt_step=240 E=0.291 g=0.143 VarTD=0.271473 ret_end=-24.960 dbar_end=0.620 occ_end=0.232 CSR_train=0.000 done_count=125
[upd 160] u=0 upd_ctr=16 opt_step=256 E=0.405 g=0.154 VarTD=0.341327 ret_end=-25.049 dbar_end=0.595 occ_end=0.296 CSR_train=0.000 done_count=125
[upd 170] u=0 upd_ctr=17 opt_step=272 E=0.530 g=0.150 VarTD=0.385942 ret_end=-24.452 dbar_end=0.604 occ_end=0.224 CSR_train=0.008 done_count=125
[upd 180] u=0 upd_ctr=18 opt_step=288 E=0.696 g=0.138 VarTD=0.425958 ret_end=-24.578 dbar_end=0.630 occ_end=0.160 CSR_train=0.000 done_count=125
[upd 190] u=0 upd_ctr=19 opt_step=304 E=0.883 g=0.151 VarTD=0.500723 ret_end=-24.323 dbar_end=0.602 occ_end=0.208 CSR_train=0.000 done_count=125
[upd 200] u=1 upd_ctr=21 opt_step=336 E=0.209 g=0.156 VarTD=0.571424 ret_end=-23.957 dbar_end=0.591 occ_end=0.240 CSR_train=0.000 done_count=125
[upd 210] u=0 upd_ctr=22 opt_step=352 E=0.477 g=0.167 VarTD=0.777799 ret_end=-24.246 dbar_end=0.571 occ_end=0.272 CSR_train=0.000 done_count=125
[upd 220] u=0 upd_ctr=23 opt_step=368 E=0.748 g=0.170 VarTD=0.860592 ret_end=-23.732 dbar_end=0.564 occ_end=0.280 CSR_train=0.000 done_count=125
[upd 230] u=1 upd_ctr=25 opt_step=400 E=0.154 g=0.168 VarTD=0.997077 ret_end=-24.546 dbar_end=0.569 occ_end=0.272 CSR_train=0.000 done_count=125
[upd 240] u=0 upd_ctr=26 opt_step=416 E=0.409 g=0.191 VarTD=1.225124 ret_end=-23.225 dbar_end=0.527 occ_end=0.272 CSR_train=0.000 done_count=125
[upd 250] u=0 upd_ctr=27 opt_step=432 E=0.700 g=0.187 VarTD=1.361674 ret_end=-23.724 dbar_end=0.534 occ_end=0.320 CSR_train=0.000 done_count=125
[upd 260] u=0 upd_ctr=28 opt_step=448 E=0.944 g=0.166 VarTD=1.158799 ret_end=-23.167 dbar_end=0.572 occ_end=0.280 CSR_train=0.000 done_count=100
[upd 270] u=0 upd_ctr=30 opt_step=480 E=0.377 g=0.183 VarTD=1.769734 ret_end=-23.632 dbar_end=0.540 occ_end=0.304 CSR_train=0.000 done_count=125
[upd 280] u=0 upd_ctr=31 opt_step=496 E=0.684 g=0.175 VarTD=1.922730 ret_end=-23.299 dbar_end=0.556 occ_end=0.328 CSR_train=0.000 done_count=125
[upd 290] u=0 upd_ctr=32 opt_step=512 E=1.000 g=0.178 VarTD=2.099797 ret_end=-24.009 dbar_end=0.549 occ_end=0.304 CSR_train=0.000 done_count=125
[upd 300] u=0 upd_ctr=34 opt_step=544 E=0.433 g=0.188 VarTD=2.347044 ret_end=-23.663 dbar_end=0.533 occ_end=0.320 CSR_train=0.000 done_count=125
[upd 310] u=0 upd_ctr=35 opt_step=560 E=0.760 g=0.161 VarTD=2.555437 ret_end=-24.505 dbar_end=0.581 occ_end=0.240 CSR_train=0.000 done_count=125
[Gate5 check] update_counter violations: t0=0 diffs=0
[Gate5 check] opt_step violations: t0=0 diffs=0 (expected_inc=16)
[Gate5 check] NaN masking: nan_on_skip=True finite_on_update=True
[Gate5 summary] mean_update_fraction=0.1122 final_executed_updates_mean=35.00
[Gate5 eval] done_count mean=100.0 CSR mean=0.0000 len_end_mean=26.00
[Gate5 eval] episodes_per_env=4 T_eval=104
[Gate5 eval-debug] locked_eps_occ=0.20 pre(step25): dbar_end=0.508562 occupied_end_mean=0.450000 max_tilde_end_mean=0.724189 CSR@locked=0.000000
[Gate5 eval-debug] locked_eps_occ=0.20 post(step26): dbar_end=0.515169 occupied_end_mean=0.430000 max_tilde_end_mean=0.731975 CSR@locked=0.000000
[Gate5 eval-debug] CSR_pre@0.10=0.0000 CSR_pre@0.15=0.0000 CSR_pre@0.20=0.0000 CSR_pre@0.25=0.0100 CSR_pre@0.30=0.0400
[Gate5 eval-debug] CSR_post@0.10=0.0000 CSR_post@0.15=0.0000 CSR_post@0.20=0.0000 CSR_post@0.25=0.0100 CSR_post@0.30=0.0100
