Importing submoduled environments...
Submoduled environments not found. Skipping import.
[upd 0] u=1 upd_ctr=1 opt_step=16 E=0.000 g=0.073 VarTD=0.176583 ret_end=-28.932 dbar_end=0.832 occ_end=0.120 CSR_train=0.000 done_count=100
[upd 10] u=0 upd_ctr=1 opt_step=16 E=0.000 g=0.084 VarTD=0.145375 ret_end=-27.822 dbar_end=0.789 occ_end=0.112 CSR_train=0.000 done_count=125
[upd 20] u=0 upd_ctr=1 opt_step=16 E=0.000 g=0.093 VarTD=0.146987 ret_end=-27.233 dbar_end=0.757 occ_end=0.168 CSR_train=0.000 done_count=125
[upd 30] u=0 upd_ctr=1 opt_step=16 E=0.000 g=0.096 VarTD=0.137071 ret_end=-26.257 dbar_end=0.748 occ_end=0.184 CSR_train=0.000 done_count=125
[upd 40] u=0 upd_ctr=1 opt_step=16 E=0.000 g=0.088 VarTD=0.180465 ret_end=-27.591 dbar_end=0.774 occ_end=0.144 CSR_train=0.000 done_count=125
[upd 50] u=0 upd_ctr=1 opt_step=16 E=0.000 g=0.085 VarTD=0.175562 ret_end=-28.306 dbar_end=0.784 occ_end=0.144 CSR_train=0.000 done_count=125
[upd 60] u=0 upd_ctr=1 opt_step=16 E=0.000 g=0.091 VarTD=0.135200 ret_end=-26.482 dbar_end=0.765 occ_end=0.104 CSR_train=0.000 done_count=125
[upd 70] u=0 upd_ctr=1 opt_step=16 E=0.000 g=0.104 VarTD=0.137640 ret_end=-25.999 dbar_end=0.720 occ_end=0.176 CSR_train=0.008 done_count=125
[upd 80] u=0 upd_ctr=1 opt_step=16 E=0.000 g=0.086 VarTD=0.159804 ret_end=-28.420 dbar_end=0.783 occ_end=0.152 CSR_train=0.000 done_count=125
[upd 90] u=0 upd_ctr=1 opt_step=16 E=0.000 g=0.088 VarTD=0.151732 ret_end=-28.301 dbar_end=0.773 occ_end=0.152 CSR_train=0.000 done_count=125
[upd 100] u=0 upd_ctr=1 opt_step=16 E=0.000 g=0.092 VarTD=0.149594 ret_end=-28.055 dbar_end=0.761 occ_end=0.104 CSR_train=0.000 done_count=125
[upd 110] u=0 upd_ctr=1 opt_step=16 E=0.000 g=0.088 VarTD=0.164598 ret_end=-27.083 dbar_end=0.775 occ_end=0.144 CSR_train=0.000 done_count=125
[upd 120] u=0 upd_ctr=1 opt_step=16 E=0.000 g=0.098 VarTD=0.120906 ret_end=-26.823 dbar_end=0.738 occ_end=0.216 CSR_train=0.000 done_count=125
[Gate5 check] update_counter violations: t0=0 diffs=0
[Gate5 check] opt_step violations: t0=0 diffs=0 (expected_inc=16)
[Gate5 check] NaN masking: nan_on_skip=True finite_on_update=True
[Gate5 summary] mean_update_fraction=0.0080 final_executed_updates_mean=1.00
[Gate5 eval] done_count mean=100.0 CSR mean=0.0100 len_end_mean=26.00
[Gate5 eval] episodes_per_env=4 T_eval=104
[Gate5 eval-debug] locked_eps_occ=0.20 pre(step25): dbar_end=0.655933 occupied_end_mean=0.160000 max_tilde_end_mean=0.925414 CSR@locked=0.000000
[Gate5 eval-debug] locked_eps_occ=0.20 post(step26): dbar_end=0.659322 occupied_end_mean=0.190000 max_tilde_end_mean=0.932054 CSR@locked=0.010000
[Gate5 eval-debug] CSR_pre@0.10=0.0000 CSR_pre@0.15=0.0000 CSR_pre@0.20=0.0000 CSR_pre@0.25=0.0200 CSR_pre@0.30=0.0200
[Gate5 eval-debug] CSR_post@0.10=0.0000 CSR_post@0.15=0.0000 CSR_post@0.20=0.0100 CSR_post@0.25=0.0100 CSR_post@0.30=0.0100
