Importing submoduled environments...
Submoduled environments not found. Skipping import.
[upd 0] u=0 upd_ctr=0 opt_step=0 E=1.000 g=0.096 VarTD=0.164885 ret_end=-27.291 dbar_end=0.746 occ_end=0.170 CSR_train=0.000 done_count=100
[upd 10] u=0 upd_ctr=0 opt_step=0 E=1.000 g=0.082 VarTD=0.148616 ret_end=-27.930 dbar_end=0.796 occ_end=0.144 CSR_train=0.000 done_count=125
[upd 20] u=0 upd_ctr=0 opt_step=0 E=1.000 g=0.098 VarTD=0.135185 ret_end=-27.102 dbar_end=0.740 occ_end=0.152 CSR_train=0.000 done_count=125
[upd 30] u=0 upd_ctr=0 opt_step=0 E=1.000 g=0.097 VarTD=0.146357 ret_end=-26.529 dbar_end=0.744 occ_end=0.168 CSR_train=0.000 done_count=125
[upd 40] u=0 upd_ctr=0 opt_step=0 E=1.000 g=0.089 VarTD=0.164042 ret_end=-27.587 dbar_end=0.771 occ_end=0.168 CSR_train=0.000 done_count=125
[upd 50] u=0 upd_ctr=0 opt_step=0 E=1.000 g=0.082 VarTD=0.171050 ret_end=-27.570 dbar_end=0.796 occ_end=0.136 CSR_train=0.000 done_count=125
[upd 60] u=0 upd_ctr=0 opt_step=0 E=1.000 g=0.074 VarTD=0.196396 ret_end=-29.287 dbar_end=0.828 occ_end=0.104 CSR_train=0.000 done_count=125
[upd 70] u=0 upd_ctr=0 opt_step=0 E=1.000 g=0.079 VarTD=0.175149 ret_end=-28.222 dbar_end=0.809 occ_end=0.128 CSR_train=0.000 done_count=125
[upd 80] u=0 upd_ctr=0 opt_step=0 E=1.000 g=0.092 VarTD=0.165780 ret_end=-27.149 dbar_end=0.760 occ_end=0.088 CSR_train=0.000 done_count=125
[upd 90] u=0 upd_ctr=0 opt_step=0 E=1.000 g=0.088 VarTD=0.158961 ret_end=-27.502 dbar_end=0.776 occ_end=0.176 CSR_train=0.000 done_count=125
[upd 100] u=0 upd_ctr=0 opt_step=0 E=1.000 g=0.083 VarTD=0.129579 ret_end=-28.438 dbar_end=0.792 occ_end=0.144 CSR_train=0.000 done_count=125
[upd 110] u=0 upd_ctr=0 opt_step=0 E=1.000 g=0.091 VarTD=0.166448 ret_end=-26.981 dbar_end=0.762 occ_end=0.176 CSR_train=0.000 done_count=125
[upd 120] u=0 upd_ctr=0 opt_step=0 E=1.000 g=0.085 VarTD=0.162954 ret_end=-28.014 dbar_end=0.785 occ_end=0.192 CSR_train=0.000 done_count=125
[Gate5 check] update_counter violations: t0=0 diffs=0
[Gate5 check] opt_step violations: t0=0 diffs=0 (expected_inc=16)
[Gate5 check] NaN masking: nan_on_skip=True finite_on_update=True
[Gate5 summary] mean_update_fraction=0.0000 final_executed_updates_mean=0.00
[Gate5 eval] done_count mean=100.0 CSR mean=0.0000 len_end_mean=26.00
[Gate5 eval] episodes_per_env=4 T_eval=104
[Gate5 eval-debug] locked_eps_occ=0.20 pre(step25): dbar_end=1.606320 occupied_end_mean=0.090000 max_tilde_end_mean=2.007315 CSR@locked=0.000000
[Gate5 eval-debug] locked_eps_occ=0.20 post(step26): dbar_end=1.636710 occupied_end_mean=0.090000 max_tilde_end_mean=2.040473 CSR@locked=0.000000
[Gate5 eval-debug] CSR_pre@0.10=0.0000 CSR_pre@0.15=0.0000 CSR_pre@0.20=0.0000 CSR_pre@0.25=0.0000 CSR_pre@0.30=0.0000
[Gate5 eval-debug] CSR_post@0.10=0.0000 CSR_post@0.15=0.0000 CSR_post@0.20=0.0000 CSR_post@0.25=0.0000 CSR_post@0.30=0.0000
