Importing submoduled environments...
Submoduled environments not found. Skipping import.
[upd 0] u=1 upd_ctr=1 opt_step=16 E=0.051 g=0.085 VarTD=0.206615 ret_end=-28.597 dbar_end=0.786 occ_end=0.160 CSR_train=0.000 done_count=100
[upd 10] u=0 upd_ctr=1 opt_step=16 E=0.630 g=0.096 VarTD=0.212328 ret_end=-26.954 dbar_end=0.748 occ_end=0.176 CSR_train=0.000 done_count=125
[upd 20] u=0 upd_ctr=2 opt_step=32 E=0.177 g=0.098 VarTD=0.174672 ret_end=-26.553 dbar_end=0.740 occ_end=0.184 CSR_train=0.000 done_count=125
[upd 30] u=0 upd_ctr=2 opt_step=32 E=0.764 g=0.097 VarTD=0.186754 ret_end=-27.138 dbar_end=0.743 occ_end=0.136 CSR_train=0.000 done_count=125
[upd 40] u=0 upd_ctr=3 opt_step=48 E=0.363 g=0.102 VarTD=0.179050 ret_end=-27.405 dbar_end=0.728 occ_end=0.168 CSR_train=0.000 done_count=125
[upd 50] u=0 upd_ctr=3 opt_step=48 E=0.966 g=0.092 VarTD=0.191580 ret_end=-27.574 dbar_end=0.760 occ_end=0.136 CSR_train=0.000 done_count=125
[upd 60] u=0 upd_ctr=4 opt_step=64 E=0.568 g=0.099 VarTD=0.181616 ret_end=-26.887 dbar_end=0.737 occ_end=0.200 CSR_train=0.000 done_count=125
[upd 70] u=0 upd_ctr=5 opt_step=80 E=0.193 g=0.116 VarTD=0.184225 ret_end=-26.538 dbar_end=0.687 occ_end=0.240 CSR_train=0.000 done_count=125
[upd 80] u=0 upd_ctr=5 opt_step=80 E=0.841 g=0.115 VarTD=0.188751 ret_end=-26.821 dbar_end=0.688 occ_end=0.224 CSR_train=0.000 done_count=125
[upd 90] u=0 upd_ctr=6 opt_step=96 E=0.473 g=0.115 VarTD=0.182848 ret_end=-26.203 dbar_end=0.689 occ_end=0.184 CSR_train=0.000 done_count=125
[upd 100] u=0 upd_ctr=7 opt_step=112 E=0.137 g=0.122 VarTD=0.192581 ret_end=-25.673 dbar_end=0.670 occ_end=0.256 CSR_train=0.000 done_count=125
[upd 110] u=0 upd_ctr=7 opt_step=112 E=0.854 g=0.104 VarTD=0.182149 ret_end=-27.818 dbar_end=0.722 occ_end=0.168 CSR_train=0.000 done_count=125
[upd 120] u=0 upd_ctr=8 opt_step=128 E=0.495 g=0.121 VarTD=0.158196 ret_end=-25.250 dbar_end=0.673 occ_end=0.192 CSR_train=0.000 done_count=125
[upd 130] u=0 upd_ctr=9 opt_step=144 E=0.215 g=0.124 VarTD=0.174143 ret_end=-25.113 dbar_end=0.665 occ_end=0.110 CSR_train=0.000 done_count=100
[upd 140] u=0 upd_ctr=9 opt_step=144 E=0.950 g=0.115 VarTD=0.190628 ret_end=-26.647 dbar_end=0.689 occ_end=0.160 CSR_train=0.000 done_count=125
[upd 150] u=0 upd_ctr=10 opt_step=160 E=0.681 g=0.122 VarTD=0.171073 ret_end=-25.820 dbar_end=0.671 occ_end=0.144 CSR_train=0.000 done_count=125
[upd 160] u=0 upd_ctr=11 opt_step=176 E=0.374 g=0.135 VarTD=0.204277 ret_end=-25.445 dbar_end=0.638 occ_end=0.192 CSR_train=0.000 done_count=125
[upd 170] u=1 upd_ctr=12 opt_step=192 E=0.077 g=0.128 VarTD=0.204945 ret_end=-25.482 dbar_end=0.655 occ_end=0.272 CSR_train=0.000 done_count=125
[upd 180] u=0 upd_ctr=12 opt_step=192 E=0.856 g=0.121 VarTD=0.193806 ret_end=-25.364 dbar_end=0.673 occ_end=0.232 CSR_train=0.000 done_count=125
[upd 190] u=0 upd_ctr=13 opt_step=208 E=0.641 g=0.123 VarTD=0.223009 ret_end=-25.685 dbar_end=0.667 occ_end=0.176 CSR_train=0.000 done_count=125
[upd 200] u=0 upd_ctr=14 opt_step=224 E=0.419 g=0.138 VarTD=0.247859 ret_end=-24.842 dbar_end=0.631 occ_end=0.208 CSR_train=0.000 done_count=125
[upd 210] u=0 upd_ctr=15 opt_step=240 E=0.254 g=0.141 VarTD=0.288167 ret_end=-25.087 dbar_end=0.624 occ_end=0.272 CSR_train=0.000 done_count=125
[upd 220] u=1 upd_ctr=16 opt_step=256 E=0.084 g=0.140 VarTD=0.274664 ret_end=-25.024 dbar_end=0.627 occ_end=0.232 CSR_train=0.000 done_count=125
[upd 230] u=0 upd_ctr=16 opt_step=256 E=0.954 g=0.148 VarTD=0.346767 ret_end=-25.378 dbar_end=0.609 occ_end=0.240 CSR_train=0.000 done_count=125
[upd 240] u=0 upd_ctr=17 opt_step=272 E=0.788 g=0.156 VarTD=0.377999 ret_end=-24.177 dbar_end=0.591 occ_end=0.312 CSR_train=0.000 done_count=125
[upd 250] u=0 upd_ctr=18 opt_step=288 E=0.625 g=0.146 VarTD=0.438307 ret_end=-24.800 dbar_end=0.613 occ_end=0.288 CSR_train=0.000 done_count=125
[upd 260] u=0 upd_ctr=19 opt_step=304 E=0.439 g=0.146 VarTD=0.428617 ret_end=-24.023 dbar_end=0.612 occ_end=0.150 CSR_train=0.000 done_count=100
[upd 270] u=0 upd_ctr=20 opt_step=320 E=0.376 g=0.154 VarTD=0.584349 ret_end=-24.853 dbar_end=0.596 occ_end=0.272 CSR_train=0.000 done_count=125
[upd 280] u=0 upd_ctr=21 opt_step=336 E=0.278 g=0.143 VarTD=0.660765 ret_end=-24.504 dbar_end=0.620 occ_end=0.264 CSR_train=0.000 done_count=125
[upd 290] u=0 upd_ctr=22 opt_step=352 E=0.194 g=0.153 VarTD=0.761227 ret_end=-24.607 dbar_end=0.597 occ_end=0.232 CSR_train=0.000 done_count=125
[upd 300] u=1 upd_ctr=23 opt_step=368 E=0.099 g=0.166 VarTD=0.760951 ret_end=-24.178 dbar_end=0.572 occ_end=0.264 CSR_train=0.000 done_count=125
[upd 310] u=0 upd_ctr=23 opt_step=368 E=1.000 g=0.148 VarTD=0.860317 ret_end=-25.246 dbar_end=0.608 occ_end=0.256 CSR_train=0.000 done_count=125
[Gate5 check] update_counter violations: t0=0 diffs=0
[Gate5 check] opt_step violations: t0=0 diffs=0 (expected_inc=16)
[Gate5 check] NaN masking: nan_on_skip=True finite_on_update=True
[Gate5 summary] mean_update_fraction=0.0769 final_executed_updates_mean=24.00
[Gate5 eval] done_count mean=100.0 CSR mean=0.0000 len_end_mean=26.00
[Gate5 eval] episodes_per_env=4 T_eval=104
[Gate5 eval-debug] locked_eps_occ=0.20 pre(step25): dbar_end=0.508379 occupied_end_mean=0.380000 max_tilde_end_mean=0.702887 CSR@locked=0.000000
[Gate5 eval-debug] locked_eps_occ=0.20 post(step26): dbar_end=0.504300 occupied_end_mean=0.420000 max_tilde_end_mean=0.706164 CSR@locked=0.000000
[Gate5 eval-debug] CSR_pre@0.10=0.0000 CSR_pre@0.15=0.0000 CSR_pre@0.20=0.0000 CSR_pre@0.25=0.0200 CSR_pre@0.30=0.0400
[Gate5 eval-debug] CSR_post@0.10=0.0000 CSR_post@0.15=0.0000 CSR_post@0.20=0.0000 CSR_post@0.25=0.0100 CSR_post@0.30=0.0100
