Importing submoduled environments...
Submoduled environments not found. Skipping import.
[upd 0] u=1 upd_ctr=1 opt_step=16 E=0.025 g=0.083 VarTD=0.176951 ret_end=-28.473 dbar_end=0.794 occ_end=0.140 CSR_train=0.000 done_count=100
[upd 10] u=0 upd_ctr=1 opt_step=16 E=0.309 g=0.089 VarTD=0.152994 ret_end=-28.611 dbar_end=0.772 occ_end=0.104 CSR_train=0.000 done_count=125
[upd 20] u=0 upd_ctr=1 opt_step=16 E=0.591 g=0.093 VarTD=0.156211 ret_end=-27.741 dbar_end=0.758 occ_end=0.208 CSR_train=0.000 done_count=125
[upd 30] u=0 upd_ctr=1 opt_step=16 E=0.875 g=0.093 VarTD=0.150216 ret_end=-27.296 dbar_end=0.756 occ_end=0.128 CSR_train=0.000 done_count=125
[upd 40] u=0 upd_ctr=2 opt_step=32 E=0.145 g=0.100 VarTD=0.163788 ret_end=-26.977 dbar_end=0.734 occ_end=0.216 CSR_train=0.000 done_count=125
[upd 50] u=0 upd_ctr=2 opt_step=32 E=0.448 g=0.099 VarTD=0.172929 ret_end=-26.951 dbar_end=0.737 occ_end=0.112 CSR_train=0.000 done_count=125
[upd 60] u=0 upd_ctr=2 opt_step=32 E=0.750 g=0.103 VarTD=0.127241 ret_end=-26.548 dbar_end=0.723 occ_end=0.080 CSR_train=0.000 done_count=125
[upd 70] u=1 upd_ctr=3 opt_step=48 E=0.029 g=0.096 VarTD=0.160506 ret_end=-26.953 dbar_end=0.745 occ_end=0.176 CSR_train=0.000 done_count=125
[upd 80] u=0 upd_ctr=3 opt_step=48 E=0.350 g=0.108 VarTD=0.134756 ret_end=-27.144 dbar_end=0.708 occ_end=0.232 CSR_train=0.000 done_count=125
[upd 90] u=0 upd_ctr=3 opt_step=48 E=0.664 g=0.103 VarTD=0.127826 ret_end=-27.156 dbar_end=0.723 occ_end=0.160 CSR_train=0.000 done_count=125
[upd 100] u=0 upd_ctr=3 opt_step=48 E=0.971 g=0.100 VarTD=0.161759 ret_end=-27.123 dbar_end=0.734 occ_end=0.088 CSR_train=0.000 done_count=125
[upd 110] u=0 upd_ctr=4 opt_step=64 E=0.310 g=0.118 VarTD=0.139834 ret_end=-25.379 dbar_end=0.682 occ_end=0.128 CSR_train=0.000 done_count=125
[upd 120] u=0 upd_ctr=4 opt_step=64 E=0.633 g=0.104 VarTD=0.134011 ret_end=-25.803 dbar_end=0.721 occ_end=0.136 CSR_train=0.000 done_count=125
[upd 130] u=0 upd_ctr=4 opt_step=64 E=0.961 g=0.114 VarTD=0.129983 ret_end=-26.409 dbar_end=0.692 occ_end=0.210 CSR_train=0.000 done_count=100
[upd 140] u=0 upd_ctr=5 opt_step=80 E=0.277 g=0.093 VarTD=0.154299 ret_end=-27.281 dbar_end=0.756 occ_end=0.136 CSR_train=0.000 done_count=125
[upd 150] u=0 upd_ctr=5 opt_step=80 E=0.613 g=0.127 VarTD=0.120670 ret_end=-25.373 dbar_end=0.657 occ_end=0.240 CSR_train=0.000 done_count=125
[upd 160] u=0 upd_ctr=5 opt_step=80 E=0.957 g=0.124 VarTD=0.127476 ret_end=-25.708 dbar_end=0.664 occ_end=0.176 CSR_train=0.000 done_count=125
[upd 170] u=0 upd_ctr=6 opt_step=96 E=0.285 g=0.115 VarTD=0.142597 ret_end=-26.587 dbar_end=0.690 occ_end=0.168 CSR_train=0.000 done_count=125
[upd 180] u=0 upd_ctr=6 opt_step=96 E=0.631 g=0.115 VarTD=0.141319 ret_end=-26.503 dbar_end=0.689 occ_end=0.200 CSR_train=0.000 done_count=125
[upd 190] u=0 upd_ctr=6 opt_step=96 E=0.982 g=0.122 VarTD=0.143578 ret_end=-25.811 dbar_end=0.670 occ_end=0.192 CSR_train=0.000 done_count=125
[upd 200] u=0 upd_ctr=7 opt_step=112 E=0.321 g=0.115 VarTD=0.151513 ret_end=-26.802 dbar_end=0.689 occ_end=0.216 CSR_train=0.000 done_count=125
[upd 210] u=0 upd_ctr=7 opt_step=112 E=0.678 g=0.120 VarTD=0.137375 ret_end=-25.997 dbar_end=0.675 occ_end=0.168 CSR_train=0.000 done_count=125
[upd 220] u=0 upd_ctr=7 opt_step=112 E=1.000 g=0.126 VarTD=0.119440 ret_end=-25.174 dbar_end=0.660 occ_end=0.136 CSR_train=0.000 done_count=125
[upd 230] u=0 upd_ctr=8 opt_step=128 E=0.382 g=0.137 VarTD=0.125756 ret_end=-25.504 dbar_end=0.634 occ_end=0.240 CSR_train=0.000 done_count=125
[upd 240] u=0 upd_ctr=8 opt_step=128 E=0.750 g=0.134 VarTD=0.159397 ret_end=-25.394 dbar_end=0.640 occ_end=0.248 CSR_train=0.000 done_count=125
[upd 250] u=0 upd_ctr=9 opt_step=144 E=0.112 g=0.129 VarTD=0.159597 ret_end=-24.964 dbar_end=0.653 occ_end=0.240 CSR_train=0.000 done_count=125
[upd 260] u=0 upd_ctr=9 opt_step=144 E=0.498 g=0.124 VarTD=0.144024 ret_end=-26.392 dbar_end=0.665 occ_end=0.260 CSR_train=0.000 done_count=100
[upd 270] u=0 upd_ctr=9 opt_step=144 E=0.878 g=0.137 VarTD=0.141106 ret_end=-25.107 dbar_end=0.633 occ_end=0.232 CSR_train=0.000 done_count=125
[upd 280] u=0 upd_ctr=10 opt_step=160 E=0.241 g=0.125 VarTD=0.157149 ret_end=-25.742 dbar_end=0.661 occ_end=0.240 CSR_train=0.000 done_count=125
[upd 290] u=0 upd_ctr=10 opt_step=160 E=0.630 g=0.130 VarTD=0.149008 ret_end=-24.844 dbar_end=0.649 occ_end=0.200 CSR_train=0.000 done_count=125
[upd 300] u=0 upd_ctr=10 opt_step=160 E=1.000 g=0.141 VarTD=0.191068 ret_end=-24.992 dbar_end=0.624 occ_end=0.256 CSR_train=0.000 done_count=125
[upd 310] u=0 upd_ctr=11 opt_step=176 E=0.388 g=0.146 VarTD=0.174350 ret_end=-24.855 dbar_end=0.613 occ_end=0.256 CSR_train=0.000 done_count=125
[Gate5 check] update_counter violations: t0=0 diffs=0
[Gate5 check] opt_step violations: t0=0 diffs=0 (expected_inc=16)
[Gate5 check] NaN masking: nan_on_skip=True finite_on_update=True
[Gate5 summary] mean_update_fraction=0.0353 final_executed_updates_mean=11.00
[Gate5 eval] done_count mean=100.0 CSR mean=0.0000 len_end_mean=26.00
[Gate5 eval] episodes_per_env=4 T_eval=104
[Gate5 eval-debug] locked_eps_occ=0.20 pre(step25): dbar_end=0.509558 occupied_end_mean=0.410000 max_tilde_end_mean=0.725771 CSR@locked=0.010000
[Gate5 eval-debug] locked_eps_occ=0.20 post(step26): dbar_end=0.509963 occupied_end_mean=0.350000 max_tilde_end_mean=0.716733 CSR@locked=0.000000
[Gate5 eval-debug] CSR_pre@0.10=0.0000 CSR_pre@0.15=0.0000 CSR_pre@0.20=0.0100 CSR_pre@0.25=0.0200 CSR_pre@0.30=0.0300
[Gate5 eval-debug] CSR_post@0.10=0.0000 CSR_post@0.15=0.0000 CSR_post@0.20=0.0000 CSR_post@0.25=0.0100 CSR_post@0.30=0.0500
