Importing submoduled environments...
Submoduled environments not found. Skipping import.
[upd 0] u=1 upd_ctr=1 opt_step=16 E=0.018 g=0.092 VarTD=0.142843 ret_end=-27.084 dbar_end=0.760 occ_end=0.110 CSR_train=0.000 done_count=100
[upd 10] u=0 upd_ctr=1 opt_step=16 E=0.199 g=0.091 VarTD=0.164683 ret_end=-27.227 dbar_end=0.764 occ_end=0.176 CSR_train=0.000 done_count=125
[upd 20] u=0 upd_ctr=1 opt_step=16 E=0.388 g=0.080 VarTD=0.174803 ret_end=-28.589 dbar_end=0.804 occ_end=0.112 CSR_train=0.000 done_count=125
[upd 30] u=0 upd_ctr=1 opt_step=16 E=0.578 g=0.092 VarTD=0.132511 ret_end=-27.386 dbar_end=0.758 occ_end=0.160 CSR_train=0.000 done_count=125
[upd 40] u=0 upd_ctr=1 opt_step=16 E=0.764 g=0.095 VarTD=0.150439 ret_end=-26.897 dbar_end=0.751 occ_end=0.136 CSR_train=0.000 done_count=125
[upd 50] u=0 upd_ctr=1 opt_step=16 E=0.950 g=0.091 VarTD=0.138841 ret_end=-27.563 dbar_end=0.764 occ_end=0.176 CSR_train=0.000 done_count=125
[upd 60] u=0 upd_ctr=2 opt_step=32 E=0.145 g=0.118 VarTD=0.149662 ret_end=-25.580 dbar_end=0.681 occ_end=0.168 CSR_train=0.000 done_count=125
[upd 70] u=0 upd_ctr=2 opt_step=32 E=0.344 g=0.091 VarTD=0.167103 ret_end=-27.408 dbar_end=0.762 occ_end=0.120 CSR_train=0.000 done_count=125
[upd 80] u=0 upd_ctr=2 opt_step=32 E=0.544 g=0.093 VarTD=0.170843 ret_end=-27.448 dbar_end=0.756 occ_end=0.184 CSR_train=0.000 done_count=125
[upd 90] u=0 upd_ctr=2 opt_step=32 E=0.748 g=0.101 VarTD=0.132494 ret_end=-26.585 dbar_end=0.732 occ_end=0.096 CSR_train=0.000 done_count=125
[upd 100] u=0 upd_ctr=2 opt_step=32 E=0.947 g=0.098 VarTD=0.154349 ret_end=-28.347 dbar_end=0.738 occ_end=0.160 CSR_train=0.000 done_count=125
[upd 110] u=0 upd_ctr=3 opt_step=48 E=0.145 g=0.107 VarTD=0.155495 ret_end=-27.075 dbar_end=0.711 occ_end=0.152 CSR_train=0.000 done_count=125
[upd 120] u=0 upd_ctr=3 opt_step=48 E=0.353 g=0.097 VarTD=0.131600 ret_end=-26.746 dbar_end=0.742 occ_end=0.152 CSR_train=0.000 done_count=125
[upd 130] u=0 upd_ctr=3 opt_step=48 E=0.556 g=0.091 VarTD=0.163614 ret_end=-27.437 dbar_end=0.764 occ_end=0.140 CSR_train=0.000 done_count=100
[upd 140] u=0 upd_ctr=3 opt_step=48 E=0.761 g=0.111 VarTD=0.169220 ret_end=-26.339 dbar_end=0.701 occ_end=0.176 CSR_train=0.000 done_count=125
[upd 150] u=0 upd_ctr=3 opt_step=48 E=0.957 g=0.095 VarTD=0.134954 ret_end=-25.571 dbar_end=0.750 occ_end=0.128 CSR_train=0.000 done_count=125
[upd 160] u=0 upd_ctr=4 opt_step=64 E=0.151 g=0.109 VarTD=0.161419 ret_end=-26.702 dbar_end=0.706 occ_end=0.216 CSR_train=0.000 done_count=125
[upd 170] u=0 upd_ctr=4 opt_step=64 E=0.365 g=0.105 VarTD=0.138561 ret_end=-25.987 dbar_end=0.718 occ_end=0.224 CSR_train=0.000 done_count=125
[upd 180] u=0 upd_ctr=4 opt_step=64 E=0.574 g=0.096 VarTD=0.145438 ret_end=-26.871 dbar_end=0.745 occ_end=0.120 CSR_train=0.000 done_count=125
[upd 190] u=0 upd_ctr=4 opt_step=64 E=0.786 g=0.106 VarTD=0.151194 ret_end=-27.045 dbar_end=0.716 occ_end=0.160 CSR_train=0.000 done_count=125
[upd 200] u=0 upd_ctr=4 opt_step=64 E=0.995 g=0.097 VarTD=0.177769 ret_end=-27.522 dbar_end=0.744 occ_end=0.208 CSR_train=0.000 done_count=125
[upd 210] u=0 upd_ctr=5 opt_step=80 E=0.197 g=0.120 VarTD=0.156793 ret_end=-25.936 dbar_end=0.676 occ_end=0.152 CSR_train=0.000 done_count=125
[upd 220] u=0 upd_ctr=5 opt_step=80 E=0.428 g=0.107 VarTD=0.136549 ret_end=-26.285 dbar_end=0.713 occ_end=0.152 CSR_train=0.000 done_count=125
[upd 230] u=0 upd_ctr=5 opt_step=80 E=0.650 g=0.109 VarTD=0.163577 ret_end=-26.383 dbar_end=0.706 occ_end=0.208 CSR_train=0.000 done_count=125
[upd 240] u=0 upd_ctr=5 opt_step=80 E=0.869 g=0.103 VarTD=0.205578 ret_end=-27.186 dbar_end=0.725 occ_end=0.184 CSR_train=0.000 done_count=125
[upd 250] u=0 upd_ctr=6 opt_step=96 E=0.092 g=0.115 VarTD=0.118191 ret_end=-26.847 dbar_end=0.690 occ_end=0.248 CSR_train=0.000 done_count=125
[upd 260] u=0 upd_ctr=6 opt_step=96 E=0.321 g=0.120 VarTD=0.138271 ret_end=-25.143 dbar_end=0.676 occ_end=0.190 CSR_train=0.000 done_count=100
[upd 270] u=0 upd_ctr=6 opt_step=96 E=0.545 g=0.102 VarTD=0.170959 ret_end=-26.617 dbar_end=0.728 occ_end=0.224 CSR_train=0.000 done_count=125
[upd 280] u=0 upd_ctr=6 opt_step=96 E=0.771 g=0.127 VarTD=0.131007 ret_end=-25.736 dbar_end=0.658 occ_end=0.232 CSR_train=0.008 done_count=125
[upd 290] u=0 upd_ctr=6 opt_step=96 E=0.993 g=0.124 VarTD=0.126012 ret_end=-25.763 dbar_end=0.666 occ_end=0.184 CSR_train=0.000 done_count=125
[upd 300] u=0 upd_ctr=7 opt_step=112 E=0.203 g=0.107 VarTD=0.144676 ret_end=-26.182 dbar_end=0.711 occ_end=0.168 CSR_train=0.000 done_count=125
[upd 310] u=0 upd_ctr=7 opt_step=112 E=0.432 g=0.104 VarTD=0.144619 ret_end=-26.785 dbar_end=0.722 occ_end=0.160 CSR_train=0.000 done_count=125
[Gate5 check] update_counter violations: t0=0 diffs=0
[Gate5 check] opt_step violations: t0=0 diffs=0 (expected_inc=16)
[Gate5 check] NaN masking: nan_on_skip=True finite_on_update=True
[Gate5 summary] mean_update_fraction=0.0224 final_executed_updates_mean=7.00
[Gate5 eval] done_count mean=100.0 CSR mean=0.0000 len_end_mean=26.00
[Gate5 eval] episodes_per_env=4 T_eval=104
[Gate5 eval-debug] locked_eps_occ=0.20 pre(step25): dbar_end=0.514676 occupied_end_mean=0.400000 max_tilde_end_mean=0.773896 CSR@locked=0.000000
[Gate5 eval-debug] locked_eps_occ=0.20 post(step26): dbar_end=0.518925 occupied_end_mean=0.410000 max_tilde_end_mean=0.779927 CSR@locked=0.000000
[Gate5 eval-debug] CSR_pre@0.10=0.0000 CSR_pre@0.15=0.0000 CSR_pre@0.20=0.0000 CSR_pre@0.25=0.0000 CSR_pre@0.30=0.0200
[Gate5 eval-debug] CSR_post@0.10=0.0000 CSR_post@0.15=0.0000 CSR_post@0.20=0.0000 CSR_post@0.25=0.0100 CSR_post@0.30=0.0200
