Importing submoduled environments...
Submoduled environments not found. Skipping import.
[upd 0] u=1 upd_ctr=1 opt_step=16 E=0.123 g=0.092 VarTD=0.136051 ret_end=-27.009 dbar_end=0.762 occ_end=0.140 CSR_train=0.000 done_count=100
[upd 10] u=0 upd_ctr=1 opt_step=16 E=0.865 g=0.088 VarTD=0.157825 ret_end=-27.556 dbar_end=0.774 occ_end=0.128 CSR_train=0.000 done_count=125
[upd 20] u=0 upd_ctr=2 opt_step=32 E=0.677 g=0.096 VarTD=0.141401 ret_end=-27.078 dbar_end=0.745 occ_end=0.136 CSR_train=0.000 done_count=125
[upd 30] u=0 upd_ctr=3 opt_step=48 E=0.521 g=0.105 VarTD=0.160995 ret_end=-27.129 dbar_end=0.717 occ_end=0.176 CSR_train=0.000 done_count=125
[upd 40] u=0 upd_ctr=4 opt_step=64 E=0.344 g=0.105 VarTD=0.144321 ret_end=-25.928 dbar_end=0.718 occ_end=0.160 CSR_train=0.000 done_count=125
[upd 50] u=0 upd_ctr=5 opt_step=80 E=0.214 g=0.106 VarTD=0.137631 ret_end=-25.585 dbar_end=0.714 occ_end=0.192 CSR_train=0.000 done_count=125
[upd 60] u=0 upd_ctr=6 opt_step=96 E=0.195 g=0.118 VarTD=0.134824 ret_end=-26.433 dbar_end=0.682 occ_end=0.184 CSR_train=0.000 done_count=125
[upd 70] u=1 upd_ctr=7 opt_step=112 E=0.148 g=0.123 VarTD=0.147370 ret_end=-25.323 dbar_end=0.668 occ_end=0.272 CSR_train=0.000 done_count=125
[upd 80] u=1 upd_ctr=8 opt_step=128 E=0.157 g=0.134 VarTD=0.114496 ret_end=-24.896 dbar_end=0.640 occ_end=0.176 CSR_train=0.000 done_count=125
[upd 90] u=0 upd_ctr=9 opt_step=144 E=0.241 g=0.144 VarTD=0.136783 ret_end=-25.123 dbar_end=0.616 occ_end=0.248 CSR_train=0.000 done_count=125
[upd 100] u=0 upd_ctr=10 opt_step=160 E=0.376 g=0.141 VarTD=0.154642 ret_end=-25.018 dbar_end=0.625 occ_end=0.256 CSR_train=0.000 done_count=125
[upd 110] u=0 upd_ctr=11 opt_step=176 E=0.524 g=0.154 VarTD=0.168561 ret_end=-24.077 dbar_end=0.595 occ_end=0.392 CSR_train=0.000 done_count=125
[upd 120] u=0 upd_ctr=12 opt_step=192 E=0.712 g=0.149 VarTD=0.200960 ret_end=-25.258 dbar_end=0.606 occ_end=0.288 CSR_train=0.000 done_count=125
[upd 130] u=0 upd_ctr=13 opt_step=208 E=0.866 g=0.151 VarTD=0.209886 ret_end=-24.819 dbar_end=0.603 occ_end=0.290 CSR_train=0.000 done_count=100
[upd 140] u=1 upd_ctr=15 opt_step=240 E=0.149 g=0.139 VarTD=0.255536 ret_end=-25.748 dbar_end=0.627 occ_end=0.216 CSR_train=0.000 done_count=125
[upd 150] u=0 upd_ctr=16 opt_step=256 E=0.439 g=0.159 VarTD=0.339873 ret_end=-24.243 dbar_end=0.585 occ_end=0.248 CSR_train=0.008 done_count=125
[upd 160] u=0 upd_ctr=17 opt_step=272 E=0.628 g=0.133 VarTD=0.364691 ret_end=-24.857 dbar_end=0.644 occ_end=0.200 CSR_train=0.000 done_count=125
[upd 170] u=0 upd_ctr=18 opt_step=288 E=0.928 g=0.160 VarTD=0.450413 ret_end=-24.186 dbar_end=0.585 occ_end=0.240 CSR_train=0.000 done_count=125
[upd 180] u=0 upd_ctr=20 opt_step=320 E=0.245 g=0.143 VarTD=0.614747 ret_end=-25.260 dbar_end=0.618 occ_end=0.264 CSR_train=0.000 done_count=125
[upd 190] u=0 upd_ctr=21 opt_step=336 E=0.563 g=0.162 VarTD=0.723193 ret_end=-24.364 dbar_end=0.581 occ_end=0.264 CSR_train=0.000 done_count=125
[upd 200] u=0 upd_ctr=22 opt_step=352 E=0.923 g=0.157 VarTD=0.819570 ret_end=-24.010 dbar_end=0.590 occ_end=0.280 CSR_train=0.000 done_count=125
[upd 210] u=1 upd_ctr=24 opt_step=384 E=0.173 g=0.153 VarTD=0.949408 ret_end=-25.249 dbar_end=0.597 occ_end=0.192 CSR_train=0.000 done_count=125
[upd 220] u=0 upd_ctr=25 opt_step=400 E=0.439 g=0.157 VarTD=1.166015 ret_end=-24.878 dbar_end=0.589 occ_end=0.208 CSR_train=0.000 done_count=125
[upd 230] u=0 upd_ctr=26 opt_step=416 E=0.712 g=0.170 VarTD=1.309770 ret_end=-24.485 dbar_end=0.564 occ_end=0.240 CSR_train=0.000 done_count=125
[upd 240] u=1 upd_ctr=28 opt_step=448 E=0.157 g=0.176 VarTD=1.420396 ret_end=-23.335 dbar_end=0.554 occ_end=0.264 CSR_train=0.008 done_count=125
[upd 250] u=0 upd_ctr=29 opt_step=464 E=0.596 g=0.161 VarTD=1.738389 ret_end=-24.400 dbar_end=0.582 occ_end=0.272 CSR_train=0.000 done_count=125
[upd 260] u=0 upd_ctr=30 opt_step=480 E=1.000 g=0.175 VarTD=1.561754 ret_end=-23.126 dbar_end=0.555 occ_end=0.320 CSR_train=0.000 done_count=100
[upd 270] u=0 upd_ctr=32 opt_step=512 E=0.473 g=0.175 VarTD=2.242426 ret_end=-24.131 dbar_end=0.554 occ_end=0.248 CSR_train=0.000 done_count=125
[upd 280] u=0 upd_ctr=33 opt_step=528 E=0.917 g=0.193 VarTD=2.454656 ret_end=-23.003 dbar_end=0.524 occ_end=0.336 CSR_train=0.000 done_count=125
[upd 290] u=0 upd_ctr=35 opt_step=560 E=0.345 g=0.192 VarTD=2.721610 ret_end=-22.344 dbar_end=0.525 occ_end=0.216 CSR_train=0.000 done_count=125
[upd 300] u=0 upd_ctr=36 opt_step=576 E=0.907 g=0.182 VarTD=2.930622 ret_end=-23.573 dbar_end=0.542 occ_end=0.280 CSR_train=0.000 done_count=125
[upd 310] u=0 upd_ctr=38 opt_step=608 E=0.346 g=0.182 VarTD=3.277794 ret_end=-23.014 dbar_end=0.542 occ_end=0.248 CSR_train=0.000 done_count=125
[Gate5 check] update_counter violations: t0=0 diffs=0
[Gate5 check] opt_step violations: t0=0 diffs=0 (expected_inc=16)
[Gate5 check] NaN masking: nan_on_skip=True finite_on_update=True
[Gate5 summary] mean_update_fraction=0.1218 final_executed_updates_mean=38.00
[Gate5 eval] done_count mean=100.0 CSR mean=0.0100 len_end_mean=26.00
[Gate5 eval] episodes_per_env=4 T_eval=104
[Gate5 eval-debug] locked_eps_occ=0.20 pre(step25): dbar_end=0.475410 occupied_end_mean=0.410000 max_tilde_end_mean=0.673350 CSR@locked=0.010000
[Gate5 eval-debug] locked_eps_occ=0.20 post(step26): dbar_end=0.469087 occupied_end_mean=0.410000 max_tilde_end_mean=0.665705 CSR@locked=0.010000
[Gate5 eval-debug] CSR_pre@0.10=0.0000 CSR_pre@0.15=0.0000 CSR_pre@0.20=0.0100 CSR_pre@0.25=0.0400 CSR_pre@0.30=0.0400
[Gate5 eval-debug] CSR_post@0.10=0.0000 CSR_post@0.15=0.0000 CSR_post@0.20=0.0100 CSR_post@0.25=0.0300 CSR_post@0.30=0.0400
