Importing submoduled environments...
Submoduled environments not found. Skipping import.
[upd 0] u=1 upd_ctr=1 opt_step=16 E=0.900 g=0.083 VarTD=0.159821 ret_end=-27.605 dbar_end=0.794 occ_end=0.110 CSR_train=0.000 done_count=100
[upd 10] u=0 upd_ctr=9 opt_step=144 E=0.100 g=0.118 VarTD=0.163045 ret_end=-25.976 dbar_end=0.682 occ_end=0.200 CSR_train=0.000 done_count=125
[upd 20] u=0 upd_ctr=9 opt_step=144 E=0.100 g=0.124 VarTD=0.158672 ret_end=-25.425 dbar_end=0.665 occ_end=0.240 CSR_train=0.000 done_count=125
[upd 30] u=0 upd_ctr=9 opt_step=144 E=0.100 g=0.135 VarTD=0.158395 ret_end=-24.991 dbar_end=0.637 occ_end=0.256 CSR_train=0.000 done_count=125
[upd 40] u=0 upd_ctr=9 opt_step=144 E=0.100 g=0.131 VarTD=0.142524 ret_end=-25.671 dbar_end=0.647 occ_end=0.208 CSR_train=0.008 done_count=125
[upd 50] u=0 upd_ctr=9 opt_step=144 E=0.100 g=0.114 VarTD=0.157444 ret_end=-26.555 dbar_end=0.691 occ_end=0.200 CSR_train=0.000 done_count=125
[upd 60] u=0 upd_ctr=9 opt_step=144 E=0.100 g=0.121 VarTD=0.150558 ret_end=-25.941 dbar_end=0.673 occ_end=0.168 CSR_train=0.000 done_count=125
[upd 70] u=0 upd_ctr=9 opt_step=144 E=0.100 g=0.122 VarTD=0.150006 ret_end=-25.791 dbar_end=0.670 occ_end=0.200 CSR_train=0.000 done_count=125
[upd 80] u=0 upd_ctr=9 opt_step=144 E=0.100 g=0.120 VarTD=0.154302 ret_end=-26.058 dbar_end=0.674 occ_end=0.256 CSR_train=0.000 done_count=125
[upd 90] u=0 upd_ctr=9 opt_step=144 E=0.100 g=0.137 VarTD=0.169638 ret_end=-25.738 dbar_end=0.633 occ_end=0.248 CSR_train=0.000 done_count=125
[upd 100] u=0 upd_ctr=9 opt_step=144 E=0.100 g=0.124 VarTD=0.157211 ret_end=-26.556 dbar_end=0.664 occ_end=0.240 CSR_train=0.000 done_count=125
[upd 110] u=0 upd_ctr=9 opt_step=144 E=0.100 g=0.128 VarTD=0.159139 ret_end=-24.920 dbar_end=0.656 occ_end=0.144 CSR_train=0.000 done_count=125
[upd 120] u=0 upd_ctr=9 opt_step=144 E=0.100 g=0.135 VarTD=0.135095 ret_end=-24.687 dbar_end=0.637 occ_end=0.272 CSR_train=0.008 done_count=125
[Gate5 check] update_counter violations: t0=0 diffs=0
[Gate5 check] opt_step violations: t0=0 diffs=0 (expected_inc=16)
[Gate5 check] NaN masking: nan_on_skip=True finite_on_update=True
[Gate5 summary] mean_update_fraction=0.0720 final_executed_updates_mean=9.00
[Gate5 eval] done_count mean=100.0 CSR mean=0.0100 len_end_mean=26.00
[Gate5 eval] episodes_per_env=4 T_eval=104
[Gate5 eval-debug] locked_eps_occ=0.20 pre(step25): dbar_end=0.470962 occupied_end_mean=0.560000 max_tilde_end_mean=0.667791 CSR@locked=0.010000
[Gate5 eval-debug] locked_eps_occ=0.20 post(step26): dbar_end=0.473264 occupied_end_mean=0.520000 max_tilde_end_mean=0.668837 CSR@locked=0.010000
[Gate5 eval-debug] CSR_pre@0.10=0.0000 CSR_pre@0.15=0.0000 CSR_pre@0.20=0.0100 CSR_pre@0.25=0.0300 CSR_pre@0.30=0.0400
[Gate5 eval-debug] CSR_post@0.10=0.0100 CSR_post@0.15=0.0100 CSR_post@0.20=0.0100 CSR_post@0.25=0.0200 CSR_post@0.30=0.0500
