Importing submoduled environments...
Submoduled environments not found. Skipping import.
[upd 0] u=1 upd_ctr=1 opt_step=16 E=0.067 g=0.096 VarTD=0.126111 ret_end=-26.492 dbar_end=0.745 occ_end=0.140 CSR_train=0.000 done_count=100
[upd 10] u=0 upd_ctr=1 opt_step=16 E=0.721 g=0.101 VarTD=0.147310 ret_end=-26.592 dbar_end=0.729 occ_end=0.144 CSR_train=0.000 done_count=125
[upd 20] u=0 upd_ctr=2 opt_step=32 E=0.336 g=0.094 VarTD=0.152927 ret_end=-27.386 dbar_end=0.754 occ_end=0.128 CSR_train=0.000 done_count=125
[upd 30] u=0 upd_ctr=2 opt_step=32 E=1.000 g=0.109 VarTD=0.133031 ret_end=-25.581 dbar_end=0.706 occ_end=0.160 CSR_train=0.000 done_count=125
[upd 40] u=0 upd_ctr=3 opt_step=48 E=0.719 g=0.113 VarTD=0.129346 ret_end=-25.678 dbar_end=0.695 occ_end=0.112 CSR_train=0.000 done_count=125
[upd 50] u=0 upd_ctr=4 opt_step=64 E=0.429 g=0.097 VarTD=0.173807 ret_end=-27.819 dbar_end=0.743 occ_end=0.200 CSR_train=0.000 done_count=125
[upd 60] u=1 upd_ctr=5 opt_step=80 E=0.073 g=0.104 VarTD=0.147370 ret_end=-26.585 dbar_end=0.720 occ_end=0.120 CSR_train=0.000 done_count=125
[upd 70] u=0 upd_ctr=5 opt_step=80 E=0.791 g=0.094 VarTD=0.138218 ret_end=-27.361 dbar_end=0.754 occ_end=0.160 CSR_train=0.000 done_count=125
[upd 80] u=0 upd_ctr=6 opt_step=96 E=0.510 g=0.103 VarTD=0.161144 ret_end=-26.512 dbar_end=0.724 occ_end=0.200 CSR_train=0.000 done_count=125
[upd 90] u=0 upd_ctr=7 opt_step=112 E=0.232 g=0.121 VarTD=0.150833 ret_end=-26.122 dbar_end=0.672 occ_end=0.224 CSR_train=0.000 done_count=125
[upd 100] u=0 upd_ctr=7 opt_step=112 E=1.000 g=0.121 VarTD=0.165731 ret_end=-26.167 dbar_end=0.674 occ_end=0.216 CSR_train=0.000 done_count=125
[upd 110] u=0 upd_ctr=8 opt_step=128 E=0.811 g=0.126 VarTD=0.155768 ret_end=-26.199 dbar_end=0.661 occ_end=0.184 CSR_train=0.000 done_count=125
[upd 120] u=0 upd_ctr=9 opt_step=144 E=0.554 g=0.115 VarTD=0.191853 ret_end=-27.081 dbar_end=0.690 occ_end=0.200 CSR_train=0.000 done_count=125
[upd 130] u=0 upd_ctr=10 opt_step=160 E=0.303 g=0.114 VarTD=0.177490 ret_end=-26.753 dbar_end=0.692 occ_end=0.160 CSR_train=0.000 done_count=100
[upd 140] u=1 upd_ctr=11 opt_step=176 E=0.088 g=0.126 VarTD=0.169587 ret_end=-25.775 dbar_end=0.661 occ_end=0.168 CSR_train=0.008 done_count=125
[upd 150] u=0 upd_ctr=11 opt_step=176 E=0.951 g=0.135 VarTD=0.184321 ret_end=-25.239 dbar_end=0.637 occ_end=0.192 CSR_train=0.000 done_count=125
[upd 160] u=0 upd_ctr=12 opt_step=192 E=0.792 g=0.115 VarTD=0.221503 ret_end=-26.688 dbar_end=0.690 occ_end=0.144 CSR_train=0.000 done_count=125
[upd 170] u=0 upd_ctr=13 opt_step=208 E=0.635 g=0.128 VarTD=0.257007 ret_end=-25.781 dbar_end=0.654 occ_end=0.224 CSR_train=0.000 done_count=125
[upd 180] u=0 upd_ctr=14 opt_step=224 E=0.437 g=0.125 VarTD=0.236927 ret_end=-25.881 dbar_end=0.661 occ_end=0.152 CSR_train=0.008 done_count=125
[upd 190] u=0 upd_ctr=15 opt_step=240 E=0.260 g=0.123 VarTD=0.324112 ret_end=-25.669 dbar_end=0.667 occ_end=0.136 CSR_train=0.000 done_count=125
[upd 200] u=0 upd_ctr=16 opt_step=256 E=0.193 g=0.136 VarTD=0.334071 ret_end=-25.069 dbar_end=0.635 occ_end=0.176 CSR_train=0.000 done_count=125
[upd 210] u=1 upd_ctr=17 opt_step=272 E=0.105 g=0.149 VarTD=0.372364 ret_end=-24.670 dbar_end=0.606 occ_end=0.208 CSR_train=0.000 done_count=125
[upd 220] u=0 upd_ctr=17 opt_step=272 E=1.000 g=0.140 VarTD=0.425622 ret_end=-25.996 dbar_end=0.626 occ_end=0.248 CSR_train=0.000 done_count=125
[upd 230] u=0 upd_ctr=18 opt_step=288 E=1.000 g=0.140 VarTD=0.467693 ret_end=-24.457 dbar_end=0.625 occ_end=0.240 CSR_train=0.000 done_count=125
[upd 240] u=0 upd_ctr=19 opt_step=304 E=0.995 g=0.132 VarTD=0.520635 ret_end=-25.689 dbar_end=0.646 occ_end=0.264 CSR_train=0.000 done_count=125
[upd 250] u=0 upd_ctr=20 opt_step=320 E=0.926 g=0.144 VarTD=0.651719 ret_end=-25.587 dbar_end=0.616 occ_end=0.192 CSR_train=0.000 done_count=125
[upd 260] u=0 upd_ctr=21 opt_step=336 E=0.904 g=0.140 VarTD=0.588344 ret_end=-25.769 dbar_end=0.626 occ_end=0.230 CSR_train=0.000 done_count=100
[upd 270] u=0 upd_ctr=22 opt_step=352 E=0.950 g=0.139 VarTD=0.834507 ret_end=-24.912 dbar_end=0.629 occ_end=0.224 CSR_train=0.000 done_count=125
[upd 280] u=0 upd_ctr=23 opt_step=368 E=0.956 g=0.152 VarTD=0.937510 ret_end=-24.561 dbar_end=0.600 occ_end=0.272 CSR_train=0.000 done_count=125
[upd 290] u=0 upd_ctr=24 opt_step=384 E=0.975 g=0.148 VarTD=1.086856 ret_end=-25.850 dbar_end=0.609 occ_end=0.272 CSR_train=0.000 done_count=125
[upd 300] u=0 upd_ctr=25 opt_step=400 E=0.998 g=0.160 VarTD=1.159765 ret_end=-24.617 dbar_end=0.584 occ_end=0.360 CSR_train=0.000 done_count=125
[upd 310] u=0 upd_ctr=26 opt_step=416 E=1.000 g=0.177 VarTD=1.237653 ret_end=-22.922 dbar_end=0.552 occ_end=0.336 CSR_train=0.000 done_count=125
[Gate5 check] update_counter violations: t0=0 diffs=0
[Gate5 check] opt_step violations: t0=0 diffs=0 (expected_inc=16)
[Gate5 check] NaN masking: nan_on_skip=True finite_on_update=True
[Gate5 summary] mean_update_fraction=0.0865 final_executed_updates_mean=27.00
[Gate5 eval] done_count mean=100.0 CSR mean=0.0000 len_end_mean=26.00
[Gate5 eval] episodes_per_env=4 T_eval=104
[Gate5 eval-debug] locked_eps_occ=0.20 pre(step25): dbar_end=0.481488 occupied_end_mean=0.410000 max_tilde_end_mean=0.703913 CSR@locked=0.000000
[Gate5 eval-debug] locked_eps_occ=0.20 post(step26): dbar_end=0.489071 occupied_end_mean=0.370000 max_tilde_end_mean=0.707566 CSR@locked=0.000000
[Gate5 eval-debug] CSR_pre@0.10=0.0000 CSR_pre@0.15=0.0000 CSR_pre@0.20=0.0000 CSR_pre@0.25=0.0100 CSR_pre@0.30=0.0300
[Gate5 eval-debug] CSR_post@0.10=0.0000 CSR_post@0.15=0.0000 CSR_post@0.20=0.0000 CSR_post@0.25=0.0100 CSR_post@0.30=0.0200
