Importing submoduled environments...
Submoduled environments not found. Skipping import.
[upd 0] u=1 upd_ctr=1 opt_step=16 E=0.480 g=0.087 VarTD=0.169991 ret_end=-27.980 dbar_end=0.777 occ_end=0.130 CSR_train=0.000 done_count=100
[upd 10] u=0 upd_ctr=1 opt_step=16 E=0.480 g=0.097 VarTD=0.148660 ret_end=-28.362 dbar_end=0.744 occ_end=0.160 CSR_train=0.000 done_count=125
[upd 20] u=0 upd_ctr=1 opt_step=16 E=0.480 g=0.107 VarTD=0.133804 ret_end=-25.361 dbar_end=0.711 occ_end=0.200 CSR_train=0.000 done_count=125
[upd 30] u=0 upd_ctr=1 opt_step=16 E=0.480 g=0.107 VarTD=0.114053 ret_end=-26.242 dbar_end=0.712 occ_end=0.176 CSR_train=0.000 done_count=125
[upd 40] u=0 upd_ctr=1 opt_step=16 E=0.480 g=0.093 VarTD=0.157199 ret_end=-27.408 dbar_end=0.756 occ_end=0.120 CSR_train=0.000 done_count=125
[upd 50] u=0 upd_ctr=1 opt_step=16 E=0.480 g=0.083 VarTD=0.175078 ret_end=-28.448 dbar_end=0.791 occ_end=0.128 CSR_train=0.000 done_count=125
[upd 60] u=0 upd_ctr=1 opt_step=16 E=0.480 g=0.095 VarTD=0.148633 ret_end=-26.620 dbar_end=0.750 occ_end=0.168 CSR_train=0.000 done_count=125
[upd 70] u=0 upd_ctr=1 opt_step=16 E=0.480 g=0.102 VarTD=0.152415 ret_end=-27.135 dbar_end=0.728 occ_end=0.152 CSR_train=0.000 done_count=125
[upd 80] u=0 upd_ctr=1 opt_step=16 E=0.480 g=0.097 VarTD=0.143579 ret_end=-26.869 dbar_end=0.743 occ_end=0.216 CSR_train=0.000 done_count=125
[upd 90] u=0 upd_ctr=1 opt_step=16 E=0.480 g=0.090 VarTD=0.177650 ret_end=-27.888 dbar_end=0.766 occ_end=0.160 CSR_train=0.000 done_count=125
[upd 100] u=0 upd_ctr=1 opt_step=16 E=0.480 g=0.101 VarTD=0.139726 ret_end=-26.278 dbar_end=0.729 occ_end=0.120 CSR_train=0.000 done_count=125
[upd 110] u=0 upd_ctr=1 opt_step=16 E=0.480 g=0.098 VarTD=0.137694 ret_end=-26.503 dbar_end=0.740 occ_end=0.200 CSR_train=0.000 done_count=125
[upd 120] u=0 upd_ctr=1 opt_step=16 E=0.480 g=0.091 VarTD=0.119902 ret_end=-26.904 dbar_end=0.764 occ_end=0.112 CSR_train=0.000 done_count=125
[upd 130] u=0 upd_ctr=1 opt_step=16 E=0.480 g=0.091 VarTD=0.164974 ret_end=-27.640 dbar_end=0.762 occ_end=0.160 CSR_train=0.000 done_count=100
[upd 140] u=0 upd_ctr=1 opt_step=16 E=0.480 g=0.095 VarTD=0.163490 ret_end=-27.787 dbar_end=0.748 occ_end=0.192 CSR_train=0.000 done_count=125
[upd 150] u=0 upd_ctr=1 opt_step=16 E=0.480 g=0.105 VarTD=0.142386 ret_end=-26.772 dbar_end=0.718 occ_end=0.184 CSR_train=0.000 done_count=125
[upd 160] u=0 upd_ctr=1 opt_step=16 E=0.480 g=0.097 VarTD=0.139880 ret_end=-27.008 dbar_end=0.743 occ_end=0.128 CSR_train=0.000 done_count=125
[upd 170] u=0 upd_ctr=1 opt_step=16 E=0.480 g=0.092 VarTD=0.159692 ret_end=-27.673 dbar_end=0.759 occ_end=0.192 CSR_train=0.000 done_count=125
[upd 180] u=0 upd_ctr=1 opt_step=16 E=0.480 g=0.104 VarTD=0.143189 ret_end=-27.265 dbar_end=0.720 occ_end=0.160 CSR_train=0.000 done_count=125
[upd 190] u=0 upd_ctr=1 opt_step=16 E=0.480 g=0.082 VarTD=0.151670 ret_end=-28.148 dbar_end=0.796 occ_end=0.056 CSR_train=0.000 done_count=125
[upd 200] u=0 upd_ctr=1 opt_step=16 E=0.480 g=0.095 VarTD=0.130954 ret_end=-27.137 dbar_end=0.749 occ_end=0.120 CSR_train=0.000 done_count=125
[upd 210] u=0 upd_ctr=1 opt_step=16 E=0.480 g=0.090 VarTD=0.154450 ret_end=-27.562 dbar_end=0.767 occ_end=0.112 CSR_train=0.000 done_count=125
[upd 220] u=0 upd_ctr=1 opt_step=16 E=0.480 g=0.096 VarTD=0.142246 ret_end=-27.062 dbar_end=0.747 occ_end=0.168 CSR_train=0.000 done_count=125
[upd 230] u=0 upd_ctr=1 opt_step=16 E=0.480 g=0.089 VarTD=0.150919 ret_end=-27.232 dbar_end=0.769 occ_end=0.184 CSR_train=0.000 done_count=125
[upd 240] u=0 upd_ctr=1 opt_step=16 E=0.480 g=0.105 VarTD=0.139842 ret_end=-26.511 dbar_end=0.718 occ_end=0.152 CSR_train=0.000 done_count=125
[upd 250] u=0 upd_ctr=1 opt_step=16 E=0.480 g=0.086 VarTD=0.157031 ret_end=-28.124 dbar_end=0.780 occ_end=0.104 CSR_train=0.000 done_count=125
[upd 260] u=0 upd_ctr=1 opt_step=16 E=0.480 g=0.079 VarTD=0.146556 ret_end=-27.879 dbar_end=0.807 occ_end=0.090 CSR_train=0.000 done_count=100
[upd 270] u=0 upd_ctr=1 opt_step=16 E=0.480 g=0.096 VarTD=0.149978 ret_end=-27.249 dbar_end=0.746 occ_end=0.160 CSR_train=0.000 done_count=125
[upd 280] u=0 upd_ctr=1 opt_step=16 E=0.480 g=0.102 VarTD=0.168027 ret_end=-26.631 dbar_end=0.726 occ_end=0.152 CSR_train=0.000 done_count=125
[upd 290] u=0 upd_ctr=1 opt_step=16 E=0.480 g=0.100 VarTD=0.144576 ret_end=-26.411 dbar_end=0.732 occ_end=0.144 CSR_train=0.000 done_count=125
[upd 300] u=0 upd_ctr=1 opt_step=16 E=0.480 g=0.096 VarTD=0.129143 ret_end=-26.543 dbar_end=0.748 occ_end=0.144 CSR_train=0.000 done_count=125
[upd 310] u=0 upd_ctr=1 opt_step=16 E=0.480 g=0.088 VarTD=0.152698 ret_end=-27.854 dbar_end=0.774 occ_end=0.136 CSR_train=0.000 done_count=125
[Gate5 check] update_counter violations: t0=0 diffs=0
[Gate5 check] opt_step violations: t0=0 diffs=0 (expected_inc=16)
[Gate5 check] NaN masking: nan_on_skip=True finite_on_update=True
[Gate5 summary] mean_update_fraction=0.0032 final_executed_updates_mean=1.00
[Gate5 eval] done_count mean=100.0 CSR mean=0.0000 len_end_mean=26.00
[Gate5 eval] episodes_per_env=4 T_eval=104
[Gate5 eval-debug] locked_eps_occ=0.20 pre(step25): dbar_end=0.675092 occupied_end_mean=0.210000 max_tilde_end_mean=1.000538 CSR@locked=0.000000
[Gate5 eval-debug] locked_eps_occ=0.20 post(step26): dbar_end=0.678210 occupied_end_mean=0.220000 max_tilde_end_mean=1.012017 CSR@locked=0.000000
[Gate5 eval-debug] CSR_pre@0.10=0.0000 CSR_pre@0.15=0.0000 CSR_pre@0.20=0.0000 CSR_pre@0.25=0.0100 CSR_pre@0.30=0.0100
[Gate5 eval-debug] CSR_post@0.10=0.0000 CSR_post@0.15=0.0000 CSR_post@0.20=0.0000 CSR_post@0.25=0.0000 CSR_post@0.30=0.0000
