Importing submoduled environments...
Submoduled environments not found. Skipping import.
[upd 0] u=1 upd_ctr=1 opt_step=16 E=0.074 g=0.093 VarTD=0.145852 ret_end=-27.154 dbar_end=0.757 occ_end=0.170 CSR_train=0.000 done_count=100
[upd 10] u=0 upd_ctr=1 opt_step=16 E=0.814 g=0.084 VarTD=0.153180 ret_end=-27.639 dbar_end=0.787 occ_end=0.144 CSR_train=0.008 done_count=125
[upd 20] u=0 upd_ctr=2 opt_step=32 E=0.556 g=0.095 VarTD=0.160900 ret_end=-27.024 dbar_end=0.750 occ_end=0.208 CSR_train=0.000 done_count=125
[upd 30] u=0 upd_ctr=3 opt_step=48 E=0.300 g=0.092 VarTD=0.148135 ret_end=-27.053 dbar_end=0.760 occ_end=0.128 CSR_train=0.000 done_count=125
[upd 40] u=1 upd_ctr=4 opt_step=64 E=0.076 g=0.095 VarTD=0.150705 ret_end=-27.420 dbar_end=0.750 occ_end=0.128 CSR_train=0.000 done_count=125
[upd 50] u=0 upd_ctr=4 opt_step=64 E=0.932 g=0.109 VarTD=0.166439 ret_end=-26.623 dbar_end=0.707 occ_end=0.192 CSR_train=0.000 done_count=125
[upd 60] u=0 upd_ctr=5 opt_step=80 E=0.810 g=0.115 VarTD=0.139513 ret_end=-25.846 dbar_end=0.688 occ_end=0.184 CSR_train=0.000 done_count=125
[upd 70] u=0 upd_ctr=6 opt_step=96 E=0.657 g=0.124 VarTD=0.151347 ret_end=-26.184 dbar_end=0.665 occ_end=0.248 CSR_train=0.000 done_count=125
[upd 80] u=0 upd_ctr=7 opt_step=112 E=0.598 g=0.117 VarTD=0.145458 ret_end=-26.035 dbar_end=0.682 occ_end=0.184 CSR_train=0.000 done_count=125
[upd 90] u=0 upd_ctr=8 opt_step=128 E=0.463 g=0.115 VarTD=0.147836 ret_end=-26.283 dbar_end=0.688 occ_end=0.144 CSR_train=0.000 done_count=125
[upd 100] u=0 upd_ctr=9 opt_step=144 E=0.391 g=0.130 VarTD=0.145700 ret_end=-25.320 dbar_end=0.650 occ_end=0.224 CSR_train=0.000 done_count=125
[upd 110] u=0 upd_ctr=10 opt_step=160 E=0.307 g=0.125 VarTD=0.177391 ret_end=-25.347 dbar_end=0.661 occ_end=0.328 CSR_train=0.000 done_count=125
[upd 120] u=0 upd_ctr=11 opt_step=176 E=0.288 g=0.119 VarTD=0.164049 ret_end=-25.763 dbar_end=0.677 occ_end=0.200 CSR_train=0.008 done_count=125
[upd 130] u=0 upd_ctr=12 opt_step=192 E=0.339 g=0.143 VarTD=0.175539 ret_end=-24.514 dbar_end=0.620 occ_end=0.230 CSR_train=0.000 done_count=100
[upd 140] u=0 upd_ctr=13 opt_step=208 E=0.311 g=0.132 VarTD=0.201671 ret_end=-25.070 dbar_end=0.644 occ_end=0.280 CSR_train=0.000 done_count=125
[upd 150] u=0 upd_ctr=14 opt_step=224 E=0.349 g=0.147 VarTD=0.235186 ret_end=-24.535 dbar_end=0.610 occ_end=0.248 CSR_train=0.000 done_count=125
[upd 160] u=0 upd_ctr=15 opt_step=240 E=0.429 g=0.142 VarTD=0.280405 ret_end=-24.492 dbar_end=0.621 occ_end=0.280 CSR_train=0.000 done_count=125
[upd 170] u=0 upd_ctr=16 opt_step=256 E=0.455 g=0.148 VarTD=0.316646 ret_end=-24.305 dbar_end=0.608 occ_end=0.240 CSR_train=0.000 done_count=125
[upd 180] u=0 upd_ctr=17 opt_step=272 E=0.593 g=0.143 VarTD=0.373127 ret_end=-25.313 dbar_end=0.618 occ_end=0.200 CSR_train=0.000 done_count=125
[upd 190] u=0 upd_ctr=18 opt_step=288 E=0.713 g=0.157 VarTD=0.452486 ret_end=-24.526 dbar_end=0.589 occ_end=0.216 CSR_train=0.000 done_count=125
[upd 200] u=0 upd_ctr=19 opt_step=304 E=0.835 g=0.146 VarTD=0.485150 ret_end=-25.435 dbar_end=0.613 occ_end=0.208 CSR_train=0.000 done_count=125
[upd 210] u=0 upd_ctr=20 opt_step=320 E=0.966 g=0.153 VarTD=0.595227 ret_end=-25.075 dbar_end=0.597 occ_end=0.232 CSR_train=0.000 done_count=125
[upd 220] u=0 upd_ctr=21 opt_step=336 E=1.000 g=0.145 VarTD=0.686306 ret_end=-25.181 dbar_end=0.615 occ_end=0.240 CSR_train=0.000 done_count=125
[upd 230] u=1 upd_ctr=23 opt_step=368 E=0.123 g=0.154 VarTD=0.756622 ret_end=-24.572 dbar_end=0.596 occ_end=0.272 CSR_train=0.000 done_count=125
[upd 240] u=0 upd_ctr=24 opt_step=384 E=0.238 g=0.143 VarTD=0.998629 ret_end=-25.997 dbar_end=0.620 occ_end=0.304 CSR_train=0.008 done_count=125
[upd 250] u=0 upd_ctr=25 opt_step=400 E=0.482 g=0.145 VarTD=1.125443 ret_end=-25.253 dbar_end=0.615 occ_end=0.256 CSR_train=0.000 done_count=125
[upd 260] u=0 upd_ctr=26 opt_step=416 E=0.613 g=0.147 VarTD=1.069463 ret_end=-25.351 dbar_end=0.611 occ_end=0.220 CSR_train=0.000 done_count=100
[upd 270] u=0 upd_ctr=27 opt_step=432 E=0.734 g=0.155 VarTD=1.392994 ret_end=-25.139 dbar_end=0.594 occ_end=0.280 CSR_train=0.000 done_count=125
[upd 280] u=0 upd_ctr=28 opt_step=448 E=0.895 g=0.172 VarTD=1.526211 ret_end=-23.811 dbar_end=0.560 occ_end=0.408 CSR_train=0.000 done_count=125
[upd 290] u=0 upd_ctr=29 opt_step=464 E=1.000 g=0.158 VarTD=1.671765 ret_end=-24.369 dbar_end=0.588 occ_end=0.304 CSR_train=0.000 done_count=125
[upd 300] u=0 upd_ctr=31 opt_step=496 E=0.239 g=0.161 VarTD=1.967595 ret_end=-23.261 dbar_end=0.581 occ_end=0.296 CSR_train=0.000 done_count=125
[upd 310] u=0 upd_ctr=32 opt_step=512 E=0.355 g=0.149 VarTD=2.158531 ret_end=-24.581 dbar_end=0.606 occ_end=0.256 CSR_train=0.000 done_count=125
[Gate5 check] update_counter violations: t0=0 diffs=0
[Gate5 check] opt_step violations: t0=0 diffs=0 (expected_inc=16)
[Gate5 check] NaN masking: nan_on_skip=True finite_on_update=True
[Gate5 summary] mean_update_fraction=0.1026 final_executed_updates_mean=32.00
[Gate5 eval] done_count mean=100.0 CSR mean=0.0000 len_end_mean=26.00
[Gate5 eval] episodes_per_env=4 T_eval=104
[Gate5 eval-debug] locked_eps_occ=0.20 pre(step25): dbar_end=0.510268 occupied_end_mean=0.330000 max_tilde_end_mean=0.775896 CSR@locked=0.000000
[Gate5 eval-debug] locked_eps_occ=0.20 post(step26): dbar_end=0.509993 occupied_end_mean=0.380000 max_tilde_end_mean=0.771479 CSR@locked=0.000000
[Gate5 eval-debug] CSR_pre@0.10=0.0000 CSR_pre@0.15=0.0000 CSR_pre@0.20=0.0000 CSR_pre@0.25=0.0100 CSR_pre@0.30=0.0200
[Gate5 eval-debug] CSR_post@0.10=0.0000 CSR_post@0.15=0.0000 CSR_post@0.20=0.0000 CSR_post@0.25=0.0100 CSR_post@0.30=0.0100
