Importing submoduled environments...
Submoduled environments not found. Skipping import.
[upd 0] u=1 upd_ctr=1 opt_step=16 E=0.257 g=0.096 VarTD=0.158273 ret_end=-27.822 dbar_end=0.748 occ_end=0.150 CSR_train=0.000 done_count=100
[upd 10] u=0 upd_ctr=1 opt_step=16 E=0.832 g=0.097 VarTD=0.181267 ret_end=-27.128 dbar_end=0.741 occ_end=0.144 CSR_train=0.000 done_count=125
[upd 20] u=0 upd_ctr=2 opt_step=32 E=0.632 g=0.094 VarTD=0.175883 ret_end=-27.351 dbar_end=0.753 occ_end=0.152 CSR_train=0.008 done_count=125
[upd 30] u=0 upd_ctr=3 opt_step=48 E=0.437 g=0.086 VarTD=0.183394 ret_end=-28.526 dbar_end=0.781 occ_end=0.096 CSR_train=0.000 done_count=125
[upd 40] u=0 upd_ctr=4 opt_step=64 E=0.262 g=0.106 VarTD=0.142697 ret_end=-26.981 dbar_end=0.714 occ_end=0.152 CSR_train=0.000 done_count=125
[upd 50] u=1 upd_ctr=5 opt_step=80 E=0.074 g=0.115 VarTD=0.142610 ret_end=-25.822 dbar_end=0.689 occ_end=0.168 CSR_train=0.000 done_count=125
[upd 60] u=0 upd_ctr=5 opt_step=80 E=0.712 g=0.102 VarTD=0.162701 ret_end=-26.953 dbar_end=0.726 occ_end=0.176 CSR_train=0.000 done_count=125
[upd 70] u=0 upd_ctr=6 opt_step=96 E=0.559 g=0.109 VarTD=0.207617 ret_end=-27.639 dbar_end=0.705 occ_end=0.256 CSR_train=0.000 done_count=125
[upd 80] u=0 upd_ctr=7 opt_step=112 E=0.432 g=0.118 VarTD=0.179795 ret_end=-25.911 dbar_end=0.680 occ_end=0.240 CSR_train=0.000 done_count=125
[upd 90] u=0 upd_ctr=8 opt_step=128 E=0.321 g=0.123 VarTD=0.163058 ret_end=-25.641 dbar_end=0.668 occ_end=0.168 CSR_train=0.000 done_count=125
[upd 100] u=0 upd_ctr=9 opt_step=144 E=0.198 g=0.119 VarTD=0.173608 ret_end=-26.281 dbar_end=0.678 occ_end=0.152 CSR_train=0.000 done_count=125
[upd 110] u=1 upd_ctr=10 opt_step=160 E=0.095 g=0.120 VarTD=0.173614 ret_end=-25.898 dbar_end=0.676 occ_end=0.168 CSR_train=0.000 done_count=125
[upd 120] u=0 upd_ctr=10 opt_step=160 E=0.779 g=0.112 VarTD=0.195087 ret_end=-26.907 dbar_end=0.699 occ_end=0.192 CSR_train=0.000 done_count=125
[Gate5 check] update_counter violations: t0=0 diffs=0
[Gate5 check] opt_step violations: t0=0 diffs=0 (expected_inc=16)
[Gate5 check] NaN masking: nan_on_skip=True finite_on_update=True
[Gate5 summary] mean_update_fraction=0.0880 final_executed_updates_mean=11.00
[Gate5 eval] done_count mean=100.0 CSR mean=0.0000 len_end_mean=26.00
[Gate5 eval] episodes_per_env=4 T_eval=104
[Gate5 eval-debug] locked_eps_occ=0.20 pre(step25): dbar_end=0.547439 occupied_end_mean=0.310000 max_tilde_end_mean=0.782697 CSR@locked=0.000000
[Gate5 eval-debug] locked_eps_occ=0.20 post(step26): dbar_end=0.550182 occupied_end_mean=0.390000 max_tilde_end_mean=0.793324 CSR@locked=0.000000
[Gate5 eval-debug] CSR_pre@0.10=0.0000 CSR_pre@0.15=0.0000 CSR_pre@0.20=0.0000 CSR_pre@0.25=0.0100 CSR_pre@0.30=0.0200
[Gate5 eval-debug] CSR_post@0.10=0.0000 CSR_post@0.15=0.0000 CSR_post@0.20=0.0000 CSR_post@0.25=0.0200 CSR_post@0.30=0.0200
