Importing submoduled environments...
Submoduled environments not found. Skipping import.
[upd 0] u=1 upd_ctr=1 opt_step=16 E=0.109 g=0.092 VarTD=0.136051 ret_end=-27.009 dbar_end=0.762 occ_end=0.140 CSR_train=0.000 done_count=100
[upd 10] u=0 upd_ctr=1 opt_step=16 E=0.202 g=0.088 VarTD=0.157825 ret_end=-27.556 dbar_end=0.774 occ_end=0.128 CSR_train=0.000 done_count=125
[upd 20] u=0 upd_ctr=1 opt_step=16 E=0.297 g=0.096 VarTD=0.140044 ret_end=-27.124 dbar_end=0.745 occ_end=0.128 CSR_train=0.000 done_count=125
[upd 30] u=0 upd_ctr=1 opt_step=16 E=0.390 g=0.099 VarTD=0.160678 ret_end=-27.549 dbar_end=0.736 occ_end=0.192 CSR_train=0.000 done_count=125
[upd 40] u=0 upd_ctr=1 opt_step=16 E=0.477 g=0.089 VarTD=0.150975 ret_end=-26.713 dbar_end=0.771 occ_end=0.136 CSR_train=0.000 done_count=125
[upd 50] u=0 upd_ctr=1 opt_step=16 E=0.567 g=0.093 VarTD=0.157922 ret_end=-26.664 dbar_end=0.757 occ_end=0.192 CSR_train=0.000 done_count=125
[upd 60] u=0 upd_ctr=1 opt_step=16 E=0.661 g=0.090 VarTD=0.133708 ret_end=-27.546 dbar_end=0.767 occ_end=0.120 CSR_train=0.000 done_count=125
[upd 70] u=0 upd_ctr=1 opt_step=16 E=0.755 g=0.093 VarTD=0.153631 ret_end=-26.544 dbar_end=0.755 occ_end=0.176 CSR_train=0.000 done_count=125
[upd 80] u=0 upd_ctr=1 opt_step=16 E=0.850 g=0.102 VarTD=0.121212 ret_end=-26.441 dbar_end=0.727 occ_end=0.176 CSR_train=0.000 done_count=125
[upd 90] u=0 upd_ctr=2 opt_step=32 E=0.045 g=0.100 VarTD=0.130356 ret_end=-27.126 dbar_end=0.732 occ_end=0.168 CSR_train=0.000 done_count=125
[upd 100] u=0 upd_ctr=2 opt_step=32 E=0.142 g=0.103 VarTD=0.137419 ret_end=-26.875 dbar_end=0.724 occ_end=0.224 CSR_train=0.000 done_count=125
[upd 110] u=0 upd_ctr=2 opt_step=32 E=0.239 g=0.102 VarTD=0.135320 ret_end=-26.281 dbar_end=0.727 occ_end=0.176 CSR_train=0.000 done_count=125
[upd 120] u=0 upd_ctr=2 opt_step=32 E=0.335 g=0.098 VarTD=0.160281 ret_end=-27.752 dbar_end=0.741 occ_end=0.192 CSR_train=0.000 done_count=125
[Gate5 check] update_counter violations: t0=0 diffs=0
[Gate5 check] opt_step violations: t0=0 diffs=0 (expected_inc=16)
[Gate5 check] NaN masking: nan_on_skip=True finite_on_update=True
[Gate5 summary] mean_update_fraction=0.0160 final_executed_updates_mean=2.00
[Gate5 eval] done_count mean=100.0 CSR mean=0.0100 len_end_mean=26.00
[Gate5 eval] episodes_per_env=4 T_eval=104
[Gate5 eval-debug] locked_eps_occ=0.20 pre(step25): dbar_end=0.620420 occupied_end_mean=0.240000 max_tilde_end_mean=0.886403 CSR@locked=0.000000
[Gate5 eval-debug] locked_eps_occ=0.20 post(step26): dbar_end=0.628209 occupied_end_mean=0.240000 max_tilde_end_mean=0.897253 CSR@locked=0.010000
[Gate5 eval-debug] CSR_pre@0.10=0.0000 CSR_pre@0.15=0.0000 CSR_pre@0.20=0.0000 CSR_pre@0.25=0.0100 CSR_pre@0.30=0.0100
[Gate5 eval-debug] CSR_post@0.10=0.0000 CSR_post@0.15=0.0000 CSR_post@0.20=0.0100 CSR_post@0.25=0.0100 CSR_post@0.30=0.0100
