Importing submoduled environments...
Submoduled environments not found. Skipping import.
[upd 0] u=1 upd_ctr=1 opt_step=16 E=0.067 g=0.096 VarTD=0.164885 ret_end=-27.291 dbar_end=0.746 occ_end=0.170 CSR_train=0.000 done_count=100
[upd 10] u=0 upd_ctr=1 opt_step=16 E=0.769 g=0.091 VarTD=0.137991 ret_end=-27.480 dbar_end=0.764 occ_end=0.136 CSR_train=0.000 done_count=125
[upd 20] u=0 upd_ctr=2 opt_step=32 E=0.448 g=0.117 VarTD=0.126763 ret_end=-26.302 dbar_end=0.685 occ_end=0.184 CSR_train=0.000 done_count=125
[upd 30] u=0 upd_ctr=3 opt_step=48 E=0.155 g=0.121 VarTD=0.129953 ret_end=-25.509 dbar_end=0.674 occ_end=0.152 CSR_train=0.000 done_count=125
[upd 40] u=0 upd_ctr=3 opt_step=48 E=0.897 g=0.100 VarTD=0.143674 ret_end=-26.675 dbar_end=0.733 occ_end=0.192 CSR_train=0.000 done_count=125
[upd 50] u=0 upd_ctr=4 opt_step=64 E=0.628 g=0.106 VarTD=0.144448 ret_end=-26.260 dbar_end=0.715 occ_end=0.176 CSR_train=0.000 done_count=125
[upd 60] u=0 upd_ctr=5 opt_step=80 E=0.386 g=0.100 VarTD=0.167490 ret_end=-27.662 dbar_end=0.733 occ_end=0.184 CSR_train=0.000 done_count=125
[upd 70] u=0 upd_ctr=6 opt_step=96 E=0.161 g=0.118 VarTD=0.152388 ret_end=-26.193 dbar_end=0.681 occ_end=0.200 CSR_train=0.000 done_count=125
[upd 80] u=0 upd_ctr=6 opt_step=96 E=0.995 g=0.121 VarTD=0.143671 ret_end=-25.626 dbar_end=0.674 occ_end=0.144 CSR_train=0.000 done_count=125
[upd 90] u=0 upd_ctr=7 opt_step=112 E=0.792 g=0.126 VarTD=0.138550 ret_end=-25.620 dbar_end=0.661 occ_end=0.184 CSR_train=0.000 done_count=125
[upd 100] u=0 upd_ctr=8 opt_step=128 E=0.644 g=0.125 VarTD=0.121406 ret_end=-25.966 dbar_end=0.661 occ_end=0.216 CSR_train=0.000 done_count=125
[upd 110] u=0 upd_ctr=9 opt_step=144 E=0.571 g=0.145 VarTD=0.146454 ret_end=-24.367 dbar_end=0.614 occ_end=0.264 CSR_train=0.000 done_count=125
[upd 120] u=0 upd_ctr=10 opt_step=160 E=0.475 g=0.136 VarTD=0.162126 ret_end=-25.063 dbar_end=0.636 occ_end=0.240 CSR_train=0.000 done_count=125
[upd 130] u=0 upd_ctr=11 opt_step=176 E=0.407 g=0.140 VarTD=0.140252 ret_end=-24.449 dbar_end=0.625 occ_end=0.170 CSR_train=0.000 done_count=100
[upd 140] u=0 upd_ctr=12 opt_step=192 E=0.400 g=0.144 VarTD=0.195009 ret_end=-25.238 dbar_end=0.618 occ_end=0.336 CSR_train=0.008 done_count=125
[upd 150] u=0 upd_ctr=13 opt_step=208 E=0.408 g=0.149 VarTD=0.224018 ret_end=-25.229 dbar_end=0.607 occ_end=0.264 CSR_train=0.000 done_count=125
[upd 160] u=0 upd_ctr=14 opt_step=224 E=0.438 g=0.151 VarTD=0.261061 ret_end=-24.847 dbar_end=0.601 occ_end=0.240 CSR_train=0.000 done_count=125
[upd 170] u=0 upd_ctr=15 opt_step=240 E=0.437 g=0.153 VarTD=0.296956 ret_end=-24.388 dbar_end=0.598 occ_end=0.328 CSR_train=0.000 done_count=125
[upd 180] u=0 upd_ctr=16 opt_step=256 E=0.445 g=0.156 VarTD=0.333156 ret_end=-24.491 dbar_end=0.592 occ_end=0.208 CSR_train=0.000 done_count=125
[upd 190] u=0 upd_ctr=17 opt_step=272 E=0.447 g=0.167 VarTD=0.399632 ret_end=-24.043 dbar_end=0.571 occ_end=0.280 CSR_train=0.000 done_count=125
[upd 200] u=0 upd_ctr=18 opt_step=288 E=0.566 g=0.170 VarTD=0.490419 ret_end=-24.680 dbar_end=0.565 occ_end=0.304 CSR_train=0.000 done_count=125
[upd 210] u=0 upd_ctr=19 opt_step=304 E=0.678 g=0.159 VarTD=0.559623 ret_end=-24.911 dbar_end=0.586 occ_end=0.336 CSR_train=0.000 done_count=125
[upd 220] u=0 upd_ctr=20 opt_step=320 E=0.815 g=0.161 VarTD=0.621896 ret_end=-24.070 dbar_end=0.581 occ_end=0.248 CSR_train=0.000 done_count=125
[upd 230] u=0 upd_ctr=21 opt_step=336 E=0.941 g=0.172 VarTD=0.698964 ret_end=-24.170 dbar_end=0.561 occ_end=0.224 CSR_train=0.008 done_count=125
[upd 240] u=0 upd_ctr=22 opt_step=352 E=1.000 g=0.165 VarTD=0.844623 ret_end=-23.955 dbar_end=0.574 occ_end=0.224 CSR_train=0.008 done_count=125
[upd 250] u=1 upd_ctr=24 opt_step=384 E=0.110 g=0.157 VarTD=0.912864 ret_end=-23.894 dbar_end=0.590 occ_end=0.304 CSR_train=0.000 done_count=125
[upd 260] u=0 upd_ctr=25 opt_step=400 E=0.242 g=0.182 VarTD=0.939242 ret_end=-22.618 dbar_end=0.543 occ_end=0.270 CSR_train=0.000 done_count=100
[upd 270] u=0 upd_ctr=26 opt_step=416 E=0.351 g=0.152 VarTD=1.297282 ret_end=-24.901 dbar_end=0.599 occ_end=0.256 CSR_train=0.000 done_count=125
[upd 280] u=0 upd_ctr=27 opt_step=432 E=0.466 g=0.160 VarTD=1.465264 ret_end=-24.298 dbar_end=0.584 occ_end=0.280 CSR_train=0.000 done_count=125
[upd 290] u=0 upd_ctr=28 opt_step=448 E=0.603 g=0.168 VarTD=1.569725 ret_end=-23.432 dbar_end=0.567 occ_end=0.288 CSR_train=0.000 done_count=125
[upd 300] u=0 upd_ctr=29 opt_step=464 E=0.726 g=0.167 VarTD=1.721829 ret_end=-23.444 dbar_end=0.571 occ_end=0.320 CSR_train=0.000 done_count=125
[upd 310] u=0 upd_ctr=30 opt_step=480 E=0.828 g=0.164 VarTD=1.865919 ret_end=-24.130 dbar_end=0.576 occ_end=0.216 CSR_train=0.000 done_count=125
[Gate5 check] update_counter violations: t0=0 diffs=0
[Gate5 check] opt_step violations: t0=0 diffs=0 (expected_inc=16)
[Gate5 check] NaN masking: nan_on_skip=True finite_on_update=True
[Gate5 summary] mean_update_fraction=0.0962 final_executed_updates_mean=30.00
[Gate5 eval] done_count mean=100.0 CSR mean=0.0300 len_end_mean=26.00
[Gate5 eval] episodes_per_env=4 T_eval=104
[Gate5 eval-debug] locked_eps_occ=0.20 pre(step25): dbar_end=0.507067 occupied_end_mean=0.410000 max_tilde_end_mean=0.738480 CSR@locked=0.020000
[Gate5 eval-debug] locked_eps_occ=0.20 post(step26): dbar_end=0.500494 occupied_end_mean=0.450000 max_tilde_end_mean=0.728027 CSR@locked=0.030000
[Gate5 eval-debug] CSR_pre@0.10=0.0000 CSR_pre@0.15=0.0100 CSR_pre@0.20=0.0200 CSR_pre@0.25=0.0200 CSR_pre@0.30=0.0500
[Gate5 eval-debug] CSR_post@0.10=0.0000 CSR_post@0.15=0.0200 CSR_post@0.20=0.0300 CSR_post@0.25=0.0300 CSR_post@0.30=0.0600
