Importing submoduled environments...
Submoduled environments not found. Skipping import.
[upd 0] u=1 upd_ctr=1 opt_step=16 E=0.075 g=0.083 VarTD=0.176951 ret_end=-28.473 dbar_end=0.794 occ_end=0.140 CSR_train=0.000 done_count=100
[upd 10] u=0 upd_ctr=1 opt_step=16 E=0.359 g=0.089 VarTD=0.152994 ret_end=-28.611 dbar_end=0.772 occ_end=0.104 CSR_train=0.000 done_count=125
[upd 20] u=0 upd_ctr=1 opt_step=16 E=0.641 g=0.093 VarTD=0.156211 ret_end=-27.741 dbar_end=0.758 occ_end=0.208 CSR_train=0.000 done_count=125
[upd 30] u=0 upd_ctr=1 opt_step=16 E=0.925 g=0.093 VarTD=0.150216 ret_end=-27.296 dbar_end=0.756 occ_end=0.128 CSR_train=0.000 done_count=125
[upd 40] u=0 upd_ctr=2 opt_step=32 E=0.261 g=0.100 VarTD=0.160615 ret_end=-26.858 dbar_end=0.732 occ_end=0.200 CSR_train=0.000 done_count=125
[upd 50] u=0 upd_ctr=2 opt_step=32 E=0.564 g=0.100 VarTD=0.168548 ret_end=-26.875 dbar_end=0.735 occ_end=0.112 CSR_train=0.000 done_count=125
[upd 60] u=0 upd_ctr=2 opt_step=32 E=0.870 g=0.105 VarTD=0.133615 ret_end=-26.579 dbar_end=0.717 occ_end=0.144 CSR_train=0.000 done_count=125
[upd 70] u=0 upd_ctr=3 opt_step=48 E=0.232 g=0.102 VarTD=0.156722 ret_end=-26.578 dbar_end=0.726 occ_end=0.176 CSR_train=0.000 done_count=125
[upd 80] u=0 upd_ctr=3 opt_step=48 E=0.548 g=0.107 VarTD=0.130646 ret_end=-27.102 dbar_end=0.712 occ_end=0.216 CSR_train=0.000 done_count=125
[upd 90] u=0 upd_ctr=3 opt_step=48 E=0.852 g=0.099 VarTD=0.126572 ret_end=-27.278 dbar_end=0.737 occ_end=0.168 CSR_train=0.000 done_count=125
[upd 100] u=0 upd_ctr=4 opt_step=64 E=0.211 g=0.102 VarTD=0.158317 ret_end=-27.014 dbar_end=0.728 occ_end=0.112 CSR_train=0.000 done_count=125
[upd 110] u=0 upd_ctr=4 opt_step=64 E=0.548 g=0.113 VarTD=0.136471 ret_end=-25.594 dbar_end=0.695 occ_end=0.136 CSR_train=0.000 done_count=125
[upd 120] u=0 upd_ctr=4 opt_step=64 E=0.859 g=0.102 VarTD=0.122878 ret_end=-25.857 dbar_end=0.726 occ_end=0.144 CSR_train=0.000 done_count=125
[upd 130] u=0 upd_ctr=5 opt_step=80 E=0.231 g=0.116 VarTD=0.119839 ret_end=-26.339 dbar_end=0.687 occ_end=0.240 CSR_train=0.000 done_count=100
[upd 140] u=0 upd_ctr=5 opt_step=80 E=0.555 g=0.096 VarTD=0.156585 ret_end=-27.239 dbar_end=0.747 occ_end=0.128 CSR_train=0.000 done_count=125
[upd 150] u=0 upd_ctr=5 opt_step=80 E=0.877 g=0.112 VarTD=0.125152 ret_end=-25.985 dbar_end=0.698 occ_end=0.216 CSR_train=0.000 done_count=125
[upd 160] u=0 upd_ctr=6 opt_step=96 E=0.269 g=0.124 VarTD=0.125126 ret_end=-25.431 dbar_end=0.665 occ_end=0.192 CSR_train=0.000 done_count=125
[upd 170] u=0 upd_ctr=6 opt_step=96 E=0.616 g=0.105 VarTD=0.140854 ret_end=-26.720 dbar_end=0.719 occ_end=0.136 CSR_train=0.000 done_count=125
[upd 180] u=0 upd_ctr=6 opt_step=96 E=0.949 g=0.111 VarTD=0.133587 ret_end=-26.795 dbar_end=0.700 occ_end=0.192 CSR_train=0.000 done_count=125
[upd 190] u=0 upd_ctr=7 opt_step=112 E=0.350 g=0.123 VarTD=0.134976 ret_end=-25.657 dbar_end=0.668 occ_end=0.168 CSR_train=0.000 done_count=125
[upd 200] u=0 upd_ctr=7 opt_step=112 E=0.704 g=0.114 VarTD=0.162475 ret_end=-26.880 dbar_end=0.692 occ_end=0.232 CSR_train=0.000 done_count=125
[upd 210] u=0 upd_ctr=8 opt_step=128 E=0.111 g=0.125 VarTD=0.138345 ret_end=-25.821 dbar_end=0.661 occ_end=0.200 CSR_train=0.000 done_count=125
[upd 220] u=0 upd_ctr=8 opt_step=128 E=0.472 g=0.124 VarTD=0.115952 ret_end=-25.199 dbar_end=0.666 occ_end=0.144 CSR_train=0.000 done_count=125
[upd 230] u=0 upd_ctr=8 opt_step=128 E=0.847 g=0.123 VarTD=0.125244 ret_end=-26.052 dbar_end=0.668 occ_end=0.216 CSR_train=0.000 done_count=125
[upd 240] u=0 upd_ctr=9 opt_step=144 E=0.262 g=0.131 VarTD=0.159829 ret_end=-25.566 dbar_end=0.647 occ_end=0.216 CSR_train=0.000 done_count=125
[upd 250] u=0 upd_ctr=9 opt_step=144 E=0.640 g=0.127 VarTD=0.163177 ret_end=-25.129 dbar_end=0.658 occ_end=0.232 CSR_train=0.000 done_count=125
[upd 260] u=1 upd_ctr=10 opt_step=160 E=0.066 g=0.119 VarTD=0.136206 ret_end=-26.557 dbar_end=0.679 occ_end=0.250 CSR_train=0.000 done_count=100
[upd 270] u=0 upd_ctr=10 opt_step=160 E=0.453 g=0.136 VarTD=0.140436 ret_end=-25.102 dbar_end=0.634 occ_end=0.240 CSR_train=0.000 done_count=125
[upd 280] u=0 upd_ctr=10 opt_step=160 E=0.843 g=0.124 VarTD=0.150279 ret_end=-25.934 dbar_end=0.664 occ_end=0.176 CSR_train=0.000 done_count=125
[upd 290] u=0 upd_ctr=11 opt_step=176 E=0.282 g=0.136 VarTD=0.154759 ret_end=-24.620 dbar_end=0.635 occ_end=0.216 CSR_train=0.000 done_count=125
[upd 300] u=0 upd_ctr=11 opt_step=176 E=0.667 g=0.140 VarTD=0.194853 ret_end=-25.057 dbar_end=0.626 occ_end=0.208 CSR_train=0.000 done_count=125
[upd 310] u=0 upd_ctr=12 opt_step=192 E=0.111 g=0.140 VarTD=0.185855 ret_end=-24.885 dbar_end=0.626 occ_end=0.224 CSR_train=0.000 done_count=125
[Gate5 check] update_counter violations: t0=0 diffs=0
[Gate5 check] opt_step violations: t0=0 diffs=0 (expected_inc=16)
[Gate5 check] NaN masking: nan_on_skip=True finite_on_update=True
[Gate5 summary] mean_update_fraction=0.0385 final_executed_updates_mean=12.00
[Gate5 eval] done_count mean=100.0 CSR mean=0.0000 len_end_mean=26.00
[Gate5 eval] episodes_per_env=4 T_eval=104
[Gate5 eval-debug] locked_eps_occ=0.20 pre(step25): dbar_end=0.513003 occupied_end_mean=0.320000 max_tilde_end_mean=0.737152 CSR@locked=0.000000
[Gate5 eval-debug] locked_eps_occ=0.20 post(step26): dbar_end=0.511312 occupied_end_mean=0.410000 max_tilde_end_mean=0.738698 CSR@locked=0.000000
[Gate5 eval-debug] CSR_pre@0.10=0.0000 CSR_pre@0.15=0.0000 CSR_pre@0.20=0.0000 CSR_pre@0.25=0.0000 CSR_pre@0.30=0.0100
[Gate5 eval-debug] CSR_post@0.10=0.0000 CSR_post@0.15=0.0000 CSR_post@0.20=0.0000 CSR_post@0.25=0.0000 CSR_post@0.30=0.0000
