Importing submoduled environments...
Submoduled environments not found. Skipping import.
[upd 0] u=1 upd_ctr=1 opt_step=16 E=0.420 g=0.086 VarTD=0.176520 ret_end=-28.138 dbar_end=0.781 occ_end=0.160 CSR_train=0.000 done_count=100
[upd 10] u=0 upd_ctr=1 opt_step=16 E=0.420 g=0.084 VarTD=0.149911 ret_end=-27.579 dbar_end=0.789 occ_end=0.128 CSR_train=0.000 done_count=125
[upd 20] u=0 upd_ctr=1 opt_step=16 E=0.420 g=0.105 VarTD=0.156258 ret_end=-27.201 dbar_end=0.719 occ_end=0.184 CSR_train=0.000 done_count=125
[upd 30] u=0 upd_ctr=1 opt_step=16 E=0.420 g=0.093 VarTD=0.153787 ret_end=-26.473 dbar_end=0.758 occ_end=0.128 CSR_train=0.000 done_count=125
[upd 40] u=0 upd_ctr=1 opt_step=16 E=0.420 g=0.097 VarTD=0.160774 ret_end=-26.837 dbar_end=0.744 occ_end=0.128 CSR_train=0.000 done_count=125
[upd 50] u=0 upd_ctr=1 opt_step=16 E=0.420 g=0.092 VarTD=0.174406 ret_end=-27.273 dbar_end=0.760 occ_end=0.160 CSR_train=0.000 done_count=125
[upd 60] u=0 upd_ctr=1 opt_step=16 E=0.420 g=0.091 VarTD=0.159636 ret_end=-27.200 dbar_end=0.762 occ_end=0.160 CSR_train=0.000 done_count=125
[upd 70] u=0 upd_ctr=1 opt_step=16 E=0.420 g=0.094 VarTD=0.164797 ret_end=-27.136 dbar_end=0.752 occ_end=0.152 CSR_train=0.000 done_count=125
[upd 80] u=0 upd_ctr=1 opt_step=16 E=0.420 g=0.101 VarTD=0.180463 ret_end=-26.615 dbar_end=0.731 occ_end=0.144 CSR_train=0.000 done_count=125
[upd 90] u=0 upd_ctr=1 opt_step=16 E=0.420 g=0.096 VarTD=0.193196 ret_end=-27.285 dbar_end=0.745 occ_end=0.128 CSR_train=0.000 done_count=125
[upd 100] u=0 upd_ctr=1 opt_step=16 E=0.420 g=0.080 VarTD=0.197251 ret_end=-28.001 dbar_end=0.805 occ_end=0.144 CSR_train=0.000 done_count=125
[upd 110] u=0 upd_ctr=1 opt_step=16 E=0.420 g=0.095 VarTD=0.165249 ret_end=-26.911 dbar_end=0.749 occ_end=0.144 CSR_train=0.000 done_count=125
[upd 120] u=0 upd_ctr=1 opt_step=16 E=0.420 g=0.094 VarTD=0.185227 ret_end=-27.810 dbar_end=0.753 occ_end=0.160 CSR_train=0.000 done_count=125
[upd 130] u=0 upd_ctr=1 opt_step=16 E=0.420 g=0.090 VarTD=0.168454 ret_end=-27.088 dbar_end=0.767 occ_end=0.160 CSR_train=0.000 done_count=100
[upd 140] u=0 upd_ctr=1 opt_step=16 E=0.420 g=0.084 VarTD=0.205345 ret_end=-29.307 dbar_end=0.790 occ_end=0.104 CSR_train=0.000 done_count=125
[upd 150] u=0 upd_ctr=1 opt_step=16 E=0.420 g=0.103 VarTD=0.182836 ret_end=-27.358 dbar_end=0.724 occ_end=0.152 CSR_train=0.000 done_count=125
[upd 160] u=0 upd_ctr=1 opt_step=16 E=0.420 g=0.088 VarTD=0.182707 ret_end=-27.426 dbar_end=0.773 occ_end=0.160 CSR_train=0.008 done_count=125
[upd 170] u=0 upd_ctr=1 opt_step=16 E=0.420 g=0.098 VarTD=0.155924 ret_end=-26.905 dbar_end=0.739 occ_end=0.152 CSR_train=0.000 done_count=125
[upd 180] u=0 upd_ctr=1 opt_step=16 E=0.420 g=0.106 VarTD=0.154221 ret_end=-26.758 dbar_end=0.715 occ_end=0.232 CSR_train=0.000 done_count=125
[upd 190] u=0 upd_ctr=1 opt_step=16 E=0.420 g=0.083 VarTD=0.159369 ret_end=-28.313 dbar_end=0.794 occ_end=0.152 CSR_train=0.000 done_count=125
[upd 200] u=0 upd_ctr=1 opt_step=16 E=0.420 g=0.099 VarTD=0.162186 ret_end=-27.901 dbar_end=0.737 occ_end=0.144 CSR_train=0.000 done_count=125
[upd 210] u=0 upd_ctr=1 opt_step=16 E=0.420 g=0.101 VarTD=0.178197 ret_end=-26.662 dbar_end=0.731 occ_end=0.240 CSR_train=0.000 done_count=125
[upd 220] u=0 upd_ctr=1 opt_step=16 E=0.420 g=0.094 VarTD=0.182302 ret_end=-27.264 dbar_end=0.751 occ_end=0.176 CSR_train=0.000 done_count=125
[upd 230] u=0 upd_ctr=1 opt_step=16 E=0.420 g=0.107 VarTD=0.134777 ret_end=-26.467 dbar_end=0.713 occ_end=0.216 CSR_train=0.000 done_count=125
[upd 240] u=0 upd_ctr=1 opt_step=16 E=0.420 g=0.096 VarTD=0.147474 ret_end=-27.070 dbar_end=0.745 occ_end=0.200 CSR_train=0.000 done_count=125
[upd 250] u=0 upd_ctr=1 opt_step=16 E=0.420 g=0.095 VarTD=0.168327 ret_end=-27.713 dbar_end=0.750 occ_end=0.120 CSR_train=0.000 done_count=125
[upd 260] u=0 upd_ctr=1 opt_step=16 E=0.420 g=0.104 VarTD=0.149065 ret_end=-26.945 dbar_end=0.719 occ_end=0.190 CSR_train=0.000 done_count=100
[upd 270] u=0 upd_ctr=1 opt_step=16 E=0.420 g=0.092 VarTD=0.211166 ret_end=-27.212 dbar_end=0.760 occ_end=0.144 CSR_train=0.000 done_count=125
[upd 280] u=0 upd_ctr=1 opt_step=16 E=0.420 g=0.095 VarTD=0.142053 ret_end=-26.676 dbar_end=0.751 occ_end=0.152 CSR_train=0.000 done_count=125
[upd 290] u=0 upd_ctr=1 opt_step=16 E=0.420 g=0.090 VarTD=0.187772 ret_end=-27.194 dbar_end=0.769 occ_end=0.184 CSR_train=0.000 done_count=125
[upd 300] u=0 upd_ctr=1 opt_step=16 E=0.420 g=0.082 VarTD=0.167410 ret_end=-29.020 dbar_end=0.796 occ_end=0.200 CSR_train=0.000 done_count=125
[upd 310] u=0 upd_ctr=1 opt_step=16 E=0.420 g=0.091 VarTD=0.163109 ret_end=-27.750 dbar_end=0.765 occ_end=0.160 CSR_train=0.000 done_count=125
[Gate5 check] update_counter violations: t0=0 diffs=0
[Gate5 check] opt_step violations: t0=0 diffs=0 (expected_inc=16)
[Gate5 check] NaN masking: nan_on_skip=True finite_on_update=True
[Gate5 summary] mean_update_fraction=0.0032 final_executed_updates_mean=1.00
[Gate5 eval] done_count mean=100.0 CSR mean=0.0000 len_end_mean=26.00
[Gate5 eval] episodes_per_env=4 T_eval=104
[Gate5 eval-debug] locked_eps_occ=0.20 pre(step25): dbar_end=0.613945 occupied_end_mean=0.220000 max_tilde_end_mean=0.895066 CSR@locked=0.000000
[Gate5 eval-debug] locked_eps_occ=0.20 post(step26): dbar_end=0.613349 occupied_end_mean=0.240000 max_tilde_end_mean=0.890783 CSR@locked=0.000000
[Gate5 eval-debug] CSR_pre@0.10=0.0000 CSR_pre@0.15=0.0000 CSR_pre@0.20=0.0000 CSR_pre@0.25=0.0000 CSR_pre@0.30=0.0100
[Gate5 eval-debug] CSR_post@0.10=0.0000 CSR_post@0.15=0.0000 CSR_post@0.20=0.0000 CSR_post@0.25=0.0000 CSR_post@0.30=0.0000
