Importing submoduled environments...
Submoduled environments not found. Skipping import.
[upd 0] u=1 upd_ctr=1 opt_step=16 E=0.062 g=0.088 VarTD=0.137352 ret_end=-28.134 dbar_end=0.773 occ_end=0.220 CSR_train=0.000 done_count=100
[upd 10] u=0 upd_ctr=1 opt_step=16 E=0.710 g=0.093 VarTD=0.158535 ret_end=-28.458 dbar_end=0.756 occ_end=0.184 CSR_train=0.000 done_count=125
[upd 20] u=0 upd_ctr=2 opt_step=32 E=0.339 g=0.110 VarTD=0.131283 ret_end=-26.398 dbar_end=0.704 occ_end=0.208 CSR_train=0.000 done_count=125
[upd 30] u=0 upd_ctr=2 opt_step=32 E=1.000 g=0.097 VarTD=0.167427 ret_end=-27.396 dbar_end=0.743 occ_end=0.184 CSR_train=0.000 done_count=125
[upd 40] u=0 upd_ctr=3 opt_step=48 E=0.719 g=0.100 VarTD=0.128865 ret_end=-26.926 dbar_end=0.733 occ_end=0.152 CSR_train=0.000 done_count=125
[upd 50] u=0 upd_ctr=4 opt_step=64 E=0.450 g=0.110 VarTD=0.158756 ret_end=-27.033 dbar_end=0.704 occ_end=0.200 CSR_train=0.000 done_count=125
[upd 60] u=0 upd_ctr=5 opt_step=80 E=0.156 g=0.112 VarTD=0.132453 ret_end=-26.793 dbar_end=0.696 occ_end=0.208 CSR_train=0.000 done_count=125
[upd 70] u=0 upd_ctr=5 opt_step=80 E=0.966 g=0.103 VarTD=0.149315 ret_end=-26.872 dbar_end=0.723 occ_end=0.168 CSR_train=0.000 done_count=125
[upd 80] u=0 upd_ctr=6 opt_step=96 E=0.720 g=0.113 VarTD=0.112728 ret_end=-25.020 dbar_end=0.695 occ_end=0.144 CSR_train=0.000 done_count=125
[upd 90] u=0 upd_ctr=7 opt_step=112 E=0.521 g=0.121 VarTD=0.151395 ret_end=-25.810 dbar_end=0.672 occ_end=0.192 CSR_train=0.000 done_count=125
[upd 100] u=0 upd_ctr=8 opt_step=128 E=0.335 g=0.124 VarTD=0.145419 ret_end=-25.462 dbar_end=0.665 occ_end=0.256 CSR_train=0.000 done_count=125
[upd 110] u=0 upd_ctr=9 opt_step=144 E=0.171 g=0.129 VarTD=0.141946 ret_end=-24.608 dbar_end=0.653 occ_end=0.232 CSR_train=0.000 done_count=125
[upd 120] u=0 upd_ctr=9 opt_step=144 E=1.000 g=0.125 VarTD=0.150579 ret_end=-26.046 dbar_end=0.663 occ_end=0.216 CSR_train=0.000 done_count=125
[upd 130] u=0 upd_ctr=10 opt_step=160 E=0.879 g=0.138 VarTD=0.148229 ret_end=-25.105 dbar_end=0.631 occ_end=0.200 CSR_train=0.000 done_count=100
[upd 140] u=0 upd_ctr=11 opt_step=176 E=0.737 g=0.127 VarTD=0.175719 ret_end=-26.125 dbar_end=0.657 occ_end=0.200 CSR_train=0.000 done_count=125
[upd 150] u=0 upd_ctr=12 opt_step=192 E=0.555 g=0.130 VarTD=0.181471 ret_end=-24.812 dbar_end=0.649 occ_end=0.144 CSR_train=0.000 done_count=125
[upd 160] u=0 upd_ctr=13 opt_step=208 E=0.450 g=0.121 VarTD=0.269978 ret_end=-26.777 dbar_end=0.672 occ_end=0.272 CSR_train=0.000 done_count=125
[upd 170] u=0 upd_ctr=14 opt_step=224 E=0.262 g=0.128 VarTD=0.245123 ret_end=-25.442 dbar_end=0.655 occ_end=0.232 CSR_train=0.000 done_count=125
[upd 180] u=0 upd_ctr=15 opt_step=240 E=0.178 g=0.122 VarTD=0.275734 ret_end=-26.286 dbar_end=0.671 occ_end=0.136 CSR_train=0.000 done_count=125
[upd 190] u=0 upd_ctr=15 opt_step=240 E=1.000 g=0.132 VarTD=0.296754 ret_end=-25.838 dbar_end=0.646 occ_end=0.216 CSR_train=0.000 done_count=125
[upd 200] u=0 upd_ctr=16 opt_step=256 E=0.952 g=0.133 VarTD=0.345164 ret_end=-24.980 dbar_end=0.642 occ_end=0.152 CSR_train=0.000 done_count=125
[upd 210] u=0 upd_ctr=17 opt_step=272 E=0.858 g=0.129 VarTD=0.373603 ret_end=-26.093 dbar_end=0.653 occ_end=0.264 CSR_train=0.000 done_count=125
[upd 220] u=0 upd_ctr=18 opt_step=288 E=0.769 g=0.133 VarTD=0.442255 ret_end=-24.935 dbar_end=0.643 occ_end=0.208 CSR_train=0.000 done_count=125
[upd 230] u=0 upd_ctr=19 opt_step=304 E=0.725 g=0.152 VarTD=0.530269 ret_end=-24.407 dbar_end=0.599 occ_end=0.208 CSR_train=0.000 done_count=125
[upd 240] u=0 upd_ctr=20 opt_step=320 E=0.714 g=0.146 VarTD=0.609806 ret_end=-24.169 dbar_end=0.613 occ_end=0.176 CSR_train=0.000 done_count=125
[upd 250] u=0 upd_ctr=21 opt_step=336 E=0.721 g=0.155 VarTD=0.697480 ret_end=-24.804 dbar_end=0.593 occ_end=0.232 CSR_train=0.000 done_count=125
[upd 260] u=0 upd_ctr=22 opt_step=352 E=0.717 g=0.154 VarTD=0.683806 ret_end=-24.716 dbar_end=0.596 occ_end=0.220 CSR_train=0.000 done_count=100
[upd 270] u=0 upd_ctr=23 opt_step=368 E=0.750 g=0.151 VarTD=0.911314 ret_end=-25.030 dbar_end=0.601 occ_end=0.224 CSR_train=0.000 done_count=125
[upd 280] u=0 upd_ctr=24 opt_step=384 E=0.791 g=0.157 VarTD=1.042974 ret_end=-24.987 dbar_end=0.589 occ_end=0.176 CSR_train=0.000 done_count=125
[upd 290] u=0 upd_ctr=25 opt_step=400 E=0.875 g=0.146 VarTD=1.133383 ret_end=-24.800 dbar_end=0.613 occ_end=0.232 CSR_train=0.000 done_count=125
[upd 300] u=0 upd_ctr=26 opt_step=416 E=0.883 g=0.163 VarTD=1.236224 ret_end=-24.163 dbar_end=0.577 occ_end=0.192 CSR_train=0.000 done_count=125
[upd 310] u=0 upd_ctr=27 opt_step=432 E=0.998 g=0.159 VarTD=1.424709 ret_end=-23.535 dbar_end=0.586 occ_end=0.280 CSR_train=0.000 done_count=125
[Gate5 check] update_counter violations: t0=0 diffs=0
[Gate5 check] opt_step violations: t0=0 diffs=0 (expected_inc=16)
[Gate5 check] NaN masking: nan_on_skip=True finite_on_update=True
[Gate5 summary] mean_update_fraction=0.0865 final_executed_updates_mean=27.00
[Gate5 eval] done_count mean=100.0 CSR mean=0.0100 len_end_mean=26.00
[Gate5 eval] episodes_per_env=4 T_eval=104
[Gate5 eval-debug] locked_eps_occ=0.20 pre(step25): dbar_end=0.485156 occupied_end_mean=0.340000 max_tilde_end_mean=0.684251 CSR@locked=0.000000
[Gate5 eval-debug] locked_eps_occ=0.20 post(step26): dbar_end=0.481251 occupied_end_mean=0.410000 max_tilde_end_mean=0.684206 CSR@locked=0.010000
[Gate5 eval-debug] CSR_pre@0.10=0.0000 CSR_pre@0.15=0.0000 CSR_pre@0.20=0.0000 CSR_pre@0.25=0.0000 CSR_pre@0.30=0.0400
[Gate5 eval-debug] CSR_post@0.10=0.0000 CSR_post@0.15=0.0000 CSR_post@0.20=0.0100 CSR_post@0.25=0.0300 CSR_post@0.30=0.0600
