Importing submoduled environments...
Submoduled environments not found. Skipping import.
[upd 0] u=1 upd_ctr=1 opt_step=16 E=0.118 g=0.092 VarTD=0.127621 ret_end=-27.319 dbar_end=0.760 occ_end=0.140 CSR_train=0.000 done_count=100
[upd 10] u=0 upd_ctr=1 opt_step=16 E=0.308 g=0.102 VarTD=0.162085 ret_end=-27.682 dbar_end=0.727 occ_end=0.168 CSR_train=0.000 done_count=125
[upd 20] u=0 upd_ctr=1 opt_step=16 E=0.489 g=0.083 VarTD=0.141936 ret_end=-28.343 dbar_end=0.793 occ_end=0.144 CSR_train=0.000 done_count=125
[upd 30] u=0 upd_ctr=1 opt_step=16 E=0.677 g=0.093 VarTD=0.135564 ret_end=-27.031 dbar_end=0.758 occ_end=0.192 CSR_train=0.000 done_count=125
[upd 40] u=0 upd_ctr=1 opt_step=16 E=0.852 g=0.084 VarTD=0.154401 ret_end=-27.905 dbar_end=0.790 occ_end=0.096 CSR_train=0.000 done_count=125
[upd 50] u=0 upd_ctr=2 opt_step=32 E=0.141 g=0.100 VarTD=0.137307 ret_end=-26.685 dbar_end=0.732 occ_end=0.192 CSR_train=0.000 done_count=125
[upd 60] u=0 upd_ctr=2 opt_step=32 E=0.333 g=0.100 VarTD=0.125657 ret_end=-27.055 dbar_end=0.733 occ_end=0.160 CSR_train=0.000 done_count=125
[upd 70] u=0 upd_ctr=2 opt_step=32 E=0.524 g=0.098 VarTD=0.164844 ret_end=-27.336 dbar_end=0.740 occ_end=0.168 CSR_train=0.000 done_count=125
[upd 80] u=0 upd_ctr=2 opt_step=32 E=0.723 g=0.098 VarTD=0.156573 ret_end=-26.573 dbar_end=0.740 occ_end=0.176 CSR_train=0.000 done_count=125
[upd 90] u=1 upd_ctr=3 opt_step=48 E=0.020 g=0.098 VarTD=0.150372 ret_end=-28.326 dbar_end=0.738 occ_end=0.160 CSR_train=0.000 done_count=125
[upd 100] u=0 upd_ctr=3 opt_step=48 E=0.224 g=0.113 VarTD=0.128641 ret_end=-25.480 dbar_end=0.693 occ_end=0.232 CSR_train=0.000 done_count=125
[upd 110] u=0 upd_ctr=3 opt_step=48 E=0.426 g=0.091 VarTD=0.170747 ret_end=-28.173 dbar_end=0.762 occ_end=0.144 CSR_train=0.000 done_count=125
[upd 120] u=0 upd_ctr=3 opt_step=48 E=0.629 g=0.107 VarTD=0.126688 ret_end=-27.178 dbar_end=0.712 occ_end=0.152 CSR_train=0.000 done_count=125
[upd 130] u=0 upd_ctr=3 opt_step=48 E=0.830 g=0.109 VarTD=0.116611 ret_end=-25.696 dbar_end=0.706 occ_end=0.200 CSR_train=0.000 done_count=100
[upd 140] u=0 upd_ctr=4 opt_step=64 E=0.137 g=0.118 VarTD=0.138995 ret_end=-26.355 dbar_end=0.682 occ_end=0.184 CSR_train=0.000 done_count=125
[upd 150] u=0 upd_ctr=4 opt_step=64 E=0.349 g=0.104 VarTD=0.125982 ret_end=-26.468 dbar_end=0.720 occ_end=0.120 CSR_train=0.000 done_count=125
[upd 160] u=0 upd_ctr=4 opt_step=64 E=0.548 g=0.105 VarTD=0.110858 ret_end=-26.990 dbar_end=0.718 occ_end=0.240 CSR_train=0.008 done_count=125
[upd 170] u=0 upd_ctr=4 opt_step=64 E=0.751 g=0.108 VarTD=0.151905 ret_end=-26.201 dbar_end=0.710 occ_end=0.168 CSR_train=0.000 done_count=125
[upd 180] u=0 upd_ctr=5 opt_step=80 E=0.067 g=0.120 VarTD=0.150749 ret_end=-25.881 dbar_end=0.675 occ_end=0.232 CSR_train=0.000 done_count=125
[upd 190] u=0 upd_ctr=5 opt_step=80 E=0.278 g=0.106 VarTD=0.139233 ret_end=-26.513 dbar_end=0.714 occ_end=0.160 CSR_train=0.000 done_count=125
[upd 200] u=0 upd_ctr=5 opt_step=80 E=0.494 g=0.104 VarTD=0.123693 ret_end=-27.253 dbar_end=0.719 occ_end=0.224 CSR_train=0.000 done_count=125
[upd 210] u=0 upd_ctr=5 opt_step=80 E=0.709 g=0.098 VarTD=0.122049 ret_end=-27.458 dbar_end=0.740 occ_end=0.104 CSR_train=0.000 done_count=125
[upd 220] u=0 upd_ctr=5 opt_step=80 E=0.916 g=0.113 VarTD=0.119338 ret_end=-26.625 dbar_end=0.696 occ_end=0.136 CSR_train=0.000 done_count=125
[upd 230] u=0 upd_ctr=6 opt_step=96 E=0.221 g=0.090 VarTD=0.155248 ret_end=-27.737 dbar_end=0.769 occ_end=0.088 CSR_train=0.000 done_count=125
[upd 240] u=0 upd_ctr=6 opt_step=96 E=0.439 g=0.093 VarTD=0.163092 ret_end=-27.694 dbar_end=0.756 occ_end=0.160 CSR_train=0.000 done_count=125
[upd 250] u=0 upd_ctr=6 opt_step=96 E=0.654 g=0.109 VarTD=0.153467 ret_end=-26.997 dbar_end=0.707 occ_end=0.168 CSR_train=0.000 done_count=125
[upd 260] u=0 upd_ctr=6 opt_step=96 E=0.875 g=0.096 VarTD=0.150213 ret_end=-27.671 dbar_end=0.746 occ_end=0.110 CSR_train=0.000 done_count=100
[upd 270] u=0 upd_ctr=7 opt_step=112 E=0.193 g=0.106 VarTD=0.112803 ret_end=-26.691 dbar_end=0.715 occ_end=0.168 CSR_train=0.000 done_count=125
[upd 280] u=0 upd_ctr=7 opt_step=112 E=0.422 g=0.113 VarTD=0.145245 ret_end=-25.897 dbar_end=0.694 occ_end=0.160 CSR_train=0.000 done_count=125
[upd 290] u=0 upd_ctr=7 opt_step=112 E=0.641 g=0.112 VarTD=0.131328 ret_end=-25.976 dbar_end=0.696 occ_end=0.160 CSR_train=0.000 done_count=125
[upd 300] u=0 upd_ctr=7 opt_step=112 E=0.861 g=0.113 VarTD=0.137880 ret_end=-26.346 dbar_end=0.693 occ_end=0.160 CSR_train=0.000 done_count=125
[upd 310] u=0 upd_ctr=8 opt_step=128 E=0.187 g=0.116 VarTD=0.122548 ret_end=-25.450 dbar_end=0.685 occ_end=0.192 CSR_train=0.000 done_count=125
[Gate5 check] update_counter violations: t0=0 diffs=0
[Gate5 check] opt_step violations: t0=0 diffs=0 (expected_inc=16)
[Gate5 check] NaN masking: nan_on_skip=True finite_on_update=True
[Gate5 summary] mean_update_fraction=0.0256 final_executed_updates_mean=8.00
[Gate5 eval] done_count mean=100.0 CSR mean=0.0100 len_end_mean=26.00
[Gate5 eval] episodes_per_env=4 T_eval=104
[Gate5 eval-debug] locked_eps_occ=0.20 pre(step25): dbar_end=0.474039 occupied_end_mean=0.470000 max_tilde_end_mean=0.677550 CSR@locked=0.000000
[Gate5 eval-debug] locked_eps_occ=0.20 post(step26): dbar_end=0.475568 occupied_end_mean=0.480000 max_tilde_end_mean=0.679333 CSR@locked=0.010000
[Gate5 eval-debug] CSR_pre@0.10=0.0000 CSR_pre@0.15=0.0000 CSR_pre@0.20=0.0000 CSR_pre@0.25=0.0100 CSR_pre@0.30=0.0400
[Gate5 eval-debug] CSR_post@0.10=0.0000 CSR_post@0.15=0.0000 CSR_post@0.20=0.0100 CSR_post@0.25=0.0100 CSR_post@0.30=0.0600
