Importing submoduled environments...
Submoduled environments not found. Skipping import.
[upd 0] u=1 upd_ctr=1 opt_step=16 E=0.048 g=0.096 VarTD=0.198978 ret_end=-28.258 dbar_end=0.747 occ_end=0.170 CSR_train=0.000 done_count=100
[upd 10] u=0 upd_ctr=1 opt_step=16 E=0.506 g=0.091 VarTD=0.177568 ret_end=-27.488 dbar_end=0.762 occ_end=0.104 CSR_train=0.000 done_count=125
[upd 20] u=0 upd_ctr=1 opt_step=16 E=0.949 g=0.085 VarTD=0.179358 ret_end=-27.807 dbar_end=0.787 occ_end=0.104 CSR_train=0.000 done_count=125
[upd 30] u=0 upd_ctr=2 opt_step=32 E=0.380 g=0.086 VarTD=0.163267 ret_end=-27.720 dbar_end=0.783 occ_end=0.184 CSR_train=0.000 done_count=125
[upd 40] u=0 upd_ctr=2 opt_step=32 E=0.858 g=0.101 VarTD=0.150195 ret_end=-27.224 dbar_end=0.732 occ_end=0.224 CSR_train=0.000 done_count=125
[upd 50] u=0 upd_ctr=3 opt_step=48 E=0.353 g=0.117 VarTD=0.154126 ret_end=-26.664 dbar_end=0.683 occ_end=0.248 CSR_train=0.000 done_count=125
[upd 60] u=0 upd_ctr=3 opt_step=48 E=0.870 g=0.098 VarTD=0.168338 ret_end=-26.719 dbar_end=0.739 occ_end=0.128 CSR_train=0.000 done_count=125
[upd 70] u=0 upd_ctr=4 opt_step=64 E=0.380 g=0.122 VarTD=0.150577 ret_end=-25.715 dbar_end=0.671 occ_end=0.136 CSR_train=0.000 done_count=125
[upd 80] u=0 upd_ctr=4 opt_step=64 E=0.893 g=0.105 VarTD=0.185162 ret_end=-26.345 dbar_end=0.717 occ_end=0.200 CSR_train=0.000 done_count=125
[upd 90] u=0 upd_ctr=5 opt_step=80 E=0.364 g=0.097 VarTD=0.187383 ret_end=-27.929 dbar_end=0.744 occ_end=0.152 CSR_train=0.000 done_count=125
[upd 100] u=0 upd_ctr=5 opt_step=80 E=0.908 g=0.103 VarTD=0.166243 ret_end=-26.856 dbar_end=0.723 occ_end=0.200 CSR_train=0.000 done_count=125
[upd 110] u=0 upd_ctr=6 opt_step=96 E=0.446 g=0.106 VarTD=0.178776 ret_end=-27.265 dbar_end=0.716 occ_end=0.192 CSR_train=0.000 done_count=125
[upd 120] u=0 upd_ctr=6 opt_step=96 E=1.000 g=0.121 VarTD=0.145251 ret_end=-26.165 dbar_end=0.674 occ_end=0.264 CSR_train=0.000 done_count=125
[upd 130] u=0 upd_ctr=7 opt_step=112 E=0.570 g=0.118 VarTD=0.162952 ret_end=-26.210 dbar_end=0.681 occ_end=0.260 CSR_train=0.000 done_count=100
[upd 140] u=0 upd_ctr=8 opt_step=128 E=0.121 g=0.116 VarTD=0.156991 ret_end=-26.138 dbar_end=0.685 occ_end=0.192 CSR_train=0.000 done_count=125
[upd 150] u=0 upd_ctr=8 opt_step=128 E=0.711 g=0.119 VarTD=0.169479 ret_end=-25.965 dbar_end=0.679 occ_end=0.184 CSR_train=0.000 done_count=125
[upd 160] u=0 upd_ctr=9 opt_step=144 E=0.302 g=0.123 VarTD=0.162826 ret_end=-25.596 dbar_end=0.668 occ_end=0.176 CSR_train=0.000 done_count=125
[upd 170] u=0 upd_ctr=9 opt_step=144 E=0.901 g=0.115 VarTD=0.165420 ret_end=-25.867 dbar_end=0.689 occ_end=0.176 CSR_train=0.000 done_count=125
[upd 180] u=0 upd_ctr=10 opt_step=160 E=0.520 g=0.119 VarTD=0.179711 ret_end=-26.509 dbar_end=0.679 occ_end=0.160 CSR_train=0.000 done_count=125
[upd 190] u=0 upd_ctr=11 opt_step=176 E=0.130 g=0.141 VarTD=0.186959 ret_end=-24.812 dbar_end=0.624 occ_end=0.248 CSR_train=0.000 done_count=125
[upd 200] u=0 upd_ctr=11 opt_step=176 E=0.783 g=0.126 VarTD=0.183476 ret_end=-25.864 dbar_end=0.660 occ_end=0.216 CSR_train=0.000 done_count=125
[upd 210] u=0 upd_ctr=12 opt_step=192 E=0.423 g=0.143 VarTD=0.207346 ret_end=-25.265 dbar_end=0.621 occ_end=0.168 CSR_train=0.000 done_count=125
[upd 220] u=1 upd_ctr=13 opt_step=208 E=0.067 g=0.134 VarTD=0.232497 ret_end=-25.534 dbar_end=0.640 occ_end=0.216 CSR_train=0.000 done_count=125
[upd 230] u=0 upd_ctr=13 opt_step=208 E=0.780 g=0.144 VarTD=0.232901 ret_end=-24.718 dbar_end=0.617 occ_end=0.240 CSR_train=0.000 done_count=125
[upd 240] u=0 upd_ctr=14 opt_step=224 E=0.450 g=0.147 VarTD=0.270839 ret_end=-25.193 dbar_end=0.610 occ_end=0.240 CSR_train=0.000 done_count=125
[upd 250] u=0 upd_ctr=15 opt_step=240 E=0.142 g=0.151 VarTD=0.317834 ret_end=-25.010 dbar_end=0.603 occ_end=0.328 CSR_train=0.000 done_count=125
[upd 260] u=0 upd_ctr=15 opt_step=240 E=0.880 g=0.142 VarTD=0.258129 ret_end=-24.782 dbar_end=0.621 occ_end=0.170 CSR_train=0.000 done_count=100
[upd 270] u=0 upd_ctr=16 opt_step=256 E=0.602 g=0.156 VarTD=0.328649 ret_end=-24.419 dbar_end=0.593 occ_end=0.280 CSR_train=0.008 done_count=125
[upd 280] u=0 upd_ctr=17 opt_step=272 E=0.312 g=0.144 VarTD=0.427563 ret_end=-25.410 dbar_end=0.618 occ_end=0.256 CSR_train=0.000 done_count=125
[upd 290] u=0 upd_ctr=17 opt_step=272 E=1.000 g=0.156 VarTD=0.385293 ret_end=-25.043 dbar_end=0.591 occ_end=0.272 CSR_train=0.000 done_count=125
[upd 300] u=0 upd_ctr=18 opt_step=288 E=0.792 g=0.145 VarTD=0.472096 ret_end=-24.210 dbar_end=0.614 occ_end=0.256 CSR_train=0.000 done_count=125
[upd 310] u=0 upd_ctr=19 opt_step=304 E=0.560 g=0.168 VarTD=0.528673 ret_end=-23.018 dbar_end=0.569 occ_end=0.312 CSR_train=0.000 done_count=125
[Gate5 check] update_counter violations: t0=0 diffs=0
[Gate5 check] opt_step violations: t0=0 diffs=0 (expected_inc=16)
[Gate5 check] NaN masking: nan_on_skip=True finite_on_update=True
[Gate5 summary] mean_update_fraction=0.0609 final_executed_updates_mean=19.00
[Gate5 eval] done_count mean=100.0 CSR mean=0.0100 len_end_mean=26.00
[Gate5 eval] episodes_per_env=4 T_eval=104
[Gate5 eval-debug] locked_eps_occ=0.20 pre(step25): dbar_end=0.496549 occupied_end_mean=0.310000 max_tilde_end_mean=0.694947 CSR@locked=0.000000
[Gate5 eval-debug] locked_eps_occ=0.20 post(step26): dbar_end=0.490120 occupied_end_mean=0.380000 max_tilde_end_mean=0.687410 CSR@locked=0.010000
[Gate5 eval-debug] CSR_pre@0.10=0.0000 CSR_pre@0.15=0.0000 CSR_pre@0.20=0.0000 CSR_pre@0.25=0.0100 CSR_pre@0.30=0.0200
[Gate5 eval-debug] CSR_post@0.10=0.0000 CSR_post@0.15=0.0100 CSR_post@0.20=0.0100 CSR_post@0.25=0.0100 CSR_post@0.30=0.0100
