Importing submoduled environments...
Submoduled environments not found. Skipping import.
[upd 0] u=1 upd_ctr=1 opt_step=16 E=0.128 g=0.094 VarTD=0.148631 ret_end=-26.843 dbar_end=0.752 occ_end=0.140 CSR_train=0.000 done_count=100
[upd 10] u=0 upd_ctr=1 opt_step=16 E=0.404 g=0.098 VarTD=0.120442 ret_end=-26.989 dbar_end=0.738 occ_end=0.144 CSR_train=0.000 done_count=125
[upd 20] u=0 upd_ctr=1 opt_step=16 E=0.680 g=0.093 VarTD=0.164388 ret_end=-27.803 dbar_end=0.757 occ_end=0.128 CSR_train=0.000 done_count=125
[upd 30] u=0 upd_ctr=2 opt_step=32 E=0.054 g=0.092 VarTD=0.129847 ret_end=-27.001 dbar_end=0.759 occ_end=0.152 CSR_train=0.000 done_count=125
[upd 40] u=0 upd_ctr=2 opt_step=32 E=0.359 g=0.105 VarTD=0.149379 ret_end=-26.660 dbar_end=0.717 occ_end=0.176 CSR_train=0.000 done_count=125
[upd 50] u=0 upd_ctr=2 opt_step=32 E=0.654 g=0.107 VarTD=0.130573 ret_end=-27.116 dbar_end=0.713 occ_end=0.184 CSR_train=0.000 done_count=125
[upd 60] u=1 upd_ctr=3 opt_step=48 E=0.040 g=0.092 VarTD=0.144631 ret_end=-27.352 dbar_end=0.758 occ_end=0.152 CSR_train=0.000 done_count=125
[upd 70] u=0 upd_ctr=3 opt_step=48 E=0.352 g=0.106 VarTD=0.131964 ret_end=-26.087 dbar_end=0.714 occ_end=0.152 CSR_train=0.000 done_count=125
[upd 80] u=0 upd_ctr=3 opt_step=48 E=0.662 g=0.104 VarTD=0.119610 ret_end=-26.324 dbar_end=0.720 occ_end=0.176 CSR_train=0.000 done_count=125
[upd 90] u=0 upd_ctr=4 opt_step=64 E=0.077 g=0.115 VarTD=0.133935 ret_end=-25.731 dbar_end=0.689 occ_end=0.200 CSR_train=0.000 done_count=125
[upd 100] u=0 upd_ctr=4 opt_step=64 E=0.414 g=0.104 VarTD=0.161252 ret_end=-26.731 dbar_end=0.720 occ_end=0.176 CSR_train=0.000 done_count=125
[upd 110] u=0 upd_ctr=4 opt_step=64 E=0.742 g=0.108 VarTD=0.167869 ret_end=-26.715 dbar_end=0.708 occ_end=0.176 CSR_train=0.000 done_count=125
[upd 120] u=0 upd_ctr=5 opt_step=80 E=0.160 g=0.112 VarTD=0.124020 ret_end=-26.157 dbar_end=0.699 occ_end=0.200 CSR_train=0.000 done_count=125
[upd 130] u=0 upd_ctr=5 opt_step=80 E=0.500 g=0.108 VarTD=0.132089 ret_end=-26.978 dbar_end=0.710 occ_end=0.270 CSR_train=0.000 done_count=100
[upd 140] u=0 upd_ctr=5 opt_step=80 E=0.833 g=0.104 VarTD=0.147934 ret_end=-27.434 dbar_end=0.722 occ_end=0.208 CSR_train=0.000 done_count=125
[upd 150] u=0 upd_ctr=6 opt_step=96 E=0.281 g=0.110 VarTD=0.130890 ret_end=-26.096 dbar_end=0.702 occ_end=0.208 CSR_train=0.000 done_count=125
[upd 160] u=0 upd_ctr=6 opt_step=96 E=0.633 g=0.111 VarTD=0.130330 ret_end=-26.770 dbar_end=0.699 occ_end=0.144 CSR_train=0.000 done_count=125
[upd 170] u=0 upd_ctr=7 opt_step=112 E=0.085 g=0.110 VarTD=0.142695 ret_end=-26.484 dbar_end=0.703 occ_end=0.216 CSR_train=0.000 done_count=125
[upd 180] u=0 upd_ctr=7 opt_step=112 E=0.449 g=0.109 VarTD=0.151997 ret_end=-26.170 dbar_end=0.705 occ_end=0.208 CSR_train=0.000 done_count=125
[upd 190] u=0 upd_ctr=7 opt_step=112 E=0.818 g=0.120 VarTD=0.143703 ret_end=-25.490 dbar_end=0.676 occ_end=0.224 CSR_train=0.000 done_count=125
[upd 200] u=0 upd_ctr=8 opt_step=128 E=0.303 g=0.122 VarTD=0.145039 ret_end=-26.063 dbar_end=0.669 occ_end=0.144 CSR_train=0.000 done_count=125
[upd 210] u=0 upd_ctr=8 opt_step=128 E=0.670 g=0.124 VarTD=0.148022 ret_end=-25.560 dbar_end=0.665 occ_end=0.224 CSR_train=0.000 done_count=125
[upd 220] u=0 upd_ctr=9 opt_step=144 E=0.152 g=0.125 VarTD=0.170171 ret_end=-26.511 dbar_end=0.662 occ_end=0.232 CSR_train=0.000 done_count=125
[upd 230] u=0 upd_ctr=9 opt_step=144 E=0.543 g=0.139 VarTD=0.141271 ret_end=-24.269 dbar_end=0.629 occ_end=0.200 CSR_train=0.000 done_count=125
[upd 240] u=0 upd_ctr=9 opt_step=144 E=0.931 g=0.137 VarTD=0.130887 ret_end=-24.817 dbar_end=0.632 occ_end=0.216 CSR_train=0.000 done_count=125
[upd 250] u=0 upd_ctr=10 opt_step=160 E=0.421 g=0.133 VarTD=0.152983 ret_end=-25.299 dbar_end=0.643 occ_end=0.224 CSR_train=0.000 done_count=125
[upd 260] u=0 upd_ctr=10 opt_step=160 E=0.819 g=0.133 VarTD=0.149891 ret_end=-25.234 dbar_end=0.643 occ_end=0.260 CSR_train=0.000 done_count=100
[upd 270] u=0 upd_ctr=11 opt_step=176 E=0.326 g=0.135 VarTD=0.169107 ret_end=-25.227 dbar_end=0.637 occ_end=0.224 CSR_train=0.000 done_count=125
[upd 280] u=0 upd_ctr=11 opt_step=176 E=0.733 g=0.146 VarTD=0.183980 ret_end=-25.046 dbar_end=0.612 occ_end=0.256 CSR_train=0.000 done_count=125
[upd 290] u=0 upd_ctr=12 opt_step=192 E=0.237 g=0.123 VarTD=0.209861 ret_end=-26.281 dbar_end=0.666 occ_end=0.144 CSR_train=0.000 done_count=125
[upd 300] u=0 upd_ctr=12 opt_step=192 E=0.650 g=0.123 VarTD=0.197986 ret_end=-26.560 dbar_end=0.668 occ_end=0.152 CSR_train=0.000 done_count=125
[upd 310] u=0 upd_ctr=13 opt_step=208 E=0.173 g=0.132 VarTD=0.219549 ret_end=-25.599 dbar_end=0.644 occ_end=0.232 CSR_train=0.000 done_count=125
[Gate5 check] update_counter violations: t0=0 diffs=0
[Gate5 check] opt_step violations: t0=0 diffs=0 (expected_inc=16)
[Gate5 check] NaN masking: nan_on_skip=True finite_on_update=True
[Gate5 summary] mean_update_fraction=0.0417 final_executed_updates_mean=13.00
[Gate5 eval] done_count mean=100.0 CSR mean=0.0200 len_end_mean=26.00
[Gate5 eval] episodes_per_env=4 T_eval=104
[Gate5 eval-debug] locked_eps_occ=0.20 pre(step25): dbar_end=0.481702 occupied_end_mean=0.390000 max_tilde_end_mean=0.693607 CSR@locked=0.010000
[Gate5 eval-debug] locked_eps_occ=0.20 post(step26): dbar_end=0.483574 occupied_end_mean=0.360000 max_tilde_end_mean=0.685769 CSR@locked=0.020000
[Gate5 eval-debug] CSR_pre@0.10=0.0000 CSR_pre@0.15=0.0000 CSR_pre@0.20=0.0100 CSR_pre@0.25=0.0200 CSR_pre@0.30=0.0500
[Gate5 eval-debug] CSR_post@0.10=0.0000 CSR_post@0.15=0.0100 CSR_post@0.20=0.0200 CSR_post@0.25=0.0200 CSR_post@0.30=0.0300
