Importing submoduled environments...
Submoduled environments not found. Skipping import.
[upd 0] u=1 upd_ctr=1 opt_step=16 E=0.067 g=0.084 VarTD=0.159484 ret_end=-27.958 dbar_end=0.788 occ_end=0.180 CSR_train=0.000 done_count=100
[upd 10] u=0 upd_ctr=1 opt_step=16 E=0.810 g=0.095 VarTD=0.154696 ret_end=-26.642 dbar_end=0.751 occ_end=0.136 CSR_train=0.000 done_count=125
[upd 20] u=0 upd_ctr=2 opt_step=32 E=0.527 g=0.095 VarTD=0.132052 ret_end=-26.443 dbar_end=0.749 occ_end=0.192 CSR_train=0.000 done_count=125
[upd 30] u=0 upd_ctr=3 opt_step=48 E=0.229 g=0.098 VarTD=0.166436 ret_end=-26.784 dbar_end=0.740 occ_end=0.168 CSR_train=0.000 done_count=125
[upd 40] u=0 upd_ctr=3 opt_step=48 E=0.998 g=0.100 VarTD=0.150714 ret_end=-27.233 dbar_end=0.734 occ_end=0.240 CSR_train=0.000 done_count=125
[upd 50] u=0 upd_ctr=4 opt_step=64 E=0.753 g=0.103 VarTD=0.139523 ret_end=-26.864 dbar_end=0.725 occ_end=0.144 CSR_train=0.000 done_count=125
[upd 60] u=0 upd_ctr=5 opt_step=80 E=0.594 g=0.108 VarTD=0.135087 ret_end=-27.162 dbar_end=0.709 occ_end=0.176 CSR_train=0.000 done_count=125
[upd 70] u=0 upd_ctr=6 opt_step=96 E=0.442 g=0.105 VarTD=0.174429 ret_end=-27.060 dbar_end=0.719 occ_end=0.160 CSR_train=0.000 done_count=125
[upd 80] u=0 upd_ctr=7 opt_step=112 E=0.376 g=0.119 VarTD=0.132652 ret_end=-25.374 dbar_end=0.677 occ_end=0.152 CSR_train=0.000 done_count=125
[upd 90] u=0 upd_ctr=8 opt_step=128 E=0.280 g=0.116 VarTD=0.139216 ret_end=-26.123 dbar_end=0.685 occ_end=0.144 CSR_train=0.000 done_count=125
[upd 100] u=0 upd_ctr=9 opt_step=144 E=0.211 g=0.140 VarTD=0.136115 ret_end=-24.465 dbar_end=0.627 occ_end=0.296 CSR_train=0.000 done_count=125
[upd 110] u=0 upd_ctr=10 opt_step=160 E=0.207 g=0.144 VarTD=0.157762 ret_end=-24.784 dbar_end=0.617 occ_end=0.224 CSR_train=0.000 done_count=125
[upd 120] u=1 upd_ctr=11 opt_step=176 E=0.105 g=0.131 VarTD=0.160457 ret_end=-24.841 dbar_end=0.648 occ_end=0.160 CSR_train=0.000 done_count=125
[upd 130] u=1 upd_ctr=12 opt_step=192 E=0.112 g=0.140 VarTD=0.163495 ret_end=-25.341 dbar_end=0.626 occ_end=0.240 CSR_train=0.000 done_count=100
[upd 140] u=1 upd_ctr=13 opt_step=208 E=0.115 g=0.144 VarTD=0.183337 ret_end=-24.677 dbar_end=0.618 occ_end=0.224 CSR_train=0.000 done_count=125
[upd 150] u=1 upd_ctr=14 opt_step=224 E=0.105 g=0.131 VarTD=0.237824 ret_end=-25.523 dbar_end=0.648 occ_end=0.216 CSR_train=0.000 done_count=125
[upd 160] u=1 upd_ctr=15 opt_step=240 E=0.104 g=0.130 VarTD=0.234867 ret_end=-23.773 dbar_end=0.650 occ_end=0.136 CSR_train=0.000 done_count=125
[upd 170] u=1 upd_ctr=16 opt_step=256 E=0.100 g=0.125 VarTD=0.304947 ret_end=-25.725 dbar_end=0.663 occ_end=0.200 CSR_train=0.000 done_count=125
[upd 180] u=1 upd_ctr=17 opt_step=272 E=0.108 g=0.135 VarTD=0.345521 ret_end=-24.532 dbar_end=0.638 occ_end=0.256 CSR_train=0.000 done_count=125
[upd 190] u=0 upd_ctr=18 opt_step=288 E=0.235 g=0.147 VarTD=0.488996 ret_end=-25.220 dbar_end=0.611 occ_end=0.208 CSR_train=0.000 done_count=125
[upd 200] u=0 upd_ctr=19 opt_step=304 E=0.355 g=0.153 VarTD=0.552295 ret_end=-23.825 dbar_end=0.598 occ_end=0.256 CSR_train=0.000 done_count=125
[upd 210] u=0 upd_ctr=20 opt_step=320 E=0.485 g=0.164 VarTD=0.645061 ret_end=-24.150 dbar_end=0.575 occ_end=0.304 CSR_train=0.000 done_count=125
[upd 220] u=0 upd_ctr=21 opt_step=336 E=0.650 g=0.166 VarTD=0.701132 ret_end=-23.205 dbar_end=0.571 occ_end=0.288 CSR_train=0.000 done_count=125
[upd 230] u=0 upd_ctr=22 opt_step=352 E=0.861 g=0.139 VarTD=0.846844 ret_end=-25.438 dbar_end=0.629 occ_end=0.168 CSR_train=0.000 done_count=125
[upd 240] u=0 upd_ctr=23 opt_step=368 E=1.000 g=0.161 VarTD=0.943973 ret_end=-24.086 dbar_end=0.581 occ_end=0.304 CSR_train=0.000 done_count=125
[upd 250] u=0 upd_ctr=25 opt_step=400 E=0.255 g=0.152 VarTD=1.144919 ret_end=-24.844 dbar_end=0.600 occ_end=0.248 CSR_train=0.000 done_count=125
[upd 260] u=0 upd_ctr=26 opt_step=416 E=0.530 g=0.171 VarTD=1.060931 ret_end=-24.425 dbar_end=0.562 occ_end=0.280 CSR_train=0.000 done_count=100
[upd 270] u=0 upd_ctr=27 opt_step=432 E=0.815 g=0.180 VarTD=1.413737 ret_end=-22.913 dbar_end=0.545 occ_end=0.336 CSR_train=0.000 done_count=125
[upd 280] u=0 upd_ctr=28 opt_step=448 E=1.000 g=0.177 VarTD=1.619884 ret_end=-23.595 dbar_end=0.551 occ_end=0.296 CSR_train=0.000 done_count=125
[upd 290] u=0 upd_ctr=30 opt_step=480 E=0.265 g=0.159 VarTD=1.799131 ret_end=-24.100 dbar_end=0.585 occ_end=0.208 CSR_train=0.000 done_count=125
[upd 300] u=0 upd_ctr=31 opt_step=496 E=0.544 g=0.169 VarTD=1.973104 ret_end=-24.036 dbar_end=0.567 occ_end=0.264 CSR_train=0.000 done_count=125
[upd 310] u=0 upd_ctr=32 opt_step=512 E=0.812 g=0.167 VarTD=2.113667 ret_end=-23.822 dbar_end=0.570 occ_end=0.296 CSR_train=0.000 done_count=125
[Gate5 check] update_counter violations: t0=0 diffs=0
[Gate5 check] opt_step violations: t0=0 diffs=0 (expected_inc=16)
[Gate5 check] NaN masking: nan_on_skip=True finite_on_update=True
[Gate5 summary] mean_update_fraction=0.1026 final_executed_updates_mean=32.00
[Gate5 eval] done_count mean=100.0 CSR mean=0.0000 len_end_mean=26.00
[Gate5 eval] episodes_per_env=4 T_eval=104
[Gate5 eval-debug] locked_eps_occ=0.20 pre(step25): dbar_end=0.518570 occupied_end_mean=0.260000 max_tilde_end_mean=0.754040 CSR@locked=0.000000
[Gate5 eval-debug] locked_eps_occ=0.20 post(step26): dbar_end=0.510745 occupied_end_mean=0.320000 max_tilde_end_mean=0.753345 CSR@locked=0.000000
[Gate5 eval-debug] CSR_pre@0.10=0.0000 CSR_pre@0.15=0.0000 CSR_pre@0.20=0.0000 CSR_pre@0.25=0.0200 CSR_pre@0.30=0.0300
[Gate5 eval-debug] CSR_post@0.10=0.0000 CSR_post@0.15=0.0000 CSR_post@0.20=0.0000 CSR_post@0.25=0.0100 CSR_post@0.30=0.0100
