Importing submoduled environments...
Submoduled environments not found. Skipping import.
[upd 0] u=1 upd_ctr=1 opt_step=16 E=0.134 g=0.085 VarTD=0.206615 ret_end=-28.597 dbar_end=0.786 occ_end=0.160 CSR_train=0.000 done_count=100
[upd 10] u=0 upd_ctr=1 opt_step=16 E=0.520 g=0.096 VarTD=0.212328 ret_end=-26.954 dbar_end=0.748 occ_end=0.176 CSR_train=0.000 done_count=125
[upd 20] u=0 upd_ctr=1 opt_step=16 E=0.901 g=0.095 VarTD=0.182918 ret_end=-26.851 dbar_end=0.750 occ_end=0.176 CSR_train=0.000 done_count=125
[upd 30] u=0 upd_ctr=2 opt_step=32 E=0.389 g=0.097 VarTD=0.200965 ret_end=-27.252 dbar_end=0.744 occ_end=0.152 CSR_train=0.000 done_count=125
[upd 40] u=0 upd_ctr=2 opt_step=32 E=0.783 g=0.091 VarTD=0.195218 ret_end=-27.988 dbar_end=0.764 occ_end=0.112 CSR_train=0.000 done_count=125
[upd 50] u=0 upd_ctr=3 opt_step=48 E=0.272 g=0.089 VarTD=0.202116 ret_end=-27.840 dbar_end=0.770 occ_end=0.128 CSR_train=0.000 done_count=125
[upd 60] u=0 upd_ctr=3 opt_step=48 E=0.682 g=0.097 VarTD=0.188994 ret_end=-27.192 dbar_end=0.745 occ_end=0.200 CSR_train=0.000 done_count=125
[upd 70] u=0 upd_ctr=4 opt_step=64 E=0.202 g=0.110 VarTD=0.187488 ret_end=-26.772 dbar_end=0.703 occ_end=0.200 CSR_train=0.000 done_count=125
[upd 80] u=0 upd_ctr=4 opt_step=64 E=0.615 g=0.107 VarTD=0.192874 ret_end=-27.147 dbar_end=0.711 occ_end=0.200 CSR_train=0.000 done_count=125
[upd 90] u=0 upd_ctr=5 opt_step=80 E=0.137 g=0.110 VarTD=0.192381 ret_end=-26.646 dbar_end=0.704 occ_end=0.208 CSR_train=0.008 done_count=125
[upd 100] u=0 upd_ctr=5 opt_step=80 E=0.569 g=0.114 VarTD=0.204252 ret_end=-26.024 dbar_end=0.693 occ_end=0.192 CSR_train=0.000 done_count=125
[upd 110] u=0 upd_ctr=6 opt_step=96 E=0.102 g=0.097 VarTD=0.187075 ret_end=-27.987 dbar_end=0.745 occ_end=0.200 CSR_train=0.000 done_count=125
[upd 120] u=0 upd_ctr=6 opt_step=96 E=0.550 g=0.117 VarTD=0.152321 ret_end=-25.572 dbar_end=0.683 occ_end=0.192 CSR_train=0.000 done_count=125
[upd 130] u=0 upd_ctr=7 opt_step=112 E=0.110 g=0.126 VarTD=0.163137 ret_end=-25.177 dbar_end=0.659 occ_end=0.190 CSR_train=0.000 done_count=100
[upd 140] u=0 upd_ctr=7 opt_step=112 E=0.583 g=0.114 VarTD=0.166538 ret_end=-26.464 dbar_end=0.691 occ_end=0.160 CSR_train=0.000 done_count=125
[upd 150] u=0 upd_ctr=8 opt_step=128 E=0.162 g=0.116 VarTD=0.154265 ret_end=-26.094 dbar_end=0.685 occ_end=0.144 CSR_train=0.000 done_count=125
[upd 160] u=0 upd_ctr=8 opt_step=128 E=0.638 g=0.129 VarTD=0.165058 ret_end=-25.778 dbar_end=0.652 occ_end=0.224 CSR_train=0.000 done_count=125
[upd 170] u=0 upd_ctr=9 opt_step=144 E=0.220 g=0.126 VarTD=0.171565 ret_end=-25.454 dbar_end=0.660 occ_end=0.264 CSR_train=0.000 done_count=125
[upd 180] u=0 upd_ctr=9 opt_step=144 E=0.707 g=0.110 VarTD=0.160479 ret_end=-25.824 dbar_end=0.702 occ_end=0.192 CSR_train=0.000 done_count=125
[upd 190] u=0 upd_ctr=10 opt_step=160 E=0.287 g=0.113 VarTD=0.172476 ret_end=-26.217 dbar_end=0.694 occ_end=0.160 CSR_train=0.000 done_count=125
[upd 200] u=0 upd_ctr=10 opt_step=160 E=0.787 g=0.132 VarTD=0.162000 ret_end=-25.145 dbar_end=0.646 occ_end=0.224 CSR_train=0.000 done_count=125
[upd 210] u=0 upd_ctr=11 opt_step=176 E=0.395 g=0.125 VarTD=0.191761 ret_end=-25.737 dbar_end=0.662 occ_end=0.256 CSR_train=0.008 done_count=125
[upd 220] u=0 upd_ctr=11 opt_step=176 E=0.894 g=0.121 VarTD=0.163873 ret_end=-25.635 dbar_end=0.673 occ_end=0.200 CSR_train=0.000 done_count=125
[upd 230] u=0 upd_ctr=12 opt_step=192 E=0.514 g=0.131 VarTD=0.217915 ret_end=-25.957 dbar_end=0.648 occ_end=0.208 CSR_train=0.000 done_count=125
[upd 240] u=0 upd_ctr=13 opt_step=208 E=0.137 g=0.150 VarTD=0.202268 ret_end=-24.313 dbar_end=0.603 occ_end=0.208 CSR_train=0.000 done_count=125
[upd 250] u=0 upd_ctr=13 opt_step=208 E=0.685 g=0.136 VarTD=0.212772 ret_end=-25.347 dbar_end=0.636 occ_end=0.240 CSR_train=0.000 done_count=125
[upd 260] u=0 upd_ctr=14 opt_step=224 E=0.323 g=0.141 VarTD=0.208377 ret_end=-24.283 dbar_end=0.625 occ_end=0.240 CSR_train=0.000 done_count=100
[upd 270] u=0 upd_ctr=14 opt_step=224 E=0.880 g=0.144 VarTD=0.250885 ret_end=-25.455 dbar_end=0.618 occ_end=0.240 CSR_train=0.000 done_count=125
[upd 280] u=0 upd_ctr=15 opt_step=240 E=0.548 g=0.134 VarTD=0.264382 ret_end=-24.972 dbar_end=0.641 occ_end=0.264 CSR_train=0.000 done_count=125
[upd 290] u=0 upd_ctr=16 opt_step=256 E=0.211 g=0.143 VarTD=0.306644 ret_end=-24.973 dbar_end=0.620 occ_end=0.256 CSR_train=0.000 done_count=125
[upd 300] u=0 upd_ctr=16 opt_step=256 E=0.798 g=0.155 VarTD=0.311008 ret_end=-24.465 dbar_end=0.594 occ_end=0.208 CSR_train=0.000 done_count=125
[upd 310] u=0 upd_ctr=17 opt_step=272 E=0.484 g=0.136 VarTD=0.377749 ret_end=-26.044 dbar_end=0.635 occ_end=0.256 CSR_train=0.000 done_count=125
[Gate5 check] update_counter violations: t0=0 diffs=0
[Gate5 check] opt_step violations: t0=0 diffs=0 (expected_inc=16)
[Gate5 check] NaN masking: nan_on_skip=True finite_on_update=True
[Gate5 summary] mean_update_fraction=0.0545 final_executed_updates_mean=17.00
[Gate5 eval] done_count mean=100.0 CSR mean=0.0000 len_end_mean=26.00
[Gate5 eval] episodes_per_env=4 T_eval=104
[Gate5 eval-debug] locked_eps_occ=0.20 pre(step25): dbar_end=0.490799 occupied_end_mean=0.520000 max_tilde_end_mean=0.692518 CSR@locked=0.010000
[Gate5 eval-debug] locked_eps_occ=0.20 post(step26): dbar_end=0.492543 occupied_end_mean=0.430000 max_tilde_end_mean=0.691783 CSR@locked=0.000000
[Gate5 eval-debug] CSR_pre@0.10=0.0000 CSR_pre@0.15=0.0100 CSR_pre@0.20=0.0100 CSR_pre@0.25=0.0100 CSR_pre@0.30=0.0300
[Gate5 eval-debug] CSR_post@0.10=0.0000 CSR_post@0.15=0.0000 CSR_post@0.20=0.0000 CSR_post@0.25=0.0100 CSR_post@0.30=0.0600
