Importing submoduled environments...
Submoduled environments not found. Skipping import.
[upd 0] u=1 upd_ctr=1 opt_step=16 E=0.060 g=0.099 VarTD=0.140656 ret_end=-26.323 dbar_end=0.738 occ_end=0.170 CSR_train=0.000 done_count=100
[upd 10] u=0 upd_ctr=1 opt_step=16 E=0.149 g=0.094 VarTD=0.164372 ret_end=-27.885 dbar_end=0.755 occ_end=0.144 CSR_train=0.000 done_count=125
[upd 20] u=0 upd_ctr=1 opt_step=16 E=0.238 g=0.085 VarTD=0.157447 ret_end=-28.074 dbar_end=0.784 occ_end=0.096 CSR_train=0.000 done_count=125
[upd 30] u=0 upd_ctr=1 opt_step=16 E=0.325 g=0.085 VarTD=0.189403 ret_end=-27.581 dbar_end=0.785 occ_end=0.176 CSR_train=0.000 done_count=125
[upd 40] u=0 upd_ctr=1 opt_step=16 E=0.414 g=0.088 VarTD=0.145121 ret_end=-27.434 dbar_end=0.773 occ_end=0.192 CSR_train=0.000 done_count=125
[upd 50] u=0 upd_ctr=1 opt_step=16 E=0.501 g=0.091 VarTD=0.143568 ret_end=-27.590 dbar_end=0.765 occ_end=0.112 CSR_train=0.000 done_count=125
[upd 60] u=0 upd_ctr=1 opt_step=16 E=0.593 g=0.083 VarTD=0.155448 ret_end=-27.788 dbar_end=0.791 occ_end=0.152 CSR_train=0.000 done_count=125
[upd 70] u=0 upd_ctr=1 opt_step=16 E=0.680 g=0.087 VarTD=0.150677 ret_end=-27.587 dbar_end=0.778 occ_end=0.088 CSR_train=0.000 done_count=125
[upd 80] u=0 upd_ctr=1 opt_step=16 E=0.768 g=0.085 VarTD=0.181481 ret_end=-27.825 dbar_end=0.786 occ_end=0.128 CSR_train=0.000 done_count=125
[upd 90] u=0 upd_ctr=1 opt_step=16 E=0.857 g=0.100 VarTD=0.143071 ret_end=-25.938 dbar_end=0.732 occ_end=0.232 CSR_train=0.008 done_count=125
[upd 100] u=0 upd_ctr=1 opt_step=16 E=0.949 g=0.085 VarTD=0.177652 ret_end=-28.147 dbar_end=0.786 occ_end=0.128 CSR_train=0.000 done_count=125
[upd 110] u=0 upd_ctr=2 opt_step=32 E=0.091 g=0.098 VarTD=0.162343 ret_end=-27.235 dbar_end=0.739 occ_end=0.176 CSR_train=0.000 done_count=125
[upd 120] u=0 upd_ctr=2 opt_step=32 E=0.186 g=0.110 VarTD=0.144609 ret_end=-26.604 dbar_end=0.704 occ_end=0.208 CSR_train=0.000 done_count=125
[upd 130] u=0 upd_ctr=2 opt_step=32 E=0.282 g=0.091 VarTD=0.164807 ret_end=-27.703 dbar_end=0.762 occ_end=0.160 CSR_train=0.000 done_count=100
[upd 140] u=0 upd_ctr=2 opt_step=32 E=0.379 g=0.101 VarTD=0.142380 ret_end=-26.721 dbar_end=0.731 occ_end=0.240 CSR_train=0.000 done_count=125
[upd 150] u=0 upd_ctr=2 opt_step=32 E=0.476 g=0.089 VarTD=0.173772 ret_end=-26.935 dbar_end=0.769 occ_end=0.112 CSR_train=0.000 done_count=125
[upd 160] u=0 upd_ctr=2 opt_step=32 E=0.568 g=0.104 VarTD=0.136031 ret_end=-26.249 dbar_end=0.721 occ_end=0.192 CSR_train=0.000 done_count=125
[upd 170] u=0 upd_ctr=2 opt_step=32 E=0.660 g=0.101 VarTD=0.144954 ret_end=-27.023 dbar_end=0.730 occ_end=0.168 CSR_train=0.000 done_count=125
[upd 180] u=0 upd_ctr=2 opt_step=32 E=0.755 g=0.093 VarTD=0.161562 ret_end=-27.592 dbar_end=0.756 occ_end=0.136 CSR_train=0.000 done_count=125
[upd 190] u=0 upd_ctr=2 opt_step=32 E=0.848 g=0.092 VarTD=0.182459 ret_end=-27.361 dbar_end=0.760 occ_end=0.168 CSR_train=0.000 done_count=125
[upd 200] u=0 upd_ctr=2 opt_step=32 E=0.944 g=0.102 VarTD=0.132577 ret_end=-26.441 dbar_end=0.727 occ_end=0.168 CSR_train=0.000 done_count=125
[upd 210] u=0 upd_ctr=3 opt_step=48 E=0.094 g=0.109 VarTD=0.152428 ret_end=-26.857 dbar_end=0.706 occ_end=0.168 CSR_train=0.000 done_count=125
[upd 220] u=0 upd_ctr=3 opt_step=48 E=0.197 g=0.104 VarTD=0.169371 ret_end=-27.435 dbar_end=0.720 occ_end=0.168 CSR_train=0.000 done_count=125
[upd 230] u=0 upd_ctr=3 opt_step=48 E=0.297 g=0.087 VarTD=0.148312 ret_end=-27.382 dbar_end=0.777 occ_end=0.104 CSR_train=0.000 done_count=125
[upd 240] u=0 upd_ctr=3 opt_step=48 E=0.395 g=0.109 VarTD=0.133901 ret_end=-26.240 dbar_end=0.707 occ_end=0.160 CSR_train=0.000 done_count=125
[upd 250] u=0 upd_ctr=3 opt_step=48 E=0.491 g=0.093 VarTD=0.196649 ret_end=-28.215 dbar_end=0.755 occ_end=0.216 CSR_train=0.000 done_count=125
[upd 260] u=0 upd_ctr=3 opt_step=48 E=0.587 g=0.085 VarTD=0.152334 ret_end=-28.392 dbar_end=0.785 occ_end=0.110 CSR_train=0.000 done_count=100
[upd 270] u=0 upd_ctr=3 opt_step=48 E=0.685 g=0.094 VarTD=0.178835 ret_end=-26.939 dbar_end=0.752 occ_end=0.184 CSR_train=0.000 done_count=125
[upd 280] u=0 upd_ctr=3 opt_step=48 E=0.781 g=0.106 VarTD=0.166187 ret_end=-26.529 dbar_end=0.715 occ_end=0.232 CSR_train=0.000 done_count=125
[upd 290] u=0 upd_ctr=3 opt_step=48 E=0.879 g=0.100 VarTD=0.139456 ret_end=-25.930 dbar_end=0.732 occ_end=0.152 CSR_train=0.000 done_count=125
[upd 300] u=0 upd_ctr=4 opt_step=64 E=0.033 g=0.116 VarTD=0.140797 ret_end=-26.106 dbar_end=0.686 occ_end=0.224 CSR_train=0.000 done_count=125
[upd 310] u=0 upd_ctr=4 opt_step=64 E=0.134 g=0.102 VarTD=0.156221 ret_end=-27.126 dbar_end=0.726 occ_end=0.136 CSR_train=0.000 done_count=125
[Gate5 check] update_counter violations: t0=0 diffs=0
[Gate5 check] opt_step violations: t0=0 diffs=0 (expected_inc=16)
[Gate5 check] NaN masking: nan_on_skip=True finite_on_update=True
[Gate5 summary] mean_update_fraction=0.0128 final_executed_updates_mean=4.00
[Gate5 eval] done_count mean=100.0 CSR mean=0.0000 len_end_mean=26.00
[Gate5 eval] episodes_per_env=4 T_eval=104
[Gate5 eval-debug] locked_eps_occ=0.20 pre(step25): dbar_end=0.519532 occupied_end_mean=0.370000 max_tilde_end_mean=0.773680 CSR@locked=0.000000
[Gate5 eval-debug] locked_eps_occ=0.20 post(step26): dbar_end=0.517500 occupied_end_mean=0.350000 max_tilde_end_mean=0.767543 CSR@locked=0.000000
[Gate5 eval-debug] CSR_pre@0.10=0.0000 CSR_pre@0.15=0.0000 CSR_pre@0.20=0.0000 CSR_pre@0.25=0.0100 CSR_pre@0.30=0.0100
[Gate5 eval-debug] CSR_post@0.10=0.0000 CSR_post@0.15=0.0000 CSR_post@0.20=0.0000 CSR_post@0.25=0.0000 CSR_post@0.30=0.0000
