Importing submoduled environments...
Submoduled environments not found. Skipping import.
[upd 0] u=1 upd_ctr=1 opt_step=16 E=0.025 g=0.083 VarTD=0.159821 ret_end=-27.605 dbar_end=0.794 occ_end=0.110 CSR_train=0.000 done_count=100
[upd 10] u=0 upd_ctr=1 opt_step=16 E=0.294 g=0.089 VarTD=0.166459 ret_end=-27.505 dbar_end=0.772 occ_end=0.192 CSR_train=0.000 done_count=125
[upd 20] u=0 upd_ctr=1 opt_step=16 E=0.562 g=0.091 VarTD=0.173849 ret_end=-27.263 dbar_end=0.763 occ_end=0.144 CSR_train=0.000 done_count=125
[upd 30] u=0 upd_ctr=1 opt_step=16 E=0.828 g=0.097 VarTD=0.162997 ret_end=-26.951 dbar_end=0.742 occ_end=0.152 CSR_train=0.008 done_count=125
[upd 40] u=0 upd_ctr=2 opt_step=32 E=0.080 g=0.097 VarTD=0.145886 ret_end=-27.313 dbar_end=0.744 occ_end=0.160 CSR_train=0.000 done_count=125
[upd 50] u=0 upd_ctr=2 opt_step=32 E=0.369 g=0.085 VarTD=0.162041 ret_end=-28.371 dbar_end=0.784 occ_end=0.136 CSR_train=0.000 done_count=125
[upd 60] u=0 upd_ctr=2 opt_step=32 E=0.648 g=0.089 VarTD=0.154807 ret_end=-27.766 dbar_end=0.772 occ_end=0.152 CSR_train=0.000 done_count=125
[upd 70] u=0 upd_ctr=2 opt_step=32 E=0.930 g=0.099 VarTD=0.153467 ret_end=-26.956 dbar_end=0.737 occ_end=0.136 CSR_train=0.000 done_count=125
[upd 80] u=0 upd_ctr=3 opt_step=48 E=0.211 g=0.096 VarTD=0.154879 ret_end=-27.399 dbar_end=0.747 occ_end=0.176 CSR_train=0.000 done_count=125
[upd 90] u=0 upd_ctr=3 opt_step=48 E=0.515 g=0.118 VarTD=0.165302 ret_end=-26.493 dbar_end=0.681 occ_end=0.216 CSR_train=0.000 done_count=125
[upd 100] u=0 upd_ctr=3 opt_step=48 E=0.822 g=0.093 VarTD=0.168248 ret_end=-28.255 dbar_end=0.758 occ_end=0.128 CSR_train=0.000 done_count=125
[upd 110] u=0 upd_ctr=4 opt_step=64 E=0.095 g=0.106 VarTD=0.166482 ret_end=-26.149 dbar_end=0.716 occ_end=0.128 CSR_train=0.000 done_count=125
[upd 120] u=0 upd_ctr=4 opt_step=64 E=0.410 g=0.107 VarTD=0.119186 ret_end=-26.198 dbar_end=0.711 occ_end=0.144 CSR_train=0.000 done_count=125
[upd 130] u=0 upd_ctr=4 opt_step=64 E=0.727 g=0.101 VarTD=0.176215 ret_end=-27.123 dbar_end=0.731 occ_end=0.110 CSR_train=0.000 done_count=100
[upd 140] u=1 upd_ctr=5 opt_step=80 E=0.035 g=0.116 VarTD=0.158486 ret_end=-26.794 dbar_end=0.686 occ_end=0.232 CSR_train=0.000 done_count=125
[upd 150] u=0 upd_ctr=5 opt_step=80 E=0.355 g=0.115 VarTD=0.149971 ret_end=-26.751 dbar_end=0.689 occ_end=0.216 CSR_train=0.000 done_count=125
[upd 160] u=0 upd_ctr=5 opt_step=80 E=0.681 g=0.110 VarTD=0.159380 ret_end=-26.592 dbar_end=0.703 occ_end=0.168 CSR_train=0.000 done_count=125
[upd 170] u=0 upd_ctr=5 opt_step=80 E=0.998 g=0.100 VarTD=0.158856 ret_end=-26.737 dbar_end=0.732 occ_end=0.176 CSR_train=0.000 done_count=125
[upd 180] u=0 upd_ctr=6 opt_step=96 E=0.296 g=0.098 VarTD=0.161749 ret_end=-27.105 dbar_end=0.738 occ_end=0.128 CSR_train=0.000 done_count=125
[upd 190] u=0 upd_ctr=6 opt_step=96 E=0.641 g=0.117 VarTD=0.163212 ret_end=-26.802 dbar_end=0.682 occ_end=0.144 CSR_train=0.000 done_count=125
[upd 200] u=0 upd_ctr=6 opt_step=96 E=0.974 g=0.111 VarTD=0.160574 ret_end=-26.165 dbar_end=0.699 occ_end=0.168 CSR_train=0.000 done_count=125
[upd 210] u=0 upd_ctr=7 opt_step=112 E=0.316 g=0.108 VarTD=0.144813 ret_end=-27.275 dbar_end=0.710 occ_end=0.184 CSR_train=0.000 done_count=125
[upd 220] u=0 upd_ctr=7 opt_step=112 E=0.671 g=0.123 VarTD=0.146089 ret_end=-25.836 dbar_end=0.666 occ_end=0.168 CSR_train=0.000 done_count=125
[upd 230] u=0 upd_ctr=7 opt_step=112 E=1.000 g=0.110 VarTD=0.154774 ret_end=-27.722 dbar_end=0.703 occ_end=0.208 CSR_train=0.000 done_count=125
[upd 240] u=0 upd_ctr=8 opt_step=128 E=0.357 g=0.112 VarTD=0.150332 ret_end=-26.128 dbar_end=0.697 occ_end=0.176 CSR_train=0.000 done_count=125
[upd 250] u=0 upd_ctr=8 opt_step=128 E=0.710 g=0.116 VarTD=0.150919 ret_end=-27.091 dbar_end=0.686 occ_end=0.152 CSR_train=0.000 done_count=125
[upd 260] u=1 upd_ctr=9 opt_step=144 E=0.040 g=0.133 VarTD=0.139644 ret_end=-25.180 dbar_end=0.644 occ_end=0.250 CSR_train=0.000 done_count=100
[upd 270] u=0 upd_ctr=9 opt_step=144 E=0.421 g=0.126 VarTD=0.148825 ret_end=-25.017 dbar_end=0.660 occ_end=0.136 CSR_train=0.000 done_count=125
[upd 280] u=0 upd_ctr=9 opt_step=144 E=0.796 g=0.133 VarTD=0.153668 ret_end=-25.743 dbar_end=0.643 occ_end=0.264 CSR_train=0.008 done_count=125
[upd 290] u=0 upd_ctr=10 opt_step=160 E=0.146 g=0.129 VarTD=0.174920 ret_end=-26.161 dbar_end=0.653 occ_end=0.184 CSR_train=0.000 done_count=125
[upd 300] u=0 upd_ctr=10 opt_step=160 E=0.533 g=0.122 VarTD=0.153541 ret_end=-26.027 dbar_end=0.670 occ_end=0.136 CSR_train=0.008 done_count=125
[upd 310] u=0 upd_ctr=10 opt_step=160 E=0.931 g=0.124 VarTD=0.164230 ret_end=-25.265 dbar_end=0.664 occ_end=0.160 CSR_train=0.000 done_count=125
[Gate5 check] update_counter violations: t0=0 diffs=0
[Gate5 check] opt_step violations: t0=0 diffs=0 (expected_inc=16)
[Gate5 check] NaN masking: nan_on_skip=True finite_on_update=True
[Gate5 summary] mean_update_fraction=0.0321 final_executed_updates_mean=10.00
[Gate5 eval] done_count mean=100.0 CSR mean=0.0000 len_end_mean=26.00
[Gate5 eval] episodes_per_env=4 T_eval=104
[Gate5 eval-debug] locked_eps_occ=0.20 pre(step25): dbar_end=0.475257 occupied_end_mean=0.440000 max_tilde_end_mean=0.676075 CSR@locked=0.000000
[Gate5 eval-debug] locked_eps_occ=0.20 post(step26): dbar_end=0.481394 occupied_end_mean=0.390000 max_tilde_end_mean=0.680497 CSR@locked=0.000000
[Gate5 eval-debug] CSR_pre@0.10=0.0000 CSR_pre@0.15=0.0000 CSR_pre@0.20=0.0000 CSR_pre@0.25=0.0300 CSR_pre@0.30=0.0700
[Gate5 eval-debug] CSR_post@0.10=0.0000 CSR_post@0.15=0.0000 CSR_post@0.20=0.0000 CSR_post@0.25=0.0000 CSR_post@0.30=0.0400
