Importing submoduled environments...
Submoduled environments not found. Skipping import.
[upd 0] u=1 upd_ctr=1 opt_step=16 E=0.102 g=0.086 VarTD=0.176520 ret_end=-28.138 dbar_end=0.781 occ_end=0.160 CSR_train=0.000 done_count=100
[upd 10] u=0 upd_ctr=1 opt_step=16 E=0.652 g=0.084 VarTD=0.149910 ret_end=-27.579 dbar_end=0.789 occ_end=0.128 CSR_train=0.000 done_count=125
[upd 20] u=0 upd_ctr=2 opt_step=32 E=0.281 g=0.110 VarTD=0.149851 ret_end=-26.991 dbar_end=0.702 occ_end=0.208 CSR_train=0.000 done_count=125
[upd 30] u=0 upd_ctr=2 opt_step=32 E=0.879 g=0.096 VarTD=0.141530 ret_end=-26.229 dbar_end=0.748 occ_end=0.144 CSR_train=0.000 done_count=125
[upd 40] u=0 upd_ctr=3 opt_step=48 E=0.515 g=0.102 VarTD=0.149273 ret_end=-26.595 dbar_end=0.729 occ_end=0.168 CSR_train=0.000 done_count=125
[upd 50] u=0 upd_ctr=4 opt_step=64 E=0.194 g=0.098 VarTD=0.161954 ret_end=-26.989 dbar_end=0.739 occ_end=0.224 CSR_train=0.000 done_count=125
[upd 60] u=0 upd_ctr=4 opt_step=64 E=0.811 g=0.101 VarTD=0.151686 ret_end=-26.723 dbar_end=0.731 occ_end=0.176 CSR_train=0.000 done_count=125
[upd 70] u=0 upd_ctr=5 opt_step=80 E=0.465 g=0.107 VarTD=0.146514 ret_end=-26.588 dbar_end=0.710 occ_end=0.160 CSR_train=0.000 done_count=125
[upd 80] u=0 upd_ctr=6 opt_step=96 E=0.157 g=0.121 VarTD=0.157315 ret_end=-25.642 dbar_end=0.671 occ_end=0.232 CSR_train=0.000 done_count=125
[upd 90] u=0 upd_ctr=6 opt_step=96 E=0.793 g=0.106 VarTD=0.177824 ret_end=-26.515 dbar_end=0.716 occ_end=0.144 CSR_train=0.000 done_count=125
[upd 100] u=0 upd_ctr=7 opt_step=112 E=0.541 g=0.101 VarTD=0.164464 ret_end=-26.670 dbar_end=0.730 occ_end=0.216 CSR_train=0.000 done_count=125
[upd 110] u=0 upd_ctr=8 opt_step=128 E=0.256 g=0.123 VarTD=0.149345 ret_end=-25.596 dbar_end=0.667 occ_end=0.208 CSR_train=0.000 done_count=125
[upd 120] u=0 upd_ctr=8 opt_step=128 E=0.956 g=0.118 VarTD=0.155794 ret_end=-26.420 dbar_end=0.679 occ_end=0.160 CSR_train=0.000 done_count=125
[upd 130] u=0 upd_ctr=9 opt_step=144 E=0.694 g=0.110 VarTD=0.148953 ret_end=-25.830 dbar_end=0.703 occ_end=0.160 CSR_train=0.000 done_count=100
[upd 140] u=0 upd_ctr=10 opt_step=160 E=0.457 g=0.111 VarTD=0.173323 ret_end=-27.731 dbar_end=0.701 occ_end=0.208 CSR_train=0.000 done_count=125
[upd 150] u=0 upd_ctr=11 opt_step=176 E=0.233 g=0.129 VarTD=0.183812 ret_end=-25.806 dbar_end=0.651 occ_end=0.184 CSR_train=0.000 done_count=125
[upd 160] u=0 upd_ctr=11 opt_step=176 E=0.987 g=0.118 VarTD=0.178649 ret_end=-26.011 dbar_end=0.680 occ_end=0.176 CSR_train=0.000 done_count=125
[upd 170] u=0 upd_ctr=12 opt_step=192 E=0.837 g=0.133 VarTD=0.177137 ret_end=-25.225 dbar_end=0.642 occ_end=0.200 CSR_train=0.000 done_count=125
[upd 180] u=0 upd_ctr=13 opt_step=208 E=0.705 g=0.142 VarTD=0.203275 ret_end=-24.945 dbar_end=0.622 occ_end=0.248 CSR_train=0.000 done_count=125
[upd 190] u=0 upd_ctr=14 opt_step=224 E=0.538 g=0.136 VarTD=0.234787 ret_end=-25.614 dbar_end=0.636 occ_end=0.216 CSR_train=0.000 done_count=125
[upd 200] u=0 upd_ctr=15 opt_step=240 E=0.456 g=0.148 VarTD=0.300217 ret_end=-25.549 dbar_end=0.608 occ_end=0.176 CSR_train=0.000 done_count=125
[upd 210] u=0 upd_ctr=16 opt_step=256 E=0.370 g=0.165 VarTD=0.342800 ret_end=-23.956 dbar_end=0.574 occ_end=0.336 CSR_train=0.000 done_count=125
[upd 220] u=0 upd_ctr=17 opt_step=272 E=0.256 g=0.143 VarTD=0.395523 ret_end=-24.804 dbar_end=0.619 occ_end=0.312 CSR_train=0.000 done_count=125
[upd 230] u=0 upd_ctr=18 opt_step=288 E=0.189 g=0.160 VarTD=0.467762 ret_end=-24.206 dbar_end=0.583 occ_end=0.336 CSR_train=0.000 done_count=125
[upd 240] u=1 upd_ctr=19 opt_step=304 E=0.132 g=0.154 VarTD=0.462499 ret_end=-24.476 dbar_end=0.596 occ_end=0.208 CSR_train=0.000 done_count=125
[upd 250] u=1 upd_ctr=20 opt_step=320 E=0.097 g=0.154 VarTD=0.533902 ret_end=-24.754 dbar_end=0.595 occ_end=0.336 CSR_train=0.000 done_count=125
[upd 260] u=0 upd_ctr=20 opt_step=320 E=1.000 g=0.152 VarTD=0.522310 ret_end=-24.666 dbar_end=0.601 occ_end=0.380 CSR_train=0.000 done_count=100
[upd 270] u=0 upd_ctr=21 opt_step=336 E=0.987 g=0.138 VarTD=0.731945 ret_end=-24.868 dbar_end=0.631 occ_end=0.208 CSR_train=0.000 done_count=125
[upd 280] u=0 upd_ctr=22 opt_step=352 E=0.993 g=0.168 VarTD=0.817499 ret_end=-23.606 dbar_end=0.568 occ_end=0.240 CSR_train=0.000 done_count=125
[upd 290] u=0 upd_ctr=23 opt_step=368 E=1.000 g=0.164 VarTD=0.962071 ret_end=-24.513 dbar_end=0.575 occ_end=0.368 CSR_train=0.000 done_count=125
[upd 300] u=0 upd_ctr=24 opt_step=384 E=1.000 g=0.153 VarTD=1.009103 ret_end=-25.248 dbar_end=0.598 occ_end=0.296 CSR_train=0.000 done_count=125
[upd 310] u=0 upd_ctr=25 opt_step=400 E=1.000 g=0.150 VarTD=1.147160 ret_end=-25.176 dbar_end=0.605 occ_end=0.208 CSR_train=0.000 done_count=125
[Gate5 check] update_counter violations: t0=0 diffs=0
[Gate5 check] opt_step violations: t0=0 diffs=0 (expected_inc=16)
[Gate5 check] NaN masking: nan_on_skip=True finite_on_update=True
[Gate5 summary] mean_update_fraction=0.0833 final_executed_updates_mean=26.00
[Gate5 eval] done_count mean=100.0 CSR mean=0.0000 len_end_mean=26.00
[Gate5 eval] episodes_per_env=4 T_eval=104
[Gate5 eval-debug] locked_eps_occ=0.20 pre(step25): dbar_end=0.512240 occupied_end_mean=0.220000 max_tilde_end_mean=0.742099 CSR@locked=0.000000
[Gate5 eval-debug] locked_eps_occ=0.20 post(step26): dbar_end=0.512861 occupied_end_mean=0.220000 max_tilde_end_mean=0.749655 CSR@locked=0.000000
[Gate5 eval-debug] CSR_pre@0.10=0.0000 CSR_pre@0.15=0.0000 CSR_pre@0.20=0.0000 CSR_pre@0.25=0.0000 CSR_pre@0.30=0.0000
[Gate5 eval-debug] CSR_post@0.10=0.0000 CSR_post@0.15=0.0000 CSR_post@0.20=0.0000 CSR_post@0.25=0.0000 CSR_post@0.30=0.0000
