Importing submoduled environments...
Submoduled environments not found. Skipping import.
[upd 0] u=1 upd_ctr=1 opt_step=16 E=0.021 g=0.105 VarTD=0.153100 ret_end=-26.906 dbar_end=0.718 occ_end=0.160 CSR_train=0.000 done_count=100
[upd 10] u=0 upd_ctr=1 opt_step=16 E=0.207 g=0.079 VarTD=0.158451 ret_end=-28.492 dbar_end=0.807 occ_end=0.088 CSR_train=0.000 done_count=125
[upd 20] u=0 upd_ctr=1 opt_step=16 E=0.397 g=0.100 VarTD=0.134152 ret_end=-26.725 dbar_end=0.733 occ_end=0.192 CSR_train=0.000 done_count=125
[upd 30] u=0 upd_ctr=1 opt_step=16 E=0.583 g=0.094 VarTD=0.161237 ret_end=-27.688 dbar_end=0.753 occ_end=0.144 CSR_train=0.000 done_count=125
[upd 40] u=0 upd_ctr=1 opt_step=16 E=0.769 g=0.087 VarTD=0.144865 ret_end=-28.561 dbar_end=0.778 occ_end=0.136 CSR_train=0.000 done_count=125
[upd 50] u=0 upd_ctr=1 opt_step=16 E=0.962 g=0.085 VarTD=0.140112 ret_end=-28.277 dbar_end=0.784 occ_end=0.128 CSR_train=0.000 done_count=125
[upd 60] u=0 upd_ctr=2 opt_step=32 E=0.135 g=0.096 VarTD=0.141236 ret_end=-27.094 dbar_end=0.747 occ_end=0.136 CSR_train=0.000 done_count=125
[upd 70] u=0 upd_ctr=2 opt_step=32 E=0.340 g=0.114 VarTD=0.123593 ret_end=-26.088 dbar_end=0.693 occ_end=0.192 CSR_train=0.000 done_count=125
[upd 80] u=0 upd_ctr=2 opt_step=32 E=0.542 g=0.119 VarTD=0.102196 ret_end=-25.113 dbar_end=0.679 occ_end=0.256 CSR_train=0.008 done_count=125
[upd 90] u=0 upd_ctr=2 opt_step=32 E=0.739 g=0.095 VarTD=0.138176 ret_end=-26.662 dbar_end=0.748 occ_end=0.176 CSR_train=0.000 done_count=125
[upd 100] u=0 upd_ctr=2 opt_step=32 E=0.934 g=0.100 VarTD=0.129049 ret_end=-26.936 dbar_end=0.732 occ_end=0.144 CSR_train=0.000 done_count=125
[upd 110] u=0 upd_ctr=3 opt_step=48 E=0.127 g=0.104 VarTD=0.142553 ret_end=-26.373 dbar_end=0.721 occ_end=0.144 CSR_train=0.000 done_count=125
[upd 120] u=0 upd_ctr=3 opt_step=48 E=0.338 g=0.103 VarTD=0.141726 ret_end=-27.409 dbar_end=0.725 occ_end=0.128 CSR_train=0.000 done_count=125
[upd 130] u=0 upd_ctr=3 opt_step=48 E=0.549 g=0.104 VarTD=0.134348 ret_end=-26.162 dbar_end=0.721 occ_end=0.140 CSR_train=0.010 done_count=100
[upd 140] u=0 upd_ctr=3 opt_step=48 E=0.764 g=0.112 VarTD=0.157605 ret_end=-26.547 dbar_end=0.698 occ_end=0.224 CSR_train=0.000 done_count=125
[upd 150] u=0 upd_ctr=3 opt_step=48 E=0.978 g=0.101 VarTD=0.179314 ret_end=-27.051 dbar_end=0.732 occ_end=0.200 CSR_train=0.000 done_count=125
[upd 160] u=0 upd_ctr=4 opt_step=64 E=0.183 g=0.117 VarTD=0.122044 ret_end=-25.872 dbar_end=0.682 occ_end=0.160 CSR_train=0.000 done_count=125
[upd 170] u=0 upd_ctr=4 opt_step=64 E=0.401 g=0.106 VarTD=0.133334 ret_end=-26.448 dbar_end=0.715 occ_end=0.160 CSR_train=0.000 done_count=125
[upd 180] u=0 upd_ctr=4 opt_step=64 E=0.619 g=0.119 VarTD=0.134303 ret_end=-25.904 dbar_end=0.677 occ_end=0.224 CSR_train=0.000 done_count=125
[upd 190] u=0 upd_ctr=4 opt_step=64 E=0.838 g=0.113 VarTD=0.156267 ret_end=-26.714 dbar_end=0.695 occ_end=0.152 CSR_train=0.000 done_count=125
[upd 200] u=0 upd_ctr=5 opt_step=80 E=0.043 g=0.116 VarTD=0.149952 ret_end=-26.263 dbar_end=0.687 occ_end=0.168 CSR_train=0.000 done_count=125
[upd 210] u=0 upd_ctr=5 opt_step=80 E=0.270 g=0.111 VarTD=0.126673 ret_end=-26.027 dbar_end=0.701 occ_end=0.200 CSR_train=0.000 done_count=125
[upd 220] u=0 upd_ctr=5 opt_step=80 E=0.489 g=0.115 VarTD=0.140521 ret_end=-26.945 dbar_end=0.689 occ_end=0.192 CSR_train=0.000 done_count=125
[upd 230] u=0 upd_ctr=5 opt_step=80 E=0.716 g=0.109 VarTD=0.124213 ret_end=-26.058 dbar_end=0.705 occ_end=0.144 CSR_train=0.000 done_count=125
[upd 240] u=0 upd_ctr=5 opt_step=80 E=0.940 g=0.109 VarTD=0.132180 ret_end=-26.545 dbar_end=0.704 occ_end=0.184 CSR_train=0.000 done_count=125
[upd 250] u=0 upd_ctr=6 opt_step=96 E=0.167 g=0.116 VarTD=0.122158 ret_end=-25.510 dbar_end=0.686 occ_end=0.160 CSR_train=0.000 done_count=125
[upd 260] u=0 upd_ctr=6 opt_step=96 E=0.410 g=0.127 VarTD=0.156059 ret_end=-25.661 dbar_end=0.657 occ_end=0.250 CSR_train=0.000 done_count=100
[upd 270] u=0 upd_ctr=6 opt_step=96 E=0.649 g=0.112 VarTD=0.138151 ret_end=-26.495 dbar_end=0.696 occ_end=0.168 CSR_train=0.000 done_count=125
[upd 280] u=0 upd_ctr=6 opt_step=96 E=0.887 g=0.119 VarTD=0.165514 ret_end=-26.426 dbar_end=0.679 occ_end=0.192 CSR_train=0.000 done_count=125
[upd 290] u=0 upd_ctr=7 opt_step=112 E=0.122 g=0.129 VarTD=0.145123 ret_end=-25.385 dbar_end=0.653 occ_end=0.216 CSR_train=0.000 done_count=125
[upd 300] u=0 upd_ctr=7 opt_step=112 E=0.380 g=0.131 VarTD=0.148671 ret_end=-25.533 dbar_end=0.648 occ_end=0.208 CSR_train=0.000 done_count=125
[upd 310] u=0 upd_ctr=7 opt_step=112 E=0.634 g=0.127 VarTD=0.150039 ret_end=-25.886 dbar_end=0.658 occ_end=0.200 CSR_train=0.000 done_count=125
[Gate5 check] update_counter violations: t0=0 diffs=0
[Gate5 check] opt_step violations: t0=0 diffs=0 (expected_inc=16)
[Gate5 check] NaN masking: nan_on_skip=True finite_on_update=True
[Gate5 summary] mean_update_fraction=0.0224 final_executed_updates_mean=7.00
[Gate5 eval] done_count mean=100.0 CSR mean=0.0100 len_end_mean=26.00
[Gate5 eval] episodes_per_env=4 T_eval=104
[Gate5 eval-debug] locked_eps_occ=0.20 pre(step25): dbar_end=0.482987 occupied_end_mean=0.380000 max_tilde_end_mean=0.687995 CSR@locked=0.010000
[Gate5 eval-debug] locked_eps_occ=0.20 post(step26): dbar_end=0.490126 occupied_end_mean=0.340000 max_tilde_end_mean=0.696937 CSR@locked=0.010000
[Gate5 eval-debug] CSR_pre@0.10=0.0000 CSR_pre@0.15=0.0100 CSR_pre@0.20=0.0100 CSR_pre@0.25=0.0500 CSR_pre@0.30=0.0600
[Gate5 eval-debug] CSR_post@0.10=0.0000 CSR_post@0.15=0.0100 CSR_post@0.20=0.0100 CSR_post@0.25=0.0200 CSR_post@0.30=0.0300
