Importing submoduled environments...
Submoduled environments not found. Skipping import.
[upd 0] u=1 upd_ctr=1 opt_step=16 E=0.052 g=0.087 VarTD=0.161819 ret_end=-28.699 dbar_end=0.778 occ_end=0.120 CSR_train=0.000 done_count=100
[upd 10] u=0 upd_ctr=1 opt_step=16 E=0.582 g=0.081 VarTD=0.173819 ret_end=-28.772 dbar_end=0.801 occ_end=0.160 CSR_train=0.000 done_count=125
[upd 20] u=0 upd_ctr=2 opt_step=32 E=0.105 g=0.086 VarTD=0.138656 ret_end=-27.115 dbar_end=0.781 occ_end=0.136 CSR_train=0.000 done_count=125
[upd 30] u=0 upd_ctr=2 opt_step=32 E=0.661 g=0.114 VarTD=0.140681 ret_end=-25.795 dbar_end=0.691 occ_end=0.224 CSR_train=0.000 done_count=125
[upd 40] u=0 upd_ctr=3 opt_step=48 E=0.231 g=0.095 VarTD=0.134485 ret_end=-26.796 dbar_end=0.751 occ_end=0.152 CSR_train=0.000 done_count=125
[upd 50] u=0 upd_ctr=3 opt_step=48 E=0.823 g=0.098 VarTD=0.169601 ret_end=-27.430 dbar_end=0.741 occ_end=0.176 CSR_train=0.000 done_count=125
[upd 60] u=0 upd_ctr=4 opt_step=64 E=0.358 g=0.091 VarTD=0.185377 ret_end=-27.862 dbar_end=0.762 occ_end=0.128 CSR_train=0.000 done_count=125
[upd 70] u=0 upd_ctr=4 opt_step=64 E=0.985 g=0.110 VarTD=0.144976 ret_end=-26.407 dbar_end=0.702 occ_end=0.232 CSR_train=0.000 done_count=125
[upd 80] u=0 upd_ctr=5 opt_step=80 E=0.571 g=0.094 VarTD=0.154133 ret_end=-28.397 dbar_end=0.755 occ_end=0.120 CSR_train=0.000 done_count=125
[upd 90] u=0 upd_ctr=6 opt_step=96 E=0.195 g=0.094 VarTD=0.213102 ret_end=-27.595 dbar_end=0.752 occ_end=0.128 CSR_train=0.000 done_count=125
[upd 100] u=0 upd_ctr=6 opt_step=96 E=0.851 g=0.103 VarTD=0.158001 ret_end=-26.829 dbar_end=0.723 occ_end=0.192 CSR_train=0.000 done_count=125
[upd 110] u=0 upd_ctr=7 opt_step=112 E=0.507 g=0.103 VarTD=0.159718 ret_end=-26.947 dbar_end=0.723 occ_end=0.176 CSR_train=0.008 done_count=125
[upd 120] u=0 upd_ctr=8 opt_step=128 E=0.144 g=0.115 VarTD=0.128440 ret_end=-25.626 dbar_end=0.688 occ_end=0.176 CSR_train=0.000 done_count=125
[Gate5 check] update_counter violations: t0=0 diffs=0
[Gate5 check] opt_step violations: t0=0 diffs=0 (expected_inc=16)
[Gate5 check] NaN masking: nan_on_skip=True finite_on_update=True
[Gate5 summary] mean_update_fraction=0.0640 final_executed_updates_mean=8.00
[Gate5 eval] done_count mean=100.0 CSR mean=0.0100 len_end_mean=26.00
[Gate5 eval] episodes_per_env=4 T_eval=104
[Gate5 eval-debug] locked_eps_occ=0.20 pre(step25): dbar_end=0.511871 occupied_end_mean=0.360000 max_tilde_end_mean=0.746721 CSR@locked=0.000000
[Gate5 eval-debug] locked_eps_occ=0.20 post(step26): dbar_end=0.511966 occupied_end_mean=0.310000 max_tilde_end_mean=0.736160 CSR@locked=0.010000
[Gate5 eval-debug] CSR_pre@0.10=0.0000 CSR_pre@0.15=0.0000 CSR_pre@0.20=0.0000 CSR_pre@0.25=0.0100 CSR_pre@0.30=0.0100
[Gate5 eval-debug] CSR_post@0.10=0.0000 CSR_post@0.15=0.0000 CSR_post@0.20=0.0100 CSR_post@0.25=0.0200 CSR_post@0.30=0.0200
