Importing submoduled environments...
Submoduled environments not found. Skipping import.
[upd 0] u=1 upd_ctr=1 opt_step=16 E=0.124 g=0.083 VarTD=0.176951 ret_end=-28.473 dbar_end=0.794 occ_end=0.140 CSR_train=0.000 done_count=100
[upd 10] u=0 upd_ctr=1 opt_step=16 E=0.978 g=0.089 VarTD=0.152994 ret_end=-28.611 dbar_end=0.772 occ_end=0.104 CSR_train=0.000 done_count=125
[upd 20] u=0 upd_ctr=2 opt_step=32 E=0.900 g=0.097 VarTD=0.156874 ret_end=-27.612 dbar_end=0.744 occ_end=0.192 CSR_train=0.000 done_count=125
[upd 30] u=0 upd_ctr=3 opt_step=48 E=0.868 g=0.098 VarTD=0.138312 ret_end=-26.923 dbar_end=0.739 occ_end=0.152 CSR_train=0.000 done_count=125
[upd 40] u=0 upd_ctr=4 opt_step=64 E=0.802 g=0.104 VarTD=0.153807 ret_end=-26.757 dbar_end=0.720 occ_end=0.208 CSR_train=0.000 done_count=125
[upd 50] u=0 upd_ctr=5 opt_step=80 E=0.863 g=0.105 VarTD=0.165115 ret_end=-26.660 dbar_end=0.719 occ_end=0.176 CSR_train=0.000 done_count=125
[upd 60] u=0 upd_ctr=6 opt_step=96 E=0.994 g=0.122 VarTD=0.123434 ret_end=-25.798 dbar_end=0.670 occ_end=0.200 CSR_train=0.000 done_count=125
[upd 70] u=0 upd_ctr=8 opt_step=128 E=0.231 g=0.130 VarTD=0.148506 ret_end=-25.408 dbar_end=0.650 occ_end=0.216 CSR_train=0.000 done_count=125
[upd 80] u=0 upd_ctr=9 opt_step=144 E=0.417 g=0.138 VarTD=0.139074 ret_end=-25.799 dbar_end=0.631 occ_end=0.264 CSR_train=0.000 done_count=125
[upd 90] u=0 upd_ctr=10 opt_step=160 E=0.667 g=0.132 VarTD=0.143989 ret_end=-25.683 dbar_end=0.646 occ_end=0.200 CSR_train=0.000 done_count=125
[upd 100] u=0 upd_ctr=11 opt_step=176 E=0.931 g=0.145 VarTD=0.180535 ret_end=-25.123 dbar_end=0.615 occ_end=0.216 CSR_train=0.000 done_count=125
[upd 110] u=0 upd_ctr=13 opt_step=208 E=0.287 g=0.147 VarTD=0.214343 ret_end=-24.303 dbar_end=0.610 occ_end=0.200 CSR_train=0.000 done_count=125
[upd 120] u=0 upd_ctr=14 opt_step=224 E=0.544 g=0.133 VarTD=0.217292 ret_end=-24.633 dbar_end=0.643 occ_end=0.216 CSR_train=0.000 done_count=125
[upd 130] u=0 upd_ctr=15 opt_step=240 E=0.778 g=0.137 VarTD=0.227429 ret_end=-25.107 dbar_end=0.634 occ_end=0.220 CSR_train=0.000 done_count=100
[upd 140] u=1 upd_ctr=17 opt_step=272 E=0.129 g=0.124 VarTD=0.325879 ret_end=-25.643 dbar_end=0.665 occ_end=0.176 CSR_train=0.000 done_count=125
[upd 150] u=0 upd_ctr=18 opt_step=288 E=0.433 g=0.152 VarTD=0.426648 ret_end=-24.152 dbar_end=0.599 occ_end=0.232 CSR_train=0.000 done_count=125
[upd 160] u=0 upd_ctr=19 opt_step=304 E=0.719 g=0.150 VarTD=0.509955 ret_end=-24.439 dbar_end=0.604 occ_end=0.160 CSR_train=0.000 done_count=125
[upd 170] u=1 upd_ctr=21 opt_step=336 E=0.127 g=0.135 VarTD=0.570734 ret_end=-25.388 dbar_end=0.639 occ_end=0.232 CSR_train=0.000 done_count=125
[upd 180] u=0 upd_ctr=22 opt_step=352 E=0.432 g=0.143 VarTD=0.766140 ret_end=-25.187 dbar_end=0.619 occ_end=0.184 CSR_train=0.000 done_count=125
[upd 190] u=0 upd_ctr=23 opt_step=368 E=0.678 g=0.158 VarTD=0.865644 ret_end=-24.247 dbar_end=0.588 occ_end=0.248 CSR_train=0.000 done_count=125
[upd 200] u=0 upd_ctr=24 opt_step=384 E=0.949 g=0.138 VarTD=1.037993 ret_end=-25.777 dbar_end=0.632 occ_end=0.216 CSR_train=0.000 done_count=125
[upd 210] u=0 upd_ctr=26 opt_step=416 E=0.304 g=0.160 VarTD=1.292054 ret_end=-24.393 dbar_end=0.584 occ_end=0.272 CSR_train=0.000 done_count=125
[upd 220] u=0 upd_ctr=27 opt_step=432 E=0.700 g=0.161 VarTD=1.378370 ret_end=-23.540 dbar_end=0.581 occ_end=0.264 CSR_train=0.000 done_count=125
[upd 230] u=1 upd_ctr=29 opt_step=464 E=0.191 g=0.168 VarTD=1.525648 ret_end=-24.078 dbar_end=0.568 occ_end=0.224 CSR_train=0.000 done_count=125
[upd 240] u=0 upd_ctr=30 opt_step=480 E=0.596 g=0.156 VarTD=1.826008 ret_end=-23.970 dbar_end=0.591 occ_end=0.264 CSR_train=0.000 done_count=125
[upd 250] u=0 upd_ctr=31 opt_step=496 E=1.000 g=0.156 VarTD=1.940139 ret_end=-23.788 dbar_end=0.592 occ_end=0.288 CSR_train=0.000 done_count=125
[upd 260] u=0 upd_ctr=33 opt_step=528 E=0.475 g=0.146 VarTD=1.837405 ret_end=-25.213 dbar_end=0.613 occ_end=0.240 CSR_train=0.000 done_count=100
[upd 270] u=0 upd_ctr=34 opt_step=544 E=0.855 g=0.158 VarTD=2.452121 ret_end=-24.416 dbar_end=0.588 occ_end=0.320 CSR_train=0.000 done_count=125
[upd 280] u=0 upd_ctr=36 opt_step=576 E=0.336 g=0.158 VarTD=2.795449 ret_end=-24.253 dbar_end=0.588 occ_end=0.232 CSR_train=0.000 done_count=125
[upd 290] u=0 upd_ctr=37 opt_step=592 E=0.777 g=0.160 VarTD=2.992775 ret_end=-23.722 dbar_end=0.583 occ_end=0.272 CSR_train=0.000 done_count=125
[upd 300] u=1 upd_ctr=39 opt_step=624 E=0.218 g=0.187 VarTD=3.285464 ret_end=-23.445 dbar_end=0.534 occ_end=0.336 CSR_train=0.000 done_count=125
[upd 310] u=0 upd_ctr=40 opt_step=640 E=0.750 g=0.181 VarTD=3.628183 ret_end=-23.701 dbar_end=0.545 occ_end=0.256 CSR_train=0.000 done_count=125
[Gate5 check] update_counter violations: t0=0 diffs=0
[Gate5 check] opt_step violations: t0=0 diffs=0 (expected_inc=16)
[Gate5 check] NaN masking: nan_on_skip=True finite_on_update=True
[Gate5 summary] mean_update_fraction=0.1282 final_executed_updates_mean=40.00
[Gate5 eval] done_count mean=100.0 CSR mean=0.0000 len_end_mean=26.00
[Gate5 eval] episodes_per_env=4 T_eval=104
[Gate5 eval-debug] locked_eps_occ=0.20 pre(step25): dbar_end=0.508341 occupied_end_mean=0.350000 max_tilde_end_mean=0.740764 CSR@locked=0.000000
[Gate5 eval-debug] locked_eps_occ=0.20 post(step26): dbar_end=0.507363 occupied_end_mean=0.370000 max_tilde_end_mean=0.743600 CSR@locked=0.000000
[Gate5 eval-debug] CSR_pre@0.10=0.0000 CSR_pre@0.15=0.0000 CSR_pre@0.20=0.0000 CSR_pre@0.25=0.0000 CSR_pre@0.30=0.0200
[Gate5 eval-debug] CSR_post@0.10=0.0000 CSR_post@0.15=0.0000 CSR_post@0.20=0.0000 CSR_post@0.25=0.0100 CSR_post@0.30=0.0200
