Importing submoduled environments...
Submoduled environments not found. Skipping import.
[upd 0] u=0 upd_ctr=0 opt_step=0 E=1.000 g=0.092 VarTD=0.142843 ret_end=-27.084 dbar_end=0.760 occ_end=0.110 CSR_train=0.000 done_count=100
[upd 10] u=0 upd_ctr=0 opt_step=0 E=1.000 g=0.086 VarTD=0.183385 ret_end=-27.624 dbar_end=0.780 occ_end=0.168 CSR_train=0.000 done_count=125
[upd 20] u=0 upd_ctr=0 opt_step=0 E=1.000 g=0.076 VarTD=0.179893 ret_end=-28.889 dbar_end=0.820 occ_end=0.104 CSR_train=0.000 done_count=125
[upd 30] u=0 upd_ctr=0 opt_step=0 E=1.000 g=0.089 VarTD=0.135881 ret_end=-27.731 dbar_end=0.772 occ_end=0.176 CSR_train=0.000 done_count=125
[upd 40] u=0 upd_ctr=0 opt_step=0 E=1.000 g=0.090 VarTD=0.157416 ret_end=-27.146 dbar_end=0.769 occ_end=0.136 CSR_train=0.000 done_count=125
[upd 50] u=0 upd_ctr=0 opt_step=0 E=1.000 g=0.083 VarTD=0.146816 ret_end=-28.085 dbar_end=0.794 occ_end=0.152 CSR_train=0.000 done_count=125
[upd 60] u=0 upd_ctr=0 opt_step=0 E=1.000 g=0.104 VarTD=0.159279 ret_end=-26.382 dbar_end=0.721 occ_end=0.144 CSR_train=0.000 done_count=125
[upd 70] u=0 upd_ctr=0 opt_step=0 E=1.000 g=0.082 VarTD=0.176180 ret_end=-27.953 dbar_end=0.796 occ_end=0.112 CSR_train=0.000 done_count=125
[upd 80] u=0 upd_ctr=0 opt_step=0 E=1.000 g=0.082 VarTD=0.176965 ret_end=-28.003 dbar_end=0.795 occ_end=0.112 CSR_train=0.000 done_count=125
[upd 90] u=0 upd_ctr=0 opt_step=0 E=1.000 g=0.086 VarTD=0.143087 ret_end=-27.348 dbar_end=0.781 occ_end=0.104 CSR_train=0.000 done_count=125
[upd 100] u=0 upd_ctr=0 opt_step=0 E=1.000 g=0.091 VarTD=0.161935 ret_end=-28.796 dbar_end=0.765 occ_end=0.128 CSR_train=0.000 done_count=125
[upd 110] u=0 upd_ctr=0 opt_step=0 E=1.000 g=0.097 VarTD=0.156273 ret_end=-27.635 dbar_end=0.742 occ_end=0.160 CSR_train=0.000 done_count=125
[upd 120] u=0 upd_ctr=0 opt_step=0 E=1.000 g=0.087 VarTD=0.146384 ret_end=-27.417 dbar_end=0.779 occ_end=0.112 CSR_train=0.000 done_count=125
[Gate5 check] update_counter violations: t0=0 diffs=0
[Gate5 check] opt_step violations: t0=0 diffs=0 (expected_inc=16)
[Gate5 check] NaN masking: nan_on_skip=True finite_on_update=True
[Gate5 summary] mean_update_fraction=0.0000 final_executed_updates_mean=0.00
[Gate5 eval] done_count mean=100.0 CSR mean=0.0100 len_end_mean=26.00
[Gate5 eval] episodes_per_env=4 T_eval=104
[Gate5 eval-debug] locked_eps_occ=0.20 pre(step25): dbar_end=0.587902 occupied_end_mean=0.250000 max_tilde_end_mean=0.872674 CSR@locked=0.010000
[Gate5 eval-debug] locked_eps_occ=0.20 post(step26): dbar_end=0.587377 occupied_end_mean=0.270000 max_tilde_end_mean=0.871045 CSR@locked=0.010000
[Gate5 eval-debug] CSR_pre@0.10=0.0100 CSR_pre@0.15=0.0100 CSR_pre@0.20=0.0100 CSR_pre@0.25=0.0100 CSR_pre@0.30=0.0200
[Gate5 eval-debug] CSR_post@0.10=0.0100 CSR_post@0.15=0.0100 CSR_post@0.20=0.0100 CSR_post@0.25=0.0100 CSR_post@0.30=0.0100
