Importing submoduled environments...
Submoduled environments not found. Skipping import.
[upd 0] u=1 upd_ctr=1 opt_step=16 E=0.169 g=0.086 VarTD=0.176520 ret_end=-28.138 dbar_end=0.781 occ_end=0.160 CSR_train=0.000 done_count=100
[upd 10] u=0 upd_ctr=1 opt_step=16 E=0.903 g=0.084 VarTD=0.149910 ret_end=-27.579 dbar_end=0.789 occ_end=0.128 CSR_train=0.000 done_count=125
[upd 20] u=0 upd_ctr=2 opt_step=32 E=0.780 g=0.106 VarTD=0.152530 ret_end=-27.135 dbar_end=0.715 occ_end=0.160 CSR_train=0.000 done_count=125
[upd 30] u=0 upd_ctr=3 opt_step=48 E=0.683 g=0.096 VarTD=0.148735 ret_end=-26.213 dbar_end=0.747 occ_end=0.152 CSR_train=0.000 done_count=125
[upd 40] u=0 upd_ctr=4 opt_step=64 E=0.587 g=0.103 VarTD=0.143794 ret_end=-26.328 dbar_end=0.722 occ_end=0.144 CSR_train=0.000 done_count=125
[upd 50] u=0 upd_ctr=5 opt_step=80 E=0.567 g=0.107 VarTD=0.151135 ret_end=-26.623 dbar_end=0.713 occ_end=0.192 CSR_train=0.000 done_count=125
[upd 60] u=0 upd_ctr=6 opt_step=96 E=0.554 g=0.110 VarTD=0.134665 ret_end=-26.122 dbar_end=0.704 occ_end=0.184 CSR_train=0.000 done_count=125
[upd 70] u=0 upd_ctr=7 opt_step=112 E=0.558 g=0.116 VarTD=0.145703 ret_end=-26.105 dbar_end=0.687 occ_end=0.160 CSR_train=0.000 done_count=125
[upd 80] u=0 upd_ctr=8 opt_step=128 E=0.627 g=0.134 VarTD=0.155585 ret_end=-25.243 dbar_end=0.640 occ_end=0.256 CSR_train=0.000 done_count=125
[upd 90] u=0 upd_ctr=9 opt_step=144 E=0.667 g=0.118 VarTD=0.174760 ret_end=-26.115 dbar_end=0.681 occ_end=0.184 CSR_train=0.000 done_count=125
[upd 100] u=0 upd_ctr=10 opt_step=160 E=0.775 g=0.105 VarTD=0.180964 ret_end=-26.421 dbar_end=0.719 occ_end=0.176 CSR_train=0.000 done_count=125
[upd 110] u=0 upd_ctr=11 opt_step=176 E=0.874 g=0.143 VarTD=0.181746 ret_end=-24.959 dbar_end=0.619 occ_end=0.248 CSR_train=0.000 done_count=125
[upd 120] u=1 upd_ctr=13 opt_step=208 E=0.123 g=0.138 VarTD=0.192233 ret_end=-25.846 dbar_end=0.632 occ_end=0.216 CSR_train=0.000 done_count=125
[upd 130] u=0 upd_ctr=14 opt_step=224 E=0.284 g=0.141 VarTD=0.219630 ret_end=-24.527 dbar_end=0.624 occ_end=0.310 CSR_train=0.000 done_count=100
[upd 140] u=0 upd_ctr=15 opt_step=240 E=0.472 g=0.128 VarTD=0.284181 ret_end=-26.596 dbar_end=0.654 occ_end=0.232 CSR_train=0.000 done_count=125
[upd 150] u=0 upd_ctr=16 opt_step=256 E=0.663 g=0.147 VarTD=0.350278 ret_end=-25.230 dbar_end=0.610 occ_end=0.224 CSR_train=0.000 done_count=125
[upd 160] u=0 upd_ctr=17 opt_step=272 E=0.898 g=0.139 VarTD=0.378157 ret_end=-24.889 dbar_end=0.627 occ_end=0.200 CSR_train=0.000 done_count=125
[upd 170] u=0 upd_ctr=19 opt_step=304 E=0.309 g=0.156 VarTD=0.524131 ret_end=-24.181 dbar_end=0.592 occ_end=0.232 CSR_train=0.000 done_count=125
[upd 180] u=0 upd_ctr=20 opt_step=320 E=0.646 g=0.165 VarTD=0.629793 ret_end=-23.833 dbar_end=0.574 occ_end=0.272 CSR_train=0.000 done_count=125
[upd 190] u=0 upd_ctr=21 opt_step=336 E=0.940 g=0.162 VarTD=0.712346 ret_end=-24.589 dbar_end=0.580 occ_end=0.288 CSR_train=0.000 done_count=125
[upd 200] u=0 upd_ctr=23 opt_step=368 E=0.416 g=0.159 VarTD=0.925249 ret_end=-24.595 dbar_end=0.585 occ_end=0.272 CSR_train=0.000 done_count=125
[upd 210] u=0 upd_ctr=24 opt_step=384 E=0.729 g=0.159 VarTD=1.018990 ret_end=-23.904 dbar_end=0.585 occ_end=0.248 CSR_train=0.000 done_count=125
[upd 220] u=0 upd_ctr=25 opt_step=400 E=1.000 g=0.159 VarTD=1.138200 ret_end=-24.644 dbar_end=0.586 occ_end=0.304 CSR_train=0.008 done_count=125
[upd 230] u=0 upd_ctr=27 opt_step=432 E=0.420 g=0.165 VarTD=1.403310 ret_end=-23.907 dbar_end=0.575 occ_end=0.264 CSR_train=0.000 done_count=125
[upd 240] u=0 upd_ctr=28 opt_step=448 E=0.728 g=0.163 VarTD=1.532276 ret_end=-24.142 dbar_end=0.577 occ_end=0.312 CSR_train=0.000 done_count=125
[upd 250] u=1 upd_ctr=30 opt_step=480 E=0.141 g=0.151 VarTD=1.666646 ret_end=-24.759 dbar_end=0.602 occ_end=0.264 CSR_train=0.000 done_count=125
[upd 260] u=0 upd_ctr=31 opt_step=496 E=0.466 g=0.148 VarTD=1.602444 ret_end=-24.765 dbar_end=0.609 occ_end=0.260 CSR_train=0.000 done_count=100
[upd 270] u=0 upd_ctr=32 opt_step=512 E=0.789 g=0.155 VarTD=2.163477 ret_end=-24.357 dbar_end=0.594 occ_end=0.232 CSR_train=0.000 done_count=125
[upd 280] u=1 upd_ctr=34 opt_step=544 E=0.228 g=0.160 VarTD=2.302820 ret_end=-23.585 dbar_end=0.584 occ_end=0.304 CSR_train=0.000 done_count=125
[upd 290] u=0 upd_ctr=35 opt_step=560 E=0.589 g=0.160 VarTD=2.647930 ret_end=-24.484 dbar_end=0.583 occ_end=0.344 CSR_train=0.000 done_count=125
[upd 300] u=0 upd_ctr=36 opt_step=576 E=0.968 g=0.153 VarTD=2.729925 ret_end=-25.299 dbar_end=0.598 occ_end=0.264 CSR_train=0.000 done_count=125
[upd 310] u=0 upd_ctr=38 opt_step=608 E=0.388 g=0.151 VarTD=3.152678 ret_end=-25.054 dbar_end=0.602 occ_end=0.224 CSR_train=0.000 done_count=125
[Gate5 check] update_counter violations: t0=0 diffs=0
[Gate5 check] opt_step violations: t0=0 diffs=0 (expected_inc=16)
[Gate5 check] NaN masking: nan_on_skip=True finite_on_update=True
[Gate5 summary] mean_update_fraction=0.1218 final_executed_updates_mean=38.00
[Gate5 eval] done_count mean=100.0 CSR mean=0.0000 len_end_mean=26.00
[Gate5 eval] episodes_per_env=4 T_eval=104
[Gate5 eval-debug] locked_eps_occ=0.20 pre(step25): dbar_end=0.510931 occupied_end_mean=0.260000 max_tilde_end_mean=0.715476 CSR@locked=0.000000
[Gate5 eval-debug] locked_eps_occ=0.20 post(step26): dbar_end=0.504652 occupied_end_mean=0.200000 max_tilde_end_mean=0.709250 CSR@locked=0.000000
[Gate5 eval-debug] CSR_pre@0.10=0.0000 CSR_pre@0.15=0.0000 CSR_pre@0.20=0.0000 CSR_pre@0.25=0.0000 CSR_pre@0.30=0.0300
[Gate5 eval-debug] CSR_post@0.10=0.0000 CSR_post@0.15=0.0000 CSR_post@0.20=0.0000 CSR_post@0.25=0.0000 CSR_post@0.30=0.0000
