Importing submoduled environments...
Submoduled environments not found. Skipping import.
[upd 0] u=1 upd_ctr=1 opt_step=16 E=0.645 g=0.089 VarTD=0.203202 ret_end=-28.238 dbar_end=0.769 occ_end=0.170 CSR_train=0.000 done_count=100
[upd 10] u=0 upd_ctr=3 opt_step=48 E=0.368 g=0.101 VarTD=0.154107 ret_end=-26.804 dbar_end=0.731 occ_end=0.224 CSR_train=0.000 done_count=125
[upd 20] u=0 upd_ctr=5 opt_step=80 E=0.134 g=0.118 VarTD=0.129089 ret_end=-26.819 dbar_end=0.679 occ_end=0.240 CSR_train=0.000 done_count=125
[upd 30] u=0 upd_ctr=6 opt_step=96 E=0.297 g=0.112 VarTD=0.134340 ret_end=-26.505 dbar_end=0.698 occ_end=0.192 CSR_train=0.000 done_count=125
[upd 40] u=1 upd_ctr=8 opt_step=128 E=0.117 g=0.125 VarTD=0.133285 ret_end=-25.284 dbar_end=0.662 occ_end=0.208 CSR_train=0.000 done_count=125
[upd 50] u=0 upd_ctr=9 opt_step=144 E=0.380 g=0.126 VarTD=0.160469 ret_end=-25.579 dbar_end=0.659 occ_end=0.128 CSR_train=0.000 done_count=125
[upd 60] u=0 upd_ctr=11 opt_step=176 E=0.248 g=0.135 VarTD=0.159590 ret_end=-25.333 dbar_end=0.637 occ_end=0.240 CSR_train=0.000 done_count=125
[upd 70] u=1 upd_ctr=13 opt_step=208 E=0.138 g=0.137 VarTD=0.179637 ret_end=-25.280 dbar_end=0.632 occ_end=0.280 CSR_train=0.000 done_count=125
[upd 80] u=0 upd_ctr=14 opt_step=224 E=0.462 g=0.146 VarTD=0.233973 ret_end=-23.780 dbar_end=0.612 occ_end=0.216 CSR_train=0.000 done_count=125
[upd 90] u=0 upd_ctr=16 opt_step=256 E=0.413 g=0.157 VarTD=0.317734 ret_end=-24.113 dbar_end=0.590 occ_end=0.296 CSR_train=0.000 done_count=125
[upd 100] u=0 upd_ctr=18 opt_step=288 E=0.363 g=0.138 VarTD=0.412832 ret_end=-25.703 dbar_end=0.630 occ_end=0.224 CSR_train=0.000 done_count=125
[upd 110] u=0 upd_ctr=20 opt_step=320 E=0.315 g=0.146 VarTD=0.529080 ret_end=-24.742 dbar_end=0.614 occ_end=0.248 CSR_train=0.000 done_count=125
[upd 120] u=0 upd_ctr=22 opt_step=352 E=0.307 g=0.155 VarTD=0.706475 ret_end=-24.725 dbar_end=0.594 occ_end=0.384 CSR_train=0.000 done_count=125
[Gate5 check] update_counter violations: t0=0 diffs=0
[Gate5 check] opt_step violations: t0=0 diffs=0 (expected_inc=16)
[Gate5 check] NaN masking: nan_on_skip=True finite_on_update=True
[Gate5 summary] mean_update_fraction=0.1840 final_executed_updates_mean=23.00
[Gate5 eval] done_count mean=100.0 CSR mean=0.0200 len_end_mean=26.00
[Gate5 eval] episodes_per_env=4 T_eval=104
[Gate5 eval-debug] locked_eps_occ=0.20 pre(step25): dbar_end=0.441526 occupied_end_mean=0.440000 max_tilde_end_mean=0.624420 CSR@locked=0.000000
[Gate5 eval-debug] locked_eps_occ=0.20 post(step26): dbar_end=0.444330 occupied_end_mean=0.550000 max_tilde_end_mean=0.634808 CSR@locked=0.020000
[Gate5 eval-debug] CSR_pre@0.10=0.0000 CSR_pre@0.15=0.0000 CSR_pre@0.20=0.0000 CSR_pre@0.25=0.0400 CSR_pre@0.30=0.0700
[Gate5 eval-debug] CSR_post@0.10=0.0000 CSR_post@0.15=0.0000 CSR_post@0.20=0.0200 CSR_post@0.25=0.0400 CSR_post@0.30=0.0800
