Importing submoduled environments...
Submoduled environments not found. Skipping import.
[upd 0] u=1 upd_ctr=1 opt_step=16 E=0.072 g=0.073 VarTD=0.176583 ret_end=-28.932 dbar_end=0.832 occ_end=0.120 CSR_train=0.000 done_count=100
[upd 10] u=0 upd_ctr=1 opt_step=16 E=0.342 g=0.084 VarTD=0.145375 ret_end=-27.822 dbar_end=0.789 occ_end=0.112 CSR_train=0.000 done_count=125
[upd 20] u=0 upd_ctr=1 opt_step=16 E=0.629 g=0.093 VarTD=0.146987 ret_end=-27.233 dbar_end=0.757 occ_end=0.168 CSR_train=0.000 done_count=125
[upd 30] u=0 upd_ctr=1 opt_step=16 E=0.895 g=0.096 VarTD=0.137071 ret_end=-26.257 dbar_end=0.748 occ_end=0.184 CSR_train=0.000 done_count=125
[upd 40] u=0 upd_ctr=2 opt_step=32 E=0.220 g=0.091 VarTD=0.175492 ret_end=-27.383 dbar_end=0.764 occ_end=0.152 CSR_train=0.000 done_count=125
[upd 50] u=0 upd_ctr=2 opt_step=32 E=0.509 g=0.086 VarTD=0.173885 ret_end=-28.196 dbar_end=0.780 occ_end=0.152 CSR_train=0.000 done_count=125
[upd 60] u=0 upd_ctr=2 opt_step=32 E=0.792 g=0.094 VarTD=0.136911 ret_end=-26.298 dbar_end=0.754 occ_end=0.136 CSR_train=0.000 done_count=125
[upd 70] u=0 upd_ctr=3 opt_step=48 E=0.135 g=0.109 VarTD=0.138026 ret_end=-25.870 dbar_end=0.706 occ_end=0.184 CSR_train=0.008 done_count=125
[upd 80] u=0 upd_ctr=3 opt_step=48 E=0.422 g=0.093 VarTD=0.149454 ret_end=-27.949 dbar_end=0.755 occ_end=0.176 CSR_train=0.000 done_count=125
[upd 90] u=0 upd_ctr=3 opt_step=48 E=0.722 g=0.095 VarTD=0.145945 ret_end=-27.871 dbar_end=0.751 occ_end=0.176 CSR_train=0.000 done_count=125
[upd 100] u=0 upd_ctr=4 opt_step=64 E=0.073 g=0.112 VarTD=0.141085 ret_end=-27.116 dbar_end=0.698 occ_end=0.144 CSR_train=0.000 done_count=125
[upd 110] u=0 upd_ctr=4 opt_step=64 E=0.371 g=0.104 VarTD=0.155599 ret_end=-26.192 dbar_end=0.719 occ_end=0.160 CSR_train=0.000 done_count=125
[upd 120] u=0 upd_ctr=4 opt_step=64 E=0.691 g=0.112 VarTD=0.118315 ret_end=-26.341 dbar_end=0.698 occ_end=0.248 CSR_train=0.000 done_count=125
[upd 130] u=1 upd_ctr=5 opt_step=80 E=0.061 g=0.117 VarTD=0.124620 ret_end=-25.674 dbar_end=0.683 occ_end=0.170 CSR_train=0.000 done_count=100
[upd 140] u=0 upd_ctr=5 opt_step=80 E=0.378 g=0.104 VarTD=0.153069 ret_end=-26.967 dbar_end=0.722 occ_end=0.136 CSR_train=0.000 done_count=125
[upd 150] u=0 upd_ctr=5 opt_step=80 E=0.713 g=0.114 VarTD=0.157317 ret_end=-26.814 dbar_end=0.693 occ_end=0.176 CSR_train=0.000 done_count=125
[upd 160] u=0 upd_ctr=6 opt_step=96 E=0.079 g=0.104 VarTD=0.152158 ret_end=-26.616 dbar_end=0.719 occ_end=0.184 CSR_train=0.000 done_count=125
[upd 170] u=0 upd_ctr=6 opt_step=96 E=0.403 g=0.113 VarTD=0.129389 ret_end=-26.524 dbar_end=0.694 occ_end=0.208 CSR_train=0.000 done_count=125
[upd 180] u=0 upd_ctr=6 opt_step=96 E=0.729 g=0.124 VarTD=0.114522 ret_end=-25.077 dbar_end=0.665 occ_end=0.232 CSR_train=0.000 done_count=125
[upd 190] u=0 upd_ctr=7 opt_step=112 E=0.107 g=0.101 VarTD=0.148414 ret_end=-27.451 dbar_end=0.731 occ_end=0.088 CSR_train=0.000 done_count=125
[upd 200] u=0 upd_ctr=7 opt_step=112 E=0.438 g=0.099 VarTD=0.201346 ret_end=-27.818 dbar_end=0.737 occ_end=0.224 CSR_train=0.000 done_count=125
[upd 210] u=0 upd_ctr=7 opt_step=112 E=0.777 g=0.108 VarTD=0.186977 ret_end=-27.009 dbar_end=0.709 occ_end=0.200 CSR_train=0.000 done_count=125
[upd 220] u=0 upd_ctr=8 opt_step=128 E=0.146 g=0.109 VarTD=0.153636 ret_end=-26.390 dbar_end=0.705 occ_end=0.120 CSR_train=0.000 done_count=125
[upd 230] u=0 upd_ctr=8 opt_step=128 E=0.495 g=0.121 VarTD=0.155028 ret_end=-25.776 dbar_end=0.672 occ_end=0.128 CSR_train=0.000 done_count=125
[upd 240] u=0 upd_ctr=8 opt_step=128 E=0.839 g=0.094 VarTD=0.169503 ret_end=-27.781 dbar_end=0.752 occ_end=0.152 CSR_train=0.000 done_count=125
[upd 250] u=0 upd_ctr=9 opt_step=144 E=0.236 g=0.115 VarTD=0.138539 ret_end=-26.322 dbar_end=0.689 occ_end=0.192 CSR_train=0.008 done_count=125
[upd 260] u=0 upd_ctr=9 opt_step=144 E=0.609 g=0.146 VarTD=0.150278 ret_end=-24.960 dbar_end=0.612 occ_end=0.250 CSR_train=0.000 done_count=100
[upd 270] u=0 upd_ctr=9 opt_step=144 E=0.966 g=0.119 VarTD=0.168735 ret_end=-25.958 dbar_end=0.679 occ_end=0.240 CSR_train=0.000 done_count=125
[upd 280] u=0 upd_ctr=10 opt_step=160 E=0.395 g=0.125 VarTD=0.170209 ret_end=-25.495 dbar_end=0.662 occ_end=0.232 CSR_train=0.000 done_count=125
[upd 290] u=0 upd_ctr=10 opt_step=160 E=0.765 g=0.118 VarTD=0.157222 ret_end=-25.643 dbar_end=0.680 occ_end=0.128 CSR_train=0.000 done_count=125
[upd 300] u=0 upd_ctr=11 opt_step=176 E=0.195 g=0.145 VarTD=0.173069 ret_end=-24.743 dbar_end=0.615 occ_end=0.264 CSR_train=0.000 done_count=125
[upd 310] u=0 upd_ctr=11 opt_step=176 E=0.583 g=0.131 VarTD=0.182374 ret_end=-25.316 dbar_end=0.648 occ_end=0.200 CSR_train=0.000 done_count=125
[Gate5 check] update_counter violations: t0=0 diffs=0
[Gate5 check] opt_step violations: t0=0 diffs=0 (expected_inc=16)
[Gate5 check] NaN masking: nan_on_skip=True finite_on_update=True
[Gate5 summary] mean_update_fraction=0.0353 final_executed_updates_mean=11.00
[Gate5 eval] done_count mean=100.0 CSR mean=0.0000 len_end_mean=26.00
[Gate5 eval] episodes_per_env=4 T_eval=104
[Gate5 eval-debug] locked_eps_occ=0.20 pre(step25): dbar_end=0.535664 occupied_end_mean=0.380000 max_tilde_end_mean=0.782548 CSR@locked=0.000000
[Gate5 eval-debug] locked_eps_occ=0.20 post(step26): dbar_end=0.536279 occupied_end_mean=0.340000 max_tilde_end_mean=0.784343 CSR@locked=0.000000
[Gate5 eval-debug] CSR_pre@0.10=0.0000 CSR_pre@0.15=0.0000 CSR_pre@0.20=0.0000 CSR_pre@0.25=0.0100 CSR_pre@0.30=0.0200
[Gate5 eval-debug] CSR_post@0.10=0.0000 CSR_post@0.15=0.0000 CSR_post@0.20=0.0000 CSR_post@0.25=0.0000 CSR_post@0.30=0.0300
