Importing submoduled environments...
Submoduled environments not found. Skipping import.
[upd 0] u=1 upd_ctr=1 opt_step=16 E=0.282 g=0.091 VarTD=0.177780 ret_end=-27.116 dbar_end=0.762 occ_end=0.220 CSR_train=0.000 done_count=100
[upd 10] u=0 upd_ctr=2 opt_step=32 E=0.312 g=0.092 VarTD=0.169361 ret_end=-27.351 dbar_end=0.760 occ_end=0.136 CSR_train=0.000 done_count=125
[upd 20] u=0 upd_ctr=3 opt_step=48 E=0.435 g=0.104 VarTD=0.138396 ret_end=-26.505 dbar_end=0.721 occ_end=0.160 CSR_train=0.000 done_count=125
[upd 30] u=0 upd_ctr=4 opt_step=64 E=0.614 g=0.096 VarTD=0.185071 ret_end=-27.158 dbar_end=0.747 occ_end=0.136 CSR_train=0.000 done_count=125
[upd 40] u=0 upd_ctr=5 opt_step=80 E=0.794 g=0.115 VarTD=0.156313 ret_end=-26.776 dbar_end=0.689 occ_end=0.200 CSR_train=0.000 done_count=125
[upd 50] u=1 upd_ctr=7 opt_step=112 E=0.218 g=0.128 VarTD=0.149139 ret_end=-24.862 dbar_end=0.655 occ_end=0.200 CSR_train=0.000 done_count=125
[upd 60] u=0 upd_ctr=8 opt_step=128 E=0.431 g=0.104 VarTD=0.178034 ret_end=-26.284 dbar_end=0.721 occ_end=0.128 CSR_train=0.000 done_count=125
[upd 70] u=0 upd_ctr=9 opt_step=144 E=0.651 g=0.106 VarTD=0.171194 ret_end=-26.548 dbar_end=0.715 occ_end=0.256 CSR_train=0.008 done_count=125
[upd 80] u=0 upd_ctr=10 opt_step=160 E=0.857 g=0.126 VarTD=0.157019 ret_end=-25.452 dbar_end=0.659 occ_end=0.184 CSR_train=0.000 done_count=125
[upd 90] u=0 upd_ctr=12 opt_step=192 E=0.298 g=0.119 VarTD=0.190204 ret_end=-26.220 dbar_end=0.679 occ_end=0.152 CSR_train=0.000 done_count=125
[upd 100] u=0 upd_ctr=13 opt_step=208 E=0.622 g=0.134 VarTD=0.199148 ret_end=-25.053 dbar_end=0.640 occ_end=0.232 CSR_train=0.000 done_count=125
[upd 110] u=1 upd_ctr=15 opt_step=240 E=0.139 g=0.121 VarTD=0.227551 ret_end=-25.434 dbar_end=0.674 occ_end=0.176 CSR_train=0.000 done_count=125
[upd 120] u=0 upd_ctr=16 opt_step=256 E=0.461 g=0.125 VarTD=0.321611 ret_end=-25.780 dbar_end=0.662 occ_end=0.216 CSR_train=0.000 done_count=125
[Gate5 check] update_counter violations: t0=0 diffs=0
[Gate5 check] opt_step violations: t0=0 diffs=0 (expected_inc=16)
[Gate5 check] NaN masking: nan_on_skip=True finite_on_update=True
[Gate5 summary] mean_update_fraction=0.1360 final_executed_updates_mean=17.00
[Gate5 eval] done_count mean=100.0 CSR mean=0.0000 len_end_mean=26.00
[Gate5 eval] episodes_per_env=4 T_eval=104
[Gate5 eval-debug] locked_eps_occ=0.20 pre(step25): dbar_end=0.491168 occupied_end_mean=0.330000 max_tilde_end_mean=0.677295 CSR@locked=0.000000
[Gate5 eval-debug] locked_eps_occ=0.20 post(step26): dbar_end=0.489688 occupied_end_mean=0.290000 max_tilde_end_mean=0.679180 CSR@locked=0.000000
[Gate5 eval-debug] CSR_pre@0.10=0.0000 CSR_pre@0.15=0.0000 CSR_pre@0.20=0.0000 CSR_pre@0.25=0.0200 CSR_pre@0.30=0.0200
[Gate5 eval-debug] CSR_post@0.10=0.0000 CSR_post@0.15=0.0000 CSR_post@0.20=0.0000 CSR_post@0.25=0.0100 CSR_post@0.30=0.0300
