Importing submoduled environments...
Submoduled environments not found. Skipping import.
[upd 0] u=1 upd_ctr=1 opt_step=16 E=0.077 g=0.096 VarTD=0.198978 ret_end=-28.258 dbar_end=0.747 occ_end=0.170 CSR_train=0.000 done_count=100
[upd 10] u=0 upd_ctr=1 opt_step=16 E=0.810 g=0.091 VarTD=0.177567 ret_end=-27.488 dbar_end=0.762 occ_end=0.104 CSR_train=0.000 done_count=125
[upd 20] u=0 upd_ctr=2 opt_step=32 E=0.512 g=0.087 VarTD=0.178036 ret_end=-27.626 dbar_end=0.778 occ_end=0.072 CSR_train=0.000 done_count=125
[upd 30] u=0 upd_ctr=3 opt_step=48 E=0.220 g=0.090 VarTD=0.163480 ret_end=-27.577 dbar_end=0.766 occ_end=0.200 CSR_train=0.000 done_count=125
[upd 40] u=0 upd_ctr=3 opt_step=48 E=1.000 g=0.100 VarTD=0.140803 ret_end=-27.069 dbar_end=0.735 occ_end=0.144 CSR_train=0.000 done_count=125
[upd 50] u=0 upd_ctr=4 opt_step=64 E=0.828 g=0.117 VarTD=0.159896 ret_end=-26.793 dbar_end=0.683 occ_end=0.240 CSR_train=0.000 done_count=125
[upd 60] u=0 upd_ctr=5 opt_step=80 E=0.683 g=0.100 VarTD=0.168785 ret_end=-26.437 dbar_end=0.733 occ_end=0.136 CSR_train=0.000 done_count=125
[upd 70] u=0 upd_ctr=6 opt_step=96 E=0.575 g=0.135 VarTD=0.149791 ret_end=-24.977 dbar_end=0.638 occ_end=0.200 CSR_train=0.000 done_count=125
[upd 80] u=0 upd_ctr=7 opt_step=112 E=0.462 g=0.120 VarTD=0.175285 ret_end=-25.544 dbar_end=0.676 occ_end=0.216 CSR_train=0.000 done_count=125
[upd 90] u=0 upd_ctr=8 opt_step=128 E=0.378 g=0.109 VarTD=0.181272 ret_end=-27.173 dbar_end=0.707 occ_end=0.144 CSR_train=0.000 done_count=125
[upd 100] u=0 upd_ctr=9 opt_step=144 E=0.311 g=0.119 VarTD=0.169237 ret_end=-26.148 dbar_end=0.677 occ_end=0.160 CSR_train=0.000 done_count=125
[upd 110] u=0 upd_ctr=10 opt_step=160 E=0.302 g=0.128 VarTD=0.177336 ret_end=-25.965 dbar_end=0.654 occ_end=0.272 CSR_train=0.000 done_count=125
[upd 120] u=0 upd_ctr=11 opt_step=176 E=0.311 g=0.144 VarTD=0.175999 ret_end=-25.172 dbar_end=0.617 occ_end=0.240 CSR_train=0.000 done_count=125
[upd 130] u=0 upd_ctr=12 opt_step=192 E=0.326 g=0.135 VarTD=0.183269 ret_end=-25.337 dbar_end=0.638 occ_end=0.270 CSR_train=0.000 done_count=100
[upd 140] u=0 upd_ctr=13 opt_step=208 E=0.346 g=0.144 VarTD=0.216123 ret_end=-25.187 dbar_end=0.617 occ_end=0.224 CSR_train=0.000 done_count=125
[upd 150] u=0 upd_ctr=14 opt_step=224 E=0.456 g=0.140 VarTD=0.258000 ret_end=-25.045 dbar_end=0.627 occ_end=0.232 CSR_train=0.000 done_count=125
[upd 160] u=0 upd_ctr=15 opt_step=240 E=0.575 g=0.152 VarTD=0.286556 ret_end=-24.436 dbar_end=0.600 occ_end=0.184 CSR_train=0.000 done_count=125
[upd 170] u=0 upd_ctr=16 opt_step=256 E=0.697 g=0.138 VarTD=0.322828 ret_end=-24.924 dbar_end=0.631 occ_end=0.232 CSR_train=0.000 done_count=125
[upd 180] u=0 upd_ctr=17 opt_step=272 E=0.867 g=0.140 VarTD=0.377776 ret_end=-25.447 dbar_end=0.625 occ_end=0.216 CSR_train=0.008 done_count=125
[upd 190] u=0 upd_ctr=18 opt_step=288 E=0.976 g=0.167 VarTD=0.455841 ret_end=-23.860 dbar_end=0.569 occ_end=0.264 CSR_train=0.000 done_count=125
[upd 200] u=0 upd_ctr=19 opt_step=304 E=1.000 g=0.143 VarTD=0.511096 ret_end=-25.010 dbar_end=0.620 occ_end=0.192 CSR_train=0.000 done_count=125
[upd 210] u=0 upd_ctr=21 opt_step=336 E=0.261 g=0.169 VarTD=0.709959 ret_end=-24.128 dbar_end=0.567 occ_end=0.248 CSR_train=0.000 done_count=125
[upd 220] u=0 upd_ctr=22 opt_step=352 E=0.491 g=0.160 VarTD=0.830222 ret_end=-24.525 dbar_end=0.584 occ_end=0.280 CSR_train=0.000 done_count=125
[upd 230] u=0 upd_ctr=23 opt_step=368 E=0.774 g=0.176 VarTD=0.935745 ret_end=-23.605 dbar_end=0.553 occ_end=0.304 CSR_train=0.000 done_count=125
[upd 240] u=0 upd_ctr=24 opt_step=384 E=1.000 g=0.161 VarTD=1.036697 ret_end=-24.396 dbar_end=0.581 occ_end=0.272 CSR_train=0.000 done_count=125
[upd 250] u=0 upd_ctr=26 opt_step=416 E=0.269 g=0.175 VarTD=1.315173 ret_end=-23.980 dbar_end=0.555 occ_end=0.264 CSR_train=0.000 done_count=125
[upd 260] u=0 upd_ctr=27 opt_step=432 E=0.531 g=0.163 VarTD=1.163245 ret_end=-24.046 dbar_end=0.577 occ_end=0.180 CSR_train=0.000 done_count=100
[upd 270] u=0 upd_ctr=28 opt_step=448 E=0.827 g=0.173 VarTD=1.540908 ret_end=-23.737 dbar_end=0.558 occ_end=0.360 CSR_train=0.000 done_count=125
[upd 280] u=1 upd_ctr=30 opt_step=480 E=0.142 g=0.178 VarTD=1.735134 ret_end=-23.941 dbar_end=0.550 occ_end=0.328 CSR_train=0.000 done_count=125
[upd 290] u=0 upd_ctr=31 opt_step=496 E=0.413 g=0.168 VarTD=1.953069 ret_end=-24.296 dbar_end=0.568 occ_end=0.304 CSR_train=0.000 done_count=125
[upd 300] u=0 upd_ctr=32 opt_step=512 E=0.700 g=0.162 VarTD=2.141133 ret_end=-23.949 dbar_end=0.580 occ_end=0.248 CSR_train=0.000 done_count=125
[upd 310] u=0 upd_ctr=33 opt_step=528 E=1.000 g=0.188 VarTD=2.303921 ret_end=-22.544 dbar_end=0.532 occ_end=0.416 CSR_train=0.000 done_count=125
[Gate5 check] update_counter violations: t0=0 diffs=0
[Gate5 check] opt_step violations: t0=0 diffs=0 (expected_inc=16)
[Gate5 check] NaN masking: nan_on_skip=True finite_on_update=True
[Gate5 summary] mean_update_fraction=0.1090 final_executed_updates_mean=34.00
[Gate5 eval] done_count mean=100.0 CSR mean=0.0200 len_end_mean=26.00
[Gate5 eval] episodes_per_env=4 T_eval=104
[Gate5 eval-debug] locked_eps_occ=0.20 pre(step25): dbar_end=0.464828 occupied_end_mean=0.500000 max_tilde_end_mean=0.663916 CSR@locked=0.010000
[Gate5 eval-debug] locked_eps_occ=0.20 post(step26): dbar_end=0.460786 occupied_end_mean=0.520000 max_tilde_end_mean=0.666284 CSR@locked=0.020000
[Gate5 eval-debug] CSR_pre@0.10=0.0000 CSR_pre@0.15=0.0000 CSR_pre@0.20=0.0100 CSR_pre@0.25=0.0200 CSR_pre@0.30=0.0500
[Gate5 eval-debug] CSR_post@0.10=0.0000 CSR_post@0.15=0.0100 CSR_post@0.20=0.0200 CSR_post@0.25=0.0200 CSR_post@0.30=0.0200
