Importing submoduled environments...
Submoduled environments not found. Skipping import.
[upd 0] u=1 upd_ctr=1 opt_step=16 E=0.179 g=0.087 VarTD=0.169991 ret_end=-27.980 dbar_end=0.777 occ_end=0.130 CSR_train=0.000 done_count=100
[upd 10] u=1 upd_ctr=2 opt_step=32 E=0.122 g=0.097 VarTD=0.148660 ret_end=-28.362 dbar_end=0.744 occ_end=0.160 CSR_train=0.000 done_count=125
[upd 20] u=1 upd_ctr=3 opt_step=48 E=0.115 g=0.109 VarTD=0.138058 ret_end=-25.289 dbar_end=0.707 occ_end=0.176 CSR_train=0.000 done_count=125
[upd 30] u=1 upd_ctr=4 opt_step=64 E=0.203 g=0.116 VarTD=0.108634 ret_end=-25.757 dbar_end=0.686 occ_end=0.184 CSR_train=0.000 done_count=125
[upd 40] u=0 upd_ctr=5 opt_step=80 E=0.318 g=0.116 VarTD=0.132721 ret_end=-26.177 dbar_end=0.687 occ_end=0.160 CSR_train=0.000 done_count=125
[upd 50] u=0 upd_ctr=6 opt_step=96 E=0.420 g=0.105 VarTD=0.151807 ret_end=-27.222 dbar_end=0.717 occ_end=0.160 CSR_train=0.000 done_count=125
[upd 60] u=0 upd_ctr=7 opt_step=112 E=0.600 g=0.125 VarTD=0.138050 ret_end=-25.243 dbar_end=0.663 occ_end=0.280 CSR_train=0.000 done_count=125
[upd 70] u=0 upd_ctr=8 opt_step=128 E=0.838 g=0.125 VarTD=0.147963 ret_end=-25.912 dbar_end=0.661 occ_end=0.184 CSR_train=0.008 done_count=125
[upd 80] u=0 upd_ctr=10 opt_step=160 E=0.256 g=0.135 VarTD=0.155333 ret_end=-25.177 dbar_end=0.638 occ_end=0.224 CSR_train=0.000 done_count=125
[upd 90] u=0 upd_ctr=11 opt_step=176 E=0.583 g=0.139 VarTD=0.200342 ret_end=-25.500 dbar_end=0.628 occ_end=0.328 CSR_train=0.000 done_count=125
[upd 100] u=0 upd_ctr=12 opt_step=192 E=1.000 g=0.159 VarTD=0.173659 ret_end=-23.631 dbar_end=0.586 occ_end=0.248 CSR_train=0.000 done_count=125
[upd 110] u=0 upd_ctr=14 opt_step=224 E=0.560 g=0.150 VarTD=0.234129 ret_end=-24.417 dbar_end=0.604 occ_end=0.264 CSR_train=0.000 done_count=125
[upd 120] u=0 upd_ctr=15 opt_step=240 E=1.000 g=0.149 VarTD=0.259419 ret_end=-24.463 dbar_end=0.607 occ_end=0.224 CSR_train=0.000 done_count=125
[upd 130] u=0 upd_ctr=17 opt_step=272 E=0.604 g=0.154 VarTD=0.322934 ret_end=-24.390 dbar_end=0.595 occ_end=0.210 CSR_train=0.000 done_count=100
[upd 140] u=1 upd_ctr=19 opt_step=304 E=0.255 g=0.172 VarTD=0.462421 ret_end=-24.429 dbar_end=0.560 occ_end=0.344 CSR_train=0.008 done_count=125
[upd 150] u=0 upd_ctr=20 opt_step=320 E=0.826 g=0.171 VarTD=0.614219 ret_end=-23.842 dbar_end=0.563 occ_end=0.304 CSR_train=0.000 done_count=125
[upd 160] u=0 upd_ctr=22 opt_step=352 E=0.574 g=0.187 VarTD=0.802911 ret_end=-23.336 dbar_end=0.534 occ_end=0.312 CSR_train=0.000 done_count=125
[upd 170] u=1 upd_ctr=24 opt_step=384 E=0.255 g=0.173 VarTD=0.918741 ret_end=-23.655 dbar_end=0.559 occ_end=0.296 CSR_train=0.000 done_count=125
[upd 180] u=0 upd_ctr=25 opt_step=400 E=1.000 g=0.183 VarTD=1.152181 ret_end=-24.165 dbar_end=0.542 occ_end=0.360 CSR_train=0.000 done_count=125
[upd 190] u=0 upd_ctr=27 opt_step=432 E=0.838 g=0.177 VarTD=1.456502 ret_end=-23.793 dbar_end=0.552 occ_end=0.336 CSR_train=0.008 done_count=125
[upd 200] u=0 upd_ctr=29 opt_step=464 E=0.587 g=0.163 VarTD=1.660806 ret_end=-23.715 dbar_end=0.578 occ_end=0.264 CSR_train=0.000 done_count=125
[upd 210] u=0 upd_ctr=31 opt_step=496 E=0.426 g=0.174 VarTD=2.056696 ret_end=-24.005 dbar_end=0.556 occ_end=0.304 CSR_train=0.000 done_count=125
[upd 220] u=1 upd_ctr=33 opt_step=528 E=0.253 g=0.170 VarTD=2.149787 ret_end=-23.784 dbar_end=0.564 occ_end=0.216 CSR_train=0.000 done_count=125
[upd 230] u=0 upd_ctr=34 opt_step=544 E=1.000 g=0.177 VarTD=2.452178 ret_end=-23.433 dbar_end=0.552 occ_end=0.256 CSR_train=0.000 done_count=125
[upd 240] u=0 upd_ctr=36 opt_step=576 E=0.860 g=0.188 VarTD=2.796943 ret_end=-22.599 dbar_end=0.532 occ_end=0.392 CSR_train=0.008 done_count=125
[upd 250] u=0 upd_ctr=38 opt_step=608 E=0.699 g=0.183 VarTD=3.176972 ret_end=-23.787 dbar_end=0.541 occ_end=0.264 CSR_train=0.000 done_count=125
[upd 260] u=0 upd_ctr=40 opt_step=640 E=0.503 g=0.178 VarTD=2.873325 ret_end=-23.923 dbar_end=0.550 occ_end=0.260 CSR_train=0.000 done_count=100
[upd 270] u=0 upd_ctr=42 opt_step=672 E=0.425 g=0.200 VarTD=3.920076 ret_end=-23.064 dbar_end=0.513 occ_end=0.344 CSR_train=0.000 done_count=125
[upd 280] u=1 upd_ctr=44 opt_step=704 E=0.293 g=0.215 VarTD=4.154037 ret_end=-21.993 dbar_end=0.490 occ_end=0.392 CSR_train=0.000 done_count=125
[upd 290] u=1 upd_ctr=46 opt_step=736 E=0.194 g=0.195 VarTD=4.318309 ret_end=-22.347 dbar_end=0.520 occ_end=0.392 CSR_train=0.000 done_count=125
[upd 300] u=0 upd_ctr=47 opt_step=752 E=0.921 g=0.166 VarTD=4.537877 ret_end=-23.162 dbar_end=0.572 occ_end=0.304 CSR_train=0.000 done_count=125
[upd 310] u=0 upd_ctr=49 opt_step=784 E=0.750 g=0.196 VarTD=4.884665 ret_end=-22.936 dbar_end=0.519 occ_end=0.368 CSR_train=0.008 done_count=125
[Gate5 check] update_counter violations: t0=0 diffs=0
[Gate5 check] opt_step violations: t0=0 diffs=0 (expected_inc=16)
[Gate5 check] NaN masking: nan_on_skip=True finite_on_update=True
[Gate5 summary] mean_update_fraction=0.1571 final_executed_updates_mean=49.00
[Gate5 eval] done_count mean=100.0 CSR mean=0.0000 len_end_mean=26.00
[Gate5 eval] episodes_per_env=4 T_eval=104
[Gate5 eval-debug] locked_eps_occ=0.20 pre(step25): dbar_end=0.504865 occupied_end_mean=0.400000 max_tilde_end_mean=0.719202 CSR@locked=0.010000
[Gate5 eval-debug] locked_eps_occ=0.20 post(step26): dbar_end=0.503501 occupied_end_mean=0.390000 max_tilde_end_mean=0.718425 CSR@locked=0.000000
[Gate5 eval-debug] CSR_pre@0.10=0.0000 CSR_pre@0.15=0.0000 CSR_pre@0.20=0.0100 CSR_pre@0.25=0.0200 CSR_pre@0.30=0.0300
[Gate5 eval-debug] CSR_post@0.10=0.0000 CSR_post@0.15=0.0000 CSR_post@0.20=0.0000 CSR_post@0.25=0.0200 CSR_post@0.30=0.0400
