Importing submoduled environments...
Submoduled environments not found. Skipping import.
[upd 0] u=1 upd_ctr=1 opt_step=16 E=0.060 g=0.096 VarTD=0.159541 ret_end=-27.424 dbar_end=0.745 occ_end=0.200 CSR_train=0.000 done_count=100
[upd 10] u=0 upd_ctr=1 opt_step=16 E=0.150 g=0.095 VarTD=0.132747 ret_end=-26.853 dbar_end=0.750 occ_end=0.208 CSR_train=0.000 done_count=125
[upd 20] u=0 upd_ctr=1 opt_step=16 E=0.244 g=0.103 VarTD=0.168812 ret_end=-26.447 dbar_end=0.725 occ_end=0.168 CSR_train=0.000 done_count=125
[upd 30] u=0 upd_ctr=1 opt_step=16 E=0.337 g=0.086 VarTD=0.167917 ret_end=-28.095 dbar_end=0.783 occ_end=0.176 CSR_train=0.000 done_count=125
[upd 40] u=0 upd_ctr=1 opt_step=16 E=0.425 g=0.094 VarTD=0.153748 ret_end=-27.500 dbar_end=0.754 occ_end=0.168 CSR_train=0.000 done_count=125
[upd 50] u=0 upd_ctr=1 opt_step=16 E=0.517 g=0.102 VarTD=0.164851 ret_end=-27.219 dbar_end=0.726 occ_end=0.208 CSR_train=0.000 done_count=125
[upd 60] u=0 upd_ctr=1 opt_step=16 E=0.609 g=0.096 VarTD=0.170065 ret_end=-27.132 dbar_end=0.748 occ_end=0.184 CSR_train=0.000 done_count=125
[upd 70] u=0 upd_ctr=1 opt_step=16 E=0.701 g=0.086 VarTD=0.174033 ret_end=-28.263 dbar_end=0.780 occ_end=0.120 CSR_train=0.000 done_count=125
[upd 80] u=0 upd_ctr=1 opt_step=16 E=0.796 g=0.093 VarTD=0.161908 ret_end=-27.309 dbar_end=0.757 occ_end=0.136 CSR_train=0.000 done_count=125
[upd 90] u=0 upd_ctr=1 opt_step=16 E=0.889 g=0.090 VarTD=0.150891 ret_end=-27.436 dbar_end=0.766 occ_end=0.144 CSR_train=0.000 done_count=125
[upd 100] u=0 upd_ctr=2 opt_step=32 E=0.031 g=0.105 VarTD=0.131077 ret_end=-27.020 dbar_end=0.717 occ_end=0.200 CSR_train=0.000 done_count=125
[upd 110] u=0 upd_ctr=2 opt_step=32 E=0.127 g=0.093 VarTD=0.141061 ret_end=-27.056 dbar_end=0.756 occ_end=0.104 CSR_train=0.000 done_count=125
[upd 120] u=0 upd_ctr=2 opt_step=32 E=0.225 g=0.086 VarTD=0.158867 ret_end=-27.915 dbar_end=0.781 occ_end=0.184 CSR_train=0.000 done_count=125
[upd 130] u=0 upd_ctr=2 opt_step=32 E=0.323 g=0.105 VarTD=0.144255 ret_end=-26.466 dbar_end=0.719 occ_end=0.180 CSR_train=0.000 done_count=100
[upd 140] u=0 upd_ctr=2 opt_step=32 E=0.421 g=0.092 VarTD=0.166973 ret_end=-27.699 dbar_end=0.761 occ_end=0.144 CSR_train=0.000 done_count=125
[upd 150] u=0 upd_ctr=2 opt_step=32 E=0.521 g=0.093 VarTD=0.154846 ret_end=-27.114 dbar_end=0.756 occ_end=0.216 CSR_train=0.000 done_count=125
[upd 160] u=0 upd_ctr=2 opt_step=32 E=0.615 g=0.091 VarTD=0.159713 ret_end=-27.940 dbar_end=0.762 occ_end=0.160 CSR_train=0.000 done_count=125
[upd 170] u=0 upd_ctr=2 opt_step=32 E=0.711 g=0.097 VarTD=0.122688 ret_end=-26.560 dbar_end=0.742 occ_end=0.136 CSR_train=0.000 done_count=125
[upd 180] u=0 upd_ctr=2 opt_step=32 E=0.808 g=0.108 VarTD=0.156363 ret_end=-26.659 dbar_end=0.709 occ_end=0.192 CSR_train=0.000 done_count=125
[upd 190] u=0 upd_ctr=2 opt_step=32 E=0.906 g=0.100 VarTD=0.160492 ret_end=-26.288 dbar_end=0.732 occ_end=0.248 CSR_train=0.000 done_count=125
[upd 200] u=0 upd_ctr=3 opt_step=48 E=0.058 g=0.104 VarTD=0.150161 ret_end=-25.847 dbar_end=0.720 occ_end=0.232 CSR_train=0.000 done_count=125
[upd 210] u=0 upd_ctr=3 opt_step=48 E=0.167 g=0.102 VarTD=0.146329 ret_end=-27.031 dbar_end=0.726 occ_end=0.216 CSR_train=0.000 done_count=125
[upd 220] u=0 upd_ctr=3 opt_step=48 E=0.272 g=0.106 VarTD=0.176381 ret_end=-26.811 dbar_end=0.716 occ_end=0.184 CSR_train=0.000 done_count=125
[upd 230] u=0 upd_ctr=3 opt_step=48 E=0.375 g=0.095 VarTD=0.180209 ret_end=-26.818 dbar_end=0.749 occ_end=0.136 CSR_train=0.000 done_count=125
[upd 240] u=0 upd_ctr=3 opt_step=48 E=0.480 g=0.110 VarTD=0.153294 ret_end=-25.939 dbar_end=0.704 occ_end=0.144 CSR_train=0.000 done_count=125
[upd 250] u=0 upd_ctr=3 opt_step=48 E=0.588 g=0.091 VarTD=0.171235 ret_end=-28.057 dbar_end=0.764 occ_end=0.152 CSR_train=0.000 done_count=125
[upd 260] u=0 upd_ctr=3 opt_step=48 E=0.691 g=0.099 VarTD=0.169340 ret_end=-27.761 dbar_end=0.736 occ_end=0.180 CSR_train=0.000 done_count=100
[upd 270] u=0 upd_ctr=3 opt_step=48 E=0.798 g=0.102 VarTD=0.157546 ret_end=-27.753 dbar_end=0.727 occ_end=0.128 CSR_train=0.000 done_count=125
[upd 280] u=0 upd_ctr=3 opt_step=48 E=0.907 g=0.112 VarTD=0.156394 ret_end=-27.088 dbar_end=0.698 occ_end=0.152 CSR_train=0.000 done_count=125
[upd 290] u=0 upd_ctr=4 opt_step=64 E=0.064 g=0.104 VarTD=0.159936 ret_end=-27.196 dbar_end=0.722 occ_end=0.168 CSR_train=0.000 done_count=125
[upd 300] u=0 upd_ctr=4 opt_step=64 E=0.175 g=0.101 VarTD=0.179162 ret_end=-26.903 dbar_end=0.729 occ_end=0.136 CSR_train=0.000 done_count=125
[upd 310] u=0 upd_ctr=4 opt_step=64 E=0.282 g=0.114 VarTD=0.165266 ret_end=-27.076 dbar_end=0.693 occ_end=0.216 CSR_train=0.000 done_count=125
[Gate5 check] update_counter violations: t0=0 diffs=0
[Gate5 check] opt_step violations: t0=0 diffs=0 (expected_inc=16)
[Gate5 check] NaN masking: nan_on_skip=True finite_on_update=True
[Gate5 summary] mean_update_fraction=0.0128 final_executed_updates_mean=4.00
[Gate5 eval] done_count mean=100.0 CSR mean=0.0000 len_end_mean=26.00
[Gate5 eval] episodes_per_env=4 T_eval=104
[Gate5 eval-debug] locked_eps_occ=0.20 pre(step25): dbar_end=0.485071 occupied_end_mean=0.470000 max_tilde_end_mean=0.701892 CSR@locked=0.000000
[Gate5 eval-debug] locked_eps_occ=0.20 post(step26): dbar_end=0.480672 occupied_end_mean=0.410000 max_tilde_end_mean=0.701990 CSR@locked=0.000000
[Gate5 eval-debug] CSR_pre@0.10=0.0000 CSR_pre@0.15=0.0000 CSR_pre@0.20=0.0000 CSR_pre@0.25=0.0100 CSR_pre@0.30=0.0300
[Gate5 eval-debug] CSR_post@0.10=0.0000 CSR_post@0.15=0.0000 CSR_post@0.20=0.0000 CSR_post@0.25=0.0000 CSR_post@0.30=0.0300
