Importing submoduled environments...
Submoduled environments not found. Skipping import.
[upd 0] u=1 upd_ctr=1 opt_step=16 E=0.117 g=0.086 VarTD=0.176520 ret_end=-28.138 dbar_end=0.781 occ_end=0.160 CSR_train=0.000 done_count=100
[upd 10] u=0 upd_ctr=1 opt_step=16 E=0.301 g=0.084 VarTD=0.149910 ret_end=-27.579 dbar_end=0.789 occ_end=0.128 CSR_train=0.000 done_count=125
[upd 20] u=0 upd_ctr=1 opt_step=16 E=0.492 g=0.105 VarTD=0.156258 ret_end=-27.201 dbar_end=0.719 occ_end=0.184 CSR_train=0.000 done_count=125
[upd 30] u=0 upd_ctr=1 opt_step=16 E=0.685 g=0.093 VarTD=0.153786 ret_end=-26.473 dbar_end=0.758 occ_end=0.128 CSR_train=0.000 done_count=125
[upd 40] u=0 upd_ctr=1 opt_step=16 E=0.869 g=0.097 VarTD=0.160773 ret_end=-26.837 dbar_end=0.744 occ_end=0.128 CSR_train=0.000 done_count=125
[upd 50] u=0 upd_ctr=2 opt_step=32 E=0.163 g=0.091 VarTD=0.172774 ret_end=-27.365 dbar_end=0.762 occ_end=0.176 CSR_train=0.000 done_count=125
[upd 60] u=0 upd_ctr=2 opt_step=32 E=0.350 g=0.091 VarTD=0.158487 ret_end=-27.124 dbar_end=0.764 occ_end=0.168 CSR_train=0.000 done_count=125
[upd 70] u=0 upd_ctr=2 opt_step=32 E=0.531 g=0.095 VarTD=0.164098 ret_end=-27.167 dbar_end=0.750 occ_end=0.168 CSR_train=0.000 done_count=125
[upd 80] u=0 upd_ctr=2 opt_step=32 E=0.717 g=0.101 VarTD=0.179755 ret_end=-26.513 dbar_end=0.730 occ_end=0.128 CSR_train=0.000 done_count=125
[upd 90] u=0 upd_ctr=2 opt_step=32 E=0.902 g=0.096 VarTD=0.194164 ret_end=-27.241 dbar_end=0.747 occ_end=0.120 CSR_train=0.000 done_count=125
[upd 100] u=0 upd_ctr=3 opt_step=48 E=0.199 g=0.081 VarTD=0.194439 ret_end=-27.914 dbar_end=0.801 occ_end=0.128 CSR_train=0.000 done_count=125
[upd 110] u=0 upd_ctr=3 opt_step=48 E=0.382 g=0.094 VarTD=0.169168 ret_end=-26.874 dbar_end=0.751 occ_end=0.136 CSR_train=0.000 done_count=125
[upd 120] u=0 upd_ctr=3 opt_step=48 E=0.574 g=0.095 VarTD=0.181710 ret_end=-27.924 dbar_end=0.749 occ_end=0.144 CSR_train=0.000 done_count=125
[Gate5 check] update_counter violations: t0=0 diffs=0
[Gate5 check] opt_step violations: t0=0 diffs=0 (expected_inc=16)
[Gate5 check] NaN masking: nan_on_skip=True finite_on_update=True
[Gate5 summary] mean_update_fraction=0.0240 final_executed_updates_mean=3.00
[Gate5 eval] done_count mean=100.0 CSR mean=0.0100 len_end_mean=26.00
[Gate5 eval] episodes_per_env=4 T_eval=104
[Gate5 eval-debug] locked_eps_occ=0.20 pre(step25): dbar_end=0.624543 occupied_end_mean=0.310000 max_tilde_end_mean=0.934024 CSR@locked=0.000000
[Gate5 eval-debug] locked_eps_occ=0.20 post(step26): dbar_end=0.628381 occupied_end_mean=0.340000 max_tilde_end_mean=0.940682 CSR@locked=0.010000
[Gate5 eval-debug] CSR_pre@0.10=0.0000 CSR_pre@0.15=0.0000 CSR_pre@0.20=0.0000 CSR_pre@0.25=0.0100 CSR_pre@0.30=0.0200
[Gate5 eval-debug] CSR_post@0.10=0.0000 CSR_post@0.15=0.0000 CSR_post@0.20=0.0100 CSR_post@0.25=0.0100 CSR_post@0.30=0.0200
