Importing submoduled environments...
Submoduled environments not found. Skipping import.
[upd 0] u=0 upd_ctr=0 opt_step=0 E=1.000 g=0.085 VarTD=0.206615 ret_end=-28.597 dbar_end=0.786 occ_end=0.160 CSR_train=0.000 done_count=100
[upd 10] u=0 upd_ctr=0 opt_step=0 E=1.000 g=0.093 VarTD=0.221641 ret_end=-27.256 dbar_end=0.755 occ_end=0.200 CSR_train=0.000 done_count=125
[upd 20] u=0 upd_ctr=0 opt_step=0 E=1.000 g=0.092 VarTD=0.188417 ret_end=-27.013 dbar_end=0.760 occ_end=0.144 CSR_train=0.000 done_count=125
[upd 30] u=0 upd_ctr=0 opt_step=0 E=1.000 g=0.092 VarTD=0.205471 ret_end=-27.623 dbar_end=0.761 occ_end=0.144 CSR_train=0.000 done_count=125
[upd 40] u=0 upd_ctr=0 opt_step=0 E=1.000 g=0.086 VarTD=0.208372 ret_end=-28.411 dbar_end=0.783 occ_end=0.136 CSR_train=0.000 done_count=125
[upd 50] u=0 upd_ctr=0 opt_step=0 E=1.000 g=0.078 VarTD=0.216008 ret_end=-28.481 dbar_end=0.813 occ_end=0.120 CSR_train=0.000 done_count=125
[upd 60] u=0 upd_ctr=0 opt_step=0 E=1.000 g=0.075 VarTD=0.233442 ret_end=-28.546 dbar_end=0.827 occ_end=0.144 CSR_train=0.000 done_count=125
[upd 70] u=0 upd_ctr=0 opt_step=0 E=1.000 g=0.092 VarTD=0.206599 ret_end=-27.666 dbar_end=0.759 occ_end=0.192 CSR_train=0.000 done_count=125
[upd 80] u=0 upd_ctr=0 opt_step=0 E=1.000 g=0.093 VarTD=0.208849 ret_end=-27.959 dbar_end=0.756 occ_end=0.200 CSR_train=0.000 done_count=125
[upd 90] u=0 upd_ctr=0 opt_step=0 E=1.000 g=0.091 VarTD=0.218531 ret_end=-27.631 dbar_end=0.763 occ_end=0.112 CSR_train=0.000 done_count=125
[upd 100] u=0 upd_ctr=0 opt_step=0 E=1.000 g=0.093 VarTD=0.223859 ret_end=-27.033 dbar_end=0.755 occ_end=0.152 CSR_train=0.000 done_count=125
[upd 110] u=0 upd_ctr=0 opt_step=0 E=1.000 g=0.077 VarTD=0.228054 ret_end=-29.279 dbar_end=0.815 occ_end=0.168 CSR_train=0.000 done_count=125
[upd 120] u=0 upd_ctr=0 opt_step=0 E=1.000 g=0.094 VarTD=0.183904 ret_end=-26.885 dbar_end=0.753 occ_end=0.144 CSR_train=0.000 done_count=125
[Gate5 check] update_counter violations: t0=0 diffs=0
[Gate5 check] opt_step violations: t0=0 diffs=0 (expected_inc=16)
[Gate5 check] NaN masking: nan_on_skip=True finite_on_update=True
[Gate5 summary] mean_update_fraction=0.0000 final_executed_updates_mean=0.00
[Gate5 eval] done_count mean=100.0 CSR mean=0.0000 len_end_mean=26.00
[Gate5 eval] episodes_per_env=4 T_eval=104
[Gate5 eval-debug] locked_eps_occ=0.20 pre(step25): dbar_end=1.425609 occupied_end_mean=0.050000 max_tilde_end_mean=1.809667 CSR@locked=0.000000
[Gate5 eval-debug] locked_eps_occ=0.20 post(step26): dbar_end=1.482905 occupied_end_mean=0.050000 max_tilde_end_mean=1.867768 CSR@locked=0.000000
[Gate5 eval-debug] CSR_pre@0.10=0.0000 CSR_pre@0.15=0.0000 CSR_pre@0.20=0.0000 CSR_pre@0.25=0.0000 CSR_pre@0.30=0.0000
[Gate5 eval-debug] CSR_post@0.10=0.0000 CSR_post@0.15=0.0000 CSR_post@0.20=0.0000 CSR_post@0.25=0.0000 CSR_post@0.30=0.0000
