Importing submoduled environments...
Submoduled environments not found. Skipping import.
[upd 0] u=1 upd_ctr=1 opt_step=16 E=0.046 g=0.092 VarTD=0.142843 ret_end=-27.084 dbar_end=0.760 occ_end=0.110 CSR_train=0.000 done_count=100
[upd 10] u=0 upd_ctr=1 opt_step=16 E=0.498 g=0.091 VarTD=0.164683 ret_end=-27.227 dbar_end=0.764 occ_end=0.176 CSR_train=0.000 done_count=125
[upd 20] u=0 upd_ctr=1 opt_step=16 E=0.970 g=0.080 VarTD=0.174803 ret_end=-28.589 dbar_end=0.804 occ_end=0.112 CSR_train=0.000 done_count=125
[upd 30] u=0 upd_ctr=2 opt_step=32 E=0.455 g=0.102 VarTD=0.132016 ret_end=-27.053 dbar_end=0.726 occ_end=0.224 CSR_train=0.000 done_count=125
[upd 40] u=0 upd_ctr=2 opt_step=32 E=0.951 g=0.099 VarTD=0.143220 ret_end=-26.593 dbar_end=0.737 occ_end=0.152 CSR_train=0.000 done_count=125
[upd 50] u=0 upd_ctr=3 opt_step=48 E=0.455 g=0.094 VarTD=0.135909 ret_end=-27.253 dbar_end=0.753 occ_end=0.144 CSR_train=0.000 done_count=125
[upd 60] u=0 upd_ctr=3 opt_step=48 E=0.978 g=0.118 VarTD=0.148326 ret_end=-25.625 dbar_end=0.680 occ_end=0.168 CSR_train=0.000 done_count=125
[upd 70] u=0 upd_ctr=4 opt_step=64 E=0.461 g=0.097 VarTD=0.164337 ret_end=-27.105 dbar_end=0.744 occ_end=0.128 CSR_train=0.000 done_count=125
[upd 80] u=0 upd_ctr=4 opt_step=64 E=0.985 g=0.100 VarTD=0.158257 ret_end=-27.001 dbar_end=0.734 occ_end=0.184 CSR_train=0.000 done_count=125
[upd 90] u=0 upd_ctr=5 opt_step=80 E=0.496 g=0.109 VarTD=0.131242 ret_end=-26.178 dbar_end=0.705 occ_end=0.136 CSR_train=0.000 done_count=125
[upd 100] u=0 upd_ctr=5 opt_step=80 E=1.000 g=0.113 VarTD=0.151292 ret_end=-27.630 dbar_end=0.694 occ_end=0.168 CSR_train=0.000 done_count=125
[upd 110] u=0 upd_ctr=6 opt_step=96 E=0.574 g=0.121 VarTD=0.147341 ret_end=-26.373 dbar_end=0.674 occ_end=0.160 CSR_train=0.008 done_count=125
[upd 120] u=0 upd_ctr=7 opt_step=112 E=0.122 g=0.124 VarTD=0.121980 ret_end=-25.651 dbar_end=0.666 occ_end=0.160 CSR_train=0.000 done_count=125
[Gate5 check] update_counter violations: t0=0 diffs=0
[Gate5 check] opt_step violations: t0=0 diffs=0 (expected_inc=16)
[Gate5 check] NaN masking: nan_on_skip=True finite_on_update=True
[Gate5 summary] mean_update_fraction=0.0560 final_executed_updates_mean=7.00
[Gate5 eval] done_count mean=100.0 CSR mean=0.0000 len_end_mean=26.00
[Gate5 eval] episodes_per_env=4 T_eval=104
[Gate5 eval-debug] locked_eps_occ=0.20 pre(step25): dbar_end=0.510459 occupied_end_mean=0.380000 max_tilde_end_mean=0.756211 CSR@locked=0.010000
[Gate5 eval-debug] locked_eps_occ=0.20 post(step26): dbar_end=0.504701 occupied_end_mean=0.420000 max_tilde_end_mean=0.749810 CSR@locked=0.000000
[Gate5 eval-debug] CSR_pre@0.10=0.0000 CSR_pre@0.15=0.0000 CSR_pre@0.20=0.0100 CSR_pre@0.25=0.0100 CSR_pre@0.30=0.0200
[Gate5 eval-debug] CSR_post@0.10=0.0000 CSR_post@0.15=0.0000 CSR_post@0.20=0.0000 CSR_post@0.25=0.0100 CSR_post@0.30=0.0200
