Importing submoduled environments...
Submoduled environments not found. Skipping import.
[upd 0] u=1 upd_ctr=1 opt_step=16 E=0.170 g=0.087 VarTD=0.169991 ret_end=-27.980 dbar_end=0.777 occ_end=0.130 CSR_train=0.000 done_count=100
[upd 10] u=0 upd_ctr=1 opt_step=16 E=0.920 g=0.097 VarTD=0.148660 ret_end=-28.362 dbar_end=0.744 occ_end=0.160 CSR_train=0.000 done_count=125
[upd 20] u=0 upd_ctr=2 opt_step=32 E=0.814 g=0.108 VarTD=0.137118 ret_end=-25.251 dbar_end=0.708 occ_end=0.184 CSR_train=0.000 done_count=125
[upd 30] u=0 upd_ctr=3 opt_step=48 E=0.768 g=0.112 VarTD=0.116980 ret_end=-25.860 dbar_end=0.698 occ_end=0.200 CSR_train=0.000 done_count=125
[upd 40] u=0 upd_ctr=4 opt_step=64 E=0.736 g=0.106 VarTD=0.143034 ret_end=-26.709 dbar_end=0.714 occ_end=0.184 CSR_train=0.000 done_count=125
[upd 50] u=0 upd_ctr=5 opt_step=80 E=0.674 g=0.098 VarTD=0.164069 ret_end=-27.581 dbar_end=0.739 occ_end=0.160 CSR_train=0.000 done_count=125
[upd 60] u=0 upd_ctr=6 opt_step=96 E=0.670 g=0.115 VarTD=0.140729 ret_end=-25.753 dbar_end=0.689 occ_end=0.176 CSR_train=0.000 done_count=125
[upd 70] u=0 upd_ctr=7 opt_step=112 E=0.721 g=0.117 VarTD=0.155133 ret_end=-26.396 dbar_end=0.683 occ_end=0.152 CSR_train=0.000 done_count=125
[upd 80] u=0 upd_ctr=8 opt_step=128 E=0.787 g=0.116 VarTD=0.145646 ret_end=-25.969 dbar_end=0.686 occ_end=0.240 CSR_train=0.000 done_count=125
[upd 90] u=0 upd_ctr=9 opt_step=144 E=0.846 g=0.124 VarTD=0.175035 ret_end=-26.255 dbar_end=0.665 occ_end=0.152 CSR_train=0.000 done_count=125
[upd 100] u=0 upd_ctr=10 opt_step=160 E=0.974 g=0.136 VarTD=0.148079 ret_end=-24.488 dbar_end=0.635 occ_end=0.192 CSR_train=0.000 done_count=125
[upd 110] u=0 upd_ctr=12 opt_step=192 E=0.229 g=0.134 VarTD=0.180346 ret_end=-25.039 dbar_end=0.641 occ_end=0.200 CSR_train=0.000 done_count=125
[upd 120] u=0 upd_ctr=13 opt_step=208 E=0.419 g=0.134 VarTD=0.196376 ret_end=-24.950 dbar_end=0.639 occ_end=0.160 CSR_train=0.000 done_count=125
[upd 130] u=0 upd_ctr=14 opt_step=224 E=0.623 g=0.142 VarTD=0.216027 ret_end=-24.866 dbar_end=0.621 occ_end=0.200 CSR_train=0.000 done_count=100
[upd 140] u=0 upd_ctr=15 opt_step=240 E=0.930 g=0.159 VarTD=0.317569 ret_end=-24.912 dbar_end=0.586 occ_end=0.304 CSR_train=0.008 done_count=125
[upd 150] u=0 upd_ctr=17 opt_step=272 E=0.310 g=0.148 VarTD=0.391198 ret_end=-24.794 dbar_end=0.609 occ_end=0.240 CSR_train=0.000 done_count=125
[upd 160] u=0 upd_ctr=18 opt_step=288 E=0.570 g=0.155 VarTD=0.457746 ret_end=-24.225 dbar_end=0.594 occ_end=0.288 CSR_train=0.000 done_count=125
[upd 170] u=0 upd_ctr=19 opt_step=304 E=0.902 g=0.157 VarTD=0.542256 ret_end=-24.482 dbar_end=0.589 occ_end=0.256 CSR_train=0.000 done_count=125
[upd 180] u=0 upd_ctr=21 opt_step=336 E=0.408 g=0.167 VarTD=0.718245 ret_end=-24.620 dbar_end=0.571 occ_end=0.272 CSR_train=0.000 done_count=125
[upd 190] u=0 upd_ctr=22 opt_step=352 E=0.814 g=0.163 VarTD=0.842301 ret_end=-24.360 dbar_end=0.578 occ_end=0.328 CSR_train=0.000 done_count=125
[upd 200] u=0 upd_ctr=24 opt_step=384 E=0.332 g=0.151 VarTD=1.006274 ret_end=-24.224 dbar_end=0.601 occ_end=0.184 CSR_train=0.000 done_count=125
[upd 210] u=0 upd_ctr=25 opt_step=400 E=0.773 g=0.169 VarTD=1.211235 ret_end=-24.440 dbar_end=0.566 occ_end=0.288 CSR_train=0.000 done_count=125
[upd 220] u=0 upd_ctr=27 opt_step=432 E=0.322 g=0.153 VarTD=1.434426 ret_end=-24.286 dbar_end=0.597 occ_end=0.216 CSR_train=0.000 done_count=125
[upd 230] u=0 upd_ctr=28 opt_step=448 E=0.748 g=0.147 VarTD=1.504053 ret_end=-24.229 dbar_end=0.610 occ_end=0.240 CSR_train=0.000 done_count=125
[upd 240] u=0 upd_ctr=30 opt_step=480 E=0.261 g=0.172 VarTD=1.851398 ret_end=-23.269 dbar_end=0.561 occ_end=0.312 CSR_train=0.000 done_count=125
[upd 250] u=0 upd_ctr=31 opt_step=496 E=0.681 g=0.158 VarTD=2.022008 ret_end=-24.634 dbar_end=0.588 occ_end=0.280 CSR_train=0.000 done_count=125
[upd 260] u=1 upd_ctr=33 opt_step=528 E=0.239 g=0.174 VarTD=1.807378 ret_end=-23.952 dbar_end=0.557 occ_end=0.250 CSR_train=0.000 done_count=100
[upd 270] u=0 upd_ctr=34 opt_step=544 E=0.743 g=0.185 VarTD=2.574076 ret_end=-23.298 dbar_end=0.537 occ_end=0.272 CSR_train=0.000 done_count=125
[upd 280] u=0 upd_ctr=36 opt_step=576 E=0.286 g=0.181 VarTD=2.922576 ret_end=-22.869 dbar_end=0.544 occ_end=0.368 CSR_train=0.000 done_count=125
[upd 290] u=0 upd_ctr=37 opt_step=592 E=0.820 g=0.175 VarTD=3.062224 ret_end=-23.124 dbar_end=0.555 occ_end=0.240 CSR_train=0.000 done_count=125
[upd 300] u=0 upd_ctr=39 opt_step=624 E=0.382 g=0.165 VarTD=3.335784 ret_end=-23.287 dbar_end=0.573 occ_end=0.216 CSR_train=0.000 done_count=125
[upd 310] u=0 upd_ctr=40 opt_step=640 E=0.935 g=0.187 VarTD=3.590288 ret_end=-23.460 dbar_end=0.534 occ_end=0.344 CSR_train=0.000 done_count=125
[Gate5 check] update_counter violations: t0=0 diffs=0
[Gate5 check] opt_step violations: t0=0 diffs=0 (expected_inc=16)
[Gate5 check] NaN masking: nan_on_skip=True finite_on_update=True
[Gate5 summary] mean_update_fraction=0.1314 final_executed_updates_mean=41.00
[Gate5 eval] done_count mean=100.0 CSR mean=0.0200 len_end_mean=26.00
[Gate5 eval] episodes_per_env=4 T_eval=104
[Gate5 eval-debug] locked_eps_occ=0.20 pre(step25): dbar_end=0.512505 occupied_end_mean=0.330000 max_tilde_end_mean=0.716023 CSR@locked=0.000000
[Gate5 eval-debug] locked_eps_occ=0.20 post(step26): dbar_end=0.511558 occupied_end_mean=0.390000 max_tilde_end_mean=0.720075 CSR@locked=0.020000
[Gate5 eval-debug] CSR_pre@0.10=0.0000 CSR_pre@0.15=0.0000 CSR_pre@0.20=0.0000 CSR_pre@0.25=0.0100 CSR_pre@0.30=0.0300
[Gate5 eval-debug] CSR_post@0.10=0.0000 CSR_post@0.15=0.0100 CSR_post@0.20=0.0200 CSR_post@0.25=0.0300 CSR_post@0.30=0.0300
