Importing submoduled environments...
Submoduled environments not found. Skipping import.
[upd 0] u=1 upd_ctr=1 opt_step=16 E=0.019 g=0.096 VarTD=0.164885 ret_end=-27.291 dbar_end=0.746 occ_end=0.170 CSR_train=0.000 done_count=100
[upd 10] u=0 upd_ctr=1 opt_step=16 E=0.220 g=0.091 VarTD=0.137991 ret_end=-27.480 dbar_end=0.764 occ_end=0.136 CSR_train=0.000 done_count=125
[upd 20] u=0 upd_ctr=1 opt_step=16 E=0.421 g=0.107 VarTD=0.128434 ret_end=-26.720 dbar_end=0.712 occ_end=0.216 CSR_train=0.000 done_count=125
[upd 30] u=0 upd_ctr=1 opt_step=16 E=0.615 g=0.104 VarTD=0.139011 ret_end=-26.117 dbar_end=0.722 occ_end=0.168 CSR_train=0.000 done_count=125
[upd 40] u=0 upd_ctr=1 opt_step=16 E=0.805 g=0.093 VarTD=0.148351 ret_end=-27.327 dbar_end=0.757 occ_end=0.192 CSR_train=0.000 done_count=125
[upd 50] u=0 upd_ctr=1 opt_step=16 E=0.997 g=0.089 VarTD=0.161775 ret_end=-27.220 dbar_end=0.770 occ_end=0.184 CSR_train=0.000 done_count=125
[upd 60] u=0 upd_ctr=2 opt_step=32 E=0.177 g=0.085 VarTD=0.170675 ret_end=-28.531 dbar_end=0.784 occ_end=0.112 CSR_train=0.000 done_count=125
[upd 70] u=0 upd_ctr=2 opt_step=32 E=0.376 g=0.093 VarTD=0.155522 ret_end=-27.415 dbar_end=0.756 occ_end=0.152 CSR_train=0.000 done_count=125
[upd 80] u=0 upd_ctr=2 opt_step=32 E=0.576 g=0.104 VarTD=0.157656 ret_end=-26.298 dbar_end=0.721 occ_end=0.144 CSR_train=0.000 done_count=125
[upd 90] u=0 upd_ctr=2 opt_step=32 E=0.778 g=0.099 VarTD=0.137832 ret_end=-26.778 dbar_end=0.736 occ_end=0.200 CSR_train=0.000 done_count=125
[upd 100] u=0 upd_ctr=2 opt_step=32 E=0.985 g=0.095 VarTD=0.122412 ret_end=-27.652 dbar_end=0.748 occ_end=0.160 CSR_train=0.000 done_count=125
[upd 110] u=0 upd_ctr=3 opt_step=48 E=0.188 g=0.115 VarTD=0.143424 ret_end=-25.840 dbar_end=0.688 occ_end=0.200 CSR_train=0.000 done_count=125
[upd 120] u=0 upd_ctr=3 opt_step=48 E=0.400 g=0.104 VarTD=0.145794 ret_end=-26.702 dbar_end=0.722 occ_end=0.216 CSR_train=0.000 done_count=125
[upd 130] u=0 upd_ctr=3 opt_step=48 E=0.614 g=0.100 VarTD=0.110591 ret_end=-26.122 dbar_end=0.733 occ_end=0.140 CSR_train=0.000 done_count=100
[upd 140] u=0 upd_ctr=3 opt_step=48 E=0.829 g=0.105 VarTD=0.151179 ret_end=-26.951 dbar_end=0.717 occ_end=0.232 CSR_train=0.000 done_count=125
[upd 150] u=0 upd_ctr=4 opt_step=64 E=0.044 g=0.115 VarTD=0.152263 ret_end=-26.648 dbar_end=0.690 occ_end=0.248 CSR_train=0.000 done_count=125
[upd 160] u=0 upd_ctr=4 opt_step=64 E=0.270 g=0.116 VarTD=0.147371 ret_end=-26.141 dbar_end=0.685 occ_end=0.112 CSR_train=0.000 done_count=125
[upd 170] u=0 upd_ctr=4 opt_step=64 E=0.502 g=0.106 VarTD=0.142879 ret_end=-26.429 dbar_end=0.716 occ_end=0.144 CSR_train=0.000 done_count=125
[upd 180] u=0 upd_ctr=4 opt_step=64 E=0.731 g=0.110 VarTD=0.120493 ret_end=-26.310 dbar_end=0.702 occ_end=0.112 CSR_train=0.000 done_count=125
[upd 190] u=0 upd_ctr=4 opt_step=64 E=0.954 g=0.120 VarTD=0.145324 ret_end=-26.027 dbar_end=0.676 occ_end=0.176 CSR_train=0.000 done_count=125
[upd 200] u=0 upd_ctr=5 opt_step=80 E=0.164 g=0.114 VarTD=0.135933 ret_end=-26.798 dbar_end=0.690 occ_end=0.184 CSR_train=0.000 done_count=125
[upd 210] u=0 upd_ctr=5 opt_step=80 E=0.400 g=0.114 VarTD=0.152443 ret_end=-26.728 dbar_end=0.692 occ_end=0.272 CSR_train=0.000 done_count=125
[upd 220] u=0 upd_ctr=5 opt_step=80 E=0.644 g=0.120 VarTD=0.143637 ret_end=-25.989 dbar_end=0.675 occ_end=0.288 CSR_train=0.000 done_count=125
[upd 230] u=0 upd_ctr=5 opt_step=80 E=0.889 g=0.120 VarTD=0.129597 ret_end=-26.191 dbar_end=0.676 occ_end=0.120 CSR_train=0.000 done_count=125
[upd 240] u=0 upd_ctr=6 opt_step=96 E=0.120 g=0.121 VarTD=0.148678 ret_end=-25.720 dbar_end=0.673 occ_end=0.192 CSR_train=0.000 done_count=125
[upd 250] u=0 upd_ctr=6 opt_step=96 E=0.366 g=0.115 VarTD=0.127569 ret_end=-26.188 dbar_end=0.689 occ_end=0.168 CSR_train=0.000 done_count=125
[upd 260] u=0 upd_ctr=6 opt_step=96 E=0.615 g=0.126 VarTD=0.124400 ret_end=-25.211 dbar_end=0.661 occ_end=0.180 CSR_train=0.000 done_count=100
[upd 270] u=0 upd_ctr=6 opt_step=96 E=0.855 g=0.112 VarTD=0.135597 ret_end=-26.701 dbar_end=0.698 occ_end=0.096 CSR_train=0.000 done_count=125
[upd 280] u=0 upd_ctr=7 opt_step=112 E=0.099 g=0.113 VarTD=0.142347 ret_end=-26.559 dbar_end=0.695 occ_end=0.176 CSR_train=0.000 done_count=125
[upd 290] u=0 upd_ctr=7 opt_step=112 E=0.362 g=0.140 VarTD=0.127423 ret_end=-25.310 dbar_end=0.626 occ_end=0.224 CSR_train=0.000 done_count=125
[upd 300] u=0 upd_ctr=7 opt_step=112 E=0.620 g=0.126 VarTD=0.133007 ret_end=-25.295 dbar_end=0.661 occ_end=0.184 CSR_train=0.000 done_count=125
[upd 310] u=0 upd_ctr=7 opt_step=112 E=0.868 g=0.120 VarTD=0.147520 ret_end=-26.346 dbar_end=0.674 occ_end=0.136 CSR_train=0.000 done_count=125
[Gate5 check] update_counter violations: t0=0 diffs=0
[Gate5 check] opt_step violations: t0=0 diffs=0 (expected_inc=16)
[Gate5 check] NaN masking: nan_on_skip=True finite_on_update=True
[Gate5 summary] mean_update_fraction=0.0224 final_executed_updates_mean=7.00
[Gate5 eval] done_count mean=100.0 CSR mean=0.0000 len_end_mean=26.00
[Gate5 eval] episodes_per_env=4 T_eval=104
[Gate5 eval-debug] locked_eps_occ=0.20 pre(step25): dbar_end=0.510541 occupied_end_mean=0.370000 max_tilde_end_mean=0.745769 CSR@locked=0.010000
[Gate5 eval-debug] locked_eps_occ=0.20 post(step26): dbar_end=0.521543 occupied_end_mean=0.410000 max_tilde_end_mean=0.754026 CSR@locked=0.000000
[Gate5 eval-debug] CSR_pre@0.10=0.0000 CSR_pre@0.15=0.0100 CSR_pre@0.20=0.0100 CSR_pre@0.25=0.0200 CSR_pre@0.30=0.0400
[Gate5 eval-debug] CSR_post@0.10=0.0000 CSR_post@0.15=0.0000 CSR_post@0.20=0.0000 CSR_post@0.25=0.0100 CSR_post@0.30=0.0200
