Importing submoduled environments...
Submoduled environments not found. Skipping import.
[upd 0] u=1 upd_ctr=1 opt_step=16 E=0.109 g=0.090 VarTD=0.142063 ret_end=-26.625 dbar_end=0.768 occ_end=0.090 CSR_train=0.000 done_count=100
[upd 10] u=0 upd_ctr=1 opt_step=16 E=0.205 g=0.103 VarTD=0.114452 ret_end=-26.589 dbar_end=0.723 occ_end=0.104 CSR_train=0.000 done_count=125
[upd 20] u=0 upd_ctr=1 opt_step=16 E=0.297 g=0.094 VarTD=0.166464 ret_end=-27.135 dbar_end=0.752 occ_end=0.104 CSR_train=0.000 done_count=125
[upd 30] u=0 upd_ctr=1 opt_step=16 E=0.393 g=0.089 VarTD=0.161050 ret_end=-28.323 dbar_end=0.769 occ_end=0.160 CSR_train=0.000 done_count=125
[upd 40] u=0 upd_ctr=1 opt_step=16 E=0.487 g=0.093 VarTD=0.145054 ret_end=-27.202 dbar_end=0.758 occ_end=0.168 CSR_train=0.000 done_count=125
[upd 50] u=0 upd_ctr=1 opt_step=16 E=0.584 g=0.094 VarTD=0.151780 ret_end=-27.127 dbar_end=0.752 occ_end=0.192 CSR_train=0.000 done_count=125
[upd 60] u=0 upd_ctr=1 opt_step=16 E=0.679 g=0.092 VarTD=0.144384 ret_end=-26.681 dbar_end=0.758 occ_end=0.120 CSR_train=0.000 done_count=125
[upd 70] u=0 upd_ctr=1 opt_step=16 E=0.771 g=0.091 VarTD=0.128777 ret_end=-26.439 dbar_end=0.764 occ_end=0.168 CSR_train=0.000 done_count=125
[upd 80] u=0 upd_ctr=1 opt_step=16 E=0.866 g=0.094 VarTD=0.180990 ret_end=-27.470 dbar_end=0.754 occ_end=0.184 CSR_train=0.000 done_count=125
[upd 90] u=0 upd_ctr=2 opt_step=32 E=0.065 g=0.098 VarTD=0.133820 ret_end=-27.452 dbar_end=0.741 occ_end=0.168 CSR_train=0.000 done_count=125
[upd 100] u=0 upd_ctr=2 opt_step=32 E=0.164 g=0.100 VarTD=0.133450 ret_end=-27.303 dbar_end=0.734 occ_end=0.152 CSR_train=0.000 done_count=125
[upd 110] u=0 upd_ctr=2 opt_step=32 E=0.265 g=0.099 VarTD=0.171646 ret_end=-27.866 dbar_end=0.737 occ_end=0.144 CSR_train=0.000 done_count=125
[upd 120] u=0 upd_ctr=2 opt_step=32 E=0.362 g=0.095 VarTD=0.150631 ret_end=-26.994 dbar_end=0.748 occ_end=0.192 CSR_train=0.000 done_count=125
[upd 130] u=0 upd_ctr=2 opt_step=32 E=0.461 g=0.102 VarTD=0.144118 ret_end=-26.830 dbar_end=0.728 occ_end=0.170 CSR_train=0.000 done_count=100
[upd 140] u=0 upd_ctr=2 opt_step=32 E=0.556 g=0.089 VarTD=0.147082 ret_end=-26.608 dbar_end=0.770 occ_end=0.144 CSR_train=0.000 done_count=125
[upd 150] u=0 upd_ctr=2 opt_step=32 E=0.654 g=0.102 VarTD=0.146172 ret_end=-26.954 dbar_end=0.728 occ_end=0.136 CSR_train=0.000 done_count=125
[upd 160] u=0 upd_ctr=2 opt_step=32 E=0.753 g=0.095 VarTD=0.153116 ret_end=-27.465 dbar_end=0.749 occ_end=0.224 CSR_train=0.000 done_count=125
[upd 170] u=0 upd_ctr=2 opt_step=32 E=0.855 g=0.101 VarTD=0.162589 ret_end=-26.927 dbar_end=0.729 occ_end=0.072 CSR_train=0.000 done_count=125
[upd 180] u=0 upd_ctr=3 opt_step=48 E=0.055 g=0.104 VarTD=0.137797 ret_end=-26.757 dbar_end=0.721 occ_end=0.144 CSR_train=0.000 done_count=125
[upd 190] u=0 upd_ctr=3 opt_step=48 E=0.161 g=0.098 VarTD=0.132889 ret_end=-27.049 dbar_end=0.739 occ_end=0.120 CSR_train=0.000 done_count=125
[upd 200] u=0 upd_ctr=3 opt_step=48 E=0.263 g=0.115 VarTD=0.132355 ret_end=-26.087 dbar_end=0.689 occ_end=0.224 CSR_train=0.000 done_count=125
[upd 210] u=0 upd_ctr=3 opt_step=48 E=0.367 g=0.083 VarTD=0.171298 ret_end=-29.104 dbar_end=0.792 occ_end=0.168 CSR_train=0.000 done_count=125
[upd 220] u=0 upd_ctr=3 opt_step=48 E=0.470 g=0.101 VarTD=0.131842 ret_end=-27.412 dbar_end=0.729 occ_end=0.160 CSR_train=0.000 done_count=125
[upd 230] u=0 upd_ctr=3 opt_step=48 E=0.572 g=0.113 VarTD=0.138323 ret_end=-25.732 dbar_end=0.696 occ_end=0.152 CSR_train=0.000 done_count=125
[upd 240] u=0 upd_ctr=3 opt_step=48 E=0.672 g=0.101 VarTD=0.142938 ret_end=-26.820 dbar_end=0.730 occ_end=0.120 CSR_train=0.000 done_count=125
[upd 250] u=0 upd_ctr=3 opt_step=48 E=0.772 g=0.111 VarTD=0.125010 ret_end=-26.675 dbar_end=0.700 occ_end=0.120 CSR_train=0.000 done_count=125
[upd 260] u=0 upd_ctr=3 opt_step=48 E=0.876 g=0.098 VarTD=0.149535 ret_end=-27.298 dbar_end=0.739 occ_end=0.130 CSR_train=0.000 done_count=100
[upd 270] u=0 upd_ctr=4 opt_step=64 E=0.079 g=0.107 VarTD=0.115844 ret_end=-25.820 dbar_end=0.711 occ_end=0.160 CSR_train=0.008 done_count=125
[upd 280] u=0 upd_ctr=4 opt_step=64 E=0.186 g=0.105 VarTD=0.142908 ret_end=-26.313 dbar_end=0.718 occ_end=0.120 CSR_train=0.000 done_count=125
[upd 290] u=0 upd_ctr=4 opt_step=64 E=0.293 g=0.114 VarTD=0.146703 ret_end=-25.687 dbar_end=0.691 occ_end=0.112 CSR_train=0.000 done_count=125
[upd 300] u=0 upd_ctr=4 opt_step=64 E=0.400 g=0.101 VarTD=0.150558 ret_end=-26.987 dbar_end=0.732 occ_end=0.120 CSR_train=0.000 done_count=125
[upd 310] u=0 upd_ctr=4 opt_step=64 E=0.507 g=0.102 VarTD=0.125558 ret_end=-28.061 dbar_end=0.727 occ_end=0.152 CSR_train=0.000 done_count=125
[Gate5 check] update_counter violations: t0=0 diffs=0
[Gate5 check] opt_step violations: t0=0 diffs=0 (expected_inc=16)
[Gate5 check] NaN masking: nan_on_skip=True finite_on_update=True
[Gate5 summary] mean_update_fraction=0.0128 final_executed_updates_mean=4.00
[Gate5 eval] done_count mean=100.0 CSR mean=0.0000 len_end_mean=26.00
[Gate5 eval] episodes_per_env=4 T_eval=104
[Gate5 eval-debug] locked_eps_occ=0.20 pre(step25): dbar_end=0.507147 occupied_end_mean=0.360000 max_tilde_end_mean=0.743176 CSR@locked=0.010000
[Gate5 eval-debug] locked_eps_occ=0.20 post(step26): dbar_end=0.499937 occupied_end_mean=0.390000 max_tilde_end_mean=0.727789 CSR@locked=0.000000
[Gate5 eval-debug] CSR_pre@0.10=0.0000 CSR_pre@0.15=0.0000 CSR_pre@0.20=0.0100 CSR_pre@0.25=0.0200 CSR_pre@0.30=0.0200
[Gate5 eval-debug] CSR_post@0.10=0.0000 CSR_post@0.15=0.0000 CSR_post@0.20=0.0000 CSR_post@0.25=0.0200 CSR_post@0.30=0.0300
