Importing submoduled environments...
Submoduled environments not found. Skipping import.
[upd 0] u=1 upd_ctr=1 opt_step=16 E=0.087 g=0.096 VarTD=0.164885 ret_end=-27.291 dbar_end=0.746 occ_end=0.170 CSR_train=0.000 done_count=100
[upd 10] u=0 upd_ctr=1 opt_step=16 E=0.989 g=0.091 VarTD=0.137991 ret_end=-27.480 dbar_end=0.764 occ_end=0.136 CSR_train=0.000 done_count=125
[upd 20] u=0 upd_ctr=2 opt_step=32 E=0.877 g=0.115 VarTD=0.127477 ret_end=-26.313 dbar_end=0.688 occ_end=0.176 CSR_train=0.000 done_count=125
[upd 30] u=0 upd_ctr=3 opt_step=48 E=0.763 g=0.117 VarTD=0.140071 ret_end=-25.699 dbar_end=0.684 occ_end=0.184 CSR_train=0.000 done_count=125
[upd 40] u=0 upd_ctr=4 opt_step=64 E=0.674 g=0.099 VarTD=0.146758 ret_end=-26.662 dbar_end=0.735 occ_end=0.216 CSR_train=0.000 done_count=125
[upd 50] u=0 upd_ctr=5 opt_step=80 E=0.627 g=0.105 VarTD=0.139438 ret_end=-26.092 dbar_end=0.716 occ_end=0.208 CSR_train=0.000 done_count=125
[upd 60] u=0 upd_ctr=6 opt_step=96 E=0.623 g=0.102 VarTD=0.176208 ret_end=-27.459 dbar_end=0.728 occ_end=0.192 CSR_train=0.008 done_count=125
[upd 70] u=0 upd_ctr=7 opt_step=112 E=0.663 g=0.122 VarTD=0.146650 ret_end=-25.989 dbar_end=0.671 occ_end=0.232 CSR_train=0.000 done_count=125
[upd 80] u=0 upd_ctr=8 opt_step=128 E=0.687 g=0.125 VarTD=0.146705 ret_end=-25.481 dbar_end=0.662 occ_end=0.168 CSR_train=0.000 done_count=125
[upd 90] u=0 upd_ctr=9 opt_step=144 E=0.823 g=0.129 VarTD=0.147397 ret_end=-25.462 dbar_end=0.653 occ_end=0.192 CSR_train=0.000 done_count=125
[upd 100] u=0 upd_ctr=10 opt_step=160 E=0.951 g=0.127 VarTD=0.129694 ret_end=-25.657 dbar_end=0.656 occ_end=0.184 CSR_train=0.000 done_count=125
[upd 110] u=0 upd_ctr=11 opt_step=176 E=1.000 g=0.140 VarTD=0.167315 ret_end=-24.458 dbar_end=0.625 occ_end=0.160 CSR_train=0.000 done_count=125
[upd 120] u=1 upd_ctr=13 opt_step=208 E=0.124 g=0.137 VarTD=0.190732 ret_end=-24.912 dbar_end=0.632 occ_end=0.256 CSR_train=0.000 done_count=125
[Gate5 check] update_counter violations: t0=0 diffs=0
[Gate5 check] opt_step violations: t0=0 diffs=0 (expected_inc=16)
[Gate5 check] NaN masking: nan_on_skip=True finite_on_update=True
[Gate5 summary] mean_update_fraction=0.1040 final_executed_updates_mean=13.00
[Gate5 eval] done_count mean=100.0 CSR mean=0.0100 len_end_mean=26.00
[Gate5 eval] episodes_per_env=4 T_eval=104
[Gate5 eval-debug] locked_eps_occ=0.20 pre(step25): dbar_end=0.502016 occupied_end_mean=0.360000 max_tilde_end_mean=0.729837 CSR@locked=0.000000
[Gate5 eval-debug] locked_eps_occ=0.20 post(step26): dbar_end=0.496874 occupied_end_mean=0.500000 max_tilde_end_mean=0.722202 CSR@locked=0.010000
[Gate5 eval-debug] CSR_pre@0.10=0.0000 CSR_pre@0.15=0.0000 CSR_pre@0.20=0.0000 CSR_pre@0.25=0.0100 CSR_pre@0.30=0.0300
[Gate5 eval-debug] CSR_post@0.10=0.0000 CSR_post@0.15=0.0000 CSR_post@0.20=0.0100 CSR_post@0.25=0.0100 CSR_post@0.30=0.0500
