Importing submoduled environments...
Submoduled environments not found. Skipping import.
[upd 0] u=1 upd_ctr=1 opt_step=16 E=1.000 g=0.105 VarTD=0.153100 ret_end=-26.906 dbar_end=0.718 occ_end=0.160 CSR_train=0.000 done_count=100
[upd 10] u=1 upd_ctr=11 opt_step=176 E=1.000 g=0.116 VarTD=0.163476 ret_end=-26.411 dbar_end=0.686 occ_end=0.248 CSR_train=0.000 done_count=125
[upd 20] u=1 upd_ctr=21 opt_step=336 E=1.000 g=0.148 VarTD=0.563121 ret_end=-24.299 dbar_end=0.608 occ_end=0.192 CSR_train=0.000 done_count=125
[upd 30] u=1 upd_ctr=31 opt_step=496 E=1.000 g=0.161 VarTD=1.839538 ret_end=-23.939 dbar_end=0.582 occ_end=0.272 CSR_train=0.000 done_count=125
[upd 40] u=1 upd_ctr=41 opt_step=656 E=1.000 g=0.182 VarTD=3.469864 ret_end=-23.794 dbar_end=0.543 occ_end=0.280 CSR_train=0.000 done_count=125
[upd 50] u=1 upd_ctr=51 opt_step=816 E=1.000 g=0.178 VarTD=4.743929 ret_end=-23.916 dbar_end=0.549 occ_end=0.320 CSR_train=0.000 done_count=125
[upd 60] u=1 upd_ctr=61 opt_step=976 E=1.000 g=0.174 VarTD=5.652336 ret_end=-23.611 dbar_end=0.556 occ_end=0.392 CSR_train=0.000 done_count=125
[upd 70] u=1 upd_ctr=71 opt_step=1136 E=1.000 g=0.192 VarTD=6.048283 ret_end=-22.465 dbar_end=0.525 occ_end=0.224 CSR_train=0.000 done_count=125
[upd 80] u=1 upd_ctr=81 opt_step=1296 E=1.000 g=0.193 VarTD=5.896327 ret_end=-21.440 dbar_end=0.524 occ_end=0.344 CSR_train=0.000 done_count=125
[upd 90] u=1 upd_ctr=91 opt_step=1456 E=1.000 g=0.204 VarTD=5.175355 ret_end=-21.794 dbar_end=0.506 occ_end=0.312 CSR_train=0.000 done_count=125
[upd 100] u=1 upd_ctr=101 opt_step=1616 E=1.000 g=0.190 VarTD=5.136677 ret_end=-22.849 dbar_end=0.529 occ_end=0.344 CSR_train=0.000 done_count=125
[upd 110] u=1 upd_ctr=111 opt_step=1776 E=1.000 g=0.183 VarTD=4.869207 ret_end=-22.384 dbar_end=0.540 occ_end=0.328 CSR_train=0.008 done_count=125
[upd 120] u=1 upd_ctr=121 opt_step=1936 E=1.000 g=0.169 VarTD=5.020457 ret_end=-23.744 dbar_end=0.567 occ_end=0.360 CSR_train=0.000 done_count=125
[upd 130] u=1 upd_ctr=131 opt_step=2096 E=1.000 g=0.184 VarTD=3.820092 ret_end=-22.058 dbar_end=0.539 occ_end=0.260 CSR_train=0.000 done_count=100
[upd 140] u=1 upd_ctr=141 opt_step=2256 E=1.000 g=0.183 VarTD=4.666894 ret_end=-22.724 dbar_end=0.542 occ_end=0.352 CSR_train=0.000 done_count=125
[upd 150] u=1 upd_ctr=151 opt_step=2416 E=1.000 g=0.161 VarTD=4.894846 ret_end=-23.601 dbar_end=0.582 occ_end=0.304 CSR_train=0.000 done_count=125
[upd 160] u=1 upd_ctr=161 opt_step=2576 E=1.000 g=0.184 VarTD=4.941932 ret_end=-22.336 dbar_end=0.539 occ_end=0.288 CSR_train=0.000 done_count=125
[upd 170] u=1 upd_ctr=171 opt_step=2736 E=1.000 g=0.180 VarTD=4.341488 ret_end=-22.401 dbar_end=0.547 occ_end=0.312 CSR_train=0.000 done_count=125
[upd 180] u=1 upd_ctr=181 opt_step=2896 E=1.000 g=0.176 VarTD=4.291606 ret_end=-22.445 dbar_end=0.553 occ_end=0.256 CSR_train=0.000 done_count=125
[upd 190] u=1 upd_ctr=191 opt_step=3056 E=1.000 g=0.181 VarTD=4.204474 ret_end=-22.688 dbar_end=0.544 occ_end=0.296 CSR_train=0.000 done_count=125
[upd 200] u=1 upd_ctr=201 opt_step=3216 E=1.000 g=0.167 VarTD=4.476638 ret_end=-22.875 dbar_end=0.569 occ_end=0.312 CSR_train=0.000 done_count=125
[upd 210] u=1 upd_ctr=211 opt_step=3376 E=1.000 g=0.160 VarTD=4.128592 ret_end=-22.599 dbar_end=0.583 occ_end=0.232 CSR_train=0.000 done_count=125
[upd 220] u=1 upd_ctr=221 opt_step=3536 E=1.000 g=0.153 VarTD=3.232235 ret_end=-23.929 dbar_end=0.597 occ_end=0.192 CSR_train=0.000 done_count=125
[upd 230] u=1 upd_ctr=231 opt_step=3696 E=1.000 g=0.143 VarTD=3.676241 ret_end=-23.366 dbar_end=0.619 occ_end=0.240 CSR_train=0.000 done_count=125
[upd 240] u=1 upd_ctr=241 opt_step=3856 E=1.000 g=0.145 VarTD=3.329026 ret_end=-23.579 dbar_end=0.616 occ_end=0.256 CSR_train=0.000 done_count=125
[upd 250] u=1 upd_ctr=251 opt_step=4016 E=1.000 g=0.126 VarTD=3.713402 ret_end=-23.957 dbar_end=0.660 occ_end=0.296 CSR_train=0.000 done_count=125
[upd 260] u=1 upd_ctr=261 opt_step=4176 E=1.000 g=0.144 VarTD=2.685205 ret_end=-23.607 dbar_end=0.617 occ_end=0.310 CSR_train=0.000 done_count=100
[upd 270] u=1 upd_ctr=271 opt_step=4336 E=1.000 g=0.125 VarTD=3.255060 ret_end=-24.496 dbar_end=0.661 occ_end=0.184 CSR_train=0.000 done_count=125
[upd 280] u=1 upd_ctr=281 opt_step=4496 E=1.000 g=0.130 VarTD=3.367014 ret_end=-24.302 dbar_end=0.649 occ_end=0.216 CSR_train=0.000 done_count=125
[upd 290] u=1 upd_ctr=291 opt_step=4656 E=1.000 g=0.129 VarTD=3.433221 ret_end=-24.123 dbar_end=0.652 occ_end=0.264 CSR_train=0.000 done_count=125
[upd 300] u=1 upd_ctr=301 opt_step=4816 E=1.000 g=0.130 VarTD=3.251055 ret_end=-23.791 dbar_end=0.649 occ_end=0.208 CSR_train=0.000 done_count=125
[upd 310] u=1 upd_ctr=311 opt_step=4976 E=1.000 g=0.144 VarTD=3.162145 ret_end=-23.727 dbar_end=0.618 occ_end=0.280 CSR_train=0.000 done_count=125
[Gate5 check] update_counter violations: t0=0 diffs=0
[Gate5 check] opt_step violations: t0=0 diffs=0 (expected_inc=16)
[Gate5 check] NaN masking: nan_on_skip=True finite_on_update=True
[Gate5 summary] mean_update_fraction=1.0000 final_executed_updates_mean=312.00
[Gate5 eval] done_count mean=100.0 CSR mean=0.0000 len_end_mean=26.00
[Gate5 eval] episodes_per_env=4 T_eval=104
[Gate5 eval-debug] locked_eps_occ=0.20 pre(step25): dbar_end=0.867922 occupied_end_mean=0.260000 max_tilde_end_mean=1.172642 CSR@locked=0.000000
[Gate5 eval-debug] locked_eps_occ=0.20 post(step26): dbar_end=0.924279 occupied_end_mean=0.210000 max_tilde_end_mean=1.244751 CSR@locked=0.000000
[Gate5 eval-debug] CSR_pre@0.10=0.0000 CSR_pre@0.15=0.0000 CSR_pre@0.20=0.0000 CSR_pre@0.25=0.0100 CSR_pre@0.30=0.0200
[Gate5 eval-debug] CSR_post@0.10=0.0000 CSR_post@0.15=0.0000 CSR_post@0.20=0.0000 CSR_post@0.25=0.0000 CSR_post@0.30=0.0000
