Importing submoduled environments...
Submoduled environments not found. Skipping import.
[upd 0] u=1 upd_ctr=1 opt_step=16 E=0.141 g=0.083 VarTD=0.176951 ret_end=-28.473 dbar_end=0.794 occ_end=0.140 CSR_train=0.000 done_count=100
[upd 10] u=0 upd_ctr=1 opt_step=16 E=0.616 g=0.089 VarTD=0.152994 ret_end=-28.611 dbar_end=0.772 occ_end=0.104 CSR_train=0.000 done_count=125
[upd 20] u=0 upd_ctr=2 opt_step=32 E=0.190 g=0.096 VarTD=0.153991 ret_end=-27.621 dbar_end=0.747 occ_end=0.192 CSR_train=0.000 done_count=125
[upd 30] u=0 upd_ctr=2 opt_step=32 E=0.678 g=0.095 VarTD=0.146620 ret_end=-27.309 dbar_end=0.749 occ_end=0.128 CSR_train=0.000 done_count=125
[upd 40] u=0 upd_ctr=3 opt_step=48 E=0.260 g=0.101 VarTD=0.160953 ret_end=-26.903 dbar_end=0.731 occ_end=0.208 CSR_train=0.000 done_count=125
[upd 50] u=0 upd_ctr=3 opt_step=48 E=0.777 g=0.102 VarTD=0.170054 ret_end=-26.773 dbar_end=0.726 occ_end=0.136 CSR_train=0.000 done_count=125
[upd 60] u=0 upd_ctr=4 opt_step=64 E=0.408 g=0.106 VarTD=0.134717 ret_end=-26.500 dbar_end=0.716 occ_end=0.144 CSR_train=0.000 done_count=125
[upd 70] u=0 upd_ctr=4 opt_step=64 E=0.936 g=0.100 VarTD=0.155663 ret_end=-26.707 dbar_end=0.732 occ_end=0.160 CSR_train=0.000 done_count=125
[upd 80] u=0 upd_ctr=5 opt_step=80 E=0.587 g=0.114 VarTD=0.132546 ret_end=-26.786 dbar_end=0.693 occ_end=0.208 CSR_train=0.000 done_count=125
[upd 90] u=0 upd_ctr=6 opt_step=96 E=0.244 g=0.115 VarTD=0.135713 ret_end=-26.691 dbar_end=0.688 occ_end=0.208 CSR_train=0.000 done_count=125
[upd 100] u=0 upd_ctr=6 opt_step=96 E=0.819 g=0.116 VarTD=0.168625 ret_end=-26.528 dbar_end=0.686 occ_end=0.176 CSR_train=0.000 done_count=125
[upd 110] u=0 upd_ctr=7 opt_step=112 E=0.550 g=0.132 VarTD=0.138982 ret_end=-24.958 dbar_end=0.644 occ_end=0.184 CSR_train=0.000 done_count=125
[upd 120] u=0 upd_ctr=8 opt_step=128 E=0.254 g=0.122 VarTD=0.126913 ret_end=-25.018 dbar_end=0.669 occ_end=0.176 CSR_train=0.000 done_count=125
[upd 130] u=0 upd_ctr=8 opt_step=128 E=0.881 g=0.135 VarTD=0.134775 ret_end=-25.456 dbar_end=0.638 occ_end=0.210 CSR_train=0.000 done_count=100
[upd 140] u=0 upd_ctr=9 opt_step=144 E=0.602 g=0.108 VarTD=0.159142 ret_end=-26.602 dbar_end=0.707 occ_end=0.136 CSR_train=0.000 done_count=125
[upd 150] u=0 upd_ctr=10 opt_step=160 E=0.336 g=0.146 VarTD=0.145535 ret_end=-24.410 dbar_end=0.612 occ_end=0.272 CSR_train=0.000 done_count=125
[upd 160] u=1 upd_ctr=11 opt_step=176 E=0.093 g=0.138 VarTD=0.148772 ret_end=-25.143 dbar_end=0.631 occ_end=0.176 CSR_train=0.000 done_count=125
[upd 170] u=0 upd_ctr=11 opt_step=176 E=0.760 g=0.126 VarTD=0.172857 ret_end=-25.937 dbar_end=0.659 occ_end=0.216 CSR_train=0.000 done_count=125
[upd 180] u=0 upd_ctr=12 opt_step=192 E=0.539 g=0.141 VarTD=0.196628 ret_end=-25.167 dbar_end=0.623 occ_end=0.200 CSR_train=0.000 done_count=125
[upd 190] u=0 upd_ctr=13 opt_step=208 E=0.326 g=0.146 VarTD=0.212938 ret_end=-24.833 dbar_end=0.613 occ_end=0.248 CSR_train=0.000 done_count=125
[upd 200] u=1 upd_ctr=14 opt_step=224 E=0.116 g=0.134 VarTD=0.239795 ret_end=-25.832 dbar_end=0.640 occ_end=0.280 CSR_train=0.000 done_count=125
[upd 210] u=0 upd_ctr=14 opt_step=224 E=0.803 g=0.133 VarTD=0.264282 ret_end=-25.513 dbar_end=0.641 occ_end=0.208 CSR_train=0.000 done_count=125
[upd 220] u=0 upd_ctr=15 opt_step=240 E=0.598 g=0.146 VarTD=0.261412 ret_end=-24.222 dbar_end=0.613 occ_end=0.184 CSR_train=0.000 done_count=125
[upd 230] u=0 upd_ctr=16 opt_step=256 E=0.438 g=0.158 VarTD=0.346010 ret_end=-24.369 dbar_end=0.587 occ_end=0.256 CSR_train=0.000 done_count=125
[upd 240] u=0 upd_ctr=17 opt_step=272 E=0.262 g=0.153 VarTD=0.422288 ret_end=-24.520 dbar_end=0.598 occ_end=0.240 CSR_train=0.000 done_count=125
[upd 250] u=1 upd_ctr=18 opt_step=288 E=0.126 g=0.153 VarTD=0.400069 ret_end=-23.934 dbar_end=0.597 occ_end=0.280 CSR_train=0.000 done_count=125
[upd 260] u=0 upd_ctr=18 opt_step=288 E=0.876 g=0.144 VarTD=0.400557 ret_end=-25.517 dbar_end=0.617 occ_end=0.250 CSR_train=0.000 done_count=100
[upd 270] u=0 upd_ctr=19 opt_step=304 E=0.742 g=0.155 VarTD=0.542335 ret_end=-24.308 dbar_end=0.593 occ_end=0.248 CSR_train=0.000 done_count=125
[upd 280] u=0 upd_ctr=20 opt_step=320 E=0.615 g=0.153 VarTD=0.615933 ret_end=-24.680 dbar_end=0.598 occ_end=0.248 CSR_train=0.000 done_count=125
[upd 290] u=0 upd_ctr=21 opt_step=336 E=0.482 g=0.163 VarTD=0.694661 ret_end=-23.504 dbar_end=0.578 occ_end=0.264 CSR_train=0.000 done_count=125
[upd 300] u=0 upd_ctr=22 opt_step=352 E=0.380 g=0.175 VarTD=0.870234 ret_end=-23.819 dbar_end=0.556 occ_end=0.312 CSR_train=0.000 done_count=125
[upd 310] u=0 upd_ctr=23 opt_step=368 E=0.292 g=0.179 VarTD=0.940660 ret_end=-23.633 dbar_end=0.547 occ_end=0.280 CSR_train=0.008 done_count=125
[Gate5 check] update_counter violations: t0=0 diffs=0
[Gate5 check] opt_step violations: t0=0 diffs=0 (expected_inc=16)
[Gate5 check] NaN masking: nan_on_skip=True finite_on_update=True
[Gate5 summary] mean_update_fraction=0.0737 final_executed_updates_mean=23.00
[Gate5 eval] done_count mean=100.0 CSR mean=0.0000 len_end_mean=26.00
[Gate5 eval] episodes_per_env=4 T_eval=104
[Gate5 eval-debug] locked_eps_occ=0.20 pre(step25): dbar_end=0.527233 occupied_end_mean=0.310000 max_tilde_end_mean=0.744052 CSR@locked=0.000000
[Gate5 eval-debug] locked_eps_occ=0.20 post(step26): dbar_end=0.516718 occupied_end_mean=0.310000 max_tilde_end_mean=0.736594 CSR@locked=0.000000
[Gate5 eval-debug] CSR_pre@0.10=0.0000 CSR_pre@0.15=0.0000 CSR_pre@0.20=0.0000 CSR_pre@0.25=0.0100 CSR_pre@0.30=0.0100
[Gate5 eval-debug] CSR_post@0.10=0.0000 CSR_post@0.15=0.0000 CSR_post@0.20=0.0000 CSR_post@0.25=0.0000 CSR_post@0.30=0.0200
