Importing submoduled environments...
Submoduled environments not found. Skipping import.
[upd 0] u=1 upd_ctr=1 opt_step=16 E=0.196 g=0.096 VarTD=0.159541 ret_end=-27.424 dbar_end=0.745 occ_end=0.200 CSR_train=0.000 done_count=100
[upd 10] u=0 upd_ctr=2 opt_step=32 E=0.196 g=0.095 VarTD=0.130441 ret_end=-26.787 dbar_end=0.750 occ_end=0.200 CSR_train=0.000 done_count=125
[upd 20] u=0 upd_ctr=3 opt_step=48 E=0.257 g=0.102 VarTD=0.173890 ret_end=-26.418 dbar_end=0.727 occ_end=0.160 CSR_train=0.000 done_count=125
[upd 30] u=0 upd_ctr=4 opt_step=64 E=0.369 g=0.103 VarTD=0.158834 ret_end=-27.053 dbar_end=0.724 occ_end=0.208 CSR_train=0.000 done_count=125
[upd 40] u=0 upd_ctr=5 opt_step=80 E=0.481 g=0.111 VarTD=0.153465 ret_end=-26.880 dbar_end=0.700 occ_end=0.168 CSR_train=0.000 done_count=125
[upd 50] u=0 upd_ctr=6 opt_step=96 E=0.636 g=0.113 VarTD=0.161418 ret_end=-26.603 dbar_end=0.694 occ_end=0.216 CSR_train=0.000 done_count=125
[upd 60] u=0 upd_ctr=7 opt_step=112 E=0.834 g=0.117 VarTD=0.168482 ret_end=-25.878 dbar_end=0.683 occ_end=0.168 CSR_train=0.000 done_count=125
[upd 70] u=1 upd_ctr=9 opt_step=144 E=0.212 g=0.112 VarTD=0.167643 ret_end=-26.639 dbar_end=0.697 occ_end=0.208 CSR_train=0.000 done_count=125
[upd 80] u=0 upd_ctr=10 opt_step=160 E=0.608 g=0.132 VarTD=0.178884 ret_end=-25.379 dbar_end=0.646 occ_end=0.232 CSR_train=0.000 done_count=125
[upd 90] u=0 upd_ctr=11 opt_step=176 E=0.998 g=0.130 VarTD=0.181209 ret_end=-25.516 dbar_end=0.649 occ_end=0.232 CSR_train=0.000 done_count=125
[upd 100] u=0 upd_ctr=13 opt_step=208 E=0.504 g=0.144 VarTD=0.215421 ret_end=-24.882 dbar_end=0.616 occ_end=0.216 CSR_train=0.000 done_count=125
[upd 110] u=0 upd_ctr=14 opt_step=224 E=0.977 g=0.139 VarTD=0.240828 ret_end=-24.974 dbar_end=0.630 occ_end=0.208 CSR_train=0.000 done_count=125
[upd 120] u=0 upd_ctr=16 opt_step=256 E=0.615 g=0.130 VarTD=0.312775 ret_end=-25.592 dbar_end=0.651 occ_end=0.200 CSR_train=0.000 done_count=125
[Gate5 check] update_counter violations: t0=0 diffs=0
[Gate5 check] opt_step violations: t0=0 diffs=0 (expected_inc=16)
[Gate5 check] NaN masking: nan_on_skip=True finite_on_update=True
[Gate5 summary] mean_update_fraction=0.1360 final_executed_updates_mean=17.00
[Gate5 eval] done_count mean=100.0 CSR mean=0.0100 len_end_mean=26.00
[Gate5 eval] episodes_per_env=4 T_eval=104
[Gate5 eval-debug] locked_eps_occ=0.20 pre(step25): dbar_end=0.472710 occupied_end_mean=0.570000 max_tilde_end_mean=0.717899 CSR@locked=0.000000
[Gate5 eval-debug] locked_eps_occ=0.20 post(step26): dbar_end=0.465245 occupied_end_mean=0.600000 max_tilde_end_mean=0.693416 CSR@locked=0.010000
[Gate5 eval-debug] CSR_pre@0.10=0.0000 CSR_pre@0.15=0.0000 CSR_pre@0.20=0.0000 CSR_pre@0.25=0.0000 CSR_pre@0.30=0.0400
[Gate5 eval-debug] CSR_post@0.10=0.0000 CSR_post@0.15=0.0000 CSR_post@0.20=0.0100 CSR_post@0.25=0.0200 CSR_post@0.30=0.0400
