Importing submoduled environments...
Submoduled environments not found. Skipping import.
[upd 0] u=1 upd_ctr=1 opt_step=16 E=0.079 g=0.079 VarTD=0.177244 ret_end=-28.332 dbar_end=0.807 occ_end=0.140 CSR_train=0.000 done_count=100
[upd 10] u=0 upd_ctr=1 opt_step=16 E=1.000 g=0.093 VarTD=0.147298 ret_end=-27.080 dbar_end=0.756 occ_end=0.144 CSR_train=0.000 done_count=125
[upd 20] u=0 upd_ctr=2 opt_step=32 E=1.000 g=0.091 VarTD=0.156231 ret_end=-27.669 dbar_end=0.764 occ_end=0.160 CSR_train=0.000 done_count=125
[upd 30] u=0 upd_ctr=3 opt_step=48 E=1.000 g=0.107 VarTD=0.165216 ret_end=-26.765 dbar_end=0.711 occ_end=0.224 CSR_train=0.000 done_count=125
[upd 40] u=0 upd_ctr=4 opt_step=64 E=1.000 g=0.107 VarTD=0.149382 ret_end=-26.842 dbar_end=0.712 occ_end=0.192 CSR_train=0.000 done_count=125
[upd 50] u=0 upd_ctr=5 opt_step=80 E=1.000 g=0.113 VarTD=0.128114 ret_end=-25.962 dbar_end=0.694 occ_end=0.192 CSR_train=0.000 done_count=125
[upd 60] u=1 upd_ctr=7 opt_step=112 E=0.120 g=0.120 VarTD=0.142918 ret_end=-26.084 dbar_end=0.674 occ_end=0.256 CSR_train=0.000 done_count=125
[upd 70] u=0 upd_ctr=8 opt_step=128 E=0.250 g=0.123 VarTD=0.163821 ret_end=-26.658 dbar_end=0.666 occ_end=0.216 CSR_train=0.000 done_count=125
[upd 80] u=0 upd_ctr=9 opt_step=144 E=0.520 g=0.128 VarTD=0.164357 ret_end=-25.936 dbar_end=0.656 occ_end=0.256 CSR_train=0.000 done_count=125
[upd 90] u=0 upd_ctr=10 opt_step=160 E=0.781 g=0.124 VarTD=0.166955 ret_end=-25.275 dbar_end=0.665 occ_end=0.192 CSR_train=0.000 done_count=125
[upd 100] u=0 upd_ctr=11 opt_step=176 E=1.000 g=0.132 VarTD=0.189630 ret_end=-25.583 dbar_end=0.646 occ_end=0.232 CSR_train=0.000 done_count=125
[upd 110] u=0 upd_ctr=13 opt_step=208 E=0.268 g=0.128 VarTD=0.210309 ret_end=-25.616 dbar_end=0.655 occ_end=0.208 CSR_train=0.000 done_count=125
[upd 120] u=0 upd_ctr=14 opt_step=224 E=0.575 g=0.147 VarTD=0.252929 ret_end=-25.368 dbar_end=0.611 occ_end=0.200 CSR_train=0.000 done_count=125
[Gate5 check] update_counter violations: t0=0 diffs=0
[Gate5 check] opt_step violations: t0=0 diffs=0 (expected_inc=16)
[Gate5 check] NaN masking: nan_on_skip=True finite_on_update=True
[Gate5 summary] mean_update_fraction=0.1120 final_executed_updates_mean=14.00
[Gate5 eval] done_count mean=100.0 CSR mean=0.0200 len_end_mean=26.00
[Gate5 eval] episodes_per_env=4 T_eval=104
[Gate5 eval-debug] locked_eps_occ=0.20 pre(step25): dbar_end=0.493010 occupied_end_mean=0.460000 max_tilde_end_mean=0.707743 CSR@locked=0.010000
[Gate5 eval-debug] locked_eps_occ=0.20 post(step26): dbar_end=0.492202 occupied_end_mean=0.420000 max_tilde_end_mean=0.704607 CSR@locked=0.020000
[Gate5 eval-debug] CSR_pre@0.10=0.0000 CSR_pre@0.15=0.0000 CSR_pre@0.20=0.0100 CSR_pre@0.25=0.0300 CSR_pre@0.30=0.0700
[Gate5 eval-debug] CSR_post@0.10=0.0100 CSR_post@0.15=0.0100 CSR_post@0.20=0.0200 CSR_post@0.25=0.0500 CSR_post@0.30=0.1000
