Importing submoduled environments...
Submoduled environments not found. Skipping import.
[upd 0] u=1 upd_ctr=1 opt_step=16 E=0.019 g=0.094 VarTD=0.148631 ret_end=-26.843 dbar_end=0.752 occ_end=0.140 CSR_train=0.000 done_count=100
[upd 10] u=0 upd_ctr=1 opt_step=16 E=0.203 g=0.098 VarTD=0.120442 ret_end=-26.989 dbar_end=0.738 occ_end=0.144 CSR_train=0.000 done_count=125
[upd 20] u=0 upd_ctr=1 opt_step=16 E=0.387 g=0.093 VarTD=0.164388 ret_end=-27.803 dbar_end=0.757 occ_end=0.128 CSR_train=0.000 done_count=125
[upd 30] u=0 upd_ctr=1 opt_step=16 E=0.568 g=0.089 VarTD=0.129913 ret_end=-27.111 dbar_end=0.771 occ_end=0.144 CSR_train=0.000 done_count=125
[upd 40] u=0 upd_ctr=1 opt_step=16 E=0.761 g=0.100 VarTD=0.159573 ret_end=-26.946 dbar_end=0.735 occ_end=0.184 CSR_train=0.000 done_count=125
[upd 50] u=0 upd_ctr=1 opt_step=16 E=0.947 g=0.101 VarTD=0.131019 ret_end=-27.342 dbar_end=0.729 occ_end=0.168 CSR_train=0.000 done_count=125
[upd 60] u=0 upd_ctr=2 opt_step=32 E=0.134 g=0.094 VarTD=0.144893 ret_end=-27.270 dbar_end=0.753 occ_end=0.120 CSR_train=0.000 done_count=125
[upd 70] u=0 upd_ctr=2 opt_step=32 E=0.337 g=0.099 VarTD=0.139954 ret_end=-26.446 dbar_end=0.735 occ_end=0.168 CSR_train=0.000 done_count=125
[upd 80] u=0 upd_ctr=2 opt_step=32 E=0.536 g=0.102 VarTD=0.120566 ret_end=-26.260 dbar_end=0.728 occ_end=0.144 CSR_train=0.000 done_count=125
[upd 90] u=0 upd_ctr=2 opt_step=32 E=0.735 g=0.102 VarTD=0.135178 ret_end=-26.464 dbar_end=0.727 occ_end=0.200 CSR_train=0.000 done_count=125
[upd 100] u=0 upd_ctr=2 opt_step=32 E=0.943 g=0.094 VarTD=0.173726 ret_end=-27.349 dbar_end=0.752 occ_end=0.136 CSR_train=0.000 done_count=125
[upd 110] u=0 upd_ctr=3 opt_step=48 E=0.147 g=0.102 VarTD=0.168413 ret_end=-26.911 dbar_end=0.728 occ_end=0.144 CSR_train=0.000 done_count=125
[upd 120] u=0 upd_ctr=3 opt_step=48 E=0.348 g=0.100 VarTD=0.130767 ret_end=-26.482 dbar_end=0.733 occ_end=0.216 CSR_train=0.000 done_count=125
[upd 130] u=0 upd_ctr=3 opt_step=48 E=0.560 g=0.100 VarTD=0.129949 ret_end=-27.116 dbar_end=0.733 occ_end=0.230 CSR_train=0.000 done_count=100
[upd 140] u=0 upd_ctr=3 opt_step=48 E=0.765 g=0.092 VarTD=0.162803 ret_end=-28.242 dbar_end=0.759 occ_end=0.128 CSR_train=0.000 done_count=125
[upd 150] u=0 upd_ctr=3 opt_step=48 E=0.973 g=0.098 VarTD=0.134903 ret_end=-26.520 dbar_end=0.740 occ_end=0.104 CSR_train=0.000 done_count=125
[upd 160] u=0 upd_ctr=4 opt_step=64 E=0.173 g=0.103 VarTD=0.131499 ret_end=-27.223 dbar_end=0.723 occ_end=0.184 CSR_train=0.000 done_count=125
[upd 170] u=0 upd_ctr=4 opt_step=64 E=0.387 g=0.102 VarTD=0.143326 ret_end=-27.448 dbar_end=0.728 occ_end=0.152 CSR_train=0.000 done_count=125
[upd 180] u=0 upd_ctr=4 opt_step=64 E=0.607 g=0.098 VarTD=0.147644 ret_end=-26.669 dbar_end=0.739 occ_end=0.144 CSR_train=0.000 done_count=125
[upd 190] u=0 upd_ctr=4 opt_step=64 E=0.830 g=0.107 VarTD=0.142066 ret_end=-26.292 dbar_end=0.711 occ_end=0.224 CSR_train=0.000 done_count=125
[upd 200] u=0 upd_ctr=5 opt_step=80 E=0.045 g=0.108 VarTD=0.135000 ret_end=-26.783 dbar_end=0.708 occ_end=0.120 CSR_train=0.000 done_count=125
[upd 210] u=0 upd_ctr=5 opt_step=80 E=0.263 g=0.111 VarTD=0.145013 ret_end=-25.937 dbar_end=0.699 occ_end=0.176 CSR_train=0.000 done_count=125
[upd 220] u=0 upd_ctr=5 opt_step=80 E=0.498 g=0.103 VarTD=0.157358 ret_end=-27.689 dbar_end=0.725 occ_end=0.192 CSR_train=0.008 done_count=125
[upd 230] u=0 upd_ctr=5 opt_step=80 E=0.725 g=0.127 VarTD=0.123696 ret_end=-24.868 dbar_end=0.658 occ_end=0.208 CSR_train=0.000 done_count=125
[upd 240] u=0 upd_ctr=5 opt_step=80 E=0.956 g=0.121 VarTD=0.117396 ret_end=-25.368 dbar_end=0.672 occ_end=0.272 CSR_train=0.000 done_count=125
[upd 250] u=0 upd_ctr=6 opt_step=96 E=0.184 g=0.118 VarTD=0.122917 ret_end=-25.593 dbar_end=0.680 occ_end=0.152 CSR_train=0.000 done_count=125
[upd 260] u=0 upd_ctr=6 opt_step=96 E=0.418 g=0.117 VarTD=0.135106 ret_end=-26.005 dbar_end=0.684 occ_end=0.220 CSR_train=0.000 done_count=100
[upd 270] u=0 upd_ctr=6 opt_step=96 E=0.653 g=0.120 VarTD=0.141847 ret_end=-25.907 dbar_end=0.676 occ_end=0.192 CSR_train=0.000 done_count=125
[upd 280] u=0 upd_ctr=6 opt_step=96 E=0.882 g=0.121 VarTD=0.143994 ret_end=-26.377 dbar_end=0.674 occ_end=0.232 CSR_train=0.000 done_count=125
[upd 290] u=0 upd_ctr=7 opt_step=112 E=0.090 g=0.113 VarTD=0.160062 ret_end=-26.995 dbar_end=0.694 occ_end=0.144 CSR_train=0.000 done_count=125
[upd 300] u=0 upd_ctr=7 opt_step=112 E=0.323 g=0.098 VarTD=0.157977 ret_end=-27.711 dbar_end=0.741 occ_end=0.136 CSR_train=0.000 done_count=125
[upd 310] u=0 upd_ctr=7 opt_step=112 E=0.558 g=0.100 VarTD=0.155669 ret_end=-27.170 dbar_end=0.733 occ_end=0.152 CSR_train=0.000 done_count=125
[Gate5 check] update_counter violations: t0=0 diffs=0
[Gate5 check] opt_step violations: t0=0 diffs=0 (expected_inc=16)
[Gate5 check] NaN masking: nan_on_skip=True finite_on_update=True
[Gate5 summary] mean_update_fraction=0.0224 final_executed_updates_mean=7.00
[Gate5 eval] done_count mean=100.0 CSR mean=0.0100 len_end_mean=26.00
[Gate5 eval] episodes_per_env=4 T_eval=104
[Gate5 eval-debug] locked_eps_occ=0.20 pre(step25): dbar_end=0.525674 occupied_end_mean=0.390000 max_tilde_end_mean=0.780997 CSR@locked=0.000000
[Gate5 eval-debug] locked_eps_occ=0.20 post(step26): dbar_end=0.531983 occupied_end_mean=0.390000 max_tilde_end_mean=0.790189 CSR@locked=0.010000
[Gate5 eval-debug] CSR_pre@0.10=0.0000 CSR_pre@0.15=0.0000 CSR_pre@0.20=0.0000 CSR_pre@0.25=0.0100 CSR_pre@0.30=0.0200
[Gate5 eval-debug] CSR_post@0.10=0.0000 CSR_post@0.15=0.0100 CSR_post@0.20=0.0100 CSR_post@0.25=0.0100 CSR_post@0.30=0.0200
