Importing submoduled environments...
Submoduled environments not found. Skipping import.
[upd 0] u=1 upd_ctr=1 opt_step=16 E=0.109 g=0.094 VarTD=0.156314 ret_end=-27.700 dbar_end=0.751 occ_end=0.180 CSR_train=0.010 done_count=100
[upd 10] u=0 upd_ctr=1 opt_step=16 E=0.206 g=0.106 VarTD=0.133782 ret_end=-25.939 dbar_end=0.713 occ_end=0.168 CSR_train=0.000 done_count=125
[upd 20] u=0 upd_ctr=1 opt_step=16 E=0.300 g=0.101 VarTD=0.146338 ret_end=-26.754 dbar_end=0.732 occ_end=0.200 CSR_train=0.000 done_count=125
[upd 30] u=0 upd_ctr=1 opt_step=16 E=0.394 g=0.095 VarTD=0.156251 ret_end=-27.758 dbar_end=0.748 occ_end=0.152 CSR_train=0.000 done_count=125
[upd 40] u=0 upd_ctr=1 opt_step=16 E=0.488 g=0.086 VarTD=0.142918 ret_end=-27.805 dbar_end=0.782 occ_end=0.160 CSR_train=0.000 done_count=125
[upd 50] u=0 upd_ctr=1 opt_step=16 E=0.581 g=0.103 VarTD=0.146957 ret_end=-26.957 dbar_end=0.725 occ_end=0.176 CSR_train=0.000 done_count=125
[upd 60] u=0 upd_ctr=1 opt_step=16 E=0.678 g=0.101 VarTD=0.142322 ret_end=-26.037 dbar_end=0.730 occ_end=0.184 CSR_train=0.000 done_count=125
[upd 70] u=0 upd_ctr=1 opt_step=16 E=0.773 g=0.102 VarTD=0.127338 ret_end=-26.144 dbar_end=0.728 occ_end=0.120 CSR_train=0.000 done_count=125
[upd 80] u=0 upd_ctr=1 opt_step=16 E=0.866 g=0.095 VarTD=0.154413 ret_end=-27.982 dbar_end=0.749 occ_end=0.136 CSR_train=0.000 done_count=125
[upd 90] u=0 upd_ctr=2 opt_step=32 E=0.062 g=0.091 VarTD=0.133612 ret_end=-26.998 dbar_end=0.764 occ_end=0.160 CSR_train=0.000 done_count=125
[upd 100] u=0 upd_ctr=2 opt_step=32 E=0.158 g=0.107 VarTD=0.131362 ret_end=-26.649 dbar_end=0.713 occ_end=0.160 CSR_train=0.000 done_count=125
[upd 110] u=0 upd_ctr=2 opt_step=32 E=0.258 g=0.111 VarTD=0.114910 ret_end=-25.406 dbar_end=0.699 occ_end=0.168 CSR_train=0.000 done_count=125
[upd 120] u=0 upd_ctr=2 opt_step=32 E=0.359 g=0.102 VarTD=0.142970 ret_end=-26.614 dbar_end=0.726 occ_end=0.168 CSR_train=0.000 done_count=125
[Gate5 check] update_counter violations: t0=0 diffs=0
[Gate5 check] opt_step violations: t0=0 diffs=0 (expected_inc=16)
[Gate5 check] NaN masking: nan_on_skip=True finite_on_update=True
[Gate5 summary] mean_update_fraction=0.0160 final_executed_updates_mean=2.00
[Gate5 eval] done_count mean=100.0 CSR mean=0.0000 len_end_mean=26.00
[Gate5 eval] episodes_per_env=4 T_eval=104
[Gate5 eval-debug] locked_eps_occ=0.20 pre(step25): dbar_end=0.650837 occupied_end_mean=0.190000 max_tilde_end_mean=0.909633 CSR@locked=0.000000
[Gate5 eval-debug] locked_eps_occ=0.20 post(step26): dbar_end=0.654913 occupied_end_mean=0.180000 max_tilde_end_mean=0.912524 CSR@locked=0.000000
[Gate5 eval-debug] CSR_pre@0.10=0.0000 CSR_pre@0.15=0.0000 CSR_pre@0.20=0.0000 CSR_pre@0.25=0.0000 CSR_pre@0.30=0.0000
[Gate5 eval-debug] CSR_post@0.10=0.0000 CSR_post@0.15=0.0000 CSR_post@0.20=0.0000 CSR_post@0.25=0.0000 CSR_post@0.30=0.0000
