Importing submoduled environments...
Submoduled environments not found. Skipping import.
[upd 0] u=1 upd_ctr=1 opt_step=16 E=0.055 g=0.091 VarTD=0.177780 ret_end=-27.116 dbar_end=0.762 occ_end=0.220 CSR_train=0.000 done_count=100
[upd 10] u=0 upd_ctr=1 opt_step=16 E=0.601 g=0.084 VarTD=0.168711 ret_end=-27.749 dbar_end=0.791 occ_end=0.120 CSR_train=0.000 done_count=125
[upd 20] u=0 upd_ctr=2 opt_step=32 E=0.169 g=0.097 VarTD=0.144662 ret_end=-27.058 dbar_end=0.744 occ_end=0.144 CSR_train=0.000 done_count=125
[upd 30] u=0 upd_ctr=2 opt_step=32 E=0.774 g=0.092 VarTD=0.172150 ret_end=-27.642 dbar_end=0.761 occ_end=0.104 CSR_train=0.000 done_count=125
[upd 40] u=0 upd_ctr=3 opt_step=48 E=0.350 g=0.098 VarTD=0.145675 ret_end=-27.224 dbar_end=0.741 occ_end=0.176 CSR_train=0.000 done_count=125
[upd 50] u=0 upd_ctr=3 opt_step=48 E=0.962 g=0.109 VarTD=0.146902 ret_end=-25.663 dbar_end=0.706 occ_end=0.176 CSR_train=0.000 done_count=125
[upd 60] u=0 upd_ctr=4 opt_step=64 E=0.552 g=0.097 VarTD=0.155013 ret_end=-26.869 dbar_end=0.744 occ_end=0.096 CSR_train=0.000 done_count=125
[upd 70] u=0 upd_ctr=5 opt_step=80 E=0.118 g=0.098 VarTD=0.154747 ret_end=-27.036 dbar_end=0.740 occ_end=0.192 CSR_train=0.008 done_count=125
[upd 80] u=0 upd_ctr=5 opt_step=80 E=0.750 g=0.115 VarTD=0.133216 ret_end=-26.157 dbar_end=0.689 occ_end=0.160 CSR_train=0.008 done_count=125
[upd 90] u=0 upd_ctr=6 opt_step=96 E=0.406 g=0.115 VarTD=0.140072 ret_end=-26.327 dbar_end=0.689 occ_end=0.192 CSR_train=0.000 done_count=125
[upd 100] u=1 upd_ctr=7 opt_step=112 E=0.071 g=0.119 VarTD=0.144101 ret_end=-25.604 dbar_end=0.678 occ_end=0.216 CSR_train=0.000 done_count=125
[upd 110] u=0 upd_ctr=7 opt_step=112 E=0.762 g=0.106 VarTD=0.146503 ret_end=-26.304 dbar_end=0.714 occ_end=0.160 CSR_train=0.000 done_count=125
[upd 120] u=0 upd_ctr=8 opt_step=128 E=0.402 g=0.102 VarTD=0.165044 ret_end=-26.576 dbar_end=0.726 occ_end=0.168 CSR_train=0.000 done_count=125
[Gate5 check] update_counter violations: t0=0 diffs=0
[Gate5 check] opt_step violations: t0=0 diffs=0 (expected_inc=16)
[Gate5 check] NaN masking: nan_on_skip=True finite_on_update=True
[Gate5 summary] mean_update_fraction=0.0640 final_executed_updates_mean=8.00
[Gate5 eval] done_count mean=100.0 CSR mean=0.0100 len_end_mean=26.00
[Gate5 eval] episodes_per_env=4 T_eval=104
[Gate5 eval-debug] locked_eps_occ=0.20 pre(step25): dbar_end=0.500822 occupied_end_mean=0.340000 max_tilde_end_mean=0.717095 CSR@locked=0.000000
[Gate5 eval-debug] locked_eps_occ=0.20 post(step26): dbar_end=0.502028 occupied_end_mean=0.420000 max_tilde_end_mean=0.726855 CSR@locked=0.010000
[Gate5 eval-debug] CSR_pre@0.10=0.0000 CSR_pre@0.15=0.0000 CSR_pre@0.20=0.0000 CSR_pre@0.25=0.0000 CSR_pre@0.30=0.0100
[Gate5 eval-debug] CSR_post@0.10=0.0000 CSR_post@0.15=0.0000 CSR_post@0.20=0.0100 CSR_post@0.25=0.0200 CSR_post@0.30=0.0200
