Importing submoduled environments...
Submoduled environments not found. Skipping import.
[upd 0] u=1 upd_ctr=1 opt_step=16 E=0.173 g=0.092 VarTD=0.136051 ret_end=-27.009 dbar_end=0.762 occ_end=0.140 CSR_train=0.000 done_count=100
[upd 10] u=0 upd_ctr=1 opt_step=16 E=0.915 g=0.088 VarTD=0.157825 ret_end=-27.556 dbar_end=0.774 occ_end=0.128 CSR_train=0.000 done_count=125
[upd 20] u=0 upd_ctr=2 opt_step=32 E=0.808 g=0.097 VarTD=0.140322 ret_end=-27.070 dbar_end=0.744 occ_end=0.112 CSR_train=0.000 done_count=125
[upd 30] u=0 upd_ctr=3 opt_step=48 E=0.722 g=0.105 VarTD=0.165670 ret_end=-27.180 dbar_end=0.717 occ_end=0.144 CSR_train=0.000 done_count=125
[upd 40] u=0 upd_ctr=4 opt_step=64 E=0.621 g=0.104 VarTD=0.151593 ret_end=-25.958 dbar_end=0.720 occ_end=0.168 CSR_train=0.000 done_count=125
[upd 50] u=0 upd_ctr=5 opt_step=80 E=0.602 g=0.112 VarTD=0.142631 ret_end=-25.443 dbar_end=0.696 occ_end=0.224 CSR_train=0.000 done_count=125
[upd 60] u=0 upd_ctr=6 opt_step=96 E=0.640 g=0.110 VarTD=0.138570 ret_end=-26.621 dbar_end=0.702 occ_end=0.200 CSR_train=0.000 done_count=125
[upd 70] u=0 upd_ctr=7 opt_step=112 E=0.688 g=0.122 VarTD=0.154972 ret_end=-25.360 dbar_end=0.670 occ_end=0.264 CSR_train=0.000 done_count=125
[upd 80] u=0 upd_ctr=8 opt_step=128 E=0.790 g=0.137 VarTD=0.124181 ret_end=-24.870 dbar_end=0.633 occ_end=0.208 CSR_train=0.000 done_count=125
[upd 90] u=0 upd_ctr=9 opt_step=144 E=0.905 g=0.136 VarTD=0.136741 ret_end=-25.443 dbar_end=0.635 occ_end=0.208 CSR_train=0.000 done_count=125
[upd 100] u=1 upd_ctr=11 opt_step=176 E=0.136 g=0.132 VarTD=0.150459 ret_end=-25.365 dbar_end=0.645 occ_end=0.200 CSR_train=0.000 done_count=125
[upd 110] u=0 upd_ctr=12 opt_step=192 E=0.300 g=0.137 VarTD=0.180128 ret_end=-24.551 dbar_end=0.632 occ_end=0.224 CSR_train=0.000 done_count=125
[upd 120] u=0 upd_ctr=13 opt_step=208 E=0.480 g=0.144 VarTD=0.218478 ret_end=-25.625 dbar_end=0.618 occ_end=0.192 CSR_train=0.000 done_count=125
[upd 130] u=0 upd_ctr=14 opt_step=224 E=0.705 g=0.135 VarTD=0.234782 ret_end=-25.413 dbar_end=0.638 occ_end=0.210 CSR_train=0.000 done_count=100
[upd 140] u=0 upd_ctr=15 opt_step=240 E=0.923 g=0.138 VarTD=0.274984 ret_end=-25.487 dbar_end=0.630 occ_end=0.192 CSR_train=0.000 done_count=125
[upd 150] u=0 upd_ctr=17 opt_step=272 E=0.311 g=0.149 VarTD=0.369511 ret_end=-24.660 dbar_end=0.605 occ_end=0.296 CSR_train=0.008 done_count=125
[upd 160] u=0 upd_ctr=18 opt_step=288 E=0.550 g=0.142 VarTD=0.423073 ret_end=-24.775 dbar_end=0.621 occ_end=0.248 CSR_train=0.000 done_count=125
[upd 170] u=0 upd_ctr=19 opt_step=304 E=0.877 g=0.160 VarTD=0.496967 ret_end=-23.914 dbar_end=0.584 occ_end=0.240 CSR_train=0.000 done_count=125
[upd 180] u=0 upd_ctr=21 opt_step=336 E=0.350 g=0.161 VarTD=0.694629 ret_end=-24.603 dbar_end=0.581 occ_end=0.264 CSR_train=0.000 done_count=125
[upd 190] u=0 upd_ctr=22 opt_step=352 E=0.746 g=0.160 VarTD=0.788465 ret_end=-24.064 dbar_end=0.584 occ_end=0.272 CSR_train=0.000 done_count=125
[upd 200] u=0 upd_ctr=24 opt_step=384 E=0.275 g=0.178 VarTD=1.053309 ret_end=-23.572 dbar_end=0.549 occ_end=0.248 CSR_train=0.000 done_count=125
[upd 210] u=0 upd_ctr=25 opt_step=400 E=0.722 g=0.174 VarTD=1.184836 ret_end=-24.568 dbar_end=0.557 occ_end=0.280 CSR_train=0.000 done_count=125
[upd 220] u=1 upd_ctr=27 opt_step=432 E=0.229 g=0.162 VarTD=1.279900 ret_end=-24.989 dbar_end=0.581 occ_end=0.272 CSR_train=0.000 done_count=125
[upd 230] u=0 upd_ctr=28 opt_step=448 E=0.705 g=0.177 VarTD=1.558339 ret_end=-23.729 dbar_end=0.552 occ_end=0.264 CSR_train=0.008 done_count=125
[upd 240] u=0 upd_ctr=30 opt_step=480 E=0.351 g=0.192 VarTD=1.866082 ret_end=-22.804 dbar_end=0.525 occ_end=0.416 CSR_train=0.000 done_count=125
[upd 250] u=0 upd_ctr=31 opt_step=496 E=0.919 g=0.163 VarTD=1.986274 ret_end=-23.823 dbar_end=0.578 occ_end=0.224 CSR_train=0.000 done_count=125
[upd 260] u=0 upd_ctr=33 opt_step=528 E=0.522 g=0.173 VarTD=1.897038 ret_end=-22.783 dbar_end=0.559 occ_end=0.280 CSR_train=0.000 done_count=100
[upd 270] u=1 upd_ctr=35 opt_step=560 E=0.201 g=0.183 VarTD=2.480088 ret_end=-23.981 dbar_end=0.542 occ_end=0.264 CSR_train=0.000 done_count=125
[upd 280] u=0 upd_ctr=36 opt_step=576 E=0.718 g=0.190 VarTD=2.852963 ret_end=-23.032 dbar_end=0.529 occ_end=0.424 CSR_train=0.000 done_count=125
[upd 290] u=0 upd_ctr=38 opt_step=608 E=0.375 g=0.193 VarTD=3.157973 ret_end=-22.073 dbar_end=0.523 occ_end=0.224 CSR_train=0.000 done_count=125
[upd 300] u=0 upd_ctr=39 opt_step=624 E=0.921 g=0.165 VarTD=3.289595 ret_end=-23.972 dbar_end=0.574 occ_end=0.192 CSR_train=0.000 done_count=125
[upd 310] u=0 upd_ctr=41 opt_step=656 E=0.529 g=0.181 VarTD=3.723940 ret_end=-22.952 dbar_end=0.544 occ_end=0.264 CSR_train=0.000 done_count=125
[Gate5 check] update_counter violations: t0=0 diffs=0
[Gate5 check] opt_step violations: t0=0 diffs=0 (expected_inc=16)
[Gate5 check] NaN masking: nan_on_skip=True finite_on_update=True
[Gate5 summary] mean_update_fraction=0.1314 final_executed_updates_mean=41.00
[Gate5 eval] done_count mean=100.0 CSR mean=0.0000 len_end_mean=26.00
[Gate5 eval] episodes_per_env=4 T_eval=104
[Gate5 eval-debug] locked_eps_occ=0.20 pre(step25): dbar_end=0.467654 occupied_end_mean=0.540000 max_tilde_end_mean=0.666296 CSR@locked=0.020000
[Gate5 eval-debug] locked_eps_occ=0.20 post(step26): dbar_end=0.467671 occupied_end_mean=0.460000 max_tilde_end_mean=0.665293 CSR@locked=0.000000
[Gate5 eval-debug] CSR_pre@0.10=0.0000 CSR_pre@0.15=0.0000 CSR_pre@0.20=0.0200 CSR_pre@0.25=0.0200 CSR_pre@0.30=0.0300
[Gate5 eval-debug] CSR_post@0.10=0.0000 CSR_post@0.15=0.0000 CSR_post@0.20=0.0000 CSR_post@0.25=0.0100 CSR_post@0.30=0.0200
