Importing submoduled environments...
Submoduled environments not found. Skipping import.
[upd 0] u=1 upd_ctr=1 opt_step=16 E=0.081 g=0.102 VarTD=0.148347 ret_end=-26.397 dbar_end=0.726 occ_end=0.190 CSR_train=0.000 done_count=100
[upd 10] u=0 upd_ctr=1 opt_step=16 E=0.360 g=0.089 VarTD=0.167256 ret_end=-27.327 dbar_end=0.769 occ_end=0.152 CSR_train=0.008 done_count=125
[upd 20] u=0 upd_ctr=1 opt_step=16 E=0.640 g=0.085 VarTD=0.176565 ret_end=-27.948 dbar_end=0.785 occ_end=0.184 CSR_train=0.000 done_count=125
[upd 30] u=0 upd_ctr=1 opt_step=16 E=0.919 g=0.093 VarTD=0.173480 ret_end=-28.125 dbar_end=0.755 occ_end=0.184 CSR_train=0.000 done_count=125
[upd 40] u=0 upd_ctr=2 opt_step=32 E=0.260 g=0.100 VarTD=0.164845 ret_end=-26.835 dbar_end=0.734 occ_end=0.128 CSR_train=0.000 done_count=125
[upd 50] u=0 upd_ctr=2 opt_step=32 E=0.546 g=0.117 VarTD=0.154161 ret_end=-25.861 dbar_end=0.684 occ_end=0.208 CSR_train=0.000 done_count=125
[upd 60] u=0 upd_ctr=2 opt_step=32 E=0.835 g=0.088 VarTD=0.180439 ret_end=-28.471 dbar_end=0.775 occ_end=0.128 CSR_train=0.000 done_count=125
[upd 70] u=0 upd_ctr=3 opt_step=48 E=0.192 g=0.104 VarTD=0.164308 ret_end=-26.312 dbar_end=0.721 occ_end=0.144 CSR_train=0.000 done_count=125
[upd 80] u=0 upd_ctr=3 opt_step=48 E=0.506 g=0.103 VarTD=0.142634 ret_end=-27.634 dbar_end=0.725 occ_end=0.160 CSR_train=0.000 done_count=125
[upd 90] u=0 upd_ctr=3 opt_step=48 E=0.811 g=0.098 VarTD=0.155361 ret_end=-26.624 dbar_end=0.740 occ_end=0.176 CSR_train=0.000 done_count=125
[upd 100] u=0 upd_ctr=4 opt_step=64 E=0.194 g=0.114 VarTD=0.164733 ret_end=-26.284 dbar_end=0.692 occ_end=0.176 CSR_train=0.000 done_count=125
[upd 110] u=0 upd_ctr=4 opt_step=64 E=0.521 g=0.093 VarTD=0.152675 ret_end=-27.960 dbar_end=0.757 occ_end=0.224 CSR_train=0.000 done_count=125
[upd 120] u=0 upd_ctr=4 opt_step=64 E=0.855 g=0.116 VarTD=0.134578 ret_end=-26.301 dbar_end=0.686 occ_end=0.176 CSR_train=0.000 done_count=125
[upd 130] u=0 upd_ctr=5 opt_step=80 E=0.259 g=0.123 VarTD=0.124152 ret_end=-25.681 dbar_end=0.668 occ_end=0.200 CSR_train=0.000 done_count=100
[upd 140] u=0 upd_ctr=5 opt_step=80 E=0.602 g=0.108 VarTD=0.134223 ret_end=-27.401 dbar_end=0.710 occ_end=0.112 CSR_train=0.000 done_count=125
[upd 150] u=0 upd_ctr=5 opt_step=80 E=0.944 g=0.114 VarTD=0.173344 ret_end=-26.302 dbar_end=0.691 occ_end=0.200 CSR_train=0.000 done_count=125
[upd 160] u=0 upd_ctr=6 opt_step=96 E=0.339 g=0.123 VarTD=0.154981 ret_end=-25.808 dbar_end=0.666 occ_end=0.176 CSR_train=0.000 done_count=125
[upd 170] u=0 upd_ctr=6 opt_step=96 E=0.691 g=0.125 VarTD=0.126459 ret_end=-25.485 dbar_end=0.663 occ_end=0.168 CSR_train=0.008 done_count=125
[upd 180] u=0 upd_ctr=7 opt_step=112 E=0.097 g=0.115 VarTD=0.172939 ret_end=-25.598 dbar_end=0.689 occ_end=0.176 CSR_train=0.000 done_count=125
[upd 190] u=0 upd_ctr=7 opt_step=112 E=0.472 g=0.124 VarTD=0.156811 ret_end=-25.938 dbar_end=0.666 occ_end=0.192 CSR_train=0.000 done_count=125
[upd 200] u=0 upd_ctr=7 opt_step=112 E=0.827 g=0.111 VarTD=0.181724 ret_end=-27.083 dbar_end=0.701 occ_end=0.200 CSR_train=0.000 done_count=125
[upd 210] u=0 upd_ctr=8 opt_step=128 E=0.262 g=0.136 VarTD=0.128294 ret_end=-24.573 dbar_end=0.635 occ_end=0.328 CSR_train=0.000 done_count=125
[upd 220] u=0 upd_ctr=8 opt_step=128 E=0.634 g=0.123 VarTD=0.139546 ret_end=-25.550 dbar_end=0.668 occ_end=0.168 CSR_train=0.000 done_count=125
[upd 230] u=1 upd_ctr=9 opt_step=144 E=0.061 g=0.126 VarTD=0.124459 ret_end=-24.954 dbar_end=0.659 occ_end=0.216 CSR_train=0.000 done_count=125
[upd 240] u=0 upd_ctr=9 opt_step=144 E=0.434 g=0.128 VarTD=0.145249 ret_end=-25.938 dbar_end=0.655 occ_end=0.192 CSR_train=0.000 done_count=125
[upd 250] u=0 upd_ctr=9 opt_step=144 E=0.814 g=0.123 VarTD=0.155148 ret_end=-25.907 dbar_end=0.668 occ_end=0.160 CSR_train=0.000 done_count=125
[upd 260] u=0 upd_ctr=10 opt_step=160 E=0.244 g=0.117 VarTD=0.145997 ret_end=-25.162 dbar_end=0.684 occ_end=0.200 CSR_train=0.000 done_count=100
[upd 270] u=0 upd_ctr=10 opt_step=160 E=0.634 g=0.129 VarTD=0.147356 ret_end=-25.207 dbar_end=0.653 occ_end=0.224 CSR_train=0.000 done_count=125
[upd 280] u=1 upd_ctr=11 opt_step=176 E=0.056 g=0.121 VarTD=0.167839 ret_end=-25.906 dbar_end=0.673 occ_end=0.232 CSR_train=0.000 done_count=125
[upd 290] u=0 upd_ctr=11 opt_step=176 E=0.450 g=0.138 VarTD=0.179372 ret_end=-25.521 dbar_end=0.631 occ_end=0.184 CSR_train=0.000 done_count=125
[upd 300] u=0 upd_ctr=11 opt_step=176 E=0.836 g=0.130 VarTD=0.192046 ret_end=-25.920 dbar_end=0.651 occ_end=0.256 CSR_train=0.000 done_count=125
[upd 310] u=0 upd_ctr=12 opt_step=192 E=0.299 g=0.130 VarTD=0.181926 ret_end=-25.774 dbar_end=0.650 occ_end=0.168 CSR_train=0.000 done_count=125
[Gate5 check] update_counter violations: t0=0 diffs=0
[Gate5 check] opt_step violations: t0=0 diffs=0 (expected_inc=16)
[Gate5 check] NaN masking: nan_on_skip=True finite_on_update=True
[Gate5 summary] mean_update_fraction=0.0385 final_executed_updates_mean=12.00
[Gate5 eval] done_count mean=100.0 CSR mean=0.0100 len_end_mean=26.00
[Gate5 eval] episodes_per_env=4 T_eval=104
[Gate5 eval-debug] locked_eps_occ=0.20 pre(step25): dbar_end=0.476893 occupied_end_mean=0.420000 max_tilde_end_mean=0.691462 CSR@locked=0.000000
[Gate5 eval-debug] locked_eps_occ=0.20 post(step26): dbar_end=0.467075 occupied_end_mean=0.500000 max_tilde_end_mean=0.681531 CSR@locked=0.010000
[Gate5 eval-debug] CSR_pre@0.10=0.0000 CSR_pre@0.15=0.0000 CSR_pre@0.20=0.0000 CSR_pre@0.25=0.0100 CSR_pre@0.30=0.0500
[Gate5 eval-debug] CSR_post@0.10=0.0000 CSR_post@0.15=0.0000 CSR_post@0.20=0.0100 CSR_post@0.25=0.0200 CSR_post@0.30=0.0400
