Importing submoduled environments...
Submoduled environments not found. Skipping import.
[upd 0] u=1 upd_ctr=1 opt_step=16 E=0.159 g=0.084 VarTD=0.138136 ret_end=-27.863 dbar_end=0.788 occ_end=0.160 CSR_train=0.000 done_count=100
[upd 10] u=0 upd_ctr=1 opt_step=16 E=0.779 g=0.114 VarTD=0.122236 ret_end=-25.937 dbar_end=0.692 occ_end=0.192 CSR_train=0.000 done_count=125
[upd 20] u=0 upd_ctr=2 opt_step=32 E=0.543 g=0.095 VarTD=0.158672 ret_end=-27.148 dbar_end=0.751 occ_end=0.144 CSR_train=0.000 done_count=125
[upd 30] u=0 upd_ctr=3 opt_step=48 E=0.332 g=0.116 VarTD=0.150421 ret_end=-25.298 dbar_end=0.686 occ_end=0.192 CSR_train=0.000 done_count=125
[upd 40] u=1 upd_ctr=4 opt_step=64 E=0.122 g=0.104 VarTD=0.146822 ret_end=-26.172 dbar_end=0.722 occ_end=0.208 CSR_train=0.000 done_count=125
[upd 50] u=0 upd_ctr=4 opt_step=64 E=0.832 g=0.102 VarTD=0.158327 ret_end=-26.910 dbar_end=0.728 occ_end=0.144 CSR_train=0.000 done_count=125
[upd 60] u=0 upd_ctr=5 opt_step=80 E=0.653 g=0.112 VarTD=0.179041 ret_end=-27.481 dbar_end=0.698 occ_end=0.264 CSR_train=0.000 done_count=125
[upd 70] u=0 upd_ctr=6 opt_step=96 E=0.449 g=0.090 VarTD=0.176205 ret_end=-27.804 dbar_end=0.769 occ_end=0.160 CSR_train=0.000 done_count=125
[upd 80] u=0 upd_ctr=7 opt_step=112 E=0.268 g=0.106 VarTD=0.146962 ret_end=-26.722 dbar_end=0.713 occ_end=0.112 CSR_train=0.000 done_count=125
[upd 90] u=1 upd_ctr=8 opt_step=128 E=0.141 g=0.110 VarTD=0.149215 ret_end=-25.490 dbar_end=0.702 occ_end=0.192 CSR_train=0.000 done_count=125
[upd 100] u=0 upd_ctr=8 opt_step=128 E=0.923 g=0.118 VarTD=0.139072 ret_end=-25.079 dbar_end=0.681 occ_end=0.248 CSR_train=0.000 done_count=125
[upd 110] u=0 upd_ctr=9 opt_step=144 E=0.828 g=0.119 VarTD=0.156503 ret_end=-26.770 dbar_end=0.677 occ_end=0.184 CSR_train=0.000 done_count=125
[upd 120] u=0 upd_ctr=10 opt_step=160 E=0.761 g=0.112 VarTD=0.161182 ret_end=-26.018 dbar_end=0.696 occ_end=0.200 CSR_train=0.000 done_count=125
[upd 130] u=0 upd_ctr=11 opt_step=176 E=0.703 g=0.128 VarTD=0.169268 ret_end=-25.853 dbar_end=0.654 occ_end=0.300 CSR_train=0.000 done_count=100
[upd 140] u=0 upd_ctr=12 opt_step=192 E=0.681 g=0.129 VarTD=0.237385 ret_end=-26.122 dbar_end=0.652 occ_end=0.296 CSR_train=0.000 done_count=125
[upd 150] u=0 upd_ctr=13 opt_step=208 E=0.648 g=0.127 VarTD=0.203465 ret_end=-25.448 dbar_end=0.656 occ_end=0.120 CSR_train=0.000 done_count=125
[upd 160] u=0 upd_ctr=14 opt_step=224 E=0.680 g=0.137 VarTD=0.256442 ret_end=-25.360 dbar_end=0.634 occ_end=0.192 CSR_train=0.000 done_count=125
[upd 170] u=0 upd_ctr=15 opt_step=240 E=0.691 g=0.128 VarTD=0.284893 ret_end=-24.823 dbar_end=0.654 occ_end=0.200 CSR_train=0.000 done_count=125
[upd 180] u=0 upd_ctr=16 opt_step=256 E=0.697 g=0.145 VarTD=0.339496 ret_end=-24.846 dbar_end=0.615 occ_end=0.216 CSR_train=0.000 done_count=125
[upd 190] u=0 upd_ctr=17 opt_step=272 E=0.772 g=0.149 VarTD=0.388270 ret_end=-25.010 dbar_end=0.607 occ_end=0.192 CSR_train=0.000 done_count=125
[upd 200] u=0 upd_ctr=18 opt_step=288 E=0.887 g=0.139 VarTD=0.419443 ret_end=-24.575 dbar_end=0.628 occ_end=0.304 CSR_train=0.000 done_count=125
[upd 210] u=1 upd_ctr=20 opt_step=320 E=0.108 g=0.144 VarTD=0.538424 ret_end=-25.048 dbar_end=0.618 occ_end=0.256 CSR_train=0.000 done_count=125
[upd 220] u=0 upd_ctr=21 opt_step=336 E=0.261 g=0.145 VarTD=0.697591 ret_end=-25.007 dbar_end=0.615 occ_end=0.288 CSR_train=0.000 done_count=125
[upd 230] u=0 upd_ctr=22 opt_step=352 E=0.454 g=0.168 VarTD=0.807803 ret_end=-23.593 dbar_end=0.569 occ_end=0.288 CSR_train=0.000 done_count=125
[upd 240] u=0 upd_ctr=23 opt_step=368 E=0.647 g=0.146 VarTD=0.910213 ret_end=-24.623 dbar_end=0.612 occ_end=0.216 CSR_train=0.000 done_count=125
[upd 250] u=0 upd_ctr=24 opt_step=384 E=0.876 g=0.180 VarTD=1.046034 ret_end=-24.005 dbar_end=0.545 occ_end=0.328 CSR_train=0.000 done_count=125
[upd 260] u=0 upd_ctr=26 opt_step=416 E=0.225 g=0.156 VarTD=1.082186 ret_end=-24.576 dbar_end=0.592 occ_end=0.250 CSR_train=0.000 done_count=100
[upd 270] u=0 upd_ctr=27 opt_step=432 E=0.480 g=0.164 VarTD=1.387322 ret_end=-23.892 dbar_end=0.577 occ_end=0.312 CSR_train=0.000 done_count=125
[upd 280] u=0 upd_ctr=28 opt_step=448 E=0.771 g=0.163 VarTD=1.553574 ret_end=-24.882 dbar_end=0.578 occ_end=0.248 CSR_train=0.000 done_count=125
[upd 290] u=1 upd_ctr=30 opt_step=480 E=0.148 g=0.174 VarTD=1.688610 ret_end=-22.716 dbar_end=0.556 occ_end=0.280 CSR_train=0.000 done_count=125
[upd 300] u=0 upd_ctr=31 opt_step=496 E=0.413 g=0.170 VarTD=1.983650 ret_end=-24.222 dbar_end=0.565 occ_end=0.312 CSR_train=0.000 done_count=125
[upd 310] u=0 upd_ctr=32 opt_step=512 E=0.699 g=0.172 VarTD=2.163553 ret_end=-23.562 dbar_end=0.561 occ_end=0.256 CSR_train=0.000 done_count=125
[Gate5 check] update_counter violations: t0=0 diffs=0
[Gate5 check] opt_step violations: t0=0 diffs=0 (expected_inc=16)
[Gate5 check] NaN masking: nan_on_skip=True finite_on_update=True
[Gate5 summary] mean_update_fraction=0.1026 final_executed_updates_mean=32.00
[Gate5 eval] done_count mean=100.0 CSR mean=0.0000 len_end_mean=26.00
[Gate5 eval] episodes_per_env=4 T_eval=104
[Gate5 eval-debug] locked_eps_occ=0.20 pre(step25): dbar_end=0.478204 occupied_end_mean=0.390000 max_tilde_end_mean=0.707789 CSR@locked=0.000000
[Gate5 eval-debug] locked_eps_occ=0.20 post(step26): dbar_end=0.482823 occupied_end_mean=0.330000 max_tilde_end_mean=0.708873 CSR@locked=0.000000
[Gate5 eval-debug] CSR_pre@0.10=0.0000 CSR_pre@0.15=0.0000 CSR_pre@0.20=0.0000 CSR_pre@0.25=0.0200 CSR_pre@0.30=0.0200
[Gate5 eval-debug] CSR_post@0.10=0.0000 CSR_post@0.15=0.0000 CSR_post@0.20=0.0000 CSR_post@0.25=0.0100 CSR_post@0.30=0.0400
