Importing submoduled environments...
Submoduled environments not found. Skipping import.
[upd 0] u=1 upd_ctr=1 opt_step=16 E=0.089 g=0.089 VarTD=0.155748 ret_end=-26.495 dbar_end=0.769 occ_end=0.110 CSR_train=0.000 done_count=100
[upd 10] u=0 upd_ctr=1 opt_step=16 E=1.000 g=0.096 VarTD=0.160584 ret_end=-27.044 dbar_end=0.748 occ_end=0.128 CSR_train=0.000 done_count=125
[upd 20] u=0 upd_ctr=2 opt_step=32 E=0.937 g=0.083 VarTD=0.210655 ret_end=-28.579 dbar_end=0.792 occ_end=0.168 CSR_train=0.000 done_count=125
[upd 30] u=0 upd_ctr=3 opt_step=48 E=0.862 g=0.093 VarTD=0.169490 ret_end=-27.149 dbar_end=0.756 occ_end=0.168 CSR_train=0.000 done_count=125
[upd 40] u=0 upd_ctr=4 opt_step=64 E=0.758 g=0.098 VarTD=0.172968 ret_end=-26.538 dbar_end=0.739 occ_end=0.168 CSR_train=0.000 done_count=125
[upd 50] u=0 upd_ctr=5 opt_step=80 E=0.723 g=0.104 VarTD=0.144593 ret_end=-26.935 dbar_end=0.721 occ_end=0.176 CSR_train=0.000 done_count=125
[upd 60] u=0 upd_ctr=6 opt_step=96 E=0.718 g=0.108 VarTD=0.158226 ret_end=-26.564 dbar_end=0.710 occ_end=0.184 CSR_train=0.000 done_count=125
[upd 70] u=0 upd_ctr=7 opt_step=112 E=0.795 g=0.117 VarTD=0.151594 ret_end=-25.442 dbar_end=0.685 occ_end=0.200 CSR_train=0.000 done_count=125
[upd 80] u=0 upd_ctr=8 opt_step=128 E=0.933 g=0.114 VarTD=0.146627 ret_end=-26.213 dbar_end=0.692 occ_end=0.184 CSR_train=0.000 done_count=125
[upd 90] u=0 upd_ctr=9 opt_step=144 E=1.000 g=0.121 VarTD=0.140988 ret_end=-25.823 dbar_end=0.673 occ_end=0.152 CSR_train=0.000 done_count=125
[upd 100] u=0 upd_ctr=11 opt_step=176 E=0.259 g=0.126 VarTD=0.176446 ret_end=-25.771 dbar_end=0.659 occ_end=0.184 CSR_train=0.000 done_count=125
[upd 110] u=0 upd_ctr=12 opt_step=192 E=0.512 g=0.135 VarTD=0.195184 ret_end=-25.838 dbar_end=0.638 occ_end=0.168 CSR_train=0.000 done_count=125
[upd 120] u=0 upd_ctr=13 opt_step=208 E=0.854 g=0.158 VarTD=0.196772 ret_end=-24.404 dbar_end=0.588 occ_end=0.272 CSR_train=0.000 done_count=125
[Gate5 check] update_counter violations: t0=0 diffs=0
[Gate5 check] opt_step violations: t0=0 diffs=0 (expected_inc=16)
[Gate5 check] NaN masking: nan_on_skip=True finite_on_update=True
[Gate5 summary] mean_update_fraction=0.1120 final_executed_updates_mean=14.00
[Gate5 eval] done_count mean=100.0 CSR mean=0.0000 len_end_mean=26.00
[Gate5 eval] episodes_per_env=4 T_eval=104
[Gate5 eval-debug] locked_eps_occ=0.20 pre(step25): dbar_end=0.485649 occupied_end_mean=0.350000 max_tilde_end_mean=0.704279 CSR@locked=0.010000
[Gate5 eval-debug] locked_eps_occ=0.20 post(step26): dbar_end=0.481782 occupied_end_mean=0.400000 max_tilde_end_mean=0.701747 CSR@locked=0.000000
[Gate5 eval-debug] CSR_pre@0.10=0.0000 CSR_pre@0.15=0.0000 CSR_pre@0.20=0.0100 CSR_pre@0.25=0.0100 CSR_pre@0.30=0.0200
[Gate5 eval-debug] CSR_post@0.10=0.0000 CSR_post@0.15=0.0000 CSR_post@0.20=0.0000 CSR_post@0.25=0.0100 CSR_post@0.30=0.0300
