Importing submoduled environments...
Submoduled environments not found. Skipping import.
[upd 0] u=1 upd_ctr=1 opt_step=16 E=0.020 g=0.102 VarTD=0.148347 ret_end=-26.397 dbar_end=0.726 occ_end=0.190 CSR_train=0.000 done_count=100
[upd 10] u=0 upd_ctr=1 opt_step=16 E=0.207 g=0.089 VarTD=0.167256 ret_end=-27.327 dbar_end=0.769 occ_end=0.152 CSR_train=0.008 done_count=125
[upd 20] u=0 upd_ctr=1 opt_step=16 E=0.393 g=0.085 VarTD=0.176565 ret_end=-27.948 dbar_end=0.785 occ_end=0.184 CSR_train=0.000 done_count=125
[upd 30] u=0 upd_ctr=1 opt_step=16 E=0.579 g=0.093 VarTD=0.173480 ret_end=-28.125 dbar_end=0.755 occ_end=0.184 CSR_train=0.000 done_count=125
[upd 40] u=0 upd_ctr=1 opt_step=16 E=0.765 g=0.094 VarTD=0.167089 ret_end=-27.289 dbar_end=0.754 occ_end=0.112 CSR_train=0.000 done_count=125
[upd 50] u=0 upd_ctr=1 opt_step=16 E=0.946 g=0.107 VarTD=0.160113 ret_end=-26.420 dbar_end=0.712 occ_end=0.152 CSR_train=0.000 done_count=125
[upd 60] u=0 upd_ctr=2 opt_step=32 E=0.131 g=0.083 VarTD=0.189940 ret_end=-28.713 dbar_end=0.792 occ_end=0.120 CSR_train=0.000 done_count=125
[upd 70] u=0 upd_ctr=2 opt_step=32 E=0.327 g=0.099 VarTD=0.162231 ret_end=-26.685 dbar_end=0.736 occ_end=0.144 CSR_train=0.000 done_count=125
[upd 80] u=0 upd_ctr=2 opt_step=32 E=0.523 g=0.098 VarTD=0.144431 ret_end=-27.857 dbar_end=0.739 occ_end=0.192 CSR_train=0.000 done_count=125
[upd 90] u=0 upd_ctr=2 opt_step=32 E=0.710 g=0.088 VarTD=0.159559 ret_end=-27.395 dbar_end=0.773 occ_end=0.176 CSR_train=0.000 done_count=125
[upd 100] u=0 upd_ctr=2 opt_step=32 E=0.914 g=0.098 VarTD=0.171289 ret_end=-26.848 dbar_end=0.739 occ_end=0.136 CSR_train=0.000 done_count=125
[upd 110] u=0 upd_ctr=3 opt_step=48 E=0.098 g=0.084 VarTD=0.152924 ret_end=-28.598 dbar_end=0.788 occ_end=0.176 CSR_train=0.000 done_count=125
[upd 120] u=0 upd_ctr=3 opt_step=48 E=0.298 g=0.102 VarTD=0.135063 ret_end=-26.928 dbar_end=0.726 occ_end=0.152 CSR_train=0.000 done_count=125
[upd 130] u=0 upd_ctr=3 opt_step=48 E=0.508 g=0.108 VarTD=0.129344 ret_end=-26.261 dbar_end=0.708 occ_end=0.210 CSR_train=0.000 done_count=100
[upd 140] u=0 upd_ctr=3 opt_step=48 E=0.708 g=0.097 VarTD=0.142678 ret_end=-28.006 dbar_end=0.743 occ_end=0.112 CSR_train=0.000 done_count=125
[upd 150] u=0 upd_ctr=3 opt_step=48 E=0.904 g=0.094 VarTD=0.181510 ret_end=-27.187 dbar_end=0.752 occ_end=0.128 CSR_train=0.000 done_count=125
[upd 160] u=0 upd_ctr=4 opt_step=64 E=0.100 g=0.106 VarTD=0.166339 ret_end=-26.745 dbar_end=0.715 occ_end=0.152 CSR_train=0.000 done_count=125
[upd 170] u=0 upd_ctr=4 opt_step=64 E=0.307 g=0.114 VarTD=0.120792 ret_end=-26.041 dbar_end=0.692 occ_end=0.144 CSR_train=0.000 done_count=125
[upd 180] u=0 upd_ctr=4 opt_step=64 E=0.514 g=0.097 VarTD=0.180021 ret_end=-26.280 dbar_end=0.743 occ_end=0.136 CSR_train=0.000 done_count=125
[upd 190] u=0 upd_ctr=4 opt_step=64 E=0.723 g=0.105 VarTD=0.159461 ret_end=-26.920 dbar_end=0.717 occ_end=0.104 CSR_train=0.000 done_count=125
[upd 200] u=0 upd_ctr=4 opt_step=64 E=0.931 g=0.093 VarTD=0.171614 ret_end=-28.091 dbar_end=0.755 occ_end=0.104 CSR_train=0.000 done_count=125
[upd 210] u=0 upd_ctr=5 opt_step=80 E=0.131 g=0.110 VarTD=0.121706 ret_end=-25.465 dbar_end=0.702 occ_end=0.168 CSR_train=0.000 done_count=125
[upd 220] u=0 upd_ctr=5 opt_step=80 E=0.344 g=0.112 VarTD=0.132932 ret_end=-26.047 dbar_end=0.697 occ_end=0.088 CSR_train=0.000 done_count=125
[upd 230] u=0 upd_ctr=5 opt_step=80 E=0.561 g=0.108 VarTD=0.121898 ret_end=-25.898 dbar_end=0.709 occ_end=0.248 CSR_train=0.000 done_count=125
[upd 240] u=0 upd_ctr=5 opt_step=80 E=0.768 g=0.105 VarTD=0.149661 ret_end=-26.925 dbar_end=0.717 occ_end=0.184 CSR_train=0.000 done_count=125
[upd 250] u=0 upd_ctr=5 opt_step=80 E=0.985 g=0.107 VarTD=0.141200 ret_end=-26.430 dbar_end=0.712 occ_end=0.160 CSR_train=0.000 done_count=125
[upd 260] u=0 upd_ctr=6 opt_step=96 E=0.205 g=0.110 VarTD=0.129269 ret_end=-25.427 dbar_end=0.703 occ_end=0.150 CSR_train=0.000 done_count=100
[upd 270] u=0 upd_ctr=6 opt_step=96 E=0.438 g=0.118 VarTD=0.129938 ret_end=-26.012 dbar_end=0.682 occ_end=0.256 CSR_train=0.000 done_count=125
[upd 280] u=0 upd_ctr=6 opt_step=96 E=0.662 g=0.111 VarTD=0.153838 ret_end=-26.596 dbar_end=0.701 occ_end=0.120 CSR_train=0.000 done_count=125
[upd 290] u=0 upd_ctr=6 opt_step=96 E=0.890 g=0.115 VarTD=0.152210 ret_end=-26.349 dbar_end=0.688 occ_end=0.184 CSR_train=0.000 done_count=125
[upd 300] u=0 upd_ctr=7 opt_step=112 E=0.116 g=0.119 VarTD=0.163437 ret_end=-26.292 dbar_end=0.677 occ_end=0.224 CSR_train=0.000 done_count=125
[upd 310] u=0 upd_ctr=7 opt_step=112 E=0.361 g=0.113 VarTD=0.147076 ret_end=-26.614 dbar_end=0.695 occ_end=0.168 CSR_train=0.000 done_count=125
[Gate5 check] update_counter violations: t0=0 diffs=0
[Gate5 check] opt_step violations: t0=0 diffs=0 (expected_inc=16)
[Gate5 check] NaN masking: nan_on_skip=True finite_on_update=True
[Gate5 summary] mean_update_fraction=0.0224 final_executed_updates_mean=7.00
[Gate5 eval] done_count mean=100.0 CSR mean=0.0000 len_end_mean=26.00
[Gate5 eval] episodes_per_env=4 T_eval=104
[Gate5 eval-debug] locked_eps_occ=0.20 pre(step25): dbar_end=0.509948 occupied_end_mean=0.260000 max_tilde_end_mean=0.718672 CSR@locked=0.000000
[Gate5 eval-debug] locked_eps_occ=0.20 post(step26): dbar_end=0.505079 occupied_end_mean=0.320000 max_tilde_end_mean=0.714876 CSR@locked=0.000000
[Gate5 eval-debug] CSR_pre@0.10=0.0000 CSR_pre@0.15=0.0000 CSR_pre@0.20=0.0000 CSR_pre@0.25=0.0100 CSR_pre@0.30=0.0200
[Gate5 eval-debug] CSR_post@0.10=0.0000 CSR_post@0.15=0.0000 CSR_post@0.20=0.0000 CSR_post@0.25=0.0000 CSR_post@0.30=0.0100
