Importing submoduled environments...
Submoduled environments not found. Skipping import.
[upd 0] u=1 upd_ctr=1 opt_step=16 E=0.078 g=0.092 VarTD=0.142843 ret_end=-27.084 dbar_end=0.760 occ_end=0.110 CSR_train=0.000 done_count=100
[upd 10] u=0 upd_ctr=1 opt_step=16 E=0.349 g=0.091 VarTD=0.164683 ret_end=-27.227 dbar_end=0.764 occ_end=0.176 CSR_train=0.000 done_count=125
[upd 20] u=0 upd_ctr=1 opt_step=16 E=0.632 g=0.080 VarTD=0.174803 ret_end=-28.589 dbar_end=0.804 occ_end=0.112 CSR_train=0.000 done_count=125
[upd 30] u=0 upd_ctr=1 opt_step=16 E=0.917 g=0.092 VarTD=0.132511 ret_end=-27.386 dbar_end=0.758 occ_end=0.160 CSR_train=0.000 done_count=125
[upd 40] u=0 upd_ctr=2 opt_step=32 E=0.259 g=0.099 VarTD=0.142718 ret_end=-26.537 dbar_end=0.735 occ_end=0.136 CSR_train=0.000 done_count=125
[upd 50] u=0 upd_ctr=2 opt_step=32 E=0.559 g=0.094 VarTD=0.133697 ret_end=-27.338 dbar_end=0.754 occ_end=0.160 CSR_train=0.000 done_count=125
[upd 60] u=0 upd_ctr=2 opt_step=32 E=0.864 g=0.119 VarTD=0.149381 ret_end=-25.526 dbar_end=0.679 occ_end=0.168 CSR_train=0.000 done_count=125
[upd 70] u=0 upd_ctr=3 opt_step=48 E=0.224 g=0.096 VarTD=0.156269 ret_end=-27.059 dbar_end=0.746 occ_end=0.144 CSR_train=0.000 done_count=125
[upd 80] u=0 upd_ctr=3 opt_step=48 E=0.540 g=0.103 VarTD=0.147282 ret_end=-26.748 dbar_end=0.723 occ_end=0.176 CSR_train=0.000 done_count=125
[upd 90] u=0 upd_ctr=3 opt_step=48 E=0.868 g=0.107 VarTD=0.126575 ret_end=-26.256 dbar_end=0.713 occ_end=0.104 CSR_train=0.000 done_count=125
[upd 100] u=0 upd_ctr=4 opt_step=64 E=0.245 g=0.111 VarTD=0.142838 ret_end=-27.607 dbar_end=0.699 occ_end=0.160 CSR_train=0.000 done_count=125
[upd 110] u=0 upd_ctr=4 opt_step=64 E=0.583 g=0.126 VarTD=0.143436 ret_end=-26.199 dbar_end=0.660 occ_end=0.224 CSR_train=0.008 done_count=125
[upd 120] u=0 upd_ctr=4 opt_step=64 E=0.925 g=0.105 VarTD=0.120009 ret_end=-26.259 dbar_end=0.719 occ_end=0.144 CSR_train=0.000 done_count=125
[upd 130] u=0 upd_ctr=5 opt_step=80 E=0.312 g=0.099 VarTD=0.159361 ret_end=-27.019 dbar_end=0.735 occ_end=0.140 CSR_train=0.000 done_count=100
[upd 140] u=0 upd_ctr=5 opt_step=80 E=0.654 g=0.119 VarTD=0.157126 ret_end=-25.931 dbar_end=0.677 occ_end=0.216 CSR_train=0.000 done_count=125
[upd 150] u=1 upd_ctr=6 opt_step=96 E=0.033 g=0.108 VarTD=0.124641 ret_end=-25.060 dbar_end=0.708 occ_end=0.152 CSR_train=0.000 done_count=125
[upd 160] u=0 upd_ctr=6 opt_step=96 E=0.368 g=0.109 VarTD=0.157756 ret_end=-26.467 dbar_end=0.705 occ_end=0.192 CSR_train=0.000 done_count=125
[upd 170] u=0 upd_ctr=6 opt_step=96 E=0.713 g=0.116 VarTD=0.141267 ret_end=-25.671 dbar_end=0.687 occ_end=0.152 CSR_train=0.000 done_count=125
[upd 180] u=0 upd_ctr=7 opt_step=112 E=0.099 g=0.116 VarTD=0.137105 ret_end=-25.808 dbar_end=0.687 occ_end=0.224 CSR_train=0.000 done_count=125
[upd 190] u=0 upd_ctr=7 opt_step=112 E=0.456 g=0.113 VarTD=0.159740 ret_end=-26.484 dbar_end=0.695 occ_end=0.192 CSR_train=0.000 done_count=125
[upd 200] u=0 upd_ctr=7 opt_step=112 E=0.811 g=0.111 VarTD=0.178241 ret_end=-26.644 dbar_end=0.701 occ_end=0.224 CSR_train=0.000 done_count=125
[upd 210] u=0 upd_ctr=8 opt_step=128 E=0.208 g=0.132 VarTD=0.163647 ret_end=-25.499 dbar_end=0.646 occ_end=0.152 CSR_train=0.000 done_count=125
[upd 220] u=0 upd_ctr=8 opt_step=128 E=0.574 g=0.124 VarTD=0.141305 ret_end=-25.691 dbar_end=0.664 occ_end=0.152 CSR_train=0.000 done_count=125
[upd 230] u=0 upd_ctr=8 opt_step=128 E=0.932 g=0.122 VarTD=0.173375 ret_end=-25.682 dbar_end=0.669 occ_end=0.288 CSR_train=0.000 done_count=125
[upd 240] u=0 upd_ctr=9 opt_step=144 E=0.350 g=0.115 VarTD=0.221986 ret_end=-26.566 dbar_end=0.689 occ_end=0.264 CSR_train=0.008 done_count=125
[upd 250] u=0 upd_ctr=9 opt_step=144 E=0.729 g=0.127 VarTD=0.134282 ret_end=-26.157 dbar_end=0.657 occ_end=0.240 CSR_train=0.000 done_count=125
[upd 260] u=0 upd_ctr=10 opt_step=160 E=0.159 g=0.133 VarTD=0.157439 ret_end=-24.696 dbar_end=0.643 occ_end=0.220 CSR_train=0.000 done_count=100
[upd 270] u=0 upd_ctr=10 opt_step=160 E=0.537 g=0.118 VarTD=0.178302 ret_end=-25.722 dbar_end=0.680 occ_end=0.208 CSR_train=0.000 done_count=125
[upd 280] u=0 upd_ctr=10 opt_step=160 E=0.913 g=0.140 VarTD=0.142649 ret_end=-25.256 dbar_end=0.626 occ_end=0.296 CSR_train=0.008 done_count=125
[upd 290] u=0 upd_ctr=11 opt_step=176 E=0.350 g=0.139 VarTD=0.164181 ret_end=-25.096 dbar_end=0.628 occ_end=0.224 CSR_train=0.000 done_count=125
[upd 300] u=0 upd_ctr=11 opt_step=176 E=0.724 g=0.115 VarTD=0.174361 ret_end=-25.658 dbar_end=0.688 occ_end=0.160 CSR_train=0.000 done_count=125
[upd 310] u=0 upd_ctr=12 opt_step=192 E=0.148 g=0.122 VarTD=0.191646 ret_end=-25.795 dbar_end=0.671 occ_end=0.224 CSR_train=0.000 done_count=125
[Gate5 check] update_counter violations: t0=0 diffs=0
[Gate5 check] opt_step violations: t0=0 diffs=0 (expected_inc=16)
[Gate5 check] NaN masking: nan_on_skip=True finite_on_update=True
[Gate5 summary] mean_update_fraction=0.0385 final_executed_updates_mean=12.00
[Gate5 eval] done_count mean=100.0 CSR mean=0.0000 len_end_mean=26.00
[Gate5 eval] episodes_per_env=4 T_eval=104
[Gate5 eval-debug] locked_eps_occ=0.20 pre(step25): dbar_end=0.506216 occupied_end_mean=0.310000 max_tilde_end_mean=0.723413 CSR@locked=0.000000
[Gate5 eval-debug] locked_eps_occ=0.20 post(step26): dbar_end=0.501941 occupied_end_mean=0.280000 max_tilde_end_mean=0.715221 CSR@locked=0.000000
[Gate5 eval-debug] CSR_pre@0.10=0.0000 CSR_pre@0.15=0.0000 CSR_pre@0.20=0.0000 CSR_pre@0.25=0.0200 CSR_pre@0.30=0.0300
[Gate5 eval-debug] CSR_post@0.10=0.0000 CSR_post@0.15=0.0000 CSR_post@0.20=0.0000 CSR_post@0.25=0.0100 CSR_post@0.30=0.0200
