Importing submoduled environments...
Submoduled environments not found. Skipping import.
[upd 0] u=1 upd_ctr=1 opt_step=16 E=0.119 g=0.087 VarTD=0.161819 ret_end=-28.699 dbar_end=0.778 occ_end=0.120 CSR_train=0.000 done_count=100
[upd 10] u=0 upd_ctr=1 opt_step=16 E=0.826 g=0.081 VarTD=0.173819 ret_end=-28.772 dbar_end=0.801 occ_end=0.160 CSR_train=0.000 done_count=125
[upd 20] u=0 upd_ctr=2 opt_step=32 E=0.628 g=0.088 VarTD=0.139344 ret_end=-27.005 dbar_end=0.775 occ_end=0.128 CSR_train=0.000 done_count=125
[upd 30] u=0 upd_ctr=3 opt_step=48 E=0.438 g=0.119 VarTD=0.134269 ret_end=-25.604 dbar_end=0.679 occ_end=0.224 CSR_train=0.000 done_count=125
[upd 40] u=0 upd_ctr=4 opt_step=64 E=0.287 g=0.101 VarTD=0.129534 ret_end=-26.446 dbar_end=0.729 occ_end=0.184 CSR_train=0.000 done_count=125
[upd 50] u=0 upd_ctr=5 opt_step=80 E=0.178 g=0.106 VarTD=0.159193 ret_end=-26.957 dbar_end=0.714 occ_end=0.208 CSR_train=0.000 done_count=125
[upd 60] u=1 upd_ctr=6 opt_step=96 E=0.091 g=0.105 VarTD=0.172894 ret_end=-27.312 dbar_end=0.719 occ_end=0.160 CSR_train=0.000 done_count=125
[upd 70] u=0 upd_ctr=6 opt_step=96 E=1.000 g=0.119 VarTD=0.138091 ret_end=-25.928 dbar_end=0.677 occ_end=0.200 CSR_train=0.000 done_count=125
[upd 80] u=0 upd_ctr=7 opt_step=112 E=0.984 g=0.110 VarTD=0.158587 ret_end=-27.728 dbar_end=0.703 occ_end=0.168 CSR_train=0.000 done_count=125
[upd 90] u=0 upd_ctr=8 opt_step=128 E=0.989 g=0.101 VarTD=0.216953 ret_end=-27.354 dbar_end=0.731 occ_end=0.160 CSR_train=0.000 done_count=125
[upd 100] u=0 upd_ctr=9 opt_step=144 E=1.000 g=0.115 VarTD=0.179811 ret_end=-26.268 dbar_end=0.688 occ_end=0.224 CSR_train=0.000 done_count=125
[upd 110] u=1 upd_ctr=11 opt_step=176 E=0.145 g=0.119 VarTD=0.184945 ret_end=-26.259 dbar_end=0.678 occ_end=0.184 CSR_train=0.000 done_count=125
[upd 120] u=0 upd_ctr=12 opt_step=192 E=0.269 g=0.140 VarTD=0.191387 ret_end=-24.629 dbar_end=0.626 occ_end=0.248 CSR_train=0.000 done_count=125
[upd 130] u=0 upd_ctr=13 opt_step=208 E=0.390 g=0.142 VarTD=0.210468 ret_end=-25.482 dbar_end=0.621 occ_end=0.290 CSR_train=0.000 done_count=100
[upd 140] u=0 upd_ctr=14 opt_step=224 E=0.506 g=0.138 VarTD=0.280907 ret_end=-25.481 dbar_end=0.631 occ_end=0.248 CSR_train=0.000 done_count=125
[upd 150] u=0 upd_ctr=15 opt_step=240 E=0.640 g=0.163 VarTD=0.304665 ret_end=-24.067 dbar_end=0.578 occ_end=0.264 CSR_train=0.000 done_count=125
[upd 160] u=0 upd_ctr=16 opt_step=256 E=0.841 g=0.167 VarTD=0.363135 ret_end=-23.311 dbar_end=0.570 occ_end=0.256 CSR_train=0.000 done_count=125
[upd 170] u=1 upd_ctr=18 opt_step=288 E=0.151 g=0.154 VarTD=0.407319 ret_end=-24.075 dbar_end=0.596 occ_end=0.256 CSR_train=0.000 done_count=125
[upd 180] u=0 upd_ctr=19 opt_step=304 E=0.404 g=0.152 VarTD=0.566601 ret_end=-24.038 dbar_end=0.600 occ_end=0.272 CSR_train=0.000 done_count=125
[upd 190] u=0 upd_ctr=20 opt_step=320 E=0.655 g=0.155 VarTD=0.644557 ret_end=-23.456 dbar_end=0.594 occ_end=0.216 CSR_train=0.000 done_count=125
[upd 200] u=0 upd_ctr=21 opt_step=336 E=0.913 g=0.158 VarTD=0.735748 ret_end=-24.381 dbar_end=0.589 occ_end=0.344 CSR_train=0.000 done_count=125
[upd 210] u=1 upd_ctr=23 opt_step=368 E=0.170 g=0.149 VarTD=0.873677 ret_end=-24.869 dbar_end=0.606 occ_end=0.216 CSR_train=0.000 done_count=125
[upd 220] u=0 upd_ctr=24 opt_step=384 E=0.503 g=0.150 VarTD=1.051851 ret_end=-24.284 dbar_end=0.604 occ_end=0.328 CSR_train=0.000 done_count=125
[upd 230] u=0 upd_ctr=25 opt_step=400 E=0.860 g=0.162 VarTD=1.203850 ret_end=-23.781 dbar_end=0.581 occ_end=0.208 CSR_train=0.000 done_count=125
[upd 240] u=1 upd_ctr=27 opt_step=432 E=0.166 g=0.145 VarTD=1.324282 ret_end=-24.725 dbar_end=0.614 occ_end=0.232 CSR_train=0.000 done_count=125
[upd 250] u=0 upd_ctr=28 opt_step=448 E=0.440 g=0.173 VarTD=1.694258 ret_end=-24.173 dbar_end=0.559 occ_end=0.320 CSR_train=0.000 done_count=125
[upd 260] u=0 upd_ctr=29 opt_step=464 E=0.802 g=0.162 VarTD=1.468552 ret_end=-24.616 dbar_end=0.580 occ_end=0.350 CSR_train=0.000 done_count=100
[upd 270] u=1 upd_ctr=31 opt_step=496 E=0.162 g=0.162 VarTD=1.908163 ret_end=-24.001 dbar_end=0.579 occ_end=0.296 CSR_train=0.000 done_count=125
[upd 280] u=0 upd_ctr=32 opt_step=512 E=0.540 g=0.157 VarTD=2.202188 ret_end=-24.302 dbar_end=0.589 occ_end=0.208 CSR_train=0.000 done_count=125
[upd 290] u=0 upd_ctr=33 opt_step=528 E=0.865 g=0.171 VarTD=2.398310 ret_end=-24.278 dbar_end=0.562 occ_end=0.248 CSR_train=0.000 done_count=125
[upd 300] u=0 upd_ctr=35 opt_step=560 E=0.305 g=0.171 VarTD=2.774356 ret_end=-24.250 dbar_end=0.563 occ_end=0.416 CSR_train=0.000 done_count=125
[upd 310] u=0 upd_ctr=36 opt_step=576 E=0.605 g=0.169 VarTD=2.937213 ret_end=-23.752 dbar_end=0.566 occ_end=0.264 CSR_train=0.000 done_count=125
[Gate5 check] update_counter violations: t0=0 diffs=0
[Gate5 check] opt_step violations: t0=0 diffs=0 (expected_inc=16)
[Gate5 check] NaN masking: nan_on_skip=True finite_on_update=True
[Gate5 summary] mean_update_fraction=0.1154 final_executed_updates_mean=36.00
[Gate5 eval] done_count mean=100.0 CSR mean=0.0000 len_end_mean=26.00
[Gate5 eval] episodes_per_env=4 T_eval=104
[Gate5 eval-debug] locked_eps_occ=0.20 pre(step25): dbar_end=0.505398 occupied_end_mean=0.370000 max_tilde_end_mean=0.732662 CSR@locked=0.000000
[Gate5 eval-debug] locked_eps_occ=0.20 post(step26): dbar_end=0.514515 occupied_end_mean=0.270000 max_tilde_end_mean=0.744121 CSR@locked=0.000000
[Gate5 eval-debug] CSR_pre@0.10=0.0000 CSR_pre@0.15=0.0000 CSR_pre@0.20=0.0000 CSR_pre@0.25=0.0000 CSR_pre@0.30=0.0300
[Gate5 eval-debug] CSR_post@0.10=0.0000 CSR_post@0.15=0.0000 CSR_post@0.20=0.0000 CSR_post@0.25=0.0000 CSR_post@0.30=0.0100
