Importing submoduled environments...
Submoduled environments not found. Skipping import.
[upd 0] u=1 upd_ctr=1 opt_step=16 E=0.348 g=0.096 VarTD=0.126111 ret_end=-26.492 dbar_end=0.745 occ_end=0.140 CSR_train=0.000 done_count=100
[upd 10] u=0 upd_ctr=2 opt_step=32 E=0.119 g=0.110 VarTD=0.140540 ret_end=-26.187 dbar_end=0.704 occ_end=0.184 CSR_train=0.000 done_count=125
[upd 20] u=0 upd_ctr=2 opt_step=32 E=0.620 g=0.094 VarTD=0.153488 ret_end=-27.343 dbar_end=0.752 occ_end=0.136 CSR_train=0.000 done_count=125
[upd 30] u=0 upd_ctr=3 opt_step=48 E=0.435 g=0.113 VarTD=0.129271 ret_end=-25.317 dbar_end=0.696 occ_end=0.184 CSR_train=0.000 done_count=125
[upd 40] u=0 upd_ctr=4 opt_step=64 E=0.270 g=0.118 VarTD=0.122219 ret_end=-25.357 dbar_end=0.680 occ_end=0.120 CSR_train=0.000 done_count=125
[upd 50] u=0 upd_ctr=5 opt_step=80 E=0.113 g=0.102 VarTD=0.165650 ret_end=-27.405 dbar_end=0.727 occ_end=0.104 CSR_train=0.000 done_count=125
[upd 60] u=0 upd_ctr=5 opt_step=80 E=0.672 g=0.118 VarTD=0.145720 ret_end=-25.900 dbar_end=0.682 occ_end=0.176 CSR_train=0.000 done_count=125
[upd 70] u=0 upd_ctr=6 opt_step=96 E=0.541 g=0.109 VarTD=0.138500 ret_end=-26.622 dbar_end=0.705 occ_end=0.160 CSR_train=0.000 done_count=125
[upd 80] u=0 upd_ctr=7 opt_step=112 E=0.441 g=0.126 VarTD=0.163018 ret_end=-25.592 dbar_end=0.659 occ_end=0.232 CSR_train=0.000 done_count=125
[upd 90] u=0 upd_ctr=8 opt_step=128 E=0.361 g=0.137 VarTD=0.154458 ret_end=-25.527 dbar_end=0.633 occ_end=0.328 CSR_train=0.000 done_count=125
[upd 100] u=0 upd_ctr=9 opt_step=144 E=0.308 g=0.134 VarTD=0.162324 ret_end=-25.755 dbar_end=0.640 occ_end=0.224 CSR_train=0.000 done_count=125
[upd 110] u=0 upd_ctr=10 opt_step=160 E=0.256 g=0.138 VarTD=0.168805 ret_end=-25.510 dbar_end=0.631 occ_end=0.248 CSR_train=0.000 done_count=125
[upd 120] u=0 upd_ctr=11 opt_step=176 E=0.183 g=0.124 VarTD=0.200409 ret_end=-26.694 dbar_end=0.665 occ_end=0.200 CSR_train=0.008 done_count=125
[Gate5 check] update_counter violations: t0=0 diffs=0
[Gate5 check] opt_step violations: t0=0 diffs=0 (expected_inc=16)
[Gate5 check] NaN masking: nan_on_skip=True finite_on_update=True
[Gate5 summary] mean_update_fraction=0.0880 final_executed_updates_mean=11.00
[Gate5 eval] done_count mean=100.0 CSR mean=0.0000 len_end_mean=26.00
[Gate5 eval] episodes_per_env=4 T_eval=104
[Gate5 eval-debug] locked_eps_occ=0.20 pre(step25): dbar_end=0.485460 occupied_end_mean=0.380000 max_tilde_end_mean=0.701117 CSR@locked=0.000000
[Gate5 eval-debug] locked_eps_occ=0.20 post(step26): dbar_end=0.488637 occupied_end_mean=0.340000 max_tilde_end_mean=0.704382 CSR@locked=0.000000
[Gate5 eval-debug] CSR_pre@0.10=0.0000 CSR_pre@0.15=0.0000 CSR_pre@0.20=0.0000 CSR_pre@0.25=0.0100 CSR_pre@0.30=0.0400
[Gate5 eval-debug] CSR_post@0.10=0.0000 CSR_post@0.15=0.0000 CSR_post@0.20=0.0000 CSR_post@0.25=0.0000 CSR_post@0.30=0.0200
