Importing submoduled environments...
Submoduled environments not found. Skipping import.
[upd 0] u=1 upd_ctr=1 opt_step=16 E=0.071 g=0.089 VarTD=0.203202 ret_end=-28.238 dbar_end=0.769 occ_end=0.170 CSR_train=0.000 done_count=100
[upd 10] u=0 upd_ctr=1 opt_step=16 E=0.833 g=0.094 VarTD=0.178732 ret_end=-27.407 dbar_end=0.753 occ_end=0.200 CSR_train=0.000 done_count=125
[upd 20] u=0 upd_ctr=2 opt_step=32 E=0.527 g=0.089 VarTD=0.149787 ret_end=-28.432 dbar_end=0.770 occ_end=0.152 CSR_train=0.000 done_count=125
[upd 30] u=0 upd_ctr=3 opt_step=48 E=0.240 g=0.098 VarTD=0.152645 ret_end=-27.306 dbar_end=0.739 occ_end=0.240 CSR_train=0.000 done_count=125
[upd 40] u=0 upd_ctr=3 opt_step=48 E=1.000 g=0.104 VarTD=0.142767 ret_end=-26.253 dbar_end=0.721 occ_end=0.192 CSR_train=0.000 done_count=125
[upd 50] u=0 upd_ctr=4 opt_step=64 E=0.835 g=0.092 VarTD=0.164609 ret_end=-27.129 dbar_end=0.760 occ_end=0.104 CSR_train=0.000 done_count=125
[upd 60] u=0 upd_ctr=5 opt_step=80 E=0.576 g=0.104 VarTD=0.143132 ret_end=-26.878 dbar_end=0.720 occ_end=0.152 CSR_train=0.000 done_count=125
[upd 70] u=0 upd_ctr=6 opt_step=96 E=0.423 g=0.101 VarTD=0.141585 ret_end=-26.739 dbar_end=0.730 occ_end=0.168 CSR_train=0.000 done_count=125
[upd 80] u=0 upd_ctr=7 opt_step=112 E=0.255 g=0.112 VarTD=0.152156 ret_end=-25.375 dbar_end=0.696 occ_end=0.176 CSR_train=0.000 done_count=125
[upd 90] u=1 upd_ctr=8 opt_step=128 E=0.094 g=0.118 VarTD=0.139963 ret_end=-25.878 dbar_end=0.680 occ_end=0.176 CSR_train=0.000 done_count=125
[upd 100] u=0 upd_ctr=8 opt_step=128 E=0.954 g=0.097 VarTD=0.150793 ret_end=-27.842 dbar_end=0.743 occ_end=0.136 CSR_train=0.000 done_count=125
[upd 110] u=0 upd_ctr=9 opt_step=144 E=0.779 g=0.112 VarTD=0.145139 ret_end=-26.575 dbar_end=0.698 occ_end=0.256 CSR_train=0.000 done_count=125
[upd 120] u=0 upd_ctr=10 opt_step=160 E=0.641 g=0.108 VarTD=0.164260 ret_end=-26.576 dbar_end=0.709 occ_end=0.192 CSR_train=0.000 done_count=125
[upd 130] u=0 upd_ctr=11 opt_step=176 E=0.633 g=0.131 VarTD=0.161958 ret_end=-26.053 dbar_end=0.646 occ_end=0.280 CSR_train=0.000 done_count=100
[upd 140] u=0 upd_ctr=12 opt_step=192 E=0.618 g=0.121 VarTD=0.203918 ret_end=-25.934 dbar_end=0.673 occ_end=0.168 CSR_train=0.000 done_count=125
[upd 150] u=0 upd_ctr=13 opt_step=208 E=0.620 g=0.129 VarTD=0.232386 ret_end=-26.394 dbar_end=0.653 occ_end=0.304 CSR_train=0.000 done_count=125
[upd 160] u=0 upd_ctr=14 opt_step=224 E=0.639 g=0.139 VarTD=0.239549 ret_end=-25.103 dbar_end=0.629 occ_end=0.192 CSR_train=0.000 done_count=125
[upd 170] u=0 upd_ctr=15 opt_step=240 E=0.644 g=0.132 VarTD=0.302888 ret_end=-26.213 dbar_end=0.645 occ_end=0.232 CSR_train=0.000 done_count=125
[upd 180] u=0 upd_ctr=16 opt_step=256 E=0.648 g=0.131 VarTD=0.318358 ret_end=-25.464 dbar_end=0.648 occ_end=0.184 CSR_train=0.000 done_count=125
[upd 190] u=0 upd_ctr=17 opt_step=272 E=0.670 g=0.135 VarTD=0.390091 ret_end=-25.432 dbar_end=0.639 occ_end=0.304 CSR_train=0.000 done_count=125
[upd 200] u=0 upd_ctr=18 opt_step=288 E=0.745 g=0.132 VarTD=0.405954 ret_end=-25.348 dbar_end=0.646 occ_end=0.192 CSR_train=0.000 done_count=125
[upd 210] u=0 upd_ctr=19 opt_step=304 E=0.763 g=0.129 VarTD=0.495170 ret_end=-24.412 dbar_end=0.653 occ_end=0.144 CSR_train=0.000 done_count=125
[upd 220] u=0 upd_ctr=20 opt_step=320 E=0.781 g=0.147 VarTD=0.574177 ret_end=-24.714 dbar_end=0.610 occ_end=0.336 CSR_train=0.000 done_count=125
[upd 230] u=0 upd_ctr=21 opt_step=336 E=0.758 g=0.124 VarTD=0.660747 ret_end=-25.700 dbar_end=0.665 occ_end=0.120 CSR_train=0.000 done_count=125
[upd 240] u=0 upd_ctr=22 opt_step=352 E=0.723 g=0.129 VarTD=0.762478 ret_end=-24.640 dbar_end=0.652 occ_end=0.240 CSR_train=0.000 done_count=125
[upd 250] u=0 upd_ctr=23 opt_step=368 E=0.751 g=0.147 VarTD=0.895819 ret_end=-24.695 dbar_end=0.610 occ_end=0.200 CSR_train=0.000 done_count=125
[upd 260] u=0 upd_ctr=24 opt_step=384 E=0.757 g=0.134 VarTD=0.787665 ret_end=-25.229 dbar_end=0.640 occ_end=0.220 CSR_train=0.000 done_count=100
[upd 270] u=0 upd_ctr=25 opt_step=400 E=0.772 g=0.131 VarTD=1.110873 ret_end=-26.230 dbar_end=0.647 occ_end=0.184 CSR_train=0.000 done_count=125
[upd 280] u=0 upd_ctr=26 opt_step=416 E=0.909 g=0.142 VarTD=1.233177 ret_end=-24.691 dbar_end=0.621 occ_end=0.248 CSR_train=0.000 done_count=125
[upd 290] u=0 upd_ctr=27 opt_step=432 E=1.000 g=0.141 VarTD=1.343661 ret_end=-24.499 dbar_end=0.625 occ_end=0.256 CSR_train=0.000 done_count=125
[upd 300] u=1 upd_ctr=29 opt_step=464 E=0.113 g=0.141 VarTD=1.469674 ret_end=-24.947 dbar_end=0.623 occ_end=0.256 CSR_train=0.000 done_count=125
[upd 310] u=0 upd_ctr=30 opt_step=480 E=0.232 g=0.146 VarTD=1.776553 ret_end=-23.921 dbar_end=0.614 occ_end=0.200 CSR_train=0.000 done_count=125
[Gate5 check] update_counter violations: t0=0 diffs=0
[Gate5 check] opt_step violations: t0=0 diffs=0 (expected_inc=16)
[Gate5 check] NaN masking: nan_on_skip=True finite_on_update=True
[Gate5 summary] mean_update_fraction=0.0962 final_executed_updates_mean=30.00
[Gate5 eval] done_count mean=100.0 CSR mean=0.0300 len_end_mean=26.00
[Gate5 eval] episodes_per_env=4 T_eval=104
[Gate5 eval-debug] locked_eps_occ=0.20 pre(step25): dbar_end=0.433761 occupied_end_mean=0.530000 max_tilde_end_mean=0.626116 CSR@locked=0.010000
[Gate5 eval-debug] locked_eps_occ=0.20 post(step26): dbar_end=0.433946 occupied_end_mean=0.550000 max_tilde_end_mean=0.626288 CSR@locked=0.030000
[Gate5 eval-debug] CSR_pre@0.10=0.0000 CSR_pre@0.15=0.0000 CSR_pre@0.20=0.0100 CSR_pre@0.25=0.0400 CSR_pre@0.30=0.0600
[Gate5 eval-debug] CSR_post@0.10=0.0000 CSR_post@0.15=0.0000 CSR_post@0.20=0.0300 CSR_post@0.25=0.0600 CSR_post@0.30=0.0900
