Importing submoduled environments...
Submoduled environments not found. Skipping import.
[upd 0] u=1 upd_ctr=1 opt_step=16 E=0.067 g=0.085 VarTD=0.206615 ret_end=-28.597 dbar_end=0.786 occ_end=0.160 CSR_train=0.000 done_count=100
[upd 10] u=0 upd_ctr=1 opt_step=16 E=0.260 g=0.096 VarTD=0.212328 ret_end=-26.954 dbar_end=0.748 occ_end=0.176 CSR_train=0.000 done_count=125
[upd 20] u=0 upd_ctr=1 opt_step=16 E=0.451 g=0.095 VarTD=0.182918 ret_end=-26.851 dbar_end=0.750 occ_end=0.176 CSR_train=0.000 done_count=125
[upd 30] u=0 upd_ctr=1 opt_step=16 E=0.638 g=0.094 VarTD=0.197496 ret_end=-27.466 dbar_end=0.753 occ_end=0.184 CSR_train=0.000 done_count=125
[upd 40] u=0 upd_ctr=1 opt_step=16 E=0.830 g=0.089 VarTD=0.198772 ret_end=-28.160 dbar_end=0.772 occ_end=0.152 CSR_train=0.000 done_count=125
[upd 50] u=0 upd_ctr=2 opt_step=32 E=0.063 g=0.087 VarTD=0.197978 ret_end=-27.888 dbar_end=0.776 occ_end=0.136 CSR_train=0.000 done_count=125
[upd 60] u=0 upd_ctr=2 opt_step=32 E=0.258 g=0.091 VarTD=0.191111 ret_end=-27.424 dbar_end=0.765 occ_end=0.216 CSR_train=0.000 done_count=125
[upd 70] u=0 upd_ctr=2 opt_step=32 E=0.453 g=0.100 VarTD=0.187531 ret_end=-27.353 dbar_end=0.734 occ_end=0.192 CSR_train=0.000 done_count=125
[upd 80] u=0 upd_ctr=2 opt_step=32 E=0.645 g=0.101 VarTD=0.188406 ret_end=-27.424 dbar_end=0.731 occ_end=0.184 CSR_train=0.000 done_count=125
[upd 90] u=0 upd_ctr=2 opt_step=32 E=0.842 g=0.103 VarTD=0.195907 ret_end=-27.168 dbar_end=0.724 occ_end=0.144 CSR_train=0.000 done_count=125
[upd 100] u=0 upd_ctr=3 opt_step=48 E=0.089 g=0.108 VarTD=0.197638 ret_end=-26.257 dbar_end=0.708 occ_end=0.208 CSR_train=0.000 done_count=125
[upd 110] u=0 upd_ctr=3 opt_step=48 E=0.289 g=0.089 VarTD=0.190729 ret_end=-28.743 dbar_end=0.771 occ_end=0.224 CSR_train=0.000 done_count=125
[upd 120] u=0 upd_ctr=3 opt_step=48 E=0.489 g=0.101 VarTD=0.163463 ret_end=-26.423 dbar_end=0.731 occ_end=0.152 CSR_train=0.000 done_count=125
[upd 130] u=0 upd_ctr=3 opt_step=48 E=0.692 g=0.101 VarTD=0.180939 ret_end=-26.244 dbar_end=0.729 occ_end=0.140 CSR_train=0.000 done_count=100
[upd 140] u=0 upd_ctr=3 opt_step=48 E=0.890 g=0.090 VarTD=0.179158 ret_end=-27.380 dbar_end=0.767 occ_end=0.096 CSR_train=0.000 done_count=125
[upd 150] u=0 upd_ctr=4 opt_step=64 E=0.152 g=0.100 VarTD=0.163499 ret_end=-26.770 dbar_end=0.734 occ_end=0.152 CSR_train=0.000 done_count=125
[upd 160] u=0 upd_ctr=4 opt_step=64 E=0.361 g=0.116 VarTD=0.162189 ret_end=-26.413 dbar_end=0.686 occ_end=0.208 CSR_train=0.000 done_count=125
[upd 170] u=0 upd_ctr=4 opt_step=64 E=0.571 g=0.106 VarTD=0.175729 ret_end=-26.480 dbar_end=0.714 occ_end=0.200 CSR_train=0.000 done_count=125
[upd 180] u=0 upd_ctr=4 opt_step=64 E=0.775 g=0.106 VarTD=0.156976 ret_end=-26.234 dbar_end=0.714 occ_end=0.200 CSR_train=0.000 done_count=125
[upd 190] u=1 upd_ctr=5 opt_step=80 E=0.030 g=0.094 VarTD=0.180106 ret_end=-27.178 dbar_end=0.753 occ_end=0.168 CSR_train=0.000 done_count=125
[upd 200] u=0 upd_ctr=5 opt_step=80 E=0.248 g=0.107 VarTD=0.158881 ret_end=-26.138 dbar_end=0.712 occ_end=0.120 CSR_train=0.000 done_count=125
[upd 210] u=0 upd_ctr=5 opt_step=80 E=0.468 g=0.108 VarTD=0.170813 ret_end=-26.887 dbar_end=0.709 occ_end=0.208 CSR_train=0.000 done_count=125
[upd 220] u=0 upd_ctr=5 opt_step=80 E=0.678 g=0.100 VarTD=0.151179 ret_end=-26.578 dbar_end=0.732 occ_end=0.152 CSR_train=0.000 done_count=125
[upd 230] u=0 upd_ctr=5 opt_step=80 E=0.894 g=0.111 VarTD=0.196624 ret_end=-26.896 dbar_end=0.701 occ_end=0.200 CSR_train=0.000 done_count=125
[upd 240] u=0 upd_ctr=6 opt_step=96 E=0.173 g=0.132 VarTD=0.147388 ret_end=-25.261 dbar_end=0.646 occ_end=0.264 CSR_train=0.000 done_count=125
[upd 250] u=0 upd_ctr=6 opt_step=96 E=0.405 g=0.113 VarTD=0.153715 ret_end=-26.282 dbar_end=0.695 occ_end=0.176 CSR_train=0.000 done_count=125
[upd 260] u=0 upd_ctr=6 opt_step=96 E=0.633 g=0.113 VarTD=0.155893 ret_end=-25.166 dbar_end=0.693 occ_end=0.190 CSR_train=0.000 done_count=100
[upd 270] u=0 upd_ctr=6 opt_step=96 E=0.872 g=0.117 VarTD=0.168948 ret_end=-26.217 dbar_end=0.684 occ_end=0.224 CSR_train=0.000 done_count=125
[upd 280] u=0 upd_ctr=7 opt_step=112 E=0.163 g=0.117 VarTD=0.160437 ret_end=-26.064 dbar_end=0.683 occ_end=0.224 CSR_train=0.000 done_count=125
[upd 290] u=0 upd_ctr=7 opt_step=112 E=0.401 g=0.112 VarTD=0.151421 ret_end=-26.231 dbar_end=0.696 occ_end=0.168 CSR_train=0.000 done_count=125
[upd 300] u=0 upd_ctr=7 opt_step=112 E=0.647 g=0.128 VarTD=0.150940 ret_end=-25.668 dbar_end=0.654 occ_end=0.224 CSR_train=0.000 done_count=125
[upd 310] u=0 upd_ctr=7 opt_step=112 E=0.895 g=0.107 VarTD=0.173028 ret_end=-27.113 dbar_end=0.711 occ_end=0.232 CSR_train=0.000 done_count=125
[Gate5 check] update_counter violations: t0=0 diffs=0
[Gate5 check] opt_step violations: t0=0 diffs=0 (expected_inc=16)
[Gate5 check] NaN masking: nan_on_skip=True finite_on_update=True
[Gate5 summary] mean_update_fraction=0.0224 final_executed_updates_mean=7.00
[Gate5 eval] done_count mean=100.0 CSR mean=0.0100 len_end_mean=26.00
[Gate5 eval] episodes_per_env=4 T_eval=104
[Gate5 eval-debug] locked_eps_occ=0.20 pre(step25): dbar_end=0.526164 occupied_end_mean=0.370000 max_tilde_end_mean=0.757120 CSR@locked=0.000000
[Gate5 eval-debug] locked_eps_occ=0.20 post(step26): dbar_end=0.522917 occupied_end_mean=0.310000 max_tilde_end_mean=0.745115 CSR@locked=0.010000
[Gate5 eval-debug] CSR_pre@0.10=0.0000 CSR_pre@0.15=0.0000 CSR_pre@0.20=0.0000 CSR_pre@0.25=0.0100 CSR_pre@0.30=0.0300
[Gate5 eval-debug] CSR_post@0.10=0.0000 CSR_post@0.15=0.0000 CSR_post@0.20=0.0100 CSR_post@0.25=0.0300 CSR_post@0.30=0.0500
