Importing submoduled environments...
Submoduled environments not found. Skipping import.
[upd 0] u=1 upd_ctr=1 opt_step=16 E=0.111 g=0.105 VarTD=0.153100 ret_end=-26.906 dbar_end=0.718 occ_end=0.160 CSR_train=0.000 done_count=100
[upd 10] u=0 upd_ctr=1 opt_step=16 E=0.204 g=0.079 VarTD=0.158451 ret_end=-28.492 dbar_end=0.807 occ_end=0.088 CSR_train=0.000 done_count=125
[upd 20] u=0 upd_ctr=1 opt_step=16 E=0.298 g=0.100 VarTD=0.134152 ret_end=-26.725 dbar_end=0.733 occ_end=0.192 CSR_train=0.000 done_count=125
[upd 30] u=0 upd_ctr=1 opt_step=16 E=0.392 g=0.094 VarTD=0.161237 ret_end=-27.688 dbar_end=0.753 occ_end=0.144 CSR_train=0.000 done_count=125
[upd 40] u=0 upd_ctr=1 opt_step=16 E=0.485 g=0.087 VarTD=0.144865 ret_end=-28.561 dbar_end=0.778 occ_end=0.136 CSR_train=0.000 done_count=125
[upd 50] u=0 upd_ctr=1 opt_step=16 E=0.581 g=0.085 VarTD=0.140112 ret_end=-28.277 dbar_end=0.784 occ_end=0.128 CSR_train=0.000 done_count=125
[upd 60] u=0 upd_ctr=1 opt_step=16 E=0.672 g=0.093 VarTD=0.135486 ret_end=-27.188 dbar_end=0.755 occ_end=0.152 CSR_train=0.000 done_count=125
[upd 70] u=0 upd_ctr=1 opt_step=16 E=0.770 g=0.108 VarTD=0.128666 ret_end=-26.396 dbar_end=0.709 occ_end=0.176 CSR_train=0.000 done_count=125
[upd 80] u=0 upd_ctr=1 opt_step=16 E=0.867 g=0.109 VarTD=0.105546 ret_end=-25.559 dbar_end=0.705 occ_end=0.184 CSR_train=0.000 done_count=125
[upd 90] u=0 upd_ctr=2 opt_step=32 E=0.061 g=0.096 VarTD=0.140630 ret_end=-26.549 dbar_end=0.747 occ_end=0.168 CSR_train=0.000 done_count=125
[upd 100] u=0 upd_ctr=2 opt_step=32 E=0.160 g=0.097 VarTD=0.130922 ret_end=-27.115 dbar_end=0.742 occ_end=0.128 CSR_train=0.000 done_count=125
[upd 110] u=0 upd_ctr=2 opt_step=32 E=0.259 g=0.099 VarTD=0.141494 ret_end=-26.758 dbar_end=0.737 occ_end=0.128 CSR_train=0.000 done_count=125
[upd 120] u=0 upd_ctr=2 opt_step=32 E=0.359 g=0.097 VarTD=0.144173 ret_end=-27.628 dbar_end=0.744 occ_end=0.112 CSR_train=0.000 done_count=125
[upd 130] u=0 upd_ctr=2 opt_step=32 E=0.458 g=0.094 VarTD=0.131960 ret_end=-26.674 dbar_end=0.753 occ_end=0.100 CSR_train=0.000 done_count=100
[upd 140] u=0 upd_ctr=2 opt_step=32 E=0.559 g=0.104 VarTD=0.163628 ret_end=-26.846 dbar_end=0.721 occ_end=0.192 CSR_train=0.000 done_count=125
[upd 150] u=0 upd_ctr=2 opt_step=32 E=0.660 g=0.093 VarTD=0.179750 ret_end=-27.440 dbar_end=0.756 occ_end=0.168 CSR_train=0.000 done_count=125
[upd 160] u=0 upd_ctr=2 opt_step=32 E=0.763 g=0.106 VarTD=0.122224 ret_end=-26.449 dbar_end=0.715 occ_end=0.160 CSR_train=0.000 done_count=125
[upd 170] u=0 upd_ctr=2 opt_step=32 E=0.860 g=0.092 VarTD=0.141667 ret_end=-27.024 dbar_end=0.761 occ_end=0.112 CSR_train=0.000 done_count=125
[upd 180] u=0 upd_ctr=3 opt_step=48 E=0.058 g=0.114 VarTD=0.137533 ret_end=-26.072 dbar_end=0.692 occ_end=0.152 CSR_train=0.000 done_count=125
[upd 190] u=0 upd_ctr=3 opt_step=48 E=0.155 g=0.097 VarTD=0.163458 ret_end=-27.489 dbar_end=0.743 occ_end=0.168 CSR_train=0.000 done_count=125
[upd 200] u=0 upd_ctr=3 opt_step=48 E=0.253 g=0.104 VarTD=0.160649 ret_end=-26.848 dbar_end=0.722 occ_end=0.176 CSR_train=0.000 done_count=125
[upd 210] u=0 upd_ctr=3 opt_step=48 E=0.353 g=0.099 VarTD=0.124815 ret_end=-26.649 dbar_end=0.736 occ_end=0.152 CSR_train=0.000 done_count=125
[upd 220] u=0 upd_ctr=3 opt_step=48 E=0.450 g=0.105 VarTD=0.137329 ret_end=-27.433 dbar_end=0.718 occ_end=0.168 CSR_train=0.000 done_count=125
[upd 230] u=0 upd_ctr=3 opt_step=48 E=0.550 g=0.097 VarTD=0.134638 ret_end=-27.023 dbar_end=0.744 occ_end=0.144 CSR_train=0.000 done_count=125
[upd 240] u=0 upd_ctr=3 opt_step=48 E=0.647 g=0.095 VarTD=0.135233 ret_end=-27.482 dbar_end=0.748 occ_end=0.144 CSR_train=0.000 done_count=125
[upd 250] u=0 upd_ctr=3 opt_step=48 E=0.745 g=0.100 VarTD=0.126511 ret_end=-26.574 dbar_end=0.734 occ_end=0.152 CSR_train=0.000 done_count=125
[upd 260] u=0 upd_ctr=3 opt_step=48 E=0.846 g=0.106 VarTD=0.155588 ret_end=-26.540 dbar_end=0.716 occ_end=0.240 CSR_train=0.000 done_count=100
[upd 270] u=0 upd_ctr=4 opt_step=64 E=0.044 g=0.087 VarTD=0.139556 ret_end=-27.660 dbar_end=0.777 occ_end=0.120 CSR_train=0.000 done_count=125
[upd 280] u=0 upd_ctr=4 opt_step=64 E=0.147 g=0.095 VarTD=0.169659 ret_end=-27.548 dbar_end=0.748 occ_end=0.136 CSR_train=0.000 done_count=125
[upd 290] u=0 upd_ctr=4 opt_step=64 E=0.245 g=0.102 VarTD=0.149011 ret_end=-26.922 dbar_end=0.727 occ_end=0.136 CSR_train=0.000 done_count=125
[upd 300] u=0 upd_ctr=4 opt_step=64 E=0.348 g=0.096 VarTD=0.161831 ret_end=-27.067 dbar_end=0.746 occ_end=0.200 CSR_train=0.000 done_count=125
[upd 310] u=0 upd_ctr=4 opt_step=64 E=0.447 g=0.104 VarTD=0.168253 ret_end=-27.196 dbar_end=0.722 occ_end=0.160 CSR_train=0.000 done_count=125
[Gate5 check] update_counter violations: t0=0 diffs=0
[Gate5 check] opt_step violations: t0=0 diffs=0 (expected_inc=16)
[Gate5 check] NaN masking: nan_on_skip=True finite_on_update=True
[Gate5 summary] mean_update_fraction=0.0128 final_executed_updates_mean=4.00
[Gate5 eval] done_count mean=100.0 CSR mean=0.0000 len_end_mean=26.00
[Gate5 eval] episodes_per_env=4 T_eval=104
[Gate5 eval-debug] locked_eps_occ=0.20 pre(step25): dbar_end=0.626204 occupied_end_mean=0.250000 max_tilde_end_mean=0.893331 CSR@locked=0.000000
[Gate5 eval-debug] locked_eps_occ=0.20 post(step26): dbar_end=0.623215 occupied_end_mean=0.240000 max_tilde_end_mean=0.892965 CSR@locked=0.000000
[Gate5 eval-debug] CSR_pre@0.10=0.0000 CSR_pre@0.15=0.0000 CSR_pre@0.20=0.0000 CSR_pre@0.25=0.0000 CSR_pre@0.30=0.0000
[Gate5 eval-debug] CSR_post@0.10=0.0000 CSR_post@0.15=0.0000 CSR_post@0.20=0.0000 CSR_post@0.25=0.0000 CSR_post@0.30=0.0000
