Importing submoduled environments...
Submoduled environments not found. Skipping import.
[upd 0] u=1 upd_ctr=1 opt_step=16 E=0.646 g=0.092 VarTD=0.127621 ret_end=-27.319 dbar_end=0.760 occ_end=0.140 CSR_train=0.000 done_count=100
[upd 10] u=0 upd_ctr=3 opt_step=48 E=0.343 g=0.106 VarTD=0.157249 ret_end=-27.496 dbar_end=0.714 occ_end=0.200 CSR_train=0.008 done_count=125
[upd 20] u=0 upd_ctr=4 opt_step=64 E=0.431 g=0.089 VarTD=0.133211 ret_end=-28.022 dbar_end=0.771 occ_end=0.144 CSR_train=0.000 done_count=125
[upd 30] u=0 upd_ctr=6 opt_step=96 E=0.138 g=0.100 VarTD=0.134099 ret_end=-26.634 dbar_end=0.733 occ_end=0.200 CSR_train=0.000 done_count=125
[upd 40] u=0 upd_ctr=7 opt_step=112 E=0.241 g=0.100 VarTD=0.136468 ret_end=-26.942 dbar_end=0.732 occ_end=0.112 CSR_train=0.000 done_count=125
[upd 50] u=0 upd_ctr=8 opt_step=128 E=0.378 g=0.111 VarTD=0.139591 ret_end=-25.949 dbar_end=0.700 occ_end=0.200 CSR_train=0.008 done_count=125
[upd 60] u=0 upd_ctr=10 opt_step=160 E=0.151 g=0.121 VarTD=0.142671 ret_end=-26.103 dbar_end=0.674 occ_end=0.288 CSR_train=0.000 done_count=125
[upd 70] u=0 upd_ctr=11 opt_step=176 E=0.348 g=0.123 VarTD=0.188883 ret_end=-26.171 dbar_end=0.668 occ_end=0.224 CSR_train=0.000 done_count=125
[upd 80] u=0 upd_ctr=13 opt_step=208 E=0.186 g=0.134 VarTD=0.200649 ret_end=-25.098 dbar_end=0.640 occ_end=0.168 CSR_train=0.000 done_count=125
[upd 90] u=0 upd_ctr=14 opt_step=224 E=0.429 g=0.134 VarTD=0.231225 ret_end=-26.430 dbar_end=0.641 occ_end=0.200 CSR_train=0.000 done_count=125
[upd 100] u=0 upd_ctr=16 opt_step=256 E=0.305 g=0.136 VarTD=0.272417 ret_end=-24.095 dbar_end=0.636 occ_end=0.168 CSR_train=0.000 done_count=125
[upd 110] u=0 upd_ctr=18 opt_step=288 E=0.186 g=0.135 VarTD=0.396225 ret_end=-25.831 dbar_end=0.637 occ_end=0.272 CSR_train=0.000 done_count=125
[upd 120] u=1 upd_ctr=20 opt_step=320 E=0.085 g=0.147 VarTD=0.433127 ret_end=-24.888 dbar_end=0.611 occ_end=0.248 CSR_train=0.000 done_count=125
[Gate5 check] update_counter violations: t0=0 diffs=0
[Gate5 check] opt_step violations: t0=0 diffs=0 (expected_inc=16)
[Gate5 check] NaN masking: nan_on_skip=True finite_on_update=True
[Gate5 summary] mean_update_fraction=0.1600 final_executed_updates_mean=20.00
[Gate5 eval] done_count mean=100.0 CSR mean=0.0000 len_end_mean=26.00
[Gate5 eval] episodes_per_env=4 T_eval=104
[Gate5 eval-debug] locked_eps_occ=0.20 pre(step25): dbar_end=0.515883 occupied_end_mean=0.450000 max_tilde_end_mean=0.750707 CSR@locked=0.000000
[Gate5 eval-debug] locked_eps_occ=0.20 post(step26): dbar_end=0.510650 occupied_end_mean=0.380000 max_tilde_end_mean=0.743449 CSR@locked=0.000000
[Gate5 eval-debug] CSR_pre@0.10=0.0000 CSR_pre@0.15=0.0000 CSR_pre@0.20=0.0000 CSR_pre@0.25=0.0000 CSR_pre@0.30=0.0200
[Gate5 eval-debug] CSR_post@0.10=0.0000 CSR_post@0.15=0.0000 CSR_post@0.20=0.0000 CSR_post@0.25=0.0100 CSR_post@0.30=0.0200
