Importing submoduled environments...
Submoduled environments not found. Skipping import.
[upd 0] u=1 upd_ctr=1 opt_step=16 E=0.147 g=0.093 VarTD=0.149936 ret_end=-27.435 dbar_end=0.756 occ_end=0.150 CSR_train=0.000 done_count=100
[upd 10] u=0 upd_ctr=1 opt_step=16 E=0.616 g=0.100 VarTD=0.132044 ret_end=-26.929 dbar_end=0.734 occ_end=0.192 CSR_train=0.000 done_count=125
[upd 20] u=0 upd_ctr=2 opt_step=32 E=0.225 g=0.111 VarTD=0.149712 ret_end=-25.797 dbar_end=0.700 occ_end=0.208 CSR_train=0.000 done_count=125
[upd 30] u=0 upd_ctr=2 opt_step=32 E=0.700 g=0.084 VarTD=0.179624 ret_end=-28.037 dbar_end=0.789 occ_end=0.120 CSR_train=0.008 done_count=125
[upd 40] u=0 upd_ctr=3 opt_step=48 E=0.281 g=0.098 VarTD=0.133048 ret_end=-26.955 dbar_end=0.741 occ_end=0.136 CSR_train=0.000 done_count=125
[upd 50] u=0 upd_ctr=3 opt_step=48 E=0.776 g=0.095 VarTD=0.128090 ret_end=-26.521 dbar_end=0.751 occ_end=0.120 CSR_train=0.000 done_count=125
[upd 60] u=0 upd_ctr=4 opt_step=64 E=0.370 g=0.110 VarTD=0.136985 ret_end=-26.704 dbar_end=0.702 occ_end=0.152 CSR_train=0.000 done_count=125
[upd 70] u=0 upd_ctr=4 opt_step=64 E=0.889 g=0.103 VarTD=0.138843 ret_end=-27.041 dbar_end=0.722 occ_end=0.184 CSR_train=0.000 done_count=125
[upd 80] u=0 upd_ctr=5 opt_step=80 E=0.559 g=0.111 VarTD=0.134181 ret_end=-25.605 dbar_end=0.701 occ_end=0.168 CSR_train=0.000 done_count=125
[upd 90] u=0 upd_ctr=6 opt_step=96 E=0.200 g=0.108 VarTD=0.137349 ret_end=-26.513 dbar_end=0.709 occ_end=0.184 CSR_train=0.000 done_count=125
[upd 100] u=0 upd_ctr=6 opt_step=96 E=0.729 g=0.112 VarTD=0.150980 ret_end=-25.644 dbar_end=0.698 occ_end=0.160 CSR_train=0.000 done_count=125
[upd 110] u=0 upd_ctr=7 opt_step=112 E=0.383 g=0.099 VarTD=0.143821 ret_end=-26.965 dbar_end=0.737 occ_end=0.160 CSR_train=0.000 done_count=125
[upd 120] u=0 upd_ctr=7 opt_step=112 E=0.954 g=0.125 VarTD=0.144133 ret_end=-25.289 dbar_end=0.662 occ_end=0.208 CSR_train=0.000 done_count=125
[upd 130] u=0 upd_ctr=8 opt_step=128 E=0.636 g=0.110 VarTD=0.185707 ret_end=-26.066 dbar_end=0.704 occ_end=0.240 CSR_train=0.000 done_count=100
[upd 140] u=0 upd_ctr=9 opt_step=144 E=0.324 g=0.114 VarTD=0.173338 ret_end=-25.642 dbar_end=0.690 occ_end=0.168 CSR_train=0.000 done_count=125
[upd 150] u=0 upd_ctr=9 opt_step=144 E=0.932 g=0.121 VarTD=0.144840 ret_end=-26.198 dbar_end=0.672 occ_end=0.152 CSR_train=0.000 done_count=125
[upd 160] u=0 upd_ctr=10 opt_step=160 E=0.620 g=0.116 VarTD=0.169109 ret_end=-26.652 dbar_end=0.686 occ_end=0.232 CSR_train=0.000 done_count=125
[upd 170] u=0 upd_ctr=11 opt_step=176 E=0.311 g=0.131 VarTD=0.181765 ret_end=-25.470 dbar_end=0.648 occ_end=0.160 CSR_train=0.000 done_count=125
[upd 180] u=0 upd_ctr=11 opt_step=176 E=0.923 g=0.129 VarTD=0.168241 ret_end=-25.124 dbar_end=0.653 occ_end=0.200 CSR_train=0.000 done_count=125
[upd 190] u=0 upd_ctr=12 opt_step=192 E=0.666 g=0.128 VarTD=0.186204 ret_end=-25.835 dbar_end=0.654 occ_end=0.224 CSR_train=0.000 done_count=125
[upd 200] u=0 upd_ctr=13 opt_step=208 E=0.394 g=0.124 VarTD=0.206534 ret_end=-26.336 dbar_end=0.664 occ_end=0.192 CSR_train=0.000 done_count=125
[upd 210] u=0 upd_ctr=14 opt_step=224 E=0.153 g=0.132 VarTD=0.245551 ret_end=-25.570 dbar_end=0.645 occ_end=0.112 CSR_train=0.000 done_count=125
[upd 220] u=0 upd_ctr=14 opt_step=224 E=0.830 g=0.132 VarTD=0.242445 ret_end=-25.039 dbar_end=0.645 occ_end=0.240 CSR_train=0.000 done_count=125
[upd 230] u=0 upd_ctr=15 opt_step=240 E=0.598 g=0.129 VarTD=0.269780 ret_end=-25.094 dbar_end=0.652 occ_end=0.192 CSR_train=0.000 done_count=125
[upd 240] u=0 upd_ctr=16 opt_step=256 E=0.384 g=0.146 VarTD=0.320484 ret_end=-24.653 dbar_end=0.613 occ_end=0.288 CSR_train=0.000 done_count=125
[upd 250] u=0 upd_ctr=17 opt_step=272 E=0.154 g=0.140 VarTD=0.382802 ret_end=-25.469 dbar_end=0.627 occ_end=0.208 CSR_train=0.000 done_count=125
[upd 260] u=0 upd_ctr=17 opt_step=272 E=0.874 g=0.150 VarTD=0.313788 ret_end=-24.308 dbar_end=0.604 occ_end=0.270 CSR_train=0.000 done_count=100
[upd 270] u=0 upd_ctr=18 opt_step=288 E=0.707 g=0.155 VarTD=0.455884 ret_end=-24.578 dbar_end=0.594 occ_end=0.248 CSR_train=0.000 done_count=125
[upd 280] u=0 upd_ctr=19 opt_step=304 E=0.540 g=0.150 VarTD=0.487038 ret_end=-23.600 dbar_end=0.605 occ_end=0.232 CSR_train=0.000 done_count=125
[upd 290] u=0 upd_ctr=20 opt_step=320 E=0.403 g=0.157 VarTD=0.602150 ret_end=-24.687 dbar_end=0.589 occ_end=0.272 CSR_train=0.000 done_count=125
[upd 300] u=0 upd_ctr=21 opt_step=336 E=0.241 g=0.165 VarTD=0.657077 ret_end=-23.330 dbar_end=0.574 occ_end=0.288 CSR_train=0.000 done_count=125
[upd 310] u=1 upd_ctr=22 opt_step=352 E=0.084 g=0.153 VarTD=0.693529 ret_end=-24.561 dbar_end=0.598 occ_end=0.264 CSR_train=0.000 done_count=125
[Gate5 check] update_counter violations: t0=0 diffs=0
[Gate5 check] opt_step violations: t0=0 diffs=0 (expected_inc=16)
[Gate5 check] NaN masking: nan_on_skip=True finite_on_update=True
[Gate5 summary] mean_update_fraction=0.0705 final_executed_updates_mean=22.00
[Gate5 eval] done_count mean=100.0 CSR mean=0.0100 len_end_mean=26.00
[Gate5 eval] episodes_per_env=4 T_eval=104
[Gate5 eval-debug] locked_eps_occ=0.20 pre(step25): dbar_end=0.463506 occupied_end_mean=0.530000 max_tilde_end_mean=0.672618 CSR@locked=0.010000
[Gate5 eval-debug] locked_eps_occ=0.20 post(step26): dbar_end=0.460725 occupied_end_mean=0.490000 max_tilde_end_mean=0.661001 CSR@locked=0.010000
[Gate5 eval-debug] CSR_pre@0.10=0.0000 CSR_pre@0.15=0.0000 CSR_pre@0.20=0.0100 CSR_pre@0.25=0.0200 CSR_pre@0.30=0.0600
[Gate5 eval-debug] CSR_post@0.10=0.0000 CSR_post@0.15=0.0000 CSR_post@0.20=0.0100 CSR_post@0.25=0.0200 CSR_post@0.30=0.0300
