Importing submoduled environments...
Submoduled environments not found. Skipping import.
[upd 0] u=1 upd_ctr=1 opt_step=16 E=0.129 g=0.096 VarTD=0.164885 ret_end=-27.291 dbar_end=0.746 occ_end=0.170 CSR_train=0.000 done_count=100
[upd 10] u=0 upd_ctr=1 opt_step=16 E=0.430 g=0.091 VarTD=0.137991 ret_end=-27.480 dbar_end=0.764 occ_end=0.136 CSR_train=0.000 done_count=125
[upd 20] u=0 upd_ctr=1 opt_step=16 E=0.732 g=0.107 VarTD=0.128434 ret_end=-26.720 dbar_end=0.712 occ_end=0.216 CSR_train=0.000 done_count=125
[upd 30] u=0 upd_ctr=2 opt_step=32 E=0.128 g=0.113 VarTD=0.135150 ret_end=-25.767 dbar_end=0.694 occ_end=0.184 CSR_train=0.000 done_count=125
[upd 40] u=0 upd_ctr=2 opt_step=32 E=0.432 g=0.098 VarTD=0.144739 ret_end=-26.799 dbar_end=0.739 occ_end=0.200 CSR_train=0.000 done_count=125
[upd 50] u=0 upd_ctr=2 opt_step=32 E=0.736 g=0.094 VarTD=0.154672 ret_end=-26.916 dbar_end=0.754 occ_end=0.176 CSR_train=0.000 done_count=125
[upd 60] u=0 upd_ctr=3 opt_step=48 E=0.133 g=0.087 VarTD=0.169527 ret_end=-28.314 dbar_end=0.776 occ_end=0.120 CSR_train=0.000 done_count=125
[upd 70] u=0 upd_ctr=3 opt_step=48 E=0.439 g=0.101 VarTD=0.151735 ret_end=-27.081 dbar_end=0.731 occ_end=0.160 CSR_train=0.000 done_count=125
[upd 80] u=0 upd_ctr=3 opt_step=48 E=0.748 g=0.105 VarTD=0.157330 ret_end=-26.251 dbar_end=0.717 occ_end=0.160 CSR_train=0.000 done_count=125
[upd 90] u=0 upd_ctr=4 opt_step=64 E=0.164 g=0.106 VarTD=0.130588 ret_end=-26.528 dbar_end=0.716 occ_end=0.168 CSR_train=0.000 done_count=125
[upd 100] u=0 upd_ctr=4 opt_step=64 E=0.496 g=0.104 VarTD=0.118384 ret_end=-27.193 dbar_end=0.722 occ_end=0.168 CSR_train=0.000 done_count=125
[upd 110] u=0 upd_ctr=4 opt_step=64 E=0.815 g=0.112 VarTD=0.145767 ret_end=-25.919 dbar_end=0.697 occ_end=0.200 CSR_train=0.000 done_count=125
[upd 120] u=0 upd_ctr=5 opt_step=80 E=0.231 g=0.107 VarTD=0.144965 ret_end=-26.518 dbar_end=0.712 occ_end=0.168 CSR_train=0.000 done_count=125
[upd 130] u=0 upd_ctr=5 opt_step=80 E=0.557 g=0.102 VarTD=0.114956 ret_end=-25.982 dbar_end=0.727 occ_end=0.150 CSR_train=0.000 done_count=100
[upd 140] u=0 upd_ctr=5 opt_step=80 E=0.887 g=0.105 VarTD=0.149418 ret_end=-26.812 dbar_end=0.718 occ_end=0.224 CSR_train=0.000 done_count=125
[upd 150] u=0 upd_ctr=6 opt_step=96 E=0.337 g=0.112 VarTD=0.150923 ret_end=-26.657 dbar_end=0.698 occ_end=0.208 CSR_train=0.000 done_count=125
[upd 160] u=0 upd_ctr=6 opt_step=96 E=0.677 g=0.117 VarTD=0.147844 ret_end=-26.173 dbar_end=0.683 occ_end=0.208 CSR_train=0.000 done_count=125
[upd 170] u=0 upd_ctr=7 opt_step=112 E=0.132 g=0.109 VarTD=0.150519 ret_end=-26.235 dbar_end=0.706 occ_end=0.192 CSR_train=0.000 done_count=125
[upd 180] u=0 upd_ctr=7 opt_step=112 E=0.498 g=0.118 VarTD=0.119351 ret_end=-26.007 dbar_end=0.681 occ_end=0.152 CSR_train=0.000 done_count=125
[upd 190] u=0 upd_ctr=7 opt_step=112 E=0.846 g=0.130 VarTD=0.149610 ret_end=-25.656 dbar_end=0.651 occ_end=0.200 CSR_train=0.000 done_count=125
[upd 200] u=0 upd_ctr=8 opt_step=128 E=0.306 g=0.116 VarTD=0.148857 ret_end=-26.697 dbar_end=0.687 occ_end=0.168 CSR_train=0.000 done_count=125
[upd 210] u=0 upd_ctr=8 opt_step=128 E=0.666 g=0.118 VarTD=0.165386 ret_end=-26.570 dbar_end=0.681 occ_end=0.296 CSR_train=0.000 done_count=125
[upd 220] u=0 upd_ctr=9 opt_step=144 E=0.143 g=0.121 VarTD=0.157130 ret_end=-25.686 dbar_end=0.671 occ_end=0.248 CSR_train=0.000 done_count=125
[upd 230] u=0 upd_ctr=9 opt_step=144 E=0.537 g=0.131 VarTD=0.143756 ret_end=-25.797 dbar_end=0.647 occ_end=0.184 CSR_train=0.008 done_count=125
[upd 240] u=0 upd_ctr=9 opt_step=144 E=0.923 g=0.124 VarTD=0.163137 ret_end=-25.317 dbar_end=0.664 occ_end=0.224 CSR_train=0.000 done_count=125
[upd 250] u=0 upd_ctr=10 opt_step=160 E=0.419 g=0.131 VarTD=0.151666 ret_end=-25.377 dbar_end=0.647 occ_end=0.256 CSR_train=0.000 done_count=125
[upd 260] u=0 upd_ctr=10 opt_step=160 E=0.826 g=0.138 VarTD=0.140110 ret_end=-24.383 dbar_end=0.631 occ_end=0.160 CSR_train=0.000 done_count=100
[upd 270] u=0 upd_ctr=11 opt_step=176 E=0.319 g=0.120 VarTD=0.185455 ret_end=-26.286 dbar_end=0.676 occ_end=0.192 CSR_train=0.000 done_count=125
[upd 280] u=0 upd_ctr=11 opt_step=176 E=0.723 g=0.123 VarTD=0.173378 ret_end=-25.792 dbar_end=0.667 occ_end=0.168 CSR_train=0.000 done_count=125
[upd 290] u=0 upd_ctr=12 opt_step=192 E=0.252 g=0.157 VarTD=0.189995 ret_end=-24.609 dbar_end=0.590 occ_end=0.256 CSR_train=0.000 done_count=125
[upd 300] u=0 upd_ctr=12 opt_step=192 E=0.678 g=0.138 VarTD=0.186717 ret_end=-24.684 dbar_end=0.630 occ_end=0.208 CSR_train=0.000 done_count=125
[upd 310] u=0 upd_ctr=13 opt_step=208 E=0.199 g=0.154 VarTD=0.222903 ret_end=-25.156 dbar_end=0.597 occ_end=0.240 CSR_train=0.000 done_count=125
[Gate5 check] update_counter violations: t0=0 diffs=0
[Gate5 check] opt_step violations: t0=0 diffs=0 (expected_inc=16)
[Gate5 check] NaN masking: nan_on_skip=True finite_on_update=True
[Gate5 summary] mean_update_fraction=0.0417 final_executed_updates_mean=13.00
[Gate5 eval] done_count mean=100.0 CSR mean=0.0000 len_end_mean=26.00
[Gate5 eval] episodes_per_env=4 T_eval=104
[Gate5 eval-debug] locked_eps_occ=0.20 pre(step25): dbar_end=0.515577 occupied_end_mean=0.370000 max_tilde_end_mean=0.727715 CSR@locked=0.000000
[Gate5 eval-debug] locked_eps_occ=0.20 post(step26): dbar_end=0.520714 occupied_end_mean=0.320000 max_tilde_end_mean=0.731914 CSR@locked=0.000000
[Gate5 eval-debug] CSR_pre@0.10=0.0000 CSR_pre@0.15=0.0000 CSR_pre@0.20=0.0000 CSR_pre@0.25=0.0200 CSR_pre@0.30=0.0200
[Gate5 eval-debug] CSR_post@0.10=0.0000 CSR_post@0.15=0.0000 CSR_post@0.20=0.0000 CSR_post@0.25=0.0100 CSR_post@0.30=0.0100
