Importing submoduled environments...
Submoduled environments not found. Skipping import.
[upd 0] u=1 upd_ctr=1 opt_step=16 E=0.909 g=0.092 VarTD=0.127621 ret_end=-27.319 dbar_end=0.760 occ_end=0.140 CSR_train=0.000 done_count=100
[upd 10] u=1 upd_ctr=11 opt_step=176 E=0.016 g=0.122 VarTD=0.162819 ret_end=-26.539 dbar_end=0.669 occ_end=0.136 CSR_train=0.000 done_count=125
[upd 20] u=0 upd_ctr=12 opt_step=192 E=0.034 g=0.111 VarTD=0.166629 ret_end=-26.914 dbar_end=0.700 occ_end=0.136 CSR_train=0.000 done_count=125
[upd 30] u=0 upd_ctr=13 opt_step=208 E=0.061 g=0.127 VarTD=0.187179 ret_end=-25.792 dbar_end=0.657 occ_end=0.208 CSR_train=0.000 done_count=125
[upd 40] u=0 upd_ctr=14 opt_step=224 E=0.086 g=0.124 VarTD=0.198118 ret_end=-25.671 dbar_end=0.664 occ_end=0.200 CSR_train=0.000 done_count=125
[upd 50] u=1 upd_ctr=16 opt_step=256 E=0.021 g=0.134 VarTD=0.240365 ret_end=-24.772 dbar_end=0.639 occ_end=0.216 CSR_train=0.000 done_count=125
[upd 60] u=0 upd_ctr=17 opt_step=272 E=0.059 g=0.143 VarTD=0.342290 ret_end=-25.065 dbar_end=0.619 occ_end=0.224 CSR_train=0.000 done_count=125
[upd 70] u=0 upd_ctr=18 opt_step=288 E=0.099 g=0.143 VarTD=0.409817 ret_end=-25.230 dbar_end=0.619 occ_end=0.272 CSR_train=0.000 done_count=125
[upd 80] u=0 upd_ctr=20 opt_step=320 E=0.047 g=0.150 VarTD=0.527555 ret_end=-24.401 dbar_end=0.603 occ_end=0.264 CSR_train=0.000 done_count=125
[upd 90] u=0 upd_ctr=21 opt_step=336 E=0.094 g=0.144 VarTD=0.623758 ret_end=-25.563 dbar_end=0.617 occ_end=0.216 CSR_train=0.000 done_count=125
[upd 100] u=0 upd_ctr=23 opt_step=368 E=0.042 g=0.142 VarTD=0.739352 ret_end=-24.180 dbar_end=0.622 occ_end=0.176 CSR_train=0.000 done_count=125
[upd 110] u=0 upd_ctr=24 opt_step=384 E=0.091 g=0.134 VarTD=0.848823 ret_end=-25.686 dbar_end=0.640 occ_end=0.184 CSR_train=0.000 done_count=125
[upd 120] u=0 upd_ctr=26 opt_step=416 E=0.040 g=0.160 VarTD=1.084078 ret_end=-24.416 dbar_end=0.583 occ_end=0.248 CSR_train=0.000 done_count=125
[Gate5 check] update_counter violations: t0=0 diffs=0
[Gate5 check] opt_step violations: t0=0 diffs=0 (expected_inc=16)
[Gate5 check] NaN masking: nan_on_skip=True finite_on_update=True
[Gate5 summary] mean_update_fraction=0.2080 final_executed_updates_mean=26.00
[Gate5 eval] done_count mean=100.0 CSR mean=0.0000 len_end_mean=26.00
[Gate5 eval] episodes_per_env=4 T_eval=104
[Gate5 eval-debug] locked_eps_occ=0.20 pre(step25): dbar_end=0.480651 occupied_end_mean=0.450000 max_tilde_end_mean=0.697811 CSR@locked=0.000000
[Gate5 eval-debug] locked_eps_occ=0.20 post(step26): dbar_end=0.486689 occupied_end_mean=0.430000 max_tilde_end_mean=0.705836 CSR@locked=0.000000
[Gate5 eval-debug] CSR_pre@0.10=0.0000 CSR_pre@0.15=0.0000 CSR_pre@0.20=0.0000 CSR_pre@0.25=0.0200 CSR_pre@0.30=0.0200
[Gate5 eval-debug] CSR_post@0.10=0.0000 CSR_post@0.15=0.0000 CSR_post@0.20=0.0000 CSR_post@0.25=0.0100 CSR_post@0.30=0.0200
