Importing submoduled environments...
Submoduled environments not found. Skipping import.
[upd 0] u=1 upd_ctr=1 opt_step=16 E=0.027 g=0.091 VarTD=0.177780 ret_end=-27.116 dbar_end=0.762 occ_end=0.220 CSR_train=0.000 done_count=100
[upd 10] u=0 upd_ctr=1 opt_step=16 E=0.300 g=0.084 VarTD=0.168711 ret_end=-27.749 dbar_end=0.791 occ_end=0.120 CSR_train=0.000 done_count=125
[upd 20] u=0 upd_ctr=1 opt_step=16 E=0.589 g=0.094 VarTD=0.155229 ret_end=-27.163 dbar_end=0.752 occ_end=0.168 CSR_train=0.000 done_count=125
[upd 30] u=0 upd_ctr=1 opt_step=16 E=0.883 g=0.090 VarTD=0.181625 ret_end=-27.853 dbar_end=0.767 occ_end=0.136 CSR_train=0.000 done_count=125
[upd 40] u=0 upd_ctr=2 opt_step=32 E=0.147 g=0.101 VarTD=0.152532 ret_end=-27.195 dbar_end=0.731 occ_end=0.192 CSR_train=0.000 done_count=125
[upd 50] u=0 upd_ctr=2 opt_step=32 E=0.455 g=0.110 VarTD=0.148406 ret_end=-25.659 dbar_end=0.702 occ_end=0.176 CSR_train=0.000 done_count=125
[upd 60] u=0 upd_ctr=2 opt_step=32 E=0.751 g=0.094 VarTD=0.169146 ret_end=-27.097 dbar_end=0.753 occ_end=0.080 CSR_train=0.000 done_count=125
[upd 70] u=1 upd_ctr=3 opt_step=48 E=0.030 g=0.099 VarTD=0.165031 ret_end=-27.109 dbar_end=0.738 occ_end=0.200 CSR_train=0.008 done_count=125
[upd 80] u=0 upd_ctr=3 opt_step=48 E=0.332 g=0.112 VarTD=0.140504 ret_end=-26.244 dbar_end=0.698 occ_end=0.160 CSR_train=0.000 done_count=125
[upd 90] u=0 upd_ctr=3 opt_step=48 E=0.643 g=0.107 VarTD=0.153039 ret_end=-26.830 dbar_end=0.713 occ_end=0.144 CSR_train=0.000 done_count=125
[upd 100] u=0 upd_ctr=3 opt_step=48 E=0.966 g=0.112 VarTD=0.144647 ret_end=-26.120 dbar_end=0.696 occ_end=0.208 CSR_train=0.000 done_count=125
[upd 110] u=0 upd_ctr=4 opt_step=64 E=0.251 g=0.104 VarTD=0.147321 ret_end=-26.328 dbar_end=0.719 occ_end=0.112 CSR_train=0.000 done_count=125
[upd 120] u=0 upd_ctr=4 opt_step=64 E=0.557 g=0.090 VarTD=0.170524 ret_end=-27.347 dbar_end=0.767 occ_end=0.160 CSR_train=0.000 done_count=125
[upd 130] u=0 upd_ctr=4 opt_step=64 E=0.859 g=0.109 VarTD=0.148407 ret_end=-25.410 dbar_end=0.706 occ_end=0.120 CSR_train=0.000 done_count=100
[upd 140] u=0 upd_ctr=5 opt_step=80 E=0.154 g=0.109 VarTD=0.187425 ret_end=-26.210 dbar_end=0.707 occ_end=0.168 CSR_train=0.000 done_count=125
[upd 150] u=0 upd_ctr=5 opt_step=80 E=0.476 g=0.111 VarTD=0.132937 ret_end=-25.634 dbar_end=0.701 occ_end=0.224 CSR_train=0.000 done_count=125
[upd 160] u=0 upd_ctr=5 opt_step=80 E=0.787 g=0.099 VarTD=0.157395 ret_end=-27.690 dbar_end=0.738 occ_end=0.176 CSR_train=0.000 done_count=125
[upd 170] u=0 upd_ctr=6 opt_step=96 E=0.091 g=0.103 VarTD=0.155875 ret_end=-26.660 dbar_end=0.725 occ_end=0.152 CSR_train=0.000 done_count=125
[upd 180] u=0 upd_ctr=6 opt_step=96 E=0.418 g=0.117 VarTD=0.121943 ret_end=-26.269 dbar_end=0.683 occ_end=0.240 CSR_train=0.008 done_count=125
[upd 190] u=0 upd_ctr=6 opt_step=96 E=0.729 g=0.091 VarTD=0.190272 ret_end=-28.882 dbar_end=0.764 occ_end=0.120 CSR_train=0.008 done_count=125
[upd 200] u=1 upd_ctr=7 opt_step=112 E=0.032 g=0.108 VarTD=0.142760 ret_end=-25.924 dbar_end=0.709 occ_end=0.168 CSR_train=0.000 done_count=125
[upd 210] u=0 upd_ctr=7 opt_step=112 E=0.366 g=0.109 VarTD=0.173339 ret_end=-26.029 dbar_end=0.707 occ_end=0.184 CSR_train=0.000 done_count=125
[upd 220] u=0 upd_ctr=7 opt_step=112 E=0.689 g=0.108 VarTD=0.140378 ret_end=-25.986 dbar_end=0.710 occ_end=0.176 CSR_train=0.000 done_count=125
[upd 230] u=0 upd_ctr=7 opt_step=112 E=1.000 g=0.112 VarTD=0.155124 ret_end=-26.848 dbar_end=0.696 occ_end=0.184 CSR_train=0.000 done_count=125
[upd 240] u=0 upd_ctr=8 opt_step=128 E=0.346 g=0.115 VarTD=0.159544 ret_end=-27.020 dbar_end=0.689 occ_end=0.232 CSR_train=0.000 done_count=125
[upd 250] u=0 upd_ctr=8 opt_step=128 E=0.695 g=0.115 VarTD=0.163211 ret_end=-26.805 dbar_end=0.689 occ_end=0.224 CSR_train=0.000 done_count=125
[upd 260] u=1 upd_ctr=9 opt_step=144 E=0.038 g=0.127 VarTD=0.130407 ret_end=-24.572 dbar_end=0.658 occ_end=0.230 CSR_train=0.010 done_count=100
[upd 270] u=0 upd_ctr=9 opt_step=144 E=0.391 g=0.115 VarTD=0.150824 ret_end=-26.245 dbar_end=0.690 occ_end=0.144 CSR_train=0.000 done_count=125
[upd 280] u=0 upd_ctr=9 opt_step=144 E=0.755 g=0.121 VarTD=0.189486 ret_end=-27.181 dbar_end=0.671 occ_end=0.248 CSR_train=0.000 done_count=125
[upd 290] u=0 upd_ctr=10 opt_step=160 E=0.113 g=0.144 VarTD=0.182250 ret_end=-24.374 dbar_end=0.618 occ_end=0.256 CSR_train=0.000 done_count=125
[upd 300] u=0 upd_ctr=10 opt_step=160 E=0.479 g=0.116 VarTD=0.194520 ret_end=-26.462 dbar_end=0.686 occ_end=0.176 CSR_train=0.000 done_count=125
[upd 310] u=0 upd_ctr=10 opt_step=160 E=0.840 g=0.116 VarTD=0.189728 ret_end=-27.220 dbar_end=0.685 occ_end=0.168 CSR_train=0.000 done_count=125
[Gate5 check] update_counter violations: t0=0 diffs=0
[Gate5 check] opt_step violations: t0=0 diffs=0 (expected_inc=16)
[Gate5 check] NaN masking: nan_on_skip=True finite_on_update=True
[Gate5 summary] mean_update_fraction=0.0321 final_executed_updates_mean=10.00
[Gate5 eval] done_count mean=100.0 CSR mean=0.0000 len_end_mean=26.00
[Gate5 eval] episodes_per_env=4 T_eval=104
[Gate5 eval-debug] locked_eps_occ=0.20 pre(step25): dbar_end=0.506346 occupied_end_mean=0.330000 max_tilde_end_mean=0.744944 CSR@locked=0.000000
[Gate5 eval-debug] locked_eps_occ=0.20 post(step26): dbar_end=0.500249 occupied_end_mean=0.400000 max_tilde_end_mean=0.733592 CSR@locked=0.000000
[Gate5 eval-debug] CSR_pre@0.10=0.0000 CSR_pre@0.15=0.0000 CSR_pre@0.20=0.0000 CSR_pre@0.25=0.0000 CSR_pre@0.30=0.0200
[Gate5 eval-debug] CSR_post@0.10=0.0000 CSR_post@0.15=0.0000 CSR_post@0.20=0.0000 CSR_post@0.25=0.0000 CSR_post@0.30=0.0200
