Importing submoduled environments...
Submoduled environments not found. Skipping import.
[upd 0] u=1 upd_ctr=1 opt_step=16 E=0.026 g=0.086 VarTD=0.176520 ret_end=-28.138 dbar_end=0.781 occ_end=0.160 CSR_train=0.000 done_count=100
[upd 10] u=0 upd_ctr=1 opt_step=16 E=0.301 g=0.084 VarTD=0.149910 ret_end=-27.579 dbar_end=0.789 occ_end=0.128 CSR_train=0.000 done_count=125
[upd 20] u=0 upd_ctr=1 opt_step=16 E=0.587 g=0.105 VarTD=0.156258 ret_end=-27.201 dbar_end=0.719 occ_end=0.184 CSR_train=0.000 done_count=125
[upd 30] u=0 upd_ctr=1 opt_step=16 E=0.877 g=0.093 VarTD=0.153786 ret_end=-26.473 dbar_end=0.758 occ_end=0.128 CSR_train=0.000 done_count=125
[upd 40] u=0 upd_ctr=2 opt_step=32 E=0.149 g=0.100 VarTD=0.158489 ret_end=-26.614 dbar_end=0.732 occ_end=0.144 CSR_train=0.000 done_count=125
[upd 50] u=0 upd_ctr=2 opt_step=32 E=0.457 g=0.099 VarTD=0.168903 ret_end=-26.997 dbar_end=0.738 occ_end=0.200 CSR_train=0.000 done_count=125
[upd 60] u=0 upd_ctr=2 opt_step=32 E=0.747 g=0.097 VarTD=0.158258 ret_end=-26.947 dbar_end=0.745 occ_end=0.168 CSR_train=0.000 done_count=125
[upd 70] u=0 upd_ctr=2 opt_step=32 E=1.000 g=0.098 VarTD=0.163054 ret_end=-27.022 dbar_end=0.739 occ_end=0.184 CSR_train=0.000 done_count=125
[upd 80] u=0 upd_ctr=3 opt_step=48 E=0.302 g=0.110 VarTD=0.167790 ret_end=-25.971 dbar_end=0.702 occ_end=0.160 CSR_train=0.000 done_count=125
[upd 90] u=0 upd_ctr=3 opt_step=48 E=0.604 g=0.103 VarTD=0.181081 ret_end=-26.880 dbar_end=0.722 occ_end=0.152 CSR_train=0.000 done_count=125
[upd 100] u=0 upd_ctr=3 opt_step=48 E=0.924 g=0.087 VarTD=0.181827 ret_end=-27.288 dbar_end=0.777 occ_end=0.168 CSR_train=0.000 done_count=125
[upd 110] u=0 upd_ctr=4 opt_step=64 E=0.222 g=0.115 VarTD=0.148334 ret_end=-25.994 dbar_end=0.689 occ_end=0.152 CSR_train=0.000 done_count=125
[upd 120] u=0 upd_ctr=4 opt_step=64 E=0.551 g=0.112 VarTD=0.161567 ret_end=-26.795 dbar_end=0.696 occ_end=0.144 CSR_train=0.000 done_count=125
[upd 130] u=0 upd_ctr=4 opt_step=64 E=0.859 g=0.107 VarTD=0.152562 ret_end=-25.958 dbar_end=0.711 occ_end=0.190 CSR_train=0.000 done_count=100
[upd 140] u=0 upd_ctr=5 opt_step=80 E=0.167 g=0.101 VarTD=0.161338 ret_end=-28.164 dbar_end=0.729 occ_end=0.168 CSR_train=0.000 done_count=125
[upd 150] u=0 upd_ctr=5 opt_step=80 E=0.489 g=0.115 VarTD=0.173042 ret_end=-26.753 dbar_end=0.689 occ_end=0.200 CSR_train=0.000 done_count=125
[upd 160] u=0 upd_ctr=5 opt_step=80 E=0.820 g=0.109 VarTD=0.154997 ret_end=-26.349 dbar_end=0.706 occ_end=0.200 CSR_train=0.000 done_count=125
[upd 170] u=0 upd_ctr=6 opt_step=96 E=0.137 g=0.118 VarTD=0.138644 ret_end=-26.057 dbar_end=0.682 occ_end=0.168 CSR_train=0.000 done_count=125
[upd 180] u=0 upd_ctr=6 opt_step=96 E=0.487 g=0.127 VarTD=0.140986 ret_end=-25.699 dbar_end=0.657 occ_end=0.328 CSR_train=0.000 done_count=125
[upd 190] u=0 upd_ctr=6 opt_step=96 E=0.812 g=0.101 VarTD=0.144113 ret_end=-27.309 dbar_end=0.729 occ_end=0.144 CSR_train=0.000 done_count=125
[upd 200] u=0 upd_ctr=7 opt_step=112 E=0.146 g=0.127 VarTD=0.150773 ret_end=-26.568 dbar_end=0.658 occ_end=0.208 CSR_train=0.000 done_count=125
[upd 210] u=0 upd_ctr=7 opt_step=112 E=0.493 g=0.127 VarTD=0.161731 ret_end=-25.703 dbar_end=0.658 occ_end=0.248 CSR_train=0.000 done_count=125
[upd 220] u=0 upd_ctr=7 opt_step=112 E=0.818 g=0.109 VarTD=0.159683 ret_end=-26.550 dbar_end=0.705 occ_end=0.248 CSR_train=0.008 done_count=125
[upd 230] u=0 upd_ctr=8 opt_step=128 E=0.138 g=0.130 VarTD=0.129856 ret_end=-25.438 dbar_end=0.649 occ_end=0.208 CSR_train=0.000 done_count=125
[upd 240] u=0 upd_ctr=8 opt_step=128 E=0.489 g=0.123 VarTD=0.121525 ret_end=-25.952 dbar_end=0.668 occ_end=0.184 CSR_train=0.000 done_count=125
[upd 250] u=0 upd_ctr=8 opt_step=128 E=0.845 g=0.117 VarTD=0.150772 ret_end=-26.675 dbar_end=0.684 occ_end=0.240 CSR_train=0.000 done_count=125
[upd 260] u=0 upd_ctr=9 opt_step=144 E=0.190 g=0.124 VarTD=0.143871 ret_end=-25.934 dbar_end=0.666 occ_end=0.190 CSR_train=0.000 done_count=100
[upd 270] u=0 upd_ctr=9 opt_step=144 E=0.549 g=0.116 VarTD=0.178586 ret_end=-25.946 dbar_end=0.686 occ_end=0.192 CSR_train=0.000 done_count=125
[upd 280] u=0 upd_ctr=9 opt_step=144 E=0.915 g=0.127 VarTD=0.136799 ret_end=-25.172 dbar_end=0.658 occ_end=0.192 CSR_train=0.000 done_count=125
[upd 290] u=0 upd_ctr=10 opt_step=160 E=0.270 g=0.117 VarTD=0.163711 ret_end=-26.020 dbar_end=0.682 occ_end=0.216 CSR_train=0.000 done_count=125
[upd 300] u=0 upd_ctr=10 opt_step=160 E=0.652 g=0.117 VarTD=0.148659 ret_end=-26.985 dbar_end=0.684 occ_end=0.232 CSR_train=0.000 done_count=125
[upd 310] u=0 upd_ctr=10 opt_step=160 E=1.000 g=0.120 VarTD=0.152014 ret_end=-26.664 dbar_end=0.676 occ_end=0.160 CSR_train=0.000 done_count=125
[Gate5 check] update_counter violations: t0=0 diffs=0
[Gate5 check] opt_step violations: t0=0 diffs=0 (expected_inc=16)
[Gate5 check] NaN masking: nan_on_skip=True finite_on_update=True
[Gate5 summary] mean_update_fraction=0.0353 final_executed_updates_mean=11.00
[Gate5 eval] done_count mean=100.0 CSR mean=0.0000 len_end_mean=26.00
[Gate5 eval] episodes_per_env=4 T_eval=104
[Gate5 eval-debug] locked_eps_occ=0.20 pre(step25): dbar_end=0.567332 occupied_end_mean=0.240000 max_tilde_end_mean=0.841093 CSR@locked=0.000000
[Gate5 eval-debug] locked_eps_occ=0.20 post(step26): dbar_end=0.568307 occupied_end_mean=0.240000 max_tilde_end_mean=0.846820 CSR@locked=0.000000
[Gate5 eval-debug] CSR_pre@0.10=0.0000 CSR_pre@0.15=0.0000 CSR_pre@0.20=0.0000 CSR_pre@0.25=0.0000 CSR_pre@0.30=0.0100
[Gate5 eval-debug] CSR_post@0.10=0.0000 CSR_post@0.15=0.0000 CSR_post@0.20=0.0000 CSR_post@0.25=0.0000 CSR_post@0.30=0.0000
