Importing submoduled environments...
Submoduled environments not found. Skipping import.
[upd 0] u=1 upd_ctr=1 opt_step=16 E=0.138 g=0.096 VarTD=0.198978 ret_end=-28.258 dbar_end=0.747 occ_end=0.170 CSR_train=0.000 done_count=100
[upd 10] u=0 upd_ctr=1 opt_step=16 E=0.505 g=0.091 VarTD=0.177567 ret_end=-27.488 dbar_end=0.762 occ_end=0.104 CSR_train=0.000 done_count=125
[upd 20] u=0 upd_ctr=1 opt_step=16 E=0.859 g=0.085 VarTD=0.179358 ret_end=-27.807 dbar_end=0.787 occ_end=0.104 CSR_train=0.000 done_count=125
[upd 30] u=0 upd_ctr=2 opt_step=32 E=0.339 g=0.085 VarTD=0.163696 ret_end=-27.741 dbar_end=0.785 occ_end=0.184 CSR_train=0.000 done_count=125
[upd 40] u=0 upd_ctr=2 opt_step=32 E=0.721 g=0.100 VarTD=0.150118 ret_end=-27.226 dbar_end=0.732 occ_end=0.224 CSR_train=0.000 done_count=125
[upd 50] u=0 upd_ctr=3 opt_step=48 E=0.214 g=0.115 VarTD=0.154984 ret_end=-26.799 dbar_end=0.689 occ_end=0.256 CSR_train=0.000 done_count=125
[upd 60] u=0 upd_ctr=3 opt_step=48 E=0.625 g=0.097 VarTD=0.168854 ret_end=-26.794 dbar_end=0.742 occ_end=0.144 CSR_train=0.000 done_count=125
[upd 70] u=0 upd_ctr=4 opt_step=64 E=0.140 g=0.126 VarTD=0.140970 ret_end=-25.514 dbar_end=0.661 occ_end=0.160 CSR_train=0.000 done_count=125
[upd 80] u=0 upd_ctr=4 opt_step=64 E=0.546 g=0.104 VarTD=0.181671 ret_end=-26.382 dbar_end=0.722 occ_end=0.224 CSR_train=0.000 done_count=125
[upd 90] u=1 upd_ctr=5 opt_step=80 E=0.057 g=0.090 VarTD=0.196356 ret_end=-28.226 dbar_end=0.767 occ_end=0.128 CSR_train=0.000 done_count=125
[upd 100] u=0 upd_ctr=5 opt_step=80 E=0.508 g=0.098 VarTD=0.153558 ret_end=-26.864 dbar_end=0.740 occ_end=0.128 CSR_train=0.000 done_count=125
[upd 110] u=1 upd_ctr=6 opt_step=96 E=0.054 g=0.104 VarTD=0.171306 ret_end=-27.288 dbar_end=0.722 occ_end=0.184 CSR_train=0.000 done_count=125
[upd 120] u=0 upd_ctr=6 opt_step=96 E=0.536 g=0.130 VarTD=0.131511 ret_end=-25.770 dbar_end=0.650 occ_end=0.200 CSR_train=0.000 done_count=125
[Gate5 check] update_counter violations: t0=0 diffs=0
[Gate5 check] opt_step violations: t0=0 diffs=0 (expected_inc=16)
[Gate5 check] NaN masking: nan_on_skip=True finite_on_update=True
[Gate5 summary] mean_update_fraction=0.0480 final_executed_updates_mean=6.00
[Gate5 eval] done_count mean=100.0 CSR mean=0.0000 len_end_mean=26.00
[Gate5 eval] episodes_per_env=4 T_eval=104
[Gate5 eval-debug] locked_eps_occ=0.20 pre(step25): dbar_end=0.530659 occupied_end_mean=0.460000 max_tilde_end_mean=0.785461 CSR@locked=0.000000
[Gate5 eval-debug] locked_eps_occ=0.20 post(step26): dbar_end=0.530028 occupied_end_mean=0.410000 max_tilde_end_mean=0.789273 CSR@locked=0.000000
[Gate5 eval-debug] CSR_pre@0.10=0.0000 CSR_pre@0.15=0.0000 CSR_pre@0.20=0.0000 CSR_pre@0.25=0.0200 CSR_pre@0.30=0.0500
[Gate5 eval-debug] CSR_post@0.10=0.0000 CSR_post@0.15=0.0000 CSR_post@0.20=0.0000 CSR_post@0.25=0.0100 CSR_post@0.30=0.0400
