Importing submoduled environments...
Submoduled environments not found. Skipping import.
[upd 0] u=0 upd_ctr=0 opt_step=0 E=1.000 g=0.089 VarTD=0.155748 ret_end=-26.495 dbar_end=0.769 occ_end=0.110 CSR_train=0.000 done_count=100
[upd 10] u=0 upd_ctr=0 opt_step=0 E=1.000 g=0.095 VarTD=0.161520 ret_end=-27.146 dbar_end=0.751 occ_end=0.152 CSR_train=0.000 done_count=125
[upd 20] u=0 upd_ctr=0 opt_step=0 E=1.000 g=0.076 VarTD=0.222058 ret_end=-29.069 dbar_end=0.820 occ_end=0.144 CSR_train=0.000 done_count=125
[upd 30] u=0 upd_ctr=0 opt_step=0 E=1.000 g=0.087 VarTD=0.180923 ret_end=-27.501 dbar_end=0.778 occ_end=0.152 CSR_train=0.000 done_count=125
[upd 40] u=0 upd_ctr=0 opt_step=0 E=1.000 g=0.085 VarTD=0.192790 ret_end=-27.498 dbar_end=0.785 occ_end=0.144 CSR_train=0.000 done_count=125
[upd 50] u=0 upd_ctr=0 opt_step=0 E=1.000 g=0.089 VarTD=0.152816 ret_end=-27.844 dbar_end=0.770 occ_end=0.120 CSR_train=0.000 done_count=125
[upd 60] u=0 upd_ctr=0 opt_step=0 E=1.000 g=0.089 VarTD=0.159757 ret_end=-27.520 dbar_end=0.769 occ_end=0.168 CSR_train=0.000 done_count=125
[upd 70] u=0 upd_ctr=0 opt_step=0 E=1.000 g=0.092 VarTD=0.160249 ret_end=-26.806 dbar_end=0.759 occ_end=0.088 CSR_train=0.000 done_count=125
[upd 80] u=0 upd_ctr=0 opt_step=0 E=1.000 g=0.085 VarTD=0.151431 ret_end=-27.667 dbar_end=0.785 occ_end=0.112 CSR_train=0.000 done_count=125
[upd 90] u=0 upd_ctr=0 opt_step=0 E=1.000 g=0.079 VarTD=0.153728 ret_end=-28.062 dbar_end=0.807 occ_end=0.160 CSR_train=0.000 done_count=125
[upd 100] u=0 upd_ctr=0 opt_step=0 E=1.000 g=0.085 VarTD=0.176034 ret_end=-28.295 dbar_end=0.786 occ_end=0.176 CSR_train=0.000 done_count=125
[upd 110] u=0 upd_ctr=0 opt_step=0 E=1.000 g=0.096 VarTD=0.167844 ret_end=-28.045 dbar_end=0.747 occ_end=0.200 CSR_train=0.000 done_count=125
[upd 120] u=0 upd_ctr=0 opt_step=0 E=1.000 g=0.102 VarTD=0.153245 ret_end=-26.886 dbar_end=0.728 occ_end=0.184 CSR_train=0.000 done_count=125
[Gate5 check] update_counter violations: t0=0 diffs=0
[Gate5 check] opt_step violations: t0=0 diffs=0 (expected_inc=16)
[Gate5 check] NaN masking: nan_on_skip=True finite_on_update=True
[Gate5 summary] mean_update_fraction=0.0000 final_executed_updates_mean=0.00
[Gate5 eval] done_count mean=100.0 CSR mean=0.0000 len_end_mean=26.00
[Gate5 eval] episodes_per_env=4 T_eval=104
[Gate5 eval-debug] locked_eps_occ=0.20 pre(step25): dbar_end=1.989717 occupied_end_mean=0.030000 max_tilde_end_mean=2.367694 CSR@locked=0.000000
[Gate5 eval-debug] locked_eps_occ=0.20 post(step26): dbar_end=2.066565 occupied_end_mean=0.030000 max_tilde_end_mean=2.444517 CSR@locked=0.000000
[Gate5 eval-debug] CSR_pre@0.10=0.0000 CSR_pre@0.15=0.0000 CSR_pre@0.20=0.0000 CSR_pre@0.25=0.0000 CSR_pre@0.30=0.0000
[Gate5 eval-debug] CSR_post@0.10=0.0000 CSR_post@0.15=0.0000 CSR_post@0.20=0.0000 CSR_post@0.25=0.0000 CSR_post@0.30=0.0000
