Importing submoduled environments...
Submoduled environments not found. Skipping import.
[upd 0] u=1 upd_ctr=1 opt_step=16 E=0.079 g=0.096 VarTD=0.164885 ret_end=-27.291 dbar_end=0.746 occ_end=0.170 CSR_train=0.000 done_count=100
[upd 10] u=0 upd_ctr=1 opt_step=16 E=0.380 g=0.091 VarTD=0.137991 ret_end=-27.480 dbar_end=0.764 occ_end=0.136 CSR_train=0.000 done_count=125
[upd 20] u=0 upd_ctr=1 opt_step=16 E=0.682 g=0.107 VarTD=0.128434 ret_end=-26.720 dbar_end=0.712 occ_end=0.216 CSR_train=0.000 done_count=125
[upd 30] u=0 upd_ctr=1 opt_step=16 E=0.973 g=0.104 VarTD=0.139011 ret_end=-26.117 dbar_end=0.722 occ_end=0.168 CSR_train=0.000 done_count=125
[upd 40] u=0 upd_ctr=2 opt_step=32 E=0.332 g=0.101 VarTD=0.142719 ret_end=-26.704 dbar_end=0.729 occ_end=0.192 CSR_train=0.000 done_count=125
[upd 50] u=0 upd_ctr=2 opt_step=32 E=0.642 g=0.096 VarTD=0.147911 ret_end=-26.732 dbar_end=0.748 occ_end=0.168 CSR_train=0.000 done_count=125
[upd 60] u=0 upd_ctr=2 opt_step=32 E=0.944 g=0.087 VarTD=0.170109 ret_end=-28.507 dbar_end=0.779 occ_end=0.128 CSR_train=0.000 done_count=125
[upd 70] u=0 upd_ctr=3 opt_step=48 E=0.313 g=0.106 VarTD=0.152809 ret_end=-26.779 dbar_end=0.714 occ_end=0.184 CSR_train=0.000 done_count=125
[upd 80] u=0 upd_ctr=3 opt_step=48 E=0.638 g=0.110 VarTD=0.151152 ret_end=-26.078 dbar_end=0.702 occ_end=0.144 CSR_train=0.000 done_count=125
[upd 90] u=0 upd_ctr=3 opt_step=48 E=0.967 g=0.108 VarTD=0.129960 ret_end=-26.444 dbar_end=0.710 occ_end=0.176 CSR_train=0.000 done_count=125
[upd 100] u=0 upd_ctr=4 opt_step=64 E=0.372 g=0.111 VarTD=0.113377 ret_end=-26.639 dbar_end=0.700 occ_end=0.168 CSR_train=0.008 done_count=125
[upd 110] u=0 upd_ctr=4 opt_step=64 E=0.719 g=0.120 VarTD=0.136620 ret_end=-25.429 dbar_end=0.676 occ_end=0.184 CSR_train=0.000 done_count=125
[upd 120] u=0 upd_ctr=5 opt_step=80 E=0.110 g=0.115 VarTD=0.142272 ret_end=-25.993 dbar_end=0.690 occ_end=0.200 CSR_train=0.000 done_count=125
[upd 130] u=0 upd_ctr=5 opt_step=80 E=0.473 g=0.114 VarTD=0.111610 ret_end=-25.468 dbar_end=0.693 occ_end=0.110 CSR_train=0.000 done_count=100
[upd 140] u=0 upd_ctr=5 opt_step=80 E=0.832 g=0.118 VarTD=0.151175 ret_end=-26.372 dbar_end=0.682 occ_end=0.264 CSR_train=0.000 done_count=125
[upd 150] u=0 upd_ctr=6 opt_step=96 E=0.259 g=0.118 VarTD=0.149522 ret_end=-26.382 dbar_end=0.681 occ_end=0.216 CSR_train=0.000 done_count=125
[upd 160] u=0 upd_ctr=6 opt_step=96 E=0.636 g=0.127 VarTD=0.138607 ret_end=-25.826 dbar_end=0.658 occ_end=0.160 CSR_train=0.000 done_count=125
[upd 170] u=1 upd_ctr=7 opt_step=112 E=0.066 g=0.112 VarTD=0.138262 ret_end=-25.853 dbar_end=0.698 occ_end=0.184 CSR_train=0.000 done_count=125
[upd 180] u=0 upd_ctr=7 opt_step=112 E=0.464 g=0.125 VarTD=0.122066 ret_end=-25.645 dbar_end=0.662 occ_end=0.168 CSR_train=0.000 done_count=125
[upd 190] u=0 upd_ctr=7 opt_step=112 E=0.854 g=0.142 VarTD=0.143172 ret_end=-25.223 dbar_end=0.621 occ_end=0.264 CSR_train=0.000 done_count=125
[upd 200] u=0 upd_ctr=8 opt_step=128 E=0.296 g=0.131 VarTD=0.150601 ret_end=-26.034 dbar_end=0.648 occ_end=0.256 CSR_train=0.000 done_count=125
[upd 210] u=0 upd_ctr=8 opt_step=128 E=0.706 g=0.133 VarTD=0.166873 ret_end=-26.024 dbar_end=0.643 occ_end=0.336 CSR_train=0.000 done_count=125
[upd 220] u=0 upd_ctr=9 opt_step=144 E=0.173 g=0.132 VarTD=0.155598 ret_end=-25.387 dbar_end=0.646 occ_end=0.272 CSR_train=0.000 done_count=125
[upd 230] u=0 upd_ctr=9 opt_step=144 E=0.598 g=0.145 VarTD=0.138824 ret_end=-25.448 dbar_end=0.615 occ_end=0.208 CSR_train=0.000 done_count=125
[upd 240] u=1 upd_ctr=10 opt_step=160 E=0.069 g=0.143 VarTD=0.155044 ret_end=-24.848 dbar_end=0.619 occ_end=0.216 CSR_train=0.008 done_count=125
[upd 250] u=0 upd_ctr=10 opt_step=160 E=0.481 g=0.128 VarTD=0.154581 ret_end=-25.484 dbar_end=0.655 occ_end=0.240 CSR_train=0.000 done_count=125
[upd 260] u=0 upd_ctr=10 opt_step=160 E=0.906 g=0.145 VarTD=0.138922 ret_end=-24.239 dbar_end=0.615 occ_end=0.200 CSR_train=0.000 done_count=100
[upd 270] u=0 upd_ctr=11 opt_step=176 E=0.372 g=0.131 VarTD=0.179803 ret_end=-25.883 dbar_end=0.648 occ_end=0.136 CSR_train=0.000 done_count=125
[upd 280] u=0 upd_ctr=11 opt_step=176 E=0.797 g=0.126 VarTD=0.181266 ret_end=-25.874 dbar_end=0.660 occ_end=0.152 CSR_train=0.000 done_count=125
[upd 290] u=0 upd_ctr=12 opt_step=192 E=0.283 g=0.153 VarTD=0.198393 ret_end=-24.825 dbar_end=0.597 occ_end=0.200 CSR_train=0.000 done_count=125
[upd 300] u=0 upd_ctr=12 opt_step=192 E=0.720 g=0.144 VarTD=0.192361 ret_end=-24.461 dbar_end=0.618 occ_end=0.208 CSR_train=0.000 done_count=125
[upd 310] u=0 upd_ctr=13 opt_step=208 E=0.186 g=0.141 VarTD=0.234794 ret_end=-25.499 dbar_end=0.624 occ_end=0.216 CSR_train=0.000 done_count=125
[Gate5 check] update_counter violations: t0=0 diffs=0
[Gate5 check] opt_step violations: t0=0 diffs=0 (expected_inc=16)
[Gate5 check] NaN masking: nan_on_skip=True finite_on_update=True
[Gate5 summary] mean_update_fraction=0.0417 final_executed_updates_mean=13.00
[Gate5 eval] done_count mean=100.0 CSR mean=0.0000 len_end_mean=26.00
[Gate5 eval] episodes_per_env=4 T_eval=104
[Gate5 eval-debug] locked_eps_occ=0.20 pre(step25): dbar_end=0.506648 occupied_end_mean=0.360000 max_tilde_end_mean=0.740050 CSR@locked=0.000000
[Gate5 eval-debug] locked_eps_occ=0.20 post(step26): dbar_end=0.512386 occupied_end_mean=0.390000 max_tilde_end_mean=0.746039 CSR@locked=0.000000
[Gate5 eval-debug] CSR_pre@0.10=0.0000 CSR_pre@0.15=0.0000 CSR_pre@0.20=0.0000 CSR_pre@0.25=0.0100 CSR_pre@0.30=0.0400
[Gate5 eval-debug] CSR_post@0.10=0.0000 CSR_post@0.15=0.0000 CSR_post@0.20=0.0000 CSR_post@0.25=0.0000 CSR_post@0.30=0.0200
