Importing submoduled environments...
Submoduled environments not found. Skipping import.
[upd 0] u=1 upd_ctr=1 opt_step=16 E=0.127 g=0.092 VarTD=0.136051 ret_end=-27.009 dbar_end=0.762 occ_end=0.140 CSR_train=0.000 done_count=100
[upd 10] u=0 upd_ctr=1 opt_step=16 E=0.406 g=0.088 VarTD=0.157825 ret_end=-27.556 dbar_end=0.774 occ_end=0.128 CSR_train=0.000 done_count=125
[upd 20] u=0 upd_ctr=1 opt_step=16 E=0.690 g=0.096 VarTD=0.140044 ret_end=-27.124 dbar_end=0.745 occ_end=0.128 CSR_train=0.000 done_count=125
[upd 30] u=0 upd_ctr=2 opt_step=32 E=0.072 g=0.102 VarTD=0.163362 ret_end=-27.353 dbar_end=0.728 occ_end=0.176 CSR_train=0.000 done_count=125
[upd 40] u=0 upd_ctr=2 opt_step=32 E=0.343 g=0.090 VarTD=0.153124 ret_end=-26.663 dbar_end=0.766 occ_end=0.120 CSR_train=0.000 done_count=125
[upd 50] u=0 upd_ctr=2 opt_step=32 E=0.631 g=0.098 VarTD=0.152752 ret_end=-26.383 dbar_end=0.738 occ_end=0.192 CSR_train=0.000 done_count=125
[upd 60] u=0 upd_ctr=2 opt_step=32 E=0.926 g=0.092 VarTD=0.137564 ret_end=-27.432 dbar_end=0.760 occ_end=0.144 CSR_train=0.000 done_count=125
[upd 70] u=0 upd_ctr=3 opt_step=48 E=0.328 g=0.101 VarTD=0.150371 ret_end=-26.261 dbar_end=0.731 occ_end=0.192 CSR_train=0.000 done_count=125
[upd 80] u=0 upd_ctr=3 opt_step=48 E=0.632 g=0.108 VarTD=0.119162 ret_end=-26.178 dbar_end=0.710 occ_end=0.184 CSR_train=0.000 done_count=125
[upd 90] u=1 upd_ctr=4 opt_step=64 E=0.033 g=0.103 VarTD=0.132964 ret_end=-26.981 dbar_end=0.723 occ_end=0.192 CSR_train=0.000 done_count=125
[upd 100] u=0 upd_ctr=4 opt_step=64 E=0.340 g=0.110 VarTD=0.134632 ret_end=-26.517 dbar_end=0.703 occ_end=0.240 CSR_train=0.000 done_count=125
[upd 110] u=0 upd_ctr=4 opt_step=64 E=0.655 g=0.116 VarTD=0.134696 ret_end=-25.783 dbar_end=0.686 occ_end=0.264 CSR_train=0.000 done_count=125
[upd 120] u=0 upd_ctr=5 opt_step=80 E=0.064 g=0.106 VarTD=0.147802 ret_end=-26.986 dbar_end=0.714 occ_end=0.160 CSR_train=0.000 done_count=125
[upd 130] u=0 upd_ctr=5 opt_step=80 E=0.389 g=0.102 VarTD=0.162936 ret_end=-26.834 dbar_end=0.726 occ_end=0.130 CSR_train=0.000 done_count=100
[upd 140] u=0 upd_ctr=5 opt_step=80 E=0.705 g=0.103 VarTD=0.150915 ret_end=-27.452 dbar_end=0.725 occ_end=0.152 CSR_train=0.000 done_count=125
[upd 150] u=0 upd_ctr=6 opt_step=96 E=0.137 g=0.105 VarTD=0.130126 ret_end=-26.693 dbar_end=0.718 occ_end=0.200 CSR_train=0.008 done_count=125
[upd 160] u=0 upd_ctr=6 opt_step=96 E=0.458 g=0.093 VarTD=0.142348 ret_end=-27.209 dbar_end=0.757 occ_end=0.136 CSR_train=0.000 done_count=125
[upd 170] u=0 upd_ctr=6 opt_step=96 E=0.795 g=0.112 VarTD=0.138268 ret_end=-25.851 dbar_end=0.698 occ_end=0.160 CSR_train=0.000 done_count=125
[upd 180] u=0 upd_ctr=7 opt_step=112 E=0.235 g=0.108 VarTD=0.145862 ret_end=-27.049 dbar_end=0.709 occ_end=0.224 CSR_train=0.000 done_count=125
[upd 190] u=0 upd_ctr=7 opt_step=112 E=0.598 g=0.126 VarTD=0.153896 ret_end=-25.823 dbar_end=0.659 occ_end=0.216 CSR_train=0.000 done_count=125
[upd 200] u=1 upd_ctr=8 opt_step=128 E=0.056 g=0.120 VarTD=0.147188 ret_end=-25.930 dbar_end=0.676 occ_end=0.192 CSR_train=0.000 done_count=125
[upd 210] u=0 upd_ctr=8 opt_step=128 E=0.414 g=0.117 VarTD=0.160661 ret_end=-26.888 dbar_end=0.683 occ_end=0.160 CSR_train=0.000 done_count=125
[upd 220] u=0 upd_ctr=8 opt_step=128 E=0.776 g=0.110 VarTD=0.166701 ret_end=-27.270 dbar_end=0.702 occ_end=0.168 CSR_train=0.000 done_count=125
[upd 230] u=0 upd_ctr=9 opt_step=144 E=0.227 g=0.120 VarTD=0.162051 ret_end=-26.584 dbar_end=0.674 occ_end=0.200 CSR_train=0.000 done_count=125
[upd 240] u=0 upd_ctr=9 opt_step=144 E=0.583 g=0.120 VarTD=0.158559 ret_end=-25.520 dbar_end=0.675 occ_end=0.160 CSR_train=0.000 done_count=125
[upd 250] u=1 upd_ctr=10 opt_step=160 E=0.052 g=0.117 VarTD=0.156605 ret_end=-25.662 dbar_end=0.684 occ_end=0.248 CSR_train=0.000 done_count=125
[upd 260] u=0 upd_ctr=10 opt_step=160 E=0.417 g=0.124 VarTD=0.185127 ret_end=-25.066 dbar_end=0.664 occ_end=0.200 CSR_train=0.000 done_count=100
[upd 270] u=0 upd_ctr=10 opt_step=160 E=0.801 g=0.132 VarTD=0.167161 ret_end=-25.828 dbar_end=0.644 occ_end=0.200 CSR_train=0.000 done_count=125
[upd 280] u=0 upd_ctr=11 opt_step=176 E=0.261 g=0.133 VarTD=0.182478 ret_end=-25.308 dbar_end=0.642 occ_end=0.264 CSR_train=0.000 done_count=125
[upd 290] u=0 upd_ctr=11 opt_step=176 E=0.646 g=0.145 VarTD=0.153434 ret_end=-24.194 dbar_end=0.616 occ_end=0.232 CSR_train=0.000 done_count=125
[upd 300] u=0 upd_ctr=12 opt_step=192 E=0.134 g=0.118 VarTD=0.205308 ret_end=-26.677 dbar_end=0.681 occ_end=0.216 CSR_train=0.000 done_count=125
[upd 310] u=0 upd_ctr=12 opt_step=192 E=0.523 g=0.127 VarTD=0.194844 ret_end=-25.341 dbar_end=0.658 occ_end=0.184 CSR_train=0.000 done_count=125
[Gate5 check] update_counter violations: t0=0 diffs=0
[Gate5 check] opt_step violations: t0=0 diffs=0 (expected_inc=16)
[Gate5 check] NaN masking: nan_on_skip=True finite_on_update=True
[Gate5 summary] mean_update_fraction=0.0385 final_executed_updates_mean=12.00
[Gate5 eval] done_count mean=100.0 CSR mean=0.0000 len_end_mean=26.00
[Gate5 eval] episodes_per_env=4 T_eval=104
[Gate5 eval-debug] locked_eps_occ=0.20 pre(step25): dbar_end=0.532640 occupied_end_mean=0.330000 max_tilde_end_mean=0.801488 CSR@locked=0.000000
[Gate5 eval-debug] locked_eps_occ=0.20 post(step26): dbar_end=0.534912 occupied_end_mean=0.300000 max_tilde_end_mean=0.801178 CSR@locked=0.000000
[Gate5 eval-debug] CSR_pre@0.10=0.0000 CSR_pre@0.15=0.0000 CSR_pre@0.20=0.0000 CSR_pre@0.25=0.0000 CSR_pre@0.30=0.0100
[Gate5 eval-debug] CSR_post@0.10=0.0000 CSR_post@0.15=0.0000 CSR_post@0.20=0.0000 CSR_post@0.25=0.0000 CSR_post@0.30=0.0100
