Importing submoduled environments...
Submoduled environments not found. Skipping import.
[upd 0] u=1 upd_ctr=1 opt_step=16 E=0.101 g=0.084 VarTD=0.159484 ret_end=-27.958 dbar_end=0.788 occ_end=0.180 CSR_train=0.000 done_count=100
[upd 10] u=0 upd_ctr=1 opt_step=16 E=0.658 g=0.095 VarTD=0.154696 ret_end=-26.642 dbar_end=0.751 occ_end=0.136 CSR_train=0.000 done_count=125
[upd 20] u=0 upd_ctr=2 opt_step=32 E=0.261 g=0.096 VarTD=0.132103 ret_end=-26.485 dbar_end=0.746 occ_end=0.176 CSR_train=0.000 done_count=125
[upd 30] u=0 upd_ctr=2 opt_step=32 E=0.824 g=0.096 VarTD=0.160252 ret_end=-26.989 dbar_end=0.747 occ_end=0.160 CSR_train=0.000 done_count=125
[upd 40] u=0 upd_ctr=3 opt_step=48 E=0.450 g=0.099 VarTD=0.156586 ret_end=-27.265 dbar_end=0.738 occ_end=0.224 CSR_train=0.000 done_count=125
[upd 50] u=0 upd_ctr=4 opt_step=64 E=0.125 g=0.101 VarTD=0.136925 ret_end=-26.891 dbar_end=0.729 occ_end=0.136 CSR_train=0.000 done_count=125
[upd 60] u=0 upd_ctr=4 opt_step=64 E=0.750 g=0.102 VarTD=0.149527 ret_end=-27.300 dbar_end=0.726 occ_end=0.144 CSR_train=0.000 done_count=125
[upd 70] u=0 upd_ctr=5 opt_step=80 E=0.429 g=0.103 VarTD=0.174141 ret_end=-27.217 dbar_end=0.725 occ_end=0.128 CSR_train=0.000 done_count=125
[upd 80] u=0 upd_ctr=6 opt_step=96 E=0.150 g=0.118 VarTD=0.130975 ret_end=-25.648 dbar_end=0.681 occ_end=0.160 CSR_train=0.000 done_count=125
[upd 90] u=0 upd_ctr=6 opt_step=96 E=0.847 g=0.119 VarTD=0.129830 ret_end=-26.091 dbar_end=0.677 occ_end=0.224 CSR_train=0.000 done_count=125
[upd 100] u=0 upd_ctr=7 opt_step=112 E=0.624 g=0.133 VarTD=0.130531 ret_end=-24.799 dbar_end=0.642 occ_end=0.264 CSR_train=0.000 done_count=125
[upd 110] u=0 upd_ctr=8 opt_step=128 E=0.415 g=0.142 VarTD=0.146350 ret_end=-24.752 dbar_end=0.621 occ_end=0.240 CSR_train=0.000 done_count=125
[upd 120] u=0 upd_ctr=9 opt_step=144 E=0.209 g=0.128 VarTD=0.149161 ret_end=-25.171 dbar_end=0.656 occ_end=0.128 CSR_train=0.000 done_count=125
[upd 130] u=0 upd_ctr=9 opt_step=144 E=0.979 g=0.127 VarTD=0.143143 ret_end=-25.717 dbar_end=0.656 occ_end=0.300 CSR_train=0.000 done_count=100
[upd 140] u=0 upd_ctr=10 opt_step=160 E=0.832 g=0.142 VarTD=0.159014 ret_end=-24.914 dbar_end=0.621 occ_end=0.248 CSR_train=0.000 done_count=125
[upd 150] u=0 upd_ctr=11 opt_step=176 E=0.680 g=0.141 VarTD=0.189881 ret_end=-25.341 dbar_end=0.625 occ_end=0.264 CSR_train=0.000 done_count=125
[upd 160] u=0 upd_ctr=12 opt_step=192 E=0.560 g=0.143 VarTD=0.175410 ret_end=-23.620 dbar_end=0.619 occ_end=0.160 CSR_train=0.000 done_count=125
[upd 170] u=0 upd_ctr=13 opt_step=208 E=0.441 g=0.128 VarTD=0.224469 ret_end=-25.508 dbar_end=0.654 occ_end=0.184 CSR_train=0.000 done_count=125
[upd 180] u=0 upd_ctr=14 opt_step=224 E=0.331 g=0.143 VarTD=0.258525 ret_end=-24.411 dbar_end=0.619 occ_end=0.168 CSR_train=0.000 done_count=125
[upd 190] u=0 upd_ctr=15 opt_step=240 E=0.221 g=0.147 VarTD=0.303875 ret_end=-25.314 dbar_end=0.610 occ_end=0.248 CSR_train=0.000 done_count=125
[upd 200] u=1 upd_ctr=16 opt_step=256 E=0.138 g=0.147 VarTD=0.276733 ret_end=-23.676 dbar_end=0.610 occ_end=0.280 CSR_train=0.000 done_count=125
[upd 210] u=0 upd_ctr=16 opt_step=256 E=1.000 g=0.145 VarTD=0.349543 ret_end=-24.617 dbar_end=0.615 occ_end=0.248 CSR_train=0.000 done_count=125
[upd 220] u=0 upd_ctr=17 opt_step=272 E=0.957 g=0.167 VarTD=0.373894 ret_end=-23.519 dbar_end=0.569 occ_end=0.208 CSR_train=0.000 done_count=125
[upd 230] u=0 upd_ctr=18 opt_step=288 E=0.876 g=0.132 VarTD=0.470205 ret_end=-25.833 dbar_end=0.644 occ_end=0.136 CSR_train=0.000 done_count=125
[upd 240] u=0 upd_ctr=19 opt_step=304 E=0.842 g=0.161 VarTD=0.530612 ret_end=-24.178 dbar_end=0.582 occ_end=0.208 CSR_train=0.000 done_count=125
[upd 250] u=0 upd_ctr=20 opt_step=320 E=0.765 g=0.135 VarTD=0.605427 ret_end=-25.356 dbar_end=0.638 occ_end=0.224 CSR_train=0.000 done_count=125
[upd 260] u=0 upd_ctr=21 opt_step=336 E=0.712 g=0.149 VarTD=0.595086 ret_end=-25.168 dbar_end=0.606 occ_end=0.270 CSR_train=0.000 done_count=100
[upd 270] u=0 upd_ctr=22 opt_step=352 E=0.710 g=0.168 VarTD=0.794622 ret_end=-23.824 dbar_end=0.568 occ_end=0.264 CSR_train=0.000 done_count=125
[upd 280] u=0 upd_ctr=23 opt_step=368 E=0.690 g=0.159 VarTD=0.921250 ret_end=-24.234 dbar_end=0.586 occ_end=0.232 CSR_train=0.000 done_count=125
[upd 290] u=0 upd_ctr=24 opt_step=384 E=0.720 g=0.161 VarTD=0.983604 ret_end=-24.110 dbar_end=0.582 occ_end=0.248 CSR_train=0.000 done_count=125
[upd 300] u=0 upd_ctr=25 opt_step=400 E=0.726 g=0.164 VarTD=1.126006 ret_end=-24.507 dbar_end=0.576 occ_end=0.296 CSR_train=0.000 done_count=125
[upd 310] u=0 upd_ctr=26 opt_step=416 E=0.737 g=0.163 VarTD=1.257880 ret_end=-24.093 dbar_end=0.577 occ_end=0.264 CSR_train=0.000 done_count=125
[Gate5 check] update_counter violations: t0=0 diffs=0
[Gate5 check] opt_step violations: t0=0 diffs=0 (expected_inc=16)
[Gate5 check] NaN masking: nan_on_skip=True finite_on_update=True
[Gate5 summary] mean_update_fraction=0.0833 final_executed_updates_mean=26.00
[Gate5 eval] done_count mean=100.0 CSR mean=0.0000 len_end_mean=26.00
[Gate5 eval] episodes_per_env=4 T_eval=104
[Gate5 eval-debug] locked_eps_occ=0.20 pre(step25): dbar_end=0.501972 occupied_end_mean=0.360000 max_tilde_end_mean=0.718152 CSR@locked=0.000000
[Gate5 eval-debug] locked_eps_occ=0.20 post(step26): dbar_end=0.501836 occupied_end_mean=0.370000 max_tilde_end_mean=0.716724 CSR@locked=0.000000
[Gate5 eval-debug] CSR_pre@0.10=0.0000 CSR_pre@0.15=0.0000 CSR_pre@0.20=0.0000 CSR_pre@0.25=0.0000 CSR_pre@0.30=0.0100
[Gate5 eval-debug] CSR_post@0.10=0.0000 CSR_post@0.15=0.0000 CSR_post@0.20=0.0000 CSR_post@0.25=0.0000 CSR_post@0.30=0.0300
