Importing submoduled environments...
Submoduled environments not found. Skipping import.
[upd 0] u=1 upd_ctr=1 opt_step=16 E=0.194 g=0.094 VarTD=0.148631 ret_end=-26.843 dbar_end=0.752 occ_end=0.140 CSR_train=0.000 done_count=100
[upd 10] u=0 upd_ctr=2 opt_step=32 E=0.217 g=0.103 VarTD=0.115877 ret_end=-26.732 dbar_end=0.724 occ_end=0.136 CSR_train=0.000 done_count=125
[upd 20] u=0 upd_ctr=3 opt_step=48 E=0.280 g=0.100 VarTD=0.158484 ret_end=-27.282 dbar_end=0.734 occ_end=0.136 CSR_train=0.000 done_count=125
[upd 30] u=0 upd_ctr=4 opt_step=64 E=0.340 g=0.096 VarTD=0.135500 ret_end=-26.752 dbar_end=0.747 occ_end=0.160 CSR_train=0.000 done_count=125
[upd 40] u=0 upd_ctr=5 opt_step=80 E=0.521 g=0.117 VarTD=0.148053 ret_end=-25.994 dbar_end=0.685 occ_end=0.216 CSR_train=0.008 done_count=125
[upd 50] u=0 upd_ctr=6 opt_step=96 E=0.736 g=0.117 VarTD=0.131166 ret_end=-26.498 dbar_end=0.683 occ_end=0.152 CSR_train=0.000 done_count=125
[upd 60] u=0 upd_ctr=7 opt_step=112 E=0.929 g=0.110 VarTD=0.141137 ret_end=-26.319 dbar_end=0.702 occ_end=0.208 CSR_train=0.000 done_count=125
[upd 70] u=0 upd_ctr=9 opt_step=144 E=0.335 g=0.122 VarTD=0.136570 ret_end=-25.178 dbar_end=0.669 occ_end=0.160 CSR_train=0.000 done_count=125
[upd 80] u=0 upd_ctr=10 opt_step=160 E=0.649 g=0.129 VarTD=0.133916 ret_end=-25.109 dbar_end=0.652 occ_end=0.184 CSR_train=0.000 done_count=125
[upd 90] u=0 upd_ctr=11 opt_step=176 E=0.939 g=0.129 VarTD=0.163123 ret_end=-24.975 dbar_end=0.652 occ_end=0.232 CSR_train=0.000 done_count=125
[upd 100] u=0 upd_ctr=13 opt_step=208 E=0.470 g=0.127 VarTD=0.222345 ret_end=-25.555 dbar_end=0.657 occ_end=0.232 CSR_train=0.000 done_count=125
[upd 110] u=0 upd_ctr=14 opt_step=224 E=0.884 g=0.134 VarTD=0.262368 ret_end=-25.291 dbar_end=0.640 occ_end=0.200 CSR_train=0.000 done_count=125
[upd 120] u=0 upd_ctr=16 opt_step=256 E=0.442 g=0.139 VarTD=0.290131 ret_end=-24.794 dbar_end=0.628 occ_end=0.240 CSR_train=0.000 done_count=125
[Gate5 check] update_counter violations: t0=0 diffs=0
[Gate5 check] opt_step violations: t0=0 diffs=0 (expected_inc=16)
[Gate5 check] NaN masking: nan_on_skip=True finite_on_update=True
[Gate5 summary] mean_update_fraction=0.1280 final_executed_updates_mean=16.00
[Gate5 eval] done_count mean=100.0 CSR mean=0.0000 len_end_mean=26.00
[Gate5 eval] episodes_per_env=4 T_eval=104
[Gate5 eval-debug] locked_eps_occ=0.20 pre(step25): dbar_end=0.502294 occupied_end_mean=0.370000 max_tilde_end_mean=0.729886 CSR@locked=0.000000
[Gate5 eval-debug] locked_eps_occ=0.20 post(step26): dbar_end=0.507122 occupied_end_mean=0.340000 max_tilde_end_mean=0.729477 CSR@locked=0.000000
[Gate5 eval-debug] CSR_pre@0.10=0.0000 CSR_pre@0.15=0.0000 CSR_pre@0.20=0.0000 CSR_pre@0.25=0.0000 CSR_pre@0.30=0.0000
[Gate5 eval-debug] CSR_post@0.10=0.0000 CSR_post@0.15=0.0000 CSR_post@0.20=0.0000 CSR_post@0.25=0.0100 CSR_post@0.30=0.0100
