Importing submoduled environments...
Submoduled environments not found. Skipping import.
[upd 0] u=1 upd_ctr=1 opt_step=16 E=0.123 g=0.091 VarTD=0.177780 ret_end=-27.116 dbar_end=0.762 occ_end=0.220 CSR_train=0.000 done_count=100
[upd 10] u=0 upd_ctr=1 opt_step=16 E=0.851 g=0.084 VarTD=0.168711 ret_end=-27.749 dbar_end=0.791 occ_end=0.120 CSR_train=0.000 done_count=125
[upd 20] u=0 upd_ctr=2 opt_step=32 E=0.691 g=0.099 VarTD=0.146732 ret_end=-26.939 dbar_end=0.735 occ_end=0.184 CSR_train=0.000 done_count=125
[upd 30] u=0 upd_ctr=3 opt_step=48 E=0.541 g=0.096 VarTD=0.176380 ret_end=-27.320 dbar_end=0.746 occ_end=0.136 CSR_train=0.000 done_count=125
[upd 40] u=0 upd_ctr=4 opt_step=64 E=0.395 g=0.107 VarTD=0.149951 ret_end=-26.930 dbar_end=0.713 occ_end=0.224 CSR_train=0.000 done_count=125
[upd 50] u=0 upd_ctr=5 opt_step=80 E=0.296 g=0.109 VarTD=0.147747 ret_end=-25.691 dbar_end=0.706 occ_end=0.168 CSR_train=0.000 done_count=125
[upd 60] u=0 upd_ctr=6 opt_step=96 E=0.222 g=0.115 VarTD=0.148844 ret_end=-26.049 dbar_end=0.688 occ_end=0.112 CSR_train=0.000 done_count=125
[upd 70] u=0 upd_ctr=7 opt_step=112 E=0.197 g=0.112 VarTD=0.155837 ret_end=-26.048 dbar_end=0.696 occ_end=0.216 CSR_train=0.008 done_count=125
[upd 80] u=0 upd_ctr=8 opt_step=128 E=0.196 g=0.129 VarTD=0.136174 ret_end=-25.486 dbar_end=0.652 occ_end=0.176 CSR_train=0.000 done_count=125
[upd 90] u=0 upd_ctr=9 opt_step=144 E=0.246 g=0.125 VarTD=0.153126 ret_end=-25.684 dbar_end=0.663 occ_end=0.168 CSR_train=0.000 done_count=125
[upd 100] u=0 upd_ctr=10 opt_step=160 E=0.355 g=0.144 VarTD=0.161007 ret_end=-24.327 dbar_end=0.618 occ_end=0.264 CSR_train=0.000 done_count=125
[upd 110] u=0 upd_ctr=11 opt_step=176 E=0.486 g=0.137 VarTD=0.173567 ret_end=-24.924 dbar_end=0.632 occ_end=0.184 CSR_train=0.000 done_count=125
[upd 120] u=0 upd_ctr=12 opt_step=192 E=0.583 g=0.124 VarTD=0.216463 ret_end=-25.737 dbar_end=0.665 occ_end=0.208 CSR_train=0.000 done_count=125
[upd 130] u=0 upd_ctr=13 opt_step=208 E=0.722 g=0.144 VarTD=0.187137 ret_end=-23.946 dbar_end=0.616 occ_end=0.240 CSR_train=0.000 done_count=100
[upd 140] u=0 upd_ctr=14 opt_step=224 E=0.837 g=0.145 VarTD=0.280360 ret_end=-24.731 dbar_end=0.615 occ_end=0.272 CSR_train=0.000 done_count=125
[upd 150] u=0 upd_ctr=15 opt_step=240 E=1.000 g=0.149 VarTD=0.281822 ret_end=-24.276 dbar_end=0.607 occ_end=0.248 CSR_train=0.000 done_count=125
[upd 160] u=0 upd_ctr=17 opt_step=272 E=0.258 g=0.147 VarTD=0.400868 ret_end=-25.494 dbar_end=0.610 occ_end=0.232 CSR_train=0.000 done_count=125
[upd 170] u=0 upd_ctr=18 opt_step=288 E=0.464 g=0.139 VarTD=0.453560 ret_end=-24.995 dbar_end=0.629 occ_end=0.232 CSR_train=0.000 done_count=125
[upd 180] u=0 upd_ctr=19 opt_step=304 E=0.668 g=0.151 VarTD=0.514642 ret_end=-24.528 dbar_end=0.603 occ_end=0.208 CSR_train=0.000 done_count=125
[upd 190] u=0 upd_ctr=20 opt_step=320 E=0.893 g=0.135 VarTD=0.651165 ret_end=-26.594 dbar_end=0.639 occ_end=0.232 CSR_train=0.008 done_count=125
[upd 200] u=1 upd_ctr=22 opt_step=352 E=0.171 g=0.152 VarTD=0.663351 ret_end=-23.897 dbar_end=0.600 occ_end=0.248 CSR_train=0.000 done_count=125
[upd 210] u=0 upd_ctr=23 opt_step=368 E=0.424 g=0.146 VarTD=0.898936 ret_end=-24.109 dbar_end=0.613 occ_end=0.248 CSR_train=0.000 done_count=125
[upd 220] u=0 upd_ctr=24 opt_step=384 E=0.662 g=0.153 VarTD=0.961092 ret_end=-23.923 dbar_end=0.599 occ_end=0.224 CSR_train=0.000 done_count=125
[upd 230] u=0 upd_ctr=25 opt_step=400 E=0.914 g=0.158 VarTD=1.129375 ret_end=-24.682 dbar_end=0.589 occ_end=0.312 CSR_train=0.000 done_count=125
[upd 240] u=1 upd_ctr=27 opt_step=432 E=0.173 g=0.154 VarTD=1.250636 ret_end=-24.872 dbar_end=0.595 occ_end=0.224 CSR_train=0.000 done_count=125
[upd 250] u=0 upd_ctr=28 opt_step=448 E=0.448 g=0.162 VarTD=1.531720 ret_end=-24.741 dbar_end=0.580 occ_end=0.288 CSR_train=0.000 done_count=125
[upd 260] u=0 upd_ctr=29 opt_step=464 E=0.771 g=0.161 VarTD=1.327949 ret_end=-23.127 dbar_end=0.582 occ_end=0.280 CSR_train=0.010 done_count=100
[upd 270] u=0 upd_ctr=30 opt_step=480 E=1.000 g=0.155 VarTD=1.790103 ret_end=-24.409 dbar_end=0.593 occ_end=0.232 CSR_train=0.008 done_count=125
[upd 280] u=0 upd_ctr=32 opt_step=512 E=0.297 g=0.156 VarTD=2.154987 ret_end=-25.739 dbar_end=0.592 occ_end=0.288 CSR_train=0.000 done_count=125
[upd 290] u=0 upd_ctr=33 opt_step=528 E=0.566 g=0.172 VarTD=2.323037 ret_end=-23.027 dbar_end=0.560 occ_end=0.264 CSR_train=0.000 done_count=125
[upd 300] u=0 upd_ctr=34 opt_step=544 E=0.791 g=0.146 VarTD=2.361470 ret_end=-24.564 dbar_end=0.613 occ_end=0.200 CSR_train=0.000 done_count=125
[upd 310] u=1 upd_ctr=36 opt_step=576 E=0.127 g=0.156 VarTD=2.600762 ret_end=-25.224 dbar_end=0.591 occ_end=0.208 CSR_train=0.000 done_count=125
[Gate5 check] update_counter violations: t0=0 diffs=0
[Gate5 check] opt_step violations: t0=0 diffs=0 (expected_inc=16)
[Gate5 check] NaN masking: nan_on_skip=True finite_on_update=True
[Gate5 summary] mean_update_fraction=0.1154 final_executed_updates_mean=36.00
[Gate5 eval] done_count mean=100.0 CSR mean=0.0000 len_end_mean=26.00
[Gate5 eval] episodes_per_env=4 T_eval=104
[Gate5 eval-debug] locked_eps_occ=0.20 pre(step25): dbar_end=0.476670 occupied_end_mean=0.390000 max_tilde_end_mean=0.650098 CSR@locked=0.010000
[Gate5 eval-debug] locked_eps_occ=0.20 post(step26): dbar_end=0.478979 occupied_end_mean=0.370000 max_tilde_end_mean=0.661745 CSR@locked=0.000000
[Gate5 eval-debug] CSR_pre@0.10=0.0000 CSR_pre@0.15=0.0000 CSR_pre@0.20=0.0100 CSR_pre@0.25=0.0400 CSR_pre@0.30=0.0500
[Gate5 eval-debug] CSR_post@0.10=0.0000 CSR_post@0.15=0.0000 CSR_post@0.20=0.0000 CSR_post@0.25=0.0100 CSR_post@0.30=0.0300
