Importing submoduled environments...
Submoduled environments not found. Skipping import.
[upd 0] u=1 upd_ctr=1 opt_step=16 E=0.105 g=0.092 VarTD=0.136051 ret_end=-27.009 dbar_end=0.762 occ_end=0.140 CSR_train=0.000 done_count=100
[upd 10] u=0 upd_ctr=1 opt_step=16 E=0.661 g=0.088 VarTD=0.157825 ret_end=-27.556 dbar_end=0.774 occ_end=0.128 CSR_train=0.000 done_count=125
[upd 20] u=0 upd_ctr=2 opt_step=32 E=0.284 g=0.096 VarTD=0.139713 ret_end=-27.160 dbar_end=0.745 occ_end=0.128 CSR_train=0.000 done_count=125
[upd 30] u=0 upd_ctr=2 opt_step=32 E=0.867 g=0.102 VarTD=0.155744 ret_end=-27.320 dbar_end=0.726 occ_end=0.184 CSR_train=0.000 done_count=125
[upd 40] u=0 upd_ctr=3 opt_step=48 E=0.482 g=0.096 VarTD=0.147580 ret_end=-26.340 dbar_end=0.747 occ_end=0.128 CSR_train=0.000 done_count=125
[upd 50] u=0 upd_ctr=4 opt_step=64 E=0.136 g=0.102 VarTD=0.151465 ret_end=-25.861 dbar_end=0.728 occ_end=0.192 CSR_train=0.000 done_count=125
[upd 60] u=0 upd_ctr=4 opt_step=64 E=0.796 g=0.100 VarTD=0.130380 ret_end=-26.957 dbar_end=0.732 occ_end=0.152 CSR_train=0.000 done_count=125
[upd 70] u=0 upd_ctr=5 opt_step=80 E=0.514 g=0.115 VarTD=0.151191 ret_end=-25.528 dbar_end=0.690 occ_end=0.208 CSR_train=0.000 done_count=125
[upd 80] u=0 upd_ctr=6 opt_step=96 E=0.262 g=0.133 VarTD=0.113587 ret_end=-24.880 dbar_end=0.642 occ_end=0.176 CSR_train=0.000 done_count=125
[upd 90] u=0 upd_ctr=6 opt_step=96 E=0.991 g=0.131 VarTD=0.124788 ret_end=-25.700 dbar_end=0.648 occ_end=0.176 CSR_train=0.000 done_count=125
[upd 100] u=0 upd_ctr=7 opt_step=112 E=0.788 g=0.126 VarTD=0.134433 ret_end=-25.718 dbar_end=0.659 occ_end=0.248 CSR_train=0.000 done_count=125
[upd 110] u=0 upd_ctr=8 opt_step=128 E=0.579 g=0.129 VarTD=0.137316 ret_end=-25.117 dbar_end=0.653 occ_end=0.264 CSR_train=0.000 done_count=125
[upd 120] u=0 upd_ctr=9 opt_step=144 E=0.336 g=0.126 VarTD=0.154780 ret_end=-26.011 dbar_end=0.659 occ_end=0.176 CSR_train=0.000 done_count=125
[upd 130] u=1 upd_ctr=10 opt_step=160 E=0.124 g=0.123 VarTD=0.154836 ret_end=-25.767 dbar_end=0.667 occ_end=0.170 CSR_train=0.000 done_count=100
[upd 140] u=0 upd_ctr=10 opt_step=160 E=0.876 g=0.124 VarTD=0.168295 ret_end=-26.371 dbar_end=0.665 occ_end=0.128 CSR_train=0.000 done_count=125
[upd 150] u=0 upd_ctr=11 opt_step=176 E=0.714 g=0.117 VarTD=0.162574 ret_end=-26.007 dbar_end=0.685 occ_end=0.216 CSR_train=0.008 done_count=125
[upd 160] u=0 upd_ctr=12 opt_step=192 E=0.499 g=0.109 VarTD=0.171581 ret_end=-25.923 dbar_end=0.705 occ_end=0.200 CSR_train=0.000 done_count=125
[upd 170] u=0 upd_ctr=13 opt_step=208 E=0.355 g=0.135 VarTD=0.203907 ret_end=-24.962 dbar_end=0.637 occ_end=0.160 CSR_train=0.000 done_count=125
[upd 180] u=0 upd_ctr=14 opt_step=224 E=0.201 g=0.124 VarTD=0.255829 ret_end=-26.218 dbar_end=0.665 occ_end=0.184 CSR_train=0.000 done_count=125
[upd 190] u=0 upd_ctr=14 opt_step=224 E=1.000 g=0.140 VarTD=0.252647 ret_end=-25.153 dbar_end=0.627 occ_end=0.208 CSR_train=0.000 done_count=125
[upd 200] u=0 upd_ctr=15 opt_step=240 E=0.903 g=0.142 VarTD=0.275372 ret_end=-24.811 dbar_end=0.621 occ_end=0.224 CSR_train=0.000 done_count=125
[upd 210] u=0 upd_ctr=16 opt_step=256 E=0.794 g=0.139 VarTD=0.343574 ret_end=-25.868 dbar_end=0.628 occ_end=0.184 CSR_train=0.000 done_count=125
[upd 220] u=0 upd_ctr=17 opt_step=272 E=0.675 g=0.134 VarTD=0.392578 ret_end=-26.033 dbar_end=0.640 occ_end=0.160 CSR_train=0.000 done_count=125
[upd 230] u=0 upd_ctr=18 opt_step=288 E=0.570 g=0.148 VarTD=0.454271 ret_end=-25.164 dbar_end=0.609 occ_end=0.208 CSR_train=0.000 done_count=125
[upd 240] u=0 upd_ctr=19 opt_step=304 E=0.468 g=0.154 VarTD=0.530380 ret_end=-24.094 dbar_end=0.596 occ_end=0.256 CSR_train=0.000 done_count=125
[upd 250] u=0 upd_ctr=20 opt_step=320 E=0.392 g=0.138 VarTD=0.597786 ret_end=-24.633 dbar_end=0.630 occ_end=0.208 CSR_train=0.000 done_count=125
[upd 260] u=0 upd_ctr=21 opt_step=336 E=0.316 g=0.145 VarTD=0.585536 ret_end=-23.965 dbar_end=0.615 occ_end=0.210 CSR_train=0.000 done_count=100
[upd 270] u=0 upd_ctr=22 opt_step=352 E=0.236 g=0.151 VarTD=0.805209 ret_end=-24.998 dbar_end=0.602 occ_end=0.288 CSR_train=0.000 done_count=125
[upd 280] u=0 upd_ctr=23 opt_step=368 E=0.191 g=0.166 VarTD=0.928834 ret_end=-24.100 dbar_end=0.572 occ_end=0.288 CSR_train=0.000 done_count=125
[upd 290] u=1 upd_ctr=24 opt_step=384 E=0.152 g=0.170 VarTD=0.875937 ret_end=-23.051 dbar_end=0.564 occ_end=0.296 CSR_train=0.000 done_count=125
[upd 300] u=1 upd_ctr=25 opt_step=400 E=0.145 g=0.159 VarTD=1.034503 ret_end=-24.724 dbar_end=0.586 occ_end=0.280 CSR_train=0.000 done_count=125
[upd 310] u=1 upd_ctr=26 opt_step=416 E=0.137 g=0.157 VarTD=1.147869 ret_end=-24.048 dbar_end=0.590 occ_end=0.272 CSR_train=0.000 done_count=125
[Gate5 check] update_counter violations: t0=0 diffs=0
[Gate5 check] opt_step violations: t0=0 diffs=0 (expected_inc=16)
[Gate5 check] NaN masking: nan_on_skip=True finite_on_update=True
[Gate5 summary] mean_update_fraction=0.0833 final_executed_updates_mean=26.00
[Gate5 eval] done_count mean=100.0 CSR mean=0.0000 len_end_mean=26.00
[Gate5 eval] episodes_per_env=4 T_eval=104
[Gate5 eval-debug] locked_eps_occ=0.20 pre(step25): dbar_end=0.486550 occupied_end_mean=0.420000 max_tilde_end_mean=0.702143 CSR@locked=0.030000
[Gate5 eval-debug] locked_eps_occ=0.20 post(step26): dbar_end=0.486826 occupied_end_mean=0.390000 max_tilde_end_mean=0.707146 CSR@locked=0.000000
[Gate5 eval-debug] CSR_pre@0.10=0.0000 CSR_pre@0.15=0.0200 CSR_pre@0.20=0.0300 CSR_pre@0.25=0.0500 CSR_pre@0.30=0.0700
[Gate5 eval-debug] CSR_post@0.10=0.0000 CSR_post@0.15=0.0000 CSR_post@0.20=0.0000 CSR_post@0.25=0.0200 CSR_post@0.30=0.0400
