Importing submoduled environments...
Submoduled environments not found. Skipping import.
[upd 0] u=1 upd_ctr=1 opt_step=16 E=0.900 g=0.094 VarTD=0.156314 ret_end=-27.700 dbar_end=0.751 occ_end=0.180 CSR_train=0.010 done_count=100
[upd 10] u=0 upd_ctr=9 opt_step=144 E=0.100 g=0.141 VarTD=0.128699 ret_end=-24.614 dbar_end=0.624 occ_end=0.160 CSR_train=0.000 done_count=125
[upd 20] u=0 upd_ctr=9 opt_step=144 E=0.100 g=0.129 VarTD=0.129810 ret_end=-25.135 dbar_end=0.653 occ_end=0.200 CSR_train=0.000 done_count=125
[upd 30] u=0 upd_ctr=9 opt_step=144 E=0.100 g=0.118 VarTD=0.153617 ret_end=-26.386 dbar_end=0.681 occ_end=0.160 CSR_train=0.000 done_count=125
[upd 40] u=0 upd_ctr=9 opt_step=144 E=0.100 g=0.119 VarTD=0.138553 ret_end=-26.112 dbar_end=0.679 occ_end=0.184 CSR_train=0.000 done_count=125
[upd 50] u=0 upd_ctr=9 opt_step=144 E=0.100 g=0.128 VarTD=0.154656 ret_end=-25.793 dbar_end=0.655 occ_end=0.248 CSR_train=0.000 done_count=125
[upd 60] u=0 upd_ctr=9 opt_step=144 E=0.100 g=0.128 VarTD=0.145580 ret_end=-24.844 dbar_end=0.654 occ_end=0.248 CSR_train=0.000 done_count=125
[upd 70] u=0 upd_ctr=9 opt_step=144 E=0.100 g=0.134 VarTD=0.137812 ret_end=-24.880 dbar_end=0.640 occ_end=0.240 CSR_train=0.000 done_count=125
[upd 80] u=0 upd_ctr=9 opt_step=144 E=0.100 g=0.122 VarTD=0.157800 ret_end=-26.419 dbar_end=0.671 occ_end=0.152 CSR_train=0.000 done_count=125
[upd 90] u=0 upd_ctr=9 opt_step=144 E=0.100 g=0.105 VarTD=0.133637 ret_end=-25.827 dbar_end=0.717 occ_end=0.152 CSR_train=0.000 done_count=125
[upd 100] u=0 upd_ctr=9 opt_step=144 E=0.100 g=0.130 VarTD=0.133602 ret_end=-25.573 dbar_end=0.651 occ_end=0.184 CSR_train=0.000 done_count=125
[upd 110] u=0 upd_ctr=9 opt_step=144 E=0.100 g=0.145 VarTD=0.111978 ret_end=-23.817 dbar_end=0.616 occ_end=0.264 CSR_train=0.000 done_count=125
[upd 120] u=0 upd_ctr=9 opt_step=144 E=0.100 g=0.130 VarTD=0.145906 ret_end=-25.188 dbar_end=0.651 occ_end=0.208 CSR_train=0.000 done_count=125
[Gate5 check] update_counter violations: t0=0 diffs=0
[Gate5 check] opt_step violations: t0=0 diffs=0 (expected_inc=16)
[Gate5 check] NaN masking: nan_on_skip=True finite_on_update=True
[Gate5 summary] mean_update_fraction=0.0720 final_executed_updates_mean=9.00
[Gate5 eval] done_count mean=100.0 CSR mean=0.0000 len_end_mean=26.00
[Gate5 eval] episodes_per_env=4 T_eval=104
[Gate5 eval-debug] locked_eps_occ=0.20 pre(step25): dbar_end=0.538234 occupied_end_mean=0.320000 max_tilde_end_mean=0.770813 CSR@locked=0.000000
[Gate5 eval-debug] locked_eps_occ=0.20 post(step26): dbar_end=0.538676 occupied_end_mean=0.310000 max_tilde_end_mean=0.765825 CSR@locked=0.000000
[Gate5 eval-debug] CSR_pre@0.10=0.0000 CSR_pre@0.15=0.0000 CSR_pre@0.20=0.0000 CSR_pre@0.25=0.0000 CSR_pre@0.30=0.0300
[Gate5 eval-debug] CSR_post@0.10=0.0000 CSR_post@0.15=0.0000 CSR_post@0.20=0.0000 CSR_post@0.25=0.0000 CSR_post@0.30=0.0000
