Importing submoduled environments...
Submoduled environments not found. Skipping import.
[upd 0] u=1 upd_ctr=1 opt_step=16 E=0.122 g=0.090 VarTD=0.142063 ret_end=-26.625 dbar_end=0.768 occ_end=0.090 CSR_train=0.000 done_count=100
[upd 10] u=0 upd_ctr=1 opt_step=16 E=0.886 g=0.103 VarTD=0.114453 ret_end=-26.589 dbar_end=0.723 occ_end=0.104 CSR_train=0.000 done_count=125
[upd 20] u=0 upd_ctr=2 opt_step=32 E=0.725 g=0.102 VarTD=0.162042 ret_end=-26.866 dbar_end=0.728 occ_end=0.104 CSR_train=0.000 done_count=125
[upd 30] u=0 upd_ctr=3 opt_step=48 E=0.594 g=0.102 VarTD=0.151695 ret_end=-27.767 dbar_end=0.726 occ_end=0.264 CSR_train=0.000 done_count=125
[upd 40] u=0 upd_ctr=4 opt_step=64 E=0.479 g=0.107 VarTD=0.128137 ret_end=-26.152 dbar_end=0.712 occ_end=0.192 CSR_train=0.000 done_count=125
[upd 50] u=0 upd_ctr=5 opt_step=80 E=0.414 g=0.112 VarTD=0.139517 ret_end=-26.260 dbar_end=0.697 occ_end=0.200 CSR_train=0.000 done_count=125
[upd 60] u=0 upd_ctr=6 opt_step=96 E=0.321 g=0.108 VarTD=0.135041 ret_end=-25.995 dbar_end=0.708 occ_end=0.184 CSR_train=0.000 done_count=125
[upd 70] u=0 upd_ctr=7 opt_step=112 E=0.238 g=0.114 VarTD=0.116798 ret_end=-25.414 dbar_end=0.692 occ_end=0.192 CSR_train=0.000 done_count=125
[upd 80] u=0 upd_ctr=8 opt_step=128 E=0.250 g=0.125 VarTD=0.169555 ret_end=-25.907 dbar_end=0.662 occ_end=0.272 CSR_train=0.000 done_count=125
[upd 90] u=0 upd_ctr=9 opt_step=144 E=0.236 g=0.122 VarTD=0.147202 ret_end=-26.055 dbar_end=0.669 occ_end=0.216 CSR_train=0.000 done_count=125
[upd 100] u=0 upd_ctr=10 opt_step=160 E=0.252 g=0.124 VarTD=0.156560 ret_end=-26.106 dbar_end=0.664 occ_end=0.216 CSR_train=0.000 done_count=125
[upd 110] u=0 upd_ctr=11 opt_step=176 E=0.342 g=0.122 VarTD=0.197275 ret_end=-26.609 dbar_end=0.671 occ_end=0.200 CSR_train=0.000 done_count=125
[upd 120] u=0 upd_ctr=12 opt_step=192 E=0.450 g=0.133 VarTD=0.195684 ret_end=-25.252 dbar_end=0.642 occ_end=0.232 CSR_train=0.000 done_count=125
[upd 130] u=0 upd_ctr=13 opt_step=208 E=0.622 g=0.147 VarTD=0.202798 ret_end=-25.012 dbar_end=0.611 occ_end=0.190 CSR_train=0.000 done_count=100
[upd 140] u=0 upd_ctr=14 opt_step=224 E=0.796 g=0.143 VarTD=0.258652 ret_end=-24.142 dbar_end=0.619 occ_end=0.224 CSR_train=0.000 done_count=125
[upd 150] u=0 upd_ctr=15 opt_step=240 E=0.998 g=0.140 VarTD=0.289606 ret_end=-24.893 dbar_end=0.627 occ_end=0.168 CSR_train=0.000 done_count=125
[upd 160] u=0 upd_ctr=17 opt_step=272 E=0.305 g=0.158 VarTD=0.404517 ret_end=-24.919 dbar_end=0.588 occ_end=0.240 CSR_train=0.000 done_count=125
[upd 170] u=0 upd_ctr=18 opt_step=288 E=0.640 g=0.155 VarTD=0.470102 ret_end=-24.179 dbar_end=0.593 occ_end=0.240 CSR_train=0.000 done_count=125
[upd 180] u=0 upd_ctr=19 opt_step=304 E=0.975 g=0.167 VarTD=0.529357 ret_end=-24.234 dbar_end=0.570 occ_end=0.312 CSR_train=0.000 done_count=125
[upd 190] u=0 upd_ctr=21 opt_step=336 E=0.400 g=0.159 VarTD=0.719557 ret_end=-24.721 dbar_end=0.586 occ_end=0.272 CSR_train=0.000 done_count=125
[upd 200] u=0 upd_ctr=22 opt_step=352 E=0.687 g=0.158 VarTD=0.794765 ret_end=-24.016 dbar_end=0.587 occ_end=0.192 CSR_train=0.000 done_count=125
[upd 210] u=0 upd_ctr=23 opt_step=368 E=1.000 g=0.163 VarTD=0.937284 ret_end=-25.453 dbar_end=0.578 occ_end=0.288 CSR_train=0.000 done_count=125
[upd 220] u=0 upd_ctr=25 opt_step=400 E=0.409 g=0.167 VarTD=1.148722 ret_end=-24.558 dbar_end=0.570 occ_end=0.296 CSR_train=0.008 done_count=125
[upd 230] u=0 upd_ctr=26 opt_step=416 E=0.739 g=0.184 VarTD=1.321020 ret_end=-22.840 dbar_end=0.538 occ_end=0.296 CSR_train=0.000 done_count=125
[upd 240] u=1 upd_ctr=28 opt_step=448 E=0.202 g=0.190 VarTD=1.505638 ret_end=-23.104 dbar_end=0.529 occ_end=0.360 CSR_train=0.008 done_count=125
[upd 250] u=0 upd_ctr=29 opt_step=464 E=0.573 g=0.172 VarTD=1.754259 ret_end=-24.022 dbar_end=0.560 occ_end=0.272 CSR_train=0.000 done_count=125
[upd 260] u=0 upd_ctr=30 opt_step=480 E=0.994 g=0.170 VarTD=1.567211 ret_end=-24.174 dbar_end=0.565 occ_end=0.330 CSR_train=0.000 done_count=100
[upd 270] u=0 upd_ctr=32 opt_step=512 E=0.455 g=0.182 VarTD=2.240271 ret_end=-23.050 dbar_end=0.543 occ_end=0.296 CSR_train=0.000 done_count=125
[upd 280] u=0 upd_ctr=33 opt_step=528 E=0.891 g=0.179 VarTD=2.380197 ret_end=-23.332 dbar_end=0.548 occ_end=0.320 CSR_train=0.008 done_count=125
[upd 290] u=0 upd_ctr=35 opt_step=560 E=0.350 g=0.196 VarTD=2.787374 ret_end=-22.432 dbar_end=0.518 occ_end=0.328 CSR_train=0.000 done_count=125
[upd 300] u=0 upd_ctr=36 opt_step=576 E=0.787 g=0.184 VarTD=2.934446 ret_end=-23.489 dbar_end=0.539 occ_end=0.320 CSR_train=0.000 done_count=125
[upd 310] u=1 upd_ctr=38 opt_step=608 E=0.196 g=0.182 VarTD=3.038863 ret_end=-23.959 dbar_end=0.542 occ_end=0.328 CSR_train=0.016 done_count=125
[Gate5 check] update_counter violations: t0=0 diffs=0
[Gate5 check] opt_step violations: t0=0 diffs=0 (expected_inc=16)
[Gate5 check] NaN masking: nan_on_skip=True finite_on_update=True
[Gate5 summary] mean_update_fraction=0.1218 final_executed_updates_mean=38.00
[Gate5 eval] done_count mean=100.0 CSR mean=0.0000 len_end_mean=26.00
[Gate5 eval] episodes_per_env=4 T_eval=104
[Gate5 eval-debug] locked_eps_occ=0.20 pre(step25): dbar_end=0.492913 occupied_end_mean=0.380000 max_tilde_end_mean=0.714888 CSR@locked=0.000000
[Gate5 eval-debug] locked_eps_occ=0.20 post(step26): dbar_end=0.488582 occupied_end_mean=0.400000 max_tilde_end_mean=0.708806 CSR@locked=0.000000
[Gate5 eval-debug] CSR_pre@0.10=0.0000 CSR_pre@0.15=0.0000 CSR_pre@0.20=0.0000 CSR_pre@0.25=0.0300 CSR_pre@0.30=0.0400
[Gate5 eval-debug] CSR_post@0.10=0.0000 CSR_post@0.15=0.0000 CSR_post@0.20=0.0000 CSR_post@0.25=0.0100 CSR_post@0.30=0.0200
