Importing submoduled environments...
Submoduled environments not found. Skipping import.
[upd 0] u=1 upd_ctr=1 opt_step=16 E=0.095 g=0.089 VarTD=0.155748 ret_end=-26.495 dbar_end=0.769 occ_end=0.110 CSR_train=0.000 done_count=100
[upd 10] u=0 upd_ctr=1 opt_step=16 E=0.555 g=0.096 VarTD=0.160584 ret_end=-27.044 dbar_end=0.748 occ_end=0.128 CSR_train=0.000 done_count=125
[upd 20] u=1 upd_ctr=2 opt_step=32 E=0.056 g=0.078 VarTD=0.217249 ret_end=-28.983 dbar_end=0.814 occ_end=0.136 CSR_train=0.000 done_count=125
[upd 30] u=0 upd_ctr=2 opt_step=32 E=0.518 g=0.089 VarTD=0.175994 ret_end=-27.393 dbar_end=0.772 occ_end=0.176 CSR_train=0.000 done_count=125
[upd 40] u=0 upd_ctr=2 opt_step=32 E=0.973 g=0.091 VarTD=0.174661 ret_end=-27.139 dbar_end=0.765 occ_end=0.176 CSR_train=0.000 done_count=125
[upd 50] u=0 upd_ctr=3 opt_step=48 E=0.503 g=0.095 VarTD=0.156298 ret_end=-27.476 dbar_end=0.750 occ_end=0.168 CSR_train=0.000 done_count=125
[upd 60] u=0 upd_ctr=3 opt_step=48 E=0.975 g=0.096 VarTD=0.157942 ret_end=-27.176 dbar_end=0.747 occ_end=0.192 CSR_train=0.000 done_count=125
[upd 70] u=0 upd_ctr=4 opt_step=64 E=0.527 g=0.102 VarTD=0.152583 ret_end=-26.170 dbar_end=0.728 occ_end=0.152 CSR_train=0.000 done_count=125
[upd 80] u=1 upd_ctr=5 opt_step=80 E=0.081 g=0.095 VarTD=0.141885 ret_end=-27.184 dbar_end=0.751 occ_end=0.136 CSR_train=0.000 done_count=125
[upd 90] u=0 upd_ctr=5 opt_step=80 E=0.607 g=0.103 VarTD=0.142322 ret_end=-26.771 dbar_end=0.723 occ_end=0.200 CSR_train=0.000 done_count=125
[upd 100] u=0 upd_ctr=6 opt_step=96 E=0.190 g=0.108 VarTD=0.152848 ret_end=-26.713 dbar_end=0.708 occ_end=0.168 CSR_train=0.000 done_count=125
[upd 110] u=0 upd_ctr=6 opt_step=96 E=0.737 g=0.116 VarTD=0.150521 ret_end=-26.641 dbar_end=0.686 occ_end=0.240 CSR_train=0.000 done_count=125
[upd 120] u=0 upd_ctr=7 opt_step=112 E=0.349 g=0.136 VarTD=0.146308 ret_end=-25.151 dbar_end=0.636 occ_end=0.264 CSR_train=0.000 done_count=125
[upd 130] u=0 upd_ctr=7 opt_step=112 E=0.921 g=0.123 VarTD=0.164749 ret_end=-26.762 dbar_end=0.668 occ_end=0.270 CSR_train=0.000 done_count=100
[upd 140] u=0 upd_ctr=8 opt_step=128 E=0.550 g=0.113 VarTD=0.143494 ret_end=-26.088 dbar_end=0.695 occ_end=0.136 CSR_train=0.000 done_count=125
[upd 150] u=0 upd_ctr=9 opt_step=144 E=0.199 g=0.119 VarTD=0.162713 ret_end=-25.281 dbar_end=0.679 occ_end=0.152 CSR_train=0.000 done_count=125
[upd 160] u=0 upd_ctr=9 opt_step=144 E=0.813 g=0.136 VarTD=0.158553 ret_end=-25.758 dbar_end=0.635 occ_end=0.144 CSR_train=0.000 done_count=125
[upd 170] u=0 upd_ctr=10 opt_step=160 E=0.459 g=0.117 VarTD=0.169780 ret_end=-26.319 dbar_end=0.684 occ_end=0.232 CSR_train=0.000 done_count=125
[upd 180] u=1 upd_ctr=11 opt_step=176 E=0.109 g=0.117 VarTD=0.139856 ret_end=-25.838 dbar_end=0.682 occ_end=0.160 CSR_train=0.000 done_count=125
[upd 190] u=0 upd_ctr=11 opt_step=176 E=0.752 g=0.123 VarTD=0.193883 ret_end=-26.232 dbar_end=0.666 occ_end=0.184 CSR_train=0.000 done_count=125
[upd 200] u=0 upd_ctr=12 opt_step=192 E=0.440 g=0.126 VarTD=0.182015 ret_end=-25.689 dbar_end=0.660 occ_end=0.200 CSR_train=0.000 done_count=125
[upd 210] u=0 upd_ctr=13 opt_step=208 E=0.143 g=0.133 VarTD=0.219811 ret_end=-25.740 dbar_end=0.642 occ_end=0.144 CSR_train=0.000 done_count=125
[upd 220] u=0 upd_ctr=13 opt_step=208 E=0.803 g=0.127 VarTD=0.205314 ret_end=-25.036 dbar_end=0.656 occ_end=0.184 CSR_train=0.000 done_count=125
[upd 230] u=0 upd_ctr=14 opt_step=224 E=0.522 g=0.147 VarTD=0.242031 ret_end=-25.106 dbar_end=0.612 occ_end=0.232 CSR_train=0.000 done_count=125
[upd 240] u=0 upd_ctr=15 opt_step=240 E=0.258 g=0.138 VarTD=0.304617 ret_end=-25.075 dbar_end=0.630 occ_end=0.160 CSR_train=0.000 done_count=125
[upd 250] u=0 upd_ctr=15 opt_step=240 E=0.939 g=0.148 VarTD=0.308808 ret_end=-24.468 dbar_end=0.609 occ_end=0.264 CSR_train=0.000 done_count=125
[upd 260] u=0 upd_ctr=16 opt_step=256 E=0.671 g=0.128 VarTD=0.290629 ret_end=-25.783 dbar_end=0.654 occ_end=0.300 CSR_train=0.000 done_count=100
[upd 270] u=0 upd_ctr=17 opt_step=272 E=0.428 g=0.138 VarTD=0.415660 ret_end=-24.924 dbar_end=0.632 occ_end=0.208 CSR_train=0.000 done_count=125
[upd 280] u=0 upd_ctr=18 opt_step=288 E=0.188 g=0.121 VarTD=0.477538 ret_end=-26.465 dbar_end=0.672 occ_end=0.208 CSR_train=0.000 done_count=125
[upd 290] u=0 upd_ctr=18 opt_step=288 E=0.887 g=0.141 VarTD=0.463835 ret_end=-24.952 dbar_end=0.623 occ_end=0.176 CSR_train=0.000 done_count=125
[upd 300] u=0 upd_ctr=19 opt_step=304 E=0.613 g=0.128 VarTD=0.546114 ret_end=-26.093 dbar_end=0.654 occ_end=0.192 CSR_train=0.000 done_count=125
[upd 310] u=0 upd_ctr=20 opt_step=320 E=0.334 g=0.155 VarTD=0.641415 ret_end=-25.257 dbar_end=0.594 occ_end=0.352 CSR_train=0.000 done_count=125
[Gate5 check] update_counter violations: t0=0 diffs=0
[Gate5 check] opt_step violations: t0=0 diffs=0 (expected_inc=16)
[Gate5 check] NaN masking: nan_on_skip=True finite_on_update=True
[Gate5 summary] mean_update_fraction=0.0641 final_executed_updates_mean=20.00
[Gate5 eval] done_count mean=100.0 CSR mean=0.0100 len_end_mean=26.00
[Gate5 eval] episodes_per_env=4 T_eval=104
[Gate5 eval-debug] locked_eps_occ=0.20 pre(step25): dbar_end=0.525210 occupied_end_mean=0.370000 max_tilde_end_mean=0.769284 CSR@locked=0.010000
[Gate5 eval-debug] locked_eps_occ=0.20 post(step26): dbar_end=0.520843 occupied_end_mean=0.430000 max_tilde_end_mean=0.754845 CSR@locked=0.010000
[Gate5 eval-debug] CSR_pre@0.10=0.0000 CSR_pre@0.15=0.0100 CSR_pre@0.20=0.0100 CSR_pre@0.25=0.0200 CSR_pre@0.30=0.0200
[Gate5 eval-debug] CSR_post@0.10=0.0100 CSR_post@0.15=0.0100 CSR_post@0.20=0.0100 CSR_post@0.25=0.0200 CSR_post@0.30=0.0400
