Importing submoduled environments...
Submoduled environments not found. Skipping import.
[upd 0] u=1 upd_ctr=1 opt_step=16 E=0.125 g=0.085 VarTD=0.206615 ret_end=-28.597 dbar_end=0.786 occ_end=0.160 CSR_train=0.000 done_count=100
[upd 10] u=0 upd_ctr=1 opt_step=16 E=0.415 g=0.096 VarTD=0.212328 ret_end=-26.954 dbar_end=0.748 occ_end=0.176 CSR_train=0.000 done_count=125
[upd 20] u=0 upd_ctr=1 opt_step=16 E=0.701 g=0.095 VarTD=0.182918 ret_end=-26.851 dbar_end=0.750 occ_end=0.176 CSR_train=0.000 done_count=125
[upd 30] u=0 upd_ctr=2 opt_step=32 E=0.083 g=0.098 VarTD=0.190669 ret_end=-27.191 dbar_end=0.740 occ_end=0.176 CSR_train=0.000 done_count=125
[upd 40] u=0 upd_ctr=2 opt_step=32 E=0.387 g=0.092 VarTD=0.187477 ret_end=-27.846 dbar_end=0.759 occ_end=0.120 CSR_train=0.000 done_count=125
[upd 50] u=0 upd_ctr=2 opt_step=32 E=0.682 g=0.091 VarTD=0.194677 ret_end=-27.748 dbar_end=0.765 occ_end=0.120 CSR_train=0.000 done_count=125
[upd 60] u=0 upd_ctr=3 opt_step=48 E=0.089 g=0.102 VarTD=0.174920 ret_end=-26.930 dbar_end=0.727 occ_end=0.184 CSR_train=0.000 done_count=125
[upd 70] u=0 upd_ctr=3 opt_step=48 E=0.421 g=0.118 VarTD=0.183002 ret_end=-26.461 dbar_end=0.680 occ_end=0.248 CSR_train=0.000 done_count=125
[upd 80] u=0 upd_ctr=3 opt_step=48 E=0.746 g=0.117 VarTD=0.177125 ret_end=-26.747 dbar_end=0.684 occ_end=0.224 CSR_train=0.000 done_count=125
[upd 90] u=0 upd_ctr=4 opt_step=64 E=0.182 g=0.116 VarTD=0.178777 ret_end=-26.238 dbar_end=0.685 occ_end=0.208 CSR_train=0.000 done_count=125
[upd 100] u=0 upd_ctr=4 opt_step=64 E=0.527 g=0.122 VarTD=0.195395 ret_end=-25.638 dbar_end=0.670 occ_end=0.208 CSR_train=0.000 done_count=125
[upd 110] u=0 upd_ctr=4 opt_step=64 E=0.872 g=0.103 VarTD=0.183488 ret_end=-27.976 dbar_end=0.725 occ_end=0.184 CSR_train=0.000 done_count=125
[upd 120] u=0 upd_ctr=5 opt_step=80 E=0.315 g=0.119 VarTD=0.141819 ret_end=-25.380 dbar_end=0.678 occ_end=0.224 CSR_train=0.000 done_count=125
[upd 130] u=0 upd_ctr=5 opt_step=80 E=0.672 g=0.120 VarTD=0.168216 ret_end=-25.428 dbar_end=0.676 occ_end=0.170 CSR_train=0.000 done_count=100
[upd 140] u=0 upd_ctr=6 opt_step=96 E=0.128 g=0.115 VarTD=0.166206 ret_end=-26.439 dbar_end=0.689 occ_end=0.184 CSR_train=0.000 done_count=125
[upd 150] u=0 upd_ctr=6 opt_step=96 E=0.496 g=0.118 VarTD=0.153528 ret_end=-25.855 dbar_end=0.681 occ_end=0.192 CSR_train=0.000 done_count=125
[upd 160] u=0 upd_ctr=6 opt_step=96 E=0.854 g=0.126 VarTD=0.162303 ret_end=-25.965 dbar_end=0.661 occ_end=0.168 CSR_train=0.000 done_count=125
[upd 170] u=0 upd_ctr=7 opt_step=112 E=0.315 g=0.121 VarTD=0.171265 ret_end=-25.806 dbar_end=0.672 occ_end=0.240 CSR_train=0.000 done_count=125
[upd 180] u=0 upd_ctr=7 opt_step=112 E=0.674 g=0.115 VarTD=0.155585 ret_end=-25.564 dbar_end=0.689 occ_end=0.248 CSR_train=0.000 done_count=125
[upd 190] u=0 upd_ctr=8 opt_step=128 E=0.132 g=0.115 VarTD=0.161158 ret_end=-26.050 dbar_end=0.690 occ_end=0.176 CSR_train=0.000 done_count=125
[upd 200] u=0 upd_ctr=8 opt_step=128 E=0.501 g=0.127 VarTD=0.153553 ret_end=-25.515 dbar_end=0.658 occ_end=0.208 CSR_train=0.000 done_count=125
[upd 210] u=0 upd_ctr=8 opt_step=128 E=0.869 g=0.119 VarTD=0.160852 ret_end=-26.121 dbar_end=0.679 occ_end=0.176 CSR_train=0.000 done_count=125
[upd 220] u=0 upd_ctr=9 opt_step=144 E=0.339 g=0.125 VarTD=0.150500 ret_end=-25.559 dbar_end=0.662 occ_end=0.216 CSR_train=0.000 done_count=125
[upd 230] u=0 upd_ctr=9 opt_step=144 E=0.719 g=0.126 VarTD=0.194222 ret_end=-26.237 dbar_end=0.660 occ_end=0.240 CSR_train=0.000 done_count=125
[upd 240] u=0 upd_ctr=10 opt_step=160 E=0.204 g=0.145 VarTD=0.154692 ret_end=-24.463 dbar_end=0.614 occ_end=0.272 CSR_train=0.000 done_count=125
[upd 250] u=0 upd_ctr=10 opt_step=160 E=0.600 g=0.136 VarTD=0.174500 ret_end=-25.488 dbar_end=0.635 occ_end=0.240 CSR_train=0.000 done_count=125
[upd 260] u=0 upd_ctr=11 opt_step=176 E=0.077 g=0.132 VarTD=0.163617 ret_end=-24.623 dbar_end=0.644 occ_end=0.250 CSR_train=0.000 done_count=100
[upd 270] u=0 upd_ctr=11 opt_step=176 E=0.501 g=0.139 VarTD=0.175321 ret_end=-25.085 dbar_end=0.628 occ_end=0.224 CSR_train=0.000 done_count=125
[upd 280] u=0 upd_ctr=11 opt_step=176 E=0.911 g=0.129 VarTD=0.171992 ret_end=-25.157 dbar_end=0.652 occ_end=0.304 CSR_train=0.000 done_count=125
[upd 290] u=0 upd_ctr=12 opt_step=192 E=0.416 g=0.133 VarTD=0.184811 ret_end=-25.368 dbar_end=0.643 occ_end=0.192 CSR_train=0.000 done_count=125
[upd 300] u=0 upd_ctr=12 opt_step=192 E=0.844 g=0.145 VarTD=0.190033 ret_end=-25.042 dbar_end=0.615 occ_end=0.240 CSR_train=0.000 done_count=125
[upd 310] u=0 upd_ctr=13 opt_step=208 E=0.372 g=0.126 VarTD=0.220248 ret_end=-26.281 dbar_end=0.659 occ_end=0.216 CSR_train=0.000 done_count=125
[Gate5 check] update_counter violations: t0=0 diffs=0
[Gate5 check] opt_step violations: t0=0 diffs=0 (expected_inc=16)
[Gate5 check] NaN masking: nan_on_skip=True finite_on_update=True
[Gate5 summary] mean_update_fraction=0.0417 final_executed_updates_mean=13.00
[Gate5 eval] done_count mean=100.0 CSR mean=0.0000 len_end_mean=26.00
[Gate5 eval] episodes_per_env=4 T_eval=104
[Gate5 eval-debug] locked_eps_occ=0.20 pre(step25): dbar_end=0.516439 occupied_end_mean=0.390000 max_tilde_end_mean=0.752585 CSR@locked=0.000000
[Gate5 eval-debug] locked_eps_occ=0.20 post(step26): dbar_end=0.511881 occupied_end_mean=0.440000 max_tilde_end_mean=0.748328 CSR@locked=0.000000
[Gate5 eval-debug] CSR_pre@0.10=0.0000 CSR_pre@0.15=0.0000 CSR_pre@0.20=0.0000 CSR_pre@0.25=0.0000 CSR_pre@0.30=0.0000
[Gate5 eval-debug] CSR_post@0.10=0.0000 CSR_post@0.15=0.0000 CSR_post@0.20=0.0000 CSR_post@0.25=0.0000 CSR_post@0.30=0.0000
