Importing submoduled environments...
Submoduled environments not found. Skipping import.
[upd 0] u=1 upd_ctr=1 opt_step=16 E=0.095 g=0.105 VarTD=0.153100 ret_end=-26.906 dbar_end=0.718 occ_end=0.160 CSR_train=0.000 done_count=100
[upd 10] u=0 upd_ctr=1 opt_step=16 E=0.932 g=0.079 VarTD=0.158451 ret_end=-28.492 dbar_end=0.807 occ_end=0.088 CSR_train=0.000 done_count=125
[upd 20] u=0 upd_ctr=2 opt_step=32 E=0.800 g=0.106 VarTD=0.134732 ret_end=-26.346 dbar_end=0.714 occ_end=0.208 CSR_train=0.000 done_count=125
[upd 30] u=0 upd_ctr=3 opt_step=48 E=0.655 g=0.105 VarTD=0.155674 ret_end=-27.006 dbar_end=0.719 occ_end=0.200 CSR_train=0.000 done_count=125
[upd 40] u=0 upd_ctr=4 opt_step=64 E=0.578 g=0.107 VarTD=0.141397 ret_end=-27.524 dbar_end=0.713 occ_end=0.184 CSR_train=0.008 done_count=125
[upd 50] u=0 upd_ctr=5 opt_step=80 E=0.512 g=0.109 VarTD=0.150706 ret_end=-27.329 dbar_end=0.707 occ_end=0.200 CSR_train=0.000 done_count=125
[upd 60] u=0 upd_ctr=6 opt_step=96 E=0.509 g=0.114 VarTD=0.143087 ret_end=-26.355 dbar_end=0.691 occ_end=0.224 CSR_train=0.000 done_count=125
[upd 70] u=0 upd_ctr=7 opt_step=112 E=0.590 g=0.142 VarTD=0.135239 ret_end=-24.739 dbar_end=0.622 occ_end=0.328 CSR_train=0.000 done_count=125
[upd 80] u=0 upd_ctr=8 opt_step=128 E=0.709 g=0.151 VarTD=0.119828 ret_end=-23.803 dbar_end=0.601 occ_end=0.272 CSR_train=0.008 done_count=125
[upd 90] u=0 upd_ctr=9 opt_step=144 E=0.833 g=0.135 VarTD=0.147435 ret_end=-24.702 dbar_end=0.637 occ_end=0.216 CSR_train=0.000 done_count=125
[upd 100] u=0 upd_ctr=10 opt_step=160 E=0.948 g=0.129 VarTD=0.162295 ret_end=-25.750 dbar_end=0.653 occ_end=0.160 CSR_train=0.000 done_count=125
[upd 110] u=1 upd_ctr=12 opt_step=192 E=0.129 g=0.143 VarTD=0.168666 ret_end=-24.507 dbar_end=0.619 occ_end=0.216 CSR_train=0.000 done_count=125
[upd 120] u=0 upd_ctr=13 opt_step=208 E=0.404 g=0.147 VarTD=0.228660 ret_end=-25.433 dbar_end=0.611 occ_end=0.240 CSR_train=0.000 done_count=125
[upd 130] u=0 upd_ctr=14 opt_step=224 E=0.661 g=0.151 VarTD=0.224735 ret_end=-24.209 dbar_end=0.601 occ_end=0.180 CSR_train=0.000 done_count=100
[upd 140] u=0 upd_ctr=15 opt_step=240 E=0.964 g=0.160 VarTD=0.297211 ret_end=-24.335 dbar_end=0.583 occ_end=0.232 CSR_train=0.000 done_count=125
[upd 150] u=1 upd_ctr=17 opt_step=272 E=0.135 g=0.150 VarTD=0.366371 ret_end=-24.380 dbar_end=0.604 occ_end=0.240 CSR_train=0.000 done_count=125
[upd 160] u=0 upd_ctr=18 opt_step=288 E=0.436 g=0.160 VarTD=0.462500 ret_end=-24.103 dbar_end=0.583 occ_end=0.272 CSR_train=0.000 done_count=125
[upd 170] u=0 upd_ctr=19 opt_step=304 E=0.870 g=0.159 VarTD=0.527959 ret_end=-24.430 dbar_end=0.585 occ_end=0.256 CSR_train=0.000 done_count=125
[upd 180] u=0 upd_ctr=21 opt_step=336 E=0.313 g=0.177 VarTD=0.738185 ret_end=-23.836 dbar_end=0.551 occ_end=0.288 CSR_train=0.000 done_count=125
[upd 190] u=0 upd_ctr=22 opt_step=352 E=0.724 g=0.171 VarTD=0.866832 ret_end=-24.005 dbar_end=0.562 occ_end=0.352 CSR_train=0.008 done_count=125
[upd 200] u=1 upd_ctr=24 opt_step=384 E=0.153 g=0.170 VarTD=0.962024 ret_end=-24.400 dbar_end=0.565 occ_end=0.416 CSR_train=0.000 done_count=125
[upd 210] u=0 upd_ctr=25 opt_step=400 E=0.610 g=0.166 VarTD=1.171351 ret_end=-23.781 dbar_end=0.573 occ_end=0.312 CSR_train=0.000 done_count=125
[upd 220] u=0 upd_ctr=26 opt_step=416 E=1.000 g=0.167 VarTD=1.303979 ret_end=-24.114 dbar_end=0.569 occ_end=0.256 CSR_train=0.000 done_count=125
[upd 230] u=0 upd_ctr=28 opt_step=448 E=0.454 g=0.165 VarTD=1.589235 ret_end=-23.702 dbar_end=0.574 occ_end=0.288 CSR_train=0.000 done_count=125
[upd 240] u=0 upd_ctr=29 opt_step=464 E=0.940 g=0.163 VarTD=1.743671 ret_end=-23.996 dbar_end=0.578 occ_end=0.280 CSR_train=0.000 done_count=125
[upd 250] u=0 upd_ctr=31 opt_step=496 E=0.301 g=0.169 VarTD=2.033979 ret_end=-23.092 dbar_end=0.566 occ_end=0.280 CSR_train=0.008 done_count=125
[upd 260] u=0 upd_ctr=32 opt_step=512 E=0.781 g=0.175 VarTD=1.806367 ret_end=-23.485 dbar_end=0.555 occ_end=0.290 CSR_train=0.000 done_count=100
[upd 270] u=1 upd_ctr=34 opt_step=544 E=0.152 g=0.169 VarTD=2.301415 ret_end=-24.184 dbar_end=0.566 occ_end=0.320 CSR_train=0.000 done_count=125
[upd 280] u=0 upd_ctr=35 opt_step=560 E=0.660 g=0.176 VarTD=2.711355 ret_end=-24.159 dbar_end=0.553 occ_end=0.312 CSR_train=0.000 done_count=125
[upd 290] u=0 upd_ctr=36 opt_step=576 E=1.000 g=0.188 VarTD=2.872739 ret_end=-22.899 dbar_end=0.533 occ_end=0.280 CSR_train=0.000 done_count=125
[upd 300] u=0 upd_ctr=38 opt_step=608 E=0.509 g=0.189 VarTD=3.213069 ret_end=-22.944 dbar_end=0.531 occ_end=0.312 CSR_train=0.008 done_count=125
[upd 310] u=0 upd_ctr=39 opt_step=624 E=0.969 g=0.194 VarTD=3.399578 ret_end=-23.100 dbar_end=0.522 occ_end=0.304 CSR_train=0.008 done_count=125
[Gate5 check] update_counter violations: t0=0 diffs=0
[Gate5 check] opt_step violations: t0=0 diffs=0 (expected_inc=16)
[Gate5 check] NaN masking: nan_on_skip=True finite_on_update=True
[Gate5 summary] mean_update_fraction=0.1250 final_executed_updates_mean=39.00
[Gate5 eval] done_count mean=100.0 CSR mean=0.0100 len_end_mean=26.00
[Gate5 eval] episodes_per_env=4 T_eval=104
[Gate5 eval-debug] locked_eps_occ=0.20 pre(step25): dbar_end=0.473975 occupied_end_mean=0.490000 max_tilde_end_mean=0.696906 CSR@locked=0.020000
[Gate5 eval-debug] locked_eps_occ=0.20 post(step26): dbar_end=0.475456 occupied_end_mean=0.520000 max_tilde_end_mean=0.694146 CSR@locked=0.010000
[Gate5 eval-debug] CSR_pre@0.10=0.0000 CSR_pre@0.15=0.0000 CSR_pre@0.20=0.0200 CSR_pre@0.25=0.0300 CSR_pre@0.30=0.0300
[Gate5 eval-debug] CSR_post@0.10=0.0000 CSR_post@0.15=0.0100 CSR_post@0.20=0.0100 CSR_post@0.25=0.0200 CSR_post@0.30=0.0400
