Importing submoduled environments...
Submoduled environments not found. Skipping import.
[upd 0] u=1 upd_ctr=1 opt_step=16 E=0.056 g=0.093 VarTD=0.145852 ret_end=-27.154 dbar_end=0.757 occ_end=0.170 CSR_train=0.000 done_count=100
[upd 10] u=0 upd_ctr=1 opt_step=16 E=0.611 g=0.084 VarTD=0.153180 ret_end=-27.639 dbar_end=0.787 occ_end=0.144 CSR_train=0.008 done_count=125
[upd 20] u=0 upd_ctr=2 opt_step=32 E=0.175 g=0.098 VarTD=0.151745 ret_end=-26.839 dbar_end=0.739 occ_end=0.216 CSR_train=0.000 done_count=125
[upd 30] u=0 upd_ctr=2 opt_step=32 E=0.741 g=0.092 VarTD=0.144295 ret_end=-27.004 dbar_end=0.760 occ_end=0.160 CSR_train=0.000 done_count=125
[upd 40] u=0 upd_ctr=3 opt_step=48 E=0.310 g=0.094 VarTD=0.147943 ret_end=-27.247 dbar_end=0.753 occ_end=0.120 CSR_train=0.000 done_count=125
[upd 50] u=0 upd_ctr=3 opt_step=48 E=0.924 g=0.110 VarTD=0.161194 ret_end=-26.626 dbar_end=0.703 occ_end=0.184 CSR_train=0.000 done_count=125
[upd 60] u=0 upd_ctr=4 opt_step=64 E=0.513 g=0.109 VarTD=0.145832 ret_end=-26.128 dbar_end=0.707 occ_end=0.224 CSR_train=0.000 done_count=125
[upd 70] u=0 upd_ctr=5 opt_step=80 E=0.130 g=0.103 VarTD=0.159590 ret_end=-27.207 dbar_end=0.725 occ_end=0.192 CSR_train=0.000 done_count=125
[upd 80] u=0 upd_ctr=5 opt_step=80 E=0.765 g=0.098 VarTD=0.146494 ret_end=-26.880 dbar_end=0.739 occ_end=0.208 CSR_train=0.000 done_count=125
[upd 90] u=0 upd_ctr=6 opt_step=96 E=0.385 g=0.112 VarTD=0.131731 ret_end=-26.529 dbar_end=0.698 occ_end=0.168 CSR_train=0.000 done_count=125
[upd 100] u=0 upd_ctr=6 opt_step=96 E=1.000 g=0.122 VarTD=0.121414 ret_end=-25.709 dbar_end=0.669 occ_end=0.160 CSR_train=0.000 done_count=125
[upd 110] u=0 upd_ctr=7 opt_step=112 E=0.685 g=0.115 VarTD=0.168635 ret_end=-25.783 dbar_end=0.689 occ_end=0.240 CSR_train=0.000 done_count=125
[upd 120] u=0 upd_ctr=8 opt_step=128 E=0.350 g=0.122 VarTD=0.132688 ret_end=-25.828 dbar_end=0.670 occ_end=0.192 CSR_train=0.000 done_count=125
[upd 130] u=1 upd_ctr=9 opt_step=144 E=0.084 g=0.140 VarTD=0.143965 ret_end=-24.710 dbar_end=0.626 occ_end=0.240 CSR_train=0.000 done_count=100
[upd 140] u=0 upd_ctr=9 opt_step=144 E=0.825 g=0.132 VarTD=0.152779 ret_end=-25.250 dbar_end=0.644 occ_end=0.288 CSR_train=0.000 done_count=125
[upd 150] u=0 upd_ctr=10 opt_step=160 E=0.523 g=0.139 VarTD=0.168070 ret_end=-25.058 dbar_end=0.629 occ_end=0.184 CSR_train=0.000 done_count=125
[upd 160] u=0 upd_ctr=11 opt_step=176 E=0.216 g=0.137 VarTD=0.186412 ret_end=-24.649 dbar_end=0.633 occ_end=0.248 CSR_train=0.000 done_count=125
[upd 170] u=0 upd_ctr=11 opt_step=176 E=1.000 g=0.138 VarTD=0.166673 ret_end=-24.769 dbar_end=0.631 occ_end=0.176 CSR_train=0.000 done_count=125
[upd 180] u=0 upd_ctr=12 opt_step=192 E=0.792 g=0.135 VarTD=0.194064 ret_end=-25.368 dbar_end=0.638 occ_end=0.168 CSR_train=0.000 done_count=125
[upd 190] u=0 upd_ctr=13 opt_step=208 E=0.559 g=0.134 VarTD=0.222029 ret_end=-25.010 dbar_end=0.639 occ_end=0.176 CSR_train=0.000 done_count=125
[upd 200] u=0 upd_ctr=14 opt_step=224 E=0.319 g=0.130 VarTD=0.241621 ret_end=-26.058 dbar_end=0.650 occ_end=0.200 CSR_train=0.000 done_count=125
[upd 210] u=0 upd_ctr=15 opt_step=240 E=0.162 g=0.135 VarTD=0.307232 ret_end=-25.700 dbar_end=0.638 occ_end=0.232 CSR_train=0.000 done_count=125
[upd 220] u=0 upd_ctr=15 opt_step=240 E=0.997 g=0.140 VarTD=0.304797 ret_end=-25.178 dbar_end=0.626 occ_end=0.336 CSR_train=0.000 done_count=125
[upd 230] u=0 upd_ctr=16 opt_step=256 E=0.763 g=0.146 VarTD=0.349020 ret_end=-25.231 dbar_end=0.613 occ_end=0.240 CSR_train=0.000 done_count=125
[upd 240] u=0 upd_ctr=17 opt_step=272 E=0.602 g=0.140 VarTD=0.393923 ret_end=-26.023 dbar_end=0.627 occ_end=0.280 CSR_train=0.000 done_count=125
[upd 250] u=0 upd_ctr=18 opt_step=288 E=0.452 g=0.154 VarTD=0.475920 ret_end=-24.908 dbar_end=0.596 occ_end=0.280 CSR_train=0.000 done_count=125
[upd 260] u=0 upd_ctr=19 opt_step=304 E=0.270 g=0.146 VarTD=0.470676 ret_end=-25.071 dbar_end=0.613 occ_end=0.200 CSR_train=0.000 done_count=100
[upd 270] u=1 upd_ctr=20 opt_step=320 E=0.091 g=0.152 VarTD=0.547512 ret_end=-25.236 dbar_end=0.600 occ_end=0.224 CSR_train=0.000 done_count=125
[upd 280] u=0 upd_ctr=20 opt_step=320 E=1.000 g=0.161 VarTD=0.610179 ret_end=-23.997 dbar_end=0.581 occ_end=0.280 CSR_train=0.000 done_count=125
[upd 290] u=0 upd_ctr=21 opt_step=336 E=0.907 g=0.152 VarTD=0.710823 ret_end=-24.383 dbar_end=0.600 occ_end=0.280 CSR_train=0.000 done_count=125
[upd 300] u=0 upd_ctr=22 opt_step=352 E=0.848 g=0.158 VarTD=0.816410 ret_end=-23.587 dbar_end=0.588 occ_end=0.288 CSR_train=0.000 done_count=125
[upd 310] u=0 upd_ctr=23 opt_step=368 E=0.735 g=0.151 VarTD=0.925003 ret_end=-24.365 dbar_end=0.602 occ_end=0.224 CSR_train=0.000 done_count=125
[Gate5 check] update_counter violations: t0=0 diffs=0
[Gate5 check] opt_step violations: t0=0 diffs=0 (expected_inc=16)
[Gate5 check] NaN masking: nan_on_skip=True finite_on_update=True
[Gate5 summary] mean_update_fraction=0.0737 final_executed_updates_mean=23.00
[Gate5 eval] done_count mean=100.0 CSR mean=0.0000 len_end_mean=26.00
[Gate5 eval] episodes_per_env=4 T_eval=104
[Gate5 eval-debug] locked_eps_occ=0.20 pre(step25): dbar_end=0.484301 occupied_end_mean=0.430000 max_tilde_end_mean=0.691283 CSR@locked=0.000000
[Gate5 eval-debug] locked_eps_occ=0.20 post(step26): dbar_end=0.479026 occupied_end_mean=0.490000 max_tilde_end_mean=0.683582 CSR@locked=0.000000
[Gate5 eval-debug] CSR_pre@0.10=0.0000 CSR_pre@0.15=0.0000 CSR_pre@0.20=0.0000 CSR_pre@0.25=0.0000 CSR_pre@0.30=0.0300
[Gate5 eval-debug] CSR_post@0.10=0.0000 CSR_post@0.15=0.0000 CSR_post@0.20=0.0000 CSR_post@0.25=0.0100 CSR_post@0.30=0.0500
