Importing submoduled environments...
Submoduled environments not found. Skipping import.
[upd 0] u=1 upd_ctr=1 opt_step=16 E=0.095 g=0.090 VarTD=0.142063 ret_end=-26.625 dbar_end=0.768 occ_end=0.090 CSR_train=0.000 done_count=100
[upd 10] u=0 upd_ctr=1 opt_step=16 E=0.573 g=0.103 VarTD=0.114452 ret_end=-26.589 dbar_end=0.723 occ_end=0.104 CSR_train=0.000 done_count=125
[upd 20] u=1 upd_ctr=2 opt_step=32 E=0.086 g=0.094 VarTD=0.166464 ret_end=-27.135 dbar_end=0.752 occ_end=0.104 CSR_train=0.000 done_count=125
[upd 30] u=0 upd_ctr=2 opt_step=32 E=0.591 g=0.096 VarTD=0.159867 ret_end=-28.085 dbar_end=0.746 occ_end=0.200 CSR_train=0.000 done_count=125
[upd 40] u=0 upd_ctr=3 opt_step=48 E=0.136 g=0.096 VarTD=0.139548 ret_end=-26.705 dbar_end=0.745 occ_end=0.160 CSR_train=0.000 done_count=125
[upd 50] u=0 upd_ctr=3 opt_step=48 E=0.664 g=0.104 VarTD=0.147161 ret_end=-26.635 dbar_end=0.720 occ_end=0.200 CSR_train=0.000 done_count=125
[upd 60] u=0 upd_ctr=4 opt_step=64 E=0.222 g=0.099 VarTD=0.133517 ret_end=-26.416 dbar_end=0.736 occ_end=0.136 CSR_train=0.000 done_count=125
[upd 70] u=0 upd_ctr=4 opt_step=64 E=0.738 g=0.108 VarTD=0.114292 ret_end=-25.692 dbar_end=0.709 occ_end=0.176 CSR_train=0.000 done_count=125
[upd 80] u=0 upd_ctr=5 opt_step=80 E=0.340 g=0.113 VarTD=0.162419 ret_end=-26.494 dbar_end=0.695 occ_end=0.192 CSR_train=0.000 done_count=125
[upd 90] u=0 upd_ctr=5 opt_step=80 E=0.900 g=0.109 VarTD=0.132324 ret_end=-26.686 dbar_end=0.706 occ_end=0.216 CSR_train=0.000 done_count=125
[upd 100] u=0 upd_ctr=6 opt_step=96 E=0.522 g=0.114 VarTD=0.124778 ret_end=-26.557 dbar_end=0.691 occ_end=0.152 CSR_train=0.000 done_count=125
[upd 110] u=0 upd_ctr=7 opt_step=112 E=0.148 g=0.116 VarTD=0.171085 ret_end=-27.245 dbar_end=0.687 occ_end=0.200 CSR_train=0.000 done_count=125
[upd 120] u=0 upd_ctr=7 opt_step=112 E=0.723 g=0.113 VarTD=0.144605 ret_end=-26.253 dbar_end=0.694 occ_end=0.224 CSR_train=0.000 done_count=125
[upd 130] u=0 upd_ctr=8 opt_step=128 E=0.376 g=0.124 VarTD=0.136205 ret_end=-25.791 dbar_end=0.664 occ_end=0.200 CSR_train=0.000 done_count=100
[upd 140] u=0 upd_ctr=8 opt_step=128 E=0.950 g=0.112 VarTD=0.148266 ret_end=-25.544 dbar_end=0.698 occ_end=0.176 CSR_train=0.000 done_count=125
[upd 150] u=0 upd_ctr=9 opt_step=144 E=0.594 g=0.129 VarTD=0.150708 ret_end=-25.571 dbar_end=0.652 occ_end=0.200 CSR_train=0.000 done_count=125
[upd 160] u=0 upd_ctr=10 opt_step=160 E=0.276 g=0.120 VarTD=0.165122 ret_end=-26.183 dbar_end=0.674 occ_end=0.216 CSR_train=0.000 done_count=125
[upd 170] u=0 upd_ctr=10 opt_step=160 E=0.925 g=0.128 VarTD=0.172576 ret_end=-25.678 dbar_end=0.655 occ_end=0.160 CSR_train=0.000 done_count=125
[upd 180] u=0 upd_ctr=11 opt_step=176 E=0.633 g=0.132 VarTD=0.165935 ret_end=-25.518 dbar_end=0.644 occ_end=0.200 CSR_train=0.000 done_count=125
[upd 190] u=0 upd_ctr=12 opt_step=192 E=0.366 g=0.130 VarTD=0.192213 ret_end=-25.609 dbar_end=0.649 occ_end=0.216 CSR_train=0.000 done_count=125
[upd 200] u=1 upd_ctr=13 opt_step=208 E=0.102 g=0.135 VarTD=0.192339 ret_end=-24.976 dbar_end=0.638 occ_end=0.288 CSR_train=0.000 done_count=125
[upd 210] u=0 upd_ctr=13 opt_step=208 E=0.815 g=0.127 VarTD=0.224339 ret_end=-26.659 dbar_end=0.657 occ_end=0.240 CSR_train=0.000 done_count=125
[upd 220] u=0 upd_ctr=14 opt_step=224 E=0.614 g=0.152 VarTD=0.242333 ret_end=-25.315 dbar_end=0.600 occ_end=0.296 CSR_train=0.000 done_count=125
[upd 230] u=0 upd_ctr=15 opt_step=240 E=0.416 g=0.161 VarTD=0.292786 ret_end=-23.758 dbar_end=0.582 occ_end=0.272 CSR_train=0.000 done_count=125
[upd 240] u=0 upd_ctr=16 opt_step=256 E=0.232 g=0.161 VarTD=0.358007 ret_end=-24.094 dbar_end=0.581 occ_end=0.248 CSR_train=0.000 done_count=125
[upd 250] u=0 upd_ctr=16 opt_step=256 E=0.989 g=0.161 VarTD=0.341242 ret_end=-24.614 dbar_end=0.581 occ_end=0.216 CSR_train=0.000 done_count=125
[upd 260] u=0 upd_ctr=17 opt_step=272 E=0.800 g=0.150 VarTD=0.350158 ret_end=-24.988 dbar_end=0.604 occ_end=0.210 CSR_train=0.000 done_count=100
[upd 270] u=0 upd_ctr=18 opt_step=288 E=0.608 g=0.159 VarTD=0.450570 ret_end=-23.822 dbar_end=0.586 occ_end=0.200 CSR_train=0.000 done_count=125
[upd 280] u=0 upd_ctr=19 opt_step=304 E=0.429 g=0.160 VarTD=0.550069 ret_end=-24.084 dbar_end=0.583 occ_end=0.296 CSR_train=0.000 done_count=125
[upd 290] u=0 upd_ctr=20 opt_step=320 E=0.245 g=0.166 VarTD=0.638292 ret_end=-23.338 dbar_end=0.572 occ_end=0.200 CSR_train=0.000 done_count=125
[upd 300] u=0 upd_ctr=20 opt_step=320 E=1.000 g=0.159 VarTD=0.645402 ret_end=-24.222 dbar_end=0.586 occ_end=0.224 CSR_train=0.000 done_count=125
[upd 310] u=0 upd_ctr=21 opt_step=336 E=0.861 g=0.158 VarTD=0.721147 ret_end=-24.820 dbar_end=0.589 occ_end=0.248 CSR_train=0.000 done_count=125
[Gate5 check] update_counter violations: t0=0 diffs=0
[Gate5 check] opt_step violations: t0=0 diffs=0 (expected_inc=16)
[Gate5 check] NaN masking: nan_on_skip=True finite_on_update=True
[Gate5 summary] mean_update_fraction=0.0673 final_executed_updates_mean=21.00
[Gate5 eval] done_count mean=100.0 CSR mean=0.0100 len_end_mean=26.00
[Gate5 eval] episodes_per_env=4 T_eval=104
[Gate5 eval-debug] locked_eps_occ=0.20 pre(step25): dbar_end=0.484149 occupied_end_mean=0.430000 max_tilde_end_mean=0.713730 CSR@locked=0.000000
[Gate5 eval-debug] locked_eps_occ=0.20 post(step26): dbar_end=0.486795 occupied_end_mean=0.320000 max_tilde_end_mean=0.699235 CSR@locked=0.010000
[Gate5 eval-debug] CSR_pre@0.10=0.0000 CSR_pre@0.15=0.0000 CSR_pre@0.20=0.0000 CSR_pre@0.25=0.0200 CSR_pre@0.30=0.0400
[Gate5 eval-debug] CSR_post@0.10=0.0000 CSR_post@0.15=0.0000 CSR_post@0.20=0.0100 CSR_post@0.25=0.0100 CSR_post@0.30=0.0300
