Importing submoduled environments...
Submoduled environments not found. Skipping import.
[upd 0] u=1 upd_ctr=1 opt_step=16 E=0.018 g=0.092 VarTD=0.136051 ret_end=-27.009 dbar_end=0.762 occ_end=0.140 CSR_train=0.000 done_count=100
[upd 10] u=0 upd_ctr=1 opt_step=16 E=0.204 g=0.088 VarTD=0.157825 ret_end=-27.556 dbar_end=0.774 occ_end=0.128 CSR_train=0.000 done_count=125
[upd 20] u=0 upd_ctr=1 opt_step=16 E=0.393 g=0.096 VarTD=0.140044 ret_end=-27.124 dbar_end=0.745 occ_end=0.128 CSR_train=0.000 done_count=125
[upd 30] u=0 upd_ctr=1 opt_step=16 E=0.581 g=0.099 VarTD=0.160678 ret_end=-27.549 dbar_end=0.736 occ_end=0.192 CSR_train=0.000 done_count=125
[upd 40] u=0 upd_ctr=1 opt_step=16 E=0.754 g=0.089 VarTD=0.150975 ret_end=-26.713 dbar_end=0.771 occ_end=0.136 CSR_train=0.000 done_count=125
[upd 50] u=0 upd_ctr=1 opt_step=16 E=0.934 g=0.093 VarTD=0.157922 ret_end=-26.664 dbar_end=0.757 occ_end=0.192 CSR_train=0.000 done_count=125
[upd 60] u=0 upd_ctr=2 opt_step=32 E=0.116 g=0.091 VarTD=0.137146 ret_end=-27.420 dbar_end=0.765 occ_end=0.120 CSR_train=0.000 done_count=125
[upd 70] u=0 upd_ctr=2 opt_step=32 E=0.313 g=0.096 VarTD=0.155309 ret_end=-26.509 dbar_end=0.746 occ_end=0.184 CSR_train=0.000 done_count=125
[upd 80] u=0 upd_ctr=2 opt_step=32 E=0.510 g=0.107 VarTD=0.118422 ret_end=-26.122 dbar_end=0.713 occ_end=0.192 CSR_train=0.000 done_count=125
[upd 90] u=0 upd_ctr=2 opt_step=32 E=0.706 g=0.102 VarTD=0.128735 ret_end=-27.019 dbar_end=0.727 occ_end=0.192 CSR_train=0.000 done_count=125
[upd 100] u=0 upd_ctr=2 opt_step=32 E=0.899 g=0.104 VarTD=0.141200 ret_end=-26.843 dbar_end=0.722 occ_end=0.200 CSR_train=0.000 done_count=125
[upd 110] u=0 upd_ctr=3 opt_step=48 E=0.084 g=0.109 VarTD=0.134365 ret_end=-26.096 dbar_end=0.705 occ_end=0.224 CSR_train=0.000 done_count=125
[upd 120] u=0 upd_ctr=3 opt_step=48 E=0.284 g=0.102 VarTD=0.145774 ret_end=-27.250 dbar_end=0.728 occ_end=0.168 CSR_train=0.000 done_count=125
[upd 130] u=0 upd_ctr=3 opt_step=48 E=0.490 g=0.093 VarTD=0.164279 ret_end=-27.267 dbar_end=0.755 occ_end=0.170 CSR_train=0.000 done_count=100
[upd 140] u=0 upd_ctr=3 opt_step=48 E=0.685 g=0.099 VarTD=0.155449 ret_end=-27.628 dbar_end=0.735 occ_end=0.136 CSR_train=0.000 done_count=125
[upd 150] u=0 upd_ctr=3 opt_step=48 E=0.889 g=0.097 VarTD=0.128088 ret_end=-27.065 dbar_end=0.742 occ_end=0.176 CSR_train=0.008 done_count=125
[upd 160] u=0 upd_ctr=4 opt_step=64 E=0.076 g=0.094 VarTD=0.131658 ret_end=-27.162 dbar_end=0.754 occ_end=0.128 CSR_train=0.000 done_count=125
[upd 170] u=0 upd_ctr=4 opt_step=64 E=0.282 g=0.103 VarTD=0.138767 ret_end=-26.505 dbar_end=0.725 occ_end=0.112 CSR_train=0.000 done_count=125
[upd 180] u=0 upd_ctr=4 opt_step=64 E=0.486 g=0.096 VarTD=0.139834 ret_end=-27.617 dbar_end=0.747 occ_end=0.144 CSR_train=0.000 done_count=125
[upd 190] u=0 upd_ctr=4 opt_step=64 E=0.700 g=0.107 VarTD=0.147597 ret_end=-26.768 dbar_end=0.713 occ_end=0.144 CSR_train=0.000 done_count=125
[upd 200] u=0 upd_ctr=4 opt_step=64 E=0.912 g=0.112 VarTD=0.138458 ret_end=-26.519 dbar_end=0.697 occ_end=0.160 CSR_train=0.000 done_count=125
[upd 210] u=0 upd_ctr=5 opt_step=80 E=0.107 g=0.106 VarTD=0.162621 ret_end=-27.426 dbar_end=0.713 occ_end=0.168 CSR_train=0.000 done_count=125
[upd 220] u=0 upd_ctr=5 opt_step=80 E=0.320 g=0.096 VarTD=0.181543 ret_end=-28.116 dbar_end=0.746 occ_end=0.176 CSR_train=0.000 done_count=125
[upd 230] u=0 upd_ctr=5 opt_step=80 E=0.528 g=0.111 VarTD=0.149082 ret_end=-26.885 dbar_end=0.700 occ_end=0.168 CSR_train=0.000 done_count=125
[upd 240] u=0 upd_ctr=5 opt_step=80 E=0.738 g=0.105 VarTD=0.160845 ret_end=-26.391 dbar_end=0.717 occ_end=0.160 CSR_train=0.000 done_count=125
[upd 250] u=0 upd_ctr=5 opt_step=80 E=0.955 g=0.103 VarTD=0.147075 ret_end=-26.263 dbar_end=0.724 occ_end=0.192 CSR_train=0.000 done_count=125
[upd 260] u=0 upd_ctr=6 opt_step=96 E=0.150 g=0.115 VarTD=0.180405 ret_end=-25.432 dbar_end=0.688 occ_end=0.160 CSR_train=0.000 done_count=100
[upd 270] u=0 upd_ctr=6 opt_step=96 E=0.387 g=0.124 VarTD=0.145359 ret_end=-26.507 dbar_end=0.664 occ_end=0.264 CSR_train=0.000 done_count=125
[upd 280] u=0 upd_ctr=6 opt_step=96 E=0.609 g=0.116 VarTD=0.145549 ret_end=-25.959 dbar_end=0.687 occ_end=0.232 CSR_train=0.000 done_count=125
[upd 290] u=0 upd_ctr=6 opt_step=96 E=0.847 g=0.126 VarTD=0.123462 ret_end=-24.912 dbar_end=0.659 occ_end=0.168 CSR_train=0.000 done_count=125
[upd 300] u=0 upd_ctr=7 opt_step=112 E=0.072 g=0.107 VarTD=0.149897 ret_end=-27.087 dbar_end=0.712 occ_end=0.192 CSR_train=0.000 done_count=125
[upd 310] u=0 upd_ctr=7 opt_step=112 E=0.315 g=0.120 VarTD=0.148338 ret_end=-25.926 dbar_end=0.676 occ_end=0.104 CSR_train=0.000 done_count=125
[Gate5 check] update_counter violations: t0=0 diffs=0
[Gate5 check] opt_step violations: t0=0 diffs=0 (expected_inc=16)
[Gate5 check] NaN masking: nan_on_skip=True finite_on_update=True
[Gate5 summary] mean_update_fraction=0.0224 final_executed_updates_mean=7.00
[Gate5 eval] done_count mean=100.0 CSR mean=0.0000 len_end_mean=26.00
[Gate5 eval] episodes_per_env=4 T_eval=104
[Gate5 eval-debug] locked_eps_occ=0.20 pre(step25): dbar_end=0.565807 occupied_end_mean=0.290000 max_tilde_end_mean=0.841929 CSR@locked=0.000000
[Gate5 eval-debug] locked_eps_occ=0.20 post(step26): dbar_end=0.556479 occupied_end_mean=0.330000 max_tilde_end_mean=0.840436 CSR@locked=0.000000
[Gate5 eval-debug] CSR_pre@0.10=0.0000 CSR_pre@0.15=0.0000 CSR_pre@0.20=0.0000 CSR_pre@0.25=0.0000 CSR_pre@0.30=0.0000
[Gate5 eval-debug] CSR_post@0.10=0.0000 CSR_post@0.15=0.0000 CSR_post@0.20=0.0000 CSR_post@0.25=0.0000 CSR_post@0.30=0.0100
