Importing submoduled environments...
Submoduled environments not found. Skipping import.
[upd 0] u=1 upd_ctr=1 opt_step=16 E=0.082 g=0.092 VarTD=0.136051 ret_end=-27.009 dbar_end=0.762 occ_end=0.140 CSR_train=0.000 done_count=100
[upd 10] u=0 upd_ctr=1 opt_step=16 E=0.917 g=0.088 VarTD=0.157825 ret_end=-27.556 dbar_end=0.774 occ_end=0.128 CSR_train=0.000 done_count=125
[upd 20] u=0 upd_ctr=2 opt_step=32 E=0.793 g=0.099 VarTD=0.142431 ret_end=-27.006 dbar_end=0.738 occ_end=0.160 CSR_train=0.000 done_count=125
[upd 30] u=0 upd_ctr=3 opt_step=48 E=0.623 g=0.108 VarTD=0.152897 ret_end=-27.141 dbar_end=0.710 occ_end=0.184 CSR_train=0.000 done_count=125
[upd 40] u=0 upd_ctr=4 opt_step=64 E=0.459 g=0.105 VarTD=0.147038 ret_end=-25.911 dbar_end=0.717 occ_end=0.144 CSR_train=0.000 done_count=125
[upd 50] u=0 upd_ctr=5 opt_step=80 E=0.375 g=0.107 VarTD=0.138725 ret_end=-25.653 dbar_end=0.713 occ_end=0.168 CSR_train=0.000 done_count=125
[upd 60] u=0 upd_ctr=6 opt_step=96 E=0.316 g=0.118 VarTD=0.130273 ret_end=-26.318 dbar_end=0.680 occ_end=0.208 CSR_train=0.000 done_count=125
[upd 70] u=0 upd_ctr=7 opt_step=112 E=0.338 g=0.126 VarTD=0.149608 ret_end=-25.213 dbar_end=0.659 occ_end=0.248 CSR_train=0.000 done_count=125
[upd 80] u=0 upd_ctr=8 opt_step=128 E=0.450 g=0.138 VarTD=0.121570 ret_end=-24.874 dbar_end=0.630 occ_end=0.176 CSR_train=0.000 done_count=125
[upd 90] u=0 upd_ctr=9 opt_step=144 E=0.493 g=0.139 VarTD=0.136901 ret_end=-25.150 dbar_end=0.629 occ_end=0.176 CSR_train=0.000 done_count=125
[upd 100] u=0 upd_ctr=10 opt_step=160 E=0.587 g=0.127 VarTD=0.153017 ret_end=-25.625 dbar_end=0.658 occ_end=0.200 CSR_train=0.000 done_count=125
[upd 110] u=0 upd_ctr=11 opt_step=176 E=0.753 g=0.141 VarTD=0.169475 ret_end=-24.334 dbar_end=0.624 occ_end=0.264 CSR_train=0.000 done_count=125
[upd 120] u=0 upd_ctr=12 opt_step=192 E=0.862 g=0.142 VarTD=0.200980 ret_end=-25.486 dbar_end=0.621 occ_end=0.216 CSR_train=0.000 done_count=125
[Gate5 check] update_counter violations: t0=0 diffs=0
[Gate5 check] opt_step violations: t0=0 diffs=0 (expected_inc=16)
[Gate5 check] NaN masking: nan_on_skip=True finite_on_update=True
[Gate5 summary] mean_update_fraction=0.1040 final_executed_updates_mean=13.00
[Gate5 eval] done_count mean=100.0 CSR mean=0.0000 len_end_mean=26.00
[Gate5 eval] episodes_per_env=4 T_eval=104
[Gate5 eval-debug] locked_eps_occ=0.20 pre(step25): dbar_end=0.489473 occupied_end_mean=0.370000 max_tilde_end_mean=0.692914 CSR@locked=0.000000
[Gate5 eval-debug] locked_eps_occ=0.20 post(step26): dbar_end=0.484405 occupied_end_mean=0.380000 max_tilde_end_mean=0.682215 CSR@locked=0.000000
[Gate5 eval-debug] CSR_pre@0.10=0.0000 CSR_pre@0.15=0.0000 CSR_pre@0.20=0.0000 CSR_pre@0.25=0.0100 CSR_pre@0.30=0.0200
[Gate5 eval-debug] CSR_post@0.10=0.0000 CSR_post@0.15=0.0000 CSR_post@0.20=0.0000 CSR_post@0.25=0.0000 CSR_post@0.30=0.0100
