Importing submoduled environments...
Submoduled environments not found. Skipping import.
[upd 0] u=1 upd_ctr=1 opt_step=16 E=0.126 g=0.087 VarTD=0.161819 ret_end=-28.699 dbar_end=0.778 occ_end=0.120 CSR_train=0.000 done_count=100
[upd 10] u=0 upd_ctr=1 opt_step=16 E=0.391 g=0.081 VarTD=0.173819 ret_end=-28.772 dbar_end=0.801 occ_end=0.160 CSR_train=0.000 done_count=125
[upd 20] u=0 upd_ctr=1 opt_step=16 E=0.666 g=0.085 VarTD=0.140062 ret_end=-27.013 dbar_end=0.785 occ_end=0.144 CSR_train=0.000 done_count=125
[upd 30] u=1 upd_ctr=2 opt_step=32 E=0.039 g=0.114 VarTD=0.139956 ret_end=-25.825 dbar_end=0.693 occ_end=0.208 CSR_train=0.000 done_count=125
[upd 40] u=0 upd_ctr=2 opt_step=32 E=0.328 g=0.092 VarTD=0.136041 ret_end=-26.978 dbar_end=0.761 occ_end=0.144 CSR_train=0.000 done_count=125
[upd 50] u=0 upd_ctr=2 opt_step=32 E=0.617 g=0.097 VarTD=0.166979 ret_end=-27.593 dbar_end=0.744 occ_end=0.168 CSR_train=0.000 done_count=125
[upd 60] u=0 upd_ctr=2 opt_step=32 E=0.892 g=0.086 VarTD=0.186899 ret_end=-28.176 dbar_end=0.780 occ_end=0.152 CSR_train=0.000 done_count=125
[upd 70] u=0 upd_ctr=3 opt_step=48 E=0.293 g=0.103 VarTD=0.148809 ret_end=-26.730 dbar_end=0.723 occ_end=0.176 CSR_train=0.000 done_count=125
[upd 80] u=0 upd_ctr=3 opt_step=48 E=0.593 g=0.089 VarTD=0.154577 ret_end=-28.635 dbar_end=0.770 occ_end=0.128 CSR_train=0.000 done_count=125
[upd 90] u=0 upd_ctr=3 opt_step=48 E=0.893 g=0.082 VarTD=0.233402 ret_end=-28.361 dbar_end=0.798 occ_end=0.120 CSR_train=0.000 done_count=125
[upd 100] u=0 upd_ctr=4 opt_step=64 E=0.299 g=0.097 VarTD=0.163423 ret_end=-27.040 dbar_end=0.742 occ_end=0.168 CSR_train=0.000 done_count=125
[upd 110] u=0 upd_ctr=4 opt_step=64 E=0.622 g=0.091 VarTD=0.168052 ret_end=-27.625 dbar_end=0.762 occ_end=0.152 CSR_train=0.000 done_count=125
[upd 120] u=1 upd_ctr=5 opt_step=80 E=0.038 g=0.104 VarTD=0.123506 ret_end=-26.025 dbar_end=0.721 occ_end=0.120 CSR_train=0.000 done_count=125
[upd 130] u=0 upd_ctr=5 opt_step=80 E=0.376 g=0.114 VarTD=0.138557 ret_end=-26.827 dbar_end=0.692 occ_end=0.210 CSR_train=0.000 done_count=100
[upd 140] u=0 upd_ctr=5 opt_step=80 E=0.699 g=0.108 VarTD=0.147827 ret_end=-27.109 dbar_end=0.709 occ_end=0.176 CSR_train=0.000 done_count=125
[upd 150] u=0 upd_ctr=6 opt_step=96 E=0.131 g=0.125 VarTD=0.145551 ret_end=-25.900 dbar_end=0.663 occ_end=0.232 CSR_train=0.000 done_count=125
[upd 160] u=0 upd_ctr=6 opt_step=96 E=0.464 g=0.132 VarTD=0.131324 ret_end=-24.434 dbar_end=0.645 occ_end=0.248 CSR_train=0.000 done_count=125
[upd 170] u=0 upd_ctr=6 opt_step=96 E=0.814 g=0.125 VarTD=0.142050 ret_end=-25.247 dbar_end=0.661 occ_end=0.216 CSR_train=0.000 done_count=125
[upd 180] u=0 upd_ctr=7 opt_step=112 E=0.242 g=0.116 VarTD=0.146318 ret_end=-25.729 dbar_end=0.686 occ_end=0.216 CSR_train=0.000 done_count=125
[upd 190] u=0 upd_ctr=7 opt_step=112 E=0.582 g=0.129 VarTD=0.124744 ret_end=-24.714 dbar_end=0.651 occ_end=0.232 CSR_train=0.000 done_count=125
[upd 200] u=0 upd_ctr=7 opt_step=112 E=0.924 g=0.118 VarTD=0.148573 ret_end=-26.285 dbar_end=0.682 occ_end=0.240 CSR_train=0.000 done_count=125
[upd 210] u=0 upd_ctr=8 opt_step=128 E=0.377 g=0.116 VarTD=0.180172 ret_end=-26.812 dbar_end=0.687 occ_end=0.144 CSR_train=0.000 done_count=125
[upd 220] u=0 upd_ctr=8 opt_step=128 E=0.725 g=0.118 VarTD=0.155829 ret_end=-26.045 dbar_end=0.681 occ_end=0.200 CSR_train=0.000 done_count=125
[upd 230] u=0 upd_ctr=9 opt_step=144 E=0.190 g=0.120 VarTD=0.134825 ret_end=-25.808 dbar_end=0.676 occ_end=0.200 CSR_train=0.000 done_count=125
[upd 240] u=0 upd_ctr=9 opt_step=144 E=0.538 g=0.103 VarTD=0.175305 ret_end=-26.850 dbar_end=0.723 occ_end=0.120 CSR_train=0.000 done_count=125
[upd 250] u=0 upd_ctr=9 opt_step=144 E=0.879 g=0.116 VarTD=0.154820 ret_end=-26.221 dbar_end=0.686 occ_end=0.160 CSR_train=0.000 done_count=125
[upd 260] u=0 upd_ctr=10 opt_step=160 E=0.332 g=0.105 VarTD=0.151501 ret_end=-26.719 dbar_end=0.716 occ_end=0.120 CSR_train=0.000 done_count=100
[upd 270] u=0 upd_ctr=10 opt_step=160 E=0.688 g=0.126 VarTD=0.169021 ret_end=-26.109 dbar_end=0.660 occ_end=0.168 CSR_train=0.000 done_count=125
[upd 280] u=0 upd_ctr=11 opt_step=176 E=0.150 g=0.121 VarTD=0.177890 ret_end=-26.080 dbar_end=0.672 occ_end=0.160 CSR_train=0.000 done_count=125
[upd 290] u=0 upd_ctr=11 opt_step=176 E=0.507 g=0.116 VarTD=0.185303 ret_end=-26.647 dbar_end=0.686 occ_end=0.192 CSR_train=0.000 done_count=125
[upd 300] u=0 upd_ctr=11 opt_step=176 E=0.867 g=0.125 VarTD=0.196036 ret_end=-26.303 dbar_end=0.663 occ_end=0.248 CSR_train=0.000 done_count=125
[upd 310] u=0 upd_ctr=12 opt_step=192 E=0.322 g=0.113 VarTD=0.172188 ret_end=-26.237 dbar_end=0.696 occ_end=0.216 CSR_train=0.000 done_count=125
[Gate5 check] update_counter violations: t0=0 diffs=0
[Gate5 check] opt_step violations: t0=0 diffs=0 (expected_inc=16)
[Gate5 check] NaN masking: nan_on_skip=True finite_on_update=True
[Gate5 summary] mean_update_fraction=0.0385 final_executed_updates_mean=12.00
[Gate5 eval] done_count mean=100.0 CSR mean=0.0000 len_end_mean=26.00
[Gate5 eval] episodes_per_env=4 T_eval=104
[Gate5 eval-debug] locked_eps_occ=0.20 pre(step25): dbar_end=0.526313 occupied_end_mean=0.360000 max_tilde_end_mean=0.785615 CSR@locked=0.000000
[Gate5 eval-debug] locked_eps_occ=0.20 post(step26): dbar_end=0.526801 occupied_end_mean=0.370000 max_tilde_end_mean=0.791859 CSR@locked=0.000000
[Gate5 eval-debug] CSR_pre@0.10=0.0000 CSR_pre@0.15=0.0000 CSR_pre@0.20=0.0000 CSR_pre@0.25=0.0000 CSR_pre@0.30=0.0000
[Gate5 eval-debug] CSR_post@0.10=0.0000 CSR_post@0.15=0.0000 CSR_post@0.20=0.0000 CSR_post@0.25=0.0000 CSR_post@0.30=0.0000
