Importing submoduled environments...
Submoduled environments not found. Skipping import.
[upd 0] u=1 upd_ctr=1 opt_step=16 E=0.111 g=0.087 VarTD=0.161819 ret_end=-28.699 dbar_end=0.778 occ_end=0.120 CSR_train=0.000 done_count=100
[upd 10] u=0 upd_ctr=1 opt_step=16 E=0.729 g=0.081 VarTD=0.173819 ret_end=-28.772 dbar_end=0.801 occ_end=0.160 CSR_train=0.000 done_count=125
[upd 20] u=0 upd_ctr=2 opt_step=32 E=0.437 g=0.087 VarTD=0.139749 ret_end=-26.975 dbar_end=0.776 occ_end=0.112 CSR_train=0.000 done_count=125
[upd 30] u=1 upd_ctr=3 opt_step=48 E=0.131 g=0.115 VarTD=0.139779 ret_end=-25.745 dbar_end=0.688 occ_end=0.208 CSR_train=0.000 done_count=125
[upd 40] u=0 upd_ctr=3 opt_step=48 E=0.825 g=0.092 VarTD=0.134686 ret_end=-26.939 dbar_end=0.761 occ_end=0.112 CSR_train=0.000 done_count=125
[upd 50] u=0 upd_ctr=4 opt_step=64 E=0.570 g=0.100 VarTD=0.163362 ret_end=-27.399 dbar_end=0.733 occ_end=0.224 CSR_train=0.000 done_count=125
[upd 60] u=0 upd_ctr=5 opt_step=80 E=0.311 g=0.100 VarTD=0.181074 ret_end=-27.415 dbar_end=0.733 occ_end=0.184 CSR_train=0.000 done_count=125
[upd 70] u=1 upd_ctr=6 opt_step=96 E=0.122 g=0.117 VarTD=0.138312 ret_end=-26.061 dbar_end=0.684 occ_end=0.224 CSR_train=0.000 done_count=125
[upd 80] u=0 upd_ctr=6 opt_step=96 E=0.917 g=0.098 VarTD=0.144108 ret_end=-27.979 dbar_end=0.739 occ_end=0.160 CSR_train=0.000 done_count=125
[upd 90] u=0 upd_ctr=7 opt_step=112 E=0.765 g=0.097 VarTD=0.212995 ret_end=-27.427 dbar_end=0.744 occ_end=0.104 CSR_train=0.000 done_count=125
[upd 100] u=0 upd_ctr=8 opt_step=128 E=0.607 g=0.110 VarTD=0.156157 ret_end=-26.275 dbar_end=0.702 occ_end=0.160 CSR_train=0.000 done_count=125
[upd 110] u=0 upd_ctr=9 opt_step=144 E=0.542 g=0.113 VarTD=0.179638 ret_end=-26.530 dbar_end=0.693 occ_end=0.224 CSR_train=0.008 done_count=125
[upd 120] u=0 upd_ctr=10 opt_step=160 E=0.463 g=0.124 VarTD=0.139864 ret_end=-25.106 dbar_end=0.664 occ_end=0.136 CSR_train=0.000 done_count=125
[upd 130] u=0 upd_ctr=11 opt_step=176 E=0.406 g=0.140 VarTD=0.161475 ret_end=-25.650 dbar_end=0.627 occ_end=0.240 CSR_train=0.000 done_count=100
[upd 140] u=0 upd_ctr=12 opt_step=192 E=0.329 g=0.142 VarTD=0.190221 ret_end=-25.449 dbar_end=0.623 occ_end=0.240 CSR_train=0.000 done_count=125
[upd 150] u=0 upd_ctr=13 opt_step=208 E=0.315 g=0.150 VarTD=0.218472 ret_end=-24.848 dbar_end=0.604 occ_end=0.224 CSR_train=0.000 done_count=125
[upd 160] u=0 upd_ctr=14 opt_step=224 E=0.301 g=0.160 VarTD=0.262757 ret_end=-23.600 dbar_end=0.583 occ_end=0.248 CSR_train=0.000 done_count=125
[upd 170] u=0 upd_ctr=15 opt_step=240 E=0.340 g=0.155 VarTD=0.288006 ret_end=-24.244 dbar_end=0.593 occ_end=0.280 CSR_train=0.000 done_count=125
[upd 180] u=0 upd_ctr=16 opt_step=256 E=0.358 g=0.149 VarTD=0.352905 ret_end=-24.063 dbar_end=0.607 occ_end=0.328 CSR_train=0.000 done_count=125
[upd 190] u=0 upd_ctr=17 opt_step=272 E=0.447 g=0.152 VarTD=0.369954 ret_end=-23.436 dbar_end=0.601 occ_end=0.224 CSR_train=0.000 done_count=125
[upd 200] u=0 upd_ctr=18 opt_step=288 E=0.554 g=0.161 VarTD=0.463000 ret_end=-24.507 dbar_end=0.583 occ_end=0.192 CSR_train=0.000 done_count=125
[upd 210] u=0 upd_ctr=19 opt_step=304 E=0.672 g=0.151 VarTD=0.554439 ret_end=-25.085 dbar_end=0.603 occ_end=0.216 CSR_train=0.000 done_count=125
[upd 220] u=0 upd_ctr=20 opt_step=320 E=0.801 g=0.153 VarTD=0.639929 ret_end=-24.349 dbar_end=0.599 occ_end=0.248 CSR_train=0.000 done_count=125
[upd 230] u=0 upd_ctr=21 opt_step=336 E=0.955 g=0.153 VarTD=0.694603 ret_end=-24.276 dbar_end=0.598 occ_end=0.256 CSR_train=0.000 done_count=125
[upd 240] u=1 upd_ctr=23 opt_step=368 E=0.153 g=0.147 VarTD=0.854427 ret_end=-24.959 dbar_end=0.611 occ_end=0.200 CSR_train=0.000 done_count=125
[upd 250] u=0 upd_ctr=24 opt_step=384 E=0.283 g=0.170 VarTD=1.079657 ret_end=-24.106 dbar_end=0.565 occ_end=0.232 CSR_train=0.000 done_count=125
[upd 260] u=0 upd_ctr=25 opt_step=400 E=0.473 g=0.154 VarTD=0.958855 ret_end=-24.608 dbar_end=0.595 occ_end=0.260 CSR_train=0.000 done_count=100
[upd 270] u=0 upd_ctr=26 opt_step=416 E=0.662 g=0.161 VarTD=1.273907 ret_end=-23.986 dbar_end=0.581 occ_end=0.248 CSR_train=0.000 done_count=125
[upd 280] u=0 upd_ctr=27 opt_step=432 E=0.865 g=0.149 VarTD=1.419365 ret_end=-24.709 dbar_end=0.606 occ_end=0.216 CSR_train=0.000 done_count=125
[upd 290] u=0 upd_ctr=28 opt_step=448 E=1.000 g=0.156 VarTD=1.530807 ret_end=-24.597 dbar_end=0.591 occ_end=0.248 CSR_train=0.000 done_count=125
[upd 300] u=0 upd_ctr=30 opt_step=480 E=0.258 g=0.153 VarTD=1.848888 ret_end=-24.421 dbar_end=0.597 occ_end=0.216 CSR_train=0.000 done_count=125
[upd 310] u=0 upd_ctr=31 opt_step=496 E=0.413 g=0.166 VarTD=2.020554 ret_end=-23.998 dbar_end=0.571 occ_end=0.368 CSR_train=0.008 done_count=125
[Gate5 check] update_counter violations: t0=0 diffs=0
[Gate5 check] opt_step violations: t0=0 diffs=0 (expected_inc=16)
[Gate5 check] NaN masking: nan_on_skip=True finite_on_update=True
[Gate5 summary] mean_update_fraction=0.0994 final_executed_updates_mean=31.00
[Gate5 eval] done_count mean=100.0 CSR mean=0.0000 len_end_mean=26.00
[Gate5 eval] episodes_per_env=4 T_eval=104
[Gate5 eval-debug] locked_eps_occ=0.20 pre(step25): dbar_end=0.493972 occupied_end_mean=0.380000 max_tilde_end_mean=0.715463 CSR@locked=0.010000
[Gate5 eval-debug] locked_eps_occ=0.20 post(step26): dbar_end=0.496854 occupied_end_mean=0.350000 max_tilde_end_mean=0.712726 CSR@locked=0.000000
[Gate5 eval-debug] CSR_pre@0.10=0.0000 CSR_pre@0.15=0.0000 CSR_pre@0.20=0.0100 CSR_pre@0.25=0.0100 CSR_pre@0.30=0.0100
[Gate5 eval-debug] CSR_post@0.10=0.0000 CSR_post@0.15=0.0000 CSR_post@0.20=0.0000 CSR_post@0.25=0.0100 CSR_post@0.30=0.0200
