Importing submoduled environments...
Submoduled environments not found. Skipping import.
[upd 0] u=1 upd_ctr=1 opt_step=16 E=0.065 g=0.093 VarTD=0.149936 ret_end=-27.435 dbar_end=0.756 occ_end=0.150 CSR_train=0.000 done_count=100
[upd 10] u=0 upd_ctr=1 opt_step=16 E=0.722 g=0.100 VarTD=0.132044 ret_end=-26.929 dbar_end=0.734 occ_end=0.192 CSR_train=0.000 done_count=125
[upd 20] u=0 upd_ctr=2 opt_step=32 E=0.423 g=0.109 VarTD=0.152554 ret_end=-25.967 dbar_end=0.706 occ_end=0.184 CSR_train=0.000 done_count=125
[upd 30] u=1 upd_ctr=3 opt_step=48 E=0.059 g=0.084 VarTD=0.176906 ret_end=-28.097 dbar_end=0.789 occ_end=0.128 CSR_train=0.008 done_count=125
[upd 40] u=0 upd_ctr=3 opt_step=48 E=0.732 g=0.096 VarTD=0.138743 ret_end=-27.155 dbar_end=0.748 occ_end=0.112 CSR_train=0.000 done_count=125
[upd 50] u=0 upd_ctr=4 opt_step=64 E=0.338 g=0.098 VarTD=0.125171 ret_end=-26.459 dbar_end=0.740 occ_end=0.152 CSR_train=0.000 done_count=125
[upd 60] u=0 upd_ctr=4 opt_step=64 E=1.000 g=0.105 VarTD=0.137178 ret_end=-27.059 dbar_end=0.719 occ_end=0.120 CSR_train=0.000 done_count=125
[upd 70] u=0 upd_ctr=5 opt_step=80 E=0.722 g=0.109 VarTD=0.133798 ret_end=-26.863 dbar_end=0.707 occ_end=0.184 CSR_train=0.000 done_count=125
[upd 80] u=0 upd_ctr=6 opt_step=96 E=0.476 g=0.110 VarTD=0.138618 ret_end=-25.620 dbar_end=0.703 occ_end=0.192 CSR_train=0.000 done_count=125
[upd 90] u=0 upd_ctr=7 opt_step=112 E=0.237 g=0.110 VarTD=0.136189 ret_end=-26.413 dbar_end=0.702 occ_end=0.152 CSR_train=0.000 done_count=125
[upd 100] u=0 upd_ctr=7 opt_step=112 E=1.000 g=0.119 VarTD=0.145389 ret_end=-25.163 dbar_end=0.677 occ_end=0.232 CSR_train=0.000 done_count=125
[upd 110] u=0 upd_ctr=8 opt_step=128 E=0.803 g=0.104 VarTD=0.141268 ret_end=-26.515 dbar_end=0.721 occ_end=0.144 CSR_train=0.000 done_count=125
[upd 120] u=0 upd_ctr=9 opt_step=144 E=0.574 g=0.134 VarTD=0.152126 ret_end=-24.945 dbar_end=0.641 occ_end=0.240 CSR_train=0.000 done_count=125
[Gate5 check] update_counter violations: t0=0 diffs=0
[Gate5 check] opt_step violations: t0=0 diffs=0 (expected_inc=16)
[Gate5 check] NaN masking: nan_on_skip=True finite_on_update=True
[Gate5 summary] mean_update_fraction=0.0720 final_executed_updates_mean=9.00
[Gate5 eval] done_count mean=100.0 CSR mean=0.0100 len_end_mean=26.00
[Gate5 eval] episodes_per_env=4 T_eval=104
[Gate5 eval-debug] locked_eps_occ=0.20 pre(step25): dbar_end=0.505017 occupied_end_mean=0.430000 max_tilde_end_mean=0.719051 CSR@locked=0.010000
[Gate5 eval-debug] locked_eps_occ=0.20 post(step26): dbar_end=0.512297 occupied_end_mean=0.360000 max_tilde_end_mean=0.723390 CSR@locked=0.010000
[Gate5 eval-debug] CSR_pre@0.10=0.0000 CSR_pre@0.15=0.0100 CSR_pre@0.20=0.0100 CSR_pre@0.25=0.0100 CSR_pre@0.30=0.0200
[Gate5 eval-debug] CSR_post@0.10=0.0000 CSR_post@0.15=0.0000 CSR_post@0.20=0.0100 CSR_post@0.25=0.0300 CSR_post@0.30=0.0300
