Importing submoduled environments...
Submoduled environments not found. Skipping import.
[upd 0] u=1 upd_ctr=1 opt_step=16 E=0.098 g=0.096 VarTD=0.159541 ret_end=-27.424 dbar_end=0.745 occ_end=0.200 CSR_train=0.000 done_count=100
[upd 10] u=0 upd_ctr=1 opt_step=16 E=0.548 g=0.095 VarTD=0.132747 ret_end=-26.853 dbar_end=0.750 occ_end=0.208 CSR_train=0.000 done_count=125
[upd 20] u=1 upd_ctr=2 opt_step=32 E=0.070 g=0.103 VarTD=0.168812 ret_end=-26.447 dbar_end=0.725 occ_end=0.168 CSR_train=0.000 done_count=125
[upd 30] u=0 upd_ctr=2 opt_step=32 E=0.545 g=0.088 VarTD=0.165987 ret_end=-27.885 dbar_end=0.774 occ_end=0.176 CSR_train=0.000 done_count=125
[upd 40] u=0 upd_ctr=2 opt_step=32 E=0.993 g=0.095 VarTD=0.154875 ret_end=-27.336 dbar_end=0.749 occ_end=0.192 CSR_train=0.000 done_count=125
[upd 50] u=0 upd_ctr=3 opt_step=48 E=0.519 g=0.105 VarTD=0.155066 ret_end=-26.966 dbar_end=0.719 occ_end=0.208 CSR_train=0.000 done_count=125
[upd 60] u=1 upd_ctr=4 opt_step=64 E=0.059 g=0.103 VarTD=0.166165 ret_end=-26.781 dbar_end=0.722 occ_end=0.160 CSR_train=0.000 done_count=125
[upd 70] u=0 upd_ctr=4 opt_step=64 E=0.552 g=0.095 VarTD=0.166352 ret_end=-27.774 dbar_end=0.748 occ_end=0.184 CSR_train=0.000 done_count=125
[upd 80] u=0 upd_ctr=5 opt_step=80 E=0.117 g=0.104 VarTD=0.149132 ret_end=-26.770 dbar_end=0.720 occ_end=0.160 CSR_train=0.000 done_count=125
[upd 90] u=0 upd_ctr=5 opt_step=80 E=0.633 g=0.101 VarTD=0.138802 ret_end=-26.807 dbar_end=0.731 occ_end=0.160 CSR_train=0.000 done_count=125
[upd 100] u=0 upd_ctr=6 opt_step=96 E=0.198 g=0.118 VarTD=0.131575 ret_end=-26.226 dbar_end=0.682 occ_end=0.144 CSR_train=0.000 done_count=125
[upd 110] u=0 upd_ctr=6 opt_step=96 E=0.746 g=0.107 VarTD=0.141746 ret_end=-26.421 dbar_end=0.712 occ_end=0.176 CSR_train=0.000 done_count=125
[upd 120] u=0 upd_ctr=7 opt_step=112 E=0.364 g=0.104 VarTD=0.155505 ret_end=-27.078 dbar_end=0.720 occ_end=0.208 CSR_train=0.000 done_count=125
[upd 130] u=0 upd_ctr=7 opt_step=112 E=0.935 g=0.123 VarTD=0.134038 ret_end=-25.538 dbar_end=0.666 occ_end=0.260 CSR_train=0.000 done_count=100
[upd 140] u=0 upd_ctr=8 opt_step=128 E=0.568 g=0.110 VarTD=0.167638 ret_end=-26.557 dbar_end=0.704 occ_end=0.160 CSR_train=0.000 done_count=125
[upd 150] u=0 upd_ctr=9 opt_step=144 E=0.216 g=0.122 VarTD=0.154199 ret_end=-25.689 dbar_end=0.670 occ_end=0.144 CSR_train=0.000 done_count=125
[upd 160] u=0 upd_ctr=9 opt_step=144 E=0.788 g=0.113 VarTD=0.163230 ret_end=-26.601 dbar_end=0.695 occ_end=0.208 CSR_train=0.000 done_count=125
[upd 170] u=0 upd_ctr=10 opt_step=160 E=0.439 g=0.124 VarTD=0.138477 ret_end=-25.295 dbar_end=0.665 occ_end=0.248 CSR_train=0.000 done_count=125
[upd 180] u=1 upd_ctr=11 opt_step=176 E=0.105 g=0.138 VarTD=0.169352 ret_end=-25.280 dbar_end=0.632 occ_end=0.224 CSR_train=0.000 done_count=125
[upd 190] u=0 upd_ctr=11 opt_step=176 E=0.745 g=0.121 VarTD=0.181610 ret_end=-25.270 dbar_end=0.673 occ_end=0.200 CSR_train=0.000 done_count=125
[upd 200] u=0 upd_ctr=12 opt_step=192 E=0.455 g=0.126 VarTD=0.182367 ret_end=-24.579 dbar_end=0.659 occ_end=0.232 CSR_train=0.000 done_count=125
[upd 210] u=0 upd_ctr=13 opt_step=208 E=0.170 g=0.130 VarTD=0.204469 ret_end=-25.540 dbar_end=0.649 occ_end=0.232 CSR_train=0.000 done_count=125
[upd 220] u=0 upd_ctr=13 opt_step=208 E=0.856 g=0.141 VarTD=0.238253 ret_end=-25.497 dbar_end=0.623 occ_end=0.248 CSR_train=0.000 done_count=125
[upd 230] u=0 upd_ctr=14 opt_step=224 E=0.588 g=0.138 VarTD=0.284501 ret_end=-25.003 dbar_end=0.632 occ_end=0.200 CSR_train=0.000 done_count=125
[upd 240] u=0 upd_ctr=15 opt_step=240 E=0.309 g=0.136 VarTD=0.310831 ret_end=-24.811 dbar_end=0.636 occ_end=0.208 CSR_train=0.000 done_count=125
[upd 250] u=1 upd_ctr=16 opt_step=256 E=0.090 g=0.142 VarTD=0.313716 ret_end=-25.541 dbar_end=0.622 occ_end=0.160 CSR_train=0.000 done_count=125
[upd 260] u=0 upd_ctr=16 opt_step=256 E=0.815 g=0.130 VarTD=0.322216 ret_end=-26.202 dbar_end=0.650 occ_end=0.180 CSR_train=0.000 done_count=100
[upd 270] u=0 upd_ctr=17 opt_step=272 E=0.604 g=0.137 VarTD=0.403831 ret_end=-26.060 dbar_end=0.633 occ_end=0.256 CSR_train=0.000 done_count=125
[upd 280] u=0 upd_ctr=18 opt_step=288 E=0.420 g=0.160 VarTD=0.461741 ret_end=-24.777 dbar_end=0.584 occ_end=0.248 CSR_train=0.000 done_count=125
[upd 290] u=0 upd_ctr=19 opt_step=304 E=0.203 g=0.145 VarTD=0.541087 ret_end=-25.048 dbar_end=0.616 occ_end=0.160 CSR_train=0.000 done_count=125
[upd 300] u=0 upd_ctr=19 opt_step=304 E=0.935 g=0.137 VarTD=0.547136 ret_end=-25.272 dbar_end=0.634 occ_end=0.200 CSR_train=0.000 done_count=125
[upd 310] u=0 upd_ctr=20 opt_step=320 E=0.727 g=0.161 VarTD=0.647387 ret_end=-24.758 dbar_end=0.581 occ_end=0.288 CSR_train=0.000 done_count=125
[Gate5 check] update_counter violations: t0=0 diffs=0
[Gate5 check] opt_step violations: t0=0 diffs=0 (expected_inc=16)
[Gate5 check] NaN masking: nan_on_skip=True finite_on_update=True
[Gate5 summary] mean_update_fraction=0.0641 final_executed_updates_mean=20.00
[Gate5 eval] done_count mean=100.0 CSR mean=0.0000 len_end_mean=26.00
[Gate5 eval] episodes_per_env=4 T_eval=104
[Gate5 eval-debug] locked_eps_occ=0.20 pre(step25): dbar_end=0.468621 occupied_end_mean=0.380000 max_tilde_end_mean=0.677940 CSR@locked=0.000000
[Gate5 eval-debug] locked_eps_occ=0.20 post(step26): dbar_end=0.480839 occupied_end_mean=0.400000 max_tilde_end_mean=0.700434 CSR@locked=0.000000
[Gate5 eval-debug] CSR_pre@0.10=0.0000 CSR_pre@0.15=0.0000 CSR_pre@0.20=0.0000 CSR_pre@0.25=0.0200 CSR_pre@0.30=0.0300
[Gate5 eval-debug] CSR_post@0.10=0.0000 CSR_post@0.15=0.0000 CSR_post@0.20=0.0000 CSR_post@0.25=0.0100 CSR_post@0.30=0.0300
