Importing submoduled environments...
Submoduled environments not found. Skipping import.
[upd 0] u=1 upd_ctr=1 opt_step=16 E=0.129 g=0.096 VarTD=0.126111 ret_end=-26.492 dbar_end=0.745 occ_end=0.140 CSR_train=0.000 done_count=100
[upd 10] u=0 upd_ctr=1 opt_step=16 E=0.409 g=0.101 VarTD=0.147310 ret_end=-26.592 dbar_end=0.729 occ_end=0.144 CSR_train=0.000 done_count=125
[upd 20] u=0 upd_ctr=1 opt_step=16 E=0.693 g=0.088 VarTD=0.157317 ret_end=-27.734 dbar_end=0.776 occ_end=0.112 CSR_train=0.000 done_count=125
[upd 30] u=0 upd_ctr=2 opt_step=32 E=0.081 g=0.108 VarTD=0.135253 ret_end=-25.585 dbar_end=0.708 occ_end=0.176 CSR_train=0.000 done_count=125
[upd 40] u=0 upd_ctr=2 opt_step=32 E=0.387 g=0.111 VarTD=0.127549 ret_end=-25.919 dbar_end=0.701 occ_end=0.120 CSR_train=0.000 done_count=125
[upd 50] u=0 upd_ctr=2 opt_step=32 E=0.689 g=0.093 VarTD=0.170911 ret_end=-27.963 dbar_end=0.756 occ_end=0.152 CSR_train=0.000 done_count=125
[upd 60] u=0 upd_ctr=3 opt_step=48 E=0.078 g=0.108 VarTD=0.145864 ret_end=-26.505 dbar_end=0.709 occ_end=0.144 CSR_train=0.000 done_count=125
[upd 70] u=0 upd_ctr=3 opt_step=48 E=0.386 g=0.094 VarTD=0.137279 ret_end=-27.468 dbar_end=0.754 occ_end=0.128 CSR_train=0.000 done_count=125
[upd 80] u=0 upd_ctr=3 opt_step=48 E=0.692 g=0.101 VarTD=0.157463 ret_end=-26.621 dbar_end=0.729 occ_end=0.200 CSR_train=0.000 done_count=125
[upd 90] u=0 upd_ctr=4 opt_step=64 E=0.114 g=0.122 VarTD=0.137005 ret_end=-26.245 dbar_end=0.670 occ_end=0.256 CSR_train=0.000 done_count=125
[upd 100] u=0 upd_ctr=4 opt_step=64 E=0.459 g=0.123 VarTD=0.154049 ret_end=-26.199 dbar_end=0.668 occ_end=0.240 CSR_train=0.000 done_count=125
[upd 110] u=0 upd_ctr=4 opt_step=64 E=0.801 g=0.123 VarTD=0.135327 ret_end=-26.308 dbar_end=0.666 occ_end=0.184 CSR_train=0.000 done_count=125
[upd 120] u=0 upd_ctr=5 opt_step=80 E=0.230 g=0.108 VarTD=0.167599 ret_end=-27.307 dbar_end=0.709 occ_end=0.160 CSR_train=0.000 done_count=125
[upd 130] u=0 upd_ctr=5 opt_step=80 E=0.572 g=0.106 VarTD=0.150873 ret_end=-27.197 dbar_end=0.714 occ_end=0.200 CSR_train=0.000 done_count=100
[upd 140] u=0 upd_ctr=5 opt_step=80 E=0.909 g=0.109 VarTD=0.143692 ret_end=-26.310 dbar_end=0.705 occ_end=0.112 CSR_train=0.000 done_count=125
[upd 150] u=0 upd_ctr=6 opt_step=96 E=0.361 g=0.131 VarTD=0.133410 ret_end=-25.296 dbar_end=0.648 occ_end=0.184 CSR_train=0.000 done_count=125
[upd 160] u=0 upd_ctr=6 opt_step=96 E=0.722 g=0.115 VarTD=0.149103 ret_end=-26.732 dbar_end=0.690 occ_end=0.168 CSR_train=0.000 done_count=125
[upd 170] u=0 upd_ctr=7 opt_step=112 E=0.188 g=0.119 VarTD=0.161409 ret_end=-26.358 dbar_end=0.677 occ_end=0.248 CSR_train=0.000 done_count=125
[upd 180] u=0 upd_ctr=7 opt_step=112 E=0.553 g=0.120 VarTD=0.126390 ret_end=-26.018 dbar_end=0.675 occ_end=0.144 CSR_train=0.000 done_count=125
[upd 190] u=0 upd_ctr=7 opt_step=112 E=0.912 g=0.115 VarTD=0.164080 ret_end=-26.269 dbar_end=0.688 occ_end=0.224 CSR_train=0.000 done_count=125
[upd 200] u=0 upd_ctr=8 opt_step=128 E=0.391 g=0.131 VarTD=0.145094 ret_end=-25.269 dbar_end=0.647 occ_end=0.184 CSR_train=0.000 done_count=125
[upd 210] u=0 upd_ctr=8 opt_step=128 E=0.776 g=0.133 VarTD=0.155057 ret_end=-25.367 dbar_end=0.642 occ_end=0.232 CSR_train=0.000 done_count=125
[upd 220] u=0 upd_ctr=9 opt_step=144 E=0.270 g=0.130 VarTD=0.165354 ret_end=-26.575 dbar_end=0.649 occ_end=0.192 CSR_train=0.000 done_count=125
[upd 230] u=0 upd_ctr=9 opt_step=144 E=0.675 g=0.135 VarTD=0.141333 ret_end=-24.755 dbar_end=0.637 occ_end=0.264 CSR_train=0.008 done_count=125
[upd 240] u=0 upd_ctr=10 opt_step=160 E=0.178 g=0.133 VarTD=0.147677 ret_end=-25.788 dbar_end=0.643 occ_end=0.224 CSR_train=0.000 done_count=125
[upd 250] u=0 upd_ctr=10 opt_step=160 E=0.589 g=0.140 VarTD=0.176649 ret_end=-26.109 dbar_end=0.626 occ_end=0.192 CSR_train=0.000 done_count=125
[upd 260] u=0 upd_ctr=11 opt_step=176 E=0.089 g=0.136 VarTD=0.170229 ret_end=-25.946 dbar_end=0.635 occ_end=0.250 CSR_train=0.000 done_count=100
[upd 270] u=0 upd_ctr=11 opt_step=176 E=0.516 g=0.135 VarTD=0.215920 ret_end=-25.193 dbar_end=0.637 occ_end=0.232 CSR_train=0.000 done_count=125
[upd 280] u=0 upd_ctr=11 opt_step=176 E=0.936 g=0.135 VarTD=0.168829 ret_end=-25.322 dbar_end=0.637 occ_end=0.224 CSR_train=0.000 done_count=125
[upd 290] u=0 upd_ctr=12 opt_step=192 E=0.465 g=0.135 VarTD=0.212117 ret_end=-26.247 dbar_end=0.639 occ_end=0.264 CSR_train=0.008 done_count=125
[upd 300] u=0 upd_ctr=12 opt_step=192 E=0.889 g=0.137 VarTD=0.190020 ret_end=-25.481 dbar_end=0.633 occ_end=0.272 CSR_train=0.000 done_count=125
[upd 310] u=0 upd_ctr=13 opt_step=208 E=0.413 g=0.145 VarTD=0.196897 ret_end=-23.991 dbar_end=0.616 occ_end=0.224 CSR_train=0.000 done_count=125
[Gate5 check] update_counter violations: t0=0 diffs=0
[Gate5 check] opt_step violations: t0=0 diffs=0 (expected_inc=16)
[Gate5 check] NaN masking: nan_on_skip=True finite_on_update=True
[Gate5 summary] mean_update_fraction=0.0417 final_executed_updates_mean=13.00
[Gate5 eval] done_count mean=100.0 CSR mean=0.0000 len_end_mean=26.00
[Gate5 eval] episodes_per_env=4 T_eval=104
[Gate5 eval-debug] locked_eps_occ=0.20 pre(step25): dbar_end=0.503417 occupied_end_mean=0.300000 max_tilde_end_mean=0.745790 CSR@locked=0.000000
[Gate5 eval-debug] locked_eps_occ=0.20 post(step26): dbar_end=0.500529 occupied_end_mean=0.330000 max_tilde_end_mean=0.750520 CSR@locked=0.000000
[Gate5 eval-debug] CSR_pre@0.10=0.0000 CSR_pre@0.15=0.0000 CSR_pre@0.20=0.0000 CSR_pre@0.25=0.0000 CSR_pre@0.30=0.0000
[Gate5 eval-debug] CSR_post@0.10=0.0000 CSR_post@0.15=0.0000 CSR_post@0.20=0.0000 CSR_post@0.25=0.0000 CSR_post@0.30=0.0000
