Importing submoduled environments...
Submoduled environments not found. Skipping import.
[upd 0] u=1 upd_ctr=1 opt_step=16 E=0.177 g=0.096 VarTD=0.198978 ret_end=-28.258 dbar_end=0.747 occ_end=0.170 CSR_train=0.000 done_count=100
[upd 10] u=0 upd_ctr=1 opt_step=16 E=0.910 g=0.091 VarTD=0.177568 ret_end=-27.488 dbar_end=0.762 occ_end=0.104 CSR_train=0.000 done_count=125
[upd 20] u=0 upd_ctr=2 opt_step=32 E=0.738 g=0.088 VarTD=0.172496 ret_end=-27.656 dbar_end=0.774 occ_end=0.096 CSR_train=0.000 done_count=125
[upd 30] u=0 upd_ctr=3 opt_step=48 E=0.614 g=0.087 VarTD=0.161881 ret_end=-27.641 dbar_end=0.776 occ_end=0.168 CSR_train=0.000 done_count=125
[upd 40] u=0 upd_ctr=4 opt_step=64 E=0.512 g=0.105 VarTD=0.124902 ret_end=-26.792 dbar_end=0.718 occ_end=0.184 CSR_train=0.000 done_count=125
[upd 50] u=0 upd_ctr=5 opt_step=80 E=0.460 g=0.126 VarTD=0.135388 ret_end=-26.412 dbar_end=0.660 occ_end=0.224 CSR_train=0.000 done_count=125
[upd 60] u=0 upd_ctr=6 opt_step=96 E=0.458 g=0.111 VarTD=0.135367 ret_end=-25.934 dbar_end=0.700 occ_end=0.192 CSR_train=0.000 done_count=125
[upd 70] u=0 upd_ctr=7 opt_step=112 E=0.485 g=0.130 VarTD=0.133540 ret_end=-25.366 dbar_end=0.649 occ_end=0.208 CSR_train=0.000 done_count=125
[upd 80] u=0 upd_ctr=8 opt_step=128 E=0.514 g=0.127 VarTD=0.152933 ret_end=-25.239 dbar_end=0.656 occ_end=0.216 CSR_train=0.000 done_count=125
[upd 90] u=0 upd_ctr=9 opt_step=144 E=0.600 g=0.116 VarTD=0.150171 ret_end=-26.995 dbar_end=0.687 occ_end=0.144 CSR_train=0.000 done_count=125
[upd 100] u=0 upd_ctr=10 opt_step=160 E=0.748 g=0.130 VarTD=0.143213 ret_end=-25.669 dbar_end=0.650 occ_end=0.192 CSR_train=0.000 done_count=125
[upd 110] u=0 upd_ctr=11 opt_step=176 E=0.904 g=0.123 VarTD=0.162233 ret_end=-26.165 dbar_end=0.668 occ_end=0.280 CSR_train=0.000 done_count=125
[upd 120] u=0 upd_ctr=13 opt_step=208 E=0.227 g=0.150 VarTD=0.182512 ret_end=-24.920 dbar_end=0.603 occ_end=0.240 CSR_train=0.000 done_count=125
[upd 130] u=0 upd_ctr=14 opt_step=224 E=0.443 g=0.131 VarTD=0.204612 ret_end=-25.511 dbar_end=0.648 occ_end=0.260 CSR_train=0.000 done_count=100
[upd 140] u=0 upd_ctr=15 opt_step=240 E=0.657 g=0.142 VarTD=0.251296 ret_end=-24.996 dbar_end=0.622 occ_end=0.248 CSR_train=0.000 done_count=125
[upd 150] u=0 upd_ctr=16 opt_step=256 E=0.930 g=0.146 VarTD=0.292093 ret_end=-24.841 dbar_end=0.614 occ_end=0.232 CSR_train=0.000 done_count=125
[upd 160] u=0 upd_ctr=18 opt_step=288 E=0.340 g=0.159 VarTD=0.408820 ret_end=-24.321 dbar_end=0.585 occ_end=0.280 CSR_train=0.000 done_count=125
[upd 170] u=0 upd_ctr=19 opt_step=304 E=0.655 g=0.158 VarTD=0.483878 ret_end=-24.324 dbar_end=0.588 occ_end=0.320 CSR_train=0.000 done_count=125
[upd 180] u=1 upd_ctr=21 opt_step=336 E=0.131 g=0.153 VarTD=0.577952 ret_end=-25.282 dbar_end=0.597 occ_end=0.208 CSR_train=0.000 done_count=125
[upd 190] u=0 upd_ctr=22 opt_step=352 E=0.536 g=0.166 VarTD=0.763005 ret_end=-23.865 dbar_end=0.572 occ_end=0.280 CSR_train=0.000 done_count=125
[upd 200] u=0 upd_ctr=23 opt_step=368 E=0.942 g=0.152 VarTD=0.836990 ret_end=-24.976 dbar_end=0.600 occ_end=0.264 CSR_train=0.000 done_count=125
[upd 210] u=0 upd_ctr=25 opt_step=400 E=0.489 g=0.162 VarTD=1.109303 ret_end=-24.162 dbar_end=0.579 occ_end=0.192 CSR_train=0.000 done_count=125
[upd 220] u=0 upd_ctr=26 opt_step=416 E=0.923 g=0.169 VarTD=1.237409 ret_end=-23.995 dbar_end=0.565 occ_end=0.304 CSR_train=0.000 done_count=125
[upd 230] u=0 upd_ctr=28 opt_step=448 E=0.458 g=0.173 VarTD=1.500590 ret_end=-23.661 dbar_end=0.559 occ_end=0.264 CSR_train=0.000 done_count=125
[upd 240] u=0 upd_ctr=29 opt_step=464 E=0.887 g=0.165 VarTD=1.619034 ret_end=-24.323 dbar_end=0.573 occ_end=0.344 CSR_train=0.000 done_count=125
[upd 250] u=0 upd_ctr=31 opt_step=496 E=0.380 g=0.181 VarTD=1.977736 ret_end=-24.136 dbar_end=0.544 occ_end=0.360 CSR_train=0.000 done_count=125
[upd 260] u=0 upd_ctr=32 opt_step=512 E=0.823 g=0.164 VarTD=1.719130 ret_end=-24.300 dbar_end=0.577 occ_end=0.290 CSR_train=0.000 done_count=100
[upd 270] u=0 upd_ctr=34 opt_step=544 E=0.384 g=0.183 VarTD=2.405962 ret_end=-23.332 dbar_end=0.540 occ_end=0.344 CSR_train=0.008 done_count=125
[upd 280] u=0 upd_ctr=35 opt_step=560 E=0.897 g=0.170 VarTD=2.632701 ret_end=-24.466 dbar_end=0.565 occ_end=0.288 CSR_train=0.000 done_count=125
[upd 290] u=0 upd_ctr=37 opt_step=592 E=0.433 g=0.168 VarTD=2.895865 ret_end=-24.083 dbar_end=0.568 occ_end=0.296 CSR_train=0.000 done_count=125
[upd 300] u=0 upd_ctr=38 opt_step=608 E=0.956 g=0.164 VarTD=3.038652 ret_end=-23.763 dbar_end=0.577 occ_end=0.248 CSR_train=0.000 done_count=125
[upd 310] u=0 upd_ctr=40 opt_step=640 E=0.562 g=0.176 VarTD=3.432204 ret_end=-22.614 dbar_end=0.553 occ_end=0.320 CSR_train=0.000 done_count=125
[Gate5 check] update_counter violations: t0=0 diffs=0
[Gate5 check] opt_step violations: t0=0 diffs=0 (expected_inc=16)
[Gate5 check] NaN masking: nan_on_skip=True finite_on_update=True
[Gate5 summary] mean_update_fraction=0.1282 final_executed_updates_mean=40.00
[Gate5 eval] done_count mean=100.0 CSR mean=0.0000 len_end_mean=26.00
[Gate5 eval] episodes_per_env=4 T_eval=104
[Gate5 eval-debug] locked_eps_occ=0.20 pre(step25): dbar_end=0.515145 occupied_end_mean=0.270000 max_tilde_end_mean=0.717412 CSR@locked=0.000000
[Gate5 eval-debug] locked_eps_occ=0.20 post(step26): dbar_end=0.518250 occupied_end_mean=0.240000 max_tilde_end_mean=0.723924 CSR@locked=0.000000
[Gate5 eval-debug] CSR_pre@0.10=0.0000 CSR_pre@0.15=0.0000 CSR_pre@0.20=0.0000 CSR_pre@0.25=0.0000 CSR_pre@0.30=0.0500
[Gate5 eval-debug] CSR_post@0.10=0.0000 CSR_post@0.15=0.0000 CSR_post@0.20=0.0000 CSR_post@0.25=0.0000 CSR_post@0.30=0.0500
