Importing submoduled environments...
Submoduled environments not found. Skipping import.
[upd 0] u=1 upd_ctr=1 opt_step=16 E=0.116 g=0.094 VarTD=0.156314 ret_end=-27.700 dbar_end=0.751 occ_end=0.180 CSR_train=0.010 done_count=100
[upd 10] u=0 upd_ctr=1 opt_step=16 E=0.789 g=0.106 VarTD=0.133782 ret_end=-25.939 dbar_end=0.713 occ_end=0.168 CSR_train=0.000 done_count=125
[upd 20] u=0 upd_ctr=2 opt_step=32 E=0.513 g=0.102 VarTD=0.143362 ret_end=-26.630 dbar_end=0.727 occ_end=0.208 CSR_train=0.000 done_count=125
[upd 30] u=0 upd_ctr=3 opt_step=48 E=0.238 g=0.101 VarTD=0.151272 ret_end=-27.443 dbar_end=0.731 occ_end=0.128 CSR_train=0.000 done_count=125
[upd 40] u=0 upd_ctr=3 opt_step=48 E=0.941 g=0.092 VarTD=0.140031 ret_end=-27.476 dbar_end=0.760 occ_end=0.168 CSR_train=0.000 done_count=125
[upd 50] u=0 upd_ctr=4 opt_step=64 E=0.684 g=0.109 VarTD=0.149345 ret_end=-26.586 dbar_end=0.707 occ_end=0.200 CSR_train=0.000 done_count=125
[upd 60] u=0 upd_ctr=5 opt_step=80 E=0.476 g=0.111 VarTD=0.143195 ret_end=-25.549 dbar_end=0.701 occ_end=0.216 CSR_train=0.000 done_count=125
[upd 70] u=0 upd_ctr=6 opt_step=96 E=0.287 g=0.125 VarTD=0.134966 ret_end=-25.149 dbar_end=0.663 occ_end=0.216 CSR_train=0.000 done_count=125
[upd 80] u=1 upd_ctr=7 opt_step=112 E=0.119 g=0.110 VarTD=0.153941 ret_end=-26.953 dbar_end=0.702 occ_end=0.128 CSR_train=0.000 done_count=125
[upd 90] u=0 upd_ctr=7 opt_step=112 E=0.950 g=0.108 VarTD=0.135410 ret_end=-25.987 dbar_end=0.710 occ_end=0.192 CSR_train=0.000 done_count=125
[upd 100] u=0 upd_ctr=8 opt_step=128 E=0.821 g=0.128 VarTD=0.143356 ret_end=-25.746 dbar_end=0.656 occ_end=0.168 CSR_train=0.000 done_count=125
[upd 110] u=0 upd_ctr=9 opt_step=144 E=0.735 g=0.142 VarTD=0.116328 ret_end=-23.888 dbar_end=0.621 occ_end=0.200 CSR_train=0.000 done_count=125
[upd 120] u=0 upd_ctr=10 opt_step=160 E=0.685 g=0.141 VarTD=0.158412 ret_end=-25.055 dbar_end=0.624 occ_end=0.280 CSR_train=0.000 done_count=125
[upd 130] u=0 upd_ctr=11 opt_step=176 E=0.661 g=0.141 VarTD=0.167003 ret_end=-25.091 dbar_end=0.623 occ_end=0.270 CSR_train=0.000 done_count=100
[upd 140] u=0 upd_ctr=12 opt_step=192 E=0.596 g=0.125 VarTD=0.218755 ret_end=-26.212 dbar_end=0.661 occ_end=0.200 CSR_train=0.000 done_count=125
[upd 150] u=0 upd_ctr=13 opt_step=208 E=0.612 g=0.142 VarTD=0.211834 ret_end=-25.027 dbar_end=0.622 occ_end=0.232 CSR_train=0.000 done_count=125
[upd 160] u=0 upd_ctr=14 opt_step=224 E=0.624 g=0.145 VarTD=0.229921 ret_end=-24.720 dbar_end=0.615 occ_end=0.256 CSR_train=0.000 done_count=125
[upd 170] u=0 upd_ctr=15 opt_step=240 E=0.635 g=0.135 VarTD=0.267870 ret_end=-25.410 dbar_end=0.638 occ_end=0.248 CSR_train=0.000 done_count=125
[upd 180] u=0 upd_ctr=16 opt_step=256 E=0.662 g=0.152 VarTD=0.342946 ret_end=-25.667 dbar_end=0.599 occ_end=0.256 CSR_train=0.000 done_count=125
[upd 190] u=0 upd_ctr=17 opt_step=272 E=0.713 g=0.152 VarTD=0.387085 ret_end=-25.244 dbar_end=0.601 occ_end=0.264 CSR_train=0.000 done_count=125
[upd 200] u=0 upd_ctr=18 opt_step=288 E=0.776 g=0.152 VarTD=0.433680 ret_end=-24.798 dbar_end=0.600 occ_end=0.216 CSR_train=0.000 done_count=125
[upd 210] u=0 upd_ctr=19 opt_step=304 E=0.864 g=0.159 VarTD=0.517212 ret_end=-24.427 dbar_end=0.586 occ_end=0.264 CSR_train=0.000 done_count=125
[upd 220] u=0 upd_ctr=20 opt_step=320 E=0.992 g=0.167 VarTD=0.604374 ret_end=-24.113 dbar_end=0.570 occ_end=0.360 CSR_train=0.000 done_count=125
[upd 230] u=1 upd_ctr=22 opt_step=352 E=0.169 g=0.170 VarTD=0.714562 ret_end=-23.923 dbar_end=0.565 occ_end=0.344 CSR_train=0.000 done_count=125
[upd 240] u=0 upd_ctr=23 opt_step=368 E=0.276 g=0.166 VarTD=0.926592 ret_end=-24.106 dbar_end=0.572 occ_end=0.200 CSR_train=0.000 done_count=125
[upd 250] u=0 upd_ctr=24 opt_step=384 E=0.392 g=0.167 VarTD=1.024846 ret_end=-24.006 dbar_end=0.569 occ_end=0.272 CSR_train=0.000 done_count=125
[upd 260] u=0 upd_ctr=25 opt_step=400 E=0.587 g=0.168 VarTD=0.958310 ret_end=-23.642 dbar_end=0.568 occ_end=0.250 CSR_train=0.000 done_count=100
[upd 270] u=0 upd_ctr=26 opt_step=416 E=0.721 g=0.161 VarTD=1.293583 ret_end=-24.197 dbar_end=0.582 occ_end=0.160 CSR_train=0.000 done_count=125
[upd 280] u=0 upd_ctr=27 opt_step=432 E=0.905 g=0.140 VarTD=1.372351 ret_end=-25.194 dbar_end=0.626 occ_end=0.264 CSR_train=0.000 done_count=125
[upd 290] u=0 upd_ctr=28 opt_step=448 E=1.000 g=0.169 VarTD=1.531127 ret_end=-23.997 dbar_end=0.567 occ_end=0.264 CSR_train=0.000 done_count=125
[upd 300] u=0 upd_ctr=30 opt_step=480 E=0.247 g=0.163 VarTD=1.838779 ret_end=-24.812 dbar_end=0.578 occ_end=0.320 CSR_train=0.000 done_count=125
[upd 310] u=0 upd_ctr=31 opt_step=496 E=0.389 g=0.160 VarTD=1.947990 ret_end=-23.663 dbar_end=0.583 occ_end=0.232 CSR_train=0.000 done_count=125
[Gate5 check] update_counter violations: t0=0 diffs=0
[Gate5 check] opt_step violations: t0=0 diffs=0 (expected_inc=16)
[Gate5 check] NaN masking: nan_on_skip=True finite_on_update=True
[Gate5 summary] mean_update_fraction=0.0994 final_executed_updates_mean=31.00
[Gate5 eval] done_count mean=100.0 CSR mean=0.0000 len_end_mean=26.00
[Gate5 eval] episodes_per_env=4 T_eval=104
[Gate5 eval-debug] locked_eps_occ=0.20 pre(step25): dbar_end=0.495169 occupied_end_mean=0.390000 max_tilde_end_mean=0.695374 CSR@locked=0.000000
[Gate5 eval-debug] locked_eps_occ=0.20 post(step26): dbar_end=0.495019 occupied_end_mean=0.370000 max_tilde_end_mean=0.693945 CSR@locked=0.000000
[Gate5 eval-debug] CSR_pre@0.10=0.0000 CSR_pre@0.15=0.0000 CSR_pre@0.20=0.0000 CSR_pre@0.25=0.0000 CSR_pre@0.30=0.0400
[Gate5 eval-debug] CSR_post@0.10=0.0000 CSR_post@0.15=0.0000 CSR_post@0.20=0.0000 CSR_post@0.25=0.0000 CSR_post@0.30=0.0400
