Importing submoduled environments...
Submoduled environments not found. Skipping import.
[upd 0] u=1 upd_ctr=1 opt_step=16 E=0.108 g=0.096 VarTD=0.126111 ret_end=-26.492 dbar_end=0.745 occ_end=0.140 CSR_train=0.000 done_count=100
[upd 10] u=0 upd_ctr=1 opt_step=16 E=0.668 g=0.101 VarTD=0.147310 ret_end=-26.592 dbar_end=0.729 occ_end=0.144 CSR_train=0.000 done_count=125
[upd 20] u=0 upd_ctr=2 opt_step=32 E=0.297 g=0.094 VarTD=0.152927 ret_end=-27.386 dbar_end=0.754 occ_end=0.128 CSR_train=0.000 done_count=125
[upd 30] u=0 upd_ctr=2 opt_step=32 E=0.897 g=0.109 VarTD=0.133031 ret_end=-25.581 dbar_end=0.706 occ_end=0.160 CSR_train=0.000 done_count=125
[upd 40] u=0 upd_ctr=3 opt_step=48 E=0.564 g=0.113 VarTD=0.130253 ret_end=-25.743 dbar_end=0.695 occ_end=0.120 CSR_train=0.000 done_count=125
[upd 50] u=0 upd_ctr=4 opt_step=64 E=0.228 g=0.097 VarTD=0.178131 ret_end=-27.669 dbar_end=0.742 occ_end=0.136 CSR_train=0.000 done_count=125
[upd 60] u=0 upd_ctr=4 opt_step=64 E=0.838 g=0.107 VarTD=0.146065 ret_end=-26.374 dbar_end=0.713 occ_end=0.136 CSR_train=0.000 done_count=125
[upd 70] u=0 upd_ctr=5 opt_step=80 E=0.536 g=0.105 VarTD=0.133552 ret_end=-26.706 dbar_end=0.717 occ_end=0.144 CSR_train=0.000 done_count=125
[upd 80] u=0 upd_ctr=6 opt_step=96 E=0.256 g=0.113 VarTD=0.153891 ret_end=-26.168 dbar_end=0.695 occ_end=0.216 CSR_train=0.000 done_count=125
[upd 90] u=0 upd_ctr=6 opt_step=96 E=0.960 g=0.125 VarTD=0.143943 ret_end=-25.957 dbar_end=0.663 occ_end=0.248 CSR_train=0.000 done_count=125
[upd 100] u=0 upd_ctr=7 opt_step=112 E=0.737 g=0.121 VarTD=0.157398 ret_end=-26.097 dbar_end=0.673 occ_end=0.184 CSR_train=0.000 done_count=125
[upd 110] u=0 upd_ctr=8 opt_step=128 E=0.519 g=0.129 VarTD=0.151058 ret_end=-26.027 dbar_end=0.653 occ_end=0.160 CSR_train=0.000 done_count=125
[upd 120] u=0 upd_ctr=9 opt_step=144 E=0.259 g=0.117 VarTD=0.179388 ret_end=-26.944 dbar_end=0.683 occ_end=0.224 CSR_train=0.000 done_count=125
[upd 130] u=0 upd_ctr=9 opt_step=144 E=0.993 g=0.118 VarTD=0.158207 ret_end=-26.598 dbar_end=0.681 occ_end=0.200 CSR_train=0.000 done_count=100
[upd 140] u=0 upd_ctr=10 opt_step=160 E=0.785 g=0.125 VarTD=0.164791 ret_end=-25.802 dbar_end=0.663 occ_end=0.144 CSR_train=0.000 done_count=125
[upd 150] u=0 upd_ctr=11 opt_step=176 E=0.596 g=0.148 VarTD=0.180330 ret_end=-24.954 dbar_end=0.609 occ_end=0.288 CSR_train=0.000 done_count=125
[upd 160] u=0 upd_ctr=12 opt_step=192 E=0.423 g=0.132 VarTD=0.203494 ret_end=-26.089 dbar_end=0.645 occ_end=0.168 CSR_train=0.000 done_count=125
[upd 170] u=0 upd_ctr=13 opt_step=208 E=0.272 g=0.134 VarTD=0.237907 ret_end=-25.378 dbar_end=0.641 occ_end=0.216 CSR_train=0.000 done_count=125
[upd 180] u=1 upd_ctr=14 opt_step=224 E=0.126 g=0.130 VarTD=0.201820 ret_end=-25.566 dbar_end=0.649 occ_end=0.216 CSR_train=0.000 done_count=125
[upd 190] u=0 upd_ctr=14 opt_step=224 E=0.940 g=0.134 VarTD=0.256877 ret_end=-25.297 dbar_end=0.639 occ_end=0.224 CSR_train=0.000 done_count=125
[upd 200] u=0 upd_ctr=15 opt_step=240 E=0.799 g=0.136 VarTD=0.272626 ret_end=-24.778 dbar_end=0.635 occ_end=0.168 CSR_train=0.000 done_count=125
[upd 210] u=0 upd_ctr=16 opt_step=256 E=0.673 g=0.136 VarTD=0.337603 ret_end=-24.972 dbar_end=0.635 occ_end=0.200 CSR_train=0.000 done_count=125
[upd 220] u=0 upd_ctr=17 opt_step=272 E=0.566 g=0.142 VarTD=0.405408 ret_end=-25.999 dbar_end=0.621 occ_end=0.216 CSR_train=0.000 done_count=125
[upd 230] u=0 upd_ctr=18 opt_step=288 E=0.469 g=0.150 VarTD=0.442625 ret_end=-24.125 dbar_end=0.604 occ_end=0.248 CSR_train=0.000 done_count=125
[upd 240] u=0 upd_ctr=19 opt_step=304 E=0.406 g=0.142 VarTD=0.492015 ret_end=-25.281 dbar_end=0.621 occ_end=0.176 CSR_train=0.000 done_count=125
[upd 250] u=0 upd_ctr=20 opt_step=320 E=0.383 g=0.159 VarTD=0.621822 ret_end=-25.310 dbar_end=0.586 occ_end=0.304 CSR_train=0.000 done_count=125
[upd 260] u=0 upd_ctr=21 opt_step=336 E=0.324 g=0.156 VarTD=0.556283 ret_end=-24.928 dbar_end=0.592 occ_end=0.230 CSR_train=0.000 done_count=100
[upd 270] u=0 upd_ctr=22 opt_step=352 E=0.354 g=0.165 VarTD=0.776073 ret_end=-23.739 dbar_end=0.573 occ_end=0.248 CSR_train=0.000 done_count=125
[upd 280] u=0 upd_ctr=23 opt_step=368 E=0.354 g=0.163 VarTD=0.900557 ret_end=-24.219 dbar_end=0.578 occ_end=0.304 CSR_train=0.000 done_count=125
[upd 290] u=0 upd_ctr=24 opt_step=384 E=0.423 g=0.174 VarTD=1.031129 ret_end=-25.111 dbar_end=0.558 occ_end=0.464 CSR_train=0.000 done_count=125
[upd 300] u=0 upd_ctr=25 opt_step=400 E=0.443 g=0.163 VarTD=1.113451 ret_end=-24.492 dbar_end=0.578 occ_end=0.272 CSR_train=0.000 done_count=125
[upd 310] u=0 upd_ctr=26 opt_step=416 E=0.455 g=0.183 VarTD=1.207635 ret_end=-23.039 dbar_end=0.541 occ_end=0.344 CSR_train=0.000 done_count=125
[Gate5 check] update_counter violations: t0=0 diffs=0
[Gate5 check] opt_step violations: t0=0 diffs=0 (expected_inc=16)
[Gate5 check] NaN masking: nan_on_skip=True finite_on_update=True
[Gate5 summary] mean_update_fraction=0.0833 final_executed_updates_mean=26.00
[Gate5 eval] done_count mean=100.0 CSR mean=0.0000 len_end_mean=26.00
[Gate5 eval] episodes_per_env=4 T_eval=104
[Gate5 eval-debug] locked_eps_occ=0.20 pre(step25): dbar_end=0.516956 occupied_end_mean=0.340000 max_tilde_end_mean=0.723270 CSR@locked=0.000000
[Gate5 eval-debug] locked_eps_occ=0.20 post(step26): dbar_end=0.512335 occupied_end_mean=0.390000 max_tilde_end_mean=0.725392 CSR@locked=0.000000
[Gate5 eval-debug] CSR_pre@0.10=0.0000 CSR_pre@0.15=0.0000 CSR_pre@0.20=0.0000 CSR_pre@0.25=0.0000 CSR_pre@0.30=0.0100
[Gate5 eval-debug] CSR_post@0.10=0.0000 CSR_post@0.15=0.0000 CSR_post@0.20=0.0000 CSR_post@0.25=0.0000 CSR_post@0.30=0.0000
