Importing submoduled environments...
Submoduled environments not found. Skipping import.
[upd 0] u=1 upd_ctr=1 opt_step=16 E=0.090 g=0.090 VarTD=0.142063 ret_end=-26.625 dbar_end=0.768 occ_end=0.090 CSR_train=0.000 done_count=100
[upd 10] u=0 upd_ctr=1 opt_step=16 E=1.000 g=0.103 VarTD=0.114452 ret_end=-26.589 dbar_end=0.723 occ_end=0.104 CSR_train=0.000 done_count=125
[upd 20] u=0 upd_ctr=2 opt_step=32 E=1.000 g=0.102 VarTD=0.163353 ret_end=-26.810 dbar_end=0.726 occ_end=0.104 CSR_train=0.000 done_count=125
[upd 30] u=0 upd_ctr=3 opt_step=48 E=1.000 g=0.103 VarTD=0.158411 ret_end=-27.658 dbar_end=0.725 occ_end=0.216 CSR_train=0.000 done_count=125
[upd 40] u=0 upd_ctr=4 opt_step=64 E=1.000 g=0.105 VarTD=0.134687 ret_end=-26.294 dbar_end=0.719 occ_end=0.160 CSR_train=0.000 done_count=125
[upd 50] u=1 upd_ctr=6 opt_step=96 E=0.113 g=0.113 VarTD=0.135091 ret_end=-26.015 dbar_end=0.694 occ_end=0.208 CSR_train=0.000 done_count=125
[upd 60] u=0 upd_ctr=7 opt_step=112 E=0.233 g=0.111 VarTD=0.144348 ret_end=-25.827 dbar_end=0.699 occ_end=0.208 CSR_train=0.000 done_count=125
[upd 70] u=0 upd_ctr=8 opt_step=128 E=0.359 g=0.120 VarTD=0.129970 ret_end=-25.055 dbar_end=0.674 occ_end=0.176 CSR_train=0.000 done_count=125
[upd 80] u=0 upd_ctr=9 opt_step=144 E=0.508 g=0.129 VarTD=0.179652 ret_end=-25.545 dbar_end=0.653 occ_end=0.296 CSR_train=0.000 done_count=125
[upd 90] u=0 upd_ctr=10 opt_step=160 E=0.772 g=0.129 VarTD=0.167377 ret_end=-26.101 dbar_end=0.652 occ_end=0.232 CSR_train=0.008 done_count=125
[upd 100] u=0 upd_ctr=11 opt_step=176 E=1.000 g=0.130 VarTD=0.181758 ret_end=-25.720 dbar_end=0.650 occ_end=0.176 CSR_train=0.000 done_count=125
[upd 110] u=0 upd_ctr=13 opt_step=208 E=0.262 g=0.128 VarTD=0.251530 ret_end=-26.384 dbar_end=0.654 occ_end=0.136 CSR_train=0.000 done_count=125
[upd 120] u=0 upd_ctr=14 opt_step=224 E=0.551 g=0.136 VarTD=0.254318 ret_end=-25.011 dbar_end=0.635 occ_end=0.224 CSR_train=0.000 done_count=125
[upd 130] u=0 upd_ctr=15 opt_step=240 E=0.836 g=0.146 VarTD=0.274926 ret_end=-25.020 dbar_end=0.612 occ_end=0.220 CSR_train=0.000 done_count=100
[upd 140] u=0 upd_ctr=16 opt_step=256 E=1.000 g=0.136 VarTD=0.367390 ret_end=-24.417 dbar_end=0.636 occ_end=0.208 CSR_train=0.000 done_count=125
[upd 150] u=0 upd_ctr=18 opt_step=288 E=0.289 g=0.143 VarTD=0.484730 ret_end=-24.812 dbar_end=0.619 occ_end=0.136 CSR_train=0.000 done_count=125
[upd 160] u=0 upd_ctr=19 opt_step=304 E=0.768 g=0.151 VarTD=0.552883 ret_end=-24.974 dbar_end=0.602 occ_end=0.200 CSR_train=0.000 done_count=125
[upd 170] u=1 upd_ctr=21 opt_step=336 E=0.155 g=0.155 VarTD=0.680428 ret_end=-24.398 dbar_end=0.594 occ_end=0.232 CSR_train=0.000 done_count=125
[upd 180] u=0 upd_ctr=22 opt_step=352 E=0.635 g=0.152 VarTD=0.809183 ret_end=-24.641 dbar_end=0.600 occ_end=0.216 CSR_train=0.000 done_count=125
[upd 190] u=1 upd_ctr=24 opt_step=384 E=0.158 g=0.158 VarTD=0.946854 ret_end=-24.689 dbar_end=0.587 occ_end=0.248 CSR_train=0.000 done_count=125
[upd 200] u=0 upd_ctr=25 opt_step=400 E=0.656 g=0.169 VarTD=1.203217 ret_end=-23.572 dbar_end=0.566 occ_end=0.288 CSR_train=0.008 done_count=125
[upd 210] u=0 upd_ctr=26 opt_step=416 E=1.000 g=0.156 VarTD=1.276861 ret_end=-25.621 dbar_end=0.592 occ_end=0.272 CSR_train=0.000 done_count=125
[upd 220] u=0 upd_ctr=28 opt_step=448 E=0.648 g=0.169 VarTD=1.550242 ret_end=-24.542 dbar_end=0.566 occ_end=0.320 CSR_train=0.000 done_count=125
[upd 230] u=1 upd_ctr=30 opt_step=480 E=0.181 g=0.181 VarTD=1.754687 ret_end=-23.039 dbar_end=0.544 occ_end=0.312 CSR_train=0.008 done_count=125
[upd 240] u=0 upd_ctr=31 opt_step=496 E=0.843 g=0.182 VarTD=2.055321 ret_end=-23.182 dbar_end=0.543 occ_end=0.256 CSR_train=0.000 done_count=125
[upd 250] u=1 upd_ctr=33 opt_step=528 E=0.176 g=0.176 VarTD=2.176723 ret_end=-24.073 dbar_end=0.553 occ_end=0.240 CSR_train=0.000 done_count=125
[upd 260] u=0 upd_ctr=34 opt_step=544 E=0.830 g=0.166 VarTD=2.040553 ret_end=-24.179 dbar_end=0.572 occ_end=0.230 CSR_train=0.000 done_count=100
[upd 270] u=1 upd_ctr=36 opt_step=576 E=0.167 g=0.167 VarTD=2.621084 ret_end=-23.624 dbar_end=0.570 occ_end=0.200 CSR_train=0.000 done_count=125
[upd 280] u=0 upd_ctr=37 opt_step=592 E=0.852 g=0.165 VarTD=2.932080 ret_end=-23.741 dbar_end=0.573 occ_end=0.264 CSR_train=0.000 done_count=125
[upd 290] u=0 upd_ctr=39 opt_step=624 E=0.340 g=0.172 VarTD=3.326466 ret_end=-22.971 dbar_end=0.562 occ_end=0.208 CSR_train=0.000 done_count=125
[upd 300] u=0 upd_ctr=40 opt_step=640 E=0.850 g=0.165 VarTD=3.477443 ret_end=-23.847 dbar_end=0.574 occ_end=0.336 CSR_train=0.000 done_count=125
[upd 310] u=0 upd_ctr=42 opt_step=672 E=0.481 g=0.161 VarTD=3.762549 ret_end=-24.492 dbar_end=0.582 occ_end=0.288 CSR_train=0.000 done_count=125
[Gate5 check] update_counter violations: t0=0 diffs=0
[Gate5 check] opt_step violations: t0=0 diffs=0 (expected_inc=16)
[Gate5 check] NaN masking: nan_on_skip=True finite_on_update=True
[Gate5 summary] mean_update_fraction=0.1346 final_executed_updates_mean=42.00
[Gate5 eval] done_count mean=100.0 CSR mean=0.0000 len_end_mean=26.00
[Gate5 eval] episodes_per_env=4 T_eval=104
[Gate5 eval-debug] locked_eps_occ=0.20 pre(step25): dbar_end=0.488471 occupied_end_mean=0.430000 max_tilde_end_mean=0.697687 CSR@locked=0.010000
[Gate5 eval-debug] locked_eps_occ=0.20 post(step26): dbar_end=0.488425 occupied_end_mean=0.420000 max_tilde_end_mean=0.692841 CSR@locked=0.000000
[Gate5 eval-debug] CSR_pre@0.10=0.0000 CSR_pre@0.15=0.0000 CSR_pre@0.20=0.0100 CSR_pre@0.25=0.0300 CSR_pre@0.30=0.0500
[Gate5 eval-debug] CSR_post@0.10=0.0000 CSR_post@0.15=0.0000 CSR_post@0.20=0.0000 CSR_post@0.25=0.0400 CSR_post@0.30=0.0500
