Importing submoduled environments...
Submoduled environments not found. Skipping import.
[upd 0] u=1 upd_ctr=1 opt_step=16 E=0.026 g=0.088 VarTD=0.137352 ret_end=-28.134 dbar_end=0.773 occ_end=0.220 CSR_train=0.000 done_count=100
[upd 10] u=0 upd_ctr=1 opt_step=16 E=0.304 g=0.093 VarTD=0.158535 ret_end=-28.458 dbar_end=0.756 occ_end=0.184 CSR_train=0.000 done_count=125
[upd 20] u=0 upd_ctr=1 opt_step=16 E=0.579 g=0.103 VarTD=0.132575 ret_end=-26.686 dbar_end=0.725 occ_end=0.208 CSR_train=0.000 done_count=125
[upd 30] u=0 upd_ctr=1 opt_step=16 E=0.860 g=0.092 VarTD=0.166045 ret_end=-27.692 dbar_end=0.761 occ_end=0.160 CSR_train=0.000 done_count=125
[upd 40] u=0 upd_ctr=2 opt_step=32 E=0.147 g=0.096 VarTD=0.134134 ret_end=-27.260 dbar_end=0.748 occ_end=0.120 CSR_train=0.000 done_count=125
[upd 50] u=0 upd_ctr=2 opt_step=32 E=0.434 g=0.098 VarTD=0.168404 ret_end=-27.615 dbar_end=0.740 occ_end=0.216 CSR_train=0.000 done_count=125
[upd 60] u=0 upd_ctr=2 opt_step=32 E=0.719 g=0.091 VarTD=0.152916 ret_end=-27.841 dbar_end=0.763 occ_end=0.168 CSR_train=0.000 done_count=125
[upd 70] u=0 upd_ctr=2 opt_step=32 E=1.000 g=0.090 VarTD=0.155568 ret_end=-27.731 dbar_end=0.766 occ_end=0.192 CSR_train=0.000 done_count=125
[upd 80] u=0 upd_ctr=3 opt_step=48 E=0.297 g=0.100 VarTD=0.120510 ret_end=-25.747 dbar_end=0.734 occ_end=0.128 CSR_train=0.000 done_count=125
[upd 90] u=0 upd_ctr=3 opt_step=48 E=0.614 g=0.108 VarTD=0.139410 ret_end=-26.322 dbar_end=0.708 occ_end=0.184 CSR_train=0.000 done_count=125
[upd 100] u=0 upd_ctr=3 opt_step=48 E=0.921 g=0.105 VarTD=0.135316 ret_end=-26.272 dbar_end=0.719 occ_end=0.216 CSR_train=0.000 done_count=125
[upd 110] u=0 upd_ctr=4 opt_step=64 E=0.224 g=0.116 VarTD=0.129621 ret_end=-25.018 dbar_end=0.687 occ_end=0.120 CSR_train=0.000 done_count=125
[upd 120] u=0 upd_ctr=4 opt_step=64 E=0.542 g=0.104 VarTD=0.141210 ret_end=-27.045 dbar_end=0.720 occ_end=0.184 CSR_train=0.000 done_count=125
[upd 130] u=0 upd_ctr=4 opt_step=64 E=0.851 g=0.109 VarTD=0.137942 ret_end=-26.253 dbar_end=0.705 occ_end=0.150 CSR_train=0.000 done_count=100
[upd 140] u=0 upd_ctr=5 opt_step=80 E=0.170 g=0.105 VarTD=0.155780 ret_end=-27.379 dbar_end=0.717 occ_end=0.232 CSR_train=0.000 done_count=125
[upd 150] u=0 upd_ctr=5 opt_step=80 E=0.493 g=0.119 VarTD=0.133319 ret_end=-25.584 dbar_end=0.678 occ_end=0.160 CSR_train=0.000 done_count=125
[upd 160] u=0 upd_ctr=5 opt_step=80 E=0.818 g=0.089 VarTD=0.212551 ret_end=-28.284 dbar_end=0.770 occ_end=0.192 CSR_train=0.000 done_count=125
[upd 170] u=0 upd_ctr=6 opt_step=96 E=0.126 g=0.112 VarTD=0.154953 ret_end=-26.356 dbar_end=0.696 occ_end=0.256 CSR_train=0.008 done_count=125
[upd 180] u=0 upd_ctr=6 opt_step=96 E=0.448 g=0.101 VarTD=0.163060 ret_end=-27.438 dbar_end=0.730 occ_end=0.104 CSR_train=0.000 done_count=125
[upd 190] u=0 upd_ctr=6 opt_step=96 E=0.766 g=0.099 VarTD=0.164259 ret_end=-27.161 dbar_end=0.737 occ_end=0.136 CSR_train=0.000 done_count=125
[upd 200] u=0 upd_ctr=7 opt_step=112 E=0.068 g=0.114 VarTD=0.146546 ret_end=-25.993 dbar_end=0.690 occ_end=0.168 CSR_train=0.000 done_count=125
[upd 210] u=0 upd_ctr=7 opt_step=112 E=0.407 g=0.105 VarTD=0.140358 ret_end=-27.056 dbar_end=0.719 occ_end=0.168 CSR_train=0.000 done_count=125
[upd 220] u=0 upd_ctr=7 opt_step=112 E=0.742 g=0.110 VarTD=0.175350 ret_end=-26.092 dbar_end=0.703 occ_end=0.144 CSR_train=0.000 done_count=125
[upd 230] u=0 upd_ctr=8 opt_step=128 E=0.075 g=0.124 VarTD=0.137333 ret_end=-25.693 dbar_end=0.666 occ_end=0.192 CSR_train=0.000 done_count=125
[upd 240] u=0 upd_ctr=8 opt_step=128 E=0.429 g=0.116 VarTD=0.154583 ret_end=-25.716 dbar_end=0.687 occ_end=0.072 CSR_train=0.000 done_count=125
[upd 250] u=0 upd_ctr=8 opt_step=128 E=0.795 g=0.121 VarTD=0.147554 ret_end=-26.249 dbar_end=0.673 occ_end=0.200 CSR_train=0.000 done_count=125
[upd 260] u=0 upd_ctr=9 opt_step=144 E=0.102 g=0.123 VarTD=0.165305 ret_end=-26.258 dbar_end=0.668 occ_end=0.270 CSR_train=0.000 done_count=100
[upd 270] u=0 upd_ctr=9 opt_step=144 E=0.472 g=0.113 VarTD=0.158514 ret_end=-26.851 dbar_end=0.693 occ_end=0.168 CSR_train=0.000 done_count=125
[upd 280] u=0 upd_ctr=9 opt_step=144 E=0.839 g=0.117 VarTD=0.149384 ret_end=-26.298 dbar_end=0.684 occ_end=0.112 CSR_train=0.000 done_count=125
[upd 290] u=0 upd_ctr=10 opt_step=160 E=0.193 g=0.124 VarTD=0.157556 ret_end=-26.034 dbar_end=0.666 occ_end=0.176 CSR_train=0.000 done_count=125
[upd 300] u=0 upd_ctr=10 opt_step=160 E=0.588 g=0.142 VarTD=0.155804 ret_end=-25.225 dbar_end=0.623 occ_end=0.224 CSR_train=0.000 done_count=125
[upd 310] u=0 upd_ctr=10 opt_step=160 E=0.976 g=0.138 VarTD=0.150777 ret_end=-24.433 dbar_end=0.630 occ_end=0.240 CSR_train=0.000 done_count=125
[Gate5 check] update_counter violations: t0=0 diffs=0
[Gate5 check] opt_step violations: t0=0 diffs=0 (expected_inc=16)
[Gate5 check] NaN masking: nan_on_skip=True finite_on_update=True
[Gate5 summary] mean_update_fraction=0.0321 final_executed_updates_mean=10.00
[Gate5 eval] done_count mean=100.0 CSR mean=0.0000 len_end_mean=26.00
[Gate5 eval] episodes_per_env=4 T_eval=104
[Gate5 eval-debug] locked_eps_occ=0.20 pre(step25): dbar_end=0.510334 occupied_end_mean=0.400000 max_tilde_end_mean=0.754434 CSR@locked=0.000000
[Gate5 eval-debug] locked_eps_occ=0.20 post(step26): dbar_end=0.520883 occupied_end_mean=0.330000 max_tilde_end_mean=0.765647 CSR@locked=0.000000
[Gate5 eval-debug] CSR_pre@0.10=0.0000 CSR_pre@0.15=0.0000 CSR_pre@0.20=0.0000 CSR_pre@0.25=0.0000 CSR_pre@0.30=0.0000
[Gate5 eval-debug] CSR_post@0.10=0.0000 CSR_post@0.15=0.0000 CSR_post@0.20=0.0000 CSR_post@0.25=0.0100 CSR_post@0.30=0.0200
