Importing submoduled environments...
Submoduled environments not found. Skipping import.
[upd 0] u=1 upd_ctr=1 opt_step=16 E=0.099 g=0.099 VarTD=0.140656 ret_end=-26.323 dbar_end=0.738 occ_end=0.170 CSR_train=0.000 done_count=100
[upd 10] u=0 upd_ctr=1 opt_step=16 E=0.547 g=0.094 VarTD=0.164372 ret_end=-27.885 dbar_end=0.755 occ_end=0.144 CSR_train=0.000 done_count=125
[upd 20] u=0 upd_ctr=1 opt_step=16 E=0.992 g=0.085 VarTD=0.157447 ret_end=-28.074 dbar_end=0.784 occ_end=0.096 CSR_train=0.000 done_count=125
[upd 30] u=0 upd_ctr=2 opt_step=32 E=0.481 g=0.088 VarTD=0.185872 ret_end=-27.471 dbar_end=0.776 occ_end=0.176 CSR_train=0.000 done_count=125
[upd 40] u=0 upd_ctr=2 opt_step=32 E=0.922 g=0.090 VarTD=0.144281 ret_end=-27.332 dbar_end=0.768 occ_end=0.176 CSR_train=0.000 done_count=125
[upd 50] u=0 upd_ctr=3 opt_step=48 E=0.430 g=0.097 VarTD=0.139471 ret_end=-27.279 dbar_end=0.745 occ_end=0.128 CSR_train=0.000 done_count=125
[upd 60] u=0 upd_ctr=3 opt_step=48 E=0.909 g=0.087 VarTD=0.150012 ret_end=-27.599 dbar_end=0.778 occ_end=0.152 CSR_train=0.000 done_count=125
[upd 70] u=0 upd_ctr=4 opt_step=64 E=0.457 g=0.101 VarTD=0.141370 ret_end=-26.921 dbar_end=0.730 occ_end=0.128 CSR_train=0.000 done_count=125
[upd 80] u=0 upd_ctr=4 opt_step=64 E=0.956 g=0.101 VarTD=0.161687 ret_end=-26.983 dbar_end=0.729 occ_end=0.184 CSR_train=0.000 done_count=125
[upd 90] u=0 upd_ctr=5 opt_step=80 E=0.534 g=0.118 VarTD=0.132867 ret_end=-25.043 dbar_end=0.680 occ_end=0.232 CSR_train=0.000 done_count=125
[upd 100] u=0 upd_ctr=6 opt_step=96 E=0.139 g=0.108 VarTD=0.161785 ret_end=-27.057 dbar_end=0.710 occ_end=0.200 CSR_train=0.000 done_count=125
[upd 110] u=0 upd_ctr=6 opt_step=96 E=0.689 g=0.111 VarTD=0.146407 ret_end=-26.452 dbar_end=0.699 occ_end=0.184 CSR_train=0.000 done_count=125
[upd 120] u=0 upd_ctr=7 opt_step=112 E=0.326 g=0.131 VarTD=0.131584 ret_end=-25.695 dbar_end=0.647 occ_end=0.176 CSR_train=0.000 done_count=125
[upd 130] u=0 upd_ctr=7 opt_step=112 E=0.926 g=0.114 VarTD=0.139016 ret_end=-26.335 dbar_end=0.693 occ_end=0.160 CSR_train=0.000 done_count=100
[upd 140] u=0 upd_ctr=8 opt_step=128 E=0.597 g=0.133 VarTD=0.134074 ret_end=-25.016 dbar_end=0.642 occ_end=0.296 CSR_train=0.000 done_count=125
[upd 150] u=0 upd_ctr=9 opt_step=144 E=0.282 g=0.114 VarTD=0.168741 ret_end=-25.636 dbar_end=0.692 occ_end=0.160 CSR_train=0.000 done_count=125
[upd 160] u=0 upd_ctr=9 opt_step=144 E=0.888 g=0.129 VarTD=0.139313 ret_end=-25.087 dbar_end=0.653 occ_end=0.248 CSR_train=0.000 done_count=125
[upd 170] u=0 upd_ctr=10 opt_step=160 E=0.554 g=0.129 VarTD=0.161658 ret_end=-25.421 dbar_end=0.653 occ_end=0.288 CSR_train=0.000 done_count=125
[upd 180] u=0 upd_ctr=11 opt_step=176 E=0.247 g=0.137 VarTD=0.180769 ret_end=-25.642 dbar_end=0.633 occ_end=0.192 CSR_train=0.000 done_count=125
[upd 190] u=0 upd_ctr=11 opt_step=176 E=0.929 g=0.137 VarTD=0.199664 ret_end=-25.300 dbar_end=0.633 occ_end=0.240 CSR_train=0.000 done_count=125
[upd 200] u=0 upd_ctr=12 opt_step=192 E=0.682 g=0.137 VarTD=0.167649 ret_end=-24.723 dbar_end=0.634 occ_end=0.208 CSR_train=0.000 done_count=125
[upd 210] u=0 upd_ctr=13 opt_step=208 E=0.427 g=0.143 VarTD=0.219196 ret_end=-25.223 dbar_end=0.619 occ_end=0.256 CSR_train=0.000 done_count=125
[upd 220] u=0 upd_ctr=14 opt_step=224 E=0.196 g=0.152 VarTD=0.268635 ret_end=-25.147 dbar_end=0.601 occ_end=0.304 CSR_train=0.000 done_count=125
[upd 230] u=0 upd_ctr=14 opt_step=224 E=0.910 g=0.133 VarTD=0.223870 ret_end=-25.051 dbar_end=0.642 occ_end=0.168 CSR_train=0.000 done_count=125
[upd 240] u=0 upd_ctr=15 opt_step=240 E=0.693 g=0.148 VarTD=0.275086 ret_end=-24.574 dbar_end=0.609 occ_end=0.288 CSR_train=0.000 done_count=125
[upd 250] u=0 upd_ctr=16 opt_step=256 E=0.486 g=0.146 VarTD=0.378515 ret_end=-25.972 dbar_end=0.613 occ_end=0.272 CSR_train=0.000 done_count=125
[upd 260] u=0 upd_ctr=17 opt_step=272 E=0.258 g=0.139 VarTD=0.328339 ret_end=-25.638 dbar_end=0.627 occ_end=0.200 CSR_train=0.000 done_count=100
[upd 270] u=0 upd_ctr=17 opt_step=272 E=1.000 g=0.154 VarTD=0.391201 ret_end=-23.909 dbar_end=0.597 occ_end=0.264 CSR_train=0.000 done_count=125
[upd 280] u=0 upd_ctr=18 opt_step=288 E=0.800 g=0.159 VarTD=0.475185 ret_end=-24.039 dbar_end=0.586 occ_end=0.288 CSR_train=0.008 done_count=125
[upd 290] u=0 upd_ctr=19 opt_step=304 E=0.571 g=0.156 VarTD=0.511834 ret_end=-23.700 dbar_end=0.591 occ_end=0.272 CSR_train=0.000 done_count=125
[upd 300] u=0 upd_ctr=20 opt_step=320 E=0.390 g=0.160 VarTD=0.618441 ret_end=-24.258 dbar_end=0.583 occ_end=0.288 CSR_train=0.000 done_count=125
[upd 310] u=0 upd_ctr=21 opt_step=336 E=0.171 g=0.142 VarTD=0.713479 ret_end=-25.249 dbar_end=0.621 occ_end=0.232 CSR_train=0.000 done_count=125
[Gate5 check] update_counter violations: t0=0 diffs=0
[Gate5 check] opt_step violations: t0=0 diffs=0 (expected_inc=16)
[Gate5 check] NaN masking: nan_on_skip=True finite_on_update=True
[Gate5 summary] mean_update_fraction=0.0673 final_executed_updates_mean=21.00
[Gate5 eval] done_count mean=100.0 CSR mean=0.0000 len_end_mean=26.00
[Gate5 eval] episodes_per_env=4 T_eval=104
[Gate5 eval-debug] locked_eps_occ=0.20 pre(step25): dbar_end=0.510578 occupied_end_mean=0.300000 max_tilde_end_mean=0.737921 CSR@locked=0.000000
[Gate5 eval-debug] locked_eps_occ=0.20 post(step26): dbar_end=0.507764 occupied_end_mean=0.360000 max_tilde_end_mean=0.736155 CSR@locked=0.000000
[Gate5 eval-debug] CSR_pre@0.10=0.0000 CSR_pre@0.15=0.0000 CSR_pre@0.20=0.0000 CSR_pre@0.25=0.0000 CSR_pre@0.30=0.0300
[Gate5 eval-debug] CSR_post@0.10=0.0000 CSR_post@0.15=0.0000 CSR_post@0.20=0.0000 CSR_post@0.25=0.0100 CSR_post@0.30=0.0100
