Importing submoduled environments...
Submoduled environments not found. Skipping import.
[upd 0] u=1 upd_ctr=1 opt_step=16 E=0.125 g=0.083 VarTD=0.159821 ret_end=-27.605 dbar_end=0.794 occ_end=0.110 CSR_train=0.000 done_count=100
[upd 10] u=0 upd_ctr=1 opt_step=16 E=0.394 g=0.089 VarTD=0.166459 ret_end=-27.505 dbar_end=0.772 occ_end=0.192 CSR_train=0.000 done_count=125
[upd 20] u=0 upd_ctr=1 opt_step=16 E=0.662 g=0.091 VarTD=0.173849 ret_end=-27.263 dbar_end=0.763 occ_end=0.144 CSR_train=0.000 done_count=125
[upd 30] u=0 upd_ctr=1 opt_step=16 E=0.928 g=0.097 VarTD=0.162997 ret_end=-26.951 dbar_end=0.742 occ_end=0.152 CSR_train=0.008 done_count=125
[upd 40] u=0 upd_ctr=2 opt_step=32 E=0.305 g=0.099 VarTD=0.148129 ret_end=-27.253 dbar_end=0.737 occ_end=0.168 CSR_train=0.000 done_count=125
[upd 50] u=0 upd_ctr=2 opt_step=32 E=0.598 g=0.088 VarTD=0.153582 ret_end=-28.038 dbar_end=0.774 occ_end=0.144 CSR_train=0.000 done_count=125
[upd 60] u=0 upd_ctr=2 opt_step=32 E=0.880 g=0.090 VarTD=0.153994 ret_end=-27.746 dbar_end=0.768 occ_end=0.160 CSR_train=0.000 done_count=125
[upd 70] u=0 upd_ctr=3 opt_step=48 E=0.283 g=0.103 VarTD=0.151172 ret_end=-26.541 dbar_end=0.722 occ_end=0.168 CSR_train=0.000 done_count=125
[upd 80] u=0 upd_ctr=3 opt_step=48 E=0.596 g=0.102 VarTD=0.149519 ret_end=-27.006 dbar_end=0.728 occ_end=0.168 CSR_train=0.000 done_count=125
[upd 90] u=0 upd_ctr=3 opt_step=48 E=0.908 g=0.117 VarTD=0.162305 ret_end=-26.441 dbar_end=0.683 occ_end=0.200 CSR_train=0.000 done_count=125
[upd 100] u=0 upd_ctr=4 opt_step=64 E=0.334 g=0.096 VarTD=0.169749 ret_end=-28.097 dbar_end=0.745 occ_end=0.184 CSR_train=0.008 done_count=125
[upd 110] u=0 upd_ctr=4 opt_step=64 E=0.659 g=0.112 VarTD=0.169077 ret_end=-25.885 dbar_end=0.697 occ_end=0.152 CSR_train=0.000 done_count=125
[upd 120] u=0 upd_ctr=5 opt_step=80 E=0.085 g=0.118 VarTD=0.131333 ret_end=-25.842 dbar_end=0.682 occ_end=0.184 CSR_train=0.000 done_count=125
[upd 130] u=0 upd_ctr=5 opt_step=80 E=0.431 g=0.117 VarTD=0.181987 ret_end=-26.572 dbar_end=0.683 occ_end=0.180 CSR_train=0.000 done_count=100
[upd 140] u=0 upd_ctr=5 opt_step=80 E=0.774 g=0.128 VarTD=0.166555 ret_end=-26.356 dbar_end=0.655 occ_end=0.272 CSR_train=0.008 done_count=125
[upd 150] u=0 upd_ctr=6 opt_step=96 E=0.214 g=0.120 VarTD=0.162229 ret_end=-26.534 dbar_end=0.675 occ_end=0.144 CSR_train=0.000 done_count=125
[upd 160] u=0 upd_ctr=6 opt_step=96 E=0.571 g=0.123 VarTD=0.169972 ret_end=-25.892 dbar_end=0.668 occ_end=0.184 CSR_train=0.000 done_count=125
[upd 170] u=0 upd_ctr=6 opt_step=96 E=0.915 g=0.109 VarTD=0.168546 ret_end=-26.333 dbar_end=0.705 occ_end=0.168 CSR_train=0.000 done_count=125
[upd 180] u=0 upd_ctr=7 opt_step=112 E=0.369 g=0.107 VarTD=0.172935 ret_end=-26.768 dbar_end=0.711 occ_end=0.200 CSR_train=0.000 done_count=125
[upd 190] u=0 upd_ctr=7 opt_step=112 E=0.734 g=0.124 VarTD=0.175319 ret_end=-26.546 dbar_end=0.665 occ_end=0.152 CSR_train=0.000 done_count=125
[upd 200] u=0 upd_ctr=8 opt_step=128 E=0.200 g=0.118 VarTD=0.170096 ret_end=-25.887 dbar_end=0.682 occ_end=0.168 CSR_train=0.000 done_count=125
[upd 210] u=0 upd_ctr=8 opt_step=128 E=0.568 g=0.117 VarTD=0.144694 ret_end=-26.735 dbar_end=0.683 occ_end=0.224 CSR_train=0.000 done_count=125
[upd 220] u=0 upd_ctr=8 opt_step=128 E=0.936 g=0.123 VarTD=0.151733 ret_end=-25.736 dbar_end=0.668 occ_end=0.184 CSR_train=0.000 done_count=125
[upd 230] u=0 upd_ctr=9 opt_step=144 E=0.415 g=0.122 VarTD=0.160517 ret_end=-27.179 dbar_end=0.671 occ_end=0.208 CSR_train=0.000 done_count=125
[upd 240] u=0 upd_ctr=9 opt_step=144 E=0.785 g=0.112 VarTD=0.159810 ret_end=-26.258 dbar_end=0.697 occ_end=0.176 CSR_train=0.000 done_count=125
[upd 250] u=0 upd_ctr=10 opt_step=160 E=0.254 g=0.119 VarTD=0.165087 ret_end=-26.906 dbar_end=0.678 occ_end=0.216 CSR_train=0.000 done_count=125
[upd 260] u=0 upd_ctr=10 opt_step=160 E=0.628 g=0.136 VarTD=0.149476 ret_end=-24.891 dbar_end=0.637 occ_end=0.200 CSR_train=0.000 done_count=100
[upd 270] u=0 upd_ctr=11 opt_step=176 E=0.125 g=0.129 VarTD=0.160449 ret_end=-24.918 dbar_end=0.653 occ_end=0.144 CSR_train=0.000 done_count=125
[upd 280] u=0 upd_ctr=11 opt_step=176 E=0.524 g=0.137 VarTD=0.172805 ret_end=-25.524 dbar_end=0.632 occ_end=0.224 CSR_train=0.000 done_count=125
[upd 290] u=0 upd_ctr=11 opt_step=176 E=0.912 g=0.135 VarTD=0.178710 ret_end=-26.008 dbar_end=0.637 occ_end=0.176 CSR_train=0.000 done_count=125
[upd 300] u=0 upd_ctr=12 opt_step=192 E=0.415 g=0.125 VarTD=0.180786 ret_end=-25.845 dbar_end=0.661 occ_end=0.184 CSR_train=0.000 done_count=125
[upd 310] u=0 upd_ctr=12 opt_step=192 E=0.819 g=0.130 VarTD=0.187548 ret_end=-24.885 dbar_end=0.650 occ_end=0.200 CSR_train=0.000 done_count=125
[Gate5 check] update_counter violations: t0=0 diffs=0
[Gate5 check] opt_step violations: t0=0 diffs=0 (expected_inc=16)
[Gate5 check] NaN masking: nan_on_skip=True finite_on_update=True
[Gate5 summary] mean_update_fraction=0.0385 final_executed_updates_mean=12.00
[Gate5 eval] done_count mean=100.0 CSR mean=0.0000 len_end_mean=26.00
[Gate5 eval] episodes_per_env=4 T_eval=104
[Gate5 eval-debug] locked_eps_occ=0.20 pre(step25): dbar_end=0.461308 occupied_end_mean=0.450000 max_tilde_end_mean=0.664782 CSR@locked=0.000000
[Gate5 eval-debug] locked_eps_occ=0.20 post(step26): dbar_end=0.464398 occupied_end_mean=0.490000 max_tilde_end_mean=0.671902 CSR@locked=0.000000
[Gate5 eval-debug] CSR_pre@0.10=0.0000 CSR_pre@0.15=0.0000 CSR_pre@0.20=0.0000 CSR_pre@0.25=0.0000 CSR_pre@0.30=0.0500
[Gate5 eval-debug] CSR_post@0.10=0.0000 CSR_post@0.15=0.0000 CSR_post@0.20=0.0000 CSR_post@0.25=0.0100 CSR_post@0.30=0.0200
