Importing submoduled environments...
Submoduled environments not found. Skipping import.
[upd 0] u=1 upd_ctr=1 opt_step=16 E=0.010 g=0.096 VarTD=0.126111 ret_end=-26.492 dbar_end=0.745 occ_end=0.140 CSR_train=0.000 done_count=100
[upd 10] u=0 upd_ctr=1 opt_step=16 E=0.103 g=0.101 VarTD=0.147310 ret_end=-26.592 dbar_end=0.729 occ_end=0.144 CSR_train=0.000 done_count=125
[upd 20] u=0 upd_ctr=1 opt_step=16 E=0.198 g=0.088 VarTD=0.157317 ret_end=-27.734 dbar_end=0.776 occ_end=0.112 CSR_train=0.000 done_count=125
[upd 30] u=0 upd_ctr=1 opt_step=16 E=0.293 g=0.101 VarTD=0.132882 ret_end=-25.882 dbar_end=0.729 occ_end=0.136 CSR_train=0.000 done_count=125
[upd 40] u=0 upd_ctr=1 opt_step=16 E=0.387 g=0.102 VarTD=0.131002 ret_end=-26.343 dbar_end=0.728 occ_end=0.096 CSR_train=0.000 done_count=125
[upd 50] u=0 upd_ctr=1 opt_step=16 E=0.481 g=0.090 VarTD=0.179070 ret_end=-28.226 dbar_end=0.766 occ_end=0.128 CSR_train=0.000 done_count=125
[upd 60] u=0 upd_ctr=1 opt_step=16 E=0.571 g=0.098 VarTD=0.146266 ret_end=-26.854 dbar_end=0.740 occ_end=0.120 CSR_train=0.000 done_count=125
[upd 70] u=0 upd_ctr=1 opt_step=16 E=0.662 g=0.084 VarTD=0.143185 ret_end=-27.954 dbar_end=0.790 occ_end=0.144 CSR_train=0.000 done_count=125
[upd 80] u=0 upd_ctr=1 opt_step=16 E=0.754 g=0.091 VarTD=0.164900 ret_end=-27.241 dbar_end=0.763 occ_end=0.192 CSR_train=0.000 done_count=125
[upd 90] u=0 upd_ctr=1 opt_step=16 E=0.850 g=0.099 VarTD=0.146822 ret_end=-27.289 dbar_end=0.738 occ_end=0.120 CSR_train=0.000 done_count=125
[upd 100] u=0 upd_ctr=1 opt_step=16 E=0.949 g=0.101 VarTD=0.164438 ret_end=-27.198 dbar_end=0.729 occ_end=0.120 CSR_train=0.000 done_count=125
[upd 110] u=0 upd_ctr=2 opt_step=32 E=0.041 g=0.109 VarTD=0.146391 ret_end=-26.919 dbar_end=0.706 occ_end=0.136 CSR_train=0.000 done_count=125
[upd 120] u=0 upd_ctr=2 opt_step=32 E=0.137 g=0.097 VarTD=0.173281 ret_end=-27.898 dbar_end=0.745 occ_end=0.136 CSR_train=0.000 done_count=125
[upd 130] u=0 upd_ctr=2 opt_step=32 E=0.237 g=0.088 VarTD=0.159353 ret_end=-28.011 dbar_end=0.773 occ_end=0.120 CSR_train=0.000 done_count=100
[upd 140] u=0 upd_ctr=2 opt_step=32 E=0.334 g=0.097 VarTD=0.150926 ret_end=-27.030 dbar_end=0.742 occ_end=0.160 CSR_train=0.000 done_count=125
[upd 150] u=0 upd_ctr=2 opt_step=32 E=0.433 g=0.106 VarTD=0.139421 ret_end=-26.581 dbar_end=0.714 occ_end=0.160 CSR_train=0.000 done_count=125
[upd 160] u=0 upd_ctr=2 opt_step=32 E=0.534 g=0.095 VarTD=0.172735 ret_end=-27.887 dbar_end=0.751 occ_end=0.144 CSR_train=0.000 done_count=125
[upd 170] u=0 upd_ctr=2 opt_step=32 E=0.633 g=0.094 VarTD=0.177038 ret_end=-27.700 dbar_end=0.752 occ_end=0.168 CSR_train=0.008 done_count=125
[upd 180] u=0 upd_ctr=2 opt_step=32 E=0.730 g=0.102 VarTD=0.127073 ret_end=-27.071 dbar_end=0.727 occ_end=0.128 CSR_train=0.000 done_count=125
[upd 190] u=0 upd_ctr=2 opt_step=32 E=0.828 g=0.092 VarTD=0.176002 ret_end=-27.447 dbar_end=0.759 occ_end=0.152 CSR_train=0.000 done_count=125
[upd 200] u=0 upd_ctr=2 opt_step=32 E=0.925 g=0.096 VarTD=0.164764 ret_end=-26.855 dbar_end=0.747 occ_end=0.112 CSR_train=0.000 done_count=125
[upd 210] u=0 upd_ctr=3 opt_step=48 E=0.020 g=0.110 VarTD=0.152034 ret_end=-26.297 dbar_end=0.702 occ_end=0.136 CSR_train=0.000 done_count=125
[upd 220] u=0 upd_ctr=3 opt_step=48 E=0.125 g=0.103 VarTD=0.166517 ret_end=-27.819 dbar_end=0.724 occ_end=0.136 CSR_train=0.000 done_count=125
[upd 230] u=0 upd_ctr=3 opt_step=48 E=0.232 g=0.115 VarTD=0.133858 ret_end=-25.872 dbar_end=0.688 occ_end=0.160 CSR_train=0.000 done_count=125
[upd 240] u=0 upd_ctr=3 opt_step=48 E=0.338 g=0.092 VarTD=0.141033 ret_end=-27.421 dbar_end=0.758 occ_end=0.128 CSR_train=0.000 done_count=125
[upd 250] u=0 upd_ctr=3 opt_step=48 E=0.444 g=0.106 VarTD=0.163053 ret_end=-27.649 dbar_end=0.716 occ_end=0.144 CSR_train=0.000 done_count=125
[upd 260] u=0 upd_ctr=3 opt_step=48 E=0.547 g=0.107 VarTD=0.137383 ret_end=-26.849 dbar_end=0.712 occ_end=0.180 CSR_train=0.000 done_count=100
[upd 270] u=0 upd_ctr=3 opt_step=48 E=0.652 g=0.097 VarTD=0.200352 ret_end=-26.978 dbar_end=0.744 occ_end=0.128 CSR_train=0.000 done_count=125
[upd 280] u=0 upd_ctr=3 opt_step=48 E=0.758 g=0.109 VarTD=0.137325 ret_end=-26.644 dbar_end=0.707 occ_end=0.176 CSR_train=0.000 done_count=125
[upd 290] u=0 upd_ctr=3 opt_step=48 E=0.862 g=0.095 VarTD=0.178966 ret_end=-28.399 dbar_end=0.751 occ_end=0.168 CSR_train=0.000 done_count=125
[upd 300] u=0 upd_ctr=3 opt_step=48 E=0.966 g=0.099 VarTD=0.147565 ret_end=-27.286 dbar_end=0.736 occ_end=0.200 CSR_train=0.000 done_count=125
[upd 310] u=0 upd_ctr=4 opt_step=64 E=0.064 g=0.120 VarTD=0.141452 ret_end=-25.137 dbar_end=0.675 occ_end=0.200 CSR_train=0.000 done_count=125
[Gate5 check] update_counter violations: t0=0 diffs=0
[Gate5 check] opt_step violations: t0=0 diffs=0 (expected_inc=16)
[Gate5 check] NaN masking: nan_on_skip=True finite_on_update=True
[Gate5 summary] mean_update_fraction=0.0128 final_executed_updates_mean=4.00
[Gate5 eval] done_count mean=100.0 CSR mean=0.0000 len_end_mean=26.00
[Gate5 eval] episodes_per_env=4 T_eval=104
[Gate5 eval-debug] locked_eps_occ=0.20 pre(step25): dbar_end=0.466506 occupied_end_mean=0.580000 max_tilde_end_mean=0.714617 CSR@locked=0.010000
[Gate5 eval-debug] locked_eps_occ=0.20 post(step26): dbar_end=0.465528 occupied_end_mean=0.610000 max_tilde_end_mean=0.718860 CSR@locked=0.000000
[Gate5 eval-debug] CSR_pre@0.10=0.0000 CSR_pre@0.15=0.0000 CSR_pre@0.20=0.0100 CSR_pre@0.25=0.0200 CSR_pre@0.30=0.0500
[Gate5 eval-debug] CSR_post@0.10=0.0000 CSR_post@0.15=0.0000 CSR_post@0.20=0.0000 CSR_post@0.25=0.0100 CSR_post@0.30=0.0400
