Importing submoduled environments...
Submoduled environments not found. Skipping import.
[upd 0] u=1 upd_ctr=1 opt_step=16 E=0.125 g=0.084 VarTD=0.138136 ret_end=-27.863 dbar_end=0.788 occ_end=0.160 CSR_train=0.000 done_count=100
[upd 10] u=0 upd_ctr=1 opt_step=16 E=0.391 g=0.114 VarTD=0.122237 ret_end=-25.937 dbar_end=0.692 occ_end=0.192 CSR_train=0.000 done_count=125
[upd 20] u=0 upd_ctr=1 opt_step=16 E=0.668 g=0.091 VarTD=0.162561 ret_end=-27.447 dbar_end=0.763 occ_end=0.168 CSR_train=0.000 done_count=125
[upd 30] u=1 upd_ctr=2 opt_step=32 E=0.053 g=0.110 VarTD=0.157643 ret_end=-25.650 dbar_end=0.703 occ_end=0.208 CSR_train=0.000 done_count=125
[upd 40] u=0 upd_ctr=2 opt_step=32 E=0.344 g=0.102 VarTD=0.149321 ret_end=-26.305 dbar_end=0.726 occ_end=0.232 CSR_train=0.000 done_count=125
[upd 50] u=0 upd_ctr=2 opt_step=32 E=0.647 g=0.098 VarTD=0.156443 ret_end=-27.045 dbar_end=0.741 occ_end=0.136 CSR_train=0.000 done_count=125
[upd 60] u=1 upd_ctr=3 opt_step=48 E=0.043 g=0.101 VarTD=0.179201 ret_end=-27.873 dbar_end=0.729 occ_end=0.168 CSR_train=0.000 done_count=125
[upd 70] u=0 upd_ctr=3 opt_step=48 E=0.344 g=0.091 VarTD=0.175194 ret_end=-27.626 dbar_end=0.764 occ_end=0.152 CSR_train=0.000 done_count=125
[upd 80] u=0 upd_ctr=3 opt_step=48 E=0.650 g=0.105 VarTD=0.148636 ret_end=-26.740 dbar_end=0.717 occ_end=0.152 CSR_train=0.000 done_count=125
[upd 90] u=0 upd_ctr=4 opt_step=64 E=0.065 g=0.111 VarTD=0.143238 ret_end=-25.444 dbar_end=0.699 occ_end=0.208 CSR_train=0.000 done_count=125
[upd 100] u=0 upd_ctr=4 opt_step=64 E=0.396 g=0.119 VarTD=0.128832 ret_end=-25.117 dbar_end=0.677 occ_end=0.200 CSR_train=0.000 done_count=125
[upd 110] u=0 upd_ctr=4 opt_step=64 E=0.726 g=0.112 VarTD=0.149917 ret_end=-26.989 dbar_end=0.697 occ_end=0.176 CSR_train=0.000 done_count=125
[upd 120] u=0 upd_ctr=5 opt_step=80 E=0.164 g=0.105 VarTD=0.153323 ret_end=-26.370 dbar_end=0.719 occ_end=0.200 CSR_train=0.000 done_count=125
[upd 130] u=0 upd_ctr=5 opt_step=80 E=0.493 g=0.110 VarTD=0.143480 ret_end=-26.336 dbar_end=0.702 occ_end=0.230 CSR_train=0.000 done_count=100
[upd 140] u=0 upd_ctr=5 opt_step=80 E=0.835 g=0.120 VarTD=0.186780 ret_end=-26.499 dbar_end=0.675 occ_end=0.264 CSR_train=0.000 done_count=125
[upd 150] u=0 upd_ctr=6 opt_step=96 E=0.275 g=0.117 VarTD=0.122435 ret_end=-25.773 dbar_end=0.683 occ_end=0.096 CSR_train=0.000 done_count=125
[upd 160] u=0 upd_ctr=6 opt_step=96 E=0.639 g=0.119 VarTD=0.150848 ret_end=-26.097 dbar_end=0.677 occ_end=0.184 CSR_train=0.000 done_count=125
[upd 170] u=0 upd_ctr=7 opt_step=112 E=0.087 g=0.114 VarTD=0.147881 ret_end=-25.674 dbar_end=0.691 occ_end=0.168 CSR_train=0.000 done_count=125
[upd 180] u=0 upd_ctr=7 opt_step=112 E=0.439 g=0.129 VarTD=0.138434 ret_end=-25.645 dbar_end=0.651 occ_end=0.192 CSR_train=0.000 done_count=125
[upd 190] u=0 upd_ctr=7 opt_step=112 E=0.800 g=0.129 VarTD=0.133532 ret_end=-26.097 dbar_end=0.651 occ_end=0.160 CSR_train=0.000 done_count=125
[upd 200] u=0 upd_ctr=8 opt_step=128 E=0.272 g=0.122 VarTD=0.128034 ret_end=-25.483 dbar_end=0.669 occ_end=0.304 CSR_train=0.008 done_count=125
[upd 210] u=0 upd_ctr=8 opt_step=128 E=0.648 g=0.122 VarTD=0.148992 ret_end=-26.431 dbar_end=0.670 occ_end=0.208 CSR_train=0.000 done_count=125
[upd 220] u=0 upd_ctr=9 opt_step=144 E=0.117 g=0.117 VarTD=0.156085 ret_end=-26.257 dbar_end=0.683 occ_end=0.192 CSR_train=0.000 done_count=125
[upd 230] u=0 upd_ctr=9 opt_step=144 E=0.512 g=0.136 VarTD=0.134707 ret_end=-24.678 dbar_end=0.635 occ_end=0.184 CSR_train=0.000 done_count=125
[upd 240] u=0 upd_ctr=9 opt_step=144 E=0.899 g=0.124 VarTD=0.142922 ret_end=-25.522 dbar_end=0.665 occ_end=0.208 CSR_train=0.000 done_count=125
[upd 250] u=0 upd_ctr=10 opt_step=160 E=0.398 g=0.145 VarTD=0.157904 ret_end=-25.295 dbar_end=0.616 occ_end=0.232 CSR_train=0.000 done_count=125
[upd 260] u=0 upd_ctr=10 opt_step=160 E=0.797 g=0.117 VarTD=0.177941 ret_end=-26.365 dbar_end=0.683 occ_end=0.210 CSR_train=0.000 done_count=100
[upd 270] u=0 upd_ctr=11 opt_step=176 E=0.297 g=0.141 VarTD=0.161506 ret_end=-24.735 dbar_end=0.624 occ_end=0.240 CSR_train=0.000 done_count=125
[upd 280] u=0 upd_ctr=11 opt_step=176 E=0.705 g=0.127 VarTD=0.173256 ret_end=-26.373 dbar_end=0.658 occ_end=0.224 CSR_train=0.000 done_count=125
[upd 290] u=0 upd_ctr=12 opt_step=192 E=0.219 g=0.148 VarTD=0.176628 ret_end=-23.918 dbar_end=0.609 occ_end=0.224 CSR_train=0.000 done_count=125
[upd 300] u=0 upd_ctr=12 opt_step=192 E=0.620 g=0.144 VarTD=0.179015 ret_end=-25.416 dbar_end=0.617 occ_end=0.304 CSR_train=0.000 done_count=125
[upd 310] u=0 upd_ctr=13 opt_step=208 E=0.139 g=0.130 VarTD=0.207368 ret_end=-25.199 dbar_end=0.649 occ_end=0.208 CSR_train=0.000 done_count=125
[Gate5 check] update_counter violations: t0=0 diffs=0
[Gate5 check] opt_step violations: t0=0 diffs=0 (expected_inc=16)
[Gate5 check] NaN masking: nan_on_skip=True finite_on_update=True
[Gate5 summary] mean_update_fraction=0.0417 final_executed_updates_mean=13.00
[Gate5 eval] done_count mean=100.0 CSR mean=0.0000 len_end_mean=26.00
[Gate5 eval] episodes_per_env=4 T_eval=104
[Gate5 eval-debug] locked_eps_occ=0.20 pre(step25): dbar_end=0.518302 occupied_end_mean=0.310000 max_tilde_end_mean=0.747341 CSR@locked=0.000000
[Gate5 eval-debug] locked_eps_occ=0.20 post(step26): dbar_end=0.523029 occupied_end_mean=0.320000 max_tilde_end_mean=0.755408 CSR@locked=0.000000
[Gate5 eval-debug] CSR_pre@0.10=0.0000 CSR_pre@0.15=0.0000 CSR_pre@0.20=0.0000 CSR_pre@0.25=0.0200 CSR_pre@0.30=0.0400
[Gate5 eval-debug] CSR_post@0.10=0.0000 CSR_post@0.15=0.0000 CSR_post@0.20=0.0000 CSR_post@0.25=0.0200 CSR_post@0.30=0.0400
