Importing submoduled environments...
Submoduled environments not found. Skipping import.
[upd 0] u=1 upd_ctr=1 opt_step=16 E=0.429 g=0.096 VarTD=0.126111 ret_end=-26.492 dbar_end=0.745 occ_end=0.140 CSR_train=0.000 done_count=100
[upd 10] u=0 upd_ctr=2 opt_step=32 E=0.113 g=0.109 VarTD=0.143013 ret_end=-26.146 dbar_end=0.705 occ_end=0.160 CSR_train=0.000 done_count=125
[upd 20] u=0 upd_ctr=2 opt_step=32 E=0.412 g=0.095 VarTD=0.149698 ret_end=-27.377 dbar_end=0.751 occ_end=0.120 CSR_train=0.000 done_count=125
[upd 30] u=0 upd_ctr=3 opt_step=48 E=0.115 g=0.110 VarTD=0.132502 ret_end=-25.364 dbar_end=0.702 occ_end=0.128 CSR_train=0.000 done_count=125
[upd 40] u=0 upd_ctr=3 opt_step=48 E=0.424 g=0.114 VarTD=0.128995 ret_end=-25.741 dbar_end=0.693 occ_end=0.120 CSR_train=0.000 done_count=125
[upd 50] u=0 upd_ctr=4 opt_step=64 E=0.133 g=0.098 VarTD=0.174363 ret_end=-27.750 dbar_end=0.740 occ_end=0.152 CSR_train=0.000 done_count=125
[upd 60] u=0 upd_ctr=4 opt_step=64 E=0.441 g=0.109 VarTD=0.149360 ret_end=-26.430 dbar_end=0.707 occ_end=0.152 CSR_train=0.000 done_count=125
[upd 70] u=0 upd_ctr=5 opt_step=80 E=0.156 g=0.100 VarTD=0.136496 ret_end=-27.039 dbar_end=0.734 occ_end=0.160 CSR_train=0.000 done_count=125
[upd 80] u=0 upd_ctr=5 opt_step=80 E=0.482 g=0.109 VarTD=0.157260 ret_end=-26.336 dbar_end=0.706 occ_end=0.192 CSR_train=0.000 done_count=125
[upd 90] u=0 upd_ctr=6 opt_step=96 E=0.218 g=0.124 VarTD=0.140866 ret_end=-26.004 dbar_end=0.666 occ_end=0.192 CSR_train=0.000 done_count=125
[upd 100] u=0 upd_ctr=6 opt_step=96 E=0.572 g=0.122 VarTD=0.156893 ret_end=-26.110 dbar_end=0.671 occ_end=0.216 CSR_train=0.000 done_count=125
[upd 110] u=0 upd_ctr=7 opt_step=112 E=0.335 g=0.134 VarTD=0.144033 ret_end=-25.976 dbar_end=0.641 occ_end=0.184 CSR_train=0.000 done_count=125
[upd 120] u=0 upd_ctr=8 opt_step=128 E=0.081 g=0.117 VarTD=0.172539 ret_end=-26.987 dbar_end=0.683 occ_end=0.200 CSR_train=0.000 done_count=125
[Gate5 check] update_counter violations: t0=0 diffs=0
[Gate5 check] opt_step violations: t0=0 diffs=0 (expected_inc=16)
[Gate5 check] NaN masking: nan_on_skip=True finite_on_update=True
[Gate5 summary] mean_update_fraction=0.0640 final_executed_updates_mean=8.00
[Gate5 eval] done_count mean=100.0 CSR mean=0.0000 len_end_mean=26.00
[Gate5 eval] episodes_per_env=4 T_eval=104
[Gate5 eval-debug] locked_eps_occ=0.20 pre(step25): dbar_end=0.503893 occupied_end_mean=0.270000 max_tilde_end_mean=0.735155 CSR@locked=0.000000
[Gate5 eval-debug] locked_eps_occ=0.20 post(step26): dbar_end=0.500731 occupied_end_mean=0.330000 max_tilde_end_mean=0.734935 CSR@locked=0.000000
[Gate5 eval-debug] CSR_pre@0.10=0.0000 CSR_pre@0.15=0.0000 CSR_pre@0.20=0.0000 CSR_pre@0.25=0.0000 CSR_pre@0.30=0.0100
[Gate5 eval-debug] CSR_post@0.10=0.0000 CSR_post@0.15=0.0000 CSR_post@0.20=0.0000 CSR_post@0.25=0.0000 CSR_post@0.30=0.0000
