Importing submoduled environments...
Submoduled environments not found. Skipping import.
[upd 0] u=1 upd_ctr=1 opt_step=16 E=0.284 g=0.093 VarTD=0.149936 ret_end=-27.435 dbar_end=0.756 occ_end=0.150 CSR_train=0.000 done_count=100
[upd 10] u=0 upd_ctr=2 opt_step=32 E=0.334 g=0.104 VarTD=0.130735 ret_end=-26.776 dbar_end=0.721 occ_end=0.184 CSR_train=0.000 done_count=125
[upd 20] u=0 upd_ctr=3 opt_step=48 E=0.494 g=0.119 VarTD=0.146696 ret_end=-25.506 dbar_end=0.677 occ_end=0.224 CSR_train=0.008 done_count=125
[upd 30] u=0 upd_ctr=4 opt_step=64 E=0.588 g=0.089 VarTD=0.171640 ret_end=-27.777 dbar_end=0.770 occ_end=0.136 CSR_train=0.008 done_count=125
[upd 40] u=0 upd_ctr=5 opt_step=80 E=0.702 g=0.104 VarTD=0.130957 ret_end=-26.593 dbar_end=0.721 occ_end=0.136 CSR_train=0.000 done_count=125
[upd 50] u=0 upd_ctr=6 opt_step=96 E=0.839 g=0.101 VarTD=0.130564 ret_end=-26.187 dbar_end=0.731 occ_end=0.136 CSR_train=0.000 done_count=125
[upd 60] u=0 upd_ctr=8 opt_step=128 E=0.212 g=0.118 VarTD=0.144885 ret_end=-26.404 dbar_end=0.679 occ_end=0.184 CSR_train=0.000 done_count=125
[upd 70] u=0 upd_ctr=9 opt_step=144 E=0.453 g=0.120 VarTD=0.144891 ret_end=-26.116 dbar_end=0.674 occ_end=0.184 CSR_train=0.000 done_count=125
[upd 80] u=0 upd_ctr=10 opt_step=160 E=0.805 g=0.118 VarTD=0.162380 ret_end=-25.428 dbar_end=0.681 occ_end=0.192 CSR_train=0.000 done_count=125
[upd 90] u=0 upd_ctr=12 opt_step=192 E=0.324 g=0.127 VarTD=0.182541 ret_end=-25.667 dbar_end=0.658 occ_end=0.176 CSR_train=0.000 done_count=125
[upd 100] u=0 upd_ctr=13 opt_step=208 E=0.651 g=0.136 VarTD=0.211948 ret_end=-24.473 dbar_end=0.636 occ_end=0.200 CSR_train=0.000 done_count=125
[upd 110] u=1 upd_ctr=15 opt_step=240 E=0.216 g=0.114 VarTD=0.222407 ret_end=-26.105 dbar_end=0.693 occ_end=0.128 CSR_train=0.000 done_count=125
[upd 120] u=0 upd_ctr=16 opt_step=256 E=0.632 g=0.142 VarTD=0.317689 ret_end=-24.303 dbar_end=0.621 occ_end=0.256 CSR_train=0.000 done_count=125
[Gate5 check] update_counter violations: t0=0 diffs=0
[Gate5 check] opt_step violations: t0=0 diffs=0 (expected_inc=16)
[Gate5 check] NaN masking: nan_on_skip=True finite_on_update=True
[Gate5 summary] mean_update_fraction=0.1360 final_executed_updates_mean=17.00
[Gate5 eval] done_count mean=100.0 CSR mean=0.0200 len_end_mean=26.00
[Gate5 eval] episodes_per_env=4 T_eval=104
[Gate5 eval-debug] locked_eps_occ=0.20 pre(step25): dbar_end=0.482277 occupied_end_mean=0.410000 max_tilde_end_mean=0.698732 CSR@locked=0.000000
[Gate5 eval-debug] locked_eps_occ=0.20 post(step26): dbar_end=0.481505 occupied_end_mean=0.430000 max_tilde_end_mean=0.690202 CSR@locked=0.020000
[Gate5 eval-debug] CSR_pre@0.10=0.0000 CSR_pre@0.15=0.0000 CSR_pre@0.20=0.0000 CSR_pre@0.25=0.0100 CSR_pre@0.30=0.0400
[Gate5 eval-debug] CSR_post@0.10=0.0000 CSR_post@0.15=0.0000 CSR_post@0.20=0.0200 CSR_post@0.25=0.0500 CSR_post@0.30=0.0500
