Importing submoduled environments...
Submoduled environments not found. Skipping import.
[upd 0] u=1 upd_ctr=1 opt_step=16 E=0.096 g=0.096 VarTD=0.164885 ret_end=-27.291 dbar_end=0.746 occ_end=0.170 CSR_train=0.000 done_count=100
[upd 10] u=1 upd_ctr=2 opt_step=32 E=0.091 g=0.091 VarTD=0.137991 ret_end=-27.480 dbar_end=0.764 occ_end=0.136 CSR_train=0.000 done_count=125
[upd 20] u=1 upd_ctr=3 opt_step=48 E=0.117 g=0.117 VarTD=0.127488 ret_end=-26.216 dbar_end=0.682 occ_end=0.192 CSR_train=0.000 done_count=125
[upd 30] u=1 upd_ctr=4 opt_step=64 E=0.123 g=0.123 VarTD=0.137205 ret_end=-25.485 dbar_end=0.669 occ_end=0.176 CSR_train=0.000 done_count=125
[upd 40] u=0 upd_ctr=5 opt_step=80 E=0.239 g=0.115 VarTD=0.135549 ret_end=-25.871 dbar_end=0.688 occ_end=0.192 CSR_train=0.000 done_count=125
[upd 50] u=0 upd_ctr=6 opt_step=96 E=0.366 g=0.114 VarTD=0.127868 ret_end=-25.681 dbar_end=0.691 occ_end=0.200 CSR_train=0.000 done_count=125
[upd 60] u=0 upd_ctr=7 opt_step=112 E=0.472 g=0.105 VarTD=0.164759 ret_end=-27.335 dbar_end=0.717 occ_end=0.200 CSR_train=0.000 done_count=125
[upd 70] u=0 upd_ctr=8 opt_step=128 E=0.647 g=0.132 VarTD=0.151618 ret_end=-25.511 dbar_end=0.646 occ_end=0.304 CSR_train=0.000 done_count=125
[upd 80] u=0 upd_ctr=9 opt_step=144 E=0.949 g=0.126 VarTD=0.165798 ret_end=-25.546 dbar_end=0.660 occ_end=0.160 CSR_train=0.000 done_count=125
[upd 90] u=1 upd_ctr=11 opt_step=176 E=0.138 g=0.138 VarTD=0.153950 ret_end=-25.304 dbar_end=0.631 occ_end=0.176 CSR_train=0.000 done_count=125
[upd 100] u=0 upd_ctr=12 opt_step=192 E=0.582 g=0.149 VarTD=0.175373 ret_end=-25.280 dbar_end=0.607 occ_end=0.208 CSR_train=0.000 done_count=125
[upd 110] u=0 upd_ctr=13 opt_step=208 E=1.000 g=0.148 VarTD=0.202019 ret_end=-23.988 dbar_end=0.609 occ_end=0.176 CSR_train=0.000 done_count=125
[upd 120] u=0 upd_ctr=15 opt_step=240 E=0.453 g=0.146 VarTD=0.271496 ret_end=-24.490 dbar_end=0.612 occ_end=0.192 CSR_train=0.000 done_count=125
[Gate5 check] update_counter violations: t0=0 diffs=0
[Gate5 check] opt_step violations: t0=0 diffs=0 (expected_inc=16)
[Gate5 check] NaN masking: nan_on_skip=True finite_on_update=True
[Gate5 summary] mean_update_fraction=0.1200 final_executed_updates_mean=15.00
[Gate5 eval] done_count mean=100.0 CSR mean=0.0100 len_end_mean=26.00
[Gate5 eval] episodes_per_env=4 T_eval=104
[Gate5 eval-debug] locked_eps_occ=0.20 pre(step25): dbar_end=0.508364 occupied_end_mean=0.390000 max_tilde_end_mean=0.698551 CSR@locked=0.010000
[Gate5 eval-debug] locked_eps_occ=0.20 post(step26): dbar_end=0.513789 occupied_end_mean=0.360000 max_tilde_end_mean=0.707318 CSR@locked=0.010000
[Gate5 eval-debug] CSR_pre@0.10=0.0000 CSR_pre@0.15=0.0000 CSR_pre@0.20=0.0100 CSR_pre@0.25=0.0200 CSR_pre@0.30=0.0400
[Gate5 eval-debug] CSR_post@0.10=0.0000 CSR_post@0.15=0.0000 CSR_post@0.20=0.0100 CSR_post@0.25=0.0100 CSR_post@0.30=0.0300
