Importing submoduled environments...
Submoduled environments not found. Skipping import.
[upd 0] u=1 upd_ctr=1 opt_step=16 E=0.070 g=0.102 VarTD=0.148347 ret_end=-26.397 dbar_end=0.726 occ_end=0.190 CSR_train=0.000 done_count=100
[upd 10] u=0 upd_ctr=1 opt_step=16 E=0.257 g=0.089 VarTD=0.167256 ret_end=-27.327 dbar_end=0.769 occ_end=0.152 CSR_train=0.008 done_count=125
[upd 20] u=0 upd_ctr=1 opt_step=16 E=0.443 g=0.085 VarTD=0.176565 ret_end=-27.948 dbar_end=0.785 occ_end=0.184 CSR_train=0.000 done_count=125
[upd 30] u=0 upd_ctr=1 opt_step=16 E=0.629 g=0.093 VarTD=0.173480 ret_end=-28.125 dbar_end=0.755 occ_end=0.184 CSR_train=0.000 done_count=125
[upd 40] u=0 upd_ctr=1 opt_step=16 E=0.815 g=0.094 VarTD=0.167089 ret_end=-27.289 dbar_end=0.754 occ_end=0.112 CSR_train=0.000 done_count=125
[upd 50] u=0 upd_ctr=2 opt_step=32 E=0.047 g=0.113 VarTD=0.149955 ret_end=-26.179 dbar_end=0.693 occ_end=0.160 CSR_train=0.000 done_count=125
[upd 60] u=0 upd_ctr=2 opt_step=32 E=0.236 g=0.085 VarTD=0.188956 ret_end=-28.611 dbar_end=0.784 occ_end=0.112 CSR_train=0.000 done_count=125
[upd 70] u=0 upd_ctr=2 opt_step=32 E=0.431 g=0.096 VarTD=0.161590 ret_end=-26.858 dbar_end=0.745 occ_end=0.152 CSR_train=0.000 done_count=125
[upd 80] u=0 upd_ctr=2 opt_step=32 E=0.625 g=0.100 VarTD=0.141174 ret_end=-27.798 dbar_end=0.733 occ_end=0.176 CSR_train=0.000 done_count=125
[upd 90] u=0 upd_ctr=2 opt_step=32 E=0.813 g=0.087 VarTD=0.153225 ret_end=-27.315 dbar_end=0.776 occ_end=0.152 CSR_train=0.000 done_count=125
[upd 100] u=0 upd_ctr=3 opt_step=48 E=0.065 g=0.099 VarTD=0.159803 ret_end=-26.873 dbar_end=0.736 occ_end=0.128 CSR_train=0.000 done_count=125
[upd 110] u=0 upd_ctr=3 opt_step=48 E=0.267 g=0.088 VarTD=0.144207 ret_end=-28.286 dbar_end=0.774 occ_end=0.192 CSR_train=0.000 done_count=125
[upd 120] u=0 upd_ctr=3 opt_step=48 E=0.469 g=0.101 VarTD=0.130572 ret_end=-26.970 dbar_end=0.731 occ_end=0.152 CSR_train=0.008 done_count=125
[upd 130] u=0 upd_ctr=3 opt_step=48 E=0.681 g=0.108 VarTD=0.127188 ret_end=-26.226 dbar_end=0.708 occ_end=0.220 CSR_train=0.000 done_count=100
[upd 140] u=0 upd_ctr=3 opt_step=48 E=0.881 g=0.096 VarTD=0.135399 ret_end=-28.086 dbar_end=0.745 occ_end=0.088 CSR_train=0.000 done_count=125
[upd 150] u=0 upd_ctr=4 opt_step=64 E=0.135 g=0.106 VarTD=0.182675 ret_end=-26.707 dbar_end=0.715 occ_end=0.176 CSR_train=0.000 done_count=125
[upd 160] u=0 upd_ctr=4 opt_step=64 E=0.343 g=0.109 VarTD=0.168409 ret_end=-26.554 dbar_end=0.707 occ_end=0.168 CSR_train=0.000 done_count=125
[upd 170] u=0 upd_ctr=4 opt_step=64 E=0.556 g=0.115 VarTD=0.121891 ret_end=-25.979 dbar_end=0.690 occ_end=0.104 CSR_train=0.000 done_count=125
[upd 180] u=0 upd_ctr=4 opt_step=64 E=0.766 g=0.093 VarTD=0.186667 ret_end=-26.585 dbar_end=0.755 occ_end=0.160 CSR_train=0.000 done_count=125
[upd 190] u=1 upd_ctr=5 opt_step=80 E=0.029 g=0.106 VarTD=0.157956 ret_end=-26.936 dbar_end=0.714 occ_end=0.136 CSR_train=0.000 done_count=125
[upd 200] u=0 upd_ctr=5 opt_step=80 E=0.244 g=0.099 VarTD=0.178118 ret_end=-27.799 dbar_end=0.736 occ_end=0.176 CSR_train=0.000 done_count=125
[upd 210] u=0 upd_ctr=5 opt_step=80 E=0.463 g=0.108 VarTD=0.127156 ret_end=-25.606 dbar_end=0.708 occ_end=0.208 CSR_train=0.008 done_count=125
[upd 220] u=0 upd_ctr=5 opt_step=80 E=0.678 g=0.106 VarTD=0.137764 ret_end=-26.370 dbar_end=0.716 occ_end=0.104 CSR_train=0.000 done_count=125
[upd 230] u=0 upd_ctr=5 opt_step=80 E=0.899 g=0.103 VarTD=0.126514 ret_end=-25.979 dbar_end=0.723 occ_end=0.256 CSR_train=0.000 done_count=125
[upd 240] u=0 upd_ctr=6 opt_step=96 E=0.164 g=0.114 VarTD=0.133270 ret_end=-26.451 dbar_end=0.691 occ_end=0.168 CSR_train=0.000 done_count=125
[upd 250] u=0 upd_ctr=6 opt_step=96 E=0.392 g=0.112 VarTD=0.148174 ret_end=-26.480 dbar_end=0.698 occ_end=0.176 CSR_train=0.000 done_count=125
[upd 260] u=0 upd_ctr=6 opt_step=96 E=0.622 g=0.111 VarTD=0.137066 ret_end=-25.382 dbar_end=0.700 occ_end=0.200 CSR_train=0.000 done_count=100
[upd 270] u=0 upd_ctr=6 opt_step=96 E=0.858 g=0.119 VarTD=0.128783 ret_end=-25.773 dbar_end=0.679 occ_end=0.264 CSR_train=0.000 done_count=125
[upd 280] u=0 upd_ctr=7 opt_step=112 E=0.135 g=0.114 VarTD=0.142400 ret_end=-26.391 dbar_end=0.691 occ_end=0.152 CSR_train=0.000 done_count=125
[upd 290] u=0 upd_ctr=7 opt_step=112 E=0.371 g=0.123 VarTD=0.145669 ret_end=-26.306 dbar_end=0.668 occ_end=0.176 CSR_train=0.000 done_count=125
[upd 300] u=0 upd_ctr=7 opt_step=112 E=0.602 g=0.117 VarTD=0.164036 ret_end=-26.614 dbar_end=0.683 occ_end=0.168 CSR_train=0.000 done_count=125
[upd 310] u=0 upd_ctr=7 opt_step=112 E=0.847 g=0.118 VarTD=0.138239 ret_end=-26.529 dbar_end=0.680 occ_end=0.208 CSR_train=0.000 done_count=125
[Gate5 check] update_counter violations: t0=0 diffs=0
[Gate5 check] opt_step violations: t0=0 diffs=0 (expected_inc=16)
[Gate5 check] NaN masking: nan_on_skip=True finite_on_update=True
[Gate5 summary] mean_update_fraction=0.0224 final_executed_updates_mean=7.00
[Gate5 eval] done_count mean=100.0 CSR mean=0.0000 len_end_mean=26.00
[Gate5 eval] episodes_per_env=4 T_eval=104
[Gate5 eval-debug] locked_eps_occ=0.20 pre(step25): dbar_end=0.516552 occupied_end_mean=0.370000 max_tilde_end_mean=0.737481 CSR@locked=0.000000
[Gate5 eval-debug] locked_eps_occ=0.20 post(step26): dbar_end=0.509690 occupied_end_mean=0.430000 max_tilde_end_mean=0.738344 CSR@locked=0.000000
[Gate5 eval-debug] CSR_pre@0.10=0.0000 CSR_pre@0.15=0.0000 CSR_pre@0.20=0.0000 CSR_pre@0.25=0.0100 CSR_pre@0.30=0.0200
[Gate5 eval-debug] CSR_post@0.10=0.0000 CSR_post@0.15=0.0000 CSR_post@0.20=0.0000 CSR_post@0.25=0.0000 CSR_post@0.30=0.0100
