Importing submoduled environments...
Submoduled environments not found. Skipping import.
[upd 0] u=1 upd_ctr=1 opt_step=16 E=0.111 g=0.087 VarTD=0.169991 ret_end=-27.980 dbar_end=0.777 occ_end=0.130 CSR_train=0.000 done_count=100
[upd 10] u=0 upd_ctr=1 opt_step=16 E=0.767 g=0.097 VarTD=0.148660 ret_end=-28.362 dbar_end=0.744 occ_end=0.160 CSR_train=0.000 done_count=125
[upd 20] u=0 upd_ctr=2 opt_step=32 E=0.497 g=0.110 VarTD=0.139367 ret_end=-25.257 dbar_end=0.703 occ_end=0.192 CSR_train=0.000 done_count=125
[upd 30] u=0 upd_ctr=3 opt_step=48 E=0.280 g=0.114 VarTD=0.113726 ret_end=-25.915 dbar_end=0.690 occ_end=0.208 CSR_train=0.000 done_count=125
[upd 40] u=1 upd_ctr=4 opt_step=64 E=0.092 g=0.109 VarTD=0.135765 ret_end=-26.554 dbar_end=0.705 occ_end=0.144 CSR_train=0.000 done_count=125
[upd 50] u=0 upd_ctr=4 opt_step=64 E=0.840 g=0.104 VarTD=0.148616 ret_end=-27.533 dbar_end=0.722 occ_end=0.216 CSR_train=0.000 done_count=125
[upd 60] u=0 upd_ctr=5 opt_step=80 E=0.684 g=0.113 VarTD=0.138076 ret_end=-25.760 dbar_end=0.694 occ_end=0.256 CSR_train=0.000 done_count=125
[upd 70] u=0 upd_ctr=6 opt_step=96 E=0.557 g=0.116 VarTD=0.145442 ret_end=-26.233 dbar_end=0.686 occ_end=0.184 CSR_train=0.008 done_count=125
[upd 80] u=0 upd_ctr=7 opt_step=112 E=0.465 g=0.123 VarTD=0.138649 ret_end=-25.644 dbar_end=0.667 occ_end=0.288 CSR_train=0.000 done_count=125
[upd 90] u=0 upd_ctr=8 opt_step=128 E=0.366 g=0.121 VarTD=0.180768 ret_end=-26.137 dbar_end=0.671 occ_end=0.232 CSR_train=0.000 done_count=125
[upd 100] u=0 upd_ctr=9 opt_step=144 E=0.334 g=0.144 VarTD=0.137095 ret_end=-24.206 dbar_end=0.618 occ_end=0.216 CSR_train=0.000 done_count=125
[upd 110] u=0 upd_ctr=10 opt_step=160 E=0.314 g=0.132 VarTD=0.165360 ret_end=-25.031 dbar_end=0.646 occ_end=0.240 CSR_train=0.000 done_count=125
[upd 120] u=0 upd_ctr=11 opt_step=176 E=0.340 g=0.136 VarTD=0.158901 ret_end=-25.051 dbar_end=0.636 occ_end=0.200 CSR_train=0.000 done_count=125
[upd 130] u=0 upd_ctr=12 opt_step=192 E=0.335 g=0.140 VarTD=0.175168 ret_end=-24.902 dbar_end=0.625 occ_end=0.220 CSR_train=0.000 done_count=100
[upd 140] u=0 upd_ctr=13 opt_step=208 E=0.356 g=0.152 VarTD=0.240090 ret_end=-25.171 dbar_end=0.600 occ_end=0.304 CSR_train=0.008 done_count=125
[upd 150] u=0 upd_ctr=14 opt_step=224 E=0.405 g=0.150 VarTD=0.255453 ret_end=-24.759 dbar_end=0.604 occ_end=0.240 CSR_train=0.000 done_count=125
[upd 160] u=0 upd_ctr=15 opt_step=240 E=0.450 g=0.148 VarTD=0.290628 ret_end=-24.598 dbar_end=0.608 occ_end=0.328 CSR_train=0.000 done_count=125
[upd 170] u=0 upd_ctr=16 opt_step=256 E=0.436 g=0.138 VarTD=0.358943 ret_end=-25.188 dbar_end=0.631 occ_end=0.272 CSR_train=0.000 done_count=125
[upd 180] u=0 upd_ctr=17 opt_step=272 E=0.450 g=0.147 VarTD=0.395283 ret_end=-25.279 dbar_end=0.610 occ_end=0.296 CSR_train=0.016 done_count=125
[upd 190] u=0 upd_ctr=18 opt_step=288 E=0.496 g=0.133 VarTD=0.466497 ret_end=-25.423 dbar_end=0.643 occ_end=0.256 CSR_train=0.008 done_count=125
[upd 200] u=0 upd_ctr=19 opt_step=304 E=0.572 g=0.145 VarTD=0.510986 ret_end=-24.826 dbar_end=0.614 occ_end=0.240 CSR_train=0.000 done_count=125
[upd 210] u=0 upd_ctr=20 opt_step=320 E=0.675 g=0.155 VarTD=0.679477 ret_end=-24.974 dbar_end=0.594 occ_end=0.280 CSR_train=0.000 done_count=125
[upd 220] u=0 upd_ctr=21 opt_step=336 E=0.801 g=0.153 VarTD=0.708770 ret_end=-24.433 dbar_end=0.598 occ_end=0.216 CSR_train=0.000 done_count=125
[upd 230] u=0 upd_ctr=22 opt_step=352 E=0.942 g=0.144 VarTD=0.767442 ret_end=-24.331 dbar_end=0.616 occ_end=0.256 CSR_train=0.000 done_count=125
[upd 240] u=0 upd_ctr=23 opt_step=368 E=1.000 g=0.173 VarTD=0.925548 ret_end=-23.596 dbar_end=0.558 occ_end=0.328 CSR_train=0.000 done_count=125
[upd 250] u=1 upd_ctr=25 opt_step=400 E=0.155 g=0.150 VarTD=1.016478 ret_end=-25.147 dbar_end=0.604 occ_end=0.192 CSR_train=0.000 done_count=125
[upd 260] u=0 upd_ctr=26 opt_step=416 E=0.342 g=0.158 VarTD=1.061359 ret_end=-24.387 dbar_end=0.588 occ_end=0.240 CSR_train=0.000 done_count=100
[upd 270] u=0 upd_ctr=27 opt_step=432 E=0.523 g=0.181 VarTD=1.454410 ret_end=-23.510 dbar_end=0.545 occ_end=0.296 CSR_train=0.000 done_count=125
[upd 280] u=0 upd_ctr=28 opt_step=448 E=0.749 g=0.180 VarTD=1.623645 ret_end=-22.879 dbar_end=0.547 occ_end=0.312 CSR_train=0.008 done_count=125
[upd 290] u=0 upd_ctr=29 opt_step=464 E=1.000 g=0.184 VarTD=1.714845 ret_end=-22.773 dbar_end=0.539 occ_end=0.296 CSR_train=0.000 done_count=125
[upd 300] u=0 upd_ctr=31 opt_step=496 E=0.291 g=0.158 VarTD=1.988819 ret_end=-23.943 dbar_end=0.587 occ_end=0.296 CSR_train=0.008 done_count=125
[upd 310] u=0 upd_ctr=32 opt_step=512 E=0.545 g=0.178 VarTD=2.229529 ret_end=-23.709 dbar_end=0.549 occ_end=0.280 CSR_train=0.000 done_count=125
[Gate5 check] update_counter violations: t0=0 diffs=0
[Gate5 check] opt_step violations: t0=0 diffs=0 (expected_inc=16)
[Gate5 check] NaN masking: nan_on_skip=True finite_on_update=True
[Gate5 summary] mean_update_fraction=0.1026 final_executed_updates_mean=32.00
[Gate5 eval] done_count mean=100.0 CSR mean=0.0000 len_end_mean=26.00
[Gate5 eval] episodes_per_env=4 T_eval=104
[Gate5 eval-debug] locked_eps_occ=0.20 pre(step25): dbar_end=0.513815 occupied_end_mean=0.360000 max_tilde_end_mean=0.732748 CSR@locked=0.000000
[Gate5 eval-debug] locked_eps_occ=0.20 post(step26): dbar_end=0.514948 occupied_end_mean=0.350000 max_tilde_end_mean=0.742545 CSR@locked=0.000000
[Gate5 eval-debug] CSR_pre@0.10=0.0000 CSR_pre@0.15=0.0000 CSR_pre@0.20=0.0000 CSR_pre@0.25=0.0000 CSR_pre@0.30=0.0200
[Gate5 eval-debug] CSR_post@0.10=0.0000 CSR_post@0.15=0.0000 CSR_post@0.20=0.0000 CSR_post@0.25=0.0000 CSR_post@0.30=0.0200
