Importing submoduled environments...
Submoduled environments not found. Skipping import.
[upd 0] u=1 upd_ctr=1 opt_step=16 E=0.161 g=0.087 VarTD=0.161819 ret_end=-28.699 dbar_end=0.778 occ_end=0.120 CSR_train=0.000 done_count=100
[upd 10] u=0 upd_ctr=1 opt_step=16 E=0.779 g=0.081 VarTD=0.173819 ret_end=-28.772 dbar_end=0.801 occ_end=0.160 CSR_train=0.000 done_count=125
[upd 20] u=0 upd_ctr=2 opt_step=32 E=0.551 g=0.094 VarTD=0.132474 ret_end=-26.714 dbar_end=0.753 occ_end=0.168 CSR_train=0.000 done_count=125
[upd 30] u=0 upd_ctr=3 opt_step=48 E=0.331 g=0.116 VarTD=0.131785 ret_end=-25.602 dbar_end=0.685 occ_end=0.248 CSR_train=0.000 done_count=125
[upd 40] u=0 upd_ctr=4 opt_step=64 E=0.148 g=0.100 VarTD=0.125258 ret_end=-26.561 dbar_end=0.734 occ_end=0.152 CSR_train=0.000 done_count=125
[upd 50] u=0 upd_ctr=4 opt_step=64 E=0.900 g=0.108 VarTD=0.156138 ret_end=-27.017 dbar_end=0.710 occ_end=0.160 CSR_train=0.000 done_count=125
[upd 60] u=0 upd_ctr=5 opt_step=80 E=0.755 g=0.107 VarTD=0.170782 ret_end=-27.034 dbar_end=0.712 occ_end=0.152 CSR_train=0.000 done_count=125
[upd 70] u=0 upd_ctr=6 opt_step=96 E=0.677 g=0.123 VarTD=0.135772 ret_end=-25.718 dbar_end=0.667 occ_end=0.224 CSR_train=0.000 done_count=125
[upd 80] u=0 upd_ctr=7 opt_step=112 E=0.617 g=0.108 VarTD=0.147473 ret_end=-27.470 dbar_end=0.708 occ_end=0.128 CSR_train=0.000 done_count=125
[upd 90] u=0 upd_ctr=8 opt_step=128 E=0.583 g=0.110 VarTD=0.206697 ret_end=-26.977 dbar_end=0.702 occ_end=0.160 CSR_train=0.000 done_count=125
[upd 100] u=0 upd_ctr=9 opt_step=144 E=0.568 g=0.120 VarTD=0.165855 ret_end=-25.883 dbar_end=0.675 occ_end=0.224 CSR_train=0.000 done_count=125
[upd 110] u=0 upd_ctr=10 opt_step=160 E=0.650 g=0.123 VarTD=0.178642 ret_end=-26.047 dbar_end=0.668 occ_end=0.192 CSR_train=0.008 done_count=125
[upd 120] u=0 upd_ctr=11 opt_step=176 E=0.716 g=0.140 VarTD=0.149272 ret_end=-24.509 dbar_end=0.625 occ_end=0.184 CSR_train=0.000 done_count=125
[upd 130] u=0 upd_ctr=12 opt_step=192 E=0.792 g=0.151 VarTD=0.162907 ret_end=-25.306 dbar_end=0.603 occ_end=0.200 CSR_train=0.010 done_count=100
[upd 140] u=0 upd_ctr=13 opt_step=208 E=0.864 g=0.141 VarTD=0.204257 ret_end=-25.360 dbar_end=0.624 occ_end=0.216 CSR_train=0.000 done_count=125
[upd 150] u=0 upd_ctr=14 opt_step=224 E=0.978 g=0.158 VarTD=0.231131 ret_end=-24.282 dbar_end=0.587 occ_end=0.216 CSR_train=0.000 done_count=125
[upd 160] u=1 upd_ctr=16 opt_step=256 E=0.190 g=0.167 VarTD=0.279643 ret_end=-23.562 dbar_end=0.571 occ_end=0.296 CSR_train=0.000 done_count=125
[upd 170] u=0 upd_ctr=17 opt_step=272 E=0.330 g=0.150 VarTD=0.359986 ret_end=-24.249 dbar_end=0.603 occ_end=0.208 CSR_train=0.000 done_count=125
[upd 180] u=0 upd_ctr=18 opt_step=288 E=0.451 g=0.146 VarTD=0.443403 ret_end=-24.098 dbar_end=0.612 occ_end=0.256 CSR_train=0.000 done_count=125
[upd 190] u=0 upd_ctr=19 opt_step=304 E=0.635 g=0.160 VarTD=0.469772 ret_end=-23.351 dbar_end=0.584 occ_end=0.256 CSR_train=0.000 done_count=125
[upd 200] u=0 upd_ctr=20 opt_step=320 E=0.801 g=0.152 VarTD=0.569988 ret_end=-24.718 dbar_end=0.600 occ_end=0.184 CSR_train=0.000 done_count=125
[upd 210] u=0 upd_ctr=21 opt_step=336 E=0.968 g=0.148 VarTD=0.669857 ret_end=-24.885 dbar_end=0.608 occ_end=0.200 CSR_train=0.000 done_count=125
[upd 220] u=0 upd_ctr=23 opt_step=368 E=0.261 g=0.157 VarTD=0.856084 ret_end=-24.093 dbar_end=0.591 occ_end=0.296 CSR_train=0.000 done_count=125
[upd 230] u=0 upd_ctr=24 opt_step=384 E=0.478 g=0.146 VarTD=0.937650 ret_end=-24.350 dbar_end=0.612 occ_end=0.240 CSR_train=0.000 done_count=125
[upd 240] u=0 upd_ctr=25 opt_step=400 E=0.683 g=0.136 VarTD=1.067502 ret_end=-25.103 dbar_end=0.635 occ_end=0.208 CSR_train=0.000 done_count=125
[upd 250] u=0 upd_ctr=26 opt_step=416 E=0.873 g=0.164 VarTD=1.220484 ret_end=-24.327 dbar_end=0.575 occ_end=0.272 CSR_train=0.000 done_count=125
[upd 260] u=1 upd_ctr=28 opt_step=448 E=0.170 g=0.139 VarTD=1.091326 ret_end=-24.901 dbar_end=0.628 occ_end=0.210 CSR_train=0.000 done_count=100
[upd 270] u=0 upd_ctr=29 opt_step=464 E=0.386 g=0.162 VarTD=1.610661 ret_end=-24.028 dbar_end=0.580 occ_end=0.296 CSR_train=0.000 done_count=125
[upd 280] u=0 upd_ctr=30 opt_step=480 E=0.614 g=0.152 VarTD=1.772196 ret_end=-24.536 dbar_end=0.601 occ_end=0.264 CSR_train=0.000 done_count=125
[upd 290] u=0 upd_ctr=31 opt_step=496 E=0.857 g=0.157 VarTD=1.903949 ret_end=-24.606 dbar_end=0.590 occ_end=0.184 CSR_train=0.000 done_count=125
[upd 300] u=1 upd_ctr=33 opt_step=528 E=0.211 g=0.174 VarTD=2.101130 ret_end=-23.864 dbar_end=0.558 occ_end=0.296 CSR_train=0.000 done_count=125
[upd 310] u=0 upd_ctr=34 opt_step=544 E=0.423 g=0.159 VarTD=2.339758 ret_end=-24.067 dbar_end=0.586 occ_end=0.240 CSR_train=0.000 done_count=125
[Gate5 check] update_counter violations: t0=0 diffs=0
[Gate5 check] opt_step violations: t0=0 diffs=0 (expected_inc=16)
[Gate5 check] NaN masking: nan_on_skip=True finite_on_update=True
[Gate5 summary] mean_update_fraction=0.1090 final_executed_updates_mean=34.00
[Gate5 eval] done_count mean=100.0 CSR mean=0.0000 len_end_mean=26.00
[Gate5 eval] episodes_per_env=4 T_eval=104
[Gate5 eval-debug] locked_eps_occ=0.20 pre(step25): dbar_end=0.524973 occupied_end_mean=0.300000 max_tilde_end_mean=0.751049 CSR@locked=0.000000
[Gate5 eval-debug] locked_eps_occ=0.20 post(step26): dbar_end=0.526497 occupied_end_mean=0.310000 max_tilde_end_mean=0.747629 CSR@locked=0.000000
[Gate5 eval-debug] CSR_pre@0.10=0.0000 CSR_pre@0.15=0.0000 CSR_pre@0.20=0.0000 CSR_pre@0.25=0.0000 CSR_pre@0.30=0.0100
[Gate5 eval-debug] CSR_post@0.10=0.0000 CSR_post@0.15=0.0000 CSR_post@0.20=0.0000 CSR_post@0.25=0.0000 CSR_post@0.30=0.0200
