Importing submoduled environments...
Submoduled environments not found. Skipping import.
[upd 0] u=1 upd_ctr=1 opt_step=16 E=0.126 g=0.087 VarTD=0.169991 ret_end=-27.980 dbar_end=0.777 occ_end=0.130 CSR_train=0.000 done_count=100
[upd 10] u=0 upd_ctr=1 opt_step=16 E=0.407 g=0.097 VarTD=0.148660 ret_end=-28.362 dbar_end=0.744 occ_end=0.160 CSR_train=0.000 done_count=125
[upd 20] u=0 upd_ctr=1 opt_step=16 E=0.688 g=0.107 VarTD=0.133804 ret_end=-25.361 dbar_end=0.711 occ_end=0.200 CSR_train=0.000 done_count=125
[upd 30] u=0 upd_ctr=2 opt_step=32 E=0.083 g=0.108 VarTD=0.113457 ret_end=-26.124 dbar_end=0.708 occ_end=0.192 CSR_train=0.000 done_count=125
[upd 40] u=0 upd_ctr=2 opt_step=32 E=0.380 g=0.099 VarTD=0.148549 ret_end=-27.161 dbar_end=0.736 occ_end=0.128 CSR_train=0.000 done_count=125
[upd 50] u=0 upd_ctr=2 opt_step=32 E=0.661 g=0.086 VarTD=0.171701 ret_end=-28.349 dbar_end=0.783 occ_end=0.144 CSR_train=0.000 done_count=125
[upd 60] u=1 upd_ctr=3 opt_step=48 E=0.057 g=0.099 VarTD=0.151931 ret_end=-26.321 dbar_end=0.737 occ_end=0.200 CSR_train=0.000 done_count=125
[upd 70] u=0 upd_ctr=3 opt_step=48 E=0.362 g=0.108 VarTD=0.146216 ret_end=-26.939 dbar_end=0.709 occ_end=0.168 CSR_train=0.000 done_count=125
[upd 80] u=0 upd_ctr=3 opt_step=48 E=0.675 g=0.107 VarTD=0.138536 ret_end=-26.394 dbar_end=0.713 occ_end=0.256 CSR_train=0.000 done_count=125
[upd 90] u=0 upd_ctr=4 opt_step=64 E=0.071 g=0.103 VarTD=0.170688 ret_end=-27.121 dbar_end=0.723 occ_end=0.192 CSR_train=0.000 done_count=125
[upd 100] u=0 upd_ctr=4 opt_step=64 E=0.392 g=0.117 VarTD=0.132206 ret_end=-25.433 dbar_end=0.683 occ_end=0.144 CSR_train=0.000 done_count=125
[upd 110] u=0 upd_ctr=4 opt_step=64 E=0.719 g=0.112 VarTD=0.134528 ret_end=-25.932 dbar_end=0.696 occ_end=0.208 CSR_train=0.000 done_count=125
[upd 120] u=0 upd_ctr=5 opt_step=80 E=0.146 g=0.112 VarTD=0.116653 ret_end=-25.960 dbar_end=0.698 occ_end=0.208 CSR_train=0.000 done_count=125
[upd 130] u=0 upd_ctr=5 opt_step=80 E=0.480 g=0.108 VarTD=0.136796 ret_end=-26.736 dbar_end=0.709 occ_end=0.160 CSR_train=0.000 done_count=100
[upd 140] u=0 upd_ctr=5 opt_step=80 E=0.825 g=0.112 VarTD=0.160093 ret_end=-26.959 dbar_end=0.696 occ_end=0.280 CSR_train=0.008 done_count=125
[upd 150] u=0 upd_ctr=6 opt_step=96 E=0.278 g=0.127 VarTD=0.143487 ret_end=-25.558 dbar_end=0.656 occ_end=0.232 CSR_train=0.000 done_count=125
[upd 160] u=0 upd_ctr=6 opt_step=96 E=0.628 g=0.124 VarTD=0.138229 ret_end=-25.637 dbar_end=0.664 occ_end=0.224 CSR_train=0.000 done_count=125
[upd 170] u=0 upd_ctr=7 opt_step=112 E=0.086 g=0.126 VarTD=0.146479 ret_end=-26.206 dbar_end=0.661 occ_end=0.256 CSR_train=0.000 done_count=125
[upd 180] u=0 upd_ctr=7 opt_step=112 E=0.448 g=0.129 VarTD=0.142973 ret_end=-26.058 dbar_end=0.653 occ_end=0.192 CSR_train=0.000 done_count=125
[upd 190] u=0 upd_ctr=7 opt_step=112 E=0.806 g=0.110 VarTD=0.134350 ret_end=-26.724 dbar_end=0.702 occ_end=0.104 CSR_train=0.000 done_count=125
[upd 200] u=0 upd_ctr=8 opt_step=128 E=0.281 g=0.114 VarTD=0.137736 ret_end=-26.073 dbar_end=0.692 occ_end=0.144 CSR_train=0.000 done_count=125
[upd 210] u=0 upd_ctr=8 opt_step=128 E=0.652 g=0.117 VarTD=0.161657 ret_end=-26.210 dbar_end=0.685 occ_end=0.240 CSR_train=0.000 done_count=125
[upd 220] u=0 upd_ctr=9 opt_step=144 E=0.135 g=0.120 VarTD=0.148660 ret_end=-25.687 dbar_end=0.676 occ_end=0.184 CSR_train=0.000 done_count=125
[upd 230] u=0 upd_ctr=9 opt_step=144 E=0.527 g=0.120 VarTD=0.151565 ret_end=-25.564 dbar_end=0.675 occ_end=0.256 CSR_train=0.000 done_count=125
[upd 240] u=0 upd_ctr=9 opt_step=144 E=0.914 g=0.145 VarTD=0.144436 ret_end=-24.640 dbar_end=0.616 occ_end=0.208 CSR_train=0.000 done_count=125
[upd 250] u=0 upd_ctr=10 opt_step=160 E=0.404 g=0.122 VarTD=0.177981 ret_end=-26.443 dbar_end=0.671 occ_end=0.168 CSR_train=0.000 done_count=125
[upd 260] u=0 upd_ctr=10 opt_step=160 E=0.792 g=0.116 VarTD=0.142164 ret_end=-25.951 dbar_end=0.686 occ_end=0.160 CSR_train=0.000 done_count=100
[upd 270] u=0 upd_ctr=11 opt_step=176 E=0.297 g=0.136 VarTD=0.180664 ret_end=-25.426 dbar_end=0.635 occ_end=0.224 CSR_train=0.000 done_count=125
[upd 280] u=0 upd_ctr=11 opt_step=176 E=0.699 g=0.143 VarTD=0.199005 ret_end=-24.796 dbar_end=0.619 occ_end=0.272 CSR_train=0.000 done_count=125
[upd 290] u=0 upd_ctr=12 opt_step=192 E=0.214 g=0.148 VarTD=0.187943 ret_end=-24.204 dbar_end=0.608 occ_end=0.216 CSR_train=0.000 done_count=125
[upd 300] u=0 upd_ctr=12 opt_step=192 E=0.632 g=0.134 VarTD=0.168396 ret_end=-24.761 dbar_end=0.639 occ_end=0.208 CSR_train=0.000 done_count=125
[upd 310] u=0 upd_ctr=13 opt_step=208 E=0.151 g=0.151 VarTD=0.219645 ret_end=-25.082 dbar_end=0.603 occ_end=0.272 CSR_train=0.000 done_count=125
[Gate5 check] update_counter violations: t0=0 diffs=0
[Gate5 check] opt_step violations: t0=0 diffs=0 (expected_inc=16)
[Gate5 check] NaN masking: nan_on_skip=True finite_on_update=True
[Gate5 summary] mean_update_fraction=0.0417 final_executed_updates_mean=13.00
[Gate5 eval] done_count mean=100.0 CSR mean=0.0000 len_end_mean=26.00
[Gate5 eval] episodes_per_env=4 T_eval=104
[Gate5 eval-debug] locked_eps_occ=0.20 pre(step25): dbar_end=0.505606 occupied_end_mean=0.340000 max_tilde_end_mean=0.722186 CSR@locked=0.000000
[Gate5 eval-debug] locked_eps_occ=0.20 post(step26): dbar_end=0.502066 occupied_end_mean=0.450000 max_tilde_end_mean=0.717944 CSR@locked=0.000000
[Gate5 eval-debug] CSR_pre@0.10=0.0000 CSR_pre@0.15=0.0000 CSR_pre@0.20=0.0000 CSR_pre@0.25=0.0000 CSR_pre@0.30=0.0200
[Gate5 eval-debug] CSR_post@0.10=0.0000 CSR_post@0.15=0.0000 CSR_post@0.20=0.0000 CSR_post@0.25=0.0100 CSR_post@0.30=0.0200
