Importing submoduled environments...
Submoduled environments not found. Skipping import.
[upd 0] u=1 upd_ctr=1 opt_step=16 E=0.196 g=0.096 VarTD=0.158273 ret_end=-27.822 dbar_end=0.748 occ_end=0.150 CSR_train=0.000 done_count=100
[upd 10] u=0 upd_ctr=2 opt_step=32 E=0.256 g=0.100 VarTD=0.169396 ret_end=-26.843 dbar_end=0.734 occ_end=0.128 CSR_train=0.000 done_count=125
[upd 20] u=0 upd_ctr=3 opt_step=48 E=0.387 g=0.102 VarTD=0.159154 ret_end=-27.021 dbar_end=0.726 occ_end=0.152 CSR_train=0.008 done_count=125
[upd 30] u=0 upd_ctr=4 opt_step=64 E=0.557 g=0.096 VarTD=0.162250 ret_end=-27.936 dbar_end=0.748 occ_end=0.120 CSR_train=0.000 done_count=125
[upd 40] u=0 upd_ctr=5 opt_step=80 E=0.806 g=0.117 VarTD=0.128832 ret_end=-26.419 dbar_end=0.683 occ_end=0.152 CSR_train=0.000 done_count=125
[upd 50] u=1 upd_ctr=7 opt_step=112 E=0.134 g=0.125 VarTD=0.139499 ret_end=-25.211 dbar_end=0.663 occ_end=0.224 CSR_train=0.000 done_count=125
[upd 60] u=0 upd_ctr=8 opt_step=128 E=0.416 g=0.121 VarTD=0.156592 ret_end=-26.032 dbar_end=0.671 occ_end=0.168 CSR_train=0.000 done_count=125
[upd 70] u=0 upd_ctr=9 opt_step=144 E=0.707 g=0.116 VarTD=0.197490 ret_end=-27.151 dbar_end=0.686 occ_end=0.208 CSR_train=0.000 done_count=125
[upd 80] u=1 upd_ctr=11 opt_step=176 E=0.165 g=0.131 VarTD=0.180698 ret_end=-25.421 dbar_end=0.646 occ_end=0.288 CSR_train=0.000 done_count=125
[upd 90] u=0 upd_ctr=12 opt_step=192 E=0.560 g=0.142 VarTD=0.169140 ret_end=-24.624 dbar_end=0.622 occ_end=0.176 CSR_train=0.000 done_count=125
[upd 100] u=0 upd_ctr=13 opt_step=208 E=0.992 g=0.142 VarTD=0.196093 ret_end=-25.381 dbar_end=0.622 occ_end=0.192 CSR_train=0.000 done_count=125
[upd 110] u=0 upd_ctr=15 opt_step=240 E=0.496 g=0.131 VarTD=0.254625 ret_end=-25.319 dbar_end=0.646 occ_end=0.192 CSR_train=0.000 done_count=125
[upd 120] u=0 upd_ctr=16 opt_step=256 E=0.859 g=0.120 VarTD=0.296860 ret_end=-26.566 dbar_end=0.676 occ_end=0.168 CSR_train=0.000 done_count=125
[Gate5 check] update_counter violations: t0=0 diffs=0
[Gate5 check] opt_step violations: t0=0 diffs=0 (expected_inc=16)
[Gate5 check] NaN masking: nan_on_skip=True finite_on_update=True
[Gate5 summary] mean_update_fraction=0.1360 final_executed_updates_mean=17.00
[Gate5 eval] done_count mean=100.0 CSR mean=0.0000 len_end_mean=26.00
[Gate5 eval] episodes_per_env=4 T_eval=104
[Gate5 eval-debug] locked_eps_occ=0.20 pre(step25): dbar_end=0.549353 occupied_end_mean=0.230000 max_tilde_end_mean=0.769749 CSR@locked=0.000000
[Gate5 eval-debug] locked_eps_occ=0.20 post(step26): dbar_end=0.549820 occupied_end_mean=0.240000 max_tilde_end_mean=0.772292 CSR@locked=0.000000
[Gate5 eval-debug] CSR_pre@0.10=0.0000 CSR_pre@0.15=0.0000 CSR_pre@0.20=0.0000 CSR_pre@0.25=0.0000 CSR_pre@0.30=0.0200
[Gate5 eval-debug] CSR_post@0.10=0.0000 CSR_post@0.15=0.0000 CSR_post@0.20=0.0000 CSR_post@0.25=0.0200 CSR_post@0.30=0.0200
