Importing submoduled environments...
Submoduled environments not found. Skipping import.
[upd 0] u=1 upd_ctr=1 opt_step=16 E=0.096 g=0.096 VarTD=0.158273 ret_end=-27.822 dbar_end=0.748 occ_end=0.150 CSR_train=0.000 done_count=100
[upd 10] u=0 upd_ctr=1 opt_step=16 E=1.000 g=0.097 VarTD=0.181267 ret_end=-27.128 dbar_end=0.741 occ_end=0.144 CSR_train=0.000 done_count=125
[upd 20] u=0 upd_ctr=2 opt_step=32 E=0.999 g=0.094 VarTD=0.175813 ret_end=-27.356 dbar_end=0.752 occ_end=0.152 CSR_train=0.008 done_count=125
[upd 30] u=0 upd_ctr=3 opt_step=48 E=0.918 g=0.092 VarTD=0.186180 ret_end=-28.191 dbar_end=0.760 occ_end=0.096 CSR_train=0.000 done_count=125
[upd 40] u=0 upd_ctr=4 opt_step=64 E=0.972 g=0.108 VarTD=0.155442 ret_end=-27.009 dbar_end=0.709 occ_end=0.192 CSR_train=0.000 done_count=125
[upd 50] u=0 upd_ctr=5 opt_step=80 E=0.936 g=0.118 VarTD=0.153536 ret_end=-25.612 dbar_end=0.680 occ_end=0.176 CSR_train=0.000 done_count=125
[upd 60] u=0 upd_ctr=6 opt_step=96 E=0.972 g=0.104 VarTD=0.158943 ret_end=-26.776 dbar_end=0.720 occ_end=0.176 CSR_train=0.000 done_count=125
[upd 70] u=0 upd_ctr=7 opt_step=112 E=0.987 g=0.108 VarTD=0.204792 ret_end=-27.464 dbar_end=0.709 occ_end=0.192 CSR_train=0.000 done_count=125
[upd 80] u=0 upd_ctr=8 opt_step=128 E=1.000 g=0.127 VarTD=0.180693 ret_end=-25.370 dbar_end=0.658 occ_end=0.256 CSR_train=0.000 done_count=125
[upd 90] u=1 upd_ctr=10 opt_step=160 E=0.122 g=0.122 VarTD=0.161174 ret_end=-25.604 dbar_end=0.670 occ_end=0.160 CSR_train=0.000 done_count=125
[upd 100] u=0 upd_ctr=11 opt_step=176 E=0.249 g=0.124 VarTD=0.196652 ret_end=-26.190 dbar_end=0.665 occ_end=0.224 CSR_train=0.000 done_count=125
[upd 110] u=0 upd_ctr=12 opt_step=192 E=0.360 g=0.115 VarTD=0.198689 ret_end=-26.243 dbar_end=0.690 occ_end=0.144 CSR_train=0.000 done_count=125
[upd 120] u=0 upd_ctr=13 opt_step=208 E=0.457 g=0.107 VarTD=0.223829 ret_end=-27.137 dbar_end=0.712 occ_end=0.112 CSR_train=0.000 done_count=125
[upd 130] u=0 upd_ctr=14 opt_step=224 E=0.600 g=0.124 VarTD=0.199627 ret_end=-24.529 dbar_end=0.664 occ_end=0.290 CSR_train=0.000 done_count=100
[upd 140] u=0 upd_ctr=15 opt_step=240 E=0.806 g=0.132 VarTD=0.266997 ret_end=-25.714 dbar_end=0.645 occ_end=0.192 CSR_train=0.000 done_count=125
[upd 150] u=0 upd_ctr=16 opt_step=256 E=1.000 g=0.132 VarTD=0.305438 ret_end=-24.133 dbar_end=0.644 occ_end=0.200 CSR_train=0.000 done_count=125
[upd 160] u=0 upd_ctr=18 opt_step=288 E=0.256 g=0.129 VarTD=0.421759 ret_end=-25.431 dbar_end=0.652 occ_end=0.184 CSR_train=0.000 done_count=125
[upd 170] u=0 upd_ctr=19 opt_step=304 E=0.549 g=0.143 VarTD=0.485074 ret_end=-24.618 dbar_end=0.618 occ_end=0.184 CSR_train=0.000 done_count=125
[upd 180] u=0 upd_ctr=20 opt_step=320 E=0.810 g=0.133 VarTD=0.542179 ret_end=-25.847 dbar_end=0.642 occ_end=0.224 CSR_train=0.000 done_count=125
[upd 190] u=0 upd_ctr=21 opt_step=336 E=1.000 g=0.137 VarTD=0.635559 ret_end=-24.929 dbar_end=0.633 occ_end=0.208 CSR_train=0.000 done_count=125
[upd 200] u=0 upd_ctr=23 opt_step=368 E=0.280 g=0.144 VarTD=0.805002 ret_end=-24.432 dbar_end=0.618 occ_end=0.232 CSR_train=0.000 done_count=125
[upd 210] u=0 upd_ctr=24 opt_step=384 E=0.554 g=0.129 VarTD=0.963592 ret_end=-25.678 dbar_end=0.652 occ_end=0.208 CSR_train=0.008 done_count=125
[upd 220] u=0 upd_ctr=25 opt_step=400 E=0.832 g=0.131 VarTD=1.026967 ret_end=-25.027 dbar_end=0.647 occ_end=0.184 CSR_train=0.000 done_count=125
[upd 230] u=0 upd_ctr=26 opt_step=416 E=1.000 g=0.136 VarTD=1.152104 ret_end=-25.145 dbar_end=0.635 occ_end=0.168 CSR_train=0.000 done_count=125
[upd 240] u=0 upd_ctr=28 opt_step=448 E=0.461 g=0.164 VarTD=1.449182 ret_end=-24.606 dbar_end=0.576 occ_end=0.320 CSR_train=0.000 done_count=125
[upd 250] u=0 upd_ctr=29 opt_step=464 E=0.863 g=0.151 VarTD=1.557012 ret_end=-24.430 dbar_end=0.602 occ_end=0.240 CSR_train=0.008 done_count=125
[upd 260] u=1 upd_ctr=31 opt_step=496 E=0.166 g=0.166 VarTD=1.421476 ret_end=-23.799 dbar_end=0.573 occ_end=0.300 CSR_train=0.000 done_count=100
[upd 270] u=0 upd_ctr=32 opt_step=512 E=0.612 g=0.155 VarTD=2.042607 ret_end=-24.038 dbar_end=0.594 occ_end=0.184 CSR_train=0.000 done_count=125
[upd 280] u=0 upd_ctr=33 opt_step=528 E=1.000 g=0.152 VarTD=2.172968 ret_end=-24.628 dbar_end=0.599 occ_end=0.280 CSR_train=0.000 done_count=125
[upd 290] u=0 upd_ctr=35 opt_step=560 E=0.472 g=0.161 VarTD=2.529886 ret_end=-23.824 dbar_end=0.581 occ_end=0.224 CSR_train=0.000 done_count=125
[upd 300] u=0 upd_ctr=36 opt_step=576 E=0.944 g=0.156 VarTD=2.729320 ret_end=-24.820 dbar_end=0.591 occ_end=0.288 CSR_train=0.000 done_count=125
[upd 310] u=0 upd_ctr=38 opt_step=608 E=0.314 g=0.160 VarTD=3.084723 ret_end=-24.292 dbar_end=0.585 occ_end=0.280 CSR_train=0.000 done_count=125
[Gate5 check] update_counter violations: t0=0 diffs=0
[Gate5 check] opt_step violations: t0=0 diffs=0 (expected_inc=16)
[Gate5 check] NaN masking: nan_on_skip=True finite_on_update=True
[Gate5 summary] mean_update_fraction=0.1218 final_executed_updates_mean=38.00
[Gate5 eval] done_count mean=100.0 CSR mean=0.0000 len_end_mean=26.00
[Gate5 eval] episodes_per_env=4 T_eval=104
[Gate5 eval-debug] locked_eps_occ=0.20 pre(step25): dbar_end=0.473252 occupied_end_mean=0.440000 max_tilde_end_mean=0.676379 CSR@locked=0.000000
[Gate5 eval-debug] locked_eps_occ=0.20 post(step26): dbar_end=0.478402 occupied_end_mean=0.420000 max_tilde_end_mean=0.686092 CSR@locked=0.000000
[Gate5 eval-debug] CSR_pre@0.10=0.0000 CSR_pre@0.15=0.0000 CSR_pre@0.20=0.0000 CSR_pre@0.25=0.0300 CSR_pre@0.30=0.0900
[Gate5 eval-debug] CSR_post@0.10=0.0000 CSR_post@0.15=0.0000 CSR_post@0.20=0.0000 CSR_post@0.25=0.0100 CSR_post@0.30=0.0700
