Importing submoduled environments...
Submoduled environments not found. Skipping import.
[upd 0] u=1 upd_ctr=1 opt_step=16 E=0.079 g=0.097 VarTD=0.135831 ret_end=-26.760 dbar_end=0.743 occ_end=0.210 CSR_train=0.000 done_count=100
[upd 10] u=0 upd_ctr=1 opt_step=16 E=0.363 g=0.103 VarTD=0.167736 ret_end=-26.060 dbar_end=0.724 occ_end=0.152 CSR_train=0.000 done_count=125
[upd 20] u=0 upd_ctr=1 opt_step=16 E=0.639 g=0.084 VarTD=0.172577 ret_end=-27.648 dbar_end=0.790 occ_end=0.136 CSR_train=0.000 done_count=125
[upd 30] u=0 upd_ctr=1 opt_step=16 E=0.909 g=0.092 VarTD=0.196471 ret_end=-27.026 dbar_end=0.761 occ_end=0.144 CSR_train=0.008 done_count=125
[upd 40] u=0 upd_ctr=2 opt_step=32 E=0.250 g=0.104 VarTD=0.143860 ret_end=-26.534 dbar_end=0.721 occ_end=0.144 CSR_train=0.000 done_count=125
[upd 50] u=0 upd_ctr=2 opt_step=32 E=0.544 g=0.089 VarTD=0.147686 ret_end=-27.278 dbar_end=0.771 occ_end=0.128 CSR_train=0.000 done_count=125
[upd 60] u=0 upd_ctr=2 opt_step=32 E=0.831 g=0.098 VarTD=0.136679 ret_end=-27.883 dbar_end=0.741 occ_end=0.176 CSR_train=0.000 done_count=125
[upd 70] u=0 upd_ctr=3 opt_step=48 E=0.187 g=0.098 VarTD=0.125650 ret_end=-27.138 dbar_end=0.739 occ_end=0.160 CSR_train=0.000 done_count=125
[upd 80] u=0 upd_ctr=3 opt_step=48 E=0.499 g=0.105 VarTD=0.121215 ret_end=-26.547 dbar_end=0.718 occ_end=0.192 CSR_train=0.000 done_count=125
[upd 90] u=0 upd_ctr=3 opt_step=48 E=0.795 g=0.091 VarTD=0.116331 ret_end=-27.576 dbar_end=0.763 occ_end=0.072 CSR_train=0.000 done_count=125
[upd 100] u=0 upd_ctr=4 opt_step=64 E=0.144 g=0.098 VarTD=0.137799 ret_end=-27.047 dbar_end=0.741 occ_end=0.112 CSR_train=0.000 done_count=125
[upd 110] u=0 upd_ctr=4 opt_step=64 E=0.463 g=0.111 VarTD=0.146831 ret_end=-25.480 dbar_end=0.701 occ_end=0.232 CSR_train=0.000 done_count=125
[upd 120] u=0 upd_ctr=4 opt_step=64 E=0.784 g=0.117 VarTD=0.137904 ret_end=-25.782 dbar_end=0.685 occ_end=0.216 CSR_train=0.000 done_count=125
[upd 130] u=0 upd_ctr=5 opt_step=80 E=0.156 g=0.106 VarTD=0.128166 ret_end=-26.670 dbar_end=0.716 occ_end=0.160 CSR_train=0.000 done_count=100
[upd 140] u=0 upd_ctr=5 opt_step=80 E=0.493 g=0.104 VarTD=0.171633 ret_end=-27.272 dbar_end=0.721 occ_end=0.144 CSR_train=0.000 done_count=125
[upd 150] u=0 upd_ctr=5 opt_step=80 E=0.825 g=0.109 VarTD=0.148521 ret_end=-26.635 dbar_end=0.706 occ_end=0.144 CSR_train=0.000 done_count=125
[upd 160] u=0 upd_ctr=6 opt_step=96 E=0.214 g=0.109 VarTD=0.145118 ret_end=-26.640 dbar_end=0.706 occ_end=0.160 CSR_train=0.000 done_count=125
[upd 170] u=0 upd_ctr=6 opt_step=96 E=0.563 g=0.117 VarTD=0.148384 ret_end=-26.011 dbar_end=0.683 occ_end=0.216 CSR_train=0.000 done_count=125
[upd 180] u=0 upd_ctr=6 opt_step=96 E=0.925 g=0.122 VarTD=0.127197 ret_end=-26.234 dbar_end=0.670 occ_end=0.176 CSR_train=0.000 done_count=125
[upd 190] u=0 upd_ctr=7 opt_step=112 E=0.337 g=0.124 VarTD=0.131842 ret_end=-25.540 dbar_end=0.665 occ_end=0.208 CSR_train=0.000 done_count=125
[upd 200] u=0 upd_ctr=7 opt_step=112 E=0.709 g=0.111 VarTD=0.161495 ret_end=-27.262 dbar_end=0.700 occ_end=0.160 CSR_train=0.000 done_count=125
[upd 210] u=0 upd_ctr=8 opt_step=128 E=0.122 g=0.111 VarTD=0.144430 ret_end=-27.049 dbar_end=0.700 occ_end=0.192 CSR_train=0.000 done_count=125
[upd 220] u=0 upd_ctr=8 opt_step=128 E=0.498 g=0.127 VarTD=0.137248 ret_end=-25.712 dbar_end=0.656 occ_end=0.224 CSR_train=0.000 done_count=125
[upd 230] u=0 upd_ctr=8 opt_step=128 E=0.872 g=0.125 VarTD=0.126157 ret_end=-24.798 dbar_end=0.663 occ_end=0.184 CSR_train=0.000 done_count=125
[upd 240] u=0 upd_ctr=9 opt_step=144 E=0.299 g=0.124 VarTD=0.133555 ret_end=-24.983 dbar_end=0.665 occ_end=0.176 CSR_train=0.000 done_count=125
[upd 250] u=0 upd_ctr=9 opt_step=144 E=0.676 g=0.132 VarTD=0.148936 ret_end=-25.644 dbar_end=0.645 occ_end=0.280 CSR_train=0.008 done_count=125
[upd 260] u=0 upd_ctr=10 opt_step=160 E=0.109 g=0.131 VarTD=0.156756 ret_end=-25.094 dbar_end=0.648 occ_end=0.210 CSR_train=0.000 done_count=100
[upd 270] u=0 upd_ctr=10 opt_step=160 E=0.499 g=0.139 VarTD=0.132862 ret_end=-24.310 dbar_end=0.629 occ_end=0.264 CSR_train=0.000 done_count=125
[upd 280] u=0 upd_ctr=10 opt_step=160 E=0.892 g=0.132 VarTD=0.167888 ret_end=-25.580 dbar_end=0.646 occ_end=0.208 CSR_train=0.008 done_count=125
[upd 290] u=0 upd_ctr=11 opt_step=176 E=0.338 g=0.129 VarTD=0.197765 ret_end=-25.208 dbar_end=0.652 occ_end=0.216 CSR_train=0.000 done_count=125
[upd 300] u=0 upd_ctr=11 opt_step=176 E=0.734 g=0.131 VarTD=0.160472 ret_end=-25.815 dbar_end=0.646 occ_end=0.208 CSR_train=0.000 done_count=125
[upd 310] u=0 upd_ctr=12 opt_step=192 E=0.191 g=0.135 VarTD=0.172090 ret_end=-25.065 dbar_end=0.637 occ_end=0.256 CSR_train=0.000 done_count=125
[Gate5 check] update_counter violations: t0=0 diffs=0
[Gate5 check] opt_step violations: t0=0 diffs=0 (expected_inc=16)
[Gate5 check] NaN masking: nan_on_skip=True finite_on_update=True
[Gate5 summary] mean_update_fraction=0.0385 final_executed_updates_mean=12.00
[Gate5 eval] done_count mean=100.0 CSR mean=0.0100 len_end_mean=26.00
[Gate5 eval] episodes_per_env=4 T_eval=104
[Gate5 eval-debug] locked_eps_occ=0.20 pre(step25): dbar_end=0.459086 occupied_end_mean=0.460000 max_tilde_end_mean=0.668205 CSR@locked=0.000000
[Gate5 eval-debug] locked_eps_occ=0.20 post(step26): dbar_end=0.459620 occupied_end_mean=0.540000 max_tilde_end_mean=0.672619 CSR@locked=0.010000
[Gate5 eval-debug] CSR_pre@0.10=0.0000 CSR_pre@0.15=0.0000 CSR_pre@0.20=0.0000 CSR_pre@0.25=0.0400 CSR_pre@0.30=0.0500
[Gate5 eval-debug] CSR_post@0.10=0.0000 CSR_post@0.15=0.0000 CSR_post@0.20=0.0100 CSR_post@0.25=0.0300 CSR_post@0.30=0.0800
