Importing submoduled environments...
Submoduled environments not found. Skipping import.
[upd 0] u=1 upd_ctr=1 opt_step=16 E=0.125 g=0.083 VarTD=0.159821 ret_end=-27.605 dbar_end=0.794 occ_end=0.110 CSR_train=0.000 done_count=100
[upd 10] u=0 upd_ctr=1 opt_step=16 E=0.931 g=0.089 VarTD=0.166459 ret_end=-27.505 dbar_end=0.772 occ_end=0.192 CSR_train=0.000 done_count=125
[upd 20] u=0 upd_ctr=2 opt_step=32 E=0.815 g=0.094 VarTD=0.165832 ret_end=-27.063 dbar_end=0.755 occ_end=0.176 CSR_train=0.000 done_count=125
[upd 30] u=0 upd_ctr=3 opt_step=48 E=0.760 g=0.112 VarTD=0.156709 ret_end=-26.160 dbar_end=0.698 occ_end=0.216 CSR_train=0.000 done_count=125
[upd 40] u=0 upd_ctr=4 opt_step=64 E=0.708 g=0.114 VarTD=0.141103 ret_end=-26.581 dbar_end=0.691 occ_end=0.200 CSR_train=0.008 done_count=125
[upd 50] u=0 upd_ctr=5 opt_step=80 E=0.791 g=0.107 VarTD=0.147994 ret_end=-27.146 dbar_end=0.711 occ_end=0.168 CSR_train=0.000 done_count=125
[upd 60] u=0 upd_ctr=6 opt_step=96 E=0.875 g=0.109 VarTD=0.144700 ret_end=-26.485 dbar_end=0.706 occ_end=0.208 CSR_train=0.000 done_count=125
[upd 70] u=0 upd_ctr=7 opt_step=112 E=1.000 g=0.123 VarTD=0.145068 ret_end=-25.827 dbar_end=0.666 occ_end=0.192 CSR_train=0.000 done_count=125
[upd 80] u=0 upd_ctr=9 opt_step=144 E=0.268 g=0.123 VarTD=0.147640 ret_end=-25.780 dbar_end=0.667 occ_end=0.200 CSR_train=0.000 done_count=125
[upd 90] u=0 upd_ctr=10 opt_step=160 E=0.532 g=0.149 VarTD=0.178056 ret_end=-25.348 dbar_end=0.607 occ_end=0.296 CSR_train=0.000 done_count=125
[upd 100] u=0 upd_ctr=11 opt_step=176 E=0.825 g=0.131 VarTD=0.173883 ret_end=-26.025 dbar_end=0.646 occ_end=0.248 CSR_train=0.000 done_count=125
[upd 110] u=1 upd_ctr=13 opt_step=208 E=0.141 g=0.149 VarTD=0.195428 ret_end=-24.271 dbar_end=0.606 occ_end=0.248 CSR_train=0.000 done_count=125
[upd 120] u=0 upd_ctr=14 opt_step=224 E=0.461 g=0.147 VarTD=0.214047 ret_end=-24.157 dbar_end=0.611 occ_end=0.240 CSR_train=0.000 done_count=125
[upd 130] u=0 upd_ctr=15 opt_step=240 E=0.856 g=0.155 VarTD=0.270034 ret_end=-24.937 dbar_end=0.594 occ_end=0.330 CSR_train=0.000 done_count=100
[upd 140] u=0 upd_ctr=17 opt_step=272 E=0.336 g=0.156 VarTD=0.389010 ret_end=-24.696 dbar_end=0.593 occ_end=0.232 CSR_train=0.000 done_count=125
[upd 150] u=0 upd_ctr=18 opt_step=288 E=0.741 g=0.152 VarTD=0.448876 ret_end=-24.984 dbar_end=0.600 occ_end=0.232 CSR_train=0.000 done_count=125
[upd 160] u=1 upd_ctr=20 opt_step=320 E=0.199 g=0.165 VarTD=0.532502 ret_end=-23.883 dbar_end=0.573 occ_end=0.184 CSR_train=0.000 done_count=125
[upd 170] u=0 upd_ctr=21 opt_step=336 E=0.641 g=0.154 VarTD=0.671927 ret_end=-24.279 dbar_end=0.595 occ_end=0.224 CSR_train=0.000 done_count=125
[upd 180] u=1 upd_ctr=23 opt_step=368 E=0.197 g=0.163 VarTD=0.780013 ret_end=-24.558 dbar_end=0.577 occ_end=0.312 CSR_train=0.000 done_count=125
[upd 190] u=0 upd_ctr=24 opt_step=384 E=0.644 g=0.174 VarTD=1.030421 ret_end=-24.144 dbar_end=0.557 occ_end=0.248 CSR_train=0.000 done_count=125
[upd 200] u=0 upd_ctr=25 opt_step=400 E=1.000 g=0.168 VarTD=1.109850 ret_end=-23.990 dbar_end=0.569 occ_end=0.272 CSR_train=0.000 done_count=125
[upd 210] u=0 upd_ctr=27 opt_step=432 E=0.634 g=0.167 VarTD=1.388232 ret_end=-24.505 dbar_end=0.570 occ_end=0.336 CSR_train=0.000 done_count=125
[upd 220] u=1 upd_ctr=29 opt_step=464 E=0.206 g=0.173 VarTD=1.502046 ret_end=-23.747 dbar_end=0.558 occ_end=0.320 CSR_train=0.000 done_count=125
[upd 230] u=0 upd_ctr=30 opt_step=480 E=0.846 g=0.180 VarTD=1.844200 ret_end=-24.753 dbar_end=0.546 occ_end=0.320 CSR_train=0.000 done_count=125
[upd 240] u=0 upd_ctr=32 opt_step=512 E=0.523 g=0.172 VarTD=2.091827 ret_end=-23.494 dbar_end=0.561 occ_end=0.288 CSR_train=0.000 done_count=125
[upd 250] u=1 upd_ctr=34 opt_step=544 E=0.182 g=0.169 VarTD=2.239407 ret_end=-24.373 dbar_end=0.566 occ_end=0.312 CSR_train=0.000 done_count=125
[upd 260] u=0 upd_ctr=35 opt_step=560 E=0.831 g=0.188 VarTD=2.127635 ret_end=-22.657 dbar_end=0.532 occ_end=0.330 CSR_train=0.000 done_count=100
[upd 270] u=0 upd_ctr=37 opt_step=592 E=0.548 g=0.189 VarTD=2.942420 ret_end=-23.013 dbar_end=0.530 occ_end=0.376 CSR_train=0.008 done_count=125
[upd 280] u=1 upd_ctr=39 opt_step=624 E=0.211 g=0.179 VarTD=3.095272 ret_end=-23.331 dbar_end=0.548 occ_end=0.296 CSR_train=0.000 done_count=125
[upd 290] u=0 upd_ctr=40 opt_step=640 E=0.843 g=0.181 VarTD=3.471887 ret_end=-23.674 dbar_end=0.544 occ_end=0.296 CSR_train=0.000 done_count=125
[upd 300] u=0 upd_ctr=42 opt_step=672 E=0.525 g=0.172 VarTD=3.758459 ret_end=-23.354 dbar_end=0.561 occ_end=0.280 CSR_train=0.000 done_count=125
[upd 310] u=1 upd_ctr=44 opt_step=704 E=0.222 g=0.191 VarTD=3.982405 ret_end=-22.629 dbar_end=0.528 occ_end=0.400 CSR_train=0.008 done_count=125
[Gate5 check] update_counter violations: t0=0 diffs=0
[Gate5 check] opt_step violations: t0=0 diffs=0 (expected_inc=16)
[Gate5 check] NaN masking: nan_on_skip=True finite_on_update=True
[Gate5 summary] mean_update_fraction=0.1410 final_executed_updates_mean=44.00
[Gate5 eval] done_count mean=100.0 CSR mean=0.0000 len_end_mean=26.00
[Gate5 eval] episodes_per_env=4 T_eval=104
[Gate5 eval-debug] locked_eps_occ=0.20 pre(step25): dbar_end=0.436573 occupied_end_mean=0.490000 max_tilde_end_mean=0.607123 CSR@locked=0.010000
[Gate5 eval-debug] locked_eps_occ=0.20 post(step26): dbar_end=0.444173 occupied_end_mean=0.470000 max_tilde_end_mean=0.620455 CSR@locked=0.000000
[Gate5 eval-debug] CSR_pre@0.10=0.0000 CSR_pre@0.15=0.0000 CSR_pre@0.20=0.0100 CSR_pre@0.25=0.0300 CSR_pre@0.30=0.0900
[Gate5 eval-debug] CSR_post@0.10=0.0000 CSR_post@0.15=0.0000 CSR_post@0.20=0.0000 CSR_post@0.25=0.0300 CSR_post@0.30=0.0600
