Importing submoduled environments...
Submoduled environments not found. Skipping import.
[upd 0] u=1 upd_ctr=1 opt_step=16 E=0.031 g=0.102 VarTD=0.148347 ret_end=-26.397 dbar_end=0.726 occ_end=0.190 CSR_train=0.000 done_count=100
[upd 10] u=0 upd_ctr=1 opt_step=16 E=0.310 g=0.089 VarTD=0.167256 ret_end=-27.327 dbar_end=0.769 occ_end=0.152 CSR_train=0.008 done_count=125
[upd 20] u=0 upd_ctr=1 opt_step=16 E=0.590 g=0.085 VarTD=0.176565 ret_end=-27.948 dbar_end=0.785 occ_end=0.184 CSR_train=0.000 done_count=125
[upd 30] u=0 upd_ctr=1 opt_step=16 E=0.869 g=0.093 VarTD=0.173480 ret_end=-28.125 dbar_end=0.755 occ_end=0.184 CSR_train=0.000 done_count=125
[upd 40] u=0 upd_ctr=2 opt_step=32 E=0.142 g=0.099 VarTD=0.162153 ret_end=-27.093 dbar_end=0.738 occ_end=0.136 CSR_train=0.000 done_count=125
[upd 50] u=0 upd_ctr=2 opt_step=32 E=0.424 g=0.113 VarTD=0.149629 ret_end=-26.026 dbar_end=0.695 occ_end=0.152 CSR_train=0.000 done_count=125
[upd 60] u=0 upd_ctr=2 opt_step=32 E=0.712 g=0.084 VarTD=0.189309 ret_end=-28.640 dbar_end=0.789 occ_end=0.112 CSR_train=0.000 done_count=125
[upd 70] u=0 upd_ctr=2 opt_step=32 E=1.000 g=0.099 VarTD=0.161990 ret_end=-26.685 dbar_end=0.735 occ_end=0.136 CSR_train=0.000 done_count=125
[upd 80] u=0 upd_ctr=3 opt_step=48 E=0.303 g=0.104 VarTD=0.137063 ret_end=-27.518 dbar_end=0.720 occ_end=0.200 CSR_train=0.000 done_count=125
[upd 90] u=0 upd_ctr=3 opt_step=48 E=0.598 g=0.094 VarTD=0.146471 ret_end=-26.873 dbar_end=0.755 occ_end=0.160 CSR_train=0.000 done_count=125
[upd 100] u=0 upd_ctr=3 opt_step=48 E=0.916 g=0.104 VarTD=0.165102 ret_end=-26.739 dbar_end=0.721 occ_end=0.144 CSR_train=0.000 done_count=125
[upd 110] u=0 upd_ctr=4 opt_step=64 E=0.222 g=0.092 VarTD=0.142308 ret_end=-28.163 dbar_end=0.760 occ_end=0.176 CSR_train=0.000 done_count=125
[upd 120] u=0 upd_ctr=4 opt_step=64 E=0.543 g=0.111 VarTD=0.129559 ret_end=-26.547 dbar_end=0.700 occ_end=0.152 CSR_train=0.008 done_count=125
[upd 130] u=0 upd_ctr=4 opt_step=64 E=0.877 g=0.121 VarTD=0.130582 ret_end=-25.755 dbar_end=0.672 occ_end=0.250 CSR_train=0.000 done_count=100
[upd 140] u=0 upd_ctr=5 opt_step=80 E=0.198 g=0.106 VarTD=0.138390 ret_end=-27.484 dbar_end=0.715 occ_end=0.168 CSR_train=0.000 done_count=125
[upd 150] u=0 upd_ctr=5 opt_step=80 E=0.534 g=0.114 VarTD=0.171785 ret_end=-26.281 dbar_end=0.692 occ_end=0.176 CSR_train=0.000 done_count=125
[upd 160] u=0 upd_ctr=5 opt_step=80 E=0.861 g=0.122 VarTD=0.151555 ret_end=-26.105 dbar_end=0.669 occ_end=0.216 CSR_train=0.000 done_count=125
[upd 170] u=0 upd_ctr=6 opt_step=96 E=0.178 g=0.130 VarTD=0.120648 ret_end=-25.545 dbar_end=0.649 occ_end=0.152 CSR_train=0.000 done_count=125
[upd 180] u=0 upd_ctr=6 opt_step=96 E=0.523 g=0.107 VarTD=0.171992 ret_end=-25.856 dbar_end=0.710 occ_end=0.184 CSR_train=0.000 done_count=125
[upd 190] u=0 upd_ctr=6 opt_step=96 E=0.873 g=0.111 VarTD=0.153347 ret_end=-26.555 dbar_end=0.701 occ_end=0.104 CSR_train=0.000 done_count=125
[upd 200] u=0 upd_ctr=7 opt_step=112 E=0.214 g=0.114 VarTD=0.169177 ret_end=-26.919 dbar_end=0.691 occ_end=0.176 CSR_train=0.000 done_count=125
[upd 210] u=0 upd_ctr=7 opt_step=112 E=0.580 g=0.121 VarTD=0.123698 ret_end=-25.118 dbar_end=0.672 occ_end=0.192 CSR_train=0.000 done_count=125
[upd 220] u=0 upd_ctr=7 opt_step=112 E=0.949 g=0.124 VarTD=0.134262 ret_end=-25.656 dbar_end=0.664 occ_end=0.176 CSR_train=0.000 done_count=125
[upd 230] u=0 upd_ctr=8 opt_step=128 E=0.301 g=0.127 VarTD=0.125151 ret_end=-24.894 dbar_end=0.658 occ_end=0.264 CSR_train=0.000 done_count=125
[upd 240] u=0 upd_ctr=8 opt_step=128 E=0.675 g=0.132 VarTD=0.136371 ret_end=-25.720 dbar_end=0.645 occ_end=0.168 CSR_train=0.000 done_count=125
[upd 250] u=1 upd_ctr=9 opt_step=144 E=0.038 g=0.125 VarTD=0.151425 ret_end=-25.859 dbar_end=0.661 occ_end=0.224 CSR_train=0.000 done_count=125
[upd 260] u=0 upd_ctr=9 opt_step=144 E=0.425 g=0.124 VarTD=0.145179 ret_end=-24.579 dbar_end=0.664 occ_end=0.200 CSR_train=0.000 done_count=100
[upd 270] u=0 upd_ctr=9 opt_step=144 E=0.819 g=0.130 VarTD=0.143495 ret_end=-25.382 dbar_end=0.650 occ_end=0.248 CSR_train=0.000 done_count=125
[upd 280] u=0 upd_ctr=10 opt_step=160 E=0.188 g=0.123 VarTD=0.160164 ret_end=-26.060 dbar_end=0.668 occ_end=0.192 CSR_train=0.000 done_count=125
[upd 290] u=0 upd_ctr=10 opt_step=160 E=0.576 g=0.137 VarTD=0.164365 ret_end=-25.628 dbar_end=0.632 occ_end=0.240 CSR_train=0.000 done_count=125
[upd 300] u=0 upd_ctr=10 opt_step=160 E=0.962 g=0.127 VarTD=0.183790 ret_end=-26.148 dbar_end=0.657 occ_end=0.200 CSR_train=0.000 done_count=125
[upd 310] u=0 upd_ctr=11 opt_step=176 E=0.357 g=0.128 VarTD=0.186231 ret_end=-25.924 dbar_end=0.655 occ_end=0.256 CSR_train=0.000 done_count=125
[Gate5 check] update_counter violations: t0=0 diffs=0
[Gate5 check] opt_step violations: t0=0 diffs=0 (expected_inc=16)
[Gate5 check] NaN masking: nan_on_skip=True finite_on_update=True
[Gate5 summary] mean_update_fraction=0.0353 final_executed_updates_mean=11.00
[Gate5 eval] done_count mean=100.0 CSR mean=0.0100 len_end_mean=26.00
[Gate5 eval] episodes_per_env=4 T_eval=104
[Gate5 eval-debug] locked_eps_occ=0.20 pre(step25): dbar_end=0.482097 occupied_end_mean=0.470000 max_tilde_end_mean=0.691344 CSR@locked=0.000000
[Gate5 eval-debug] locked_eps_occ=0.20 post(step26): dbar_end=0.476928 occupied_end_mean=0.510000 max_tilde_end_mean=0.681892 CSR@locked=0.010000
[Gate5 eval-debug] CSR_pre@0.10=0.0000 CSR_pre@0.15=0.0000 CSR_pre@0.20=0.0000 CSR_pre@0.25=0.0200 CSR_pre@0.30=0.0600
[Gate5 eval-debug] CSR_post@0.10=0.0000 CSR_post@0.15=0.0000 CSR_post@0.20=0.0100 CSR_post@0.25=0.0400 CSR_post@0.30=0.0500
