Importing submoduled environments...
Submoduled environments not found. Skipping import.
[upd 0] u=1 upd_ctr=1 opt_step=16 E=0.069 g=0.093 VarTD=0.149936 ret_end=-27.435 dbar_end=0.756 occ_end=0.150 CSR_train=0.000 done_count=100
[upd 10] u=0 upd_ctr=1 opt_step=16 E=0.256 g=0.100 VarTD=0.132044 ret_end=-26.929 dbar_end=0.734 occ_end=0.192 CSR_train=0.000 done_count=125
[upd 20] u=0 upd_ctr=1 opt_step=16 E=0.458 g=0.107 VarTD=0.153948 ret_end=-26.021 dbar_end=0.712 occ_end=0.192 CSR_train=0.000 done_count=125
[upd 30] u=0 upd_ctr=1 opt_step=16 E=0.640 g=0.084 VarTD=0.174361 ret_end=-28.107 dbar_end=0.790 occ_end=0.136 CSR_train=0.008 done_count=125
[upd 40] u=0 upd_ctr=1 opt_step=16 E=0.821 g=0.091 VarTD=0.143332 ret_end=-27.531 dbar_end=0.765 occ_end=0.096 CSR_train=0.000 done_count=125
[upd 50] u=0 upd_ctr=2 opt_step=32 E=0.051 g=0.091 VarTD=0.133482 ret_end=-26.849 dbar_end=0.762 occ_end=0.128 CSR_train=0.000 done_count=125
[upd 60] u=0 upd_ctr=2 opt_step=32 E=0.236 g=0.098 VarTD=0.143095 ret_end=-27.285 dbar_end=0.739 occ_end=0.136 CSR_train=0.000 done_count=125
[upd 70] u=0 upd_ctr=2 opt_step=32 E=0.424 g=0.093 VarTD=0.147145 ret_end=-27.700 dbar_end=0.757 occ_end=0.168 CSR_train=0.000 done_count=125
[upd 80] u=0 upd_ctr=2 opt_step=32 E=0.627 g=0.100 VarTD=0.131288 ret_end=-26.080 dbar_end=0.732 occ_end=0.168 CSR_train=0.000 done_count=125
[upd 90] u=0 upd_ctr=2 opt_step=32 E=0.822 g=0.097 VarTD=0.134622 ret_end=-27.189 dbar_end=0.742 occ_end=0.160 CSR_train=0.000 done_count=125
[upd 100] u=0 upd_ctr=3 opt_step=48 E=0.062 g=0.099 VarTD=0.153822 ret_end=-26.032 dbar_end=0.735 occ_end=0.160 CSR_train=0.000 done_count=125
[upd 110] u=0 upd_ctr=3 opt_step=48 E=0.256 g=0.090 VarTD=0.145958 ret_end=-27.456 dbar_end=0.766 occ_end=0.136 CSR_train=0.000 done_count=125
[upd 120] u=0 upd_ctr=3 opt_step=48 E=0.450 g=0.107 VarTD=0.138895 ret_end=-26.121 dbar_end=0.712 occ_end=0.184 CSR_train=0.000 done_count=125
[upd 130] u=0 upd_ctr=3 opt_step=48 E=0.649 g=0.094 VarTD=0.188859 ret_end=-27.126 dbar_end=0.753 occ_end=0.150 CSR_train=0.000 done_count=100
[upd 140] u=0 upd_ctr=3 opt_step=48 E=0.840 g=0.095 VarTD=0.174050 ret_end=-26.483 dbar_end=0.750 occ_end=0.152 CSR_train=0.000 done_count=125
[upd 150] u=0 upd_ctr=4 opt_step=64 E=0.087 g=0.102 VarTD=0.128208 ret_end=-27.258 dbar_end=0.727 occ_end=0.160 CSR_train=0.000 done_count=125
[upd 160] u=0 upd_ctr=4 opt_step=64 E=0.284 g=0.106 VarTD=0.156219 ret_end=-27.155 dbar_end=0.716 occ_end=0.232 CSR_train=0.000 done_count=125
[upd 170] u=0 upd_ctr=4 opt_step=64 E=0.482 g=0.108 VarTD=0.136996 ret_end=-26.437 dbar_end=0.710 occ_end=0.136 CSR_train=0.000 done_count=125
[upd 180] u=0 upd_ctr=4 opt_step=64 E=0.683 g=0.119 VarTD=0.128462 ret_end=-25.465 dbar_end=0.678 occ_end=0.216 CSR_train=0.000 done_count=125
[upd 190] u=0 upd_ctr=4 opt_step=64 E=0.884 g=0.097 VarTD=0.132795 ret_end=-27.145 dbar_end=0.743 occ_end=0.120 CSR_train=0.000 done_count=125
[upd 200] u=0 upd_ctr=5 opt_step=80 E=0.139 g=0.100 VarTD=0.140838 ret_end=-27.643 dbar_end=0.734 occ_end=0.112 CSR_train=0.000 done_count=125
[upd 210] u=0 upd_ctr=5 opt_step=80 E=0.356 g=0.100 VarTD=0.148540 ret_end=-27.127 dbar_end=0.734 occ_end=0.112 CSR_train=0.000 done_count=125
[upd 220] u=0 upd_ctr=5 opt_step=80 E=0.573 g=0.110 VarTD=0.117612 ret_end=-26.244 dbar_end=0.704 occ_end=0.160 CSR_train=0.000 done_count=125
[upd 230] u=0 upd_ctr=5 opt_step=80 E=0.783 g=0.104 VarTD=0.132802 ret_end=-26.239 dbar_end=0.720 occ_end=0.160 CSR_train=0.000 done_count=125
[upd 240] u=0 upd_ctr=6 opt_step=96 E=0.054 g=0.120 VarTD=0.133605 ret_end=-25.967 dbar_end=0.674 occ_end=0.224 CSR_train=0.000 done_count=125
[upd 250] u=0 upd_ctr=6 opt_step=96 E=0.262 g=0.097 VarTD=0.163367 ret_end=-27.456 dbar_end=0.744 occ_end=0.144 CSR_train=0.000 done_count=125
[upd 260] u=0 upd_ctr=6 opt_step=96 E=0.488 g=0.112 VarTD=0.124190 ret_end=-25.824 dbar_end=0.697 occ_end=0.180 CSR_train=0.000 done_count=100
[upd 270] u=0 upd_ctr=6 opt_step=96 E=0.716 g=0.120 VarTD=0.155016 ret_end=-25.873 dbar_end=0.674 occ_end=0.256 CSR_train=0.000 done_count=125
[upd 280] u=0 upd_ctr=6 opt_step=96 E=0.943 g=0.122 VarTD=0.124479 ret_end=-24.718 dbar_end=0.670 occ_end=0.248 CSR_train=0.000 done_count=125
[upd 290] u=0 upd_ctr=7 opt_step=112 E=0.229 g=0.105 VarTD=0.154632 ret_end=-27.213 dbar_end=0.718 occ_end=0.200 CSR_train=0.000 done_count=125
[upd 300] u=0 upd_ctr=7 opt_step=112 E=0.453 g=0.131 VarTD=0.109132 ret_end=-24.821 dbar_end=0.646 occ_end=0.208 CSR_train=0.000 done_count=125
[upd 310] u=0 upd_ctr=7 opt_step=112 E=0.683 g=0.122 VarTD=0.131696 ret_end=-25.849 dbar_end=0.670 occ_end=0.224 CSR_train=0.000 done_count=125
[Gate5 check] update_counter violations: t0=0 diffs=0
[Gate5 check] opt_step violations: t0=0 diffs=0 (expected_inc=16)
[Gate5 check] NaN masking: nan_on_skip=True finite_on_update=True
[Gate5 summary] mean_update_fraction=0.0224 final_executed_updates_mean=7.00
[Gate5 eval] done_count mean=100.0 CSR mean=0.0000 len_end_mean=26.00
[Gate5 eval] episodes_per_env=4 T_eval=104
[Gate5 eval-debug] locked_eps_occ=0.20 pre(step25): dbar_end=0.530747 occupied_end_mean=0.370000 max_tilde_end_mean=0.791453 CSR@locked=0.000000
[Gate5 eval-debug] locked_eps_occ=0.20 post(step26): dbar_end=0.527609 occupied_end_mean=0.380000 max_tilde_end_mean=0.776348 CSR@locked=0.000000
[Gate5 eval-debug] CSR_pre@0.10=0.0000 CSR_pre@0.15=0.0000 CSR_pre@0.20=0.0000 CSR_pre@0.25=0.0000 CSR_pre@0.30=0.0300
[Gate5 eval-debug] CSR_post@0.10=0.0000 CSR_post@0.15=0.0000 CSR_post@0.20=0.0000 CSR_post@0.25=0.0000 CSR_post@0.30=0.0000
