Importing submoduled environments...
Submoduled environments not found. Skipping import.
[upd 0] u=1 upd_ctr=1 opt_step=16 E=0.128 g=0.092 VarTD=0.127621 ret_end=-27.319 dbar_end=0.760 occ_end=0.140 CSR_train=0.000 done_count=100
[upd 10] u=0 upd_ctr=1 opt_step=16 E=0.412 g=0.102 VarTD=0.162085 ret_end=-27.682 dbar_end=0.727 occ_end=0.168 CSR_train=0.000 done_count=125
[upd 20] u=0 upd_ctr=1 opt_step=16 E=0.683 g=0.083 VarTD=0.141936 ret_end=-28.343 dbar_end=0.793 occ_end=0.144 CSR_train=0.000 done_count=125
[upd 30] u=0 upd_ctr=2 opt_step=32 E=0.066 g=0.095 VarTD=0.132579 ret_end=-26.910 dbar_end=0.750 occ_end=0.184 CSR_train=0.000 done_count=125
[upd 40] u=0 upd_ctr=2 opt_step=32 E=0.339 g=0.084 VarTD=0.145583 ret_end=-27.751 dbar_end=0.788 occ_end=0.080 CSR_train=0.000 done_count=125
[upd 50] u=0 upd_ctr=2 opt_step=32 E=0.625 g=0.097 VarTD=0.138642 ret_end=-26.785 dbar_end=0.741 occ_end=0.192 CSR_train=0.000 done_count=125
[upd 60] u=0 upd_ctr=2 opt_step=32 E=0.914 g=0.098 VarTD=0.127209 ret_end=-27.115 dbar_end=0.741 occ_end=0.136 CSR_train=0.000 done_count=125
[upd 70] u=0 upd_ctr=3 opt_step=48 E=0.315 g=0.099 VarTD=0.169837 ret_end=-27.137 dbar_end=0.737 occ_end=0.144 CSR_train=0.000 done_count=125
[upd 80] u=0 upd_ctr=3 opt_step=48 E=0.627 g=0.105 VarTD=0.154950 ret_end=-26.348 dbar_end=0.718 occ_end=0.160 CSR_train=0.000 done_count=125
[upd 90] u=1 upd_ctr=4 opt_step=64 E=0.033 g=0.099 VarTD=0.153775 ret_end=-28.186 dbar_end=0.736 occ_end=0.184 CSR_train=0.000 done_count=125
[upd 100] u=0 upd_ctr=4 opt_step=64 E=0.357 g=0.116 VarTD=0.127239 ret_end=-25.324 dbar_end=0.685 occ_end=0.160 CSR_train=0.000 done_count=125
[upd 110] u=0 upd_ctr=4 opt_step=64 E=0.676 g=0.094 VarTD=0.164005 ret_end=-27.970 dbar_end=0.752 occ_end=0.168 CSR_train=0.000 done_count=125
[upd 120] u=0 upd_ctr=5 opt_step=80 E=0.104 g=0.120 VarTD=0.126714 ret_end=-26.420 dbar_end=0.674 occ_end=0.176 CSR_train=0.000 done_count=125
[upd 130] u=0 upd_ctr=5 opt_step=80 E=0.438 g=0.120 VarTD=0.115153 ret_end=-25.252 dbar_end=0.676 occ_end=0.210 CSR_train=0.000 done_count=100
[upd 140] u=0 upd_ctr=5 opt_step=80 E=0.775 g=0.121 VarTD=0.146521 ret_end=-26.197 dbar_end=0.672 occ_end=0.176 CSR_train=0.000 done_count=125
[upd 150] u=0 upd_ctr=6 opt_step=96 E=0.219 g=0.116 VarTD=0.123785 ret_end=-26.075 dbar_end=0.687 occ_end=0.200 CSR_train=0.000 done_count=125
[upd 160] u=0 upd_ctr=6 opt_step=96 E=0.558 g=0.119 VarTD=0.115133 ret_end=-26.360 dbar_end=0.677 occ_end=0.304 CSR_train=0.008 done_count=125
[upd 170] u=0 upd_ctr=6 opt_step=96 E=0.906 g=0.119 VarTD=0.158568 ret_end=-25.913 dbar_end=0.678 occ_end=0.208 CSR_train=0.000 done_count=125
[upd 180] u=0 upd_ctr=7 opt_step=112 E=0.374 g=0.132 VarTD=0.146435 ret_end=-25.125 dbar_end=0.644 occ_end=0.224 CSR_train=0.000 done_count=125
[upd 190] u=0 upd_ctr=7 opt_step=112 E=0.733 g=0.123 VarTD=0.143250 ret_end=-25.989 dbar_end=0.668 occ_end=0.216 CSR_train=0.000 done_count=125
[upd 200] u=0 upd_ctr=8 opt_step=128 E=0.204 g=0.121 VarTD=0.127724 ret_end=-26.465 dbar_end=0.672 occ_end=0.208 CSR_train=0.000 done_count=125
[upd 210] u=0 upd_ctr=8 opt_step=128 E=0.572 g=0.100 VarTD=0.136373 ret_end=-26.957 dbar_end=0.733 occ_end=0.128 CSR_train=0.000 done_count=125
[upd 220] u=0 upd_ctr=8 opt_step=128 E=0.934 g=0.125 VarTD=0.130095 ret_end=-25.827 dbar_end=0.663 occ_end=0.192 CSR_train=0.000 done_count=125
[upd 230] u=0 upd_ctr=9 opt_step=144 E=0.385 g=0.104 VarTD=0.164795 ret_end=-26.828 dbar_end=0.720 occ_end=0.144 CSR_train=0.000 done_count=125
[upd 240] u=0 upd_ctr=9 opt_step=144 E=0.751 g=0.113 VarTD=0.161895 ret_end=-26.877 dbar_end=0.693 occ_end=0.224 CSR_train=0.000 done_count=125
[upd 250] u=0 upd_ctr=10 opt_step=160 E=0.217 g=0.129 VarTD=0.170891 ret_end=-26.120 dbar_end=0.653 occ_end=0.216 CSR_train=0.000 done_count=125
[upd 260] u=0 upd_ctr=10 opt_step=160 E=0.591 g=0.108 VarTD=0.166205 ret_end=-27.167 dbar_end=0.708 occ_end=0.130 CSR_train=0.000 done_count=100
[upd 270] u=1 upd_ctr=11 opt_step=176 E=0.062 g=0.121 VarTD=0.136707 ret_end=-26.071 dbar_end=0.672 occ_end=0.184 CSR_train=0.000 done_count=125
[upd 280] u=0 upd_ctr=11 opt_step=176 E=0.442 g=0.127 VarTD=0.186437 ret_end=-25.276 dbar_end=0.656 occ_end=0.288 CSR_train=0.000 done_count=125
[upd 290] u=0 upd_ctr=11 opt_step=176 E=0.815 g=0.138 VarTD=0.169808 ret_end=-25.007 dbar_end=0.631 occ_end=0.232 CSR_train=0.000 done_count=125
[upd 300] u=0 upd_ctr=12 opt_step=192 E=0.290 g=0.122 VarTD=0.188589 ret_end=-25.932 dbar_end=0.670 occ_end=0.152 CSR_train=0.000 done_count=125
[upd 310] u=0 upd_ctr=12 opt_step=192 E=0.669 g=0.124 VarTD=0.174170 ret_end=-24.987 dbar_end=0.666 occ_end=0.152 CSR_train=0.000 done_count=125
[Gate5 check] update_counter violations: t0=0 diffs=0
[Gate5 check] opt_step violations: t0=0 diffs=0 (expected_inc=16)
[Gate5 check] NaN masking: nan_on_skip=True finite_on_update=True
[Gate5 summary] mean_update_fraction=0.0385 final_executed_updates_mean=12.00
[Gate5 eval] done_count mean=100.0 CSR mean=0.0000 len_end_mean=26.00
[Gate5 eval] episodes_per_env=4 T_eval=104
[Gate5 eval-debug] locked_eps_occ=0.20 pre(step25): dbar_end=0.479825 occupied_end_mean=0.350000 max_tilde_end_mean=0.675504 CSR@locked=0.000000
[Gate5 eval-debug] locked_eps_occ=0.20 post(step26): dbar_end=0.478784 occupied_end_mean=0.390000 max_tilde_end_mean=0.672673 CSR@locked=0.000000
[Gate5 eval-debug] CSR_pre@0.10=0.0000 CSR_pre@0.15=0.0000 CSR_pre@0.20=0.0000 CSR_pre@0.25=0.0000 CSR_pre@0.30=0.0200
[Gate5 eval-debug] CSR_post@0.10=0.0000 CSR_post@0.15=0.0000 CSR_post@0.20=0.0000 CSR_post@0.25=0.0100 CSR_post@0.30=0.0300
