Importing submoduled environments...
Submoduled environments not found. Skipping import.
[upd 0] u=1 upd_ctr=1 opt_step=16 E=0.910 g=0.102 VarTD=0.148347 ret_end=-26.397 dbar_end=0.726 occ_end=0.190 CSR_train=0.000 done_count=100
[upd 10] u=1 upd_ctr=11 opt_step=176 E=0.019 g=0.117 VarTD=0.152366 ret_end=-25.996 dbar_end=0.684 occ_end=0.176 CSR_train=0.000 done_count=125
[upd 20] u=0 upd_ctr=12 opt_step=192 E=0.053 g=0.131 VarTD=0.175465 ret_end=-25.780 dbar_end=0.648 occ_end=0.192 CSR_train=0.000 done_count=125
[upd 30] u=0 upd_ctr=13 opt_step=208 E=0.086 g=0.140 VarTD=0.185665 ret_end=-25.704 dbar_end=0.627 occ_end=0.232 CSR_train=0.000 done_count=125
[upd 40] u=1 upd_ctr=15 opt_step=240 E=0.023 g=0.137 VarTD=0.234372 ret_end=-25.096 dbar_end=0.633 occ_end=0.224 CSR_train=0.000 done_count=125
[upd 50] u=0 upd_ctr=16 opt_step=256 E=0.059 g=0.158 VarTD=0.289080 ret_end=-24.060 dbar_end=0.588 occ_end=0.304 CSR_train=0.000 done_count=125
[upd 60] u=0 upd_ctr=17 opt_step=272 E=0.094 g=0.125 VarTD=0.345450 ret_end=-26.391 dbar_end=0.661 occ_end=0.160 CSR_train=0.000 done_count=125
[upd 70] u=0 upd_ctr=19 opt_step=304 E=0.035 g=0.157 VarTD=0.490927 ret_end=-24.303 dbar_end=0.589 occ_end=0.344 CSR_train=0.000 done_count=125
[upd 80] u=0 upd_ctr=20 opt_step=320 E=0.075 g=0.143 VarTD=0.519178 ret_end=-25.557 dbar_end=0.619 occ_end=0.312 CSR_train=0.000 done_count=125
[upd 90] u=1 upd_ctr=22 opt_step=352 E=0.013 g=0.133 VarTD=0.598619 ret_end=-24.938 dbar_end=0.644 occ_end=0.192 CSR_train=0.000 done_count=125
[upd 100] u=0 upd_ctr=23 opt_step=368 E=0.059 g=0.140 VarTD=0.781257 ret_end=-25.168 dbar_end=0.627 occ_end=0.200 CSR_train=0.000 done_count=125
[upd 110] u=0 upd_ctr=24 opt_step=384 E=0.101 g=0.137 VarTD=0.884757 ret_end=-25.823 dbar_end=0.634 occ_end=0.240 CSR_train=0.000 done_count=125
[upd 120] u=0 upd_ctr=26 opt_step=416 E=0.045 g=0.147 VarTD=1.080898 ret_end=-24.840 dbar_end=0.612 occ_end=0.160 CSR_train=0.000 done_count=125
[Gate5 check] update_counter violations: t0=0 diffs=0
[Gate5 check] opt_step violations: t0=0 diffs=0 (expected_inc=16)
[Gate5 check] NaN masking: nan_on_skip=True finite_on_update=True
[Gate5 summary] mean_update_fraction=0.2080 final_executed_updates_mean=26.00
[Gate5 eval] done_count mean=100.0 CSR mean=0.0100 len_end_mean=26.00
[Gate5 eval] episodes_per_env=4 T_eval=104
[Gate5 eval-debug] locked_eps_occ=0.20 pre(step25): dbar_end=0.472794 occupied_end_mean=0.400000 max_tilde_end_mean=0.673644 CSR@locked=0.010000
[Gate5 eval-debug] locked_eps_occ=0.20 post(step26): dbar_end=0.471594 occupied_end_mean=0.420000 max_tilde_end_mean=0.676306 CSR@locked=0.010000
[Gate5 eval-debug] CSR_pre@0.10=0.0000 CSR_pre@0.15=0.0000 CSR_pre@0.20=0.0100 CSR_pre@0.25=0.0300 CSR_pre@0.30=0.0700
[Gate5 eval-debug] CSR_post@0.10=0.0000 CSR_post@0.15=0.0000 CSR_post@0.20=0.0100 CSR_post@0.25=0.0200 CSR_post@0.30=0.0400
