Importing submoduled environments...
Submoduled environments not found. Skipping import.
[upd 0] u=1 upd_ctr=1 opt_step=16 E=0.078 g=0.097 VarTD=0.135831 ret_end=-26.760 dbar_end=0.743 occ_end=0.210 CSR_train=0.000 done_count=100
[upd 10] u=0 upd_ctr=1 opt_step=16 E=0.836 g=0.103 VarTD=0.167736 ret_end=-26.060 dbar_end=0.724 occ_end=0.152 CSR_train=0.000 done_count=125
[upd 20] u=0 upd_ctr=2 opt_step=32 E=0.530 g=0.088 VarTD=0.165640 ret_end=-27.386 dbar_end=0.774 occ_end=0.160 CSR_train=0.000 done_count=125
[upd 30] u=0 upd_ctr=3 opt_step=48 E=0.229 g=0.099 VarTD=0.196841 ret_end=-26.639 dbar_end=0.737 occ_end=0.136 CSR_train=0.000 done_count=125
[upd 40] u=0 upd_ctr=3 opt_step=48 E=1.000 g=0.107 VarTD=0.142894 ret_end=-26.306 dbar_end=0.711 occ_end=0.176 CSR_train=0.000 done_count=125
[upd 50] u=0 upd_ctr=4 opt_step=64 E=0.838 g=0.097 VarTD=0.143348 ret_end=-26.943 dbar_end=0.743 occ_end=0.128 CSR_train=0.000 done_count=125
[upd 60] u=0 upd_ctr=5 opt_step=80 E=0.611 g=0.100 VarTD=0.135341 ret_end=-27.453 dbar_end=0.733 occ_end=0.184 CSR_train=0.000 done_count=125
[upd 70] u=0 upd_ctr=6 opt_step=96 E=0.465 g=0.114 VarTD=0.117887 ret_end=-26.320 dbar_end=0.690 occ_end=0.152 CSR_train=0.000 done_count=125
[upd 80] u=0 upd_ctr=7 opt_step=112 E=0.387 g=0.128 VarTD=0.118063 ret_end=-25.609 dbar_end=0.656 occ_end=0.304 CSR_train=0.000 done_count=125
[upd 90] u=0 upd_ctr=8 opt_step=128 E=0.279 g=0.121 VarTD=0.113977 ret_end=-26.390 dbar_end=0.672 occ_end=0.200 CSR_train=0.000 done_count=125
[upd 100] u=0 upd_ctr=9 opt_step=144 E=0.196 g=0.120 VarTD=0.139528 ret_end=-26.265 dbar_end=0.676 occ_end=0.184 CSR_train=0.000 done_count=125
[upd 110] u=1 upd_ctr=10 opt_step=160 E=0.108 g=0.135 VarTD=0.138551 ret_end=-24.443 dbar_end=0.637 occ_end=0.280 CSR_train=0.000 done_count=125
[upd 120] u=1 upd_ctr=11 opt_step=176 E=0.111 g=0.139 VarTD=0.136721 ret_end=-24.707 dbar_end=0.628 occ_end=0.216 CSR_train=0.000 done_count=125
[Gate5 check] update_counter violations: t0=0 diffs=0
[Gate5 check] opt_step violations: t0=0 diffs=0 (expected_inc=16)
[Gate5 check] NaN masking: nan_on_skip=True finite_on_update=True
[Gate5 summary] mean_update_fraction=0.0880 final_executed_updates_mean=11.00
[Gate5 eval] done_count mean=100.0 CSR mean=0.0100 len_end_mean=26.00
[Gate5 eval] episodes_per_env=4 T_eval=104
[Gate5 eval-debug] locked_eps_occ=0.20 pre(step25): dbar_end=0.476356 occupied_end_mean=0.440000 max_tilde_end_mean=0.689866 CSR@locked=0.010000
[Gate5 eval-debug] locked_eps_occ=0.20 post(step26): dbar_end=0.474052 occupied_end_mean=0.430000 max_tilde_end_mean=0.680393 CSR@locked=0.010000
[Gate5 eval-debug] CSR_pre@0.10=0.0000 CSR_pre@0.15=0.0000 CSR_pre@0.20=0.0100 CSR_pre@0.25=0.0100 CSR_pre@0.30=0.0400
[Gate5 eval-debug] CSR_post@0.10=0.0000 CSR_post@0.15=0.0000 CSR_post@0.20=0.0100 CSR_post@0.25=0.0200 CSR_post@0.30=0.0500
