Importing submoduled environments...
Submoduled environments not found. Skipping import.
[upd 0] u=1 upd_ctr=1 opt_step=16 E=0.059 g=0.094 VarTD=0.148631 ret_end=-26.843 dbar_end=0.752 occ_end=0.140 CSR_train=0.000 done_count=100
[upd 10] u=0 upd_ctr=1 opt_step=16 E=0.151 g=0.098 VarTD=0.120442 ret_end=-26.989 dbar_end=0.738 occ_end=0.144 CSR_train=0.000 done_count=125
[upd 20] u=0 upd_ctr=1 opt_step=16 E=0.243 g=0.093 VarTD=0.164388 ret_end=-27.803 dbar_end=0.757 occ_end=0.128 CSR_train=0.000 done_count=125
[upd 30] u=0 upd_ctr=1 opt_step=16 E=0.334 g=0.089 VarTD=0.129913 ret_end=-27.111 dbar_end=0.771 occ_end=0.144 CSR_train=0.000 done_count=125
[upd 40] u=0 upd_ctr=1 opt_step=16 E=0.431 g=0.100 VarTD=0.159573 ret_end=-26.946 dbar_end=0.735 occ_end=0.184 CSR_train=0.000 done_count=125
[upd 50] u=0 upd_ctr=1 opt_step=16 E=0.524 g=0.101 VarTD=0.131019 ret_end=-27.342 dbar_end=0.729 occ_end=0.168 CSR_train=0.000 done_count=125
[upd 60] u=0 upd_ctr=1 opt_step=16 E=0.615 g=0.091 VarTD=0.146181 ret_end=-27.507 dbar_end=0.765 occ_end=0.136 CSR_train=0.000 done_count=125
[upd 70] u=0 upd_ctr=1 opt_step=16 E=0.711 g=0.096 VarTD=0.141874 ret_end=-26.559 dbar_end=0.747 occ_end=0.136 CSR_train=0.000 done_count=125
[upd 80] u=0 upd_ctr=1 opt_step=16 E=0.805 g=0.097 VarTD=0.125744 ret_end=-26.633 dbar_end=0.742 occ_end=0.168 CSR_train=0.000 done_count=125
[upd 90] u=0 upd_ctr=1 opt_step=16 E=0.901 g=0.097 VarTD=0.135898 ret_end=-26.513 dbar_end=0.744 occ_end=0.168 CSR_train=0.000 done_count=125
[upd 100] u=0 upd_ctr=2 opt_step=32 E=0.051 g=0.096 VarTD=0.169303 ret_end=-27.216 dbar_end=0.745 occ_end=0.128 CSR_train=0.000 done_count=125
[upd 110] u=0 upd_ctr=2 opt_step=32 E=0.152 g=0.096 VarTD=0.174273 ret_end=-27.190 dbar_end=0.745 occ_end=0.152 CSR_train=0.000 done_count=125
[upd 120] u=0 upd_ctr=2 opt_step=32 E=0.247 g=0.094 VarTD=0.134845 ret_end=-26.839 dbar_end=0.753 occ_end=0.200 CSR_train=0.000 done_count=125
[upd 130] u=0 upd_ctr=2 opt_step=32 E=0.348 g=0.092 VarTD=0.138331 ret_end=-27.467 dbar_end=0.760 occ_end=0.170 CSR_train=0.000 done_count=100
[upd 140] u=0 upd_ctr=2 opt_step=32 E=0.446 g=0.087 VarTD=0.167739 ret_end=-28.496 dbar_end=0.778 occ_end=0.120 CSR_train=0.000 done_count=125
[upd 150] u=0 upd_ctr=2 opt_step=32 E=0.543 g=0.092 VarTD=0.142335 ret_end=-27.019 dbar_end=0.758 occ_end=0.096 CSR_train=0.000 done_count=125
[upd 160] u=0 upd_ctr=2 opt_step=32 E=0.640 g=0.093 VarTD=0.139007 ret_end=-27.571 dbar_end=0.758 occ_end=0.184 CSR_train=0.000 done_count=125
[upd 170] u=0 upd_ctr=2 opt_step=32 E=0.739 g=0.090 VarTD=0.153622 ret_end=-27.844 dbar_end=0.769 occ_end=0.168 CSR_train=0.000 done_count=125
[upd 180] u=0 upd_ctr=2 opt_step=32 E=0.838 g=0.093 VarTD=0.153211 ret_end=-27.156 dbar_end=0.757 occ_end=0.168 CSR_train=0.000 done_count=125
[upd 190] u=0 upd_ctr=2 opt_step=32 E=0.942 g=0.094 VarTD=0.154921 ret_end=-26.840 dbar_end=0.754 occ_end=0.184 CSR_train=0.000 done_count=125
[upd 200] u=0 upd_ctr=3 opt_step=48 E=0.098 g=0.104 VarTD=0.134146 ret_end=-26.926 dbar_end=0.720 occ_end=0.160 CSR_train=0.000 done_count=125
[upd 210] u=0 upd_ctr=3 opt_step=48 E=0.199 g=0.107 VarTD=0.148448 ret_end=-26.338 dbar_end=0.711 occ_end=0.176 CSR_train=0.000 done_count=125
[upd 220] u=0 upd_ctr=3 opt_step=48 E=0.306 g=0.093 VarTD=0.163822 ret_end=-28.246 dbar_end=0.757 occ_end=0.168 CSR_train=0.008 done_count=125
[upd 230] u=0 upd_ctr=3 opt_step=48 E=0.410 g=0.110 VarTD=0.138215 ret_end=-25.413 dbar_end=0.702 occ_end=0.192 CSR_train=0.000 done_count=125
[upd 240] u=0 upd_ctr=3 opt_step=48 E=0.516 g=0.110 VarTD=0.117171 ret_end=-25.895 dbar_end=0.704 occ_end=0.216 CSR_train=0.000 done_count=125
[upd 250] u=0 upd_ctr=3 opt_step=48 E=0.619 g=0.099 VarTD=0.129601 ret_end=-26.616 dbar_end=0.737 occ_end=0.144 CSR_train=0.000 done_count=125
[upd 260] u=0 upd_ctr=3 opt_step=48 E=0.725 g=0.103 VarTD=0.149364 ret_end=-26.800 dbar_end=0.725 occ_end=0.190 CSR_train=0.010 done_count=100
[upd 270] u=0 upd_ctr=3 opt_step=48 E=0.831 g=0.111 VarTD=0.134272 ret_end=-26.269 dbar_end=0.701 occ_end=0.168 CSR_train=0.000 done_count=125
[upd 280] u=0 upd_ctr=3 opt_step=48 E=0.934 g=0.107 VarTD=0.153552 ret_end=-26.813 dbar_end=0.711 occ_end=0.176 CSR_train=0.000 done_count=125
[upd 290] u=0 upd_ctr=4 opt_step=64 E=0.088 g=0.097 VarTD=0.166264 ret_end=-27.804 dbar_end=0.744 occ_end=0.152 CSR_train=0.000 done_count=125
[upd 300] u=0 upd_ctr=4 opt_step=64 E=0.193 g=0.089 VarTD=0.166305 ret_end=-28.355 dbar_end=0.769 occ_end=0.160 CSR_train=0.000 done_count=125
[upd 310] u=0 upd_ctr=4 opt_step=64 E=0.301 g=0.095 VarTD=0.148377 ret_end=-27.461 dbar_end=0.750 occ_end=0.144 CSR_train=0.000 done_count=125
[Gate5 check] update_counter violations: t0=0 diffs=0
[Gate5 check] opt_step violations: t0=0 diffs=0 (expected_inc=16)
[Gate5 check] NaN masking: nan_on_skip=True finite_on_update=True
[Gate5 summary] mean_update_fraction=0.0128 final_executed_updates_mean=4.00
[Gate5 eval] done_count mean=100.0 CSR mean=0.0000 len_end_mean=26.00
[Gate5 eval] episodes_per_env=4 T_eval=104
[Gate5 eval-debug] locked_eps_occ=0.20 pre(step25): dbar_end=0.488518 occupied_end_mean=0.390000 max_tilde_end_mean=0.740883 CSR@locked=0.010000
[Gate5 eval-debug] locked_eps_occ=0.20 post(step26): dbar_end=0.492158 occupied_end_mean=0.340000 max_tilde_end_mean=0.747318 CSR@locked=0.000000
[Gate5 eval-debug] CSR_pre@0.10=0.0000 CSR_pre@0.15=0.0000 CSR_pre@0.20=0.0100 CSR_pre@0.25=0.0100 CSR_pre@0.30=0.0300
[Gate5 eval-debug] CSR_post@0.10=0.0000 CSR_post@0.15=0.0000 CSR_post@0.20=0.0000 CSR_post@0.25=0.0100 CSR_post@0.30=0.0300
