Importing submoduled environments...
Submoduled environments not found. Skipping import.
[upd 0] u=1 upd_ctr=1 opt_step=16 E=0.076 g=0.096 VarTD=0.158273 ret_end=-27.822 dbar_end=0.748 occ_end=0.150 CSR_train=0.000 done_count=100
[upd 10] u=0 upd_ctr=1 opt_step=16 E=0.843 g=0.097 VarTD=0.181267 ret_end=-27.128 dbar_end=0.741 occ_end=0.144 CSR_train=0.000 done_count=125
[upd 20] u=0 upd_ctr=2 opt_step=32 E=0.577 g=0.098 VarTD=0.171747 ret_end=-27.239 dbar_end=0.741 occ_end=0.192 CSR_train=0.008 done_count=125
[upd 30] u=0 upd_ctr=3 opt_step=48 E=0.401 g=0.095 VarTD=0.167453 ret_end=-28.022 dbar_end=0.749 occ_end=0.112 CSR_train=0.000 done_count=125
[upd 40] u=0 upd_ctr=4 opt_step=64 E=0.290 g=0.119 VarTD=0.134398 ret_end=-26.340 dbar_end=0.677 occ_end=0.168 CSR_train=0.000 done_count=125
[upd 50] u=0 upd_ctr=5 opt_step=80 E=0.189 g=0.128 VarTD=0.148533 ret_end=-25.032 dbar_end=0.654 occ_end=0.224 CSR_train=0.000 done_count=125
[upd 60] u=1 upd_ctr=6 opt_step=96 E=0.091 g=0.114 VarTD=0.155240 ret_end=-26.396 dbar_end=0.692 occ_end=0.192 CSR_train=0.000 done_count=125
[upd 70] u=0 upd_ctr=6 opt_step=96 E=1.000 g=0.118 VarTD=0.201562 ret_end=-27.084 dbar_end=0.681 occ_end=0.232 CSR_train=0.000 done_count=125
[upd 80] u=0 upd_ctr=7 opt_step=112 E=1.000 g=0.137 VarTD=0.180129 ret_end=-25.228 dbar_end=0.632 occ_end=0.256 CSR_train=0.000 done_count=125
[upd 90] u=0 upd_ctr=8 opt_step=128 E=1.000 g=0.133 VarTD=0.157379 ret_end=-25.250 dbar_end=0.642 occ_end=0.184 CSR_train=0.000 done_count=125
[upd 100] u=0 upd_ctr=9 opt_step=144 E=1.000 g=0.135 VarTD=0.158188 ret_end=-25.356 dbar_end=0.639 occ_end=0.200 CSR_train=0.000 done_count=125
[upd 110] u=0 upd_ctr=10 opt_step=160 E=0.982 g=0.124 VarTD=0.189280 ret_end=-25.726 dbar_end=0.664 occ_end=0.184 CSR_train=0.000 done_count=125
[upd 120] u=0 upd_ctr=11 opt_step=176 E=0.860 g=0.111 VarTD=0.198819 ret_end=-26.799 dbar_end=0.701 occ_end=0.120 CSR_train=0.000 done_count=125
[Gate5 check] update_counter violations: t0=0 diffs=0
[Gate5 check] opt_step violations: t0=0 diffs=0 (expected_inc=16)
[Gate5 check] NaN masking: nan_on_skip=True finite_on_update=True
[Gate5 summary] mean_update_fraction=0.0960 final_executed_updates_mean=12.00
[Gate5 eval] done_count mean=100.0 CSR mean=0.0000 len_end_mean=26.00
[Gate5 eval] episodes_per_env=4 T_eval=104
[Gate5 eval-debug] locked_eps_occ=0.20 pre(step25): dbar_end=0.520004 occupied_end_mean=0.320000 max_tilde_end_mean=0.742996 CSR@locked=0.000000
[Gate5 eval-debug] locked_eps_occ=0.20 post(step26): dbar_end=0.515595 occupied_end_mean=0.350000 max_tilde_end_mean=0.737415 CSR@locked=0.000000
[Gate5 eval-debug] CSR_pre@0.10=0.0000 CSR_pre@0.15=0.0000 CSR_pre@0.20=0.0000 CSR_pre@0.25=0.0000 CSR_pre@0.30=0.0200
[Gate5 eval-debug] CSR_post@0.10=0.0000 CSR_post@0.15=0.0000 CSR_post@0.20=0.0000 CSR_post@0.25=0.0100 CSR_post@0.30=0.0200
