Importing submoduled environments...
Submoduled environments not found. Skipping import.
[upd 0] u=1 upd_ctr=1 opt_step=16 E=0.008 g=0.083 VarTD=0.176951 ret_end=-28.473 dbar_end=0.794 occ_end=0.140 CSR_train=0.000 done_count=100
[upd 10] u=0 upd_ctr=1 opt_step=16 E=0.103 g=0.089 VarTD=0.152994 ret_end=-28.611 dbar_end=0.772 occ_end=0.104 CSR_train=0.000 done_count=125
[upd 20] u=0 upd_ctr=1 opt_step=16 E=0.197 g=0.093 VarTD=0.156211 ret_end=-27.741 dbar_end=0.758 occ_end=0.208 CSR_train=0.000 done_count=125
[upd 30] u=0 upd_ctr=1 opt_step=16 E=0.292 g=0.093 VarTD=0.150216 ret_end=-27.296 dbar_end=0.756 occ_end=0.128 CSR_train=0.000 done_count=125
[upd 40] u=0 upd_ctr=1 opt_step=16 E=0.382 g=0.094 VarTD=0.168255 ret_end=-27.164 dbar_end=0.754 occ_end=0.168 CSR_train=0.000 done_count=125
[upd 50] u=0 upd_ctr=1 opt_step=16 E=0.477 g=0.097 VarTD=0.174742 ret_end=-27.018 dbar_end=0.744 occ_end=0.104 CSR_train=0.000 done_count=125
[upd 60] u=0 upd_ctr=1 opt_step=16 E=0.571 g=0.099 VarTD=0.132800 ret_end=-26.969 dbar_end=0.736 occ_end=0.096 CSR_train=0.000 done_count=125
[upd 70] u=0 upd_ctr=1 opt_step=16 E=0.666 g=0.092 VarTD=0.163638 ret_end=-27.152 dbar_end=0.761 occ_end=0.176 CSR_train=0.000 done_count=125
[upd 80] u=0 upd_ctr=1 opt_step=16 E=0.762 g=0.096 VarTD=0.136775 ret_end=-27.653 dbar_end=0.745 occ_end=0.184 CSR_train=0.000 done_count=125
[upd 90] u=0 upd_ctr=1 opt_step=16 E=0.855 g=0.093 VarTD=0.136866 ret_end=-27.861 dbar_end=0.756 occ_end=0.152 CSR_train=0.000 done_count=125
[upd 100] u=0 upd_ctr=1 opt_step=16 E=0.946 g=0.091 VarTD=0.172580 ret_end=-27.709 dbar_end=0.764 occ_end=0.072 CSR_train=0.000 done_count=125
[upd 110] u=0 upd_ctr=2 opt_step=32 E=0.040 g=0.106 VarTD=0.144052 ret_end=-25.770 dbar_end=0.716 occ_end=0.112 CSR_train=0.000 done_count=125
[upd 120] u=0 upd_ctr=2 opt_step=32 E=0.138 g=0.098 VarTD=0.136545 ret_end=-26.147 dbar_end=0.738 occ_end=0.176 CSR_train=0.000 done_count=125
[upd 130] u=0 upd_ctr=2 opt_step=32 E=0.235 g=0.104 VarTD=0.137550 ret_end=-26.890 dbar_end=0.720 occ_end=0.260 CSR_train=0.000 done_count=100
[upd 140] u=0 upd_ctr=2 opt_step=32 E=0.332 g=0.085 VarTD=0.165567 ret_end=-27.889 dbar_end=0.785 occ_end=0.112 CSR_train=0.008 done_count=125
[upd 150] u=0 upd_ctr=2 opt_step=32 E=0.431 g=0.109 VarTD=0.132136 ret_end=-26.095 dbar_end=0.705 occ_end=0.176 CSR_train=0.000 done_count=125
[upd 160] u=0 upd_ctr=2 opt_step=32 E=0.531 g=0.108 VarTD=0.142401 ret_end=-26.403 dbar_end=0.710 occ_end=0.168 CSR_train=0.000 done_count=125
[upd 170] u=0 upd_ctr=2 opt_step=32 E=0.633 g=0.091 VarTD=0.153210 ret_end=-27.425 dbar_end=0.762 occ_end=0.144 CSR_train=0.000 done_count=125
[upd 180] u=0 upd_ctr=2 opt_step=32 E=0.730 g=0.095 VarTD=0.155572 ret_end=-27.601 dbar_end=0.748 occ_end=0.176 CSR_train=0.000 done_count=125
[upd 190] u=0 upd_ctr=2 opt_step=32 E=0.831 g=0.110 VarTD=0.147546 ret_end=-26.450 dbar_end=0.704 occ_end=0.176 CSR_train=0.000 done_count=125
[upd 200] u=0 upd_ctr=2 opt_step=32 E=0.929 g=0.095 VarTD=0.177985 ret_end=-27.902 dbar_end=0.749 occ_end=0.144 CSR_train=0.000 done_count=125
[upd 210] u=0 upd_ctr=3 opt_step=48 E=0.021 g=0.113 VarTD=0.139581 ret_end=-26.597 dbar_end=0.695 occ_end=0.176 CSR_train=0.000 done_count=125
[upd 220] u=0 upd_ctr=3 opt_step=48 E=0.124 g=0.115 VarTD=0.117255 ret_end=-25.549 dbar_end=0.688 occ_end=0.160 CSR_train=0.000 done_count=125
[upd 230] u=0 upd_ctr=3 opt_step=48 E=0.230 g=0.108 VarTD=0.122868 ret_end=-26.709 dbar_end=0.708 occ_end=0.192 CSR_train=0.000 done_count=125
[upd 240] u=0 upd_ctr=3 opt_step=48 E=0.332 g=0.113 VarTD=0.149759 ret_end=-26.235 dbar_end=0.696 occ_end=0.200 CSR_train=0.000 done_count=125
[upd 250] u=0 upd_ctr=3 opt_step=48 E=0.436 g=0.100 VarTD=0.160765 ret_end=-26.395 dbar_end=0.735 occ_end=0.160 CSR_train=0.000 done_count=125
[upd 260] u=0 upd_ctr=3 opt_step=48 E=0.537 g=0.097 VarTD=0.142195 ret_end=-27.873 dbar_end=0.743 occ_end=0.170 CSR_train=0.000 done_count=100
[upd 270] u=0 upd_ctr=3 opt_step=48 E=0.639 g=0.105 VarTD=0.142772 ret_end=-26.765 dbar_end=0.719 occ_end=0.200 CSR_train=0.000 done_count=125
[upd 280] u=0 upd_ctr=3 opt_step=48 E=0.741 g=0.103 VarTD=0.139536 ret_end=-26.681 dbar_end=0.725 occ_end=0.176 CSR_train=0.000 done_count=125
[upd 290] u=0 upd_ctr=3 opt_step=48 E=0.842 g=0.108 VarTD=0.136210 ret_end=-25.841 dbar_end=0.710 occ_end=0.216 CSR_train=0.000 done_count=125
[upd 300] u=0 upd_ctr=3 opt_step=48 E=0.944 g=0.115 VarTD=0.170311 ret_end=-26.228 dbar_end=0.690 occ_end=0.168 CSR_train=0.000 done_count=125
[upd 310] u=0 upd_ctr=4 opt_step=64 E=0.039 g=0.111 VarTD=0.162456 ret_end=-26.363 dbar_end=0.699 occ_end=0.168 CSR_train=0.000 done_count=125
[Gate5 check] update_counter violations: t0=0 diffs=0
[Gate5 check] opt_step violations: t0=0 diffs=0 (expected_inc=16)
[Gate5 check] NaN masking: nan_on_skip=True finite_on_update=True
[Gate5 summary] mean_update_fraction=0.0128 final_executed_updates_mean=4.00
[Gate5 eval] done_count mean=100.0 CSR mean=0.0000 len_end_mean=26.00
[Gate5 eval] episodes_per_env=4 T_eval=104
[Gate5 eval-debug] locked_eps_occ=0.20 pre(step25): dbar_end=0.629268 occupied_end_mean=0.250000 max_tilde_end_mean=0.913968 CSR@locked=0.000000
[Gate5 eval-debug] locked_eps_occ=0.20 post(step26): dbar_end=0.630194 occupied_end_mean=0.210000 max_tilde_end_mean=0.908082 CSR@locked=0.000000
[Gate5 eval-debug] CSR_pre@0.10=0.0000 CSR_pre@0.15=0.0000 CSR_pre@0.20=0.0000 CSR_pre@0.25=0.0000 CSR_pre@0.30=0.0000
[Gate5 eval-debug] CSR_post@0.10=0.0000 CSR_post@0.15=0.0000 CSR_post@0.20=0.0000 CSR_post@0.25=0.0000 CSR_post@0.30=0.0000
