Importing submoduled environments...
Submoduled environments not found. Skipping import.
[upd 0] u=1 upd_ctr=1 opt_step=16 E=0.041 g=0.102 VarTD=0.148347 ret_end=-26.397 dbar_end=0.726 occ_end=0.190 CSR_train=0.000 done_count=100
[upd 10] u=0 upd_ctr=1 opt_step=16 E=0.414 g=0.089 VarTD=0.167256 ret_end=-27.327 dbar_end=0.769 occ_end=0.152 CSR_train=0.008 done_count=125
[upd 20] u=0 upd_ctr=1 opt_step=16 E=0.786 g=0.085 VarTD=0.176565 ret_end=-27.948 dbar_end=0.785 occ_end=0.184 CSR_train=0.000 done_count=125
[upd 30] u=0 upd_ctr=2 opt_step=32 E=0.156 g=0.101 VarTD=0.166072 ret_end=-27.704 dbar_end=0.731 occ_end=0.192 CSR_train=0.000 done_count=125
[upd 40] u=0 upd_ctr=2 opt_step=32 E=0.551 g=0.103 VarTD=0.167201 ret_end=-26.862 dbar_end=0.725 occ_end=0.136 CSR_train=0.000 done_count=125
[upd 50] u=0 upd_ctr=2 opt_step=32 E=0.935 g=0.116 VarTD=0.154203 ret_end=-25.939 dbar_end=0.687 occ_end=0.200 CSR_train=0.000 done_count=125
[upd 60] u=0 upd_ctr=3 opt_step=48 E=0.328 g=0.092 VarTD=0.194859 ret_end=-28.232 dbar_end=0.760 occ_end=0.120 CSR_train=0.000 done_count=125
[upd 70] u=0 upd_ctr=3 opt_step=48 E=0.756 g=0.107 VarTD=0.166279 ret_end=-26.252 dbar_end=0.711 occ_end=0.160 CSR_train=0.000 done_count=125
[upd 80] u=0 upd_ctr=4 opt_step=64 E=0.167 g=0.107 VarTD=0.143545 ret_end=-27.401 dbar_end=0.712 occ_end=0.192 CSR_train=0.000 done_count=125
[upd 90] u=0 upd_ctr=4 opt_step=64 E=0.595 g=0.104 VarTD=0.150212 ret_end=-26.348 dbar_end=0.721 occ_end=0.168 CSR_train=0.000 done_count=125
[upd 100] u=1 upd_ctr=5 opt_step=80 E=0.045 g=0.112 VarTD=0.166152 ret_end=-26.344 dbar_end=0.698 occ_end=0.152 CSR_train=0.000 done_count=125
[upd 110] u=0 upd_ctr=5 opt_step=80 E=0.497 g=0.100 VarTD=0.153500 ret_end=-27.774 dbar_end=0.734 occ_end=0.248 CSR_train=0.000 done_count=125
[upd 120] u=0 upd_ctr=5 opt_step=80 E=0.954 g=0.119 VarTD=0.131413 ret_end=-26.080 dbar_end=0.677 occ_end=0.160 CSR_train=0.000 done_count=125
[upd 130] u=0 upd_ctr=6 opt_step=96 E=0.437 g=0.123 VarTD=0.134780 ret_end=-25.690 dbar_end=0.667 occ_end=0.200 CSR_train=0.000 done_count=100
[upd 140] u=0 upd_ctr=6 opt_step=96 E=0.892 g=0.111 VarTD=0.145382 ret_end=-27.270 dbar_end=0.700 occ_end=0.104 CSR_train=0.000 done_count=125
[upd 150] u=0 upd_ctr=7 opt_step=112 E=0.327 g=0.118 VarTD=0.183133 ret_end=-26.163 dbar_end=0.681 occ_end=0.184 CSR_train=0.000 done_count=125
[upd 160] u=0 upd_ctr=7 opt_step=112 E=0.784 g=0.120 VarTD=0.168721 ret_end=-26.096 dbar_end=0.675 occ_end=0.248 CSR_train=0.000 done_count=125
[upd 170] u=0 upd_ctr=8 opt_step=128 E=0.240 g=0.129 VarTD=0.128294 ret_end=-25.258 dbar_end=0.652 occ_end=0.136 CSR_train=0.000 done_count=125
[upd 180] u=0 upd_ctr=8 opt_step=128 E=0.704 g=0.110 VarTD=0.171971 ret_end=-25.618 dbar_end=0.703 occ_end=0.176 CSR_train=0.000 done_count=125
[upd 190] u=0 upd_ctr=9 opt_step=144 E=0.139 g=0.115 VarTD=0.166768 ret_end=-26.275 dbar_end=0.688 occ_end=0.168 CSR_train=0.000 done_count=125
[upd 200] u=0 upd_ctr=9 opt_step=144 E=0.613 g=0.113 VarTD=0.188653 ret_end=-27.080 dbar_end=0.696 occ_end=0.200 CSR_train=0.000 done_count=125
[upd 210] u=0 upd_ctr=10 opt_step=160 E=0.097 g=0.133 VarTD=0.150189 ret_end=-24.526 dbar_end=0.642 occ_end=0.184 CSR_train=0.000 done_count=125
[upd 220] u=0 upd_ctr=10 opt_step=160 E=0.594 g=0.126 VarTD=0.161964 ret_end=-25.488 dbar_end=0.659 occ_end=0.128 CSR_train=0.000 done_count=125
[upd 230] u=1 upd_ctr=11 opt_step=176 E=0.050 g=0.125 VarTD=0.142355 ret_end=-25.025 dbar_end=0.663 occ_end=0.296 CSR_train=0.000 done_count=125
[upd 240] u=0 upd_ctr=11 opt_step=176 E=0.546 g=0.128 VarTD=0.178149 ret_end=-25.830 dbar_end=0.654 occ_end=0.176 CSR_train=0.000 done_count=125
[upd 250] u=0 upd_ctr=11 opt_step=176 E=1.000 g=0.126 VarTD=0.192416 ret_end=-25.719 dbar_end=0.659 occ_end=0.152 CSR_train=0.000 done_count=125
[upd 260] u=0 upd_ctr=12 opt_step=192 E=0.503 g=0.116 VarTD=0.180440 ret_end=-25.059 dbar_end=0.687 occ_end=0.180 CSR_train=0.000 done_count=100
[upd 270] u=0 upd_ctr=12 opt_step=192 E=1.000 g=0.129 VarTD=0.184682 ret_end=-25.415 dbar_end=0.653 occ_end=0.224 CSR_train=0.000 done_count=125
[upd 280] u=0 upd_ctr=13 opt_step=208 E=0.509 g=0.123 VarTD=0.216310 ret_end=-25.915 dbar_end=0.667 occ_end=0.160 CSR_train=0.000 done_count=125
[upd 290] u=0 upd_ctr=13 opt_step=208 E=1.000 g=0.130 VarTD=0.229403 ret_end=-25.748 dbar_end=0.649 occ_end=0.208 CSR_train=0.000 done_count=125
[upd 300] u=0 upd_ctr=14 opt_step=224 E=0.512 g=0.129 VarTD=0.274498 ret_end=-25.794 dbar_end=0.653 occ_end=0.192 CSR_train=0.000 done_count=125
[upd 310] u=0 upd_ctr=14 opt_step=224 E=1.000 g=0.124 VarTD=0.239910 ret_end=-26.123 dbar_end=0.664 occ_end=0.184 CSR_train=0.000 done_count=125
[Gate5 check] update_counter violations: t0=0 diffs=0
[Gate5 check] opt_step violations: t0=0 diffs=0 (expected_inc=16)
[Gate5 check] NaN masking: nan_on_skip=True finite_on_update=True
[Gate5 summary] mean_update_fraction=0.0481 final_executed_updates_mean=15.00
[Gate5 eval] done_count mean=100.0 CSR mean=0.0000 len_end_mean=26.00
[Gate5 eval] episodes_per_env=4 T_eval=104
[Gate5 eval-debug] locked_eps_occ=0.20 pre(step25): dbar_end=0.503756 occupied_end_mean=0.360000 max_tilde_end_mean=0.739224 CSR@locked=0.000000
[Gate5 eval-debug] locked_eps_occ=0.20 post(step26): dbar_end=0.497451 occupied_end_mean=0.400000 max_tilde_end_mean=0.738434 CSR@locked=0.000000
[Gate5 eval-debug] CSR_pre@0.10=0.0000 CSR_pre@0.15=0.0000 CSR_pre@0.20=0.0000 CSR_pre@0.25=0.0200 CSR_pre@0.30=0.0300
[Gate5 eval-debug] CSR_post@0.10=0.0000 CSR_post@0.15=0.0000 CSR_post@0.20=0.0000 CSR_post@0.25=0.0200 CSR_post@0.30=0.0200
