Importing submoduled environments...
Submoduled environments not found. Skipping import.
[upd 0] u=1 upd_ctr=1 opt_step=16 E=0.009 g=0.092 VarTD=0.127621 ret_end=-27.319 dbar_end=0.760 occ_end=0.140 CSR_train=0.000 done_count=100
[upd 10] u=0 upd_ctr=1 opt_step=16 E=0.104 g=0.102 VarTD=0.162085 ret_end=-27.682 dbar_end=0.727 occ_end=0.168 CSR_train=0.000 done_count=125
[upd 20] u=0 upd_ctr=1 opt_step=16 E=0.194 g=0.083 VarTD=0.141936 ret_end=-28.343 dbar_end=0.793 occ_end=0.144 CSR_train=0.000 done_count=125
[upd 30] u=0 upd_ctr=1 opt_step=16 E=0.288 g=0.093 VarTD=0.135564 ret_end=-27.031 dbar_end=0.758 occ_end=0.192 CSR_train=0.000 done_count=125
[upd 40] u=0 upd_ctr=1 opt_step=16 E=0.376 g=0.084 VarTD=0.154401 ret_end=-27.905 dbar_end=0.790 occ_end=0.096 CSR_train=0.000 done_count=125
[upd 50] u=0 upd_ctr=1 opt_step=16 E=0.468 g=0.095 VarTD=0.140026 ret_end=-26.932 dbar_end=0.749 occ_end=0.168 CSR_train=0.000 done_count=125
[upd 60] u=0 upd_ctr=1 opt_step=16 E=0.560 g=0.095 VarTD=0.130992 ret_end=-27.314 dbar_end=0.751 occ_end=0.152 CSR_train=0.000 done_count=125
[upd 70] u=0 upd_ctr=1 opt_step=16 E=0.651 g=0.092 VarTD=0.171389 ret_end=-27.586 dbar_end=0.760 occ_end=0.160 CSR_train=0.000 done_count=125
[upd 80] u=0 upd_ctr=1 opt_step=16 E=0.747 g=0.090 VarTD=0.156266 ret_end=-26.835 dbar_end=0.765 occ_end=0.136 CSR_train=0.000 done_count=125
[upd 90] u=0 upd_ctr=1 opt_step=16 E=0.842 g=0.090 VarTD=0.155652 ret_end=-28.668 dbar_end=0.766 occ_end=0.152 CSR_train=0.000 done_count=125
[upd 100] u=0 upd_ctr=1 opt_step=16 E=0.935 g=0.106 VarTD=0.137962 ret_end=-25.848 dbar_end=0.714 occ_end=0.232 CSR_train=0.000 done_count=125
[upd 110] u=0 upd_ctr=2 opt_step=32 E=0.018 g=0.088 VarTD=0.177449 ret_end=-28.322 dbar_end=0.773 occ_end=0.128 CSR_train=0.000 done_count=125
[upd 120] u=0 upd_ctr=2 opt_step=32 E=0.116 g=0.105 VarTD=0.131067 ret_end=-27.256 dbar_end=0.717 occ_end=0.144 CSR_train=0.000 done_count=125
[upd 130] u=0 upd_ctr=2 opt_step=32 E=0.213 g=0.108 VarTD=0.120791 ret_end=-25.790 dbar_end=0.710 occ_end=0.210 CSR_train=0.000 done_count=100
[upd 140] u=0 upd_ctr=2 opt_step=32 E=0.311 g=0.113 VarTD=0.144528 ret_end=-26.703 dbar_end=0.694 occ_end=0.176 CSR_train=0.000 done_count=125
[upd 150] u=0 upd_ctr=2 opt_step=32 E=0.408 g=0.097 VarTD=0.133857 ret_end=-26.882 dbar_end=0.741 occ_end=0.136 CSR_train=0.000 done_count=125
[upd 160] u=0 upd_ctr=2 opt_step=32 E=0.501 g=0.099 VarTD=0.120659 ret_end=-27.378 dbar_end=0.737 occ_end=0.208 CSR_train=0.008 done_count=125
[upd 170] u=0 upd_ctr=2 opt_step=32 E=0.598 g=0.103 VarTD=0.155569 ret_end=-26.485 dbar_end=0.724 occ_end=0.176 CSR_train=0.000 done_count=125
[upd 180] u=0 upd_ctr=2 opt_step=32 E=0.701 g=0.105 VarTD=0.162007 ret_end=-26.519 dbar_end=0.718 occ_end=0.168 CSR_train=0.000 done_count=125
[upd 190] u=0 upd_ctr=2 opt_step=32 E=0.795 g=0.092 VarTD=0.150536 ret_end=-27.239 dbar_end=0.759 occ_end=0.152 CSR_train=0.000 done_count=125
[upd 200] u=0 upd_ctr=2 opt_step=32 E=0.894 g=0.102 VarTD=0.121611 ret_end=-27.295 dbar_end=0.727 occ_end=0.160 CSR_train=0.000 done_count=125
[upd 210] u=0 upd_ctr=2 opt_step=32 E=0.991 g=0.086 VarTD=0.133497 ret_end=-27.930 dbar_end=0.781 occ_end=0.080 CSR_train=0.000 done_count=125
[upd 220] u=0 upd_ctr=3 opt_step=48 E=0.087 g=0.103 VarTD=0.128002 ret_end=-26.742 dbar_end=0.723 occ_end=0.144 CSR_train=0.000 done_count=125
[upd 230] u=0 upd_ctr=3 opt_step=48 E=0.182 g=0.084 VarTD=0.158415 ret_end=-28.188 dbar_end=0.788 occ_end=0.120 CSR_train=0.000 done_count=125
[upd 240] u=0 upd_ctr=3 opt_step=48 E=0.281 g=0.082 VarTD=0.180070 ret_end=-28.478 dbar_end=0.796 occ_end=0.152 CSR_train=0.000 done_count=125
[upd 250] u=0 upd_ctr=3 opt_step=48 E=0.379 g=0.095 VarTD=0.164408 ret_end=-27.669 dbar_end=0.750 occ_end=0.120 CSR_train=0.000 done_count=125
[upd 260] u=0 upd_ctr=3 opt_step=48 E=0.480 g=0.088 VarTD=0.155991 ret_end=-27.960 dbar_end=0.776 occ_end=0.130 CSR_train=0.000 done_count=100
[upd 270] u=0 upd_ctr=3 opt_step=48 E=0.579 g=0.091 VarTD=0.124128 ret_end=-27.572 dbar_end=0.764 occ_end=0.168 CSR_train=0.000 done_count=125
[upd 280] u=0 upd_ctr=3 opt_step=48 E=0.681 g=0.101 VarTD=0.156499 ret_end=-26.593 dbar_end=0.730 occ_end=0.184 CSR_train=0.000 done_count=125
[upd 290] u=0 upd_ctr=3 opt_step=48 E=0.781 g=0.108 VarTD=0.133785 ret_end=-26.078 dbar_end=0.710 occ_end=0.184 CSR_train=0.000 done_count=125
[upd 300] u=0 upd_ctr=3 opt_step=48 E=0.880 g=0.105 VarTD=0.149111 ret_end=-26.901 dbar_end=0.717 occ_end=0.144 CSR_train=0.000 done_count=125
[upd 310] u=0 upd_ctr=3 opt_step=48 E=0.978 g=0.098 VarTD=0.130814 ret_end=-26.325 dbar_end=0.739 occ_end=0.144 CSR_train=0.000 done_count=125
[Gate5 check] update_counter violations: t0=0 diffs=0
[Gate5 check] opt_step violations: t0=0 diffs=0 (expected_inc=16)
[Gate5 check] NaN masking: nan_on_skip=True finite_on_update=True
[Gate5 summary] mean_update_fraction=0.0096 final_executed_updates_mean=3.00
[Gate5 eval] done_count mean=100.0 CSR mean=0.0100 len_end_mean=26.00
[Gate5 eval] episodes_per_env=4 T_eval=104
[Gate5 eval-debug] locked_eps_occ=0.20 pre(step25): dbar_end=0.614094 occupied_end_mean=0.290000 max_tilde_end_mean=0.911291 CSR@locked=0.000000
[Gate5 eval-debug] locked_eps_occ=0.20 post(step26): dbar_end=0.619182 occupied_end_mean=0.310000 max_tilde_end_mean=0.915957 CSR@locked=0.010000
[Gate5 eval-debug] CSR_pre@0.10=0.0000 CSR_pre@0.15=0.0000 CSR_pre@0.20=0.0000 CSR_pre@0.25=0.0100 CSR_pre@0.30=0.0200
[Gate5 eval-debug] CSR_post@0.10=0.0000 CSR_post@0.15=0.0100 CSR_post@0.20=0.0100 CSR_post@0.25=0.0200 CSR_post@0.30=0.0300
