Importing submoduled environments...
Submoduled environments not found. Skipping import.
[upd 0] u=1 upd_ctr=1 opt_step=16 E=0.137 g=0.092 VarTD=0.127621 ret_end=-27.319 dbar_end=0.760 occ_end=0.140 CSR_train=0.000 done_count=100
[upd 10] u=0 upd_ctr=1 opt_step=16 E=0.516 g=0.102 VarTD=0.162085 ret_end=-27.682 dbar_end=0.727 occ_end=0.168 CSR_train=0.000 done_count=125
[upd 20] u=0 upd_ctr=1 opt_step=16 E=0.877 g=0.083 VarTD=0.141936 ret_end=-28.343 dbar_end=0.793 occ_end=0.144 CSR_train=0.000 done_count=125
[upd 30] u=0 upd_ctr=2 opt_step=32 E=0.364 g=0.093 VarTD=0.134476 ret_end=-27.043 dbar_end=0.757 occ_end=0.184 CSR_train=0.000 done_count=125
[upd 40] u=0 upd_ctr=2 opt_step=32 E=0.732 g=0.087 VarTD=0.150968 ret_end=-27.612 dbar_end=0.777 occ_end=0.072 CSR_train=0.000 done_count=125
[upd 50] u=0 upd_ctr=3 opt_step=48 E=0.225 g=0.104 VarTD=0.132391 ret_end=-26.493 dbar_end=0.721 occ_end=0.200 CSR_train=0.000 done_count=125
[upd 60] u=0 upd_ctr=3 opt_step=48 E=0.625 g=0.102 VarTD=0.123011 ret_end=-26.936 dbar_end=0.728 occ_end=0.160 CSR_train=0.000 done_count=125
[upd 70] u=0 upd_ctr=4 opt_step=64 E=0.132 g=0.108 VarTD=0.163791 ret_end=-26.896 dbar_end=0.709 occ_end=0.208 CSR_train=0.000 done_count=125
[upd 80] u=0 upd_ctr=4 opt_step=64 E=0.561 g=0.105 VarTD=0.152075 ret_end=-26.258 dbar_end=0.716 occ_end=0.152 CSR_train=0.000 done_count=125
[upd 90] u=1 upd_ctr=5 opt_step=80 E=0.082 g=0.097 VarTD=0.146520 ret_end=-28.218 dbar_end=0.742 occ_end=0.192 CSR_train=0.000 done_count=125
[upd 100] u=0 upd_ctr=5 opt_step=80 E=0.520 g=0.116 VarTD=0.130423 ret_end=-25.301 dbar_end=0.685 occ_end=0.192 CSR_train=0.000 done_count=125
[upd 110] u=1 upd_ctr=6 opt_step=96 E=0.050 g=0.094 VarTD=0.165810 ret_end=-28.054 dbar_end=0.753 occ_end=0.152 CSR_train=0.000 done_count=125
[upd 120] u=0 upd_ctr=6 opt_step=96 E=0.515 g=0.120 VarTD=0.125597 ret_end=-26.310 dbar_end=0.675 occ_end=0.168 CSR_train=0.000 done_count=125
[upd 130] u=1 upd_ctr=7 opt_step=112 E=0.069 g=0.125 VarTD=0.115617 ret_end=-25.138 dbar_end=0.661 occ_end=0.250 CSR_train=0.000 done_count=100
[upd 140] u=0 upd_ctr=7 opt_step=112 E=0.543 g=0.125 VarTD=0.141692 ret_end=-25.734 dbar_end=0.663 occ_end=0.216 CSR_train=0.000 done_count=125
[upd 150] u=0 upd_ctr=8 opt_step=128 E=0.115 g=0.123 VarTD=0.127254 ret_end=-25.680 dbar_end=0.666 occ_end=0.208 CSR_train=0.000 done_count=125
[upd 160] u=0 upd_ctr=8 opt_step=128 E=0.587 g=0.122 VarTD=0.115336 ret_end=-26.232 dbar_end=0.669 occ_end=0.328 CSR_train=0.008 done_count=125
[upd 170] u=0 upd_ctr=9 opt_step=144 E=0.173 g=0.134 VarTD=0.159478 ret_end=-25.309 dbar_end=0.640 occ_end=0.168 CSR_train=0.000 done_count=125
[upd 180] u=0 upd_ctr=9 opt_step=144 E=0.689 g=0.140 VarTD=0.160073 ret_end=-24.912 dbar_end=0.625 occ_end=0.272 CSR_train=0.000 done_count=125
[upd 190] u=0 upd_ctr=10 opt_step=160 E=0.286 g=0.128 VarTD=0.156536 ret_end=-25.536 dbar_end=0.656 occ_end=0.200 CSR_train=0.000 done_count=125
[upd 200] u=0 upd_ctr=10 opt_step=160 E=0.812 g=0.131 VarTD=0.141231 ret_end=-25.961 dbar_end=0.647 occ_end=0.240 CSR_train=0.000 done_count=125
[upd 210] u=0 upd_ctr=11 opt_step=176 E=0.429 g=0.113 VarTD=0.161204 ret_end=-26.676 dbar_end=0.694 occ_end=0.192 CSR_train=0.000 done_count=125
[upd 220] u=0 upd_ctr=11 opt_step=176 E=0.937 g=0.136 VarTD=0.153063 ret_end=-25.475 dbar_end=0.637 occ_end=0.176 CSR_train=0.000 done_count=125
[upd 230] u=0 upd_ctr=12 opt_step=192 E=0.541 g=0.116 VarTD=0.195394 ret_end=-26.563 dbar_end=0.685 occ_end=0.208 CSR_train=0.000 done_count=125
[upd 240] u=0 upd_ctr=13 opt_step=208 E=0.171 g=0.121 VarTD=0.221496 ret_end=-26.589 dbar_end=0.673 occ_end=0.208 CSR_train=0.000 done_count=125
[upd 250] u=0 upd_ctr=13 opt_step=208 E=0.709 g=0.139 VarTD=0.213535 ret_end=-25.397 dbar_end=0.629 occ_end=0.224 CSR_train=0.000 done_count=125
[upd 260] u=0 upd_ctr=14 opt_step=224 E=0.357 g=0.125 VarTD=0.217665 ret_end=-26.338 dbar_end=0.661 occ_end=0.220 CSR_train=0.000 done_count=100
[upd 270] u=0 upd_ctr=14 opt_step=224 E=0.900 g=0.132 VarTD=0.217457 ret_end=-25.564 dbar_end=0.646 occ_end=0.248 CSR_train=0.000 done_count=125
[upd 280] u=0 upd_ctr=15 opt_step=240 E=0.564 g=0.148 VarTD=0.301143 ret_end=-24.511 dbar_end=0.608 occ_end=0.296 CSR_train=0.000 done_count=125
[upd 290] u=0 upd_ctr=16 opt_step=256 E=0.231 g=0.149 VarTD=0.309178 ret_end=-24.471 dbar_end=0.607 occ_end=0.232 CSR_train=0.000 done_count=125
[upd 300] u=0 upd_ctr=16 opt_step=256 E=0.806 g=0.144 VarTD=0.326275 ret_end=-24.945 dbar_end=0.616 occ_end=0.192 CSR_train=0.000 done_count=125
[upd 310] u=0 upd_ctr=17 opt_step=272 E=0.479 g=0.151 VarTD=0.362960 ret_end=-24.084 dbar_end=0.602 occ_end=0.280 CSR_train=0.000 done_count=125
[Gate5 check] update_counter violations: t0=0 diffs=0
[Gate5 check] opt_step violations: t0=0 diffs=0 (expected_inc=16)
[Gate5 check] NaN masking: nan_on_skip=True finite_on_update=True
[Gate5 summary] mean_update_fraction=0.0545 final_executed_updates_mean=17.00
[Gate5 eval] done_count mean=100.0 CSR mean=0.0000 len_end_mean=26.00
[Gate5 eval] episodes_per_env=4 T_eval=104
[Gate5 eval-debug] locked_eps_occ=0.20 pre(step25): dbar_end=0.468578 occupied_end_mean=0.500000 max_tilde_end_mean=0.684705 CSR@locked=0.000000
[Gate5 eval-debug] locked_eps_occ=0.20 post(step26): dbar_end=0.476309 occupied_end_mean=0.440000 max_tilde_end_mean=0.685750 CSR@locked=0.000000
[Gate5 eval-debug] CSR_pre@0.10=0.0000 CSR_pre@0.15=0.0000 CSR_pre@0.20=0.0000 CSR_pre@0.25=0.0000 CSR_pre@0.30=0.0300
[Gate5 eval-debug] CSR_post@0.10=0.0000 CSR_post@0.15=0.0000 CSR_post@0.20=0.0000 CSR_post@0.25=0.0000 CSR_post@0.30=0.0200
