Importing submoduled environments...
Submoduled environments not found. Skipping import.
[upd 0] u=1 upd_ctr=1 opt_step=16 E=0.287 g=0.097 VarTD=0.135831 ret_end=-26.760 dbar_end=0.743 occ_end=0.210 CSR_train=0.000 done_count=100
[upd 10] u=0 upd_ctr=2 opt_step=32 E=0.351 g=0.108 VarTD=0.161807 ret_end=-25.885 dbar_end=0.708 occ_end=0.184 CSR_train=0.000 done_count=125
[upd 20] u=0 upd_ctr=3 opt_step=48 E=0.426 g=0.093 VarTD=0.154310 ret_end=-27.116 dbar_end=0.755 occ_end=0.136 CSR_train=0.000 done_count=125
[upd 30] u=0 upd_ctr=4 opt_step=64 E=0.522 g=0.106 VarTD=0.196400 ret_end=-26.256 dbar_end=0.715 occ_end=0.168 CSR_train=0.000 done_count=125
[upd 40] u=0 upd_ctr=5 opt_step=80 E=0.705 g=0.114 VarTD=0.139405 ret_end=-25.735 dbar_end=0.691 occ_end=0.216 CSR_train=0.008 done_count=125
[upd 50] u=1 upd_ctr=7 opt_step=112 E=0.108 g=0.102 VarTD=0.152170 ret_end=-26.447 dbar_end=0.728 occ_end=0.136 CSR_train=0.000 done_count=125
[upd 60] u=0 upd_ctr=8 opt_step=128 E=0.363 g=0.117 VarTD=0.145695 ret_end=-26.614 dbar_end=0.682 occ_end=0.216 CSR_train=0.000 done_count=125
[upd 70] u=0 upd_ctr=9 opt_step=144 E=0.699 g=0.124 VarTD=0.136439 ret_end=-25.739 dbar_end=0.665 occ_end=0.144 CSR_train=0.000 done_count=125
[upd 80] u=0 upd_ctr=11 opt_step=176 E=0.221 g=0.127 VarTD=0.158142 ret_end=-25.699 dbar_end=0.656 occ_end=0.248 CSR_train=0.000 done_count=125
[upd 90] u=0 upd_ctr=12 opt_step=192 E=0.563 g=0.129 VarTD=0.156757 ret_end=-25.981 dbar_end=0.652 occ_end=0.160 CSR_train=0.000 done_count=125
[upd 100] u=1 upd_ctr=14 opt_step=224 E=0.132 g=0.137 VarTD=0.200153 ret_end=-25.519 dbar_end=0.632 occ_end=0.256 CSR_train=0.000 done_count=125
[upd 110] u=0 upd_ctr=15 opt_step=240 E=0.550 g=0.156 VarTD=0.244003 ret_end=-23.783 dbar_end=0.591 occ_end=0.360 CSR_train=0.000 done_count=125
[upd 120] u=1 upd_ctr=17 opt_step=272 E=0.233 g=0.153 VarTD=0.269028 ret_end=-24.024 dbar_end=0.597 occ_end=0.288 CSR_train=0.000 done_count=125
[Gate5 check] update_counter violations: t0=0 diffs=0
[Gate5 check] opt_step violations: t0=0 diffs=0 (expected_inc=16)
[Gate5 check] NaN masking: nan_on_skip=True finite_on_update=True
[Gate5 summary] mean_update_fraction=0.1360 final_executed_updates_mean=17.00
[Gate5 eval] done_count mean=100.0 CSR mean=0.0000 len_end_mean=26.00
[Gate5 eval] episodes_per_env=4 T_eval=104
[Gate5 eval-debug] locked_eps_occ=0.20 pre(step25): dbar_end=0.458053 occupied_end_mean=0.470000 max_tilde_end_mean=0.644539 CSR@locked=0.000000
[Gate5 eval-debug] locked_eps_occ=0.20 post(step26): dbar_end=0.459560 occupied_end_mean=0.440000 max_tilde_end_mean=0.651133 CSR@locked=0.000000
[Gate5 eval-debug] CSR_pre@0.10=0.0000 CSR_pre@0.15=0.0000 CSR_pre@0.20=0.0000 CSR_pre@0.25=0.0000 CSR_pre@0.30=0.0200
[Gate5 eval-debug] CSR_post@0.10=0.0000 CSR_post@0.15=0.0000 CSR_post@0.20=0.0000 CSR_post@0.25=0.0000 CSR_post@0.30=0.0100
