Importing submoduled environments...
Submoduled environments not found. Skipping import.
[upd 0] u=1 upd_ctr=1 opt_step=16 E=0.258 g=0.096 VarTD=0.164885 ret_end=-27.291 dbar_end=0.746 occ_end=0.170 CSR_train=0.000 done_count=100
[upd 10] u=1 upd_ctr=2 opt_step=32 E=0.059 g=0.091 VarTD=0.137991 ret_end=-27.480 dbar_end=0.764 occ_end=0.136 CSR_train=0.000 done_count=125
[upd 20] u=0 upd_ctr=2 opt_step=32 E=0.710 g=0.117 VarTD=0.127488 ret_end=-26.216 dbar_end=0.682 occ_end=0.192 CSR_train=0.000 done_count=125
[upd 30] u=0 upd_ctr=3 opt_step=48 E=0.548 g=0.118 VarTD=0.143285 ret_end=-25.616 dbar_end=0.682 occ_end=0.184 CSR_train=0.000 done_count=125
[upd 40] u=0 upd_ctr=4 opt_step=64 E=0.402 g=0.105 VarTD=0.142495 ret_end=-26.297 dbar_end=0.719 occ_end=0.208 CSR_train=0.000 done_count=125
[upd 50] u=0 upd_ctr=5 opt_step=80 E=0.269 g=0.113 VarTD=0.138228 ret_end=-25.927 dbar_end=0.695 occ_end=0.200 CSR_train=0.000 done_count=125
[upd 60] u=0 upd_ctr=6 opt_step=96 E=0.137 g=0.102 VarTD=0.171252 ret_end=-27.457 dbar_end=0.728 occ_end=0.200 CSR_train=0.008 done_count=125
[upd 70] u=0 upd_ctr=6 opt_step=96 E=0.816 g=0.111 VarTD=0.151818 ret_end=-26.443 dbar_end=0.699 occ_end=0.216 CSR_train=0.000 done_count=125
[upd 80] u=0 upd_ctr=7 opt_step=112 E=0.735 g=0.121 VarTD=0.155390 ret_end=-25.673 dbar_end=0.672 occ_end=0.128 CSR_train=0.000 done_count=125
[upd 90] u=0 upd_ctr=8 opt_step=128 E=0.667 g=0.125 VarTD=0.141911 ret_end=-25.754 dbar_end=0.662 occ_end=0.232 CSR_train=0.000 done_count=125
[upd 100] u=0 upd_ctr=9 opt_step=144 E=0.625 g=0.122 VarTD=0.120305 ret_end=-25.983 dbar_end=0.670 occ_end=0.184 CSR_train=0.000 done_count=125
[upd 110] u=0 upd_ctr=10 opt_step=160 E=0.610 g=0.140 VarTD=0.158919 ret_end=-24.518 dbar_end=0.627 occ_end=0.176 CSR_train=0.000 done_count=125
[upd 120] u=0 upd_ctr=11 opt_step=176 E=0.595 g=0.134 VarTD=0.175258 ret_end=-25.213 dbar_end=0.640 occ_end=0.288 CSR_train=0.000 done_count=125
[Gate5 check] update_counter violations: t0=0 diffs=0
[Gate5 check] opt_step violations: t0=0 diffs=0 (expected_inc=16)
[Gate5 check] NaN masking: nan_on_skip=True finite_on_update=True
[Gate5 summary] mean_update_fraction=0.0960 final_executed_updates_mean=12.00
[Gate5 eval] done_count mean=100.0 CSR mean=0.0000 len_end_mean=26.00
[Gate5 eval] episodes_per_env=4 T_eval=104
[Gate5 eval-debug] locked_eps_occ=0.20 pre(step25): dbar_end=0.513119 occupied_end_mean=0.360000 max_tilde_end_mean=0.732304 CSR@locked=0.000000
[Gate5 eval-debug] locked_eps_occ=0.20 post(step26): dbar_end=0.524707 occupied_end_mean=0.300000 max_tilde_end_mean=0.743893 CSR@locked=0.000000
[Gate5 eval-debug] CSR_pre@0.10=0.0000 CSR_pre@0.15=0.0000 CSR_pre@0.20=0.0000 CSR_pre@0.25=0.0100 CSR_pre@0.30=0.0300
[Gate5 eval-debug] CSR_post@0.10=0.0000 CSR_post@0.15=0.0000 CSR_post@0.20=0.0000 CSR_post@0.25=0.0100 CSR_post@0.30=0.0300
