Importing submoduled environments...
Submoduled environments not found. Skipping import.
[upd 0] u=1 upd_ctr=1 opt_step=16 E=0.135 g=0.094 VarTD=0.148631 ret_end=-26.843 dbar_end=0.752 occ_end=0.140 CSR_train=0.000 done_count=100
[upd 10] u=0 upd_ctr=1 opt_step=16 E=0.961 g=0.098 VarTD=0.120442 ret_end=-26.989 dbar_end=0.738 occ_end=0.144 CSR_train=0.000 done_count=125
[upd 20] u=0 upd_ctr=2 opt_step=32 E=0.888 g=0.101 VarTD=0.157444 ret_end=-27.349 dbar_end=0.731 occ_end=0.168 CSR_train=0.000 done_count=125
[upd 30] u=0 upd_ctr=3 opt_step=48 E=0.823 g=0.096 VarTD=0.131833 ret_end=-26.806 dbar_end=0.745 occ_end=0.136 CSR_train=0.000 done_count=125
[upd 40] u=0 upd_ctr=4 opt_step=64 E=0.823 g=0.106 VarTD=0.150428 ret_end=-26.581 dbar_end=0.713 occ_end=0.192 CSR_train=0.008 done_count=125
[upd 50] u=0 upd_ctr=5 opt_step=80 E=0.842 g=0.114 VarTD=0.134214 ret_end=-26.614 dbar_end=0.691 occ_end=0.200 CSR_train=0.000 done_count=125
[upd 60] u=0 upd_ctr=6 opt_step=96 E=0.834 g=0.108 VarTD=0.148891 ret_end=-26.494 dbar_end=0.709 occ_end=0.152 CSR_train=0.000 done_count=125
[upd 70] u=0 upd_ctr=7 opt_step=112 E=0.907 g=0.119 VarTD=0.134051 ret_end=-25.546 dbar_end=0.677 occ_end=0.216 CSR_train=0.000 done_count=125
[upd 80] u=0 upd_ctr=8 opt_step=128 E=1.000 g=0.122 VarTD=0.126498 ret_end=-25.356 dbar_end=0.670 occ_end=0.160 CSR_train=0.000 done_count=125
[upd 90] u=1 upd_ctr=10 opt_step=160 E=0.173 g=0.136 VarTD=0.145251 ret_end=-24.747 dbar_end=0.635 occ_end=0.232 CSR_train=0.000 done_count=125
[upd 100] u=0 upd_ctr=11 opt_step=176 E=0.522 g=0.134 VarTD=0.198200 ret_end=-25.368 dbar_end=0.640 occ_end=0.224 CSR_train=0.000 done_count=125
[upd 110] u=0 upd_ctr=12 opt_step=192 E=0.815 g=0.138 VarTD=0.219892 ret_end=-25.258 dbar_end=0.630 occ_end=0.168 CSR_train=0.000 done_count=125
[upd 120] u=0 upd_ctr=13 opt_step=208 E=1.000 g=0.144 VarTD=0.204479 ret_end=-24.728 dbar_end=0.617 occ_end=0.296 CSR_train=0.000 done_count=125
[upd 130] u=0 upd_ctr=15 opt_step=240 E=0.317 g=0.139 VarTD=0.249650 ret_end=-25.351 dbar_end=0.628 occ_end=0.290 CSR_train=0.000 done_count=100
[upd 140] u=0 upd_ctr=16 opt_step=256 E=0.542 g=0.131 VarTD=0.318739 ret_end=-25.861 dbar_end=0.646 occ_end=0.160 CSR_train=0.000 done_count=125
[upd 150] u=0 upd_ctr=17 opt_step=272 E=0.838 g=0.148 VarTD=0.369302 ret_end=-24.743 dbar_end=0.608 occ_end=0.248 CSR_train=0.000 done_count=125
[upd 160] u=1 upd_ctr=19 opt_step=304 E=0.173 g=0.136 VarTD=0.441131 ret_end=-25.500 dbar_end=0.635 occ_end=0.136 CSR_train=0.000 done_count=125
[upd 170] u=0 upd_ctr=20 opt_step=320 E=0.559 g=0.147 VarTD=0.642799 ret_end=-25.112 dbar_end=0.612 occ_end=0.280 CSR_train=0.000 done_count=125
[upd 180] u=0 upd_ctr=21 opt_step=336 E=0.957 g=0.147 VarTD=0.687605 ret_end=-24.638 dbar_end=0.610 occ_end=0.256 CSR_train=0.000 done_count=125
[upd 190] u=0 upd_ctr=23 opt_step=368 E=0.490 g=0.161 VarTD=0.954243 ret_end=-23.938 dbar_end=0.582 occ_end=0.352 CSR_train=0.000 done_count=125
[upd 200] u=0 upd_ctr=24 opt_step=384 E=0.913 g=0.152 VarTD=1.076450 ret_end=-24.827 dbar_end=0.599 occ_end=0.256 CSR_train=0.000 done_count=125
[upd 210] u=0 upd_ctr=26 opt_step=416 E=0.336 g=0.155 VarTD=1.292642 ret_end=-23.876 dbar_end=0.594 occ_end=0.280 CSR_train=0.000 done_count=125
[upd 220] u=0 upd_ctr=27 opt_step=432 E=0.755 g=0.160 VarTD=1.474921 ret_end=-24.657 dbar_end=0.584 occ_end=0.288 CSR_train=0.000 done_count=125
[upd 230] u=1 upd_ctr=29 opt_step=464 E=0.193 g=0.159 VarTD=1.527020 ret_end=-23.508 dbar_end=0.585 occ_end=0.296 CSR_train=0.008 done_count=125
[upd 240] u=0 upd_ctr=30 opt_step=480 E=0.638 g=0.166 VarTD=1.846549 ret_end=-23.767 dbar_end=0.572 occ_end=0.352 CSR_train=0.000 done_count=125
[upd 250] u=0 upd_ctr=31 opt_step=496 E=1.000 g=0.162 VarTD=1.993732 ret_end=-24.197 dbar_end=0.581 occ_end=0.232 CSR_train=0.008 done_count=125
[upd 260] u=0 upd_ctr=33 opt_step=528 E=0.507 g=0.168 VarTD=1.929610 ret_end=-23.746 dbar_end=0.569 occ_end=0.310 CSR_train=0.000 done_count=100
[upd 270] u=0 upd_ctr=34 opt_step=544 E=1.000 g=0.170 VarTD=2.499964 ret_end=-23.929 dbar_end=0.564 occ_end=0.296 CSR_train=0.000 done_count=125
[upd 280] u=0 upd_ctr=36 opt_step=576 E=0.530 g=0.185 VarTD=2.934812 ret_end=-23.767 dbar_end=0.537 occ_end=0.368 CSR_train=0.008 done_count=125
[upd 290] u=0 upd_ctr=37 opt_step=592 E=1.000 g=0.156 VarTD=3.047856 ret_end=-24.663 dbar_end=0.592 occ_end=0.328 CSR_train=0.000 done_count=125
[upd 300] u=0 upd_ctr=39 opt_step=624 E=0.634 g=0.167 VarTD=3.384427 ret_end=-24.441 dbar_end=0.570 occ_end=0.296 CSR_train=0.000 done_count=125
[upd 310] u=1 upd_ctr=41 opt_step=656 E=0.194 g=0.184 VarTD=3.646345 ret_end=-23.664 dbar_end=0.538 occ_end=0.272 CSR_train=0.000 done_count=125
[Gate5 check] update_counter violations: t0=0 diffs=0
[Gate5 check] opt_step violations: t0=0 diffs=0 (expected_inc=16)
[Gate5 check] NaN masking: nan_on_skip=True finite_on_update=True
[Gate5 summary] mean_update_fraction=0.1314 final_executed_updates_mean=41.00
[Gate5 eval] done_count mean=100.0 CSR mean=0.0100 len_end_mean=26.00
[Gate5 eval] episodes_per_env=4 T_eval=104
[Gate5 eval-debug] locked_eps_occ=0.20 pre(step25): dbar_end=0.474322 occupied_end_mean=0.530000 max_tilde_end_mean=0.671509 CSR@locked=0.010000
[Gate5 eval-debug] locked_eps_occ=0.20 post(step26): dbar_end=0.472454 occupied_end_mean=0.430000 max_tilde_end_mean=0.669856 CSR@locked=0.010000
[Gate5 eval-debug] CSR_pre@0.10=0.0000 CSR_pre@0.15=0.0000 CSR_pre@0.20=0.0100 CSR_pre@0.25=0.0100 CSR_pre@0.30=0.0200
[Gate5 eval-debug] CSR_post@0.10=0.0000 CSR_post@0.15=0.0000 CSR_post@0.20=0.0100 CSR_post@0.25=0.0100 CSR_post@0.30=0.0400
