Importing submoduled environments...
Submoduled environments not found. Skipping import.
[upd 0] u=1 upd_ctr=1 opt_step=16 E=0.000 g=0.092 VarTD=0.127621 ret_end=-27.319 dbar_end=0.760 occ_end=0.140 CSR_train=0.000 done_count=100
[upd 10] u=0 upd_ctr=1 opt_step=16 E=0.000 g=0.102 VarTD=0.162085 ret_end=-27.682 dbar_end=0.727 occ_end=0.168 CSR_train=0.000 done_count=125
[upd 20] u=0 upd_ctr=1 opt_step=16 E=0.000 g=0.083 VarTD=0.141936 ret_end=-28.343 dbar_end=0.793 occ_end=0.144 CSR_train=0.000 done_count=125
[upd 30] u=0 upd_ctr=1 opt_step=16 E=0.000 g=0.093 VarTD=0.135564 ret_end=-27.031 dbar_end=0.758 occ_end=0.192 CSR_train=0.000 done_count=125
[upd 40] u=0 upd_ctr=1 opt_step=16 E=0.000 g=0.084 VarTD=0.154401 ret_end=-27.905 dbar_end=0.790 occ_end=0.096 CSR_train=0.000 done_count=125
[upd 50] u=0 upd_ctr=1 opt_step=16 E=0.000 g=0.095 VarTD=0.140026 ret_end=-26.932 dbar_end=0.749 occ_end=0.168 CSR_train=0.000 done_count=125
[upd 60] u=0 upd_ctr=1 opt_step=16 E=0.000 g=0.095 VarTD=0.130992 ret_end=-27.314 dbar_end=0.751 occ_end=0.152 CSR_train=0.000 done_count=125
[upd 70] u=0 upd_ctr=1 opt_step=16 E=0.000 g=0.092 VarTD=0.171389 ret_end=-27.586 dbar_end=0.760 occ_end=0.160 CSR_train=0.000 done_count=125
[upd 80] u=0 upd_ctr=1 opt_step=16 E=0.000 g=0.090 VarTD=0.156266 ret_end=-26.835 dbar_end=0.765 occ_end=0.136 CSR_train=0.000 done_count=125
[upd 90] u=0 upd_ctr=1 opt_step=16 E=0.000 g=0.090 VarTD=0.155652 ret_end=-28.668 dbar_end=0.766 occ_end=0.152 CSR_train=0.000 done_count=125
[upd 100] u=0 upd_ctr=1 opt_step=16 E=0.000 g=0.106 VarTD=0.137962 ret_end=-25.848 dbar_end=0.714 occ_end=0.232 CSR_train=0.000 done_count=125
[upd 110] u=0 upd_ctr=1 opt_step=16 E=0.000 g=0.085 VarTD=0.179594 ret_end=-28.558 dbar_end=0.785 occ_end=0.112 CSR_train=0.000 done_count=125
[upd 120] u=0 upd_ctr=1 opt_step=16 E=0.000 g=0.099 VarTD=0.135250 ret_end=-27.616 dbar_end=0.737 occ_end=0.128 CSR_train=0.000 done_count=125
[Gate5 check] update_counter violations: t0=0 diffs=0
[Gate5 check] opt_step violations: t0=0 diffs=0 (expected_inc=16)
[Gate5 check] NaN masking: nan_on_skip=True finite_on_update=True
[Gate5 summary] mean_update_fraction=0.0080 final_executed_updates_mean=1.00
[Gate5 eval] done_count mean=100.0 CSR mean=0.0000 len_end_mean=26.00
[Gate5 eval] episodes_per_env=4 T_eval=104
[Gate5 eval-debug] locked_eps_occ=0.20 pre(step25): dbar_end=0.607365 occupied_end_mean=0.350000 max_tilde_end_mean=0.930610 CSR@locked=0.000000
[Gate5 eval-debug] locked_eps_occ=0.20 post(step26): dbar_end=0.613476 occupied_end_mean=0.290000 max_tilde_end_mean=0.931582 CSR@locked=0.000000
[Gate5 eval-debug] CSR_pre@0.10=0.0000 CSR_pre@0.15=0.0000 CSR_pre@0.20=0.0000 CSR_pre@0.25=0.0000 CSR_pre@0.30=0.0100
[Gate5 eval-debug] CSR_post@0.10=0.0000 CSR_post@0.15=0.0000 CSR_post@0.20=0.0000 CSR_post@0.25=0.0000 CSR_post@0.30=0.0100
