Importing submoduled environments...
Submoduled environments not found. Skipping import.
[upd 0] u=1 upd_ctr=1 opt_step=16 E=0.082 g=0.105 VarTD=0.153100 ret_end=-26.906 dbar_end=0.718 occ_end=0.160 CSR_train=0.000 done_count=100
[upd 10] u=0 upd_ctr=1 opt_step=16 E=0.361 g=0.079 VarTD=0.158451 ret_end=-28.492 dbar_end=0.807 occ_end=0.088 CSR_train=0.000 done_count=125
[upd 20] u=0 upd_ctr=1 opt_step=16 E=0.645 g=0.100 VarTD=0.134152 ret_end=-26.725 dbar_end=0.733 occ_end=0.192 CSR_train=0.000 done_count=125
[upd 30] u=0 upd_ctr=1 opt_step=16 E=0.925 g=0.094 VarTD=0.161237 ret_end=-27.688 dbar_end=0.753 occ_end=0.144 CSR_train=0.000 done_count=125
[upd 40] u=0 upd_ctr=2 opt_step=32 E=0.264 g=0.088 VarTD=0.147685 ret_end=-28.508 dbar_end=0.774 occ_end=0.144 CSR_train=0.000 done_count=125
[upd 50] u=0 upd_ctr=2 opt_step=32 E=0.562 g=0.091 VarTD=0.142479 ret_end=-28.023 dbar_end=0.763 occ_end=0.160 CSR_train=0.000 done_count=125
[upd 60] u=0 upd_ctr=2 opt_step=32 E=0.851 g=0.098 VarTD=0.137615 ret_end=-27.006 dbar_end=0.741 occ_end=0.152 CSR_train=0.000 done_count=125
[upd 70] u=0 upd_ctr=3 opt_step=48 E=0.216 g=0.121 VarTD=0.121130 ret_end=-25.727 dbar_end=0.674 occ_end=0.256 CSR_train=0.000 done_count=125
[upd 80] u=0 upd_ctr=3 opt_step=48 E=0.529 g=0.120 VarTD=0.101775 ret_end=-25.140 dbar_end=0.676 occ_end=0.264 CSR_train=0.008 done_count=125
[upd 90] u=0 upd_ctr=3 opt_step=48 E=0.832 g=0.101 VarTD=0.139651 ret_end=-26.344 dbar_end=0.732 occ_end=0.184 CSR_train=0.000 done_count=125
[upd 100] u=0 upd_ctr=4 opt_step=64 E=0.193 g=0.105 VarTD=0.128907 ret_end=-26.700 dbar_end=0.719 occ_end=0.120 CSR_train=0.000 done_count=125
[upd 110] u=0 upd_ctr=4 opt_step=64 E=0.514 g=0.110 VarTD=0.135760 ret_end=-26.119 dbar_end=0.704 occ_end=0.144 CSR_train=0.000 done_count=125
[upd 120] u=0 upd_ctr=4 opt_step=64 E=0.836 g=0.105 VarTD=0.144243 ret_end=-27.352 dbar_end=0.718 occ_end=0.104 CSR_train=0.000 done_count=125
[upd 130] u=0 upd_ctr=5 opt_step=80 E=0.210 g=0.108 VarTD=0.132957 ret_end=-25.970 dbar_end=0.710 occ_end=0.160 CSR_train=0.000 done_count=100
[upd 140] u=0 upd_ctr=5 opt_step=80 E=0.553 g=0.120 VarTD=0.155584 ret_end=-26.207 dbar_end=0.676 occ_end=0.192 CSR_train=0.000 done_count=125
[upd 150] u=0 upd_ctr=5 opt_step=80 E=0.890 g=0.106 VarTD=0.171891 ret_end=-26.608 dbar_end=0.716 occ_end=0.192 CSR_train=0.000 done_count=125
[upd 160] u=0 upd_ctr=6 opt_step=96 E=0.292 g=0.127 VarTD=0.123826 ret_end=-25.514 dbar_end=0.657 occ_end=0.200 CSR_train=0.000 done_count=125
[upd 170] u=0 upd_ctr=6 opt_step=96 E=0.632 g=0.110 VarTD=0.132421 ret_end=-26.210 dbar_end=0.702 occ_end=0.176 CSR_train=0.000 done_count=125
[upd 180] u=0 upd_ctr=6 opt_step=96 E=0.974 g=0.126 VarTD=0.137545 ret_end=-25.663 dbar_end=0.659 occ_end=0.200 CSR_train=0.000 done_count=125
[upd 190] u=0 upd_ctr=7 opt_step=112 E=0.373 g=0.115 VarTD=0.157893 ret_end=-26.422 dbar_end=0.688 occ_end=0.184 CSR_train=0.000 done_count=125
[upd 200] u=0 upd_ctr=7 opt_step=112 E=0.726 g=0.126 VarTD=0.162790 ret_end=-25.986 dbar_end=0.660 occ_end=0.248 CSR_train=0.000 done_count=125
[upd 210] u=0 upd_ctr=8 opt_step=128 E=0.137 g=0.119 VarTD=0.126907 ret_end=-25.741 dbar_end=0.677 occ_end=0.208 CSR_train=0.000 done_count=125
[upd 220] u=0 upd_ctr=8 opt_step=128 E=0.497 g=0.126 VarTD=0.140879 ret_end=-26.310 dbar_end=0.660 occ_end=0.240 CSR_train=0.000 done_count=125
[upd 230] u=0 upd_ctr=8 opt_step=128 E=0.860 g=0.123 VarTD=0.129875 ret_end=-25.465 dbar_end=0.668 occ_end=0.176 CSR_train=0.000 done_count=125
[upd 240] u=0 upd_ctr=9 opt_step=144 E=0.276 g=0.117 VarTD=0.136374 ret_end=-26.167 dbar_end=0.682 occ_end=0.176 CSR_train=0.000 done_count=125
[upd 250] u=0 upd_ctr=9 opt_step=144 E=0.652 g=0.125 VarTD=0.142278 ret_end=-25.128 dbar_end=0.661 occ_end=0.208 CSR_train=0.000 done_count=125
[upd 260] u=0 upd_ctr=10 opt_step=160 E=0.086 g=0.134 VarTD=0.170931 ret_end=-25.242 dbar_end=0.641 occ_end=0.300 CSR_train=0.000 done_count=100
[upd 270] u=0 upd_ctr=10 opt_step=160 E=0.467 g=0.123 VarTD=0.160782 ret_end=-25.942 dbar_end=0.667 occ_end=0.200 CSR_train=0.000 done_count=125
[upd 280] u=0 upd_ctr=10 opt_step=160 E=0.861 g=0.130 VarTD=0.191035 ret_end=-26.072 dbar_end=0.649 occ_end=0.216 CSR_train=0.000 done_count=125
[upd 290] u=0 upd_ctr=11 opt_step=176 E=0.300 g=0.142 VarTD=0.171237 ret_end=-24.840 dbar_end=0.622 occ_end=0.240 CSR_train=0.000 done_count=125
[upd 300] u=0 upd_ctr=11 opt_step=176 E=0.710 g=0.135 VarTD=0.176874 ret_end=-25.186 dbar_end=0.638 occ_end=0.248 CSR_train=0.000 done_count=125
[upd 310] u=0 upd_ctr=12 opt_step=192 E=0.165 g=0.143 VarTD=0.201033 ret_end=-25.263 dbar_end=0.619 occ_end=0.240 CSR_train=0.000 done_count=125
[Gate5 check] update_counter violations: t0=0 diffs=0
[Gate5 check] opt_step violations: t0=0 diffs=0 (expected_inc=16)
[Gate5 check] NaN masking: nan_on_skip=True finite_on_update=True
[Gate5 summary] mean_update_fraction=0.0385 final_executed_updates_mean=12.00
[Gate5 eval] done_count mean=100.0 CSR mean=0.0000 len_end_mean=26.00
[Gate5 eval] episodes_per_env=4 T_eval=104
[Gate5 eval-debug] locked_eps_occ=0.20 pre(step25): dbar_end=0.509168 occupied_end_mean=0.390000 max_tilde_end_mean=0.734819 CSR@locked=0.000000
[Gate5 eval-debug] locked_eps_occ=0.20 post(step26): dbar_end=0.496398 occupied_end_mean=0.370000 max_tilde_end_mean=0.718535 CSR@locked=0.000000
[Gate5 eval-debug] CSR_pre@0.10=0.0000 CSR_pre@0.15=0.0000 CSR_pre@0.20=0.0000 CSR_pre@0.25=0.0100 CSR_pre@0.30=0.0200
[Gate5 eval-debug] CSR_post@0.10=0.0000 CSR_post@0.15=0.0000 CSR_post@0.20=0.0000 CSR_post@0.25=0.0100 CSR_post@0.30=0.0300
