Importing submoduled environments...
Submoduled environments not found. Skipping import.
[upd 0] u=1 upd_ctr=1 opt_step=16 E=0.909 g=0.094 VarTD=0.156314 ret_end=-27.700 dbar_end=0.751 occ_end=0.180 CSR_train=0.010 done_count=100
[upd 10] u=1 upd_ctr=11 opt_step=176 E=0.024 g=0.150 VarTD=0.136499 ret_end=-24.372 dbar_end=0.605 occ_end=0.216 CSR_train=0.000 done_count=125
[upd 20] u=0 upd_ctr=12 opt_step=192 E=0.064 g=0.146 VarTD=0.167320 ret_end=-24.486 dbar_end=0.613 occ_end=0.280 CSR_train=0.000 done_count=125
[upd 30] u=0 upd_ctr=13 opt_step=208 E=0.104 g=0.136 VarTD=0.195839 ret_end=-25.569 dbar_end=0.636 occ_end=0.176 CSR_train=0.000 done_count=125
[upd 40] u=0 upd_ctr=15 opt_step=240 E=0.050 g=0.140 VarTD=0.254938 ret_end=-25.166 dbar_end=0.626 occ_end=0.248 CSR_train=0.000 done_count=125
[upd 50] u=0 upd_ctr=16 opt_step=256 E=0.098 g=0.152 VarTD=0.303691 ret_end=-24.710 dbar_end=0.599 occ_end=0.312 CSR_train=0.000 done_count=125
[upd 60] u=0 upd_ctr=18 opt_step=288 E=0.045 g=0.141 VarTD=0.399019 ret_end=-24.270 dbar_end=0.623 occ_end=0.272 CSR_train=0.000 done_count=125
[upd 70] u=0 upd_ctr=19 opt_step=304 E=0.094 g=0.146 VarTD=0.464375 ret_end=-24.463 dbar_end=0.613 occ_end=0.304 CSR_train=0.016 done_count=125
[upd 80] u=0 upd_ctr=21 opt_step=336 E=0.042 g=0.151 VarTD=0.626745 ret_end=-25.222 dbar_end=0.602 occ_end=0.192 CSR_train=0.000 done_count=125
[upd 90] u=0 upd_ctr=22 opt_step=352 E=0.095 g=0.135 VarTD=0.644741 ret_end=-24.536 dbar_end=0.639 occ_end=0.184 CSR_train=0.000 done_count=125
[upd 100] u=0 upd_ctr=24 opt_step=384 E=0.052 g=0.169 VarTD=0.898136 ret_end=-24.081 dbar_end=0.565 occ_end=0.336 CSR_train=0.000 done_count=125
[upd 110] u=0 upd_ctr=25 opt_step=400 E=0.109 g=0.167 VarTD=0.976896 ret_end=-22.872 dbar_end=0.570 occ_end=0.304 CSR_train=0.000 done_count=125
[upd 120] u=0 upd_ctr=27 opt_step=432 E=0.068 g=0.163 VarTD=1.253806 ret_end=-23.756 dbar_end=0.577 occ_end=0.232 CSR_train=0.008 done_count=125
[Gate5 check] update_counter violations: t0=0 diffs=0
[Gate5 check] opt_step violations: t0=0 diffs=0 (expected_inc=16)
[Gate5 check] NaN masking: nan_on_skip=True finite_on_update=True
[Gate5 summary] mean_update_fraction=0.2240 final_executed_updates_mean=28.00
[Gate5 eval] done_count mean=100.0 CSR mean=0.0200 len_end_mean=26.00
[Gate5 eval] episodes_per_env=4 T_eval=104
[Gate5 eval-debug] locked_eps_occ=0.20 pre(step25): dbar_end=0.486756 occupied_end_mean=0.400000 max_tilde_end_mean=0.696376 CSR@locked=0.010000
[Gate5 eval-debug] locked_eps_occ=0.20 post(step26): dbar_end=0.456749 occupied_end_mean=0.510000 max_tilde_end_mean=0.666041 CSR@locked=0.020000
[Gate5 eval-debug] CSR_pre@0.10=0.0000 CSR_pre@0.15=0.0000 CSR_pre@0.20=0.0100 CSR_pre@0.25=0.0200 CSR_pre@0.30=0.0400
[Gate5 eval-debug] CSR_post@0.10=0.0000 CSR_post@0.15=0.0100 CSR_post@0.20=0.0200 CSR_post@0.25=0.0200 CSR_post@0.30=0.0400
