Importing submoduled environments...
Submoduled environments not found. Skipping import.
[upd 0] u=1 upd_ctr=1 opt_step=16 E=0.105 g=0.092 VarTD=0.142843 ret_end=-27.084 dbar_end=0.760 occ_end=0.110 CSR_train=0.000 done_count=100
[upd 10] u=0 upd_ctr=1 opt_step=16 E=0.648 g=0.091 VarTD=0.164683 ret_end=-27.227 dbar_end=0.764 occ_end=0.176 CSR_train=0.000 done_count=125
[upd 20] u=0 upd_ctr=2 opt_step=32 E=0.265 g=0.082 VarTD=0.171170 ret_end=-28.577 dbar_end=0.798 occ_end=0.128 CSR_train=0.000 done_count=125
[upd 30] u=0 upd_ctr=2 opt_step=32 E=0.854 g=0.097 VarTD=0.131143 ret_end=-27.332 dbar_end=0.744 occ_end=0.192 CSR_train=0.000 done_count=125
[upd 40] u=0 upd_ctr=3 opt_step=48 E=0.505 g=0.102 VarTD=0.138787 ret_end=-26.425 dbar_end=0.727 occ_end=0.152 CSR_train=0.000 done_count=125
[upd 50] u=0 upd_ctr=4 opt_step=64 E=0.165 g=0.099 VarTD=0.127572 ret_end=-26.975 dbar_end=0.737 occ_end=0.152 CSR_train=0.000 done_count=125
[upd 60] u=0 upd_ctr=4 opt_step=64 E=0.823 g=0.133 VarTD=0.135243 ret_end=-25.024 dbar_end=0.642 occ_end=0.224 CSR_train=0.000 done_count=125
[upd 70] u=0 upd_ctr=5 opt_step=80 E=0.552 g=0.112 VarTD=0.141756 ret_end=-26.527 dbar_end=0.698 occ_end=0.152 CSR_train=0.000 done_count=125
[upd 80] u=0 upd_ctr=6 opt_step=96 E=0.308 g=0.122 VarTD=0.131752 ret_end=-25.875 dbar_end=0.669 occ_end=0.224 CSR_train=0.000 done_count=125
[upd 90] u=1 upd_ctr=7 opt_step=112 E=0.106 g=0.131 VarTD=0.107778 ret_end=-25.113 dbar_end=0.648 occ_end=0.184 CSR_train=0.000 done_count=125
[upd 100] u=0 upd_ctr=7 opt_step=112 E=0.872 g=0.133 VarTD=0.137955 ret_end=-26.691 dbar_end=0.642 occ_end=0.208 CSR_train=0.000 done_count=125
[upd 110] u=0 upd_ctr=8 opt_step=128 E=0.693 g=0.139 VarTD=0.144642 ret_end=-25.693 dbar_end=0.629 occ_end=0.192 CSR_train=0.000 done_count=125
[upd 120] u=0 upd_ctr=9 opt_step=144 E=0.544 g=0.139 VarTD=0.130604 ret_end=-25.108 dbar_end=0.629 occ_end=0.240 CSR_train=0.000 done_count=125
[upd 130] u=0 upd_ctr=10 opt_step=160 E=0.415 g=0.125 VarTD=0.149758 ret_end=-25.552 dbar_end=0.663 occ_end=0.150 CSR_train=0.000 done_count=100
[upd 140] u=0 upd_ctr=11 opt_step=176 E=0.306 g=0.153 VarTD=0.171952 ret_end=-24.520 dbar_end=0.599 occ_end=0.256 CSR_train=0.000 done_count=125
[upd 150] u=0 upd_ctr=12 opt_step=192 E=0.221 g=0.141 VarTD=0.173837 ret_end=-23.825 dbar_end=0.625 occ_end=0.192 CSR_train=0.000 done_count=125
[upd 160] u=1 upd_ctr=13 opt_step=208 E=0.131 g=0.135 VarTD=0.196783 ret_end=-25.546 dbar_end=0.638 occ_end=0.256 CSR_train=0.000 done_count=125
[upd 170] u=0 upd_ctr=13 opt_step=208 E=1.000 g=0.135 VarTD=0.220397 ret_end=-24.840 dbar_end=0.637 occ_end=0.296 CSR_train=0.000 done_count=125
[upd 180] u=0 upd_ctr=14 opt_step=224 E=0.951 g=0.160 VarTD=0.247143 ret_end=-24.279 dbar_end=0.584 occ_end=0.232 CSR_train=0.000 done_count=125
[upd 190] u=0 upd_ctr=15 opt_step=240 E=0.942 g=0.150 VarTD=0.296528 ret_end=-25.079 dbar_end=0.605 occ_end=0.248 CSR_train=0.000 done_count=125
[upd 200] u=0 upd_ctr=16 opt_step=256 E=0.902 g=0.151 VarTD=0.340660 ret_end=-24.699 dbar_end=0.601 occ_end=0.264 CSR_train=0.000 done_count=125
[upd 210] u=0 upd_ctr=17 opt_step=272 E=0.945 g=0.175 VarTD=0.416577 ret_end=-23.627 dbar_end=0.555 occ_end=0.304 CSR_train=0.000 done_count=125
[upd 220] u=0 upd_ctr=18 opt_step=288 E=0.988 g=0.174 VarTD=0.458968 ret_end=-23.692 dbar_end=0.556 occ_end=0.208 CSR_train=0.000 done_count=125
[upd 230] u=1 upd_ctr=20 opt_step=320 E=0.104 g=0.166 VarTD=0.541008 ret_end=-23.790 dbar_end=0.572 occ_end=0.264 CSR_train=0.000 done_count=125
[upd 240] u=1 upd_ctr=21 opt_step=336 E=0.158 g=0.180 VarTD=0.700038 ret_end=-23.987 dbar_end=0.546 occ_end=0.376 CSR_train=0.008 done_count=125
[upd 250] u=0 upd_ctr=22 opt_step=352 E=0.248 g=0.164 VarTD=0.811654 ret_end=-24.822 dbar_end=0.575 occ_end=0.248 CSR_train=0.000 done_count=125
[upd 260] u=0 upd_ctr=23 opt_step=368 E=0.347 g=0.173 VarTD=0.765289 ret_end=-22.699 dbar_end=0.559 occ_end=0.340 CSR_train=0.000 done_count=100
[upd 270] u=0 upd_ctr=24 opt_step=384 E=0.431 g=0.166 VarTD=1.003617 ret_end=-23.672 dbar_end=0.571 occ_end=0.216 CSR_train=0.008 done_count=125
[upd 280] u=0 upd_ctr=25 opt_step=400 E=0.548 g=0.186 VarTD=1.184973 ret_end=-23.069 dbar_end=0.535 occ_end=0.280 CSR_train=0.000 done_count=125
[upd 290] u=0 upd_ctr=26 opt_step=416 E=0.667 g=0.178 VarTD=1.300067 ret_end=-23.584 dbar_end=0.550 occ_end=0.272 CSR_train=0.000 done_count=125
[upd 300] u=0 upd_ctr=27 opt_step=432 E=0.749 g=0.169 VarTD=1.408661 ret_end=-23.845 dbar_end=0.566 occ_end=0.248 CSR_train=0.000 done_count=125
[upd 310] u=0 upd_ctr=28 opt_step=448 E=0.859 g=0.173 VarTD=1.529283 ret_end=-23.881 dbar_end=0.558 occ_end=0.240 CSR_train=0.000 done_count=125
[Gate5 check] update_counter violations: t0=0 diffs=0
[Gate5 check] opt_step violations: t0=0 diffs=0 (expected_inc=16)
[Gate5 check] NaN masking: nan_on_skip=True finite_on_update=True
[Gate5 summary] mean_update_fraction=0.0897 final_executed_updates_mean=28.00
[Gate5 eval] done_count mean=100.0 CSR mean=0.0000 len_end_mean=26.00
[Gate5 eval] episodes_per_env=4 T_eval=104
[Gate5 eval-debug] locked_eps_occ=0.20 pre(step25): dbar_end=0.482442 occupied_end_mean=0.420000 max_tilde_end_mean=0.710003 CSR@locked=0.020000
[Gate5 eval-debug] locked_eps_occ=0.20 post(step26): dbar_end=0.482209 occupied_end_mean=0.430000 max_tilde_end_mean=0.717306 CSR@locked=0.000000
[Gate5 eval-debug] CSR_pre@0.10=0.0000 CSR_pre@0.15=0.0100 CSR_pre@0.20=0.0200 CSR_pre@0.25=0.0200 CSR_pre@0.30=0.0500
[Gate5 eval-debug] CSR_post@0.10=0.0000 CSR_post@0.15=0.0000 CSR_post@0.20=0.0000 CSR_post@0.25=0.0300 CSR_post@0.30=0.0500
