Importing submoduled environments...
Submoduled environments not found. Skipping import.
[upd 0] u=1 upd_ctr=1 opt_step=16 E=0.110 g=0.096 VarTD=0.158273 ret_end=-27.822 dbar_end=0.748 occ_end=0.150 CSR_train=0.000 done_count=100
[upd 10] u=0 upd_ctr=1 opt_step=16 E=0.205 g=0.097 VarTD=0.181267 ret_end=-27.128 dbar_end=0.741 occ_end=0.144 CSR_train=0.000 done_count=125
[upd 20] u=0 upd_ctr=1 opt_step=16 E=0.301 g=0.093 VarTD=0.171953 ret_end=-27.458 dbar_end=0.756 occ_end=0.160 CSR_train=0.008 done_count=125
[upd 30] u=0 upd_ctr=1 opt_step=16 E=0.398 g=0.084 VarTD=0.182575 ret_end=-28.598 dbar_end=0.790 occ_end=0.064 CSR_train=0.000 done_count=125
[upd 40] u=0 upd_ctr=1 opt_step=16 E=0.495 g=0.094 VarTD=0.153062 ret_end=-27.671 dbar_end=0.753 occ_end=0.144 CSR_train=0.000 done_count=125
[upd 50] u=0 upd_ctr=1 opt_step=16 E=0.590 g=0.109 VarTD=0.142482 ret_end=-26.109 dbar_end=0.707 occ_end=0.160 CSR_train=0.000 done_count=125
[upd 60] u=0 upd_ctr=1 opt_step=16 E=0.685 g=0.091 VarTD=0.166838 ret_end=-27.430 dbar_end=0.764 occ_end=0.168 CSR_train=0.000 done_count=125
[upd 70] u=0 upd_ctr=1 opt_step=16 E=0.779 g=0.096 VarTD=0.199463 ret_end=-28.146 dbar_end=0.748 occ_end=0.160 CSR_train=0.000 done_count=125
[upd 80] u=0 upd_ctr=1 opt_step=16 E=0.877 g=0.104 VarTD=0.188605 ret_end=-26.408 dbar_end=0.720 occ_end=0.200 CSR_train=0.000 done_count=125
[upd 90] u=0 upd_ctr=2 opt_step=32 E=0.079 g=0.108 VarTD=0.150445 ret_end=-26.180 dbar_end=0.710 occ_end=0.160 CSR_train=0.000 done_count=125
[upd 100] u=0 upd_ctr=2 opt_step=32 E=0.180 g=0.106 VarTD=0.163211 ret_end=-26.939 dbar_end=0.715 occ_end=0.168 CSR_train=0.000 done_count=125
[upd 110] u=0 upd_ctr=2 opt_step=32 E=0.280 g=0.096 VarTD=0.174419 ret_end=-27.205 dbar_end=0.745 occ_end=0.184 CSR_train=0.000 done_count=125
[upd 120] u=0 upd_ctr=2 opt_step=32 E=0.375 g=0.090 VarTD=0.184709 ret_end=-28.076 dbar_end=0.767 occ_end=0.128 CSR_train=0.000 done_count=125
[Gate5 check] update_counter violations: t0=0 diffs=0
[Gate5 check] opt_step violations: t0=0 diffs=0 (expected_inc=16)
[Gate5 check] NaN masking: nan_on_skip=True finite_on_update=True
[Gate5 summary] mean_update_fraction=0.0160 final_executed_updates_mean=2.00
[Gate5 eval] done_count mean=100.0 CSR mean=0.0100 len_end_mean=26.00
[Gate5 eval] episodes_per_env=4 T_eval=104
[Gate5 eval-debug] locked_eps_occ=0.20 pre(step25): dbar_end=0.539824 occupied_end_mean=0.290000 max_tilde_end_mean=0.769044 CSR@locked=0.000000
[Gate5 eval-debug] locked_eps_occ=0.20 post(step26): dbar_end=0.534869 occupied_end_mean=0.360000 max_tilde_end_mean=0.763991 CSR@locked=0.010000
[Gate5 eval-debug] CSR_pre@0.10=0.0000 CSR_pre@0.15=0.0000 CSR_pre@0.20=0.0000 CSR_pre@0.25=0.0200 CSR_pre@0.30=0.0400
[Gate5 eval-debug] CSR_post@0.10=0.0000 CSR_post@0.15=0.0000 CSR_post@0.20=0.0100 CSR_post@0.25=0.0400 CSR_post@0.30=0.0600
