Importing submoduled environments...
Submoduled environments not found. Skipping import.
[upd 0] u=1 upd_ctr=1 opt_step=16 E=0.400 g=0.096 VarTD=0.159541 ret_end=-27.424 dbar_end=0.745 occ_end=0.200 CSR_train=0.000 done_count=100
[upd 10] u=0 upd_ctr=1 opt_step=16 E=0.400 g=0.095 VarTD=0.132747 ret_end=-26.853 dbar_end=0.750 occ_end=0.208 CSR_train=0.000 done_count=125
[upd 20] u=0 upd_ctr=1 opt_step=16 E=0.400 g=0.103 VarTD=0.168812 ret_end=-26.447 dbar_end=0.725 occ_end=0.168 CSR_train=0.000 done_count=125
[upd 30] u=0 upd_ctr=1 opt_step=16 E=0.400 g=0.086 VarTD=0.167917 ret_end=-28.095 dbar_end=0.783 occ_end=0.176 CSR_train=0.000 done_count=125
[upd 40] u=0 upd_ctr=1 opt_step=16 E=0.400 g=0.094 VarTD=0.153748 ret_end=-27.500 dbar_end=0.754 occ_end=0.168 CSR_train=0.000 done_count=125
[upd 50] u=0 upd_ctr=1 opt_step=16 E=0.400 g=0.102 VarTD=0.164851 ret_end=-27.219 dbar_end=0.726 occ_end=0.208 CSR_train=0.000 done_count=125
[upd 60] u=0 upd_ctr=1 opt_step=16 E=0.400 g=0.096 VarTD=0.170065 ret_end=-27.132 dbar_end=0.748 occ_end=0.184 CSR_train=0.000 done_count=125
[upd 70] u=0 upd_ctr=1 opt_step=16 E=0.400 g=0.086 VarTD=0.174033 ret_end=-28.263 dbar_end=0.780 occ_end=0.120 CSR_train=0.000 done_count=125
[upd 80] u=0 upd_ctr=1 opt_step=16 E=0.400 g=0.093 VarTD=0.161908 ret_end=-27.309 dbar_end=0.757 occ_end=0.136 CSR_train=0.000 done_count=125
[upd 90] u=0 upd_ctr=1 opt_step=16 E=0.400 g=0.090 VarTD=0.150891 ret_end=-27.436 dbar_end=0.766 occ_end=0.144 CSR_train=0.000 done_count=125
[upd 100] u=0 upd_ctr=1 opt_step=16 E=0.400 g=0.102 VarTD=0.135584 ret_end=-27.212 dbar_end=0.726 occ_end=0.192 CSR_train=0.000 done_count=125
[upd 110] u=0 upd_ctr=1 opt_step=16 E=0.400 g=0.091 VarTD=0.146985 ret_end=-27.228 dbar_end=0.762 occ_end=0.136 CSR_train=0.000 done_count=125
[upd 120] u=0 upd_ctr=1 opt_step=16 E=0.400 g=0.084 VarTD=0.162714 ret_end=-28.055 dbar_end=0.791 occ_end=0.168 CSR_train=0.000 done_count=125
[Gate5 check] update_counter violations: t0=0 diffs=0
[Gate5 check] opt_step violations: t0=0 diffs=0 (expected_inc=16)
[Gate5 check] NaN masking: nan_on_skip=True finite_on_update=True
[Gate5 summary] mean_update_fraction=0.0080 final_executed_updates_mean=1.00
[Gate5 eval] done_count mean=100.0 CSR mean=0.0000 len_end_mean=26.00
[Gate5 eval] episodes_per_env=4 T_eval=104
[Gate5 eval-debug] locked_eps_occ=0.20 pre(step25): dbar_end=0.670357 occupied_end_mean=0.260000 max_tilde_end_mean=0.965197 CSR@locked=0.000000
[Gate5 eval-debug] locked_eps_occ=0.20 post(step26): dbar_end=0.669820 occupied_end_mean=0.240000 max_tilde_end_mean=0.966673 CSR@locked=0.000000
[Gate5 eval-debug] CSR_pre@0.10=0.0000 CSR_pre@0.15=0.0000 CSR_pre@0.20=0.0000 CSR_pre@0.25=0.0000 CSR_pre@0.30=0.0000
[Gate5 eval-debug] CSR_post@0.10=0.0000 CSR_post@0.15=0.0000 CSR_post@0.20=0.0000 CSR_post@0.25=0.0000 CSR_post@0.30=0.0000
