Importing submoduled environments...
Submoduled environments not found. Skipping import.
[upd 0] u=1 upd_ctr=1 opt_step=16 E=0.425 g=0.083 VarTD=0.159821 ret_end=-27.605 dbar_end=0.794 occ_end=0.110 CSR_train=0.000 done_count=100
[upd 10] u=0 upd_ctr=2 opt_step=32 E=0.096 g=0.092 VarTD=0.160919 ret_end=-27.322 dbar_end=0.761 occ_end=0.200 CSR_train=0.000 done_count=125
[upd 20] u=0 upd_ctr=2 opt_step=32 E=0.380 g=0.096 VarTD=0.163740 ret_end=-26.954 dbar_end=0.746 occ_end=0.176 CSR_train=0.000 done_count=125
[upd 30] u=0 upd_ctr=3 opt_step=48 E=0.063 g=0.105 VarTD=0.154744 ret_end=-26.411 dbar_end=0.719 occ_end=0.176 CSR_train=0.000 done_count=125
[upd 40] u=0 upd_ctr=3 opt_step=48 E=0.350 g=0.102 VarTD=0.137653 ret_end=-27.125 dbar_end=0.728 occ_end=0.176 CSR_train=0.008 done_count=125
[upd 50] u=1 upd_ctr=4 opt_step=64 E=0.053 g=0.088 VarTD=0.159549 ret_end=-28.073 dbar_end=0.775 occ_end=0.120 CSR_train=0.000 done_count=125
[upd 60] u=0 upd_ctr=4 opt_step=64 E=0.353 g=0.092 VarTD=0.148172 ret_end=-27.443 dbar_end=0.761 occ_end=0.160 CSR_train=0.000 done_count=125
[upd 70] u=1 upd_ctr=5 opt_step=80 E=0.057 g=0.106 VarTD=0.148084 ret_end=-26.490 dbar_end=0.715 occ_end=0.192 CSR_train=0.000 done_count=125
[upd 80] u=0 upd_ctr=5 opt_step=80 E=0.375 g=0.099 VarTD=0.149026 ret_end=-27.253 dbar_end=0.737 occ_end=0.160 CSR_train=0.000 done_count=125
[upd 90] u=0 upd_ctr=6 opt_step=96 E=0.092 g=0.124 VarTD=0.166042 ret_end=-26.282 dbar_end=0.664 occ_end=0.240 CSR_train=0.000 done_count=125
[upd 100] u=0 upd_ctr=6 opt_step=96 E=0.416 g=0.100 VarTD=0.159112 ret_end=-27.779 dbar_end=0.732 occ_end=0.128 CSR_train=0.000 done_count=125
[upd 110] u=0 upd_ctr=7 opt_step=112 E=0.139 g=0.113 VarTD=0.167382 ret_end=-25.777 dbar_end=0.694 occ_end=0.136 CSR_train=0.000 done_count=125
[upd 120] u=0 upd_ctr=7 opt_step=112 E=0.467 g=0.109 VarTD=0.130953 ret_end=-26.069 dbar_end=0.707 occ_end=0.160 CSR_train=0.000 done_count=125
[Gate5 check] update_counter violations: t0=0 diffs=0
[Gate5 check] opt_step violations: t0=0 diffs=0 (expected_inc=16)
[Gate5 check] NaN masking: nan_on_skip=True finite_on_update=True
[Gate5 summary] mean_update_fraction=0.0560 final_executed_updates_mean=7.00
[Gate5 eval] done_count mean=100.0 CSR mean=0.0100 len_end_mean=26.00
[Gate5 eval] episodes_per_env=4 T_eval=104
[Gate5 eval-debug] locked_eps_occ=0.20 pre(step25): dbar_end=0.483447 occupied_end_mean=0.370000 max_tilde_end_mean=0.686082 CSR@locked=0.010000
[Gate5 eval-debug] locked_eps_occ=0.20 post(step26): dbar_end=0.481462 occupied_end_mean=0.380000 max_tilde_end_mean=0.684815 CSR@locked=0.010000
[Gate5 eval-debug] CSR_pre@0.10=0.0000 CSR_pre@0.15=0.0100 CSR_pre@0.20=0.0100 CSR_pre@0.25=0.0200 CSR_pre@0.30=0.0500
[Gate5 eval-debug] CSR_post@0.10=0.0000 CSR_post@0.15=0.0100 CSR_post@0.20=0.0100 CSR_post@0.25=0.0200 CSR_post@0.30=0.0300
