Importing submoduled environments...
Submoduled environments not found. Skipping import.
[upd 0] u=0 upd_ctr=0 opt_step=0 E=1.000 g=0.096 VarTD=0.158273 ret_end=-27.822 dbar_end=0.748 occ_end=0.150 CSR_train=0.000 done_count=100
[upd 10] u=0 upd_ctr=0 opt_step=0 E=1.000 g=0.089 VarTD=0.193090 ret_end=-27.445 dbar_end=0.770 occ_end=0.120 CSR_train=0.000 done_count=125
[upd 20] u=0 upd_ctr=0 opt_step=0 E=1.000 g=0.083 VarTD=0.177832 ret_end=-27.959 dbar_end=0.791 occ_end=0.136 CSR_train=0.000 done_count=125
[upd 30] u=0 upd_ctr=0 opt_step=0 E=1.000 g=0.076 VarTD=0.190208 ret_end=-28.990 dbar_end=0.820 occ_end=0.064 CSR_train=0.000 done_count=125
[upd 40] u=0 upd_ctr=0 opt_step=0 E=1.000 g=0.088 VarTD=0.158846 ret_end=-28.138 dbar_end=0.774 occ_end=0.152 CSR_train=0.000 done_count=125
[upd 50] u=0 upd_ctr=0 opt_step=0 E=1.000 g=0.099 VarTD=0.149889 ret_end=-26.467 dbar_end=0.736 occ_end=0.128 CSR_train=0.000 done_count=125
[upd 60] u=0 upd_ctr=0 opt_step=0 E=1.000 g=0.084 VarTD=0.173084 ret_end=-27.794 dbar_end=0.789 occ_end=0.160 CSR_train=0.000 done_count=125
[upd 70] u=0 upd_ctr=0 opt_step=0 E=1.000 g=0.087 VarTD=0.215307 ret_end=-28.852 dbar_end=0.779 occ_end=0.144 CSR_train=0.000 done_count=125
[upd 80] u=0 upd_ctr=0 opt_step=0 E=1.000 g=0.092 VarTD=0.200860 ret_end=-26.901 dbar_end=0.758 occ_end=0.160 CSR_train=0.000 done_count=125
[upd 90] u=0 upd_ctr=0 opt_step=0 E=1.000 g=0.092 VarTD=0.171410 ret_end=-27.049 dbar_end=0.761 occ_end=0.144 CSR_train=0.000 done_count=125
[upd 100] u=0 upd_ctr=0 opt_step=0 E=1.000 g=0.094 VarTD=0.178367 ret_end=-27.611 dbar_end=0.752 occ_end=0.160 CSR_train=0.000 done_count=125
[upd 110] u=0 upd_ctr=0 opt_step=0 E=1.000 g=0.077 VarTD=0.191385 ret_end=-28.254 dbar_end=0.815 occ_end=0.136 CSR_train=0.000 done_count=125
[upd 120] u=0 upd_ctr=0 opt_step=0 E=1.000 g=0.077 VarTD=0.203397 ret_end=-28.822 dbar_end=0.817 occ_end=0.112 CSR_train=0.000 done_count=125
[Gate5 check] update_counter violations: t0=0 diffs=0
[Gate5 check] opt_step violations: t0=0 diffs=0 (expected_inc=16)
[Gate5 check] NaN masking: nan_on_skip=True finite_on_update=True
[Gate5 summary] mean_update_fraction=0.0000 final_executed_updates_mean=0.00
[Gate5 eval] done_count mean=100.0 CSR mean=0.0000 len_end_mean=26.00
[Gate5 eval] episodes_per_env=4 T_eval=104
[Gate5 eval-debug] locked_eps_occ=0.20 pre(step25): dbar_end=1.465320 occupied_end_mean=0.050000 max_tilde_end_mean=1.853513 CSR@locked=0.000000
[Gate5 eval-debug] locked_eps_occ=0.20 post(step26): dbar_end=1.522644 occupied_end_mean=0.050000 max_tilde_end_mean=1.918582 CSR@locked=0.000000
[Gate5 eval-debug] CSR_pre@0.10=0.0000 CSR_pre@0.15=0.0000 CSR_pre@0.20=0.0000 CSR_pre@0.25=0.0000 CSR_pre@0.30=0.0000
[Gate5 eval-debug] CSR_post@0.10=0.0000 CSR_post@0.15=0.0000 CSR_post@0.20=0.0000 CSR_post@0.25=0.0000 CSR_post@0.30=0.0000
