Importing submoduled environments...
Submoduled environments not found. Skipping import.
[upd 0] u=1 upd_ctr=1 opt_step=16 E=0.199 g=0.099 VarTD=0.140656 ret_end=-26.323 dbar_end=0.738 occ_end=0.170 CSR_train=0.000 done_count=100
[upd 10] u=0 upd_ctr=2 opt_step=32 E=0.197 g=0.096 VarTD=0.159616 ret_end=-27.721 dbar_end=0.746 occ_end=0.112 CSR_train=0.000 done_count=125
[upd 20] u=0 upd_ctr=3 opt_step=48 E=0.215 g=0.093 VarTD=0.145553 ret_end=-27.591 dbar_end=0.757 occ_end=0.096 CSR_train=0.000 done_count=125
[upd 30] u=0 upd_ctr=4 opt_step=64 E=0.246 g=0.099 VarTD=0.167151 ret_end=-26.714 dbar_end=0.737 occ_end=0.144 CSR_train=0.000 done_count=125
[upd 40] u=0 upd_ctr=5 opt_step=80 E=0.354 g=0.104 VarTD=0.132752 ret_end=-26.593 dbar_end=0.722 occ_end=0.200 CSR_train=0.000 done_count=125
[upd 50] u=0 upd_ctr=6 opt_step=96 E=0.502 g=0.111 VarTD=0.136554 ret_end=-26.455 dbar_end=0.700 occ_end=0.168 CSR_train=0.008 done_count=125
[upd 60] u=0 upd_ctr=7 opt_step=112 E=0.760 g=0.104 VarTD=0.143039 ret_end=-26.836 dbar_end=0.720 occ_end=0.144 CSR_train=0.000 done_count=125
[upd 70] u=1 upd_ctr=9 opt_step=144 E=0.128 g=0.121 VarTD=0.151542 ret_end=-25.816 dbar_end=0.673 occ_end=0.232 CSR_train=0.000 done_count=125
[upd 80] u=0 upd_ctr=10 opt_step=160 E=0.403 g=0.119 VarTD=0.187569 ret_end=-26.468 dbar_end=0.677 occ_end=0.176 CSR_train=0.000 done_count=125
[upd 90] u=0 upd_ctr=11 opt_step=176 E=0.725 g=0.135 VarTD=0.172776 ret_end=-24.298 dbar_end=0.638 occ_end=0.200 CSR_train=0.000 done_count=125
[upd 100] u=1 upd_ctr=13 opt_step=208 E=0.223 g=0.123 VarTD=0.221066 ret_end=-26.199 dbar_end=0.667 occ_end=0.216 CSR_train=0.000 done_count=125
[upd 110] u=0 upd_ctr=14 opt_step=224 E=0.639 g=0.130 VarTD=0.268514 ret_end=-25.430 dbar_end=0.649 occ_end=0.240 CSR_train=0.000 done_count=125
[upd 120] u=0 upd_ctr=16 opt_step=256 E=0.311 g=0.154 VarTD=0.328099 ret_end=-24.435 dbar_end=0.596 occ_end=0.232 CSR_train=0.000 done_count=125
[upd 130] u=0 upd_ctr=17 opt_step=272 E=0.881 g=0.148 VarTD=0.344794 ret_end=-24.992 dbar_end=0.609 occ_end=0.180 CSR_train=0.000 done_count=100
[upd 140] u=0 upd_ctr=19 opt_step=304 E=0.536 g=0.143 VarTD=0.543750 ret_end=-24.490 dbar_end=0.620 occ_end=0.184 CSR_train=0.000 done_count=125
[upd 150] u=0 upd_ctr=21 opt_step=336 E=0.351 g=0.151 VarTD=0.702816 ret_end=-24.027 dbar_end=0.603 occ_end=0.224 CSR_train=0.000 done_count=125
[upd 160] u=1 upd_ctr=23 opt_step=368 E=0.184 g=0.173 VarTD=0.806946 ret_end=-23.261 dbar_end=0.559 occ_end=0.328 CSR_train=0.008 done_count=125
[upd 170] u=0 upd_ctr=24 opt_step=384 E=0.929 g=0.164 VarTD=1.047802 ret_end=-23.758 dbar_end=0.576 occ_end=0.232 CSR_train=0.000 done_count=125
[upd 180] u=0 upd_ctr=26 opt_step=416 E=0.798 g=0.173 VarTD=1.291649 ret_end=-24.341 dbar_end=0.559 occ_end=0.240 CSR_train=0.000 done_count=125
[upd 190] u=0 upd_ctr=28 opt_step=448 E=0.766 g=0.179 VarTD=1.613168 ret_end=-23.319 dbar_end=0.547 occ_end=0.280 CSR_train=0.000 done_count=125
[upd 200] u=0 upd_ctr=30 opt_step=480 E=0.749 g=0.174 VarTD=1.859735 ret_end=-23.513 dbar_end=0.557 occ_end=0.264 CSR_train=0.000 done_count=125
[upd 210] u=0 upd_ctr=32 opt_step=512 E=0.776 g=0.180 VarTD=2.141756 ret_end=-23.698 dbar_end=0.547 occ_end=0.280 CSR_train=0.000 done_count=125
[upd 220] u=0 upd_ctr=34 opt_step=544 E=0.815 g=0.183 VarTD=2.535844 ret_end=-23.872 dbar_end=0.541 occ_end=0.336 CSR_train=0.008 done_count=125
[upd 230] u=0 upd_ctr=36 opt_step=576 E=0.799 g=0.172 VarTD=2.833487 ret_end=-23.683 dbar_end=0.560 occ_end=0.240 CSR_train=0.000 done_count=125
[upd 240] u=0 upd_ctr=38 opt_step=608 E=0.808 g=0.180 VarTD=3.149242 ret_end=-22.818 dbar_end=0.547 occ_end=0.304 CSR_train=0.008 done_count=125
[upd 250] u=0 upd_ctr=40 opt_step=640 E=0.802 g=0.172 VarTD=3.541766 ret_end=-24.459 dbar_end=0.561 occ_end=0.352 CSR_train=0.000 done_count=125
[upd 260] u=0 upd_ctr=42 opt_step=672 E=0.746 g=0.158 VarTD=3.084986 ret_end=-24.155 dbar_end=0.588 occ_end=0.230 CSR_train=0.000 done_count=100
[upd 270] u=0 upd_ctr=44 opt_step=704 E=0.820 g=0.192 VarTD=4.192871 ret_end=-22.295 dbar_end=0.526 occ_end=0.280 CSR_train=0.000 done_count=125
[upd 280] u=0 upd_ctr=46 opt_step=736 E=0.805 g=0.196 VarTD=4.606686 ret_end=-22.944 dbar_end=0.519 occ_end=0.328 CSR_train=0.000 done_count=125
[upd 290] u=0 upd_ctr=48 opt_step=768 E=0.831 g=0.199 VarTD=4.834377 ret_end=-22.021 dbar_end=0.514 occ_end=0.312 CSR_train=0.000 done_count=125
[upd 300] u=0 upd_ctr=50 opt_step=800 E=0.863 g=0.196 VarTD=5.001509 ret_end=-22.684 dbar_end=0.520 occ_end=0.320 CSR_train=0.000 done_count=125
[upd 310] u=0 upd_ctr=52 opt_step=832 E=0.828 g=0.176 VarTD=5.159426 ret_end=-23.410 dbar_end=0.553 occ_end=0.240 CSR_train=0.000 done_count=125
[Gate5 check] update_counter violations: t0=0 diffs=0
[Gate5 check] opt_step violations: t0=0 diffs=0 (expected_inc=16)
[Gate5 check] NaN masking: nan_on_skip=True finite_on_update=True
[Gate5 summary] mean_update_fraction=0.1667 final_executed_updates_mean=52.00
[Gate5 eval] done_count mean=100.0 CSR mean=0.0200 len_end_mean=26.00
[Gate5 eval] episodes_per_env=4 T_eval=104
[Gate5 eval-debug] locked_eps_occ=0.20 pre(step25): dbar_end=0.463233 occupied_end_mean=0.510000 max_tilde_end_mean=0.661479 CSR@locked=0.020000
[Gate5 eval-debug] locked_eps_occ=0.20 post(step26): dbar_end=0.459447 occupied_end_mean=0.520000 max_tilde_end_mean=0.654411 CSR@locked=0.020000
[Gate5 eval-debug] CSR_pre@0.10=0.0000 CSR_pre@0.15=0.0000 CSR_pre@0.20=0.0200 CSR_pre@0.25=0.0400 CSR_pre@0.30=0.0600
[Gate5 eval-debug] CSR_post@0.10=0.0000 CSR_post@0.15=0.0000 CSR_post@0.20=0.0200 CSR_post@0.25=0.0300 CSR_post@0.30=0.0800
