Importing submoduled environments...
Submoduled environments not found. Skipping import.
[upd 0] u=1 upd_ctr=1 opt_step=16 E=0.347 g=0.094 VarTD=0.156314 ret_end=-27.700 dbar_end=0.751 occ_end=0.180 CSR_train=0.010 done_count=100
[upd 10] u=0 upd_ctr=2 opt_step=32 E=0.133 g=0.117 VarTD=0.128083 ret_end=-25.631 dbar_end=0.684 occ_end=0.176 CSR_train=0.000 done_count=125
[upd 20] u=0 upd_ctr=2 opt_step=32 E=0.644 g=0.104 VarTD=0.136797 ret_end=-26.474 dbar_end=0.720 occ_end=0.160 CSR_train=0.000 done_count=125
[upd 30] u=0 upd_ctr=3 opt_step=48 E=0.465 g=0.111 VarTD=0.144041 ret_end=-26.894 dbar_end=0.699 occ_end=0.168 CSR_train=0.000 done_count=125
[upd 40] u=0 upd_ctr=4 opt_step=64 E=0.323 g=0.106 VarTD=0.134390 ret_end=-26.871 dbar_end=0.716 occ_end=0.184 CSR_train=0.000 done_count=125
[upd 50] u=0 upd_ctr=5 opt_step=80 E=0.186 g=0.122 VarTD=0.134800 ret_end=-25.988 dbar_end=0.671 occ_end=0.200 CSR_train=0.000 done_count=125
[upd 60] u=1 upd_ctr=6 opt_step=96 E=0.059 g=0.114 VarTD=0.140950 ret_end=-25.375 dbar_end=0.692 occ_end=0.208 CSR_train=0.000 done_count=125
[upd 70] u=0 upd_ctr=6 opt_step=96 E=0.643 g=0.122 VarTD=0.130362 ret_end=-25.241 dbar_end=0.669 occ_end=0.200 CSR_train=0.000 done_count=125
[upd 80] u=0 upd_ctr=7 opt_step=112 E=0.532 g=0.123 VarTD=0.159435 ret_end=-26.404 dbar_end=0.666 occ_end=0.144 CSR_train=0.000 done_count=125
[upd 90] u=0 upd_ctr=8 opt_step=128 E=0.432 g=0.113 VarTD=0.127901 ret_end=-25.719 dbar_end=0.693 occ_end=0.200 CSR_train=0.000 done_count=125
[upd 100] u=0 upd_ctr=9 opt_step=144 E=0.341 g=0.126 VarTD=0.150855 ret_end=-25.815 dbar_end=0.660 occ_end=0.264 CSR_train=0.000 done_count=125
[upd 110] u=0 upd_ctr=10 opt_step=160 E=0.286 g=0.146 VarTD=0.129024 ret_end=-23.643 dbar_end=0.613 occ_end=0.224 CSR_train=0.000 done_count=125
[upd 120] u=0 upd_ctr=11 opt_step=176 E=0.254 g=0.152 VarTD=0.162161 ret_end=-24.653 dbar_end=0.600 occ_end=0.232 CSR_train=0.000 done_count=125
[Gate5 check] update_counter violations: t0=0 diffs=0
[Gate5 check] opt_step violations: t0=0 diffs=0 (expected_inc=16)
[Gate5 check] NaN masking: nan_on_skip=True finite_on_update=True
[Gate5 summary] mean_update_fraction=0.0880 final_executed_updates_mean=11.00
[Gate5 eval] done_count mean=100.0 CSR mean=0.0000 len_end_mean=26.00
[Gate5 eval] episodes_per_env=4 T_eval=104
[Gate5 eval-debug] locked_eps_occ=0.20 pre(step25): dbar_end=0.515529 occupied_end_mean=0.360000 max_tilde_end_mean=0.734665 CSR@locked=0.000000
[Gate5 eval-debug] locked_eps_occ=0.20 post(step26): dbar_end=0.533685 occupied_end_mean=0.280000 max_tilde_end_mean=0.742960 CSR@locked=0.000000
[Gate5 eval-debug] CSR_pre@0.10=0.0000 CSR_pre@0.15=0.0000 CSR_pre@0.20=0.0000 CSR_pre@0.25=0.0100 CSR_pre@0.30=0.0100
[Gate5 eval-debug] CSR_post@0.10=0.0000 CSR_post@0.15=0.0000 CSR_post@0.20=0.0000 CSR_post@0.25=0.0000 CSR_post@0.30=0.0000
