Importing submoduled environments...
Submoduled environments not found. Skipping import.
[upd 0] u=1 upd_ctr=1 opt_step=16 E=0.063 g=0.105 VarTD=0.153100 ret_end=-26.906 dbar_end=0.718 occ_end=0.160 CSR_train=0.000 done_count=100
[upd 10] u=0 upd_ctr=1 opt_step=16 E=0.621 g=0.079 VarTD=0.158451 ret_end=-28.492 dbar_end=0.807 occ_end=0.088 CSR_train=0.000 done_count=125
[upd 20] u=0 upd_ctr=2 opt_step=32 E=0.171 g=0.102 VarTD=0.133953 ret_end=-26.620 dbar_end=0.728 occ_end=0.192 CSR_train=0.000 done_count=125
[upd 30] u=0 upd_ctr=2 opt_step=32 E=0.749 g=0.094 VarTD=0.153569 ret_end=-27.474 dbar_end=0.752 occ_end=0.152 CSR_train=0.000 done_count=125
[upd 40] u=0 upd_ctr=3 opt_step=48 E=0.293 g=0.095 VarTD=0.140260 ret_end=-28.051 dbar_end=0.751 occ_end=0.168 CSR_train=0.008 done_count=125
[upd 50] u=0 upd_ctr=3 opt_step=48 E=0.917 g=0.094 VarTD=0.144102 ret_end=-27.956 dbar_end=0.755 occ_end=0.192 CSR_train=0.000 done_count=125
[upd 60] u=0 upd_ctr=4 opt_step=64 E=0.501 g=0.104 VarTD=0.131434 ret_end=-26.763 dbar_end=0.721 occ_end=0.168 CSR_train=0.000 done_count=125
[upd 70] u=0 upd_ctr=5 opt_step=80 E=0.146 g=0.120 VarTD=0.125945 ret_end=-25.676 dbar_end=0.674 occ_end=0.200 CSR_train=0.000 done_count=125
[upd 80] u=0 upd_ctr=5 opt_step=80 E=0.816 g=0.123 VarTD=0.105037 ret_end=-24.998 dbar_end=0.666 occ_end=0.216 CSR_train=0.008 done_count=125
[upd 90] u=0 upd_ctr=6 opt_step=96 E=0.463 g=0.113 VarTD=0.138768 ret_end=-25.593 dbar_end=0.694 occ_end=0.208 CSR_train=0.000 done_count=125
[upd 100] u=1 upd_ctr=7 opt_step=112 E=0.067 g=0.111 VarTD=0.136564 ret_end=-26.463 dbar_end=0.700 occ_end=0.112 CSR_train=0.000 done_count=125
[upd 110] u=0 upd_ctr=7 opt_step=112 E=0.771 g=0.119 VarTD=0.145878 ret_end=-25.741 dbar_end=0.678 occ_end=0.168 CSR_train=0.000 done_count=125
[upd 120] u=0 upd_ctr=8 opt_step=128 E=0.426 g=0.110 VarTD=0.158437 ret_end=-27.134 dbar_end=0.704 occ_end=0.208 CSR_train=0.000 done_count=125
[Gate5 check] update_counter violations: t0=0 diffs=0
[Gate5 check] opt_step violations: t0=0 diffs=0 (expected_inc=16)
[Gate5 check] NaN masking: nan_on_skip=True finite_on_update=True
[Gate5 summary] mean_update_fraction=0.0640 final_executed_updates_mean=8.00
[Gate5 eval] done_count mean=100.0 CSR mean=0.0000 len_end_mean=26.00
[Gate5 eval] episodes_per_env=4 T_eval=104
[Gate5 eval-debug] locked_eps_occ=0.20 pre(step25): dbar_end=0.510576 occupied_end_mean=0.410000 max_tilde_end_mean=0.769110 CSR@locked=0.000000
[Gate5 eval-debug] locked_eps_occ=0.20 post(step26): dbar_end=0.509473 occupied_end_mean=0.400000 max_tilde_end_mean=0.755347 CSR@locked=0.000000
[Gate5 eval-debug] CSR_pre@0.10=0.0000 CSR_pre@0.15=0.0000 CSR_pre@0.20=0.0000 CSR_pre@0.25=0.0100 CSR_pre@0.30=0.0200
[Gate5 eval-debug] CSR_post@0.10=0.0000 CSR_post@0.15=0.0000 CSR_post@0.20=0.0000 CSR_post@0.25=0.0000 CSR_post@0.30=0.0200
