Importing submoduled environments...
Submoduled environments not found. Skipping import.
[upd 0] u=1 upd_ctr=1 opt_step=16 E=0.167 g=0.096 VarTD=0.159541 ret_end=-27.424 dbar_end=0.745 occ_end=0.200 CSR_train=0.000 done_count=100
[upd 10] u=0 upd_ctr=1 opt_step=16 E=0.797 g=0.095 VarTD=0.132747 ret_end=-26.853 dbar_end=0.750 occ_end=0.208 CSR_train=0.000 done_count=125
[upd 20] u=0 upd_ctr=2 opt_step=32 E=0.583 g=0.107 VarTD=0.167061 ret_end=-26.224 dbar_end=0.711 occ_end=0.168 CSR_train=0.000 done_count=125
[upd 30] u=0 upd_ctr=3 opt_step=48 E=0.372 g=0.094 VarTD=0.155555 ret_end=-27.549 dbar_end=0.753 occ_end=0.168 CSR_train=0.000 done_count=125
[upd 40] u=0 upd_ctr=4 opt_step=64 E=0.158 g=0.109 VarTD=0.150309 ret_end=-26.701 dbar_end=0.706 occ_end=0.184 CSR_train=0.000 done_count=125
[upd 50] u=0 upd_ctr=4 opt_step=64 E=0.861 g=0.110 VarTD=0.155070 ret_end=-26.737 dbar_end=0.704 occ_end=0.192 CSR_train=0.000 done_count=125
[upd 60] u=0 upd_ctr=5 opt_step=80 E=0.703 g=0.110 VarTD=0.160962 ret_end=-26.317 dbar_end=0.703 occ_end=0.168 CSR_train=0.000 done_count=125
[upd 70] u=0 upd_ctr=6 opt_step=96 E=0.581 g=0.104 VarTD=0.167478 ret_end=-27.237 dbar_end=0.720 occ_end=0.184 CSR_train=0.000 done_count=125
[upd 80] u=0 upd_ctr=7 opt_step=112 E=0.516 g=0.125 VarTD=0.156884 ret_end=-25.827 dbar_end=0.662 occ_end=0.224 CSR_train=0.000 done_count=125
[upd 90] u=0 upd_ctr=8 opt_step=128 E=0.452 g=0.127 VarTD=0.141460 ret_end=-25.890 dbar_end=0.656 occ_end=0.232 CSR_train=0.000 done_count=125
[upd 100] u=0 upd_ctr=9 opt_step=144 E=0.427 g=0.140 VarTD=0.148356 ret_end=-25.174 dbar_end=0.626 occ_end=0.208 CSR_train=0.000 done_count=125
[upd 110] u=0 upd_ctr=10 opt_step=160 E=0.424 g=0.127 VarTD=0.157035 ret_end=-25.335 dbar_end=0.658 occ_end=0.168 CSR_train=0.000 done_count=125
[upd 120] u=0 upd_ctr=11 opt_step=176 E=0.477 g=0.120 VarTD=0.169356 ret_end=-26.092 dbar_end=0.676 occ_end=0.168 CSR_train=0.000 done_count=125
[upd 130] u=0 upd_ctr=12 opt_step=192 E=0.527 g=0.134 VarTD=0.167196 ret_end=-25.066 dbar_end=0.640 occ_end=0.180 CSR_train=0.010 done_count=100
[upd 140] u=0 upd_ctr=13 opt_step=208 E=0.636 g=0.142 VarTD=0.229881 ret_end=-25.136 dbar_end=0.621 occ_end=0.256 CSR_train=0.000 done_count=125
[upd 150] u=0 upd_ctr=14 opt_step=224 E=0.767 g=0.154 VarTD=0.235308 ret_end=-24.422 dbar_end=0.596 occ_end=0.232 CSR_train=0.000 done_count=125
[upd 160] u=0 upd_ctr=15 opt_step=240 E=0.889 g=0.147 VarTD=0.292773 ret_end=-25.180 dbar_end=0.610 occ_end=0.232 CSR_train=0.000 done_count=125
[upd 170] u=1 upd_ctr=17 opt_step=272 E=0.142 g=0.150 VarTD=0.293986 ret_end=-24.226 dbar_end=0.605 occ_end=0.240 CSR_train=0.000 done_count=125
[upd 180] u=0 upd_ctr=18 opt_step=288 E=0.304 g=0.167 VarTD=0.438292 ret_end=-23.959 dbar_end=0.570 occ_end=0.296 CSR_train=0.000 done_count=125
[upd 190] u=0 upd_ctr=19 opt_step=304 E=0.455 g=0.147 VarTD=0.524373 ret_end=-24.463 dbar_end=0.610 occ_end=0.248 CSR_train=0.000 done_count=125
[upd 200] u=0 upd_ctr=20 opt_step=320 E=0.635 g=0.159 VarTD=0.595314 ret_end=-23.351 dbar_end=0.585 occ_end=0.264 CSR_train=0.000 done_count=125
[upd 210] u=0 upd_ctr=21 opt_step=336 E=0.857 g=0.161 VarTD=0.715131 ret_end=-24.554 dbar_end=0.582 occ_end=0.248 CSR_train=0.000 done_count=125
[upd 220] u=1 upd_ctr=23 opt_step=368 E=0.184 g=0.167 VarTD=0.816623 ret_end=-24.393 dbar_end=0.570 occ_end=0.232 CSR_train=0.000 done_count=125
[upd 230] u=0 upd_ctr=24 opt_step=384 E=0.407 g=0.167 VarTD=1.095079 ret_end=-23.583 dbar_end=0.570 occ_end=0.232 CSR_train=0.000 done_count=125
[upd 240] u=0 upd_ctr=25 opt_step=400 E=0.647 g=0.162 VarTD=1.205550 ret_end=-24.190 dbar_end=0.579 occ_end=0.288 CSR_train=0.000 done_count=125
[upd 250] u=0 upd_ctr=26 opt_step=416 E=0.907 g=0.165 VarTD=1.311659 ret_end=-24.540 dbar_end=0.573 occ_end=0.240 CSR_train=0.000 done_count=125
[upd 260] u=0 upd_ctr=28 opt_step=448 E=0.270 g=0.160 VarTD=1.312966 ret_end=-24.621 dbar_end=0.583 occ_end=0.270 CSR_train=0.000 done_count=100
[upd 270] u=0 upd_ctr=29 opt_step=464 E=0.526 g=0.155 VarTD=1.748952 ret_end=-25.119 dbar_end=0.594 occ_end=0.280 CSR_train=0.000 done_count=125
[upd 280] u=0 upd_ctr=30 opt_step=480 E=0.815 g=0.178 VarTD=1.907634 ret_end=-23.998 dbar_end=0.550 occ_end=0.296 CSR_train=0.000 done_count=125
[upd 290] u=1 upd_ctr=32 opt_step=512 E=0.208 g=0.166 VarTD=2.052737 ret_end=-24.112 dbar_end=0.573 occ_end=0.248 CSR_train=0.008 done_count=125
[upd 300] u=0 upd_ctr=33 opt_step=528 E=0.463 g=0.166 VarTD=2.393182 ret_end=-23.981 dbar_end=0.573 occ_end=0.304 CSR_train=0.008 done_count=125
[upd 310] u=0 upd_ctr=34 opt_step=544 E=0.713 g=0.165 VarTD=2.573861 ret_end=-24.284 dbar_end=0.575 occ_end=0.240 CSR_train=0.000 done_count=125
[Gate5 check] update_counter violations: t0=0 diffs=0
[Gate5 check] opt_step violations: t0=0 diffs=0 (expected_inc=16)
[Gate5 check] NaN masking: nan_on_skip=True finite_on_update=True
[Gate5 summary] mean_update_fraction=0.1090 final_executed_updates_mean=34.00
[Gate5 eval] done_count mean=100.0 CSR mean=0.0100 len_end_mean=26.00
[Gate5 eval] episodes_per_env=4 T_eval=104
[Gate5 eval-debug] locked_eps_occ=0.20 pre(step25): dbar_end=0.464991 occupied_end_mean=0.500000 max_tilde_end_mean=0.675074 CSR@locked=0.000000
[Gate5 eval-debug] locked_eps_occ=0.20 post(step26): dbar_end=0.464883 occupied_end_mean=0.520000 max_tilde_end_mean=0.679410 CSR@locked=0.010000
[Gate5 eval-debug] CSR_pre@0.10=0.0000 CSR_pre@0.15=0.0000 CSR_pre@0.20=0.0000 CSR_pre@0.25=0.0200 CSR_pre@0.30=0.0600
[Gate5 eval-debug] CSR_post@0.10=0.0000 CSR_post@0.15=0.0000 CSR_post@0.20=0.0100 CSR_post@0.25=0.0300 CSR_post@0.30=0.0500
