Importing submoduled environments...
Submoduled environments not found. Skipping import.
[upd 0] u=1 upd_ctr=1 opt_step=16 E=0.108 g=0.079 VarTD=0.177244 ret_end=-28.332 dbar_end=0.807 occ_end=0.140 CSR_train=0.000 done_count=100
[upd 10] u=0 upd_ctr=1 opt_step=16 E=0.201 g=0.093 VarTD=0.147298 ret_end=-27.080 dbar_end=0.756 occ_end=0.144 CSR_train=0.000 done_count=125
[upd 20] u=0 upd_ctr=1 opt_step=16 E=0.297 g=0.086 VarTD=0.160310 ret_end=-28.011 dbar_end=0.781 occ_end=0.160 CSR_train=0.000 done_count=125
[upd 30] u=0 upd_ctr=1 opt_step=16 E=0.390 g=0.098 VarTD=0.170613 ret_end=-27.328 dbar_end=0.741 occ_end=0.176 CSR_train=0.000 done_count=125
[upd 40] u=0 upd_ctr=1 opt_step=16 E=0.484 g=0.090 VarTD=0.156912 ret_end=-27.772 dbar_end=0.767 occ_end=0.104 CSR_train=0.000 done_count=125
[upd 50] u=0 upd_ctr=1 opt_step=16 E=0.577 g=0.092 VarTD=0.140725 ret_end=-27.109 dbar_end=0.761 occ_end=0.136 CSR_train=0.000 done_count=125
[upd 60] u=0 upd_ctr=1 opt_step=16 E=0.673 g=0.098 VarTD=0.147097 ret_end=-26.965 dbar_end=0.741 occ_end=0.184 CSR_train=0.000 done_count=125
[upd 70] u=0 upd_ctr=1 opt_step=16 E=0.770 g=0.090 VarTD=0.181702 ret_end=-28.465 dbar_end=0.768 occ_end=0.088 CSR_train=0.000 done_count=125
[upd 80] u=0 upd_ctr=1 opt_step=16 E=0.865 g=0.094 VarTD=0.185215 ret_end=-27.708 dbar_end=0.752 occ_end=0.184 CSR_train=0.000 done_count=125
[upd 90] u=0 upd_ctr=2 opt_step=32 E=0.059 g=0.102 VarTD=0.152154 ret_end=-26.435 dbar_end=0.727 occ_end=0.232 CSR_train=0.000 done_count=125
[upd 100] u=0 upd_ctr=2 opt_step=32 E=0.158 g=0.094 VarTD=0.154444 ret_end=-27.066 dbar_end=0.753 occ_end=0.160 CSR_train=0.000 done_count=125
[upd 110] u=0 upd_ctr=2 opt_step=32 E=0.253 g=0.091 VarTD=0.158513 ret_end=-28.008 dbar_end=0.763 occ_end=0.168 CSR_train=0.000 done_count=125
[upd 120] u=0 upd_ctr=2 opt_step=32 E=0.358 g=0.110 VarTD=0.165015 ret_end=-27.166 dbar_end=0.703 occ_end=0.072 CSR_train=0.000 done_count=125
[Gate5 check] update_counter violations: t0=0 diffs=0
[Gate5 check] opt_step violations: t0=0 diffs=0 (expected_inc=16)
[Gate5 check] NaN masking: nan_on_skip=True finite_on_update=True
[Gate5 summary] mean_update_fraction=0.0160 final_executed_updates_mean=2.00
[Gate5 eval] done_count mean=100.0 CSR mean=0.0000 len_end_mean=26.00
[Gate5 eval] episodes_per_env=4 T_eval=104
[Gate5 eval-debug] locked_eps_occ=0.20 pre(step25): dbar_end=0.541540 occupied_end_mean=0.320000 max_tilde_end_mean=0.810346 CSR@locked=0.000000
[Gate5 eval-debug] locked_eps_occ=0.20 post(step26): dbar_end=0.536626 occupied_end_mean=0.340000 max_tilde_end_mean=0.804596 CSR@locked=0.000000
[Gate5 eval-debug] CSR_pre@0.10=0.0000 CSR_pre@0.15=0.0000 CSR_pre@0.20=0.0000 CSR_pre@0.25=0.0000 CSR_pre@0.30=0.0100
[Gate5 eval-debug] CSR_post@0.10=0.0000 CSR_post@0.15=0.0000 CSR_post@0.20=0.0000 CSR_post@0.25=0.0100 CSR_post@0.30=0.0100
