Importing submoduled environments...
Submoduled environments not found. Skipping import.
[upd 0] u=1 upd_ctr=1 opt_step=16 E=0.117 g=0.096 VarTD=0.158273 ret_end=-27.822 dbar_end=0.748 occ_end=0.150 CSR_train=0.000 done_count=100
[upd 10] u=0 upd_ctr=1 opt_step=16 E=0.787 g=0.097 VarTD=0.181267 ret_end=-27.128 dbar_end=0.741 occ_end=0.144 CSR_train=0.000 done_count=125
[upd 20] u=0 upd_ctr=2 opt_step=32 E=0.538 g=0.098 VarTD=0.171739 ret_end=-27.239 dbar_end=0.741 occ_end=0.192 CSR_train=0.008 done_count=125
[upd 30] u=0 upd_ctr=3 opt_step=48 E=0.314 g=0.091 VarTD=0.175972 ret_end=-28.144 dbar_end=0.764 occ_end=0.088 CSR_train=0.000 done_count=125
[upd 40] u=1 upd_ctr=4 opt_step=64 E=0.125 g=0.108 VarTD=0.144617 ret_end=-27.018 dbar_end=0.710 occ_end=0.168 CSR_train=0.000 done_count=125
[upd 50] u=0 upd_ctr=4 opt_step=64 E=0.890 g=0.123 VarTD=0.152248 ret_end=-25.348 dbar_end=0.668 occ_end=0.168 CSR_train=0.000 done_count=125
[upd 60] u=0 upd_ctr=5 opt_step=80 E=0.738 g=0.111 VarTD=0.152760 ret_end=-26.399 dbar_end=0.699 occ_end=0.168 CSR_train=0.000 done_count=125
[upd 70] u=0 upd_ctr=6 opt_step=96 E=0.596 g=0.114 VarTD=0.202011 ret_end=-27.296 dbar_end=0.693 occ_end=0.216 CSR_train=0.000 done_count=125
[upd 80] u=0 upd_ctr=7 opt_step=112 E=0.471 g=0.128 VarTD=0.177945 ret_end=-25.436 dbar_end=0.655 occ_end=0.280 CSR_train=0.000 done_count=125
[upd 90] u=0 upd_ctr=8 opt_step=128 E=0.401 g=0.136 VarTD=0.154299 ret_end=-24.984 dbar_end=0.635 occ_end=0.176 CSR_train=0.000 done_count=125
[upd 100] u=0 upd_ctr=9 opt_step=144 E=0.328 g=0.140 VarTD=0.159314 ret_end=-25.153 dbar_end=0.627 occ_end=0.240 CSR_train=0.000 done_count=125
[upd 110] u=0 upd_ctr=10 opt_step=160 E=0.234 g=0.131 VarTD=0.177810 ret_end=-25.383 dbar_end=0.647 occ_end=0.208 CSR_train=0.000 done_count=125
[upd 120] u=1 upd_ctr=11 opt_step=176 E=0.135 g=0.122 VarTD=0.181872 ret_end=-26.620 dbar_end=0.670 occ_end=0.192 CSR_train=0.000 done_count=125
[upd 130] u=1 upd_ctr=12 opt_step=192 E=0.120 g=0.131 VarTD=0.160675 ret_end=-24.460 dbar_end=0.648 occ_end=0.240 CSR_train=0.000 done_count=100
[upd 140] u=1 upd_ctr=13 opt_step=208 E=0.124 g=0.141 VarTD=0.212291 ret_end=-25.513 dbar_end=0.624 occ_end=0.216 CSR_train=0.000 done_count=125
[upd 150] u=1 upd_ctr=14 opt_step=224 E=0.143 g=0.144 VarTD=0.213776 ret_end=-23.817 dbar_end=0.618 occ_end=0.232 CSR_train=0.000 done_count=125
[upd 160] u=1 upd_ctr=15 opt_step=240 E=0.141 g=0.130 VarTD=0.255212 ret_end=-25.605 dbar_end=0.649 occ_end=0.168 CSR_train=0.008 done_count=125
[upd 170] u=1 upd_ctr=16 opt_step=256 E=0.159 g=0.156 VarTD=0.278897 ret_end=-24.337 dbar_end=0.593 occ_end=0.296 CSR_train=0.000 done_count=125
[upd 180] u=1 upd_ctr=17 opt_step=272 E=0.141 g=0.130 VarTD=0.321000 ret_end=-26.006 dbar_end=0.650 occ_end=0.264 CSR_train=0.000 done_count=125
[upd 190] u=1 upd_ctr=18 opt_step=288 E=0.140 g=0.147 VarTD=0.368487 ret_end=-24.708 dbar_end=0.611 occ_end=0.224 CSR_train=0.000 done_count=125
[upd 200] u=1 upd_ctr=19 opt_step=304 E=0.143 g=0.143 VarTD=0.419702 ret_end=-24.437 dbar_end=0.620 occ_end=0.192 CSR_train=0.000 done_count=125
[upd 210] u=1 upd_ctr=20 opt_step=320 E=0.140 g=0.129 VarTD=0.519074 ret_end=-26.128 dbar_end=0.653 occ_end=0.208 CSR_train=0.008 done_count=125
[upd 220] u=1 upd_ctr=21 opt_step=336 E=0.143 g=0.133 VarTD=0.551199 ret_end=-25.040 dbar_end=0.643 occ_end=0.208 CSR_train=0.000 done_count=125
[upd 230] u=0 upd_ctr=22 opt_step=352 E=0.213 g=0.140 VarTD=0.766400 ret_end=-25.092 dbar_end=0.625 occ_end=0.192 CSR_train=0.000 done_count=125
[upd 240] u=0 upd_ctr=23 opt_step=368 E=0.357 g=0.173 VarTD=0.882293 ret_end=-24.280 dbar_end=0.558 occ_end=0.288 CSR_train=0.000 done_count=125
[upd 250] u=0 upd_ctr=24 opt_step=384 E=0.475 g=0.159 VarTD=0.956677 ret_end=-24.089 dbar_end=0.586 occ_end=0.280 CSR_train=0.000 done_count=125
[upd 260] u=0 upd_ctr=25 opt_step=400 E=0.590 g=0.160 VarTD=0.897256 ret_end=-24.073 dbar_end=0.583 occ_end=0.190 CSR_train=0.000 done_count=100
[upd 270] u=0 upd_ctr=26 opt_step=416 E=0.706 g=0.161 VarTD=1.224187 ret_end=-23.837 dbar_end=0.581 occ_end=0.280 CSR_train=0.000 done_count=125
[upd 280] u=0 upd_ctr=27 opt_step=432 E=0.849 g=0.161 VarTD=1.301136 ret_end=-24.474 dbar_end=0.581 occ_end=0.224 CSR_train=0.000 done_count=125
[upd 290] u=0 upd_ctr=28 opt_step=448 E=1.000 g=0.165 VarTD=1.472856 ret_end=-23.586 dbar_end=0.573 occ_end=0.216 CSR_train=0.008 done_count=125
[upd 300] u=0 upd_ctr=30 opt_step=480 E=0.258 g=0.156 VarTD=1.785053 ret_end=-24.751 dbar_end=0.592 occ_end=0.264 CSR_train=0.000 done_count=125
[upd 310] u=0 upd_ctr=31 opt_step=496 E=0.387 g=0.157 VarTD=1.897572 ret_end=-24.253 dbar_end=0.590 occ_end=0.152 CSR_train=0.000 done_count=125
[Gate5 check] update_counter violations: t0=0 diffs=0
[Gate5 check] opt_step violations: t0=0 diffs=0 (expected_inc=16)
[Gate5 check] NaN masking: nan_on_skip=True finite_on_update=True
[Gate5 summary] mean_update_fraction=0.0994 final_executed_updates_mean=31.00
[Gate5 eval] done_count mean=100.0 CSR mean=0.0000 len_end_mean=26.00
[Gate5 eval] episodes_per_env=4 T_eval=104
[Gate5 eval-debug] locked_eps_occ=0.20 pre(step25): dbar_end=0.489255 occupied_end_mean=0.420000 max_tilde_end_mean=0.695815 CSR@locked=0.010000
[Gate5 eval-debug] locked_eps_occ=0.20 post(step26): dbar_end=0.492413 occupied_end_mean=0.400000 max_tilde_end_mean=0.699822 CSR@locked=0.000000
[Gate5 eval-debug] CSR_pre@0.10=0.0000 CSR_pre@0.15=0.0000 CSR_pre@0.20=0.0100 CSR_pre@0.25=0.0500 CSR_pre@0.30=0.0500
[Gate5 eval-debug] CSR_post@0.10=0.0000 CSR_post@0.15=0.0000 CSR_post@0.20=0.0000 CSR_post@0.25=0.0200 CSR_post@0.30=0.0300
