Importing submoduled environments...
Submoduled environments not found. Skipping import.
[upd 0] u=1 upd_ctr=1 opt_step=16 E=0.067 g=0.096 VarTD=0.159541 ret_end=-27.424 dbar_end=0.745 occ_end=0.200 CSR_train=0.000 done_count=100
[upd 10] u=0 upd_ctr=1 opt_step=16 E=0.697 g=0.095 VarTD=0.132747 ret_end=-26.853 dbar_end=0.750 occ_end=0.208 CSR_train=0.000 done_count=125
[upd 20] u=0 upd_ctr=2 opt_step=32 E=0.347 g=0.104 VarTD=0.168166 ret_end=-26.353 dbar_end=0.720 occ_end=0.152 CSR_train=0.000 done_count=125
[upd 30] u=0 upd_ctr=2 opt_step=32 E=1.000 g=0.088 VarTD=0.161553 ret_end=-27.866 dbar_end=0.775 occ_end=0.152 CSR_train=0.000 done_count=125
[upd 40] u=0 upd_ctr=3 opt_step=48 E=0.640 g=0.098 VarTD=0.154939 ret_end=-27.294 dbar_end=0.739 occ_end=0.176 CSR_train=0.000 done_count=125
[upd 50] u=0 upd_ctr=4 opt_step=64 E=0.283 g=0.112 VarTD=0.149680 ret_end=-26.681 dbar_end=0.699 occ_end=0.192 CSR_train=0.000 done_count=125
[upd 60] u=0 upd_ctr=4 opt_step=64 E=0.984 g=0.105 VarTD=0.158107 ret_end=-26.671 dbar_end=0.716 occ_end=0.168 CSR_train=0.000 done_count=125
[upd 70] u=0 upd_ctr=5 opt_step=80 E=0.662 g=0.101 VarTD=0.155461 ret_end=-27.335 dbar_end=0.730 occ_end=0.184 CSR_train=0.000 done_count=125
[upd 80] u=0 upd_ctr=6 opt_step=96 E=0.395 g=0.118 VarTD=0.140433 ret_end=-26.127 dbar_end=0.682 occ_end=0.200 CSR_train=0.000 done_count=125
[upd 90] u=0 upd_ctr=7 opt_step=112 E=0.168 g=0.120 VarTD=0.133562 ret_end=-26.078 dbar_end=0.674 occ_end=0.208 CSR_train=0.000 done_count=125
[upd 100] u=0 upd_ctr=7 opt_step=112 E=1.000 g=0.127 VarTD=0.118019 ret_end=-25.628 dbar_end=0.656 occ_end=0.208 CSR_train=0.000 done_count=125
[upd 110] u=0 upd_ctr=8 opt_step=128 E=0.872 g=0.122 VarTD=0.137000 ret_end=-25.656 dbar_end=0.671 occ_end=0.232 CSR_train=0.000 done_count=125
[upd 120] u=0 upd_ctr=9 opt_step=144 E=0.715 g=0.110 VarTD=0.140773 ret_end=-26.297 dbar_end=0.702 occ_end=0.184 CSR_train=0.000 done_count=125
[upd 130] u=0 upd_ctr=10 opt_step=160 E=0.551 g=0.127 VarTD=0.141282 ret_end=-25.374 dbar_end=0.657 occ_end=0.230 CSR_train=0.000 done_count=100
[upd 140] u=0 upd_ctr=11 opt_step=176 E=0.450 g=0.125 VarTD=0.181833 ret_end=-25.766 dbar_end=0.662 occ_end=0.208 CSR_train=0.000 done_count=125
[upd 150] u=0 upd_ctr=12 opt_step=192 E=0.379 g=0.140 VarTD=0.172570 ret_end=-24.915 dbar_end=0.627 occ_end=0.216 CSR_train=0.000 done_count=125
[upd 160] u=0 upd_ctr=13 opt_step=208 E=0.281 g=0.139 VarTD=0.215234 ret_end=-25.667 dbar_end=0.628 occ_end=0.248 CSR_train=0.000 done_count=125
[upd 170] u=0 upd_ctr=14 opt_step=224 E=0.187 g=0.133 VarTD=0.206903 ret_end=-24.861 dbar_end=0.642 occ_end=0.312 CSR_train=0.000 done_count=125
[upd 180] u=1 upd_ctr=15 opt_step=240 E=0.103 g=0.148 VarTD=0.241271 ret_end=-24.732 dbar_end=0.609 occ_end=0.208 CSR_train=0.000 done_count=125
[upd 190] u=1 upd_ctr=16 opt_step=256 E=0.096 g=0.138 VarTD=0.282947 ret_end=-24.622 dbar_end=0.632 occ_end=0.272 CSR_train=0.000 done_count=125
[upd 200] u=1 upd_ctr=17 opt_step=272 E=0.099 g=0.142 VarTD=0.306703 ret_end=-23.989 dbar_end=0.622 occ_end=0.240 CSR_train=0.000 done_count=125
[upd 210] u=1 upd_ctr=18 opt_step=288 E=0.099 g=0.141 VarTD=0.374918 ret_end=-25.070 dbar_end=0.624 occ_end=0.224 CSR_train=0.000 done_count=125
[upd 220] u=1 upd_ctr=19 opt_step=304 E=0.107 g=0.153 VarTD=0.456978 ret_end=-24.675 dbar_end=0.599 occ_end=0.248 CSR_train=0.000 done_count=125
[upd 230] u=1 upd_ctr=20 opt_step=320 E=0.107 g=0.153 VarTD=0.543531 ret_end=-24.057 dbar_end=0.599 occ_end=0.240 CSR_train=0.000 done_count=125
[upd 240] u=1 upd_ctr=21 opt_step=336 E=0.104 g=0.149 VarTD=0.611537 ret_end=-24.157 dbar_end=0.607 occ_end=0.160 CSR_train=0.000 done_count=125
[upd 250] u=0 upd_ctr=22 opt_step=352 E=0.232 g=0.165 VarTD=0.823565 ret_end=-24.476 dbar_end=0.573 occ_end=0.208 CSR_train=0.000 done_count=125
[upd 260] u=0 upd_ctr=23 opt_step=368 E=0.341 g=0.153 VarTD=0.784109 ret_end=-24.752 dbar_end=0.598 occ_end=0.230 CSR_train=0.000 done_count=100
[upd 270] u=0 upd_ctr=24 opt_step=384 E=0.469 g=0.154 VarTD=1.040812 ret_end=-25.110 dbar_end=0.596 occ_end=0.312 CSR_train=0.000 done_count=125
[upd 280] u=0 upd_ctr=25 opt_step=400 E=0.571 g=0.165 VarTD=1.178446 ret_end=-24.609 dbar_end=0.573 occ_end=0.232 CSR_train=0.000 done_count=125
[upd 290] u=0 upd_ctr=26 opt_step=416 E=0.684 g=0.165 VarTD=1.308864 ret_end=-24.337 dbar_end=0.574 occ_end=0.248 CSR_train=0.008 done_count=125
[upd 300] u=0 upd_ctr=27 opt_step=432 E=0.797 g=0.150 VarTD=1.446356 ret_end=-24.449 dbar_end=0.604 occ_end=0.216 CSR_train=0.000 done_count=125
[upd 310] u=0 upd_ctr=28 opt_step=448 E=0.909 g=0.172 VarTD=1.606783 ret_end=-24.165 dbar_end=0.560 occ_end=0.328 CSR_train=0.000 done_count=125
[Gate5 check] update_counter violations: t0=0 diffs=0
[Gate5 check] opt_step violations: t0=0 diffs=0 (expected_inc=16)
[Gate5 check] NaN masking: nan_on_skip=True finite_on_update=True
[Gate5 summary] mean_update_fraction=0.0897 final_executed_updates_mean=28.00
[Gate5 eval] done_count mean=100.0 CSR mean=0.0000 len_end_mean=26.00
[Gate5 eval] episodes_per_env=4 T_eval=104
[Gate5 eval-debug] locked_eps_occ=0.20 pre(step25): dbar_end=0.483902 occupied_end_mean=0.390000 max_tilde_end_mean=0.700433 CSR@locked=0.000000
[Gate5 eval-debug] locked_eps_occ=0.20 post(step26): dbar_end=0.479021 occupied_end_mean=0.400000 max_tilde_end_mean=0.695115 CSR@locked=0.000000
[Gate5 eval-debug] CSR_pre@0.10=0.0000 CSR_pre@0.15=0.0000 CSR_pre@0.20=0.0000 CSR_pre@0.25=0.0100 CSR_pre@0.30=0.0300
[Gate5 eval-debug] CSR_post@0.10=0.0000 CSR_post@0.15=0.0000 CSR_post@0.20=0.0000 CSR_post@0.25=0.0100 CSR_post@0.30=0.0400
