Importing submoduled environments...
Submoduled environments not found. Skipping import.
[upd 0] u=1 upd_ctr=1 opt_step=16 E=0.019 g=0.093 VarTD=0.149936 ret_end=-27.435 dbar_end=0.756 occ_end=0.150 CSR_train=0.000 done_count=100
[upd 10] u=0 upd_ctr=1 opt_step=16 E=0.206 g=0.100 VarTD=0.132044 ret_end=-26.929 dbar_end=0.734 occ_end=0.192 CSR_train=0.000 done_count=125
[upd 20] u=0 upd_ctr=1 opt_step=16 E=0.408 g=0.107 VarTD=0.153948 ret_end=-26.021 dbar_end=0.712 occ_end=0.192 CSR_train=0.000 done_count=125
[upd 30] u=0 upd_ctr=1 opt_step=16 E=0.590 g=0.084 VarTD=0.174361 ret_end=-28.107 dbar_end=0.790 occ_end=0.136 CSR_train=0.008 done_count=125
[upd 40] u=0 upd_ctr=1 opt_step=16 E=0.771 g=0.091 VarTD=0.143332 ret_end=-27.531 dbar_end=0.765 occ_end=0.096 CSR_train=0.000 done_count=125
[upd 50] u=0 upd_ctr=1 opt_step=16 E=0.950 g=0.085 VarTD=0.137477 ret_end=-27.179 dbar_end=0.787 occ_end=0.104 CSR_train=0.000 done_count=125
[upd 60] u=0 upd_ctr=2 opt_step=32 E=0.129 g=0.098 VarTD=0.140945 ret_end=-27.274 dbar_end=0.739 occ_end=0.120 CSR_train=0.000 done_count=125
[upd 70] u=0 upd_ctr=2 opt_step=32 E=0.317 g=0.093 VarTD=0.145319 ret_end=-27.751 dbar_end=0.757 occ_end=0.176 CSR_train=0.000 done_count=125
[upd 80] u=0 upd_ctr=2 opt_step=32 E=0.520 g=0.100 VarTD=0.133092 ret_end=-26.195 dbar_end=0.735 occ_end=0.168 CSR_train=0.000 done_count=125
[upd 90] u=0 upd_ctr=2 opt_step=32 E=0.714 g=0.096 VarTD=0.137849 ret_end=-27.256 dbar_end=0.747 occ_end=0.176 CSR_train=0.000 done_count=125
[upd 100] u=0 upd_ctr=2 opt_step=32 E=0.902 g=0.098 VarTD=0.156037 ret_end=-26.286 dbar_end=0.741 occ_end=0.128 CSR_train=0.000 done_count=125
[upd 110] u=0 upd_ctr=3 opt_step=48 E=0.075 g=0.089 VarTD=0.139244 ret_end=-27.624 dbar_end=0.771 occ_end=0.152 CSR_train=0.000 done_count=125
[upd 120] u=0 upd_ctr=3 opt_step=48 E=0.276 g=0.112 VarTD=0.133353 ret_end=-25.946 dbar_end=0.698 occ_end=0.184 CSR_train=0.000 done_count=125
[upd 130] u=0 upd_ctr=3 opt_step=48 E=0.480 g=0.100 VarTD=0.183086 ret_end=-26.798 dbar_end=0.734 occ_end=0.220 CSR_train=0.000 done_count=100
[upd 140] u=0 upd_ctr=3 opt_step=48 E=0.677 g=0.097 VarTD=0.167869 ret_end=-26.465 dbar_end=0.742 occ_end=0.160 CSR_train=0.000 done_count=125
[upd 150] u=0 upd_ctr=3 opt_step=48 E=0.879 g=0.100 VarTD=0.125160 ret_end=-27.267 dbar_end=0.735 occ_end=0.144 CSR_train=0.000 done_count=125
[upd 160] u=0 upd_ctr=4 opt_step=64 E=0.058 g=0.099 VarTD=0.146614 ret_end=-27.440 dbar_end=0.737 occ_end=0.168 CSR_train=0.000 done_count=125
[upd 170] u=0 upd_ctr=4 opt_step=64 E=0.263 g=0.108 VarTD=0.144199 ret_end=-26.496 dbar_end=0.709 occ_end=0.120 CSR_train=0.000 done_count=125
[upd 180] u=0 upd_ctr=4 opt_step=64 E=0.469 g=0.117 VarTD=0.126671 ret_end=-25.579 dbar_end=0.684 occ_end=0.232 CSR_train=0.000 done_count=125
[upd 190] u=0 upd_ctr=4 opt_step=64 E=0.673 g=0.102 VarTD=0.134506 ret_end=-27.047 dbar_end=0.727 occ_end=0.136 CSR_train=0.000 done_count=125
[upd 200] u=0 upd_ctr=4 opt_step=64 E=0.878 g=0.103 VarTD=0.137645 ret_end=-27.674 dbar_end=0.724 occ_end=0.160 CSR_train=0.000 done_count=125
[upd 210] u=0 upd_ctr=5 opt_step=80 E=0.085 g=0.104 VarTD=0.145011 ret_end=-26.918 dbar_end=0.719 occ_end=0.168 CSR_train=0.000 done_count=125
[upd 220] u=0 upd_ctr=5 opt_step=80 E=0.305 g=0.104 VarTD=0.118847 ret_end=-26.410 dbar_end=0.720 occ_end=0.152 CSR_train=0.000 done_count=125
[upd 230] u=0 upd_ctr=5 opt_step=80 E=0.516 g=0.106 VarTD=0.131281 ret_end=-26.161 dbar_end=0.715 occ_end=0.176 CSR_train=0.000 done_count=125
[upd 240] u=0 upd_ctr=5 opt_step=80 E=0.736 g=0.117 VarTD=0.127352 ret_end=-26.081 dbar_end=0.682 occ_end=0.224 CSR_train=0.000 done_count=125
[upd 250] u=0 upd_ctr=5 opt_step=80 E=0.939 g=0.096 VarTD=0.159123 ret_end=-27.480 dbar_end=0.746 occ_end=0.128 CSR_train=0.000 done_count=125
[upd 260] u=0 upd_ctr=6 opt_step=96 E=0.159 g=0.116 VarTD=0.131387 ret_end=-25.467 dbar_end=0.685 occ_end=0.190 CSR_train=0.000 done_count=100
[upd 270] u=0 upd_ctr=6 opt_step=96 E=0.391 g=0.131 VarTD=0.144796 ret_end=-25.589 dbar_end=0.647 occ_end=0.248 CSR_train=0.000 done_count=125
[upd 280] u=0 upd_ctr=6 opt_step=96 E=0.618 g=0.121 VarTD=0.129407 ret_end=-24.890 dbar_end=0.672 occ_end=0.208 CSR_train=0.000 done_count=125
[upd 290] u=0 upd_ctr=6 opt_step=96 E=0.852 g=0.108 VarTD=0.151209 ret_end=-27.045 dbar_end=0.710 occ_end=0.200 CSR_train=0.000 done_count=125
[upd 300] u=0 upd_ctr=7 opt_step=112 E=0.073 g=0.133 VarTD=0.109793 ret_end=-24.692 dbar_end=0.641 occ_end=0.216 CSR_train=0.000 done_count=125
[upd 310] u=0 upd_ctr=7 opt_step=112 E=0.309 g=0.124 VarTD=0.130701 ret_end=-25.740 dbar_end=0.665 occ_end=0.168 CSR_train=0.000 done_count=125
[Gate5 check] update_counter violations: t0=0 diffs=0
[Gate5 check] opt_step violations: t0=0 diffs=0 (expected_inc=16)
[Gate5 check] NaN masking: nan_on_skip=True finite_on_update=True
[Gate5 summary] mean_update_fraction=0.0224 final_executed_updates_mean=7.00
[Gate5 eval] done_count mean=100.0 CSR mean=0.0000 len_end_mean=26.00
[Gate5 eval] episodes_per_env=4 T_eval=104
[Gate5 eval-debug] locked_eps_occ=0.20 pre(step25): dbar_end=0.507302 occupied_end_mean=0.470000 max_tilde_end_mean=0.747735 CSR@locked=0.000000
[Gate5 eval-debug] locked_eps_occ=0.20 post(step26): dbar_end=0.510146 occupied_end_mean=0.490000 max_tilde_end_mean=0.755076 CSR@locked=0.000000
[Gate5 eval-debug] CSR_pre@0.10=0.0000 CSR_pre@0.15=0.0000 CSR_pre@0.20=0.0000 CSR_pre@0.25=0.0100 CSR_pre@0.30=0.0300
[Gate5 eval-debug] CSR_post@0.10=0.0000 CSR_post@0.15=0.0000 CSR_post@0.20=0.0000 CSR_post@0.25=0.0000 CSR_post@0.30=0.0200
