Importing submoduled environments...
Submoduled environments not found. Skipping import.
[upd 0] u=1 upd_ctr=1 opt_step=16 E=0.428 g=0.093 VarTD=0.149936 ret_end=-27.435 dbar_end=0.756 occ_end=0.150 CSR_train=0.000 done_count=100
[upd 10] u=0 upd_ctr=2 opt_step=32 E=0.111 g=0.104 VarTD=0.130735 ret_end=-26.776 dbar_end=0.721 occ_end=0.184 CSR_train=0.000 done_count=125
[upd 20] u=0 upd_ctr=2 opt_step=32 E=0.428 g=0.116 VarTD=0.147259 ret_end=-25.636 dbar_end=0.686 occ_end=0.200 CSR_train=0.000 done_count=125
[upd 30] u=0 upd_ctr=3 opt_step=48 E=0.121 g=0.090 VarTD=0.166581 ret_end=-27.563 dbar_end=0.766 occ_end=0.136 CSR_train=0.008 done_count=125
[upd 40] u=0 upd_ctr=3 opt_step=48 E=0.426 g=0.103 VarTD=0.131674 ret_end=-26.737 dbar_end=0.723 occ_end=0.144 CSR_train=0.000 done_count=125
[upd 50] u=0 upd_ctr=4 opt_step=64 E=0.136 g=0.109 VarTD=0.125094 ret_end=-26.021 dbar_end=0.706 occ_end=0.192 CSR_train=0.000 done_count=125
[upd 60] u=0 upd_ctr=4 opt_step=64 E=0.444 g=0.109 VarTD=0.133469 ret_end=-26.672 dbar_end=0.707 occ_end=0.128 CSR_train=0.000 done_count=125
[upd 70] u=0 upd_ctr=5 opt_step=80 E=0.163 g=0.110 VarTD=0.134824 ret_end=-26.672 dbar_end=0.703 occ_end=0.152 CSR_train=0.000 done_count=125
[upd 80] u=0 upd_ctr=5 opt_step=80 E=0.519 g=0.112 VarTD=0.134016 ret_end=-25.614 dbar_end=0.698 occ_end=0.160 CSR_train=0.000 done_count=125
[upd 90] u=0 upd_ctr=6 opt_step=96 E=0.266 g=0.115 VarTD=0.135230 ret_end=-26.271 dbar_end=0.688 occ_end=0.176 CSR_train=0.000 done_count=125
[upd 100] u=0 upd_ctr=6 opt_step=96 E=0.602 g=0.120 VarTD=0.151058 ret_end=-25.272 dbar_end=0.677 occ_end=0.216 CSR_train=0.000 done_count=125
[upd 110] u=0 upd_ctr=7 opt_step=112 E=0.354 g=0.104 VarTD=0.143017 ret_end=-26.737 dbar_end=0.721 occ_end=0.112 CSR_train=0.000 done_count=125
[upd 120] u=0 upd_ctr=8 opt_step=128 E=0.106 g=0.128 VarTD=0.144738 ret_end=-25.091 dbar_end=0.654 occ_end=0.200 CSR_train=0.000 done_count=125
[Gate5 check] update_counter violations: t0=0 diffs=0
[Gate5 check] opt_step violations: t0=0 diffs=0 (expected_inc=16)
[Gate5 check] NaN masking: nan_on_skip=True finite_on_update=True
[Gate5 summary] mean_update_fraction=0.0640 final_executed_updates_mean=8.00
[Gate5 eval] done_count mean=100.0 CSR mean=0.0000 len_end_mean=26.00
[Gate5 eval] episodes_per_env=4 T_eval=104
[Gate5 eval-debug] locked_eps_occ=0.20 pre(step25): dbar_end=0.532769 occupied_end_mean=0.300000 max_tilde_end_mean=0.751214 CSR@locked=0.000000
[Gate5 eval-debug] locked_eps_occ=0.20 post(step26): dbar_end=0.535901 occupied_end_mean=0.290000 max_tilde_end_mean=0.760502 CSR@locked=0.000000
[Gate5 eval-debug] CSR_pre@0.10=0.0000 CSR_pre@0.15=0.0000 CSR_pre@0.20=0.0000 CSR_pre@0.25=0.0000 CSR_pre@0.30=0.0000
[Gate5 eval-debug] CSR_post@0.10=0.0000 CSR_post@0.15=0.0000 CSR_post@0.20=0.0000 CSR_post@0.25=0.0000 CSR_post@0.30=0.0100
