Importing submoduled environments...
Submoduled environments not found. Skipping import.
[upd 0] u=1 upd_ctr=1 opt_step=16 E=0.092 g=0.092 VarTD=0.142843 ret_end=-27.084 dbar_end=0.760 occ_end=0.110 CSR_train=0.000 done_count=100
[upd 10] u=0 upd_ctr=1 opt_step=16 E=0.997 g=0.091 VarTD=0.164683 ret_end=-27.227 dbar_end=0.764 occ_end=0.176 CSR_train=0.000 done_count=125
[upd 20] u=0 upd_ctr=2 opt_step=32 E=0.872 g=0.084 VarTD=0.171715 ret_end=-28.379 dbar_end=0.788 occ_end=0.112 CSR_train=0.000 done_count=125
[upd 30] u=0 upd_ctr=3 opt_step=48 E=0.822 g=0.102 VarTD=0.128424 ret_end=-26.997 dbar_end=0.728 occ_end=0.216 CSR_train=0.000 done_count=125
[upd 40] u=0 upd_ctr=4 opt_step=64 E=0.831 g=0.108 VarTD=0.136532 ret_end=-26.192 dbar_end=0.710 occ_end=0.160 CSR_train=0.000 done_count=125
[upd 50] u=0 upd_ctr=5 opt_step=80 E=0.870 g=0.102 VarTD=0.124921 ret_end=-26.673 dbar_end=0.727 occ_end=0.200 CSR_train=0.000 done_count=125
[upd 60] u=0 upd_ctr=6 opt_step=96 E=0.912 g=0.128 VarTD=0.150286 ret_end=-25.024 dbar_end=0.654 occ_end=0.200 CSR_train=0.000 done_count=125
[upd 70] u=0 upd_ctr=7 opt_step=112 E=1.000 g=0.106 VarTD=0.155709 ret_end=-26.463 dbar_end=0.715 occ_end=0.112 CSR_train=0.000 done_count=125
[upd 80] u=1 upd_ctr=9 opt_step=144 E=0.124 g=0.124 VarTD=0.133767 ret_end=-25.676 dbar_end=0.665 occ_end=0.216 CSR_train=0.000 done_count=125
[upd 90] u=0 upd_ctr=10 opt_step=160 E=0.384 g=0.137 VarTD=0.143289 ret_end=-25.022 dbar_end=0.634 occ_end=0.216 CSR_train=0.000 done_count=125
[upd 100] u=0 upd_ctr=11 opt_step=176 E=0.670 g=0.140 VarTD=0.176066 ret_end=-26.357 dbar_end=0.626 occ_end=0.248 CSR_train=0.000 done_count=125
[upd 110] u=0 upd_ctr=12 opt_step=192 E=0.964 g=0.148 VarTD=0.185201 ret_end=-25.120 dbar_end=0.608 occ_end=0.248 CSR_train=0.000 done_count=125
[upd 120] u=1 upd_ctr=14 opt_step=224 E=0.138 g=0.138 VarTD=0.182197 ret_end=-24.818 dbar_end=0.630 occ_end=0.256 CSR_train=0.000 done_count=125
[Gate5 check] update_counter violations: t0=0 diffs=0
[Gate5 check] opt_step violations: t0=0 diffs=0 (expected_inc=16)
[Gate5 check] NaN masking: nan_on_skip=True finite_on_update=True
[Gate5 summary] mean_update_fraction=0.1120 final_executed_updates_mean=14.00
[Gate5 eval] done_count mean=100.0 CSR mean=0.0100 len_end_mean=26.00
[Gate5 eval] episodes_per_env=4 T_eval=104
[Gate5 eval-debug] locked_eps_occ=0.20 pre(step25): dbar_end=0.532009 occupied_end_mean=0.330000 max_tilde_end_mean=0.763414 CSR@locked=0.000000
[Gate5 eval-debug] locked_eps_occ=0.20 post(step26): dbar_end=0.530210 occupied_end_mean=0.320000 max_tilde_end_mean=0.756513 CSR@locked=0.010000
[Gate5 eval-debug] CSR_pre@0.10=0.0000 CSR_pre@0.15=0.0000 CSR_pre@0.20=0.0000 CSR_pre@0.25=0.0200 CSR_pre@0.30=0.0200
[Gate5 eval-debug] CSR_post@0.10=0.0000 CSR_post@0.15=0.0000 CSR_post@0.20=0.0100 CSR_post@0.25=0.0200 CSR_post@0.30=0.0300
