Importing submoduled environments...
Submoduled environments not found. Skipping import.
[upd 0] u=1 upd_ctr=1 opt_step=16 E=0.272 g=0.089 VarTD=0.155748 ret_end=-26.495 dbar_end=0.769 occ_end=0.110 CSR_train=0.000 done_count=100
[upd 10] u=0 upd_ctr=2 opt_step=32 E=0.208 g=0.096 VarTD=0.163976 ret_end=-27.005 dbar_end=0.748 occ_end=0.136 CSR_train=0.000 done_count=125
[upd 20] u=0 upd_ctr=3 opt_step=48 E=0.162 g=0.091 VarTD=0.191747 ret_end=-28.033 dbar_end=0.763 occ_end=0.176 CSR_train=0.000 done_count=125
[upd 30] u=1 upd_ctr=4 opt_step=64 E=0.144 g=0.097 VarTD=0.166893 ret_end=-26.907 dbar_end=0.744 occ_end=0.176 CSR_train=0.000 done_count=125
[upd 40] u=0 upd_ctr=5 opt_step=80 E=0.182 g=0.108 VarTD=0.161176 ret_end=-26.235 dbar_end=0.709 occ_end=0.232 CSR_train=0.000 done_count=125
[upd 50] u=0 upd_ctr=6 opt_step=96 E=0.283 g=0.118 VarTD=0.136523 ret_end=-26.281 dbar_end=0.679 occ_end=0.208 CSR_train=0.000 done_count=125
[upd 60] u=0 upd_ctr=7 opt_step=112 E=0.423 g=0.120 VarTD=0.146385 ret_end=-26.111 dbar_end=0.676 occ_end=0.152 CSR_train=0.000 done_count=125
[upd 70] u=0 upd_ctr=8 opt_step=128 E=0.587 g=0.116 VarTD=0.149112 ret_end=-25.457 dbar_end=0.686 occ_end=0.208 CSR_train=0.000 done_count=125
[upd 80] u=0 upd_ctr=9 opt_step=144 E=0.780 g=0.121 VarTD=0.150192 ret_end=-25.901 dbar_end=0.672 occ_end=0.200 CSR_train=0.000 done_count=125
[upd 90] u=1 upd_ctr=11 opt_step=176 E=0.191 g=0.130 VarTD=0.145124 ret_end=-25.378 dbar_end=0.650 occ_end=0.192 CSR_train=0.000 done_count=125
[upd 100] u=0 upd_ctr=12 opt_step=192 E=0.471 g=0.132 VarTD=0.183594 ret_end=-25.583 dbar_end=0.645 occ_end=0.264 CSR_train=0.000 done_count=125
[upd 110] u=0 upd_ctr=13 opt_step=208 E=0.760 g=0.136 VarTD=0.203156 ret_end=-25.741 dbar_end=0.636 occ_end=0.216 CSR_train=0.000 done_count=125
[upd 120] u=0 upd_ctr=15 opt_step=240 E=0.285 g=0.156 VarTD=0.252377 ret_end=-24.366 dbar_end=0.592 occ_end=0.216 CSR_train=0.000 done_count=125
[Gate5 check] update_counter violations: t0=0 diffs=0
[Gate5 check] opt_step violations: t0=0 diffs=0 (expected_inc=16)
[Gate5 check] NaN masking: nan_on_skip=True finite_on_update=True
[Gate5 summary] mean_update_fraction=0.1200 final_executed_updates_mean=15.00
[Gate5 eval] done_count mean=100.0 CSR mean=0.0100 len_end_mean=26.00
[Gate5 eval] episodes_per_env=4 T_eval=104
[Gate5 eval-debug] locked_eps_occ=0.20 pre(step25): dbar_end=0.489444 occupied_end_mean=0.510000 max_tilde_end_mean=0.690646 CSR@locked=0.010000
[Gate5 eval-debug] locked_eps_occ=0.20 post(step26): dbar_end=0.501842 occupied_end_mean=0.380000 max_tilde_end_mean=0.701381 CSR@locked=0.010000
[Gate5 eval-debug] CSR_pre@0.10=0.0000 CSR_pre@0.15=0.0000 CSR_pre@0.20=0.0100 CSR_pre@0.25=0.0200 CSR_pre@0.30=0.0300
[Gate5 eval-debug] CSR_post@0.10=0.0000 CSR_post@0.15=0.0000 CSR_post@0.20=0.0100 CSR_post@0.25=0.0100 CSR_post@0.30=0.0200
