Importing submoduled environments...
Submoduled environments not found. Skipping import.
[upd 0] u=1 upd_ctr=1 opt_step=16 E=0.138 g=0.094 VarTD=0.156314 ret_end=-27.700 dbar_end=0.751 occ_end=0.180 CSR_train=0.010 done_count=100
[upd 10] u=0 upd_ctr=1 opt_step=16 E=0.522 g=0.106 VarTD=0.133782 ret_end=-25.939 dbar_end=0.713 occ_end=0.168 CSR_train=0.000 done_count=125
[upd 20] u=0 upd_ctr=1 opt_step=16 E=0.902 g=0.101 VarTD=0.146338 ret_end=-26.754 dbar_end=0.732 occ_end=0.200 CSR_train=0.000 done_count=125
[upd 30] u=0 upd_ctr=2 opt_step=32 E=0.390 g=0.100 VarTD=0.153594 ret_end=-27.459 dbar_end=0.732 occ_end=0.136 CSR_train=0.000 done_count=125
[upd 40] u=0 upd_ctr=2 opt_step=32 E=0.790 g=0.092 VarTD=0.142264 ret_end=-27.467 dbar_end=0.760 occ_end=0.152 CSR_train=0.000 done_count=125
[upd 50] u=0 upd_ctr=3 opt_step=48 E=0.299 g=0.112 VarTD=0.143853 ret_end=-26.551 dbar_end=0.696 occ_end=0.200 CSR_train=0.000 done_count=125
[upd 60] u=0 upd_ctr=3 opt_step=48 E=0.721 g=0.109 VarTD=0.148180 ret_end=-25.599 dbar_end=0.706 occ_end=0.200 CSR_train=0.000 done_count=125
[upd 70] u=0 upd_ctr=4 opt_step=64 E=0.250 g=0.120 VarTD=0.131956 ret_end=-25.342 dbar_end=0.676 occ_end=0.176 CSR_train=0.000 done_count=125
[upd 80] u=0 upd_ctr=4 opt_step=64 E=0.686 g=0.110 VarTD=0.165989 ret_end=-27.039 dbar_end=0.703 occ_end=0.128 CSR_train=0.000 done_count=125
[upd 90] u=0 upd_ctr=5 opt_step=80 E=0.229 g=0.104 VarTD=0.144935 ret_end=-26.251 dbar_end=0.720 occ_end=0.176 CSR_train=0.000 done_count=125
[upd 100] u=0 upd_ctr=5 opt_step=80 E=0.674 g=0.115 VarTD=0.143964 ret_end=-26.392 dbar_end=0.689 occ_end=0.152 CSR_train=0.000 done_count=125
[upd 110] u=0 upd_ctr=6 opt_step=96 E=0.231 g=0.135 VarTD=0.114324 ret_end=-24.224 dbar_end=0.637 occ_end=0.184 CSR_train=0.000 done_count=125
[upd 120] u=0 upd_ctr=6 opt_step=96 E=0.706 g=0.125 VarTD=0.150240 ret_end=-25.632 dbar_end=0.663 occ_end=0.216 CSR_train=0.000 done_count=125
[upd 130] u=0 upd_ctr=7 opt_step=112 E=0.287 g=0.130 VarTD=0.164283 ret_end=-25.551 dbar_end=0.649 occ_end=0.250 CSR_train=0.000 done_count=100
[upd 140] u=0 upd_ctr=7 opt_step=112 E=0.780 g=0.124 VarTD=0.183545 ret_end=-26.260 dbar_end=0.666 occ_end=0.136 CSR_train=0.000 done_count=125
[upd 150] u=0 upd_ctr=8 opt_step=128 E=0.392 g=0.120 VarTD=0.166288 ret_end=-25.998 dbar_end=0.676 occ_end=0.224 CSR_train=0.000 done_count=125
[upd 160] u=0 upd_ctr=8 opt_step=128 E=0.889 g=0.134 VarTD=0.145779 ret_end=-25.004 dbar_end=0.641 occ_end=0.232 CSR_train=0.000 done_count=125
[upd 170] u=0 upd_ctr=9 opt_step=144 E=0.500 g=0.123 VarTD=0.157548 ret_end=-25.910 dbar_end=0.666 occ_end=0.152 CSR_train=0.000 done_count=125
[upd 180] u=0 upd_ctr=10 opt_step=160 E=0.125 g=0.131 VarTD=0.188856 ret_end=-26.321 dbar_end=0.648 occ_end=0.224 CSR_train=0.000 done_count=125
[upd 190] u=0 upd_ctr=10 opt_step=160 E=0.657 g=0.131 VarTD=0.186649 ret_end=-25.898 dbar_end=0.648 occ_end=0.216 CSR_train=0.000 done_count=125
[upd 200] u=0 upd_ctr=11 opt_step=176 E=0.289 g=0.133 VarTD=0.200583 ret_end=-25.911 dbar_end=0.642 occ_end=0.232 CSR_train=0.000 done_count=125
[upd 210] u=0 upd_ctr=11 opt_step=176 E=0.829 g=0.147 VarTD=0.192407 ret_end=-24.789 dbar_end=0.611 occ_end=0.280 CSR_train=0.008 done_count=125
[upd 220] u=0 upd_ctr=12 opt_step=192 E=0.473 g=0.149 VarTD=0.201615 ret_end=-24.796 dbar_end=0.606 occ_end=0.312 CSR_train=0.000 done_count=125
[upd 230] u=0 upd_ctr=13 opt_step=208 E=0.139 g=0.142 VarTD=0.230457 ret_end=-24.877 dbar_end=0.623 occ_end=0.232 CSR_train=0.000 done_count=125
[upd 240] u=0 upd_ctr=13 opt_step=208 E=0.692 g=0.147 VarTD=0.230048 ret_end=-24.662 dbar_end=0.610 occ_end=0.136 CSR_train=0.000 done_count=125
[upd 250] u=0 upd_ctr=14 opt_step=224 E=0.375 g=0.148 VarTD=0.268093 ret_end=-24.385 dbar_end=0.608 occ_end=0.208 CSR_train=0.000 done_count=125
[upd 260] u=1 upd_ctr=15 opt_step=240 E=0.072 g=0.156 VarTD=0.248737 ret_end=-24.341 dbar_end=0.592 occ_end=0.310 CSR_train=0.000 done_count=100
[upd 270] u=0 upd_ctr=15 opt_step=240 E=0.653 g=0.142 VarTD=0.318530 ret_end=-24.757 dbar_end=0.621 occ_end=0.208 CSR_train=0.000 done_count=125
[upd 280] u=0 upd_ctr=16 opt_step=256 E=0.352 g=0.128 VarTD=0.354780 ret_end=-25.726 dbar_end=0.656 occ_end=0.200 CSR_train=0.000 done_count=125
[upd 290] u=0 upd_ctr=16 opt_step=256 E=0.950 g=0.155 VarTD=0.360682 ret_end=-24.282 dbar_end=0.593 occ_end=0.264 CSR_train=0.000 done_count=125
[upd 300] u=0 upd_ctr=17 opt_step=272 E=0.671 g=0.157 VarTD=0.402690 ret_end=-25.020 dbar_end=0.589 occ_end=0.248 CSR_train=0.000 done_count=125
[upd 310] u=0 upd_ctr=18 opt_step=288 E=0.404 g=0.165 VarTD=0.477567 ret_end=-23.677 dbar_end=0.574 occ_end=0.296 CSR_train=0.000 done_count=125
[Gate5 check] update_counter violations: t0=0 diffs=0
[Gate5 check] opt_step violations: t0=0 diffs=0 (expected_inc=16)
[Gate5 check] NaN masking: nan_on_skip=True finite_on_update=True
[Gate5 summary] mean_update_fraction=0.0577 final_executed_updates_mean=18.00
[Gate5 eval] done_count mean=100.0 CSR mean=0.0100 len_end_mean=26.00
[Gate5 eval] episodes_per_env=4 T_eval=104
[Gate5 eval-debug] locked_eps_occ=0.20 pre(step25): dbar_end=0.475620 occupied_end_mean=0.500000 max_tilde_end_mean=0.678064 CSR@locked=0.000000
[Gate5 eval-debug] locked_eps_occ=0.20 post(step26): dbar_end=0.481012 occupied_end_mean=0.440000 max_tilde_end_mean=0.679686 CSR@locked=0.010000
[Gate5 eval-debug] CSR_pre@0.10=0.0000 CSR_pre@0.15=0.0000 CSR_pre@0.20=0.0000 CSR_pre@0.25=0.0200 CSR_pre@0.30=0.0600
[Gate5 eval-debug] CSR_post@0.10=0.0000 CSR_post@0.15=0.0000 CSR_post@0.20=0.0100 CSR_post@0.25=0.0200 CSR_post@0.30=0.0500
