Importing submoduled environments...
Submoduled environments not found. Skipping import.
[upd 0] u=1 upd_ctr=1 opt_step=16 E=0.119 g=0.096 VarTD=0.164885 ret_end=-27.291 dbar_end=0.746 occ_end=0.170 CSR_train=0.000 done_count=100
[upd 10] u=0 upd_ctr=1 opt_step=16 E=0.320 g=0.091 VarTD=0.137991 ret_end=-27.480 dbar_end=0.764 occ_end=0.136 CSR_train=0.000 done_count=125
[upd 20] u=0 upd_ctr=1 opt_step=16 E=0.521 g=0.107 VarTD=0.128434 ret_end=-26.720 dbar_end=0.712 occ_end=0.216 CSR_train=0.000 done_count=125
[upd 30] u=0 upd_ctr=1 opt_step=16 E=0.715 g=0.104 VarTD=0.139011 ret_end=-26.117 dbar_end=0.722 occ_end=0.168 CSR_train=0.000 done_count=125
[upd 40] u=0 upd_ctr=1 opt_step=16 E=0.905 g=0.093 VarTD=0.148352 ret_end=-27.327 dbar_end=0.757 occ_end=0.192 CSR_train=0.000 done_count=125
[upd 50] u=0 upd_ctr=2 opt_step=32 E=0.210 g=0.096 VarTD=0.149265 ret_end=-26.789 dbar_end=0.748 occ_end=0.160 CSR_train=0.000 done_count=125
[upd 60] u=0 upd_ctr=2 opt_step=32 E=0.411 g=0.088 VarTD=0.166812 ret_end=-28.382 dbar_end=0.776 occ_end=0.112 CSR_train=0.000 done_count=125
[upd 70] u=0 upd_ctr=2 opt_step=32 E=0.616 g=0.102 VarTD=0.153762 ret_end=-27.022 dbar_end=0.728 occ_end=0.184 CSR_train=0.000 done_count=125
[upd 80] u=0 upd_ctr=2 opt_step=32 E=0.821 g=0.108 VarTD=0.156705 ret_end=-26.223 dbar_end=0.709 occ_end=0.152 CSR_train=0.000 done_count=125
[upd 90] u=0 upd_ctr=3 opt_step=48 E=0.131 g=0.105 VarTD=0.131221 ret_end=-26.504 dbar_end=0.718 occ_end=0.144 CSR_train=0.000 done_count=125
[upd 100] u=0 upd_ctr=3 opt_step=48 E=0.356 g=0.107 VarTD=0.111897 ret_end=-27.054 dbar_end=0.711 occ_end=0.192 CSR_train=0.000 done_count=125
[upd 110] u=0 upd_ctr=3 opt_step=48 E=0.572 g=0.113 VarTD=0.141588 ret_end=-25.871 dbar_end=0.696 occ_end=0.144 CSR_train=0.000 done_count=125
[upd 120] u=0 upd_ctr=3 opt_step=48 E=0.787 g=0.105 VarTD=0.140663 ret_end=-26.576 dbar_end=0.717 occ_end=0.200 CSR_train=0.000 done_count=125
[upd 130] u=0 upd_ctr=4 opt_step=64 E=0.105 g=0.106 VarTD=0.112569 ret_end=-25.897 dbar_end=0.714 occ_end=0.130 CSR_train=0.000 done_count=100
[upd 140] u=0 upd_ctr=4 opt_step=64 E=0.328 g=0.107 VarTD=0.149586 ret_end=-26.723 dbar_end=0.712 occ_end=0.208 CSR_train=0.000 done_count=125
[upd 150] u=0 upd_ctr=4 opt_step=64 E=0.559 g=0.113 VarTD=0.146991 ret_end=-26.772 dbar_end=0.695 occ_end=0.216 CSR_train=0.000 done_count=125
[upd 160] u=0 upd_ctr=4 opt_step=64 E=0.783 g=0.114 VarTD=0.147798 ret_end=-26.078 dbar_end=0.691 occ_end=0.152 CSR_train=0.000 done_count=125
[upd 170] u=0 upd_ctr=5 opt_step=80 E=0.112 g=0.105 VarTD=0.147061 ret_end=-26.317 dbar_end=0.717 occ_end=0.176 CSR_train=0.000 done_count=125
[upd 180] u=0 upd_ctr=5 opt_step=80 E=0.342 g=0.110 VarTD=0.114549 ret_end=-26.140 dbar_end=0.702 occ_end=0.136 CSR_train=0.000 done_count=125
[upd 190] u=0 upd_ctr=5 opt_step=80 E=0.561 g=0.119 VarTD=0.146172 ret_end=-26.101 dbar_end=0.678 occ_end=0.152 CSR_train=0.000 done_count=125
[upd 200] u=0 upd_ctr=5 opt_step=80 E=0.787 g=0.108 VarTD=0.140057 ret_end=-27.007 dbar_end=0.708 occ_end=0.160 CSR_train=0.000 done_count=125
[upd 210] u=0 upd_ctr=6 opt_step=96 E=0.111 g=0.112 VarTD=0.151877 ret_end=-26.606 dbar_end=0.697 occ_end=0.264 CSR_train=0.000 done_count=125
[upd 220] u=0 upd_ctr=6 opt_step=96 E=0.348 g=0.117 VarTD=0.145132 ret_end=-26.108 dbar_end=0.684 occ_end=0.232 CSR_train=0.000 done_count=125
[upd 230] u=0 upd_ctr=6 opt_step=96 E=0.591 g=0.123 VarTD=0.127733 ret_end=-26.262 dbar_end=0.668 occ_end=0.136 CSR_train=0.000 done_count=125
[upd 240] u=0 upd_ctr=6 opt_step=96 E=0.824 g=0.109 VarTD=0.148631 ret_end=-26.256 dbar_end=0.705 occ_end=0.176 CSR_train=0.000 done_count=125
[upd 250] u=0 upd_ctr=7 opt_step=112 E=0.165 g=0.113 VarTD=0.128076 ret_end=-25.985 dbar_end=0.693 occ_end=0.168 CSR_train=0.000 done_count=125
[upd 260] u=0 upd_ctr=7 opt_step=112 E=0.412 g=0.117 VarTD=0.129520 ret_end=-25.321 dbar_end=0.683 occ_end=0.150 CSR_train=0.000 done_count=100
[upd 270] u=0 upd_ctr=7 opt_step=112 E=0.649 g=0.112 VarTD=0.140250 ret_end=-26.671 dbar_end=0.698 occ_end=0.128 CSR_train=0.000 done_count=125
[upd 280] u=0 upd_ctr=7 opt_step=112 E=0.897 g=0.110 VarTD=0.143129 ret_end=-26.720 dbar_end=0.703 occ_end=0.200 CSR_train=0.000 done_count=125
[upd 290] u=0 upd_ctr=8 opt_step=128 E=0.254 g=0.132 VarTD=0.126134 ret_end=-25.591 dbar_end=0.645 occ_end=0.176 CSR_train=0.000 done_count=125
[upd 300] u=0 upd_ctr=8 opt_step=128 E=0.502 g=0.124 VarTD=0.134832 ret_end=-25.327 dbar_end=0.665 occ_end=0.160 CSR_train=0.000 done_count=125
[upd 310] u=0 upd_ctr=8 opt_step=128 E=0.744 g=0.116 VarTD=0.155146 ret_end=-26.589 dbar_end=0.686 occ_end=0.168 CSR_train=0.000 done_count=125
[Gate5 check] update_counter violations: t0=0 diffs=0
[Gate5 check] opt_step violations: t0=0 diffs=0 (expected_inc=16)
[Gate5 check] NaN masking: nan_on_skip=True finite_on_update=True
[Gate5 summary] mean_update_fraction=0.0256 final_executed_updates_mean=8.00
[Gate5 eval] done_count mean=100.0 CSR mean=0.0000 len_end_mean=26.00
[Gate5 eval] episodes_per_env=4 T_eval=104
[Gate5 eval-debug] locked_eps_occ=0.20 pre(step25): dbar_end=0.507586 occupied_end_mean=0.350000 max_tilde_end_mean=0.736498 CSR@locked=0.010000
[Gate5 eval-debug] locked_eps_occ=0.20 post(step26): dbar_end=0.508837 occupied_end_mean=0.320000 max_tilde_end_mean=0.739772 CSR@locked=0.000000
[Gate5 eval-debug] CSR_pre@0.10=0.0000 CSR_pre@0.15=0.0000 CSR_pre@0.20=0.0100 CSR_pre@0.25=0.0100 CSR_pre@0.30=0.0200
[Gate5 eval-debug] CSR_post@0.10=0.0000 CSR_post@0.15=0.0000 CSR_post@0.20=0.0000 CSR_post@0.25=0.0000 CSR_post@0.30=0.0400
