Importing submoduled environments...
Submoduled environments not found. Skipping import.
[upd 0] u=1 upd_ctr=1 opt_step=16 E=0.019 g=0.093 VarTD=0.149936 ret_end=-27.435 dbar_end=0.756 occ_end=0.150 CSR_train=0.000 done_count=100
[upd 10] u=0 upd_ctr=1 opt_step=16 E=0.206 g=0.100 VarTD=0.132044 ret_end=-26.929 dbar_end=0.734 occ_end=0.192 CSR_train=0.000 done_count=125
[upd 20] u=0 upd_ctr=1 opt_step=16 E=0.408 g=0.107 VarTD=0.153948 ret_end=-26.021 dbar_end=0.712 occ_end=0.192 CSR_train=0.000 done_count=125
[upd 30] u=0 upd_ctr=1 opt_step=16 E=0.590 g=0.084 VarTD=0.174361 ret_end=-28.107 dbar_end=0.790 occ_end=0.136 CSR_train=0.008 done_count=125
[upd 40] u=0 upd_ctr=1 opt_step=16 E=0.771 g=0.091 VarTD=0.143332 ret_end=-27.531 dbar_end=0.765 occ_end=0.096 CSR_train=0.000 done_count=125
[upd 50] u=0 upd_ctr=1 opt_step=16 E=0.950 g=0.085 VarTD=0.137477 ret_end=-27.179 dbar_end=0.787 occ_end=0.104 CSR_train=0.000 done_count=125
[upd 60] u=0 upd_ctr=2 opt_step=32 E=0.129 g=0.098 VarTD=0.140952 ret_end=-27.274 dbar_end=0.739 occ_end=0.120 CSR_train=0.000 done_count=125
[upd 70] u=0 upd_ctr=2 opt_step=32 E=0.317 g=0.093 VarTD=0.145327 ret_end=-27.751 dbar_end=0.757 occ_end=0.176 CSR_train=0.000 done_count=125
[upd 80] u=0 upd_ctr=2 opt_step=32 E=0.520 g=0.100 VarTD=0.133099 ret_end=-26.195 dbar_end=0.735 occ_end=0.168 CSR_train=0.000 done_count=125
[upd 90] u=0 upd_ctr=2 opt_step=32 E=0.714 g=0.096 VarTD=0.138011 ret_end=-27.259 dbar_end=0.747 occ_end=0.176 CSR_train=0.000 done_count=125
[upd 100] u=0 upd_ctr=2 opt_step=32 E=0.902 g=0.098 VarTD=0.156049 ret_end=-26.286 dbar_end=0.741 occ_end=0.128 CSR_train=0.000 done_count=125
[upd 110] u=0 upd_ctr=3 opt_step=48 E=0.075 g=0.089 VarTD=0.138688 ret_end=-27.635 dbar_end=0.772 occ_end=0.144 CSR_train=0.000 done_count=125
[upd 120] u=0 upd_ctr=3 opt_step=48 E=0.275 g=0.112 VarTD=0.133255 ret_end=-25.946 dbar_end=0.698 occ_end=0.184 CSR_train=0.000 done_count=125
[Gate5 check] update_counter violations: t0=0 diffs=0
[Gate5 check] opt_step violations: t0=0 diffs=0 (expected_inc=16)
[Gate5 check] NaN masking: nan_on_skip=True finite_on_update=True
[Gate5 summary] mean_update_fraction=0.0240 final_executed_updates_mean=3.00
[Gate5 eval] done_count mean=100.0 CSR mean=0.0100 len_end_mean=26.00
[Gate5 eval] episodes_per_env=4 T_eval=104
[Gate5 eval-debug] locked_eps_occ=0.20 pre(step25): dbar_end=0.567611 occupied_end_mean=0.340000 max_tilde_end_mean=0.826998 CSR@locked=0.000000
[Gate5 eval-debug] locked_eps_occ=0.20 post(step26): dbar_end=0.579218 occupied_end_mean=0.330000 max_tilde_end_mean=0.842172 CSR@locked=0.010000
[Gate5 eval-debug] CSR_pre@0.10=0.0000 CSR_pre@0.15=0.0000 CSR_pre@0.20=0.0000 CSR_pre@0.25=0.0000 CSR_pre@0.30=0.0300
[Gate5 eval-debug] CSR_post@0.10=0.0000 CSR_post@0.15=0.0000 CSR_post@0.20=0.0100 CSR_post@0.25=0.0100 CSR_post@0.30=0.0100
