Importing submoduled environments...
Submoduled environments not found. Skipping import.
[upd 0] u=1 upd_ctr=1 opt_step=16 E=0.121 g=0.088 VarTD=0.137352 ret_end=-28.134 dbar_end=0.773 occ_end=0.220 CSR_train=0.000 done_count=100
[upd 10] u=0 upd_ctr=1 opt_step=16 E=0.861 g=0.093 VarTD=0.158535 ret_end=-28.458 dbar_end=0.756 occ_end=0.184 CSR_train=0.000 done_count=125
[upd 20] u=0 upd_ctr=2 opt_step=32 E=0.644 g=0.104 VarTD=0.133801 ret_end=-26.599 dbar_end=0.722 occ_end=0.216 CSR_train=0.000 done_count=125
[upd 30] u=0 upd_ctr=3 opt_step=48 E=0.481 g=0.096 VarTD=0.169209 ret_end=-27.381 dbar_end=0.748 occ_end=0.168 CSR_train=0.000 done_count=125
[upd 40] u=0 upd_ctr=4 opt_step=64 E=0.343 g=0.103 VarTD=0.130759 ret_end=-26.861 dbar_end=0.723 occ_end=0.152 CSR_train=0.000 done_count=125
[upd 50] u=0 upd_ctr=5 opt_step=80 E=0.213 g=0.102 VarTD=0.175486 ret_end=-27.332 dbar_end=0.727 occ_end=0.232 CSR_train=0.000 done_count=125
[upd 60] u=1 upd_ctr=6 opt_step=96 E=0.103 g=0.109 VarTD=0.143344 ret_end=-26.970 dbar_end=0.705 occ_end=0.232 CSR_train=0.000 done_count=125
[upd 70] u=0 upd_ctr=6 opt_step=96 E=1.000 g=0.102 VarTD=0.146633 ret_end=-26.925 dbar_end=0.726 occ_end=0.160 CSR_train=0.000 done_count=125
[upd 80] u=0 upd_ctr=7 opt_step=112 E=0.946 g=0.112 VarTD=0.116388 ret_end=-25.240 dbar_end=0.697 occ_end=0.136 CSR_train=0.000 done_count=125
[upd 90] u=0 upd_ctr=8 opt_step=128 E=0.927 g=0.119 VarTD=0.153197 ret_end=-26.046 dbar_end=0.677 occ_end=0.168 CSR_train=0.000 done_count=125
[upd 100] u=0 upd_ctr=9 opt_step=144 E=0.902 g=0.120 VarTD=0.149257 ret_end=-25.453 dbar_end=0.675 occ_end=0.224 CSR_train=0.000 done_count=125
[upd 110] u=0 upd_ctr=10 opt_step=160 E=0.922 g=0.130 VarTD=0.147083 ret_end=-24.581 dbar_end=0.650 occ_end=0.200 CSR_train=0.000 done_count=125
[upd 120] u=0 upd_ctr=11 opt_step=176 E=0.940 g=0.120 VarTD=0.175735 ret_end=-26.238 dbar_end=0.675 occ_end=0.176 CSR_train=0.000 done_count=125
[upd 130] u=0 upd_ctr=12 opt_step=192 E=0.929 g=0.129 VarTD=0.172815 ret_end=-25.294 dbar_end=0.653 occ_end=0.120 CSR_train=0.000 done_count=100
[upd 140] u=0 upd_ctr=13 opt_step=208 E=1.000 g=0.129 VarTD=0.219470 ret_end=-26.283 dbar_end=0.653 occ_end=0.208 CSR_train=0.008 done_count=125
[upd 150] u=1 upd_ctr=15 opt_step=240 E=0.148 g=0.140 VarTD=0.241041 ret_end=-24.444 dbar_end=0.627 occ_end=0.224 CSR_train=0.000 done_count=125
[upd 160] u=0 upd_ctr=16 opt_step=256 E=0.274 g=0.122 VarTD=0.405587 ret_end=-26.678 dbar_end=0.671 occ_end=0.208 CSR_train=0.000 done_count=125
[upd 170] u=0 upd_ctr=17 opt_step=272 E=0.377 g=0.134 VarTD=0.410443 ret_end=-25.062 dbar_end=0.640 occ_end=0.216 CSR_train=0.000 done_count=125
[upd 180] u=0 upd_ctr=18 opt_step=288 E=0.479 g=0.133 VarTD=0.457248 ret_end=-25.825 dbar_end=0.644 occ_end=0.216 CSR_train=0.000 done_count=125
[upd 190] u=0 upd_ctr=19 opt_step=304 E=0.621 g=0.150 VarTD=0.537024 ret_end=-24.882 dbar_end=0.604 occ_end=0.240 CSR_train=0.000 done_count=125
[upd 200] u=0 upd_ctr=20 opt_step=320 E=0.903 g=0.142 VarTD=0.608947 ret_end=-24.303 dbar_end=0.622 occ_end=0.192 CSR_train=0.000 done_count=125
[upd 210] u=1 upd_ctr=22 opt_step=352 E=0.166 g=0.145 VarTD=0.710861 ret_end=-25.643 dbar_end=0.614 occ_end=0.224 CSR_train=0.000 done_count=125
[upd 220] u=0 upd_ctr=23 opt_step=368 E=0.435 g=0.162 VarTD=0.932528 ret_end=-23.844 dbar_end=0.579 occ_end=0.352 CSR_train=0.000 done_count=125
[upd 230] u=0 upd_ctr=24 opt_step=384 E=0.731 g=0.167 VarTD=1.048854 ret_end=-24.088 dbar_end=0.570 occ_end=0.256 CSR_train=0.000 done_count=125
[upd 240] u=0 upd_ctr=25 opt_step=400 E=1.000 g=0.145 VarTD=1.173273 ret_end=-24.301 dbar_end=0.615 occ_end=0.160 CSR_train=0.000 done_count=125
[upd 250] u=0 upd_ctr=27 opt_step=432 E=0.311 g=0.170 VarTD=1.425228 ret_end=-24.069 dbar_end=0.565 occ_end=0.264 CSR_train=0.000 done_count=125
[upd 260] u=0 upd_ctr=28 opt_step=448 E=0.535 g=0.151 VarTD=1.276414 ret_end=-24.857 dbar_end=0.603 occ_end=0.260 CSR_train=0.000 done_count=100
[upd 270] u=0 upd_ctr=29 opt_step=464 E=0.853 g=0.159 VarTD=1.713623 ret_end=-24.850 dbar_end=0.586 occ_end=0.232 CSR_train=0.000 done_count=125
[upd 280] u=0 upd_ctr=31 opt_step=496 E=0.308 g=0.172 VarTD=2.041663 ret_end=-24.344 dbar_end=0.560 occ_end=0.248 CSR_train=0.000 done_count=125
[upd 290] u=0 upd_ctr=32 opt_step=512 E=0.679 g=0.160 VarTD=2.189996 ret_end=-24.339 dbar_end=0.584 occ_end=0.256 CSR_train=0.000 done_count=125
[upd 300] u=0 upd_ctr=33 opt_step=528 E=1.000 g=0.170 VarTD=2.345368 ret_end=-23.521 dbar_end=0.565 occ_end=0.216 CSR_train=0.000 done_count=125
[upd 310] u=0 upd_ctr=35 opt_step=560 E=0.458 g=0.169 VarTD=2.671592 ret_end=-23.015 dbar_end=0.566 occ_end=0.264 CSR_train=0.000 done_count=125
[Gate5 check] update_counter violations: t0=0 diffs=0
[Gate5 check] opt_step violations: t0=0 diffs=0 (expected_inc=16)
[Gate5 check] NaN masking: nan_on_skip=True finite_on_update=True
[Gate5 summary] mean_update_fraction=0.1122 final_executed_updates_mean=35.00
[Gate5 eval] done_count mean=100.0 CSR mean=0.0000 len_end_mean=26.00
[Gate5 eval] episodes_per_env=4 T_eval=104
[Gate5 eval-debug] locked_eps_occ=0.20 pre(step25): dbar_end=0.497562 occupied_end_mean=0.370000 max_tilde_end_mean=0.692043 CSR@locked=0.000000
[Gate5 eval-debug] locked_eps_occ=0.20 post(step26): dbar_end=0.500122 occupied_end_mean=0.350000 max_tilde_end_mean=0.696851 CSR@locked=0.000000
[Gate5 eval-debug] CSR_pre@0.10=0.0000 CSR_pre@0.15=0.0000 CSR_pre@0.20=0.0000 CSR_pre@0.25=0.0000 CSR_pre@0.30=0.0100
[Gate5 eval-debug] CSR_post@0.10=0.0000 CSR_post@0.15=0.0000 CSR_post@0.20=0.0000 CSR_post@0.25=0.0000 CSR_post@0.30=0.0000
