Importing submoduled environments...
Submoduled environments not found. Skipping import.
[upd 0] u=1 upd_ctr=1 opt_step=16 E=0.091 g=0.102 VarTD=0.148347 ret_end=-26.397 dbar_end=0.726 occ_end=0.190 CSR_train=0.000 done_count=100
[upd 10] u=0 upd_ctr=1 opt_step=16 E=0.464 g=0.089 VarTD=0.167256 ret_end=-27.327 dbar_end=0.769 occ_end=0.152 CSR_train=0.008 done_count=125
[upd 20] u=0 upd_ctr=1 opt_step=16 E=0.836 g=0.085 VarTD=0.176565 ret_end=-27.948 dbar_end=0.785 occ_end=0.184 CSR_train=0.000 done_count=125
[upd 30] u=0 upd_ctr=2 opt_step=32 E=0.264 g=0.098 VarTD=0.170635 ret_end=-27.924 dbar_end=0.741 occ_end=0.184 CSR_train=0.000 done_count=125
[upd 40] u=0 upd_ctr=2 opt_step=32 E=0.645 g=0.097 VarTD=0.163091 ret_end=-27.083 dbar_end=0.743 occ_end=0.112 CSR_train=0.000 done_count=125
[upd 50] u=1 upd_ctr=3 opt_step=48 E=0.061 g=0.110 VarTD=0.155318 ret_end=-26.222 dbar_end=0.704 occ_end=0.176 CSR_train=0.000 done_count=125
[upd 60] u=0 upd_ctr=3 opt_step=48 E=0.444 g=0.085 VarTD=0.192230 ret_end=-28.731 dbar_end=0.786 occ_end=0.104 CSR_train=0.000 done_count=125
[upd 70] u=0 upd_ctr=3 opt_step=48 E=0.841 g=0.100 VarTD=0.162446 ret_end=-26.696 dbar_end=0.734 occ_end=0.136 CSR_train=0.000 done_count=125
[upd 80] u=0 upd_ctr=4 opt_step=64 E=0.298 g=0.101 VarTD=0.140828 ret_end=-27.644 dbar_end=0.731 occ_end=0.200 CSR_train=0.000 done_count=125
[upd 90] u=0 upd_ctr=4 opt_step=64 E=0.685 g=0.094 VarTD=0.151875 ret_end=-26.875 dbar_end=0.754 occ_end=0.128 CSR_train=0.000 done_count=125
[upd 100] u=0 upd_ctr=5 opt_step=80 E=0.160 g=0.106 VarTD=0.157623 ret_end=-26.568 dbar_end=0.714 occ_end=0.152 CSR_train=0.000 done_count=125
[upd 110] u=0 upd_ctr=5 opt_step=80 E=0.586 g=0.092 VarTD=0.136770 ret_end=-28.041 dbar_end=0.758 occ_end=0.200 CSR_train=0.000 done_count=125
[upd 120] u=1 upd_ctr=6 opt_step=96 E=0.060 g=0.108 VarTD=0.127604 ret_end=-26.629 dbar_end=0.708 occ_end=0.104 CSR_train=0.000 done_count=125
[upd 130] u=0 upd_ctr=6 opt_step=96 E=0.534 g=0.117 VarTD=0.123342 ret_end=-25.832 dbar_end=0.683 occ_end=0.200 CSR_train=0.000 done_count=100
[upd 140] u=0 upd_ctr=6 opt_step=96 E=0.981 g=0.108 VarTD=0.128723 ret_end=-27.455 dbar_end=0.708 occ_end=0.120 CSR_train=0.000 done_count=125
[upd 150] u=0 upd_ctr=7 opt_step=112 E=0.497 g=0.118 VarTD=0.164965 ret_end=-26.212 dbar_end=0.680 occ_end=0.176 CSR_train=0.000 done_count=125
[upd 160] u=0 upd_ctr=7 opt_step=112 E=0.963 g=0.128 VarTD=0.147634 ret_end=-25.687 dbar_end=0.654 occ_end=0.224 CSR_train=0.000 done_count=125
[upd 170] u=0 upd_ctr=8 opt_step=128 E=0.486 g=0.128 VarTD=0.118033 ret_end=-25.173 dbar_end=0.655 occ_end=0.200 CSR_train=0.008 done_count=125
[upd 180] u=0 upd_ctr=8 opt_step=128 E=0.975 g=0.115 VarTD=0.159382 ret_end=-25.385 dbar_end=0.688 occ_end=0.160 CSR_train=0.000 done_count=125
[upd 190] u=0 upd_ctr=9 opt_step=144 E=0.534 g=0.122 VarTD=0.156978 ret_end=-25.863 dbar_end=0.671 occ_end=0.192 CSR_train=0.000 done_count=125
[upd 200] u=1 upd_ctr=10 opt_step=160 E=0.076 g=0.115 VarTD=0.171341 ret_end=-26.893 dbar_end=0.688 occ_end=0.184 CSR_train=0.000 done_count=125
[upd 210] u=0 upd_ctr=10 opt_step=160 E=0.610 g=0.135 VarTD=0.136906 ret_end=-24.590 dbar_end=0.638 occ_end=0.256 CSR_train=0.008 done_count=125
[upd 220] u=0 upd_ctr=11 opt_step=176 E=0.183 g=0.140 VarTD=0.155955 ret_end=-25.209 dbar_end=0.627 occ_end=0.192 CSR_train=0.000 done_count=125
[upd 230] u=0 upd_ctr=11 opt_step=176 E=0.724 g=0.129 VarTD=0.145520 ret_end=-24.822 dbar_end=0.652 occ_end=0.264 CSR_train=0.000 done_count=125
[upd 240] u=0 upd_ctr=12 opt_step=192 E=0.304 g=0.141 VarTD=0.180531 ret_end=-25.304 dbar_end=0.623 occ_end=0.168 CSR_train=0.000 done_count=125
[upd 250] u=0 upd_ctr=12 opt_step=192 E=0.847 g=0.132 VarTD=0.186320 ret_end=-25.583 dbar_end=0.645 occ_end=0.152 CSR_train=0.000 done_count=125
[upd 260] u=0 upd_ctr=13 opt_step=208 E=0.434 g=0.132 VarTD=0.196535 ret_end=-24.558 dbar_end=0.646 occ_end=0.180 CSR_train=0.000 done_count=100
[upd 270] u=0 upd_ctr=13 opt_step=208 E=0.996 g=0.140 VarTD=0.203501 ret_end=-24.960 dbar_end=0.627 occ_end=0.232 CSR_train=0.000 done_count=125
[upd 280] u=0 upd_ctr=14 opt_step=224 E=0.580 g=0.127 VarTD=0.234465 ret_end=-25.454 dbar_end=0.657 occ_end=0.184 CSR_train=0.000 done_count=125
[upd 290] u=0 upd_ctr=15 opt_step=240 E=0.185 g=0.146 VarTD=0.288065 ret_end=-25.000 dbar_end=0.614 occ_end=0.280 CSR_train=0.008 done_count=125
[upd 300] u=0 upd_ctr=15 opt_step=240 E=0.738 g=0.137 VarTD=0.322936 ret_end=-25.593 dbar_end=0.633 occ_end=0.256 CSR_train=0.000 done_count=125
[upd 310] u=0 upd_ctr=16 opt_step=256 E=0.368 g=0.145 VarTD=0.331127 ret_end=-25.100 dbar_end=0.616 occ_end=0.240 CSR_train=0.000 done_count=125
[Gate5 check] update_counter violations: t0=0 diffs=0
[Gate5 check] opt_step violations: t0=0 diffs=0 (expected_inc=16)
[Gate5 check] NaN masking: nan_on_skip=True finite_on_update=True
[Gate5 summary] mean_update_fraction=0.0513 final_executed_updates_mean=16.00
[Gate5 eval] done_count mean=100.0 CSR mean=0.0000 len_end_mean=26.00
[Gate5 eval] episodes_per_env=4 T_eval=104
[Gate5 eval-debug] locked_eps_occ=0.20 pre(step25): dbar_end=0.496687 occupied_end_mean=0.350000 max_tilde_end_mean=0.707287 CSR@locked=0.010000
[Gate5 eval-debug] locked_eps_occ=0.20 post(step26): dbar_end=0.494552 occupied_end_mean=0.330000 max_tilde_end_mean=0.699914 CSR@locked=0.000000
[Gate5 eval-debug] CSR_pre@0.10=0.0000 CSR_pre@0.15=0.0000 CSR_pre@0.20=0.0100 CSR_pre@0.25=0.0200 CSR_pre@0.30=0.0300
[Gate5 eval-debug] CSR_post@0.10=0.0000 CSR_post@0.15=0.0000 CSR_post@0.20=0.0000 CSR_post@0.25=0.0200 CSR_post@0.30=0.0200
