Importing submoduled environments...
Submoduled environments not found. Skipping import.
[upd 0] u=1 upd_ctr=1 opt_step=16 E=0.132 g=0.079 VarTD=0.177244 ret_end=-28.332 dbar_end=0.807 occ_end=0.140 CSR_train=0.000 done_count=100
[upd 10] u=0 upd_ctr=1 opt_step=16 E=0.505 g=0.093 VarTD=0.147298 ret_end=-27.080 dbar_end=0.756 occ_end=0.144 CSR_train=0.000 done_count=125
[upd 20] u=0 upd_ctr=1 opt_step=16 E=0.888 g=0.086 VarTD=0.160310 ret_end=-28.011 dbar_end=0.781 occ_end=0.160 CSR_train=0.000 done_count=125
[upd 30] u=0 upd_ctr=2 opt_step=32 E=0.371 g=0.101 VarTD=0.169988 ret_end=-27.229 dbar_end=0.730 occ_end=0.208 CSR_train=0.000 done_count=125
[upd 40] u=0 upd_ctr=2 opt_step=32 E=0.767 g=0.095 VarTD=0.149532 ret_end=-27.445 dbar_end=0.748 occ_end=0.120 CSR_train=0.000 done_count=125
[upd 50] u=0 upd_ctr=3 opt_step=48 E=0.265 g=0.097 VarTD=0.141731 ret_end=-26.885 dbar_end=0.744 occ_end=0.168 CSR_train=0.000 done_count=125
[upd 60] u=0 upd_ctr=3 opt_step=48 E=0.676 g=0.103 VarTD=0.144387 ret_end=-26.739 dbar_end=0.723 occ_end=0.208 CSR_train=0.000 done_count=125
[upd 70] u=0 upd_ctr=4 opt_step=64 E=0.193 g=0.103 VarTD=0.169771 ret_end=-27.809 dbar_end=0.724 occ_end=0.104 CSR_train=0.000 done_count=125
[upd 80] u=0 upd_ctr=4 opt_step=64 E=0.614 g=0.101 VarTD=0.175909 ret_end=-27.239 dbar_end=0.730 occ_end=0.232 CSR_train=0.000 done_count=125
[upd 90] u=0 upd_ctr=5 opt_step=80 E=0.128 g=0.109 VarTD=0.144956 ret_end=-25.962 dbar_end=0.707 occ_end=0.216 CSR_train=0.000 done_count=125
[upd 100] u=0 upd_ctr=5 opt_step=80 E=0.568 g=0.107 VarTD=0.159197 ret_end=-26.506 dbar_end=0.712 occ_end=0.200 CSR_train=0.000 done_count=125
[upd 110] u=0 upd_ctr=6 opt_step=96 E=0.095 g=0.103 VarTD=0.152163 ret_end=-27.279 dbar_end=0.723 occ_end=0.176 CSR_train=0.000 done_count=125
[upd 120] u=0 upd_ctr=6 opt_step=96 E=0.571 g=0.125 VarTD=0.158538 ret_end=-26.432 dbar_end=0.662 occ_end=0.104 CSR_train=0.000 done_count=125
[upd 130] u=0 upd_ctr=7 opt_step=112 E=0.093 g=0.106 VarTD=0.140761 ret_end=-27.206 dbar_end=0.715 occ_end=0.240 CSR_train=0.010 done_count=100
[upd 140] u=0 upd_ctr=7 opt_step=112 E=0.554 g=0.115 VarTD=0.150346 ret_end=-26.732 dbar_end=0.690 occ_end=0.200 CSR_train=0.000 done_count=125
[upd 150] u=0 upd_ctr=8 opt_step=128 E=0.099 g=0.110 VarTD=0.160003 ret_end=-27.088 dbar_end=0.703 occ_end=0.224 CSR_train=0.000 done_count=125
[upd 160] u=0 upd_ctr=8 opt_step=128 E=0.561 g=0.107 VarTD=0.147306 ret_end=-25.453 dbar_end=0.712 occ_end=0.168 CSR_train=0.000 done_count=125
[upd 170] u=0 upd_ctr=9 opt_step=144 E=0.130 g=0.114 VarTD=0.127756 ret_end=-26.050 dbar_end=0.691 occ_end=0.232 CSR_train=0.000 done_count=125
[upd 180] u=0 upd_ctr=9 opt_step=144 E=0.598 g=0.122 VarTD=0.127561 ret_end=-24.845 dbar_end=0.669 occ_end=0.240 CSR_train=0.000 done_count=125
[upd 190] u=0 upd_ctr=10 opt_step=160 E=0.179 g=0.134 VarTD=0.137544 ret_end=-24.937 dbar_end=0.639 occ_end=0.240 CSR_train=0.008 done_count=125
[upd 200] u=0 upd_ctr=10 opt_step=160 E=0.673 g=0.131 VarTD=0.137271 ret_end=-24.888 dbar_end=0.648 occ_end=0.176 CSR_train=0.000 done_count=125
[upd 210] u=0 upd_ctr=11 opt_step=176 E=0.247 g=0.117 VarTD=0.177509 ret_end=-26.064 dbar_end=0.685 occ_end=0.184 CSR_train=0.000 done_count=125
[upd 220] u=0 upd_ctr=11 opt_step=176 E=0.743 g=0.123 VarTD=0.177047 ret_end=-25.903 dbar_end=0.666 occ_end=0.224 CSR_train=0.000 done_count=125
[upd 230] u=0 upd_ctr=12 opt_step=192 E=0.358 g=0.126 VarTD=0.187577 ret_end=-25.849 dbar_end=0.659 occ_end=0.288 CSR_train=0.000 done_count=125
[upd 240] u=0 upd_ctr=12 opt_step=192 E=0.874 g=0.119 VarTD=0.184432 ret_end=-26.248 dbar_end=0.677 occ_end=0.152 CSR_train=0.000 done_count=125
[upd 250] u=0 upd_ctr=13 opt_step=208 E=0.489 g=0.128 VarTD=0.201318 ret_end=-25.736 dbar_end=0.654 occ_end=0.216 CSR_train=0.000 done_count=125
[upd 260] u=0 upd_ctr=14 opt_step=224 E=0.115 g=0.127 VarTD=0.225534 ret_end=-26.066 dbar_end=0.658 occ_end=0.220 CSR_train=0.000 done_count=100
[upd 270] u=0 upd_ctr=14 opt_step=224 E=0.644 g=0.135 VarTD=0.223116 ret_end=-24.428 dbar_end=0.639 occ_end=0.232 CSR_train=0.000 done_count=125
[upd 280] u=0 upd_ctr=15 opt_step=240 E=0.285 g=0.139 VarTD=0.264418 ret_end=-24.505 dbar_end=0.628 occ_end=0.152 CSR_train=0.000 done_count=125
[upd 290] u=0 upd_ctr=15 opt_step=240 E=0.849 g=0.144 VarTD=0.293325 ret_end=-24.786 dbar_end=0.617 occ_end=0.272 CSR_train=0.000 done_count=125
[upd 300] u=0 upd_ctr=16 opt_step=256 E=0.494 g=0.140 VarTD=0.313962 ret_end=-25.140 dbar_end=0.626 occ_end=0.224 CSR_train=0.000 done_count=125
[upd 310] u=0 upd_ctr=17 opt_step=272 E=0.150 g=0.133 VarTD=0.381540 ret_end=-25.608 dbar_end=0.643 occ_end=0.312 CSR_train=0.000 done_count=125
[Gate5 check] update_counter violations: t0=0 diffs=0
[Gate5 check] opt_step violations: t0=0 diffs=0 (expected_inc=16)
[Gate5 check] NaN masking: nan_on_skip=True finite_on_update=True
[Gate5 summary] mean_update_fraction=0.0545 final_executed_updates_mean=17.00
[Gate5 eval] done_count mean=100.0 CSR mean=0.0100 len_end_mean=26.00
[Gate5 eval] episodes_per_env=4 T_eval=104
[Gate5 eval-debug] locked_eps_occ=0.20 pre(step25): dbar_end=0.502112 occupied_end_mean=0.360000 max_tilde_end_mean=0.716650 CSR@locked=0.000000
[Gate5 eval-debug] locked_eps_occ=0.20 post(step26): dbar_end=0.500491 occupied_end_mean=0.350000 max_tilde_end_mean=0.712675 CSR@locked=0.010000
[Gate5 eval-debug] CSR_pre@0.10=0.0000 CSR_pre@0.15=0.0000 CSR_pre@0.20=0.0000 CSR_pre@0.25=0.0200 CSR_pre@0.30=0.0500
[Gate5 eval-debug] CSR_post@0.10=0.0000 CSR_post@0.15=0.0000 CSR_post@0.20=0.0100 CSR_post@0.25=0.0100 CSR_post@0.30=0.0400
