Importing submoduled environments...
Submoduled environments not found. Skipping import.
[upd 0] u=1 upd_ctr=1 opt_step=16 E=0.119 g=0.097 VarTD=0.135831 ret_end=-26.760 dbar_end=0.743 occ_end=0.210 CSR_train=0.000 done_count=100
[upd 10] u=0 upd_ctr=1 opt_step=16 E=0.309 g=0.103 VarTD=0.167736 ret_end=-26.060 dbar_end=0.724 occ_end=0.152 CSR_train=0.000 done_count=125
[upd 20] u=0 upd_ctr=1 opt_step=16 E=0.492 g=0.084 VarTD=0.172577 ret_end=-27.648 dbar_end=0.790 occ_end=0.136 CSR_train=0.000 done_count=125
[upd 30] u=0 upd_ctr=1 opt_step=16 E=0.673 g=0.092 VarTD=0.196471 ret_end=-27.026 dbar_end=0.761 occ_end=0.144 CSR_train=0.008 done_count=125
[upd 40] u=0 upd_ctr=1 opt_step=16 E=0.861 g=0.099 VarTD=0.146959 ret_end=-26.793 dbar_end=0.736 occ_end=0.152 CSR_train=0.000 done_count=125
[upd 50] u=0 upd_ctr=2 opt_step=32 E=0.152 g=0.089 VarTD=0.153797 ret_end=-27.320 dbar_end=0.772 occ_end=0.104 CSR_train=0.000 done_count=125
[upd 60] u=0 upd_ctr=2 opt_step=32 E=0.342 g=0.098 VarTD=0.142548 ret_end=-27.843 dbar_end=0.738 occ_end=0.216 CSR_train=0.000 done_count=125
[upd 70] u=0 upd_ctr=2 opt_step=32 E=0.543 g=0.098 VarTD=0.129900 ret_end=-27.265 dbar_end=0.739 occ_end=0.136 CSR_train=0.000 done_count=125
[upd 80] u=0 upd_ctr=2 opt_step=32 E=0.740 g=0.099 VarTD=0.127649 ret_end=-26.992 dbar_end=0.736 occ_end=0.184 CSR_train=0.000 done_count=125
[upd 90] u=1 upd_ctr=3 opt_step=48 E=0.028 g=0.086 VarTD=0.125323 ret_end=-28.040 dbar_end=0.781 occ_end=0.104 CSR_train=0.000 done_count=125
[upd 100] u=0 upd_ctr=3 opt_step=48 E=0.227 g=0.093 VarTD=0.142323 ret_end=-27.423 dbar_end=0.758 occ_end=0.128 CSR_train=0.000 done_count=125
[upd 110] u=0 upd_ctr=3 opt_step=48 E=0.433 g=0.110 VarTD=0.154679 ret_end=-25.674 dbar_end=0.704 occ_end=0.200 CSR_train=0.000 done_count=125
[upd 120] u=0 upd_ctr=3 opt_step=48 E=0.639 g=0.110 VarTD=0.138054 ret_end=-25.981 dbar_end=0.703 occ_end=0.144 CSR_train=0.000 done_count=125
[Gate5 check] update_counter violations: t0=0 diffs=0
[Gate5 check] opt_step violations: t0=0 diffs=0 (expected_inc=16)
[Gate5 check] NaN masking: nan_on_skip=True finite_on_update=True
[Gate5 summary] mean_update_fraction=0.0240 final_executed_updates_mean=3.00
[Gate5 eval] done_count mean=100.0 CSR mean=0.0000 len_end_mean=26.00
[Gate5 eval] episodes_per_env=4 T_eval=104
[Gate5 eval-debug] locked_eps_occ=0.20 pre(step25): dbar_end=0.561721 occupied_end_mean=0.340000 max_tilde_end_mean=0.823132 CSR@locked=0.000000
[Gate5 eval-debug] locked_eps_occ=0.20 post(step26): dbar_end=0.561637 occupied_end_mean=0.360000 max_tilde_end_mean=0.824921 CSR@locked=0.000000
[Gate5 eval-debug] CSR_pre@0.10=0.0000 CSR_pre@0.15=0.0000 CSR_pre@0.20=0.0000 CSR_pre@0.25=0.0000 CSR_pre@0.30=0.0100
[Gate5 eval-debug] CSR_post@0.10=0.0000 CSR_post@0.15=0.0000 CSR_post@0.20=0.0000 CSR_post@0.25=0.0000 CSR_post@0.30=0.0000
