Importing submoduled environments...
Submoduled environments not found. Skipping import.
[upd 0] u=1 upd_ctr=1 opt_step=16 E=0.074 g=0.105 VarTD=0.153100 ret_end=-26.906 dbar_end=0.718 occ_end=0.160 CSR_train=0.000 done_count=100
[upd 10] u=0 upd_ctr=1 opt_step=16 E=0.725 g=0.079 VarTD=0.158451 ret_end=-28.492 dbar_end=0.807 occ_end=0.088 CSR_train=0.000 done_count=125
[upd 20] u=0 upd_ctr=2 opt_step=32 E=0.398 g=0.103 VarTD=0.133092 ret_end=-26.476 dbar_end=0.724 occ_end=0.200 CSR_train=0.000 done_count=125
[upd 30] u=1 upd_ctr=3 opt_step=48 E=0.069 g=0.099 VarTD=0.151156 ret_end=-27.322 dbar_end=0.737 occ_end=0.168 CSR_train=0.000 done_count=125
[upd 40] u=0 upd_ctr=3 opt_step=48 E=0.785 g=0.093 VarTD=0.142977 ret_end=-28.209 dbar_end=0.757 occ_end=0.160 CSR_train=0.000 done_count=125
[upd 50] u=0 upd_ctr=4 opt_step=64 E=0.444 g=0.094 VarTD=0.147423 ret_end=-27.883 dbar_end=0.752 occ_end=0.152 CSR_train=0.000 done_count=125
[upd 60] u=0 upd_ctr=5 opt_step=80 E=0.150 g=0.104 VarTD=0.139607 ret_end=-26.780 dbar_end=0.722 occ_end=0.168 CSR_train=0.000 done_count=125
[upd 70] u=0 upd_ctr=5 opt_step=80 E=0.932 g=0.129 VarTD=0.119110 ret_end=-25.454 dbar_end=0.651 occ_end=0.264 CSR_train=0.000 done_count=125
[upd 80] u=0 upd_ctr=6 opt_step=96 E=0.727 g=0.132 VarTD=0.102710 ret_end=-24.649 dbar_end=0.645 occ_end=0.280 CSR_train=0.008 done_count=125
[upd 90] u=0 upd_ctr=7 opt_step=112 E=0.480 g=0.120 VarTD=0.138193 ret_end=-25.348 dbar_end=0.675 occ_end=0.208 CSR_train=0.000 done_count=125
[upd 100] u=0 upd_ctr=8 opt_step=128 E=0.248 g=0.119 VarTD=0.138398 ret_end=-26.177 dbar_end=0.677 occ_end=0.152 CSR_train=0.000 done_count=125
[upd 110] u=1 upd_ctr=9 opt_step=144 E=0.086 g=0.123 VarTD=0.142849 ret_end=-25.707 dbar_end=0.667 occ_end=0.208 CSR_train=0.000 done_count=125
[upd 120] u=0 upd_ctr=9 opt_step=144 E=0.959 g=0.117 VarTD=0.154524 ret_end=-26.716 dbar_end=0.683 occ_end=0.152 CSR_train=0.000 done_count=125
[upd 130] u=0 upd_ctr=10 opt_step=160 E=0.815 g=0.128 VarTD=0.142347 ret_end=-25.214 dbar_end=0.655 occ_end=0.170 CSR_train=0.000 done_count=100
[upd 140] u=0 upd_ctr=11 opt_step=176 E=0.744 g=0.142 VarTD=0.183361 ret_end=-25.335 dbar_end=0.622 occ_end=0.272 CSR_train=0.000 done_count=125
[upd 150] u=0 upd_ctr=12 opt_step=192 E=0.669 g=0.129 VarTD=0.229148 ret_end=-25.529 dbar_end=0.651 occ_end=0.296 CSR_train=0.000 done_count=125
[upd 160] u=0 upd_ctr=13 opt_step=208 E=0.573 g=0.142 VarTD=0.208037 ret_end=-24.723 dbar_end=0.622 occ_end=0.240 CSR_train=0.000 done_count=125
[upd 170] u=0 upd_ctr=14 opt_step=224 E=0.478 g=0.135 VarTD=0.244877 ret_end=-25.379 dbar_end=0.638 occ_end=0.216 CSR_train=0.000 done_count=125
[upd 180] u=0 upd_ctr=15 opt_step=240 E=0.381 g=0.144 VarTD=0.290699 ret_end=-24.643 dbar_end=0.617 occ_end=0.264 CSR_train=0.008 done_count=125
[upd 190] u=0 upd_ctr=16 opt_step=256 E=0.289 g=0.143 VarTD=0.359293 ret_end=-25.017 dbar_end=0.620 occ_end=0.160 CSR_train=0.000 done_count=125
[upd 200] u=0 upd_ctr=17 opt_step=272 E=0.285 g=0.151 VarTD=0.409270 ret_end=-24.837 dbar_end=0.602 occ_end=0.280 CSR_train=0.000 done_count=125
[upd 210] u=0 upd_ctr=18 opt_step=288 E=0.323 g=0.149 VarTD=0.449573 ret_end=-24.709 dbar_end=0.607 occ_end=0.264 CSR_train=0.000 done_count=125
[upd 220] u=0 upd_ctr=19 opt_step=304 E=0.309 g=0.146 VarTD=0.542924 ret_end=-25.381 dbar_end=0.613 occ_end=0.280 CSR_train=0.000 done_count=125
[upd 230] u=0 upd_ctr=20 opt_step=320 E=0.319 g=0.151 VarTD=0.612874 ret_end=-24.342 dbar_end=0.602 occ_end=0.216 CSR_train=0.000 done_count=125
[upd 240] u=0 upd_ctr=21 opt_step=336 E=0.325 g=0.156 VarTD=0.719724 ret_end=-24.551 dbar_end=0.592 occ_end=0.360 CSR_train=0.000 done_count=125
[upd 250] u=0 upd_ctr=22 opt_step=352 E=0.346 g=0.167 VarTD=0.810366 ret_end=-23.451 dbar_end=0.570 occ_end=0.328 CSR_train=0.016 done_count=125
[upd 260] u=0 upd_ctr=23 opt_step=368 E=0.470 g=0.174 VarTD=0.798385 ret_end=-23.563 dbar_end=0.557 occ_end=0.250 CSR_train=0.000 done_count=100
[upd 270] u=0 upd_ctr=24 opt_step=384 E=0.595 g=0.165 VarTD=1.043053 ret_end=-24.425 dbar_end=0.574 occ_end=0.304 CSR_train=0.000 done_count=125
[upd 280] u=0 upd_ctr=25 opt_step=400 E=0.725 g=0.162 VarTD=1.190009 ret_end=-24.616 dbar_end=0.579 occ_end=0.168 CSR_train=0.000 done_count=125
[upd 290] u=0 upd_ctr=26 opt_step=416 E=0.890 g=0.188 VarTD=1.344052 ret_end=-23.111 dbar_end=0.532 occ_end=0.296 CSR_train=0.000 done_count=125
[upd 300] u=0 upd_ctr=27 opt_step=432 E=1.000 g=0.174 VarTD=1.430226 ret_end=-23.435 dbar_end=0.558 occ_end=0.288 CSR_train=0.000 done_count=125
[upd 310] u=1 upd_ctr=29 opt_step=464 E=0.124 g=0.177 VarTD=1.606371 ret_end=-23.533 dbar_end=0.551 occ_end=0.264 CSR_train=0.008 done_count=125
[Gate5 check] update_counter violations: t0=0 diffs=0
[Gate5 check] opt_step violations: t0=0 diffs=0 (expected_inc=16)
[Gate5 check] NaN masking: nan_on_skip=True finite_on_update=True
[Gate5 summary] mean_update_fraction=0.0929 final_executed_updates_mean=29.00
[Gate5 eval] done_count mean=100.0 CSR mean=0.0200 len_end_mean=26.00
[Gate5 eval] episodes_per_env=4 T_eval=104
[Gate5 eval-debug] locked_eps_occ=0.20 pre(step25): dbar_end=0.475144 occupied_end_mean=0.500000 max_tilde_end_mean=0.691286 CSR@locked=0.030000
[Gate5 eval-debug] locked_eps_occ=0.20 post(step26): dbar_end=0.478179 occupied_end_mean=0.480000 max_tilde_end_mean=0.694656 CSR@locked=0.020000
[Gate5 eval-debug] CSR_pre@0.10=0.0000 CSR_pre@0.15=0.0000 CSR_pre@0.20=0.0300 CSR_pre@0.25=0.0300 CSR_pre@0.30=0.0400
[Gate5 eval-debug] CSR_post@0.10=0.0000 CSR_post@0.15=0.0100 CSR_post@0.20=0.0200 CSR_post@0.25=0.0300 CSR_post@0.30=0.0500
