Importing submoduled environments...
Submoduled environments not found. Skipping import.
[upd 0] u=1 upd_ctr=1 opt_step=16 E=0.082 g=0.102 VarTD=0.148347 ret_end=-26.397 dbar_end=0.726 occ_end=0.190 CSR_train=0.000 done_count=100
[upd 10] u=0 upd_ctr=1 opt_step=16 E=0.828 g=0.089 VarTD=0.167256 ret_end=-27.327 dbar_end=0.769 occ_end=0.152 CSR_train=0.008 done_count=125
[upd 20] u=0 upd_ctr=2 opt_step=32 E=0.549 g=0.091 VarTD=0.165049 ret_end=-27.460 dbar_end=0.762 occ_end=0.160 CSR_train=0.000 done_count=125
[upd 30] u=0 upd_ctr=3 opt_step=48 E=0.328 g=0.107 VarTD=0.165849 ret_end=-27.328 dbar_end=0.713 occ_end=0.240 CSR_train=0.000 done_count=125
[upd 40] u=0 upd_ctr=4 opt_step=64 E=0.177 g=0.113 VarTD=0.166408 ret_end=-26.345 dbar_end=0.695 occ_end=0.112 CSR_train=0.000 done_count=125
[upd 50] u=0 upd_ctr=4 opt_step=64 E=1.000 g=0.126 VarTD=0.157287 ret_end=-25.310 dbar_end=0.660 occ_end=0.224 CSR_train=0.000 done_count=125
[upd 60] u=0 upd_ctr=5 opt_step=80 E=0.904 g=0.100 VarTD=0.183625 ret_end=-27.707 dbar_end=0.732 occ_end=0.136 CSR_train=0.000 done_count=125
[upd 70] u=0 upd_ctr=6 opt_step=96 E=0.755 g=0.123 VarTD=0.152028 ret_end=-25.537 dbar_end=0.667 occ_end=0.168 CSR_train=0.000 done_count=125
[upd 80] u=0 upd_ctr=7 opt_step=112 E=0.664 g=0.113 VarTD=0.138909 ret_end=-26.894 dbar_end=0.695 occ_end=0.200 CSR_train=0.000 done_count=125
[upd 90] u=0 upd_ctr=8 opt_step=128 E=0.571 g=0.118 VarTD=0.143775 ret_end=-25.655 dbar_end=0.680 occ_end=0.160 CSR_train=0.000 done_count=125
[upd 100] u=0 upd_ctr=9 opt_step=144 E=0.495 g=0.122 VarTD=0.165889 ret_end=-25.684 dbar_end=0.671 occ_end=0.136 CSR_train=0.000 done_count=125
[upd 110] u=0 upd_ctr=10 opt_step=160 E=0.399 g=0.116 VarTD=0.157055 ret_end=-26.802 dbar_end=0.687 occ_end=0.240 CSR_train=0.000 done_count=125
[upd 120] u=0 upd_ctr=11 opt_step=176 E=0.435 g=0.140 VarTD=0.147737 ret_end=-25.176 dbar_end=0.625 occ_end=0.184 CSR_train=0.000 done_count=125
[Gate5 check] update_counter violations: t0=0 diffs=0
[Gate5 check] opt_step violations: t0=0 diffs=0 (expected_inc=16)
[Gate5 check] NaN masking: nan_on_skip=True finite_on_update=True
[Gate5 summary] mean_update_fraction=0.0880 final_executed_updates_mean=11.00
[Gate5 eval] done_count mean=100.0 CSR mean=0.0100 len_end_mean=26.00
[Gate5 eval] episodes_per_env=4 T_eval=104
[Gate5 eval-debug] locked_eps_occ=0.20 pre(step25): dbar_end=0.500401 occupied_end_mean=0.370000 max_tilde_end_mean=0.712416 CSR@locked=0.000000
[Gate5 eval-debug] locked_eps_occ=0.20 post(step26): dbar_end=0.499922 occupied_end_mean=0.370000 max_tilde_end_mean=0.714937 CSR@locked=0.010000
[Gate5 eval-debug] CSR_pre@0.10=0.0000 CSR_pre@0.15=0.0000 CSR_pre@0.20=0.0000 CSR_pre@0.25=0.0100 CSR_pre@0.30=0.0400
[Gate5 eval-debug] CSR_post@0.10=0.0000 CSR_post@0.15=0.0000 CSR_post@0.20=0.0100 CSR_post@0.25=0.0100 CSR_post@0.30=0.0300
