Importing submoduled environments...
Submoduled environments not found. Skipping import.
[upd 0] u=1 upd_ctr=1 opt_step=16 E=0.167 g=0.096 VarTD=0.198978 ret_end=-28.258 dbar_end=0.747 occ_end=0.170 CSR_train=0.000 done_count=100
[upd 10] u=0 upd_ctr=1 opt_step=16 E=0.809 g=0.091 VarTD=0.177568 ret_end=-27.488 dbar_end=0.762 occ_end=0.104 CSR_train=0.000 done_count=125
[upd 20] u=0 upd_ctr=2 opt_step=32 E=0.545 g=0.089 VarTD=0.179269 ret_end=-27.654 dbar_end=0.771 occ_end=0.096 CSR_train=0.000 done_count=125
[upd 30] u=0 upd_ctr=3 opt_step=48 E=0.330 g=0.090 VarTD=0.169518 ret_end=-27.573 dbar_end=0.768 occ_end=0.176 CSR_train=0.000 done_count=125
[upd 40] u=1 upd_ctr=4 opt_step=64 E=0.123 g=0.099 VarTD=0.145809 ret_end=-27.046 dbar_end=0.738 occ_end=0.168 CSR_train=0.000 done_count=125
[upd 50] u=0 upd_ctr=4 opt_step=64 E=0.848 g=0.111 VarTD=0.166902 ret_end=-26.760 dbar_end=0.699 occ_end=0.216 CSR_train=0.000 done_count=125
[upd 60] u=0 upd_ctr=5 opt_step=80 E=0.699 g=0.098 VarTD=0.173950 ret_end=-26.631 dbar_end=0.741 occ_end=0.104 CSR_train=0.000 done_count=125
[upd 70] u=0 upd_ctr=6 opt_step=96 E=0.566 g=0.128 VarTD=0.158926 ret_end=-25.500 dbar_end=0.656 occ_end=0.184 CSR_train=0.000 done_count=125
[upd 80] u=0 upd_ctr=7 opt_step=112 E=0.422 g=0.115 VarTD=0.181262 ret_end=-25.855 dbar_end=0.690 occ_end=0.232 CSR_train=0.008 done_count=125
[upd 90] u=0 upd_ctr=8 opt_step=128 E=0.321 g=0.108 VarTD=0.181784 ret_end=-27.342 dbar_end=0.708 occ_end=0.152 CSR_train=0.000 done_count=125
[upd 100] u=0 upd_ctr=9 opt_step=144 E=0.287 g=0.118 VarTD=0.164274 ret_end=-25.992 dbar_end=0.681 occ_end=0.152 CSR_train=0.000 done_count=125
[upd 110] u=0 upd_ctr=10 opt_step=160 E=0.237 g=0.120 VarTD=0.187234 ret_end=-26.383 dbar_end=0.676 occ_end=0.224 CSR_train=0.000 done_count=125
[upd 120] u=0 upd_ctr=11 opt_step=176 E=0.231 g=0.133 VarTD=0.177476 ret_end=-25.571 dbar_end=0.642 occ_end=0.240 CSR_train=0.000 done_count=125
[Gate5 check] update_counter violations: t0=0 diffs=0
[Gate5 check] opt_step violations: t0=0 diffs=0 (expected_inc=16)
[Gate5 check] NaN masking: nan_on_skip=True finite_on_update=True
[Gate5 summary] mean_update_fraction=0.0880 final_executed_updates_mean=11.00
[Gate5 eval] done_count mean=100.0 CSR mean=0.0100 len_end_mean=26.00
[Gate5 eval] episodes_per_env=4 T_eval=104
[Gate5 eval-debug] locked_eps_occ=0.20 pre(step25): dbar_end=0.525859 occupied_end_mean=0.340000 max_tilde_end_mean=0.770509 CSR@locked=0.000000
[Gate5 eval-debug] locked_eps_occ=0.20 post(step26): dbar_end=0.521760 occupied_end_mean=0.370000 max_tilde_end_mean=0.765250 CSR@locked=0.010000
[Gate5 eval-debug] CSR_pre@0.10=0.0000 CSR_pre@0.15=0.0000 CSR_pre@0.20=0.0000 CSR_pre@0.25=0.0100 CSR_pre@0.30=0.0100
[Gate5 eval-debug] CSR_post@0.10=0.0000 CSR_post@0.15=0.0000 CSR_post@0.20=0.0100 CSR_post@0.25=0.0100 CSR_post@0.30=0.0300
