Importing submoduled environments...
Submoduled environments not found. Skipping import.
[upd 0] u=1 upd_ctr=1 opt_step=16 E=0.110 g=0.096 VarTD=0.164885 ret_end=-27.291 dbar_end=0.746 occ_end=0.170 CSR_train=0.000 done_count=100
[upd 10] u=0 upd_ctr=1 opt_step=16 E=0.210 g=0.091 VarTD=0.137991 ret_end=-27.480 dbar_end=0.764 occ_end=0.136 CSR_train=0.000 done_count=125
[upd 20] u=0 upd_ctr=1 opt_step=16 E=0.311 g=0.107 VarTD=0.128434 ret_end=-26.720 dbar_end=0.712 occ_end=0.216 CSR_train=0.000 done_count=125
[upd 30] u=0 upd_ctr=1 opt_step=16 E=0.408 g=0.104 VarTD=0.139011 ret_end=-26.117 dbar_end=0.722 occ_end=0.168 CSR_train=0.000 done_count=125
[upd 40] u=0 upd_ctr=1 opt_step=16 E=0.503 g=0.093 VarTD=0.148351 ret_end=-27.327 dbar_end=0.757 occ_end=0.192 CSR_train=0.000 done_count=125
[upd 50] u=0 upd_ctr=1 opt_step=16 E=0.598 g=0.089 VarTD=0.161775 ret_end=-27.220 dbar_end=0.770 occ_end=0.184 CSR_train=0.000 done_count=125
[upd 60] u=0 upd_ctr=1 opt_step=16 E=0.691 g=0.077 VarTD=0.174792 ret_end=-28.948 dbar_end=0.816 occ_end=0.096 CSR_train=0.000 done_count=125
[upd 70] u=0 upd_ctr=1 opt_step=16 E=0.785 g=0.090 VarTD=0.158100 ret_end=-27.605 dbar_end=0.766 occ_end=0.152 CSR_train=0.000 done_count=125
[upd 80] u=0 upd_ctr=1 opt_step=16 E=0.880 g=0.098 VarTD=0.161752 ret_end=-26.704 dbar_end=0.740 occ_end=0.112 CSR_train=0.000 done_count=125
[upd 90] u=0 upd_ctr=2 opt_step=32 E=0.078 g=0.099 VarTD=0.134320 ret_end=-26.865 dbar_end=0.737 occ_end=0.176 CSR_train=0.000 done_count=125
[upd 100] u=0 upd_ctr=2 opt_step=32 E=0.181 g=0.095 VarTD=0.114104 ret_end=-27.599 dbar_end=0.750 occ_end=0.144 CSR_train=0.000 done_count=125
[upd 110] u=0 upd_ctr=2 opt_step=32 E=0.281 g=0.105 VarTD=0.144674 ret_end=-26.181 dbar_end=0.718 occ_end=0.168 CSR_train=0.000 done_count=125
[upd 120] u=0 upd_ctr=2 opt_step=32 E=0.379 g=0.097 VarTD=0.150773 ret_end=-27.311 dbar_end=0.745 occ_end=0.200 CSR_train=0.000 done_count=125
[upd 130] u=0 upd_ctr=2 opt_step=32 E=0.479 g=0.091 VarTD=0.112325 ret_end=-26.574 dbar_end=0.764 occ_end=0.140 CSR_train=0.000 done_count=100
[upd 140] u=0 upd_ctr=2 opt_step=32 E=0.580 g=0.095 VarTD=0.152144 ret_end=-27.336 dbar_end=0.749 occ_end=0.200 CSR_train=0.000 done_count=125
[upd 150] u=0 upd_ctr=2 opt_step=32 E=0.685 g=0.106 VarTD=0.149654 ret_end=-27.109 dbar_end=0.716 occ_end=0.192 CSR_train=0.000 done_count=125
[upd 160] u=0 upd_ctr=2 opt_step=32 E=0.787 g=0.105 VarTD=0.152128 ret_end=-26.842 dbar_end=0.719 occ_end=0.120 CSR_train=0.000 done_count=125
[upd 170] u=0 upd_ctr=2 opt_step=32 E=0.890 g=0.092 VarTD=0.149265 ret_end=-27.099 dbar_end=0.761 occ_end=0.160 CSR_train=0.000 done_count=125
[upd 180] u=0 upd_ctr=3 opt_step=48 E=0.097 g=0.107 VarTD=0.116737 ret_end=-26.584 dbar_end=0.712 occ_end=0.144 CSR_train=0.000 done_count=125
[upd 190] u=0 upd_ctr=3 opt_step=48 E=0.200 g=0.112 VarTD=0.147366 ret_end=-26.253 dbar_end=0.697 occ_end=0.168 CSR_train=0.000 done_count=125
[upd 200] u=0 upd_ctr=3 opt_step=48 E=0.305 g=0.098 VarTD=0.140311 ret_end=-27.549 dbar_end=0.741 occ_end=0.136 CSR_train=0.000 done_count=125
[upd 210] u=0 upd_ctr=3 opt_step=48 E=0.409 g=0.102 VarTD=0.149025 ret_end=-27.234 dbar_end=0.726 occ_end=0.256 CSR_train=0.000 done_count=125
[upd 220] u=0 upd_ctr=3 opt_step=48 E=0.517 g=0.105 VarTD=0.145295 ret_end=-26.752 dbar_end=0.718 occ_end=0.272 CSR_train=0.000 done_count=125
[upd 230] u=0 upd_ctr=3 opt_step=48 E=0.626 g=0.105 VarTD=0.135035 ret_end=-26.976 dbar_end=0.717 occ_end=0.112 CSR_train=0.000 done_count=125
[upd 240] u=0 upd_ctr=3 opt_step=48 E=0.732 g=0.102 VarTD=0.142478 ret_end=-26.765 dbar_end=0.726 occ_end=0.184 CSR_train=0.000 done_count=125
[upd 250] u=0 upd_ctr=3 opt_step=48 E=0.838 g=0.100 VarTD=0.128957 ret_end=-27.033 dbar_end=0.734 occ_end=0.160 CSR_train=0.000 done_count=125
[upd 260] u=0 upd_ctr=4 opt_step=64 E=0.045 g=0.109 VarTD=0.128406 ret_end=-25.931 dbar_end=0.705 occ_end=0.170 CSR_train=0.000 done_count=100
[upd 270] u=0 upd_ctr=4 opt_step=64 E=0.154 g=0.100 VarTD=0.133907 ret_end=-27.139 dbar_end=0.735 occ_end=0.112 CSR_train=0.000 done_count=125
[upd 280] u=0 upd_ctr=4 opt_step=64 E=0.268 g=0.102 VarTD=0.133171 ret_end=-26.956 dbar_end=0.728 occ_end=0.160 CSR_train=0.008 done_count=125
[upd 290] u=0 upd_ctr=4 opt_step=64 E=0.383 g=0.122 VarTD=0.108933 ret_end=-25.983 dbar_end=0.671 occ_end=0.216 CSR_train=0.000 done_count=125
[upd 300] u=0 upd_ctr=4 opt_step=64 E=0.495 g=0.110 VarTD=0.122842 ret_end=-25.928 dbar_end=0.702 occ_end=0.128 CSR_train=0.000 done_count=125
[upd 310] u=0 upd_ctr=4 opt_step=64 E=0.605 g=0.106 VarTD=0.147471 ret_end=-27.118 dbar_end=0.715 occ_end=0.128 CSR_train=0.000 done_count=125
[Gate5 check] update_counter violations: t0=0 diffs=0
[Gate5 check] opt_step violations: t0=0 diffs=0 (expected_inc=16)
[Gate5 check] NaN masking: nan_on_skip=True finite_on_update=True
[Gate5 summary] mean_update_fraction=0.0128 final_executed_updates_mean=4.00
[Gate5 eval] done_count mean=100.0 CSR mean=0.0000 len_end_mean=26.00
[Gate5 eval] episodes_per_env=4 T_eval=104
[Gate5 eval-debug] locked_eps_occ=0.20 pre(step25): dbar_end=0.525553 occupied_end_mean=0.430000 max_tilde_end_mean=0.775349 CSR@locked=0.000000
[Gate5 eval-debug] locked_eps_occ=0.20 post(step26): dbar_end=0.528980 occupied_end_mean=0.290000 max_tilde_end_mean=0.775604 CSR@locked=0.000000
[Gate5 eval-debug] CSR_pre@0.10=0.0000 CSR_pre@0.15=0.0000 CSR_pre@0.20=0.0000 CSR_pre@0.25=0.0000 CSR_pre@0.30=0.0000
[Gate5 eval-debug] CSR_post@0.10=0.0000 CSR_post@0.15=0.0000 CSR_post@0.20=0.0000 CSR_post@0.25=0.0100 CSR_post@0.30=0.0300
