Importing submoduled environments...
Submoduled environments not found. Skipping import.
[upd 0] u=1 upd_ctr=1 opt_step=16 E=0.274 g=0.093 VarTD=0.149936 ret_end=-27.435 dbar_end=0.756 occ_end=0.150 CSR_train=0.000 done_count=100
[upd 10] u=0 upd_ctr=2 opt_step=32 E=0.231 g=0.104 VarTD=0.130735 ret_end=-26.776 dbar_end=0.721 occ_end=0.184 CSR_train=0.000 done_count=125
[upd 20] u=0 upd_ctr=3 opt_step=48 E=0.283 g=0.121 VarTD=0.148114 ret_end=-25.458 dbar_end=0.674 occ_end=0.200 CSR_train=0.008 done_count=125
[upd 30] u=0 upd_ctr=4 opt_step=64 E=0.290 g=0.094 VarTD=0.164424 ret_end=-27.271 dbar_end=0.752 occ_end=0.128 CSR_train=0.008 done_count=125
[upd 40] u=0 upd_ctr=5 opt_step=80 E=0.340 g=0.112 VarTD=0.134856 ret_end=-26.259 dbar_end=0.699 occ_end=0.192 CSR_train=0.000 done_count=125
[upd 50] u=0 upd_ctr=6 opt_step=96 E=0.415 g=0.108 VarTD=0.125848 ret_end=-25.921 dbar_end=0.710 occ_end=0.136 CSR_train=0.000 done_count=125
[upd 60] u=0 upd_ctr=7 opt_step=112 E=0.508 g=0.122 VarTD=0.137375 ret_end=-26.332 dbar_end=0.671 occ_end=0.144 CSR_train=0.000 done_count=125
[upd 70] u=0 upd_ctr=8 opt_step=128 E=0.626 g=0.113 VarTD=0.133075 ret_end=-26.493 dbar_end=0.694 occ_end=0.200 CSR_train=0.000 done_count=125
[upd 80] u=0 upd_ctr=9 opt_step=144 E=0.817 g=0.119 VarTD=0.151339 ret_end=-25.524 dbar_end=0.679 occ_end=0.248 CSR_train=0.000 done_count=125
[upd 90] u=0 upd_ctr=11 opt_step=176 E=0.187 g=0.120 VarTD=0.159369 ret_end=-25.909 dbar_end=0.677 occ_end=0.144 CSR_train=0.000 done_count=125
[upd 100] u=0 upd_ctr=12 opt_step=192 E=0.334 g=0.122 VarTD=0.197131 ret_end=-25.007 dbar_end=0.671 occ_end=0.208 CSR_train=0.000 done_count=125
[upd 110] u=0 upd_ctr=13 opt_step=208 E=0.503 g=0.106 VarTD=0.199569 ret_end=-26.568 dbar_end=0.715 occ_end=0.120 CSR_train=0.000 done_count=125
[upd 120] u=0 upd_ctr=14 opt_step=224 E=0.683 g=0.130 VarTD=0.222660 ret_end=-24.856 dbar_end=0.650 occ_end=0.224 CSR_train=0.000 done_count=125
[Gate5 check] update_counter violations: t0=0 diffs=0
[Gate5 check] opt_step violations: t0=0 diffs=0 (expected_inc=16)
[Gate5 check] NaN masking: nan_on_skip=True finite_on_update=True
[Gate5 summary] mean_update_fraction=0.1200 final_executed_updates_mean=15.00
[Gate5 eval] done_count mean=100.0 CSR mean=0.0000 len_end_mean=26.00
[Gate5 eval] episodes_per_env=4 T_eval=104
[Gate5 eval-debug] locked_eps_occ=0.20 pre(step25): dbar_end=0.498894 occupied_end_mean=0.460000 max_tilde_end_mean=0.722122 CSR@locked=0.000000
[Gate5 eval-debug] locked_eps_occ=0.20 post(step26): dbar_end=0.497028 occupied_end_mean=0.440000 max_tilde_end_mean=0.720201 CSR@locked=0.000000
[Gate5 eval-debug] CSR_pre@0.10=0.0000 CSR_pre@0.15=0.0000 CSR_pre@0.20=0.0000 CSR_pre@0.25=0.0400 CSR_pre@0.30=0.0400
[Gate5 eval-debug] CSR_post@0.10=0.0000 CSR_post@0.15=0.0000 CSR_post@0.20=0.0000 CSR_post@0.25=0.0500 CSR_post@0.30=0.0600
