Importing submoduled environments...
Submoduled environments not found. Skipping import.
[upd 0] u=1 upd_ctr=1 opt_step=16 E=0.069 g=0.087 VarTD=0.161819 ret_end=-28.699 dbar_end=0.778 occ_end=0.120 CSR_train=0.000 done_count=100
[upd 10] u=0 upd_ctr=1 opt_step=16 E=0.776 g=0.081 VarTD=0.173819 ret_end=-28.772 dbar_end=0.801 occ_end=0.160 CSR_train=0.000 done_count=125
[upd 20] u=0 upd_ctr=2 opt_step=32 E=0.477 g=0.087 VarTD=0.139745 ret_end=-26.975 dbar_end=0.776 occ_end=0.112 CSR_train=0.000 done_count=125
[upd 30] u=0 upd_ctr=3 opt_step=48 E=0.168 g=0.114 VarTD=0.143821 ret_end=-25.785 dbar_end=0.692 occ_end=0.184 CSR_train=0.000 done_count=125
[upd 40] u=0 upd_ctr=3 opt_step=48 E=0.946 g=0.091 VarTD=0.135702 ret_end=-26.938 dbar_end=0.764 occ_end=0.120 CSR_train=0.000 done_count=125
[upd 50] u=0 upd_ctr=4 opt_step=64 E=0.697 g=0.095 VarTD=0.173428 ret_end=-27.524 dbar_end=0.751 occ_end=0.184 CSR_train=0.000 done_count=125
[upd 60] u=0 upd_ctr=5 opt_step=80 E=0.382 g=0.085 VarTD=0.190255 ret_end=-28.126 dbar_end=0.786 occ_end=0.152 CSR_train=0.000 done_count=125
[upd 70] u=0 upd_ctr=6 opt_step=96 E=0.159 g=0.103 VarTD=0.153634 ret_end=-26.694 dbar_end=0.723 occ_end=0.176 CSR_train=0.000 done_count=125
[upd 80] u=0 upd_ctr=6 opt_step=96 E=0.916 g=0.081 VarTD=0.164468 ret_end=-29.097 dbar_end=0.799 occ_end=0.104 CSR_train=0.000 done_count=125
[upd 90] u=0 upd_ctr=7 opt_step=112 E=0.635 g=0.089 VarTD=0.223923 ret_end=-27.987 dbar_end=0.770 occ_end=0.152 CSR_train=0.000 done_count=125
[upd 100] u=0 upd_ctr=8 opt_step=128 E=0.395 g=0.096 VarTD=0.164715 ret_end=-27.118 dbar_end=0.746 occ_end=0.120 CSR_train=0.000 done_count=125
[upd 110] u=0 upd_ctr=9 opt_step=144 E=0.252 g=0.089 VarTD=0.191947 ret_end=-27.717 dbar_end=0.769 occ_end=0.128 CSR_train=0.000 done_count=125
[upd 120] u=1 upd_ctr=10 opt_step=160 E=0.088 g=0.110 VarTD=0.136168 ret_end=-25.823 dbar_end=0.704 occ_end=0.144 CSR_train=0.000 done_count=125
[Gate5 check] update_counter violations: t0=0 diffs=0
[Gate5 check] opt_step violations: t0=0 diffs=0 (expected_inc=16)
[Gate5 check] NaN masking: nan_on_skip=True finite_on_update=True
[Gate5 summary] mean_update_fraction=0.0800 final_executed_updates_mean=10.00
[Gate5 eval] done_count mean=100.0 CSR mean=0.0000 len_end_mean=26.00
[Gate5 eval] episodes_per_env=4 T_eval=104
[Gate5 eval-debug] locked_eps_occ=0.20 pre(step25): dbar_end=0.571332 occupied_end_mean=0.310000 max_tilde_end_mean=0.830115 CSR@locked=0.000000
[Gate5 eval-debug] locked_eps_occ=0.20 post(step26): dbar_end=0.556613 occupied_end_mean=0.350000 max_tilde_end_mean=0.818092 CSR@locked=0.000000
[Gate5 eval-debug] CSR_pre@0.10=0.0000 CSR_pre@0.15=0.0000 CSR_pre@0.20=0.0000 CSR_pre@0.25=0.0000 CSR_pre@0.30=0.0000
[Gate5 eval-debug] CSR_post@0.10=0.0000 CSR_post@0.15=0.0000 CSR_post@0.20=0.0000 CSR_post@0.25=0.0000 CSR_post@0.30=0.0000
