Importing submoduled environments...
Submoduled environments not found. Skipping import.
[upd 0] u=1 upd_ctr=1 opt_step=16 E=0.146 g=0.096 VarTD=0.198978 ret_end=-28.258 dbar_end=0.747 occ_end=0.170 CSR_train=0.000 done_count=100
[upd 10] u=1 upd_ctr=2 opt_step=32 E=0.113 g=0.091 VarTD=0.177568 ret_end=-27.488 dbar_end=0.762 occ_end=0.104 CSR_train=0.000 done_count=125
[upd 20] u=0 upd_ctr=2 opt_step=32 E=1.000 g=0.087 VarTD=0.170773 ret_end=-27.706 dbar_end=0.778 occ_end=0.104 CSR_train=0.000 done_count=125
[upd 30] u=0 upd_ctr=3 opt_step=48 E=1.000 g=0.091 VarTD=0.156459 ret_end=-27.485 dbar_end=0.765 occ_end=0.168 CSR_train=0.000 done_count=125
[upd 40] u=1 upd_ctr=5 opt_step=80 E=0.112 g=0.101 VarTD=0.132256 ret_end=-27.027 dbar_end=0.729 occ_end=0.144 CSR_train=0.000 done_count=125
[upd 50] u=0 upd_ctr=6 opt_step=96 E=0.242 g=0.126 VarTD=0.145278 ret_end=-26.338 dbar_end=0.659 occ_end=0.312 CSR_train=0.000 done_count=125
[upd 60] u=0 upd_ctr=7 opt_step=112 E=0.387 g=0.106 VarTD=0.152189 ret_end=-26.094 dbar_end=0.715 occ_end=0.152 CSR_train=0.000 done_count=125
[upd 70] u=0 upd_ctr=8 opt_step=128 E=0.526 g=0.132 VarTD=0.158547 ret_end=-25.357 dbar_end=0.645 occ_end=0.224 CSR_train=0.000 done_count=125
[upd 80] u=0 upd_ctr=9 opt_step=144 E=0.705 g=0.124 VarTD=0.181886 ret_end=-25.540 dbar_end=0.665 occ_end=0.224 CSR_train=0.008 done_count=125
[upd 90] u=0 upd_ctr=10 opt_step=160 E=0.884 g=0.106 VarTD=0.187156 ret_end=-27.463 dbar_end=0.716 occ_end=0.128 CSR_train=0.000 done_count=125
[upd 100] u=1 upd_ctr=12 opt_step=192 E=0.164 g=0.114 VarTD=0.183161 ret_end=-26.349 dbar_end=0.692 occ_end=0.120 CSR_train=0.000 done_count=125
[upd 110] u=0 upd_ctr=13 opt_step=208 E=0.404 g=0.113 VarTD=0.219355 ret_end=-26.439 dbar_end=0.694 occ_end=0.232 CSR_train=0.000 done_count=125
[upd 120] u=0 upd_ctr=14 opt_step=224 E=0.683 g=0.137 VarTD=0.234617 ret_end=-25.573 dbar_end=0.634 occ_end=0.272 CSR_train=0.000 done_count=125
[upd 130] u=0 upd_ctr=15 opt_step=240 E=0.938 g=0.129 VarTD=0.240620 ret_end=-25.821 dbar_end=0.653 occ_end=0.270 CSR_train=0.000 done_count=100
[upd 140] u=1 upd_ctr=17 opt_step=272 E=0.184 g=0.134 VarTD=0.297329 ret_end=-25.554 dbar_end=0.640 occ_end=0.224 CSR_train=0.000 done_count=125
[upd 150] u=0 upd_ctr=18 opt_step=288 E=0.569 g=0.135 VarTD=0.431025 ret_end=-25.240 dbar_end=0.638 occ_end=0.216 CSR_train=0.000 done_count=125
[upd 160] u=0 upd_ctr=19 opt_step=304 E=1.000 g=0.141 VarTD=0.476066 ret_end=-24.775 dbar_end=0.625 occ_end=0.160 CSR_train=0.000 done_count=125
[upd 170] u=0 upd_ctr=21 opt_step=336 E=0.482 g=0.140 VarTD=0.613561 ret_end=-24.568 dbar_end=0.627 occ_end=0.216 CSR_train=0.000 done_count=125
[upd 180] u=0 upd_ctr=22 opt_step=352 E=0.933 g=0.139 VarTD=0.747463 ret_end=-25.731 dbar_end=0.628 occ_end=0.248 CSR_train=0.000 done_count=125
[upd 190] u=0 upd_ctr=24 opt_step=384 E=0.345 g=0.154 VarTD=0.957717 ret_end=-24.165 dbar_end=0.597 occ_end=0.216 CSR_train=0.000 done_count=125
[upd 200] u=0 upd_ctr=25 opt_step=400 E=0.776 g=0.132 VarTD=1.013316 ret_end=-25.430 dbar_end=0.644 occ_end=0.272 CSR_train=0.000 done_count=125
[upd 210] u=0 upd_ctr=27 opt_step=432 E=0.387 g=0.168 VarTD=1.320999 ret_end=-24.269 dbar_end=0.568 occ_end=0.256 CSR_train=0.000 done_count=125
[upd 220] u=0 upd_ctr=28 opt_step=448 E=0.974 g=0.162 VarTD=1.435220 ret_end=-24.340 dbar_end=0.581 occ_end=0.384 CSR_train=0.000 done_count=125
[upd 230] u=0 upd_ctr=30 opt_step=480 E=0.697 g=0.172 VarTD=1.742245 ret_end=-23.725 dbar_end=0.560 occ_end=0.288 CSR_train=0.000 done_count=125
[upd 240] u=0 upd_ctr=32 opt_step=512 E=0.378 g=0.166 VarTD=1.975043 ret_end=-24.353 dbar_end=0.572 occ_end=0.280 CSR_train=0.000 done_count=125
[upd 250] u=0 upd_ctr=33 opt_step=528 E=1.000 g=0.173 VarTD=2.160089 ret_end=-24.037 dbar_end=0.559 occ_end=0.312 CSR_train=0.000 done_count=125
[upd 260] u=0 upd_ctr=35 opt_step=560 E=0.727 g=0.167 VarTD=1.992732 ret_end=-23.923 dbar_end=0.571 occ_end=0.290 CSR_train=0.000 done_count=100
[upd 270] u=0 upd_ctr=37 opt_step=592 E=0.408 g=0.180 VarTD=2.776411 ret_end=-23.617 dbar_end=0.546 occ_end=0.424 CSR_train=0.000 done_count=125
[upd 280] u=0 upd_ctr=38 opt_step=608 E=1.000 g=0.171 VarTD=2.989931 ret_end=-24.354 dbar_end=0.563 occ_end=0.248 CSR_train=0.000 done_count=125
[upd 290] u=0 upd_ctr=40 opt_step=640 E=0.738 g=0.166 VarTD=3.225206 ret_end=-24.274 dbar_end=0.572 occ_end=0.264 CSR_train=0.000 done_count=125
[upd 300] u=0 upd_ctr=42 opt_step=672 E=0.401 g=0.168 VarTD=3.611728 ret_end=-23.637 dbar_end=0.569 occ_end=0.336 CSR_train=0.000 done_count=125
[upd 310] u=0 upd_ctr=43 opt_step=688 E=1.000 g=0.179 VarTD=3.769804 ret_end=-22.594 dbar_end=0.548 occ_end=0.392 CSR_train=0.008 done_count=125
[Gate5 check] update_counter violations: t0=0 diffs=0
[Gate5 check] opt_step violations: t0=0 diffs=0 (expected_inc=16)
[Gate5 check] NaN masking: nan_on_skip=True finite_on_update=True
[Gate5 summary] mean_update_fraction=0.1410 final_executed_updates_mean=44.00
[Gate5 eval] done_count mean=100.0 CSR mean=0.0000 len_end_mean=26.00
[Gate5 eval] episodes_per_env=4 T_eval=104
[Gate5 eval-debug] locked_eps_occ=0.20 pre(step25): dbar_end=0.489354 occupied_end_mean=0.420000 max_tilde_end_mean=0.707364 CSR@locked=0.000000
[Gate5 eval-debug] locked_eps_occ=0.20 post(step26): dbar_end=0.486129 occupied_end_mean=0.420000 max_tilde_end_mean=0.707608 CSR@locked=0.000000
[Gate5 eval-debug] CSR_pre@0.10=0.0000 CSR_pre@0.15=0.0000 CSR_pre@0.20=0.0000 CSR_pre@0.25=0.0100 CSR_pre@0.30=0.0200
[Gate5 eval-debug] CSR_post@0.10=0.0000 CSR_post@0.15=0.0000 CSR_post@0.20=0.0000 CSR_post@0.25=0.0000 CSR_post@0.30=0.0200
