Importing submoduled environments...
Submoduled environments not found. Skipping import.
[upd 0] u=1 upd_ctr=1 opt_step=16 E=0.117 g=0.087 VarTD=0.169991 ret_end=-27.980 dbar_end=0.777 occ_end=0.130 CSR_train=0.000 done_count=100
[upd 10] u=0 upd_ctr=1 opt_step=16 E=0.305 g=0.097 VarTD=0.148660 ret_end=-28.362 dbar_end=0.744 occ_end=0.160 CSR_train=0.000 done_count=125
[upd 20] u=0 upd_ctr=1 opt_step=16 E=0.492 g=0.107 VarTD=0.133804 ret_end=-25.361 dbar_end=0.711 occ_end=0.200 CSR_train=0.000 done_count=125
[upd 30] u=0 upd_ctr=1 opt_step=16 E=0.688 g=0.107 VarTD=0.114053 ret_end=-26.242 dbar_end=0.712 occ_end=0.176 CSR_train=0.000 done_count=125
[upd 40] u=0 upd_ctr=1 opt_step=16 E=0.876 g=0.093 VarTD=0.157199 ret_end=-27.408 dbar_end=0.756 occ_end=0.120 CSR_train=0.000 done_count=125
[upd 50] u=0 upd_ctr=2 opt_step=32 E=0.161 g=0.087 VarTD=0.170962 ret_end=-28.293 dbar_end=0.779 occ_end=0.168 CSR_train=0.000 done_count=125
[upd 60] u=0 upd_ctr=2 opt_step=32 E=0.361 g=0.100 VarTD=0.153367 ret_end=-26.255 dbar_end=0.733 occ_end=0.224 CSR_train=0.000 done_count=125
[upd 70] u=0 upd_ctr=2 opt_step=32 E=0.560 g=0.105 VarTD=0.149657 ret_end=-26.948 dbar_end=0.718 occ_end=0.160 CSR_train=0.000 done_count=125
[upd 80] u=0 upd_ctr=2 opt_step=32 E=0.763 g=0.103 VarTD=0.140185 ret_end=-26.596 dbar_end=0.724 occ_end=0.224 CSR_train=0.000 done_count=125
[upd 90] u=0 upd_ctr=3 opt_step=48 E=0.054 g=0.104 VarTD=0.170643 ret_end=-27.111 dbar_end=0.720 occ_end=0.176 CSR_train=0.000 done_count=125
[upd 100] u=0 upd_ctr=3 opt_step=48 E=0.262 g=0.114 VarTD=0.125307 ret_end=-25.631 dbar_end=0.692 occ_end=0.128 CSR_train=0.000 done_count=125
[upd 110] u=0 upd_ctr=3 opt_step=48 E=0.474 g=0.107 VarTD=0.131252 ret_end=-26.258 dbar_end=0.713 occ_end=0.224 CSR_train=0.000 done_count=125
[upd 120] u=0 upd_ctr=3 opt_step=48 E=0.684 g=0.101 VarTD=0.113506 ret_end=-26.509 dbar_end=0.729 occ_end=0.160 CSR_train=0.000 done_count=125
[upd 130] u=0 upd_ctr=3 opt_step=48 E=0.888 g=0.098 VarTD=0.155383 ret_end=-27.341 dbar_end=0.740 occ_end=0.170 CSR_train=0.000 done_count=100
[upd 140] u=0 upd_ctr=4 opt_step=64 E=0.204 g=0.106 VarTD=0.159351 ret_end=-27.158 dbar_end=0.714 occ_end=0.232 CSR_train=0.000 done_count=125
[upd 150] u=0 upd_ctr=4 opt_step=64 E=0.425 g=0.116 VarTD=0.134542 ret_end=-26.200 dbar_end=0.687 occ_end=0.224 CSR_train=0.000 done_count=125
[upd 160] u=0 upd_ctr=4 opt_step=64 E=0.637 g=0.112 VarTD=0.137750 ret_end=-26.047 dbar_end=0.698 occ_end=0.184 CSR_train=0.000 done_count=125
[upd 170] u=0 upd_ctr=4 opt_step=64 E=0.853 g=0.101 VarTD=0.151434 ret_end=-27.130 dbar_end=0.729 occ_end=0.216 CSR_train=0.000 done_count=125
[upd 180] u=0 upd_ctr=5 opt_step=80 E=0.173 g=0.126 VarTD=0.139309 ret_end=-26.181 dbar_end=0.660 occ_end=0.200 CSR_train=0.000 done_count=125
[upd 190] u=0 upd_ctr=5 opt_step=80 E=0.394 g=0.099 VarTD=0.137576 ret_end=-27.320 dbar_end=0.738 occ_end=0.096 CSR_train=0.000 done_count=125
[upd 200] u=0 upd_ctr=5 opt_step=80 E=0.618 g=0.105 VarTD=0.125521 ret_end=-26.533 dbar_end=0.719 occ_end=0.160 CSR_train=0.000 done_count=125
[upd 210] u=0 upd_ctr=5 opt_step=80 E=0.837 g=0.109 VarTD=0.145466 ret_end=-26.575 dbar_end=0.707 occ_end=0.168 CSR_train=0.000 done_count=125
[upd 220] u=0 upd_ctr=6 opt_step=96 E=0.171 g=0.109 VarTD=0.135143 ret_end=-26.080 dbar_end=0.705 occ_end=0.168 CSR_train=0.000 done_count=125
[upd 230] u=0 upd_ctr=6 opt_step=96 E=0.405 g=0.112 VarTD=0.136730 ret_end=-25.922 dbar_end=0.697 occ_end=0.192 CSR_train=0.000 done_count=125
[upd 240] u=0 upd_ctr=6 opt_step=96 E=0.634 g=0.129 VarTD=0.123633 ret_end=-25.209 dbar_end=0.652 occ_end=0.200 CSR_train=0.000 done_count=125
[upd 250] u=0 upd_ctr=6 opt_step=96 E=0.861 g=0.108 VarTD=0.146810 ret_end=-26.960 dbar_end=0.708 occ_end=0.168 CSR_train=0.000 done_count=125
[upd 260] u=0 upd_ctr=7 opt_step=112 E=0.200 g=0.108 VarTD=0.126314 ret_end=-26.377 dbar_end=0.708 occ_end=0.160 CSR_train=0.000 done_count=100
[upd 270] u=0 upd_ctr=7 opt_step=112 E=0.445 g=0.125 VarTD=0.134951 ret_end=-25.844 dbar_end=0.663 occ_end=0.216 CSR_train=0.000 done_count=125
[upd 280] u=0 upd_ctr=7 opt_step=112 E=0.686 g=0.128 VarTD=0.161097 ret_end=-25.570 dbar_end=0.655 occ_end=0.240 CSR_train=0.008 done_count=125
[upd 290] u=1 upd_ctr=8 opt_step=128 E=0.036 g=0.131 VarTD=0.132602 ret_end=-24.864 dbar_end=0.647 occ_end=0.192 CSR_train=0.000 done_count=125
[upd 300] u=0 upd_ctr=8 opt_step=128 E=0.283 g=0.115 VarTD=0.119670 ret_end=-25.445 dbar_end=0.688 occ_end=0.192 CSR_train=0.000 done_count=125
[upd 310] u=0 upd_ctr=8 opt_step=128 E=0.526 g=0.116 VarTD=0.144484 ret_end=-26.563 dbar_end=0.686 occ_end=0.168 CSR_train=0.000 done_count=125
[Gate5 check] update_counter violations: t0=0 diffs=0
[Gate5 check] opt_step violations: t0=0 diffs=0 (expected_inc=16)
[Gate5 check] NaN masking: nan_on_skip=True finite_on_update=True
[Gate5 summary] mean_update_fraction=0.0256 final_executed_updates_mean=8.00
[Gate5 eval] done_count mean=100.0 CSR mean=0.0000 len_end_mean=26.00
[Gate5 eval] episodes_per_env=4 T_eval=104
[Gate5 eval-debug] locked_eps_occ=0.20 pre(step25): dbar_end=0.648019 occupied_end_mean=0.250000 max_tilde_end_mean=0.972913 CSR@locked=0.000000
[Gate5 eval-debug] locked_eps_occ=0.20 post(step26): dbar_end=0.652700 occupied_end_mean=0.250000 max_tilde_end_mean=0.978450 CSR@locked=0.000000
[Gate5 eval-debug] CSR_pre@0.10=0.0000 CSR_pre@0.15=0.0000 CSR_pre@0.20=0.0000 CSR_pre@0.25=0.0000 CSR_pre@0.30=0.0000
[Gate5 eval-debug] CSR_post@0.10=0.0000 CSR_post@0.15=0.0000 CSR_post@0.20=0.0000 CSR_post@0.25=0.0000 CSR_post@0.30=0.0000
