Importing submoduled environments...
Submoduled environments not found. Skipping import.
[upd 0] u=1 upd_ctr=1 opt_step=16 E=0.029 g=0.096 VarTD=0.126111 ret_end=-26.492 dbar_end=0.745 occ_end=0.140 CSR_train=0.000 done_count=100
[upd 10] u=0 upd_ctr=1 opt_step=16 E=0.309 g=0.101 VarTD=0.147310 ret_end=-26.592 dbar_end=0.729 occ_end=0.144 CSR_train=0.000 done_count=125
[upd 20] u=0 upd_ctr=1 opt_step=16 E=0.593 g=0.088 VarTD=0.157317 ret_end=-27.734 dbar_end=0.776 occ_end=0.112 CSR_train=0.000 done_count=125
[upd 30] u=0 upd_ctr=1 opt_step=16 E=0.879 g=0.101 VarTD=0.132882 ret_end=-25.882 dbar_end=0.729 occ_end=0.136 CSR_train=0.000 done_count=125
[upd 40] u=0 upd_ctr=2 opt_step=32 E=0.148 g=0.112 VarTD=0.129816 ret_end=-25.900 dbar_end=0.698 occ_end=0.120 CSR_train=0.000 done_count=125
[upd 50] u=0 upd_ctr=2 opt_step=32 E=0.440 g=0.093 VarTD=0.176775 ret_end=-28.021 dbar_end=0.758 occ_end=0.136 CSR_train=0.000 done_count=125
[upd 60] u=0 upd_ctr=2 opt_step=32 E=0.722 g=0.100 VarTD=0.148063 ret_end=-26.687 dbar_end=0.732 occ_end=0.144 CSR_train=0.000 done_count=125
[upd 70] u=0 upd_ctr=2 opt_step=32 E=1.000 g=0.090 VarTD=0.138706 ret_end=-27.637 dbar_end=0.767 occ_end=0.144 CSR_train=0.000 done_count=125
[upd 80] u=0 upd_ctr=3 opt_step=48 E=0.299 g=0.101 VarTD=0.152630 ret_end=-26.734 dbar_end=0.729 occ_end=0.224 CSR_train=0.000 done_count=125
[upd 90] u=0 upd_ctr=3 opt_step=48 E=0.611 g=0.108 VarTD=0.144247 ret_end=-26.826 dbar_end=0.710 occ_end=0.208 CSR_train=0.000 done_count=125
[upd 100] u=0 upd_ctr=3 opt_step=48 E=0.934 g=0.115 VarTD=0.162544 ret_end=-26.459 dbar_end=0.690 occ_end=0.168 CSR_train=0.000 done_count=125
[upd 110] u=0 upd_ctr=4 opt_step=64 E=0.228 g=0.117 VarTD=0.134926 ret_end=-26.528 dbar_end=0.685 occ_end=0.160 CSR_train=0.000 done_count=125
[upd 120] u=0 upd_ctr=4 opt_step=64 E=0.537 g=0.101 VarTD=0.168217 ret_end=-27.604 dbar_end=0.732 occ_end=0.128 CSR_train=0.000 done_count=125
[upd 130] u=0 upd_ctr=4 opt_step=64 E=0.857 g=0.098 VarTD=0.146166 ret_end=-27.439 dbar_end=0.739 occ_end=0.170 CSR_train=0.000 done_count=100
[upd 140] u=0 upd_ctr=5 opt_step=80 E=0.159 g=0.111 VarTD=0.138163 ret_end=-26.372 dbar_end=0.699 occ_end=0.168 CSR_train=0.000 done_count=125
[upd 150] u=0 upd_ctr=5 opt_step=80 E=0.493 g=0.122 VarTD=0.130583 ret_end=-25.849 dbar_end=0.669 occ_end=0.176 CSR_train=0.000 done_count=125
[upd 160] u=0 upd_ctr=5 opt_step=80 E=0.828 g=0.107 VarTD=0.141657 ret_end=-27.309 dbar_end=0.712 occ_end=0.144 CSR_train=0.000 done_count=125
[upd 170] u=0 upd_ctr=6 opt_step=96 E=0.140 g=0.112 VarTD=0.166108 ret_end=-26.784 dbar_end=0.698 occ_end=0.272 CSR_train=0.008 done_count=125
[upd 180] u=0 upd_ctr=6 opt_step=96 E=0.474 g=0.114 VarTD=0.128732 ret_end=-26.376 dbar_end=0.691 occ_end=0.160 CSR_train=0.000 done_count=125
[upd 190] u=0 upd_ctr=6 opt_step=96 E=0.803 g=0.105 VarTD=0.159274 ret_end=-26.719 dbar_end=0.719 occ_end=0.184 CSR_train=0.000 done_count=125
[upd 200] u=0 upd_ctr=7 opt_step=112 E=0.138 g=0.119 VarTD=0.143578 ret_end=-25.849 dbar_end=0.679 occ_end=0.136 CSR_train=0.000 done_count=125
[upd 210] u=0 upd_ctr=7 opt_step=112 E=0.482 g=0.124 VarTD=0.149480 ret_end=-25.594 dbar_end=0.664 occ_end=0.216 CSR_train=0.008 done_count=125
[upd 220] u=0 upd_ctr=7 opt_step=112 E=0.844 g=0.114 VarTD=0.158998 ret_end=-26.994 dbar_end=0.691 occ_end=0.184 CSR_train=0.000 done_count=125
[upd 230] u=0 upd_ctr=8 opt_step=128 E=0.190 g=0.128 VarTD=0.131548 ret_end=-25.192 dbar_end=0.655 occ_end=0.224 CSR_train=0.000 done_count=125
[upd 240] u=0 upd_ctr=8 opt_step=128 E=0.561 g=0.114 VarTD=0.135874 ret_end=-26.635 dbar_end=0.691 occ_end=0.160 CSR_train=0.000 done_count=125
[upd 250] u=0 upd_ctr=8 opt_step=128 E=0.930 g=0.123 VarTD=0.159080 ret_end=-26.871 dbar_end=0.668 occ_end=0.176 CSR_train=0.000 done_count=125
[upd 260] u=0 upd_ctr=9 opt_step=144 E=0.292 g=0.127 VarTD=0.134910 ret_end=-26.177 dbar_end=0.657 occ_end=0.230 CSR_train=0.000 done_count=100
[upd 270] u=0 upd_ctr=9 opt_step=144 E=0.676 g=0.124 VarTD=0.182273 ret_end=-25.691 dbar_end=0.665 occ_end=0.176 CSR_train=0.000 done_count=125
[upd 280] u=1 upd_ctr=10 opt_step=160 E=0.036 g=0.120 VarTD=0.130054 ret_end=-25.972 dbar_end=0.676 occ_end=0.184 CSR_train=0.000 done_count=125
[upd 290] u=0 upd_ctr=10 opt_step=160 E=0.422 g=0.126 VarTD=0.170770 ret_end=-26.847 dbar_end=0.659 occ_end=0.248 CSR_train=0.000 done_count=125
[upd 300] u=0 upd_ctr=10 opt_step=160 E=0.808 g=0.130 VarTD=0.150033 ret_end=-25.814 dbar_end=0.650 occ_end=0.264 CSR_train=0.000 done_count=125
[upd 310] u=0 upd_ctr=11 opt_step=176 E=0.197 g=0.148 VarTD=0.156237 ret_end=-24.260 dbar_end=0.609 occ_end=0.280 CSR_train=0.000 done_count=125
[Gate5 check] update_counter violations: t0=0 diffs=0
[Gate5 check] opt_step violations: t0=0 diffs=0 (expected_inc=16)
[Gate5 check] NaN masking: nan_on_skip=True finite_on_update=True
[Gate5 summary] mean_update_fraction=0.0353 final_executed_updates_mean=11.00
[Gate5 eval] done_count mean=100.0 CSR mean=0.0000 len_end_mean=26.00
[Gate5 eval] episodes_per_env=4 T_eval=104
[Gate5 eval-debug] locked_eps_occ=0.20 pre(step25): dbar_end=0.518815 occupied_end_mean=0.290000 max_tilde_end_mean=0.769628 CSR@locked=0.000000
[Gate5 eval-debug] locked_eps_occ=0.20 post(step26): dbar_end=0.516111 occupied_end_mean=0.360000 max_tilde_end_mean=0.759789 CSR@locked=0.000000
[Gate5 eval-debug] CSR_pre@0.10=0.0000 CSR_pre@0.15=0.0000 CSR_pre@0.20=0.0000 CSR_pre@0.25=0.0000 CSR_pre@0.30=0.0000
[Gate5 eval-debug] CSR_post@0.10=0.0000 CSR_post@0.15=0.0000 CSR_post@0.20=0.0000 CSR_post@0.25=0.0100 CSR_post@0.30=0.0100
