Importing submoduled environments...
Submoduled environments not found. Skipping import.
[upd 0] u=1 upd_ctr=1 opt_step=16 E=0.039 g=0.099 VarTD=0.140656 ret_end=-26.323 dbar_end=0.738 occ_end=0.170 CSR_train=0.000 done_count=100
[upd 10] u=0 upd_ctr=1 opt_step=16 E=0.398 g=0.094 VarTD=0.164372 ret_end=-27.885 dbar_end=0.755 occ_end=0.144 CSR_train=0.000 done_count=125
[upd 20] u=0 upd_ctr=1 opt_step=16 E=0.753 g=0.085 VarTD=0.157447 ret_end=-28.074 dbar_end=0.784 occ_end=0.096 CSR_train=0.000 done_count=125
[upd 30] u=0 upd_ctr=2 opt_step=32 E=0.070 g=0.092 VarTD=0.181355 ret_end=-27.178 dbar_end=0.761 occ_end=0.184 CSR_train=0.000 done_count=125
[upd 40] u=0 upd_ctr=2 opt_step=32 E=0.445 g=0.093 VarTD=0.145854 ret_end=-27.213 dbar_end=0.758 occ_end=0.216 CSR_train=0.000 done_count=125
[upd 50] u=0 upd_ctr=2 opt_step=32 E=0.817 g=0.095 VarTD=0.140669 ret_end=-27.482 dbar_end=0.748 occ_end=0.120 CSR_train=0.000 done_count=125
[upd 60] u=0 upd_ctr=3 opt_step=48 E=0.198 g=0.089 VarTD=0.151126 ret_end=-27.569 dbar_end=0.770 occ_end=0.152 CSR_train=0.000 done_count=125
[upd 70] u=0 upd_ctr=3 opt_step=48 E=0.595 g=0.101 VarTD=0.144241 ret_end=-26.890 dbar_end=0.730 occ_end=0.136 CSR_train=0.000 done_count=125
[upd 80] u=0 upd_ctr=3 opt_step=48 E=0.985 g=0.098 VarTD=0.170774 ret_end=-27.198 dbar_end=0.740 occ_end=0.176 CSR_train=0.000 done_count=125
[upd 90] u=0 upd_ctr=4 opt_step=64 E=0.380 g=0.115 VarTD=0.131859 ret_end=-25.179 dbar_end=0.690 occ_end=0.208 CSR_train=0.000 done_count=125
[upd 100] u=0 upd_ctr=4 opt_step=64 E=0.816 g=0.101 VarTD=0.170642 ret_end=-27.274 dbar_end=0.731 occ_end=0.176 CSR_train=0.000 done_count=125
[upd 110] u=0 upd_ctr=5 opt_step=80 E=0.221 g=0.111 VarTD=0.149216 ret_end=-26.660 dbar_end=0.699 occ_end=0.200 CSR_train=0.000 done_count=125
[upd 120] u=0 upd_ctr=5 opt_step=80 E=0.678 g=0.130 VarTD=0.129551 ret_end=-25.809 dbar_end=0.649 occ_end=0.192 CSR_train=0.000 done_count=125
[upd 130] u=0 upd_ctr=6 opt_step=96 E=0.094 g=0.112 VarTD=0.139656 ret_end=-26.328 dbar_end=0.698 occ_end=0.180 CSR_train=0.000 done_count=100
[upd 140] u=0 upd_ctr=6 opt_step=96 E=0.559 g=0.117 VarTD=0.131134 ret_end=-25.682 dbar_end=0.682 occ_end=0.224 CSR_train=0.000 done_count=125
[upd 150] u=0 upd_ctr=6 opt_step=96 E=1.000 g=0.117 VarTD=0.154747 ret_end=-25.607 dbar_end=0.684 occ_end=0.184 CSR_train=0.000 done_count=125
[upd 160] u=0 upd_ctr=7 opt_step=112 E=0.453 g=0.121 VarTD=0.141370 ret_end=-25.413 dbar_end=0.674 occ_end=0.224 CSR_train=0.000 done_count=125
[upd 170] u=0 upd_ctr=7 opt_step=112 E=0.907 g=0.118 VarTD=0.140846 ret_end=-26.134 dbar_end=0.680 occ_end=0.192 CSR_train=0.000 done_count=125
[upd 180] u=0 upd_ctr=8 opt_step=128 E=0.333 g=0.115 VarTD=0.154115 ret_end=-26.443 dbar_end=0.688 occ_end=0.144 CSR_train=0.000 done_count=125
[upd 190] u=0 upd_ctr=8 opt_step=128 E=0.800 g=0.115 VarTD=0.173296 ret_end=-26.093 dbar_end=0.689 occ_end=0.160 CSR_train=0.000 done_count=125
[upd 200] u=0 upd_ctr=9 opt_step=144 E=0.249 g=0.125 VarTD=0.133781 ret_end=-25.483 dbar_end=0.661 occ_end=0.144 CSR_train=0.000 done_count=125
[upd 210] u=0 upd_ctr=9 opt_step=144 E=0.742 g=0.127 VarTD=0.158519 ret_end=-26.023 dbar_end=0.658 occ_end=0.264 CSR_train=0.000 done_count=125
[upd 220] u=0 upd_ctr=10 opt_step=160 E=0.198 g=0.122 VarTD=0.179229 ret_end=-26.403 dbar_end=0.669 occ_end=0.248 CSR_train=0.000 done_count=125
[upd 230] u=0 upd_ctr=10 opt_step=160 E=0.695 g=0.116 VarTD=0.152385 ret_end=-25.952 dbar_end=0.685 occ_end=0.160 CSR_train=0.000 done_count=125
[upd 240] u=0 upd_ctr=11 opt_step=176 E=0.148 g=0.131 VarTD=0.159926 ret_end=-25.343 dbar_end=0.647 occ_end=0.200 CSR_train=0.000 done_count=125
[upd 250] u=0 upd_ctr=11 opt_step=176 E=0.646 g=0.121 VarTD=0.221928 ret_end=-27.288 dbar_end=0.673 occ_end=0.264 CSR_train=0.000 done_count=125
[upd 260] u=0 upd_ctr=12 opt_step=192 E=0.095 g=0.108 VarTD=0.173835 ret_end=-27.071 dbar_end=0.710 occ_end=0.130 CSR_train=0.000 done_count=100
[upd 270] u=0 upd_ctr=12 opt_step=192 E=0.611 g=0.120 VarTD=0.198201 ret_end=-25.279 dbar_end=0.675 occ_end=0.248 CSR_train=0.000 done_count=125
[upd 280] u=0 upd_ctr=13 opt_step=208 E=0.103 g=0.143 VarTD=0.233745 ret_end=-24.798 dbar_end=0.620 occ_end=0.312 CSR_train=0.000 done_count=125
[upd 290] u=0 upd_ctr=13 opt_step=208 E=0.636 g=0.135 VarTD=0.201554 ret_end=-24.594 dbar_end=0.638 occ_end=0.192 CSR_train=0.000 done_count=125
[upd 300] u=0 upd_ctr=14 opt_step=224 E=0.164 g=0.146 VarTD=0.246312 ret_end=-24.785 dbar_end=0.612 occ_end=0.224 CSR_train=0.000 done_count=125
[upd 310] u=0 upd_ctr=14 opt_step=224 E=0.689 g=0.134 VarTD=0.247584 ret_end=-25.721 dbar_end=0.640 occ_end=0.224 CSR_train=0.000 done_count=125
[Gate5 check] update_counter violations: t0=0 diffs=0
[Gate5 check] opt_step violations: t0=0 diffs=0 (expected_inc=16)
[Gate5 check] NaN masking: nan_on_skip=True finite_on_update=True
[Gate5 summary] mean_update_fraction=0.0449 final_executed_updates_mean=14.00
[Gate5 eval] done_count mean=100.0 CSR mean=0.0000 len_end_mean=26.00
[Gate5 eval] episodes_per_env=4 T_eval=104
[Gate5 eval-debug] locked_eps_occ=0.20 pre(step25): dbar_end=0.523261 occupied_end_mean=0.330000 max_tilde_end_mean=0.777453 CSR@locked=0.010000
[Gate5 eval-debug] locked_eps_occ=0.20 post(step26): dbar_end=0.513470 occupied_end_mean=0.340000 max_tilde_end_mean=0.755501 CSR@locked=0.000000
[Gate5 eval-debug] CSR_pre@0.10=0.0000 CSR_pre@0.15=0.0000 CSR_pre@0.20=0.0100 CSR_pre@0.25=0.0100 CSR_pre@0.30=0.0100
[Gate5 eval-debug] CSR_post@0.10=0.0000 CSR_post@0.15=0.0000 CSR_post@0.20=0.0000 CSR_post@0.25=0.0200 CSR_post@0.30=0.0200
