Importing submoduled environments...
Submoduled environments not found. Skipping import.
[upd 0] u=1 upd_ctr=1 opt_step=16 E=0.048 g=0.096 VarTD=0.158273 ret_end=-27.822 dbar_end=0.748 occ_end=0.150 CSR_train=0.000 done_count=100
[upd 10] u=0 upd_ctr=1 opt_step=16 E=0.527 g=0.097 VarTD=0.181267 ret_end=-27.128 dbar_end=0.741 occ_end=0.144 CSR_train=0.000 done_count=125
[upd 20] u=0 upd_ctr=1 opt_step=16 E=1.000 g=0.093 VarTD=0.171953 ret_end=-27.458 dbar_end=0.756 occ_end=0.160 CSR_train=0.008 done_count=125
[upd 30] u=0 upd_ctr=2 opt_step=32 E=0.504 g=0.085 VarTD=0.180255 ret_end=-28.593 dbar_end=0.787 occ_end=0.080 CSR_train=0.000 done_count=125
[upd 40] u=0 upd_ctr=2 opt_step=32 E=1.000 g=0.100 VarTD=0.151508 ret_end=-27.405 dbar_end=0.735 occ_end=0.152 CSR_train=0.000 done_count=125
[upd 50] u=0 upd_ctr=3 opt_step=48 E=0.510 g=0.117 VarTD=0.143570 ret_end=-25.651 dbar_end=0.683 occ_end=0.176 CSR_train=0.000 done_count=125
[upd 60] u=0 upd_ctr=3 opt_step=48 E=1.000 g=0.100 VarTD=0.158364 ret_end=-27.022 dbar_end=0.733 occ_end=0.184 CSR_train=0.000 done_count=125
[upd 70] u=0 upd_ctr=4 opt_step=64 E=0.531 g=0.107 VarTD=0.199291 ret_end=-27.649 dbar_end=0.712 occ_end=0.232 CSR_train=0.000 done_count=125
[upd 80] u=1 upd_ctr=5 opt_step=80 E=0.059 g=0.119 VarTD=0.170793 ret_end=-25.823 dbar_end=0.678 occ_end=0.240 CSR_train=0.000 done_count=125
[upd 90] u=0 upd_ctr=5 opt_step=80 E=0.630 g=0.119 VarTD=0.148635 ret_end=-25.819 dbar_end=0.678 occ_end=0.160 CSR_train=0.000 done_count=125
[upd 100] u=0 upd_ctr=6 opt_step=96 E=0.173 g=0.120 VarTD=0.145698 ret_end=-26.256 dbar_end=0.674 occ_end=0.176 CSR_train=0.000 done_count=125
[upd 110] u=0 upd_ctr=6 opt_step=96 E=0.742 g=0.112 VarTD=0.163197 ret_end=-26.290 dbar_end=0.699 occ_end=0.216 CSR_train=0.000 done_count=125
[upd 120] u=0 upd_ctr=7 opt_step=112 E=0.283 g=0.103 VarTD=0.175078 ret_end=-27.364 dbar_end=0.725 occ_end=0.120 CSR_train=0.000 done_count=125
[Gate5 check] update_counter violations: t0=0 diffs=0
[Gate5 check] opt_step violations: t0=0 diffs=0 (expected_inc=16)
[Gate5 check] NaN masking: nan_on_skip=True finite_on_update=True
[Gate5 summary] mean_update_fraction=0.0560 final_executed_updates_mean=7.00
[Gate5 eval] done_count mean=100.0 CSR mean=0.0000 len_end_mean=26.00
[Gate5 eval] episodes_per_env=4 T_eval=104
[Gate5 eval-debug] locked_eps_occ=0.20 pre(step25): dbar_end=0.546878 occupied_end_mean=0.350000 max_tilde_end_mean=0.772946 CSR@locked=0.000000
[Gate5 eval-debug] locked_eps_occ=0.20 post(step26): dbar_end=0.544769 occupied_end_mean=0.340000 max_tilde_end_mean=0.769140 CSR@locked=0.000000
[Gate5 eval-debug] CSR_pre@0.10=0.0000 CSR_pre@0.15=0.0000 CSR_pre@0.20=0.0000 CSR_pre@0.25=0.0000 CSR_pre@0.30=0.0000
[Gate5 eval-debug] CSR_post@0.10=0.0000 CSR_post@0.15=0.0000 CSR_post@0.20=0.0000 CSR_post@0.25=0.0000 CSR_post@0.30=0.0000
