Importing submoduled environments...
Submoduled environments not found. Skipping import.
[upd 0] u=1 upd_ctr=1 opt_step=16 E=0.162 g=0.088 VarTD=0.137352 ret_end=-28.134 dbar_end=0.773 occ_end=0.220 CSR_train=0.000 done_count=100
[upd 10] u=0 upd_ctr=1 opt_step=16 E=0.810 g=0.093 VarTD=0.158535 ret_end=-28.458 dbar_end=0.756 occ_end=0.184 CSR_train=0.000 done_count=125
[upd 20] u=0 upd_ctr=2 opt_step=32 E=0.556 g=0.104 VarTD=0.133801 ret_end=-26.599 dbar_end=0.722 occ_end=0.216 CSR_train=0.000 done_count=125
[upd 30] u=0 upd_ctr=3 opt_step=48 E=0.342 g=0.097 VarTD=0.162592 ret_end=-27.313 dbar_end=0.743 occ_end=0.176 CSR_train=0.000 done_count=125
[upd 40] u=0 upd_ctr=4 opt_step=64 E=0.148 g=0.105 VarTD=0.137017 ret_end=-26.825 dbar_end=0.718 occ_end=0.144 CSR_train=0.000 done_count=125
[upd 50] u=0 upd_ctr=4 opt_step=64 E=0.870 g=0.101 VarTD=0.167050 ret_end=-27.349 dbar_end=0.730 occ_end=0.208 CSR_train=0.000 done_count=125
[upd 60] u=0 upd_ctr=5 opt_step=80 E=0.711 g=0.106 VarTD=0.144649 ret_end=-26.980 dbar_end=0.716 occ_end=0.200 CSR_train=0.000 done_count=125
[upd 70] u=0 upd_ctr=6 opt_step=96 E=0.602 g=0.107 VarTD=0.151594 ret_end=-26.717 dbar_end=0.711 occ_end=0.240 CSR_train=0.000 done_count=125
[upd 80] u=0 upd_ctr=7 opt_step=112 E=0.495 g=0.114 VarTD=0.116758 ret_end=-24.989 dbar_end=0.693 occ_end=0.136 CSR_train=0.000 done_count=125
[upd 90] u=0 upd_ctr=8 opt_step=128 E=0.469 g=0.125 VarTD=0.156124 ret_end=-25.545 dbar_end=0.663 occ_end=0.216 CSR_train=0.000 done_count=125
[upd 100] u=0 upd_ctr=9 opt_step=144 E=0.449 g=0.128 VarTD=0.148787 ret_end=-25.053 dbar_end=0.655 occ_end=0.232 CSR_train=0.000 done_count=125
[upd 110] u=0 upd_ctr=10 opt_step=160 E=0.456 g=0.133 VarTD=0.153442 ret_end=-24.475 dbar_end=0.643 occ_end=0.224 CSR_train=0.000 done_count=125
[upd 120] u=0 upd_ctr=11 opt_step=176 E=0.475 g=0.129 VarTD=0.170743 ret_end=-25.700 dbar_end=0.651 occ_end=0.192 CSR_train=0.000 done_count=125
[upd 130] u=0 upd_ctr=12 opt_step=192 E=0.486 g=0.147 VarTD=0.167694 ret_end=-24.764 dbar_end=0.611 occ_end=0.200 CSR_train=0.000 done_count=100
[upd 140] u=0 upd_ctr=13 opt_step=208 E=0.558 g=0.140 VarTD=0.225089 ret_end=-25.696 dbar_end=0.626 occ_end=0.280 CSR_train=0.000 done_count=125
[upd 150] u=0 upd_ctr=14 opt_step=224 E=0.607 g=0.138 VarTD=0.237720 ret_end=-24.647 dbar_end=0.631 occ_end=0.176 CSR_train=0.000 done_count=125
[upd 160] u=0 upd_ctr=15 opt_step=240 E=0.646 g=0.123 VarTD=0.346582 ret_end=-26.747 dbar_end=0.668 occ_end=0.272 CSR_train=0.000 done_count=125
[upd 170] u=0 upd_ctr=16 opt_step=256 E=0.685 g=0.137 VarTD=0.345661 ret_end=-25.186 dbar_end=0.633 occ_end=0.280 CSR_train=0.000 done_count=125
[upd 180] u=0 upd_ctr=17 opt_step=272 E=0.753 g=0.137 VarTD=0.396119 ret_end=-25.807 dbar_end=0.632 occ_end=0.232 CSR_train=0.000 done_count=125
[upd 190] u=0 upd_ctr=18 opt_step=288 E=0.807 g=0.142 VarTD=0.467406 ret_end=-25.056 dbar_end=0.621 occ_end=0.240 CSR_train=0.000 done_count=125
[upd 200] u=0 upd_ctr=19 opt_step=304 E=0.927 g=0.136 VarTD=0.530693 ret_end=-24.771 dbar_end=0.635 occ_end=0.176 CSR_train=0.000 done_count=125
[upd 210] u=1 upd_ctr=21 opt_step=336 E=0.179 g=0.146 VarTD=0.586918 ret_end=-25.346 dbar_end=0.613 occ_end=0.248 CSR_train=0.008 done_count=125
[upd 220] u=0 upd_ctr=22 opt_step=352 E=0.375 g=0.150 VarTD=0.796896 ret_end=-24.144 dbar_end=0.605 occ_end=0.232 CSR_train=0.000 done_count=125
[upd 230] u=0 upd_ctr=23 opt_step=368 E=0.608 g=0.174 VarTD=0.956153 ret_end=-23.919 dbar_end=0.557 occ_end=0.264 CSR_train=0.000 done_count=125
[upd 240] u=0 upd_ctr=24 opt_step=384 E=0.825 g=0.146 VarTD=1.051630 ret_end=-24.258 dbar_end=0.612 occ_end=0.248 CSR_train=0.000 done_count=125
[upd 250] u=1 upd_ctr=26 opt_step=416 E=0.158 g=0.167 VarTD=1.174273 ret_end=-23.956 dbar_end=0.571 occ_end=0.144 CSR_train=0.000 done_count=125
[upd 260] u=0 upd_ctr=27 opt_step=432 E=0.331 g=0.159 VarTD=1.212350 ret_end=-24.381 dbar_end=0.585 occ_end=0.240 CSR_train=0.000 done_count=100
[upd 270] u=0 upd_ctr=28 opt_step=448 E=0.553 g=0.159 VarTD=1.596527 ret_end=-24.710 dbar_end=0.585 occ_end=0.216 CSR_train=0.000 done_count=125
[upd 280] u=0 upd_ctr=29 opt_step=464 E=0.788 g=0.153 VarTD=1.722251 ret_end=-24.885 dbar_end=0.598 occ_end=0.224 CSR_train=0.000 done_count=125
[upd 290] u=1 upd_ctr=31 opt_step=496 E=0.116 g=0.154 VarTD=1.866433 ret_end=-24.525 dbar_end=0.595 occ_end=0.208 CSR_train=0.000 done_count=125
[upd 300] u=0 upd_ctr=32 opt_step=512 E=0.364 g=0.173 VarTD=2.171901 ret_end=-23.789 dbar_end=0.559 occ_end=0.224 CSR_train=0.000 done_count=125
[upd 310] u=0 upd_ctr=33 opt_step=528 E=0.633 g=0.164 VarTD=2.380269 ret_end=-23.155 dbar_end=0.576 occ_end=0.288 CSR_train=0.000 done_count=125
[Gate5 check] update_counter violations: t0=0 diffs=0
[Gate5 check] opt_step violations: t0=0 diffs=0 (expected_inc=16)
[Gate5 check] NaN masking: nan_on_skip=True finite_on_update=True
[Gate5 summary] mean_update_fraction=0.1058 final_executed_updates_mean=33.00
[Gate5 eval] done_count mean=100.0 CSR mean=0.0000 len_end_mean=26.00
[Gate5 eval] episodes_per_env=4 T_eval=104
[Gate5 eval-debug] locked_eps_occ=0.20 pre(step25): dbar_end=0.503342 occupied_end_mean=0.310000 max_tilde_end_mean=0.719220 CSR@locked=0.000000
[Gate5 eval-debug] locked_eps_occ=0.20 post(step26): dbar_end=0.500149 occupied_end_mean=0.410000 max_tilde_end_mean=0.716226 CSR@locked=0.000000
[Gate5 eval-debug] CSR_pre@0.10=0.0000 CSR_pre@0.15=0.0000 CSR_pre@0.20=0.0000 CSR_pre@0.25=0.0000 CSR_pre@0.30=0.0100
[Gate5 eval-debug] CSR_post@0.10=0.0000 CSR_post@0.15=0.0000 CSR_post@0.20=0.0000 CSR_post@0.25=0.0000 CSR_post@0.30=0.0100
