Importing submoduled environments...
Submoduled environments not found. Skipping import.
[upd 0] u=1 upd_ctr=1 opt_step=16 E=0.137 g=0.087 VarTD=0.169991 ret_end=-27.980 dbar_end=0.777 occ_end=0.130 CSR_train=0.000 done_count=100
[upd 10] u=1 upd_ctr=2 opt_step=32 E=0.125 g=0.097 VarTD=0.148660 ret_end=-28.362 dbar_end=0.744 occ_end=0.160 CSR_train=0.000 done_count=125
[upd 20] u=1 upd_ctr=3 opt_step=48 E=0.159 g=0.109 VarTD=0.138058 ret_end=-25.289 dbar_end=0.707 occ_end=0.176 CSR_train=0.000 done_count=125
[upd 30] u=0 upd_ctr=4 opt_step=64 E=0.281 g=0.118 VarTD=0.110349 ret_end=-25.590 dbar_end=0.679 occ_end=0.192 CSR_train=0.000 done_count=125
[upd 40] u=0 upd_ctr=5 opt_step=80 E=0.442 g=0.114 VarTD=0.136309 ret_end=-26.364 dbar_end=0.692 occ_end=0.168 CSR_train=0.000 done_count=125
[upd 50] u=0 upd_ctr=6 opt_step=96 E=0.566 g=0.103 VarTD=0.150450 ret_end=-27.348 dbar_end=0.724 occ_end=0.152 CSR_train=0.000 done_count=125
[upd 60] u=0 upd_ctr=7 opt_step=112 E=0.764 g=0.116 VarTD=0.137103 ret_end=-25.377 dbar_end=0.685 occ_end=0.248 CSR_train=0.000 done_count=125
[upd 70] u=0 upd_ctr=8 opt_step=128 E=1.000 g=0.126 VarTD=0.143772 ret_end=-25.885 dbar_end=0.659 occ_end=0.184 CSR_train=0.000 done_count=125
[upd 80] u=0 upd_ctr=10 opt_step=160 E=0.427 g=0.128 VarTD=0.155890 ret_end=-25.354 dbar_end=0.655 occ_end=0.224 CSR_train=0.000 done_count=125
[upd 90] u=0 upd_ctr=11 opt_step=176 E=0.830 g=0.133 VarTD=0.206975 ret_end=-25.742 dbar_end=0.643 occ_end=0.264 CSR_train=0.000 done_count=125
[upd 100] u=0 upd_ctr=13 opt_step=208 E=0.363 g=0.157 VarTD=0.204645 ret_end=-23.513 dbar_end=0.590 occ_end=0.304 CSR_train=0.000 done_count=125
[upd 110] u=0 upd_ctr=14 opt_step=224 E=0.792 g=0.144 VarTD=0.241330 ret_end=-24.478 dbar_end=0.618 occ_end=0.272 CSR_train=0.000 done_count=125
[upd 120] u=0 upd_ctr=16 opt_step=256 E=0.331 g=0.148 VarTD=0.305989 ret_end=-24.501 dbar_end=0.609 occ_end=0.216 CSR_train=0.000 done_count=125
[upd 130] u=0 upd_ctr=17 opt_step=272 E=0.948 g=0.152 VarTD=0.319525 ret_end=-24.673 dbar_end=0.600 occ_end=0.240 CSR_train=0.000 done_count=100
[upd 140] u=0 upd_ctr=19 opt_step=304 E=0.536 g=0.170 VarTD=0.536024 ret_end=-23.961 dbar_end=0.565 occ_end=0.328 CSR_train=0.000 done_count=125
[upd 150] u=1 upd_ctr=21 opt_step=336 E=0.228 g=0.183 VarTD=0.620515 ret_end=-23.505 dbar_end=0.540 occ_end=0.344 CSR_train=0.008 done_count=125
[upd 160] u=0 upd_ctr=22 opt_step=352 E=0.855 g=0.167 VarTD=0.799711 ret_end=-23.976 dbar_end=0.570 occ_end=0.280 CSR_train=0.000 done_count=125
[upd 170] u=0 upd_ctr=24 opt_step=384 E=0.557 g=0.173 VarTD=1.013626 ret_end=-23.622 dbar_end=0.559 occ_end=0.336 CSR_train=0.000 done_count=125
[upd 180] u=1 upd_ctr=26 opt_step=416 E=0.213 g=0.163 VarTD=1.128582 ret_end=-24.520 dbar_end=0.578 occ_end=0.280 CSR_train=0.000 done_count=125
[upd 190] u=0 upd_ctr=27 opt_step=432 E=0.896 g=0.173 VarTD=1.421942 ret_end=-24.006 dbar_end=0.558 occ_end=0.264 CSR_train=0.000 done_count=125
[upd 200] u=0 upd_ctr=29 opt_step=464 E=0.565 g=0.173 VarTD=1.656941 ret_end=-23.536 dbar_end=0.559 occ_end=0.288 CSR_train=0.000 done_count=125
[upd 210] u=1 upd_ctr=31 opt_step=496 E=0.231 g=0.181 VarTD=1.917170 ret_end=-23.871 dbar_end=0.544 occ_end=0.312 CSR_train=0.000 done_count=125
[upd 220] u=0 upd_ctr=32 opt_step=512 E=1.000 g=0.157 VarTD=2.138346 ret_end=-24.173 dbar_end=0.590 occ_end=0.184 CSR_train=0.000 done_count=125
[upd 230] u=0 upd_ctr=34 opt_step=544 E=0.742 g=0.169 VarTD=2.433731 ret_end=-23.204 dbar_end=0.567 occ_end=0.224 CSR_train=0.000 done_count=125
[upd 240] u=0 upd_ctr=36 opt_step=576 E=0.516 g=0.177 VarTD=2.832149 ret_end=-23.045 dbar_end=0.551 occ_end=0.296 CSR_train=0.000 done_count=125
[upd 250] u=1 upd_ctr=38 opt_step=608 E=0.222 g=0.172 VarTD=3.004659 ret_end=-24.164 dbar_end=0.561 occ_end=0.264 CSR_train=0.000 done_count=125
[upd 260] u=0 upd_ctr=39 opt_step=624 E=0.947 g=0.168 VarTD=2.712102 ret_end=-24.183 dbar_end=0.567 occ_end=0.250 CSR_train=0.000 done_count=100
[upd 270] u=0 upd_ctr=41 opt_step=656 E=0.775 g=0.191 VarTD=3.740999 ret_end=-23.077 dbar_end=0.527 occ_end=0.360 CSR_train=0.000 done_count=125
[upd 280] u=0 upd_ctr=43 opt_step=688 E=0.642 g=0.206 VarTD=4.154027 ret_end=-22.361 dbar_end=0.503 occ_end=0.384 CSR_train=0.008 done_count=125
[upd 290] u=0 upd_ctr=45 opt_step=720 E=0.613 g=0.180 VarTD=4.317260 ret_end=-23.026 dbar_end=0.546 occ_end=0.344 CSR_train=0.000 done_count=125
[upd 300] u=0 upd_ctr=47 opt_step=752 E=0.426 g=0.185 VarTD=4.719046 ret_end=-22.798 dbar_end=0.538 occ_end=0.312 CSR_train=0.008 done_count=125
[upd 310] u=0 upd_ctr=49 opt_step=784 E=0.454 g=0.204 VarTD=4.848230 ret_end=-22.805 dbar_end=0.506 occ_end=0.320 CSR_train=0.000 done_count=125
[Gate5 check] update_counter violations: t0=0 diffs=0
[Gate5 check] opt_step violations: t0=0 diffs=0 (expected_inc=16)
[Gate5 check] NaN masking: nan_on_skip=True finite_on_update=True
[Gate5 summary] mean_update_fraction=0.1571 final_executed_updates_mean=49.00
[Gate5 eval] done_count mean=100.0 CSR mean=0.0100 len_end_mean=26.00
[Gate5 eval] episodes_per_env=4 T_eval=104
[Gate5 eval-debug] locked_eps_occ=0.20 pre(step25): dbar_end=0.487601 occupied_end_mean=0.520000 max_tilde_end_mean=0.699876 CSR@locked=0.010000
[Gate5 eval-debug] locked_eps_occ=0.20 post(step26): dbar_end=0.494224 occupied_end_mean=0.470000 max_tilde_end_mean=0.705764 CSR@locked=0.010000
[Gate5 eval-debug] CSR_pre@0.10=0.0000 CSR_pre@0.15=0.0000 CSR_pre@0.20=0.0100 CSR_pre@0.25=0.0400 CSR_pre@0.30=0.0700
[Gate5 eval-debug] CSR_post@0.10=0.0000 CSR_post@0.15=0.0000 CSR_post@0.20=0.0100 CSR_post@0.25=0.0400 CSR_post@0.30=0.0700
