Importing submoduled environments...
Submoduled environments not found. Skipping import.
[upd 0] u=1 upd_ctr=1 opt_step=16 E=0.087 g=0.087 VarTD=0.161819 ret_end=-28.699 dbar_end=0.778 occ_end=0.120 CSR_train=0.000 done_count=100
[upd 10] u=0 upd_ctr=1 opt_step=16 E=0.970 g=0.081 VarTD=0.173819 ret_end=-28.772 dbar_end=0.801 occ_end=0.160 CSR_train=0.000 done_count=125
[upd 20] u=0 upd_ctr=2 opt_step=32 E=0.860 g=0.092 VarTD=0.135288 ret_end=-26.763 dbar_end=0.759 occ_end=0.144 CSR_train=0.000 done_count=125
[upd 30] u=0 upd_ctr=3 opt_step=48 E=0.799 g=0.119 VarTD=0.129584 ret_end=-25.559 dbar_end=0.678 occ_end=0.216 CSR_train=0.000 done_count=125
[upd 40] u=0 upd_ctr=4 opt_step=64 E=0.861 g=0.104 VarTD=0.126666 ret_end=-26.280 dbar_end=0.720 occ_end=0.152 CSR_train=0.000 done_count=125
[upd 50] u=0 upd_ctr=5 opt_step=80 E=0.878 g=0.106 VarTD=0.151437 ret_end=-26.955 dbar_end=0.714 occ_end=0.200 CSR_train=0.000 done_count=125
[upd 60] u=0 upd_ctr=6 opt_step=96 E=0.878 g=0.106 VarTD=0.172863 ret_end=-27.163 dbar_end=0.716 occ_end=0.168 CSR_train=0.000 done_count=125
[upd 70] u=0 upd_ctr=7 opt_step=112 E=0.952 g=0.122 VarTD=0.129264 ret_end=-25.720 dbar_end=0.669 occ_end=0.176 CSR_train=0.000 done_count=125
[upd 80] u=0 upd_ctr=8 opt_step=128 E=1.000 g=0.108 VarTD=0.157004 ret_end=-27.649 dbar_end=0.710 occ_end=0.128 CSR_train=0.000 done_count=125
[upd 90] u=0 upd_ctr=10 opt_step=160 E=0.239 g=0.108 VarTD=0.213262 ret_end=-27.104 dbar_end=0.709 occ_end=0.168 CSR_train=0.000 done_count=125
[upd 100] u=0 upd_ctr=11 opt_step=176 E=0.525 g=0.126 VarTD=0.170755 ret_end=-25.564 dbar_end=0.660 occ_end=0.192 CSR_train=0.000 done_count=125
[upd 110] u=0 upd_ctr=12 opt_step=192 E=0.832 g=0.130 VarTD=0.196351 ret_end=-25.828 dbar_end=0.650 occ_end=0.256 CSR_train=0.000 done_count=125
[upd 120] u=0 upd_ctr=13 opt_step=208 E=1.000 g=0.140 VarTD=0.168344 ret_end=-24.545 dbar_end=0.627 occ_end=0.144 CSR_train=0.000 done_count=125
[Gate5 check] update_counter violations: t0=0 diffs=0
[Gate5 check] opt_step violations: t0=0 diffs=0 (expected_inc=16)
[Gate5 check] NaN masking: nan_on_skip=True finite_on_update=True
[Gate5 summary] mean_update_fraction=0.1120 final_executed_updates_mean=14.00
[Gate5 eval] done_count mean=100.0 CSR mean=0.0000 len_end_mean=26.00
[Gate5 eval] episodes_per_env=4 T_eval=104
[Gate5 eval-debug] locked_eps_occ=0.20 pre(step25): dbar_end=0.494917 occupied_end_mean=0.260000 max_tilde_end_mean=0.718174 CSR@locked=0.000000
[Gate5 eval-debug] locked_eps_occ=0.20 post(step26): dbar_end=0.492037 occupied_end_mean=0.340000 max_tilde_end_mean=0.719380 CSR@locked=0.000000
[Gate5 eval-debug] CSR_pre@0.10=0.0000 CSR_pre@0.15=0.0000 CSR_pre@0.20=0.0000 CSR_pre@0.25=0.0100 CSR_pre@0.30=0.0300
[Gate5 eval-debug] CSR_post@0.10=0.0000 CSR_post@0.15=0.0000 CSR_post@0.20=0.0000 CSR_post@0.25=0.0200 CSR_post@0.30=0.0500
