Importing submoduled environments...
Submoduled environments not found. Skipping import.
[upd 0] u=1 upd_ctr=1 opt_step=16 E=0.183 g=0.083 VarTD=0.159821 ret_end=-27.605 dbar_end=0.794 occ_end=0.110 CSR_train=0.000 done_count=100
[upd 10] u=1 upd_ctr=2 opt_step=32 E=0.178 g=0.089 VarTD=0.166459 ret_end=-27.505 dbar_end=0.772 occ_end=0.192 CSR_train=0.000 done_count=125
[upd 20] u=0 upd_ctr=3 opt_step=48 E=0.211 g=0.097 VarTD=0.164418 ret_end=-26.782 dbar_end=0.743 occ_end=0.192 CSR_train=0.000 done_count=125
[upd 30] u=0 upd_ctr=4 opt_step=64 E=0.295 g=0.109 VarTD=0.152388 ret_end=-26.141 dbar_end=0.707 occ_end=0.232 CSR_train=0.000 done_count=125
[upd 40] u=0 upd_ctr=5 opt_step=80 E=0.419 g=0.119 VarTD=0.133140 ret_end=-26.397 dbar_end=0.679 occ_end=0.216 CSR_train=0.008 done_count=125
[upd 50] u=0 upd_ctr=6 opt_step=96 E=0.645 g=0.102 VarTD=0.145508 ret_end=-27.230 dbar_end=0.726 occ_end=0.168 CSR_train=0.000 done_count=125
[upd 60] u=0 upd_ctr=7 opt_step=112 E=0.851 g=0.109 VarTD=0.144103 ret_end=-26.522 dbar_end=0.707 occ_end=0.184 CSR_train=0.000 done_count=125
[upd 70] u=1 upd_ctr=9 opt_step=144 E=0.197 g=0.116 VarTD=0.155567 ret_end=-25.963 dbar_end=0.686 occ_end=0.208 CSR_train=0.000 done_count=125
[upd 80] u=0 upd_ctr=10 opt_step=160 E=0.503 g=0.113 VarTD=0.153212 ret_end=-26.172 dbar_end=0.694 occ_end=0.232 CSR_train=0.000 done_count=125
[upd 90] u=0 upd_ctr=11 opt_step=176 E=0.856 g=0.136 VarTD=0.193570 ret_end=-25.765 dbar_end=0.636 occ_end=0.240 CSR_train=0.000 done_count=125
[upd 100] u=0 upd_ctr=13 opt_step=208 E=0.350 g=0.123 VarTD=0.211207 ret_end=-26.639 dbar_end=0.667 occ_end=0.184 CSR_train=0.000 done_count=125
[upd 110] u=0 upd_ctr=14 opt_step=224 E=0.776 g=0.130 VarTD=0.221722 ret_end=-24.823 dbar_end=0.649 occ_end=0.160 CSR_train=0.000 done_count=125
[upd 120] u=0 upd_ctr=16 opt_step=256 E=0.298 g=0.143 VarTD=0.282137 ret_end=-24.433 dbar_end=0.620 occ_end=0.224 CSR_train=0.000 done_count=125
[Gate5 check] update_counter violations: t0=0 diffs=0
[Gate5 check] opt_step violations: t0=0 diffs=0 (expected_inc=16)
[Gate5 check] NaN masking: nan_on_skip=True finite_on_update=True
[Gate5 summary] mean_update_fraction=0.1280 final_executed_updates_mean=16.00
[Gate5 eval] done_count mean=100.0 CSR mean=0.0000 len_end_mean=26.00
[Gate5 eval] episodes_per_env=4 T_eval=104
[Gate5 eval-debug] locked_eps_occ=0.20 pre(step25): dbar_end=0.515155 occupied_end_mean=0.350000 max_tilde_end_mean=0.737914 CSR@locked=0.000000
[Gate5 eval-debug] locked_eps_occ=0.20 post(step26): dbar_end=0.514568 occupied_end_mean=0.330000 max_tilde_end_mean=0.734380 CSR@locked=0.000000
[Gate5 eval-debug] CSR_pre@0.10=0.0000 CSR_pre@0.15=0.0000 CSR_pre@0.20=0.0000 CSR_pre@0.25=0.0100 CSR_pre@0.30=0.0200
[Gate5 eval-debug] CSR_post@0.10=0.0000 CSR_post@0.15=0.0000 CSR_post@0.20=0.0000 CSR_post@0.25=0.0100 CSR_post@0.30=0.0100
