Importing submoduled environments...
Submoduled environments not found. Skipping import.
[upd 0] u=1 upd_ctr=1 opt_step=16 E=0.060 g=0.086 VarTD=0.176520 ret_end=-28.138 dbar_end=0.781 occ_end=0.160 CSR_train=0.000 done_count=100
[upd 10] u=0 upd_ctr=1 opt_step=16 E=0.703 g=0.084 VarTD=0.149910 ret_end=-27.579 dbar_end=0.789 occ_end=0.128 CSR_train=0.000 done_count=125
[upd 20] u=0 upd_ctr=2 opt_step=32 E=0.350 g=0.111 VarTD=0.158213 ret_end=-26.939 dbar_end=0.699 occ_end=0.208 CSR_train=0.000 done_count=125
[upd 30] u=0 upd_ctr=2 opt_step=32 E=1.000 g=0.096 VarTD=0.155335 ret_end=-26.257 dbar_end=0.748 occ_end=0.128 CSR_train=0.000 done_count=125
[upd 40] u=0 upd_ctr=3 opt_step=48 E=0.708 g=0.105 VarTD=0.153697 ret_end=-26.334 dbar_end=0.718 occ_end=0.136 CSR_train=0.000 done_count=125
[upd 50] u=0 upd_ctr=4 opt_step=64 E=0.462 g=0.106 VarTD=0.149526 ret_end=-26.493 dbar_end=0.715 occ_end=0.216 CSR_train=0.000 done_count=125
[upd 60] u=0 upd_ctr=5 opt_step=80 E=0.147 g=0.104 VarTD=0.137580 ret_end=-26.403 dbar_end=0.721 occ_end=0.144 CSR_train=0.000 done_count=125
[upd 70] u=0 upd_ctr=5 opt_step=80 E=0.873 g=0.104 VarTD=0.146791 ret_end=-26.555 dbar_end=0.722 occ_end=0.160 CSR_train=0.000 done_count=125
[upd 80] u=0 upd_ctr=6 opt_step=96 E=0.650 g=0.127 VarTD=0.159244 ret_end=-25.529 dbar_end=0.657 occ_end=0.240 CSR_train=0.000 done_count=125
[upd 90] u=0 upd_ctr=7 opt_step=112 E=0.387 g=0.122 VarTD=0.169487 ret_end=-25.990 dbar_end=0.671 occ_end=0.160 CSR_train=0.000 done_count=125
[upd 100] u=0 upd_ctr=8 opt_step=128 E=0.161 g=0.108 VarTD=0.168186 ret_end=-26.322 dbar_end=0.710 occ_end=0.200 CSR_train=0.000 done_count=125
[upd 110] u=0 upd_ctr=8 opt_step=128 E=1.000 g=0.132 VarTD=0.152017 ret_end=-25.275 dbar_end=0.645 occ_end=0.224 CSR_train=0.000 done_count=125
[upd 120] u=0 upd_ctr=9 opt_step=144 E=0.894 g=0.131 VarTD=0.161052 ret_end=-25.934 dbar_end=0.647 occ_end=0.216 CSR_train=0.000 done_count=125
[upd 130] u=0 upd_ctr=10 opt_step=160 E=0.702 g=0.133 VarTD=0.152937 ret_end=-24.971 dbar_end=0.643 occ_end=0.210 CSR_train=0.000 done_count=100
[upd 140] u=0 upd_ctr=11 opt_step=176 E=0.561 g=0.129 VarTD=0.172599 ret_end=-26.540 dbar_end=0.651 occ_end=0.232 CSR_train=0.000 done_count=125
[upd 150] u=0 upd_ctr=12 opt_step=192 E=0.455 g=0.133 VarTD=0.200132 ret_end=-25.822 dbar_end=0.644 occ_end=0.184 CSR_train=0.000 done_count=125
[upd 160] u=0 upd_ctr=13 opt_step=208 E=0.288 g=0.128 VarTD=0.202562 ret_end=-25.420 dbar_end=0.654 occ_end=0.168 CSR_train=0.000 done_count=125
[upd 170] u=0 upd_ctr=14 opt_step=224 E=0.192 g=0.142 VarTD=0.232424 ret_end=-24.778 dbar_end=0.622 occ_end=0.304 CSR_train=0.000 done_count=125
[upd 180] u=1 upd_ctr=15 opt_step=240 E=0.107 g=0.153 VarTD=0.229071 ret_end=-24.522 dbar_end=0.598 occ_end=0.328 CSR_train=0.000 done_count=125
[upd 190] u=0 upd_ctr=15 opt_step=240 E=1.000 g=0.139 VarTD=0.270956 ret_end=-25.469 dbar_end=0.629 occ_end=0.224 CSR_train=0.008 done_count=125
[upd 200] u=0 upd_ctr=16 opt_step=256 E=0.973 g=0.137 VarTD=0.331980 ret_end=-25.671 dbar_end=0.633 occ_end=0.240 CSR_train=0.000 done_count=125
[upd 210] u=0 upd_ctr=17 opt_step=272 E=0.864 g=0.157 VarTD=0.394812 ret_end=-24.215 dbar_end=0.589 occ_end=0.336 CSR_train=0.000 done_count=125
[upd 220] u=0 upd_ctr=18 opt_step=288 E=0.745 g=0.130 VarTD=0.429325 ret_end=-25.177 dbar_end=0.651 occ_end=0.248 CSR_train=0.000 done_count=125
[upd 230] u=0 upd_ctr=19 opt_step=304 E=0.667 g=0.140 VarTD=0.490554 ret_end=-24.746 dbar_end=0.625 occ_end=0.184 CSR_train=0.000 done_count=125
[upd 240] u=0 upd_ctr=20 opt_step=320 E=0.609 g=0.154 VarTD=0.574890 ret_end=-24.740 dbar_end=0.597 occ_end=0.264 CSR_train=0.000 done_count=125
[upd 250] u=0 upd_ctr=21 opt_step=336 E=0.590 g=0.147 VarTD=0.687892 ret_end=-25.263 dbar_end=0.611 occ_end=0.296 CSR_train=0.000 done_count=125
[upd 260] u=0 upd_ctr=22 opt_step=352 E=0.518 g=0.140 VarTD=0.631548 ret_end=-25.252 dbar_end=0.625 occ_end=0.190 CSR_train=0.000 done_count=100
[upd 270] u=0 upd_ctr=23 opt_step=368 E=0.517 g=0.146 VarTD=0.905072 ret_end=-24.763 dbar_end=0.614 occ_end=0.256 CSR_train=0.000 done_count=125
[upd 280] u=0 upd_ctr=24 opt_step=384 E=0.529 g=0.152 VarTD=0.975817 ret_end=-24.126 dbar_end=0.599 occ_end=0.272 CSR_train=0.000 done_count=125
[upd 290] u=0 upd_ctr=25 opt_step=400 E=0.506 g=0.142 VarTD=1.090108 ret_end=-25.064 dbar_end=0.622 occ_end=0.256 CSR_train=0.000 done_count=125
[upd 300] u=0 upd_ctr=26 opt_step=416 E=0.528 g=0.148 VarTD=1.174936 ret_end=-25.643 dbar_end=0.609 occ_end=0.264 CSR_train=0.000 done_count=125
[upd 310] u=0 upd_ctr=27 opt_step=432 E=0.523 g=0.153 VarTD=1.351598 ret_end=-25.256 dbar_end=0.597 occ_end=0.304 CSR_train=0.000 done_count=125
[Gate5 check] update_counter violations: t0=0 diffs=0
[Gate5 check] opt_step violations: t0=0 diffs=0 (expected_inc=16)
[Gate5 check] NaN masking: nan_on_skip=True finite_on_update=True
[Gate5 summary] mean_update_fraction=0.0865 final_executed_updates_mean=27.00
[Gate5 eval] done_count mean=100.0 CSR mean=0.0000 len_end_mean=26.00
[Gate5 eval] episodes_per_env=4 T_eval=104
[Gate5 eval-debug] locked_eps_occ=0.20 pre(step25): dbar_end=0.549732 occupied_end_mean=0.270000 max_tilde_end_mean=0.774995 CSR@locked=0.000000
[Gate5 eval-debug] locked_eps_occ=0.20 post(step26): dbar_end=0.550002 occupied_end_mean=0.350000 max_tilde_end_mean=0.774178 CSR@locked=0.000000
[Gate5 eval-debug] CSR_pre@0.10=0.0000 CSR_pre@0.15=0.0000 CSR_pre@0.20=0.0000 CSR_pre@0.25=0.0000 CSR_pre@0.30=0.0000
[Gate5 eval-debug] CSR_post@0.10=0.0000 CSR_post@0.15=0.0000 CSR_post@0.20=0.0000 CSR_post@0.25=0.0000 CSR_post@0.30=0.0200
