Importing submoduled environments...
Submoduled environments not found. Skipping import.
[upd 0] u=1 upd_ctr=1 opt_step=16 E=0.174 g=0.083 VarTD=0.176951 ret_end=-28.473 dbar_end=0.794 occ_end=0.140 CSR_train=0.000 done_count=100
[upd 10] u=1 upd_ctr=2 opt_step=32 E=0.128 g=0.089 VarTD=0.152994 ret_end=-28.611 dbar_end=0.772 occ_end=0.104 CSR_train=0.000 done_count=125
[upd 20] u=0 upd_ctr=2 opt_step=32 E=0.986 g=0.097 VarTD=0.154981 ret_end=-27.536 dbar_end=0.743 occ_end=0.184 CSR_train=0.000 done_count=125
[upd 30] u=0 upd_ctr=3 opt_step=48 E=0.976 g=0.097 VarTD=0.148809 ret_end=-27.137 dbar_end=0.744 occ_end=0.160 CSR_train=0.000 done_count=125
[upd 40] u=0 upd_ctr=4 opt_step=64 E=0.938 g=0.096 VarTD=0.164541 ret_end=-27.081 dbar_end=0.745 occ_end=0.208 CSR_train=0.000 done_count=125
[upd 50] u=0 upd_ctr=5 opt_step=80 E=0.945 g=0.101 VarTD=0.166189 ret_end=-26.785 dbar_end=0.731 occ_end=0.096 CSR_train=0.000 done_count=125
[upd 60] u=1 upd_ctr=7 opt_step=112 E=0.100 g=0.108 VarTD=0.139769 ret_end=-26.401 dbar_end=0.710 occ_end=0.136 CSR_train=0.000 done_count=125
[upd 70] u=1 upd_ctr=8 opt_step=128 E=0.173 g=0.104 VarTD=0.171476 ret_end=-26.508 dbar_end=0.720 occ_end=0.216 CSR_train=0.000 done_count=125
[upd 80] u=0 upd_ctr=9 opt_step=144 E=0.253 g=0.110 VarTD=0.154299 ret_end=-26.860 dbar_end=0.702 occ_end=0.224 CSR_train=0.000 done_count=125
[upd 90] u=0 upd_ctr=10 opt_step=160 E=0.370 g=0.115 VarTD=0.151511 ret_end=-26.511 dbar_end=0.690 occ_end=0.184 CSR_train=0.000 done_count=125
[upd 100] u=0 upd_ctr=11 opt_step=176 E=0.539 g=0.118 VarTD=0.197555 ret_end=-26.298 dbar_end=0.680 occ_end=0.192 CSR_train=0.000 done_count=125
[upd 110] u=0 upd_ctr=12 opt_step=192 E=0.791 g=0.127 VarTD=0.187932 ret_end=-24.843 dbar_end=0.658 occ_end=0.160 CSR_train=0.000 done_count=125
[upd 120] u=1 upd_ctr=14 opt_step=224 E=0.174 g=0.130 VarTD=0.195400 ret_end=-24.563 dbar_end=0.649 occ_end=0.248 CSR_train=0.000 done_count=125
[upd 130] u=0 upd_ctr=15 opt_step=240 E=0.530 g=0.152 VarTD=0.233702 ret_end=-24.635 dbar_end=0.599 occ_end=0.310 CSR_train=0.000 done_count=100
[upd 140] u=0 upd_ctr=16 opt_step=256 E=0.960 g=0.130 VarTD=0.335613 ret_end=-25.096 dbar_end=0.651 occ_end=0.168 CSR_train=0.000 done_count=125
[upd 150] u=0 upd_ctr=18 opt_step=288 E=0.520 g=0.159 VarTD=0.447652 ret_end=-23.992 dbar_end=0.585 occ_end=0.232 CSR_train=0.000 done_count=125
[upd 160] u=0 upd_ctr=19 opt_step=304 E=1.000 g=0.168 VarTD=0.539955 ret_end=-24.191 dbar_end=0.568 occ_end=0.328 CSR_train=0.000 done_count=125
[upd 170] u=0 upd_ctr=21 opt_step=336 E=0.573 g=0.142 VarTD=0.698565 ret_end=-25.113 dbar_end=0.621 occ_end=0.240 CSR_train=0.000 done_count=125
[upd 180] u=1 upd_ctr=23 opt_step=368 E=0.206 g=0.162 VarTD=0.810732 ret_end=-24.419 dbar_end=0.580 occ_end=0.272 CSR_train=0.000 done_count=125
[upd 190] u=0 upd_ctr=24 opt_step=384 E=0.771 g=0.169 VarTD=1.058292 ret_end=-23.842 dbar_end=0.566 occ_end=0.272 CSR_train=0.000 done_count=125
[upd 200] u=0 upd_ctr=26 opt_step=416 E=0.486 g=0.173 VarTD=1.343186 ret_end=-24.502 dbar_end=0.559 occ_end=0.336 CSR_train=0.000 done_count=125
[upd 210] u=1 upd_ctr=28 opt_step=448 E=0.143 g=0.156 VarTD=1.436978 ret_end=-24.494 dbar_end=0.592 occ_end=0.144 CSR_train=0.000 done_count=125
[upd 220] u=0 upd_ctr=29 opt_step=464 E=0.766 g=0.180 VarTD=1.706779 ret_end=-22.973 dbar_end=0.546 occ_end=0.312 CSR_train=0.000 done_count=125
[upd 230] u=0 upd_ctr=31 opt_step=496 E=0.510 g=0.186 VarTD=2.037166 ret_end=-23.413 dbar_end=0.535 occ_end=0.376 CSR_train=0.000 done_count=125
[upd 240] u=1 upd_ctr=33 opt_step=528 E=0.254 g=0.172 VarTD=2.187742 ret_end=-23.431 dbar_end=0.561 occ_end=0.272 CSR_train=0.000 done_count=125
[upd 250] u=0 upd_ctr=34 opt_step=544 E=0.876 g=0.177 VarTD=2.512872 ret_end=-22.985 dbar_end=0.552 occ_end=0.232 CSR_train=0.000 done_count=125
[upd 260] u=0 upd_ctr=36 opt_step=576 E=0.586 g=0.175 VarTD=2.293889 ret_end=-24.180 dbar_end=0.556 occ_end=0.300 CSR_train=0.000 done_count=100
[upd 270] u=0 upd_ctr=38 opt_step=608 E=0.346 g=0.172 VarTD=3.179183 ret_end=-23.719 dbar_end=0.561 occ_end=0.320 CSR_train=0.008 done_count=125
[upd 280] u=0 upd_ctr=39 opt_step=624 E=1.000 g=0.166 VarTD=3.342550 ret_end=-24.121 dbar_end=0.571 occ_end=0.240 CSR_train=0.000 done_count=125
[upd 290] u=0 upd_ctr=41 opt_step=656 E=0.731 g=0.186 VarTD=3.738928 ret_end=-22.795 dbar_end=0.536 occ_end=0.304 CSR_train=0.000 done_count=125
[upd 300] u=0 upd_ctr=43 opt_step=688 E=0.436 g=0.187 VarTD=4.150991 ret_end=-23.132 dbar_end=0.535 occ_end=0.344 CSR_train=0.008 done_count=125
[upd 310] u=1 upd_ctr=45 opt_step=720 E=0.230 g=0.193 VarTD=4.296574 ret_end=-22.956 dbar_end=0.524 occ_end=0.320 CSR_train=0.000 done_count=125
[Gate5 check] update_counter violations: t0=0 diffs=0
[Gate5 check] opt_step violations: t0=0 diffs=0 (expected_inc=16)
[Gate5 check] NaN masking: nan_on_skip=True finite_on_update=True
[Gate5 summary] mean_update_fraction=0.1442 final_executed_updates_mean=45.00
[Gate5 eval] done_count mean=100.0 CSR mean=0.0000 len_end_mean=26.00
[Gate5 eval] episodes_per_env=4 T_eval=104
[Gate5 eval-debug] locked_eps_occ=0.20 pre(step25): dbar_end=0.521734 occupied_end_mean=0.320000 max_tilde_end_mean=0.738161 CSR@locked=0.000000
[Gate5 eval-debug] locked_eps_occ=0.20 post(step26): dbar_end=0.523685 occupied_end_mean=0.330000 max_tilde_end_mean=0.744581 CSR@locked=0.000000
[Gate5 eval-debug] CSR_pre@0.10=0.0000 CSR_pre@0.15=0.0000 CSR_pre@0.20=0.0000 CSR_pre@0.25=0.0000 CSR_pre@0.30=0.0000
[Gate5 eval-debug] CSR_post@0.10=0.0000 CSR_post@0.15=0.0000 CSR_post@0.20=0.0000 CSR_post@0.25=0.0000 CSR_post@0.30=0.0200
