Importing submoduled environments...
Submoduled environments not found. Skipping import.
[upd 0] u=1 upd_ctr=1 opt_step=16 E=0.096 g=0.093 VarTD=0.145852 ret_end=-27.154 dbar_end=0.757 occ_end=0.170 CSR_train=0.000 done_count=100
[upd 10] u=0 upd_ctr=1 opt_step=16 E=0.559 g=0.084 VarTD=0.153180 ret_end=-27.639 dbar_end=0.787 occ_end=0.144 CSR_train=0.008 done_count=125
[upd 20] u=1 upd_ctr=2 opt_step=32 E=0.080 g=0.095 VarTD=0.155754 ret_end=-27.101 dbar_end=0.751 occ_end=0.208 CSR_train=0.000 done_count=125
[upd 30] u=0 upd_ctr=2 opt_step=32 E=0.553 g=0.090 VarTD=0.144611 ret_end=-27.223 dbar_end=0.766 occ_end=0.128 CSR_train=0.000 done_count=125
[upd 40] u=0 upd_ctr=3 opt_step=48 E=0.109 g=0.093 VarTD=0.144913 ret_end=-27.381 dbar_end=0.757 occ_end=0.144 CSR_train=0.000 done_count=125
[upd 50] u=0 upd_ctr=3 opt_step=48 E=0.622 g=0.108 VarTD=0.161587 ret_end=-26.736 dbar_end=0.708 occ_end=0.192 CSR_train=0.000 done_count=125
[upd 60] u=0 upd_ctr=4 opt_step=64 E=0.196 g=0.113 VarTD=0.149719 ret_end=-25.909 dbar_end=0.695 occ_end=0.192 CSR_train=0.000 done_count=125
[upd 70] u=0 upd_ctr=4 opt_step=64 E=0.725 g=0.101 VarTD=0.157527 ret_end=-27.382 dbar_end=0.729 occ_end=0.184 CSR_train=0.000 done_count=125
[upd 80] u=0 upd_ctr=5 opt_step=80 E=0.311 g=0.109 VarTD=0.136615 ret_end=-26.432 dbar_end=0.707 occ_end=0.168 CSR_train=0.000 done_count=125
[upd 90] u=0 upd_ctr=5 opt_step=80 E=0.850 g=0.108 VarTD=0.130720 ret_end=-26.685 dbar_end=0.709 occ_end=0.200 CSR_train=0.000 done_count=125
[upd 100] u=0 upd_ctr=6 opt_step=96 E=0.452 g=0.122 VarTD=0.122870 ret_end=-25.722 dbar_end=0.670 occ_end=0.192 CSR_train=0.000 done_count=125
[upd 110] u=1 upd_ctr=7 opt_step=112 E=0.056 g=0.110 VarTD=0.157058 ret_end=-25.838 dbar_end=0.703 occ_end=0.224 CSR_train=0.000 done_count=125
[upd 120] u=0 upd_ctr=7 opt_step=112 E=0.602 g=0.107 VarTD=0.130523 ret_end=-26.295 dbar_end=0.711 occ_end=0.128 CSR_train=0.000 done_count=125
[upd 130] u=0 upd_ctr=8 opt_step=128 E=0.240 g=0.132 VarTD=0.141027 ret_end=-25.009 dbar_end=0.645 occ_end=0.260 CSR_train=0.000 done_count=100
[upd 140] u=0 upd_ctr=8 opt_step=128 E=0.813 g=0.121 VarTD=0.144812 ret_end=-25.703 dbar_end=0.673 occ_end=0.216 CSR_train=0.000 done_count=125
[upd 150] u=0 upd_ctr=9 opt_step=144 E=0.445 g=0.127 VarTD=0.154053 ret_end=-25.558 dbar_end=0.658 occ_end=0.176 CSR_train=0.000 done_count=125
[upd 160] u=1 upd_ctr=10 opt_step=160 E=0.070 g=0.124 VarTD=0.160972 ret_end=-25.267 dbar_end=0.665 occ_end=0.248 CSR_train=0.000 done_count=125
[upd 170] u=0 upd_ctr=10 opt_step=160 E=0.688 g=0.139 VarTD=0.154985 ret_end=-24.604 dbar_end=0.629 occ_end=0.288 CSR_train=0.008 done_count=125
[upd 180] u=0 upd_ctr=11 opt_step=176 E=0.360 g=0.130 VarTD=0.187178 ret_end=-25.720 dbar_end=0.651 occ_end=0.224 CSR_train=0.000 done_count=125
[upd 190] u=0 upd_ctr=11 opt_step=176 E=0.982 g=0.132 VarTD=0.179201 ret_end=-25.165 dbar_end=0.645 occ_end=0.176 CSR_train=0.008 done_count=125
[upd 200] u=0 upd_ctr=12 opt_step=192 E=0.666 g=0.122 VarTD=0.184021 ret_end=-26.489 dbar_end=0.671 occ_end=0.184 CSR_train=0.000 done_count=125
[upd 210] u=0 upd_ctr=13 opt_step=208 E=0.384 g=0.128 VarTD=0.228208 ret_end=-25.944 dbar_end=0.654 occ_end=0.240 CSR_train=0.000 done_count=125
[upd 220] u=1 upd_ctr=14 opt_step=224 E=0.113 g=0.133 VarTD=0.226974 ret_end=-25.696 dbar_end=0.642 occ_end=0.240 CSR_train=0.000 done_count=125
[upd 230] u=0 upd_ctr=14 opt_step=224 E=0.801 g=0.144 VarTD=0.264395 ret_end=-25.424 dbar_end=0.617 occ_end=0.208 CSR_train=0.008 done_count=125
[upd 240] u=0 upd_ctr=15 opt_step=240 E=0.531 g=0.130 VarTD=0.292484 ret_end=-26.209 dbar_end=0.650 occ_end=0.200 CSR_train=0.000 done_count=125
[upd 250] u=0 upd_ctr=16 opt_step=256 E=0.277 g=0.142 VarTD=0.352425 ret_end=-25.638 dbar_end=0.622 occ_end=0.248 CSR_train=0.000 done_count=125
[upd 260] u=0 upd_ctr=16 opt_step=256 E=0.983 g=0.134 VarTD=0.318271 ret_end=-25.975 dbar_end=0.640 occ_end=0.110 CSR_train=0.000 done_count=100
[upd 270] u=0 upd_ctr=17 opt_step=272 E=0.739 g=0.142 VarTD=0.401816 ret_end=-25.787 dbar_end=0.621 occ_end=0.240 CSR_train=0.000 done_count=125
[upd 280] u=0 upd_ctr=18 opt_step=288 E=0.503 g=0.150 VarTD=0.448400 ret_end=-24.652 dbar_end=0.604 occ_end=0.256 CSR_train=0.000 done_count=125
[upd 290] u=0 upd_ctr=19 opt_step=304 E=0.236 g=0.129 VarTD=0.510660 ret_end=-25.126 dbar_end=0.652 occ_end=0.232 CSR_train=0.000 done_count=125
[upd 300] u=0 upd_ctr=19 opt_step=304 E=0.938 g=0.146 VarTD=0.524389 ret_end=-24.149 dbar_end=0.613 occ_end=0.272 CSR_train=0.000 done_count=125
[upd 310] u=0 upd_ctr=20 opt_step=320 E=0.643 g=0.121 VarTD=0.617343 ret_end=-25.519 dbar_end=0.672 occ_end=0.232 CSR_train=0.000 done_count=125
[Gate5 check] update_counter violations: t0=0 diffs=0
[Gate5 check] opt_step violations: t0=0 diffs=0 (expected_inc=16)
[Gate5 check] NaN masking: nan_on_skip=True finite_on_update=True
[Gate5 summary] mean_update_fraction=0.0641 final_executed_updates_mean=20.00
[Gate5 eval] done_count mean=100.0 CSR mean=0.0000 len_end_mean=26.00
[Gate5 eval] episodes_per_env=4 T_eval=104
[Gate5 eval-debug] locked_eps_occ=0.20 pre(step25): dbar_end=0.512621 occupied_end_mean=0.430000 max_tilde_end_mean=0.746115 CSR@locked=0.000000
[Gate5 eval-debug] locked_eps_occ=0.20 post(step26): dbar_end=0.507907 occupied_end_mean=0.320000 max_tilde_end_mean=0.738348 CSR@locked=0.000000
[Gate5 eval-debug] CSR_pre@0.10=0.0000 CSR_pre@0.15=0.0000 CSR_pre@0.20=0.0000 CSR_pre@0.25=0.0000 CSR_pre@0.30=0.0100
[Gate5 eval-debug] CSR_post@0.10=0.0000 CSR_post@0.15=0.0000 CSR_post@0.20=0.0000 CSR_post@0.25=0.0000 CSR_post@0.30=0.0300
