Importing submoduled environments...
Submoduled environments not found. Skipping import.
[upd 0] u=1 upd_ctr=1 opt_step=16 E=0.900 g=0.096 VarTD=0.198978 ret_end=-28.258 dbar_end=0.747 occ_end=0.170 CSR_train=0.000 done_count=100
[upd 10] u=0 upd_ctr=9 opt_step=144 E=0.100 g=0.117 VarTD=0.168647 ret_end=-26.258 dbar_end=0.683 occ_end=0.120 CSR_train=0.000 done_count=125
[upd 20] u=0 upd_ctr=9 opt_step=144 E=0.100 g=0.114 VarTD=0.168100 ret_end=-26.309 dbar_end=0.691 occ_end=0.136 CSR_train=0.000 done_count=125
[upd 30] u=0 upd_ctr=9 opt_step=144 E=0.100 g=0.106 VarTD=0.150200 ret_end=-26.548 dbar_end=0.715 occ_end=0.232 CSR_train=0.000 done_count=125
[upd 40] u=0 upd_ctr=9 opt_step=144 E=0.100 g=0.117 VarTD=0.142114 ret_end=-26.178 dbar_end=0.683 occ_end=0.168 CSR_train=0.000 done_count=125
[upd 50] u=0 upd_ctr=9 opt_step=144 E=0.100 g=0.130 VarTD=0.147247 ret_end=-25.904 dbar_end=0.649 occ_end=0.224 CSR_train=0.000 done_count=125
[upd 60] u=0 upd_ctr=9 opt_step=144 E=0.100 g=0.114 VarTD=0.145750 ret_end=-25.612 dbar_end=0.693 occ_end=0.176 CSR_train=0.000 done_count=125
[upd 70] u=0 upd_ctr=9 opt_step=144 E=0.100 g=0.141 VarTD=0.149894 ret_end=-24.935 dbar_end=0.623 occ_end=0.208 CSR_train=0.000 done_count=125
[upd 80] u=0 upd_ctr=9 opt_step=144 E=0.100 g=0.123 VarTD=0.170490 ret_end=-25.410 dbar_end=0.667 occ_end=0.264 CSR_train=0.000 done_count=125
[upd 90] u=0 upd_ctr=9 opt_step=144 E=0.100 g=0.100 VarTD=0.189199 ret_end=-27.637 dbar_end=0.734 occ_end=0.120 CSR_train=0.000 done_count=125
[upd 100] u=0 upd_ctr=9 opt_step=144 E=0.100 g=0.114 VarTD=0.156141 ret_end=-26.308 dbar_end=0.690 occ_end=0.176 CSR_train=0.000 done_count=125
[upd 110] u=0 upd_ctr=9 opt_step=144 E=0.100 g=0.109 VarTD=0.177501 ret_end=-27.067 dbar_end=0.706 occ_end=0.160 CSR_train=0.000 done_count=125
[upd 120] u=0 upd_ctr=9 opt_step=144 E=0.100 g=0.138 VarTD=0.137539 ret_end=-25.550 dbar_end=0.632 occ_end=0.248 CSR_train=0.000 done_count=125
[Gate5 check] update_counter violations: t0=0 diffs=0
[Gate5 check] opt_step violations: t0=0 diffs=0 (expected_inc=16)
[Gate5 check] NaN masking: nan_on_skip=True finite_on_update=True
[Gate5 summary] mean_update_fraction=0.0720 final_executed_updates_mean=9.00
[Gate5 eval] done_count mean=100.0 CSR mean=0.0000 len_end_mean=26.00
[Gate5 eval] episodes_per_env=4 T_eval=104
[Gate5 eval-debug] locked_eps_occ=0.20 pre(step25): dbar_end=0.564612 occupied_end_mean=0.270000 max_tilde_end_mean=0.815467 CSR@locked=0.000000
[Gate5 eval-debug] locked_eps_occ=0.20 post(step26): dbar_end=0.575005 occupied_end_mean=0.210000 max_tilde_end_mean=0.818824 CSR@locked=0.000000
[Gate5 eval-debug] CSR_pre@0.10=0.0000 CSR_pre@0.15=0.0000 CSR_pre@0.20=0.0000 CSR_pre@0.25=0.0000 CSR_pre@0.30=0.0000
[Gate5 eval-debug] CSR_post@0.10=0.0000 CSR_post@0.15=0.0000 CSR_post@0.20=0.0000 CSR_post@0.25=0.0000 CSR_post@0.30=0.0000
