Importing submoduled environments...
Submoduled environments not found. Skipping import.
[upd 0] u=1 upd_ctr=1 opt_step=16 E=0.196 g=0.096 VarTD=0.198978 ret_end=-28.258 dbar_end=0.747 occ_end=0.170 CSR_train=0.000 done_count=100
[upd 10] u=0 upd_ctr=2 opt_step=32 E=0.211 g=0.090 VarTD=0.168305 ret_end=-27.451 dbar_end=0.767 occ_end=0.096 CSR_train=0.000 done_count=125
[upd 20] u=0 upd_ctr=3 opt_step=48 E=0.229 g=0.089 VarTD=0.173399 ret_end=-27.497 dbar_end=0.769 occ_end=0.096 CSR_train=0.000 done_count=125
[upd 30] u=0 upd_ctr=4 opt_step=64 E=0.339 g=0.100 VarTD=0.150542 ret_end=-27.059 dbar_end=0.732 occ_end=0.224 CSR_train=0.000 done_count=125
[upd 40] u=0 upd_ctr=5 opt_step=80 E=0.523 g=0.113 VarTD=0.138889 ret_end=-26.389 dbar_end=0.695 occ_end=0.136 CSR_train=0.000 done_count=125
[upd 50] u=0 upd_ctr=6 opt_step=96 E=0.748 g=0.126 VarTD=0.155992 ret_end=-26.288 dbar_end=0.660 occ_end=0.224 CSR_train=0.000 done_count=125
[upd 60] u=0 upd_ctr=7 opt_step=112 E=1.000 g=0.110 VarTD=0.159157 ret_end=-25.901 dbar_end=0.704 occ_end=0.168 CSR_train=0.000 done_count=125
[upd 70] u=0 upd_ctr=9 opt_step=144 E=0.430 g=0.138 VarTD=0.173667 ret_end=-25.051 dbar_end=0.630 occ_end=0.200 CSR_train=0.000 done_count=125
[upd 80] u=0 upd_ctr=10 opt_step=160 E=0.758 g=0.132 VarTD=0.187137 ret_end=-25.098 dbar_end=0.644 occ_end=0.232 CSR_train=0.000 done_count=125
[upd 90] u=1 upd_ctr=12 opt_step=192 E=0.214 g=0.114 VarTD=0.216256 ret_end=-26.825 dbar_end=0.691 occ_end=0.160 CSR_train=0.000 done_count=125
[upd 100] u=0 upd_ctr=13 opt_step=208 E=0.664 g=0.138 VarTD=0.227927 ret_end=-25.534 dbar_end=0.632 occ_end=0.232 CSR_train=0.000 done_count=125
[upd 110] u=1 upd_ctr=15 opt_step=240 E=0.233 g=0.133 VarTD=0.252305 ret_end=-25.859 dbar_end=0.642 occ_end=0.288 CSR_train=0.000 done_count=125
[upd 120] u=0 upd_ctr=16 opt_step=256 E=0.817 g=0.154 VarTD=0.336645 ret_end=-24.825 dbar_end=0.596 occ_end=0.312 CSR_train=0.000 done_count=125
[upd 130] u=0 upd_ctr=18 opt_step=288 E=0.477 g=0.152 VarTD=0.372851 ret_end=-24.676 dbar_end=0.600 occ_end=0.320 CSR_train=0.000 done_count=100
[upd 140] u=1 upd_ctr=20 opt_step=320 E=0.170 g=0.157 VarTD=0.484064 ret_end=-24.664 dbar_end=0.590 occ_end=0.336 CSR_train=0.000 done_count=125
[upd 150] u=0 upd_ctr=21 opt_step=336 E=0.898 g=0.170 VarTD=0.700062 ret_end=-24.023 dbar_end=0.564 occ_end=0.336 CSR_train=0.000 done_count=125
[upd 160] u=0 upd_ctr=23 opt_step=368 E=0.730 g=0.178 VarTD=0.878777 ret_end=-23.444 dbar_end=0.550 occ_end=0.304 CSR_train=0.000 done_count=125
[upd 170] u=0 upd_ctr=25 opt_step=400 E=0.504 g=0.155 VarTD=1.064692 ret_end=-24.266 dbar_end=0.594 occ_end=0.216 CSR_train=0.008 done_count=125
[upd 180] u=0 upd_ctr=27 opt_step=432 E=0.366 g=0.157 VarTD=1.301706 ret_end=-24.755 dbar_end=0.590 occ_end=0.208 CSR_train=0.000 done_count=125
[upd 190] u=0 upd_ctr=28 opt_step=448 E=1.000 g=0.176 VarTD=1.464654 ret_end=-23.420 dbar_end=0.554 occ_end=0.232 CSR_train=0.000 done_count=125
[upd 200] u=0 upd_ctr=30 opt_step=480 E=0.850 g=0.154 VarTD=1.725250 ret_end=-24.664 dbar_end=0.596 occ_end=0.280 CSR_train=0.000 done_count=125
[upd 210] u=0 upd_ctr=32 opt_step=512 E=0.753 g=0.168 VarTD=2.068481 ret_end=-23.924 dbar_end=0.568 occ_end=0.256 CSR_train=0.000 done_count=125
[upd 220] u=0 upd_ctr=34 opt_step=544 E=0.594 g=0.177 VarTD=2.405686 ret_end=-23.618 dbar_end=0.551 occ_end=0.280 CSR_train=0.000 done_count=125
[upd 230] u=0 upd_ctr=36 opt_step=576 E=0.578 g=0.197 VarTD=2.799763 ret_end=-22.708 dbar_end=0.518 occ_end=0.360 CSR_train=0.000 done_count=125
[upd 240] u=0 upd_ctr=38 opt_step=608 E=0.549 g=0.179 VarTD=3.076271 ret_end=-23.876 dbar_end=0.548 occ_end=0.304 CSR_train=0.000 done_count=125
[upd 250] u=0 upd_ctr=40 opt_step=640 E=0.560 g=0.186 VarTD=3.412980 ret_end=-23.697 dbar_end=0.536 occ_end=0.288 CSR_train=0.000 done_count=125
[upd 260] u=0 upd_ctr=42 opt_step=672 E=0.548 g=0.171 VarTD=2.980910 ret_end=-23.735 dbar_end=0.562 occ_end=0.280 CSR_train=0.010 done_count=100
[upd 270] u=0 upd_ctr=44 opt_step=704 E=0.565 g=0.194 VarTD=4.019228 ret_end=-22.959 dbar_end=0.522 occ_end=0.376 CSR_train=0.000 done_count=125
[upd 280] u=0 upd_ctr=46 opt_step=736 E=0.606 g=0.187 VarTD=4.319406 ret_end=-23.768 dbar_end=0.533 occ_end=0.368 CSR_train=0.000 done_count=125
[upd 290] u=0 upd_ctr=48 opt_step=768 E=0.627 g=0.188 VarTD=4.534211 ret_end=-23.522 dbar_end=0.532 occ_end=0.280 CSR_train=0.000 done_count=125
[upd 300] u=0 upd_ctr=50 opt_step=800 E=0.669 g=0.186 VarTD=4.780293 ret_end=-23.166 dbar_end=0.536 occ_end=0.352 CSR_train=0.000 done_count=125
[upd 310] u=0 upd_ctr=52 opt_step=832 E=0.634 g=0.180 VarTD=4.949525 ret_end=-22.761 dbar_end=0.547 occ_end=0.264 CSR_train=0.000 done_count=125
[Gate5 check] update_counter violations: t0=0 diffs=0
[Gate5 check] opt_step violations: t0=0 diffs=0 (expected_inc=16)
[Gate5 check] NaN masking: nan_on_skip=True finite_on_update=True
[Gate5 summary] mean_update_fraction=0.1667 final_executed_updates_mean=52.00
[Gate5 eval] done_count mean=100.0 CSR mean=0.0100 len_end_mean=26.00
[Gate5 eval] episodes_per_env=4 T_eval=104
[Gate5 eval-debug] locked_eps_occ=0.20 pre(step25): dbar_end=0.492472 occupied_end_mean=0.520000 max_tilde_end_mean=0.739068 CSR@locked=0.010000
[Gate5 eval-debug] locked_eps_occ=0.20 post(step26): dbar_end=0.490605 occupied_end_mean=0.510000 max_tilde_end_mean=0.734756 CSR@locked=0.010000
[Gate5 eval-debug] CSR_pre@0.10=0.0000 CSR_pre@0.15=0.0000 CSR_pre@0.20=0.0100 CSR_pre@0.25=0.0100 CSR_pre@0.30=0.0100
[Gate5 eval-debug] CSR_post@0.10=0.0000 CSR_post@0.15=0.0000 CSR_post@0.20=0.0100 CSR_post@0.25=0.0100 CSR_post@0.30=0.0200
