Importing submoduled environments...
Submoduled environments not found. Skipping import.
[upd 0] u=1 upd_ctr=1 opt_step=16 E=0.176 g=0.085 VarTD=0.206615 ret_end=-28.597 dbar_end=0.786 occ_end=0.160 CSR_train=0.000 done_count=100
[upd 10] u=1 upd_ctr=2 opt_step=32 E=0.145 g=0.096 VarTD=0.212328 ret_end=-26.954 dbar_end=0.748 occ_end=0.176 CSR_train=0.000 done_count=125
[upd 20] u=1 upd_ctr=3 opt_step=48 E=0.170 g=0.098 VarTD=0.172118 ret_end=-26.440 dbar_end=0.740 occ_end=0.160 CSR_train=0.000 done_count=125
[upd 30] u=0 upd_ctr=4 opt_step=64 E=0.208 g=0.107 VarTD=0.176457 ret_end=-26.665 dbar_end=0.713 occ_end=0.128 CSR_train=0.000 done_count=125
[upd 40] u=0 upd_ctr=5 opt_step=80 E=0.307 g=0.107 VarTD=0.171122 ret_end=-27.047 dbar_end=0.712 occ_end=0.192 CSR_train=0.000 done_count=125
[upd 50] u=0 upd_ctr=6 opt_step=96 E=0.423 g=0.107 VarTD=0.176134 ret_end=-26.901 dbar_end=0.711 occ_end=0.184 CSR_train=0.000 done_count=125
[upd 60] u=0 upd_ctr=7 opt_step=112 E=0.625 g=0.120 VarTD=0.164212 ret_end=-25.965 dbar_end=0.674 occ_end=0.224 CSR_train=0.000 done_count=125
[upd 70] u=0 upd_ctr=8 opt_step=128 E=0.881 g=0.132 VarTD=0.173485 ret_end=-25.815 dbar_end=0.646 occ_end=0.256 CSR_train=0.000 done_count=125
[upd 80] u=0 upd_ctr=10 opt_step=160 E=0.265 g=0.136 VarTD=0.188792 ret_end=-25.748 dbar_end=0.635 occ_end=0.264 CSR_train=0.000 done_count=125
[upd 90] u=0 upd_ctr=11 opt_step=176 E=0.600 g=0.145 VarTD=0.187197 ret_end=-25.076 dbar_end=0.614 occ_end=0.320 CSR_train=0.000 done_count=125
[upd 100] u=0 upd_ctr=12 opt_step=192 E=0.980 g=0.148 VarTD=0.215438 ret_end=-24.603 dbar_end=0.609 occ_end=0.224 CSR_train=0.000 done_count=125
[upd 110] u=0 upd_ctr=14 opt_step=224 E=0.545 g=0.140 VarTD=0.269839 ret_end=-25.980 dbar_end=0.626 occ_end=0.208 CSR_train=0.000 done_count=125
[upd 120] u=0 upd_ctr=15 opt_step=240 E=0.947 g=0.145 VarTD=0.287744 ret_end=-24.367 dbar_end=0.616 occ_end=0.216 CSR_train=0.000 done_count=125
[upd 130] u=0 upd_ctr=17 opt_step=272 E=0.469 g=0.151 VarTD=0.344635 ret_end=-24.092 dbar_end=0.603 occ_end=0.240 CSR_train=0.000 done_count=100
[upd 140] u=0 upd_ctr=18 opt_step=288 E=0.866 g=0.141 VarTD=0.446176 ret_end=-25.318 dbar_end=0.624 occ_end=0.216 CSR_train=0.000 done_count=125
[upd 150] u=0 upd_ctr=20 opt_step=320 E=0.344 g=0.139 VarTD=0.586429 ret_end=-24.939 dbar_end=0.629 occ_end=0.224 CSR_train=0.000 done_count=125
[upd 160] u=0 upd_ctr=21 opt_step=336 E=0.735 g=0.154 VarTD=0.719482 ret_end=-24.930 dbar_end=0.595 occ_end=0.256 CSR_train=0.000 done_count=125
[upd 170] u=1 upd_ctr=23 opt_step=368 E=0.231 g=0.147 VarTD=0.796749 ret_end=-24.420 dbar_end=0.610 occ_end=0.272 CSR_train=0.000 done_count=125
[upd 180] u=0 upd_ctr=24 opt_step=384 E=0.638 g=0.137 VarTD=0.991902 ret_end=-24.718 dbar_end=0.633 occ_end=0.224 CSR_train=0.000 done_count=125
[upd 190] u=0 upd_ctr=25 opt_step=400 E=1.000 g=0.138 VarTD=1.102293 ret_end=-25.041 dbar_end=0.630 occ_end=0.248 CSR_train=0.000 done_count=125
[upd 200] u=0 upd_ctr=27 opt_step=432 E=0.534 g=0.146 VarTD=1.367832 ret_end=-24.386 dbar_end=0.612 occ_end=0.184 CSR_train=0.000 done_count=125
[upd 210] u=0 upd_ctr=28 opt_step=448 E=1.000 g=0.152 VarTD=1.535262 ret_end=-24.781 dbar_end=0.599 occ_end=0.280 CSR_train=0.000 done_count=125
[upd 220] u=0 upd_ctr=30 opt_step=480 E=0.568 g=0.151 VarTD=1.817579 ret_end=-24.348 dbar_end=0.603 occ_end=0.232 CSR_train=0.000 done_count=125
[upd 230] u=1 upd_ctr=32 opt_step=512 E=0.190 g=0.157 VarTD=2.008903 ret_end=-25.093 dbar_end=0.590 occ_end=0.296 CSR_train=0.000 done_count=125
[upd 240] u=0 upd_ctr=33 opt_step=528 E=0.664 g=0.168 VarTD=2.288306 ret_end=-23.608 dbar_end=0.568 occ_end=0.280 CSR_train=0.000 done_count=125
[upd 250] u=1 upd_ctr=35 opt_step=560 E=0.241 g=0.157 VarTD=2.458647 ret_end=-24.442 dbar_end=0.590 occ_end=0.288 CSR_train=0.000 done_count=125
[upd 260] u=0 upd_ctr=36 opt_step=576 E=0.751 g=0.168 VarTD=2.236815 ret_end=-22.927 dbar_end=0.569 occ_end=0.200 CSR_train=0.000 done_count=100
[upd 270] u=0 upd_ctr=38 opt_step=608 E=0.392 g=0.170 VarTD=3.169490 ret_end=-23.975 dbar_end=0.565 occ_end=0.256 CSR_train=0.008 done_count=125
[upd 280] u=0 upd_ctr=39 opt_step=624 E=0.970 g=0.157 VarTD=3.285928 ret_end=-24.003 dbar_end=0.590 occ_end=0.296 CSR_train=0.000 done_count=125
[upd 290] u=0 upd_ctr=41 opt_step=656 E=0.650 g=0.163 VarTD=3.600496 ret_end=-24.058 dbar_end=0.577 occ_end=0.288 CSR_train=0.000 done_count=125
[upd 300] u=0 upd_ctr=43 opt_step=688 E=0.382 g=0.175 VarTD=3.982183 ret_end=-23.902 dbar_end=0.555 occ_end=0.336 CSR_train=0.000 done_count=125
[upd 310] u=0 upd_ctr=44 opt_step=704 E=0.966 g=0.152 VarTD=4.164783 ret_end=-25.009 dbar_end=0.601 occ_end=0.216 CSR_train=0.000 done_count=125
[Gate5 check] update_counter violations: t0=0 diffs=0
[Gate5 check] opt_step violations: t0=0 diffs=0 (expected_inc=16)
[Gate5 check] NaN masking: nan_on_skip=True finite_on_update=True
[Gate5 summary] mean_update_fraction=0.1442 final_executed_updates_mean=45.00
[Gate5 eval] done_count mean=100.0 CSR mean=0.0100 len_end_mean=26.00
[Gate5 eval] episodes_per_env=4 T_eval=104
[Gate5 eval-debug] locked_eps_occ=0.20 pre(step25): dbar_end=0.485791 occupied_end_mean=0.490000 max_tilde_end_mean=0.709159 CSR@locked=0.020000
[Gate5 eval-debug] locked_eps_occ=0.20 post(step26): dbar_end=0.485723 occupied_end_mean=0.420000 max_tilde_end_mean=0.707643 CSR@locked=0.010000
[Gate5 eval-debug] CSR_pre@0.10=0.0000 CSR_pre@0.15=0.0200 CSR_pre@0.20=0.0200 CSR_pre@0.25=0.0300 CSR_pre@0.30=0.0300
[Gate5 eval-debug] CSR_post@0.10=0.0000 CSR_post@0.15=0.0100 CSR_post@0.20=0.0100 CSR_post@0.25=0.0200 CSR_post@0.30=0.0600
