Importing submoduled environments...
Submoduled environments not found. Skipping import.
[upd 0] u=1 upd_ctr=1 opt_step=16 E=0.109 g=0.086 VarTD=0.176520 ret_end=-28.138 dbar_end=0.781 occ_end=0.160 CSR_train=0.000 done_count=100
[upd 10] u=0 upd_ctr=1 opt_step=16 E=0.200 g=0.084 VarTD=0.149911 ret_end=-27.579 dbar_end=0.789 occ_end=0.128 CSR_train=0.000 done_count=125
[upd 20] u=0 upd_ctr=1 opt_step=16 E=0.296 g=0.105 VarTD=0.156258 ret_end=-27.201 dbar_end=0.719 occ_end=0.184 CSR_train=0.000 done_count=125
[upd 30] u=0 upd_ctr=1 opt_step=16 E=0.392 g=0.093 VarTD=0.153787 ret_end=-26.473 dbar_end=0.758 occ_end=0.128 CSR_train=0.000 done_count=125
[upd 40] u=0 upd_ctr=1 opt_step=16 E=0.485 g=0.097 VarTD=0.160774 ret_end=-26.837 dbar_end=0.744 occ_end=0.128 CSR_train=0.000 done_count=125
[upd 50] u=0 upd_ctr=1 opt_step=16 E=0.582 g=0.092 VarTD=0.174406 ret_end=-27.273 dbar_end=0.760 occ_end=0.160 CSR_train=0.000 done_count=125
[upd 60] u=0 upd_ctr=1 opt_step=16 E=0.674 g=0.091 VarTD=0.159636 ret_end=-27.200 dbar_end=0.762 occ_end=0.160 CSR_train=0.000 done_count=125
[upd 70] u=0 upd_ctr=1 opt_step=16 E=0.764 g=0.094 VarTD=0.164797 ret_end=-27.136 dbar_end=0.752 occ_end=0.152 CSR_train=0.000 done_count=125
[upd 80] u=0 upd_ctr=1 opt_step=16 E=0.858 g=0.101 VarTD=0.180463 ret_end=-26.615 dbar_end=0.731 occ_end=0.144 CSR_train=0.000 done_count=125
[upd 90] u=0 upd_ctr=2 opt_step=32 E=0.051 g=0.099 VarTD=0.188953 ret_end=-27.038 dbar_end=0.737 occ_end=0.136 CSR_train=0.000 done_count=125
[upd 100] u=0 upd_ctr=2 opt_step=32 E=0.152 g=0.082 VarTD=0.197739 ret_end=-27.705 dbar_end=0.797 occ_end=0.160 CSR_train=0.000 done_count=125
[upd 110] u=0 upd_ctr=2 opt_step=32 E=0.245 g=0.097 VarTD=0.172599 ret_end=-26.755 dbar_end=0.744 occ_end=0.160 CSR_train=0.000 done_count=125
[upd 120] u=0 upd_ctr=2 opt_step=32 E=0.344 g=0.097 VarTD=0.183056 ret_end=-27.619 dbar_end=0.743 occ_end=0.152 CSR_train=0.000 done_count=125
[upd 130] u=0 upd_ctr=2 opt_step=32 E=0.437 g=0.094 VarTD=0.166203 ret_end=-26.879 dbar_end=0.754 occ_end=0.180 CSR_train=0.000 done_count=100
[upd 140] u=0 upd_ctr=2 opt_step=32 E=0.535 g=0.088 VarTD=0.201513 ret_end=-29.079 dbar_end=0.775 occ_end=0.096 CSR_train=0.000 done_count=125
[upd 150] u=0 upd_ctr=2 opt_step=32 E=0.630 g=0.104 VarTD=0.183102 ret_end=-27.142 dbar_end=0.720 occ_end=0.160 CSR_train=0.000 done_count=125
[upd 160] u=0 upd_ctr=2 opt_step=32 E=0.727 g=0.096 VarTD=0.172856 ret_end=-27.068 dbar_end=0.745 occ_end=0.176 CSR_train=0.008 done_count=125
[upd 170] u=0 upd_ctr=2 opt_step=32 E=0.824 g=0.104 VarTD=0.152375 ret_end=-26.732 dbar_end=0.721 occ_end=0.168 CSR_train=0.000 done_count=125
[upd 180] u=0 upd_ctr=3 opt_step=48 E=0.026 g=0.111 VarTD=0.145272 ret_end=-26.421 dbar_end=0.701 occ_end=0.240 CSR_train=0.000 done_count=125
[upd 190] u=0 upd_ctr=3 opt_step=48 E=0.124 g=0.089 VarTD=0.155931 ret_end=-28.041 dbar_end=0.770 occ_end=0.160 CSR_train=0.000 done_count=125
[upd 200] u=0 upd_ctr=3 opt_step=48 E=0.226 g=0.108 VarTD=0.162576 ret_end=-27.517 dbar_end=0.709 occ_end=0.216 CSR_train=0.000 done_count=125
[upd 210] u=0 upd_ctr=3 opt_step=48 E=0.325 g=0.107 VarTD=0.171108 ret_end=-26.302 dbar_end=0.712 occ_end=0.248 CSR_train=0.000 done_count=125
[upd 220] u=0 upd_ctr=3 opt_step=48 E=0.419 g=0.095 VarTD=0.172973 ret_end=-27.088 dbar_end=0.748 occ_end=0.200 CSR_train=0.000 done_count=125
[upd 230] u=0 upd_ctr=3 opt_step=48 E=0.519 g=0.110 VarTD=0.131891 ret_end=-26.310 dbar_end=0.703 occ_end=0.200 CSR_train=0.000 done_count=125
[upd 240] u=0 upd_ctr=3 opt_step=48 E=0.617 g=0.103 VarTD=0.143656 ret_end=-26.729 dbar_end=0.724 occ_end=0.184 CSR_train=0.000 done_count=125
[upd 250] u=0 upd_ctr=3 opt_step=48 E=0.716 g=0.101 VarTD=0.166875 ret_end=-27.302 dbar_end=0.730 occ_end=0.160 CSR_train=0.000 done_count=125
[upd 260] u=0 upd_ctr=3 opt_step=48 E=0.813 g=0.109 VarTD=0.141955 ret_end=-26.583 dbar_end=0.705 occ_end=0.180 CSR_train=0.000 done_count=100
[upd 270] u=0 upd_ctr=3 opt_step=48 E=0.910 g=0.097 VarTD=0.213406 ret_end=-27.026 dbar_end=0.744 occ_end=0.152 CSR_train=0.000 done_count=125
[upd 280] u=0 upd_ctr=4 opt_step=64 E=0.111 g=0.104 VarTD=0.139139 ret_end=-26.147 dbar_end=0.720 occ_end=0.168 CSR_train=0.000 done_count=125
[upd 290] u=0 upd_ctr=4 opt_step=64 E=0.215 g=0.097 VarTD=0.180176 ret_end=-26.789 dbar_end=0.743 occ_end=0.232 CSR_train=0.000 done_count=125
[upd 300] u=0 upd_ctr=4 opt_step=64 E=0.314 g=0.089 VarTD=0.154927 ret_end=-28.503 dbar_end=0.770 occ_end=0.232 CSR_train=0.000 done_count=125
[upd 310] u=0 upd_ctr=4 opt_step=64 E=0.412 g=0.098 VarTD=0.155134 ret_end=-27.466 dbar_end=0.739 occ_end=0.128 CSR_train=0.000 done_count=125
[Gate5 check] update_counter violations: t0=0 diffs=0
[Gate5 check] opt_step violations: t0=0 diffs=0 (expected_inc=16)
[Gate5 check] NaN masking: nan_on_skip=True finite_on_update=True
[Gate5 summary] mean_update_fraction=0.0128 final_executed_updates_mean=4.00
[Gate5 eval] done_count mean=100.0 CSR mean=0.0100 len_end_mean=26.00
[Gate5 eval] episodes_per_env=4 T_eval=104
[Gate5 eval-debug] locked_eps_occ=0.20 pre(step25): dbar_end=0.559726 occupied_end_mean=0.250000 max_tilde_end_mean=0.792510 CSR@locked=0.010000
[Gate5 eval-debug] locked_eps_occ=0.20 post(step26): dbar_end=0.556240 occupied_end_mean=0.260000 max_tilde_end_mean=0.799623 CSR@locked=0.010000
[Gate5 eval-debug] CSR_pre@0.10=0.0000 CSR_pre@0.15=0.0000 CSR_pre@0.20=0.0100 CSR_pre@0.25=0.0100 CSR_pre@0.30=0.0100
[Gate5 eval-debug] CSR_post@0.10=0.0000 CSR_post@0.15=0.0000 CSR_post@0.20=0.0100 CSR_post@0.25=0.0100 CSR_post@0.30=0.0100
