Importing submoduled environments...
Submoduled environments not found. Skipping import.
[upd 0] u=1 upd_ctr=1 opt_step=16 E=0.283 g=0.092 VarTD=0.127621 ret_end=-27.319 dbar_end=0.760 occ_end=0.140 CSR_train=0.000 done_count=100
[upd 10] u=0 upd_ctr=2 opt_step=32 E=0.344 g=0.106 VarTD=0.155630 ret_end=-27.434 dbar_end=0.714 occ_end=0.168 CSR_train=0.000 done_count=125
[upd 20] u=0 upd_ctr=3 opt_step=48 E=0.394 g=0.091 VarTD=0.129049 ret_end=-27.812 dbar_end=0.765 occ_end=0.136 CSR_train=0.000 done_count=125
[upd 30] u=0 upd_ctr=4 opt_step=64 E=0.494 g=0.098 VarTD=0.140038 ret_end=-26.806 dbar_end=0.740 occ_end=0.200 CSR_train=0.000 done_count=125
[upd 40] u=0 upd_ctr=5 opt_step=80 E=0.561 g=0.090 VarTD=0.146213 ret_end=-27.379 dbar_end=0.766 occ_end=0.120 CSR_train=0.000 done_count=125
[upd 50] u=0 upd_ctr=6 opt_step=96 E=0.693 g=0.108 VarTD=0.133486 ret_end=-26.058 dbar_end=0.708 occ_end=0.200 CSR_train=0.008 done_count=125
[upd 60] u=0 upd_ctr=7 opt_step=112 E=0.877 g=0.114 VarTD=0.131501 ret_end=-26.370 dbar_end=0.691 occ_end=0.232 CSR_train=0.000 done_count=125
[upd 70] u=0 upd_ctr=9 opt_step=144 E=0.305 g=0.118 VarTD=0.176641 ret_end=-26.341 dbar_end=0.681 occ_end=0.192 CSR_train=0.000 done_count=125
[upd 80] u=0 upd_ctr=10 opt_step=160 E=0.618 g=0.127 VarTD=0.171107 ret_end=-25.420 dbar_end=0.657 occ_end=0.200 CSR_train=0.000 done_count=125
[upd 90] u=1 upd_ctr=12 opt_step=192 E=0.142 g=0.122 VarTD=0.174241 ret_end=-26.952 dbar_end=0.669 occ_end=0.216 CSR_train=0.000 done_count=125
[upd 100] u=0 upd_ctr=13 opt_step=208 E=0.507 g=0.134 VarTD=0.184183 ret_end=-24.556 dbar_end=0.639 occ_end=0.232 CSR_train=0.000 done_count=125
[upd 110] u=0 upd_ctr=14 opt_step=224 E=0.842 g=0.118 VarTD=0.231985 ret_end=-26.904 dbar_end=0.682 occ_end=0.240 CSR_train=0.000 done_count=125
[upd 120] u=0 upd_ctr=16 opt_step=256 E=0.413 g=0.134 VarTD=0.273574 ret_end=-25.532 dbar_end=0.641 occ_end=0.208 CSR_train=0.000 done_count=125
[Gate5 check] update_counter violations: t0=0 diffs=0
[Gate5 check] opt_step violations: t0=0 diffs=0 (expected_inc=16)
[Gate5 check] NaN masking: nan_on_skip=True finite_on_update=True
[Gate5 summary] mean_update_fraction=0.1280 final_executed_updates_mean=16.00
[Gate5 eval] done_count mean=100.0 CSR mean=0.0000 len_end_mean=26.00
[Gate5 eval] episodes_per_env=4 T_eval=104
[Gate5 eval-debug] locked_eps_occ=0.20 pre(step25): dbar_end=0.487280 occupied_end_mean=0.400000 max_tilde_end_mean=0.703153 CSR@locked=0.000000
[Gate5 eval-debug] locked_eps_occ=0.20 post(step26): dbar_end=0.485350 occupied_end_mean=0.420000 max_tilde_end_mean=0.698419 CSR@locked=0.000000
[Gate5 eval-debug] CSR_pre@0.10=0.0000 CSR_pre@0.15=0.0000 CSR_pre@0.20=0.0000 CSR_pre@0.25=0.0200 CSR_pre@0.30=0.0400
[Gate5 eval-debug] CSR_post@0.10=0.0000 CSR_post@0.15=0.0000 CSR_post@0.20=0.0000 CSR_post@0.25=0.0100 CSR_post@0.30=0.0200
