Importing submoduled environments...
Submoduled environments not found. Skipping import.
[upd 0] u=1 upd_ctr=1 opt_step=16 E=0.054 g=0.089 VarTD=0.203202 ret_end=-28.238 dbar_end=0.769 occ_end=0.170 CSR_train=0.000 done_count=100
[upd 10] u=0 upd_ctr=1 opt_step=16 E=0.625 g=0.094 VarTD=0.178732 ret_end=-27.407 dbar_end=0.753 occ_end=0.200 CSR_train=0.000 done_count=125
[upd 20] u=0 upd_ctr=2 opt_step=32 E=0.176 g=0.094 VarTD=0.145498 ret_end=-28.156 dbar_end=0.752 occ_end=0.168 CSR_train=0.000 done_count=125
[upd 30] u=0 upd_ctr=2 opt_step=32 E=0.740 g=0.098 VarTD=0.151608 ret_end=-27.405 dbar_end=0.738 occ_end=0.232 CSR_train=0.000 done_count=125
[upd 40] u=0 upd_ctr=3 opt_step=48 E=0.314 g=0.109 VarTD=0.135559 ret_end=-25.923 dbar_end=0.705 occ_end=0.240 CSR_train=0.000 done_count=125
[upd 50] u=0 upd_ctr=3 opt_step=48 E=0.960 g=0.099 VarTD=0.160042 ret_end=-26.810 dbar_end=0.738 occ_end=0.128 CSR_train=0.000 done_count=125
[upd 60] u=0 upd_ctr=4 opt_step=64 E=0.576 g=0.114 VarTD=0.145165 ret_end=-26.508 dbar_end=0.692 occ_end=0.176 CSR_train=0.000 done_count=125
[upd 70] u=0 upd_ctr=5 opt_step=80 E=0.198 g=0.111 VarTD=0.144546 ret_end=-26.469 dbar_end=0.699 occ_end=0.232 CSR_train=0.000 done_count=125
[upd 80] u=0 upd_ctr=5 opt_step=80 E=0.872 g=0.119 VarTD=0.141546 ret_end=-25.235 dbar_end=0.678 occ_end=0.160 CSR_train=0.000 done_count=125
[upd 90] u=0 upd_ctr=6 opt_step=96 E=0.555 g=0.122 VarTD=0.134916 ret_end=-25.707 dbar_end=0.670 occ_end=0.176 CSR_train=0.008 done_count=125
[upd 100] u=0 upd_ctr=7 opt_step=112 E=0.203 g=0.107 VarTD=0.142635 ret_end=-27.170 dbar_end=0.713 occ_end=0.120 CSR_train=0.000 done_count=125
[upd 110] u=0 upd_ctr=7 opt_step=112 E=0.914 g=0.114 VarTD=0.127315 ret_end=-26.214 dbar_end=0.691 occ_end=0.192 CSR_train=0.000 done_count=125
[upd 120] u=0 upd_ctr=8 opt_step=128 E=0.598 g=0.119 VarTD=0.151974 ret_end=-26.162 dbar_end=0.677 occ_end=0.224 CSR_train=0.000 done_count=125
[Gate5 check] update_counter violations: t0=0 diffs=0
[Gate5 check] opt_step violations: t0=0 diffs=0 (expected_inc=16)
[Gate5 check] NaN masking: nan_on_skip=True finite_on_update=True
[Gate5 summary] mean_update_fraction=0.0640 final_executed_updates_mean=8.00
[Gate5 eval] done_count mean=100.0 CSR mean=0.0300 len_end_mean=26.00
[Gate5 eval] episodes_per_env=4 T_eval=104
[Gate5 eval-debug] locked_eps_occ=0.20 pre(step25): dbar_end=0.439560 occupied_end_mean=0.490000 max_tilde_end_mean=0.628525 CSR@locked=0.020000
[Gate5 eval-debug] locked_eps_occ=0.20 post(step26): dbar_end=0.439955 occupied_end_mean=0.500000 max_tilde_end_mean=0.626539 CSR@locked=0.030000
[Gate5 eval-debug] CSR_pre@0.10=0.0000 CSR_pre@0.15=0.0200 CSR_pre@0.20=0.0200 CSR_pre@0.25=0.0400 CSR_pre@0.30=0.0900
[Gate5 eval-debug] CSR_post@0.10=0.0000 CSR_post@0.15=0.0000 CSR_post@0.20=0.0300 CSR_post@0.25=0.0300 CSR_post@0.30=0.0800
