Importing submoduled environments...
Submoduled environments not found. Skipping import.
[upd 0] u=1 upd_ctr=1 opt_step=16 E=0.345 g=0.089 VarTD=0.203202 ret_end=-28.238 dbar_end=0.769 occ_end=0.170 CSR_train=0.000 done_count=100
[upd 10] u=0 upd_ctr=2 opt_step=32 E=0.123 g=0.099 VarTD=0.176335 ret_end=-27.221 dbar_end=0.738 occ_end=0.264 CSR_train=0.000 done_count=125
[upd 20] u=0 upd_ctr=2 opt_step=32 E=0.617 g=0.095 VarTD=0.149090 ret_end=-28.071 dbar_end=0.751 occ_end=0.152 CSR_train=0.000 done_count=125
[upd 30] u=0 upd_ctr=3 opt_step=48 E=0.397 g=0.098 VarTD=0.144886 ret_end=-27.291 dbar_end=0.739 occ_end=0.216 CSR_train=0.000 done_count=125
[upd 40] u=0 upd_ctr=4 opt_step=64 E=0.229 g=0.109 VarTD=0.137090 ret_end=-26.067 dbar_end=0.706 occ_end=0.208 CSR_train=0.000 done_count=125
[upd 50] u=1 upd_ctr=5 opt_step=80 E=0.070 g=0.097 VarTD=0.155297 ret_end=-26.783 dbar_end=0.742 occ_end=0.080 CSR_train=0.000 done_count=125
[upd 60] u=0 upd_ctr=5 opt_step=80 E=0.601 g=0.107 VarTD=0.145939 ret_end=-26.843 dbar_end=0.713 occ_end=0.168 CSR_train=0.000 done_count=125
[upd 70] u=0 upd_ctr=6 opt_step=96 E=0.457 g=0.107 VarTD=0.146880 ret_end=-26.514 dbar_end=0.712 occ_end=0.208 CSR_train=0.000 done_count=125
[upd 80] u=0 upd_ctr=7 opt_step=112 E=0.304 g=0.117 VarTD=0.147908 ret_end=-25.224 dbar_end=0.682 occ_end=0.160 CSR_train=0.000 done_count=125
[upd 90] u=0 upd_ctr=8 opt_step=128 E=0.164 g=0.118 VarTD=0.144282 ret_end=-25.909 dbar_end=0.681 occ_end=0.208 CSR_train=0.008 done_count=125
[upd 100] u=0 upd_ctr=8 opt_step=128 E=0.708 g=0.106 VarTD=0.153925 ret_end=-27.441 dbar_end=0.715 occ_end=0.184 CSR_train=0.000 done_count=125
[upd 110] u=0 upd_ctr=9 opt_step=144 E=0.568 g=0.118 VarTD=0.142592 ret_end=-26.393 dbar_end=0.681 occ_end=0.232 CSR_train=0.000 done_count=125
[upd 120] u=0 upd_ctr=10 opt_step=160 E=0.456 g=0.113 VarTD=0.168973 ret_end=-26.532 dbar_end=0.693 occ_end=0.240 CSR_train=0.000 done_count=125
[Gate5 check] update_counter violations: t0=0 diffs=0
[Gate5 check] opt_step violations: t0=0 diffs=0 (expected_inc=16)
[Gate5 check] NaN masking: nan_on_skip=True finite_on_update=True
[Gate5 summary] mean_update_fraction=0.0800 final_executed_updates_mean=10.00
[Gate5 eval] done_count mean=100.0 CSR mean=0.0000 len_end_mean=26.00
[Gate5 eval] episodes_per_env=4 T_eval=104
[Gate5 eval-debug] locked_eps_occ=0.20 pre(step25): dbar_end=0.527841 occupied_end_mean=0.380000 max_tilde_end_mean=0.782014 CSR@locked=0.000000
[Gate5 eval-debug] locked_eps_occ=0.20 post(step26): dbar_end=0.523375 occupied_end_mean=0.350000 max_tilde_end_mean=0.775625 CSR@locked=0.000000
[Gate5 eval-debug] CSR_pre@0.10=0.0000 CSR_pre@0.15=0.0000 CSR_pre@0.20=0.0000 CSR_pre@0.25=0.0000 CSR_pre@0.30=0.0100
[Gate5 eval-debug] CSR_post@0.10=0.0000 CSR_post@0.15=0.0000 CSR_post@0.20=0.0000 CSR_post@0.25=0.0000 CSR_post@0.30=0.0000
