Importing submoduled environments...
Submoduled environments not found. Skipping import.
[upd 0] u=1 upd_ctr=1 opt_step=16 E=0.037 g=0.092 VarTD=0.142843 ret_end=-27.084 dbar_end=0.760 occ_end=0.110 CSR_train=0.000 done_count=100
[upd 10] u=0 upd_ctr=1 opt_step=16 E=0.399 g=0.091 VarTD=0.164683 ret_end=-27.227 dbar_end=0.764 occ_end=0.176 CSR_train=0.000 done_count=125
[upd 20] u=0 upd_ctr=1 opt_step=16 E=0.776 g=0.080 VarTD=0.174803 ret_end=-28.589 dbar_end=0.804 occ_end=0.112 CSR_train=0.000 done_count=125
[upd 30] u=0 upd_ctr=2 opt_step=32 E=0.155 g=0.094 VarTD=0.133325 ret_end=-27.354 dbar_end=0.752 occ_end=0.184 CSR_train=0.000 done_count=125
[upd 40] u=0 upd_ctr=2 opt_step=32 E=0.539 g=0.098 VarTD=0.144204 ret_end=-26.710 dbar_end=0.739 occ_end=0.136 CSR_train=0.000 done_count=125
[upd 50] u=0 upd_ctr=2 opt_step=32 E=0.926 g=0.093 VarTD=0.139912 ret_end=-27.415 dbar_end=0.758 occ_end=0.184 CSR_train=0.000 done_count=125
[upd 60] u=0 upd_ctr=3 opt_step=48 E=0.329 g=0.119 VarTD=0.148331 ret_end=-25.441 dbar_end=0.678 occ_end=0.184 CSR_train=0.000 done_count=125
[upd 70] u=0 upd_ctr=3 opt_step=48 E=0.730 g=0.093 VarTD=0.166882 ret_end=-27.270 dbar_end=0.757 occ_end=0.136 CSR_train=0.000 done_count=125
[upd 80] u=0 upd_ctr=4 opt_step=64 E=0.124 g=0.103 VarTD=0.142797 ret_end=-26.847 dbar_end=0.722 occ_end=0.216 CSR_train=0.000 done_count=125
[upd 90] u=0 upd_ctr=4 opt_step=64 E=0.558 g=0.105 VarTD=0.125711 ret_end=-26.405 dbar_end=0.719 occ_end=0.112 CSR_train=0.000 done_count=125
[upd 100] u=0 upd_ctr=4 opt_step=64 E=0.984 g=0.109 VarTD=0.148486 ret_end=-27.815 dbar_end=0.706 occ_end=0.224 CSR_train=0.000 done_count=125
[upd 110] u=0 upd_ctr=5 opt_step=80 E=0.407 g=0.120 VarTD=0.147704 ret_end=-26.381 dbar_end=0.674 occ_end=0.200 CSR_train=0.000 done_count=125
[upd 120] u=0 upd_ctr=5 opt_step=80 E=0.855 g=0.104 VarTD=0.128325 ret_end=-26.246 dbar_end=0.722 occ_end=0.184 CSR_train=0.000 done_count=125
[upd 130] u=0 upd_ctr=6 opt_step=96 E=0.269 g=0.106 VarTD=0.154110 ret_end=-26.531 dbar_end=0.716 occ_end=0.170 CSR_train=0.000 done_count=100
[upd 140] u=0 upd_ctr=6 opt_step=96 E=0.719 g=0.113 VarTD=0.173093 ret_end=-26.180 dbar_end=0.695 occ_end=0.224 CSR_train=0.000 done_count=125
[upd 150] u=0 upd_ctr=7 opt_step=112 E=0.133 g=0.110 VarTD=0.132775 ret_end=-24.965 dbar_end=0.704 occ_end=0.152 CSR_train=0.000 done_count=125
[upd 160] u=0 upd_ctr=7 opt_step=112 E=0.611 g=0.116 VarTD=0.166049 ret_end=-26.326 dbar_end=0.685 occ_end=0.232 CSR_train=0.000 done_count=125
[upd 170] u=1 upd_ctr=8 opt_step=128 E=0.042 g=0.106 VarTD=0.144047 ret_end=-25.989 dbar_end=0.716 occ_end=0.256 CSR_train=0.000 done_count=125
[upd 180] u=0 upd_ctr=8 opt_step=128 E=0.517 g=0.118 VarTD=0.132757 ret_end=-25.672 dbar_end=0.682 occ_end=0.240 CSR_train=0.000 done_count=125
[upd 190] u=0 upd_ctr=8 opt_step=128 E=0.998 g=0.123 VarTD=0.154622 ret_end=-26.081 dbar_end=0.667 occ_end=0.240 CSR_train=0.000 done_count=125
[upd 200] u=0 upd_ctr=9 opt_step=144 E=0.451 g=0.125 VarTD=0.180256 ret_end=-26.069 dbar_end=0.662 occ_end=0.248 CSR_train=0.000 done_count=125
[upd 210] u=0 upd_ctr=9 opt_step=144 E=0.937 g=0.136 VarTD=0.171429 ret_end=-25.205 dbar_end=0.636 occ_end=0.224 CSR_train=0.000 done_count=125
[upd 220] u=0 upd_ctr=10 opt_step=160 E=0.430 g=0.125 VarTD=0.148635 ret_end=-25.284 dbar_end=0.662 occ_end=0.144 CSR_train=0.000 done_count=125
[upd 230] u=0 upd_ctr=10 opt_step=160 E=0.944 g=0.124 VarTD=0.186105 ret_end=-25.355 dbar_end=0.664 occ_end=0.256 CSR_train=0.000 done_count=125
[upd 240] u=0 upd_ctr=11 opt_step=176 E=0.414 g=0.121 VarTD=0.237307 ret_end=-26.148 dbar_end=0.674 occ_end=0.208 CSR_train=0.008 done_count=125
[upd 250] u=0 upd_ctr=11 opt_step=176 E=0.940 g=0.139 VarTD=0.161316 ret_end=-25.813 dbar_end=0.628 occ_end=0.304 CSR_train=0.008 done_count=125
[upd 260] u=0 upd_ctr=12 opt_step=192 E=0.474 g=0.135 VarTD=0.180771 ret_end=-24.505 dbar_end=0.638 occ_end=0.220 CSR_train=0.000 done_count=100
[upd 270] u=0 upd_ctr=12 opt_step=192 E=1.000 g=0.124 VarTD=0.214938 ret_end=-25.393 dbar_end=0.665 occ_end=0.224 CSR_train=0.000 done_count=125
[upd 280] u=0 upd_ctr=13 opt_step=208 E=0.540 g=0.151 VarTD=0.212705 ret_end=-24.673 dbar_end=0.602 occ_end=0.328 CSR_train=0.000 done_count=125
[upd 290] u=1 upd_ctr=14 opt_step=224 E=0.053 g=0.133 VarTD=0.215254 ret_end=-25.278 dbar_end=0.642 occ_end=0.176 CSR_train=0.000 done_count=125
[upd 300] u=0 upd_ctr=14 opt_step=224 E=0.594 g=0.128 VarTD=0.248344 ret_end=-25.001 dbar_end=0.654 occ_end=0.160 CSR_train=0.000 done_count=125
[upd 310] u=0 upd_ctr=15 opt_step=240 E=0.110 g=0.137 VarTD=0.280936 ret_end=-25.444 dbar_end=0.632 occ_end=0.296 CSR_train=0.000 done_count=125
[Gate5 check] update_counter violations: t0=0 diffs=0
[Gate5 check] opt_step violations: t0=0 diffs=0 (expected_inc=16)
[Gate5 check] NaN masking: nan_on_skip=True finite_on_update=True
[Gate5 summary] mean_update_fraction=0.0481 final_executed_updates_mean=15.00
[Gate5 eval] done_count mean=100.0 CSR mean=0.0000 len_end_mean=26.00
[Gate5 eval] episodes_per_env=4 T_eval=104
[Gate5 eval-debug] locked_eps_occ=0.20 pre(step25): dbar_end=0.511030 occupied_end_mean=0.390000 max_tilde_end_mean=0.738368 CSR@locked=0.000000
[Gate5 eval-debug] locked_eps_occ=0.20 post(step26): dbar_end=0.500306 occupied_end_mean=0.370000 max_tilde_end_mean=0.718459 CSR@locked=0.000000
[Gate5 eval-debug] CSR_pre@0.10=0.0000 CSR_pre@0.15=0.0000 CSR_pre@0.20=0.0000 CSR_pre@0.25=0.0200 CSR_pre@0.30=0.0300
[Gate5 eval-debug] CSR_post@0.10=0.0000 CSR_post@0.15=0.0000 CSR_post@0.20=0.0000 CSR_post@0.25=0.0000 CSR_post@0.30=0.0000
