Importing submoduled environments...
Submoduled environments not found. Skipping import.
[upd 0] u=1 upd_ctr=1 opt_step=16 E=1.000 g=0.094 VarTD=0.148631 ret_end=-26.843 dbar_end=0.752 occ_end=0.140 CSR_train=0.000 done_count=100
[upd 10] u=1 upd_ctr=11 opt_step=176 E=1.000 g=0.127 VarTD=0.136868 ret_end=-25.364 dbar_end=0.657 occ_end=0.144 CSR_train=0.000 done_count=125
[upd 20] u=1 upd_ctr=21 opt_step=336 E=1.000 g=0.156 VarTD=0.616358 ret_end=-24.707 dbar_end=0.591 occ_end=0.208 CSR_train=0.000 done_count=125
[upd 30] u=1 upd_ctr=31 opt_step=496 E=1.000 g=0.164 VarTD=1.909113 ret_end=-23.852 dbar_end=0.575 occ_end=0.248 CSR_train=0.008 done_count=125
[upd 40] u=1 upd_ctr=41 opt_step=656 E=1.000 g=0.188 VarTD=3.605923 ret_end=-23.112 dbar_end=0.533 occ_end=0.272 CSR_train=0.000 done_count=125
[upd 50] u=1 upd_ctr=51 opt_step=816 E=1.000 g=0.173 VarTD=5.061402 ret_end=-23.972 dbar_end=0.558 occ_end=0.256 CSR_train=0.000 done_count=125
[upd 60] u=1 upd_ctr=61 opt_step=976 E=1.000 g=0.154 VarTD=5.565415 ret_end=-23.348 dbar_end=0.595 occ_end=0.160 CSR_train=0.000 done_count=125
[upd 70] u=1 upd_ctr=71 opt_step=1136 E=1.000 g=0.183 VarTD=5.781643 ret_end=-22.396 dbar_end=0.540 occ_end=0.248 CSR_train=0.000 done_count=125
[upd 80] u=1 upd_ctr=81 opt_step=1296 E=1.000 g=0.173 VarTD=5.884433 ret_end=-23.076 dbar_end=0.559 occ_end=0.264 CSR_train=0.000 done_count=125
[upd 90] u=1 upd_ctr=91 opt_step=1456 E=1.000 g=0.188 VarTD=5.749086 ret_end=-22.126 dbar_end=0.533 occ_end=0.376 CSR_train=0.000 done_count=125
[upd 100] u=1 upd_ctr=101 opt_step=1616 E=1.000 g=0.218 VarTD=5.329193 ret_end=-21.838 dbar_end=0.484 occ_end=0.368 CSR_train=0.008 done_count=125
[upd 110] u=1 upd_ctr=111 opt_step=1776 E=1.000 g=0.195 VarTD=5.199306 ret_end=-22.212 dbar_end=0.520 occ_end=0.328 CSR_train=0.000 done_count=125
[upd 120] u=1 upd_ctr=121 opt_step=1936 E=1.000 g=0.199 VarTD=5.230542 ret_end=-21.754 dbar_end=0.515 occ_end=0.312 CSR_train=0.000 done_count=125
[upd 130] u=1 upd_ctr=131 opt_step=2096 E=1.000 g=0.205 VarTD=4.086258 ret_end=-21.916 dbar_end=0.505 occ_end=0.270 CSR_train=0.000 done_count=100
[upd 140] u=1 upd_ctr=141 opt_step=2256 E=1.000 g=0.209 VarTD=4.784685 ret_end=-22.499 dbar_end=0.499 occ_end=0.408 CSR_train=0.016 done_count=125
[upd 150] u=1 upd_ctr=151 opt_step=2416 E=1.000 g=0.182 VarTD=5.031633 ret_end=-22.191 dbar_end=0.543 occ_end=0.280 CSR_train=0.000 done_count=125
[upd 160] u=1 upd_ctr=161 opt_step=2576 E=1.000 g=0.185 VarTD=5.168285 ret_end=-22.482 dbar_end=0.537 occ_end=0.320 CSR_train=0.000 done_count=125
[upd 170] u=1 upd_ctr=171 opt_step=2736 E=1.000 g=0.196 VarTD=4.791055 ret_end=-22.400 dbar_end=0.519 occ_end=0.360 CSR_train=0.000 done_count=125
[upd 180] u=1 upd_ctr=181 opt_step=2896 E=1.000 g=0.211 VarTD=4.631694 ret_end=-22.056 dbar_end=0.496 occ_end=0.448 CSR_train=0.000 done_count=125
[upd 190] u=1 upd_ctr=191 opt_step=3056 E=1.000 g=0.210 VarTD=4.580942 ret_end=-21.431 dbar_end=0.497 occ_end=0.384 CSR_train=0.000 done_count=125
[upd 200] u=1 upd_ctr=201 opt_step=3216 E=1.000 g=0.193 VarTD=4.432581 ret_end=-22.269 dbar_end=0.524 occ_end=0.288 CSR_train=0.000 done_count=125
[upd 210] u=1 upd_ctr=211 opt_step=3376 E=1.000 g=0.196 VarTD=4.720404 ret_end=-21.808 dbar_end=0.519 occ_end=0.328 CSR_train=0.000 done_count=125
[upd 220] u=1 upd_ctr=221 opt_step=3536 E=1.000 g=0.198 VarTD=4.533218 ret_end=-22.362 dbar_end=0.515 occ_end=0.272 CSR_train=0.000 done_count=125
[upd 230] u=1 upd_ctr=231 opt_step=3696 E=1.000 g=0.206 VarTD=4.479688 ret_end=-21.560 dbar_end=0.504 occ_end=0.368 CSR_train=0.000 done_count=125
[upd 240] u=1 upd_ctr=241 opt_step=3856 E=1.000 g=0.205 VarTD=4.640395 ret_end=-21.720 dbar_end=0.505 occ_end=0.288 CSR_train=0.000 done_count=125
[upd 250] u=1 upd_ctr=251 opt_step=4016 E=1.000 g=0.187 VarTD=4.401118 ret_end=-22.000 dbar_end=0.535 occ_end=0.256 CSR_train=0.000 done_count=125
[upd 260] u=1 upd_ctr=261 opt_step=4176 E=1.000 g=0.183 VarTD=3.367445 ret_end=-22.363 dbar_end=0.540 occ_end=0.280 CSR_train=0.010 done_count=100
[upd 270] u=1 upd_ctr=271 opt_step=4336 E=1.000 g=0.188 VarTD=4.287815 ret_end=-22.207 dbar_end=0.532 occ_end=0.280 CSR_train=0.000 done_count=125
[upd 280] u=1 upd_ctr=281 opt_step=4496 E=1.000 g=0.200 VarTD=4.496505 ret_end=-22.110 dbar_end=0.512 occ_end=0.336 CSR_train=0.008 done_count=125
[upd 290] u=1 upd_ctr=291 opt_step=4656 E=1.000 g=0.168 VarTD=4.432955 ret_end=-23.158 dbar_end=0.567 occ_end=0.320 CSR_train=0.000 done_count=125
[upd 300] u=1 upd_ctr=301 opt_step=4816 E=1.000 g=0.180 VarTD=4.013546 ret_end=-23.119 dbar_end=0.547 occ_end=0.296 CSR_train=0.000 done_count=125
[upd 310] u=1 upd_ctr=311 opt_step=4976 E=1.000 g=0.207 VarTD=4.182721 ret_end=-22.120 dbar_end=0.501 occ_end=0.376 CSR_train=0.000 done_count=125
[Gate5 check] update_counter violations: t0=0 diffs=0
[Gate5 check] opt_step violations: t0=0 diffs=0 (expected_inc=16)
[Gate5 check] NaN masking: nan_on_skip=True finite_on_update=True
[Gate5 summary] mean_update_fraction=1.0000 final_executed_updates_mean=312.00
[Gate5 eval] done_count mean=100.0 CSR mean=0.0000 len_end_mean=26.00
[Gate5 eval] episodes_per_env=4 T_eval=104
[Gate5 eval-debug] locked_eps_occ=0.20 pre(step25): dbar_end=0.486464 occupied_end_mean=0.460000 max_tilde_end_mean=0.771599 CSR@locked=0.000000
[Gate5 eval-debug] locked_eps_occ=0.20 post(step26): dbar_end=0.485072 occupied_end_mean=0.480000 max_tilde_end_mean=0.771036 CSR@locked=0.000000
[Gate5 eval-debug] CSR_pre@0.10=0.0000 CSR_pre@0.15=0.0000 CSR_pre@0.20=0.0000 CSR_pre@0.25=0.0000 CSR_pre@0.30=0.0000
[Gate5 eval-debug] CSR_post@0.10=0.0000 CSR_post@0.15=0.0000 CSR_post@0.20=0.0000 CSR_post@0.25=0.0000 CSR_post@0.30=0.0000
