Importing submoduled environments...
Submoduled environments not found. Skipping import.
[upd 0] u=1 upd_ctr=1 opt_step=16 E=0.500 g=0.105 VarTD=0.153100 ret_end=-26.906 dbar_end=0.718 occ_end=0.160 CSR_train=0.000 done_count=100
[upd 10] u=0 upd_ctr=2 opt_step=32 E=0.000 g=0.084 VarTD=0.156167 ret_end=-28.285 dbar_end=0.790 occ_end=0.096 CSR_train=0.000 done_count=125
[upd 20] u=0 upd_ctr=2 opt_step=32 E=0.000 g=0.103 VarTD=0.131101 ret_end=-26.484 dbar_end=0.724 occ_end=0.184 CSR_train=0.000 done_count=125
[upd 30] u=0 upd_ctr=2 opt_step=32 E=0.000 g=0.099 VarTD=0.152252 ret_end=-27.284 dbar_end=0.736 occ_end=0.168 CSR_train=0.000 done_count=125
[upd 40] u=0 upd_ctr=2 opt_step=32 E=0.000 g=0.086 VarTD=0.147355 ret_end=-28.605 dbar_end=0.781 occ_end=0.128 CSR_train=0.000 done_count=125
[upd 50] u=0 upd_ctr=2 opt_step=32 E=0.000 g=0.091 VarTD=0.137273 ret_end=-28.033 dbar_end=0.765 occ_end=0.176 CSR_train=0.000 done_count=125
[upd 60] u=0 upd_ctr=2 opt_step=32 E=0.000 g=0.098 VarTD=0.136267 ret_end=-27.022 dbar_end=0.739 occ_end=0.168 CSR_train=0.000 done_count=125
[upd 70] u=0 upd_ctr=2 opt_step=32 E=0.000 g=0.117 VarTD=0.124453 ret_end=-25.993 dbar_end=0.683 occ_end=0.200 CSR_train=0.000 done_count=125
[upd 80] u=0 upd_ctr=2 opt_step=32 E=0.000 g=0.114 VarTD=0.105683 ret_end=-25.353 dbar_end=0.693 occ_end=0.208 CSR_train=0.000 done_count=125
[upd 90] u=0 upd_ctr=2 opt_step=32 E=0.000 g=0.096 VarTD=0.142154 ret_end=-26.597 dbar_end=0.745 occ_end=0.176 CSR_train=0.000 done_count=125
[upd 100] u=0 upd_ctr=2 opt_step=32 E=0.000 g=0.097 VarTD=0.133039 ret_end=-27.132 dbar_end=0.742 occ_end=0.136 CSR_train=0.000 done_count=125
[upd 110] u=0 upd_ctr=2 opt_step=32 E=0.000 g=0.100 VarTD=0.139437 ret_end=-26.593 dbar_end=0.733 occ_end=0.128 CSR_train=0.000 done_count=125
[upd 120] u=0 upd_ctr=2 opt_step=32 E=0.000 g=0.096 VarTD=0.146452 ret_end=-27.699 dbar_end=0.746 occ_end=0.128 CSR_train=0.000 done_count=125
[Gate5 check] update_counter violations: t0=0 diffs=0
[Gate5 check] opt_step violations: t0=0 diffs=0 (expected_inc=16)
[Gate5 check] NaN masking: nan_on_skip=True finite_on_update=True
[Gate5 summary] mean_update_fraction=0.0160 final_executed_updates_mean=2.00
[Gate5 eval] done_count mean=100.0 CSR mean=0.0000 len_end_mean=26.00
[Gate5 eval] episodes_per_env=4 T_eval=104
[Gate5 eval-debug] locked_eps_occ=0.20 pre(step25): dbar_end=0.566850 occupied_end_mean=0.280000 max_tilde_end_mean=0.855521 CSR@locked=0.000000
[Gate5 eval-debug] locked_eps_occ=0.20 post(step26): dbar_end=0.571810 occupied_end_mean=0.340000 max_tilde_end_mean=0.857653 CSR@locked=0.000000
[Gate5 eval-debug] CSR_pre@0.10=0.0000 CSR_pre@0.15=0.0000 CSR_pre@0.20=0.0000 CSR_pre@0.25=0.0100 CSR_pre@0.30=0.0100
[Gate5 eval-debug] CSR_post@0.10=0.0000 CSR_post@0.15=0.0000 CSR_post@0.20=0.0000 CSR_post@0.25=0.0000 CSR_post@0.30=0.0100
