Importing submoduled environments...
Submoduled environments not found. Skipping import.
[upd 0] u=1 upd_ctr=1 opt_step=16 E=0.114 g=0.092 VarTD=0.127621 ret_end=-27.319 dbar_end=0.760 occ_end=0.140 CSR_train=0.000 done_count=100
[upd 10] u=0 upd_ctr=1 opt_step=16 E=0.777 g=0.102 VarTD=0.162085 ret_end=-27.682 dbar_end=0.727 occ_end=0.168 CSR_train=0.000 done_count=125
[upd 20] u=0 upd_ctr=2 opt_step=32 E=0.475 g=0.087 VarTD=0.134174 ret_end=-28.202 dbar_end=0.780 occ_end=0.152 CSR_train=0.000 done_count=125
[upd 30] u=0 upd_ctr=3 opt_step=48 E=0.211 g=0.096 VarTD=0.129810 ret_end=-26.814 dbar_end=0.745 occ_end=0.152 CSR_train=0.000 done_count=125
[upd 40] u=0 upd_ctr=3 opt_step=48 E=0.868 g=0.087 VarTD=0.135072 ret_end=-27.563 dbar_end=0.776 occ_end=0.080 CSR_train=0.000 done_count=125
[upd 50] u=0 upd_ctr=4 opt_step=64 E=0.609 g=0.101 VarTD=0.135301 ret_end=-26.432 dbar_end=0.729 occ_end=0.168 CSR_train=0.000 done_count=125
[upd 60] u=0 upd_ctr=5 opt_step=80 E=0.346 g=0.102 VarTD=0.125092 ret_end=-26.891 dbar_end=0.728 occ_end=0.136 CSR_train=0.000 done_count=125
[upd 70] u=1 upd_ctr=6 opt_step=96 E=0.117 g=0.103 VarTD=0.163376 ret_end=-26.990 dbar_end=0.725 occ_end=0.152 CSR_train=0.000 done_count=125
[upd 80] u=0 upd_ctr=6 opt_step=96 E=0.867 g=0.110 VarTD=0.152800 ret_end=-26.092 dbar_end=0.702 occ_end=0.192 CSR_train=0.000 done_count=125
[upd 90] u=0 upd_ctr=7 opt_step=112 E=0.647 g=0.108 VarTD=0.148167 ret_end=-27.686 dbar_end=0.710 occ_end=0.200 CSR_train=0.000 done_count=125
[upd 100] u=0 upd_ctr=8 opt_step=128 E=0.478 g=0.124 VarTD=0.135727 ret_end=-25.056 dbar_end=0.666 occ_end=0.192 CSR_train=0.000 done_count=125
[upd 110] u=0 upd_ctr=9 opt_step=144 E=0.322 g=0.110 VarTD=0.168075 ret_end=-27.209 dbar_end=0.702 occ_end=0.200 CSR_train=0.000 done_count=125
[upd 120] u=0 upd_ctr=10 opt_step=160 E=0.192 g=0.130 VarTD=0.149765 ret_end=-25.898 dbar_end=0.650 occ_end=0.224 CSR_train=0.000 done_count=125
[upd 130] u=0 upd_ctr=10 opt_step=160 E=1.000 g=0.133 VarTD=0.130001 ret_end=-24.883 dbar_end=0.642 occ_end=0.260 CSR_train=0.000 done_count=100
[upd 140] u=0 upd_ctr=11 opt_step=176 E=0.900 g=0.128 VarTD=0.174536 ret_end=-25.853 dbar_end=0.655 occ_end=0.232 CSR_train=0.000 done_count=125
[upd 150] u=0 upd_ctr=12 opt_step=192 E=0.799 g=0.116 VarTD=0.168812 ret_end=-25.854 dbar_end=0.686 occ_end=0.152 CSR_train=0.000 done_count=125
[upd 160] u=0 upd_ctr=13 opt_step=208 E=0.695 g=0.127 VarTD=0.172436 ret_end=-25.851 dbar_end=0.658 occ_end=0.248 CSR_train=0.000 done_count=125
[upd 170] u=0 upd_ctr=14 opt_step=224 E=0.637 g=0.140 VarTD=0.246547 ret_end=-24.977 dbar_end=0.626 occ_end=0.232 CSR_train=0.000 done_count=125
[upd 180] u=0 upd_ctr=15 opt_step=240 E=0.619 g=0.149 VarTD=0.274830 ret_end=-24.517 dbar_end=0.607 occ_end=0.240 CSR_train=0.000 done_count=125
[upd 190] u=0 upd_ctr=16 opt_step=256 E=0.580 g=0.129 VarTD=0.327246 ret_end=-25.622 dbar_end=0.652 occ_end=0.216 CSR_train=0.000 done_count=125
[upd 200] u=0 upd_ctr=17 opt_step=272 E=0.535 g=0.134 VarTD=0.357150 ret_end=-25.831 dbar_end=0.641 occ_end=0.320 CSR_train=0.000 done_count=125
[upd 210] u=0 upd_ctr=18 opt_step=288 E=0.527 g=0.120 VarTD=0.403383 ret_end=-26.321 dbar_end=0.675 occ_end=0.128 CSR_train=0.000 done_count=125
[upd 220] u=0 upd_ctr=19 opt_step=304 E=0.518 g=0.142 VarTD=0.486673 ret_end=-25.177 dbar_end=0.621 occ_end=0.168 CSR_train=0.008 done_count=125
[upd 230] u=0 upd_ctr=20 opt_step=320 E=0.507 g=0.135 VarTD=0.597382 ret_end=-25.821 dbar_end=0.638 occ_end=0.248 CSR_train=0.000 done_count=125
[upd 240] u=0 upd_ctr=21 opt_step=336 E=0.540 g=0.131 VarTD=0.685880 ret_end=-25.918 dbar_end=0.647 occ_end=0.216 CSR_train=0.000 done_count=125
[upd 250] u=0 upd_ctr=22 opt_step=352 E=0.537 g=0.130 VarTD=0.742907 ret_end=-25.929 dbar_end=0.650 occ_end=0.240 CSR_train=0.000 done_count=125
[upd 260] u=0 upd_ctr=23 opt_step=368 E=0.521 g=0.123 VarTD=0.677321 ret_end=-26.340 dbar_end=0.667 occ_end=0.190 CSR_train=0.000 done_count=100
[upd 270] u=0 upd_ctr=24 opt_step=384 E=0.507 g=0.125 VarTD=0.947120 ret_end=-25.978 dbar_end=0.663 occ_end=0.160 CSR_train=0.000 done_count=125
[upd 280] u=0 upd_ctr=25 opt_step=400 E=0.525 g=0.136 VarTD=1.121080 ret_end=-24.870 dbar_end=0.635 occ_end=0.264 CSR_train=0.000 done_count=125
[upd 290] u=0 upd_ctr=26 opt_step=416 E=0.577 g=0.159 VarTD=1.256526 ret_end=-24.136 dbar_end=0.585 occ_end=0.264 CSR_train=0.000 done_count=125
[upd 300] u=0 upd_ctr=27 opt_step=432 E=0.631 g=0.144 VarTD=1.381016 ret_end=-24.820 dbar_end=0.617 occ_end=0.152 CSR_train=0.000 done_count=125
[upd 310] u=0 upd_ctr=28 opt_step=448 E=0.676 g=0.146 VarTD=1.522079 ret_end=-24.024 dbar_end=0.612 occ_end=0.248 CSR_train=0.000 done_count=125
[Gate5 check] update_counter violations: t0=0 diffs=0
[Gate5 check] opt_step violations: t0=0 diffs=0 (expected_inc=16)
[Gate5 check] NaN masking: nan_on_skip=True finite_on_update=True
[Gate5 summary] mean_update_fraction=0.0897 final_executed_updates_mean=28.00
[Gate5 eval] done_count mean=100.0 CSR mean=0.0100 len_end_mean=26.00
[Gate5 eval] episodes_per_env=4 T_eval=104
[Gate5 eval-debug] locked_eps_occ=0.20 pre(step25): dbar_end=0.460900 occupied_end_mean=0.510000 max_tilde_end_mean=0.686956 CSR@locked=0.000000
[Gate5 eval-debug] locked_eps_occ=0.20 post(step26): dbar_end=0.469707 occupied_end_mean=0.410000 max_tilde_end_mean=0.696941 CSR@locked=0.010000
[Gate5 eval-debug] CSR_pre@0.10=0.0000 CSR_pre@0.15=0.0000 CSR_pre@0.20=0.0000 CSR_pre@0.25=0.0500 CSR_pre@0.30=0.0600
[Gate5 eval-debug] CSR_post@0.10=0.0000 CSR_post@0.15=0.0000 CSR_post@0.20=0.0100 CSR_post@0.25=0.0400 CSR_post@0.30=0.0400
