Importing submoduled environments...
Submoduled environments not found. Skipping import.
[upd 0] u=1 upd_ctr=1 opt_step=16 E=0.346 g=0.093 VarTD=0.145852 ret_end=-27.154 dbar_end=0.757 occ_end=0.170 CSR_train=0.000 done_count=100
[upd 10] u=0 upd_ctr=2 opt_step=32 E=0.112 g=0.091 VarTD=0.151263 ret_end=-27.332 dbar_end=0.763 occ_end=0.176 CSR_train=0.008 done_count=125
[upd 20] u=0 upd_ctr=2 opt_step=32 E=0.608 g=0.097 VarTD=0.146628 ret_end=-26.725 dbar_end=0.742 occ_end=0.184 CSR_train=0.000 done_count=125
[upd 30] u=0 upd_ctr=3 opt_step=48 E=0.395 g=0.097 VarTD=0.142523 ret_end=-26.862 dbar_end=0.744 occ_end=0.168 CSR_train=0.000 done_count=125
[upd 40] u=0 upd_ctr=4 opt_step=64 E=0.225 g=0.098 VarTD=0.151116 ret_end=-27.086 dbar_end=0.740 occ_end=0.120 CSR_train=0.000 done_count=125
[upd 50] u=0 upd_ctr=4 opt_step=64 E=0.752 g=0.108 VarTD=0.161574 ret_end=-26.832 dbar_end=0.708 occ_end=0.184 CSR_train=0.000 done_count=125
[upd 60] u=0 upd_ctr=5 opt_step=80 E=0.595 g=0.112 VarTD=0.155193 ret_end=-25.956 dbar_end=0.698 occ_end=0.272 CSR_train=0.000 done_count=125
[upd 70] u=0 upd_ctr=6 opt_step=96 E=0.433 g=0.104 VarTD=0.158269 ret_end=-27.169 dbar_end=0.721 occ_end=0.216 CSR_train=0.000 done_count=125
[upd 80] u=0 upd_ctr=7 opt_step=112 E=0.267 g=0.104 VarTD=0.142227 ret_end=-26.589 dbar_end=0.720 occ_end=0.192 CSR_train=0.000 done_count=125
[upd 90] u=1 upd_ctr=8 opt_step=128 E=0.112 g=0.109 VarTD=0.141055 ret_end=-26.711 dbar_end=0.707 occ_end=0.176 CSR_train=0.000 done_count=125
[upd 100] u=0 upd_ctr=8 opt_step=128 E=0.684 g=0.121 VarTD=0.135877 ret_end=-25.659 dbar_end=0.673 occ_end=0.136 CSR_train=0.000 done_count=125
[upd 110] u=0 upd_ctr=9 opt_step=144 E=0.558 g=0.114 VarTD=0.179451 ret_end=-25.632 dbar_end=0.692 occ_end=0.232 CSR_train=0.000 done_count=125
[upd 120] u=0 upd_ctr=10 opt_step=160 E=0.432 g=0.116 VarTD=0.155339 ret_end=-25.786 dbar_end=0.687 occ_end=0.160 CSR_train=0.000 done_count=125
[Gate5 check] update_counter violations: t0=0 diffs=0
[Gate5 check] opt_step violations: t0=0 diffs=0 (expected_inc=16)
[Gate5 check] NaN masking: nan_on_skip=True finite_on_update=True
[Gate5 summary] mean_update_fraction=0.0800 final_executed_updates_mean=10.00
[Gate5 eval] done_count mean=100.0 CSR mean=0.0000 len_end_mean=26.00
[Gate5 eval] episodes_per_env=4 T_eval=104
[Gate5 eval-debug] locked_eps_occ=0.20 pre(step25): dbar_end=0.496638 occupied_end_mean=0.410000 max_tilde_end_mean=0.716961 CSR@locked=0.000000
[Gate5 eval-debug] locked_eps_occ=0.20 post(step26): dbar_end=0.500298 occupied_end_mean=0.430000 max_tilde_end_mean=0.725119 CSR@locked=0.000000
[Gate5 eval-debug] CSR_pre@0.10=0.0000 CSR_pre@0.15=0.0000 CSR_pre@0.20=0.0000 CSR_pre@0.25=0.0100 CSR_pre@0.30=0.0100
[Gate5 eval-debug] CSR_post@0.10=0.0000 CSR_post@0.15=0.0000 CSR_post@0.20=0.0000 CSR_post@0.25=0.0000 CSR_post@0.30=0.0200
