Importing submoduled environments...
Submoduled environments not found. Skipping import.
[upd 0] u=1 upd_ctr=1 opt_step=16 E=0.138 g=0.096 VarTD=0.164885 ret_end=-27.291 dbar_end=0.746 occ_end=0.170 CSR_train=0.000 done_count=100
[upd 10] u=0 upd_ctr=1 opt_step=16 E=0.540 g=0.091 VarTD=0.137991 ret_end=-27.480 dbar_end=0.764 occ_end=0.136 CSR_train=0.000 done_count=125
[upd 20] u=1 upd_ctr=2 opt_step=32 E=0.043 g=0.107 VarTD=0.128434 ret_end=-26.720 dbar_end=0.712 occ_end=0.216 CSR_train=0.000 done_count=125
[upd 30] u=0 upd_ctr=2 opt_step=32 E=0.451 g=0.111 VarTD=0.141563 ret_end=-25.853 dbar_end=0.700 occ_end=0.200 CSR_train=0.000 done_count=125
[upd 40] u=0 upd_ctr=2 opt_step=32 E=0.858 g=0.100 VarTD=0.144922 ret_end=-26.858 dbar_end=0.734 occ_end=0.192 CSR_train=0.000 done_count=125
[upd 50] u=0 upd_ctr=3 opt_step=48 E=0.371 g=0.095 VarTD=0.150316 ret_end=-26.789 dbar_end=0.749 occ_end=0.136 CSR_train=0.000 done_count=125
[upd 60] u=0 upd_ctr=3 opt_step=48 E=0.779 g=0.088 VarTD=0.172128 ret_end=-28.327 dbar_end=0.772 occ_end=0.120 CSR_train=0.000 done_count=125
[upd 70] u=0 upd_ctr=4 opt_step=64 E=0.297 g=0.107 VarTD=0.154483 ret_end=-26.752 dbar_end=0.713 occ_end=0.176 CSR_train=0.000 done_count=125
[upd 80] u=0 upd_ctr=4 opt_step=64 E=0.728 g=0.115 VarTD=0.153181 ret_end=-25.948 dbar_end=0.689 occ_end=0.168 CSR_train=0.000 done_count=125
[upd 90] u=0 upd_ctr=5 opt_step=80 E=0.266 g=0.111 VarTD=0.133816 ret_end=-26.327 dbar_end=0.701 occ_end=0.184 CSR_train=0.000 done_count=125
[upd 100] u=0 upd_ctr=5 opt_step=80 E=0.734 g=0.110 VarTD=0.117773 ret_end=-26.789 dbar_end=0.702 occ_end=0.192 CSR_train=0.008 done_count=125
[upd 110] u=0 upd_ctr=6 opt_step=96 E=0.290 g=0.123 VarTD=0.143683 ret_end=-25.343 dbar_end=0.668 occ_end=0.192 CSR_train=0.000 done_count=125
[upd 120] u=0 upd_ctr=6 opt_step=96 E=0.741 g=0.113 VarTD=0.152700 ret_end=-26.055 dbar_end=0.694 occ_end=0.216 CSR_train=0.000 done_count=125
[upd 130] u=0 upd_ctr=7 opt_step=112 E=0.299 g=0.107 VarTD=0.114604 ret_end=-25.818 dbar_end=0.711 occ_end=0.140 CSR_train=0.000 done_count=100
[upd 140] u=0 upd_ctr=7 opt_step=112 E=0.778 g=0.111 VarTD=0.147877 ret_end=-26.378 dbar_end=0.700 occ_end=0.224 CSR_train=0.000 done_count=125
[upd 150] u=0 upd_ctr=8 opt_step=128 E=0.370 g=0.117 VarTD=0.160801 ret_end=-26.407 dbar_end=0.684 occ_end=0.232 CSR_train=0.000 done_count=125
[upd 160] u=0 upd_ctr=8 opt_step=128 E=0.852 g=0.122 VarTD=0.152275 ret_end=-25.979 dbar_end=0.671 occ_end=0.160 CSR_train=0.000 done_count=125
[upd 170] u=0 upd_ctr=9 opt_step=144 E=0.453 g=0.114 VarTD=0.154518 ret_end=-25.883 dbar_end=0.692 occ_end=0.192 CSR_train=0.000 done_count=125
[upd 180] u=1 upd_ctr=10 opt_step=160 E=0.054 g=0.120 VarTD=0.138095 ret_end=-26.069 dbar_end=0.676 occ_end=0.152 CSR_train=0.000 done_count=125
[upd 190] u=0 upd_ctr=10 opt_step=160 E=0.541 g=0.131 VarTD=0.177471 ret_end=-25.574 dbar_end=0.647 occ_end=0.224 CSR_train=0.000 done_count=125
[upd 200] u=0 upd_ctr=11 opt_step=176 E=0.128 g=0.115 VarTD=0.181892 ret_end=-26.632 dbar_end=0.688 occ_end=0.184 CSR_train=0.000 done_count=125
[upd 210] u=0 upd_ctr=11 opt_step=176 E=0.626 g=0.120 VarTD=0.193493 ret_end=-26.423 dbar_end=0.676 occ_end=0.240 CSR_train=0.000 done_count=125
[upd 220] u=0 upd_ctr=12 opt_step=192 E=0.235 g=0.125 VarTD=0.188151 ret_end=-25.496 dbar_end=0.662 occ_end=0.264 CSR_train=0.000 done_count=125
[upd 230] u=0 upd_ctr=12 opt_step=192 E=0.748 g=0.126 VarTD=0.174338 ret_end=-25.752 dbar_end=0.659 occ_end=0.184 CSR_train=0.000 done_count=125
[upd 240] u=0 upd_ctr=13 opt_step=208 E=0.350 g=0.128 VarTD=0.211596 ret_end=-25.247 dbar_end=0.654 occ_end=0.184 CSR_train=0.008 done_count=125
[upd 250] u=0 upd_ctr=13 opt_step=208 E=0.860 g=0.121 VarTD=0.199560 ret_end=-25.560 dbar_end=0.672 occ_end=0.224 CSR_train=0.000 done_count=125
[upd 260] u=0 upd_ctr=14 opt_step=224 E=0.484 g=0.135 VarTD=0.195312 ret_end=-24.697 dbar_end=0.638 occ_end=0.200 CSR_train=0.000 done_count=100
[upd 270] u=1 upd_ctr=15 opt_step=240 E=0.097 g=0.121 VarTD=0.242140 ret_end=-26.326 dbar_end=0.672 occ_end=0.176 CSR_train=0.000 done_count=125
[upd 280] u=0 upd_ctr=15 opt_step=240 E=0.627 g=0.122 VarTD=0.282252 ret_end=-26.000 dbar_end=0.669 occ_end=0.192 CSR_train=0.000 done_count=125
[upd 290] u=0 upd_ctr=16 opt_step=256 E=0.277 g=0.141 VarTD=0.303152 ret_end=-25.011 dbar_end=0.624 occ_end=0.176 CSR_train=0.000 done_count=125
[upd 300] u=0 upd_ctr=16 opt_step=256 E=0.834 g=0.141 VarTD=0.311637 ret_end=-24.729 dbar_end=0.624 occ_end=0.256 CSR_train=0.000 done_count=125
[upd 310] u=0 upd_ctr=17 opt_step=272 E=0.483 g=0.140 VarTD=0.367452 ret_end=-25.628 dbar_end=0.626 occ_end=0.208 CSR_train=0.000 done_count=125
[Gate5 check] update_counter violations: t0=0 diffs=0
[Gate5 check] opt_step violations: t0=0 diffs=0 (expected_inc=16)
[Gate5 check] NaN masking: nan_on_skip=True finite_on_update=True
[Gate5 summary] mean_update_fraction=0.0545 final_executed_updates_mean=17.00
[Gate5 eval] done_count mean=100.0 CSR mean=0.0100 len_end_mean=26.00
[Gate5 eval] episodes_per_env=4 T_eval=104
[Gate5 eval-debug] locked_eps_occ=0.20 pre(step25): dbar_end=0.496155 occupied_end_mean=0.390000 max_tilde_end_mean=0.744732 CSR@locked=0.000000
[Gate5 eval-debug] locked_eps_occ=0.20 post(step26): dbar_end=0.508399 occupied_end_mean=0.390000 max_tilde_end_mean=0.761924 CSR@locked=0.010000
[Gate5 eval-debug] CSR_pre@0.10=0.0000 CSR_pre@0.15=0.0000 CSR_pre@0.20=0.0000 CSR_pre@0.25=0.0000 CSR_pre@0.30=0.0000
[Gate5 eval-debug] CSR_post@0.10=0.0000 CSR_post@0.15=0.0000 CSR_post@0.20=0.0100 CSR_post@0.25=0.0100 CSR_post@0.30=0.0200
