Importing submoduled environments...
Submoduled environments not found. Skipping import.
[upd 0] u=1 upd_ctr=1 opt_step=16 E=0.030 g=0.099 VarTD=0.140656 ret_end=-26.323 dbar_end=0.738 occ_end=0.170 CSR_train=0.000 done_count=100
[upd 10] u=0 upd_ctr=1 opt_step=16 E=0.298 g=0.094 VarTD=0.164372 ret_end=-27.885 dbar_end=0.755 occ_end=0.144 CSR_train=0.000 done_count=125
[upd 20] u=0 upd_ctr=1 opt_step=16 E=0.565 g=0.085 VarTD=0.157447 ret_end=-28.074 dbar_end=0.784 occ_end=0.096 CSR_train=0.000 done_count=125
[upd 30] u=0 upd_ctr=1 opt_step=16 E=0.826 g=0.085 VarTD=0.189403 ret_end=-27.581 dbar_end=0.785 occ_end=0.176 CSR_train=0.000 done_count=125
[upd 40] u=0 upd_ctr=2 opt_step=32 E=0.077 g=0.093 VarTD=0.142894 ret_end=-27.180 dbar_end=0.757 occ_end=0.216 CSR_train=0.000 done_count=125
[upd 50] u=0 upd_ctr=2 opt_step=32 E=0.354 g=0.094 VarTD=0.135676 ret_end=-27.440 dbar_end=0.752 occ_end=0.096 CSR_train=0.000 done_count=125
[upd 60] u=0 upd_ctr=2 opt_step=32 E=0.639 g=0.087 VarTD=0.153551 ret_end=-27.715 dbar_end=0.779 occ_end=0.144 CSR_train=0.000 done_count=125
[upd 70] u=0 upd_ctr=2 opt_step=32 E=0.916 g=0.092 VarTD=0.144580 ret_end=-27.330 dbar_end=0.759 occ_end=0.104 CSR_train=0.000 done_count=125
[upd 80] u=0 upd_ctr=3 opt_step=48 E=0.195 g=0.093 VarTD=0.168775 ret_end=-27.381 dbar_end=0.756 occ_end=0.168 CSR_train=0.000 done_count=125
[upd 90] u=0 upd_ctr=3 opt_step=48 E=0.487 g=0.108 VarTD=0.133894 ret_end=-25.458 dbar_end=0.707 occ_end=0.256 CSR_train=0.008 done_count=125
[upd 100] u=0 upd_ctr=3 opt_step=48 E=0.791 g=0.097 VarTD=0.169405 ret_end=-27.541 dbar_end=0.744 occ_end=0.168 CSR_train=0.000 done_count=125
[upd 110] u=0 upd_ctr=4 opt_step=64 E=0.059 g=0.102 VarTD=0.154107 ret_end=-27.099 dbar_end=0.726 occ_end=0.176 CSR_train=0.000 done_count=125
[upd 120] u=0 upd_ctr=4 opt_step=64 E=0.375 g=0.119 VarTD=0.134737 ret_end=-26.178 dbar_end=0.679 occ_end=0.184 CSR_train=0.000 done_count=125
[upd 130] u=0 upd_ctr=4 opt_step=64 E=0.698 g=0.101 VarTD=0.145337 ret_end=-26.970 dbar_end=0.729 occ_end=0.220 CSR_train=0.000 done_count=100
[upd 140] u=0 upd_ctr=4 opt_step=64 E=1.000 g=0.112 VarTD=0.125762 ret_end=-26.007 dbar_end=0.698 occ_end=0.256 CSR_train=0.000 done_count=125
[upd 150] u=0 upd_ctr=5 opt_step=80 E=0.339 g=0.103 VarTD=0.159899 ret_end=-26.166 dbar_end=0.725 occ_end=0.152 CSR_train=0.000 done_count=125
[upd 160] u=0 upd_ctr=5 opt_step=80 E=0.659 g=0.119 VarTD=0.130535 ret_end=-25.583 dbar_end=0.677 occ_end=0.184 CSR_train=0.000 done_count=125
[upd 170] u=0 upd_ctr=5 opt_step=80 E=0.979 g=0.114 VarTD=0.133905 ret_end=-26.292 dbar_end=0.691 occ_end=0.208 CSR_train=0.000 done_count=125
[upd 180] u=0 upd_ctr=6 opt_step=96 E=0.309 g=0.113 VarTD=0.147186 ret_end=-26.629 dbar_end=0.694 occ_end=0.176 CSR_train=0.000 done_count=125
[upd 190] u=0 upd_ctr=6 opt_step=96 E=0.651 g=0.115 VarTD=0.170915 ret_end=-26.289 dbar_end=0.690 occ_end=0.176 CSR_train=0.000 done_count=125
[upd 200] u=0 upd_ctr=6 opt_step=96 E=1.000 g=0.118 VarTD=0.121676 ret_end=-25.811 dbar_end=0.682 occ_end=0.192 CSR_train=0.000 done_count=125
[upd 210] u=0 upd_ctr=7 opt_step=112 E=0.365 g=0.126 VarTD=0.149712 ret_end=-26.209 dbar_end=0.660 occ_end=0.208 CSR_train=0.000 done_count=125
[upd 220] u=0 upd_ctr=7 opt_step=112 E=0.740 g=0.127 VarTD=0.160574 ret_end=-26.453 dbar_end=0.657 occ_end=0.216 CSR_train=0.000 done_count=125
[upd 230] u=0 upd_ctr=8 opt_step=128 E=0.072 g=0.119 VarTD=0.138613 ret_end=-25.926 dbar_end=0.679 occ_end=0.112 CSR_train=0.000 done_count=125
[upd 240] u=0 upd_ctr=8 opt_step=128 E=0.446 g=0.135 VarTD=0.133825 ret_end=-25.195 dbar_end=0.638 occ_end=0.248 CSR_train=0.000 done_count=125
[upd 250] u=0 upd_ctr=8 opt_step=128 E=0.814 g=0.112 VarTD=0.201291 ret_end=-27.418 dbar_end=0.698 occ_end=0.224 CSR_train=0.000 done_count=125
[upd 260] u=0 upd_ctr=9 opt_step=144 E=0.147 g=0.112 VarTD=0.139751 ret_end=-26.845 dbar_end=0.697 occ_end=0.150 CSR_train=0.000 done_count=100
[upd 270] u=0 upd_ctr=9 opt_step=144 E=0.539 g=0.132 VarTD=0.164056 ret_end=-24.957 dbar_end=0.644 occ_end=0.232 CSR_train=0.000 done_count=125
[upd 280] u=0 upd_ctr=9 opt_step=144 E=0.925 g=0.142 VarTD=0.164115 ret_end=-24.725 dbar_end=0.622 occ_end=0.248 CSR_train=0.000 done_count=125
[upd 290] u=0 upd_ctr=10 opt_step=160 E=0.329 g=0.143 VarTD=0.148701 ret_end=-24.116 dbar_end=0.620 occ_end=0.200 CSR_train=0.000 done_count=125
[upd 300] u=0 upd_ctr=10 opt_step=160 E=0.738 g=0.141 VarTD=0.158463 ret_end=-24.914 dbar_end=0.623 occ_end=0.216 CSR_train=0.000 done_count=125
[upd 310] u=0 upd_ctr=11 opt_step=176 E=0.118 g=0.131 VarTD=0.177846 ret_end=-25.720 dbar_end=0.647 occ_end=0.224 CSR_train=0.000 done_count=125
[Gate5 check] update_counter violations: t0=0 diffs=0
[Gate5 check] opt_step violations: t0=0 diffs=0 (expected_inc=16)
[Gate5 check] NaN masking: nan_on_skip=True finite_on_update=True
[Gate5 summary] mean_update_fraction=0.0353 final_executed_updates_mean=11.00
[Gate5 eval] done_count mean=100.0 CSR mean=0.0100 len_end_mean=26.00
[Gate5 eval] episodes_per_env=4 T_eval=104
[Gate5 eval-debug] locked_eps_occ=0.20 pre(step25): dbar_end=0.516813 occupied_end_mean=0.310000 max_tilde_end_mean=0.737574 CSR@locked=0.010000
[Gate5 eval-debug] locked_eps_occ=0.20 post(step26): dbar_end=0.525724 occupied_end_mean=0.350000 max_tilde_end_mean=0.744350 CSR@locked=0.010000
[Gate5 eval-debug] CSR_pre@0.10=0.0000 CSR_pre@0.15=0.0000 CSR_pre@0.20=0.0100 CSR_pre@0.25=0.0100 CSR_pre@0.30=0.0500
[Gate5 eval-debug] CSR_post@0.10=0.0000 CSR_post@0.15=0.0000 CSR_post@0.20=0.0100 CSR_post@0.25=0.0300 CSR_post@0.30=0.0700
