Importing submoduled environments...
Submoduled environments not found. Skipping import.
[upd 0] u=1 upd_ctr=1 opt_step=16 E=0.083 g=0.092 VarTD=0.127621 ret_end=-27.319 dbar_end=0.760 occ_end=0.140 CSR_train=0.000 done_count=100
[upd 10] u=0 upd_ctr=1 opt_step=16 E=0.935 g=0.102 VarTD=0.162085 ret_end=-27.682 dbar_end=0.727 occ_end=0.168 CSR_train=0.000 done_count=125
[upd 20] u=0 upd_ctr=2 opt_step=32 E=0.754 g=0.089 VarTD=0.127993 ret_end=-27.870 dbar_end=0.769 occ_end=0.176 CSR_train=0.000 done_count=125
[upd 30] u=0 upd_ctr=3 opt_step=48 E=0.647 g=0.102 VarTD=0.134571 ret_end=-26.716 dbar_end=0.727 occ_end=0.192 CSR_train=0.000 done_count=125
[upd 40] u=0 upd_ctr=4 opt_step=64 E=0.447 g=0.095 VarTD=0.134064 ret_end=-27.095 dbar_end=0.749 occ_end=0.096 CSR_train=0.000 done_count=125
[upd 50] u=0 upd_ctr=5 opt_step=80 E=0.408 g=0.111 VarTD=0.136842 ret_end=-25.878 dbar_end=0.699 occ_end=0.208 CSR_train=0.000 done_count=125
[upd 60] u=0 upd_ctr=6 opt_step=96 E=0.332 g=0.119 VarTD=0.125065 ret_end=-26.081 dbar_end=0.677 occ_end=0.184 CSR_train=0.000 done_count=125
[upd 70] u=0 upd_ctr=7 opt_step=112 E=0.331 g=0.119 VarTD=0.166910 ret_end=-26.262 dbar_end=0.679 occ_end=0.192 CSR_train=0.000 done_count=125
[upd 80] u=0 upd_ctr=8 opt_step=128 E=0.340 g=0.122 VarTD=0.162188 ret_end=-25.539 dbar_end=0.671 occ_end=0.184 CSR_train=0.000 done_count=125
[upd 90] u=0 upd_ctr=9 opt_step=144 E=0.451 g=0.127 VarTD=0.167778 ret_end=-26.881 dbar_end=0.656 occ_end=0.216 CSR_train=0.000 done_count=125
[upd 100] u=0 upd_ctr=10 opt_step=160 E=0.570 g=0.131 VarTD=0.161073 ret_end=-24.827 dbar_end=0.648 occ_end=0.216 CSR_train=0.000 done_count=125
[upd 110] u=0 upd_ctr=11 opt_step=176 E=0.690 g=0.123 VarTD=0.203594 ret_end=-26.352 dbar_end=0.668 occ_end=0.208 CSR_train=0.000 done_count=125
[upd 120] u=0 upd_ctr=12 opt_step=192 E=0.822 g=0.136 VarTD=0.179066 ret_end=-25.444 dbar_end=0.636 occ_end=0.208 CSR_train=0.000 done_count=125
[upd 130] u=0 upd_ctr=13 opt_step=208 E=0.964 g=0.147 VarTD=0.183369 ret_end=-23.932 dbar_end=0.610 occ_end=0.220 CSR_train=0.000 done_count=100
[upd 140] u=1 upd_ctr=15 opt_step=240 E=0.124 g=0.138 VarTD=0.273722 ret_end=-25.279 dbar_end=0.631 occ_end=0.200 CSR_train=0.000 done_count=125
[upd 150] u=0 upd_ctr=16 opt_step=256 E=0.245 g=0.137 VarTD=0.311637 ret_end=-25.114 dbar_end=0.632 occ_end=0.264 CSR_train=0.000 done_count=125
[upd 160] u=0 upd_ctr=17 opt_step=272 E=0.360 g=0.138 VarTD=0.362761 ret_end=-25.259 dbar_end=0.631 occ_end=0.248 CSR_train=0.000 done_count=125
[upd 170] u=0 upd_ctr=18 opt_step=288 E=0.535 g=0.156 VarTD=0.501141 ret_end=-24.214 dbar_end=0.592 occ_end=0.288 CSR_train=0.000 done_count=125
[upd 180] u=0 upd_ctr=19 opt_step=304 E=0.839 g=0.171 VarTD=0.555878 ret_end=-23.841 dbar_end=0.563 occ_end=0.272 CSR_train=0.000 done_count=125
[upd 190] u=0 upd_ctr=20 opt_step=320 E=1.000 g=0.153 VarTD=0.625150 ret_end=-24.699 dbar_end=0.597 occ_end=0.280 CSR_train=0.000 done_count=125
[upd 200] u=0 upd_ctr=22 opt_step=352 E=0.282 g=0.156 VarTD=0.814179 ret_end=-25.032 dbar_end=0.593 occ_end=0.360 CSR_train=0.000 done_count=125
[upd 210] u=0 upd_ctr=23 opt_step=368 E=0.532 g=0.139 VarTD=0.913722 ret_end=-25.469 dbar_end=0.629 occ_end=0.152 CSR_train=0.000 done_count=125
[upd 220] u=0 upd_ctr=24 opt_step=384 E=0.831 g=0.153 VarTD=1.031096 ret_end=-24.639 dbar_end=0.597 occ_end=0.152 CSR_train=0.000 done_count=125
[upd 230] u=0 upd_ctr=25 opt_step=400 E=1.000 g=0.157 VarTD=1.204705 ret_end=-24.861 dbar_end=0.590 occ_end=0.256 CSR_train=0.000 done_count=125
[upd 240] u=0 upd_ctr=27 opt_step=432 E=0.429 g=0.152 VarTD=1.454634 ret_end=-25.249 dbar_end=0.601 occ_end=0.232 CSR_train=0.000 done_count=125
[upd 250] u=0 upd_ctr=28 opt_step=448 E=0.896 g=0.174 VarTD=1.564487 ret_end=-24.063 dbar_end=0.557 occ_end=0.248 CSR_train=0.000 done_count=125
[upd 260] u=0 upd_ctr=30 opt_step=480 E=0.282 g=0.147 VarTD=1.500305 ret_end=-25.203 dbar_end=0.610 occ_end=0.170 CSR_train=0.000 done_count=100
[upd 270] u=0 upd_ctr=31 opt_step=496 E=0.728 g=0.159 VarTD=1.977470 ret_end=-24.310 dbar_end=0.585 occ_end=0.248 CSR_train=0.000 done_count=125
[upd 280] u=1 upd_ctr=33 opt_step=528 E=0.139 g=0.155 VarTD=2.257644 ret_end=-24.127 dbar_end=0.594 occ_end=0.288 CSR_train=0.000 done_count=125
[upd 290] u=0 upd_ctr=34 opt_step=544 E=0.604 g=0.163 VarTD=2.563996 ret_end=-23.675 dbar_end=0.577 occ_end=0.208 CSR_train=0.000 done_count=125
[upd 300] u=0 upd_ctr=35 opt_step=560 E=1.000 g=0.160 VarTD=2.748148 ret_end=-24.029 dbar_end=0.584 occ_end=0.240 CSR_train=0.000 done_count=125
[upd 310] u=0 upd_ctr=37 opt_step=592 E=0.425 g=0.154 VarTD=2.972059 ret_end=-23.711 dbar_end=0.596 occ_end=0.200 CSR_train=0.000 done_count=125
[Gate5 check] update_counter violations: t0=0 diffs=0
[Gate5 check] opt_step violations: t0=0 diffs=0 (expected_inc=16)
[Gate5 check] NaN masking: nan_on_skip=True finite_on_update=True
[Gate5 summary] mean_update_fraction=0.1186 final_executed_updates_mean=37.00
[Gate5 eval] done_count mean=100.0 CSR mean=0.0100 len_end_mean=26.00
[Gate5 eval] episodes_per_env=4 T_eval=104
[Gate5 eval-debug] locked_eps_occ=0.20 pre(step25): dbar_end=0.473291 occupied_end_mean=0.420000 max_tilde_end_mean=0.694067 CSR@locked=0.010000
[Gate5 eval-debug] locked_eps_occ=0.20 post(step26): dbar_end=0.482533 occupied_end_mean=0.400000 max_tilde_end_mean=0.704274 CSR@locked=0.010000
[Gate5 eval-debug] CSR_pre@0.10=0.0000 CSR_pre@0.15=0.0000 CSR_pre@0.20=0.0100 CSR_pre@0.25=0.0300 CSR_pre@0.30=0.0500
[Gate5 eval-debug] CSR_post@0.10=0.0000 CSR_post@0.15=0.0000 CSR_post@0.20=0.0100 CSR_post@0.25=0.0200 CSR_post@0.30=0.0400
