Importing submoduled environments...
Submoduled environments not found. Skipping import.
[upd 0] u=1 upd_ctr=1 opt_step=16 E=0.348 g=0.096 VarTD=0.198978 ret_end=-28.258 dbar_end=0.747 occ_end=0.170 CSR_train=0.000 done_count=100
[upd 10] u=0 upd_ctr=2 opt_step=32 E=0.106 g=0.090 VarTD=0.168279 ret_end=-27.451 dbar_end=0.767 occ_end=0.096 CSR_train=0.000 done_count=125
[upd 20] u=0 upd_ctr=2 opt_step=32 E=0.564 g=0.087 VarTD=0.176833 ret_end=-27.690 dbar_end=0.776 occ_end=0.104 CSR_train=0.000 done_count=125
[upd 30] u=0 upd_ctr=3 opt_step=48 E=0.348 g=0.089 VarTD=0.161084 ret_end=-27.500 dbar_end=0.770 occ_end=0.200 CSR_train=0.000 done_count=125
[upd 40] u=0 upd_ctr=4 opt_step=64 E=0.142 g=0.108 VarTD=0.134500 ret_end=-26.761 dbar_end=0.710 occ_end=0.176 CSR_train=0.000 done_count=125
[upd 50] u=0 upd_ctr=4 opt_step=64 E=0.662 g=0.113 VarTD=0.148859 ret_end=-26.907 dbar_end=0.694 occ_end=0.216 CSR_train=0.000 done_count=125
[upd 60] u=0 upd_ctr=5 opt_step=80 E=0.509 g=0.106 VarTD=0.152947 ret_end=-26.178 dbar_end=0.714 occ_end=0.160 CSR_train=0.000 done_count=125
[upd 70] u=0 upd_ctr=6 opt_step=96 E=0.384 g=0.140 VarTD=0.142917 ret_end=-25.036 dbar_end=0.626 occ_end=0.184 CSR_train=0.000 done_count=125
[upd 80] u=0 upd_ctr=7 opt_step=112 E=0.260 g=0.126 VarTD=0.167505 ret_end=-25.444 dbar_end=0.659 occ_end=0.208 CSR_train=0.000 done_count=125
[upd 90] u=0 upd_ctr=8 opt_step=128 E=0.149 g=0.106 VarTD=0.178842 ret_end=-27.306 dbar_end=0.714 occ_end=0.192 CSR_train=0.000 done_count=125
[upd 100] u=1 upd_ctr=9 opt_step=144 E=0.081 g=0.121 VarTD=0.163440 ret_end=-25.951 dbar_end=0.673 occ_end=0.224 CSR_train=0.000 done_count=125
[upd 110] u=0 upd_ctr=9 opt_step=144 E=0.719 g=0.123 VarTD=0.173835 ret_end=-26.356 dbar_end=0.667 occ_end=0.232 CSR_train=0.000 done_count=125
[upd 120] u=0 upd_ctr=10 opt_step=160 E=0.699 g=0.146 VarTD=0.157620 ret_end=-25.136 dbar_end=0.613 occ_end=0.192 CSR_train=0.000 done_count=125
[Gate5 check] update_counter violations: t0=0 diffs=0
[Gate5 check] opt_step violations: t0=0 diffs=0 (expected_inc=16)
[Gate5 check] NaN masking: nan_on_skip=True finite_on_update=True
[Gate5 summary] mean_update_fraction=0.0880 final_executed_updates_mean=11.00
[Gate5 eval] done_count mean=100.0 CSR mean=0.0000 len_end_mean=26.00
[Gate5 eval] episodes_per_env=4 T_eval=104
[Gate5 eval-debug] locked_eps_occ=0.20 pre(step25): dbar_end=0.516576 occupied_end_mean=0.340000 max_tilde_end_mean=0.758244 CSR@locked=0.000000
[Gate5 eval-debug] locked_eps_occ=0.20 post(step26): dbar_end=0.514764 occupied_end_mean=0.280000 max_tilde_end_mean=0.740866 CSR@locked=0.000000
[Gate5 eval-debug] CSR_pre@0.10=0.0000 CSR_pre@0.15=0.0000 CSR_pre@0.20=0.0000 CSR_pre@0.25=0.0000 CSR_pre@0.30=0.0000
[Gate5 eval-debug] CSR_post@0.10=0.0000 CSR_post@0.15=0.0000 CSR_post@0.20=0.0000 CSR_post@0.25=0.0100 CSR_post@0.30=0.0200
