Importing submoduled environments...
Submoduled environments not found. Skipping import.
[upd 0] u=1 upd_ctr=1 opt_step=16 E=0.114 g=0.092 VarTD=0.142843 ret_end=-27.084 dbar_end=0.760 occ_end=0.110 CSR_train=0.000 done_count=100
[upd 10] u=0 upd_ctr=1 opt_step=16 E=0.748 g=0.091 VarTD=0.164683 ret_end=-27.227 dbar_end=0.764 occ_end=0.176 CSR_train=0.000 done_count=125
[upd 20] u=0 upd_ctr=2 opt_step=32 E=0.455 g=0.083 VarTD=0.172600 ret_end=-28.462 dbar_end=0.791 occ_end=0.128 CSR_train=0.000 done_count=125
[upd 30] u=0 upd_ctr=3 opt_step=48 E=0.188 g=0.100 VarTD=0.136424 ret_end=-27.134 dbar_end=0.733 occ_end=0.176 CSR_train=0.000 done_count=125
[upd 40] u=0 upd_ctr=3 opt_step=48 E=0.887 g=0.101 VarTD=0.144729 ret_end=-26.442 dbar_end=0.730 occ_end=0.112 CSR_train=0.000 done_count=125
[upd 50] u=0 upd_ctr=4 opt_step=64 E=0.643 g=0.097 VarTD=0.141745 ret_end=-27.050 dbar_end=0.742 occ_end=0.160 CSR_train=0.000 done_count=125
[upd 60] u=0 upd_ctr=5 opt_step=80 E=0.424 g=0.123 VarTD=0.153137 ret_end=-25.487 dbar_end=0.668 occ_end=0.200 CSR_train=0.000 done_count=125
[upd 70] u=0 upd_ctr=6 opt_step=96 E=0.197 g=0.100 VarTD=0.170772 ret_end=-26.846 dbar_end=0.734 occ_end=0.136 CSR_train=0.000 done_count=125
[upd 80] u=0 upd_ctr=6 opt_step=96 E=0.978 g=0.106 VarTD=0.153033 ret_end=-26.497 dbar_end=0.715 occ_end=0.200 CSR_train=0.000 done_count=125
[upd 90] u=0 upd_ctr=7 opt_step=112 E=0.854 g=0.122 VarTD=0.134833 ret_end=-25.511 dbar_end=0.669 occ_end=0.120 CSR_train=0.000 done_count=125
[upd 100] u=0 upd_ctr=8 opt_step=128 E=0.725 g=0.125 VarTD=0.160864 ret_end=-27.010 dbar_end=0.662 occ_end=0.160 CSR_train=0.000 done_count=125
[upd 110] u=0 upd_ctr=9 opt_step=144 E=0.616 g=0.130 VarTD=0.169664 ret_end=-26.104 dbar_end=0.650 occ_end=0.216 CSR_train=0.000 done_count=125
[upd 120] u=0 upd_ctr=10 opt_step=160 E=0.559 g=0.124 VarTD=0.159834 ret_end=-25.336 dbar_end=0.665 occ_end=0.184 CSR_train=0.000 done_count=125
[upd 130] u=0 upd_ctr=11 opt_step=176 E=0.502 g=0.117 VarTD=0.170096 ret_end=-26.055 dbar_end=0.683 occ_end=0.140 CSR_train=0.000 done_count=100
[upd 140] u=0 upd_ctr=12 opt_step=192 E=0.483 g=0.141 VarTD=0.204641 ret_end=-24.918 dbar_end=0.624 occ_end=0.184 CSR_train=0.000 done_count=125
[upd 150] u=0 upd_ctr=13 opt_step=208 E=0.436 g=0.139 VarTD=0.204705 ret_end=-23.885 dbar_end=0.628 occ_end=0.208 CSR_train=0.000 done_count=125
[upd 160] u=0 upd_ctr=14 opt_step=224 E=0.442 g=0.138 VarTD=0.247156 ret_end=-25.232 dbar_end=0.631 occ_end=0.280 CSR_train=0.000 done_count=125
[upd 170] u=0 upd_ctr=15 opt_step=240 E=0.454 g=0.127 VarTD=0.280360 ret_end=-25.148 dbar_end=0.656 occ_end=0.200 CSR_train=0.000 done_count=125
[upd 180] u=0 upd_ctr=16 opt_step=256 E=0.516 g=0.144 VarTD=0.311656 ret_end=-24.550 dbar_end=0.617 occ_end=0.216 CSR_train=0.000 done_count=125
[upd 190] u=0 upd_ctr=17 opt_step=272 E=0.587 g=0.149 VarTD=0.386859 ret_end=-25.079 dbar_end=0.606 occ_end=0.272 CSR_train=0.008 done_count=125
[upd 200] u=0 upd_ctr=18 opt_step=288 E=0.701 g=0.160 VarTD=0.465236 ret_end=-24.545 dbar_end=0.583 occ_end=0.320 CSR_train=0.000 done_count=125
[upd 210] u=0 upd_ctr=19 opt_step=304 E=0.791 g=0.162 VarTD=0.541077 ret_end=-24.035 dbar_end=0.580 occ_end=0.312 CSR_train=0.008 done_count=125
[upd 220] u=0 upd_ctr=20 opt_step=320 E=0.952 g=0.153 VarTD=0.575841 ret_end=-24.303 dbar_end=0.598 occ_end=0.232 CSR_train=0.000 done_count=125
[upd 230] u=1 upd_ctr=22 opt_step=352 E=0.145 g=0.148 VarTD=0.701625 ret_end=-24.274 dbar_end=0.608 occ_end=0.248 CSR_train=0.000 done_count=125
[upd 240] u=0 upd_ctr=23 opt_step=368 E=0.268 g=0.157 VarTD=0.955314 ret_end=-24.670 dbar_end=0.589 occ_end=0.208 CSR_train=0.000 done_count=125
[upd 250] u=0 upd_ctr=24 opt_step=384 E=0.396 g=0.165 VarTD=1.004290 ret_end=-24.704 dbar_end=0.574 occ_end=0.328 CSR_train=0.008 done_count=125
[upd 260] u=0 upd_ctr=25 opt_step=400 E=0.596 g=0.161 VarTD=0.933566 ret_end=-23.242 dbar_end=0.582 occ_end=0.280 CSR_train=0.000 done_count=100
[upd 270] u=0 upd_ctr=26 opt_step=416 E=0.745 g=0.162 VarTD=1.277660 ret_end=-23.930 dbar_end=0.581 occ_end=0.240 CSR_train=0.000 done_count=125
[upd 280] u=0 upd_ctr=27 opt_step=432 E=0.946 g=0.174 VarTD=1.405454 ret_end=-23.599 dbar_end=0.557 occ_end=0.336 CSR_train=0.000 done_count=125
[upd 290] u=1 upd_ctr=29 opt_step=464 E=0.130 g=0.164 VarTD=1.540738 ret_end=-23.932 dbar_end=0.575 occ_end=0.296 CSR_train=0.000 done_count=125
[upd 300] u=0 upd_ctr=30 opt_step=480 E=0.272 g=0.154 VarTD=1.767008 ret_end=-23.929 dbar_end=0.597 occ_end=0.208 CSR_train=0.000 done_count=125
[upd 310] u=0 upd_ctr=31 opt_step=496 E=0.464 g=0.164 VarTD=1.946809 ret_end=-24.416 dbar_end=0.576 occ_end=0.288 CSR_train=0.000 done_count=125
[Gate5 check] update_counter violations: t0=0 diffs=0
[Gate5 check] opt_step violations: t0=0 diffs=0 (expected_inc=16)
[Gate5 check] NaN masking: nan_on_skip=True finite_on_update=True
[Gate5 summary] mean_update_fraction=0.0994 final_executed_updates_mean=31.00
[Gate5 eval] done_count mean=100.0 CSR mean=0.0100 len_end_mean=26.00
[Gate5 eval] episodes_per_env=4 T_eval=104
[Gate5 eval-debug] locked_eps_occ=0.20 pre(step25): dbar_end=0.501998 occupied_end_mean=0.420000 max_tilde_end_mean=0.729313 CSR@locked=0.010000
[Gate5 eval-debug] locked_eps_occ=0.20 post(step26): dbar_end=0.503072 occupied_end_mean=0.430000 max_tilde_end_mean=0.731700 CSR@locked=0.010000
[Gate5 eval-debug] CSR_pre@0.10=0.0000 CSR_pre@0.15=0.0000 CSR_pre@0.20=0.0100 CSR_pre@0.25=0.0200 CSR_pre@0.30=0.0300
[Gate5 eval-debug] CSR_post@0.10=0.0000 CSR_post@0.15=0.0000 CSR_post@0.20=0.0100 CSR_post@0.25=0.0100 CSR_post@0.30=0.0300
