Importing submoduled environments...
Submoduled environments not found. Skipping import.
[upd 0] u=1 upd_ctr=1 opt_step=16 E=0.074 g=0.093 VarTD=0.149936 ret_end=-27.435 dbar_end=0.756 occ_end=0.150 CSR_train=0.000 done_count=100
[upd 10] u=0 upd_ctr=1 opt_step=16 E=0.825 g=0.100 VarTD=0.132044 ret_end=-26.929 dbar_end=0.734 occ_end=0.192 CSR_train=0.000 done_count=125
[upd 20] u=0 upd_ctr=2 opt_step=32 E=0.577 g=0.112 VarTD=0.150319 ret_end=-25.777 dbar_end=0.697 occ_end=0.232 CSR_train=0.000 done_count=125
[upd 30] u=0 upd_ctr=3 opt_step=48 E=0.313 g=0.088 VarTD=0.173706 ret_end=-27.696 dbar_end=0.774 occ_end=0.128 CSR_train=0.008 done_count=125
[upd 40] u=1 upd_ctr=4 opt_step=64 E=0.080 g=0.101 VarTD=0.135965 ret_end=-26.843 dbar_end=0.732 occ_end=0.184 CSR_train=0.000 done_count=125
[upd 50] u=0 upd_ctr=4 opt_step=64 E=0.935 g=0.104 VarTD=0.124349 ret_end=-26.104 dbar_end=0.720 occ_end=0.168 CSR_train=0.000 done_count=125
[upd 60] u=0 upd_ctr=5 opt_step=80 E=0.790 g=0.118 VarTD=0.128186 ret_end=-26.363 dbar_end=0.680 occ_end=0.128 CSR_train=0.000 done_count=125
[upd 70] u=0 upd_ctr=6 opt_step=96 E=0.662 g=0.124 VarTD=0.127532 ret_end=-26.030 dbar_end=0.664 occ_end=0.232 CSR_train=0.000 done_count=125
[upd 80] u=0 upd_ctr=7 opt_step=112 E=0.601 g=0.119 VarTD=0.132049 ret_end=-25.549 dbar_end=0.677 occ_end=0.168 CSR_train=0.000 done_count=125
[upd 90] u=0 upd_ctr=8 opt_step=128 E=0.612 g=0.124 VarTD=0.133521 ret_end=-25.795 dbar_end=0.665 occ_end=0.160 CSR_train=0.000 done_count=125
[upd 100] u=0 upd_ctr=9 opt_step=144 E=0.608 g=0.140 VarTD=0.148961 ret_end=-24.416 dbar_end=0.626 occ_end=0.264 CSR_train=0.000 done_count=125
[upd 110] u=0 upd_ctr=10 opt_step=160 E=0.649 g=0.116 VarTD=0.148218 ret_end=-26.020 dbar_end=0.685 occ_end=0.152 CSR_train=0.000 done_count=125
[upd 120] u=0 upd_ctr=11 opt_step=176 E=0.662 g=0.144 VarTD=0.160700 ret_end=-24.190 dbar_end=0.617 occ_end=0.184 CSR_train=0.000 done_count=125
[upd 130] u=0 upd_ctr=12 opt_step=192 E=0.804 g=0.131 VarTD=0.202805 ret_end=-25.178 dbar_end=0.648 occ_end=0.230 CSR_train=0.000 done_count=100
[upd 140] u=0 upd_ctr=13 opt_step=208 E=0.912 g=0.148 VarTD=0.226313 ret_end=-24.323 dbar_end=0.609 occ_end=0.248 CSR_train=0.000 done_count=125
[upd 150] u=0 upd_ctr=14 opt_step=224 E=1.000 g=0.148 VarTD=0.226999 ret_end=-25.171 dbar_end=0.610 occ_end=0.240 CSR_train=0.000 done_count=125
[upd 160] u=1 upd_ctr=16 opt_step=256 E=0.117 g=0.146 VarTD=0.300609 ret_end=-25.340 dbar_end=0.612 occ_end=0.240 CSR_train=0.000 done_count=125
[upd 170] u=0 upd_ctr=17 opt_step=272 E=0.252 g=0.156 VarTD=0.398675 ret_end=-24.458 dbar_end=0.592 occ_end=0.256 CSR_train=0.000 done_count=125
[upd 180] u=0 upd_ctr=18 opt_step=288 E=0.366 g=0.150 VarTD=0.452784 ret_end=-23.843 dbar_end=0.604 occ_end=0.264 CSR_train=0.000 done_count=125
[upd 190] u=0 upd_ctr=19 opt_step=304 E=0.621 g=0.165 VarTD=0.539381 ret_end=-24.147 dbar_end=0.575 occ_end=0.304 CSR_train=0.000 done_count=125
[upd 200] u=0 upd_ctr=20 opt_step=320 E=0.738 g=0.153 VarTD=0.599617 ret_end=-25.336 dbar_end=0.599 occ_end=0.224 CSR_train=0.000 done_count=125
[upd 210] u=0 upd_ctr=21 opt_step=336 E=0.883 g=0.152 VarTD=0.710705 ret_end=-24.868 dbar_end=0.601 occ_end=0.224 CSR_train=0.000 done_count=125
[upd 220] u=1 upd_ctr=23 opt_step=368 E=0.119 g=0.149 VarTD=0.812724 ret_end=-24.081 dbar_end=0.606 occ_end=0.232 CSR_train=0.000 done_count=125
[upd 230] u=0 upd_ctr=24 opt_step=384 E=0.373 g=0.164 VarTD=1.021080 ret_end=-23.729 dbar_end=0.576 occ_end=0.232 CSR_train=0.000 done_count=125
[upd 240] u=0 upd_ctr=25 opt_step=400 E=0.678 g=0.175 VarTD=1.187283 ret_end=-23.613 dbar_end=0.555 occ_end=0.352 CSR_train=0.008 done_count=125
[upd 250] u=0 upd_ctr=26 opt_step=416 E=0.926 g=0.164 VarTD=1.325547 ret_end=-24.191 dbar_end=0.575 occ_end=0.288 CSR_train=0.000 done_count=125
[upd 260] u=1 upd_ctr=28 opt_step=448 E=0.136 g=0.170 VarTD=1.157316 ret_end=-23.582 dbar_end=0.565 occ_end=0.240 CSR_train=0.000 done_count=100
[upd 270] u=0 upd_ctr=29 opt_step=464 E=0.414 g=0.173 VarTD=1.779662 ret_end=-23.594 dbar_end=0.559 occ_end=0.264 CSR_train=0.000 done_count=125
[upd 280] u=0 upd_ctr=30 opt_step=480 E=0.682 g=0.188 VarTD=1.909461 ret_end=-22.355 dbar_end=0.532 occ_end=0.288 CSR_train=0.000 done_count=125
[upd 290] u=0 upd_ctr=31 opt_step=496 E=0.987 g=0.179 VarTD=2.061280 ret_end=-24.020 dbar_end=0.548 occ_end=0.272 CSR_train=0.000 done_count=125
[upd 300] u=1 upd_ctr=33 opt_step=528 E=0.139 g=0.174 VarTD=2.167499 ret_end=-22.931 dbar_end=0.557 occ_end=0.352 CSR_train=0.000 done_count=125
[upd 310] u=0 upd_ctr=34 opt_step=544 E=0.413 g=0.173 VarTD=2.557261 ret_end=-23.820 dbar_end=0.560 occ_end=0.240 CSR_train=0.000 done_count=125
[Gate5 check] update_counter violations: t0=0 diffs=0
[Gate5 check] opt_step violations: t0=0 diffs=0 (expected_inc=16)
[Gate5 check] NaN masking: nan_on_skip=True finite_on_update=True
[Gate5 summary] mean_update_fraction=0.1090 final_executed_updates_mean=34.00
[Gate5 eval] done_count mean=100.0 CSR mean=0.0200 len_end_mean=26.00
[Gate5 eval] episodes_per_env=4 T_eval=104
[Gate5 eval-debug] locked_eps_occ=0.20 pre(step25): dbar_end=0.488167 occupied_end_mean=0.400000 max_tilde_end_mean=0.696397 CSR@locked=0.000000
[Gate5 eval-debug] locked_eps_occ=0.20 post(step26): dbar_end=0.488097 occupied_end_mean=0.470000 max_tilde_end_mean=0.693280 CSR@locked=0.020000
[Gate5 eval-debug] CSR_pre@0.10=0.0000 CSR_pre@0.15=0.0000 CSR_pre@0.20=0.0000 CSR_pre@0.25=0.0200 CSR_pre@0.30=0.0200
[Gate5 eval-debug] CSR_post@0.10=0.0000 CSR_post@0.15=0.0000 CSR_post@0.20=0.0200 CSR_post@0.25=0.0400 CSR_post@0.30=0.0500
