Importing submoduled environments...
Submoduled environments not found. Skipping import.
[upd 0] u=1 upd_ctr=1 opt_step=16 E=0.908 g=0.079 VarTD=0.177244 ret_end=-28.332 dbar_end=0.807 occ_end=0.140 CSR_train=0.000 done_count=100
[upd 10] u=1 upd_ctr=11 opt_step=176 E=0.020 g=0.131 VarTD=0.149144 ret_end=-25.250 dbar_end=0.648 occ_end=0.248 CSR_train=0.000 done_count=125
[upd 20] u=0 upd_ctr=12 opt_step=192 E=0.059 g=0.139 VarTD=0.182355 ret_end=-25.420 dbar_end=0.628 occ_end=0.264 CSR_train=0.000 done_count=125
[upd 30] u=0 upd_ctr=13 opt_step=208 E=0.095 g=0.134 VarTD=0.229411 ret_end=-25.447 dbar_end=0.640 occ_end=0.264 CSR_train=0.000 done_count=125
[upd 40] u=0 upd_ctr=15 opt_step=240 E=0.032 g=0.128 VarTD=0.262286 ret_end=-25.651 dbar_end=0.655 occ_end=0.176 CSR_train=0.000 done_count=125
[upd 50] u=0 upd_ctr=16 opt_step=256 E=0.074 g=0.144 VarTD=0.302196 ret_end=-24.726 dbar_end=0.617 occ_end=0.216 CSR_train=0.000 done_count=125
[upd 60] u=1 upd_ctr=18 opt_step=288 E=0.022 g=0.151 VarTD=0.353241 ret_end=-24.884 dbar_end=0.601 occ_end=0.224 CSR_train=0.000 done_count=125
[upd 70] u=0 upd_ctr=19 opt_step=304 E=0.075 g=0.150 VarTD=0.516386 ret_end=-25.172 dbar_end=0.604 occ_end=0.256 CSR_train=0.000 done_count=125
[upd 80] u=0 upd_ctr=21 opt_step=336 E=0.037 g=0.164 VarTD=0.646411 ret_end=-24.524 dbar_end=0.576 occ_end=0.264 CSR_train=0.000 done_count=125
[upd 90] u=0 upd_ctr=22 opt_step=352 E=0.093 g=0.158 VarTD=0.704938 ret_end=-23.788 dbar_end=0.587 occ_end=0.296 CSR_train=0.000 done_count=125
[upd 100] u=0 upd_ctr=24 opt_step=384 E=0.057 g=0.175 VarTD=0.931262 ret_end=-23.995 dbar_end=0.554 occ_end=0.360 CSR_train=0.000 done_count=125
[upd 110] u=1 upd_ctr=26 opt_step=416 E=0.026 g=0.156 VarTD=1.045816 ret_end=-24.472 dbar_end=0.591 occ_end=0.264 CSR_train=0.000 done_count=125
[upd 120] u=0 upd_ctr=27 opt_step=432 E=0.096 g=0.180 VarTD=1.271417 ret_end=-24.196 dbar_end=0.546 occ_end=0.304 CSR_train=0.000 done_count=125
[Gate5 check] update_counter violations: t0=0 diffs=0
[Gate5 check] opt_step violations: t0=0 diffs=0 (expected_inc=16)
[Gate5 check] NaN masking: nan_on_skip=True finite_on_update=True
[Gate5 summary] mean_update_fraction=0.2240 final_executed_updates_mean=28.00
[Gate5 eval] done_count mean=100.0 CSR mean=0.0100 len_end_mean=26.00
[Gate5 eval] episodes_per_env=4 T_eval=104
[Gate5 eval-debug] locked_eps_occ=0.20 pre(step25): dbar_end=0.504503 occupied_end_mean=0.370000 max_tilde_end_mean=0.733235 CSR@locked=0.000000
[Gate5 eval-debug] locked_eps_occ=0.20 post(step26): dbar_end=0.498847 occupied_end_mean=0.430000 max_tilde_end_mean=0.735961 CSR@locked=0.010000
[Gate5 eval-debug] CSR_pre@0.10=0.0000 CSR_pre@0.15=0.0000 CSR_pre@0.20=0.0000 CSR_pre@0.25=0.0000 CSR_pre@0.30=0.0400
[Gate5 eval-debug] CSR_post@0.10=0.0000 CSR_post@0.15=0.0000 CSR_post@0.20=0.0100 CSR_post@0.25=0.0100 CSR_post@0.30=0.0300
