Importing submoduled environments...
Submoduled environments not found. Skipping import.
[upd 0] u=1 upd_ctr=1 opt_step=16 E=0.009 g=0.087 VarTD=0.161819 ret_end=-28.699 dbar_end=0.778 occ_end=0.120 CSR_train=0.000 done_count=100
[upd 10] u=0 upd_ctr=1 opt_step=16 E=0.097 g=0.081 VarTD=0.173819 ret_end=-28.772 dbar_end=0.801 occ_end=0.160 CSR_train=0.000 done_count=125
[upd 20] u=0 upd_ctr=1 opt_step=16 E=0.189 g=0.085 VarTD=0.140062 ret_end=-27.013 dbar_end=0.785 occ_end=0.144 CSR_train=0.000 done_count=125
[upd 30] u=0 upd_ctr=1 opt_step=16 E=0.280 g=0.114 VarTD=0.139956 ret_end=-25.825 dbar_end=0.693 occ_end=0.208 CSR_train=0.000 done_count=125
[upd 40] u=0 upd_ctr=1 opt_step=16 E=0.372 g=0.086 VarTD=0.138724 ret_end=-27.201 dbar_end=0.782 occ_end=0.136 CSR_train=0.000 done_count=125
[upd 50] u=0 upd_ctr=1 opt_step=16 E=0.465 g=0.093 VarTD=0.171666 ret_end=-27.713 dbar_end=0.755 occ_end=0.144 CSR_train=0.000 done_count=125
[upd 60] u=0 upd_ctr=1 opt_step=16 E=0.554 g=0.082 VarTD=0.193301 ret_end=-28.345 dbar_end=0.796 occ_end=0.112 CSR_train=0.000 done_count=125
[upd 70] u=0 upd_ctr=1 opt_step=16 E=0.647 g=0.097 VarTD=0.154573 ret_end=-27.014 dbar_end=0.744 occ_end=0.200 CSR_train=0.000 done_count=125
[upd 80] u=0 upd_ctr=1 opt_step=16 E=0.740 g=0.083 VarTD=0.168582 ret_end=-29.289 dbar_end=0.794 occ_end=0.128 CSR_train=0.000 done_count=125
[upd 90] u=0 upd_ctr=1 opt_step=16 E=0.832 g=0.079 VarTD=0.239885 ret_end=-28.703 dbar_end=0.807 occ_end=0.128 CSR_train=0.000 done_count=125
[upd 100] u=0 upd_ctr=1 opt_step=16 E=0.923 g=0.087 VarTD=0.165539 ret_end=-27.612 dbar_end=0.779 occ_end=0.160 CSR_train=0.000 done_count=125
[upd 110] u=0 upd_ctr=2 opt_step=32 E=0.018 g=0.084 VarTD=0.174019 ret_end=-28.116 dbar_end=0.787 occ_end=0.160 CSR_train=0.000 done_count=125
[upd 120] u=0 upd_ctr=2 opt_step=32 E=0.116 g=0.099 VarTD=0.127854 ret_end=-26.461 dbar_end=0.738 occ_end=0.152 CSR_train=0.000 done_count=125
[upd 130] u=0 upd_ctr=2 opt_step=32 E=0.216 g=0.094 VarTD=0.149286 ret_end=-27.761 dbar_end=0.751 occ_end=0.160 CSR_train=0.000 done_count=100
[upd 140] u=0 upd_ctr=2 opt_step=32 E=0.311 g=0.093 VarTD=0.158196 ret_end=-27.959 dbar_end=0.755 occ_end=0.144 CSR_train=0.000 done_count=125
[upd 150] u=0 upd_ctr=2 opt_step=32 E=0.409 g=0.105 VarTD=0.155906 ret_end=-26.812 dbar_end=0.718 occ_end=0.176 CSR_train=0.000 done_count=125
[upd 160] u=0 upd_ctr=2 opt_step=32 E=0.506 g=0.113 VarTD=0.137467 ret_end=-25.124 dbar_end=0.693 occ_end=0.248 CSR_train=0.008 done_count=125
[upd 170] u=0 upd_ctr=2 opt_step=32 E=0.607 g=0.102 VarTD=0.140827 ret_end=-26.244 dbar_end=0.728 occ_end=0.160 CSR_train=0.000 done_count=125
[upd 180] u=0 upd_ctr=2 opt_step=32 E=0.698 g=0.096 VarTD=0.136974 ret_end=-26.477 dbar_end=0.748 occ_end=0.160 CSR_train=0.000 done_count=125
[upd 190] u=0 upd_ctr=2 opt_step=32 E=0.795 g=0.110 VarTD=0.123812 ret_end=-25.578 dbar_end=0.704 occ_end=0.176 CSR_train=0.000 done_count=125
[upd 200] u=0 upd_ctr=2 opt_step=32 E=0.890 g=0.100 VarTD=0.134665 ret_end=-27.169 dbar_end=0.734 occ_end=0.160 CSR_train=0.000 done_count=125
[upd 210] u=0 upd_ctr=2 opt_step=32 E=0.986 g=0.092 VarTD=0.183710 ret_end=-27.865 dbar_end=0.758 occ_end=0.152 CSR_train=0.000 done_count=125
[upd 220] u=0 upd_ctr=3 opt_step=48 E=0.080 g=0.104 VarTD=0.139664 ret_end=-26.780 dbar_end=0.721 occ_end=0.224 CSR_train=0.000 done_count=125
[upd 230] u=0 upd_ctr=3 opt_step=48 E=0.187 g=0.100 VarTD=0.130972 ret_end=-26.803 dbar_end=0.734 occ_end=0.168 CSR_train=0.000 done_count=125
[upd 240] u=0 upd_ctr=3 opt_step=48 E=0.288 g=0.090 VarTD=0.166665 ret_end=-27.709 dbar_end=0.766 occ_end=0.176 CSR_train=0.000 done_count=125
[upd 250] u=0 upd_ctr=3 opt_step=48 E=0.387 g=0.104 VarTD=0.135177 ret_end=-26.683 dbar_end=0.720 occ_end=0.096 CSR_train=0.000 done_count=125
[upd 260] u=0 upd_ctr=3 opt_step=48 E=0.491 g=0.097 VarTD=0.132699 ret_end=-26.949 dbar_end=0.744 occ_end=0.110 CSR_train=0.000 done_count=100
[upd 270] u=0 upd_ctr=3 opt_step=48 E=0.595 g=0.109 VarTD=0.150286 ret_end=-26.932 dbar_end=0.706 occ_end=0.136 CSR_train=0.000 done_count=125
[upd 280] u=0 upd_ctr=3 opt_step=48 E=0.702 g=0.106 VarTD=0.139480 ret_end=-26.816 dbar_end=0.714 occ_end=0.136 CSR_train=0.000 done_count=125
[upd 290] u=0 upd_ctr=3 opt_step=48 E=0.803 g=0.099 VarTD=0.146237 ret_end=-27.150 dbar_end=0.737 occ_end=0.144 CSR_train=0.000 done_count=125
[upd 300] u=0 upd_ctr=3 opt_step=48 E=0.907 g=0.096 VarTD=0.154326 ret_end=-27.694 dbar_end=0.746 occ_end=0.184 CSR_train=0.000 done_count=125
[upd 310] u=1 upd_ctr=4 opt_step=64 E=0.010 g=0.101 VarTD=0.129766 ret_end=-26.955 dbar_end=0.731 occ_end=0.184 CSR_train=0.008 done_count=125
[Gate5 check] update_counter violations: t0=0 diffs=0
[Gate5 check] opt_step violations: t0=0 diffs=0 (expected_inc=16)
[Gate5 check] NaN masking: nan_on_skip=True finite_on_update=True
[Gate5 summary] mean_update_fraction=0.0128 final_executed_updates_mean=4.00
[Gate5 eval] done_count mean=100.0 CSR mean=0.0100 len_end_mean=26.00
[Gate5 eval] episodes_per_env=4 T_eval=104
[Gate5 eval-debug] locked_eps_occ=0.20 pre(step25): dbar_end=0.566735 occupied_end_mean=0.260000 max_tilde_end_mean=0.850263 CSR@locked=0.000000
[Gate5 eval-debug] locked_eps_occ=0.20 post(step26): dbar_end=0.569397 occupied_end_mean=0.330000 max_tilde_end_mean=0.851255 CSR@locked=0.010000
[Gate5 eval-debug] CSR_pre@0.10=0.0000 CSR_pre@0.15=0.0000 CSR_pre@0.20=0.0000 CSR_pre@0.25=0.0100 CSR_pre@0.30=0.0100
[Gate5 eval-debug] CSR_post@0.10=0.0000 CSR_post@0.15=0.0000 CSR_post@0.20=0.0100 CSR_post@0.25=0.0100 CSR_post@0.30=0.0100
