Importing submoduled environments...
Submoduled environments not found. Skipping import.
[upd 0] u=1 upd_ctr=1 opt_step=16 E=0.175 g=0.094 VarTD=0.148631 ret_end=-26.843 dbar_end=0.752 occ_end=0.140 CSR_train=0.000 done_count=100
[upd 10] u=0 upd_ctr=1 opt_step=16 E=0.910 g=0.098 VarTD=0.120442 ret_end=-26.989 dbar_end=0.738 occ_end=0.144 CSR_train=0.000 done_count=125
[upd 20] u=0 upd_ctr=2 opt_step=32 E=0.789 g=0.101 VarTD=0.157444 ret_end=-27.349 dbar_end=0.731 occ_end=0.168 CSR_train=0.000 done_count=125
[upd 30] u=0 upd_ctr=3 opt_step=48 E=0.670 g=0.096 VarTD=0.129655 ret_end=-26.877 dbar_end=0.747 occ_end=0.136 CSR_train=0.000 done_count=125
[upd 40] u=0 upd_ctr=4 opt_step=64 E=0.617 g=0.111 VarTD=0.152838 ret_end=-26.487 dbar_end=0.699 occ_end=0.232 CSR_train=0.000 done_count=125
[upd 50] u=0 upd_ctr=5 opt_step=80 E=0.548 g=0.115 VarTD=0.133946 ret_end=-26.693 dbar_end=0.689 occ_end=0.168 CSR_train=0.000 done_count=125
[upd 60] u=0 upd_ctr=6 opt_step=96 E=0.475 g=0.103 VarTD=0.148658 ret_end=-26.613 dbar_end=0.725 occ_end=0.128 CSR_train=0.000 done_count=125
[upd 70] u=0 upd_ctr=7 opt_step=112 E=0.510 g=0.117 VarTD=0.135940 ret_end=-25.576 dbar_end=0.683 occ_end=0.160 CSR_train=0.000 done_count=125
[upd 80] u=0 upd_ctr=8 opt_step=128 E=0.539 g=0.119 VarTD=0.127107 ret_end=-25.603 dbar_end=0.678 occ_end=0.128 CSR_train=0.000 done_count=125
[upd 90] u=0 upd_ctr=9 opt_step=144 E=0.561 g=0.124 VarTD=0.144375 ret_end=-25.204 dbar_end=0.666 occ_end=0.280 CSR_train=0.000 done_count=125
[upd 100] u=0 upd_ctr=10 opt_step=160 E=0.643 g=0.120 VarTD=0.188542 ret_end=-26.106 dbar_end=0.676 occ_end=0.168 CSR_train=0.000 done_count=125
[upd 110] u=0 upd_ctr=11 opt_step=176 E=0.749 g=0.124 VarTD=0.195439 ret_end=-25.683 dbar_end=0.666 occ_end=0.152 CSR_train=0.000 done_count=125
[upd 120] u=0 upd_ctr=12 opt_step=192 E=0.845 g=0.122 VarTD=0.176658 ret_end=-25.553 dbar_end=0.671 occ_end=0.184 CSR_train=0.000 done_count=125
[upd 130] u=0 upd_ctr=13 opt_step=208 E=0.968 g=0.119 VarTD=0.188771 ret_end=-26.219 dbar_end=0.677 occ_end=0.270 CSR_train=0.000 done_count=100
[upd 140] u=1 upd_ctr=15 opt_step=240 E=0.189 g=0.121 VarTD=0.247388 ret_end=-26.709 dbar_end=0.673 occ_end=0.168 CSR_train=0.000 done_count=125
[upd 150] u=0 upd_ctr=16 opt_step=256 E=0.342 g=0.137 VarTD=0.295264 ret_end=-24.973 dbar_end=0.632 occ_end=0.264 CSR_train=0.008 done_count=125
[upd 160] u=0 upd_ctr=17 opt_step=272 E=0.517 g=0.139 VarTD=0.380843 ret_end=-25.629 dbar_end=0.629 occ_end=0.200 CSR_train=0.000 done_count=125
[upd 170] u=0 upd_ctr=18 opt_step=288 E=0.782 g=0.132 VarTD=0.467109 ret_end=-25.845 dbar_end=0.646 occ_end=0.248 CSR_train=0.000 done_count=125
[upd 180] u=1 upd_ctr=20 opt_step=320 E=0.163 g=0.143 VarTD=0.502655 ret_end=-24.649 dbar_end=0.620 occ_end=0.264 CSR_train=0.000 done_count=125
[upd 190] u=0 upd_ctr=21 opt_step=336 E=0.480 g=0.160 VarTD=0.706270 ret_end=-23.892 dbar_end=0.584 occ_end=0.256 CSR_train=0.000 done_count=125
[upd 200] u=0 upd_ctr=22 opt_step=352 E=0.866 g=0.145 VarTD=0.800339 ret_end=-24.835 dbar_end=0.615 occ_end=0.200 CSR_train=0.000 done_count=125
[upd 210] u=0 upd_ctr=24 opt_step=384 E=0.314 g=0.166 VarTD=1.038871 ret_end=-23.704 dbar_end=0.572 occ_end=0.272 CSR_train=0.000 done_count=125
[upd 220] u=0 upd_ctr=25 opt_step=400 E=0.730 g=0.166 VarTD=1.151975 ret_end=-24.711 dbar_end=0.572 occ_end=0.272 CSR_train=0.000 done_count=125
[upd 230] u=1 upd_ctr=27 opt_step=432 E=0.233 g=0.166 VarTD=1.200179 ret_end=-23.337 dbar_end=0.572 occ_end=0.272 CSR_train=0.000 done_count=125
[upd 240] u=0 upd_ctr=28 opt_step=448 E=0.612 g=0.157 VarTD=1.484130 ret_end=-23.598 dbar_end=0.590 occ_end=0.328 CSR_train=0.008 done_count=125
[upd 250] u=0 upd_ctr=29 opt_step=464 E=1.000 g=0.170 VarTD=1.630012 ret_end=-23.624 dbar_end=0.564 occ_end=0.272 CSR_train=0.000 done_count=125
[upd 260] u=0 upd_ctr=31 opt_step=496 E=0.510 g=0.164 VarTD=1.599186 ret_end=-24.004 dbar_end=0.576 occ_end=0.360 CSR_train=0.000 done_count=100
[upd 270] u=0 upd_ctr=32 opt_step=512 E=0.930 g=0.170 VarTD=2.117765 ret_end=-23.692 dbar_end=0.565 occ_end=0.280 CSR_train=0.000 done_count=125
[upd 280] u=0 upd_ctr=34 opt_step=544 E=0.490 g=0.170 VarTD=2.463775 ret_end=-24.153 dbar_end=0.565 occ_end=0.224 CSR_train=0.000 done_count=125
[upd 290] u=0 upd_ctr=35 opt_step=560 E=0.934 g=0.159 VarTD=2.652019 ret_end=-24.701 dbar_end=0.585 occ_end=0.296 CSR_train=0.000 done_count=125
[upd 300] u=0 upd_ctr=37 opt_step=592 E=0.511 g=0.160 VarTD=2.933347 ret_end=-24.530 dbar_end=0.584 occ_end=0.248 CSR_train=0.000 done_count=125
[upd 310] u=0 upd_ctr=38 opt_step=608 E=1.000 g=0.171 VarTD=3.149081 ret_end=-23.763 dbar_end=0.562 occ_end=0.264 CSR_train=0.000 done_count=125
[Gate5 check] update_counter violations: t0=0 diffs=0
[Gate5 check] opt_step violations: t0=0 diffs=0 (expected_inc=16)
[Gate5 check] NaN masking: nan_on_skip=True finite_on_update=True
[Gate5 summary] mean_update_fraction=0.1250 final_executed_updates_mean=39.00
[Gate5 eval] done_count mean=100.0 CSR mean=0.0100 len_end_mean=26.00
[Gate5 eval] episodes_per_env=4 T_eval=104
[Gate5 eval-debug] locked_eps_occ=0.20 pre(step25): dbar_end=0.475904 occupied_end_mean=0.380000 max_tilde_end_mean=0.673711 CSR@locked=0.000000
[Gate5 eval-debug] locked_eps_occ=0.20 post(step26): dbar_end=0.474913 occupied_end_mean=0.350000 max_tilde_end_mean=0.671837 CSR@locked=0.010000
[Gate5 eval-debug] CSR_pre@0.10=0.0000 CSR_pre@0.15=0.0000 CSR_pre@0.20=0.0000 CSR_pre@0.25=0.0300 CSR_pre@0.30=0.0500
[Gate5 eval-debug] CSR_post@0.10=0.0000 CSR_post@0.15=0.0000 CSR_post@0.20=0.0100 CSR_post@0.25=0.0200 CSR_post@0.30=0.0400
