Importing submoduled environments...
Submoduled environments not found. Skipping import.
[upd 0] u=1 upd_ctr=1 opt_step=16 E=0.156 g=0.079 VarTD=0.177244 ret_end=-28.332 dbar_end=0.807 occ_end=0.140 CSR_train=0.000 done_count=100
[upd 10] u=0 upd_ctr=1 opt_step=16 E=0.809 g=0.093 VarTD=0.147298 ret_end=-27.080 dbar_end=0.756 occ_end=0.144 CSR_train=0.000 done_count=125
[upd 20] u=0 upd_ctr=2 opt_step=32 E=0.599 g=0.090 VarTD=0.149901 ret_end=-27.728 dbar_end=0.768 occ_end=0.192 CSR_train=0.000 done_count=125
[upd 30] u=0 upd_ctr=3 opt_step=48 E=0.374 g=0.102 VarTD=0.169655 ret_end=-27.165 dbar_end=0.728 occ_end=0.168 CSR_train=0.000 done_count=125
[upd 40] u=0 upd_ctr=4 opt_step=64 E=0.193 g=0.100 VarTD=0.154101 ret_end=-27.229 dbar_end=0.735 occ_end=0.168 CSR_train=0.000 done_count=125
[upd 50] u=0 upd_ctr=4 opt_step=64 E=0.925 g=0.106 VarTD=0.142605 ret_end=-26.555 dbar_end=0.714 occ_end=0.176 CSR_train=0.000 done_count=125
[upd 60] u=0 upd_ctr=5 opt_step=80 E=0.804 g=0.112 VarTD=0.153537 ret_end=-26.359 dbar_end=0.698 occ_end=0.176 CSR_train=0.000 done_count=125
[upd 70] u=0 upd_ctr=6 opt_step=96 E=0.707 g=0.111 VarTD=0.173390 ret_end=-27.435 dbar_end=0.699 occ_end=0.136 CSR_train=0.000 done_count=125
[upd 80] u=0 upd_ctr=7 opt_step=112 E=0.643 g=0.116 VarTD=0.162812 ret_end=-26.331 dbar_end=0.686 occ_end=0.200 CSR_train=0.000 done_count=125
[upd 90] u=0 upd_ctr=8 opt_step=128 E=0.577 g=0.119 VarTD=0.149868 ret_end=-25.572 dbar_end=0.677 occ_end=0.280 CSR_train=0.000 done_count=125
[upd 100] u=0 upd_ctr=9 opt_step=144 E=0.546 g=0.129 VarTD=0.171757 ret_end=-25.739 dbar_end=0.653 occ_end=0.272 CSR_train=0.000 done_count=125
[upd 110] u=0 upd_ctr=10 opt_step=160 E=0.512 g=0.114 VarTD=0.168628 ret_end=-26.386 dbar_end=0.691 occ_end=0.216 CSR_train=0.000 done_count=125
[upd 120] u=0 upd_ctr=11 opt_step=176 E=0.534 g=0.135 VarTD=0.191363 ret_end=-25.828 dbar_end=0.637 occ_end=0.144 CSR_train=0.000 done_count=125
[Gate5 check] update_counter violations: t0=0 diffs=0
[Gate5 check] opt_step violations: t0=0 diffs=0 (expected_inc=16)
[Gate5 check] NaN masking: nan_on_skip=True finite_on_update=True
[Gate5 summary] mean_update_fraction=0.0880 final_executed_updates_mean=11.00
[Gate5 eval] done_count mean=100.0 CSR mean=0.0000 len_end_mean=26.00
[Gate5 eval] episodes_per_env=4 T_eval=104
[Gate5 eval-debug] locked_eps_occ=0.20 pre(step25): dbar_end=0.501068 occupied_end_mean=0.360000 max_tilde_end_mean=0.740667 CSR@locked=0.000000
[Gate5 eval-debug] locked_eps_occ=0.20 post(step26): dbar_end=0.511478 occupied_end_mean=0.380000 max_tilde_end_mean=0.752292 CSR@locked=0.000000
[Gate5 eval-debug] CSR_pre@0.10=0.0000 CSR_pre@0.15=0.0000 CSR_pre@0.20=0.0000 CSR_pre@0.25=0.0000 CSR_pre@0.30=0.0100
[Gate5 eval-debug] CSR_post@0.10=0.0000 CSR_post@0.15=0.0000 CSR_post@0.20=0.0000 CSR_post@0.25=0.0200 CSR_post@0.30=0.0300
