Importing submoduled environments...
Submoduled environments not found. Skipping import.
[upd 0] u=1 upd_ctr=1 opt_step=16 E=0.084 g=0.105 VarTD=0.153100 ret_end=-26.906 dbar_end=0.718 occ_end=0.160 CSR_train=0.000 done_count=100
[upd 10] u=0 upd_ctr=1 opt_step=16 E=0.829 g=0.079 VarTD=0.158451 ret_end=-28.492 dbar_end=0.807 occ_end=0.088 CSR_train=0.000 done_count=125
[upd 20] u=0 upd_ctr=2 opt_step=32 E=0.528 g=0.102 VarTD=0.132491 ret_end=-26.590 dbar_end=0.727 occ_end=0.192 CSR_train=0.000 done_count=125
[upd 30] u=0 upd_ctr=3 opt_step=48 E=0.235 g=0.098 VarTD=0.157033 ret_end=-27.353 dbar_end=0.741 occ_end=0.176 CSR_train=0.000 done_count=125
[upd 40] u=0 upd_ctr=3 opt_step=48 E=1.000 g=0.091 VarTD=0.150725 ret_end=-28.466 dbar_end=0.764 occ_end=0.136 CSR_train=0.000 done_count=125
[upd 50] u=0 upd_ctr=4 opt_step=64 E=0.840 g=0.093 VarTD=0.151800 ret_end=-27.922 dbar_end=0.756 occ_end=0.144 CSR_train=0.000 done_count=125
[upd 60] u=0 upd_ctr=5 opt_step=80 E=0.667 g=0.104 VarTD=0.144141 ret_end=-26.696 dbar_end=0.721 occ_end=0.184 CSR_train=0.000 done_count=125
[upd 70] u=0 upd_ctr=6 opt_step=96 E=0.558 g=0.129 VarTD=0.140434 ret_end=-25.433 dbar_end=0.651 occ_end=0.280 CSR_train=0.000 done_count=125
[upd 80] u=0 upd_ctr=7 opt_step=112 E=0.461 g=0.136 VarTD=0.117082 ret_end=-24.501 dbar_end=0.635 occ_end=0.264 CSR_train=0.008 done_count=125
[upd 90] u=0 upd_ctr=8 opt_step=128 E=0.363 g=0.113 VarTD=0.146404 ret_end=-25.554 dbar_end=0.695 occ_end=0.200 CSR_train=0.000 done_count=125
[upd 100] u=0 upd_ctr=9 opt_step=144 E=0.275 g=0.118 VarTD=0.153584 ret_end=-26.328 dbar_end=0.682 occ_end=0.152 CSR_train=0.000 done_count=125
[upd 110] u=0 upd_ctr=10 opt_step=160 E=0.196 g=0.125 VarTD=0.167143 ret_end=-25.487 dbar_end=0.663 occ_end=0.200 CSR_train=0.000 done_count=125
[upd 120] u=1 upd_ctr=11 opt_step=176 E=0.098 g=0.123 VarTD=0.172959 ret_end=-26.370 dbar_end=0.668 occ_end=0.184 CSR_train=0.000 done_count=125
[upd 130] u=1 upd_ctr=12 opt_step=192 E=0.105 g=0.131 VarTD=0.163716 ret_end=-25.018 dbar_end=0.648 occ_end=0.140 CSR_train=0.000 done_count=100
[upd 140] u=1 upd_ctr=13 opt_step=208 E=0.121 g=0.152 VarTD=0.206495 ret_end=-24.904 dbar_end=0.600 occ_end=0.296 CSR_train=0.000 done_count=125
[upd 150] u=0 upd_ctr=14 opt_step=224 E=0.227 g=0.133 VarTD=0.279146 ret_end=-25.204 dbar_end=0.643 occ_end=0.232 CSR_train=0.000 done_count=125
[upd 160] u=0 upd_ctr=15 opt_step=240 E=0.356 g=0.151 VarTD=0.281334 ret_end=-24.369 dbar_end=0.602 occ_end=0.224 CSR_train=0.000 done_count=125
[upd 170] u=0 upd_ctr=16 opt_step=256 E=0.474 g=0.143 VarTD=0.323970 ret_end=-24.746 dbar_end=0.619 occ_end=0.240 CSR_train=0.000 done_count=125
[upd 180] u=0 upd_ctr=17 opt_step=272 E=0.588 g=0.156 VarTD=0.406926 ret_end=-24.410 dbar_end=0.591 occ_end=0.264 CSR_train=0.000 done_count=125
[upd 190] u=0 upd_ctr=18 opt_step=288 E=0.686 g=0.155 VarTD=0.493122 ret_end=-24.860 dbar_end=0.594 occ_end=0.216 CSR_train=0.000 done_count=125
[upd 200] u=0 upd_ctr=19 opt_step=304 E=0.815 g=0.150 VarTD=0.549936 ret_end=-24.997 dbar_end=0.603 occ_end=0.288 CSR_train=0.000 done_count=125
[upd 210] u=0 upd_ctr=20 opt_step=320 E=0.991 g=0.156 VarTD=0.606857 ret_end=-24.304 dbar_end=0.592 occ_end=0.312 CSR_train=0.000 done_count=125
[upd 220] u=0 upd_ctr=21 opt_step=336 E=1.000 g=0.149 VarTD=0.717045 ret_end=-24.792 dbar_end=0.606 occ_end=0.200 CSR_train=0.000 done_count=125
[upd 230] u=1 upd_ctr=23 opt_step=368 E=0.124 g=0.155 VarTD=0.778394 ret_end=-24.190 dbar_end=0.594 occ_end=0.208 CSR_train=0.000 done_count=125
[upd 240] u=0 upd_ctr=24 opt_step=384 E=0.232 g=0.143 VarTD=0.998701 ret_end=-24.736 dbar_end=0.620 occ_end=0.216 CSR_train=0.000 done_count=125
[upd 250] u=0 upd_ctr=25 opt_step=400 E=0.362 g=0.149 VarTD=1.123770 ret_end=-24.130 dbar_end=0.607 occ_end=0.344 CSR_train=0.000 done_count=125
[upd 260] u=0 upd_ctr=26 opt_step=416 E=0.463 g=0.154 VarTD=1.071639 ret_end=-24.403 dbar_end=0.595 occ_end=0.340 CSR_train=0.000 done_count=100
[upd 270] u=0 upd_ctr=27 opt_step=432 E=0.574 g=0.145 VarTD=1.350739 ret_end=-24.982 dbar_end=0.616 occ_end=0.216 CSR_train=0.000 done_count=125
[upd 280] u=0 upd_ctr=28 opt_step=448 E=0.754 g=0.144 VarTD=1.551497 ret_end=-25.229 dbar_end=0.617 occ_end=0.232 CSR_train=0.000 done_count=125
[upd 290] u=0 upd_ctr=29 opt_step=464 E=0.867 g=0.160 VarTD=1.688818 ret_end=-23.939 dbar_end=0.583 occ_end=0.248 CSR_train=0.000 done_count=125
[upd 300] u=0 upd_ctr=30 opt_step=480 E=1.000 g=0.161 VarTD=1.851087 ret_end=-23.901 dbar_end=0.582 occ_end=0.320 CSR_train=0.000 done_count=125
[upd 310] u=1 upd_ctr=32 opt_step=512 E=0.132 g=0.166 VarTD=2.002781 ret_end=-24.227 dbar_end=0.573 occ_end=0.224 CSR_train=0.000 done_count=125
[Gate5 check] update_counter violations: t0=0 diffs=0
[Gate5 check] opt_step violations: t0=0 diffs=0 (expected_inc=16)
[Gate5 check] NaN masking: nan_on_skip=True finite_on_update=True
[Gate5 summary] mean_update_fraction=0.1026 final_executed_updates_mean=32.00
[Gate5 eval] done_count mean=100.0 CSR mean=0.0000 len_end_mean=26.00
[Gate5 eval] episodes_per_env=4 T_eval=104
[Gate5 eval-debug] locked_eps_occ=0.20 pre(step25): dbar_end=0.492013 occupied_end_mean=0.380000 max_tilde_end_mean=0.712142 CSR@locked=0.010000
[Gate5 eval-debug] locked_eps_occ=0.20 post(step26): dbar_end=0.487704 occupied_end_mean=0.430000 max_tilde_end_mean=0.712254 CSR@locked=0.000000
[Gate5 eval-debug] CSR_pre@0.10=0.0000 CSR_pre@0.15=0.0000 CSR_pre@0.20=0.0100 CSR_pre@0.25=0.0100 CSR_pre@0.30=0.0200
[Gate5 eval-debug] CSR_post@0.10=0.0000 CSR_post@0.15=0.0000 CSR_post@0.20=0.0000 CSR_post@0.25=0.0000 CSR_post@0.30=0.0200
