Importing submoduled environments...
Submoduled environments not found. Skipping import.
[upd 0] u=1 upd_ctr=1 opt_step=16 E=0.147 g=0.097 VarTD=0.135831 ret_end=-26.760 dbar_end=0.743 occ_end=0.210 CSR_train=0.000 done_count=100
[upd 10] u=1 upd_ctr=2 opt_step=32 E=0.145 g=0.103 VarTD=0.167736 ret_end=-26.060 dbar_end=0.724 occ_end=0.152 CSR_train=0.000 done_count=125
[upd 20] u=1 upd_ctr=3 opt_step=48 E=0.138 g=0.088 VarTD=0.161537 ret_end=-27.358 dbar_end=0.774 occ_end=0.168 CSR_train=0.000 done_count=125
[upd 30] u=1 upd_ctr=4 opt_step=64 E=0.153 g=0.103 VarTD=0.185547 ret_end=-26.301 dbar_end=0.723 occ_end=0.160 CSR_train=0.000 done_count=125
[upd 40] u=0 upd_ctr=5 opt_step=80 E=0.283 g=0.118 VarTD=0.137145 ret_end=-25.720 dbar_end=0.682 occ_end=0.192 CSR_train=0.000 done_count=125
[upd 50] u=0 upd_ctr=6 opt_step=96 E=0.467 g=0.107 VarTD=0.142446 ret_end=-26.605 dbar_end=0.713 occ_end=0.168 CSR_train=0.000 done_count=125
[upd 60] u=0 upd_ctr=7 opt_step=112 E=0.652 g=0.115 VarTD=0.131703 ret_end=-26.938 dbar_end=0.689 occ_end=0.184 CSR_train=0.000 done_count=125
[upd 70] u=0 upd_ctr=8 opt_step=128 E=0.908 g=0.120 VarTD=0.134299 ret_end=-26.212 dbar_end=0.676 occ_end=0.192 CSR_train=0.000 done_count=125
[upd 80] u=1 upd_ctr=10 opt_step=160 E=0.180 g=0.130 VarTD=0.137140 ret_end=-25.479 dbar_end=0.649 occ_end=0.272 CSR_train=0.000 done_count=125
[upd 90] u=0 upd_ctr=11 opt_step=176 E=0.421 g=0.125 VarTD=0.152312 ret_end=-26.057 dbar_end=0.662 occ_end=0.160 CSR_train=0.000 done_count=125
[upd 100] u=0 upd_ctr=12 opt_step=192 E=0.702 g=0.130 VarTD=0.179551 ret_end=-25.950 dbar_end=0.650 occ_end=0.224 CSR_train=0.000 done_count=125
[upd 110] u=1 upd_ctr=14 opt_step=224 E=0.157 g=0.148 VarTD=0.195396 ret_end=-24.029 dbar_end=0.608 occ_end=0.312 CSR_train=0.000 done_count=125
[upd 120] u=0 upd_ctr=15 opt_step=240 E=0.618 g=0.153 VarTD=0.265665 ret_end=-23.909 dbar_end=0.599 occ_end=0.280 CSR_train=0.000 done_count=125
[upd 130] u=0 upd_ctr=16 opt_step=256 E=1.000 g=0.148 VarTD=0.273705 ret_end=-24.765 dbar_end=0.608 occ_end=0.180 CSR_train=0.000 done_count=100
[upd 140] u=0 upd_ctr=18 opt_step=288 E=0.666 g=0.145 VarTD=0.456484 ret_end=-25.176 dbar_end=0.615 occ_end=0.232 CSR_train=0.000 done_count=125
[upd 150] u=0 upd_ctr=20 opt_step=320 E=0.388 g=0.170 VarTD=0.608033 ret_end=-23.635 dbar_end=0.564 occ_end=0.240 CSR_train=0.000 done_count=125
[upd 160] u=0 upd_ctr=21 opt_step=336 E=1.000 g=0.168 VarTD=0.690843 ret_end=-23.663 dbar_end=0.568 occ_end=0.256 CSR_train=0.008 done_count=125
[upd 170] u=0 upd_ctr=23 opt_step=368 E=0.714 g=0.181 VarTD=0.932982 ret_end=-23.210 dbar_end=0.545 occ_end=0.288 CSR_train=0.000 done_count=125
[upd 180] u=0 upd_ctr=25 opt_step=400 E=0.398 g=0.170 VarTD=1.125872 ret_end=-23.841 dbar_end=0.564 occ_end=0.256 CSR_train=0.000 done_count=125
[upd 190] u=0 upd_ctr=26 opt_step=416 E=1.000 g=0.187 VarTD=1.277842 ret_end=-22.753 dbar_end=0.534 occ_end=0.296 CSR_train=0.000 done_count=125
[upd 200] u=0 upd_ctr=28 opt_step=448 E=0.765 g=0.165 VarTD=1.560150 ret_end=-24.718 dbar_end=0.574 occ_end=0.328 CSR_train=0.000 done_count=125
[upd 210] u=0 upd_ctr=30 opt_step=480 E=0.411 g=0.172 VarTD=1.825513 ret_end=-24.394 dbar_end=0.561 occ_end=0.344 CSR_train=0.000 done_count=125
[upd 220] u=1 upd_ctr=32 opt_step=512 E=0.201 g=0.190 VarTD=2.089543 ret_end=-23.424 dbar_end=0.528 occ_end=0.368 CSR_train=0.000 done_count=125
[upd 230] u=0 upd_ctr=33 opt_step=528 E=0.927 g=0.170 VarTD=2.256933 ret_end=-22.783 dbar_end=0.565 occ_end=0.216 CSR_train=0.000 done_count=125
[upd 240] u=0 upd_ctr=35 opt_step=560 E=0.578 g=0.167 VarTD=2.580848 ret_end=-23.058 dbar_end=0.569 occ_end=0.280 CSR_train=0.000 done_count=125
[upd 250] u=1 upd_ctr=37 opt_step=592 E=0.225 g=0.175 VarTD=2.837452 ret_end=-23.611 dbar_end=0.555 occ_end=0.392 CSR_train=0.000 done_count=125
[upd 260] u=0 upd_ctr=38 opt_step=608 E=0.959 g=0.190 VarTD=2.606316 ret_end=-22.727 dbar_end=0.528 occ_end=0.320 CSR_train=0.000 done_count=100
[upd 270] u=0 upd_ctr=40 opt_step=640 E=0.786 g=0.186 VarTD=3.487739 ret_end=-22.239 dbar_end=0.536 occ_end=0.344 CSR_train=0.000 done_count=125
[upd 280] u=0 upd_ctr=42 opt_step=672 E=0.592 g=0.173 VarTD=3.878591 ret_end=-23.539 dbar_end=0.558 occ_end=0.272 CSR_train=0.000 done_count=125
[upd 290] u=1 upd_ctr=44 opt_step=704 E=0.234 g=0.184 VarTD=4.039663 ret_end=-22.816 dbar_end=0.539 occ_end=0.328 CSR_train=0.000 done_count=125
[upd 300] u=0 upd_ctr=45 opt_step=720 E=1.000 g=0.166 VarTD=4.265017 ret_end=-23.533 dbar_end=0.572 occ_end=0.240 CSR_train=0.000 done_count=125
[upd 310] u=0 upd_ctr=47 opt_step=752 E=0.993 g=0.190 VarTD=4.642347 ret_end=-23.004 dbar_end=0.529 occ_end=0.272 CSR_train=0.000 done_count=125
[Gate5 check] update_counter violations: t0=0 diffs=0
[Gate5 check] opt_step violations: t0=0 diffs=0 (expected_inc=16)
[Gate5 check] NaN masking: nan_on_skip=True finite_on_update=True
[Gate5 summary] mean_update_fraction=0.1538 final_executed_updates_mean=48.00
[Gate5 eval] done_count mean=100.0 CSR mean=0.0000 len_end_mean=26.00
[Gate5 eval] episodes_per_env=4 T_eval=104
[Gate5 eval-debug] locked_eps_occ=0.20 pre(step25): dbar_end=0.478154 occupied_end_mean=0.340000 max_tilde_end_mean=0.668460 CSR@locked=0.000000
[Gate5 eval-debug] locked_eps_occ=0.20 post(step26): dbar_end=0.474890 occupied_end_mean=0.410000 max_tilde_end_mean=0.667570 CSR@locked=0.000000
[Gate5 eval-debug] CSR_pre@0.10=0.0000 CSR_pre@0.15=0.0000 CSR_pre@0.20=0.0000 CSR_pre@0.25=0.0000 CSR_pre@0.30=0.0300
[Gate5 eval-debug] CSR_post@0.10=0.0000 CSR_post@0.15=0.0000 CSR_post@0.20=0.0000 CSR_post@0.25=0.0100 CSR_post@0.30=0.0100
