Importing submoduled environments...
Submoduled environments not found. Skipping import.
[upd 0] u=1 upd_ctr=1 opt_step=16 E=0.196 g=0.096 VarTD=0.159541 ret_end=-27.424 dbar_end=0.745 occ_end=0.200 CSR_train=0.000 done_count=100
[upd 10] u=0 upd_ctr=2 opt_step=32 E=0.196 g=0.095 VarTD=0.130445 ret_end=-26.787 dbar_end=0.750 occ_end=0.200 CSR_train=0.000 done_count=125
[upd 20] u=0 upd_ctr=3 opt_step=48 E=0.257 g=0.102 VarTD=0.173957 ret_end=-26.418 dbar_end=0.727 occ_end=0.160 CSR_train=0.000 done_count=125
[upd 30] u=0 upd_ctr=4 opt_step=64 E=0.370 g=0.103 VarTD=0.159075 ret_end=-27.055 dbar_end=0.725 occ_end=0.208 CSR_train=0.000 done_count=125
[upd 40] u=0 upd_ctr=5 opt_step=80 E=0.483 g=0.111 VarTD=0.153650 ret_end=-26.889 dbar_end=0.701 occ_end=0.176 CSR_train=0.000 done_count=125
[upd 50] u=0 upd_ctr=6 opt_step=96 E=0.637 g=0.114 VarTD=0.161620 ret_end=-26.579 dbar_end=0.692 occ_end=0.216 CSR_train=0.000 done_count=125
[upd 60] u=0 upd_ctr=7 opt_step=112 E=0.836 g=0.116 VarTD=0.170365 ret_end=-25.868 dbar_end=0.687 occ_end=0.160 CSR_train=0.000 done_count=125
[upd 70] u=1 upd_ctr=9 opt_step=144 E=0.213 g=0.113 VarTD=0.166583 ret_end=-26.569 dbar_end=0.695 occ_end=0.208 CSR_train=0.000 done_count=125
[upd 80] u=0 upd_ctr=10 opt_step=160 E=0.609 g=0.132 VarTD=0.181435 ret_end=-25.367 dbar_end=0.645 occ_end=0.232 CSR_train=0.000 done_count=125
[upd 90] u=0 upd_ctr=11 opt_step=176 E=1.000 g=0.130 VarTD=0.183359 ret_end=-25.515 dbar_end=0.651 occ_end=0.224 CSR_train=0.000 done_count=125
[upd 100] u=0 upd_ctr=13 opt_step=208 E=0.559 g=0.140 VarTD=0.228367 ret_end=-24.953 dbar_end=0.626 occ_end=0.216 CSR_train=0.000 done_count=125
[upd 110] u=1 upd_ctr=15 opt_step=240 E=0.174 g=0.139 VarTD=0.259654 ret_end=-24.913 dbar_end=0.629 occ_end=0.232 CSR_train=0.000 done_count=125
[upd 120] u=0 upd_ctr=16 opt_step=256 E=0.752 g=0.138 VarTD=0.339644 ret_end=-25.495 dbar_end=0.632 occ_end=0.200 CSR_train=0.000 done_count=125
[upd 130] u=0 upd_ctr=18 opt_step=288 E=0.353 g=0.143 VarTD=0.397919 ret_end=-24.539 dbar_end=0.620 occ_end=0.170 CSR_train=0.000 done_count=100
[upd 140] u=0 upd_ctr=19 opt_step=304 E=0.945 g=0.148 VarTD=0.566009 ret_end=-24.731 dbar_end=0.609 occ_end=0.280 CSR_train=0.000 done_count=125
[upd 150] u=0 upd_ctr=21 opt_step=336 E=0.697 g=0.162 VarTD=0.735869 ret_end=-23.968 dbar_end=0.580 occ_end=0.256 CSR_train=0.000 done_count=125
[upd 160] u=0 upd_ctr=23 opt_step=368 E=0.406 g=0.157 VarTD=0.941846 ret_end=-24.511 dbar_end=0.589 occ_end=0.224 CSR_train=0.000 done_count=125
[upd 170] u=1 upd_ctr=25 opt_step=400 E=0.162 g=0.158 VarTD=1.014386 ret_end=-24.128 dbar_end=0.588 occ_end=0.288 CSR_train=0.000 done_count=125
[upd 180] u=0 upd_ctr=26 opt_step=416 E=0.816 g=0.165 VarTD=1.328125 ret_end=-23.938 dbar_end=0.574 occ_end=0.280 CSR_train=0.000 done_count=125
[upd 190] u=0 upd_ctr=28 opt_step=448 E=0.591 g=0.155 VarTD=1.599314 ret_end=-24.184 dbar_end=0.593 occ_end=0.240 CSR_train=0.008 done_count=125
[upd 200] u=0 upd_ctr=30 opt_step=480 E=0.449 g=0.170 VarTD=1.917872 ret_end=-23.089 dbar_end=0.564 occ_end=0.304 CSR_train=0.008 done_count=125
[upd 210] u=1 upd_ctr=32 opt_step=512 E=0.260 g=0.160 VarTD=2.065316 ret_end=-24.387 dbar_end=0.584 occ_end=0.352 CSR_train=0.000 done_count=125
[upd 220] u=0 upd_ctr=33 opt_step=528 E=0.997 g=0.169 VarTD=2.397362 ret_end=-24.245 dbar_end=0.566 occ_end=0.256 CSR_train=0.000 done_count=125
[upd 230] u=0 upd_ctr=35 opt_step=560 E=0.830 g=0.167 VarTD=2.808152 ret_end=-23.313 dbar_end=0.570 occ_end=0.232 CSR_train=0.000 done_count=125
[upd 240] u=0 upd_ctr=37 opt_step=592 E=0.681 g=0.163 VarTD=3.108108 ret_end=-23.823 dbar_end=0.577 occ_end=0.256 CSR_train=0.000 done_count=125
[upd 250] u=0 upd_ctr=39 opt_step=624 E=0.537 g=0.160 VarTD=3.474812 ret_end=-24.749 dbar_end=0.584 occ_end=0.264 CSR_train=0.000 done_count=125
[upd 260] u=0 upd_ctr=41 opt_step=656 E=0.380 g=0.168 VarTD=3.140139 ret_end=-24.500 dbar_end=0.568 occ_end=0.340 CSR_train=0.000 done_count=100
[upd 270] u=1 upd_ctr=43 opt_step=688 E=0.217 g=0.169 VarTD=4.002471 ret_end=-24.804 dbar_end=0.565 occ_end=0.248 CSR_train=0.000 done_count=125
[upd 280] u=0 upd_ctr=44 opt_step=704 E=1.000 g=0.166 VarTD=4.322618 ret_end=-24.038 dbar_end=0.572 occ_end=0.232 CSR_train=0.000 done_count=125
[upd 290] u=0 upd_ctr=46 opt_step=736 E=0.933 g=0.172 VarTD=4.760149 ret_end=-24.049 dbar_end=0.561 occ_end=0.256 CSR_train=0.008 done_count=125
[upd 300] u=0 upd_ctr=48 opt_step=768 E=0.802 g=0.171 VarTD=5.057911 ret_end=-23.798 dbar_end=0.562 occ_end=0.272 CSR_train=0.000 done_count=125
[upd 310] u=0 upd_ctr=50 opt_step=800 E=0.731 g=0.174 VarTD=5.368895 ret_end=-23.693 dbar_end=0.557 occ_end=0.288 CSR_train=0.000 done_count=125
[Gate5 check] update_counter violations: t0=0 diffs=0
[Gate5 check] opt_step violations: t0=0 diffs=0 (expected_inc=16)
[Gate5 check] NaN masking: nan_on_skip=True finite_on_update=True
[Gate5 summary] mean_update_fraction=0.1603 final_executed_updates_mean=50.00
[Gate5 eval] done_count mean=100.0 CSR mean=0.0100 len_end_mean=26.00
[Gate5 eval] episodes_per_env=4 T_eval=104
[Gate5 eval-debug] locked_eps_occ=0.20 pre(step25): dbar_end=0.467546 occupied_end_mean=0.470000 max_tilde_end_mean=0.652921 CSR@locked=0.010000
[Gate5 eval-debug] locked_eps_occ=0.20 post(step26): dbar_end=0.470068 occupied_end_mean=0.400000 max_tilde_end_mean=0.663923 CSR@locked=0.010000
[Gate5 eval-debug] CSR_pre@0.10=0.0000 CSR_pre@0.15=0.0000 CSR_pre@0.20=0.0100 CSR_pre@0.25=0.0200 CSR_pre@0.30=0.0500
[Gate5 eval-debug] CSR_post@0.10=0.0000 CSR_post@0.15=0.0000 CSR_post@0.20=0.0100 CSR_post@0.25=0.0400 CSR_post@0.30=0.0600
