Importing submoduled environments...
Submoduled environments not found. Skipping import.
[upd 0] u=1 upd_ctr=1 opt_step=16 E=0.128 g=0.094 VarTD=0.156314 ret_end=-27.700 dbar_end=0.751 occ_end=0.180 CSR_train=0.010 done_count=100
[upd 10] u=0 upd_ctr=1 opt_step=16 E=0.417 g=0.106 VarTD=0.133782 ret_end=-25.939 dbar_end=0.713 occ_end=0.168 CSR_train=0.000 done_count=125
[upd 20] u=0 upd_ctr=1 opt_step=16 E=0.701 g=0.101 VarTD=0.146338 ret_end=-26.754 dbar_end=0.732 occ_end=0.200 CSR_train=0.000 done_count=125
[upd 30] u=0 upd_ctr=2 opt_step=32 E=0.083 g=0.100 VarTD=0.150045 ret_end=-27.585 dbar_end=0.733 occ_end=0.160 CSR_train=0.000 done_count=125
[upd 40] u=0 upd_ctr=2 opt_step=32 E=0.380 g=0.091 VarTD=0.141375 ret_end=-27.563 dbar_end=0.765 occ_end=0.152 CSR_train=0.000 done_count=125
[upd 50] u=0 upd_ctr=2 opt_step=32 E=0.674 g=0.108 VarTD=0.142769 ret_end=-26.691 dbar_end=0.710 occ_end=0.184 CSR_train=0.000 done_count=125
[upd 60] u=0 upd_ctr=3 opt_step=48 E=0.078 g=0.109 VarTD=0.139382 ret_end=-25.696 dbar_end=0.706 occ_end=0.184 CSR_train=0.000 done_count=125
[upd 70] u=0 upd_ctr=3 opt_step=48 E=0.398 g=0.107 VarTD=0.130117 ret_end=-25.879 dbar_end=0.712 occ_end=0.136 CSR_train=0.000 done_count=125
[upd 80] u=0 upd_ctr=3 opt_step=48 E=0.705 g=0.102 VarTD=0.155478 ret_end=-27.399 dbar_end=0.726 occ_end=0.112 CSR_train=0.000 done_count=125
[upd 90] u=0 upd_ctr=4 opt_step=64 E=0.119 g=0.100 VarTD=0.132321 ret_end=-26.364 dbar_end=0.734 occ_end=0.176 CSR_train=0.000 done_count=125
[upd 100] u=0 upd_ctr=4 opt_step=64 E=0.442 g=0.113 VarTD=0.132040 ret_end=-26.434 dbar_end=0.695 occ_end=0.160 CSR_train=0.000 done_count=125
[upd 110] u=0 upd_ctr=4 opt_step=64 E=0.777 g=0.128 VarTD=0.106402 ret_end=-24.568 dbar_end=0.654 occ_end=0.184 CSR_train=0.000 done_count=125
[upd 120] u=0 upd_ctr=5 opt_step=80 E=0.216 g=0.122 VarTD=0.136610 ret_end=-25.612 dbar_end=0.669 occ_end=0.208 CSR_train=0.000 done_count=125
[upd 130] u=0 upd_ctr=5 opt_step=80 E=0.566 g=0.121 VarTD=0.146666 ret_end=-26.108 dbar_end=0.674 occ_end=0.310 CSR_train=0.000 done_count=100
[upd 140] u=0 upd_ctr=5 opt_step=80 E=0.911 g=0.115 VarTD=0.174104 ret_end=-26.753 dbar_end=0.688 occ_end=0.192 CSR_train=0.000 done_count=125
[upd 150] u=0 upd_ctr=6 opt_step=96 E=0.389 g=0.117 VarTD=0.157804 ret_end=-26.226 dbar_end=0.685 occ_end=0.184 CSR_train=0.000 done_count=125
[upd 160] u=0 upd_ctr=6 opt_step=96 E=0.756 g=0.125 VarTD=0.130787 ret_end=-25.483 dbar_end=0.662 occ_end=0.192 CSR_train=0.000 done_count=125
[upd 170] u=0 upd_ctr=7 opt_step=112 E=0.239 g=0.129 VarTD=0.128672 ret_end=-25.647 dbar_end=0.652 occ_end=0.232 CSR_train=0.000 done_count=125
[upd 180] u=0 upd_ctr=7 opt_step=112 E=0.632 g=0.128 VarTD=0.146198 ret_end=-26.531 dbar_end=0.654 occ_end=0.152 CSR_train=0.000 done_count=125
[upd 190] u=0 upd_ctr=8 opt_step=128 E=0.106 g=0.135 VarTD=0.152765 ret_end=-26.133 dbar_end=0.637 occ_end=0.272 CSR_train=0.000 done_count=125
[upd 200] u=0 upd_ctr=8 opt_step=128 E=0.494 g=0.126 VarTD=0.156153 ret_end=-26.260 dbar_end=0.660 occ_end=0.232 CSR_train=0.000 done_count=125
[upd 210] u=0 upd_ctr=8 opt_step=128 E=0.890 g=0.142 VarTD=0.156064 ret_end=-25.301 dbar_end=0.623 occ_end=0.296 CSR_train=0.008 done_count=125
[upd 220] u=0 upd_ctr=9 opt_step=144 E=0.383 g=0.137 VarTD=0.143747 ret_end=-25.197 dbar_end=0.634 occ_end=0.224 CSR_train=0.000 done_count=125
[upd 230] u=0 upd_ctr=9 opt_step=144 E=0.795 g=0.142 VarTD=0.150040 ret_end=-24.745 dbar_end=0.621 occ_end=0.264 CSR_train=0.000 done_count=125
[upd 240] u=0 upd_ctr=10 opt_step=160 E=0.286 g=0.144 VarTD=0.156385 ret_end=-25.129 dbar_end=0.617 occ_end=0.224 CSR_train=0.000 done_count=125
[upd 250] u=0 upd_ctr=10 opt_step=160 E=0.691 g=0.131 VarTD=0.163141 ret_end=-25.291 dbar_end=0.647 occ_end=0.256 CSR_train=0.000 done_count=125
[upd 260] u=0 upd_ctr=11 opt_step=176 E=0.207 g=0.147 VarTD=0.171210 ret_end=-24.992 dbar_end=0.610 occ_end=0.220 CSR_train=0.000 done_count=100
[upd 270] u=0 upd_ctr=11 opt_step=176 E=0.616 g=0.136 VarTD=0.181732 ret_end=-25.046 dbar_end=0.635 occ_end=0.232 CSR_train=0.000 done_count=125
[upd 280] u=0 upd_ctr=12 opt_step=192 E=0.136 g=0.121 VarTD=0.192530 ret_end=-26.167 dbar_end=0.672 occ_end=0.248 CSR_train=0.000 done_count=125
[upd 290] u=0 upd_ctr=12 opt_step=192 E=0.564 g=0.143 VarTD=0.200399 ret_end=-24.936 dbar_end=0.619 occ_end=0.216 CSR_train=0.000 done_count=125
[upd 300] u=0 upd_ctr=13 opt_step=208 E=0.109 g=0.149 VarTD=0.209518 ret_end=-25.756 dbar_end=0.606 occ_end=0.184 CSR_train=0.000 done_count=125
[upd 310] u=0 upd_ctr=13 opt_step=208 E=0.557 g=0.150 VarTD=0.211252 ret_end=-24.293 dbar_end=0.605 occ_end=0.304 CSR_train=0.000 done_count=125
[Gate5 check] update_counter violations: t0=0 diffs=0
[Gate5 check] opt_step violations: t0=0 diffs=0 (expected_inc=16)
[Gate5 check] NaN masking: nan_on_skip=True finite_on_update=True
[Gate5 summary] mean_update_fraction=0.0417 final_executed_updates_mean=13.00
[Gate5 eval] done_count mean=100.0 CSR mean=0.0000 len_end_mean=26.00
[Gate5 eval] episodes_per_env=4 T_eval=104
[Gate5 eval-debug] locked_eps_occ=0.20 pre(step25): dbar_end=0.479458 occupied_end_mean=0.430000 max_tilde_end_mean=0.661413 CSR@locked=0.000000
[Gate5 eval-debug] locked_eps_occ=0.20 post(step26): dbar_end=0.491632 occupied_end_mean=0.360000 max_tilde_end_mean=0.667507 CSR@locked=0.000000
[Gate5 eval-debug] CSR_pre@0.10=0.0000 CSR_pre@0.15=0.0000 CSR_pre@0.20=0.0000 CSR_pre@0.25=0.0200 CSR_pre@0.30=0.0800
[Gate5 eval-debug] CSR_post@0.10=0.0000 CSR_post@0.15=0.0000 CSR_post@0.20=0.0000 CSR_post@0.25=0.0200 CSR_post@0.30=0.0600
