Importing submoduled environments...
Submoduled environments not found. Skipping import.
[upd 0] u=1 upd_ctr=1 opt_step=16 E=0.900 g=0.092 VarTD=0.136051 ret_end=-27.009 dbar_end=0.762 occ_end=0.140 CSR_train=0.000 done_count=100
[upd 10] u=0 upd_ctr=9 opt_step=144 E=0.100 g=0.127 VarTD=0.145675 ret_end=-25.771 dbar_end=0.658 occ_end=0.184 CSR_train=0.000 done_count=125
[upd 20] u=0 upd_ctr=9 opt_step=144 E=0.100 g=0.122 VarTD=0.142202 ret_end=-26.020 dbar_end=0.671 occ_end=0.192 CSR_train=0.000 done_count=125
[upd 30] u=0 upd_ctr=9 opt_step=144 E=0.100 g=0.130 VarTD=0.165400 ret_end=-26.177 dbar_end=0.650 occ_end=0.296 CSR_train=0.000 done_count=125
[upd 40] u=0 upd_ctr=9 opt_step=144 E=0.100 g=0.124 VarTD=0.138935 ret_end=-24.978 dbar_end=0.665 occ_end=0.184 CSR_train=0.000 done_count=125
[upd 50] u=0 upd_ctr=9 opt_step=144 E=0.100 g=0.119 VarTD=0.150270 ret_end=-25.119 dbar_end=0.677 occ_end=0.224 CSR_train=0.008 done_count=125
[upd 60] u=0 upd_ctr=9 opt_step=144 E=0.100 g=0.115 VarTD=0.145420 ret_end=-26.426 dbar_end=0.690 occ_end=0.192 CSR_train=0.000 done_count=125
[upd 70] u=0 upd_ctr=9 opt_step=144 E=0.100 g=0.127 VarTD=0.152336 ret_end=-25.156 dbar_end=0.656 occ_end=0.224 CSR_train=0.000 done_count=125
[upd 80] u=0 upd_ctr=9 opt_step=144 E=0.100 g=0.131 VarTD=0.121583 ret_end=-25.043 dbar_end=0.648 occ_end=0.160 CSR_train=0.000 done_count=125
[upd 90] u=0 upd_ctr=9 opt_step=144 E=0.100 g=0.130 VarTD=0.135533 ret_end=-25.660 dbar_end=0.649 occ_end=0.168 CSR_train=0.000 done_count=125
[upd 100] u=0 upd_ctr=9 opt_step=144 E=0.100 g=0.127 VarTD=0.145567 ret_end=-25.705 dbar_end=0.658 occ_end=0.280 CSR_train=0.000 done_count=125
[upd 110] u=0 upd_ctr=9 opt_step=144 E=0.100 g=0.131 VarTD=0.141817 ret_end=-24.827 dbar_end=0.648 occ_end=0.240 CSR_train=0.000 done_count=125
[upd 120] u=0 upd_ctr=9 opt_step=144 E=0.100 g=0.126 VarTD=0.153898 ret_end=-26.165 dbar_end=0.659 occ_end=0.160 CSR_train=0.000 done_count=125
[Gate5 check] update_counter violations: t0=0 diffs=0
[Gate5 check] opt_step violations: t0=0 diffs=0 (expected_inc=16)
[Gate5 check] NaN masking: nan_on_skip=True finite_on_update=True
[Gate5 summary] mean_update_fraction=0.0720 final_executed_updates_mean=9.00
[Gate5 eval] done_count mean=100.0 CSR mean=0.0000 len_end_mean=26.00
[Gate5 eval] episodes_per_env=4 T_eval=104
[Gate5 eval-debug] locked_eps_occ=0.20 pre(step25): dbar_end=0.546937 occupied_end_mean=0.330000 max_tilde_end_mean=0.845410 CSR@locked=0.000000
[Gate5 eval-debug] locked_eps_occ=0.20 post(step26): dbar_end=0.548547 occupied_end_mean=0.340000 max_tilde_end_mean=0.838938 CSR@locked=0.000000
[Gate5 eval-debug] CSR_pre@0.10=0.0000 CSR_pre@0.15=0.0000 CSR_pre@0.20=0.0000 CSR_pre@0.25=0.0000 CSR_pre@0.30=0.0000
[Gate5 eval-debug] CSR_post@0.10=0.0000 CSR_post@0.15=0.0000 CSR_post@0.20=0.0000 CSR_post@0.25=0.0000 CSR_post@0.30=0.0000
