Importing submoduled environments...
Submoduled environments not found. Skipping import.
[upd 0] u=1 upd_ctr=1 opt_step=16 E=0.158 g=0.083 VarTD=0.176951 ret_end=-28.473 dbar_end=0.794 occ_end=0.140 CSR_train=0.000 done_count=100
[upd 10] u=0 upd_ctr=1 opt_step=16 E=0.822 g=0.089 VarTD=0.152994 ret_end=-28.611 dbar_end=0.772 occ_end=0.104 CSR_train=0.000 done_count=125
[upd 20] u=0 upd_ctr=2 opt_step=32 E=0.593 g=0.096 VarTD=0.153620 ret_end=-27.619 dbar_end=0.748 occ_end=0.168 CSR_train=0.000 done_count=125
[upd 30] u=0 upd_ctr=3 opt_step=48 E=0.380 g=0.099 VarTD=0.147072 ret_end=-27.138 dbar_end=0.737 occ_end=0.120 CSR_train=0.000 done_count=125
[upd 40] u=0 upd_ctr=4 opt_step=64 E=0.161 g=0.102 VarTD=0.164890 ret_end=-26.762 dbar_end=0.726 occ_end=0.200 CSR_train=0.000 done_count=125
[upd 50] u=0 upd_ctr=4 opt_step=64 E=0.891 g=0.104 VarTD=0.168151 ret_end=-26.626 dbar_end=0.721 occ_end=0.120 CSR_train=0.000 done_count=125
[upd 60] u=0 upd_ctr=5 opt_step=80 E=0.752 g=0.109 VarTD=0.132429 ret_end=-26.057 dbar_end=0.706 occ_end=0.144 CSR_train=0.000 done_count=125
[upd 70] u=0 upd_ctr=6 opt_step=96 E=0.637 g=0.112 VarTD=0.164163 ret_end=-26.236 dbar_end=0.697 occ_end=0.224 CSR_train=0.000 done_count=125
[upd 80] u=0 upd_ctr=7 opt_step=112 E=0.524 g=0.113 VarTD=0.144524 ret_end=-26.820 dbar_end=0.696 occ_end=0.224 CSR_train=0.000 done_count=125
[upd 90] u=0 upd_ctr=8 opt_step=128 E=0.420 g=0.114 VarTD=0.135863 ret_end=-26.595 dbar_end=0.692 occ_end=0.192 CSR_train=0.000 done_count=125
[upd 100] u=0 upd_ctr=9 opt_step=144 E=0.340 g=0.117 VarTD=0.169591 ret_end=-26.081 dbar_end=0.682 occ_end=0.120 CSR_train=0.000 done_count=125
[upd 110] u=0 upd_ctr=10 opt_step=160 E=0.320 g=0.133 VarTD=0.160788 ret_end=-24.813 dbar_end=0.642 occ_end=0.208 CSR_train=0.000 done_count=125
[upd 120] u=0 upd_ctr=11 opt_step=176 E=0.282 g=0.124 VarTD=0.153549 ret_end=-24.967 dbar_end=0.666 occ_end=0.184 CSR_train=0.000 done_count=125
[upd 130] u=0 upd_ctr=12 opt_step=192 E=0.303 g=0.138 VarTD=0.155417 ret_end=-25.100 dbar_end=0.632 occ_end=0.240 CSR_train=0.000 done_count=100
[upd 140] u=0 upd_ctr=13 opt_step=208 E=0.312 g=0.124 VarTD=0.228790 ret_end=-25.909 dbar_end=0.666 occ_end=0.200 CSR_train=0.000 done_count=125
[upd 150] u=0 upd_ctr=14 opt_step=224 E=0.329 g=0.145 VarTD=0.237907 ret_end=-24.504 dbar_end=0.616 occ_end=0.280 CSR_train=0.000 done_count=125
[upd 160] u=0 upd_ctr=15 opt_step=240 E=0.386 g=0.144 VarTD=0.285856 ret_end=-25.175 dbar_end=0.617 occ_end=0.200 CSR_train=0.000 done_count=125
[upd 170] u=0 upd_ctr=16 opt_step=256 E=0.439 g=0.127 VarTD=0.336214 ret_end=-25.850 dbar_end=0.657 occ_end=0.192 CSR_train=0.000 done_count=125
[upd 180] u=0 upd_ctr=17 opt_step=272 E=0.517 g=0.149 VarTD=0.392684 ret_end=-24.878 dbar_end=0.607 occ_end=0.232 CSR_train=0.000 done_count=125
[upd 190] u=0 upd_ctr=18 opt_step=288 E=0.630 g=0.160 VarTD=0.458603 ret_end=-24.076 dbar_end=0.583 occ_end=0.256 CSR_train=0.000 done_count=125
[upd 200] u=0 upd_ctr=19 opt_step=304 E=0.777 g=0.149 VarTD=0.564415 ret_end=-25.265 dbar_end=0.607 occ_end=0.256 CSR_train=0.008 done_count=125
[upd 210] u=0 upd_ctr=20 opt_step=320 E=0.898 g=0.135 VarTD=0.630031 ret_end=-25.048 dbar_end=0.639 occ_end=0.144 CSR_train=0.000 done_count=125
[upd 220] u=1 upd_ctr=22 opt_step=352 E=0.156 g=0.172 VarTD=0.718075 ret_end=-23.367 dbar_end=0.560 occ_end=0.288 CSR_train=0.000 done_count=125
[upd 230] u=0 upd_ctr=23 opt_step=368 E=0.346 g=0.165 VarTD=0.936750 ret_end=-23.963 dbar_end=0.574 occ_end=0.232 CSR_train=0.000 done_count=125
[upd 240] u=0 upd_ctr=24 opt_step=384 E=0.545 g=0.154 VarTD=1.047618 ret_end=-23.853 dbar_end=0.597 occ_end=0.240 CSR_train=0.000 done_count=125
[upd 250] u=0 upd_ctr=25 opt_step=400 E=0.765 g=0.165 VarTD=1.181197 ret_end=-23.611 dbar_end=0.574 occ_end=0.264 CSR_train=0.000 done_count=125
[upd 260] u=0 upd_ctr=26 opt_step=416 E=0.996 g=0.162 VarTD=1.093376 ret_end=-24.501 dbar_end=0.579 occ_end=0.210 CSR_train=0.000 done_count=100
[upd 270] u=0 upd_ctr=28 opt_step=448 E=0.325 g=0.159 VarTD=1.562178 ret_end=-24.036 dbar_end=0.585 occ_end=0.256 CSR_train=0.000 done_count=125
[upd 280] u=0 upd_ctr=29 opt_step=464 E=0.581 g=0.155 VarTD=1.720003 ret_end=-24.676 dbar_end=0.594 occ_end=0.280 CSR_train=0.000 done_count=125
[upd 290] u=0 upd_ctr=30 opt_step=480 E=0.807 g=0.172 VarTD=1.870854 ret_end=-23.264 dbar_end=0.561 occ_end=0.280 CSR_train=0.000 done_count=125
[upd 300] u=1 upd_ctr=32 opt_step=512 E=0.189 g=0.183 VarTD=2.079275 ret_end=-23.394 dbar_end=0.541 occ_end=0.280 CSR_train=0.008 done_count=125
[upd 310] u=0 upd_ctr=33 opt_step=528 E=0.455 g=0.192 VarTD=2.376434 ret_end=-23.279 dbar_end=0.526 occ_end=0.344 CSR_train=0.008 done_count=125
[Gate5 check] update_counter violations: t0=0 diffs=0
[Gate5 check] opt_step violations: t0=0 diffs=0 (expected_inc=16)
[Gate5 check] NaN masking: nan_on_skip=True finite_on_update=True
[Gate5 summary] mean_update_fraction=0.1058 final_executed_updates_mean=33.00
[Gate5 eval] done_count mean=100.0 CSR mean=0.0000 len_end_mean=26.00
[Gate5 eval] episodes_per_env=4 T_eval=104
[Gate5 eval-debug] locked_eps_occ=0.20 pre(step25): dbar_end=0.531815 occupied_end_mean=0.310000 max_tilde_end_mean=0.789297 CSR@locked=0.000000
[Gate5 eval-debug] locked_eps_occ=0.20 post(step26): dbar_end=0.535191 occupied_end_mean=0.260000 max_tilde_end_mean=0.790667 CSR@locked=0.000000
[Gate5 eval-debug] CSR_pre@0.10=0.0000 CSR_pre@0.15=0.0000 CSR_pre@0.20=0.0000 CSR_pre@0.25=0.0000 CSR_pre@0.30=0.0200
[Gate5 eval-debug] CSR_post@0.10=0.0000 CSR_post@0.15=0.0000 CSR_post@0.20=0.0000 CSR_post@0.25=0.0000 CSR_post@0.30=0.0000
