Importing submoduled environments...
Submoduled environments not found. Skipping import.
[upd 0] u=1 upd_ctr=1 opt_step=16 E=0.117 g=0.083 VarTD=0.176951 ret_end=-28.473 dbar_end=0.794 occ_end=0.140 CSR_train=0.000 done_count=100
[upd 10] u=0 upd_ctr=1 opt_step=16 E=0.306 g=0.089 VarTD=0.152994 ret_end=-28.611 dbar_end=0.772 occ_end=0.104 CSR_train=0.000 done_count=125
[upd 20] u=0 upd_ctr=1 opt_step=16 E=0.494 g=0.093 VarTD=0.156211 ret_end=-27.741 dbar_end=0.758 occ_end=0.208 CSR_train=0.000 done_count=125
[upd 30] u=0 upd_ctr=1 opt_step=16 E=0.683 g=0.093 VarTD=0.150216 ret_end=-27.296 dbar_end=0.756 occ_end=0.128 CSR_train=0.000 done_count=125
[upd 40] u=0 upd_ctr=1 opt_step=16 E=0.864 g=0.094 VarTD=0.168255 ret_end=-27.164 dbar_end=0.754 occ_end=0.168 CSR_train=0.000 done_count=125
[upd 50] u=0 upd_ctr=2 opt_step=32 E=0.162 g=0.101 VarTD=0.170471 ret_end=-26.842 dbar_end=0.730 occ_end=0.128 CSR_train=0.000 done_count=125
[upd 60] u=0 upd_ctr=2 opt_step=32 E=0.363 g=0.103 VarTD=0.135472 ret_end=-26.531 dbar_end=0.723 occ_end=0.104 CSR_train=0.000 done_count=125
[upd 70] u=0 upd_ctr=2 opt_step=32 E=0.565 g=0.098 VarTD=0.161344 ret_end=-26.865 dbar_end=0.740 occ_end=0.184 CSR_train=0.000 done_count=125
[upd 80] u=0 upd_ctr=2 opt_step=32 E=0.767 g=0.103 VarTD=0.136564 ret_end=-27.329 dbar_end=0.724 occ_end=0.200 CSR_train=0.000 done_count=125
[upd 90] u=0 upd_ctr=3 opt_step=48 E=0.068 g=0.104 VarTD=0.128072 ret_end=-27.031 dbar_end=0.721 occ_end=0.176 CSR_train=0.000 done_count=125
[upd 100] u=0 upd_ctr=3 opt_step=48 E=0.277 g=0.104 VarTD=0.161648 ret_end=-26.903 dbar_end=0.722 occ_end=0.104 CSR_train=0.000 done_count=125
[upd 110] u=0 upd_ctr=3 opt_step=48 E=0.497 g=0.108 VarTD=0.142749 ret_end=-25.827 dbar_end=0.710 occ_end=0.096 CSR_train=0.000 done_count=125
[upd 120] u=0 upd_ctr=3 opt_step=48 E=0.704 g=0.104 VarTD=0.131124 ret_end=-25.813 dbar_end=0.720 occ_end=0.176 CSR_train=0.000 done_count=125
[upd 130] u=0 upd_ctr=3 opt_step=48 E=0.913 g=0.116 VarTD=0.132752 ret_end=-26.327 dbar_end=0.686 occ_end=0.250 CSR_train=0.000 done_count=100
[upd 140] u=0 upd_ctr=4 opt_step=64 E=0.235 g=0.096 VarTD=0.155587 ret_end=-26.998 dbar_end=0.746 occ_end=0.120 CSR_train=0.000 done_count=125
[upd 150] u=0 upd_ctr=4 opt_step=64 E=0.458 g=0.122 VarTD=0.125467 ret_end=-25.531 dbar_end=0.669 occ_end=0.232 CSR_train=0.000 done_count=125
[upd 160] u=0 upd_ctr=4 opt_step=64 E=0.682 g=0.120 VarTD=0.127843 ret_end=-25.683 dbar_end=0.675 occ_end=0.176 CSR_train=0.000 done_count=125
[upd 170] u=0 upd_ctr=4 opt_step=64 E=0.909 g=0.100 VarTD=0.149917 ret_end=-27.071 dbar_end=0.734 occ_end=0.160 CSR_train=0.000 done_count=125
[upd 180] u=0 upd_ctr=5 opt_step=80 E=0.238 g=0.120 VarTD=0.130086 ret_end=-26.332 dbar_end=0.674 occ_end=0.192 CSR_train=0.000 done_count=125
[upd 190] u=0 upd_ctr=5 opt_step=80 E=0.473 g=0.127 VarTD=0.134804 ret_end=-25.538 dbar_end=0.657 occ_end=0.216 CSR_train=0.000 done_count=125
[upd 200] u=0 upd_ctr=5 opt_step=80 E=0.709 g=0.115 VarTD=0.153980 ret_end=-26.781 dbar_end=0.690 occ_end=0.192 CSR_train=0.000 done_count=125
[upd 210] u=1 upd_ctr=6 opt_step=96 E=0.039 g=0.115 VarTD=0.141862 ret_end=-26.397 dbar_end=0.688 occ_end=0.240 CSR_train=0.000 done_count=125
[upd 220] u=0 upd_ctr=6 opt_step=96 E=0.272 g=0.131 VarTD=0.108301 ret_end=-24.938 dbar_end=0.647 occ_end=0.144 CSR_train=0.000 done_count=125
[upd 230] u=0 upd_ctr=6 opt_step=96 E=0.522 g=0.135 VarTD=0.114528 ret_end=-25.639 dbar_end=0.637 occ_end=0.304 CSR_train=0.000 done_count=125
[upd 240] u=0 upd_ctr=6 opt_step=96 E=0.755 g=0.124 VarTD=0.156138 ret_end=-25.834 dbar_end=0.664 occ_end=0.216 CSR_train=0.000 done_count=125
[upd 250] u=0 upd_ctr=7 opt_step=112 E=0.098 g=0.129 VarTD=0.151683 ret_end=-25.239 dbar_end=0.651 occ_end=0.240 CSR_train=0.000 done_count=125
[upd 260] u=0 upd_ctr=7 opt_step=112 E=0.343 g=0.121 VarTD=0.136458 ret_end=-26.727 dbar_end=0.673 occ_end=0.230 CSR_train=0.000 done_count=100
[upd 270] u=0 upd_ctr=7 opt_step=112 E=0.589 g=0.134 VarTD=0.131039 ret_end=-25.628 dbar_end=0.640 occ_end=0.264 CSR_train=0.000 done_count=125
[upd 280] u=0 upd_ctr=7 opt_step=112 E=0.832 g=0.116 VarTD=0.135808 ret_end=-26.249 dbar_end=0.686 occ_end=0.216 CSR_train=0.000 done_count=125
[upd 290] u=0 upd_ctr=8 opt_step=128 E=0.178 g=0.134 VarTD=0.138106 ret_end=-24.796 dbar_end=0.639 occ_end=0.232 CSR_train=0.000 done_count=125
[upd 300] u=0 upd_ctr=8 opt_step=128 E=0.429 g=0.139 VarTD=0.170866 ret_end=-25.142 dbar_end=0.629 occ_end=0.272 CSR_train=0.000 done_count=125
[upd 310] u=0 upd_ctr=8 opt_step=128 E=0.678 g=0.131 VarTD=0.155907 ret_end=-25.378 dbar_end=0.647 occ_end=0.248 CSR_train=0.000 done_count=125
[Gate5 check] update_counter violations: t0=0 diffs=0
[Gate5 check] opt_step violations: t0=0 diffs=0 (expected_inc=16)
[Gate5 check] NaN masking: nan_on_skip=True finite_on_update=True
[Gate5 summary] mean_update_fraction=0.0256 final_executed_updates_mean=8.00
[Gate5 eval] done_count mean=100.0 CSR mean=0.0000 len_end_mean=26.00
[Gate5 eval] episodes_per_env=4 T_eval=104
[Gate5 eval-debug] locked_eps_occ=0.20 pre(step25): dbar_end=0.645195 occupied_end_mean=0.230000 max_tilde_end_mean=0.928450 CSR@locked=0.000000
[Gate5 eval-debug] locked_eps_occ=0.20 post(step26): dbar_end=0.651395 occupied_end_mean=0.180000 max_tilde_end_mean=0.933255 CSR@locked=0.000000
[Gate5 eval-debug] CSR_pre@0.10=0.0000 CSR_pre@0.15=0.0000 CSR_pre@0.20=0.0000 CSR_pre@0.25=0.0000 CSR_pre@0.30=0.0000
[Gate5 eval-debug] CSR_post@0.10=0.0000 CSR_post@0.15=0.0000 CSR_post@0.20=0.0000 CSR_post@0.25=0.0000 CSR_post@0.30=0.0000
