Importing submoduled environments...
Submoduled environments not found. Skipping import.
[upd 0] u=1 upd_ctr=1 opt_step=16 E=0.078 g=0.092 VarTD=0.127621 ret_end=-27.319 dbar_end=0.760 occ_end=0.140 CSR_train=0.000 done_count=100
[upd 10] u=0 upd_ctr=1 opt_step=16 E=0.362 g=0.102 VarTD=0.162085 ret_end=-27.682 dbar_end=0.727 occ_end=0.168 CSR_train=0.000 done_count=125
[upd 20] u=0 upd_ctr=1 opt_step=16 E=0.633 g=0.083 VarTD=0.141936 ret_end=-28.343 dbar_end=0.793 occ_end=0.144 CSR_train=0.000 done_count=125
[upd 30] u=0 upd_ctr=1 opt_step=16 E=0.915 g=0.093 VarTD=0.135564 ret_end=-27.031 dbar_end=0.758 occ_end=0.192 CSR_train=0.000 done_count=125
[upd 40] u=0 upd_ctr=2 opt_step=32 E=0.237 g=0.087 VarTD=0.147563 ret_end=-27.607 dbar_end=0.777 occ_end=0.080 CSR_train=0.000 done_count=125
[upd 50] u=0 upd_ctr=2 opt_step=32 E=0.529 g=0.102 VarTD=0.138684 ret_end=-26.630 dbar_end=0.727 occ_end=0.192 CSR_train=0.000 done_count=125
[upd 60] u=0 upd_ctr=2 opt_step=32 E=0.820 g=0.099 VarTD=0.131957 ret_end=-27.018 dbar_end=0.736 occ_end=0.168 CSR_train=0.000 done_count=125
[upd 70] u=0 upd_ctr=3 opt_step=48 E=0.166 g=0.100 VarTD=0.166753 ret_end=-27.083 dbar_end=0.732 occ_end=0.160 CSR_train=0.000 done_count=125
[upd 80] u=0 upd_ctr=3 opt_step=48 E=0.483 g=0.100 VarTD=0.153632 ret_end=-26.475 dbar_end=0.734 occ_end=0.160 CSR_train=0.000 done_count=125
[upd 90] u=0 upd_ctr=3 opt_step=48 E=0.800 g=0.101 VarTD=0.145395 ret_end=-28.054 dbar_end=0.729 occ_end=0.160 CSR_train=0.000 done_count=125
[upd 100] u=0 upd_ctr=4 opt_step=64 E=0.168 g=0.116 VarTD=0.134107 ret_end=-25.328 dbar_end=0.685 occ_end=0.184 CSR_train=0.000 done_count=125
[upd 110] u=0 upd_ctr=4 opt_step=64 E=0.489 g=0.099 VarTD=0.167218 ret_end=-27.748 dbar_end=0.736 occ_end=0.192 CSR_train=0.000 done_count=125
[upd 120] u=0 upd_ctr=4 opt_step=64 E=0.818 g=0.113 VarTD=0.128229 ret_end=-26.706 dbar_end=0.695 occ_end=0.168 CSR_train=0.000 done_count=125
[upd 130] u=0 upd_ctr=5 opt_step=80 E=0.194 g=0.120 VarTD=0.115166 ret_end=-25.298 dbar_end=0.674 occ_end=0.200 CSR_train=0.000 done_count=100
[upd 140] u=0 upd_ctr=5 opt_step=80 E=0.531 g=0.123 VarTD=0.145486 ret_end=-25.962 dbar_end=0.667 occ_end=0.160 CSR_train=0.000 done_count=125
[upd 150] u=0 upd_ctr=5 opt_step=80 E=0.873 g=0.118 VarTD=0.121196 ret_end=-25.990 dbar_end=0.680 occ_end=0.160 CSR_train=0.000 done_count=125
[upd 160] u=0 upd_ctr=6 opt_step=96 E=0.256 g=0.114 VarTD=0.114552 ret_end=-26.583 dbar_end=0.692 occ_end=0.232 CSR_train=0.008 done_count=125
[upd 170] u=0 upd_ctr=6 opt_step=96 E=0.612 g=0.125 VarTD=0.150518 ret_end=-25.390 dbar_end=0.662 occ_end=0.176 CSR_train=0.000 done_count=125
[upd 180] u=0 upd_ctr=6 opt_step=96 E=0.971 g=0.133 VarTD=0.149626 ret_end=-25.294 dbar_end=0.643 occ_end=0.248 CSR_train=0.000 done_count=125
[upd 190] u=0 upd_ctr=7 opt_step=112 E=0.376 g=0.120 VarTD=0.142399 ret_end=-25.964 dbar_end=0.676 occ_end=0.192 CSR_train=0.000 done_count=125
[upd 200] u=0 upd_ctr=7 opt_step=112 E=0.733 g=0.125 VarTD=0.122851 ret_end=-26.224 dbar_end=0.663 occ_end=0.232 CSR_train=0.000 done_count=125
[upd 210] u=0 upd_ctr=8 opt_step=128 E=0.140 g=0.108 VarTD=0.132050 ret_end=-26.845 dbar_end=0.708 occ_end=0.192 CSR_train=0.000 done_count=125
[upd 220] u=0 upd_ctr=8 opt_step=128 E=0.499 g=0.124 VarTD=0.130588 ret_end=-26.050 dbar_end=0.664 occ_end=0.184 CSR_train=0.000 done_count=125
[upd 230] u=0 upd_ctr=8 opt_step=128 E=0.845 g=0.109 VarTD=0.158572 ret_end=-26.781 dbar_end=0.705 occ_end=0.200 CSR_train=0.000 done_count=125
[upd 240] u=0 upd_ctr=9 opt_step=144 E=0.266 g=0.113 VarTD=0.158689 ret_end=-26.966 dbar_end=0.695 occ_end=0.160 CSR_train=0.000 done_count=125
[upd 250] u=0 upd_ctr=9 opt_step=144 E=0.643 g=0.125 VarTD=0.161355 ret_end=-26.229 dbar_end=0.661 occ_end=0.192 CSR_train=0.000 done_count=125
[upd 260] u=1 upd_ctr=10 opt_step=160 E=0.067 g=0.109 VarTD=0.150805 ret_end=-27.048 dbar_end=0.707 occ_end=0.160 CSR_train=0.000 done_count=100
[upd 270] u=0 upd_ctr=10 opt_step=160 E=0.448 g=0.123 VarTD=0.134639 ret_end=-25.938 dbar_end=0.668 occ_end=0.224 CSR_train=0.000 done_count=125
[upd 280] u=0 upd_ctr=10 opt_step=160 E=0.835 g=0.126 VarTD=0.173095 ret_end=-25.486 dbar_end=0.661 occ_end=0.224 CSR_train=0.000 done_count=125
[upd 290] u=0 upd_ctr=11 opt_step=176 E=0.274 g=0.131 VarTD=0.163396 ret_end=-25.150 dbar_end=0.648 occ_end=0.248 CSR_train=0.000 done_count=125
[upd 300] u=0 upd_ctr=11 opt_step=176 E=0.656 g=0.137 VarTD=0.173399 ret_end=-25.305 dbar_end=0.633 occ_end=0.216 CSR_train=0.000 done_count=125
[upd 310] u=0 upd_ctr=12 opt_step=192 E=0.096 g=0.135 VarTD=0.172692 ret_end=-24.669 dbar_end=0.637 occ_end=0.224 CSR_train=0.000 done_count=125
[Gate5 check] update_counter violations: t0=0 diffs=0
[Gate5 check] opt_step violations: t0=0 diffs=0 (expected_inc=16)
[Gate5 check] NaN masking: nan_on_skip=True finite_on_update=True
[Gate5 summary] mean_update_fraction=0.0385 final_executed_updates_mean=12.00
[Gate5 eval] done_count mean=100.0 CSR mean=0.0200 len_end_mean=26.00
[Gate5 eval] episodes_per_env=4 T_eval=104
[Gate5 eval-debug] locked_eps_occ=0.20 pre(step25): dbar_end=0.481375 occupied_end_mean=0.360000 max_tilde_end_mean=0.677730 CSR@locked=0.000000
[Gate5 eval-debug] locked_eps_occ=0.20 post(step26): dbar_end=0.483568 occupied_end_mean=0.440000 max_tilde_end_mean=0.680943 CSR@locked=0.020000
[Gate5 eval-debug] CSR_pre@0.10=0.0000 CSR_pre@0.15=0.0000 CSR_pre@0.20=0.0000 CSR_pre@0.25=0.0200 CSR_pre@0.30=0.0300
[Gate5 eval-debug] CSR_post@0.10=0.0000 CSR_post@0.15=0.0000 CSR_post@0.20=0.0200 CSR_post@0.25=0.0300 CSR_post@0.30=0.0400
