Importing submoduled environments...
Submoduled environments not found. Skipping import.
[upd 0] u=1 upd_ctr=1 opt_step=16 E=0.010 g=0.099 VarTD=0.140656 ret_end=-26.323 dbar_end=0.738 occ_end=0.170 CSR_train=0.000 done_count=100
[upd 10] u=0 upd_ctr=1 opt_step=16 E=0.099 g=0.094 VarTD=0.164372 ret_end=-27.885 dbar_end=0.755 occ_end=0.144 CSR_train=0.000 done_count=125
[upd 20] u=0 upd_ctr=1 opt_step=16 E=0.188 g=0.085 VarTD=0.157447 ret_end=-28.074 dbar_end=0.784 occ_end=0.096 CSR_train=0.000 done_count=125
[upd 30] u=0 upd_ctr=1 opt_step=16 E=0.275 g=0.085 VarTD=0.189403 ret_end=-27.581 dbar_end=0.785 occ_end=0.176 CSR_train=0.000 done_count=125
[upd 40] u=0 upd_ctr=1 opt_step=16 E=0.364 g=0.088 VarTD=0.145121 ret_end=-27.434 dbar_end=0.773 occ_end=0.192 CSR_train=0.000 done_count=125
[upd 50] u=0 upd_ctr=1 opt_step=16 E=0.451 g=0.091 VarTD=0.143568 ret_end=-27.590 dbar_end=0.765 occ_end=0.112 CSR_train=0.000 done_count=125
[upd 60] u=0 upd_ctr=1 opt_step=16 E=0.543 g=0.083 VarTD=0.155448 ret_end=-27.788 dbar_end=0.791 occ_end=0.152 CSR_train=0.000 done_count=125
[upd 70] u=0 upd_ctr=1 opt_step=16 E=0.630 g=0.087 VarTD=0.150677 ret_end=-27.587 dbar_end=0.778 occ_end=0.088 CSR_train=0.000 done_count=125
[upd 80] u=0 upd_ctr=1 opt_step=16 E=0.718 g=0.085 VarTD=0.181481 ret_end=-27.825 dbar_end=0.786 occ_end=0.128 CSR_train=0.000 done_count=125
[upd 90] u=0 upd_ctr=1 opt_step=16 E=0.807 g=0.100 VarTD=0.143071 ret_end=-25.938 dbar_end=0.732 occ_end=0.232 CSR_train=0.008 done_count=125
[upd 100] u=0 upd_ctr=1 opt_step=16 E=0.899 g=0.085 VarTD=0.177652 ret_end=-28.147 dbar_end=0.786 occ_end=0.128 CSR_train=0.000 done_count=125
[upd 110] u=0 upd_ctr=1 opt_step=16 E=0.989 g=0.094 VarTD=0.163627 ret_end=-27.492 dbar_end=0.753 occ_end=0.168 CSR_train=0.000 done_count=125
[upd 120] u=0 upd_ctr=2 opt_step=32 E=0.076 g=0.106 VarTD=0.142260 ret_end=-26.766 dbar_end=0.714 occ_end=0.176 CSR_train=0.000 done_count=125
[upd 130] u=0 upd_ctr=2 opt_step=32 E=0.171 g=0.091 VarTD=0.160761 ret_end=-27.803 dbar_end=0.764 occ_end=0.140 CSR_train=0.000 done_count=100
[upd 140] u=0 upd_ctr=2 opt_step=32 E=0.267 g=0.101 VarTD=0.139790 ret_end=-26.627 dbar_end=0.730 occ_end=0.248 CSR_train=0.000 done_count=125
[upd 150] u=0 upd_ctr=2 opt_step=32 E=0.365 g=0.088 VarTD=0.178088 ret_end=-26.993 dbar_end=0.775 occ_end=0.128 CSR_train=0.000 done_count=125
[upd 160] u=0 upd_ctr=2 opt_step=32 E=0.456 g=0.099 VarTD=0.143980 ret_end=-26.489 dbar_end=0.736 occ_end=0.176 CSR_train=0.000 done_count=125
[upd 170] u=0 upd_ctr=2 opt_step=32 E=0.547 g=0.102 VarTD=0.145302 ret_end=-27.008 dbar_end=0.728 occ_end=0.144 CSR_train=0.000 done_count=125
[upd 180] u=0 upd_ctr=2 opt_step=32 E=0.642 g=0.091 VarTD=0.161205 ret_end=-27.646 dbar_end=0.762 occ_end=0.136 CSR_train=0.000 done_count=125
[upd 190] u=0 upd_ctr=2 opt_step=32 E=0.733 g=0.088 VarTD=0.181629 ret_end=-27.514 dbar_end=0.774 occ_end=0.144 CSR_train=0.000 done_count=125
[upd 200] u=0 upd_ctr=2 opt_step=32 E=0.829 g=0.101 VarTD=0.129729 ret_end=-26.517 dbar_end=0.731 occ_end=0.152 CSR_train=0.000 done_count=125
[upd 210] u=0 upd_ctr=2 opt_step=32 E=0.925 g=0.105 VarTD=0.158159 ret_end=-27.092 dbar_end=0.717 occ_end=0.152 CSR_train=0.000 done_count=125
[upd 220] u=0 upd_ctr=3 opt_step=48 E=0.019 g=0.101 VarTD=0.168226 ret_end=-27.393 dbar_end=0.730 occ_end=0.192 CSR_train=0.000 done_count=125
[upd 230] u=0 upd_ctr=3 opt_step=48 E=0.120 g=0.087 VarTD=0.148124 ret_end=-27.340 dbar_end=0.779 occ_end=0.072 CSR_train=0.000 done_count=125
[upd 240] u=0 upd_ctr=3 opt_step=48 E=0.218 g=0.105 VarTD=0.136278 ret_end=-26.445 dbar_end=0.719 occ_end=0.120 CSR_train=0.000 done_count=125
[upd 250] u=0 upd_ctr=3 opt_step=48 E=0.314 g=0.096 VarTD=0.200401 ret_end=-28.176 dbar_end=0.747 occ_end=0.232 CSR_train=0.000 done_count=125
[upd 260] u=0 upd_ctr=3 opt_step=48 E=0.408 g=0.083 VarTD=0.151316 ret_end=-28.403 dbar_end=0.794 occ_end=0.120 CSR_train=0.000 done_count=100
[upd 270] u=0 upd_ctr=3 opt_step=48 E=0.507 g=0.094 VarTD=0.177361 ret_end=-26.893 dbar_end=0.754 occ_end=0.176 CSR_train=0.000 done_count=125
[upd 280] u=0 upd_ctr=3 opt_step=48 E=0.601 g=0.104 VarTD=0.164249 ret_end=-26.561 dbar_end=0.721 occ_end=0.232 CSR_train=0.000 done_count=125
[upd 290] u=0 upd_ctr=3 opt_step=48 E=0.699 g=0.099 VarTD=0.137880 ret_end=-25.980 dbar_end=0.736 occ_end=0.120 CSR_train=0.000 done_count=125
[upd 300] u=0 upd_ctr=3 opt_step=48 E=0.802 g=0.116 VarTD=0.143919 ret_end=-26.273 dbar_end=0.687 occ_end=0.224 CSR_train=0.000 done_count=125
[upd 310] u=0 upd_ctr=3 opt_step=48 E=0.898 g=0.098 VarTD=0.156023 ret_end=-27.522 dbar_end=0.740 occ_end=0.152 CSR_train=0.000 done_count=125
[Gate5 check] update_counter violations: t0=0 diffs=0
[Gate5 check] opt_step violations: t0=0 diffs=0 (expected_inc=16)
[Gate5 check] NaN masking: nan_on_skip=True finite_on_update=True
[Gate5 summary] mean_update_fraction=0.0096 final_executed_updates_mean=3.00
[Gate5 eval] done_count mean=100.0 CSR mean=0.0000 len_end_mean=26.00
[Gate5 eval] episodes_per_env=4 T_eval=104
[Gate5 eval-debug] locked_eps_occ=0.20 pre(step25): dbar_end=0.620798 occupied_end_mean=0.180000 max_tilde_end_mean=0.867979 CSR@locked=0.000000
[Gate5 eval-debug] locked_eps_occ=0.20 post(step26): dbar_end=0.626804 occupied_end_mean=0.180000 max_tilde_end_mean=0.883361 CSR@locked=0.000000
[Gate5 eval-debug] CSR_pre@0.10=0.0000 CSR_pre@0.15=0.0000 CSR_pre@0.20=0.0000 CSR_pre@0.25=0.0100 CSR_pre@0.30=0.0100
[Gate5 eval-debug] CSR_post@0.10=0.0000 CSR_post@0.15=0.0000 CSR_post@0.20=0.0000 CSR_post@0.25=0.0100 CSR_post@0.30=0.0100
