Importing submoduled environments...
Submoduled environments not found. Skipping import.
[upd 0] u=1 upd_ctr=1 opt_step=16 E=0.148 g=0.096 VarTD=0.198978 ret_end=-28.258 dbar_end=0.747 occ_end=0.170 CSR_train=0.000 done_count=100
[upd 10] u=0 upd_ctr=1 opt_step=16 E=0.606 g=0.091 VarTD=0.177567 ret_end=-27.488 dbar_end=0.762 occ_end=0.104 CSR_train=0.000 done_count=125
[upd 20] u=0 upd_ctr=2 opt_step=32 E=0.154 g=0.088 VarTD=0.171387 ret_end=-27.740 dbar_end=0.773 occ_end=0.112 CSR_train=0.000 done_count=125
[upd 30] u=0 upd_ctr=2 opt_step=32 E=0.636 g=0.086 VarTD=0.156649 ret_end=-27.568 dbar_end=0.781 occ_end=0.192 CSR_train=0.000 done_count=125
[upd 40] u=0 upd_ctr=3 opt_step=48 E=0.224 g=0.099 VarTD=0.137274 ret_end=-27.131 dbar_end=0.736 occ_end=0.176 CSR_train=0.000 done_count=125
[upd 50] u=0 upd_ctr=3 opt_step=48 E=0.727 g=0.112 VarTD=0.150598 ret_end=-26.895 dbar_end=0.697 occ_end=0.208 CSR_train=0.000 done_count=125
[upd 60] u=0 upd_ctr=4 opt_step=64 E=0.338 g=0.096 VarTD=0.160718 ret_end=-26.798 dbar_end=0.745 occ_end=0.152 CSR_train=0.000 done_count=125
[upd 70] u=0 upd_ctr=4 opt_step=64 E=0.852 g=0.122 VarTD=0.148114 ret_end=-25.812 dbar_end=0.671 occ_end=0.192 CSR_train=0.000 done_count=125
[upd 80] u=0 upd_ctr=5 opt_step=80 E=0.453 g=0.107 VarTD=0.190923 ret_end=-26.337 dbar_end=0.713 occ_end=0.232 CSR_train=0.000 done_count=125
[upd 90] u=1 upd_ctr=6 opt_step=96 E=0.058 g=0.085 VarTD=0.201759 ret_end=-28.363 dbar_end=0.784 occ_end=0.120 CSR_train=0.000 done_count=125
[upd 100] u=0 upd_ctr=6 opt_step=96 E=0.609 g=0.100 VarTD=0.164183 ret_end=-26.899 dbar_end=0.732 occ_end=0.192 CSR_train=0.000 done_count=125
[upd 110] u=0 upd_ctr=7 opt_step=112 E=0.252 g=0.102 VarTD=0.183698 ret_end=-27.481 dbar_end=0.726 occ_end=0.184 CSR_train=0.000 done_count=125
[upd 120] u=0 upd_ctr=7 opt_step=112 E=0.832 g=0.122 VarTD=0.139922 ret_end=-26.052 dbar_end=0.671 occ_end=0.176 CSR_train=0.000 done_count=125
[upd 130] u=0 upd_ctr=8 opt_step=128 E=0.510 g=0.120 VarTD=0.157573 ret_end=-26.010 dbar_end=0.675 occ_end=0.250 CSR_train=0.000 done_count=100
[upd 140] u=0 upd_ctr=9 opt_step=144 E=0.195 g=0.115 VarTD=0.159117 ret_end=-26.170 dbar_end=0.688 occ_end=0.152 CSR_train=0.000 done_count=125
[upd 150] u=0 upd_ctr=9 opt_step=144 E=0.792 g=0.127 VarTD=0.159304 ret_end=-25.533 dbar_end=0.658 occ_end=0.208 CSR_train=0.000 done_count=125
[upd 160] u=0 upd_ctr=10 opt_step=160 E=0.507 g=0.122 VarTD=0.162589 ret_end=-25.510 dbar_end=0.669 occ_end=0.168 CSR_train=0.000 done_count=125
[upd 170] u=0 upd_ctr=11 opt_step=176 E=0.202 g=0.117 VarTD=0.182729 ret_end=-25.732 dbar_end=0.684 occ_end=0.192 CSR_train=0.000 done_count=125
[upd 180] u=0 upd_ctr=11 opt_step=176 E=0.829 g=0.116 VarTD=0.182884 ret_end=-26.713 dbar_end=0.685 occ_end=0.208 CSR_train=0.000 done_count=125
[upd 190] u=0 upd_ctr=12 opt_step=192 E=0.556 g=0.136 VarTD=0.198134 ret_end=-24.907 dbar_end=0.636 occ_end=0.240 CSR_train=0.000 done_count=125
[upd 200] u=0 upd_ctr=13 opt_step=208 E=0.296 g=0.118 VarTD=0.218442 ret_end=-26.023 dbar_end=0.681 occ_end=0.176 CSR_train=0.000 done_count=125
[upd 210] u=1 upd_ctr=14 opt_step=224 E=0.080 g=0.138 VarTD=0.242156 ret_end=-25.726 dbar_end=0.632 occ_end=0.184 CSR_train=0.000 done_count=125
[upd 220] u=0 upd_ctr=14 opt_step=224 E=0.751 g=0.136 VarTD=0.286392 ret_end=-25.496 dbar_end=0.636 occ_end=0.224 CSR_train=0.008 done_count=125
[upd 230] u=0 upd_ctr=15 opt_step=240 E=0.537 g=0.130 VarTD=0.300455 ret_end=-25.285 dbar_end=0.650 occ_end=0.136 CSR_train=0.000 done_count=125
[upd 240] u=0 upd_ctr=16 opt_step=256 E=0.336 g=0.154 VarTD=0.349039 ret_end=-24.905 dbar_end=0.597 occ_end=0.256 CSR_train=0.000 done_count=125
[upd 250] u=1 upd_ctr=17 opt_step=272 E=0.141 g=0.148 VarTD=0.355070 ret_end=-25.126 dbar_end=0.609 occ_end=0.224 CSR_train=0.000 done_count=125
[upd 260] u=0 upd_ctr=17 opt_step=272 E=0.862 g=0.138 VarTD=0.331927 ret_end=-25.082 dbar_end=0.630 occ_end=0.270 CSR_train=0.000 done_count=100
[upd 270] u=0 upd_ctr=18 opt_step=288 E=0.707 g=0.159 VarTD=0.457511 ret_end=-24.479 dbar_end=0.586 occ_end=0.304 CSR_train=0.000 done_count=125
[upd 280] u=0 upd_ctr=19 opt_step=304 E=0.572 g=0.143 VarTD=0.566040 ret_end=-25.637 dbar_end=0.620 occ_end=0.312 CSR_train=0.000 done_count=125
[upd 290] u=0 upd_ctr=20 opt_step=320 E=0.438 g=0.147 VarTD=0.592747 ret_end=-25.071 dbar_end=0.611 occ_end=0.240 CSR_train=0.000 done_count=125
[upd 300] u=0 upd_ctr=21 opt_step=336 E=0.319 g=0.146 VarTD=0.694145 ret_end=-24.499 dbar_end=0.613 occ_end=0.248 CSR_train=0.000 done_count=125
[upd 310] u=0 upd_ctr=22 opt_step=352 E=0.235 g=0.169 VarTD=0.797556 ret_end=-23.092 dbar_end=0.567 occ_end=0.376 CSR_train=0.000 done_count=125
[Gate5 check] update_counter violations: t0=0 diffs=0
[Gate5 check] opt_step violations: t0=0 diffs=0 (expected_inc=16)
[Gate5 check] NaN masking: nan_on_skip=True finite_on_update=True
[Gate5 summary] mean_update_fraction=0.0705 final_executed_updates_mean=22.00
[Gate5 eval] done_count mean=100.0 CSR mean=0.0000 len_end_mean=26.00
[Gate5 eval] episodes_per_env=4 T_eval=104
[Gate5 eval-debug] locked_eps_occ=0.20 pre(step25): dbar_end=0.501751 occupied_end_mean=0.330000 max_tilde_end_mean=0.696979 CSR@locked=0.000000
[Gate5 eval-debug] locked_eps_occ=0.20 post(step26): dbar_end=0.504442 occupied_end_mean=0.310000 max_tilde_end_mean=0.702689 CSR@locked=0.000000
[Gate5 eval-debug] CSR_pre@0.10=0.0000 CSR_pre@0.15=0.0000 CSR_pre@0.20=0.0000 CSR_pre@0.25=0.0000 CSR_pre@0.30=0.0100
[Gate5 eval-debug] CSR_post@0.10=0.0000 CSR_post@0.15=0.0000 CSR_post@0.20=0.0000 CSR_post@0.25=0.0000 CSR_post@0.30=0.0000
