Importing submoduled environments...
Submoduled environments not found. Skipping import.
[upd 0] u=1 upd_ctr=1 opt_step=16 E=0.027 g=0.089 VarTD=0.203202 ret_end=-28.238 dbar_end=0.769 occ_end=0.170 CSR_train=0.000 done_count=100
[upd 10] u=0 upd_ctr=1 opt_step=16 E=0.312 g=0.094 VarTD=0.178732 ret_end=-27.407 dbar_end=0.753 occ_end=0.200 CSR_train=0.000 done_count=125
[upd 20] u=0 upd_ctr=1 opt_step=16 E=0.591 g=0.089 VarTD=0.146078 ret_end=-28.353 dbar_end=0.769 occ_end=0.176 CSR_train=0.000 done_count=125
[upd 30] u=0 upd_ctr=1 opt_step=16 E=0.857 g=0.093 VarTD=0.154659 ret_end=-27.687 dbar_end=0.756 occ_end=0.192 CSR_train=0.000 done_count=125
[upd 40] u=0 upd_ctr=2 opt_step=32 E=0.149 g=0.103 VarTD=0.138656 ret_end=-26.286 dbar_end=0.725 occ_end=0.184 CSR_train=0.000 done_count=125
[upd 50] u=0 upd_ctr=2 opt_step=32 E=0.448 g=0.089 VarTD=0.167902 ret_end=-27.268 dbar_end=0.769 occ_end=0.096 CSR_train=0.000 done_count=125
[upd 60] u=0 upd_ctr=2 opt_step=32 E=0.735 g=0.100 VarTD=0.145244 ret_end=-27.166 dbar_end=0.733 occ_end=0.128 CSR_train=0.000 done_count=125
[upd 70] u=1 upd_ctr=3 opt_step=48 E=0.028 g=0.094 VarTD=0.150470 ret_end=-27.361 dbar_end=0.753 occ_end=0.176 CSR_train=0.000 done_count=125
[upd 80] u=0 upd_ctr=3 opt_step=48 E=0.338 g=0.110 VarTD=0.148009 ret_end=-25.681 dbar_end=0.703 occ_end=0.192 CSR_train=0.000 done_count=125
[upd 90] u=0 upd_ctr=3 opt_step=48 E=0.651 g=0.112 VarTD=0.137706 ret_end=-26.169 dbar_end=0.698 occ_end=0.152 CSR_train=0.000 done_count=125
[upd 100] u=0 upd_ctr=3 opt_step=48 E=0.948 g=0.090 VarTD=0.153864 ret_end=-28.228 dbar_end=0.768 occ_end=0.160 CSR_train=0.000 done_count=125
[upd 110] u=0 upd_ctr=4 opt_step=64 E=0.252 g=0.107 VarTD=0.132700 ret_end=-26.812 dbar_end=0.712 occ_end=0.184 CSR_train=0.000 done_count=125
[upd 120] u=0 upd_ctr=4 opt_step=64 E=0.582 g=0.110 VarTD=0.148585 ret_end=-26.749 dbar_end=0.704 occ_end=0.232 CSR_train=0.000 done_count=125
[upd 130] u=0 upd_ctr=4 opt_step=64 E=0.921 g=0.105 VarTD=0.162008 ret_end=-27.108 dbar_end=0.717 occ_end=0.250 CSR_train=0.000 done_count=100
[upd 140] u=0 upd_ctr=5 opt_step=80 E=0.240 g=0.106 VarTD=0.167275 ret_end=-26.631 dbar_end=0.715 occ_end=0.152 CSR_train=0.000 done_count=125
[upd 150] u=0 upd_ctr=5 opt_step=80 E=0.588 g=0.112 VarTD=0.166473 ret_end=-27.502 dbar_end=0.698 occ_end=0.232 CSR_train=0.000 done_count=125
[upd 160] u=0 upd_ctr=5 opt_step=80 E=0.938 g=0.115 VarTD=0.135447 ret_end=-25.979 dbar_end=0.688 occ_end=0.152 CSR_train=0.000 done_count=125
[upd 170] u=0 upd_ctr=6 opt_step=96 E=0.281 g=0.117 VarTD=0.164393 ret_end=-26.824 dbar_end=0.684 occ_end=0.256 CSR_train=0.000 done_count=125
[upd 180] u=0 upd_ctr=6 opt_step=96 E=0.650 g=0.126 VarTD=0.129620 ret_end=-25.737 dbar_end=0.659 occ_end=0.216 CSR_train=0.000 done_count=125
[upd 190] u=0 upd_ctr=6 opt_step=96 E=1.000 g=0.115 VarTD=0.174247 ret_end=-26.105 dbar_end=0.688 occ_end=0.224 CSR_train=0.000 done_count=125
[upd 200] u=0 upd_ctr=7 opt_step=112 E=0.379 g=0.119 VarTD=0.130294 ret_end=-26.110 dbar_end=0.679 occ_end=0.184 CSR_train=0.000 done_count=125
[upd 210] u=0 upd_ctr=7 opt_step=112 E=0.737 g=0.119 VarTD=0.139425 ret_end=-25.304 dbar_end=0.678 occ_end=0.120 CSR_train=0.000 done_count=125
[upd 220] u=0 upd_ctr=8 opt_step=128 E=0.070 g=0.127 VarTD=0.149608 ret_end=-25.535 dbar_end=0.657 occ_end=0.184 CSR_train=0.000 done_count=125
[upd 230] u=0 upd_ctr=8 opt_step=128 E=0.451 g=0.123 VarTD=0.133669 ret_end=-25.762 dbar_end=0.667 occ_end=0.168 CSR_train=0.000 done_count=125
[upd 240] u=0 upd_ctr=8 opt_step=128 E=0.823 g=0.122 VarTD=0.158672 ret_end=-24.870 dbar_end=0.669 occ_end=0.248 CSR_train=0.000 done_count=125
[upd 250] u=0 upd_ctr=9 opt_step=144 E=0.188 g=0.138 VarTD=0.148529 ret_end=-25.320 dbar_end=0.632 occ_end=0.200 CSR_train=0.000 done_count=125
[upd 260] u=0 upd_ctr=9 opt_step=144 E=0.555 g=0.119 VarTD=0.142323 ret_end=-26.151 dbar_end=0.679 occ_end=0.170 CSR_train=0.000 done_count=100
[upd 270] u=0 upd_ctr=9 opt_step=144 E=0.931 g=0.117 VarTD=0.167739 ret_end=-26.735 dbar_end=0.684 occ_end=0.240 CSR_train=0.000 done_count=125
[upd 280] u=0 upd_ctr=10 opt_step=160 E=0.311 g=0.120 VarTD=0.167589 ret_end=-25.657 dbar_end=0.674 occ_end=0.216 CSR_train=0.000 done_count=125
[upd 290] u=0 upd_ctr=10 opt_step=160 E=0.700 g=0.123 VarTD=0.157740 ret_end=-25.411 dbar_end=0.668 occ_end=0.200 CSR_train=0.000 done_count=125
[upd 300] u=0 upd_ctr=11 opt_step=176 E=0.078 g=0.129 VarTD=0.165860 ret_end=-25.573 dbar_end=0.652 occ_end=0.176 CSR_train=0.000 done_count=125
[upd 310] u=0 upd_ctr=11 opt_step=176 E=0.475 g=0.138 VarTD=0.165326 ret_end=-24.435 dbar_end=0.631 occ_end=0.232 CSR_train=0.000 done_count=125
[Gate5 check] update_counter violations: t0=0 diffs=0
[Gate5 check] opt_step violations: t0=0 diffs=0 (expected_inc=16)
[Gate5 check] NaN masking: nan_on_skip=True finite_on_update=True
[Gate5 summary] mean_update_fraction=0.0353 final_executed_updates_mean=11.00
[Gate5 eval] done_count mean=100.0 CSR mean=0.0000 len_end_mean=26.00
[Gate5 eval] episodes_per_env=4 T_eval=104
[Gate5 eval-debug] locked_eps_occ=0.20 pre(step25): dbar_end=0.488521 occupied_end_mean=0.460000 max_tilde_end_mean=0.711833 CSR@locked=0.000000
[Gate5 eval-debug] locked_eps_occ=0.20 post(step26): dbar_end=0.478688 occupied_end_mean=0.470000 max_tilde_end_mean=0.689728 CSR@locked=0.000000
[Gate5 eval-debug] CSR_pre@0.10=0.0000 CSR_pre@0.15=0.0000 CSR_pre@0.20=0.0000 CSR_pre@0.25=0.0000 CSR_pre@0.30=0.0000
[Gate5 eval-debug] CSR_post@0.10=0.0000 CSR_post@0.15=0.0000 CSR_post@0.20=0.0000 CSR_post@0.25=0.0000 CSR_post@0.30=0.0000
