Importing submoduled environments...
Submoduled environments not found. Skipping import.
[upd 0] u=1 upd_ctr=1 opt_step=16 E=0.077 g=0.096 VarTD=0.164885 ret_end=-27.291 dbar_end=0.746 occ_end=0.170 CSR_train=0.000 done_count=100
[upd 10] u=0 upd_ctr=1 opt_step=16 E=0.879 g=0.091 VarTD=0.137991 ret_end=-27.480 dbar_end=0.764 occ_end=0.136 CSR_train=0.000 done_count=125
[upd 20] u=0 upd_ctr=2 opt_step=32 E=0.689 g=0.114 VarTD=0.126543 ret_end=-26.414 dbar_end=0.692 occ_end=0.160 CSR_train=0.000 done_count=125
[upd 30] u=0 upd_ctr=3 opt_step=48 E=0.496 g=0.115 VarTD=0.137122 ret_end=-25.725 dbar_end=0.689 occ_end=0.128 CSR_train=0.000 done_count=125
[upd 40] u=0 upd_ctr=4 opt_step=64 E=0.264 g=0.105 VarTD=0.141730 ret_end=-26.506 dbar_end=0.719 occ_end=0.216 CSR_train=0.000 done_count=125
[upd 50] u=1 upd_ctr=5 opt_step=80 E=0.082 g=0.103 VarTD=0.148106 ret_end=-26.375 dbar_end=0.725 occ_end=0.184 CSR_train=0.000 done_count=125
[upd 60] u=0 upd_ctr=5 opt_step=80 E=0.932 g=0.095 VarTD=0.170033 ret_end=-27.828 dbar_end=0.749 occ_end=0.168 CSR_train=0.000 done_count=125
[upd 70] u=0 upd_ctr=6 opt_step=96 E=0.806 g=0.112 VarTD=0.154037 ret_end=-26.463 dbar_end=0.698 occ_end=0.168 CSR_train=0.000 done_count=125
[upd 80] u=0 upd_ctr=7 opt_step=112 E=0.669 g=0.113 VarTD=0.156377 ret_end=-25.914 dbar_end=0.693 occ_end=0.104 CSR_train=0.000 done_count=125
[upd 90] u=0 upd_ctr=8 opt_step=128 E=0.621 g=0.131 VarTD=0.143642 ret_end=-25.507 dbar_end=0.648 occ_end=0.192 CSR_train=0.000 done_count=125
[upd 100] u=0 upd_ctr=9 opt_step=144 E=0.623 g=0.125 VarTD=0.138427 ret_end=-25.930 dbar_end=0.663 occ_end=0.208 CSR_train=0.000 done_count=125
[upd 110] u=0 upd_ctr=10 opt_step=160 E=0.622 g=0.140 VarTD=0.159748 ret_end=-24.527 dbar_end=0.625 occ_end=0.232 CSR_train=0.000 done_count=125
[upd 120] u=0 upd_ctr=11 opt_step=176 E=0.611 g=0.125 VarTD=0.183113 ret_end=-25.607 dbar_end=0.662 occ_end=0.208 CSR_train=0.000 done_count=125
[Gate5 check] update_counter violations: t0=0 diffs=0
[Gate5 check] opt_step violations: t0=0 diffs=0 (expected_inc=16)
[Gate5 check] NaN masking: nan_on_skip=True finite_on_update=True
[Gate5 summary] mean_update_fraction=0.0880 final_executed_updates_mean=11.00
[Gate5 eval] done_count mean=100.0 CSR mean=0.0000 len_end_mean=26.00
[Gate5 eval] episodes_per_env=4 T_eval=104
[Gate5 eval-debug] locked_eps_occ=0.20 pre(step25): dbar_end=0.533460 occupied_end_mean=0.360000 max_tilde_end_mean=0.766953 CSR@locked=0.010000
[Gate5 eval-debug] locked_eps_occ=0.20 post(step26): dbar_end=0.531976 occupied_end_mean=0.320000 max_tilde_end_mean=0.766661 CSR@locked=0.000000
[Gate5 eval-debug] CSR_pre@0.10=0.0000 CSR_pre@0.15=0.0000 CSR_pre@0.20=0.0100 CSR_pre@0.25=0.0100 CSR_pre@0.30=0.0300
[Gate5 eval-debug] CSR_post@0.10=0.0000 CSR_post@0.15=0.0000 CSR_post@0.20=0.0000 CSR_post@0.25=0.0200 CSR_post@0.30=0.0500
