Importing submoduled environments...
Submoduled environments not found. Skipping import.
[upd 0] u=1 upd_ctr=1 opt_step=16 E=0.095 g=0.105 VarTD=0.153100 ret_end=-26.906 dbar_end=0.718 occ_end=0.160 CSR_train=0.000 done_count=100
[upd 10] u=0 upd_ctr=1 opt_step=16 E=0.932 g=0.079 VarTD=0.158451 ret_end=-28.492 dbar_end=0.807 occ_end=0.088 CSR_train=0.000 done_count=125
[upd 20] u=0 upd_ctr=2 opt_step=32 E=0.799 g=0.106 VarTD=0.134732 ret_end=-26.346 dbar_end=0.714 occ_end=0.208 CSR_train=0.000 done_count=125
[upd 30] u=0 upd_ctr=3 opt_step=48 E=0.655 g=0.105 VarTD=0.155371 ret_end=-27.013 dbar_end=0.719 occ_end=0.200 CSR_train=0.000 done_count=125
[upd 40] u=0 upd_ctr=4 opt_step=64 E=0.579 g=0.107 VarTD=0.141427 ret_end=-27.526 dbar_end=0.712 occ_end=0.184 CSR_train=0.008 done_count=125
[upd 50] u=0 upd_ctr=5 opt_step=80 E=0.511 g=0.109 VarTD=0.150550 ret_end=-27.339 dbar_end=0.707 occ_end=0.200 CSR_train=0.000 done_count=125
[upd 60] u=0 upd_ctr=6 opt_step=96 E=0.510 g=0.113 VarTD=0.146040 ret_end=-26.398 dbar_end=0.695 occ_end=0.224 CSR_train=0.000 done_count=125
[upd 70] u=0 upd_ctr=7 opt_step=112 E=0.585 g=0.141 VarTD=0.135681 ret_end=-24.790 dbar_end=0.624 occ_end=0.320 CSR_train=0.000 done_count=125
[upd 80] u=0 upd_ctr=8 opt_step=128 E=0.704 g=0.152 VarTD=0.119446 ret_end=-23.761 dbar_end=0.600 occ_end=0.288 CSR_train=0.008 done_count=125
[upd 90] u=0 upd_ctr=9 opt_step=144 E=0.825 g=0.133 VarTD=0.146776 ret_end=-24.748 dbar_end=0.642 occ_end=0.216 CSR_train=0.000 done_count=125
[upd 100] u=0 upd_ctr=10 opt_step=160 E=0.940 g=0.126 VarTD=0.161997 ret_end=-25.850 dbar_end=0.659 occ_end=0.136 CSR_train=0.000 done_count=125
[upd 110] u=0 upd_ctr=11 opt_step=176 E=1.000 g=0.142 VarTD=0.163566 ret_end=-24.601 dbar_end=0.622 occ_end=0.192 CSR_train=0.000 done_count=125
[upd 120] u=0 upd_ctr=13 opt_step=208 E=0.244 g=0.132 VarTD=0.217629 ret_end=-25.968 dbar_end=0.644 occ_end=0.240 CSR_train=0.000 done_count=125
[Gate5 check] update_counter violations: t0=0 diffs=0
[Gate5 check] opt_step violations: t0=0 diffs=0 (expected_inc=16)
[Gate5 check] NaN masking: nan_on_skip=True finite_on_update=True
[Gate5 summary] mean_update_fraction=0.1040 final_executed_updates_mean=13.00
[Gate5 eval] done_count mean=100.0 CSR mean=0.0000 len_end_mean=26.00
[Gate5 eval] episodes_per_env=4 T_eval=104
[Gate5 eval-debug] locked_eps_occ=0.20 pre(step25): dbar_end=0.517272 occupied_end_mean=0.370000 max_tilde_end_mean=0.734377 CSR@locked=0.000000
[Gate5 eval-debug] locked_eps_occ=0.20 post(step26): dbar_end=0.515037 occupied_end_mean=0.380000 max_tilde_end_mean=0.737989 CSR@locked=0.000000
[Gate5 eval-debug] CSR_pre@0.10=0.0000 CSR_pre@0.15=0.0000 CSR_pre@0.20=0.0000 CSR_pre@0.25=0.0000 CSR_pre@0.30=0.0100
[Gate5 eval-debug] CSR_post@0.10=0.0000 CSR_post@0.15=0.0000 CSR_post@0.20=0.0000 CSR_post@0.25=0.0100 CSR_post@0.30=0.0300
