Importing submoduled environments...
Submoduled environments not found. Skipping import.
[upd 0] u=1 upd_ctr=1 opt_step=16 E=1.000 g=0.089 VarTD=0.155748 ret_end=-26.495 dbar_end=0.769 occ_end=0.110 CSR_train=0.000 done_count=100
[upd 10] u=1 upd_ctr=11 opt_step=176 E=1.000 g=0.126 VarTD=0.159772 ret_end=-25.285 dbar_end=0.661 occ_end=0.120 CSR_train=0.000 done_count=125
[upd 20] u=1 upd_ctr=21 opt_step=336 E=1.000 g=0.159 VarTD=0.660628 ret_end=-24.687 dbar_end=0.586 occ_end=0.320 CSR_train=0.000 done_count=125
[upd 30] u=1 upd_ctr=31 opt_step=496 E=1.000 g=0.185 VarTD=1.915178 ret_end=-23.007 dbar_end=0.537 occ_end=0.296 CSR_train=0.000 done_count=125
[upd 40] u=1 upd_ctr=41 opt_step=656 E=1.000 g=0.182 VarTD=3.532406 ret_end=-23.077 dbar_end=0.542 occ_end=0.352 CSR_train=0.000 done_count=125
[upd 50] u=1 upd_ctr=51 opt_step=816 E=1.000 g=0.173 VarTD=4.572222 ret_end=-23.276 dbar_end=0.559 occ_end=0.288 CSR_train=0.000 done_count=125
[upd 60] u=1 upd_ctr=61 opt_step=976 E=1.000 g=0.167 VarTD=5.406369 ret_end=-23.092 dbar_end=0.569 occ_end=0.264 CSR_train=0.000 done_count=125
[upd 70] u=1 upd_ctr=71 opt_step=1136 E=1.000 g=0.151 VarTD=4.954303 ret_end=-24.077 dbar_end=0.602 occ_end=0.264 CSR_train=0.000 done_count=125
[upd 80] u=1 upd_ctr=81 opt_step=1296 E=1.000 g=0.142 VarTD=4.991857 ret_end=-24.441 dbar_end=0.621 occ_end=0.208 CSR_train=0.000 done_count=125
[upd 90] u=1 upd_ctr=91 opt_step=1456 E=1.000 g=0.131 VarTD=4.358492 ret_end=-24.845 dbar_end=0.648 occ_end=0.232 CSR_train=0.016 done_count=125
[upd 100] u=1 upd_ctr=101 opt_step=1616 E=1.000 g=0.118 VarTD=4.008864 ret_end=-24.904 dbar_end=0.682 occ_end=0.264 CSR_train=0.000 done_count=125
[upd 110] u=1 upd_ctr=111 opt_step=1776 E=1.000 g=0.116 VarTD=3.910710 ret_end=-25.387 dbar_end=0.686 occ_end=0.160 CSR_train=0.000 done_count=125
[upd 120] u=1 upd_ctr=121 opt_step=1936 E=1.000 g=0.121 VarTD=3.155197 ret_end=-24.319 dbar_end=0.672 occ_end=0.200 CSR_train=0.000 done_count=125
[upd 130] u=1 upd_ctr=131 opt_step=2096 E=1.000 g=0.141 VarTD=3.097821 ret_end=-24.241 dbar_end=0.624 occ_end=0.220 CSR_train=0.000 done_count=100
[upd 140] u=1 upd_ctr=141 opt_step=2256 E=1.000 g=0.109 VarTD=2.370486 ret_end=-25.173 dbar_end=0.707 occ_end=0.168 CSR_train=0.000 done_count=125
[upd 150] u=1 upd_ctr=151 opt_step=2416 E=1.000 g=0.095 VarTD=2.033321 ret_end=-25.565 dbar_end=0.748 occ_end=0.144 CSR_train=0.008 done_count=125
[upd 160] u=1 upd_ctr=161 opt_step=2576 E=1.000 g=0.107 VarTD=2.760848 ret_end=-25.187 dbar_end=0.711 occ_end=0.232 CSR_train=0.000 done_count=125
[upd 170] u=1 upd_ctr=171 opt_step=2736 E=1.000 g=0.119 VarTD=2.841066 ret_end=-24.989 dbar_end=0.678 occ_end=0.216 CSR_train=0.000 done_count=125
[upd 180] u=1 upd_ctr=181 opt_step=2896 E=1.000 g=0.121 VarTD=2.871074 ret_end=-24.960 dbar_end=0.673 occ_end=0.216 CSR_train=0.000 done_count=125
[upd 190] u=1 upd_ctr=191 opt_step=3056 E=1.000 g=0.104 VarTD=2.180822 ret_end=-26.055 dbar_end=0.720 occ_end=0.200 CSR_train=0.000 done_count=125
[upd 200] u=1 upd_ctr=201 opt_step=3216 E=1.000 g=0.100 VarTD=2.295663 ret_end=-25.767 dbar_end=0.734 occ_end=0.088 CSR_train=0.000 done_count=125
[upd 210] u=1 upd_ctr=211 opt_step=3376 E=1.000 g=0.099 VarTD=2.293158 ret_end=-25.690 dbar_end=0.737 occ_end=0.192 CSR_train=0.000 done_count=125
[upd 220] u=1 upd_ctr=221 opt_step=3536 E=1.000 g=0.099 VarTD=2.115192 ret_end=-25.099 dbar_end=0.737 occ_end=0.168 CSR_train=0.000 done_count=125
[upd 230] u=1 upd_ctr=231 opt_step=3696 E=1.000 g=0.105 VarTD=1.812507 ret_end=-25.606 dbar_end=0.719 occ_end=0.160 CSR_train=0.000 done_count=125
[upd 240] u=1 upd_ctr=241 opt_step=3856 E=1.000 g=0.104 VarTD=2.434924 ret_end=-25.585 dbar_end=0.722 occ_end=0.128 CSR_train=0.000 done_count=125
[upd 250] u=1 upd_ctr=251 opt_step=4016 E=1.000 g=0.108 VarTD=1.964990 ret_end=-25.537 dbar_end=0.710 occ_end=0.240 CSR_train=0.000 done_count=125
[upd 260] u=1 upd_ctr=261 opt_step=4176 E=1.000 g=0.104 VarTD=1.690690 ret_end=-25.340 dbar_end=0.721 occ_end=0.160 CSR_train=0.000 done_count=100
[upd 270] u=1 upd_ctr=271 opt_step=4336 E=1.000 g=0.118 VarTD=1.730882 ret_end=-24.494 dbar_end=0.682 occ_end=0.152 CSR_train=0.000 done_count=125
[upd 280] u=1 upd_ctr=281 opt_step=4496 E=1.000 g=0.096 VarTD=1.749149 ret_end=-25.918 dbar_end=0.745 occ_end=0.176 CSR_train=0.000 done_count=125
[upd 290] u=1 upd_ctr=291 opt_step=4656 E=1.000 g=0.120 VarTD=2.129054 ret_end=-23.955 dbar_end=0.675 occ_end=0.208 CSR_train=0.000 done_count=125
[upd 300] u=1 upd_ctr=301 opt_step=4816 E=1.000 g=0.112 VarTD=1.792004 ret_end=-25.328 dbar_end=0.696 occ_end=0.208 CSR_train=0.000 done_count=125
[upd 310] u=1 upd_ctr=311 opt_step=4976 E=1.000 g=0.103 VarTD=1.985349 ret_end=-25.648 dbar_end=0.725 occ_end=0.216 CSR_train=0.000 done_count=125
[Gate5 check] update_counter violations: t0=0 diffs=0
[Gate5 check] opt_step violations: t0=0 diffs=0 (expected_inc=16)
[Gate5 check] NaN masking: nan_on_skip=True finite_on_update=True
[Gate5 summary] mean_update_fraction=1.0000 final_executed_updates_mean=312.00
[Gate5 eval] done_count mean=100.0 CSR mean=0.0000 len_end_mean=26.00
[Gate5 eval] episodes_per_env=4 T_eval=104
[Gate5 eval-debug] locked_eps_occ=0.20 pre(step25): dbar_end=0.672581 occupied_end_mean=0.230000 max_tilde_end_mean=0.937556 CSR@locked=0.000000
[Gate5 eval-debug] locked_eps_occ=0.20 post(step26): dbar_end=0.671892 occupied_end_mean=0.220000 max_tilde_end_mean=0.929698 CSR@locked=0.000000
[Gate5 eval-debug] CSR_pre@0.10=0.0000 CSR_pre@0.15=0.0000 CSR_pre@0.20=0.0000 CSR_pre@0.25=0.0000 CSR_pre@0.30=0.0000
[Gate5 eval-debug] CSR_post@0.10=0.0000 CSR_post@0.15=0.0000 CSR_post@0.20=0.0000 CSR_post@0.25=0.0000 CSR_post@0.30=0.0000
