Importing submoduled environments...
Submoduled environments not found. Skipping import.
[upd 0] u=1 upd_ctr=1 opt_step=16 E=0.017 g=0.087 VarTD=0.161819 ret_end=-28.699 dbar_end=0.778 occ_end=0.120 CSR_train=0.000 done_count=100
[upd 10] u=0 upd_ctr=1 opt_step=16 E=0.194 g=0.081 VarTD=0.173819 ret_end=-28.772 dbar_end=0.801 occ_end=0.160 CSR_train=0.000 done_count=125
[upd 20] u=0 upd_ctr=1 opt_step=16 E=0.378 g=0.085 VarTD=0.140062 ret_end=-27.013 dbar_end=0.785 occ_end=0.144 CSR_train=0.000 done_count=125
[upd 30] u=0 upd_ctr=1 opt_step=16 E=0.559 g=0.114 VarTD=0.139956 ret_end=-25.825 dbar_end=0.693 occ_end=0.208 CSR_train=0.000 done_count=125
[upd 40] u=0 upd_ctr=1 opt_step=16 E=0.745 g=0.086 VarTD=0.138724 ret_end=-27.201 dbar_end=0.782 occ_end=0.136 CSR_train=0.000 done_count=125
[upd 50] u=0 upd_ctr=1 opt_step=16 E=0.931 g=0.093 VarTD=0.171666 ret_end=-27.713 dbar_end=0.755 occ_end=0.144 CSR_train=0.000 done_count=125
[upd 60] u=0 upd_ctr=2 opt_step=32 E=0.110 g=0.087 VarTD=0.189745 ret_end=-28.245 dbar_end=0.779 occ_end=0.152 CSR_train=0.000 done_count=125
[upd 70] u=0 upd_ctr=2 opt_step=32 E=0.306 g=0.100 VarTD=0.153351 ret_end=-26.897 dbar_end=0.732 occ_end=0.208 CSR_train=0.000 done_count=125
[upd 80] u=0 upd_ctr=2 opt_step=32 E=0.497 g=0.083 VarTD=0.162723 ret_end=-29.197 dbar_end=0.792 occ_end=0.104 CSR_train=0.000 done_count=125
[upd 90] u=0 upd_ctr=2 opt_step=32 E=0.690 g=0.081 VarTD=0.232161 ret_end=-28.509 dbar_end=0.799 occ_end=0.096 CSR_train=0.000 done_count=125
[upd 100] u=0 upd_ctr=2 opt_step=32 E=0.880 g=0.090 VarTD=0.158500 ret_end=-27.475 dbar_end=0.766 occ_end=0.152 CSR_train=0.000 done_count=125
[upd 110] u=0 upd_ctr=3 opt_step=48 E=0.080 g=0.086 VarTD=0.172004 ret_end=-28.044 dbar_end=0.783 occ_end=0.144 CSR_train=0.008 done_count=125
[upd 120] u=0 upd_ctr=3 opt_step=48 E=0.281 g=0.101 VarTD=0.126635 ret_end=-26.327 dbar_end=0.731 occ_end=0.192 CSR_train=0.000 done_count=125
[Gate5 check] update_counter violations: t0=0 diffs=0
[Gate5 check] opt_step violations: t0=0 diffs=0 (expected_inc=16)
[Gate5 check] NaN masking: nan_on_skip=True finite_on_update=True
[Gate5 summary] mean_update_fraction=0.0240 final_executed_updates_mean=3.00
[Gate5 eval] done_count mean=100.0 CSR mean=0.0000 len_end_mean=26.00
[Gate5 eval] episodes_per_env=4 T_eval=104
[Gate5 eval-debug] locked_eps_occ=0.20 pre(step25): dbar_end=0.824990 occupied_end_mean=0.150000 max_tilde_end_mean=1.222806 CSR@locked=0.000000
[Gate5 eval-debug] locked_eps_occ=0.20 post(step26): dbar_end=0.831342 occupied_end_mean=0.130000 max_tilde_end_mean=1.232045 CSR@locked=0.000000
[Gate5 eval-debug] CSR_pre@0.10=0.0000 CSR_pre@0.15=0.0000 CSR_pre@0.20=0.0000 CSR_pre@0.25=0.0000 CSR_pre@0.30=0.0000
[Gate5 eval-debug] CSR_post@0.10=0.0000 CSR_post@0.15=0.0000 CSR_post@0.20=0.0000 CSR_post@0.25=0.0000 CSR_post@0.30=0.0000
