Importing submoduled environments...
Submoduled environments not found. Skipping import.
[upd 0] u=1 upd_ctr=1 opt_step=16 E=0.025 g=0.082 VarTD=0.214117 ret_end=-27.772 dbar_end=0.796 occ_end=0.070 CSR_train=0.000 done_count=100
[upd 10] u=0 upd_ctr=1 opt_step=16 E=0.303 g=0.092 VarTD=0.178600 ret_end=-26.630 dbar_end=0.760 occ_end=0.136 CSR_train=0.000 done_count=125
[upd 20] u=0 upd_ctr=1 opt_step=16 E=0.580 g=0.101 VarTD=0.148776 ret_end=-27.566 dbar_end=0.732 occ_end=0.128 CSR_train=0.000 done_count=125
[upd 30] u=0 upd_ctr=1 opt_step=16 E=0.861 g=0.089 VarTD=0.174229 ret_end=-27.524 dbar_end=0.772 occ_end=0.184 CSR_train=0.000 done_count=125
[upd 40] u=0 upd_ctr=2 opt_step=32 E=0.119 g=0.093 VarTD=0.150402 ret_end=-26.817 dbar_end=0.757 occ_end=0.120 CSR_train=0.000 done_count=125
[upd 50] u=0 upd_ctr=2 opt_step=32 E=0.418 g=0.097 VarTD=0.149308 ret_end=-27.174 dbar_end=0.743 occ_end=0.144 CSR_train=0.000 done_count=125
[upd 60] u=0 upd_ctr=2 opt_step=32 E=0.701 g=0.094 VarTD=0.166541 ret_end=-27.679 dbar_end=0.753 occ_end=0.120 CSR_train=0.000 done_count=125
[upd 70] u=0 upd_ctr=2 opt_step=32 E=0.989 g=0.097 VarTD=0.167085 ret_end=-26.652 dbar_end=0.744 occ_end=0.152 CSR_train=0.000 done_count=125
[upd 80] u=0 upd_ctr=3 opt_step=48 E=0.278 g=0.101 VarTD=0.144544 ret_end=-28.241 dbar_end=0.732 occ_end=0.208 CSR_train=0.000 done_count=125
[upd 90] u=0 upd_ctr=3 opt_step=48 E=0.591 g=0.098 VarTD=0.137250 ret_end=-27.355 dbar_end=0.740 occ_end=0.152 CSR_train=0.000 done_count=125
[upd 100] u=0 upd_ctr=3 opt_step=48 E=0.888 g=0.104 VarTD=0.149305 ret_end=-26.334 dbar_end=0.721 occ_end=0.224 CSR_train=0.000 done_count=125
[upd 110] u=0 upd_ctr=4 opt_step=64 E=0.183 g=0.109 VarTD=0.142160 ret_end=-26.648 dbar_end=0.707 occ_end=0.216 CSR_train=0.000 done_count=125
[upd 120] u=0 upd_ctr=4 opt_step=64 E=0.508 g=0.099 VarTD=0.166431 ret_end=-27.045 dbar_end=0.736 occ_end=0.160 CSR_train=0.000 done_count=125
[upd 130] u=0 upd_ctr=4 opt_step=64 E=0.828 g=0.100 VarTD=0.157593 ret_end=-26.258 dbar_end=0.732 occ_end=0.160 CSR_train=0.000 done_count=100
[upd 140] u=0 upd_ctr=5 opt_step=80 E=0.127 g=0.103 VarTD=0.177182 ret_end=-26.710 dbar_end=0.723 occ_end=0.152 CSR_train=0.000 done_count=125
[upd 150] u=0 upd_ctr=5 opt_step=80 E=0.456 g=0.119 VarTD=0.162763 ret_end=-25.719 dbar_end=0.679 occ_end=0.160 CSR_train=0.000 done_count=125
[upd 160] u=0 upd_ctr=5 opt_step=80 E=0.784 g=0.115 VarTD=0.169770 ret_end=-26.258 dbar_end=0.689 occ_end=0.240 CSR_train=0.000 done_count=125
[upd 170] u=0 upd_ctr=6 opt_step=96 E=0.102 g=0.114 VarTD=0.151114 ret_end=-25.949 dbar_end=0.692 occ_end=0.176 CSR_train=0.000 done_count=125
[upd 180] u=0 upd_ctr=6 opt_step=96 E=0.451 g=0.121 VarTD=0.147247 ret_end=-25.153 dbar_end=0.673 occ_end=0.128 CSR_train=0.000 done_count=125
[upd 190] u=0 upd_ctr=6 opt_step=96 E=0.804 g=0.131 VarTD=0.130903 ret_end=-25.474 dbar_end=0.648 occ_end=0.272 CSR_train=0.000 done_count=125
[upd 200] u=0 upd_ctr=7 opt_step=112 E=0.141 g=0.122 VarTD=0.151038 ret_end=-25.616 dbar_end=0.669 occ_end=0.216 CSR_train=0.000 done_count=125
[upd 210] u=0 upd_ctr=7 opt_step=112 E=0.500 g=0.105 VarTD=0.158354 ret_end=-27.119 dbar_end=0.719 occ_end=0.176 CSR_train=0.000 done_count=125
[upd 220] u=0 upd_ctr=7 opt_step=112 E=0.860 g=0.125 VarTD=0.168684 ret_end=-25.261 dbar_end=0.663 occ_end=0.240 CSR_train=0.000 done_count=125
[upd 230] u=0 upd_ctr=8 opt_step=128 E=0.221 g=0.112 VarTD=0.152914 ret_end=-26.400 dbar_end=0.698 occ_end=0.216 CSR_train=0.000 done_count=125
[upd 240] u=0 upd_ctr=8 opt_step=128 E=0.592 g=0.126 VarTD=0.158594 ret_end=-25.829 dbar_end=0.660 occ_end=0.192 CSR_train=0.008 done_count=125
[upd 250] u=0 upd_ctr=8 opt_step=128 E=0.943 g=0.120 VarTD=0.159924 ret_end=-25.364 dbar_end=0.677 occ_end=0.192 CSR_train=0.000 done_count=125
[upd 260] u=0 upd_ctr=9 opt_step=144 E=0.294 g=0.117 VarTD=0.160758 ret_end=-25.863 dbar_end=0.682 occ_end=0.200 CSR_train=0.000 done_count=100
[upd 270] u=0 upd_ctr=9 opt_step=144 E=0.682 g=0.123 VarTD=0.168080 ret_end=-26.202 dbar_end=0.668 occ_end=0.224 CSR_train=0.000 done_count=125
[upd 280] u=1 upd_ctr=10 opt_step=160 E=0.043 g=0.144 VarTD=0.161879 ret_end=-24.225 dbar_end=0.617 occ_end=0.264 CSR_train=0.008 done_count=125
[upd 290] u=0 upd_ctr=10 opt_step=160 E=0.437 g=0.124 VarTD=0.161457 ret_end=-26.291 dbar_end=0.664 occ_end=0.192 CSR_train=0.000 done_count=125
[upd 300] u=0 upd_ctr=10 opt_step=160 E=0.826 g=0.133 VarTD=0.213907 ret_end=-25.220 dbar_end=0.644 occ_end=0.216 CSR_train=0.000 done_count=125
[upd 310] u=0 upd_ctr=11 opt_step=176 E=0.197 g=0.128 VarTD=0.197422 ret_end=-25.879 dbar_end=0.656 occ_end=0.224 CSR_train=0.000 done_count=125
[Gate5 check] update_counter violations: t0=0 diffs=0
[Gate5 check] opt_step violations: t0=0 diffs=0 (expected_inc=16)
[Gate5 check] NaN masking: nan_on_skip=True finite_on_update=True
[Gate5 summary] mean_update_fraction=0.0353 final_executed_updates_mean=11.00
[Gate5 eval] done_count mean=100.0 CSR mean=0.0200 len_end_mean=26.00
[Gate5 eval] episodes_per_env=4 T_eval=104
[Gate5 eval-debug] locked_eps_occ=0.20 pre(step25): dbar_end=0.494451 occupied_end_mean=0.360000 max_tilde_end_mean=0.698170 CSR@locked=0.000000
[Gate5 eval-debug] locked_eps_occ=0.20 post(step26): dbar_end=0.484223 occupied_end_mean=0.490000 max_tilde_end_mean=0.675960 CSR@locked=0.020000
[Gate5 eval-debug] CSR_pre@0.10=0.0000 CSR_pre@0.15=0.0000 CSR_pre@0.20=0.0000 CSR_pre@0.25=0.0000 CSR_pre@0.30=0.0200
[Gate5 eval-debug] CSR_post@0.10=0.0000 CSR_post@0.15=0.0100 CSR_post@0.20=0.0200 CSR_post@0.25=0.0300 CSR_post@0.30=0.0300
