Importing submoduled environments...
Submoduled environments not found. Skipping import.
[upd 0] u=1 upd_ctr=1 opt_step=16 E=0.047 g=0.093 VarTD=0.149936 ret_end=-27.435 dbar_end=0.756 occ_end=0.150 CSR_train=0.000 done_count=100
[upd 10] u=0 upd_ctr=1 opt_step=16 E=0.516 g=0.100 VarTD=0.132044 ret_end=-26.929 dbar_end=0.734 occ_end=0.192 CSR_train=0.000 done_count=125
[upd 20] u=0 upd_ctr=1 opt_step=16 E=1.000 g=0.107 VarTD=0.153948 ret_end=-26.021 dbar_end=0.712 occ_end=0.192 CSR_train=0.000 done_count=125
[upd 30] u=0 upd_ctr=2 opt_step=32 E=0.477 g=0.086 VarTD=0.174953 ret_end=-27.925 dbar_end=0.782 occ_end=0.128 CSR_train=0.008 done_count=125
[upd 40] u=0 upd_ctr=2 opt_step=32 E=0.948 g=0.095 VarTD=0.139356 ret_end=-27.181 dbar_end=0.750 occ_end=0.120 CSR_train=0.000 done_count=125
[upd 50] u=0 upd_ctr=3 opt_step=48 E=0.384 g=0.096 VarTD=0.128744 ret_end=-26.520 dbar_end=0.747 occ_end=0.136 CSR_train=0.000 done_count=125
[upd 60] u=0 upd_ctr=3 opt_step=48 E=0.865 g=0.102 VarTD=0.138588 ret_end=-27.028 dbar_end=0.726 occ_end=0.160 CSR_train=0.000 done_count=125
[upd 70] u=0 upd_ctr=4 opt_step=64 E=0.358 g=0.102 VarTD=0.137171 ret_end=-27.074 dbar_end=0.727 occ_end=0.176 CSR_train=0.000 done_count=125
[upd 80] u=0 upd_ctr=4 opt_step=64 E=0.913 g=0.107 VarTD=0.130903 ret_end=-25.775 dbar_end=0.710 occ_end=0.168 CSR_train=0.000 done_count=125
[upd 90] u=0 upd_ctr=5 opt_step=80 E=0.441 g=0.111 VarTD=0.129564 ret_end=-26.498 dbar_end=0.700 occ_end=0.192 CSR_train=0.000 done_count=125
[upd 100] u=0 upd_ctr=5 opt_step=80 E=0.978 g=0.111 VarTD=0.148368 ret_end=-25.594 dbar_end=0.701 occ_end=0.184 CSR_train=0.000 done_count=125
[upd 110] u=0 upd_ctr=6 opt_step=96 E=0.506 g=0.099 VarTD=0.139909 ret_end=-26.976 dbar_end=0.737 occ_end=0.104 CSR_train=0.000 done_count=125
[upd 120] u=1 upd_ctr=7 opt_step=112 E=0.062 g=0.124 VarTD=0.133765 ret_end=-25.269 dbar_end=0.665 occ_end=0.200 CSR_train=0.000 done_count=125
[upd 130] u=0 upd_ctr=7 opt_step=112 E=0.666 g=0.113 VarTD=0.180024 ret_end=-26.147 dbar_end=0.694 occ_end=0.210 CSR_train=0.000 done_count=100
[upd 140] u=0 upd_ctr=8 opt_step=128 E=0.227 g=0.116 VarTD=0.159593 ret_end=-25.561 dbar_end=0.686 occ_end=0.168 CSR_train=0.000 done_count=125
[upd 150] u=0 upd_ctr=8 opt_step=128 E=0.843 g=0.122 VarTD=0.136521 ret_end=-26.126 dbar_end=0.669 occ_end=0.160 CSR_train=0.000 done_count=125
[upd 160] u=0 upd_ctr=9 opt_step=144 E=0.427 g=0.128 VarTD=0.164996 ret_end=-26.108 dbar_end=0.655 occ_end=0.248 CSR_train=0.000 done_count=125
[upd 170] u=0 upd_ctr=9 opt_step=144 E=1.000 g=0.134 VarTD=0.154990 ret_end=-25.335 dbar_end=0.641 occ_end=0.200 CSR_train=0.000 done_count=125
[upd 180] u=0 upd_ctr=10 opt_step=160 E=0.639 g=0.137 VarTD=0.150013 ret_end=-24.693 dbar_end=0.633 occ_end=0.224 CSR_train=0.000 done_count=125
[upd 190] u=0 upd_ctr=11 opt_step=176 E=0.266 g=0.145 VarTD=0.170619 ret_end=-25.168 dbar_end=0.615 occ_end=0.272 CSR_train=0.000 done_count=125
[upd 200] u=0 upd_ctr=11 opt_step=176 E=0.914 g=0.131 VarTD=0.169893 ret_end=-25.990 dbar_end=0.647 occ_end=0.168 CSR_train=0.000 done_count=125
[upd 210] u=0 upd_ctr=12 opt_step=192 E=0.536 g=0.134 VarTD=0.195249 ret_end=-25.439 dbar_end=0.641 occ_end=0.200 CSR_train=0.000 done_count=125
[upd 220] u=0 upd_ctr=13 opt_step=208 E=0.213 g=0.143 VarTD=0.213207 ret_end=-24.676 dbar_end=0.618 occ_end=0.272 CSR_train=0.000 done_count=125
[upd 230] u=0 upd_ctr=13 opt_step=208 E=0.916 g=0.144 VarTD=0.218599 ret_end=-24.648 dbar_end=0.618 occ_end=0.272 CSR_train=0.000 done_count=125
[upd 240] u=0 upd_ctr=14 opt_step=224 E=0.591 g=0.165 VarTD=0.257714 ret_end=-24.244 dbar_end=0.574 occ_end=0.304 CSR_train=0.000 done_count=125
[upd 250] u=0 upd_ctr=15 opt_step=240 E=0.285 g=0.140 VarTD=0.298930 ret_end=-25.248 dbar_end=0.626 occ_end=0.304 CSR_train=0.000 done_count=125
[upd 260] u=0 upd_ctr=15 opt_step=240 E=1.000 g=0.149 VarTD=0.234114 ret_end=-24.084 dbar_end=0.605 occ_end=0.210 CSR_train=0.000 done_count=100
[upd 270] u=0 upd_ctr=16 opt_step=256 E=0.769 g=0.161 VarTD=0.363091 ret_end=-24.212 dbar_end=0.583 occ_end=0.216 CSR_train=0.000 done_count=125
[upd 280] u=0 upd_ctr=17 opt_step=272 E=0.480 g=0.164 VarTD=0.382756 ret_end=-23.232 dbar_end=0.576 occ_end=0.224 CSR_train=0.000 done_count=125
[upd 290] u=0 upd_ctr=18 opt_step=288 E=0.244 g=0.163 VarTD=0.478766 ret_end=-24.386 dbar_end=0.578 occ_end=0.264 CSR_train=0.000 done_count=125
[upd 300] u=0 upd_ctr=18 opt_step=288 E=1.000 g=0.163 VarTD=0.434647 ret_end=-23.537 dbar_end=0.577 occ_end=0.304 CSR_train=0.000 done_count=125
[upd 310] u=0 upd_ctr=19 opt_step=304 E=0.807 g=0.164 VarTD=0.576220 ret_end=-24.142 dbar_end=0.575 occ_end=0.288 CSR_train=0.000 done_count=125
[Gate5 check] update_counter violations: t0=0 diffs=0
[Gate5 check] opt_step violations: t0=0 diffs=0 (expected_inc=16)
[Gate5 check] NaN masking: nan_on_skip=True finite_on_update=True
[Gate5 summary] mean_update_fraction=0.0609 final_executed_updates_mean=19.00
[Gate5 eval] done_count mean=100.0 CSR mean=0.0100 len_end_mean=26.00
[Gate5 eval] episodes_per_env=4 T_eval=104
[Gate5 eval-debug] locked_eps_occ=0.20 pre(step25): dbar_end=0.492001 occupied_end_mean=0.450000 max_tilde_end_mean=0.687849 CSR@locked=0.000000
[Gate5 eval-debug] locked_eps_occ=0.20 post(step26): dbar_end=0.491153 occupied_end_mean=0.480000 max_tilde_end_mean=0.686461 CSR@locked=0.010000
[Gate5 eval-debug] CSR_pre@0.10=0.0000 CSR_pre@0.15=0.0000 CSR_pre@0.20=0.0000 CSR_pre@0.25=0.0000 CSR_pre@0.30=0.0500
[Gate5 eval-debug] CSR_post@0.10=0.0000 CSR_post@0.15=0.0000 CSR_post@0.20=0.0100 CSR_post@0.25=0.0100 CSR_post@0.30=0.0200
