Importing submoduled environments...
Submoduled environments not found. Skipping import.
[upd 0] u=1 upd_ctr=1 opt_step=16 E=0.048 g=0.096 VarTD=0.126111 ret_end=-26.492 dbar_end=0.745 occ_end=0.140 CSR_train=0.000 done_count=100
[upd 10] u=0 upd_ctr=1 opt_step=16 E=0.515 g=0.101 VarTD=0.147310 ret_end=-26.592 dbar_end=0.729 occ_end=0.144 CSR_train=0.000 done_count=125
[upd 20] u=0 upd_ctr=1 opt_step=16 E=0.988 g=0.088 VarTD=0.157317 ret_end=-27.734 dbar_end=0.776 occ_end=0.112 CSR_train=0.000 done_count=125
[upd 30] u=0 upd_ctr=2 opt_step=32 E=0.448 g=0.105 VarTD=0.132647 ret_end=-25.596 dbar_end=0.719 occ_end=0.136 CSR_train=0.000 done_count=125
[upd 40] u=0 upd_ctr=2 opt_step=32 E=0.937 g=0.106 VarTD=0.131386 ret_end=-26.122 dbar_end=0.714 occ_end=0.104 CSR_train=0.000 done_count=125
[upd 50] u=0 upd_ctr=3 opt_step=48 E=0.399 g=0.092 VarTD=0.168660 ret_end=-27.949 dbar_end=0.758 occ_end=0.152 CSR_train=0.000 done_count=125
[upd 60] u=0 upd_ctr=3 opt_step=48 E=0.891 g=0.104 VarTD=0.143926 ret_end=-26.535 dbar_end=0.721 occ_end=0.144 CSR_train=0.000 done_count=125
[upd 70] u=0 upd_ctr=4 opt_step=64 E=0.362 g=0.096 VarTD=0.132622 ret_end=-27.220 dbar_end=0.746 occ_end=0.160 CSR_train=0.000 done_count=125
[upd 80] u=0 upd_ctr=4 opt_step=64 E=0.887 g=0.103 VarTD=0.150368 ret_end=-26.573 dbar_end=0.724 occ_end=0.176 CSR_train=0.000 done_count=125
[upd 90] u=0 upd_ctr=5 opt_step=80 E=0.392 g=0.121 VarTD=0.136817 ret_end=-26.203 dbar_end=0.672 occ_end=0.248 CSR_train=0.000 done_count=125
[upd 100] u=0 upd_ctr=5 opt_step=80 E=0.973 g=0.119 VarTD=0.150046 ret_end=-26.124 dbar_end=0.678 occ_end=0.200 CSR_train=0.000 done_count=125
[upd 110] u=0 upd_ctr=6 opt_step=96 E=0.534 g=0.126 VarTD=0.138078 ret_end=-26.244 dbar_end=0.661 occ_end=0.184 CSR_train=0.000 done_count=125
[upd 120] u=1 upd_ctr=7 opt_step=112 E=0.056 g=0.112 VarTD=0.166375 ret_end=-27.055 dbar_end=0.698 occ_end=0.176 CSR_train=0.000 done_count=125
[Gate5 check] update_counter violations: t0=0 diffs=0
[Gate5 check] opt_step violations: t0=0 diffs=0 (expected_inc=16)
[Gate5 check] NaN masking: nan_on_skip=True finite_on_update=True
[Gate5 summary] mean_update_fraction=0.0560 final_executed_updates_mean=7.00
[Gate5 eval] done_count mean=100.0 CSR mean=0.0100 len_end_mean=26.00
[Gate5 eval] episodes_per_env=4 T_eval=104
[Gate5 eval-debug] locked_eps_occ=0.20 pre(step25): dbar_end=0.544086 occupied_end_mean=0.370000 max_tilde_end_mean=0.835369 CSR@locked=0.000000
[Gate5 eval-debug] locked_eps_occ=0.20 post(step26): dbar_end=0.551658 occupied_end_mean=0.370000 max_tilde_end_mean=0.847896 CSR@locked=0.010000
[Gate5 eval-debug] CSR_pre@0.10=0.0000 CSR_pre@0.15=0.0000 CSR_pre@0.20=0.0000 CSR_pre@0.25=0.0100 CSR_pre@0.30=0.0200
[Gate5 eval-debug] CSR_post@0.10=0.0000 CSR_post@0.15=0.0000 CSR_post@0.20=0.0100 CSR_post@0.25=0.0100 CSR_post@0.30=0.0100
