Importing submoduled environments...
Submoduled environments not found. Skipping import.
[upd 0] u=1 upd_ctr=1 opt_step=16 E=0.183 g=0.092 VarTD=0.142843 ret_end=-27.084 dbar_end=0.760 occ_end=0.110 CSR_train=0.000 done_count=100
[upd 10] u=1 upd_ctr=2 opt_step=32 E=0.097 g=0.091 VarTD=0.164683 ret_end=-27.227 dbar_end=0.764 occ_end=0.176 CSR_train=0.000 done_count=125
[upd 20] u=1 upd_ctr=3 opt_step=48 E=0.092 g=0.086 VarTD=0.167472 ret_end=-28.313 dbar_end=0.781 occ_end=0.136 CSR_train=0.000 done_count=125
[upd 30] u=1 upd_ctr=4 opt_step=64 E=0.115 g=0.102 VarTD=0.125454 ret_end=-27.104 dbar_end=0.726 occ_end=0.192 CSR_train=0.000 done_count=125
[upd 40] u=1 upd_ctr=5 opt_step=80 E=0.150 g=0.101 VarTD=0.141239 ret_end=-26.415 dbar_end=0.729 occ_end=0.152 CSR_train=0.000 done_count=125
[upd 50] u=0 upd_ctr=6 opt_step=96 E=0.212 g=0.106 VarTD=0.128721 ret_end=-26.499 dbar_end=0.715 occ_end=0.160 CSR_train=0.000 done_count=125
[upd 60] u=0 upd_ctr=7 opt_step=112 E=0.340 g=0.139 VarTD=0.146071 ret_end=-24.697 dbar_end=0.628 occ_end=0.224 CSR_train=0.000 done_count=125
[upd 70] u=0 upd_ctr=8 opt_step=128 E=0.476 g=0.111 VarTD=0.156383 ret_end=-26.250 dbar_end=0.699 occ_end=0.152 CSR_train=0.000 done_count=125
[upd 80] u=0 upd_ctr=9 opt_step=144 E=0.677 g=0.119 VarTD=0.140352 ret_end=-25.762 dbar_end=0.678 occ_end=0.184 CSR_train=0.000 done_count=125
[upd 90] u=0 upd_ctr=10 opt_step=160 E=0.950 g=0.141 VarTD=0.140007 ret_end=-24.995 dbar_end=0.624 occ_end=0.232 CSR_train=0.000 done_count=125
[upd 100] u=0 upd_ctr=12 opt_step=192 E=0.349 g=0.145 VarTD=0.197155 ret_end=-26.059 dbar_end=0.616 occ_end=0.264 CSR_train=0.000 done_count=125
[upd 110] u=0 upd_ctr=13 opt_step=208 E=0.664 g=0.147 VarTD=0.224602 ret_end=-25.286 dbar_end=0.611 occ_end=0.232 CSR_train=0.000 done_count=125
[upd 120] u=1 upd_ctr=15 opt_step=240 E=0.141 g=0.141 VarTD=0.237467 ret_end=-24.859 dbar_end=0.623 occ_end=0.264 CSR_train=0.000 done_count=125
[upd 130] u=0 upd_ctr=16 opt_step=256 E=0.463 g=0.131 VarTD=0.282388 ret_end=-25.435 dbar_end=0.648 occ_end=0.210 CSR_train=0.000 done_count=100
[upd 140] u=0 upd_ctr=17 opt_step=272 E=0.840 g=0.149 VarTD=0.388787 ret_end=-24.572 dbar_end=0.606 occ_end=0.240 CSR_train=0.000 done_count=125
[upd 150] u=0 upd_ctr=19 opt_step=304 E=0.382 g=0.157 VarTD=0.519320 ret_end=-23.320 dbar_end=0.591 occ_end=0.216 CSR_train=0.000 done_count=125
[upd 160] u=0 upd_ctr=20 opt_step=320 E=0.894 g=0.147 VarTD=0.635470 ret_end=-24.664 dbar_end=0.611 occ_end=0.208 CSR_train=0.000 done_count=125
[upd 170] u=0 upd_ctr=22 opt_step=352 E=0.498 g=0.145 VarTD=0.810637 ret_end=-24.114 dbar_end=0.616 occ_end=0.280 CSR_train=0.000 done_count=125
[upd 180] u=0 upd_ctr=23 opt_step=368 E=0.993 g=0.154 VarTD=0.928777 ret_end=-24.677 dbar_end=0.596 occ_end=0.280 CSR_train=0.000 done_count=125
[upd 190] u=0 upd_ctr=25 opt_step=400 E=0.599 g=0.148 VarTD=1.148041 ret_end=-24.893 dbar_end=0.609 occ_end=0.232 CSR_train=0.000 done_count=125
[upd 200] u=1 upd_ctr=27 opt_step=432 E=0.167 g=0.147 VarTD=1.284553 ret_end=-24.700 dbar_end=0.610 occ_end=0.208 CSR_train=0.000 done_count=125
[upd 210] u=0 upd_ctr=28 opt_step=448 E=0.680 g=0.168 VarTD=1.602306 ret_end=-23.869 dbar_end=0.568 occ_end=0.224 CSR_train=0.000 done_count=125
[upd 220] u=0 upd_ctr=30 opt_step=480 E=0.352 g=0.168 VarTD=1.864583 ret_end=-23.482 dbar_end=0.567 occ_end=0.264 CSR_train=0.000 done_count=125
[upd 230] u=0 upd_ctr=31 opt_step=496 E=0.910 g=0.155 VarTD=2.036737 ret_end=-23.968 dbar_end=0.595 occ_end=0.184 CSR_train=0.000 done_count=125
[upd 240] u=0 upd_ctr=33 opt_step=528 E=0.535 g=0.160 VarTD=2.378296 ret_end=-24.338 dbar_end=0.585 occ_end=0.272 CSR_train=0.000 done_count=125
[upd 250] u=1 upd_ctr=35 opt_step=560 E=0.187 g=0.164 VarTD=2.511675 ret_end=-24.924 dbar_end=0.575 occ_end=0.296 CSR_train=0.000 done_count=125
[upd 260] u=0 upd_ctr=36 opt_step=576 E=0.794 g=0.159 VarTD=2.329009 ret_end=-23.086 dbar_end=0.586 occ_end=0.230 CSR_train=0.000 done_count=100
[upd 270] u=0 upd_ctr=38 opt_step=608 E=0.481 g=0.166 VarTD=3.229774 ret_end=-23.792 dbar_end=0.572 occ_end=0.232 CSR_train=0.000 done_count=125
[upd 280] u=1 upd_ctr=40 opt_step=640 E=0.232 g=0.188 VarTD=3.454854 ret_end=-23.174 dbar_end=0.533 occ_end=0.352 CSR_train=0.008 done_count=125
[upd 290] u=0 upd_ctr=41 opt_step=656 E=0.842 g=0.177 VarTD=3.782489 ret_end=-23.510 dbar_end=0.552 occ_end=0.224 CSR_train=0.000 done_count=125
[upd 300] u=0 upd_ctr=43 opt_step=688 E=0.562 g=0.172 VarTD=4.069829 ret_end=-23.345 dbar_end=0.561 occ_end=0.224 CSR_train=0.000 done_count=125
[upd 310] u=1 upd_ctr=45 opt_step=720 E=0.245 g=0.162 VarTD=4.189670 ret_end=-24.105 dbar_end=0.580 occ_end=0.216 CSR_train=0.000 done_count=125
[Gate5 check] update_counter violations: t0=0 diffs=0
[Gate5 check] opt_step violations: t0=0 diffs=0 (expected_inc=16)
[Gate5 check] NaN masking: nan_on_skip=True finite_on_update=True
[Gate5 summary] mean_update_fraction=0.1442 final_executed_updates_mean=45.00
[Gate5 eval] done_count mean=100.0 CSR mean=0.0000 len_end_mean=26.00
[Gate5 eval] episodes_per_env=4 T_eval=104
[Gate5 eval-debug] locked_eps_occ=0.20 pre(step25): dbar_end=0.505155 occupied_end_mean=0.350000 max_tilde_end_mean=0.749622 CSR@locked=0.000000
[Gate5 eval-debug] locked_eps_occ=0.20 post(step26): dbar_end=0.508421 occupied_end_mean=0.350000 max_tilde_end_mean=0.744720 CSR@locked=0.000000
[Gate5 eval-debug] CSR_pre@0.10=0.0000 CSR_pre@0.15=0.0000 CSR_pre@0.20=0.0000 CSR_pre@0.25=0.0000 CSR_pre@0.30=0.0100
[Gate5 eval-debug] CSR_post@0.10=0.0000 CSR_post@0.15=0.0000 CSR_post@0.20=0.0000 CSR_post@0.25=0.0000 CSR_post@0.30=0.0200
