Importing submoduled environments...
Submoduled environments not found. Skipping import.
[upd 0] u=1 upd_ctr=1 opt_step=16 E=0.271 g=0.079 VarTD=0.177244 ret_end=-28.332 dbar_end=0.807 occ_end=0.140 CSR_train=0.000 done_count=100
[upd 10] u=0 upd_ctr=2 opt_step=32 E=0.327 g=0.101 VarTD=0.148887 ret_end=-26.672 dbar_end=0.729 occ_end=0.168 CSR_train=0.000 done_count=125
[upd 20] u=0 upd_ctr=3 opt_step=48 E=0.455 g=0.095 VarTD=0.152231 ret_end=-27.544 dbar_end=0.749 occ_end=0.184 CSR_train=0.000 done_count=125
[upd 30] u=0 upd_ctr=4 opt_step=64 E=0.564 g=0.109 VarTD=0.175587 ret_end=-26.910 dbar_end=0.705 occ_end=0.232 CSR_train=0.000 done_count=125
[upd 40] u=0 upd_ctr=5 opt_step=80 E=0.702 g=0.095 VarTD=0.163093 ret_end=-27.332 dbar_end=0.749 occ_end=0.136 CSR_train=0.000 done_count=125
[upd 50] u=0 upd_ctr=6 opt_step=96 E=0.845 g=0.104 VarTD=0.136434 ret_end=-26.418 dbar_end=0.720 occ_end=0.168 CSR_train=0.000 done_count=125
[upd 60] u=0 upd_ctr=8 opt_step=128 E=0.242 g=0.121 VarTD=0.151566 ret_end=-25.874 dbar_end=0.673 occ_end=0.288 CSR_train=0.000 done_count=125
[upd 70] u=0 upd_ctr=9 opt_step=144 E=0.533 g=0.111 VarTD=0.183388 ret_end=-27.198 dbar_end=0.699 occ_end=0.200 CSR_train=0.000 done_count=125
[upd 80] u=0 upd_ctr=10 opt_step=160 E=0.868 g=0.118 VarTD=0.167614 ret_end=-26.009 dbar_end=0.680 occ_end=0.128 CSR_train=0.000 done_count=125
[upd 90] u=0 upd_ctr=12 opt_step=192 E=0.416 g=0.127 VarTD=0.185508 ret_end=-25.048 dbar_end=0.657 occ_end=0.224 CSR_train=0.000 done_count=125
[upd 100] u=0 upd_ctr=13 opt_step=208 E=0.840 g=0.138 VarTD=0.216456 ret_end=-25.200 dbar_end=0.631 occ_end=0.280 CSR_train=0.000 done_count=125
[upd 110] u=0 upd_ctr=15 opt_step=240 E=0.495 g=0.130 VarTD=0.263676 ret_end=-25.616 dbar_end=0.651 occ_end=0.184 CSR_train=0.000 done_count=125
[upd 120] u=1 upd_ctr=17 opt_step=272 E=0.216 g=0.155 VarTD=0.331552 ret_end=-25.257 dbar_end=0.594 occ_end=0.240 CSR_train=0.000 done_count=125
[Gate5 check] update_counter violations: t0=0 diffs=0
[Gate5 check] opt_step violations: t0=0 diffs=0 (expected_inc=16)
[Gate5 check] NaN masking: nan_on_skip=True finite_on_update=True
[Gate5 summary] mean_update_fraction=0.1360 final_executed_updates_mean=17.00
[Gate5 eval] done_count mean=100.0 CSR mean=0.0100 len_end_mean=26.00
[Gate5 eval] episodes_per_env=4 T_eval=104
[Gate5 eval-debug] locked_eps_occ=0.20 pre(step25): dbar_end=0.500610 occupied_end_mean=0.310000 max_tilde_end_mean=0.714423 CSR@locked=0.000000
[Gate5 eval-debug] locked_eps_occ=0.20 post(step26): dbar_end=0.496839 occupied_end_mean=0.420000 max_tilde_end_mean=0.718481 CSR@locked=0.010000
[Gate5 eval-debug] CSR_pre@0.10=0.0000 CSR_pre@0.15=0.0000 CSR_pre@0.20=0.0000 CSR_pre@0.25=0.0200 CSR_pre@0.30=0.0400
[Gate5 eval-debug] CSR_post@0.10=0.0000 CSR_post@0.15=0.0000 CSR_post@0.20=0.0100 CSR_post@0.25=0.0100 CSR_post@0.30=0.0400
