Importing submoduled environments...
Submoduled environments not found. Skipping import.
[upd 0] u=1 upd_ctr=1 opt_step=16 E=0.132 g=0.102 VarTD=0.148347 ret_end=-26.397 dbar_end=0.726 occ_end=0.190 CSR_train=0.000 done_count=100
[upd 10] u=0 upd_ctr=1 opt_step=16 E=0.878 g=0.089 VarTD=0.167256 ret_end=-27.327 dbar_end=0.769 occ_end=0.152 CSR_train=0.008 done_count=125
[upd 20] u=0 upd_ctr=2 opt_step=32 E=0.703 g=0.089 VarTD=0.167421 ret_end=-27.589 dbar_end=0.770 occ_end=0.176 CSR_train=0.000 done_count=125
[upd 30] u=0 upd_ctr=3 opt_step=48 E=0.532 g=0.101 VarTD=0.164219 ret_end=-27.762 dbar_end=0.731 occ_end=0.248 CSR_train=0.000 done_count=125
[upd 40] u=0 upd_ctr=4 opt_step=64 E=0.363 g=0.105 VarTD=0.156799 ret_end=-26.584 dbar_end=0.716 occ_end=0.144 CSR_train=0.000 done_count=125
[upd 50] u=0 upd_ctr=5 opt_step=80 E=0.207 g=0.119 VarTD=0.146762 ret_end=-25.705 dbar_end=0.679 occ_end=0.200 CSR_train=0.000 done_count=125
[upd 60] u=1 upd_ctr=6 opt_step=96 E=0.091 g=0.093 VarTD=0.173178 ret_end=-28.208 dbar_end=0.757 occ_end=0.112 CSR_train=0.000 done_count=125
[upd 70] u=0 upd_ctr=6 opt_step=96 E=0.956 g=0.108 VarTD=0.160740 ret_end=-26.476 dbar_end=0.710 occ_end=0.192 CSR_train=0.000 done_count=125
[upd 80] u=0 upd_ctr=7 opt_step=112 E=0.891 g=0.106 VarTD=0.145803 ret_end=-27.448 dbar_end=0.716 occ_end=0.176 CSR_train=0.000 done_count=125
[upd 90] u=0 upd_ctr=8 opt_step=128 E=0.828 g=0.112 VarTD=0.149280 ret_end=-25.992 dbar_end=0.698 occ_end=0.160 CSR_train=0.000 done_count=125
[upd 100] u=0 upd_ctr=9 opt_step=144 E=0.791 g=0.109 VarTD=0.168147 ret_end=-26.347 dbar_end=0.706 occ_end=0.144 CSR_train=0.000 done_count=125
[upd 110] u=0 upd_ctr=10 opt_step=160 E=0.772 g=0.099 VarTD=0.159595 ret_end=-27.578 dbar_end=0.736 occ_end=0.184 CSR_train=0.000 done_count=125
[upd 120] u=0 upd_ctr=11 opt_step=176 E=0.778 g=0.124 VarTD=0.154725 ret_end=-25.864 dbar_end=0.664 occ_end=0.144 CSR_train=0.008 done_count=125
[upd 130] u=0 upd_ctr=12 opt_step=192 E=0.838 g=0.131 VarTD=0.177019 ret_end=-25.273 dbar_end=0.648 occ_end=0.240 CSR_train=0.000 done_count=100
[upd 140] u=0 upd_ctr=13 opt_step=208 E=0.847 g=0.121 VarTD=0.202658 ret_end=-26.734 dbar_end=0.672 occ_end=0.160 CSR_train=0.000 done_count=125
[upd 150] u=0 upd_ctr=14 opt_step=224 E=0.897 g=0.128 VarTD=0.290583 ret_end=-25.544 dbar_end=0.654 occ_end=0.160 CSR_train=0.000 done_count=125
[upd 160] u=0 upd_ctr=15 opt_step=240 E=0.962 g=0.140 VarTD=0.295311 ret_end=-25.164 dbar_end=0.627 occ_end=0.248 CSR_train=0.000 done_count=125
[upd 170] u=1 upd_ctr=17 opt_step=272 E=0.126 g=0.144 VarTD=0.316151 ret_end=-24.690 dbar_end=0.616 occ_end=0.144 CSR_train=0.000 done_count=125
[upd 180] u=0 upd_ctr=18 opt_step=288 E=0.261 g=0.130 VarTD=0.452343 ret_end=-24.752 dbar_end=0.649 occ_end=0.160 CSR_train=0.000 done_count=125
[upd 190] u=0 upd_ctr=19 opt_step=304 E=0.385 g=0.145 VarTD=0.549895 ret_end=-24.941 dbar_end=0.615 occ_end=0.256 CSR_train=0.000 done_count=125
[upd 200] u=0 upd_ctr=20 opt_step=320 E=0.486 g=0.138 VarTD=0.652653 ret_end=-25.920 dbar_end=0.630 occ_end=0.208 CSR_train=0.000 done_count=125
[upd 210] u=0 upd_ctr=21 opt_step=336 E=0.768 g=0.162 VarTD=0.722108 ret_end=-23.675 dbar_end=0.579 occ_end=0.336 CSR_train=0.000 done_count=125
[upd 220] u=0 upd_ctr=22 opt_step=352 E=1.000 g=0.162 VarTD=0.836430 ret_end=-24.228 dbar_end=0.579 occ_end=0.240 CSR_train=0.000 done_count=125
[upd 230] u=0 upd_ctr=24 opt_step=384 E=0.300 g=0.152 VarTD=1.009586 ret_end=-23.862 dbar_end=0.600 occ_end=0.320 CSR_train=0.000 done_count=125
[upd 240] u=0 upd_ctr=25 opt_step=400 E=0.526 g=0.154 VarTD=1.140535 ret_end=-24.529 dbar_end=0.597 occ_end=0.288 CSR_train=0.000 done_count=125
[upd 250] u=0 upd_ctr=26 opt_step=416 E=0.774 g=0.147 VarTD=1.293361 ret_end=-24.682 dbar_end=0.611 occ_end=0.208 CSR_train=0.000 done_count=125
[upd 260] u=0 upd_ctr=27 opt_step=432 E=1.000 g=0.146 VarTD=1.221634 ret_end=-24.021 dbar_end=0.613 occ_end=0.290 CSR_train=0.000 done_count=100
[upd 270] u=0 upd_ctr=29 opt_step=464 E=0.311 g=0.169 VarTD=1.725947 ret_end=-23.903 dbar_end=0.567 occ_end=0.304 CSR_train=0.000 done_count=125
[upd 280] u=0 upd_ctr=30 opt_step=480 E=0.553 g=0.154 VarTD=1.833102 ret_end=-24.210 dbar_end=0.596 occ_end=0.272 CSR_train=0.000 done_count=125
[upd 290] u=0 upd_ctr=31 opt_step=496 E=0.869 g=0.173 VarTD=2.039615 ret_end=-23.922 dbar_end=0.560 occ_end=0.320 CSR_train=0.008 done_count=125
[upd 300] u=0 upd_ctr=33 opt_step=528 E=0.278 g=0.159 VarTD=2.423420 ret_end=-24.694 dbar_end=0.585 occ_end=0.240 CSR_train=0.008 done_count=125
[upd 310] u=0 upd_ctr=34 opt_step=544 E=0.577 g=0.160 VarTD=2.480867 ret_end=-24.319 dbar_end=0.585 occ_end=0.184 CSR_train=0.000 done_count=125
[Gate5 check] update_counter violations: t0=0 diffs=0
[Gate5 check] opt_step violations: t0=0 diffs=0 (expected_inc=16)
[Gate5 check] NaN masking: nan_on_skip=True finite_on_update=True
[Gate5 summary] mean_update_fraction=0.1090 final_executed_updates_mean=34.00
[Gate5 eval] done_count mean=100.0 CSR mean=0.0100 len_end_mean=26.00
[Gate5 eval] episodes_per_env=4 T_eval=104
[Gate5 eval-debug] locked_eps_occ=0.20 pre(step25): dbar_end=0.488723 occupied_end_mean=0.420000 max_tilde_end_mean=0.696743 CSR@locked=0.020000
[Gate5 eval-debug] locked_eps_occ=0.20 post(step26): dbar_end=0.480445 occupied_end_mean=0.410000 max_tilde_end_mean=0.684526 CSR@locked=0.010000
[Gate5 eval-debug] CSR_pre@0.10=0.0000 CSR_pre@0.15=0.0000 CSR_pre@0.20=0.0200 CSR_pre@0.25=0.0300 CSR_pre@0.30=0.0300
[Gate5 eval-debug] CSR_post@0.10=0.0000 CSR_post@0.15=0.0100 CSR_post@0.20=0.0100 CSR_post@0.25=0.0200 CSR_post@0.30=0.0400
