Importing submoduled environments...
Submoduled environments not found. Skipping import.
[upd 0] u=1 upd_ctr=1 opt_step=16 E=0.109 g=0.087 VarTD=0.161819 ret_end=-28.699 dbar_end=0.778 occ_end=0.120 CSR_train=0.000 done_count=100
[upd 10] u=0 upd_ctr=1 opt_step=16 E=0.197 g=0.081 VarTD=0.173819 ret_end=-28.772 dbar_end=0.801 occ_end=0.160 CSR_train=0.000 done_count=125
[upd 20] u=0 upd_ctr=1 opt_step=16 E=0.289 g=0.085 VarTD=0.140062 ret_end=-27.013 dbar_end=0.785 occ_end=0.144 CSR_train=0.000 done_count=125
[upd 30] u=0 upd_ctr=1 opt_step=16 E=0.380 g=0.114 VarTD=0.139956 ret_end=-25.825 dbar_end=0.693 occ_end=0.208 CSR_train=0.000 done_count=125
[upd 40] u=0 upd_ctr=1 opt_step=16 E=0.472 g=0.086 VarTD=0.138724 ret_end=-27.201 dbar_end=0.782 occ_end=0.136 CSR_train=0.000 done_count=125
[upd 50] u=0 upd_ctr=1 opt_step=16 E=0.565 g=0.093 VarTD=0.171666 ret_end=-27.713 dbar_end=0.755 occ_end=0.144 CSR_train=0.000 done_count=125
[upd 60] u=0 upd_ctr=1 opt_step=16 E=0.654 g=0.082 VarTD=0.193301 ret_end=-28.345 dbar_end=0.796 occ_end=0.112 CSR_train=0.000 done_count=125
[upd 70] u=0 upd_ctr=1 opt_step=16 E=0.747 g=0.097 VarTD=0.154573 ret_end=-27.014 dbar_end=0.744 occ_end=0.200 CSR_train=0.000 done_count=125
[upd 80] u=0 upd_ctr=1 opt_step=16 E=0.840 g=0.083 VarTD=0.168582 ret_end=-29.289 dbar_end=0.794 occ_end=0.128 CSR_train=0.000 done_count=125
[upd 90] u=0 upd_ctr=2 opt_step=32 E=0.033 g=0.083 VarTD=0.232552 ret_end=-28.351 dbar_end=0.792 occ_end=0.112 CSR_train=0.000 done_count=125
[upd 100] u=0 upd_ctr=2 opt_step=32 E=0.129 g=0.092 VarTD=0.159932 ret_end=-27.300 dbar_end=0.759 occ_end=0.144 CSR_train=0.000 done_count=125
[upd 110] u=0 upd_ctr=2 opt_step=32 E=0.230 g=0.084 VarTD=0.176124 ret_end=-28.137 dbar_end=0.788 occ_end=0.136 CSR_train=0.000 done_count=125
[upd 120] u=0 upd_ctr=2 opt_step=32 E=0.327 g=0.098 VarTD=0.127843 ret_end=-26.483 dbar_end=0.740 occ_end=0.152 CSR_train=0.000 done_count=125
[upd 130] u=0 upd_ctr=2 opt_step=32 E=0.427 g=0.098 VarTD=0.151885 ret_end=-27.700 dbar_end=0.740 occ_end=0.190 CSR_train=0.000 done_count=100
[upd 140] u=0 upd_ctr=2 opt_step=32 E=0.522 g=0.092 VarTD=0.161746 ret_end=-28.022 dbar_end=0.759 occ_end=0.112 CSR_train=0.000 done_count=125
[upd 150] u=0 upd_ctr=2 opt_step=32 E=0.621 g=0.107 VarTD=0.154405 ret_end=-26.772 dbar_end=0.712 occ_end=0.192 CSR_train=0.000 done_count=125
[upd 160] u=0 upd_ctr=2 opt_step=32 E=0.717 g=0.116 VarTD=0.137835 ret_end=-25.045 dbar_end=0.687 occ_end=0.256 CSR_train=0.008 done_count=125
[upd 170] u=0 upd_ctr=2 opt_step=32 E=0.817 g=0.102 VarTD=0.138979 ret_end=-26.265 dbar_end=0.726 occ_end=0.168 CSR_train=0.000 done_count=125
[upd 180] u=0 upd_ctr=2 opt_step=32 E=0.910 g=0.098 VarTD=0.138375 ret_end=-26.336 dbar_end=0.739 occ_end=0.232 CSR_train=0.000 done_count=125
[upd 190] u=0 upd_ctr=3 opt_step=48 E=0.109 g=0.116 VarTD=0.123646 ret_end=-25.349 dbar_end=0.685 occ_end=0.208 CSR_train=0.000 done_count=125
[upd 200] u=0 upd_ctr=3 opt_step=48 E=0.209 g=0.106 VarTD=0.137569 ret_end=-26.864 dbar_end=0.714 occ_end=0.168 CSR_train=0.000 done_count=125
[upd 210] u=0 upd_ctr=3 opt_step=48 E=0.311 g=0.098 VarTD=0.182357 ret_end=-27.564 dbar_end=0.741 occ_end=0.168 CSR_train=0.000 done_count=125
[upd 220] u=0 upd_ctr=3 opt_step=48 E=0.412 g=0.106 VarTD=0.142950 ret_end=-26.680 dbar_end=0.716 occ_end=0.208 CSR_train=0.000 done_count=125
[upd 230] u=0 upd_ctr=3 opt_step=48 E=0.516 g=0.098 VarTD=0.136800 ret_end=-26.869 dbar_end=0.739 occ_end=0.144 CSR_train=0.000 done_count=125
[upd 240] u=0 upd_ctr=3 opt_step=48 E=0.615 g=0.088 VarTD=0.172370 ret_end=-27.748 dbar_end=0.773 occ_end=0.120 CSR_train=0.000 done_count=125
[upd 250] u=0 upd_ctr=3 opt_step=48 E=0.711 g=0.101 VarTD=0.140530 ret_end=-26.986 dbar_end=0.730 occ_end=0.112 CSR_train=0.000 done_count=125
[upd 260] u=0 upd_ctr=3 opt_step=48 E=0.813 g=0.096 VarTD=0.138328 ret_end=-26.885 dbar_end=0.747 occ_end=0.170 CSR_train=0.000 done_count=100
[upd 270] u=1 upd_ctr=4 opt_step=64 E=0.014 g=0.110 VarTD=0.147348 ret_end=-26.763 dbar_end=0.704 occ_end=0.136 CSR_train=0.000 done_count=125
[upd 280] u=0 upd_ctr=4 opt_step=64 E=0.120 g=0.103 VarTD=0.139887 ret_end=-26.937 dbar_end=0.723 occ_end=0.168 CSR_train=0.000 done_count=125
[upd 290] u=0 upd_ctr=4 opt_step=64 E=0.222 g=0.105 VarTD=0.159382 ret_end=-27.083 dbar_end=0.717 occ_end=0.208 CSR_train=0.000 done_count=125
[upd 300] u=0 upd_ctr=4 opt_step=64 E=0.325 g=0.098 VarTD=0.163460 ret_end=-27.559 dbar_end=0.741 occ_end=0.200 CSR_train=0.000 done_count=125
[upd 310] u=0 upd_ctr=4 opt_step=64 E=0.428 g=0.103 VarTD=0.139891 ret_end=-26.791 dbar_end=0.723 occ_end=0.192 CSR_train=0.008 done_count=125
[Gate5 check] update_counter violations: t0=0 diffs=0
[Gate5 check] opt_step violations: t0=0 diffs=0 (expected_inc=16)
[Gate5 check] NaN masking: nan_on_skip=True finite_on_update=True
[Gate5 summary] mean_update_fraction=0.0128 final_executed_updates_mean=4.00
[Gate5 eval] done_count mean=100.0 CSR mean=0.0000 len_end_mean=26.00
[Gate5 eval] episodes_per_env=4 T_eval=104
[Gate5 eval-debug] locked_eps_occ=0.20 pre(step25): dbar_end=0.525955 occupied_end_mean=0.420000 max_tilde_end_mean=0.760070 CSR@locked=0.000000
[Gate5 eval-debug] locked_eps_occ=0.20 post(step26): dbar_end=0.521582 occupied_end_mean=0.370000 max_tilde_end_mean=0.765157 CSR@locked=0.000000
[Gate5 eval-debug] CSR_pre@0.10=0.0000 CSR_pre@0.15=0.0000 CSR_pre@0.20=0.0000 CSR_pre@0.25=0.0100 CSR_pre@0.30=0.0200
[Gate5 eval-debug] CSR_post@0.10=0.0000 CSR_post@0.15=0.0000 CSR_post@0.20=0.0000 CSR_post@0.25=0.0300 CSR_post@0.30=0.0400
