Importing submoduled environments...
Submoduled environments not found. Skipping import.
[upd 0] u=1 upd_ctr=1 opt_step=16 E=0.074 g=0.092 VarTD=0.127621 ret_end=-27.319 dbar_end=0.760 occ_end=0.140 CSR_train=0.000 done_count=100
[upd 10] u=0 upd_ctr=1 opt_step=16 E=0.831 g=0.102 VarTD=0.162085 ret_end=-27.682 dbar_end=0.727 occ_end=0.168 CSR_train=0.000 done_count=125
[upd 20] u=0 upd_ctr=2 opt_step=32 E=0.498 g=0.087 VarTD=0.134174 ret_end=-28.202 dbar_end=0.780 occ_end=0.152 CSR_train=0.000 done_count=125
[upd 30] u=0 upd_ctr=3 opt_step=48 E=0.233 g=0.096 VarTD=0.129810 ret_end=-26.814 dbar_end=0.745 occ_end=0.152 CSR_train=0.000 done_count=125
[upd 40] u=0 upd_ctr=3 opt_step=48 E=0.984 g=0.087 VarTD=0.135072 ret_end=-27.563 dbar_end=0.776 occ_end=0.080 CSR_train=0.000 done_count=125
[upd 50] u=0 upd_ctr=4 opt_step=64 E=0.713 g=0.101 VarTD=0.137117 ret_end=-26.450 dbar_end=0.730 occ_end=0.176 CSR_train=0.000 done_count=125
[upd 60] u=0 upd_ctr=5 opt_step=80 E=0.499 g=0.104 VarTD=0.122058 ret_end=-26.795 dbar_end=0.722 occ_end=0.176 CSR_train=0.000 done_count=125
[upd 70] u=0 upd_ctr=6 opt_step=96 E=0.276 g=0.109 VarTD=0.163191 ret_end=-26.578 dbar_end=0.705 occ_end=0.152 CSR_train=0.000 done_count=125
[upd 80] u=1 upd_ctr=7 opt_step=112 E=0.087 g=0.109 VarTD=0.152874 ret_end=-26.166 dbar_end=0.706 occ_end=0.192 CSR_train=0.000 done_count=125
[upd 90] u=0 upd_ctr=7 opt_step=112 E=0.980 g=0.109 VarTD=0.147673 ret_end=-27.706 dbar_end=0.706 occ_end=0.200 CSR_train=0.000 done_count=125
[upd 100] u=0 upd_ctr=8 opt_step=128 E=0.819 g=0.121 VarTD=0.132196 ret_end=-25.006 dbar_end=0.674 occ_end=0.184 CSR_train=0.000 done_count=125
[upd 110] u=0 upd_ctr=9 opt_step=144 E=0.641 g=0.106 VarTD=0.178362 ret_end=-27.344 dbar_end=0.716 occ_end=0.168 CSR_train=0.000 done_count=125
[upd 120] u=0 upd_ctr=10 opt_step=160 E=0.562 g=0.128 VarTD=0.136117 ret_end=-26.023 dbar_end=0.656 occ_end=0.176 CSR_train=0.000 done_count=125
[upd 130] u=0 upd_ctr=11 opt_step=176 E=0.461 g=0.128 VarTD=0.140277 ret_end=-24.845 dbar_end=0.656 occ_end=0.240 CSR_train=0.010 done_count=100
[upd 140] u=0 upd_ctr=12 opt_step=192 E=0.382 g=0.131 VarTD=0.192900 ret_end=-25.674 dbar_end=0.648 occ_end=0.184 CSR_train=0.000 done_count=125
[upd 150] u=0 upd_ctr=13 opt_step=208 E=0.289 g=0.119 VarTD=0.186507 ret_end=-25.847 dbar_end=0.677 occ_end=0.184 CSR_train=0.000 done_count=125
[upd 160] u=0 upd_ctr=14 opt_step=224 E=0.187 g=0.117 VarTD=0.199381 ret_end=-26.483 dbar_end=0.683 occ_end=0.256 CSR_train=0.008 done_count=125
[upd 170] u=1 upd_ctr=15 opt_step=240 E=0.099 g=0.124 VarTD=0.257454 ret_end=-25.563 dbar_end=0.665 occ_end=0.192 CSR_train=0.000 done_count=125
[upd 180] u=1 upd_ctr=16 opt_step=256 E=0.109 g=0.136 VarTD=0.277179 ret_end=-24.996 dbar_end=0.635 occ_end=0.240 CSR_train=0.000 done_count=125
[upd 190] u=1 upd_ctr=17 opt_step=272 E=0.105 g=0.131 VarTD=0.310178 ret_end=-25.542 dbar_end=0.647 occ_end=0.200 CSR_train=0.000 done_count=125
[upd 200] u=1 upd_ctr=18 opt_step=288 E=0.108 g=0.135 VarTD=0.349340 ret_end=-25.651 dbar_end=0.638 occ_end=0.264 CSR_train=0.000 done_count=125
[upd 210] u=1 upd_ctr=19 opt_step=304 E=0.087 g=0.109 VarTD=0.407154 ret_end=-26.616 dbar_end=0.705 occ_end=0.152 CSR_train=0.000 done_count=125
[upd 220] u=1 upd_ctr=20 opt_step=320 E=0.111 g=0.139 VarTD=0.471083 ret_end=-25.199 dbar_end=0.629 occ_end=0.200 CSR_train=0.000 done_count=125
[upd 230] u=1 upd_ctr=21 opt_step=336 E=0.097 g=0.121 VarTD=0.588155 ret_end=-26.230 dbar_end=0.673 occ_end=0.176 CSR_train=0.000 done_count=125
[upd 240] u=1 upd_ctr=22 opt_step=352 E=0.096 g=0.120 VarTD=0.669475 ret_end=-26.587 dbar_end=0.676 occ_end=0.176 CSR_train=0.000 done_count=125
[upd 250] u=1 upd_ctr=23 opt_step=368 E=0.112 g=0.140 VarTD=0.744959 ret_end=-25.482 dbar_end=0.625 occ_end=0.224 CSR_train=0.000 done_count=125
[upd 260] u=1 upd_ctr=24 opt_step=384 E=0.098 g=0.122 VarTD=0.679296 ret_end=-26.662 dbar_end=0.670 occ_end=0.180 CSR_train=0.000 done_count=100
[upd 270] u=1 upd_ctr=25 opt_step=400 E=0.109 g=0.136 VarTD=0.906149 ret_end=-25.511 dbar_end=0.635 occ_end=0.264 CSR_train=0.000 done_count=125
[upd 280] u=0 upd_ctr=26 opt_step=416 E=0.226 g=0.140 VarTD=1.235933 ret_end=-24.625 dbar_end=0.626 occ_end=0.272 CSR_train=0.000 done_count=125
[upd 290] u=0 upd_ctr=27 opt_step=432 E=0.362 g=0.153 VarTD=1.335207 ret_end=-24.267 dbar_end=0.598 occ_end=0.280 CSR_train=0.000 done_count=125
[upd 300] u=0 upd_ctr=28 opt_step=448 E=0.466 g=0.152 VarTD=1.514652 ret_end=-24.497 dbar_end=0.601 occ_end=0.232 CSR_train=0.000 done_count=125
[upd 310] u=0 upd_ctr=29 opt_step=464 E=0.592 g=0.153 VarTD=1.608437 ret_end=-23.850 dbar_end=0.599 occ_end=0.240 CSR_train=0.000 done_count=125
[Gate5 check] update_counter violations: t0=0 diffs=0
[Gate5 check] opt_step violations: t0=0 diffs=0 (expected_inc=16)
[Gate5 check] NaN masking: nan_on_skip=True finite_on_update=True
[Gate5 summary] mean_update_fraction=0.0929 final_executed_updates_mean=29.00
[Gate5 eval] done_count mean=100.0 CSR mean=0.0100 len_end_mean=26.00
[Gate5 eval] episodes_per_env=4 T_eval=104
[Gate5 eval-debug] locked_eps_occ=0.20 pre(step25): dbar_end=0.487296 occupied_end_mean=0.400000 max_tilde_end_mean=0.671070 CSR@locked=0.020000
[Gate5 eval-debug] locked_eps_occ=0.20 post(step26): dbar_end=0.487533 occupied_end_mean=0.450000 max_tilde_end_mean=0.678926 CSR@locked=0.010000
[Gate5 eval-debug] CSR_pre@0.10=0.0000 CSR_pre@0.15=0.0000 CSR_pre@0.20=0.0200 CSR_pre@0.25=0.0400 CSR_pre@0.30=0.0500
[Gate5 eval-debug] CSR_post@0.10=0.0000 CSR_post@0.15=0.0000 CSR_post@0.20=0.0100 CSR_post@0.25=0.0300 CSR_post@0.30=0.0300
