Importing submoduled environments...
Submoduled environments not found. Skipping import.
[upd 0] u=1 upd_ctr=1 opt_step=16 E=0.018 g=0.089 VarTD=0.155748 ret_end=-26.495 dbar_end=0.769 occ_end=0.110 CSR_train=0.000 done_count=100
[upd 10] u=0 upd_ctr=1 opt_step=16 E=0.202 g=0.096 VarTD=0.160584 ret_end=-27.044 dbar_end=0.748 occ_end=0.128 CSR_train=0.000 done_count=125
[upd 20] u=0 upd_ctr=1 opt_step=16 E=0.382 g=0.078 VarTD=0.217249 ret_end=-28.983 dbar_end=0.814 occ_end=0.136 CSR_train=0.000 done_count=125
[upd 30] u=0 upd_ctr=1 opt_step=16 E=0.560 g=0.087 VarTD=0.177154 ret_end=-27.554 dbar_end=0.779 occ_end=0.144 CSR_train=0.000 done_count=125
[upd 40] u=0 upd_ctr=1 opt_step=16 E=0.739 g=0.089 VarTD=0.185662 ret_end=-27.313 dbar_end=0.771 occ_end=0.176 CSR_train=0.000 done_count=125
[upd 50] u=0 upd_ctr=1 opt_step=16 E=0.918 g=0.088 VarTD=0.150885 ret_end=-27.866 dbar_end=0.775 occ_end=0.144 CSR_train=0.000 done_count=125
[upd 60] u=0 upd_ctr=2 opt_step=32 E=0.086 g=0.092 VarTD=0.159378 ret_end=-27.369 dbar_end=0.761 occ_end=0.208 CSR_train=0.000 done_count=125
[upd 70] u=0 upd_ctr=2 opt_step=32 E=0.271 g=0.099 VarTD=0.159138 ret_end=-26.424 dbar_end=0.737 occ_end=0.152 CSR_train=0.000 done_count=125
[upd 80] u=0 upd_ctr=2 opt_step=32 E=0.452 g=0.087 VarTD=0.148950 ret_end=-27.515 dbar_end=0.776 occ_end=0.136 CSR_train=0.000 done_count=125
[upd 90] u=0 upd_ctr=2 opt_step=32 E=0.631 g=0.082 VarTD=0.152992 ret_end=-27.956 dbar_end=0.796 occ_end=0.192 CSR_train=0.000 done_count=125
[upd 100] u=0 upd_ctr=2 opt_step=32 E=0.810 g=0.089 VarTD=0.172754 ret_end=-27.906 dbar_end=0.770 occ_end=0.192 CSR_train=0.000 done_count=125
[upd 110] u=0 upd_ctr=2 opt_step=32 E=0.991 g=0.096 VarTD=0.158704 ret_end=-27.810 dbar_end=0.745 occ_end=0.176 CSR_train=0.000 done_count=125
[upd 120] u=0 upd_ctr=3 opt_step=48 E=0.166 g=0.107 VarTD=0.149857 ret_end=-26.556 dbar_end=0.711 occ_end=0.192 CSR_train=0.000 done_count=125
[upd 130] u=0 upd_ctr=3 opt_step=48 E=0.354 g=0.094 VarTD=0.168575 ret_end=-28.037 dbar_end=0.754 occ_end=0.230 CSR_train=0.000 done_count=100
[upd 140] u=0 upd_ctr=3 opt_step=48 E=0.541 g=0.088 VarTD=0.141382 ret_end=-27.309 dbar_end=0.774 occ_end=0.088 CSR_train=0.000 done_count=125
[upd 150] u=0 upd_ctr=3 opt_step=48 E=0.731 g=0.087 VarTD=0.159985 ret_end=-27.122 dbar_end=0.778 occ_end=0.144 CSR_train=0.000 done_count=125
[upd 160] u=0 upd_ctr=3 opt_step=48 E=0.922 g=0.094 VarTD=0.156916 ret_end=-27.729 dbar_end=0.752 occ_end=0.200 CSR_train=0.000 done_count=125
[upd 170] u=0 upd_ctr=4 opt_step=64 E=0.096 g=0.099 VarTD=0.157952 ret_end=-27.030 dbar_end=0.736 occ_end=0.184 CSR_train=0.000 done_count=125
[upd 180] u=0 upd_ctr=4 opt_step=64 E=0.290 g=0.085 VarTD=0.136342 ret_end=-27.376 dbar_end=0.784 occ_end=0.128 CSR_train=0.000 done_count=125
[upd 190] u=0 upd_ctr=4 opt_step=64 E=0.483 g=0.098 VarTD=0.170172 ret_end=-27.571 dbar_end=0.740 occ_end=0.176 CSR_train=0.000 done_count=125
[upd 200] u=0 upd_ctr=4 opt_step=64 E=0.678 g=0.093 VarTD=0.152509 ret_end=-27.330 dbar_end=0.756 occ_end=0.232 CSR_train=0.008 done_count=125
[upd 210] u=0 upd_ctr=4 opt_step=64 E=0.863 g=0.099 VarTD=0.156134 ret_end=-27.232 dbar_end=0.735 occ_end=0.104 CSR_train=0.000 done_count=125
[upd 220] u=0 upd_ctr=5 opt_step=80 E=0.038 g=0.092 VarTD=0.142486 ret_end=-27.273 dbar_end=0.761 occ_end=0.192 CSR_train=0.000 done_count=125
[upd 230] u=0 upd_ctr=5 opt_step=80 E=0.239 g=0.108 VarTD=0.142451 ret_end=-26.843 dbar_end=0.709 occ_end=0.232 CSR_train=0.000 done_count=125
[upd 240] u=0 upd_ctr=5 opt_step=80 E=0.441 g=0.097 VarTD=0.150159 ret_end=-26.902 dbar_end=0.744 occ_end=0.144 CSR_train=0.000 done_count=125
[upd 250] u=0 upd_ctr=5 opt_step=80 E=0.638 g=0.104 VarTD=0.150627 ret_end=-26.284 dbar_end=0.720 occ_end=0.128 CSR_train=0.000 done_count=125
[upd 260] u=0 upd_ctr=5 opt_step=80 E=0.837 g=0.099 VarTD=0.140670 ret_end=-27.012 dbar_end=0.737 occ_end=0.180 CSR_train=0.000 done_count=100
[upd 270] u=1 upd_ctr=6 opt_step=96 E=0.020 g=0.101 VarTD=0.149827 ret_end=-26.738 dbar_end=0.730 occ_end=0.152 CSR_train=0.000 done_count=125
[upd 280] u=0 upd_ctr=6 opt_step=96 E=0.233 g=0.095 VarTD=0.147945 ret_end=-27.753 dbar_end=0.749 occ_end=0.192 CSR_train=0.000 done_count=125
[upd 290] u=0 upd_ctr=6 opt_step=96 E=0.433 g=0.106 VarTD=0.133006 ret_end=-26.365 dbar_end=0.716 occ_end=0.104 CSR_train=0.000 done_count=125
[upd 300] u=0 upd_ctr=6 opt_step=96 E=0.638 g=0.097 VarTD=0.155789 ret_end=-27.636 dbar_end=0.743 occ_end=0.144 CSR_train=0.000 done_count=125
[upd 310] u=0 upd_ctr=6 opt_step=96 E=0.845 g=0.102 VarTD=0.155239 ret_end=-27.046 dbar_end=0.728 occ_end=0.168 CSR_train=0.000 done_count=125
[Gate5 check] update_counter violations: t0=0 diffs=0
[Gate5 check] opt_step violations: t0=0 diffs=0 (expected_inc=16)
[Gate5 check] NaN masking: nan_on_skip=True finite_on_update=True
[Gate5 summary] mean_update_fraction=0.0192 final_executed_updates_mean=6.00
[Gate5 eval] done_count mean=100.0 CSR mean=0.0000 len_end_mean=26.00
[Gate5 eval] episodes_per_env=4 T_eval=104
[Gate5 eval-debug] locked_eps_occ=0.20 pre(step25): dbar_end=0.567116 occupied_end_mean=0.240000 max_tilde_end_mean=0.812978 CSR@locked=0.000000
[Gate5 eval-debug] locked_eps_occ=0.20 post(step26): dbar_end=0.567120 occupied_end_mean=0.260000 max_tilde_end_mean=0.818896 CSR@locked=0.000000
[Gate5 eval-debug] CSR_pre@0.10=0.0000 CSR_pre@0.15=0.0000 CSR_pre@0.20=0.0000 CSR_pre@0.25=0.0000 CSR_pre@0.30=0.0100
[Gate5 eval-debug] CSR_post@0.10=0.0000 CSR_post@0.15=0.0000 CSR_post@0.20=0.0000 CSR_post@0.25=0.0000 CSR_post@0.30=0.0300
