Importing submoduled environments...
Submoduled environments not found. Skipping import.
[upd 0] u=1 upd_ctr=1 opt_step=16 E=0.277 g=0.096 VarTD=0.198978 ret_end=-28.258 dbar_end=0.747 occ_end=0.170 CSR_train=0.000 done_count=100
[upd 10] u=0 upd_ctr=2 opt_step=32 E=0.209 g=0.090 VarTD=0.168279 ret_end=-27.451 dbar_end=0.767 occ_end=0.096 CSR_train=0.000 done_count=125
[upd 20] u=0 upd_ctr=3 opt_step=48 E=0.143 g=0.090 VarTD=0.173393 ret_end=-27.496 dbar_end=0.769 occ_end=0.096 CSR_train=0.000 done_count=125
[upd 30] u=1 upd_ctr=4 opt_step=64 E=0.143 g=0.092 VarTD=0.158750 ret_end=-27.397 dbar_end=0.760 occ_end=0.160 CSR_train=0.000 done_count=125
[upd 40] u=0 upd_ctr=5 opt_step=80 E=0.192 g=0.112 VarTD=0.136433 ret_end=-26.492 dbar_end=0.696 occ_end=0.144 CSR_train=0.000 done_count=125
[upd 50] u=0 upd_ctr=6 opt_step=96 E=0.287 g=0.132 VarTD=0.143531 ret_end=-26.051 dbar_end=0.646 occ_end=0.248 CSR_train=0.000 done_count=125
[upd 60] u=0 upd_ctr=7 opt_step=112 E=0.408 g=0.111 VarTD=0.143698 ret_end=-25.794 dbar_end=0.699 occ_end=0.128 CSR_train=0.000 done_count=125
[upd 70] u=0 upd_ctr=8 opt_step=128 E=0.573 g=0.143 VarTD=0.148364 ret_end=-24.744 dbar_end=0.619 occ_end=0.208 CSR_train=0.000 done_count=125
[upd 80] u=0 upd_ctr=9 opt_step=144 E=0.734 g=0.130 VarTD=0.171838 ret_end=-25.277 dbar_end=0.650 occ_end=0.232 CSR_train=0.000 done_count=125
[upd 90] u=1 upd_ctr=11 opt_step=176 E=0.103 g=0.108 VarTD=0.186831 ret_end=-27.176 dbar_end=0.709 occ_end=0.152 CSR_train=0.000 done_count=125
[upd 100] u=0 upd_ctr=12 opt_step=192 E=0.349 g=0.126 VarTD=0.187590 ret_end=-25.735 dbar_end=0.661 occ_end=0.216 CSR_train=0.000 done_count=125
[upd 110] u=0 upd_ctr=13 opt_step=208 E=0.606 g=0.125 VarTD=0.211763 ret_end=-26.148 dbar_end=0.662 occ_end=0.192 CSR_train=0.000 done_count=125
[upd 120] u=1 upd_ctr=15 opt_step=240 E=0.134 g=0.147 VarTD=0.220808 ret_end=-24.874 dbar_end=0.610 occ_end=0.232 CSR_train=0.000 done_count=125
[Gate5 check] update_counter violations: t0=0 diffs=0
[Gate5 check] opt_step violations: t0=0 diffs=0 (expected_inc=16)
[Gate5 check] NaN masking: nan_on_skip=True finite_on_update=True
[Gate5 summary] mean_update_fraction=0.1200 final_executed_updates_mean=15.00
[Gate5 eval] done_count mean=100.0 CSR mean=0.0000 len_end_mean=26.00
[Gate5 eval] episodes_per_env=4 T_eval=104
[Gate5 eval-debug] locked_eps_occ=0.20 pre(step25): dbar_end=0.499392 occupied_end_mean=0.300000 max_tilde_end_mean=0.722731 CSR@locked=0.000000
[Gate5 eval-debug] locked_eps_occ=0.20 post(step26): dbar_end=0.496985 occupied_end_mean=0.310000 max_tilde_end_mean=0.720908 CSR@locked=0.000000
[Gate5 eval-debug] CSR_pre@0.10=0.0000 CSR_pre@0.15=0.0000 CSR_pre@0.20=0.0000 CSR_pre@0.25=0.0000 CSR_pre@0.30=0.0100
[Gate5 eval-debug] CSR_post@0.10=0.0000 CSR_post@0.15=0.0000 CSR_post@0.20=0.0000 CSR_post@0.25=0.0000 CSR_post@0.30=0.0200
