Importing submoduled environments...
Submoduled environments not found. Skipping import.
[upd 0] u=1 upd_ctr=1 opt_step=16 E=0.032 g=0.079 VarTD=0.177244 ret_end=-28.332 dbar_end=0.807 occ_end=0.140 CSR_train=0.000 done_count=100
[upd 10] u=0 upd_ctr=1 opt_step=16 E=0.405 g=0.093 VarTD=0.147298 ret_end=-27.080 dbar_end=0.756 occ_end=0.144 CSR_train=0.000 done_count=125
[upd 20] u=0 upd_ctr=1 opt_step=16 E=0.788 g=0.086 VarTD=0.160310 ret_end=-28.011 dbar_end=0.781 occ_end=0.160 CSR_train=0.000 done_count=125
[upd 30] u=0 upd_ctr=2 opt_step=32 E=0.161 g=0.103 VarTD=0.175345 ret_end=-27.198 dbar_end=0.724 occ_end=0.208 CSR_train=0.000 done_count=125
[upd 40] u=0 upd_ctr=2 opt_step=32 E=0.563 g=0.094 VarTD=0.152148 ret_end=-27.605 dbar_end=0.752 occ_end=0.152 CSR_train=0.000 done_count=125
[upd 50] u=0 upd_ctr=2 opt_step=32 E=0.962 g=0.098 VarTD=0.141379 ret_end=-26.891 dbar_end=0.741 occ_end=0.168 CSR_train=0.000 done_count=125
[upd 60] u=0 upd_ctr=3 opt_step=48 E=0.386 g=0.107 VarTD=0.143333 ret_end=-26.489 dbar_end=0.711 occ_end=0.184 CSR_train=0.000 done_count=125
[upd 70] u=0 upd_ctr=3 opt_step=48 E=0.820 g=0.104 VarTD=0.170689 ret_end=-27.644 dbar_end=0.720 occ_end=0.096 CSR_train=0.000 done_count=125
[upd 80] u=0 upd_ctr=4 opt_step=64 E=0.261 g=0.111 VarTD=0.167306 ret_end=-26.753 dbar_end=0.699 occ_end=0.192 CSR_train=0.000 done_count=125
[upd 90] u=0 upd_ctr=4 opt_step=64 E=0.699 g=0.110 VarTD=0.147890 ret_end=-25.779 dbar_end=0.704 occ_end=0.192 CSR_train=0.000 done_count=125
[upd 100] u=0 upd_ctr=5 opt_step=80 E=0.143 g=0.118 VarTD=0.148672 ret_end=-26.005 dbar_end=0.682 occ_end=0.168 CSR_train=0.000 done_count=125
[upd 110] u=0 upd_ctr=5 opt_step=80 E=0.589 g=0.106 VarTD=0.146575 ret_end=-27.169 dbar_end=0.716 occ_end=0.224 CSR_train=0.000 done_count=125
[upd 120] u=1 upd_ctr=6 opt_step=96 E=0.049 g=0.121 VarTD=0.157222 ret_end=-26.686 dbar_end=0.672 occ_end=0.136 CSR_train=0.000 done_count=125
[upd 130] u=0 upd_ctr=6 opt_step=96 E=0.505 g=0.112 VarTD=0.135441 ret_end=-26.757 dbar_end=0.697 occ_end=0.220 CSR_train=0.010 done_count=100
[upd 140] u=0 upd_ctr=6 opt_step=96 E=0.990 g=0.126 VarTD=0.136849 ret_end=-26.153 dbar_end=0.660 occ_end=0.224 CSR_train=0.008 done_count=125
[upd 150] u=0 upd_ctr=7 opt_step=112 E=0.451 g=0.132 VarTD=0.153247 ret_end=-26.118 dbar_end=0.645 occ_end=0.240 CSR_train=0.000 done_count=125
[upd 160] u=0 upd_ctr=7 opt_step=112 E=0.953 g=0.121 VarTD=0.136102 ret_end=-25.017 dbar_end=0.674 occ_end=0.208 CSR_train=0.000 done_count=125
[upd 170] u=0 upd_ctr=8 opt_step=128 E=0.467 g=0.127 VarTD=0.119272 ret_end=-25.539 dbar_end=0.656 occ_end=0.160 CSR_train=0.000 done_count=125
[upd 180] u=0 upd_ctr=8 opt_step=128 E=0.990 g=0.136 VarTD=0.123776 ret_end=-24.421 dbar_end=0.636 occ_end=0.304 CSR_train=0.008 done_count=125
[upd 190] u=0 upd_ctr=9 opt_step=144 E=0.503 g=0.145 VarTD=0.124587 ret_end=-24.541 dbar_end=0.614 occ_end=0.200 CSR_train=0.000 done_count=125
[upd 200] u=1 upd_ctr=10 opt_step=160 E=0.058 g=0.144 VarTD=0.119864 ret_end=-24.423 dbar_end=0.616 occ_end=0.200 CSR_train=0.000 done_count=125
[upd 210] u=0 upd_ctr=10 opt_step=160 E=0.617 g=0.141 VarTD=0.161368 ret_end=-25.259 dbar_end=0.623 occ_end=0.264 CSR_train=0.000 done_count=125
[upd 220] u=0 upd_ctr=11 opt_step=176 E=0.168 g=0.141 VarTD=0.166854 ret_end=-25.275 dbar_end=0.624 occ_end=0.232 CSR_train=0.000 done_count=125
[upd 230] u=0 upd_ctr=11 opt_step=176 E=0.781 g=0.155 VarTD=0.165317 ret_end=-24.885 dbar_end=0.593 occ_end=0.280 CSR_train=0.000 done_count=125
[upd 240] u=0 upd_ctr=12 opt_step=192 E=0.370 g=0.141 VarTD=0.179289 ret_end=-25.467 dbar_end=0.623 occ_end=0.224 CSR_train=0.000 done_count=125
[upd 250] u=0 upd_ctr=12 opt_step=192 E=0.947 g=0.139 VarTD=0.166975 ret_end=-25.086 dbar_end=0.629 occ_end=0.168 CSR_train=0.000 done_count=125
[upd 260] u=0 upd_ctr=13 opt_step=208 E=0.534 g=0.142 VarTD=0.207842 ret_end=-25.356 dbar_end=0.621 occ_end=0.150 CSR_train=0.000 done_count=100
[upd 270] u=0 upd_ctr=14 opt_step=224 E=0.127 g=0.165 VarTD=0.216730 ret_end=-23.716 dbar_end=0.574 occ_end=0.296 CSR_train=0.000 done_count=125
[upd 280] u=0 upd_ctr=14 opt_step=224 E=0.737 g=0.154 VarTD=0.226727 ret_end=-24.107 dbar_end=0.597 occ_end=0.240 CSR_train=0.000 done_count=125
[upd 290] u=0 upd_ctr=15 opt_step=240 E=0.326 g=0.170 VarTD=0.291054 ret_end=-23.559 dbar_end=0.565 occ_end=0.312 CSR_train=0.000 done_count=125
[upd 300] u=0 upd_ctr=15 opt_step=240 E=0.932 g=0.149 VarTD=0.276553 ret_end=-24.698 dbar_end=0.607 occ_end=0.240 CSR_train=0.000 done_count=125
[upd 310] u=0 upd_ctr=16 opt_step=256 E=0.516 g=0.156 VarTD=0.331987 ret_end=-24.610 dbar_end=0.593 occ_end=0.296 CSR_train=0.000 done_count=125
[Gate5 check] update_counter violations: t0=0 diffs=0
[Gate5 check] opt_step violations: t0=0 diffs=0 (expected_inc=16)
[Gate5 check] NaN masking: nan_on_skip=True finite_on_update=True
[Gate5 summary] mean_update_fraction=0.0513 final_executed_updates_mean=16.00
[Gate5 eval] done_count mean=100.0 CSR mean=0.0100 len_end_mean=26.00
[Gate5 eval] episodes_per_env=4 T_eval=104
[Gate5 eval-debug] locked_eps_occ=0.20 pre(step25): dbar_end=0.481849 occupied_end_mean=0.310000 max_tilde_end_mean=0.682869 CSR@locked=0.000000
[Gate5 eval-debug] locked_eps_occ=0.20 post(step26): dbar_end=0.478481 occupied_end_mean=0.420000 max_tilde_end_mean=0.671011 CSR@locked=0.010000
[Gate5 eval-debug] CSR_pre@0.10=0.0000 CSR_pre@0.15=0.0000 CSR_pre@0.20=0.0000 CSR_pre@0.25=0.0400 CSR_pre@0.30=0.0700
[Gate5 eval-debug] CSR_post@0.10=0.0000 CSR_post@0.15=0.0000 CSR_post@0.20=0.0100 CSR_post@0.25=0.0300 CSR_post@0.30=0.0700
