Importing submoduled environments...
Submoduled environments not found. Skipping import.
[upd 0] u=1 upd_ctr=1 opt_step=16 E=0.460 g=0.094 VarTD=0.156314 ret_end=-27.700 dbar_end=0.751 occ_end=0.180 CSR_train=0.010 done_count=100
[upd 10] u=0 upd_ctr=1 opt_step=16 E=0.460 g=0.106 VarTD=0.133782 ret_end=-25.939 dbar_end=0.713 occ_end=0.168 CSR_train=0.000 done_count=125
[upd 20] u=0 upd_ctr=1 opt_step=16 E=0.460 g=0.101 VarTD=0.146338 ret_end=-26.754 dbar_end=0.732 occ_end=0.200 CSR_train=0.000 done_count=125
[upd 30] u=0 upd_ctr=1 opt_step=16 E=0.460 g=0.095 VarTD=0.156251 ret_end=-27.758 dbar_end=0.748 occ_end=0.152 CSR_train=0.000 done_count=125
[upd 40] u=0 upd_ctr=1 opt_step=16 E=0.460 g=0.086 VarTD=0.142918 ret_end=-27.805 dbar_end=0.782 occ_end=0.160 CSR_train=0.000 done_count=125
[upd 50] u=0 upd_ctr=1 opt_step=16 E=0.460 g=0.103 VarTD=0.146957 ret_end=-26.957 dbar_end=0.725 occ_end=0.176 CSR_train=0.000 done_count=125
[upd 60] u=0 upd_ctr=1 opt_step=16 E=0.460 g=0.101 VarTD=0.142322 ret_end=-26.037 dbar_end=0.730 occ_end=0.184 CSR_train=0.000 done_count=125
[upd 70] u=0 upd_ctr=1 opt_step=16 E=0.460 g=0.102 VarTD=0.127338 ret_end=-26.144 dbar_end=0.728 occ_end=0.120 CSR_train=0.000 done_count=125
[upd 80] u=0 upd_ctr=1 opt_step=16 E=0.460 g=0.095 VarTD=0.154413 ret_end=-27.982 dbar_end=0.749 occ_end=0.136 CSR_train=0.000 done_count=125
[upd 90] u=0 upd_ctr=1 opt_step=16 E=0.460 g=0.090 VarTD=0.131521 ret_end=-26.924 dbar_end=0.767 occ_end=0.160 CSR_train=0.000 done_count=125
[upd 100] u=0 upd_ctr=1 opt_step=16 E=0.460 g=0.103 VarTD=0.132052 ret_end=-26.840 dbar_end=0.725 occ_end=0.160 CSR_train=0.000 done_count=125
[upd 110] u=0 upd_ctr=1 opt_step=16 E=0.460 g=0.106 VarTD=0.121637 ret_end=-25.763 dbar_end=0.714 occ_end=0.168 CSR_train=0.000 done_count=125
[upd 120] u=0 upd_ctr=1 opt_step=16 E=0.460 g=0.098 VarTD=0.145578 ret_end=-26.817 dbar_end=0.741 occ_end=0.120 CSR_train=0.000 done_count=125
[upd 130] u=0 upd_ctr=1 opt_step=16 E=0.460 g=0.098 VarTD=0.145633 ret_end=-27.027 dbar_end=0.741 occ_end=0.180 CSR_train=0.000 done_count=100
[upd 140] u=0 upd_ctr=1 opt_step=16 E=0.460 g=0.093 VarTD=0.193535 ret_end=-28.002 dbar_end=0.756 occ_end=0.168 CSR_train=0.000 done_count=125
[upd 150] u=0 upd_ctr=1 opt_step=16 E=0.460 g=0.092 VarTD=0.155199 ret_end=-27.274 dbar_end=0.761 occ_end=0.152 CSR_train=0.000 done_count=125
[upd 160] u=0 upd_ctr=1 opt_step=16 E=0.460 g=0.098 VarTD=0.141179 ret_end=-26.566 dbar_end=0.739 occ_end=0.192 CSR_train=0.000 done_count=125
[upd 170] u=0 upd_ctr=1 opt_step=16 E=0.460 g=0.095 VarTD=0.137914 ret_end=-27.482 dbar_end=0.750 occ_end=0.152 CSR_train=0.000 done_count=125
[upd 180] u=0 upd_ctr=1 opt_step=16 E=0.460 g=0.084 VarTD=0.166331 ret_end=-28.990 dbar_end=0.788 occ_end=0.104 CSR_train=0.000 done_count=125
[upd 190] u=0 upd_ctr=1 opt_step=16 E=0.460 g=0.099 VarTD=0.149883 ret_end=-27.400 dbar_end=0.735 occ_end=0.168 CSR_train=0.000 done_count=125
[upd 200] u=0 upd_ctr=1 opt_step=16 E=0.460 g=0.089 VarTD=0.182372 ret_end=-28.083 dbar_end=0.772 occ_end=0.160 CSR_train=0.000 done_count=125
[upd 210] u=0 upd_ctr=1 opt_step=16 E=0.460 g=0.097 VarTD=0.154875 ret_end=-27.238 dbar_end=0.743 occ_end=0.152 CSR_train=0.000 done_count=125
[upd 220] u=0 upd_ctr=1 opt_step=16 E=0.460 g=0.091 VarTD=0.143052 ret_end=-27.220 dbar_end=0.764 occ_end=0.152 CSR_train=0.000 done_count=125
[upd 230] u=0 upd_ctr=1 opt_step=16 E=0.460 g=0.100 VarTD=0.162685 ret_end=-26.819 dbar_end=0.733 occ_end=0.136 CSR_train=0.000 done_count=125
[upd 240] u=0 upd_ctr=1 opt_step=16 E=0.460 g=0.102 VarTD=0.123991 ret_end=-27.131 dbar_end=0.728 occ_end=0.128 CSR_train=0.000 done_count=125
[upd 250] u=0 upd_ctr=1 opt_step=16 E=0.460 g=0.091 VarTD=0.148093 ret_end=-27.330 dbar_end=0.763 occ_end=0.096 CSR_train=0.000 done_count=125
[upd 260] u=0 upd_ctr=1 opt_step=16 E=0.460 g=0.106 VarTD=0.173325 ret_end=-26.622 dbar_end=0.715 occ_end=0.200 CSR_train=0.000 done_count=100
[upd 270] u=0 upd_ctr=1 opt_step=16 E=0.460 g=0.094 VarTD=0.176838 ret_end=-26.992 dbar_end=0.752 occ_end=0.184 CSR_train=0.000 done_count=125
[upd 280] u=0 upd_ctr=1 opt_step=16 E=0.460 g=0.089 VarTD=0.153725 ret_end=-27.482 dbar_end=0.772 occ_end=0.160 CSR_train=0.000 done_count=125
[upd 290] u=0 upd_ctr=1 opt_step=16 E=0.460 g=0.101 VarTD=0.151685 ret_end=-26.774 dbar_end=0.730 occ_end=0.200 CSR_train=0.000 done_count=125
[upd 300] u=0 upd_ctr=1 opt_step=16 E=0.460 g=0.094 VarTD=0.128113 ret_end=-27.914 dbar_end=0.754 occ_end=0.168 CSR_train=0.000 done_count=125
[upd 310] u=0 upd_ctr=1 opt_step=16 E=0.460 g=0.096 VarTD=0.143891 ret_end=-26.452 dbar_end=0.745 occ_end=0.160 CSR_train=0.000 done_count=125
[Gate5 check] update_counter violations: t0=0 diffs=0
[Gate5 check] opt_step violations: t0=0 diffs=0 (expected_inc=16)
[Gate5 check] NaN masking: nan_on_skip=True finite_on_update=True
[Gate5 summary] mean_update_fraction=0.0032 final_executed_updates_mean=1.00
[Gate5 eval] done_count mean=100.0 CSR mean=0.0000 len_end_mean=26.00
[Gate5 eval] episodes_per_env=4 T_eval=104
[Gate5 eval-debug] locked_eps_occ=0.20 pre(step25): dbar_end=0.684183 occupied_end_mean=0.210000 max_tilde_end_mean=0.972684 CSR@locked=0.000000
[Gate5 eval-debug] locked_eps_occ=0.20 post(step26): dbar_end=0.691945 occupied_end_mean=0.160000 max_tilde_end_mean=0.978683 CSR@locked=0.000000
[Gate5 eval-debug] CSR_pre@0.10=0.0000 CSR_pre@0.15=0.0000 CSR_pre@0.20=0.0000 CSR_pre@0.25=0.0000 CSR_pre@0.30=0.0100
[Gate5 eval-debug] CSR_post@0.10=0.0000 CSR_post@0.15=0.0000 CSR_post@0.20=0.0000 CSR_post@0.25=0.0000 CSR_post@0.30=0.0200
