Importing submoduled environments...
Submoduled environments not found. Skipping import.
[upd 0] u=1 upd_ctr=1 opt_step=16 E=0.091 g=0.083 VarTD=0.159821 ret_end=-27.605 dbar_end=0.794 occ_end=0.110 CSR_train=0.000 done_count=100
[upd 10] u=0 upd_ctr=1 opt_step=16 E=0.539 g=0.089 VarTD=0.166459 ret_end=-27.505 dbar_end=0.772 occ_end=0.192 CSR_train=0.000 done_count=125
[upd 20] u=0 upd_ctr=1 opt_step=16 E=0.987 g=0.091 VarTD=0.173849 ret_end=-27.263 dbar_end=0.763 occ_end=0.144 CSR_train=0.000 done_count=125
[upd 30] u=0 upd_ctr=2 opt_step=32 E=0.508 g=0.105 VarTD=0.159356 ret_end=-26.454 dbar_end=0.717 occ_end=0.184 CSR_train=0.008 done_count=125
[upd 40] u=0 upd_ctr=2 opt_step=32 E=0.973 g=0.098 VarTD=0.148024 ret_end=-27.313 dbar_end=0.740 occ_end=0.176 CSR_train=0.008 done_count=125
[upd 50] u=0 upd_ctr=3 opt_step=48 E=0.527 g=0.093 VarTD=0.157298 ret_end=-27.904 dbar_end=0.758 occ_end=0.168 CSR_train=0.000 done_count=125
[upd 60] u=1 upd_ctr=4 opt_step=64 E=0.065 g=0.092 VarTD=0.153655 ret_end=-27.518 dbar_end=0.759 occ_end=0.176 CSR_train=0.000 done_count=125
[upd 70] u=0 upd_ctr=4 opt_step=64 E=0.562 g=0.103 VarTD=0.149560 ret_end=-26.714 dbar_end=0.725 occ_end=0.120 CSR_train=0.000 done_count=125
[upd 80] u=0 upd_ctr=5 opt_step=80 E=0.119 g=0.098 VarTD=0.149067 ret_end=-27.105 dbar_end=0.739 occ_end=0.176 CSR_train=0.000 done_count=125
[upd 90] u=0 upd_ctr=5 opt_step=80 E=0.630 g=0.116 VarTD=0.162868 ret_end=-26.532 dbar_end=0.685 occ_end=0.216 CSR_train=0.000 done_count=125
[upd 100] u=0 upd_ctr=6 opt_step=96 E=0.188 g=0.092 VarTD=0.169594 ret_end=-28.387 dbar_end=0.761 occ_end=0.152 CSR_train=0.000 done_count=125
[upd 110] u=0 upd_ctr=6 opt_step=96 E=0.705 g=0.105 VarTD=0.175917 ret_end=-26.113 dbar_end=0.718 occ_end=0.144 CSR_train=0.000 done_count=125
[upd 120] u=0 upd_ctr=7 opt_step=112 E=0.280 g=0.108 VarTD=0.132262 ret_end=-26.129 dbar_end=0.709 occ_end=0.168 CSR_train=0.000 done_count=125
[upd 130] u=0 upd_ctr=7 opt_step=112 E=0.825 g=0.107 VarTD=0.171160 ret_end=-26.746 dbar_end=0.711 occ_end=0.150 CSR_train=0.000 done_count=100
[upd 140] u=0 upd_ctr=8 opt_step=128 E=0.441 g=0.125 VarTD=0.155230 ret_end=-26.223 dbar_end=0.663 occ_end=0.216 CSR_train=0.008 done_count=125
[upd 150] u=0 upd_ctr=8 opt_step=128 E=1.000 g=0.115 VarTD=0.160067 ret_end=-26.745 dbar_end=0.689 occ_end=0.216 CSR_train=0.000 done_count=125
[upd 160] u=0 upd_ctr=9 opt_step=144 E=0.643 g=0.119 VarTD=0.174900 ret_end=-26.021 dbar_end=0.678 occ_end=0.168 CSR_train=0.000 done_count=125
[upd 170] u=0 upd_ctr=10 opt_step=160 E=0.295 g=0.117 VarTD=0.173998 ret_end=-26.031 dbar_end=0.684 occ_end=0.240 CSR_train=0.000 done_count=125
[upd 180] u=0 upd_ctr=10 opt_step=160 E=0.900 g=0.114 VarTD=0.182710 ret_end=-26.486 dbar_end=0.692 occ_end=0.184 CSR_train=0.000 done_count=125
[upd 190] u=0 upd_ctr=11 opt_step=176 E=0.580 g=0.124 VarTD=0.201870 ret_end=-26.447 dbar_end=0.665 occ_end=0.160 CSR_train=0.000 done_count=125
[upd 200] u=0 upd_ctr=12 opt_step=192 E=0.238 g=0.117 VarTD=0.206965 ret_end=-25.652 dbar_end=0.682 occ_end=0.168 CSR_train=0.000 done_count=125
[upd 210] u=0 upd_ctr=12 opt_step=192 E=0.884 g=0.127 VarTD=0.191121 ret_end=-26.511 dbar_end=0.657 occ_end=0.192 CSR_train=0.000 done_count=125
[upd 220] u=0 upd_ctr=13 opt_step=208 E=0.597 g=0.132 VarTD=0.216494 ret_end=-25.356 dbar_end=0.646 occ_end=0.152 CSR_train=0.000 done_count=125
[upd 230] u=0 upd_ctr=14 opt_step=224 E=0.315 g=0.140 VarTD=0.272390 ret_end=-26.497 dbar_end=0.626 occ_end=0.280 CSR_train=0.000 done_count=125
[upd 240] u=0 upd_ctr=14 opt_step=224 E=0.986 g=0.125 VarTD=0.240763 ret_end=-25.624 dbar_end=0.663 occ_end=0.200 CSR_train=0.000 done_count=125
[upd 250] u=0 upd_ctr=15 opt_step=240 E=0.722 g=0.131 VarTD=0.293378 ret_end=-26.097 dbar_end=0.648 occ_end=0.208 CSR_train=0.000 done_count=125
[upd 260] u=0 upd_ctr=16 opt_step=256 E=0.472 g=0.150 VarTD=0.277564 ret_end=-24.160 dbar_end=0.605 occ_end=0.240 CSR_train=0.000 done_count=100
[upd 270] u=0 upd_ctr=17 opt_step=272 E=0.258 g=0.145 VarTD=0.361813 ret_end=-24.337 dbar_end=0.615 occ_end=0.224 CSR_train=0.000 done_count=125
[upd 280] u=0 upd_ctr=17 opt_step=272 E=0.981 g=0.156 VarTD=0.378146 ret_end=-24.514 dbar_end=0.592 occ_end=0.240 CSR_train=0.000 done_count=125
[upd 290] u=0 upd_ctr=18 opt_step=288 E=0.746 g=0.141 VarTD=0.457653 ret_end=-25.415 dbar_end=0.625 occ_end=0.248 CSR_train=0.000 done_count=125
[upd 300] u=0 upd_ctr=19 opt_step=304 E=0.525 g=0.140 VarTD=0.525022 ret_end=-25.178 dbar_end=0.627 occ_end=0.216 CSR_train=0.000 done_count=125
[upd 310] u=0 upd_ctr=20 opt_step=320 E=0.328 g=0.144 VarTD=0.584167 ret_end=-24.194 dbar_end=0.617 occ_end=0.200 CSR_train=0.000 done_count=125
[Gate5 check] update_counter violations: t0=0 diffs=0
[Gate5 check] opt_step violations: t0=0 diffs=0 (expected_inc=16)
[Gate5 check] NaN masking: nan_on_skip=True finite_on_update=True
[Gate5 summary] mean_update_fraction=0.0641 final_executed_updates_mean=20.00
[Gate5 eval] done_count mean=100.0 CSR mean=0.0100 len_end_mean=26.00
[Gate5 eval] episodes_per_env=4 T_eval=104
[Gate5 eval-debug] locked_eps_occ=0.20 pre(step25): dbar_end=0.481876 occupied_end_mean=0.400000 max_tilde_end_mean=0.659061 CSR@locked=0.000000
[Gate5 eval-debug] locked_eps_occ=0.20 post(step26): dbar_end=0.480389 occupied_end_mean=0.430000 max_tilde_end_mean=0.648616 CSR@locked=0.010000
[Gate5 eval-debug] CSR_pre@0.10=0.0000 CSR_pre@0.15=0.0000 CSR_pre@0.20=0.0000 CSR_pre@0.25=0.0100 CSR_pre@0.30=0.0200
[Gate5 eval-debug] CSR_post@0.10=0.0000 CSR_post@0.15=0.0000 CSR_post@0.20=0.0100 CSR_post@0.25=0.0200 CSR_post@0.30=0.0300
