Importing submoduled environments...
Submoduled environments not found. Skipping import.
[upd 0] u=1 upd_ctr=1 opt_step=16 E=0.116 g=0.082 VarTD=0.214117 ret_end=-27.772 dbar_end=0.796 occ_end=0.070 CSR_train=0.000 done_count=100
[upd 10] u=0 upd_ctr=1 opt_step=16 E=0.302 g=0.092 VarTD=0.178600 ret_end=-26.630 dbar_end=0.760 occ_end=0.136 CSR_train=0.000 done_count=125
[upd 20] u=0 upd_ctr=1 opt_step=16 E=0.487 g=0.101 VarTD=0.148776 ret_end=-27.566 dbar_end=0.732 occ_end=0.128 CSR_train=0.000 done_count=125
[upd 30] u=0 upd_ctr=1 opt_step=16 E=0.674 g=0.089 VarTD=0.174229 ret_end=-27.524 dbar_end=0.772 occ_end=0.184 CSR_train=0.000 done_count=125
[upd 40] u=0 upd_ctr=1 opt_step=16 E=0.857 g=0.088 VarTD=0.152312 ret_end=-27.046 dbar_end=0.773 occ_end=0.144 CSR_train=0.000 done_count=125
[upd 50] u=0 upd_ctr=2 opt_step=32 E=0.154 g=0.095 VarTD=0.146118 ret_end=-27.226 dbar_end=0.750 occ_end=0.152 CSR_train=0.000 done_count=125
[upd 60] u=0 upd_ctr=2 opt_step=32 E=0.343 g=0.095 VarTD=0.166180 ret_end=-27.733 dbar_end=0.751 occ_end=0.152 CSR_train=0.000 done_count=125
[upd 70] u=0 upd_ctr=2 opt_step=32 E=0.537 g=0.098 VarTD=0.160851 ret_end=-26.576 dbar_end=0.740 occ_end=0.144 CSR_train=0.000 done_count=125
[upd 80] u=0 upd_ctr=2 opt_step=32 E=0.737 g=0.093 VarTD=0.136742 ret_end=-28.515 dbar_end=0.756 occ_end=0.160 CSR_train=0.000 done_count=125
[upd 90] u=0 upd_ctr=3 opt_step=48 E=0.039 g=0.095 VarTD=0.138369 ret_end=-27.412 dbar_end=0.751 occ_end=0.184 CSR_train=0.000 done_count=125
[upd 100] u=0 upd_ctr=3 opt_step=48 E=0.241 g=0.107 VarTD=0.140546 ret_end=-26.155 dbar_end=0.712 occ_end=0.216 CSR_train=0.000 done_count=125
[upd 110] u=0 upd_ctr=3 opt_step=48 E=0.442 g=0.107 VarTD=0.139221 ret_end=-26.687 dbar_end=0.712 occ_end=0.224 CSR_train=0.000 done_count=125
[upd 120] u=0 upd_ctr=3 opt_step=48 E=0.644 g=0.094 VarTD=0.171457 ret_end=-27.264 dbar_end=0.754 occ_end=0.160 CSR_train=0.000 done_count=125
[upd 130] u=0 upd_ctr=3 opt_step=48 E=0.848 g=0.100 VarTD=0.159225 ret_end=-26.335 dbar_end=0.735 occ_end=0.210 CSR_train=0.000 done_count=100
[upd 140] u=0 upd_ctr=4 opt_step=64 E=0.157 g=0.100 VarTD=0.178881 ret_end=-26.921 dbar_end=0.734 occ_end=0.168 CSR_train=0.000 done_count=125
[upd 150] u=0 upd_ctr=4 opt_step=64 E=0.365 g=0.108 VarTD=0.176714 ret_end=-26.248 dbar_end=0.709 occ_end=0.176 CSR_train=0.000 done_count=125
[upd 160] u=0 upd_ctr=4 opt_step=64 E=0.573 g=0.111 VarTD=0.175073 ret_end=-26.431 dbar_end=0.700 occ_end=0.184 CSR_train=0.000 done_count=125
[upd 170] u=0 upd_ctr=4 opt_step=64 E=0.780 g=0.109 VarTD=0.144832 ret_end=-26.073 dbar_end=0.706 occ_end=0.168 CSR_train=0.000 done_count=125
[upd 180] u=0 upd_ctr=5 opt_step=80 E=0.100 g=0.122 VarTD=0.137950 ret_end=-25.193 dbar_end=0.671 occ_end=0.160 CSR_train=0.000 done_count=125
[upd 190] u=0 upd_ctr=5 opt_step=80 E=0.332 g=0.129 VarTD=0.132265 ret_end=-25.664 dbar_end=0.652 occ_end=0.256 CSR_train=0.008 done_count=125
[upd 200] u=0 upd_ctr=5 opt_step=80 E=0.546 g=0.115 VarTD=0.164448 ret_end=-26.040 dbar_end=0.688 occ_end=0.184 CSR_train=0.000 done_count=125
[upd 210] u=0 upd_ctr=5 opt_step=80 E=0.765 g=0.095 VarTD=0.164021 ret_end=-27.511 dbar_end=0.750 occ_end=0.144 CSR_train=0.000 done_count=125
[upd 220] u=0 upd_ctr=6 opt_step=96 E=0.085 g=0.117 VarTD=0.188965 ret_end=-25.623 dbar_end=0.683 occ_end=0.168 CSR_train=0.000 done_count=125
[upd 230] u=0 upd_ctr=6 opt_step=96 E=0.306 g=0.106 VarTD=0.156591 ret_end=-26.601 dbar_end=0.714 occ_end=0.192 CSR_train=0.000 done_count=125
[upd 240] u=0 upd_ctr=6 opt_step=96 E=0.531 g=0.117 VarTD=0.160834 ret_end=-26.266 dbar_end=0.683 occ_end=0.168 CSR_train=0.000 done_count=125
[upd 250] u=0 upd_ctr=6 opt_step=96 E=0.747 g=0.107 VarTD=0.167550 ret_end=-25.756 dbar_end=0.712 occ_end=0.160 CSR_train=0.000 done_count=125
[upd 260] u=0 upd_ctr=7 opt_step=112 E=0.067 g=0.110 VarTD=0.160154 ret_end=-26.142 dbar_end=0.704 occ_end=0.180 CSR_train=0.000 done_count=100
[upd 270] u=0 upd_ctr=7 opt_step=112 E=0.302 g=0.111 VarTD=0.175155 ret_end=-26.915 dbar_end=0.699 occ_end=0.192 CSR_train=0.000 done_count=125
[upd 280] u=0 upd_ctr=7 opt_step=112 E=0.523 g=0.127 VarTD=0.163645 ret_end=-24.773 dbar_end=0.657 occ_end=0.184 CSR_train=0.000 done_count=125
[upd 290] u=0 upd_ctr=7 opt_step=112 E=0.751 g=0.106 VarTD=0.157492 ret_end=-26.972 dbar_end=0.714 occ_end=0.176 CSR_train=0.008 done_count=125
[upd 300] u=0 upd_ctr=8 opt_step=128 E=0.076 g=0.129 VarTD=0.209865 ret_end=-25.748 dbar_end=0.653 occ_end=0.224 CSR_train=0.000 done_count=125
[upd 310] u=0 upd_ctr=8 opt_step=128 E=0.303 g=0.110 VarTD=0.172020 ret_end=-26.430 dbar_end=0.702 occ_end=0.200 CSR_train=0.000 done_count=125
[Gate5 check] update_counter violations: t0=0 diffs=0
[Gate5 check] opt_step violations: t0=0 diffs=0 (expected_inc=16)
[Gate5 check] NaN masking: nan_on_skip=True finite_on_update=True
[Gate5 summary] mean_update_fraction=0.0256 final_executed_updates_mean=8.00
[Gate5 eval] done_count mean=100.0 CSR mean=0.0000 len_end_mean=26.00
[Gate5 eval] episodes_per_env=4 T_eval=104
[Gate5 eval-debug] locked_eps_occ=0.20 pre(step25): dbar_end=0.473301 occupied_end_mean=0.440000 max_tilde_end_mean=0.700018 CSR@locked=0.000000
[Gate5 eval-debug] locked_eps_occ=0.20 post(step26): dbar_end=0.470160 occupied_end_mean=0.480000 max_tilde_end_mean=0.692808 CSR@locked=0.000000
[Gate5 eval-debug] CSR_pre@0.10=0.0000 CSR_pre@0.15=0.0000 CSR_pre@0.20=0.0000 CSR_pre@0.25=0.0200 CSR_pre@0.30=0.0400
[Gate5 eval-debug] CSR_post@0.10=0.0000 CSR_post@0.15=0.0000 CSR_post@0.20=0.0000 CSR_post@0.25=0.0300 CSR_post@0.30=0.0700
