Importing submoduled environments...
Submoduled environments not found. Skipping import.
[upd 0] u=1 upd_ctr=1 opt_step=16 E=0.074 g=0.083 VarTD=0.176951 ret_end=-28.473 dbar_end=0.794 occ_end=0.140 CSR_train=0.000 done_count=100
[upd 10] u=0 upd_ctr=1 opt_step=16 E=0.928 g=0.089 VarTD=0.152994 ret_end=-28.611 dbar_end=0.772 occ_end=0.104 CSR_train=0.000 done_count=125
[upd 20] u=0 upd_ctr=2 opt_step=32 E=0.785 g=0.095 VarTD=0.156688 ret_end=-27.605 dbar_end=0.750 occ_end=0.184 CSR_train=0.000 done_count=125
[upd 30] u=0 upd_ctr=3 opt_step=48 E=0.657 g=0.098 VarTD=0.142422 ret_end=-27.015 dbar_end=0.739 occ_end=0.144 CSR_train=0.000 done_count=125
[upd 40] u=0 upd_ctr=4 opt_step=64 E=0.558 g=0.108 VarTD=0.157261 ret_end=-26.598 dbar_end=0.710 occ_end=0.240 CSR_train=0.000 done_count=125
[upd 50] u=0 upd_ctr=5 opt_step=80 E=0.511 g=0.108 VarTD=0.160392 ret_end=-26.334 dbar_end=0.709 occ_end=0.176 CSR_train=0.000 done_count=125
[upd 60] u=0 upd_ctr=6 opt_step=96 E=0.525 g=0.120 VarTD=0.120983 ret_end=-25.800 dbar_end=0.675 occ_end=0.144 CSR_train=0.000 done_count=125
[upd 70] u=0 upd_ctr=7 opt_step=112 E=0.534 g=0.117 VarTD=0.157098 ret_end=-25.876 dbar_end=0.682 occ_end=0.200 CSR_train=0.000 done_count=125
[upd 80] u=0 upd_ctr=8 opt_step=128 E=0.556 g=0.126 VarTD=0.143170 ret_end=-26.140 dbar_end=0.660 occ_end=0.232 CSR_train=0.000 done_count=125
[upd 90] u=0 upd_ctr=9 opt_step=144 E=0.565 g=0.122 VarTD=0.133280 ret_end=-26.137 dbar_end=0.670 occ_end=0.184 CSR_train=0.000 done_count=125
[upd 100] u=0 upd_ctr=10 opt_step=160 E=0.667 g=0.128 VarTD=0.170461 ret_end=-25.921 dbar_end=0.655 occ_end=0.152 CSR_train=0.000 done_count=125
[upd 110] u=0 upd_ctr=11 opt_step=176 E=0.835 g=0.136 VarTD=0.165334 ret_end=-24.857 dbar_end=0.635 occ_end=0.168 CSR_train=0.000 done_count=125
[upd 120] u=0 upd_ctr=12 opt_step=192 E=0.884 g=0.122 VarTD=0.160280 ret_end=-24.984 dbar_end=0.669 occ_end=0.200 CSR_train=0.000 done_count=125
[Gate5 check] update_counter violations: t0=0 diffs=0
[Gate5 check] opt_step violations: t0=0 diffs=0 (expected_inc=16)
[Gate5 check] NaN masking: nan_on_skip=True finite_on_update=True
[Gate5 summary] mean_update_fraction=0.1040 final_executed_updates_mean=13.00
[Gate5 eval] done_count mean=100.0 CSR mean=0.0000 len_end_mean=26.00
[Gate5 eval] episodes_per_env=4 T_eval=104
[Gate5 eval-debug] locked_eps_occ=0.20 pre(step25): dbar_end=0.553333 occupied_end_mean=0.350000 max_tilde_end_mean=0.796025 CSR@locked=0.000000
[Gate5 eval-debug] locked_eps_occ=0.20 post(step26): dbar_end=0.550619 occupied_end_mean=0.330000 max_tilde_end_mean=0.804239 CSR@locked=0.000000
[Gate5 eval-debug] CSR_pre@0.10=0.0000 CSR_pre@0.15=0.0000 CSR_pre@0.20=0.0000 CSR_pre@0.25=0.0000 CSR_pre@0.30=0.0200
[Gate5 eval-debug] CSR_post@0.10=0.0000 CSR_post@0.15=0.0000 CSR_post@0.20=0.0000 CSR_post@0.25=0.0000 CSR_post@0.30=0.0000
