Importing submoduled environments...
Submoduled environments not found. Skipping import.
[upd 0] u=1 upd_ctr=1 opt_step=16 E=0.128 g=0.093 VarTD=0.145852 ret_end=-27.154 dbar_end=0.757 occ_end=0.170 CSR_train=0.000 done_count=100
[upd 10] u=0 upd_ctr=1 opt_step=16 E=0.405 g=0.084 VarTD=0.153180 ret_end=-27.639 dbar_end=0.787 occ_end=0.144 CSR_train=0.008 done_count=125
[upd 20] u=0 upd_ctr=1 opt_step=16 E=0.688 g=0.095 VarTD=0.155754 ret_end=-27.101 dbar_end=0.751 occ_end=0.208 CSR_train=0.000 done_count=125
[upd 30] u=0 upd_ctr=2 opt_step=32 E=0.058 g=0.089 VarTD=0.148562 ret_end=-27.305 dbar_end=0.772 occ_end=0.128 CSR_train=0.000 done_count=125
[upd 40] u=0 upd_ctr=2 opt_step=32 E=0.356 g=0.089 VarTD=0.155102 ret_end=-27.611 dbar_end=0.770 occ_end=0.104 CSR_train=0.000 done_count=125
[upd 50] u=0 upd_ctr=2 opt_step=32 E=0.646 g=0.101 VarTD=0.164751 ret_end=-27.120 dbar_end=0.729 occ_end=0.184 CSR_train=0.000 done_count=125
[upd 60] u=1 upd_ctr=3 opt_step=48 E=0.041 g=0.099 VarTD=0.157865 ret_end=-26.519 dbar_end=0.737 occ_end=0.192 CSR_train=0.000 done_count=125
[upd 70] u=0 upd_ctr=3 opt_step=48 E=0.341 g=0.099 VarTD=0.163180 ret_end=-27.595 dbar_end=0.738 occ_end=0.200 CSR_train=0.000 done_count=125
[upd 80] u=0 upd_ctr=3 opt_step=48 E=0.634 g=0.093 VarTD=0.149437 ret_end=-27.300 dbar_end=0.757 occ_end=0.128 CSR_train=0.000 done_count=125
[upd 90] u=0 upd_ctr=3 opt_step=48 E=0.924 g=0.099 VarTD=0.139675 ret_end=-27.262 dbar_end=0.735 occ_end=0.152 CSR_train=0.000 done_count=125
[upd 100] u=0 upd_ctr=4 opt_step=64 E=0.329 g=0.114 VarTD=0.128290 ret_end=-26.076 dbar_end=0.691 occ_end=0.144 CSR_train=0.000 done_count=125
[upd 110] u=0 upd_ctr=4 opt_step=64 E=0.629 g=0.099 VarTD=0.164913 ret_end=-26.447 dbar_end=0.735 occ_end=0.192 CSR_train=0.000 done_count=125
[upd 120] u=0 upd_ctr=4 opt_step=64 E=0.924 g=0.092 VarTD=0.148225 ret_end=-27.097 dbar_end=0.761 occ_end=0.120 CSR_train=0.000 done_count=125
[upd 130] u=0 upd_ctr=5 opt_step=80 E=0.364 g=0.125 VarTD=0.149590 ret_end=-25.389 dbar_end=0.663 occ_end=0.270 CSR_train=0.000 done_count=100
[upd 140] u=0 upd_ctr=5 opt_step=80 E=0.690 g=0.113 VarTD=0.136221 ret_end=-26.115 dbar_end=0.694 occ_end=0.224 CSR_train=0.000 done_count=125
[upd 150] u=0 upd_ctr=6 opt_step=96 E=0.122 g=0.127 VarTD=0.145962 ret_end=-25.707 dbar_end=0.657 occ_end=0.160 CSR_train=0.000 done_count=125
[upd 160] u=0 upd_ctr=6 opt_step=96 E=0.457 g=0.119 VarTD=0.147289 ret_end=-25.588 dbar_end=0.677 occ_end=0.248 CSR_train=0.000 done_count=125
[upd 170] u=0 upd_ctr=6 opt_step=96 E=0.802 g=0.120 VarTD=0.138550 ret_end=-25.382 dbar_end=0.674 occ_end=0.184 CSR_train=0.000 done_count=125
[upd 180] u=0 upd_ctr=7 opt_step=112 E=0.247 g=0.117 VarTD=0.140869 ret_end=-26.113 dbar_end=0.684 occ_end=0.176 CSR_train=0.000 done_count=125
[upd 190] u=0 upd_ctr=7 opt_step=112 E=0.594 g=0.123 VarTD=0.167573 ret_end=-25.668 dbar_end=0.667 occ_end=0.208 CSR_train=0.000 done_count=125
[upd 200] u=0 upd_ctr=7 opt_step=112 E=0.932 g=0.109 VarTD=0.129099 ret_end=-27.055 dbar_end=0.706 occ_end=0.176 CSR_train=0.000 done_count=125
[upd 210] u=0 upd_ctr=8 opt_step=128 E=0.396 g=0.114 VarTD=0.159249 ret_end=-26.846 dbar_end=0.692 occ_end=0.216 CSR_train=0.000 done_count=125
[upd 220] u=0 upd_ctr=8 opt_step=128 E=0.757 g=0.123 VarTD=0.163237 ret_end=-26.383 dbar_end=0.666 occ_end=0.224 CSR_train=0.000 done_count=125
[upd 230] u=0 upd_ctr=9 opt_step=144 E=0.208 g=0.124 VarTD=0.167944 ret_end=-26.217 dbar_end=0.666 occ_end=0.224 CSR_train=0.008 done_count=125
[upd 240] u=0 upd_ctr=9 opt_step=144 E=0.563 g=0.111 VarTD=0.160353 ret_end=-27.324 dbar_end=0.701 occ_end=0.192 CSR_train=0.000 done_count=125
[upd 250] u=0 upd_ctr=9 opt_step=144 E=0.915 g=0.118 VarTD=0.153852 ret_end=-26.717 dbar_end=0.680 occ_end=0.208 CSR_train=0.000 done_count=125
[upd 260] u=0 upd_ctr=10 opt_step=160 E=0.382 g=0.111 VarTD=0.176660 ret_end=-27.006 dbar_end=0.700 occ_end=0.120 CSR_train=0.000 done_count=100
[upd 270] u=0 upd_ctr=10 opt_step=160 E=0.748 g=0.119 VarTD=0.172571 ret_end=-26.628 dbar_end=0.679 occ_end=0.168 CSR_train=0.000 done_count=125
[upd 280] u=0 upd_ctr=11 opt_step=176 E=0.233 g=0.146 VarTD=0.168812 ret_end=-24.786 dbar_end=0.612 occ_end=0.272 CSR_train=0.000 done_count=125
[upd 290] u=0 upd_ctr=11 opt_step=176 E=0.613 g=0.129 VarTD=0.167008 ret_end=-25.392 dbar_end=0.653 occ_end=0.184 CSR_train=0.000 done_count=125
[upd 300] u=0 upd_ctr=12 opt_step=192 E=0.108 g=0.138 VarTD=0.197097 ret_end=-24.620 dbar_end=0.630 occ_end=0.280 CSR_train=0.000 done_count=125
[upd 310] u=0 upd_ctr=12 opt_step=192 E=0.498 g=0.128 VarTD=0.214013 ret_end=-25.430 dbar_end=0.655 occ_end=0.264 CSR_train=0.000 done_count=125
[Gate5 check] update_counter violations: t0=0 diffs=0
[Gate5 check] opt_step violations: t0=0 diffs=0 (expected_inc=16)
[Gate5 check] NaN masking: nan_on_skip=True finite_on_update=True
[Gate5 summary] mean_update_fraction=0.0385 final_executed_updates_mean=12.00
[Gate5 eval] done_count mean=100.0 CSR mean=0.0000 len_end_mean=26.00
[Gate5 eval] episodes_per_env=4 T_eval=104
[Gate5 eval-debug] locked_eps_occ=0.20 pre(step25): dbar_end=0.486097 occupied_end_mean=0.380000 max_tilde_end_mean=0.697463 CSR@locked=0.000000
[Gate5 eval-debug] locked_eps_occ=0.20 post(step26): dbar_end=0.490406 occupied_end_mean=0.360000 max_tilde_end_mean=0.691908 CSR@locked=0.000000
[Gate5 eval-debug] CSR_pre@0.10=0.0000 CSR_pre@0.15=0.0000 CSR_pre@0.20=0.0000 CSR_pre@0.25=0.0100 CSR_pre@0.30=0.0200
[Gate5 eval-debug] CSR_post@0.10=0.0000 CSR_post@0.15=0.0000 CSR_post@0.20=0.0000 CSR_post@0.25=0.0100 CSR_post@0.30=0.0200
