Importing submoduled environments...
Submoduled environments not found. Skipping import.
[upd 0] u=1 upd_ctr=1 opt_step=16 E=0.181 g=0.090 VarTD=0.142063 ret_end=-26.625 dbar_end=0.768 occ_end=0.090 CSR_train=0.000 done_count=100
[upd 10] u=1 upd_ctr=2 opt_step=32 E=0.141 g=0.103 VarTD=0.114452 ret_end=-26.589 dbar_end=0.723 occ_end=0.104 CSR_train=0.000 done_count=125
[upd 20] u=1 upd_ctr=3 opt_step=48 E=0.103 g=0.097 VarTD=0.163333 ret_end=-27.024 dbar_end=0.742 occ_end=0.112 CSR_train=0.000 done_count=125
[upd 30] u=1 upd_ctr=4 opt_step=64 E=0.113 g=0.094 VarTD=0.159052 ret_end=-28.162 dbar_end=0.752 occ_end=0.176 CSR_train=0.000 done_count=125
[upd 40] u=1 upd_ctr=5 opt_step=80 E=0.138 g=0.098 VarTD=0.139162 ret_end=-26.739 dbar_end=0.738 occ_end=0.200 CSR_train=0.000 done_count=125
[upd 50] u=0 upd_ctr=6 opt_step=96 E=0.216 g=0.105 VarTD=0.139747 ret_end=-26.466 dbar_end=0.719 occ_end=0.168 CSR_train=0.000 done_count=125
[upd 60] u=0 upd_ctr=7 opt_step=112 E=0.281 g=0.105 VarTD=0.139569 ret_end=-26.087 dbar_end=0.719 occ_end=0.176 CSR_train=0.000 done_count=125
[upd 70] u=0 upd_ctr=8 opt_step=128 E=0.368 g=0.113 VarTD=0.124272 ret_end=-25.456 dbar_end=0.695 occ_end=0.200 CSR_train=0.000 done_count=125
[upd 80] u=0 upd_ctr=9 opt_step=144 E=0.531 g=0.121 VarTD=0.176754 ret_end=-26.081 dbar_end=0.673 occ_end=0.264 CSR_train=0.000 done_count=125
[upd 90] u=0 upd_ctr=10 opt_step=160 E=0.697 g=0.122 VarTD=0.150220 ret_end=-26.356 dbar_end=0.670 occ_end=0.208 CSR_train=0.000 done_count=125
[upd 100] u=0 upd_ctr=11 opt_step=176 E=0.897 g=0.122 VarTD=0.160040 ret_end=-26.112 dbar_end=0.671 occ_end=0.152 CSR_train=0.000 done_count=125
[upd 110] u=1 upd_ctr=13 opt_step=208 E=0.199 g=0.121 VarTD=0.209047 ret_end=-26.826 dbar_end=0.673 occ_end=0.184 CSR_train=0.000 done_count=125
[upd 120] u=0 upd_ctr=14 opt_step=224 E=0.452 g=0.127 VarTD=0.247710 ret_end=-25.358 dbar_end=0.657 occ_end=0.256 CSR_train=0.000 done_count=125
[upd 130] u=0 upd_ctr=15 opt_step=240 E=0.792 g=0.136 VarTD=0.249943 ret_end=-25.169 dbar_end=0.636 occ_end=0.210 CSR_train=0.000 done_count=100
[upd 140] u=1 upd_ctr=17 opt_step=272 E=0.208 g=0.136 VarTD=0.337924 ret_end=-24.417 dbar_end=0.636 occ_end=0.168 CSR_train=0.000 done_count=125
[upd 150] u=0 upd_ctr=18 opt_step=288 E=0.602 g=0.144 VarTD=0.472644 ret_end=-24.547 dbar_end=0.618 occ_end=0.168 CSR_train=0.000 done_count=125
[upd 160] u=1 upd_ctr=20 opt_step=320 E=0.163 g=0.161 VarTD=0.561335 ret_end=-24.568 dbar_end=0.581 occ_end=0.312 CSR_train=0.000 done_count=125
[upd 170] u=0 upd_ctr=21 opt_step=336 E=0.667 g=0.156 VarTD=0.755728 ret_end=-24.263 dbar_end=0.592 occ_end=0.232 CSR_train=0.000 done_count=125
[upd 180] u=1 upd_ctr=23 opt_step=368 E=0.234 g=0.149 VarTD=0.799846 ret_end=-24.542 dbar_end=0.606 occ_end=0.248 CSR_train=0.000 done_count=125
[upd 190] u=0 upd_ctr=24 opt_step=384 E=0.807 g=0.165 VarTD=1.054606 ret_end=-24.292 dbar_end=0.575 occ_end=0.280 CSR_train=0.000 done_count=125
[upd 200] u=0 upd_ctr=26 opt_step=416 E=0.488 g=0.171 VarTD=1.361803 ret_end=-23.458 dbar_end=0.563 occ_end=0.320 CSR_train=0.000 done_count=125
[upd 210] u=1 upd_ctr=28 opt_step=448 E=0.213 g=0.162 VarTD=1.437851 ret_end=-25.452 dbar_end=0.579 occ_end=0.264 CSR_train=0.000 done_count=125
[upd 220] u=0 upd_ctr=29 opt_step=464 E=0.780 g=0.170 VarTD=1.755486 ret_end=-24.499 dbar_end=0.565 occ_end=0.264 CSR_train=0.000 done_count=125
[upd 230] u=0 upd_ctr=31 opt_step=496 E=0.474 g=0.175 VarTD=2.087281 ret_end=-22.927 dbar_end=0.556 occ_end=0.312 CSR_train=0.000 done_count=125
[upd 240] u=1 upd_ctr=33 opt_step=528 E=0.168 g=0.166 VarTD=2.240514 ret_end=-23.417 dbar_end=0.571 occ_end=0.296 CSR_train=0.000 done_count=125
[upd 250] u=0 upd_ctr=34 opt_step=544 E=0.754 g=0.165 VarTD=2.569023 ret_end=-24.175 dbar_end=0.574 occ_end=0.248 CSR_train=0.008 done_count=125
[upd 260] u=0 upd_ctr=36 opt_step=576 E=0.457 g=0.166 VarTD=2.346254 ret_end=-24.244 dbar_end=0.573 occ_end=0.240 CSR_train=0.000 done_count=100
[upd 270] u=0 upd_ctr=37 opt_step=592 E=1.000 g=0.169 VarTD=2.988707 ret_end=-23.404 dbar_end=0.566 occ_end=0.232 CSR_train=0.000 done_count=125
[upd 280] u=0 upd_ctr=39 opt_step=624 E=0.676 g=0.171 VarTD=3.392481 ret_end=-23.266 dbar_end=0.562 occ_end=0.312 CSR_train=0.000 done_count=125
[upd 290] u=0 upd_ctr=41 opt_step=656 E=0.370 g=0.162 VarTD=3.721905 ret_end=-23.449 dbar_end=0.580 occ_end=0.256 CSR_train=0.000 done_count=125
[upd 300] u=0 upd_ctr=42 opt_step=672 E=0.939 g=0.171 VarTD=3.919137 ret_end=-23.613 dbar_end=0.563 occ_end=0.216 CSR_train=0.000 done_count=125
[upd 310] u=0 upd_ctr=44 opt_step=704 E=0.638 g=0.159 VarTD=4.190377 ret_end=-24.455 dbar_end=0.586 occ_end=0.208 CSR_train=0.000 done_count=125
[Gate5 check] update_counter violations: t0=0 diffs=0
[Gate5 check] opt_step violations: t0=0 diffs=0 (expected_inc=16)
[Gate5 check] NaN masking: nan_on_skip=True finite_on_update=True
[Gate5 summary] mean_update_fraction=0.1410 final_executed_updates_mean=44.00
[Gate5 eval] done_count mean=100.0 CSR mean=0.0000 len_end_mean=26.00
[Gate5 eval] episodes_per_env=4 T_eval=104
[Gate5 eval-debug] locked_eps_occ=0.20 pre(step25): dbar_end=0.484663 occupied_end_mean=0.440000 max_tilde_end_mean=0.708672 CSR@locked=0.010000
[Gate5 eval-debug] locked_eps_occ=0.20 post(step26): dbar_end=0.488742 occupied_end_mean=0.410000 max_tilde_end_mean=0.709616 CSR@locked=0.000000
[Gate5 eval-debug] CSR_pre@0.10=0.0000 CSR_pre@0.15=0.0000 CSR_pre@0.20=0.0100 CSR_pre@0.25=0.0300 CSR_pre@0.30=0.0500
[Gate5 eval-debug] CSR_post@0.10=0.0000 CSR_post@0.15=0.0000 CSR_post@0.20=0.0000 CSR_post@0.25=0.0300 CSR_post@0.30=0.0500
