Importing submoduled environments...
Submoduled environments not found. Skipping import.
[upd 0] u=1 upd_ctr=1 opt_step=16 E=0.125 g=0.084 VarTD=0.159484 ret_end=-27.958 dbar_end=0.788 occ_end=0.180 CSR_train=0.000 done_count=100
[upd 10] u=0 upd_ctr=1 opt_step=16 E=0.404 g=0.095 VarTD=0.154696 ret_end=-26.642 dbar_end=0.751 occ_end=0.136 CSR_train=0.000 done_count=125
[upd 20] u=0 upd_ctr=1 opt_step=16 E=0.678 g=0.095 VarTD=0.129269 ret_end=-26.530 dbar_end=0.751 occ_end=0.184 CSR_train=0.000 done_count=125
[upd 30] u=1 upd_ctr=2 opt_step=32 E=0.051 g=0.093 VarTD=0.169387 ret_end=-27.196 dbar_end=0.756 occ_end=0.152 CSR_train=0.000 done_count=125
[upd 40] u=0 upd_ctr=2 opt_step=32 E=0.340 g=0.102 VarTD=0.149694 ret_end=-27.188 dbar_end=0.728 occ_end=0.256 CSR_train=0.000 done_count=125
[upd 50] u=0 upd_ctr=2 opt_step=32 E=0.649 g=0.101 VarTD=0.135723 ret_end=-27.017 dbar_end=0.731 occ_end=0.120 CSR_train=0.000 done_count=125
[upd 60] u=1 upd_ctr=3 opt_step=48 E=0.043 g=0.094 VarTD=0.147975 ret_end=-27.651 dbar_end=0.753 occ_end=0.136 CSR_train=0.000 done_count=125
[upd 70] u=0 upd_ctr=3 opt_step=48 E=0.347 g=0.099 VarTD=0.164487 ret_end=-27.272 dbar_end=0.738 occ_end=0.136 CSR_train=0.000 done_count=125
[upd 80] u=0 upd_ctr=3 opt_step=48 E=0.661 g=0.108 VarTD=0.131585 ret_end=-26.004 dbar_end=0.707 occ_end=0.144 CSR_train=0.000 done_count=125
[upd 90] u=0 upd_ctr=4 opt_step=64 E=0.079 g=0.117 VarTD=0.134848 ret_end=-26.280 dbar_end=0.683 occ_end=0.192 CSR_train=0.000 done_count=125
[upd 100] u=0 upd_ctr=4 opt_step=64 E=0.416 g=0.124 VarTD=0.122297 ret_end=-25.215 dbar_end=0.665 occ_end=0.240 CSR_train=0.000 done_count=125
[upd 110] u=0 upd_ctr=4 opt_step=64 E=0.749 g=0.120 VarTD=0.137807 ret_end=-25.675 dbar_end=0.675 occ_end=0.184 CSR_train=0.000 done_count=125
[upd 120] u=0 upd_ctr=5 opt_step=80 E=0.178 g=0.119 VarTD=0.134151 ret_end=-25.640 dbar_end=0.679 occ_end=0.152 CSR_train=0.000 done_count=125
[upd 130] u=0 upd_ctr=5 opt_step=80 E=0.529 g=0.122 VarTD=0.130172 ret_end=-26.040 dbar_end=0.671 occ_end=0.220 CSR_train=0.000 done_count=100
[upd 140] u=0 upd_ctr=5 opt_step=80 E=0.871 g=0.120 VarTD=0.139277 ret_end=-25.742 dbar_end=0.675 occ_end=0.168 CSR_train=0.000 done_count=125
[upd 150] u=0 upd_ctr=6 opt_step=96 E=0.322 g=0.117 VarTD=0.146635 ret_end=-26.278 dbar_end=0.682 occ_end=0.192 CSR_train=0.000 done_count=125
[upd 160] u=0 upd_ctr=6 opt_step=96 E=0.698 g=0.121 VarTD=0.123613 ret_end=-24.362 dbar_end=0.674 occ_end=0.216 CSR_train=0.000 done_count=125
[upd 170] u=0 upd_ctr=7 opt_step=112 E=0.143 g=0.107 VarTD=0.151273 ret_end=-26.831 dbar_end=0.713 occ_end=0.208 CSR_train=0.000 done_count=125
[upd 180] u=0 upd_ctr=7 opt_step=112 E=0.494 g=0.124 VarTD=0.152651 ret_end=-25.305 dbar_end=0.665 occ_end=0.208 CSR_train=0.000 done_count=125
[upd 190] u=0 upd_ctr=7 opt_step=112 E=0.846 g=0.109 VarTD=0.153024 ret_end=-26.866 dbar_end=0.705 occ_end=0.208 CSR_train=0.000 done_count=125
[upd 200] u=0 upd_ctr=8 opt_step=128 E=0.315 g=0.135 VarTD=0.147993 ret_end=-24.316 dbar_end=0.639 occ_end=0.216 CSR_train=0.000 done_count=125
[upd 210] u=0 upd_ctr=8 opt_step=128 E=0.682 g=0.127 VarTD=0.151282 ret_end=-25.375 dbar_end=0.656 occ_end=0.208 CSR_train=0.000 done_count=125
[upd 220] u=0 upd_ctr=9 opt_step=144 E=0.156 g=0.143 VarTD=0.134020 ret_end=-24.523 dbar_end=0.618 occ_end=0.192 CSR_train=0.000 done_count=125
[upd 230] u=0 upd_ctr=9 opt_step=144 E=0.530 g=0.108 VarTD=0.180722 ret_end=-26.810 dbar_end=0.709 occ_end=0.160 CSR_train=0.000 done_count=125
[upd 240] u=0 upd_ctr=9 opt_step=144 E=0.911 g=0.137 VarTD=0.149857 ret_end=-25.056 dbar_end=0.632 occ_end=0.304 CSR_train=0.000 done_count=125
[upd 250] u=0 upd_ctr=10 opt_step=160 E=0.378 g=0.122 VarTD=0.183666 ret_end=-25.903 dbar_end=0.671 occ_end=0.224 CSR_train=0.008 done_count=125
[upd 260] u=0 upd_ctr=10 opt_step=160 E=0.759 g=0.122 VarTD=0.165032 ret_end=-26.102 dbar_end=0.670 occ_end=0.190 CSR_train=0.000 done_count=100
[upd 270] u=0 upd_ctr=11 opt_step=176 E=0.248 g=0.135 VarTD=0.185196 ret_end=-25.060 dbar_end=0.637 occ_end=0.280 CSR_train=0.000 done_count=125
[upd 280] u=0 upd_ctr=11 opt_step=176 E=0.644 g=0.134 VarTD=0.189797 ret_end=-25.179 dbar_end=0.641 occ_end=0.272 CSR_train=0.000 done_count=125
[upd 290] u=0 upd_ctr=12 opt_step=192 E=0.150 g=0.131 VarTD=0.191595 ret_end=-25.646 dbar_end=0.648 occ_end=0.208 CSR_train=0.000 done_count=125
[upd 300] u=0 upd_ctr=12 opt_step=192 E=0.553 g=0.134 VarTD=0.202358 ret_end=-25.859 dbar_end=0.640 occ_end=0.216 CSR_train=0.000 done_count=125
[upd 310] u=1 upd_ctr=13 opt_step=208 E=0.063 g=0.135 VarTD=0.186332 ret_end=-25.514 dbar_end=0.638 occ_end=0.192 CSR_train=0.000 done_count=125
[Gate5 check] update_counter violations: t0=0 diffs=0
[Gate5 check] opt_step violations: t0=0 diffs=0 (expected_inc=16)
[Gate5 check] NaN masking: nan_on_skip=True finite_on_update=True
[Gate5 summary] mean_update_fraction=0.0417 final_executed_updates_mean=13.00
[Gate5 eval] done_count mean=100.0 CSR mean=0.0000 len_end_mean=26.00
[Gate5 eval] episodes_per_env=4 T_eval=104
[Gate5 eval-debug] locked_eps_occ=0.20 pre(step25): dbar_end=0.511015 occupied_end_mean=0.420000 max_tilde_end_mean=0.731215 CSR@locked=0.000000
[Gate5 eval-debug] locked_eps_occ=0.20 post(step26): dbar_end=0.513023 occupied_end_mean=0.390000 max_tilde_end_mean=0.731338 CSR@locked=0.000000
[Gate5 eval-debug] CSR_pre@0.10=0.0000 CSR_pre@0.15=0.0000 CSR_pre@0.20=0.0000 CSR_pre@0.25=0.0000 CSR_pre@0.30=0.0200
[Gate5 eval-debug] CSR_post@0.10=0.0000 CSR_post@0.15=0.0000 CSR_post@0.20=0.0000 CSR_post@0.25=0.0000 CSR_post@0.30=0.0100
