Importing submoduled environments...
Submoduled environments not found. Skipping import.
[upd 0] u=1 upd_ctr=1 opt_step=16 E=0.140 g=0.090 VarTD=0.142063 ret_end=-26.625 dbar_end=0.768 occ_end=0.090 CSR_train=0.000 done_count=100
[upd 10] u=1 upd_ctr=2 opt_step=32 E=0.145 g=0.103 VarTD=0.114452 ret_end=-26.589 dbar_end=0.723 occ_end=0.104 CSR_train=0.000 done_count=125
[upd 20] u=1 upd_ctr=3 opt_step=48 E=0.147 g=0.097 VarTD=0.163333 ret_end=-27.024 dbar_end=0.742 occ_end=0.112 CSR_train=0.000 done_count=125
[upd 30] u=0 upd_ctr=4 opt_step=64 E=0.208 g=0.095 VarTD=0.151683 ret_end=-28.124 dbar_end=0.751 occ_end=0.168 CSR_train=0.000 done_count=125
[upd 40] u=0 upd_ctr=5 opt_step=80 E=0.252 g=0.097 VarTD=0.139341 ret_end=-26.864 dbar_end=0.742 occ_end=0.208 CSR_train=0.000 done_count=125
[upd 50] u=0 upd_ctr=6 opt_step=96 E=0.370 g=0.106 VarTD=0.143276 ret_end=-26.506 dbar_end=0.715 occ_end=0.184 CSR_train=0.000 done_count=125
[upd 60] u=0 upd_ctr=7 opt_step=112 E=0.478 g=0.105 VarTD=0.135212 ret_end=-26.164 dbar_end=0.719 occ_end=0.152 CSR_train=0.000 done_count=125
[upd 70] u=0 upd_ctr=8 opt_step=128 E=0.593 g=0.114 VarTD=0.120893 ret_end=-25.466 dbar_end=0.692 occ_end=0.208 CSR_train=0.000 done_count=125
[upd 80] u=0 upd_ctr=9 opt_step=144 E=0.744 g=0.115 VarTD=0.179306 ret_end=-26.351 dbar_end=0.689 occ_end=0.232 CSR_train=0.000 done_count=125
[upd 90] u=0 upd_ctr=10 opt_step=160 E=0.989 g=0.122 VarTD=0.157866 ret_end=-26.361 dbar_end=0.669 occ_end=0.288 CSR_train=0.000 done_count=125
[upd 100] u=0 upd_ctr=12 opt_step=192 E=0.297 g=0.123 VarTD=0.184109 ret_end=-26.071 dbar_end=0.667 occ_end=0.136 CSR_train=0.000 done_count=125
[upd 110] u=0 upd_ctr=13 opt_step=208 E=0.577 g=0.126 VarTD=0.237500 ret_end=-26.504 dbar_end=0.659 occ_end=0.208 CSR_train=0.000 done_count=125
[upd 120] u=0 upd_ctr=14 opt_step=224 E=0.986 g=0.134 VarTD=0.243047 ret_end=-25.148 dbar_end=0.639 occ_end=0.216 CSR_train=0.000 done_count=125
[upd 130] u=0 upd_ctr=16 opt_step=256 E=0.499 g=0.154 VarTD=0.285109 ret_end=-24.660 dbar_end=0.597 occ_end=0.290 CSR_train=0.000 done_count=100
[upd 140] u=0 upd_ctr=17 opt_step=272 E=0.919 g=0.148 VarTD=0.398272 ret_end=-23.884 dbar_end=0.609 occ_end=0.232 CSR_train=0.000 done_count=125
[upd 150] u=0 upd_ctr=19 opt_step=304 E=0.506 g=0.153 VarTD=0.546207 ret_end=-24.676 dbar_end=0.598 occ_end=0.112 CSR_train=0.000 done_count=125
[upd 160] u=1 upd_ctr=21 opt_step=336 E=0.214 g=0.164 VarTD=0.631642 ret_end=-24.526 dbar_end=0.576 occ_end=0.288 CSR_train=0.000 done_count=125
[upd 170] u=0 upd_ctr=22 opt_step=352 E=0.864 g=0.159 VarTD=0.838150 ret_end=-24.139 dbar_end=0.585 occ_end=0.224 CSR_train=0.000 done_count=125
[upd 180] u=0 upd_ctr=24 opt_step=384 E=0.533 g=0.157 VarTD=1.031757 ret_end=-24.434 dbar_end=0.590 occ_end=0.216 CSR_train=0.000 done_count=125
[upd 190] u=1 upd_ctr=26 opt_step=416 E=0.210 g=0.160 VarTD=1.185534 ret_end=-24.339 dbar_end=0.583 occ_end=0.176 CSR_train=0.000 done_count=125
[upd 200] u=0 upd_ctr=27 opt_step=432 E=0.884 g=0.165 VarTD=1.484342 ret_end=-23.480 dbar_end=0.573 occ_end=0.232 CSR_train=0.000 done_count=125
[upd 210] u=0 upd_ctr=29 opt_step=464 E=0.542 g=0.158 VarTD=1.759929 ret_end=-25.088 dbar_end=0.589 occ_end=0.304 CSR_train=0.000 done_count=125
[upd 220] u=0 upd_ctr=31 opt_step=496 E=0.349 g=0.176 VarTD=2.090751 ret_end=-24.234 dbar_end=0.553 occ_end=0.288 CSR_train=0.000 done_count=125
[upd 230] u=1 upd_ctr=33 opt_step=528 E=0.187 g=0.185 VarTD=2.278606 ret_end=-22.790 dbar_end=0.538 occ_end=0.312 CSR_train=0.000 done_count=125
[upd 240] u=0 upd_ctr=34 opt_step=544 E=0.916 g=0.176 VarTD=2.596476 ret_end=-23.189 dbar_end=0.553 occ_end=0.272 CSR_train=0.008 done_count=125
[upd 250] u=0 upd_ctr=36 opt_step=576 E=0.614 g=0.192 VarTD=2.987878 ret_end=-23.242 dbar_end=0.525 occ_end=0.280 CSR_train=0.008 done_count=125
[upd 260] u=0 upd_ctr=38 opt_step=608 E=0.388 g=0.178 VarTD=2.680947 ret_end=-23.725 dbar_end=0.550 occ_end=0.290 CSR_train=0.000 done_count=100
[upd 270] u=0 upd_ctr=39 opt_step=624 E=1.000 g=0.184 VarTD=3.437322 ret_end=-22.825 dbar_end=0.539 occ_end=0.376 CSR_train=0.008 done_count=125
[upd 280] u=0 upd_ctr=41 opt_step=656 E=0.743 g=0.176 VarTD=3.766575 ret_end=-23.243 dbar_end=0.552 occ_end=0.272 CSR_train=0.000 done_count=125
[upd 290] u=0 upd_ctr=43 opt_step=688 E=0.406 g=0.177 VarTD=4.105186 ret_end=-22.742 dbar_end=0.552 occ_end=0.240 CSR_train=0.000 done_count=125
[upd 300] u=0 upd_ctr=44 opt_step=704 E=1.000 g=0.186 VarTD=4.262850 ret_end=-23.341 dbar_end=0.536 occ_end=0.296 CSR_train=0.000 done_count=125
[upd 310] u=0 upd_ctr=46 opt_step=736 E=0.734 g=0.168 VarTD=4.519059 ret_end=-24.163 dbar_end=0.568 occ_end=0.272 CSR_train=0.000 done_count=125
[Gate5 check] update_counter violations: t0=0 diffs=0
[Gate5 check] opt_step violations: t0=0 diffs=0 (expected_inc=16)
[Gate5 check] NaN masking: nan_on_skip=True finite_on_update=True
[Gate5 summary] mean_update_fraction=0.1474 final_executed_updates_mean=46.00
[Gate5 eval] done_count mean=100.0 CSR mean=0.0000 len_end_mean=26.00
[Gate5 eval] episodes_per_env=4 T_eval=104
[Gate5 eval-debug] locked_eps_occ=0.20 pre(step25): dbar_end=0.492116 occupied_end_mean=0.440000 max_tilde_end_mean=0.714828 CSR@locked=0.000000
[Gate5 eval-debug] locked_eps_occ=0.20 post(step26): dbar_end=0.492833 occupied_end_mean=0.450000 max_tilde_end_mean=0.718104 CSR@locked=0.000000
[Gate5 eval-debug] CSR_pre@0.10=0.0000 CSR_pre@0.15=0.0000 CSR_pre@0.20=0.0000 CSR_pre@0.25=0.0100 CSR_pre@0.30=0.0300
[Gate5 eval-debug] CSR_post@0.10=0.0000 CSR_post@0.15=0.0000 CSR_post@0.20=0.0000 CSR_post@0.25=0.0100 CSR_post@0.30=0.0300
