Importing submoduled environments...
Submoduled environments not found. Skipping import.
[upd 0] u=1 upd_ctr=1 opt_step=16 E=0.269 g=0.086 VarTD=0.176520 ret_end=-28.138 dbar_end=0.781 occ_end=0.160 CSR_train=0.000 done_count=100
[upd 10] u=0 upd_ctr=2 opt_step=32 E=0.205 g=0.086 VarTD=0.142943 ret_end=-27.493 dbar_end=0.781 occ_end=0.152 CSR_train=0.000 done_count=125
[upd 20] u=0 upd_ctr=3 opt_step=48 E=0.211 g=0.120 VarTD=0.143676 ret_end=-26.701 dbar_end=0.676 occ_end=0.256 CSR_train=0.000 done_count=125
[upd 30] u=0 upd_ctr=4 opt_step=64 E=0.283 g=0.107 VarTD=0.134827 ret_end=-25.702 dbar_end=0.712 occ_end=0.168 CSR_train=0.000 done_count=125
[upd 40] u=0 upd_ctr=5 opt_step=80 E=0.359 g=0.114 VarTD=0.137142 ret_end=-25.962 dbar_end=0.692 occ_end=0.168 CSR_train=0.000 done_count=125
[upd 50] u=0 upd_ctr=6 opt_step=96 E=0.509 g=0.120 VarTD=0.138840 ret_end=-25.904 dbar_end=0.674 occ_end=0.208 CSR_train=0.000 done_count=125
[upd 60] u=0 upd_ctr=7 opt_step=112 E=0.639 g=0.115 VarTD=0.138428 ret_end=-25.843 dbar_end=0.688 occ_end=0.184 CSR_train=0.000 done_count=125
[upd 70] u=0 upd_ctr=8 opt_step=128 E=0.811 g=0.121 VarTD=0.145413 ret_end=-26.001 dbar_end=0.673 occ_end=0.176 CSR_train=0.000 done_count=125
[upd 80] u=0 upd_ctr=10 opt_step=160 E=0.281 g=0.153 VarTD=0.169825 ret_end=-24.324 dbar_end=0.598 occ_end=0.344 CSR_train=0.000 done_count=125
[upd 90] u=0 upd_ctr=11 opt_step=176 E=0.534 g=0.128 VarTD=0.180567 ret_end=-25.602 dbar_end=0.654 occ_end=0.184 CSR_train=0.000 done_count=125
[upd 100] u=1 upd_ctr=13 opt_step=208 E=0.106 g=0.131 VarTD=0.184282 ret_end=-25.262 dbar_end=0.646 occ_end=0.216 CSR_train=0.000 done_count=125
[upd 110] u=0 upd_ctr=14 opt_step=224 E=0.427 g=0.156 VarTD=0.225078 ret_end=-24.403 dbar_end=0.591 occ_end=0.288 CSR_train=0.000 done_count=125
[upd 120] u=0 upd_ctr=15 opt_step=240 E=0.779 g=0.143 VarTD=0.254570 ret_end=-25.169 dbar_end=0.620 occ_end=0.256 CSR_train=0.000 done_count=125
[Gate5 check] update_counter violations: t0=0 diffs=0
[Gate5 check] opt_step violations: t0=0 diffs=0 (expected_inc=16)
[Gate5 check] NaN masking: nan_on_skip=True finite_on_update=True
[Gate5 summary] mean_update_fraction=0.1280 final_executed_updates_mean=16.00
[Gate5 eval] done_count mean=100.0 CSR mean=0.0000 len_end_mean=26.00
[Gate5 eval] episodes_per_env=4 T_eval=104
[Gate5 eval-debug] locked_eps_occ=0.20 pre(step25): dbar_end=0.526975 occupied_end_mean=0.260000 max_tilde_end_mean=0.743682 CSR@locked=0.000000
[Gate5 eval-debug] locked_eps_occ=0.20 post(step26): dbar_end=0.535278 occupied_end_mean=0.240000 max_tilde_end_mean=0.757323 CSR@locked=0.000000
[Gate5 eval-debug] CSR_pre@0.10=0.0000 CSR_pre@0.15=0.0000 CSR_pre@0.20=0.0000 CSR_pre@0.25=0.0000 CSR_pre@0.30=0.0300
[Gate5 eval-debug] CSR_post@0.10=0.0000 CSR_post@0.15=0.0000 CSR_post@0.20=0.0000 CSR_post@0.25=0.0100 CSR_post@0.30=0.0100
