Importing submoduled environments...
Submoduled environments not found. Skipping import.
[upd 0] u=1 upd_ctr=1 opt_step=16 E=0.173 g=0.091 VarTD=0.177780 ret_end=-27.116 dbar_end=0.762 occ_end=0.220 CSR_train=0.000 done_count=100
[upd 10] u=0 upd_ctr=1 opt_step=16 E=0.901 g=0.084 VarTD=0.168711 ret_end=-27.749 dbar_end=0.791 occ_end=0.120 CSR_train=0.000 done_count=125
[upd 20] u=0 upd_ctr=2 opt_step=32 E=0.803 g=0.100 VarTD=0.137243 ret_end=-26.886 dbar_end=0.732 occ_end=0.160 CSR_train=0.000 done_count=125
[upd 30] u=0 upd_ctr=3 opt_step=48 E=0.742 g=0.092 VarTD=0.168319 ret_end=-27.528 dbar_end=0.759 occ_end=0.136 CSR_train=0.000 done_count=125
[upd 40] u=0 upd_ctr=4 opt_step=64 E=0.671 g=0.107 VarTD=0.144163 ret_end=-27.006 dbar_end=0.712 occ_end=0.248 CSR_train=0.000 done_count=125
[upd 50] u=0 upd_ctr=5 opt_step=80 E=0.657 g=0.118 VarTD=0.144386 ret_end=-25.412 dbar_end=0.679 occ_end=0.184 CSR_train=0.000 done_count=125
[upd 60] u=0 upd_ctr=6 opt_step=96 E=0.624 g=0.101 VarTD=0.161241 ret_end=-26.448 dbar_end=0.729 occ_end=0.144 CSR_train=0.000 done_count=125
[upd 70] u=0 upd_ctr=7 opt_step=112 E=0.645 g=0.115 VarTD=0.155093 ret_end=-26.113 dbar_end=0.689 occ_end=0.264 CSR_train=0.016 done_count=125
[upd 80] u=0 upd_ctr=8 opt_step=128 E=0.652 g=0.115 VarTD=0.135485 ret_end=-26.028 dbar_end=0.688 occ_end=0.120 CSR_train=0.000 done_count=125
[upd 90] u=0 upd_ctr=9 opt_step=144 E=0.704 g=0.116 VarTD=0.145492 ret_end=-26.147 dbar_end=0.687 occ_end=0.184 CSR_train=0.000 done_count=125
[upd 100] u=0 upd_ctr=10 opt_step=160 E=0.798 g=0.126 VarTD=0.150859 ret_end=-25.117 dbar_end=0.660 occ_end=0.200 CSR_train=0.000 done_count=125
[upd 110] u=0 upd_ctr=11 opt_step=176 E=0.866 g=0.117 VarTD=0.161828 ret_end=-25.723 dbar_end=0.682 occ_end=0.120 CSR_train=0.000 done_count=125
[upd 120] u=0 upd_ctr=12 opt_step=192 E=0.944 g=0.113 VarTD=0.202238 ret_end=-26.347 dbar_end=0.694 occ_end=0.168 CSR_train=0.000 done_count=125
[upd 130] u=1 upd_ctr=14 opt_step=224 E=0.140 g=0.132 VarTD=0.183024 ret_end=-24.402 dbar_end=0.646 occ_end=0.150 CSR_train=0.000 done_count=100
[upd 140] u=0 upd_ctr=15 opt_step=240 E=0.298 g=0.144 VarTD=0.314238 ret_end=-25.030 dbar_end=0.617 occ_end=0.296 CSR_train=0.000 done_count=125
[upd 150] u=0 upd_ctr=16 opt_step=256 E=0.507 g=0.152 VarTD=0.302558 ret_end=-24.025 dbar_end=0.601 occ_end=0.288 CSR_train=0.000 done_count=125
[upd 160] u=0 upd_ctr=17 opt_step=272 E=0.731 g=0.128 VarTD=0.352873 ret_end=-25.954 dbar_end=0.655 occ_end=0.248 CSR_train=0.000 done_count=125
[upd 170] u=1 upd_ctr=19 opt_step=304 E=0.118 g=0.145 VarTD=0.422425 ret_end=-24.793 dbar_end=0.615 occ_end=0.232 CSR_train=0.000 done_count=125
[upd 180] u=0 upd_ctr=20 opt_step=320 E=0.443 g=0.157 VarTD=0.556357 ret_end=-24.122 dbar_end=0.590 occ_end=0.232 CSR_train=0.000 done_count=125
[upd 190] u=0 upd_ctr=21 opt_step=336 E=0.749 g=0.133 VarTD=0.693564 ret_end=-26.696 dbar_end=0.643 occ_end=0.192 CSR_train=0.008 done_count=125
[upd 200] u=1 upd_ctr=23 opt_step=368 E=0.166 g=0.151 VarTD=0.773864 ret_end=-24.198 dbar_end=0.601 occ_end=0.248 CSR_train=0.000 done_count=125
[upd 210] u=0 upd_ctr=24 opt_step=384 E=0.485 g=0.139 VarTD=0.974001 ret_end=-24.440 dbar_end=0.628 occ_end=0.216 CSR_train=0.000 done_count=125
[upd 220] u=0 upd_ctr=25 opt_step=400 E=0.813 g=0.151 VarTD=1.061087 ret_end=-23.827 dbar_end=0.602 occ_end=0.240 CSR_train=0.000 done_count=125
[upd 230] u=0 upd_ctr=27 opt_step=432 E=0.255 g=0.158 VarTD=1.361741 ret_end=-24.577 dbar_end=0.588 occ_end=0.248 CSR_train=0.000 done_count=125
[upd 240] u=0 upd_ctr=28 opt_step=448 E=0.619 g=0.145 VarTD=1.517872 ret_end=-25.291 dbar_end=0.615 occ_end=0.200 CSR_train=0.000 done_count=125
[upd 250] u=0 upd_ctr=29 opt_step=464 E=1.000 g=0.175 VarTD=1.684883 ret_end=-24.462 dbar_end=0.556 occ_end=0.328 CSR_train=0.000 done_count=125
[upd 260] u=0 upd_ctr=31 opt_step=496 E=0.548 g=0.166 VarTD=1.567485 ret_end=-22.909 dbar_end=0.572 occ_end=0.320 CSR_train=0.000 done_count=100
[upd 270] u=0 upd_ctr=32 opt_step=512 E=0.973 g=0.183 VarTD=2.151736 ret_end=-23.763 dbar_end=0.541 occ_end=0.400 CSR_train=0.000 done_count=125
[upd 280] u=0 upd_ctr=34 opt_step=544 E=0.509 g=0.166 VarTD=2.533698 ret_end=-25.151 dbar_end=0.572 occ_end=0.344 CSR_train=0.000 done_count=125
[upd 290] u=0 upd_ctr=35 opt_step=560 E=0.994 g=0.188 VarTD=2.709085 ret_end=-22.432 dbar_end=0.532 occ_end=0.352 CSR_train=0.008 done_count=125
[upd 300] u=0 upd_ctr=37 opt_step=592 E=0.577 g=0.168 VarTD=2.986259 ret_end=-24.078 dbar_end=0.568 occ_end=0.288 CSR_train=0.000 done_count=125
[upd 310] u=1 upd_ctr=39 opt_step=624 E=0.170 g=0.181 VarTD=3.252861 ret_end=-24.162 dbar_end=0.544 occ_end=0.328 CSR_train=0.000 done_count=125
[Gate5 check] update_counter violations: t0=0 diffs=0
[Gate5 check] opt_step violations: t0=0 diffs=0 (expected_inc=16)
[Gate5 check] NaN masking: nan_on_skip=True finite_on_update=True
[Gate5 summary] mean_update_fraction=0.1250 final_executed_updates_mean=39.00
[Gate5 eval] done_count mean=100.0 CSR mean=0.0100 len_end_mean=26.00
[Gate5 eval] episodes_per_env=4 T_eval=104
[Gate5 eval-debug] locked_eps_occ=0.20 pre(step25): dbar_end=0.455296 occupied_end_mean=0.370000 max_tilde_end_mean=0.647529 CSR@locked=0.010000
[Gate5 eval-debug] locked_eps_occ=0.20 post(step26): dbar_end=0.456238 occupied_end_mean=0.470000 max_tilde_end_mean=0.647804 CSR@locked=0.010000
[Gate5 eval-debug] CSR_pre@0.10=0.0000 CSR_pre@0.15=0.0000 CSR_pre@0.20=0.0100 CSR_pre@0.25=0.0100 CSR_pre@0.30=0.0300
[Gate5 eval-debug] CSR_post@0.10=0.0000 CSR_post@0.15=0.0000 CSR_post@0.20=0.0100 CSR_post@0.25=0.0200 CSR_post@0.30=0.0200
