Importing submoduled environments...
Submoduled environments not found. Skipping import.
[upd 0] u=1 upd_ctr=1 opt_step=16 E=0.067 g=0.096 VarTD=0.164885 ret_end=-27.291 dbar_end=0.746 occ_end=0.170 CSR_train=0.000 done_count=100
[upd 10] u=0 upd_ctr=1 opt_step=16 E=0.769 g=0.091 VarTD=0.137991 ret_end=-27.480 dbar_end=0.764 occ_end=0.136 CSR_train=0.000 done_count=125
[upd 20] u=0 upd_ctr=2 opt_step=32 E=0.449 g=0.117 VarTD=0.126765 ret_end=-26.302 dbar_end=0.685 occ_end=0.184 CSR_train=0.000 done_count=125
[upd 30] u=0 upd_ctr=3 opt_step=48 E=0.154 g=0.120 VarTD=0.130025 ret_end=-25.519 dbar_end=0.674 occ_end=0.152 CSR_train=0.000 done_count=125
[upd 40] u=0 upd_ctr=3 opt_step=48 E=0.896 g=0.100 VarTD=0.143640 ret_end=-26.671 dbar_end=0.732 occ_end=0.192 CSR_train=0.000 done_count=125
[upd 50] u=0 upd_ctr=4 opt_step=64 E=0.627 g=0.106 VarTD=0.145192 ret_end=-26.255 dbar_end=0.716 occ_end=0.176 CSR_train=0.000 done_count=125
[upd 60] u=0 upd_ctr=5 opt_step=80 E=0.385 g=0.099 VarTD=0.169176 ret_end=-27.694 dbar_end=0.736 occ_end=0.184 CSR_train=0.000 done_count=125
[upd 70] u=0 upd_ctr=6 opt_step=96 E=0.161 g=0.118 VarTD=0.152156 ret_end=-26.195 dbar_end=0.682 occ_end=0.208 CSR_train=0.000 done_count=125
[upd 80] u=0 upd_ctr=6 opt_step=96 E=0.991 g=0.120 VarTD=0.144711 ret_end=-25.692 dbar_end=0.676 occ_end=0.144 CSR_train=0.000 done_count=125
[upd 90] u=0 upd_ctr=7 opt_step=112 E=0.787 g=0.126 VarTD=0.138289 ret_end=-25.623 dbar_end=0.661 occ_end=0.176 CSR_train=0.000 done_count=125
[upd 100] u=0 upd_ctr=8 opt_step=128 E=0.639 g=0.125 VarTD=0.121218 ret_end=-26.023 dbar_end=0.663 occ_end=0.232 CSR_train=0.000 done_count=125
[upd 110] u=0 upd_ctr=9 opt_step=144 E=0.569 g=0.143 VarTD=0.145573 ret_end=-24.466 dbar_end=0.620 occ_end=0.240 CSR_train=0.000 done_count=125
[upd 120] u=0 upd_ctr=10 opt_step=160 E=0.466 g=0.130 VarTD=0.161363 ret_end=-25.141 dbar_end=0.649 occ_end=0.216 CSR_train=0.000 done_count=125
[Gate5 check] update_counter violations: t0=0 diffs=0
[Gate5 check] opt_step violations: t0=0 diffs=0 (expected_inc=16)
[Gate5 check] NaN masking: nan_on_skip=True finite_on_update=True
[Gate5 summary] mean_update_fraction=0.0800 final_executed_updates_mean=10.00
[Gate5 eval] done_count mean=100.0 CSR mean=0.0000 len_end_mean=26.00
[Gate5 eval] episodes_per_env=4 T_eval=104
[Gate5 eval-debug] locked_eps_occ=0.20 pre(step25): dbar_end=0.517980 occupied_end_mean=0.270000 max_tilde_end_mean=0.703858 CSR@locked=0.000000
[Gate5 eval-debug] locked_eps_occ=0.20 post(step26): dbar_end=0.515704 occupied_end_mean=0.270000 max_tilde_end_mean=0.716780 CSR@locked=0.000000
[Gate5 eval-debug] CSR_pre@0.10=0.0000 CSR_pre@0.15=0.0000 CSR_pre@0.20=0.0000 CSR_pre@0.25=0.0200 CSR_pre@0.30=0.0300
[Gate5 eval-debug] CSR_post@0.10=0.0000 CSR_post@0.15=0.0000 CSR_post@0.20=0.0000 CSR_post@0.25=0.0000 CSR_post@0.30=0.0200
