Importing submoduled environments...
Submoduled environments not found. Skipping import.
[upd 0] u=1 upd_ctr=1 opt_step=16 E=0.087 g=0.087 VarTD=0.169991 ret_end=-27.980 dbar_end=0.777 occ_end=0.130 CSR_train=0.000 done_count=100
[upd 10] u=0 upd_ctr=1 opt_step=16 E=1.000 g=0.097 VarTD=0.148660 ret_end=-28.362 dbar_end=0.744 occ_end=0.160 CSR_train=0.000 done_count=125
[upd 20] u=0 upd_ctr=2 opt_step=32 E=0.992 g=0.108 VarTD=0.137118 ret_end=-25.251 dbar_end=0.708 occ_end=0.184 CSR_train=0.000 done_count=125
[upd 30] u=0 upd_ctr=3 opt_step=48 E=0.965 g=0.112 VarTD=0.117502 ret_end=-25.953 dbar_end=0.697 occ_end=0.184 CSR_train=0.000 done_count=125
[upd 40] u=0 upd_ctr=4 opt_step=64 E=0.957 g=0.106 VarTD=0.135784 ret_end=-26.649 dbar_end=0.715 occ_end=0.176 CSR_train=0.000 done_count=125
[upd 50] u=0 upd_ctr=5 opt_step=80 E=0.986 g=0.102 VarTD=0.150405 ret_end=-27.447 dbar_end=0.728 occ_end=0.144 CSR_train=0.000 done_count=125
[upd 60] u=0 upd_ctr=6 opt_step=96 E=1.000 g=0.114 VarTD=0.139763 ret_end=-25.690 dbar_end=0.692 occ_end=0.256 CSR_train=0.000 done_count=125
[upd 70] u=1 upd_ctr=8 opt_step=128 E=0.120 g=0.120 VarTD=0.153365 ret_end=-26.366 dbar_end=0.677 occ_end=0.168 CSR_train=0.000 done_count=125
[upd 80] u=0 upd_ctr=9 opt_step=144 E=0.235 g=0.119 VarTD=0.145049 ret_end=-25.774 dbar_end=0.677 occ_end=0.288 CSR_train=0.000 done_count=125
[upd 90] u=0 upd_ctr=10 opt_step=160 E=0.362 g=0.122 VarTD=0.180421 ret_end=-26.104 dbar_end=0.669 occ_end=0.152 CSR_train=0.000 done_count=125
[upd 100] u=0 upd_ctr=11 opt_step=176 E=0.641 g=0.136 VarTD=0.159380 ret_end=-24.422 dbar_end=0.636 occ_end=0.232 CSR_train=0.000 done_count=125
[upd 110] u=0 upd_ctr=12 opt_step=192 E=0.882 g=0.123 VarTD=0.172236 ret_end=-25.107 dbar_end=0.669 occ_end=0.192 CSR_train=0.000 done_count=125
[upd 120] u=1 upd_ctr=14 opt_step=224 E=0.131 g=0.131 VarTD=0.185562 ret_end=-25.203 dbar_end=0.647 occ_end=0.192 CSR_train=0.000 done_count=125
[upd 130] u=0 upd_ctr=15 opt_step=240 E=0.411 g=0.139 VarTD=0.225269 ret_end=-25.141 dbar_end=0.628 occ_end=0.230 CSR_train=0.000 done_count=100
[upd 140] u=0 upd_ctr=16 opt_step=256 E=0.741 g=0.158 VarTD=0.349370 ret_end=-24.904 dbar_end=0.587 occ_end=0.320 CSR_train=0.000 done_count=125
[upd 150] u=1 upd_ctr=18 opt_step=288 E=0.158 g=0.158 VarTD=0.363756 ret_end=-24.379 dbar_end=0.588 occ_end=0.336 CSR_train=0.000 done_count=125
[upd 160] u=0 upd_ctr=19 opt_step=304 E=0.543 g=0.144 VarTD=0.495371 ret_end=-24.342 dbar_end=0.618 occ_end=0.200 CSR_train=0.000 done_count=125
[upd 170] u=0 upd_ctr=20 opt_step=320 E=0.892 g=0.148 VarTD=0.610725 ret_end=-24.929 dbar_end=0.608 occ_end=0.320 CSR_train=0.000 done_count=125
[upd 180] u=0 upd_ctr=22 opt_step=352 E=0.327 g=0.150 VarTD=0.777270 ret_end=-24.984 dbar_end=0.604 occ_end=0.264 CSR_train=0.000 done_count=125
[upd 190] u=0 upd_ctr=23 opt_step=368 E=0.730 g=0.144 VarTD=0.898390 ret_end=-25.260 dbar_end=0.617 occ_end=0.216 CSR_train=0.000 done_count=125
[upd 200] u=1 upd_ctr=25 opt_step=400 E=0.130 g=0.130 VarTD=0.938569 ret_end=-24.995 dbar_end=0.649 occ_end=0.136 CSR_train=0.000 done_count=125
[upd 210] u=0 upd_ctr=26 opt_step=416 E=0.587 g=0.140 VarTD=1.226050 ret_end=-25.077 dbar_end=0.627 occ_end=0.256 CSR_train=0.000 done_count=125
[upd 220] u=0 upd_ctr=27 opt_step=432 E=1.000 g=0.128 VarTD=1.315046 ret_end=-25.094 dbar_end=0.654 occ_end=0.160 CSR_train=0.000 done_count=125
[upd 230] u=0 upd_ctr=29 opt_step=464 E=0.456 g=0.150 VarTD=1.613219 ret_end=-24.193 dbar_end=0.603 occ_end=0.248 CSR_train=0.008 done_count=125
[upd 240] u=0 upd_ctr=30 opt_step=480 E=0.906 g=0.158 VarTD=1.814474 ret_end=-23.902 dbar_end=0.588 occ_end=0.264 CSR_train=0.000 done_count=125
[upd 250] u=0 upd_ctr=32 opt_step=512 E=0.294 g=0.136 VarTD=2.059520 ret_end=-25.652 dbar_end=0.635 occ_end=0.192 CSR_train=0.000 done_count=125
[upd 260] u=0 upd_ctr=33 opt_step=528 E=0.741 g=0.150 VarTD=1.894604 ret_end=-24.658 dbar_end=0.603 occ_end=0.240 CSR_train=0.000 done_count=100
[upd 270] u=1 upd_ctr=35 opt_step=560 E=0.155 g=0.155 VarTD=2.447475 ret_end=-24.639 dbar_end=0.594 occ_end=0.240 CSR_train=0.000 done_count=125
[upd 280] u=0 upd_ctr=36 opt_step=576 E=0.630 g=0.157 VarTD=2.840126 ret_end=-23.738 dbar_end=0.590 occ_end=0.216 CSR_train=0.000 done_count=125
[upd 290] u=0 upd_ctr=37 opt_step=592 E=1.000 g=0.165 VarTD=2.993492 ret_end=-23.378 dbar_end=0.574 occ_end=0.248 CSR_train=0.000 done_count=125
[upd 300] u=0 upd_ctr=39 opt_step=624 E=0.491 g=0.164 VarTD=3.288625 ret_end=-23.837 dbar_end=0.576 occ_end=0.272 CSR_train=0.000 done_count=125
[upd 310] u=0 upd_ctr=40 opt_step=640 E=0.960 g=0.169 VarTD=3.541894 ret_end=-23.983 dbar_end=0.566 occ_end=0.288 CSR_train=0.000 done_count=125
[Gate5 check] update_counter violations: t0=0 diffs=0
[Gate5 check] opt_step violations: t0=0 diffs=0 (expected_inc=16)
[Gate5 check] NaN masking: nan_on_skip=True finite_on_update=True
[Gate5 summary] mean_update_fraction=0.1282 final_executed_updates_mean=40.00
[Gate5 eval] done_count mean=100.0 CSR mean=0.0000 len_end_mean=26.00
[Gate5 eval] episodes_per_env=4 T_eval=104
[Gate5 eval-debug] locked_eps_occ=0.20 pre(step25): dbar_end=0.499438 occupied_end_mean=0.340000 max_tilde_end_mean=0.710225 CSR@locked=0.000000
[Gate5 eval-debug] locked_eps_occ=0.20 post(step26): dbar_end=0.502321 occupied_end_mean=0.360000 max_tilde_end_mean=0.714819 CSR@locked=0.000000
[Gate5 eval-debug] CSR_pre@0.10=0.0000 CSR_pre@0.15=0.0000 CSR_pre@0.20=0.0000 CSR_pre@0.25=0.0100 CSR_pre@0.30=0.0300
[Gate5 eval-debug] CSR_post@0.10=0.0000 CSR_post@0.15=0.0000 CSR_post@0.20=0.0000 CSR_post@0.25=0.0000 CSR_post@0.30=0.0100
