Importing submoduled environments...
Submoduled environments not found. Skipping import.
[upd 0] u=1 upd_ctr=1 opt_step=16 E=0.008 g=0.079 VarTD=0.177244 ret_end=-28.332 dbar_end=0.807 occ_end=0.140 CSR_train=0.000 done_count=100
[upd 10] u=0 upd_ctr=1 opt_step=16 E=0.101 g=0.093 VarTD=0.147298 ret_end=-27.080 dbar_end=0.756 occ_end=0.144 CSR_train=0.000 done_count=125
[upd 20] u=0 upd_ctr=1 opt_step=16 E=0.197 g=0.086 VarTD=0.160310 ret_end=-28.011 dbar_end=0.781 occ_end=0.160 CSR_train=0.000 done_count=125
[upd 30] u=0 upd_ctr=1 opt_step=16 E=0.290 g=0.098 VarTD=0.170613 ret_end=-27.328 dbar_end=0.741 occ_end=0.176 CSR_train=0.000 done_count=125
[upd 40] u=0 upd_ctr=1 opt_step=16 E=0.384 g=0.090 VarTD=0.156912 ret_end=-27.772 dbar_end=0.767 occ_end=0.104 CSR_train=0.000 done_count=125
[upd 50] u=0 upd_ctr=1 opt_step=16 E=0.477 g=0.092 VarTD=0.140725 ret_end=-27.109 dbar_end=0.761 occ_end=0.136 CSR_train=0.000 done_count=125
[upd 60] u=0 upd_ctr=1 opt_step=16 E=0.573 g=0.098 VarTD=0.147097 ret_end=-26.965 dbar_end=0.741 occ_end=0.184 CSR_train=0.000 done_count=125
[upd 70] u=0 upd_ctr=1 opt_step=16 E=0.670 g=0.090 VarTD=0.181702 ret_end=-28.465 dbar_end=0.768 occ_end=0.088 CSR_train=0.000 done_count=125
[upd 80] u=0 upd_ctr=1 opt_step=16 E=0.765 g=0.094 VarTD=0.185215 ret_end=-27.708 dbar_end=0.752 occ_end=0.184 CSR_train=0.000 done_count=125
[upd 90] u=0 upd_ctr=1 opt_step=16 E=0.857 g=0.098 VarTD=0.153887 ret_end=-26.628 dbar_end=0.738 occ_end=0.232 CSR_train=0.000 done_count=125
[upd 100] u=0 upd_ctr=1 opt_step=16 E=0.952 g=0.087 VarTD=0.164517 ret_end=-27.476 dbar_end=0.778 occ_end=0.120 CSR_train=0.000 done_count=125
[upd 110] u=0 upd_ctr=2 opt_step=32 E=0.039 g=0.095 VarTD=0.154592 ret_end=-27.811 dbar_end=0.751 occ_end=0.176 CSR_train=0.000 done_count=125
[upd 120] u=0 upd_ctr=2 opt_step=32 E=0.146 g=0.108 VarTD=0.170990 ret_end=-27.187 dbar_end=0.709 occ_end=0.096 CSR_train=0.008 done_count=125
[upd 130] u=0 upd_ctr=2 opt_step=32 E=0.242 g=0.092 VarTD=0.148953 ret_end=-27.815 dbar_end=0.761 occ_end=0.190 CSR_train=0.010 done_count=100
[upd 140] u=0 upd_ctr=2 opt_step=32 E=0.343 g=0.099 VarTD=0.141111 ret_end=-27.456 dbar_end=0.735 occ_end=0.152 CSR_train=0.000 done_count=125
[upd 150] u=0 upd_ctr=2 opt_step=32 E=0.442 g=0.092 VarTD=0.165116 ret_end=-28.297 dbar_end=0.761 occ_end=0.144 CSR_train=0.000 done_count=125
[upd 160] u=0 upd_ctr=2 opt_step=32 E=0.542 g=0.095 VarTD=0.145037 ret_end=-26.144 dbar_end=0.750 occ_end=0.144 CSR_train=0.008 done_count=125
[upd 170] u=0 upd_ctr=2 opt_step=32 E=0.644 g=0.103 VarTD=0.125409 ret_end=-26.791 dbar_end=0.724 occ_end=0.192 CSR_train=0.000 done_count=125
[upd 180] u=0 upd_ctr=2 opt_step=32 E=0.742 g=0.105 VarTD=0.122844 ret_end=-25.524 dbar_end=0.716 occ_end=0.200 CSR_train=0.000 done_count=125
[upd 190] u=0 upd_ctr=2 opt_step=32 E=0.843 g=0.114 VarTD=0.116782 ret_end=-26.008 dbar_end=0.691 occ_end=0.184 CSR_train=0.000 done_count=125
[upd 200] u=0 upd_ctr=2 opt_step=32 E=0.943 g=0.104 VarTD=0.125826 ret_end=-26.035 dbar_end=0.721 occ_end=0.184 CSR_train=0.000 done_count=125
[upd 210] u=0 upd_ctr=3 opt_step=48 E=0.042 g=0.104 VarTD=0.155221 ret_end=-26.774 dbar_end=0.721 occ_end=0.176 CSR_train=0.000 done_count=125
[upd 220] u=0 upd_ctr=3 opt_step=48 E=0.147 g=0.099 VarTD=0.155178 ret_end=-27.327 dbar_end=0.737 occ_end=0.184 CSR_train=0.000 done_count=125
[upd 230] u=0 upd_ctr=3 opt_step=48 E=0.249 g=0.100 VarTD=0.152833 ret_end=-27.056 dbar_end=0.735 occ_end=0.208 CSR_train=0.000 done_count=125
[upd 240] u=0 upd_ctr=3 opt_step=48 E=0.355 g=0.097 VarTD=0.137421 ret_end=-27.187 dbar_end=0.743 occ_end=0.152 CSR_train=0.000 done_count=125
[upd 250] u=0 upd_ctr=3 opt_step=48 E=0.457 g=0.103 VarTD=0.118462 ret_end=-27.215 dbar_end=0.724 occ_end=0.216 CSR_train=0.000 done_count=125
[upd 260] u=0 upd_ctr=3 opt_step=48 E=0.561 g=0.108 VarTD=0.143678 ret_end=-26.919 dbar_end=0.708 occ_end=0.170 CSR_train=0.000 done_count=100
[upd 270] u=0 upd_ctr=3 opt_step=48 E=0.666 g=0.102 VarTD=0.125075 ret_end=-26.242 dbar_end=0.726 occ_end=0.120 CSR_train=0.000 done_count=125
[upd 280] u=0 upd_ctr=3 opt_step=48 E=0.770 g=0.099 VarTD=0.120453 ret_end=-26.407 dbar_end=0.738 occ_end=0.128 CSR_train=0.000 done_count=125
[upd 290] u=0 upd_ctr=3 opt_step=48 E=0.880 g=0.108 VarTD=0.141756 ret_end=-26.423 dbar_end=0.710 occ_end=0.192 CSR_train=0.000 done_count=125
[upd 300] u=0 upd_ctr=3 opt_step=48 E=0.985 g=0.108 VarTD=0.142862 ret_end=-26.892 dbar_end=0.708 occ_end=0.216 CSR_train=0.000 done_count=125
[upd 310] u=0 upd_ctr=4 opt_step=64 E=0.087 g=0.107 VarTD=0.155425 ret_end=-26.603 dbar_end=0.711 occ_end=0.192 CSR_train=0.008 done_count=125
[Gate5 check] update_counter violations: t0=0 diffs=0
[Gate5 check] opt_step violations: t0=0 diffs=0 (expected_inc=16)
[Gate5 check] NaN masking: nan_on_skip=True finite_on_update=True
[Gate5 summary] mean_update_fraction=0.0128 final_executed_updates_mean=4.00
[Gate5 eval] done_count mean=100.0 CSR mean=0.0000 len_end_mean=26.00
[Gate5 eval] episodes_per_env=4 T_eval=104
[Gate5 eval-debug] locked_eps_occ=0.20 pre(step25): dbar_end=0.524336 occupied_end_mean=0.350000 max_tilde_end_mean=0.750658 CSR@locked=0.000000
[Gate5 eval-debug] locked_eps_occ=0.20 post(step26): dbar_end=0.525789 occupied_end_mean=0.320000 max_tilde_end_mean=0.742433 CSR@locked=0.000000
[Gate5 eval-debug] CSR_pre@0.10=0.0000 CSR_pre@0.15=0.0000 CSR_pre@0.20=0.0000 CSR_pre@0.25=0.0100 CSR_pre@0.30=0.0300
[Gate5 eval-debug] CSR_post@0.10=0.0000 CSR_post@0.15=0.0000 CSR_post@0.20=0.0000 CSR_post@0.25=0.0100 CSR_post@0.30=0.0100
