Importing submoduled environments...
Submoduled environments not found. Skipping import.
[upd 0] u=0 upd_ctr=0 opt_step=0 E=1.000 g=0.091 VarTD=0.177780 ret_end=-27.116 dbar_end=0.762 occ_end=0.220 CSR_train=0.000 done_count=100
[upd 10] u=0 upd_ctr=0 opt_step=0 E=1.000 g=0.077 VarTD=0.176607 ret_end=-28.098 dbar_end=0.817 occ_end=0.112 CSR_train=0.000 done_count=125
[upd 20] u=0 upd_ctr=0 opt_step=0 E=1.000 g=0.086 VarTD=0.169134 ret_end=-27.594 dbar_end=0.782 occ_end=0.160 CSR_train=0.000 done_count=125
[upd 30] u=0 upd_ctr=0 opt_step=0 E=1.000 g=0.084 VarTD=0.186406 ret_end=-28.095 dbar_end=0.790 occ_end=0.120 CSR_train=0.000 done_count=125
[upd 40] u=0 upd_ctr=0 opt_step=0 E=1.000 g=0.087 VarTD=0.161689 ret_end=-28.037 dbar_end=0.778 occ_end=0.136 CSR_train=0.000 done_count=125
[upd 50] u=0 upd_ctr=0 opt_step=0 E=1.000 g=0.102 VarTD=0.143565 ret_end=-25.977 dbar_end=0.726 occ_end=0.136 CSR_train=0.000 done_count=125
[upd 60] u=0 upd_ctr=0 opt_step=0 E=1.000 g=0.079 VarTD=0.201559 ret_end=-28.073 dbar_end=0.810 occ_end=0.088 CSR_train=0.000 done_count=125
[upd 70] u=0 upd_ctr=0 opt_step=0 E=1.000 g=0.085 VarTD=0.161926 ret_end=-27.836 dbar_end=0.785 occ_end=0.144 CSR_train=0.008 done_count=125
[upd 80] u=0 upd_ctr=0 opt_step=0 E=1.000 g=0.094 VarTD=0.153020 ret_end=-27.173 dbar_end=0.752 occ_end=0.112 CSR_train=0.000 done_count=125
[upd 90] u=0 upd_ctr=0 opt_step=0 E=1.000 g=0.097 VarTD=0.158969 ret_end=-27.310 dbar_end=0.742 occ_end=0.168 CSR_train=0.000 done_count=125
[upd 100] u=0 upd_ctr=0 opt_step=0 E=1.000 g=0.102 VarTD=0.146506 ret_end=-26.682 dbar_end=0.728 occ_end=0.144 CSR_train=0.000 done_count=125
[upd 110] u=0 upd_ctr=0 opt_step=0 E=1.000 g=0.094 VarTD=0.149798 ret_end=-26.990 dbar_end=0.751 occ_end=0.096 CSR_train=0.000 done_count=125
[upd 120] u=0 upd_ctr=0 opt_step=0 E=1.000 g=0.081 VarTD=0.171763 ret_end=-27.877 dbar_end=0.800 occ_end=0.136 CSR_train=0.000 done_count=125
[Gate5 check] update_counter violations: t0=0 diffs=0
[Gate5 check] opt_step violations: t0=0 diffs=0 (expected_inc=16)
[Gate5 check] NaN masking: nan_on_skip=True finite_on_update=True
[Gate5 summary] mean_update_fraction=0.0000 final_executed_updates_mean=0.00
[Gate5 eval] done_count mean=100.0 CSR mean=0.0000 len_end_mean=26.00
[Gate5 eval] episodes_per_env=4 T_eval=104
[Gate5 eval-debug] locked_eps_occ=0.20 pre(step25): dbar_end=1.001342 occupied_end_mean=0.120000 max_tilde_end_mean=1.322892 CSR@locked=0.000000
[Gate5 eval-debug] locked_eps_occ=0.20 post(step26): dbar_end=1.018505 occupied_end_mean=0.110000 max_tilde_end_mean=1.340264 CSR@locked=0.000000
[Gate5 eval-debug] CSR_pre@0.10=0.0000 CSR_pre@0.15=0.0000 CSR_pre@0.20=0.0000 CSR_pre@0.25=0.0000 CSR_pre@0.30=0.0000
[Gate5 eval-debug] CSR_post@0.10=0.0000 CSR_post@0.15=0.0000 CSR_post@0.20=0.0000 CSR_post@0.25=0.0000 CSR_post@0.30=0.0000
