Importing submoduled environments...
Submoduled environments not found. Skipping import.
[upd 0] u=1 upd_ctr=1 opt_step=16 E=0.096 g=0.092 VarTD=0.136051 ret_end=-27.009 dbar_end=0.762 occ_end=0.140 CSR_train=0.000 done_count=100
[upd 10] u=0 upd_ctr=1 opt_step=16 E=0.559 g=0.088 VarTD=0.157825 ret_end=-27.556 dbar_end=0.774 occ_end=0.128 CSR_train=0.000 done_count=125
[upd 20] u=1 upd_ctr=2 opt_step=32 E=0.083 g=0.096 VarTD=0.140044 ret_end=-27.124 dbar_end=0.745 occ_end=0.128 CSR_train=0.000 done_count=125
[upd 30] u=0 upd_ctr=2 opt_step=32 E=0.576 g=0.102 VarTD=0.159309 ret_end=-27.484 dbar_end=0.726 occ_end=0.152 CSR_train=0.000 done_count=125
[upd 40] u=1 upd_ctr=3 opt_step=48 E=0.073 g=0.088 VarTD=0.153172 ret_end=-26.697 dbar_end=0.775 occ_end=0.120 CSR_train=0.000 done_count=125
[upd 50] u=0 upd_ctr=3 opt_step=48 E=0.570 g=0.100 VarTD=0.146380 ret_end=-26.091 dbar_end=0.733 occ_end=0.176 CSR_train=0.000 done_count=125
[upd 60] u=0 upd_ctr=4 opt_step=64 E=0.141 g=0.105 VarTD=0.133542 ret_end=-26.788 dbar_end=0.719 occ_end=0.184 CSR_train=0.000 done_count=125
[upd 70] u=0 upd_ctr=4 opt_step=64 E=0.673 g=0.107 VarTD=0.151786 ret_end=-25.971 dbar_end=0.712 occ_end=0.192 CSR_train=0.000 done_count=125
[upd 80] u=0 upd_ctr=5 opt_step=80 E=0.269 g=0.123 VarTD=0.116969 ret_end=-25.446 dbar_end=0.666 occ_end=0.208 CSR_train=0.000 done_count=125
[upd 90] u=0 upd_ctr=5 opt_step=80 E=0.829 g=0.118 VarTD=0.121458 ret_end=-26.179 dbar_end=0.680 occ_end=0.160 CSR_train=0.000 done_count=125
[upd 100] u=0 upd_ctr=6 opt_step=96 E=0.453 g=0.122 VarTD=0.139599 ret_end=-25.815 dbar_end=0.669 occ_end=0.248 CSR_train=0.000 done_count=125
[upd 110] u=1 upd_ctr=7 opt_step=112 E=0.093 g=0.122 VarTD=0.130111 ret_end=-25.226 dbar_end=0.671 occ_end=0.240 CSR_train=0.000 done_count=125
[upd 120] u=0 upd_ctr=7 opt_step=112 E=0.700 g=0.124 VarTD=0.142082 ret_end=-26.364 dbar_end=0.665 occ_end=0.184 CSR_train=0.000 done_count=125
[upd 130] u=0 upd_ctr=8 opt_step=128 E=0.369 g=0.115 VarTD=0.162259 ret_end=-26.178 dbar_end=0.688 occ_end=0.150 CSR_train=0.000 done_count=100
[upd 140] u=0 upd_ctr=8 opt_step=128 E=0.990 g=0.123 VarTD=0.153082 ret_end=-26.502 dbar_end=0.668 occ_end=0.136 CSR_train=0.000 done_count=125
[upd 150] u=0 upd_ctr=9 opt_step=144 E=0.708 g=0.126 VarTD=0.141743 ret_end=-25.587 dbar_end=0.661 occ_end=0.232 CSR_train=0.016 done_count=125
[upd 160] u=0 upd_ctr=10 opt_step=160 E=0.397 g=0.115 VarTD=0.152114 ret_end=-25.699 dbar_end=0.688 occ_end=0.200 CSR_train=0.000 done_count=125
[upd 170] u=1 upd_ctr=11 opt_step=176 E=0.116 g=0.132 VarTD=0.148473 ret_end=-25.148 dbar_end=0.644 occ_end=0.152 CSR_train=0.000 done_count=125
[upd 180] u=0 upd_ctr=11 opt_step=176 E=0.791 g=0.121 VarTD=0.176382 ret_end=-26.335 dbar_end=0.673 occ_end=0.176 CSR_train=0.000 done_count=125
[upd 190] u=0 upd_ctr=12 opt_step=192 E=0.539 g=0.143 VarTD=0.196079 ret_end=-25.142 dbar_end=0.620 occ_end=0.232 CSR_train=0.000 done_count=125
[upd 200] u=0 upd_ctr=13 opt_step=208 E=0.297 g=0.146 VarTD=0.210506 ret_end=-24.817 dbar_end=0.613 occ_end=0.200 CSR_train=0.000 done_count=125
[upd 210] u=0 upd_ctr=13 opt_step=208 E=0.990 g=0.135 VarTD=0.231105 ret_end=-26.109 dbar_end=0.639 occ_end=0.168 CSR_train=0.000 done_count=125
[upd 220] u=0 upd_ctr=14 opt_step=224 E=0.736 g=0.129 VarTD=0.253891 ret_end=-26.318 dbar_end=0.652 occ_end=0.192 CSR_train=0.000 done_count=125
[upd 230] u=0 upd_ctr=15 opt_step=240 E=0.486 g=0.145 VarTD=0.290109 ret_end=-25.430 dbar_end=0.615 occ_end=0.224 CSR_train=0.000 done_count=125
[upd 240] u=0 upd_ctr=16 opt_step=256 E=0.250 g=0.150 VarTD=0.334563 ret_end=-24.285 dbar_end=0.604 occ_end=0.288 CSR_train=0.000 done_count=125
[upd 250] u=0 upd_ctr=16 opt_step=256 E=0.995 g=0.139 VarTD=0.329173 ret_end=-24.737 dbar_end=0.629 occ_end=0.248 CSR_train=0.000 done_count=125
[upd 260] u=0 upd_ctr=17 opt_step=272 E=0.768 g=0.135 VarTD=0.341840 ret_end=-24.364 dbar_end=0.637 occ_end=0.230 CSR_train=0.000 done_count=100
[upd 270] u=0 upd_ctr=18 opt_step=288 E=0.569 g=0.147 VarTD=0.454958 ret_end=-25.229 dbar_end=0.610 occ_end=0.320 CSR_train=0.000 done_count=125
[upd 280] u=0 upd_ctr=19 opt_step=304 E=0.339 g=0.148 VarTD=0.528331 ret_end=-24.641 dbar_end=0.609 occ_end=0.248 CSR_train=0.008 done_count=125
[upd 290] u=1 upd_ctr=20 opt_step=320 E=0.132 g=0.164 VarTD=0.494449 ret_end=-23.123 dbar_end=0.575 occ_end=0.232 CSR_train=0.000 done_count=125
[upd 300] u=0 upd_ctr=20 opt_step=320 E=0.886 g=0.137 VarTD=0.601749 ret_end=-25.607 dbar_end=0.632 occ_end=0.240 CSR_train=0.008 done_count=125
[upd 310] u=0 upd_ctr=21 opt_step=336 E=0.652 g=0.144 VarTD=0.696682 ret_end=-24.473 dbar_end=0.616 occ_end=0.136 CSR_train=0.000 done_count=125
[Gate5 check] update_counter violations: t0=0 diffs=0
[Gate5 check] opt_step violations: t0=0 diffs=0 (expected_inc=16)
[Gate5 check] NaN masking: nan_on_skip=True finite_on_update=True
[Gate5 summary] mean_update_fraction=0.0673 final_executed_updates_mean=21.00
[Gate5 eval] done_count mean=100.0 CSR mean=0.0000 len_end_mean=26.00
[Gate5 eval] episodes_per_env=4 T_eval=104
[Gate5 eval-debug] locked_eps_occ=0.20 pre(step25): dbar_end=0.555106 occupied_end_mean=0.390000 max_tilde_end_mean=0.808110 CSR@locked=0.000000
[Gate5 eval-debug] locked_eps_occ=0.20 post(step26): dbar_end=0.555109 occupied_end_mean=0.330000 max_tilde_end_mean=0.800106 CSR@locked=0.000000
[Gate5 eval-debug] CSR_pre@0.10=0.0000 CSR_pre@0.15=0.0000 CSR_pre@0.20=0.0000 CSR_pre@0.25=0.0000 CSR_pre@0.30=0.0100
[Gate5 eval-debug] CSR_post@0.10=0.0000 CSR_post@0.15=0.0000 CSR_post@0.20=0.0000 CSR_post@0.25=0.0000 CSR_post@0.30=0.0100
