Importing submoduled environments...
Submoduled environments not found. Skipping import.
[upd 0] u=1 upd_ctr=1 opt_step=16 E=0.118 g=0.092 VarTD=0.136051 ret_end=-27.009 dbar_end=0.762 occ_end=0.140 CSR_train=0.000 done_count=100
[upd 10] u=0 upd_ctr=1 opt_step=16 E=0.304 g=0.088 VarTD=0.157825 ret_end=-27.556 dbar_end=0.774 occ_end=0.128 CSR_train=0.000 done_count=125
[upd 20] u=0 upd_ctr=1 opt_step=16 E=0.493 g=0.096 VarTD=0.140044 ret_end=-27.124 dbar_end=0.745 occ_end=0.128 CSR_train=0.000 done_count=125
[upd 30] u=0 upd_ctr=1 opt_step=16 E=0.681 g=0.099 VarTD=0.160678 ret_end=-27.549 dbar_end=0.736 occ_end=0.192 CSR_train=0.000 done_count=125
[upd 40] u=0 upd_ctr=1 opt_step=16 E=0.854 g=0.089 VarTD=0.150975 ret_end=-26.713 dbar_end=0.771 occ_end=0.136 CSR_train=0.000 done_count=125
[upd 50] u=0 upd_ctr=2 opt_step=32 E=0.140 g=0.096 VarTD=0.152697 ret_end=-26.256 dbar_end=0.746 occ_end=0.200 CSR_train=0.000 done_count=125
[upd 60] u=0 upd_ctr=2 opt_step=32 E=0.339 g=0.093 VarTD=0.134783 ret_end=-27.400 dbar_end=0.757 occ_end=0.128 CSR_train=0.000 done_count=125
[upd 70] u=0 upd_ctr=2 opt_step=32 E=0.541 g=0.100 VarTD=0.154899 ret_end=-26.392 dbar_end=0.733 occ_end=0.184 CSR_train=0.000 done_count=125
[upd 80] u=0 upd_ctr=2 opt_step=32 E=0.741 g=0.109 VarTD=0.120352 ret_end=-26.112 dbar_end=0.706 occ_end=0.192 CSR_train=0.000 done_count=125
[upd 90] u=1 upd_ctr=3 opt_step=48 E=0.042 g=0.104 VarTD=0.130541 ret_end=-26.970 dbar_end=0.721 occ_end=0.184 CSR_train=0.000 done_count=125
[upd 100] u=0 upd_ctr=3 opt_step=48 E=0.249 g=0.109 VarTD=0.132021 ret_end=-26.520 dbar_end=0.706 occ_end=0.264 CSR_train=0.000 done_count=125
[upd 110] u=0 upd_ctr=3 opt_step=48 E=0.460 g=0.113 VarTD=0.132336 ret_end=-25.914 dbar_end=0.693 occ_end=0.248 CSR_train=0.000 done_count=125
[upd 120] u=0 upd_ctr=3 opt_step=48 E=0.667 g=0.109 VarTD=0.147179 ret_end=-26.953 dbar_end=0.706 occ_end=0.176 CSR_train=0.000 done_count=125
[upd 130] u=0 upd_ctr=3 opt_step=48 E=0.878 g=0.096 VarTD=0.159786 ret_end=-27.169 dbar_end=0.747 occ_end=0.120 CSR_train=0.000 done_count=100
[upd 140] u=0 upd_ctr=4 opt_step=64 E=0.188 g=0.101 VarTD=0.153673 ret_end=-27.492 dbar_end=0.732 occ_end=0.152 CSR_train=0.000 done_count=125
[upd 150] u=0 upd_ctr=4 opt_step=64 E=0.410 g=0.100 VarTD=0.127501 ret_end=-26.804 dbar_end=0.733 occ_end=0.168 CSR_train=0.008 done_count=125
[upd 160] u=0 upd_ctr=4 opt_step=64 E=0.623 g=0.098 VarTD=0.136825 ret_end=-26.971 dbar_end=0.740 occ_end=0.160 CSR_train=0.000 done_count=125
[upd 170] u=0 upd_ctr=4 opt_step=64 E=0.845 g=0.111 VarTD=0.136163 ret_end=-26.065 dbar_end=0.701 occ_end=0.136 CSR_train=0.000 done_count=125
[upd 180] u=0 upd_ctr=5 opt_step=80 E=0.168 g=0.104 VarTD=0.138282 ret_end=-27.063 dbar_end=0.720 occ_end=0.168 CSR_train=0.000 done_count=125
[upd 190] u=0 upd_ctr=5 opt_step=80 E=0.405 g=0.122 VarTD=0.143119 ret_end=-26.035 dbar_end=0.669 occ_end=0.200 CSR_train=0.000 done_count=125
[upd 200] u=0 upd_ctr=5 opt_step=80 E=0.642 g=0.122 VarTD=0.137196 ret_end=-25.853 dbar_end=0.669 occ_end=0.192 CSR_train=0.000 done_count=125
[upd 210] u=0 upd_ctr=5 opt_step=80 E=0.872 g=0.118 VarTD=0.158246 ret_end=-27.055 dbar_end=0.681 occ_end=0.184 CSR_train=0.000 done_count=125
[upd 220] u=0 upd_ctr=6 opt_step=96 E=0.208 g=0.105 VarTD=0.166817 ret_end=-27.552 dbar_end=0.717 occ_end=0.152 CSR_train=0.000 done_count=125
[upd 230] u=0 upd_ctr=6 opt_step=96 E=0.446 g=0.125 VarTD=0.141047 ret_end=-26.489 dbar_end=0.661 occ_end=0.208 CSR_train=0.000 done_count=125
[upd 240] u=0 upd_ctr=6 opt_step=96 E=0.684 g=0.120 VarTD=0.144235 ret_end=-25.622 dbar_end=0.674 occ_end=0.192 CSR_train=0.000 done_count=125
[upd 250] u=1 upd_ctr=7 opt_step=112 E=0.030 g=0.118 VarTD=0.136335 ret_end=-25.813 dbar_end=0.682 occ_end=0.240 CSR_train=0.000 done_count=125
[upd 260] u=0 upd_ctr=7 opt_step=112 E=0.279 g=0.127 VarTD=0.162743 ret_end=-25.011 dbar_end=0.656 occ_end=0.230 CSR_train=0.000 done_count=100
[upd 270] u=0 upd_ctr=7 opt_step=112 E=0.539 g=0.134 VarTD=0.144702 ret_end=-26.061 dbar_end=0.639 occ_end=0.272 CSR_train=0.000 done_count=125
[upd 280] u=0 upd_ctr=7 opt_step=112 E=0.786 g=0.133 VarTD=0.138993 ret_end=-25.141 dbar_end=0.642 occ_end=0.264 CSR_train=0.000 done_count=125
[upd 290] u=0 upd_ctr=8 opt_step=128 E=0.155 g=0.144 VarTD=0.124720 ret_end=-24.091 dbar_end=0.617 occ_end=0.248 CSR_train=0.000 done_count=125
[upd 300] u=0 upd_ctr=8 opt_step=128 E=0.424 g=0.125 VarTD=0.145813 ret_end=-26.566 dbar_end=0.662 occ_end=0.192 CSR_train=0.000 done_count=125
[upd 310] u=0 upd_ctr=8 opt_step=128 E=0.689 g=0.132 VarTD=0.144644 ret_end=-25.331 dbar_end=0.645 occ_end=0.184 CSR_train=0.008 done_count=125
[Gate5 check] update_counter violations: t0=0 diffs=0
[Gate5 check] opt_step violations: t0=0 diffs=0 (expected_inc=16)
[Gate5 check] NaN masking: nan_on_skip=True finite_on_update=True
[Gate5 summary] mean_update_fraction=0.0256 final_executed_updates_mean=8.00
[Gate5 eval] done_count mean=100.0 CSR mean=0.0100 len_end_mean=26.00
[Gate5 eval] episodes_per_env=4 T_eval=104
[Gate5 eval-debug] locked_eps_occ=0.20 pre(step25): dbar_end=0.522819 occupied_end_mean=0.380000 max_tilde_end_mean=0.738891 CSR@locked=0.000000
[Gate5 eval-debug] locked_eps_occ=0.20 post(step26): dbar_end=0.529719 occupied_end_mean=0.370000 max_tilde_end_mean=0.746550 CSR@locked=0.010000
[Gate5 eval-debug] CSR_pre@0.10=0.0000 CSR_pre@0.15=0.0000 CSR_pre@0.20=0.0000 CSR_pre@0.25=0.0200 CSR_pre@0.30=0.0300
[Gate5 eval-debug] CSR_post@0.10=0.0000 CSR_post@0.15=0.0000 CSR_post@0.20=0.0100 CSR_post@0.25=0.0100 CSR_post@0.30=0.0200
