Importing submoduled environments...
Submoduled environments not found. Skipping import.
[upd 0] u=1 upd_ctr=1 opt_step=16 E=0.080 g=0.089 VarTD=0.203202 ret_end=-28.238 dbar_end=0.769 occ_end=0.170 CSR_train=0.000 done_count=100
[upd 10] u=0 upd_ctr=1 opt_step=16 E=0.937 g=0.094 VarTD=0.178732 ret_end=-27.407 dbar_end=0.753 occ_end=0.200 CSR_train=0.000 done_count=125
[upd 20] u=0 upd_ctr=2 opt_step=32 E=0.806 g=0.097 VarTD=0.141484 ret_end=-27.985 dbar_end=0.742 occ_end=0.160 CSR_train=0.000 done_count=125
[upd 30] u=0 upd_ctr=3 opt_step=48 E=0.613 g=0.098 VarTD=0.140820 ret_end=-27.335 dbar_end=0.741 occ_end=0.200 CSR_train=0.000 done_count=125
[upd 40] u=0 upd_ctr=4 opt_step=64 E=0.491 g=0.115 VarTD=0.128601 ret_end=-25.698 dbar_end=0.688 occ_end=0.200 CSR_train=0.000 done_count=125
[upd 50] u=0 upd_ctr=5 opt_step=80 E=0.410 g=0.104 VarTD=0.166673 ret_end=-26.582 dbar_end=0.720 occ_end=0.112 CSR_train=0.000 done_count=125
[upd 60] u=0 upd_ctr=6 opt_step=96 E=0.303 g=0.114 VarTD=0.135189 ret_end=-26.368 dbar_end=0.692 occ_end=0.184 CSR_train=0.000 done_count=125
[upd 70] u=0 upd_ctr=7 opt_step=112 E=0.310 g=0.111 VarTD=0.139771 ret_end=-26.389 dbar_end=0.701 occ_end=0.208 CSR_train=0.000 done_count=125
[upd 80] u=0 upd_ctr=8 opt_step=128 E=0.325 g=0.124 VarTD=0.152182 ret_end=-25.010 dbar_end=0.665 occ_end=0.208 CSR_train=0.000 done_count=125
[upd 90] u=0 upd_ctr=9 opt_step=144 E=0.345 g=0.131 VarTD=0.145428 ret_end=-25.230 dbar_end=0.646 occ_end=0.160 CSR_train=0.000 done_count=125
[upd 100] u=0 upd_ctr=10 opt_step=160 E=0.314 g=0.114 VarTD=0.160764 ret_end=-26.850 dbar_end=0.692 occ_end=0.168 CSR_train=0.000 done_count=125
[upd 110] u=0 upd_ctr=11 opt_step=176 E=0.333 g=0.120 VarTD=0.160729 ret_end=-25.971 dbar_end=0.674 occ_end=0.200 CSR_train=0.000 done_count=125
[upd 120] u=0 upd_ctr=12 opt_step=192 E=0.450 g=0.123 VarTD=0.201836 ret_end=-25.850 dbar_end=0.668 occ_end=0.248 CSR_train=0.000 done_count=125
[Gate5 check] update_counter violations: t0=0 diffs=0
[Gate5 check] opt_step violations: t0=0 diffs=0 (expected_inc=16)
[Gate5 check] NaN masking: nan_on_skip=True finite_on_update=True
[Gate5 summary] mean_update_fraction=0.0960 final_executed_updates_mean=12.00
[Gate5 eval] done_count mean=100.0 CSR mean=0.0100 len_end_mean=26.00
[Gate5 eval] episodes_per_env=4 T_eval=104
[Gate5 eval-debug] locked_eps_occ=0.20 pre(step25): dbar_end=0.481261 occupied_end_mean=0.390000 max_tilde_end_mean=0.695230 CSR@locked=0.000000
[Gate5 eval-debug] locked_eps_occ=0.20 post(step26): dbar_end=0.476218 occupied_end_mean=0.450000 max_tilde_end_mean=0.688957 CSR@locked=0.010000
[Gate5 eval-debug] CSR_pre@0.10=0.0000 CSR_pre@0.15=0.0000 CSR_pre@0.20=0.0000 CSR_pre@0.25=0.0200 CSR_pre@0.30=0.0500
[Gate5 eval-debug] CSR_post@0.10=0.0000 CSR_post@0.15=0.0100 CSR_post@0.20=0.0100 CSR_post@0.25=0.0200 CSR_post@0.30=0.0500
