Importing submoduled environments...
Submoduled environments not found. Skipping import.
[upd 0] u=1 upd_ctr=1 opt_step=16 E=0.139 g=0.096 VarTD=0.159541 ret_end=-27.424 dbar_end=0.745 occ_end=0.200 CSR_train=0.000 done_count=100
[upd 10] u=0 upd_ctr=1 opt_step=16 E=0.498 g=0.095 VarTD=0.132747 ret_end=-26.853 dbar_end=0.750 occ_end=0.208 CSR_train=0.000 done_count=125
[upd 20] u=0 upd_ctr=1 opt_step=16 E=0.876 g=0.103 VarTD=0.168812 ret_end=-26.447 dbar_end=0.725 occ_end=0.168 CSR_train=0.000 done_count=125
[upd 30] u=0 upd_ctr=2 opt_step=32 E=0.359 g=0.091 VarTD=0.161876 ret_end=-27.775 dbar_end=0.763 occ_end=0.144 CSR_train=0.000 done_count=125
[upd 40] u=0 upd_ctr=2 opt_step=32 E=0.733 g=0.100 VarTD=0.152867 ret_end=-27.141 dbar_end=0.732 occ_end=0.152 CSR_train=0.000 done_count=125
[upd 50] u=0 upd_ctr=3 opt_step=48 E=0.223 g=0.107 VarTD=0.161416 ret_end=-26.893 dbar_end=0.711 occ_end=0.240 CSR_train=0.000 done_count=125
[upd 60] u=0 upd_ctr=3 opt_step=48 E=0.618 g=0.101 VarTD=0.168746 ret_end=-26.708 dbar_end=0.729 occ_end=0.176 CSR_train=0.000 done_count=125
[upd 70] u=0 upd_ctr=4 opt_step=64 E=0.115 g=0.097 VarTD=0.170430 ret_end=-27.617 dbar_end=0.743 occ_end=0.176 CSR_train=0.000 done_count=125
[upd 80] u=0 upd_ctr=4 opt_step=64 E=0.547 g=0.109 VarTD=0.154440 ret_end=-26.514 dbar_end=0.705 occ_end=0.168 CSR_train=0.000 done_count=125
[upd 90] u=1 upd_ctr=5 opt_step=80 E=0.057 g=0.102 VarTD=0.145551 ret_end=-26.802 dbar_end=0.727 occ_end=0.176 CSR_train=0.000 done_count=125
[upd 100] u=0 upd_ctr=5 opt_step=80 E=0.494 g=0.117 VarTD=0.129294 ret_end=-26.148 dbar_end=0.683 occ_end=0.184 CSR_train=0.000 done_count=125
[upd 110] u=0 upd_ctr=5 opt_step=80 E=0.934 g=0.109 VarTD=0.146812 ret_end=-26.265 dbar_end=0.706 occ_end=0.176 CSR_train=0.000 done_count=125
[upd 120] u=0 upd_ctr=6 opt_step=96 E=0.498 g=0.107 VarTD=0.152359 ret_end=-26.965 dbar_end=0.712 occ_end=0.192 CSR_train=0.000 done_count=125
[Gate5 check] update_counter violations: t0=0 diffs=0
[Gate5 check] opt_step violations: t0=0 diffs=0 (expected_inc=16)
[Gate5 check] NaN masking: nan_on_skip=True finite_on_update=True
[Gate5 summary] mean_update_fraction=0.0480 final_executed_updates_mean=6.00
[Gate5 eval] done_count mean=100.0 CSR mean=0.0000 len_end_mean=26.00
[Gate5 eval] episodes_per_env=4 T_eval=104
[Gate5 eval-debug] locked_eps_occ=0.20 pre(step25): dbar_end=0.480790 occupied_end_mean=0.400000 max_tilde_end_mean=0.689328 CSR@locked=0.000000
[Gate5 eval-debug] locked_eps_occ=0.20 post(step26): dbar_end=0.474353 occupied_end_mean=0.490000 max_tilde_end_mean=0.677668 CSR@locked=0.000000
[Gate5 eval-debug] CSR_pre@0.10=0.0000 CSR_pre@0.15=0.0000 CSR_pre@0.20=0.0000 CSR_pre@0.25=0.0200 CSR_pre@0.30=0.0300
[Gate5 eval-debug] CSR_post@0.10=0.0000 CSR_post@0.15=0.0000 CSR_post@0.20=0.0000 CSR_post@0.25=0.0000 CSR_post@0.30=0.0200
