Importing submoduled environments...
Submoduled environments not found. Skipping import.
[upd 0] u=1 upd_ctr=1 opt_step=16 E=0.087 g=0.091 VarTD=0.177780 ret_end=-27.116 dbar_end=0.762 occ_end=0.220 CSR_train=0.000 done_count=100
[upd 10] u=0 upd_ctr=1 opt_step=16 E=0.451 g=0.084 VarTD=0.168711 ret_end=-27.749 dbar_end=0.791 occ_end=0.120 CSR_train=0.000 done_count=125
[upd 20] u=0 upd_ctr=1 opt_step=16 E=0.836 g=0.094 VarTD=0.155229 ret_end=-27.163 dbar_end=0.752 occ_end=0.168 CSR_train=0.000 done_count=125
[upd 30] u=0 upd_ctr=2 opt_step=32 E=0.283 g=0.091 VarTD=0.181999 ret_end=-27.721 dbar_end=0.764 occ_end=0.096 CSR_train=0.000 done_count=125
[upd 40] u=0 upd_ctr=2 opt_step=32 E=0.666 g=0.097 VarTD=0.156220 ret_end=-27.439 dbar_end=0.744 occ_end=0.152 CSR_train=0.000 done_count=125
[upd 50] u=0 upd_ctr=3 opt_step=48 E=0.114 g=0.111 VarTD=0.150135 ret_end=-25.679 dbar_end=0.700 occ_end=0.176 CSR_train=0.000 done_count=125
[upd 60] u=0 upd_ctr=3 opt_step=48 E=0.500 g=0.095 VarTD=0.167895 ret_end=-27.096 dbar_end=0.750 occ_end=0.088 CSR_train=0.000 done_count=125
[upd 70] u=0 upd_ctr=3 opt_step=48 E=0.901 g=0.097 VarTD=0.161988 ret_end=-27.157 dbar_end=0.744 occ_end=0.200 CSR_train=0.008 done_count=125
[upd 80] u=0 upd_ctr=4 opt_step=64 E=0.343 g=0.112 VarTD=0.146732 ret_end=-26.356 dbar_end=0.698 occ_end=0.144 CSR_train=0.008 done_count=125
[upd 90] u=0 upd_ctr=4 opt_step=64 E=0.751 g=0.106 VarTD=0.151470 ret_end=-26.889 dbar_end=0.713 occ_end=0.176 CSR_train=0.000 done_count=125
[upd 100] u=0 upd_ctr=5 opt_step=80 E=0.224 g=0.118 VarTD=0.151140 ret_end=-25.866 dbar_end=0.681 occ_end=0.184 CSR_train=0.008 done_count=125
[upd 110] u=0 upd_ctr=5 opt_step=80 E=0.633 g=0.100 VarTD=0.147800 ret_end=-26.386 dbar_end=0.734 occ_end=0.104 CSR_train=0.000 done_count=125
[upd 120] u=0 upd_ctr=6 opt_step=96 E=0.088 g=0.099 VarTD=0.167001 ret_end=-26.858 dbar_end=0.738 occ_end=0.136 CSR_train=0.000 done_count=125
[upd 130] u=0 upd_ctr=6 opt_step=96 E=0.502 g=0.112 VarTD=0.146767 ret_end=-25.204 dbar_end=0.696 occ_end=0.200 CSR_train=0.000 done_count=100
[upd 140] u=0 upd_ctr=6 opt_step=96 E=0.930 g=0.107 VarTD=0.201747 ret_end=-26.281 dbar_end=0.712 occ_end=0.192 CSR_train=0.000 done_count=125
[upd 150] u=0 upd_ctr=7 opt_step=112 E=0.434 g=0.119 VarTD=0.149919 ret_end=-25.350 dbar_end=0.679 occ_end=0.248 CSR_train=0.000 done_count=125
[upd 160] u=0 upd_ctr=7 opt_step=112 E=0.885 g=0.108 VarTD=0.165306 ret_end=-27.065 dbar_end=0.710 occ_end=0.168 CSR_train=0.000 done_count=125
[upd 170] u=0 upd_ctr=8 opt_step=128 E=0.391 g=0.109 VarTD=0.173112 ret_end=-26.258 dbar_end=0.705 occ_end=0.176 CSR_train=0.000 done_count=125
[upd 180] u=0 upd_ctr=8 opt_step=128 E=0.876 g=0.126 VarTD=0.136118 ret_end=-25.682 dbar_end=0.660 occ_end=0.208 CSR_train=0.008 done_count=125
[upd 190] u=0 upd_ctr=9 opt_step=144 E=0.412 g=0.107 VarTD=0.200578 ret_end=-27.963 dbar_end=0.712 occ_end=0.176 CSR_train=0.000 done_count=125
[upd 200] u=0 upd_ctr=9 opt_step=144 E=0.917 g=0.126 VarTD=0.158607 ret_end=-25.092 dbar_end=0.659 occ_end=0.184 CSR_train=0.000 done_count=125
[upd 210] u=0 upd_ctr=10 opt_step=160 E=0.477 g=0.121 VarTD=0.187096 ret_end=-25.310 dbar_end=0.672 occ_end=0.184 CSR_train=0.000 done_count=125
[upd 220] u=0 upd_ctr=10 opt_step=160 E=0.991 g=0.126 VarTD=0.160208 ret_end=-25.211 dbar_end=0.659 occ_end=0.216 CSR_train=0.000 done_count=125
[upd 230] u=0 upd_ctr=11 opt_step=176 E=0.572 g=0.124 VarTD=0.192462 ret_end=-26.052 dbar_end=0.664 occ_end=0.200 CSR_train=0.000 done_count=125
[upd 240] u=0 upd_ctr=12 opt_step=192 E=0.152 g=0.134 VarTD=0.204098 ret_end=-26.036 dbar_end=0.639 occ_end=0.248 CSR_train=0.000 done_count=125
[upd 250] u=0 upd_ctr=12 opt_step=192 E=0.690 g=0.138 VarTD=0.199527 ret_end=-25.921 dbar_end=0.631 occ_end=0.256 CSR_train=0.000 done_count=125
[upd 260] u=0 upd_ctr=13 opt_step=208 E=0.302 g=0.141 VarTD=0.178652 ret_end=-23.988 dbar_end=0.625 occ_end=0.220 CSR_train=0.000 done_count=100
[upd 270] u=0 upd_ctr=13 opt_step=208 E=0.840 g=0.147 VarTD=0.213286 ret_end=-25.147 dbar_end=0.610 occ_end=0.216 CSR_train=0.000 done_count=125
[upd 280] u=0 upd_ctr=14 opt_step=224 E=0.451 g=0.142 VarTD=0.277199 ret_end=-26.280 dbar_end=0.623 occ_end=0.272 CSR_train=0.000 done_count=125
[upd 290] u=1 upd_ctr=15 opt_step=240 E=0.086 g=0.169 VarTD=0.271384 ret_end=-23.306 dbar_end=0.567 occ_end=0.312 CSR_train=0.000 done_count=125
[upd 300] u=0 upd_ctr=15 opt_step=240 E=0.642 g=0.137 VarTD=0.293772 ret_end=-25.455 dbar_end=0.634 occ_end=0.152 CSR_train=0.000 done_count=125
[upd 310] u=0 upd_ctr=16 opt_step=256 E=0.269 g=0.146 VarTD=0.344070 ret_end=-25.848 dbar_end=0.613 occ_end=0.232 CSR_train=0.000 done_count=125
[Gate5 check] update_counter violations: t0=0 diffs=0
[Gate5 check] opt_step violations: t0=0 diffs=0 (expected_inc=16)
[Gate5 check] NaN masking: nan_on_skip=True finite_on_update=True
[Gate5 summary] mean_update_fraction=0.0513 final_executed_updates_mean=16.00
[Gate5 eval] done_count mean=100.0 CSR mean=0.0000 len_end_mean=26.00
[Gate5 eval] episodes_per_env=4 T_eval=104
[Gate5 eval-debug] locked_eps_occ=0.20 pre(step25): dbar_end=0.483583 occupied_end_mean=0.410000 max_tilde_end_mean=0.694762 CSR@locked=0.000000
[Gate5 eval-debug] locked_eps_occ=0.20 post(step26): dbar_end=0.483118 occupied_end_mean=0.430000 max_tilde_end_mean=0.696378 CSR@locked=0.000000
[Gate5 eval-debug] CSR_pre@0.10=0.0000 CSR_pre@0.15=0.0000 CSR_pre@0.20=0.0000 CSR_pre@0.25=0.0200 CSR_pre@0.30=0.0200
[Gate5 eval-debug] CSR_post@0.10=0.0000 CSR_post@0.15=0.0000 CSR_post@0.20=0.0000 CSR_post@0.25=0.0200 CSR_post@0.30=0.0400
