Importing submoduled environments...
Submoduled environments not found. Skipping import.
[upd 0] u=1 upd_ctr=1 opt_step=16 E=0.420 g=0.092 VarTD=0.127621 ret_end=-27.319 dbar_end=0.760 occ_end=0.140 CSR_train=0.000 done_count=100
[upd 10] u=0 upd_ctr=1 opt_step=16 E=0.420 g=0.102 VarTD=0.162085 ret_end=-27.682 dbar_end=0.727 occ_end=0.168 CSR_train=0.000 done_count=125
[upd 20] u=0 upd_ctr=1 opt_step=16 E=0.420 g=0.083 VarTD=0.141936 ret_end=-28.343 dbar_end=0.793 occ_end=0.144 CSR_train=0.000 done_count=125
[upd 30] u=0 upd_ctr=1 opt_step=16 E=0.420 g=0.093 VarTD=0.135564 ret_end=-27.031 dbar_end=0.758 occ_end=0.192 CSR_train=0.000 done_count=125
[upd 40] u=0 upd_ctr=1 opt_step=16 E=0.420 g=0.084 VarTD=0.154401 ret_end=-27.905 dbar_end=0.790 occ_end=0.096 CSR_train=0.000 done_count=125
[upd 50] u=0 upd_ctr=1 opt_step=16 E=0.420 g=0.095 VarTD=0.140026 ret_end=-26.932 dbar_end=0.749 occ_end=0.168 CSR_train=0.000 done_count=125
[upd 60] u=0 upd_ctr=1 opt_step=16 E=0.420 g=0.095 VarTD=0.130992 ret_end=-27.314 dbar_end=0.751 occ_end=0.152 CSR_train=0.000 done_count=125
[upd 70] u=0 upd_ctr=1 opt_step=16 E=0.420 g=0.092 VarTD=0.171389 ret_end=-27.586 dbar_end=0.760 occ_end=0.160 CSR_train=0.000 done_count=125
[upd 80] u=0 upd_ctr=1 opt_step=16 E=0.420 g=0.090 VarTD=0.156266 ret_end=-26.835 dbar_end=0.765 occ_end=0.136 CSR_train=0.000 done_count=125
[upd 90] u=0 upd_ctr=1 opt_step=16 E=0.420 g=0.090 VarTD=0.155652 ret_end=-28.668 dbar_end=0.766 occ_end=0.152 CSR_train=0.000 done_count=125
[upd 100] u=0 upd_ctr=1 opt_step=16 E=0.420 g=0.106 VarTD=0.137962 ret_end=-25.848 dbar_end=0.714 occ_end=0.232 CSR_train=0.000 done_count=125
[upd 110] u=0 upd_ctr=1 opt_step=16 E=0.420 g=0.085 VarTD=0.179594 ret_end=-28.558 dbar_end=0.785 occ_end=0.112 CSR_train=0.000 done_count=125
[upd 120] u=0 upd_ctr=1 opt_step=16 E=0.420 g=0.099 VarTD=0.135250 ret_end=-27.616 dbar_end=0.737 occ_end=0.128 CSR_train=0.000 done_count=125
[upd 130] u=0 upd_ctr=1 opt_step=16 E=0.420 g=0.100 VarTD=0.121465 ret_end=-26.122 dbar_end=0.732 occ_end=0.180 CSR_train=0.000 done_count=100
[upd 140] u=0 upd_ctr=1 opt_step=16 E=0.420 g=0.108 VarTD=0.150570 ret_end=-26.968 dbar_end=0.710 occ_end=0.144 CSR_train=0.000 done_count=125
[upd 150] u=0 upd_ctr=1 opt_step=16 E=0.420 g=0.094 VarTD=0.136295 ret_end=-27.141 dbar_end=0.753 occ_end=0.144 CSR_train=0.000 done_count=125
[upd 160] u=0 upd_ctr=1 opt_step=16 E=0.420 g=0.094 VarTD=0.126771 ret_end=-27.530 dbar_end=0.752 occ_end=0.208 CSR_train=0.008 done_count=125
[upd 170] u=0 upd_ctr=1 opt_step=16 E=0.420 g=0.097 VarTD=0.154902 ret_end=-26.598 dbar_end=0.742 occ_end=0.128 CSR_train=0.000 done_count=125
[upd 180] u=0 upd_ctr=1 opt_step=16 E=0.420 g=0.098 VarTD=0.171267 ret_end=-26.756 dbar_end=0.740 occ_end=0.144 CSR_train=0.000 done_count=125
[upd 190] u=0 upd_ctr=1 opt_step=16 E=0.420 g=0.087 VarTD=0.155469 ret_end=-27.780 dbar_end=0.777 occ_end=0.144 CSR_train=0.000 done_count=125
[upd 200] u=0 upd_ctr=1 opt_step=16 E=0.420 g=0.096 VarTD=0.124876 ret_end=-27.588 dbar_end=0.746 occ_end=0.120 CSR_train=0.000 done_count=125
[upd 210] u=0 upd_ctr=1 opt_step=16 E=0.420 g=0.081 VarTD=0.139999 ret_end=-28.251 dbar_end=0.799 occ_end=0.080 CSR_train=0.000 done_count=125
[upd 220] u=0 upd_ctr=1 opt_step=16 E=0.420 g=0.097 VarTD=0.127629 ret_end=-27.193 dbar_end=0.744 occ_end=0.088 CSR_train=0.000 done_count=125
[upd 230] u=0 upd_ctr=1 opt_step=16 E=0.420 g=0.077 VarTD=0.173644 ret_end=-28.596 dbar_end=0.816 occ_end=0.112 CSR_train=0.000 done_count=125
[upd 240] u=0 upd_ctr=1 opt_step=16 E=0.420 g=0.075 VarTD=0.187579 ret_end=-28.959 dbar_end=0.827 occ_end=0.104 CSR_train=0.000 done_count=125
[upd 250] u=0 upd_ctr=1 opt_step=16 E=0.420 g=0.091 VarTD=0.173824 ret_end=-27.933 dbar_end=0.763 occ_end=0.104 CSR_train=0.000 done_count=125
[upd 260] u=0 upd_ctr=1 opt_step=16 E=0.420 g=0.080 VarTD=0.165079 ret_end=-28.545 dbar_end=0.803 occ_end=0.110 CSR_train=0.000 done_count=100
[upd 270] u=0 upd_ctr=1 opt_step=16 E=0.420 g=0.085 VarTD=0.126822 ret_end=-27.919 dbar_end=0.784 occ_end=0.104 CSR_train=0.000 done_count=125
[upd 280] u=0 upd_ctr=1 opt_step=16 E=0.420 g=0.090 VarTD=0.160388 ret_end=-27.240 dbar_end=0.767 occ_end=0.160 CSR_train=0.000 done_count=125
[upd 290] u=0 upd_ctr=1 opt_step=16 E=0.420 g=0.100 VarTD=0.136133 ret_end=-26.508 dbar_end=0.734 occ_end=0.208 CSR_train=0.000 done_count=125
[upd 300] u=0 upd_ctr=1 opt_step=16 E=0.420 g=0.098 VarTD=0.160358 ret_end=-27.479 dbar_end=0.741 occ_end=0.136 CSR_train=0.000 done_count=125
[upd 310] u=0 upd_ctr=1 opt_step=16 E=0.420 g=0.089 VarTD=0.131756 ret_end=-26.812 dbar_end=0.771 occ_end=0.104 CSR_train=0.000 done_count=125
[Gate5 check] update_counter violations: t0=0 diffs=0
[Gate5 check] opt_step violations: t0=0 diffs=0 (expected_inc=16)
[Gate5 check] NaN masking: nan_on_skip=True finite_on_update=True
[Gate5 summary] mean_update_fraction=0.0032 final_executed_updates_mean=1.00
[Gate5 eval] done_count mean=100.0 CSR mean=0.0000 len_end_mean=26.00
[Gate5 eval] episodes_per_env=4 T_eval=104
[Gate5 eval-debug] locked_eps_occ=0.20 pre(step25): dbar_end=0.607365 occupied_end_mean=0.350000 max_tilde_end_mean=0.930610 CSR@locked=0.000000
[Gate5 eval-debug] locked_eps_occ=0.20 post(step26): dbar_end=0.613476 occupied_end_mean=0.290000 max_tilde_end_mean=0.931582 CSR@locked=0.000000
[Gate5 eval-debug] CSR_pre@0.10=0.0000 CSR_pre@0.15=0.0000 CSR_pre@0.20=0.0000 CSR_pre@0.25=0.0000 CSR_pre@0.30=0.0100
[Gate5 eval-debug] CSR_post@0.10=0.0000 CSR_post@0.15=0.0000 CSR_post@0.20=0.0000 CSR_post@0.25=0.0000 CSR_post@0.30=0.0100
