Importing submoduled environments...
Submoduled environments not found. Skipping import.
[upd 0] u=1 upd_ctr=1 opt_step=16 E=0.046 g=0.093 VarTD=0.145852 ret_end=-27.154 dbar_end=0.757 occ_end=0.170 CSR_train=0.000 done_count=100
[upd 10] u=0 upd_ctr=1 opt_step=16 E=0.509 g=0.084 VarTD=0.153180 ret_end=-27.639 dbar_end=0.787 occ_end=0.144 CSR_train=0.008 done_count=125
[upd 20] u=0 upd_ctr=1 opt_step=16 E=0.980 g=0.095 VarTD=0.155754 ret_end=-27.101 dbar_end=0.751 occ_end=0.208 CSR_train=0.000 done_count=125
[upd 30] u=0 upd_ctr=2 opt_step=32 E=0.414 g=0.090 VarTD=0.149950 ret_end=-27.256 dbar_end=0.766 occ_end=0.160 CSR_train=0.000 done_count=125
[upd 40] u=0 upd_ctr=2 opt_step=32 E=0.903 g=0.088 VarTD=0.160321 ret_end=-27.862 dbar_end=0.775 occ_end=0.104 CSR_train=0.000 done_count=125
[upd 50] u=0 upd_ctr=3 opt_step=48 E=0.342 g=0.102 VarTD=0.165803 ret_end=-26.976 dbar_end=0.728 occ_end=0.176 CSR_train=0.000 done_count=125
[upd 60] u=0 upd_ctr=3 opt_step=48 E=0.843 g=0.103 VarTD=0.155313 ret_end=-26.429 dbar_end=0.725 occ_end=0.160 CSR_train=0.000 done_count=125
[upd 70] u=0 upd_ctr=4 opt_step=64 E=0.356 g=0.100 VarTD=0.171407 ret_end=-27.663 dbar_end=0.732 occ_end=0.152 CSR_train=0.000 done_count=125
[upd 80] u=0 upd_ctr=4 opt_step=64 E=0.867 g=0.095 VarTD=0.149691 ret_end=-27.133 dbar_end=0.748 occ_end=0.152 CSR_train=0.000 done_count=125
[upd 90] u=0 upd_ctr=5 opt_step=80 E=0.365 g=0.110 VarTD=0.139417 ret_end=-26.602 dbar_end=0.703 occ_end=0.144 CSR_train=0.000 done_count=125
[upd 100] u=0 upd_ctr=5 opt_step=80 E=0.895 g=0.111 VarTD=0.128260 ret_end=-26.119 dbar_end=0.699 occ_end=0.136 CSR_train=0.000 done_count=125
[upd 110] u=0 upd_ctr=6 opt_step=96 E=0.370 g=0.106 VarTD=0.167688 ret_end=-26.043 dbar_end=0.715 occ_end=0.192 CSR_train=0.000 done_count=125
[upd 120] u=0 upd_ctr=6 opt_step=96 E=0.893 g=0.101 VarTD=0.146259 ret_end=-26.893 dbar_end=0.731 occ_end=0.160 CSR_train=0.000 done_count=125
[upd 130] u=0 upd_ctr=7 opt_step=112 E=0.466 g=0.128 VarTD=0.146882 ret_end=-25.179 dbar_end=0.654 occ_end=0.260 CSR_train=0.000 done_count=100
[upd 140] u=0 upd_ctr=7 opt_step=112 E=1.000 g=0.114 VarTD=0.152062 ret_end=-26.137 dbar_end=0.691 occ_end=0.240 CSR_train=0.000 done_count=125
[upd 150] u=0 upd_ctr=8 opt_step=128 E=0.573 g=0.129 VarTD=0.155709 ret_end=-25.744 dbar_end=0.652 occ_end=0.200 CSR_train=0.000 done_count=125
[upd 160] u=0 upd_ctr=9 opt_step=144 E=0.114 g=0.123 VarTD=0.165073 ret_end=-25.321 dbar_end=0.667 occ_end=0.224 CSR_train=0.000 done_count=125
[upd 170] u=0 upd_ctr=9 opt_step=144 E=0.719 g=0.136 VarTD=0.151783 ret_end=-24.927 dbar_end=0.636 occ_end=0.208 CSR_train=0.000 done_count=125
[upd 180] u=0 upd_ctr=10 opt_step=160 E=0.314 g=0.124 VarTD=0.179991 ret_end=-25.857 dbar_end=0.664 occ_end=0.160 CSR_train=0.000 done_count=125
[upd 190] u=0 upd_ctr=10 opt_step=160 E=0.919 g=0.127 VarTD=0.185234 ret_end=-25.471 dbar_end=0.658 occ_end=0.232 CSR_train=0.000 done_count=125
[upd 200] u=0 upd_ctr=11 opt_step=176 E=0.485 g=0.121 VarTD=0.169528 ret_end=-26.417 dbar_end=0.673 occ_end=0.200 CSR_train=0.000 done_count=125
[upd 210] u=0 upd_ctr=12 opt_step=192 E=0.128 g=0.130 VarTD=0.217576 ret_end=-26.045 dbar_end=0.651 occ_end=0.176 CSR_train=0.000 done_count=125
[upd 220] u=0 upd_ctr=12 opt_step=192 E=0.780 g=0.125 VarTD=0.217943 ret_end=-26.003 dbar_end=0.663 occ_end=0.224 CSR_train=0.000 done_count=125
[upd 230] u=0 upd_ctr=13 opt_step=208 E=0.395 g=0.136 VarTD=0.229685 ret_end=-25.530 dbar_end=0.636 occ_end=0.192 CSR_train=0.008 done_count=125
[upd 240] u=0 upd_ctr=13 opt_step=208 E=1.000 g=0.117 VarTD=0.229979 ret_end=-26.989 dbar_end=0.683 occ_end=0.200 CSR_train=0.000 done_count=125
[upd 250] u=0 upd_ctr=14 opt_step=224 E=0.641 g=0.134 VarTD=0.281881 ret_end=-25.968 dbar_end=0.640 occ_end=0.320 CSR_train=0.000 done_count=125
[upd 260] u=0 upd_ctr=15 opt_step=240 E=0.269 g=0.125 VarTD=0.298089 ret_end=-26.454 dbar_end=0.662 occ_end=0.150 CSR_train=0.000 done_count=100
[upd 270] u=0 upd_ctr=15 opt_step=240 E=0.930 g=0.134 VarTD=0.317838 ret_end=-26.123 dbar_end=0.641 occ_end=0.240 CSR_train=0.000 done_count=125
[upd 280] u=0 upd_ctr=16 opt_step=256 E=0.602 g=0.139 VarTD=0.336460 ret_end=-24.806 dbar_end=0.629 occ_end=0.200 CSR_train=0.000 done_count=125
[upd 290] u=0 upd_ctr=17 opt_step=272 E=0.199 g=0.134 VarTD=0.384223 ret_end=-25.144 dbar_end=0.641 occ_end=0.240 CSR_train=0.000 done_count=125
[upd 300] u=0 upd_ctr=17 opt_step=272 E=0.866 g=0.135 VarTD=0.408123 ret_end=-24.753 dbar_end=0.639 occ_end=0.248 CSR_train=0.000 done_count=125
[upd 310] u=0 upd_ctr=18 opt_step=288 E=0.446 g=0.131 VarTD=0.480929 ret_end=-25.355 dbar_end=0.648 occ_end=0.200 CSR_train=0.000 done_count=125
[Gate5 check] update_counter violations: t0=0 diffs=0
[Gate5 check] opt_step violations: t0=0 diffs=0 (expected_inc=16)
[Gate5 check] NaN masking: nan_on_skip=True finite_on_update=True
[Gate5 summary] mean_update_fraction=0.0577 final_executed_updates_mean=18.00
[Gate5 eval] done_count mean=100.0 CSR mean=0.0000 len_end_mean=26.00
[Gate5 eval] episodes_per_env=4 T_eval=104
[Gate5 eval-debug] locked_eps_occ=0.20 pre(step25): dbar_end=0.525718 occupied_end_mean=0.370000 max_tilde_end_mean=0.794552 CSR@locked=0.000000
[Gate5 eval-debug] locked_eps_occ=0.20 post(step26): dbar_end=0.527250 occupied_end_mean=0.330000 max_tilde_end_mean=0.801163 CSR@locked=0.000000
[Gate5 eval-debug] CSR_pre@0.10=0.0000 CSR_pre@0.15=0.0000 CSR_pre@0.20=0.0000 CSR_pre@0.25=0.0100 CSR_pre@0.30=0.0100
[Gate5 eval-debug] CSR_post@0.10=0.0000 CSR_post@0.15=0.0000 CSR_post@0.20=0.0000 CSR_post@0.25=0.0000 CSR_post@0.30=0.0100
