Importing submoduled environments...
Submoduled environments not found. Skipping import.
[upd 0] u=1 upd_ctr=1 opt_step=16 E=0.072 g=0.089 VarTD=0.155748 ret_end=-26.495 dbar_end=0.769 occ_end=0.110 CSR_train=0.000 done_count=100
[upd 10] u=0 upd_ctr=1 opt_step=16 E=0.808 g=0.096 VarTD=0.160584 ret_end=-27.044 dbar_end=0.748 occ_end=0.128 CSR_train=0.000 done_count=125
[upd 20] u=0 upd_ctr=2 opt_step=32 E=0.517 g=0.085 VarTD=0.202793 ret_end=-28.366 dbar_end=0.785 occ_end=0.192 CSR_train=0.000 done_count=125
[upd 30] u=0 upd_ctr=3 opt_step=48 E=0.237 g=0.095 VarTD=0.165595 ret_end=-26.924 dbar_end=0.751 occ_end=0.152 CSR_train=0.000 done_count=125
[upd 40] u=0 upd_ctr=3 opt_step=48 E=1.000 g=0.097 VarTD=0.172868 ret_end=-26.658 dbar_end=0.744 occ_end=0.168 CSR_train=0.000 done_count=125
[upd 50] u=0 upd_ctr=4 opt_step=64 E=0.830 g=0.104 VarTD=0.142793 ret_end=-26.938 dbar_end=0.721 occ_end=0.160 CSR_train=0.000 done_count=125
[upd 60] u=0 upd_ctr=5 opt_step=80 E=0.648 g=0.101 VarTD=0.151582 ret_end=-26.850 dbar_end=0.730 occ_end=0.144 CSR_train=0.000 done_count=125
[upd 70] u=0 upd_ctr=6 opt_step=96 E=0.434 g=0.110 VarTD=0.147050 ret_end=-25.866 dbar_end=0.704 occ_end=0.160 CSR_train=0.000 done_count=125
[upd 80] u=0 upd_ctr=7 opt_step=112 E=0.238 g=0.099 VarTD=0.143921 ret_end=-26.830 dbar_end=0.737 occ_end=0.160 CSR_train=0.000 done_count=125
[upd 90] u=1 upd_ctr=8 opt_step=128 E=0.084 g=0.104 VarTD=0.137788 ret_end=-26.757 dbar_end=0.720 occ_end=0.200 CSR_train=0.000 done_count=125
[upd 100] u=0 upd_ctr=8 opt_step=128 E=0.964 g=0.107 VarTD=0.161786 ret_end=-26.976 dbar_end=0.713 occ_end=0.224 CSR_train=0.000 done_count=125
[upd 110] u=0 upd_ctr=9 opt_step=144 E=0.809 g=0.116 VarTD=0.155953 ret_end=-26.568 dbar_end=0.687 occ_end=0.184 CSR_train=0.000 done_count=125
[upd 120] u=0 upd_ctr=10 opt_step=160 E=0.645 g=0.136 VarTD=0.158886 ret_end=-25.275 dbar_end=0.635 occ_end=0.232 CSR_train=0.000 done_count=125
[upd 130] u=0 upd_ctr=11 opt_step=176 E=0.560 g=0.119 VarTD=0.185171 ret_end=-26.827 dbar_end=0.677 occ_end=0.330 CSR_train=0.000 done_count=100
[upd 140] u=0 upd_ctr=12 opt_step=192 E=0.464 g=0.116 VarTD=0.190509 ret_end=-26.032 dbar_end=0.686 occ_end=0.136 CSR_train=0.000 done_count=125
[upd 150] u=0 upd_ctr=13 opt_step=208 E=0.386 g=0.119 VarTD=0.219600 ret_end=-25.391 dbar_end=0.679 occ_end=0.168 CSR_train=0.000 done_count=125
[upd 160] u=0 upd_ctr=14 opt_step=224 E=0.291 g=0.138 VarTD=0.258539 ret_end=-25.583 dbar_end=0.631 occ_end=0.232 CSR_train=0.000 done_count=125
[upd 170] u=0 upd_ctr=15 opt_step=240 E=0.201 g=0.129 VarTD=0.280601 ret_end=-25.823 dbar_end=0.651 occ_end=0.272 CSR_train=0.000 done_count=125
[upd 180] u=0 upd_ctr=16 opt_step=256 E=0.209 g=0.135 VarTD=0.318677 ret_end=-25.253 dbar_end=0.637 occ_end=0.240 CSR_train=0.000 done_count=125
[upd 190] u=0 upd_ctr=17 opt_step=272 E=0.221 g=0.137 VarTD=0.416389 ret_end=-25.833 dbar_end=0.634 occ_end=0.184 CSR_train=0.000 done_count=125
[upd 200] u=0 upd_ctr=18 opt_step=288 E=0.215 g=0.126 VarTD=0.423865 ret_end=-25.496 dbar_end=0.660 occ_end=0.184 CSR_train=0.000 done_count=125
[upd 210] u=0 upd_ctr=19 opt_step=304 E=0.213 g=0.139 VarTD=0.520950 ret_end=-25.410 dbar_end=0.630 occ_end=0.200 CSR_train=0.000 done_count=125
[upd 220] u=0 upd_ctr=20 opt_step=320 E=0.218 g=0.135 VarTD=0.597033 ret_end=-24.814 dbar_end=0.639 occ_end=0.192 CSR_train=0.000 done_count=125
[upd 230] u=0 upd_ctr=21 opt_step=336 E=0.349 g=0.145 VarTD=0.673087 ret_end=-25.045 dbar_end=0.616 occ_end=0.256 CSR_train=0.000 done_count=125
[upd 240] u=0 upd_ctr=22 opt_step=352 E=0.488 g=0.144 VarTD=0.807191 ret_end=-24.698 dbar_end=0.617 occ_end=0.248 CSR_train=0.000 done_count=125
[upd 250] u=0 upd_ctr=23 opt_step=368 E=0.586 g=0.155 VarTD=0.893876 ret_end=-24.112 dbar_end=0.595 occ_end=0.240 CSR_train=0.000 done_count=125
[upd 260] u=0 upd_ctr=24 opt_step=384 E=0.711 g=0.148 VarTD=0.806477 ret_end=-24.630 dbar_end=0.609 occ_end=0.290 CSR_train=0.000 done_count=100
[upd 270] u=0 upd_ctr=25 opt_step=400 E=0.837 g=0.147 VarTD=1.108896 ret_end=-24.339 dbar_end=0.611 occ_end=0.240 CSR_train=0.000 done_count=125
[upd 280] u=0 upd_ctr=26 opt_step=416 E=0.978 g=0.132 VarTD=1.267940 ret_end=-25.890 dbar_end=0.646 occ_end=0.144 CSR_train=0.000 done_count=125
[upd 290] u=1 upd_ctr=28 opt_step=448 E=0.122 g=0.152 VarTD=1.377368 ret_end=-24.361 dbar_end=0.600 occ_end=0.200 CSR_train=0.000 done_count=125
[upd 300] u=0 upd_ctr=29 opt_step=464 E=0.376 g=0.158 VarTD=1.740885 ret_end=-24.666 dbar_end=0.588 occ_end=0.312 CSR_train=0.000 done_count=125
[upd 310] u=0 upd_ctr=30 opt_step=480 E=0.680 g=0.165 VarTD=1.838411 ret_end=-24.599 dbar_end=0.574 occ_end=0.296 CSR_train=0.008 done_count=125
[Gate5 check] update_counter violations: t0=0 diffs=0
[Gate5 check] opt_step violations: t0=0 diffs=0 (expected_inc=16)
[Gate5 check] NaN masking: nan_on_skip=True finite_on_update=True
[Gate5 summary] mean_update_fraction=0.0962 final_executed_updates_mean=30.00
[Gate5 eval] done_count mean=100.0 CSR mean=0.0100 len_end_mean=26.00
[Gate5 eval] episodes_per_env=4 T_eval=104
[Gate5 eval-debug] locked_eps_occ=0.20 pre(step25): dbar_end=0.476583 occupied_end_mean=0.430000 max_tilde_end_mean=0.665412 CSR@locked=0.010000
[Gate5 eval-debug] locked_eps_occ=0.20 post(step26): dbar_end=0.473210 occupied_end_mean=0.410000 max_tilde_end_mean=0.660215 CSR@locked=0.010000
[Gate5 eval-debug] CSR_pre@0.10=0.0000 CSR_pre@0.15=0.0100 CSR_pre@0.20=0.0100 CSR_pre@0.25=0.0200 CSR_pre@0.30=0.0500
[Gate5 eval-debug] CSR_post@0.10=0.0000 CSR_post@0.15=0.0100 CSR_post@0.20=0.0100 CSR_post@0.25=0.0400 CSR_post@0.30=0.0500
