Importing submoduled environments...
Submoduled environments not found. Skipping import.
[upd 0] u=1 upd_ctr=1 opt_step=16 E=0.010 g=0.096 VarTD=0.158273 ret_end=-27.822 dbar_end=0.748 occ_end=0.150 CSR_train=0.000 done_count=100
[upd 10] u=0 upd_ctr=1 opt_step=16 E=0.105 g=0.097 VarTD=0.181267 ret_end=-27.128 dbar_end=0.741 occ_end=0.144 CSR_train=0.000 done_count=125
[upd 20] u=0 upd_ctr=1 opt_step=16 E=0.201 g=0.093 VarTD=0.171953 ret_end=-27.458 dbar_end=0.756 occ_end=0.160 CSR_train=0.008 done_count=125
[upd 30] u=0 upd_ctr=1 opt_step=16 E=0.298 g=0.084 VarTD=0.182575 ret_end=-28.598 dbar_end=0.790 occ_end=0.064 CSR_train=0.000 done_count=125
[upd 40] u=0 upd_ctr=1 opt_step=16 E=0.395 g=0.094 VarTD=0.153062 ret_end=-27.671 dbar_end=0.753 occ_end=0.144 CSR_train=0.000 done_count=125
[upd 50] u=0 upd_ctr=1 opt_step=16 E=0.490 g=0.109 VarTD=0.142482 ret_end=-26.109 dbar_end=0.707 occ_end=0.160 CSR_train=0.000 done_count=125
[upd 60] u=0 upd_ctr=1 opt_step=16 E=0.585 g=0.091 VarTD=0.166838 ret_end=-27.430 dbar_end=0.764 occ_end=0.168 CSR_train=0.000 done_count=125
[upd 70] u=0 upd_ctr=1 opt_step=16 E=0.679 g=0.096 VarTD=0.199463 ret_end=-28.146 dbar_end=0.748 occ_end=0.160 CSR_train=0.000 done_count=125
[upd 80] u=0 upd_ctr=1 opt_step=16 E=0.777 g=0.104 VarTD=0.188605 ret_end=-26.408 dbar_end=0.720 occ_end=0.200 CSR_train=0.000 done_count=125
[upd 90] u=0 upd_ctr=1 opt_step=16 E=0.874 g=0.098 VarTD=0.158739 ret_end=-26.588 dbar_end=0.739 occ_end=0.160 CSR_train=0.000 done_count=125
[upd 100] u=0 upd_ctr=1 opt_step=16 E=0.970 g=0.101 VarTD=0.169625 ret_end=-27.191 dbar_end=0.729 occ_end=0.184 CSR_train=0.000 done_count=125
[upd 110] u=0 upd_ctr=2 opt_step=32 E=0.061 g=0.092 VarTD=0.178180 ret_end=-27.383 dbar_end=0.760 occ_end=0.192 CSR_train=0.000 done_count=125
[upd 120] u=0 upd_ctr=2 opt_step=32 E=0.153 g=0.086 VarTD=0.189470 ret_end=-28.274 dbar_end=0.780 occ_end=0.152 CSR_train=0.000 done_count=125
[upd 130] u=0 upd_ctr=2 opt_step=32 E=0.252 g=0.110 VarTD=0.146492 ret_end=-25.610 dbar_end=0.702 occ_end=0.300 CSR_train=0.000 done_count=100
[upd 140] u=0 upd_ctr=2 opt_step=32 E=0.353 g=0.094 VarTD=0.171436 ret_end=-27.763 dbar_end=0.754 occ_end=0.128 CSR_train=0.000 done_count=125
[upd 150] u=0 upd_ctr=2 opt_step=32 E=0.453 g=0.105 VarTD=0.172237 ret_end=-25.683 dbar_end=0.719 occ_end=0.168 CSR_train=0.000 done_count=125
[upd 160] u=0 upd_ctr=2 opt_step=32 E=0.553 g=0.099 VarTD=0.155599 ret_end=-27.119 dbar_end=0.738 occ_end=0.080 CSR_train=0.000 done_count=125
[upd 170] u=0 upd_ctr=2 opt_step=32 E=0.651 g=0.104 VarTD=0.142009 ret_end=-26.325 dbar_end=0.721 occ_end=0.160 CSR_train=0.000 done_count=125
[upd 180] u=0 upd_ctr=2 opt_step=32 E=0.752 g=0.089 VarTD=0.162315 ret_end=-28.296 dbar_end=0.772 occ_end=0.208 CSR_train=0.000 done_count=125
[upd 190] u=0 upd_ctr=2 opt_step=32 E=0.852 g=0.107 VarTD=0.138070 ret_end=-26.351 dbar_end=0.713 occ_end=0.144 CSR_train=0.000 done_count=125
[upd 200] u=0 upd_ctr=2 opt_step=32 E=0.950 g=0.103 VarTD=0.156167 ret_end=-26.522 dbar_end=0.725 occ_end=0.136 CSR_train=0.000 done_count=125
[upd 210] u=0 upd_ctr=3 opt_step=48 E=0.043 g=0.098 VarTD=0.175667 ret_end=-27.614 dbar_end=0.739 occ_end=0.112 CSR_train=0.000 done_count=125
[upd 220] u=0 upd_ctr=3 opt_step=48 E=0.145 g=0.101 VarTD=0.162159 ret_end=-26.857 dbar_end=0.729 occ_end=0.144 CSR_train=0.000 done_count=125
[upd 230] u=0 upd_ctr=3 opt_step=48 E=0.251 g=0.097 VarTD=0.149511 ret_end=-27.117 dbar_end=0.743 occ_end=0.120 CSR_train=0.000 done_count=125
[upd 240] u=0 upd_ctr=3 opt_step=48 E=0.355 g=0.112 VarTD=0.142586 ret_end=-27.084 dbar_end=0.696 occ_end=0.160 CSR_train=0.000 done_count=125
[upd 250] u=0 upd_ctr=3 opt_step=48 E=0.460 g=0.092 VarTD=0.153402 ret_end=-26.973 dbar_end=0.758 occ_end=0.136 CSR_train=0.000 done_count=125
[upd 260] u=0 upd_ctr=3 opt_step=48 E=0.565 g=0.116 VarTD=0.134309 ret_end=-26.304 dbar_end=0.687 occ_end=0.210 CSR_train=0.000 done_count=100
[upd 270] u=0 upd_ctr=3 opt_step=48 E=0.669 g=0.114 VarTD=0.150375 ret_end=-25.869 dbar_end=0.692 occ_end=0.184 CSR_train=0.000 done_count=125
[upd 280] u=0 upd_ctr=3 opt_step=48 E=0.775 g=0.094 VarTD=0.138867 ret_end=-27.136 dbar_end=0.752 occ_end=0.160 CSR_train=0.000 done_count=125
[upd 290] u=0 upd_ctr=3 opt_step=48 E=0.879 g=0.106 VarTD=0.167593 ret_end=-26.207 dbar_end=0.714 occ_end=0.160 CSR_train=0.000 done_count=125
[upd 300] u=0 upd_ctr=3 opt_step=48 E=0.979 g=0.093 VarTD=0.204690 ret_end=-27.909 dbar_end=0.756 occ_end=0.192 CSR_train=0.000 done_count=125
[upd 310] u=0 upd_ctr=4 opt_step=64 E=0.074 g=0.104 VarTD=0.148433 ret_end=-26.789 dbar_end=0.720 occ_end=0.112 CSR_train=0.000 done_count=125
[Gate5 check] update_counter violations: t0=0 diffs=0
[Gate5 check] opt_step violations: t0=0 diffs=0 (expected_inc=16)
[Gate5 check] NaN masking: nan_on_skip=True finite_on_update=True
[Gate5 summary] mean_update_fraction=0.0128 final_executed_updates_mean=4.00
[Gate5 eval] done_count mean=100.0 CSR mean=0.0100 len_end_mean=26.00
[Gate5 eval] episodes_per_env=4 T_eval=104
[Gate5 eval-debug] locked_eps_occ=0.20 pre(step25): dbar_end=0.530760 occupied_end_mean=0.470000 max_tilde_end_mean=0.782188 CSR@locked=0.000000
[Gate5 eval-debug] locked_eps_occ=0.20 post(step26): dbar_end=0.538848 occupied_end_mean=0.400000 max_tilde_end_mean=0.783593 CSR@locked=0.010000
[Gate5 eval-debug] CSR_pre@0.10=0.0000 CSR_pre@0.15=0.0000 CSR_pre@0.20=0.0000 CSR_pre@0.25=0.0100 CSR_pre@0.30=0.0500
[Gate5 eval-debug] CSR_post@0.10=0.0000 CSR_post@0.15=0.0000 CSR_post@0.20=0.0100 CSR_post@0.25=0.0200 CSR_post@0.30=0.0500
