Importing submoduled environments...
Submoduled environments not found. Skipping import.
[upd 0] u=1 upd_ctr=1 opt_step=16 E=0.910 g=0.096 VarTD=0.126111 ret_end=-26.492 dbar_end=0.745 occ_end=0.140 CSR_train=0.000 done_count=100
[upd 10] u=1 upd_ctr=11 opt_step=176 E=0.023 g=0.141 VarTD=0.157884 ret_end=-24.632 dbar_end=0.623 occ_end=0.280 CSR_train=0.000 done_count=125
[upd 20] u=0 upd_ctr=12 opt_step=192 E=0.058 g=0.137 VarTD=0.201165 ret_end=-25.460 dbar_end=0.634 occ_end=0.224 CSR_train=0.000 done_count=125
[upd 30] u=0 upd_ctr=13 opt_step=208 E=0.094 g=0.137 VarTD=0.193529 ret_end=-24.327 dbar_end=0.634 occ_end=0.200 CSR_train=0.000 done_count=125
[upd 40] u=0 upd_ctr=15 opt_step=240 E=0.030 g=0.149 VarTD=0.263463 ret_end=-24.217 dbar_end=0.607 occ_end=0.208 CSR_train=0.000 done_count=125
[upd 50] u=0 upd_ctr=16 opt_step=256 E=0.072 g=0.128 VarTD=0.347746 ret_end=-26.157 dbar_end=0.654 occ_end=0.184 CSR_train=0.000 done_count=125
[upd 60] u=0 upd_ctr=17 opt_step=272 E=0.112 g=0.155 VarTD=0.361237 ret_end=-24.549 dbar_end=0.593 occ_end=0.240 CSR_train=0.000 done_count=125
[upd 70] u=0 upd_ctr=19 opt_step=304 E=0.056 g=0.144 VarTD=0.487117 ret_end=-25.158 dbar_end=0.617 occ_end=0.208 CSR_train=0.000 done_count=125
[upd 80] u=0 upd_ctr=20 opt_step=320 E=0.109 g=0.154 VarTD=0.587066 ret_end=-24.244 dbar_end=0.597 occ_end=0.280 CSR_train=0.000 done_count=125
[upd 90] u=0 upd_ctr=22 opt_step=352 E=0.058 g=0.165 VarTD=0.712208 ret_end=-24.124 dbar_end=0.574 occ_end=0.280 CSR_train=0.000 done_count=125
[upd 100] u=0 upd_ctr=23 opt_step=368 E=0.117 g=0.174 VarTD=0.806351 ret_end=-23.518 dbar_end=0.557 occ_end=0.296 CSR_train=0.000 done_count=125
[upd 110] u=0 upd_ctr=25 opt_step=400 E=0.080 g=0.181 VarTD=1.040702 ret_end=-24.221 dbar_end=0.545 occ_end=0.328 CSR_train=0.000 done_count=125
[upd 120] u=0 upd_ctr=27 opt_step=432 E=0.040 g=0.166 VarTD=1.268663 ret_end=-25.125 dbar_end=0.571 occ_end=0.320 CSR_train=0.000 done_count=125
[Gate5 check] update_counter violations: t0=0 diffs=0
[Gate5 check] opt_step violations: t0=0 diffs=0 (expected_inc=16)
[Gate5 check] NaN masking: nan_on_skip=True finite_on_update=True
[Gate5 summary] mean_update_fraction=0.2160 final_executed_updates_mean=27.00
[Gate5 eval] done_count mean=100.0 CSR mean=0.0000 len_end_mean=26.00
[Gate5 eval] episodes_per_env=4 T_eval=104
[Gate5 eval-debug] locked_eps_occ=0.20 pre(step25): dbar_end=0.470418 occupied_end_mean=0.430000 max_tilde_end_mean=0.697196 CSR@locked=0.010000
[Gate5 eval-debug] locked_eps_occ=0.20 post(step26): dbar_end=0.460005 occupied_end_mean=0.480000 max_tilde_end_mean=0.690202 CSR@locked=0.000000
[Gate5 eval-debug] CSR_pre@0.10=0.0000 CSR_pre@0.15=0.0000 CSR_pre@0.20=0.0100 CSR_pre@0.25=0.0100 CSR_pre@0.30=0.0100
[Gate5 eval-debug] CSR_post@0.10=0.0000 CSR_post@0.15=0.0000 CSR_post@0.20=0.0000 CSR_post@0.25=0.0100 CSR_post@0.30=0.0200
