Importing submoduled environments...
Submoduled environments not found. Skipping import.
[upd 0] u=1 upd_ctr=1 opt_step=16 E=0.134 g=0.084 VarTD=0.138136 ret_end=-27.863 dbar_end=0.788 occ_end=0.160 CSR_train=0.000 done_count=100
[upd 10] u=0 upd_ctr=1 opt_step=16 E=0.488 g=0.114 VarTD=0.122236 ret_end=-25.937 dbar_end=0.692 occ_end=0.192 CSR_train=0.000 done_count=125
[upd 20] u=0 upd_ctr=1 opt_step=16 E=0.857 g=0.091 VarTD=0.162561 ret_end=-27.447 dbar_end=0.763 occ_end=0.168 CSR_train=0.000 done_count=125
[upd 30] u=0 upd_ctr=2 opt_step=32 E=0.354 g=0.116 VarTD=0.151517 ret_end=-25.259 dbar_end=0.685 occ_end=0.176 CSR_train=0.000 done_count=125
[upd 40] u=0 upd_ctr=2 opt_step=32 E=0.753 g=0.105 VarTD=0.140753 ret_end=-26.036 dbar_end=0.717 occ_end=0.232 CSR_train=0.008 done_count=125
[upd 50] u=0 upd_ctr=3 opt_step=48 E=0.274 g=0.104 VarTD=0.145413 ret_end=-26.696 dbar_end=0.721 occ_end=0.144 CSR_train=0.000 done_count=125
[upd 60] u=0 upd_ctr=3 opt_step=48 E=0.695 g=0.107 VarTD=0.171636 ret_end=-27.704 dbar_end=0.711 occ_end=0.232 CSR_train=0.000 done_count=125
[upd 70] u=0 upd_ctr=4 opt_step=64 E=0.205 g=0.098 VarTD=0.166726 ret_end=-27.308 dbar_end=0.740 occ_end=0.144 CSR_train=0.000 done_count=125
[upd 80] u=0 upd_ctr=4 opt_step=64 E=0.634 g=0.107 VarTD=0.139573 ret_end=-26.703 dbar_end=0.712 occ_end=0.112 CSR_train=0.000 done_count=125
[upd 90] u=0 upd_ctr=5 opt_step=80 E=0.181 g=0.117 VarTD=0.138696 ret_end=-25.153 dbar_end=0.684 occ_end=0.208 CSR_train=0.000 done_count=125
[upd 100] u=0 upd_ctr=5 opt_step=80 E=0.636 g=0.122 VarTD=0.127739 ret_end=-24.938 dbar_end=0.670 occ_end=0.208 CSR_train=0.000 done_count=125
[upd 110] u=0 upd_ctr=6 opt_step=96 E=0.202 g=0.117 VarTD=0.138890 ret_end=-26.748 dbar_end=0.682 occ_end=0.168 CSR_train=0.000 done_count=125
[upd 120] u=0 upd_ctr=6 opt_step=96 E=0.688 g=0.109 VarTD=0.141257 ret_end=-25.995 dbar_end=0.706 occ_end=0.192 CSR_train=0.000 done_count=125
[upd 130] u=0 upd_ctr=7 opt_step=112 E=0.257 g=0.122 VarTD=0.145581 ret_end=-26.152 dbar_end=0.669 occ_end=0.130 CSR_train=0.000 done_count=100
[upd 140] u=0 upd_ctr=7 opt_step=112 E=0.745 g=0.124 VarTD=0.192604 ret_end=-26.462 dbar_end=0.664 occ_end=0.232 CSR_train=0.000 done_count=125
[upd 150] u=0 upd_ctr=8 opt_step=128 E=0.329 g=0.125 VarTD=0.136749 ret_end=-25.388 dbar_end=0.662 occ_end=0.152 CSR_train=0.000 done_count=125
[upd 160] u=0 upd_ctr=8 opt_step=128 E=0.851 g=0.130 VarTD=0.156680 ret_end=-25.827 dbar_end=0.650 occ_end=0.192 CSR_train=0.000 done_count=125
[upd 170] u=0 upd_ctr=9 opt_step=144 E=0.445 g=0.117 VarTD=0.163604 ret_end=-25.582 dbar_end=0.683 occ_end=0.160 CSR_train=0.000 done_count=125
[upd 180] u=0 upd_ctr=9 opt_step=144 E=0.947 g=0.134 VarTD=0.155368 ret_end=-25.350 dbar_end=0.640 occ_end=0.224 CSR_train=0.000 done_count=125
[upd 190] u=0 upd_ctr=10 opt_step=160 E=0.564 g=0.138 VarTD=0.160892 ret_end=-25.471 dbar_end=0.630 occ_end=0.104 CSR_train=0.000 done_count=125
[upd 200] u=0 upd_ctr=11 opt_step=176 E=0.188 g=0.131 VarTD=0.158001 ret_end=-25.211 dbar_end=0.648 occ_end=0.304 CSR_train=0.008 done_count=125
[upd 210] u=0 upd_ctr=11 opt_step=176 E=0.713 g=0.124 VarTD=0.175896 ret_end=-26.107 dbar_end=0.666 occ_end=0.240 CSR_train=0.008 done_count=125
[upd 220] u=0 upd_ctr=12 opt_step=192 E=0.320 g=0.118 VarTD=0.190486 ret_end=-26.282 dbar_end=0.681 occ_end=0.200 CSR_train=0.000 done_count=125
[upd 230] u=0 upd_ctr=12 opt_step=192 E=0.857 g=0.140 VarTD=0.176457 ret_end=-24.607 dbar_end=0.627 occ_end=0.192 CSR_train=0.000 done_count=125
[upd 240] u=0 upd_ctr=13 opt_step=208 E=0.480 g=0.132 VarTD=0.212791 ret_end=-25.242 dbar_end=0.646 occ_end=0.208 CSR_train=0.000 done_count=125
[upd 250] u=1 upd_ctr=14 opt_step=224 E=0.107 g=0.145 VarTD=0.210774 ret_end=-25.191 dbar_end=0.615 occ_end=0.208 CSR_train=0.000 done_count=125
[upd 260] u=0 upd_ctr=14 opt_step=224 E=0.632 g=0.114 VarTD=0.234180 ret_end=-26.338 dbar_end=0.691 occ_end=0.160 CSR_train=0.000 done_count=100
[upd 270] u=0 upd_ctr=15 opt_step=240 E=0.263 g=0.136 VarTD=0.262587 ret_end=-24.933 dbar_end=0.635 occ_end=0.200 CSR_train=0.000 done_count=125
[upd 280] u=0 upd_ctr=15 opt_step=240 E=0.797 g=0.128 VarTD=0.300775 ret_end=-26.378 dbar_end=0.656 occ_end=0.208 CSR_train=0.000 done_count=125
[upd 290] u=0 upd_ctr=16 opt_step=256 E=0.440 g=0.145 VarTD=0.318110 ret_end=-23.872 dbar_end=0.616 occ_end=0.256 CSR_train=0.000 done_count=125
[upd 300] u=1 upd_ctr=17 opt_step=272 E=0.071 g=0.140 VarTD=0.314140 ret_end=-25.685 dbar_end=0.626 occ_end=0.232 CSR_train=0.000 done_count=125
[upd 310] u=0 upd_ctr=17 opt_step=272 E=0.640 g=0.133 VarTD=0.367496 ret_end=-25.155 dbar_end=0.643 occ_end=0.216 CSR_train=0.000 done_count=125
[Gate5 check] update_counter violations: t0=0 diffs=0
[Gate5 check] opt_step violations: t0=0 diffs=0 (expected_inc=16)
[Gate5 check] NaN masking: nan_on_skip=True finite_on_update=True
[Gate5 summary] mean_update_fraction=0.0545 final_executed_updates_mean=17.00
[Gate5 eval] done_count mean=100.0 CSR mean=0.0000 len_end_mean=26.00
[Gate5 eval] episodes_per_env=4 T_eval=104
[Gate5 eval-debug] locked_eps_occ=0.20 pre(step25): dbar_end=0.491130 occupied_end_mean=0.430000 max_tilde_end_mean=0.725220 CSR@locked=0.010000
[Gate5 eval-debug] locked_eps_occ=0.20 post(step26): dbar_end=0.491322 occupied_end_mean=0.450000 max_tilde_end_mean=0.722073 CSR@locked=0.000000
[Gate5 eval-debug] CSR_pre@0.10=0.0000 CSR_pre@0.15=0.0000 CSR_pre@0.20=0.0100 CSR_pre@0.25=0.0100 CSR_pre@0.30=0.0200
[Gate5 eval-debug] CSR_post@0.10=0.0000 CSR_post@0.15=0.0000 CSR_post@0.20=0.0000 CSR_post@0.25=0.0200 CSR_post@0.30=0.0400
