Importing submoduled environments...
Submoduled environments not found. Skipping import.
[upd 0] u=1 upd_ctr=1 opt_step=16 E=0.119 g=0.094 VarTD=0.148631 ret_end=-26.843 dbar_end=0.752 occ_end=0.140 CSR_train=0.000 done_count=100
[upd 10] u=0 upd_ctr=1 opt_step=16 E=0.303 g=0.098 VarTD=0.120442 ret_end=-26.989 dbar_end=0.738 occ_end=0.144 CSR_train=0.000 done_count=125
[upd 20] u=0 upd_ctr=1 opt_step=16 E=0.487 g=0.093 VarTD=0.164388 ret_end=-27.803 dbar_end=0.757 occ_end=0.128 CSR_train=0.000 done_count=125
[upd 30] u=0 upd_ctr=1 opt_step=16 E=0.668 g=0.089 VarTD=0.129913 ret_end=-27.111 dbar_end=0.771 occ_end=0.144 CSR_train=0.000 done_count=125
[upd 40] u=0 upd_ctr=1 opt_step=16 E=0.861 g=0.100 VarTD=0.159573 ret_end=-26.946 dbar_end=0.735 occ_end=0.184 CSR_train=0.000 done_count=125
[upd 50] u=0 upd_ctr=2 opt_step=32 E=0.151 g=0.107 VarTD=0.129164 ret_end=-27.131 dbar_end=0.712 occ_end=0.168 CSR_train=0.000 done_count=125
[upd 60] u=0 upd_ctr=2 opt_step=32 E=0.338 g=0.092 VarTD=0.144472 ret_end=-27.415 dbar_end=0.762 occ_end=0.120 CSR_train=0.000 done_count=125
[upd 70] u=0 upd_ctr=2 opt_step=32 E=0.534 g=0.098 VarTD=0.141838 ret_end=-26.462 dbar_end=0.739 occ_end=0.168 CSR_train=0.000 done_count=125
[upd 80] u=0 upd_ctr=2 opt_step=32 E=0.728 g=0.100 VarTD=0.124183 ret_end=-26.530 dbar_end=0.734 occ_end=0.176 CSR_train=0.000 done_count=125
[upd 90] u=1 upd_ctr=3 opt_step=48 E=0.023 g=0.101 VarTD=0.135117 ret_end=-26.395 dbar_end=0.732 occ_end=0.176 CSR_train=0.000 done_count=125
[upd 100] u=0 upd_ctr=3 opt_step=48 E=0.227 g=0.095 VarTD=0.175214 ret_end=-27.211 dbar_end=0.751 occ_end=0.120 CSR_train=0.000 done_count=125
[upd 110] u=0 upd_ctr=3 opt_step=48 E=0.427 g=0.096 VarTD=0.179380 ret_end=-27.232 dbar_end=0.745 occ_end=0.192 CSR_train=0.000 done_count=125
[upd 120] u=0 upd_ctr=3 opt_step=48 E=0.617 g=0.096 VarTD=0.131875 ret_end=-26.732 dbar_end=0.745 occ_end=0.184 CSR_train=0.000 done_count=125
[Gate5 check] update_counter violations: t0=0 diffs=0
[Gate5 check] opt_step violations: t0=0 diffs=0 (expected_inc=16)
[Gate5 check] NaN masking: nan_on_skip=True finite_on_update=True
[Gate5 summary] mean_update_fraction=0.0240 final_executed_updates_mean=3.00
[Gate5 eval] done_count mean=100.0 CSR mean=0.0000 len_end_mean=26.00
[Gate5 eval] episodes_per_env=4 T_eval=104
[Gate5 eval-debug] locked_eps_occ=0.20 pre(step25): dbar_end=0.558335 occupied_end_mean=0.210000 max_tilde_end_mean=0.796455 CSR@locked=0.000000
[Gate5 eval-debug] locked_eps_occ=0.20 post(step26): dbar_end=0.550881 occupied_end_mean=0.300000 max_tilde_end_mean=0.793575 CSR@locked=0.000000
[Gate5 eval-debug] CSR_pre@0.10=0.0000 CSR_pre@0.15=0.0000 CSR_pre@0.20=0.0000 CSR_pre@0.25=0.0000 CSR_pre@0.30=0.0100
[Gate5 eval-debug] CSR_post@0.10=0.0000 CSR_post@0.15=0.0000 CSR_post@0.20=0.0000 CSR_post@0.25=0.0000 CSR_post@0.30=0.0000
