Importing submoduled environments...
Submoduled environments not found. Skipping import.
[upd 0] u=1 upd_ctr=1 opt_step=16 E=0.075 g=0.084 VarTD=0.138136 ret_end=-27.863 dbar_end=0.788 occ_end=0.160 CSR_train=0.000 done_count=100
[upd 10] u=0 upd_ctr=1 opt_step=16 E=0.341 g=0.114 VarTD=0.122236 ret_end=-25.937 dbar_end=0.692 occ_end=0.192 CSR_train=0.000 done_count=125
[upd 20] u=0 upd_ctr=1 opt_step=16 E=0.618 g=0.091 VarTD=0.162561 ret_end=-27.447 dbar_end=0.763 occ_end=0.168 CSR_train=0.000 done_count=125
[upd 30] u=0 upd_ctr=1 opt_step=16 E=0.903 g=0.110 VarTD=0.157643 ret_end=-25.650 dbar_end=0.703 occ_end=0.208 CSR_train=0.000 done_count=125
[upd 40] u=0 upd_ctr=2 opt_step=32 E=0.244 g=0.101 VarTD=0.144396 ret_end=-26.246 dbar_end=0.730 occ_end=0.224 CSR_train=0.008 done_count=125
[upd 50] u=0 upd_ctr=2 opt_step=32 E=0.550 g=0.101 VarTD=0.152407 ret_end=-26.883 dbar_end=0.729 occ_end=0.152 CSR_train=0.000 done_count=125
[upd 60] u=0 upd_ctr=2 opt_step=32 E=0.849 g=0.105 VarTD=0.177740 ret_end=-27.794 dbar_end=0.717 occ_end=0.200 CSR_train=0.000 done_count=125
[upd 70] u=0 upd_ctr=3 opt_step=48 E=0.190 g=0.088 VarTD=0.173695 ret_end=-27.760 dbar_end=0.774 occ_end=0.120 CSR_train=0.000 done_count=125
[upd 80] u=0 upd_ctr=3 opt_step=48 E=0.496 g=0.102 VarTD=0.148150 ret_end=-26.917 dbar_end=0.726 occ_end=0.136 CSR_train=0.000 done_count=125
[upd 90] u=0 upd_ctr=3 opt_step=48 E=0.809 g=0.108 VarTD=0.143464 ret_end=-25.568 dbar_end=0.708 occ_end=0.232 CSR_train=0.000 done_count=125
[upd 100] u=0 upd_ctr=4 opt_step=64 E=0.177 g=0.119 VarTD=0.126794 ret_end=-25.223 dbar_end=0.679 occ_end=0.200 CSR_train=0.000 done_count=125
[upd 110] u=0 upd_ctr=4 opt_step=64 E=0.495 g=0.110 VarTD=0.143315 ret_end=-27.065 dbar_end=0.702 occ_end=0.160 CSR_train=0.000 done_count=125
[upd 120] u=0 upd_ctr=4 opt_step=64 E=0.819 g=0.105 VarTD=0.152851 ret_end=-26.373 dbar_end=0.717 occ_end=0.208 CSR_train=0.000 done_count=125
[upd 130] u=0 upd_ctr=5 opt_step=80 E=0.175 g=0.107 VarTD=0.147536 ret_end=-26.691 dbar_end=0.712 occ_end=0.230 CSR_train=0.000 done_count=100
[upd 140] u=0 upd_ctr=5 opt_step=80 E=0.504 g=0.114 VarTD=0.187906 ret_end=-26.959 dbar_end=0.691 occ_end=0.264 CSR_train=0.000 done_count=125
[upd 150] u=0 upd_ctr=5 opt_step=80 E=0.821 g=0.110 VarTD=0.126984 ret_end=-26.021 dbar_end=0.702 occ_end=0.128 CSR_train=0.000 done_count=125
[upd 160] u=0 upd_ctr=6 opt_step=96 E=0.207 g=0.113 VarTD=0.150631 ret_end=-26.335 dbar_end=0.694 occ_end=0.224 CSR_train=0.000 done_count=125
[upd 170] u=0 upd_ctr=6 opt_step=96 E=0.533 g=0.105 VarTD=0.149286 ret_end=-26.120 dbar_end=0.716 occ_end=0.184 CSR_train=0.000 done_count=125
[upd 180] u=0 upd_ctr=6 opt_step=96 E=0.851 g=0.110 VarTD=0.153015 ret_end=-26.591 dbar_end=0.704 occ_end=0.136 CSR_train=0.000 done_count=125
[upd 190] u=0 upd_ctr=7 opt_step=112 E=0.245 g=0.128 VarTD=0.138933 ret_end=-26.327 dbar_end=0.654 occ_end=0.168 CSR_train=0.000 done_count=125
[upd 200] u=0 upd_ctr=7 opt_step=112 E=0.604 g=0.116 VarTD=0.127890 ret_end=-25.852 dbar_end=0.687 occ_end=0.272 CSR_train=0.000 done_count=125
[upd 210] u=0 upd_ctr=7 opt_step=112 E=0.955 g=0.110 VarTD=0.140368 ret_end=-26.571 dbar_end=0.702 occ_end=0.160 CSR_train=0.000 done_count=125
[upd 220] u=0 upd_ctr=8 opt_step=128 E=0.355 g=0.105 VarTD=0.144577 ret_end=-26.776 dbar_end=0.717 occ_end=0.168 CSR_train=0.000 done_count=125
[upd 230] u=0 upd_ctr=8 opt_step=128 E=0.718 g=0.125 VarTD=0.127881 ret_end=-25.149 dbar_end=0.663 occ_end=0.192 CSR_train=0.000 done_count=125
[upd 240] u=0 upd_ctr=9 opt_step=144 E=0.123 g=0.114 VarTD=0.153630 ret_end=-25.946 dbar_end=0.691 occ_end=0.192 CSR_train=0.000 done_count=125
[upd 250] u=0 upd_ctr=9 opt_step=144 E=0.485 g=0.132 VarTD=0.143977 ret_end=-25.645 dbar_end=0.644 occ_end=0.232 CSR_train=0.000 done_count=125
[upd 260] u=0 upd_ctr=9 opt_step=144 E=0.851 g=0.103 VarTD=0.175615 ret_end=-26.983 dbar_end=0.723 occ_end=0.190 CSR_train=0.000 done_count=100
[upd 270] u=0 upd_ctr=10 opt_step=160 E=0.259 g=0.126 VarTD=0.138111 ret_end=-25.435 dbar_end=0.661 occ_end=0.224 CSR_train=0.000 done_count=125
[upd 280] u=0 upd_ctr=10 opt_step=160 E=0.637 g=0.121 VarTD=0.161557 ret_end=-26.565 dbar_end=0.673 occ_end=0.232 CSR_train=0.000 done_count=125
[upd 290] u=1 upd_ctr=11 opt_step=176 E=0.056 g=0.129 VarTD=0.145916 ret_end=-24.673 dbar_end=0.652 occ_end=0.200 CSR_train=0.000 done_count=125
[upd 300] u=0 upd_ctr=11 opt_step=176 E=0.428 g=0.132 VarTD=0.154557 ret_end=-25.831 dbar_end=0.644 occ_end=0.208 CSR_train=0.000 done_count=125
[upd 310] u=0 upd_ctr=11 opt_step=176 E=0.814 g=0.117 VarTD=0.153066 ret_end=-25.873 dbar_end=0.684 occ_end=0.144 CSR_train=0.000 done_count=125
[Gate5 check] update_counter violations: t0=0 diffs=0
[Gate5 check] opt_step violations: t0=0 diffs=0 (expected_inc=16)
[Gate5 check] NaN masking: nan_on_skip=True finite_on_update=True
[Gate5 summary] mean_update_fraction=0.0353 final_executed_updates_mean=11.00
[Gate5 eval] done_count mean=100.0 CSR mean=0.0100 len_end_mean=26.00
[Gate5 eval] episodes_per_env=4 T_eval=104
[Gate5 eval-debug] locked_eps_occ=0.20 pre(step25): dbar_end=0.510212 occupied_end_mean=0.450000 max_tilde_end_mean=0.733022 CSR@locked=0.010000
[Gate5 eval-debug] locked_eps_occ=0.20 post(step26): dbar_end=0.510262 occupied_end_mean=0.390000 max_tilde_end_mean=0.727367 CSR@locked=0.010000
[Gate5 eval-debug] CSR_pre@0.10=0.0000 CSR_pre@0.15=0.0000 CSR_pre@0.20=0.0100 CSR_pre@0.25=0.0500 CSR_pre@0.30=0.0700
[Gate5 eval-debug] CSR_post@0.10=0.0000 CSR_post@0.15=0.0000 CSR_post@0.20=0.0100 CSR_post@0.25=0.0200 CSR_post@0.30=0.0400
