Importing submoduled environments...
Submoduled environments not found. Skipping import.
[upd 0] u=1 upd_ctr=1 opt_step=16 E=0.187 g=0.096 VarTD=0.126111 ret_end=-26.492 dbar_end=0.745 occ_end=0.140 CSR_train=0.000 done_count=100
[upd 10] u=1 upd_ctr=2 opt_step=32 E=0.128 g=0.101 VarTD=0.147310 ret_end=-26.592 dbar_end=0.729 occ_end=0.144 CSR_train=0.000 done_count=125
[upd 20] u=1 upd_ctr=3 opt_step=48 E=0.130 g=0.096 VarTD=0.151880 ret_end=-27.319 dbar_end=0.748 occ_end=0.128 CSR_train=0.000 done_count=125
[upd 30] u=1 upd_ctr=4 opt_step=64 E=0.184 g=0.112 VarTD=0.133554 ret_end=-25.459 dbar_end=0.696 occ_end=0.160 CSR_train=0.000 done_count=125
[upd 40] u=0 upd_ctr=5 opt_step=80 E=0.278 g=0.121 VarTD=0.127889 ret_end=-25.258 dbar_end=0.673 occ_end=0.088 CSR_train=0.000 done_count=125
[upd 50] u=0 upd_ctr=6 opt_step=96 E=0.373 g=0.104 VarTD=0.169142 ret_end=-27.411 dbar_end=0.722 occ_end=0.136 CSR_train=0.000 done_count=125
[upd 60] u=0 upd_ctr=7 opt_step=112 E=0.483 g=0.122 VarTD=0.148845 ret_end=-25.769 dbar_end=0.669 occ_end=0.168 CSR_train=0.000 done_count=125
[upd 70] u=0 upd_ctr=8 opt_step=128 E=0.627 g=0.108 VarTD=0.138680 ret_end=-26.418 dbar_end=0.707 occ_end=0.152 CSR_train=0.000 done_count=125
[upd 80] u=0 upd_ctr=9 opt_step=144 E=0.831 g=0.127 VarTD=0.170584 ret_end=-25.504 dbar_end=0.658 occ_end=0.232 CSR_train=0.000 done_count=125
[upd 90] u=1 upd_ctr=11 opt_step=176 E=0.162 g=0.141 VarTD=0.171484 ret_end=-25.268 dbar_end=0.624 occ_end=0.352 CSR_train=0.008 done_count=125
[upd 100] u=0 upd_ctr=12 opt_step=192 E=0.477 g=0.155 VarTD=0.197498 ret_end=-25.011 dbar_end=0.594 occ_end=0.224 CSR_train=0.000 done_count=125
[upd 110] u=0 upd_ctr=13 opt_step=208 E=0.853 g=0.149 VarTD=0.223849 ret_end=-25.016 dbar_end=0.607 occ_end=0.208 CSR_train=0.000 done_count=125
[upd 120] u=0 upd_ctr=15 opt_step=240 E=0.312 g=0.140 VarTD=0.316573 ret_end=-26.136 dbar_end=0.627 occ_end=0.224 CSR_train=0.000 done_count=125
[upd 130] u=0 upd_ctr=16 opt_step=256 E=0.751 g=0.135 VarTD=0.300967 ret_end=-25.594 dbar_end=0.637 occ_end=0.220 CSR_train=0.000 done_count=100
[upd 140] u=1 upd_ctr=18 opt_step=288 E=0.233 g=0.148 VarTD=0.393103 ret_end=-24.831 dbar_end=0.608 occ_end=0.208 CSR_train=0.000 done_count=125
[upd 150] u=0 upd_ctr=19 opt_step=304 E=0.727 g=0.165 VarTD=0.549496 ret_end=-23.808 dbar_end=0.573 occ_end=0.264 CSR_train=0.000 done_count=125
[upd 160] u=0 upd_ctr=21 opt_step=336 E=0.349 g=0.152 VarTD=0.708498 ret_end=-24.917 dbar_end=0.601 occ_end=0.256 CSR_train=0.000 done_count=125
[upd 170] u=0 upd_ctr=22 opt_step=352 E=0.886 g=0.153 VarTD=0.819331 ret_end=-24.462 dbar_end=0.597 occ_end=0.288 CSR_train=0.000 done_count=125
[upd 180] u=0 upd_ctr=24 opt_step=384 E=0.543 g=0.171 VarTD=0.988566 ret_end=-23.773 dbar_end=0.562 occ_end=0.232 CSR_train=0.000 done_count=125
[upd 190] u=1 upd_ctr=26 opt_step=416 E=0.230 g=0.174 VarTD=1.207005 ret_end=-23.707 dbar_end=0.558 occ_end=0.320 CSR_train=0.000 done_count=125
[upd 200] u=0 upd_ctr=27 opt_step=432 E=0.874 g=0.177 VarTD=1.408419 ret_end=-23.636 dbar_end=0.551 occ_end=0.312 CSR_train=0.000 done_count=125
[upd 210] u=0 upd_ctr=29 opt_step=464 E=0.584 g=0.178 VarTD=1.776622 ret_end=-23.170 dbar_end=0.550 occ_end=0.304 CSR_train=0.000 done_count=125
[upd 220] u=0 upd_ctr=31 opt_step=496 E=0.345 g=0.174 VarTD=2.087203 ret_end=-24.468 dbar_end=0.558 occ_end=0.272 CSR_train=0.000 done_count=125
[upd 230] u=1 upd_ctr=33 opt_step=528 E=0.208 g=0.188 VarTD=2.244022 ret_end=-22.701 dbar_end=0.532 occ_end=0.336 CSR_train=0.000 done_count=125
[upd 240] u=0 upd_ctr=34 opt_step=544 E=0.942 g=0.177 VarTD=2.542198 ret_end=-23.893 dbar_end=0.552 occ_end=0.296 CSR_train=0.000 done_count=125
[upd 250] u=0 upd_ctr=36 opt_step=576 E=0.800 g=0.189 VarTD=2.990039 ret_end=-24.053 dbar_end=0.531 occ_end=0.232 CSR_train=0.000 done_count=125
[upd 260] u=0 upd_ctr=38 opt_step=608 E=0.675 g=0.171 VarTD=2.594474 ret_end=-23.918 dbar_end=0.563 occ_end=0.270 CSR_train=0.000 done_count=100
[upd 270] u=0 upd_ctr=40 opt_step=640 E=0.542 g=0.183 VarTD=3.581381 ret_end=-23.314 dbar_end=0.542 occ_end=0.224 CSR_train=0.000 done_count=125
[upd 280] u=0 upd_ctr=42 opt_step=672 E=0.393 g=0.183 VarTD=3.939286 ret_end=-23.085 dbar_end=0.541 occ_end=0.304 CSR_train=0.000 done_count=125
[upd 290] u=1 upd_ctr=44 opt_step=704 E=0.229 g=0.192 VarTD=4.133149 ret_end=-23.630 dbar_end=0.526 occ_end=0.280 CSR_train=0.000 done_count=125
[upd 300] u=0 upd_ctr=45 opt_step=720 E=1.000 g=0.168 VarTD=4.346770 ret_end=-23.808 dbar_end=0.568 occ_end=0.360 CSR_train=0.008 done_count=125
[upd 310] u=0 upd_ctr=47 opt_step=752 E=0.842 g=0.187 VarTD=4.611277 ret_end=-22.426 dbar_end=0.534 occ_end=0.336 CSR_train=0.000 done_count=125
[Gate5 check] update_counter violations: t0=0 diffs=0
[Gate5 check] opt_step violations: t0=0 diffs=0 (expected_inc=16)
[Gate5 check] NaN masking: nan_on_skip=True finite_on_update=True
[Gate5 summary] mean_update_fraction=0.1506 final_executed_updates_mean=47.00
[Gate5 eval] done_count mean=100.0 CSR mean=0.0100 len_end_mean=26.00
[Gate5 eval] episodes_per_env=4 T_eval=104
[Gate5 eval-debug] locked_eps_occ=0.20 pre(step25): dbar_end=0.462906 occupied_end_mean=0.440000 max_tilde_end_mean=0.664501 CSR@locked=0.010000
[Gate5 eval-debug] locked_eps_occ=0.20 post(step26): dbar_end=0.463397 occupied_end_mean=0.500000 max_tilde_end_mean=0.667508 CSR@locked=0.010000
[Gate5 eval-debug] CSR_pre@0.10=0.0000 CSR_pre@0.15=0.0000 CSR_pre@0.20=0.0100 CSR_pre@0.25=0.0200 CSR_pre@0.30=0.0400
[Gate5 eval-debug] CSR_post@0.10=0.0000 CSR_post@0.15=0.0000 CSR_post@0.20=0.0100 CSR_post@0.25=0.0300 CSR_post@0.30=0.0400
