Importing submoduled environments...
Submoduled environments not found. Skipping import.
[upd 0] u=1 upd_ctr=1 opt_step=16 E=0.087 g=0.092 VarTD=0.142843 ret_end=-27.084 dbar_end=0.760 occ_end=0.110 CSR_train=0.000 done_count=100
[upd 10] u=0 upd_ctr=1 opt_step=16 E=0.449 g=0.091 VarTD=0.164683 ret_end=-27.227 dbar_end=0.764 occ_end=0.176 CSR_train=0.000 done_count=125
[upd 20] u=0 upd_ctr=1 opt_step=16 E=0.826 g=0.080 VarTD=0.174803 ret_end=-28.589 dbar_end=0.804 occ_end=0.112 CSR_train=0.000 done_count=125
[upd 30] u=0 upd_ctr=2 opt_step=32 E=0.265 g=0.098 VarTD=0.132336 ret_end=-27.166 dbar_end=0.740 occ_end=0.208 CSR_train=0.000 done_count=125
[upd 40] u=0 upd_ctr=2 opt_step=32 E=0.655 g=0.099 VarTD=0.147725 ret_end=-26.632 dbar_end=0.736 occ_end=0.128 CSR_train=0.000 done_count=125
[upd 50] u=0 upd_ctr=3 opt_step=48 E=0.098 g=0.095 VarTD=0.134521 ret_end=-27.147 dbar_end=0.749 occ_end=0.192 CSR_train=0.000 done_count=125
[upd 60] u=0 upd_ctr=3 opt_step=48 E=0.528 g=0.124 VarTD=0.144585 ret_end=-25.402 dbar_end=0.666 occ_end=0.208 CSR_train=0.000 done_count=125
[upd 70] u=0 upd_ctr=3 opt_step=48 E=0.944 g=0.098 VarTD=0.160403 ret_end=-27.042 dbar_end=0.740 occ_end=0.120 CSR_train=0.000 done_count=125
[upd 80] u=0 upd_ctr=4 opt_step=64 E=0.433 g=0.106 VarTD=0.140718 ret_end=-26.772 dbar_end=0.715 occ_end=0.184 CSR_train=0.000 done_count=125
[upd 90] u=0 upd_ctr=4 opt_step=64 E=0.881 g=0.112 VarTD=0.119498 ret_end=-26.066 dbar_end=0.697 occ_end=0.128 CSR_train=0.000 done_count=125
[upd 100] u=0 upd_ctr=5 opt_step=80 E=0.388 g=0.116 VarTD=0.145368 ret_end=-27.335 dbar_end=0.687 occ_end=0.152 CSR_train=0.000 done_count=125
[upd 110] u=0 upd_ctr=5 opt_step=80 E=0.845 g=0.125 VarTD=0.146340 ret_end=-26.341 dbar_end=0.663 occ_end=0.200 CSR_train=0.000 done_count=125
[upd 120] u=0 upd_ctr=6 opt_step=96 E=0.374 g=0.117 VarTD=0.131460 ret_end=-25.689 dbar_end=0.683 occ_end=0.176 CSR_train=0.000 done_count=125
[upd 130] u=0 upd_ctr=6 opt_step=96 E=0.852 g=0.109 VarTD=0.151834 ret_end=-26.436 dbar_end=0.705 occ_end=0.200 CSR_train=0.000 done_count=100
[upd 140] u=0 upd_ctr=7 opt_step=112 E=0.390 g=0.131 VarTD=0.155427 ret_end=-25.366 dbar_end=0.647 occ_end=0.176 CSR_train=0.000 done_count=125
[upd 150] u=0 upd_ctr=7 opt_step=112 E=0.859 g=0.111 VarTD=0.132680 ret_end=-24.894 dbar_end=0.701 occ_end=0.168 CSR_train=0.000 done_count=125
[upd 160] u=0 upd_ctr=8 opt_step=128 E=0.420 g=0.122 VarTD=0.155817 ret_end=-26.013 dbar_end=0.670 occ_end=0.240 CSR_train=0.008 done_count=125
[upd 170] u=0 upd_ctr=8 opt_step=128 E=0.929 g=0.122 VarTD=0.153854 ret_end=-25.369 dbar_end=0.669 occ_end=0.216 CSR_train=0.000 done_count=125
[upd 180] u=0 upd_ctr=9 opt_step=144 E=0.494 g=0.128 VarTD=0.147027 ret_end=-25.506 dbar_end=0.654 occ_end=0.168 CSR_train=0.000 done_count=125
[upd 190] u=1 upd_ctr=10 opt_step=160 E=0.075 g=0.129 VarTD=0.158951 ret_end=-25.846 dbar_end=0.653 occ_end=0.192 CSR_train=0.000 done_count=125
[upd 200] u=0 upd_ctr=10 opt_step=160 E=0.626 g=0.135 VarTD=0.183074 ret_end=-25.588 dbar_end=0.638 occ_end=0.232 CSR_train=0.000 done_count=125
[upd 210] u=0 upd_ctr=11 opt_step=176 E=0.216 g=0.154 VarTD=0.200630 ret_end=-24.649 dbar_end=0.597 occ_end=0.288 CSR_train=0.000 done_count=125
[upd 220] u=0 upd_ctr=11 opt_step=176 E=0.791 g=0.142 VarTD=0.160199 ret_end=-24.774 dbar_end=0.622 occ_end=0.264 CSR_train=0.000 done_count=125
[upd 230] u=0 upd_ctr=12 opt_step=192 E=0.421 g=0.145 VarTD=0.214105 ret_end=-24.591 dbar_end=0.615 occ_end=0.240 CSR_train=0.000 done_count=125
[upd 240] u=0 upd_ctr=12 opt_step=192 E=0.999 g=0.134 VarTD=0.242886 ret_end=-25.666 dbar_end=0.641 occ_end=0.216 CSR_train=0.000 done_count=125
[upd 250] u=0 upd_ctr=13 opt_step=208 E=0.635 g=0.150 VarTD=0.211057 ret_end=-25.174 dbar_end=0.603 occ_end=0.280 CSR_train=0.016 done_count=125
[upd 260] u=0 upd_ctr=14 opt_step=224 E=0.288 g=0.154 VarTD=0.233261 ret_end=-23.701 dbar_end=0.595 occ_end=0.320 CSR_train=0.010 done_count=100
[upd 270] u=0 upd_ctr=14 opt_step=224 E=0.880 g=0.137 VarTD=0.259506 ret_end=-24.649 dbar_end=0.633 occ_end=0.136 CSR_train=0.000 done_count=125
[upd 280] u=0 upd_ctr=15 opt_step=240 E=0.522 g=0.163 VarTD=0.279441 ret_end=-24.068 dbar_end=0.578 occ_end=0.256 CSR_train=0.000 done_count=125
[upd 290] u=0 upd_ctr=16 opt_step=256 E=0.176 g=0.167 VarTD=0.349783 ret_end=-24.237 dbar_end=0.570 occ_end=0.224 CSR_train=0.000 done_count=125
[upd 300] u=0 upd_ctr=16 opt_step=256 E=0.779 g=0.149 VarTD=0.334754 ret_end=-24.400 dbar_end=0.607 occ_end=0.232 CSR_train=0.000 done_count=125
[upd 310] u=0 upd_ctr=17 opt_step=272 E=0.442 g=0.152 VarTD=0.384333 ret_end=-24.973 dbar_end=0.601 occ_end=0.256 CSR_train=0.000 done_count=125
[Gate5 check] update_counter violations: t0=0 diffs=0
[Gate5 check] opt_step violations: t0=0 diffs=0 (expected_inc=16)
[Gate5 check] NaN masking: nan_on_skip=True finite_on_update=True
[Gate5 summary] mean_update_fraction=0.0545 final_executed_updates_mean=17.00
[Gate5 eval] done_count mean=100.0 CSR mean=0.0100 len_end_mean=26.00
[Gate5 eval] episodes_per_env=4 T_eval=104
[Gate5 eval-debug] locked_eps_occ=0.20 pre(step25): dbar_end=0.515332 occupied_end_mean=0.320000 max_tilde_end_mean=0.744418 CSR@locked=0.010000
[Gate5 eval-debug] locked_eps_occ=0.20 post(step26): dbar_end=0.507508 occupied_end_mean=0.360000 max_tilde_end_mean=0.731017 CSR@locked=0.010000
[Gate5 eval-debug] CSR_pre@0.10=0.0000 CSR_pre@0.15=0.0000 CSR_pre@0.20=0.0100 CSR_pre@0.25=0.0100 CSR_pre@0.30=0.0200
[Gate5 eval-debug] CSR_post@0.10=0.0100 CSR_post@0.15=0.0100 CSR_post@0.20=0.0100 CSR_post@0.25=0.0300 CSR_post@0.30=0.0400
