Importing submoduled environments...
Submoduled environments not found. Skipping import.
[upd 0] u=0 upd_ctr=0 opt_step=0 E=1.000 g=0.083 VarTD=0.176951 ret_end=-28.473 dbar_end=0.794 occ_end=0.140 CSR_train=0.000 done_count=100
[upd 10] u=0 upd_ctr=0 opt_step=0 E=1.000 g=0.087 VarTD=0.153943 ret_end=-28.631 dbar_end=0.777 occ_end=0.104 CSR_train=0.000 done_count=125
[upd 20] u=0 upd_ctr=0 opt_step=0 E=1.000 g=0.087 VarTD=0.159424 ret_end=-28.096 dbar_end=0.779 occ_end=0.168 CSR_train=0.000 done_count=125
[upd 30] u=0 upd_ctr=0 opt_step=0 E=1.000 g=0.089 VarTD=0.149227 ret_end=-27.632 dbar_end=0.771 occ_end=0.120 CSR_train=0.008 done_count=125
[upd 40] u=0 upd_ctr=0 opt_step=0 E=1.000 g=0.088 VarTD=0.172755 ret_end=-27.502 dbar_end=0.774 occ_end=0.168 CSR_train=0.000 done_count=125
[upd 50] u=0 upd_ctr=0 opt_step=0 E=1.000 g=0.092 VarTD=0.181398 ret_end=-27.323 dbar_end=0.762 occ_end=0.112 CSR_train=0.000 done_count=125
[upd 60] u=0 upd_ctr=0 opt_step=0 E=1.000 g=0.092 VarTD=0.135010 ret_end=-27.168 dbar_end=0.758 occ_end=0.136 CSR_train=0.000 done_count=125
[upd 70] u=0 upd_ctr=0 opt_step=0 E=1.000 g=0.086 VarTD=0.176648 ret_end=-27.452 dbar_end=0.780 occ_end=0.168 CSR_train=0.000 done_count=125
[upd 80] u=0 upd_ctr=0 opt_step=0 E=1.000 g=0.090 VarTD=0.143252 ret_end=-27.990 dbar_end=0.768 occ_end=0.160 CSR_train=0.000 done_count=125
[upd 90] u=0 upd_ctr=0 opt_step=0 E=1.000 g=0.088 VarTD=0.139790 ret_end=-28.201 dbar_end=0.774 occ_end=0.144 CSR_train=0.000 done_count=125
[upd 100] u=0 upd_ctr=0 opt_step=0 E=1.000 g=0.084 VarTD=0.183220 ret_end=-27.945 dbar_end=0.790 occ_end=0.064 CSR_train=0.000 done_count=125
[upd 110] u=0 upd_ctr=0 opt_step=0 E=1.000 g=0.099 VarTD=0.147179 ret_end=-26.201 dbar_end=0.737 occ_end=0.112 CSR_train=0.000 done_count=125
[upd 120] u=0 upd_ctr=0 opt_step=0 E=1.000 g=0.085 VarTD=0.150131 ret_end=-26.785 dbar_end=0.787 occ_end=0.144 CSR_train=0.000 done_count=125
[Gate5 check] update_counter violations: t0=0 diffs=0
[Gate5 check] opt_step violations: t0=0 diffs=0 (expected_inc=16)
[Gate5 check] NaN masking: nan_on_skip=True finite_on_update=True
[Gate5 summary] mean_update_fraction=0.0000 final_executed_updates_mean=0.00
[Gate5 eval] done_count mean=100.0 CSR mean=0.0000 len_end_mean=26.00
[Gate5 eval] episodes_per_env=4 T_eval=104
[Gate5 eval-debug] locked_eps_occ=0.20 pre(step25): dbar_end=2.081853 occupied_end_mean=0.030000 max_tilde_end_mean=2.539258 CSR@locked=0.000000
[Gate5 eval-debug] locked_eps_occ=0.20 post(step26): dbar_end=2.170199 occupied_end_mean=0.030000 max_tilde_end_mean=2.632365 CSR@locked=0.000000
[Gate5 eval-debug] CSR_pre@0.10=0.0000 CSR_pre@0.15=0.0000 CSR_pre@0.20=0.0000 CSR_pre@0.25=0.0000 CSR_pre@0.30=0.0000
[Gate5 eval-debug] CSR_post@0.10=0.0000 CSR_post@0.15=0.0000 CSR_post@0.20=0.0000 CSR_post@0.25=0.0000 CSR_post@0.30=0.0000
