Importing submoduled environments...
Submoduled environments not found. Skipping import.
[upd 0] u=1 upd_ctr=1 opt_step=16 E=0.083 g=0.083 VarTD=0.176951 ret_end=-28.473 dbar_end=0.794 occ_end=0.140 CSR_train=0.000 done_count=100
[upd 10] u=0 upd_ctr=1 opt_step=16 E=1.000 g=0.089 VarTD=0.152994 ret_end=-28.611 dbar_end=0.772 occ_end=0.104 CSR_train=0.000 done_count=125
[upd 20] u=0 upd_ctr=2 opt_step=32 E=0.969 g=0.097 VarTD=0.156874 ret_end=-27.612 dbar_end=0.744 occ_end=0.192 CSR_train=0.000 done_count=125
[upd 30] u=0 upd_ctr=3 opt_step=48 E=0.923 g=0.098 VarTD=0.138312 ret_end=-26.923 dbar_end=0.739 occ_end=0.152 CSR_train=0.000 done_count=125
[upd 40] u=0 upd_ctr=4 opt_step=64 E=0.930 g=0.104 VarTD=0.158238 ret_end=-26.857 dbar_end=0.721 occ_end=0.200 CSR_train=0.000 done_count=125
[upd 50] u=0 upd_ctr=5 opt_step=80 E=0.978 g=0.110 VarTD=0.162566 ret_end=-26.407 dbar_end=0.703 occ_end=0.184 CSR_train=0.000 done_count=125
[upd 60] u=0 upd_ctr=6 opt_step=96 E=1.000 g=0.109 VarTD=0.133813 ret_end=-26.397 dbar_end=0.707 occ_end=0.152 CSR_train=0.000 done_count=125
[upd 70] u=1 upd_ctr=8 opt_step=128 E=0.113 g=0.113 VarTD=0.152026 ret_end=-26.051 dbar_end=0.695 occ_end=0.168 CSR_train=0.000 done_count=125
[upd 80] u=0 upd_ctr=9 opt_step=144 E=0.254 g=0.122 VarTD=0.150879 ret_end=-26.374 dbar_end=0.671 occ_end=0.216 CSR_train=0.000 done_count=125
[upd 90] u=0 upd_ctr=10 opt_step=160 E=0.526 g=0.134 VarTD=0.141410 ret_end=-25.739 dbar_end=0.641 occ_end=0.240 CSR_train=0.000 done_count=125
[upd 100] u=0 upd_ctr=11 opt_step=176 E=0.784 g=0.135 VarTD=0.182342 ret_end=-25.616 dbar_end=0.638 occ_end=0.176 CSR_train=0.000 done_count=125
[upd 110] u=0 upd_ctr=12 opt_step=192 E=1.000 g=0.144 VarTD=0.187025 ret_end=-24.356 dbar_end=0.618 occ_end=0.200 CSR_train=0.000 done_count=125
[upd 120] u=0 upd_ctr=14 opt_step=224 E=0.273 g=0.142 VarTD=0.220099 ret_end=-24.268 dbar_end=0.621 occ_end=0.208 CSR_train=0.000 done_count=125
[upd 130] u=0 upd_ctr=15 opt_step=240 E=0.759 g=0.149 VarTD=0.219533 ret_end=-24.792 dbar_end=0.606 occ_end=0.280 CSR_train=0.000 done_count=100
[upd 140] u=1 upd_ctr=17 opt_step=272 E=0.149 g=0.149 VarTD=0.327967 ret_end=-24.879 dbar_end=0.605 occ_end=0.184 CSR_train=0.000 done_count=125
[upd 150] u=0 upd_ctr=18 opt_step=288 E=0.642 g=0.169 VarTD=0.445624 ret_end=-23.542 dbar_end=0.567 occ_end=0.288 CSR_train=0.000 done_count=125
[upd 160] u=1 upd_ctr=20 opt_step=320 E=0.175 g=0.175 VarTD=0.520574 ret_end=-24.140 dbar_end=0.556 occ_end=0.304 CSR_train=0.000 done_count=125
[upd 170] u=0 upd_ctr=21 opt_step=336 E=0.833 g=0.169 VarTD=0.699280 ret_end=-24.089 dbar_end=0.566 occ_end=0.280 CSR_train=0.000 done_count=125
[upd 180] u=0 upd_ctr=23 opt_step=368 E=0.329 g=0.169 VarTD=0.939172 ret_end=-24.011 dbar_end=0.567 occ_end=0.352 CSR_train=0.000 done_count=125
[upd 190] u=0 upd_ctr=24 opt_step=384 E=0.950 g=0.173 VarTD=1.037417 ret_end=-23.937 dbar_end=0.558 occ_end=0.304 CSR_train=0.000 done_count=125
[upd 200] u=0 upd_ctr=26 opt_step=416 E=0.485 g=0.164 VarTD=1.304415 ret_end=-24.757 dbar_end=0.576 occ_end=0.272 CSR_train=0.000 done_count=125
[upd 210] u=0 upd_ctr=27 opt_step=432 E=0.977 g=0.165 VarTD=1.460409 ret_end=-24.252 dbar_end=0.574 occ_end=0.176 CSR_train=0.000 done_count=125
[upd 220] u=0 upd_ctr=29 opt_step=464 E=0.477 g=0.166 VarTD=1.671205 ret_end=-23.506 dbar_end=0.573 occ_end=0.312 CSR_train=0.000 done_count=125
[upd 230] u=0 upd_ctr=30 opt_step=480 E=1.000 g=0.176 VarTD=1.853870 ret_end=-23.575 dbar_end=0.553 occ_end=0.312 CSR_train=0.000 done_count=125
[upd 240] u=0 upd_ctr=32 opt_step=512 E=0.490 g=0.175 VarTD=2.170341 ret_end=-23.274 dbar_end=0.555 occ_end=0.288 CSR_train=0.000 done_count=125
[upd 250] u=0 upd_ctr=33 opt_step=528 E=1.000 g=0.168 VarTD=2.311329 ret_end=-23.204 dbar_end=0.568 occ_end=0.208 CSR_train=0.000 done_count=125
[upd 260] u=0 upd_ctr=35 opt_step=560 E=0.669 g=0.158 VarTD=2.155784 ret_end=-24.599 dbar_end=0.587 occ_end=0.220 CSR_train=0.000 done_count=100
[upd 270] u=1 upd_ctr=37 opt_step=592 E=0.172 g=0.172 VarTD=2.816829 ret_end=-23.953 dbar_end=0.560 occ_end=0.280 CSR_train=0.000 done_count=125
[upd 280] u=0 upd_ctr=38 opt_step=608 E=0.879 g=0.167 VarTD=3.160918 ret_end=-24.178 dbar_end=0.571 occ_end=0.224 CSR_train=0.000 done_count=125
[upd 290] u=0 upd_ctr=40 opt_step=640 E=0.545 g=0.185 VarTD=3.509433 ret_end=-22.635 dbar_end=0.538 occ_end=0.296 CSR_train=0.008 done_count=125
[upd 300] u=1 upd_ctr=42 opt_step=672 E=0.178 g=0.178 VarTD=3.740391 ret_end=-23.206 dbar_end=0.550 occ_end=0.312 CSR_train=0.000 done_count=125
[upd 310] u=0 upd_ctr=43 opt_step=688 E=0.840 g=0.184 VarTD=4.052348 ret_end=-23.206 dbar_end=0.539 occ_end=0.336 CSR_train=0.000 done_count=125
[Gate5 check] update_counter violations: t0=0 diffs=0
[Gate5 check] opt_step violations: t0=0 diffs=0 (expected_inc=16)
[Gate5 check] NaN masking: nan_on_skip=True finite_on_update=True
[Gate5 summary] mean_update_fraction=0.1378 final_executed_updates_mean=43.00
[Gate5 eval] done_count mean=100.0 CSR mean=0.0000 len_end_mean=26.00
[Gate5 eval] episodes_per_env=4 T_eval=104
[Gate5 eval-debug] locked_eps_occ=0.20 pre(step25): dbar_end=0.501645 occupied_end_mean=0.260000 max_tilde_end_mean=0.716937 CSR@locked=0.000000
[Gate5 eval-debug] locked_eps_occ=0.20 post(step26): dbar_end=0.495269 occupied_end_mean=0.320000 max_tilde_end_mean=0.716943 CSR@locked=0.000000
[Gate5 eval-debug] CSR_pre@0.10=0.0000 CSR_pre@0.15=0.0000 CSR_pre@0.20=0.0000 CSR_pre@0.25=0.0100 CSR_pre@0.30=0.0300
[Gate5 eval-debug] CSR_post@0.10=0.0000 CSR_post@0.15=0.0000 CSR_post@0.20=0.0000 CSR_post@0.25=0.0000 CSR_post@0.30=0.0200
