Importing submoduled environments...
Submoduled environments not found. Skipping import.
[upd 0] u=1 upd_ctr=1 opt_step=16 E=0.064 g=0.092 VarTD=0.136051 ret_end=-27.009 dbar_end=0.762 occ_end=0.140 CSR_train=0.000 done_count=100
[upd 10] u=0 upd_ctr=1 opt_step=16 E=0.713 g=0.088 VarTD=0.157825 ret_end=-27.556 dbar_end=0.774 occ_end=0.128 CSR_train=0.000 done_count=125
[upd 20] u=0 upd_ctr=2 opt_step=32 E=0.329 g=0.096 VarTD=0.139713 ret_end=-27.160 dbar_end=0.745 occ_end=0.128 CSR_train=0.000 done_count=125
[upd 30] u=0 upd_ctr=2 opt_step=32 E=1.000 g=0.102 VarTD=0.155744 ret_end=-27.320 dbar_end=0.726 occ_end=0.184 CSR_train=0.000 done_count=125
[upd 40] u=0 upd_ctr=3 opt_step=48 E=0.665 g=0.095 VarTD=0.145098 ret_end=-26.430 dbar_end=0.749 occ_end=0.128 CSR_train=0.000 done_count=125
[upd 50] u=0 upd_ctr=4 opt_step=64 E=0.349 g=0.102 VarTD=0.148067 ret_end=-25.979 dbar_end=0.726 occ_end=0.200 CSR_train=0.000 done_count=125
[upd 60] u=1 upd_ctr=5 opt_step=80 E=0.072 g=0.103 VarTD=0.130496 ret_end=-26.741 dbar_end=0.724 occ_end=0.152 CSR_train=0.000 done_count=125
[upd 70] u=0 upd_ctr=5 opt_step=80 E=0.825 g=0.106 VarTD=0.152706 ret_end=-26.032 dbar_end=0.714 occ_end=0.184 CSR_train=0.000 done_count=125
[upd 80] u=0 upd_ctr=6 opt_step=96 E=0.541 g=0.123 VarTD=0.116570 ret_end=-25.457 dbar_end=0.667 occ_end=0.224 CSR_train=0.000 done_count=125
[upd 90] u=0 upd_ctr=7 opt_step=112 E=0.253 g=0.119 VarTD=0.129413 ret_end=-26.167 dbar_end=0.677 occ_end=0.160 CSR_train=0.000 done_count=125
[upd 100] u=0 upd_ctr=7 opt_step=112 E=1.000 g=0.114 VarTD=0.140236 ret_end=-26.204 dbar_end=0.693 occ_end=0.248 CSR_train=0.000 done_count=125
[upd 110] u=0 upd_ctr=8 opt_step=128 E=0.803 g=0.122 VarTD=0.136556 ret_end=-25.440 dbar_end=0.669 occ_end=0.248 CSR_train=0.000 done_count=125
[upd 120] u=0 upd_ctr=9 opt_step=144 E=0.560 g=0.115 VarTD=0.148164 ret_end=-26.656 dbar_end=0.689 occ_end=0.200 CSR_train=0.000 done_count=125
[upd 130] u=0 upd_ctr=10 opt_step=160 E=0.334 g=0.116 VarTD=0.160868 ret_end=-26.236 dbar_end=0.686 occ_end=0.220 CSR_train=0.000 done_count=100
[upd 140] u=1 upd_ctr=11 opt_step=176 E=0.075 g=0.107 VarTD=0.171668 ret_end=-26.966 dbar_end=0.713 occ_end=0.144 CSR_train=0.000 done_count=125
[upd 150] u=0 upd_ctr=11 opt_step=176 E=0.949 g=0.112 VarTD=0.161477 ret_end=-26.261 dbar_end=0.696 occ_end=0.184 CSR_train=0.008 done_count=125
[upd 160] u=0 upd_ctr=12 opt_step=192 E=0.764 g=0.109 VarTD=0.163518 ret_end=-26.049 dbar_end=0.706 occ_end=0.200 CSR_train=0.000 done_count=125
[upd 170] u=0 upd_ctr=13 opt_step=208 E=0.625 g=0.127 VarTD=0.193992 ret_end=-25.335 dbar_end=0.656 occ_end=0.152 CSR_train=0.000 done_count=125
[upd 180] u=0 upd_ctr=14 opt_step=224 E=0.445 g=0.121 VarTD=0.237438 ret_end=-26.378 dbar_end=0.672 occ_end=0.176 CSR_train=0.000 done_count=125
[upd 190] u=0 upd_ctr=15 opt_step=240 E=0.389 g=0.142 VarTD=0.277783 ret_end=-25.110 dbar_end=0.621 occ_end=0.224 CSR_train=0.000 done_count=125
[upd 200] u=0 upd_ctr=16 opt_step=256 E=0.386 g=0.146 VarTD=0.321541 ret_end=-24.469 dbar_end=0.613 occ_end=0.216 CSR_train=0.000 done_count=125
[upd 210] u=0 upd_ctr=17 opt_step=272 E=0.293 g=0.135 VarTD=0.386670 ret_end=-26.015 dbar_end=0.638 occ_end=0.192 CSR_train=0.000 done_count=125
[upd 220] u=0 upd_ctr=18 opt_step=288 E=0.197 g=0.136 VarTD=0.457683 ret_end=-26.014 dbar_end=0.634 occ_end=0.232 CSR_train=0.000 done_count=125
[upd 230] u=1 upd_ctr=19 opt_step=304 E=0.098 g=0.140 VarTD=0.440477 ret_end=-25.438 dbar_end=0.627 occ_end=0.224 CSR_train=0.000 done_count=125
[upd 240] u=1 upd_ctr=20 opt_step=320 E=0.110 g=0.157 VarTD=0.522483 ret_end=-24.216 dbar_end=0.590 occ_end=0.240 CSR_train=0.000 done_count=125
[upd 250] u=1 upd_ctr=21 opt_step=336 E=0.097 g=0.138 VarTD=0.602226 ret_end=-24.724 dbar_end=0.631 occ_end=0.208 CSR_train=0.000 done_count=125
[upd 260] u=0 upd_ctr=21 opt_step=336 E=1.000 g=0.137 VarTD=0.577584 ret_end=-24.272 dbar_end=0.634 occ_end=0.270 CSR_train=0.000 done_count=100
[upd 270] u=0 upd_ctr=22 opt_step=352 E=1.000 g=0.150 VarTD=0.796990 ret_end=-25.029 dbar_end=0.605 occ_end=0.240 CSR_train=0.000 done_count=125
[upd 280] u=0 upd_ctr=23 opt_step=368 E=1.000 g=0.161 VarTD=0.925494 ret_end=-24.022 dbar_end=0.582 occ_end=0.256 CSR_train=0.008 done_count=125
[upd 290] u=0 upd_ctr=24 opt_step=384 E=1.000 g=0.177 VarTD=1.015182 ret_end=-22.809 dbar_end=0.552 occ_end=0.240 CSR_train=0.000 done_count=125
[upd 300] u=1 upd_ctr=26 opt_step=416 E=0.101 g=0.144 VarTD=1.140941 ret_end=-25.299 dbar_end=0.617 occ_end=0.264 CSR_train=0.000 done_count=125
[upd 310] u=0 upd_ctr=27 opt_step=432 E=0.232 g=0.161 VarTD=1.416496 ret_end=-23.867 dbar_end=0.582 occ_end=0.240 CSR_train=0.000 done_count=125
[Gate5 check] update_counter violations: t0=0 diffs=0
[Gate5 check] opt_step violations: t0=0 diffs=0 (expected_inc=16)
[Gate5 check] NaN masking: nan_on_skip=True finite_on_update=True
[Gate5 summary] mean_update_fraction=0.0865 final_executed_updates_mean=27.00
[Gate5 eval] done_count mean=100.0 CSR mean=0.0000 len_end_mean=26.00
[Gate5 eval] episodes_per_env=4 T_eval=104
[Gate5 eval-debug] locked_eps_occ=0.20 pre(step25): dbar_end=0.524871 occupied_end_mean=0.350000 max_tilde_end_mean=0.784080 CSR@locked=0.000000
[Gate5 eval-debug] locked_eps_occ=0.20 post(step26): dbar_end=0.516906 occupied_end_mean=0.370000 max_tilde_end_mean=0.773147 CSR@locked=0.000000
[Gate5 eval-debug] CSR_pre@0.10=0.0000 CSR_pre@0.15=0.0000 CSR_pre@0.20=0.0000 CSR_pre@0.25=0.0100 CSR_pre@0.30=0.0100
[Gate5 eval-debug] CSR_post@0.10=0.0000 CSR_post@0.15=0.0000 CSR_post@0.20=0.0000 CSR_post@0.25=0.0000 CSR_post@0.30=0.0200
