Importing submoduled environments...
Submoduled environments not found. Skipping import.
[upd 0] u=1 upd_ctr=1 opt_step=16 E=0.109 g=0.089 VarTD=0.203202 ret_end=-28.238 dbar_end=0.769 occ_end=0.170 CSR_train=0.000 done_count=100
[upd 10] u=0 upd_ctr=1 opt_step=16 E=0.204 g=0.094 VarTD=0.178732 ret_end=-27.407 dbar_end=0.753 occ_end=0.200 CSR_train=0.000 done_count=125
[upd 20] u=0 upd_ctr=1 opt_step=16 E=0.297 g=0.089 VarTD=0.146078 ret_end=-28.353 dbar_end=0.769 occ_end=0.176 CSR_train=0.000 done_count=125
[upd 30] u=0 upd_ctr=1 opt_step=16 E=0.386 g=0.093 VarTD=0.154659 ret_end=-27.687 dbar_end=0.756 occ_end=0.192 CSR_train=0.000 done_count=125
[upd 40] u=0 upd_ctr=1 opt_step=16 E=0.481 g=0.097 VarTD=0.147800 ret_end=-26.647 dbar_end=0.743 occ_end=0.176 CSR_train=0.000 done_count=125
[upd 50] u=0 upd_ctr=1 opt_step=16 E=0.576 g=0.087 VarTD=0.173903 ret_end=-27.487 dbar_end=0.777 occ_end=0.080 CSR_train=0.000 done_count=125
[upd 60] u=0 upd_ctr=1 opt_step=16 E=0.667 g=0.096 VarTD=0.146066 ret_end=-27.365 dbar_end=0.747 occ_end=0.120 CSR_train=0.000 done_count=125
[upd 70] u=0 upd_ctr=1 opt_step=16 E=0.761 g=0.090 VarTD=0.155553 ret_end=-27.559 dbar_end=0.768 occ_end=0.144 CSR_train=0.000 done_count=125
[upd 80] u=0 upd_ctr=1 opt_step=16 E=0.853 g=0.098 VarTD=0.163216 ret_end=-26.166 dbar_end=0.738 occ_end=0.144 CSR_train=0.000 done_count=125
[upd 90] u=0 upd_ctr=2 opt_step=32 E=0.045 g=0.106 VarTD=0.143399 ret_end=-26.529 dbar_end=0.716 occ_end=0.088 CSR_train=0.000 done_count=125
[upd 100] u=0 upd_ctr=2 opt_step=32 E=0.140 g=0.085 VarTD=0.165399 ret_end=-28.590 dbar_end=0.785 occ_end=0.168 CSR_train=0.000 done_count=125
[upd 110] u=0 upd_ctr=2 opt_step=32 E=0.234 g=0.093 VarTD=0.143221 ret_end=-27.534 dbar_end=0.756 occ_end=0.192 CSR_train=0.000 done_count=125
[upd 120] u=0 upd_ctr=2 opt_step=32 E=0.331 g=0.095 VarTD=0.155291 ret_end=-27.295 dbar_end=0.749 occ_end=0.216 CSR_train=0.000 done_count=125
[upd 130] u=0 upd_ctr=2 opt_step=32 E=0.430 g=0.093 VarTD=0.157275 ret_end=-27.702 dbar_end=0.757 occ_end=0.160 CSR_train=0.000 done_count=100
[upd 140] u=0 upd_ctr=2 opt_step=32 E=0.529 g=0.096 VarTD=0.181295 ret_end=-27.163 dbar_end=0.746 occ_end=0.120 CSR_train=0.000 done_count=125
[upd 150] u=0 upd_ctr=2 opt_step=32 E=0.623 g=0.093 VarTD=0.191596 ret_end=-28.417 dbar_end=0.758 occ_end=0.264 CSR_train=0.000 done_count=125
[upd 160] u=0 upd_ctr=2 opt_step=32 E=0.721 g=0.094 VarTD=0.166792 ret_end=-26.953 dbar_end=0.754 occ_end=0.120 CSR_train=0.000 done_count=125
[upd 170] u=0 upd_ctr=2 opt_step=32 E=0.819 g=0.091 VarTD=0.179516 ret_end=-28.189 dbar_end=0.764 occ_end=0.200 CSR_train=0.000 done_count=125
[upd 180] u=0 upd_ctr=3 opt_step=48 E=0.020 g=0.108 VarTD=0.136663 ret_end=-26.350 dbar_end=0.709 occ_end=0.200 CSR_train=0.000 done_count=125
[upd 190] u=0 upd_ctr=3 opt_step=48 E=0.122 g=0.098 VarTD=0.189948 ret_end=-27.077 dbar_end=0.739 occ_end=0.176 CSR_train=0.000 done_count=125
[upd 200] u=0 upd_ctr=3 opt_step=48 E=0.227 g=0.101 VarTD=0.132448 ret_end=-27.134 dbar_end=0.731 occ_end=0.160 CSR_train=0.000 done_count=125
[upd 210] u=0 upd_ctr=3 opt_step=48 E=0.325 g=0.101 VarTD=0.146483 ret_end=-26.169 dbar_end=0.732 occ_end=0.128 CSR_train=0.000 done_count=125
[upd 220] u=0 upd_ctr=3 opt_step=48 E=0.426 g=0.110 VarTD=0.163522 ret_end=-26.592 dbar_end=0.702 occ_end=0.168 CSR_train=0.000 done_count=125
[upd 230] u=0 upd_ctr=3 opt_step=48 E=0.529 g=0.111 VarTD=0.131560 ret_end=-26.523 dbar_end=0.701 occ_end=0.112 CSR_train=0.000 done_count=125
[upd 240] u=0 upd_ctr=3 opt_step=48 E=0.629 g=0.105 VarTD=0.158998 ret_end=-25.882 dbar_end=0.717 occ_end=0.176 CSR_train=0.000 done_count=125
[upd 250] u=0 upd_ctr=3 opt_step=48 E=0.732 g=0.102 VarTD=0.153003 ret_end=-26.998 dbar_end=0.728 occ_end=0.176 CSR_train=0.000 done_count=125
[upd 260] u=0 upd_ctr=3 opt_step=48 E=0.830 g=0.093 VarTD=0.155201 ret_end=-27.562 dbar_end=0.755 occ_end=0.200 CSR_train=0.000 done_count=100
[upd 270] u=0 upd_ctr=4 opt_step=64 E=0.032 g=0.097 VarTD=0.172690 ret_end=-27.863 dbar_end=0.743 occ_end=0.208 CSR_train=0.000 done_count=125
[upd 280] u=0 upd_ctr=4 opt_step=64 E=0.141 g=0.094 VarTD=0.166775 ret_end=-27.004 dbar_end=0.753 occ_end=0.136 CSR_train=0.000 done_count=125
[upd 290] u=0 upd_ctr=4 opt_step=64 E=0.247 g=0.104 VarTD=0.151360 ret_end=-26.300 dbar_end=0.722 occ_end=0.200 CSR_train=0.000 done_count=125
[upd 300] u=0 upd_ctr=4 opt_step=64 E=0.355 g=0.116 VarTD=0.143136 ret_end=-26.312 dbar_end=0.686 occ_end=0.200 CSR_train=0.000 done_count=125
[upd 310] u=0 upd_ctr=4 opt_step=64 E=0.461 g=0.109 VarTD=0.151448 ret_end=-25.822 dbar_end=0.705 occ_end=0.240 CSR_train=0.000 done_count=125
[Gate5 check] update_counter violations: t0=0 diffs=0
[Gate5 check] opt_step violations: t0=0 diffs=0 (expected_inc=16)
[Gate5 check] NaN masking: nan_on_skip=True finite_on_update=True
[Gate5 summary] mean_update_fraction=0.0128 final_executed_updates_mean=4.00
[Gate5 eval] done_count mean=100.0 CSR mean=0.0000 len_end_mean=26.00
[Gate5 eval] episodes_per_env=4 T_eval=104
[Gate5 eval-debug] locked_eps_occ=0.20 pre(step25): dbar_end=0.498556 occupied_end_mean=0.380000 max_tilde_end_mean=0.721641 CSR@locked=0.010000
[Gate5 eval-debug] locked_eps_occ=0.20 post(step26): dbar_end=0.505150 occupied_end_mean=0.350000 max_tilde_end_mean=0.727902 CSR@locked=0.000000
[Gate5 eval-debug] CSR_pre@0.10=0.0000 CSR_pre@0.15=0.0000 CSR_pre@0.20=0.0100 CSR_pre@0.25=0.0200 CSR_pre@0.30=0.0400
[Gate5 eval-debug] CSR_post@0.10=0.0000 CSR_post@0.15=0.0000 CSR_post@0.20=0.0000 CSR_post@0.25=0.0000 CSR_post@0.30=0.0300
