Importing submoduled environments...
Submoduled environments not found. Skipping import.
[upd 0] u=1 upd_ctr=1 opt_step=16 E=0.126 g=0.086 VarTD=0.176520 ret_end=-28.138 dbar_end=0.781 occ_end=0.160 CSR_train=0.000 done_count=100
[upd 10] u=0 upd_ctr=1 opt_step=16 E=0.401 g=0.084 VarTD=0.149910 ret_end=-27.579 dbar_end=0.789 occ_end=0.128 CSR_train=0.000 done_count=125
[upd 20] u=0 upd_ctr=1 opt_step=16 E=0.687 g=0.105 VarTD=0.156258 ret_end=-27.201 dbar_end=0.719 occ_end=0.184 CSR_train=0.000 done_count=125
[upd 30] u=0 upd_ctr=2 opt_step=32 E=0.078 g=0.094 VarTD=0.151069 ret_end=-26.417 dbar_end=0.753 occ_end=0.136 CSR_train=0.000 done_count=125
[upd 40] u=0 upd_ctr=2 opt_step=32 E=0.373 g=0.101 VarTD=0.154762 ret_end=-26.645 dbar_end=0.729 occ_end=0.152 CSR_train=0.000 done_count=125
[upd 50] u=0 upd_ctr=2 opt_step=32 E=0.679 g=0.097 VarTD=0.164475 ret_end=-27.018 dbar_end=0.742 occ_end=0.184 CSR_train=0.000 done_count=125
[upd 60] u=0 upd_ctr=3 opt_step=48 E=0.073 g=0.101 VarTD=0.142325 ret_end=-26.713 dbar_end=0.730 occ_end=0.184 CSR_train=0.000 done_count=125
[upd 70] u=0 upd_ctr=3 opt_step=48 E=0.367 g=0.103 VarTD=0.148001 ret_end=-26.782 dbar_end=0.724 occ_end=0.176 CSR_train=0.000 done_count=125
[upd 80] u=0 upd_ctr=3 opt_step=48 E=0.669 g=0.108 VarTD=0.159320 ret_end=-26.097 dbar_end=0.710 occ_end=0.160 CSR_train=0.000 done_count=125
[upd 90] u=0 upd_ctr=4 opt_step=64 E=0.064 g=0.109 VarTD=0.169434 ret_end=-26.574 dbar_end=0.705 occ_end=0.176 CSR_train=0.000 done_count=125
[upd 100] u=0 upd_ctr=4 opt_step=64 E=0.400 g=0.094 VarTD=0.175956 ret_end=-27.008 dbar_end=0.754 occ_end=0.176 CSR_train=0.000 done_count=125
[upd 110] u=0 upd_ctr=4 opt_step=64 E=0.713 g=0.111 VarTD=0.148922 ret_end=-26.111 dbar_end=0.700 occ_end=0.152 CSR_train=0.000 done_count=125
[upd 120] u=0 upd_ctr=5 opt_step=80 E=0.147 g=0.118 VarTD=0.151325 ret_end=-26.510 dbar_end=0.680 occ_end=0.184 CSR_train=0.000 done_count=125
[upd 130] u=0 upd_ctr=5 opt_step=80 E=0.476 g=0.116 VarTD=0.144168 ret_end=-25.584 dbar_end=0.686 occ_end=0.210 CSR_train=0.000 done_count=100
[upd 140] u=0 upd_ctr=5 opt_step=80 E=0.810 g=0.106 VarTD=0.158645 ret_end=-27.953 dbar_end=0.715 occ_end=0.136 CSR_train=0.000 done_count=125
[upd 150] u=0 upd_ctr=6 opt_step=96 E=0.248 g=0.116 VarTD=0.169822 ret_end=-26.351 dbar_end=0.686 occ_end=0.224 CSR_train=0.000 done_count=125
[upd 160] u=0 upd_ctr=6 opt_step=96 E=0.595 g=0.113 VarTD=0.147615 ret_end=-26.107 dbar_end=0.695 occ_end=0.160 CSR_train=0.000 done_count=125
[upd 170] u=1 upd_ctr=7 opt_step=112 E=0.036 g=0.120 VarTD=0.137611 ret_end=-25.829 dbar_end=0.676 occ_end=0.200 CSR_train=0.000 done_count=125
[upd 180] u=0 upd_ctr=7 opt_step=112 E=0.402 g=0.126 VarTD=0.130652 ret_end=-25.536 dbar_end=0.661 occ_end=0.304 CSR_train=0.000 done_count=125
[upd 190] u=0 upd_ctr=7 opt_step=112 E=0.745 g=0.109 VarTD=0.135562 ret_end=-26.863 dbar_end=0.706 occ_end=0.184 CSR_train=0.000 done_count=125
[upd 200] u=0 upd_ctr=8 opt_step=128 E=0.207 g=0.122 VarTD=0.155459 ret_end=-26.549 dbar_end=0.670 occ_end=0.176 CSR_train=0.000 done_count=125
[upd 210] u=0 upd_ctr=8 opt_step=128 E=0.573 g=0.133 VarTD=0.157953 ret_end=-25.318 dbar_end=0.643 occ_end=0.232 CSR_train=0.000 done_count=125
[upd 220] u=0 upd_ctr=8 opt_step=128 E=0.916 g=0.120 VarTD=0.156439 ret_end=-26.038 dbar_end=0.676 occ_end=0.216 CSR_train=0.000 done_count=125
[upd 230] u=0 upd_ctr=9 opt_step=144 E=0.379 g=0.131 VarTD=0.136496 ret_end=-25.350 dbar_end=0.647 occ_end=0.240 CSR_train=0.000 done_count=125
[upd 240] u=0 upd_ctr=9 opt_step=144 E=0.740 g=0.131 VarTD=0.128356 ret_end=-25.678 dbar_end=0.647 occ_end=0.224 CSR_train=0.000 done_count=125
[upd 250] u=0 upd_ctr=10 opt_step=160 E=0.199 g=0.122 VarTD=0.162552 ret_end=-26.300 dbar_end=0.670 occ_end=0.256 CSR_train=0.000 done_count=125
[upd 260] u=0 upd_ctr=10 opt_step=160 E=0.566 g=0.123 VarTD=0.158951 ret_end=-25.972 dbar_end=0.668 occ_end=0.240 CSR_train=0.000 done_count=100
[upd 270] u=0 upd_ctr=10 opt_step=160 E=0.929 g=0.121 VarTD=0.191146 ret_end=-25.777 dbar_end=0.672 occ_end=0.240 CSR_train=0.000 done_count=125
[upd 280] u=0 upd_ctr=11 opt_step=176 E=0.405 g=0.133 VarTD=0.155634 ret_end=-25.005 dbar_end=0.643 occ_end=0.224 CSR_train=0.000 done_count=125
[upd 290] u=0 upd_ctr=11 opt_step=176 E=0.791 g=0.116 VarTD=0.190515 ret_end=-26.281 dbar_end=0.686 occ_end=0.288 CSR_train=0.000 done_count=125
[upd 300] u=0 upd_ctr=12 opt_step=192 E=0.274 g=0.120 VarTD=0.171821 ret_end=-26.835 dbar_end=0.675 occ_end=0.240 CSR_train=0.000 done_count=125
[upd 310] u=0 upd_ctr=12 opt_step=192 E=0.649 g=0.122 VarTD=0.190313 ret_end=-26.436 dbar_end=0.671 occ_end=0.144 CSR_train=0.000 done_count=125
[Gate5 check] update_counter violations: t0=0 diffs=0
[Gate5 check] opt_step violations: t0=0 diffs=0 (expected_inc=16)
[Gate5 check] NaN masking: nan_on_skip=True finite_on_update=True
[Gate5 summary] mean_update_fraction=0.0385 final_executed_updates_mean=12.00
[Gate5 eval] done_count mean=100.0 CSR mean=0.0000 len_end_mean=26.00
[Gate5 eval] episodes_per_env=4 T_eval=104
[Gate5 eval-debug] locked_eps_occ=0.20 pre(step25): dbar_end=0.523475 occupied_end_mean=0.340000 max_tilde_end_mean=0.758757 CSR@locked=0.000000
[Gate5 eval-debug] locked_eps_occ=0.20 post(step26): dbar_end=0.521680 occupied_end_mean=0.330000 max_tilde_end_mean=0.759495 CSR@locked=0.000000
[Gate5 eval-debug] CSR_pre@0.10=0.0000 CSR_pre@0.15=0.0000 CSR_pre@0.20=0.0000 CSR_pre@0.25=0.0200 CSR_pre@0.30=0.0300
[Gate5 eval-debug] CSR_post@0.10=0.0000 CSR_post@0.15=0.0000 CSR_post@0.20=0.0000 CSR_post@0.25=0.0000 CSR_post@0.30=0.0200
