Importing submoduled environments...
Submoduled environments not found. Skipping import.
[upd 0] u=1 upd_ctr=1 opt_step=16 E=0.028 g=0.094 VarTD=0.156314 ret_end=-27.700 dbar_end=0.751 occ_end=0.180 CSR_train=0.010 done_count=100
[upd 10] u=0 upd_ctr=1 opt_step=16 E=0.317 g=0.106 VarTD=0.133782 ret_end=-25.939 dbar_end=0.713 occ_end=0.168 CSR_train=0.000 done_count=125
[upd 20] u=0 upd_ctr=1 opt_step=16 E=0.601 g=0.101 VarTD=0.146338 ret_end=-26.754 dbar_end=0.732 occ_end=0.200 CSR_train=0.000 done_count=125
[upd 30] u=0 upd_ctr=1 opt_step=16 E=0.881 g=0.095 VarTD=0.156251 ret_end=-27.758 dbar_end=0.748 occ_end=0.152 CSR_train=0.000 done_count=125
[upd 40] u=0 upd_ctr=2 opt_step=32 E=0.146 g=0.091 VarTD=0.137498 ret_end=-27.478 dbar_end=0.763 occ_end=0.152 CSR_train=0.000 done_count=125
[upd 50] u=0 upd_ctr=2 opt_step=32 E=0.441 g=0.108 VarTD=0.143966 ret_end=-26.739 dbar_end=0.708 occ_end=0.192 CSR_train=0.000 done_count=125
[upd 60] u=0 upd_ctr=2 opt_step=32 E=0.746 g=0.107 VarTD=0.139915 ret_end=-25.783 dbar_end=0.713 occ_end=0.184 CSR_train=0.000 done_count=125
[upd 70] u=1 upd_ctr=3 opt_step=48 E=0.032 g=0.106 VarTD=0.125963 ret_end=-25.934 dbar_end=0.716 occ_end=0.120 CSR_train=0.000 done_count=125
[upd 80] u=0 upd_ctr=3 opt_step=48 E=0.337 g=0.105 VarTD=0.155590 ret_end=-27.347 dbar_end=0.719 occ_end=0.120 CSR_train=0.000 done_count=125
[upd 90] u=0 upd_ctr=3 opt_step=48 E=0.646 g=0.097 VarTD=0.131365 ret_end=-26.519 dbar_end=0.743 occ_end=0.160 CSR_train=0.000 done_count=125
[upd 100] u=0 upd_ctr=3 opt_step=48 E=0.946 g=0.110 VarTD=0.134034 ret_end=-26.663 dbar_end=0.704 occ_end=0.160 CSR_train=0.000 done_count=125
[upd 110] u=0 upd_ctr=4 opt_step=64 E=0.263 g=0.122 VarTD=0.115470 ret_end=-25.018 dbar_end=0.671 occ_end=0.176 CSR_train=0.000 done_count=125
[upd 120] u=0 upd_ctr=4 opt_step=64 E=0.592 g=0.116 VarTD=0.137339 ret_end=-26.052 dbar_end=0.687 occ_end=0.200 CSR_train=0.000 done_count=125
[upd 130] u=0 upd_ctr=4 opt_step=64 E=0.922 g=0.112 VarTD=0.141632 ret_end=-26.445 dbar_end=0.697 occ_end=0.220 CSR_train=0.000 done_count=100
[upd 140] u=0 upd_ctr=5 opt_step=80 E=0.230 g=0.109 VarTD=0.176352 ret_end=-27.139 dbar_end=0.706 occ_end=0.216 CSR_train=0.000 done_count=125
[upd 150] u=0 upd_ctr=5 opt_step=80 E=0.580 g=0.111 VarTD=0.142912 ret_end=-26.489 dbar_end=0.700 occ_end=0.224 CSR_train=0.000 done_count=125
[upd 160] u=0 upd_ctr=5 opt_step=80 E=0.918 g=0.112 VarTD=0.135336 ret_end=-25.922 dbar_end=0.696 occ_end=0.152 CSR_train=0.000 done_count=125
[upd 170] u=0 upd_ctr=6 opt_step=96 E=0.242 g=0.125 VarTD=0.126303 ret_end=-25.833 dbar_end=0.663 occ_end=0.216 CSR_train=0.000 done_count=125
[upd 180] u=0 upd_ctr=6 opt_step=96 E=0.607 g=0.120 VarTD=0.146517 ret_end=-27.004 dbar_end=0.676 occ_end=0.160 CSR_train=0.000 done_count=125
[upd 190] u=0 upd_ctr=6 opt_step=96 E=0.957 g=0.122 VarTD=0.143176 ret_end=-26.534 dbar_end=0.670 occ_end=0.192 CSR_train=0.000 done_count=125
[upd 200] u=0 upd_ctr=7 opt_step=112 E=0.285 g=0.118 VarTD=0.149846 ret_end=-26.549 dbar_end=0.680 occ_end=0.232 CSR_train=0.000 done_count=125
[upd 210] u=0 upd_ctr=7 opt_step=112 E=0.646 g=0.133 VarTD=0.144868 ret_end=-25.668 dbar_end=0.644 occ_end=0.240 CSR_train=0.000 done_count=125
[upd 220] u=0 upd_ctr=7 opt_step=112 E=1.000 g=0.120 VarTD=0.131620 ret_end=-25.891 dbar_end=0.675 occ_end=0.184 CSR_train=0.000 done_count=125
[upd 230] u=0 upd_ctr=8 opt_step=128 E=0.367 g=0.128 VarTD=0.145557 ret_end=-25.631 dbar_end=0.654 occ_end=0.192 CSR_train=0.000 done_count=125
[upd 240] u=0 upd_ctr=8 opt_step=128 E=0.722 g=0.135 VarTD=0.125212 ret_end=-25.288 dbar_end=0.638 occ_end=0.168 CSR_train=0.000 done_count=125
[upd 250] u=0 upd_ctr=9 opt_step=144 E=0.074 g=0.118 VarTD=0.152926 ret_end=-25.804 dbar_end=0.682 occ_end=0.152 CSR_train=0.000 done_count=125
[upd 260] u=0 upd_ctr=9 opt_step=144 E=0.457 g=0.135 VarTD=0.163669 ret_end=-25.504 dbar_end=0.639 occ_end=0.220 CSR_train=0.000 done_count=100
[upd 270] u=0 upd_ctr=9 opt_step=144 E=0.817 g=0.121 VarTD=0.166451 ret_end=-25.785 dbar_end=0.673 occ_end=0.232 CSR_train=0.000 done_count=125
[upd 280] u=0 upd_ctr=10 opt_step=160 E=0.182 g=0.111 VarTD=0.160364 ret_end=-26.525 dbar_end=0.700 occ_end=0.192 CSR_train=0.000 done_count=125
[upd 290] u=0 upd_ctr=10 opt_step=160 E=0.553 g=0.122 VarTD=0.168880 ret_end=-25.730 dbar_end=0.669 occ_end=0.240 CSR_train=0.000 done_count=125
[upd 300] u=0 upd_ctr=10 opt_step=160 E=0.935 g=0.131 VarTD=0.154330 ret_end=-26.240 dbar_end=0.648 occ_end=0.224 CSR_train=0.000 done_count=125
[upd 310] u=0 upd_ctr=11 opt_step=176 E=0.308 g=0.128 VarTD=0.169903 ret_end=-24.970 dbar_end=0.655 occ_end=0.248 CSR_train=0.000 done_count=125
[Gate5 check] update_counter violations: t0=0 diffs=0
[Gate5 check] opt_step violations: t0=0 diffs=0 (expected_inc=16)
[Gate5 check] NaN masking: nan_on_skip=True finite_on_update=True
[Gate5 summary] mean_update_fraction=0.0353 final_executed_updates_mean=11.00
[Gate5 eval] done_count mean=100.0 CSR mean=0.0100 len_end_mean=26.00
[Gate5 eval] episodes_per_env=4 T_eval=104
[Gate5 eval-debug] locked_eps_occ=0.20 pre(step25): dbar_end=0.505952 occupied_end_mean=0.410000 max_tilde_end_mean=0.752701 CSR@locked=0.000000
[Gate5 eval-debug] locked_eps_occ=0.20 post(step26): dbar_end=0.506331 occupied_end_mean=0.420000 max_tilde_end_mean=0.747716 CSR@locked=0.010000
[Gate5 eval-debug] CSR_pre@0.10=0.0000 CSR_pre@0.15=0.0000 CSR_pre@0.20=0.0000 CSR_pre@0.25=0.0000 CSR_pre@0.30=0.0300
[Gate5 eval-debug] CSR_post@0.10=0.0000 CSR_post@0.15=0.0000 CSR_post@0.20=0.0100 CSR_post@0.25=0.0200 CSR_post@0.30=0.0400
