Importing submoduled environments...
Submoduled environments not found. Skipping import.
[upd 0] u=1 upd_ctr=1 opt_step=16 E=1.000 g=0.082 VarTD=0.214117 ret_end=-27.772 dbar_end=0.796 CSR_train=0.000 done_count=100
[upd 10] u=1 upd_ctr=11 opt_step=176 E=1.000 g=0.129 VarTD=0.190431 ret_end=-24.935 dbar_end=0.652 CSR_train=0.000 done_count=125
[upd 20] u=1 upd_ctr=21 opt_step=336 E=1.000 g=0.158 VarTD=0.596243 ret_end=-24.796 dbar_end=0.587 CSR_train=0.000 done_count=125
[upd 30] u=1 upd_ctr=31 opt_step=496 E=1.000 g=0.170 VarTD=1.843712 ret_end=-23.955 dbar_end=0.563 CSR_train=0.000 done_count=125
[upd 40] u=1 upd_ctr=41 opt_step=656 E=1.000 g=0.151 VarTD=3.344504 ret_end=-23.594 dbar_end=0.601 CSR_train=0.000 done_count=125
[upd 50] u=1 upd_ctr=51 opt_step=816 E=1.000 g=0.174 VarTD=4.836307 ret_end=-23.354 dbar_end=0.557 CSR_train=0.000 done_count=125
[upd 60] u=1 upd_ctr=61 opt_step=976 E=1.000 g=0.157 VarTD=5.754642 ret_end=-24.733 dbar_end=0.589 CSR_train=0.000 done_count=125
[upd 70] u=1 upd_ctr=71 opt_step=1136 E=1.000 g=0.156 VarTD=5.949854 ret_end=-23.543 dbar_end=0.592 CSR_train=0.008 done_count=125
[upd 80] u=1 upd_ctr=81 opt_step=1296 E=1.000 g=0.164 VarTD=5.841655 ret_end=-24.143 dbar_end=0.575 CSR_train=0.000 done_count=125
[upd 90] u=1 upd_ctr=91 opt_step=1456 E=1.000 g=0.165 VarTD=4.911911 ret_end=-23.249 dbar_end=0.574 CSR_train=0.000 done_count=125
[upd 100] u=1 upd_ctr=101 opt_step=1616 E=1.000 g=0.183 VarTD=5.144306 ret_end=-22.675 dbar_end=0.541 CSR_train=0.000 done_count=125
[upd 110] u=1 upd_ctr=111 opt_step=1776 E=1.000 g=0.195 VarTD=5.052938 ret_end=-22.844 dbar_end=0.521 CSR_train=0.008 done_count=125
[upd 120] u=1 upd_ctr=121 opt_step=1936 E=1.000 g=0.193 VarTD=5.236086 ret_end=-22.125 dbar_end=0.523 CSR_train=0.000 done_count=125
[upd 130] u=1 upd_ctr=131 opt_step=2096 E=1.000 g=0.191 VarTD=3.584811 ret_end=-22.042 dbar_end=0.527 CSR_train=0.000 done_count=100
[upd 140] u=1 upd_ctr=141 opt_step=2256 E=1.000 g=0.195 VarTD=4.743976 ret_end=-22.408 dbar_end=0.521 CSR_train=0.000 done_count=125
[upd 150] u=1 upd_ctr=151 opt_step=2416 E=1.000 g=0.196 VarTD=4.987606 ret_end=-21.676 dbar_end=0.519 CSR_train=0.000 done_count=125
[upd 160] u=1 upd_ctr=161 opt_step=2576 E=1.000 g=0.184 VarTD=5.344892 ret_end=-22.574 dbar_end=0.539 CSR_train=0.000 done_count=125
[upd 170] u=1 upd_ctr=171 opt_step=2736 E=1.000 g=0.186 VarTD=4.617493 ret_end=-22.041 dbar_end=0.536 CSR_train=0.000 done_count=125
[upd 180] u=1 upd_ctr=181 opt_step=2896 E=1.000 g=0.172 VarTD=3.972969 ret_end=-21.645 dbar_end=0.561 CSR_train=0.000 done_count=125
[upd 190] u=1 upd_ctr=191 opt_step=3056 E=1.000 g=0.175 VarTD=4.178421 ret_end=-23.057 dbar_end=0.556 CSR_train=0.000 done_count=125
[upd 200] u=1 upd_ctr=201 opt_step=3216 E=1.000 g=0.152 VarTD=4.373216 ret_end=-23.124 dbar_end=0.599 CSR_train=0.000 done_count=125
[upd 210] u=1 upd_ctr=211 opt_step=3376 E=1.000 g=0.159 VarTD=4.160619 ret_end=-23.238 dbar_end=0.586 CSR_train=0.008 done_count=125
[upd 220] u=1 upd_ctr=221 opt_step=3536 E=1.000 g=0.179 VarTD=3.621855 ret_end=-22.432 dbar_end=0.549 CSR_train=0.000 done_count=125
[upd 230] u=1 upd_ctr=231 opt_step=3696 E=1.000 g=0.155 VarTD=4.126568 ret_end=-23.405 dbar_end=0.594 CSR_train=0.000 done_count=125
[upd 240] u=1 upd_ctr=241 opt_step=3856 E=1.000 g=0.147 VarTD=3.938995 ret_end=-23.586 dbar_end=0.610 CSR_train=0.008 done_count=125
[upd 250] u=1 upd_ctr=251 opt_step=4016 E=1.000 g=0.173 VarTD=3.853532 ret_end=-22.478 dbar_end=0.559 CSR_train=0.000 done_count=125
[upd 260] u=1 upd_ctr=261 opt_step=4176 E=1.000 g=0.163 VarTD=2.659501 ret_end=-22.558 dbar_end=0.577 CSR_train=0.000 done_count=100
[upd 270] u=1 upd_ctr=271 opt_step=4336 E=1.000 g=0.172 VarTD=3.698659 ret_end=-22.975 dbar_end=0.561 CSR_train=0.000 done_count=125
[upd 280] u=1 upd_ctr=281 opt_step=4496 E=1.000 g=0.153 VarTD=3.665258 ret_end=-22.761 dbar_end=0.598 CSR_train=0.008 done_count=125
[upd 290] u=1 upd_ctr=291 opt_step=4656 E=1.000 g=0.142 VarTD=3.726503 ret_end=-24.058 dbar_end=0.623 CSR_train=0.000 done_count=125
[upd 300] u=1 upd_ctr=301 opt_step=4816 E=1.000 g=0.172 VarTD=3.634988 ret_end=-22.912 dbar_end=0.561 CSR_train=0.000 done_count=125
[upd 310] u=1 upd_ctr=311 opt_step=4976 E=1.000 g=0.154 VarTD=3.250621 ret_end=-23.091 dbar_end=0.596 CSR_train=0.000 done_count=125
[Gate5 check] update_counter violations: t0=0 diffs=0
[Gate5 check] opt_step violations: t0=0 diffs=0 (expected_inc=16)
[Gate5 check] NaN masking: nan_on_skip=True finite_on_update=True
[Gate5 summary] mean_update_fraction=1.0000 final_executed_updates_mean=312.00
[Gate5 eval] done_count mean=100.0 CSR mean=0.0000 len_end_mean=26.00
[Gate5 eval] episodes_per_env=4 T_eval=104
