Importing submoduled environments...
Submoduled environments not found. Skipping import.
[upd 0] u=1 upd_ctr=1 opt_step=16 E=0.068 g=0.092 VarTD=0.136051 ret_end=-27.009 dbar_end=0.762 occ_end=0.140 CSR_train=0.000 done_count=100
[upd 10] u=0 upd_ctr=1 opt_step=16 E=0.254 g=0.088 VarTD=0.157825 ret_end=-27.556 dbar_end=0.774 occ_end=0.128 CSR_train=0.000 done_count=125
[upd 20] u=0 upd_ctr=1 opt_step=16 E=0.443 g=0.096 VarTD=0.140044 ret_end=-27.124 dbar_end=0.745 occ_end=0.128 CSR_train=0.000 done_count=125
[upd 30] u=0 upd_ctr=1 opt_step=16 E=0.631 g=0.099 VarTD=0.160678 ret_end=-27.549 dbar_end=0.736 occ_end=0.192 CSR_train=0.000 done_count=125
[upd 40] u=0 upd_ctr=1 opt_step=16 E=0.804 g=0.089 VarTD=0.150975 ret_end=-26.713 dbar_end=0.771 occ_end=0.136 CSR_train=0.000 done_count=125
[upd 50] u=1 upd_ctr=2 opt_step=32 E=0.034 g=0.093 VarTD=0.157922 ret_end=-26.664 dbar_end=0.757 occ_end=0.192 CSR_train=0.000 done_count=125
[upd 60] u=0 upd_ctr=2 opt_step=32 E=0.236 g=0.095 VarTD=0.130975 ret_end=-27.292 dbar_end=0.751 occ_end=0.136 CSR_train=0.000 done_count=125
[upd 70] u=0 upd_ctr=2 opt_step=32 E=0.439 g=0.101 VarTD=0.149309 ret_end=-26.270 dbar_end=0.729 occ_end=0.184 CSR_train=0.000 done_count=125
[upd 80] u=0 upd_ctr=2 opt_step=32 E=0.643 g=0.111 VarTD=0.114101 ret_end=-25.963 dbar_end=0.700 occ_end=0.200 CSR_train=0.000 done_count=125
[upd 90] u=0 upd_ctr=2 opt_step=32 E=0.846 g=0.105 VarTD=0.128164 ret_end=-26.940 dbar_end=0.718 occ_end=0.200 CSR_train=0.000 done_count=125
[upd 100] u=0 upd_ctr=3 opt_step=48 E=0.099 g=0.111 VarTD=0.132549 ret_end=-26.332 dbar_end=0.700 occ_end=0.264 CSR_train=0.000 done_count=125
[upd 110] u=0 upd_ctr=3 opt_step=48 E=0.318 g=0.119 VarTD=0.133547 ret_end=-25.688 dbar_end=0.679 occ_end=0.248 CSR_train=0.000 done_count=125
[upd 120] u=0 upd_ctr=3 opt_step=48 E=0.531 g=0.116 VarTD=0.140926 ret_end=-26.668 dbar_end=0.686 occ_end=0.184 CSR_train=0.000 done_count=125
[upd 130] u=0 upd_ctr=3 opt_step=48 E=0.748 g=0.099 VarTD=0.151584 ret_end=-26.950 dbar_end=0.737 occ_end=0.130 CSR_train=0.000 done_count=100
[upd 140] u=0 upd_ctr=3 opt_step=48 E=0.956 g=0.099 VarTD=0.155051 ret_end=-27.448 dbar_end=0.736 occ_end=0.168 CSR_train=0.000 done_count=125
[upd 150] u=0 upd_ctr=4 opt_step=64 E=0.236 g=0.106 VarTD=0.121213 ret_end=-26.468 dbar_end=0.715 occ_end=0.184 CSR_train=0.008 done_count=125
[upd 160] u=0 upd_ctr=4 opt_step=64 E=0.456 g=0.100 VarTD=0.129815 ret_end=-26.822 dbar_end=0.733 occ_end=0.152 CSR_train=0.000 done_count=125
[upd 170] u=0 upd_ctr=4 opt_step=64 E=0.686 g=0.112 VarTD=0.130304 ret_end=-25.893 dbar_end=0.697 occ_end=0.120 CSR_train=0.000 done_count=125
[upd 180] u=0 upd_ctr=4 opt_step=64 E=0.910 g=0.103 VarTD=0.142055 ret_end=-27.337 dbar_end=0.724 occ_end=0.208 CSR_train=0.000 done_count=125
[upd 190] u=0 upd_ctr=5 opt_step=80 E=0.203 g=0.122 VarTD=0.139360 ret_end=-25.978 dbar_end=0.669 occ_end=0.136 CSR_train=0.000 done_count=125
[upd 200] u=0 upd_ctr=5 opt_step=80 E=0.446 g=0.123 VarTD=0.135568 ret_end=-25.811 dbar_end=0.667 occ_end=0.192 CSR_train=0.000 done_count=125
[upd 210] u=0 upd_ctr=5 opt_step=80 E=0.679 g=0.111 VarTD=0.155199 ret_end=-27.197 dbar_end=0.700 occ_end=0.192 CSR_train=0.000 done_count=125
[upd 220] u=0 upd_ctr=5 opt_step=80 E=0.914 g=0.106 VarTD=0.159589 ret_end=-27.525 dbar_end=0.715 occ_end=0.176 CSR_train=0.000 done_count=125
[upd 230] u=0 upd_ctr=6 opt_step=96 E=0.198 g=0.116 VarTD=0.138792 ret_end=-26.734 dbar_end=0.685 occ_end=0.184 CSR_train=0.000 done_count=125
[upd 240] u=0 upd_ctr=6 opt_step=96 E=0.431 g=0.118 VarTD=0.147049 ret_end=-25.729 dbar_end=0.680 occ_end=0.168 CSR_train=0.000 done_count=125
[upd 250] u=0 upd_ctr=6 opt_step=96 E=0.673 g=0.117 VarTD=0.136799 ret_end=-25.648 dbar_end=0.682 occ_end=0.216 CSR_train=0.000 done_count=125
[upd 260] u=0 upd_ctr=6 opt_step=96 E=0.908 g=0.115 VarTD=0.167619 ret_end=-25.381 dbar_end=0.690 occ_end=0.220 CSR_train=0.000 done_count=100
[upd 270] u=0 upd_ctr=7 opt_step=112 E=0.205 g=0.125 VarTD=0.141413 ret_end=-26.500 dbar_end=0.662 occ_end=0.176 CSR_train=0.000 done_count=125
[upd 280] u=0 upd_ctr=7 opt_step=112 E=0.445 g=0.125 VarTD=0.133432 ret_end=-25.447 dbar_end=0.663 occ_end=0.264 CSR_train=0.000 done_count=125
[upd 290] u=0 upd_ctr=7 opt_step=112 E=0.699 g=0.146 VarTD=0.113383 ret_end=-24.054 dbar_end=0.612 occ_end=0.232 CSR_train=0.000 done_count=125
[upd 300] u=0 upd_ctr=7 opt_step=112 E=0.950 g=0.111 VarTD=0.135473 ret_end=-26.925 dbar_end=0.699 occ_end=0.128 CSR_train=0.000 done_count=125
[upd 310] u=0 upd_ctr=8 opt_step=128 E=0.253 g=0.126 VarTD=0.143077 ret_end=-25.745 dbar_end=0.661 occ_end=0.144 CSR_train=0.000 done_count=125
[Gate5 check] update_counter violations: t0=0 diffs=0
[Gate5 check] opt_step violations: t0=0 diffs=0 (expected_inc=16)
[Gate5 check] NaN masking: nan_on_skip=True finite_on_update=True
[Gate5 summary] mean_update_fraction=0.0256 final_executed_updates_mean=8.00
[Gate5 eval] done_count mean=100.0 CSR mean=0.0000 len_end_mean=26.00
[Gate5 eval] episodes_per_env=4 T_eval=104
[Gate5 eval-debug] locked_eps_occ=0.20 pre(step25): dbar_end=0.487045 occupied_end_mean=0.320000 max_tilde_end_mean=0.701246 CSR@locked=0.000000
[Gate5 eval-debug] locked_eps_occ=0.20 post(step26): dbar_end=0.493159 occupied_end_mean=0.360000 max_tilde_end_mean=0.706797 CSR@locked=0.000000
[Gate5 eval-debug] CSR_pre@0.10=0.0000 CSR_pre@0.15=0.0000 CSR_pre@0.20=0.0000 CSR_pre@0.25=0.0000 CSR_pre@0.30=0.0300
[Gate5 eval-debug] CSR_post@0.10=0.0000 CSR_post@0.15=0.0000 CSR_post@0.20=0.0000 CSR_post@0.25=0.0100 CSR_post@0.30=0.0300
