Importing submoduled environments...
Submoduled environments not found. Skipping import.
[upd 0] u=1 upd_ctr=1 opt_step=16 E=0.087 g=0.097 VarTD=0.135831 ret_end=-26.760 dbar_end=0.743 occ_end=0.210 CSR_train=0.000 done_count=100
[upd 10] u=0 upd_ctr=1 opt_step=16 E=0.940 g=0.103 VarTD=0.167736 ret_end=-26.060 dbar_end=0.724 occ_end=0.152 CSR_train=0.000 done_count=125
[upd 20] u=0 upd_ctr=2 opt_step=32 E=0.754 g=0.086 VarTD=0.167470 ret_end=-27.413 dbar_end=0.782 occ_end=0.136 CSR_train=0.000 done_count=125
[upd 30] u=0 upd_ctr=3 opt_step=48 E=0.608 g=0.099 VarTD=0.191340 ret_end=-26.618 dbar_end=0.736 occ_end=0.176 CSR_train=0.000 done_count=125
[upd 40] u=0 upd_ctr=4 opt_step=64 E=0.483 g=0.111 VarTD=0.132746 ret_end=-25.994 dbar_end=0.701 occ_end=0.176 CSR_train=0.000 done_count=125
[upd 50] u=0 upd_ctr=5 opt_step=80 E=0.387 g=0.101 VarTD=0.155102 ret_end=-26.749 dbar_end=0.730 occ_end=0.176 CSR_train=0.000 done_count=125
[upd 60] u=0 upd_ctr=6 opt_step=96 E=0.311 g=0.107 VarTD=0.138092 ret_end=-27.150 dbar_end=0.711 occ_end=0.168 CSR_train=0.000 done_count=125
[upd 70] u=0 upd_ctr=7 opt_step=112 E=0.325 g=0.111 VarTD=0.142187 ret_end=-26.452 dbar_end=0.701 occ_end=0.160 CSR_train=0.000 done_count=125
[upd 80] u=0 upd_ctr=8 opt_step=128 E=0.333 g=0.132 VarTD=0.133407 ret_end=-25.485 dbar_end=0.646 occ_end=0.328 CSR_train=0.000 done_count=125
[upd 90] u=0 upd_ctr=9 opt_step=144 E=0.319 g=0.122 VarTD=0.135491 ret_end=-26.183 dbar_end=0.671 occ_end=0.184 CSR_train=0.000 done_count=125
[upd 100] u=0 upd_ctr=10 opt_step=160 E=0.346 g=0.120 VarTD=0.160602 ret_end=-26.287 dbar_end=0.675 occ_end=0.216 CSR_train=0.000 done_count=125
[upd 110] u=0 upd_ctr=11 opt_step=176 E=0.470 g=0.144 VarTD=0.170009 ret_end=-24.371 dbar_end=0.616 occ_end=0.288 CSR_train=0.000 done_count=125
[upd 120] u=0 upd_ctr=12 opt_step=192 E=0.628 g=0.149 VarTD=0.186527 ret_end=-24.287 dbar_end=0.607 occ_end=0.336 CSR_train=0.000 done_count=125
[upd 130] u=0 upd_ctr=13 opt_step=208 E=0.749 g=0.136 VarTD=0.191785 ret_end=-25.382 dbar_end=0.636 occ_end=0.290 CSR_train=0.000 done_count=100
[upd 140] u=0 upd_ctr=14 opt_step=224 E=0.868 g=0.134 VarTD=0.274139 ret_end=-25.964 dbar_end=0.640 occ_end=0.256 CSR_train=0.000 done_count=125
[upd 150] u=0 upd_ctr=15 opt_step=240 E=0.997 g=0.133 VarTD=0.280141 ret_end=-25.533 dbar_end=0.643 occ_end=0.160 CSR_train=0.000 done_count=125
[upd 160] u=1 upd_ctr=17 opt_step=272 E=0.117 g=0.130 VarTD=0.317936 ret_end=-25.523 dbar_end=0.650 occ_end=0.200 CSR_train=0.000 done_count=125
[upd 170] u=0 upd_ctr=18 opt_step=288 E=0.393 g=0.153 VarTD=0.460419 ret_end=-24.467 dbar_end=0.598 occ_end=0.272 CSR_train=0.000 done_count=125
[upd 180] u=0 upd_ctr=19 opt_step=304 E=0.703 g=0.153 VarTD=0.508894 ret_end=-24.657 dbar_end=0.598 occ_end=0.192 CSR_train=0.000 done_count=125
[upd 190] u=0 upd_ctr=20 opt_step=320 E=0.953 g=0.157 VarTD=0.586501 ret_end=-23.910 dbar_end=0.589 occ_end=0.256 CSR_train=0.000 done_count=125
[upd 200] u=0 upd_ctr=22 opt_step=352 E=0.298 g=0.158 VarTD=0.844755 ret_end=-25.107 dbar_end=0.588 occ_end=0.272 CSR_train=0.000 done_count=125
[upd 210] u=0 upd_ctr=23 opt_step=368 E=0.735 g=0.156 VarTD=0.918024 ret_end=-25.210 dbar_end=0.592 occ_end=0.296 CSR_train=0.000 done_count=125
[upd 220] u=1 upd_ctr=25 opt_step=400 E=0.150 g=0.167 VarTD=1.063444 ret_end=-24.042 dbar_end=0.570 occ_end=0.304 CSR_train=0.008 done_count=125
[upd 230] u=0 upd_ctr=26 opt_step=416 E=0.594 g=0.156 VarTD=1.226199 ret_end=-23.479 dbar_end=0.591 occ_end=0.232 CSR_train=0.000 done_count=125
[upd 240] u=0 upd_ctr=27 opt_step=432 E=1.000 g=0.155 VarTD=1.383144 ret_end=-23.897 dbar_end=0.593 occ_end=0.248 CSR_train=0.000 done_count=125
[upd 250] u=0 upd_ctr=29 opt_step=464 E=0.442 g=0.164 VarTD=1.710090 ret_end=-24.418 dbar_end=0.575 occ_end=0.328 CSR_train=0.000 done_count=125
[upd 260] u=0 upd_ctr=30 opt_step=480 E=0.899 g=0.167 VarTD=1.532591 ret_end=-23.582 dbar_end=0.570 occ_end=0.250 CSR_train=0.000 done_count=100
[upd 270] u=0 upd_ctr=32 opt_step=512 E=0.305 g=0.172 VarTD=2.153153 ret_end=-23.047 dbar_end=0.561 occ_end=0.312 CSR_train=0.008 done_count=125
[upd 280] u=0 upd_ctr=33 opt_step=528 E=0.742 g=0.158 VarTD=2.378913 ret_end=-24.088 dbar_end=0.587 occ_end=0.216 CSR_train=0.000 done_count=125
[upd 290] u=1 upd_ctr=35 opt_step=560 E=0.154 g=0.172 VarTD=2.554361 ret_end=-23.360 dbar_end=0.561 occ_end=0.320 CSR_train=0.000 done_count=125
[upd 300] u=0 upd_ctr=36 opt_step=576 E=0.575 g=0.162 VarTD=2.810672 ret_end=-24.088 dbar_end=0.580 occ_end=0.200 CSR_train=0.000 done_count=125
[upd 310] u=0 upd_ctr=37 opt_step=592 E=1.000 g=0.178 VarTD=3.085110 ret_end=-23.604 dbar_end=0.549 occ_end=0.344 CSR_train=0.000 done_count=125
[Gate5 check] update_counter violations: t0=0 diffs=0
[Gate5 check] opt_step violations: t0=0 diffs=0 (expected_inc=16)
[Gate5 check] NaN masking: nan_on_skip=True finite_on_update=True
[Gate5 summary] mean_update_fraction=0.1218 final_executed_updates_mean=38.00
[Gate5 eval] done_count mean=100.0 CSR mean=0.0000 len_end_mean=26.00
[Gate5 eval] episodes_per_env=4 T_eval=104
[Gate5 eval-debug] locked_eps_occ=0.20 pre(step25): dbar_end=0.460764 occupied_end_mean=0.400000 max_tilde_end_mean=0.665659 CSR@locked=0.010000
[Gate5 eval-debug] locked_eps_occ=0.20 post(step26): dbar_end=0.456243 occupied_end_mean=0.520000 max_tilde_end_mean=0.661734 CSR@locked=0.000000
[Gate5 eval-debug] CSR_pre@0.10=0.0000 CSR_pre@0.15=0.0000 CSR_pre@0.20=0.0100 CSR_pre@0.25=0.0100 CSR_pre@0.30=0.0200
[Gate5 eval-debug] CSR_post@0.10=0.0000 CSR_post@0.15=0.0000 CSR_post@0.20=0.0000 CSR_post@0.25=0.0100 CSR_post@0.30=0.0100
