Importing submoduled environments...
Submoduled environments not found. Skipping import.
[upd 0] u=1 upd_ctr=1 opt_step=16 E=0.171 g=0.088 VarTD=0.137352 ret_end=-28.134 dbar_end=0.773 occ_end=0.220 CSR_train=0.000 done_count=100
[upd 10] u=0 upd_ctr=1 opt_step=16 E=0.911 g=0.093 VarTD=0.158535 ret_end=-28.458 dbar_end=0.756 occ_end=0.184 CSR_train=0.000 done_count=125
[upd 20] u=0 upd_ctr=2 opt_step=32 E=0.775 g=0.109 VarTD=0.132070 ret_end=-26.432 dbar_end=0.705 occ_end=0.232 CSR_train=0.000 done_count=125
[upd 30] u=0 upd_ctr=3 opt_step=48 E=0.677 g=0.097 VarTD=0.166197 ret_end=-27.294 dbar_end=0.743 occ_end=0.200 CSR_train=0.000 done_count=125
[upd 40] u=0 upd_ctr=4 opt_step=64 E=0.604 g=0.102 VarTD=0.139951 ret_end=-26.866 dbar_end=0.729 occ_end=0.160 CSR_train=0.000 done_count=125
[upd 50] u=0 upd_ctr=5 opt_step=80 E=0.547 g=0.111 VarTD=0.163924 ret_end=-26.837 dbar_end=0.699 occ_end=0.248 CSR_train=0.000 done_count=125
[upd 60] u=0 upd_ctr=6 opt_step=96 E=0.515 g=0.114 VarTD=0.132680 ret_end=-26.575 dbar_end=0.692 occ_end=0.240 CSR_train=0.000 done_count=125
[upd 70] u=0 upd_ctr=7 opt_step=112 E=0.558 g=0.113 VarTD=0.152323 ret_end=-26.524 dbar_end=0.694 occ_end=0.208 CSR_train=0.000 done_count=125
[upd 80] u=0 upd_ctr=8 opt_step=128 E=0.614 g=0.118 VarTD=0.123606 ret_end=-24.712 dbar_end=0.681 occ_end=0.168 CSR_train=0.000 done_count=125
[upd 90] u=0 upd_ctr=9 opt_step=144 E=0.735 g=0.129 VarTD=0.153958 ret_end=-25.488 dbar_end=0.651 occ_end=0.248 CSR_train=0.000 done_count=125
[upd 100] u=0 upd_ctr=10 opt_step=160 E=0.825 g=0.123 VarTD=0.154116 ret_end=-25.368 dbar_end=0.667 occ_end=0.248 CSR_train=0.000 done_count=125
[upd 110] u=0 upd_ctr=11 opt_step=176 E=0.937 g=0.129 VarTD=0.160101 ret_end=-24.458 dbar_end=0.652 occ_end=0.224 CSR_train=0.008 done_count=125
[upd 120] u=1 upd_ctr=13 opt_step=208 E=0.178 g=0.119 VarTD=0.181957 ret_end=-26.093 dbar_end=0.677 occ_end=0.208 CSR_train=0.000 done_count=125
[upd 130] u=0 upd_ctr=14 opt_step=224 E=0.280 g=0.137 VarTD=0.201700 ret_end=-25.136 dbar_end=0.633 occ_end=0.140 CSR_train=0.000 done_count=100
[upd 140] u=0 upd_ctr=15 opt_step=240 E=0.459 g=0.132 VarTD=0.265341 ret_end=-26.212 dbar_end=0.645 occ_end=0.224 CSR_train=0.000 done_count=125
[upd 150] u=0 upd_ctr=16 opt_step=256 E=0.638 g=0.144 VarTD=0.286772 ret_end=-24.206 dbar_end=0.617 occ_end=0.224 CSR_train=0.000 done_count=125
[upd 160] u=0 upd_ctr=17 opt_step=272 E=0.825 g=0.115 VarTD=0.412128 ret_end=-26.642 dbar_end=0.688 occ_end=0.224 CSR_train=0.000 done_count=125
[upd 170] u=1 upd_ctr=19 opt_step=304 E=0.111 g=0.135 VarTD=0.433783 ret_end=-25.029 dbar_end=0.638 occ_end=0.232 CSR_train=0.000 done_count=125
[upd 180] u=0 upd_ctr=20 opt_step=320 E=0.323 g=0.141 VarTD=0.564569 ret_end=-25.637 dbar_end=0.625 occ_end=0.240 CSR_train=0.000 done_count=125
[upd 190] u=0 upd_ctr=21 opt_step=336 E=0.550 g=0.151 VarTD=0.651980 ret_end=-24.951 dbar_end=0.601 occ_end=0.272 CSR_train=0.000 done_count=125
[upd 200] u=0 upd_ctr=22 opt_step=352 E=0.866 g=0.144 VarTD=0.734585 ret_end=-24.156 dbar_end=0.616 occ_end=0.168 CSR_train=0.000 done_count=125
[upd 210] u=0 upd_ctr=24 opt_step=384 E=0.268 g=0.140 VarTD=0.949067 ret_end=-25.887 dbar_end=0.627 occ_end=0.192 CSR_train=0.000 done_count=125
[upd 220] u=0 upd_ctr=25 opt_step=400 E=0.552 g=0.152 VarTD=1.068272 ret_end=-24.153 dbar_end=0.600 occ_end=0.280 CSR_train=0.000 done_count=125
[upd 230] u=0 upd_ctr=26 opt_step=416 E=0.830 g=0.158 VarTD=1.214396 ret_end=-24.103 dbar_end=0.589 occ_end=0.264 CSR_train=0.008 done_count=125
[upd 240] u=1 upd_ctr=28 opt_step=448 E=0.215 g=0.144 VarTD=1.332880 ret_end=-24.342 dbar_end=0.618 occ_end=0.200 CSR_train=0.000 done_count=125
[upd 250] u=0 upd_ctr=29 opt_step=464 E=0.518 g=0.158 VarTD=1.599573 ret_end=-24.368 dbar_end=0.588 occ_end=0.264 CSR_train=0.008 done_count=125
[upd 260] u=0 upd_ctr=30 opt_step=480 E=0.800 g=0.152 VarTD=1.446186 ret_end=-24.668 dbar_end=0.601 occ_end=0.290 CSR_train=0.000 done_count=100
[upd 270] u=1 upd_ctr=32 opt_step=512 E=0.218 g=0.147 VarTD=1.885442 ret_end=-25.120 dbar_end=0.611 occ_end=0.256 CSR_train=0.000 done_count=125
[upd 280] u=0 upd_ctr=33 opt_step=528 E=0.568 g=0.159 VarTD=2.186392 ret_end=-24.533 dbar_end=0.585 occ_end=0.256 CSR_train=0.000 done_count=125
[upd 290] u=0 upd_ctr=34 opt_step=544 E=0.952 g=0.147 VarTD=2.339787 ret_end=-24.712 dbar_end=0.611 occ_end=0.264 CSR_train=0.000 done_count=125
[upd 300] u=0 upd_ctr=36 opt_step=576 E=0.445 g=0.167 VarTD=2.699878 ret_end=-23.527 dbar_end=0.571 occ_end=0.304 CSR_train=0.000 done_count=125
[upd 310] u=0 upd_ctr=37 opt_step=592 E=0.839 g=0.155 VarTD=2.859285 ret_end=-23.547 dbar_end=0.593 occ_end=0.272 CSR_train=0.000 done_count=125
[Gate5 check] update_counter violations: t0=0 diffs=0
[Gate5 check] opt_step violations: t0=0 diffs=0 (expected_inc=16)
[Gate5 check] NaN masking: nan_on_skip=True finite_on_update=True
[Gate5 summary] mean_update_fraction=0.1186 final_executed_updates_mean=37.00
[Gate5 eval] done_count mean=100.0 CSR mean=0.0200 len_end_mean=26.00
[Gate5 eval] episodes_per_env=4 T_eval=104
[Gate5 eval-debug] locked_eps_occ=0.20 pre(step25): dbar_end=0.488946 occupied_end_mean=0.400000 max_tilde_end_mean=0.696895 CSR@locked=0.010000
[Gate5 eval-debug] locked_eps_occ=0.20 post(step26): dbar_end=0.486116 occupied_end_mean=0.420000 max_tilde_end_mean=0.693596 CSR@locked=0.020000
[Gate5 eval-debug] CSR_pre@0.10=0.0000 CSR_pre@0.15=0.0000 CSR_pre@0.20=0.0100 CSR_pre@0.25=0.0100 CSR_pre@0.30=0.0100
[Gate5 eval-debug] CSR_post@0.10=0.0000 CSR_post@0.15=0.0100 CSR_post@0.20=0.0200 CSR_post@0.25=0.0200 CSR_post@0.30=0.0200
