Importing submoduled environments...
Submoduled environments not found. Skipping import.
[upd 0] u=1 upd_ctr=1 opt_step=16 E=0.653 g=0.105 VarTD=0.153100 ret_end=-26.906 dbar_end=0.718 occ_end=0.160 CSR_train=0.000 done_count=100
[upd 10] u=0 upd_ctr=3 opt_step=48 E=0.341 g=0.088 VarTD=0.149521 ret_end=-27.972 dbar_end=0.774 occ_end=0.088 CSR_train=0.000 done_count=125
[upd 20] u=1 upd_ctr=5 opt_step=80 E=0.059 g=0.109 VarTD=0.124611 ret_end=-26.282 dbar_end=0.707 occ_end=0.216 CSR_train=0.000 done_count=125
[upd 30] u=0 upd_ctr=6 opt_step=96 E=0.186 g=0.109 VarTD=0.151018 ret_end=-26.902 dbar_end=0.707 occ_end=0.176 CSR_train=0.000 done_count=125
[upd 40] u=0 upd_ctr=7 opt_step=112 E=0.338 g=0.103 VarTD=0.142591 ret_end=-27.569 dbar_end=0.724 occ_end=0.192 CSR_train=0.000 done_count=125
[upd 50] u=0 upd_ctr=9 opt_step=144 E=0.118 g=0.108 VarTD=0.161164 ret_end=-27.272 dbar_end=0.707 occ_end=0.168 CSR_train=0.000 done_count=125
[upd 60] u=0 upd_ctr=10 opt_step=160 E=0.302 g=0.113 VarTD=0.159298 ret_end=-26.143 dbar_end=0.694 occ_end=0.200 CSR_train=0.000 done_count=125
[upd 70] u=0 upd_ctr=12 opt_step=192 E=0.145 g=0.153 VarTD=0.184794 ret_end=-24.419 dbar_end=0.598 occ_end=0.352 CSR_train=0.000 done_count=125
[upd 80] u=0 upd_ctr=13 opt_step=208 E=0.392 g=0.145 VarTD=0.178894 ret_end=-23.785 dbar_end=0.614 occ_end=0.256 CSR_train=0.000 done_count=125
[upd 90] u=0 upd_ctr=15 opt_step=240 E=0.241 g=0.135 VarTD=0.263258 ret_end=-24.423 dbar_end=0.637 occ_end=0.216 CSR_train=0.000 done_count=125
[upd 100] u=1 upd_ctr=17 opt_step=272 E=0.125 g=0.131 VarTD=0.312586 ret_end=-25.856 dbar_end=0.648 occ_end=0.184 CSR_train=0.000 done_count=125
[upd 110] u=0 upd_ctr=18 opt_step=288 E=0.458 g=0.154 VarTD=0.412468 ret_end=-24.274 dbar_end=0.596 occ_end=0.288 CSR_train=0.008 done_count=125
[upd 120] u=0 upd_ctr=20 opt_step=320 E=0.385 g=0.140 VarTD=0.560522 ret_end=-25.457 dbar_end=0.626 occ_end=0.216 CSR_train=0.000 done_count=125
[Gate5 check] update_counter violations: t0=0 diffs=0
[Gate5 check] opt_step violations: t0=0 diffs=0 (expected_inc=16)
[Gate5 check] NaN masking: nan_on_skip=True finite_on_update=True
[Gate5 summary] mean_update_fraction=0.1680 final_executed_updates_mean=21.00
[Gate5 eval] done_count mean=100.0 CSR mean=0.0000 len_end_mean=26.00
[Gate5 eval] episodes_per_env=4 T_eval=104
[Gate5 eval-debug] locked_eps_occ=0.20 pre(step25): dbar_end=0.509553 occupied_end_mean=0.400000 max_tilde_end_mean=0.701841 CSR@locked=0.020000
[Gate5 eval-debug] locked_eps_occ=0.20 post(step26): dbar_end=0.496812 occupied_end_mean=0.380000 max_tilde_end_mean=0.686635 CSR@locked=0.000000
[Gate5 eval-debug] CSR_pre@0.10=0.0000 CSR_pre@0.15=0.0100 CSR_pre@0.20=0.0200 CSR_pre@0.25=0.0200 CSR_pre@0.30=0.0200
[Gate5 eval-debug] CSR_post@0.10=0.0000 CSR_post@0.15=0.0000 CSR_post@0.20=0.0000 CSR_post@0.25=0.0100 CSR_post@0.30=0.0500
