Importing submoduled environments...
Submoduled environments not found. Skipping import.
[upd 0] u=1 upd_ctr=1 opt_step=16 E=0.117 g=0.086 VarTD=0.176520 ret_end=-28.138 dbar_end=0.781 occ_end=0.160 CSR_train=0.000 done_count=100
[upd 10] u=0 upd_ctr=1 opt_step=16 E=0.301 g=0.084 VarTD=0.149910 ret_end=-27.579 dbar_end=0.789 occ_end=0.128 CSR_train=0.000 done_count=125
[upd 20] u=0 upd_ctr=1 opt_step=16 E=0.492 g=0.105 VarTD=0.156258 ret_end=-27.201 dbar_end=0.719 occ_end=0.184 CSR_train=0.000 done_count=125
[upd 30] u=0 upd_ctr=1 opt_step=16 E=0.685 g=0.093 VarTD=0.153786 ret_end=-26.473 dbar_end=0.758 occ_end=0.128 CSR_train=0.000 done_count=125
[upd 40] u=0 upd_ctr=1 opt_step=16 E=0.869 g=0.097 VarTD=0.160773 ret_end=-26.837 dbar_end=0.744 occ_end=0.128 CSR_train=0.000 done_count=125
[upd 50] u=0 upd_ctr=2 opt_step=32 E=0.163 g=0.091 VarTD=0.172724 ret_end=-27.373 dbar_end=0.763 occ_end=0.176 CSR_train=0.000 done_count=125
[upd 60] u=0 upd_ctr=2 opt_step=32 E=0.350 g=0.091 VarTD=0.158481 ret_end=-27.124 dbar_end=0.764 occ_end=0.168 CSR_train=0.000 done_count=125
[upd 70] u=0 upd_ctr=2 opt_step=32 E=0.531 g=0.095 VarTD=0.164093 ret_end=-27.167 dbar_end=0.750 occ_end=0.168 CSR_train=0.000 done_count=125
[upd 80] u=0 upd_ctr=2 opt_step=32 E=0.717 g=0.101 VarTD=0.179701 ret_end=-26.536 dbar_end=0.730 occ_end=0.128 CSR_train=0.000 done_count=125
[upd 90] u=0 upd_ctr=2 opt_step=32 E=0.902 g=0.096 VarTD=0.194160 ret_end=-27.241 dbar_end=0.747 occ_end=0.120 CSR_train=0.000 done_count=125
[upd 100] u=0 upd_ctr=3 opt_step=48 E=0.200 g=0.081 VarTD=0.194469 ret_end=-27.914 dbar_end=0.801 occ_end=0.128 CSR_train=0.000 done_count=125
[upd 110] u=0 upd_ctr=3 opt_step=48 E=0.383 g=0.094 VarTD=0.169128 ret_end=-26.874 dbar_end=0.751 occ_end=0.136 CSR_train=0.000 done_count=125
[upd 120] u=0 upd_ctr=3 opt_step=48 E=0.575 g=0.095 VarTD=0.181674 ret_end=-27.927 dbar_end=0.749 occ_end=0.144 CSR_train=0.000 done_count=125
[upd 130] u=0 upd_ctr=3 opt_step=48 E=0.757 g=0.093 VarTD=0.161696 ret_end=-27.046 dbar_end=0.757 occ_end=0.170 CSR_train=0.000 done_count=100
[upd 140] u=0 upd_ctr=4 opt_step=64 E=0.048 g=0.087 VarTD=0.188577 ret_end=-29.004 dbar_end=0.777 occ_end=0.112 CSR_train=0.000 done_count=125
[upd 150] u=0 upd_ctr=4 opt_step=64 E=0.243 g=0.105 VarTD=0.174318 ret_end=-27.101 dbar_end=0.719 occ_end=0.144 CSR_train=0.000 done_count=125
[upd 160] u=0 upd_ctr=4 opt_step=64 E=0.442 g=0.097 VarTD=0.164188 ret_end=-26.850 dbar_end=0.744 occ_end=0.176 CSR_train=0.008 done_count=125
[upd 170] u=0 upd_ctr=4 opt_step=64 E=0.640 g=0.107 VarTD=0.147268 ret_end=-26.599 dbar_end=0.713 occ_end=0.184 CSR_train=0.000 done_count=125
[upd 180] u=0 upd_ctr=4 opt_step=64 E=0.850 g=0.112 VarTD=0.144595 ret_end=-26.372 dbar_end=0.699 occ_end=0.224 CSR_train=0.000 done_count=125
[upd 190] u=0 upd_ctr=5 opt_step=80 E=0.150 g=0.093 VarTD=0.147859 ret_end=-27.731 dbar_end=0.756 occ_end=0.136 CSR_train=0.000 done_count=125
[upd 200] u=0 upd_ctr=5 opt_step=80 E=0.368 g=0.111 VarTD=0.152545 ret_end=-27.275 dbar_end=0.701 occ_end=0.200 CSR_train=0.000 done_count=125
[upd 210] u=0 upd_ctr=5 opt_step=80 E=0.584 g=0.118 VarTD=0.162870 ret_end=-25.880 dbar_end=0.681 occ_end=0.240 CSR_train=0.000 done_count=125
[upd 220] u=0 upd_ctr=5 opt_step=80 E=0.784 g=0.108 VarTD=0.156565 ret_end=-26.533 dbar_end=0.708 occ_end=0.248 CSR_train=0.008 done_count=125
[upd 230] u=0 upd_ctr=6 opt_step=96 E=0.100 g=0.120 VarTD=0.123409 ret_end=-25.815 dbar_end=0.674 occ_end=0.176 CSR_train=0.000 done_count=125
[upd 240] u=0 upd_ctr=6 opt_step=96 E=0.320 g=0.119 VarTD=0.128347 ret_end=-26.066 dbar_end=0.679 occ_end=0.272 CSR_train=0.000 done_count=125
[upd 250] u=0 upd_ctr=6 opt_step=96 E=0.538 g=0.111 VarTD=0.150233 ret_end=-26.820 dbar_end=0.700 occ_end=0.192 CSR_train=0.000 done_count=125
[upd 260] u=0 upd_ctr=6 opt_step=96 E=0.760 g=0.118 VarTD=0.142047 ret_end=-26.210 dbar_end=0.681 occ_end=0.220 CSR_train=0.000 done_count=100
[upd 270] u=0 upd_ctr=7 opt_step=112 E=0.078 g=0.115 VarTD=0.185426 ret_end=-26.011 dbar_end=0.690 occ_end=0.160 CSR_train=0.000 done_count=125
[upd 280] u=0 upd_ctr=7 opt_step=112 E=0.306 g=0.120 VarTD=0.134076 ret_end=-25.364 dbar_end=0.676 occ_end=0.216 CSR_train=0.000 done_count=125
[upd 290] u=0 upd_ctr=7 opt_step=112 E=0.538 g=0.106 VarTD=0.161273 ret_end=-26.546 dbar_end=0.713 occ_end=0.232 CSR_train=0.000 done_count=125
[upd 300] u=0 upd_ctr=7 opt_step=112 E=0.764 g=0.105 VarTD=0.134380 ret_end=-27.587 dbar_end=0.719 occ_end=0.288 CSR_train=0.000 done_count=125
[upd 310] u=0 upd_ctr=8 opt_step=128 E=0.090 g=0.107 VarTD=0.145219 ret_end=-26.989 dbar_end=0.712 occ_end=0.096 CSR_train=0.000 done_count=125
[Gate5 check] update_counter violations: t0=0 diffs=0
[Gate5 check] opt_step violations: t0=0 diffs=0 (expected_inc=16)
[Gate5 check] NaN masking: nan_on_skip=True finite_on_update=True
[Gate5 summary] mean_update_fraction=0.0256 final_executed_updates_mean=8.00
[Gate5 eval] done_count mean=100.0 CSR mean=0.0000 len_end_mean=26.00
[Gate5 eval] episodes_per_env=4 T_eval=104
[Gate5 eval-debug] locked_eps_occ=0.20 pre(step25): dbar_end=0.538263 occupied_end_mean=0.300000 max_tilde_end_mean=0.768714 CSR@locked=0.000000
[Gate5 eval-debug] locked_eps_occ=0.20 post(step26): dbar_end=0.538821 occupied_end_mean=0.280000 max_tilde_end_mean=0.767924 CSR@locked=0.000000
[Gate5 eval-debug] CSR_pre@0.10=0.0000 CSR_pre@0.15=0.0000 CSR_pre@0.20=0.0000 CSR_pre@0.25=0.0000 CSR_pre@0.30=0.0100
[Gate5 eval-debug] CSR_post@0.10=0.0000 CSR_post@0.15=0.0000 CSR_post@0.20=0.0000 CSR_post@0.25=0.0000 CSR_post@0.30=0.0100
