Importing submoduled environments...
Submoduled environments not found. Skipping import.
[upd 0] u=1 upd_ctr=1 opt_step=16 E=0.119 g=0.096 VarTD=0.198978 ret_end=-28.258 dbar_end=0.747 occ_end=0.170 CSR_train=0.000 done_count=100
[upd 10] u=0 upd_ctr=1 opt_step=16 E=0.303 g=0.091 VarTD=0.177568 ret_end=-27.488 dbar_end=0.762 occ_end=0.104 CSR_train=0.000 done_count=125
[upd 20] u=0 upd_ctr=1 opt_step=16 E=0.480 g=0.085 VarTD=0.179358 ret_end=-27.807 dbar_end=0.787 occ_end=0.104 CSR_train=0.000 done_count=125
[upd 30] u=0 upd_ctr=1 opt_step=16 E=0.664 g=0.083 VarTD=0.171546 ret_end=-27.833 dbar_end=0.792 occ_end=0.160 CSR_train=0.000 done_count=125
[upd 40] u=0 upd_ctr=1 opt_step=16 E=0.849 g=0.091 VarTD=0.151869 ret_end=-27.572 dbar_end=0.763 occ_end=0.168 CSR_train=0.000 done_count=125
[upd 50] u=0 upd_ctr=2 opt_step=32 E=0.137 g=0.109 VarTD=0.157668 ret_end=-26.979 dbar_end=0.706 occ_end=0.224 CSR_train=0.000 done_count=125
[upd 60] u=0 upd_ctr=2 opt_step=32 E=0.336 g=0.092 VarTD=0.170556 ret_end=-26.992 dbar_end=0.761 occ_end=0.128 CSR_train=0.000 done_count=125
[upd 70] u=0 upd_ctr=2 opt_step=32 E=0.531 g=0.115 VarTD=0.151665 ret_end=-26.067 dbar_end=0.688 occ_end=0.144 CSR_train=0.000 done_count=125
[upd 80] u=0 upd_ctr=2 opt_step=32 E=0.717 g=0.095 VarTD=0.193345 ret_end=-26.872 dbar_end=0.751 occ_end=0.160 CSR_train=0.000 done_count=125
[upd 90] u=0 upd_ctr=2 opt_step=32 E=0.905 g=0.084 VarTD=0.203568 ret_end=-28.534 dbar_end=0.790 occ_end=0.112 CSR_train=0.000 done_count=125
[upd 100] u=0 upd_ctr=3 opt_step=48 E=0.207 g=0.094 VarTD=0.163652 ret_end=-27.291 dbar_end=0.752 occ_end=0.136 CSR_train=0.000 done_count=125
[upd 110] u=0 upd_ctr=3 opt_step=48 E=0.405 g=0.094 VarTD=0.181003 ret_end=-27.822 dbar_end=0.755 occ_end=0.152 CSR_train=0.000 done_count=125
[upd 120] u=0 upd_ctr=3 opt_step=48 E=0.611 g=0.110 VarTD=0.140962 ret_end=-26.644 dbar_end=0.704 occ_end=0.208 CSR_train=0.000 done_count=125
[upd 130] u=0 upd_ctr=3 opt_step=48 E=0.816 g=0.102 VarTD=0.159901 ret_end=-26.979 dbar_end=0.727 occ_end=0.190 CSR_train=0.000 done_count=100
[upd 140] u=0 upd_ctr=4 opt_step=64 E=0.121 g=0.095 VarTD=0.166691 ret_end=-27.011 dbar_end=0.749 occ_end=0.136 CSR_train=0.000 done_count=125
[upd 150] u=0 upd_ctr=4 opt_step=64 E=0.330 g=0.111 VarTD=0.154102 ret_end=-26.263 dbar_end=0.700 occ_end=0.192 CSR_train=0.000 done_count=125
[upd 160] u=0 upd_ctr=4 opt_step=64 E=0.544 g=0.108 VarTD=0.148572 ret_end=-26.174 dbar_end=0.709 occ_end=0.144 CSR_train=0.000 done_count=125
[upd 170] u=0 upd_ctr=4 opt_step=64 E=0.749 g=0.098 VarTD=0.154979 ret_end=-26.636 dbar_end=0.739 occ_end=0.112 CSR_train=0.000 done_count=125
[upd 180] u=0 upd_ctr=5 opt_step=80 E=0.060 g=0.103 VarTD=0.160479 ret_end=-27.193 dbar_end=0.723 occ_end=0.152 CSR_train=0.000 done_count=125
[upd 190] u=0 upd_ctr=5 opt_step=80 E=0.271 g=0.118 VarTD=0.157292 ret_end=-25.915 dbar_end=0.680 occ_end=0.200 CSR_train=0.000 done_count=125
[upd 200] u=0 upd_ctr=5 opt_step=80 E=0.482 g=0.103 VarTD=0.152312 ret_end=-27.075 dbar_end=0.724 occ_end=0.144 CSR_train=0.000 done_count=125
[upd 210] u=0 upd_ctr=5 opt_step=80 E=0.706 g=0.115 VarTD=0.164846 ret_end=-26.631 dbar_end=0.689 occ_end=0.120 CSR_train=0.000 done_count=125
[upd 220] u=0 upd_ctr=5 opt_step=80 E=0.920 g=0.105 VarTD=0.204679 ret_end=-27.095 dbar_end=0.717 occ_end=0.128 CSR_train=0.000 done_count=125
[upd 230] u=0 upd_ctr=6 opt_step=96 E=0.236 g=0.113 VarTD=0.162004 ret_end=-26.292 dbar_end=0.696 occ_end=0.144 CSR_train=0.000 done_count=125
[upd 240] u=0 upd_ctr=6 opt_step=96 E=0.455 g=0.108 VarTD=0.176691 ret_end=-26.936 dbar_end=0.709 occ_end=0.184 CSR_train=0.000 done_count=125
[upd 250] u=0 upd_ctr=6 opt_step=96 E=0.675 g=0.112 VarTD=0.172837 ret_end=-26.763 dbar_end=0.697 occ_end=0.200 CSR_train=0.000 done_count=125
[upd 260] u=0 upd_ctr=6 opt_step=96 E=0.893 g=0.108 VarTD=0.172077 ret_end=-26.289 dbar_end=0.709 occ_end=0.150 CSR_train=0.000 done_count=100
[upd 270] u=0 upd_ctr=7 opt_step=112 E=0.219 g=0.116 VarTD=0.156327 ret_end=-26.170 dbar_end=0.685 occ_end=0.136 CSR_train=0.000 done_count=125
[upd 280] u=0 upd_ctr=7 opt_step=112 E=0.445 g=0.107 VarTD=0.194827 ret_end=-27.411 dbar_end=0.712 occ_end=0.200 CSR_train=0.000 done_count=125
[upd 290] u=0 upd_ctr=7 opt_step=112 E=0.669 g=0.108 VarTD=0.150746 ret_end=-26.950 dbar_end=0.710 occ_end=0.128 CSR_train=0.000 done_count=125
[upd 300] u=0 upd_ctr=7 opt_step=112 E=0.898 g=0.107 VarTD=0.175294 ret_end=-26.255 dbar_end=0.711 occ_end=0.128 CSR_train=0.000 done_count=125
[upd 310] u=0 upd_ctr=8 opt_step=128 E=0.232 g=0.124 VarTD=0.156370 ret_end=-24.698 dbar_end=0.665 occ_end=0.184 CSR_train=0.000 done_count=125
[Gate5 check] update_counter violations: t0=0 diffs=0
[Gate5 check] opt_step violations: t0=0 diffs=0 (expected_inc=16)
[Gate5 check] NaN masking: nan_on_skip=True finite_on_update=True
[Gate5 summary] mean_update_fraction=0.0256 final_executed_updates_mean=8.00
[Gate5 eval] done_count mean=100.0 CSR mean=0.0000 len_end_mean=26.00
[Gate5 eval] episodes_per_env=4 T_eval=104
[Gate5 eval-debug] locked_eps_occ=0.20 pre(step25): dbar_end=0.532289 occupied_end_mean=0.390000 max_tilde_end_mean=0.793887 CSR@locked=0.000000
[Gate5 eval-debug] locked_eps_occ=0.20 post(step26): dbar_end=0.527575 occupied_end_mean=0.340000 max_tilde_end_mean=0.783856 CSR@locked=0.000000
[Gate5 eval-debug] CSR_pre@0.10=0.0000 CSR_pre@0.15=0.0000 CSR_pre@0.20=0.0000 CSR_pre@0.25=0.0100 CSR_pre@0.30=0.0100
[Gate5 eval-debug] CSR_post@0.10=0.0000 CSR_post@0.15=0.0000 CSR_post@0.20=0.0000 CSR_post@0.25=0.0000 CSR_post@0.30=0.0200
