Importing submoduled environments...
Submoduled environments not found. Skipping import.
[upd 0] u=1 upd_ctr=1 opt_step=16 E=0.353 g=0.105 VarTD=0.153100 ret_end=-26.906 dbar_end=0.718 occ_end=0.160 CSR_train=0.000 done_count=100
[upd 10] u=0 upd_ctr=2 opt_step=32 E=0.120 g=0.084 VarTD=0.154736 ret_end=-28.184 dbar_end=0.789 occ_end=0.112 CSR_train=0.000 done_count=125
[upd 20] u=0 upd_ctr=2 opt_step=32 E=0.619 g=0.103 VarTD=0.134660 ret_end=-26.501 dbar_end=0.725 occ_end=0.200 CSR_train=0.000 done_count=125
[upd 30] u=0 upd_ctr=3 opt_step=48 E=0.428 g=0.103 VarTD=0.147318 ret_end=-27.013 dbar_end=0.725 occ_end=0.168 CSR_train=0.000 done_count=125
[upd 40] u=0 upd_ctr=4 opt_step=64 E=0.247 g=0.104 VarTD=0.140817 ret_end=-27.742 dbar_end=0.722 occ_end=0.176 CSR_train=0.000 done_count=125
[upd 50] u=1 upd_ctr=5 opt_step=80 E=0.092 g=0.103 VarTD=0.133334 ret_end=-27.440 dbar_end=0.723 occ_end=0.192 CSR_train=0.000 done_count=125
[upd 60] u=0 upd_ctr=5 opt_step=80 E=0.646 g=0.113 VarTD=0.133071 ret_end=-26.312 dbar_end=0.694 occ_end=0.208 CSR_train=0.000 done_count=125
[upd 70] u=0 upd_ctr=6 opt_step=96 E=0.543 g=0.137 VarTD=0.127167 ret_end=-25.069 dbar_end=0.634 occ_end=0.272 CSR_train=0.000 done_count=125
[upd 80] u=0 upd_ctr=7 opt_step=112 E=0.449 g=0.140 VarTD=0.103965 ret_end=-24.231 dbar_end=0.626 occ_end=0.208 CSR_train=0.008 done_count=125
[upd 90] u=0 upd_ctr=8 opt_step=128 E=0.357 g=0.124 VarTD=0.137487 ret_end=-25.061 dbar_end=0.666 occ_end=0.216 CSR_train=0.000 done_count=125
[upd 100] u=0 upd_ctr=9 opt_step=144 E=0.282 g=0.125 VarTD=0.147230 ret_end=-25.962 dbar_end=0.662 occ_end=0.176 CSR_train=0.000 done_count=125
[upd 110] u=0 upd_ctr=10 opt_step=160 E=0.237 g=0.133 VarTD=0.151045 ret_end=-24.980 dbar_end=0.643 occ_end=0.200 CSR_train=0.000 done_count=125
[upd 120] u=0 upd_ctr=11 opt_step=176 E=0.197 g=0.129 VarTD=0.165798 ret_end=-25.764 dbar_end=0.651 occ_end=0.216 CSR_train=0.000 done_count=125
[Gate5 check] update_counter violations: t0=0 diffs=0
[Gate5 check] opt_step violations: t0=0 diffs=0 (expected_inc=16)
[Gate5 check] NaN masking: nan_on_skip=True finite_on_update=True
[Gate5 summary] mean_update_fraction=0.0880 final_executed_updates_mean=11.00
[Gate5 eval] done_count mean=100.0 CSR mean=0.0000 len_end_mean=26.00
[Gate5 eval] episodes_per_env=4 T_eval=104
[Gate5 eval-debug] locked_eps_occ=0.20 pre(step25): dbar_end=0.482501 occupied_end_mean=0.460000 max_tilde_end_mean=0.710249 CSR@locked=0.000000
[Gate5 eval-debug] locked_eps_occ=0.20 post(step26): dbar_end=0.483407 occupied_end_mean=0.460000 max_tilde_end_mean=0.714813 CSR@locked=0.000000
[Gate5 eval-debug] CSR_pre@0.10=0.0000 CSR_pre@0.15=0.0000 CSR_pre@0.20=0.0000 CSR_pre@0.25=0.0000 CSR_pre@0.30=0.0000
[Gate5 eval-debug] CSR_post@0.10=0.0000 CSR_post@0.15=0.0000 CSR_post@0.20=0.0000 CSR_post@0.25=0.0100 CSR_post@0.30=0.0300
