Importing submoduled environments...
Submoduled environments not found. Skipping import.
[upd 0] u=1 upd_ctr=1 opt_step=16 E=0.055 g=0.092 VarTD=0.127621 ret_end=-27.319 dbar_end=0.760 occ_end=0.140 CSR_train=0.000 done_count=100
[upd 10] u=0 upd_ctr=1 opt_step=16 E=0.623 g=0.102 VarTD=0.162085 ret_end=-27.682 dbar_end=0.727 occ_end=0.168 CSR_train=0.000 done_count=125
[upd 20] u=0 upd_ctr=2 opt_step=32 E=0.154 g=0.087 VarTD=0.131801 ret_end=-28.042 dbar_end=0.777 occ_end=0.152 CSR_train=0.000 done_count=125
[upd 30] u=0 upd_ctr=2 opt_step=32 E=0.745 g=0.096 VarTD=0.136960 ret_end=-26.873 dbar_end=0.747 occ_end=0.192 CSR_train=0.000 done_count=125
[upd 40] u=0 upd_ctr=3 opt_step=48 E=0.272 g=0.088 VarTD=0.142664 ret_end=-27.580 dbar_end=0.774 occ_end=0.120 CSR_train=0.000 done_count=125
[upd 50] u=0 upd_ctr=3 opt_step=48 E=0.874 g=0.104 VarTD=0.137608 ret_end=-26.400 dbar_end=0.722 occ_end=0.176 CSR_train=0.000 done_count=125
[upd 60] u=0 upd_ctr=4 opt_step=64 E=0.430 g=0.107 VarTD=0.126064 ret_end=-26.684 dbar_end=0.712 occ_end=0.192 CSR_train=0.000 done_count=125
[upd 70] u=0 upd_ctr=4 opt_step=64 E=1.000 g=0.107 VarTD=0.164084 ret_end=-26.837 dbar_end=0.712 occ_end=0.224 CSR_train=0.000 done_count=125
[upd 80] u=0 upd_ctr=5 opt_step=80 E=0.661 g=0.111 VarTD=0.149362 ret_end=-26.180 dbar_end=0.700 occ_end=0.192 CSR_train=0.000 done_count=125
[upd 90] u=0 upd_ctr=6 opt_step=96 E=0.337 g=0.114 VarTD=0.147607 ret_end=-27.300 dbar_end=0.691 occ_end=0.216 CSR_train=0.000 done_count=125
[upd 100] u=0 upd_ctr=6 opt_step=96 E=1.000 g=0.126 VarTD=0.119309 ret_end=-24.827 dbar_end=0.659 occ_end=0.200 CSR_train=0.000 done_count=125
[upd 110] u=0 upd_ctr=7 opt_step=112 E=0.686 g=0.101 VarTD=0.170130 ret_end=-27.580 dbar_end=0.729 occ_end=0.144 CSR_train=0.000 done_count=125
[upd 120] u=0 upd_ctr=8 opt_step=128 E=0.350 g=0.123 VarTD=0.133447 ret_end=-26.196 dbar_end=0.667 occ_end=0.168 CSR_train=0.000 done_count=125
[Gate5 check] update_counter violations: t0=0 diffs=0
[Gate5 check] opt_step violations: t0=0 diffs=0 (expected_inc=16)
[Gate5 check] NaN masking: nan_on_skip=True finite_on_update=True
[Gate5 summary] mean_update_fraction=0.0640 final_executed_updates_mean=8.00
[Gate5 eval] done_count mean=100.0 CSR mean=0.0000 len_end_mean=26.00
[Gate5 eval] episodes_per_env=4 T_eval=104
[Gate5 eval-debug] locked_eps_occ=0.20 pre(step25): dbar_end=0.502879 occupied_end_mean=0.380000 max_tilde_end_mean=0.744272 CSR@locked=0.000000
[Gate5 eval-debug] locked_eps_occ=0.20 post(step26): dbar_end=0.513825 occupied_end_mean=0.310000 max_tilde_end_mean=0.756357 CSR@locked=0.000000
[Gate5 eval-debug] CSR_pre@0.10=0.0000 CSR_pre@0.15=0.0000 CSR_pre@0.20=0.0000 CSR_pre@0.25=0.0000 CSR_pre@0.30=0.0000
[Gate5 eval-debug] CSR_post@0.10=0.0000 CSR_post@0.15=0.0000 CSR_post@0.20=0.0000 CSR_post@0.25=0.0100 CSR_post@0.30=0.0200
