Importing submoduled environments...
Submoduled environments not found. Skipping import.
[upd 0] u=1 upd_ctr=1 opt_step=16 E=0.028 g=0.092 VarTD=0.142843 ret_end=-27.084 dbar_end=0.760 occ_end=0.110 CSR_train=0.000 done_count=100
[upd 10] u=0 upd_ctr=1 opt_step=16 E=0.299 g=0.091 VarTD=0.164683 ret_end=-27.227 dbar_end=0.764 occ_end=0.176 CSR_train=0.000 done_count=125
[upd 20] u=0 upd_ctr=1 opt_step=16 E=0.582 g=0.080 VarTD=0.174803 ret_end=-28.589 dbar_end=0.804 occ_end=0.112 CSR_train=0.000 done_count=125
[upd 30] u=0 upd_ctr=1 opt_step=16 E=0.867 g=0.092 VarTD=0.132511 ret_end=-27.386 dbar_end=0.758 occ_end=0.160 CSR_train=0.000 done_count=125
[upd 40] u=0 upd_ctr=2 opt_step=32 E=0.144 g=0.098 VarTD=0.145540 ret_end=-26.657 dbar_end=0.741 occ_end=0.104 CSR_train=0.000 done_count=125
[upd 50] u=0 upd_ctr=2 opt_step=32 E=0.438 g=0.092 VarTD=0.135300 ret_end=-27.370 dbar_end=0.758 occ_end=0.136 CSR_train=0.000 done_count=125
[upd 60] u=0 upd_ctr=2 opt_step=32 E=0.740 g=0.118 VarTD=0.150932 ret_end=-25.666 dbar_end=0.682 occ_end=0.168 CSR_train=0.000 done_count=125
[upd 70] u=1 upd_ctr=3 opt_step=48 E=0.028 g=0.094 VarTD=0.166228 ret_end=-27.302 dbar_end=0.752 occ_end=0.136 CSR_train=0.000 done_count=125
[upd 80] u=0 upd_ctr=3 opt_step=48 E=0.341 g=0.098 VarTD=0.163934 ret_end=-27.158 dbar_end=0.740 occ_end=0.184 CSR_train=0.000 done_count=125
[upd 90] u=0 upd_ctr=3 opt_step=48 E=0.663 g=0.105 VarTD=0.125996 ret_end=-26.464 dbar_end=0.716 occ_end=0.128 CSR_train=0.000 done_count=125
[upd 100] u=0 upd_ctr=3 opt_step=48 E=0.972 g=0.102 VarTD=0.153536 ret_end=-28.094 dbar_end=0.726 occ_end=0.152 CSR_train=0.000 done_count=125
[upd 110] u=0 upd_ctr=4 opt_step=64 E=0.290 g=0.115 VarTD=0.146282 ret_end=-26.732 dbar_end=0.688 occ_end=0.168 CSR_train=0.000 done_count=125
[upd 120] u=0 upd_ctr=4 opt_step=64 E=0.620 g=0.104 VarTD=0.131711 ret_end=-26.612 dbar_end=0.722 occ_end=0.176 CSR_train=0.000 done_count=125
[upd 130] u=0 upd_ctr=4 opt_step=64 E=0.936 g=0.092 VarTD=0.159133 ret_end=-27.395 dbar_end=0.759 occ_end=0.130 CSR_train=0.000 done_count=100
[upd 140] u=0 upd_ctr=5 opt_step=80 E=0.259 g=0.122 VarTD=0.164209 ret_end=-25.941 dbar_end=0.670 occ_end=0.208 CSR_train=0.000 done_count=125
[upd 150] u=0 upd_ctr=5 opt_step=80 E=0.572 g=0.101 VarTD=0.124245 ret_end=-25.353 dbar_end=0.731 occ_end=0.112 CSR_train=0.000 done_count=125
[upd 160] u=0 upd_ctr=5 opt_step=80 E=0.912 g=0.116 VarTD=0.145765 ret_end=-26.362 dbar_end=0.687 occ_end=0.184 CSR_train=0.000 done_count=125
[upd 170] u=0 upd_ctr=6 opt_step=96 E=0.243 g=0.111 VarTD=0.139376 ret_end=-25.690 dbar_end=0.699 occ_end=0.176 CSR_train=0.000 done_count=125
[upd 180] u=0 upd_ctr=6 opt_step=96 E=0.574 g=0.105 VarTD=0.142262 ret_end=-26.265 dbar_end=0.717 occ_end=0.184 CSR_train=0.000 done_count=125
[upd 190] u=0 upd_ctr=6 opt_step=96 E=0.922 g=0.114 VarTD=0.148825 ret_end=-26.629 dbar_end=0.691 occ_end=0.224 CSR_train=0.000 done_count=125
[upd 200] u=0 upd_ctr=7 opt_step=112 E=0.251 g=0.110 VarTD=0.174817 ret_end=-26.696 dbar_end=0.702 occ_end=0.216 CSR_train=0.000 done_count=125
[upd 210] u=0 upd_ctr=7 opt_step=112 E=0.594 g=0.123 VarTD=0.163774 ret_end=-25.821 dbar_end=0.668 occ_end=0.168 CSR_train=0.000 done_count=125
[upd 220] u=0 upd_ctr=7 opt_step=112 E=0.949 g=0.110 VarTD=0.132715 ret_end=-25.921 dbar_end=0.703 occ_end=0.208 CSR_train=0.000 done_count=125
[upd 230] u=0 upd_ctr=8 opt_step=128 E=0.286 g=0.119 VarTD=0.167912 ret_end=-25.713 dbar_end=0.678 occ_end=0.256 CSR_train=0.000 done_count=125
[upd 240] u=0 upd_ctr=8 opt_step=128 E=0.644 g=0.109 VarTD=0.209748 ret_end=-26.871 dbar_end=0.707 occ_end=0.160 CSR_train=0.000 done_count=125
[upd 250] u=0 upd_ctr=8 opt_step=128 E=1.000 g=0.123 VarTD=0.131159 ret_end=-26.528 dbar_end=0.668 occ_end=0.216 CSR_train=0.000 done_count=125
[upd 260] u=0 upd_ctr=9 opt_step=144 E=0.373 g=0.129 VarTD=0.152115 ret_end=-24.760 dbar_end=0.651 occ_end=0.220 CSR_train=0.000 done_count=100
[upd 270] u=0 upd_ctr=9 opt_step=144 E=0.737 g=0.118 VarTD=0.167862 ret_end=-25.519 dbar_end=0.681 occ_end=0.184 CSR_train=0.000 done_count=125
[upd 280] u=0 upd_ctr=10 opt_step=160 E=0.080 g=0.141 VarTD=0.148673 ret_end=-25.244 dbar_end=0.625 occ_end=0.232 CSR_train=0.008 done_count=125
[upd 290] u=0 upd_ctr=10 opt_step=160 E=0.463 g=0.139 VarTD=0.156195 ret_end=-25.113 dbar_end=0.628 occ_end=0.184 CSR_train=0.000 done_count=125
[upd 300] u=0 upd_ctr=10 opt_step=160 E=0.838 g=0.115 VarTD=0.159805 ret_end=-25.851 dbar_end=0.689 occ_end=0.232 CSR_train=0.000 done_count=125
[upd 310] u=0 upd_ctr=11 opt_step=176 E=0.181 g=0.121 VarTD=0.175223 ret_end=-25.895 dbar_end=0.672 occ_end=0.256 CSR_train=0.000 done_count=125
[Gate5 check] update_counter violations: t0=0 diffs=0
[Gate5 check] opt_step violations: t0=0 diffs=0 (expected_inc=16)
[Gate5 check] NaN masking: nan_on_skip=True finite_on_update=True
[Gate5 summary] mean_update_fraction=0.0353 final_executed_updates_mean=11.00
[Gate5 eval] done_count mean=100.0 CSR mean=0.0100 len_end_mean=26.00
[Gate5 eval] episodes_per_env=4 T_eval=104
[Gate5 eval-debug] locked_eps_occ=0.20 pre(step25): dbar_end=0.497826 occupied_end_mean=0.400000 max_tilde_end_mean=0.712719 CSR@locked=0.000000
[Gate5 eval-debug] locked_eps_occ=0.20 post(step26): dbar_end=0.503000 occupied_end_mean=0.320000 max_tilde_end_mean=0.709658 CSR@locked=0.010000
[Gate5 eval-debug] CSR_pre@0.10=0.0000 CSR_pre@0.15=0.0000 CSR_pre@0.20=0.0000 CSR_pre@0.25=0.0100 CSR_pre@0.30=0.0200
[Gate5 eval-debug] CSR_post@0.10=0.0000 CSR_post@0.15=0.0000 CSR_post@0.20=0.0100 CSR_post@0.25=0.0200 CSR_post@0.30=0.0200
