Importing submoduled environments...
Submoduled environments not found. Skipping import.
[upd 0] u=1 upd_ctr=1 opt_step=16 E=0.108 g=0.083 VarTD=0.159821 ret_end=-27.605 dbar_end=0.794 occ_end=0.110 CSR_train=0.000 done_count=100
[upd 10] u=0 upd_ctr=1 opt_step=16 E=0.735 g=0.089 VarTD=0.166459 ret_end=-27.505 dbar_end=0.772 occ_end=0.192 CSR_train=0.000 done_count=125
[upd 20] u=0 upd_ctr=2 opt_step=32 E=0.426 g=0.093 VarTD=0.162323 ret_end=-27.177 dbar_end=0.756 occ_end=0.168 CSR_train=0.000 done_count=125
[upd 30] u=1 upd_ctr=3 opt_step=48 E=0.120 g=0.100 VarTD=0.161522 ret_end=-26.822 dbar_end=0.735 occ_end=0.152 CSR_train=0.000 done_count=125
[upd 40] u=0 upd_ctr=3 opt_step=48 E=0.782 g=0.102 VarTD=0.142922 ret_end=-27.091 dbar_end=0.726 occ_end=0.144 CSR_train=0.008 done_count=125
[upd 50] u=0 upd_ctr=4 opt_step=64 E=0.563 g=0.101 VarTD=0.142310 ret_end=-27.313 dbar_end=0.732 occ_end=0.184 CSR_train=0.000 done_count=125
[upd 60] u=0 upd_ctr=5 opt_step=80 E=0.342 g=0.105 VarTD=0.146589 ret_end=-26.924 dbar_end=0.716 occ_end=0.208 CSR_train=0.000 done_count=125
[upd 70] u=0 upd_ctr=6 opt_step=96 E=0.164 g=0.112 VarTD=0.144332 ret_end=-26.181 dbar_end=0.696 occ_end=0.112 CSR_train=0.000 done_count=125
[upd 80] u=0 upd_ctr=6 opt_step=96 E=0.970 g=0.107 VarTD=0.144933 ret_end=-26.737 dbar_end=0.712 occ_end=0.128 CSR_train=0.000 done_count=125
[upd 90] u=0 upd_ctr=7 opt_step=112 E=0.866 g=0.127 VarTD=0.169021 ret_end=-26.021 dbar_end=0.657 occ_end=0.232 CSR_train=0.000 done_count=125
[upd 100] u=0 upd_ctr=8 opt_step=128 E=0.739 g=0.116 VarTD=0.157781 ret_end=-27.056 dbar_end=0.687 occ_end=0.200 CSR_train=0.008 done_count=125
[upd 110] u=0 upd_ctr=9 opt_step=144 E=0.666 g=0.137 VarTD=0.162066 ret_end=-24.769 dbar_end=0.633 occ_end=0.152 CSR_train=0.000 done_count=125
[upd 120] u=0 upd_ctr=10 opt_step=160 E=0.581 g=0.137 VarTD=0.144581 ret_end=-24.705 dbar_end=0.633 occ_end=0.312 CSR_train=0.000 done_count=125
[upd 130] u=0 upd_ctr=11 opt_step=176 E=0.535 g=0.134 VarTD=0.191434 ret_end=-25.689 dbar_end=0.640 occ_end=0.290 CSR_train=0.000 done_count=100
[upd 140] u=0 upd_ctr=12 opt_step=192 E=0.508 g=0.139 VarTD=0.205486 ret_end=-25.487 dbar_end=0.627 occ_end=0.208 CSR_train=0.000 done_count=125
[upd 150] u=0 upd_ctr=13 opt_step=208 E=0.500 g=0.139 VarTD=0.221635 ret_end=-25.774 dbar_end=0.628 occ_end=0.216 CSR_train=0.000 done_count=125
[upd 160] u=0 upd_ctr=14 opt_step=224 E=0.522 g=0.144 VarTD=0.246352 ret_end=-24.775 dbar_end=0.617 occ_end=0.152 CSR_train=0.000 done_count=125
[upd 170] u=0 upd_ctr=15 opt_step=240 E=0.552 g=0.136 VarTD=0.290462 ret_end=-25.214 dbar_end=0.636 occ_end=0.280 CSR_train=0.000 done_count=125
[upd 180] u=0 upd_ctr=16 opt_step=256 E=0.605 g=0.137 VarTD=0.341264 ret_end=-25.470 dbar_end=0.634 occ_end=0.240 CSR_train=0.000 done_count=125
[upd 190] u=0 upd_ctr=17 opt_step=272 E=0.685 g=0.154 VarTD=0.397634 ret_end=-25.102 dbar_end=0.595 occ_end=0.280 CSR_train=0.000 done_count=125
[upd 200] u=0 upd_ctr=18 opt_step=288 E=0.770 g=0.146 VarTD=0.457196 ret_end=-24.815 dbar_end=0.612 occ_end=0.200 CSR_train=0.000 done_count=125
[upd 210] u=0 upd_ctr=19 opt_step=304 E=0.894 g=0.159 VarTD=0.535067 ret_end=-25.109 dbar_end=0.586 occ_end=0.328 CSR_train=0.000 done_count=125
[upd 220] u=0 upd_ctr=20 opt_step=320 E=1.000 g=0.156 VarTD=0.610904 ret_end=-24.362 dbar_end=0.592 occ_end=0.272 CSR_train=0.000 done_count=125
[upd 230] u=0 upd_ctr=22 opt_step=352 E=0.251 g=0.171 VarTD=0.851909 ret_end=-25.100 dbar_end=0.563 occ_end=0.304 CSR_train=0.000 done_count=125
[upd 240] u=0 upd_ctr=23 opt_step=368 E=0.386 g=0.155 VarTD=0.891539 ret_end=-24.165 dbar_end=0.594 occ_end=0.200 CSR_train=0.000 done_count=125
[upd 250] u=0 upd_ctr=24 opt_step=384 E=0.498 g=0.153 VarTD=0.997321 ret_end=-25.188 dbar_end=0.598 occ_end=0.232 CSR_train=0.000 done_count=125
[upd 260] u=0 upd_ctr=25 opt_step=400 E=0.709 g=0.180 VarTD=0.953891 ret_end=-23.334 dbar_end=0.546 occ_end=0.320 CSR_train=0.000 done_count=100
[upd 270] u=0 upd_ctr=26 opt_step=416 E=0.875 g=0.173 VarTD=1.265177 ret_end=-23.225 dbar_end=0.559 occ_end=0.304 CSR_train=0.000 done_count=125
[upd 280] u=1 upd_ctr=28 opt_step=448 E=0.149 g=0.162 VarTD=1.393247 ret_end=-24.065 dbar_end=0.579 occ_end=0.240 CSR_train=0.000 done_count=125
[upd 290] u=0 upd_ctr=29 opt_step=464 E=0.367 g=0.162 VarTD=1.714956 ret_end=-24.628 dbar_end=0.579 occ_end=0.248 CSR_train=0.000 done_count=125
[upd 300] u=0 upd_ctr=30 opt_step=480 E=0.588 g=0.161 VarTD=1.836283 ret_end=-23.993 dbar_end=0.581 occ_end=0.288 CSR_train=0.000 done_count=125
[upd 310] u=0 upd_ctr=31 opt_step=496 E=0.732 g=0.161 VarTD=1.986251 ret_end=-23.676 dbar_end=0.582 occ_end=0.240 CSR_train=0.000 done_count=125
[Gate5 check] update_counter violations: t0=0 diffs=0
[Gate5 check] opt_step violations: t0=0 diffs=0 (expected_inc=16)
[Gate5 check] NaN masking: nan_on_skip=True finite_on_update=True
[Gate5 summary] mean_update_fraction=0.0994 final_executed_updates_mean=31.00
[Gate5 eval] done_count mean=100.0 CSR mean=0.0100 len_end_mean=26.00
[Gate5 eval] episodes_per_env=4 T_eval=104
[Gate5 eval-debug] locked_eps_occ=0.20 pre(step25): dbar_end=0.456956 occupied_end_mean=0.500000 max_tilde_end_mean=0.672485 CSR@locked=0.000000
[Gate5 eval-debug] locked_eps_occ=0.20 post(step26): dbar_end=0.453522 occupied_end_mean=0.480000 max_tilde_end_mean=0.660603 CSR@locked=0.010000
[Gate5 eval-debug] CSR_pre@0.10=0.0000 CSR_pre@0.15=0.0000 CSR_pre@0.20=0.0000 CSR_pre@0.25=0.0100 CSR_pre@0.30=0.0200
[Gate5 eval-debug] CSR_post@0.10=0.0000 CSR_post@0.15=0.0000 CSR_post@0.20=0.0100 CSR_post@0.25=0.0100 CSR_post@0.30=0.0300
