Importing submoduled environments...
Submoduled environments not found. Skipping import.
[upd 0] u=1 upd_ctr=1 opt_step=16 E=0.082 g=0.079 VarTD=0.177244 ret_end=-28.332 dbar_end=0.807 occ_end=0.140 CSR_train=0.000 done_count=100
[upd 10] u=0 upd_ctr=1 opt_step=16 E=0.455 g=0.093 VarTD=0.147298 ret_end=-27.080 dbar_end=0.756 occ_end=0.144 CSR_train=0.000 done_count=125
[upd 20] u=0 upd_ctr=1 opt_step=16 E=0.838 g=0.086 VarTD=0.160310 ret_end=-28.011 dbar_end=0.781 occ_end=0.160 CSR_train=0.000 done_count=125
[upd 30] u=0 upd_ctr=2 opt_step=32 E=0.270 g=0.104 VarTD=0.172802 ret_end=-27.089 dbar_end=0.722 occ_end=0.224 CSR_train=0.000 done_count=125
[upd 40] u=0 upd_ctr=2 opt_step=32 E=0.665 g=0.095 VarTD=0.156968 ret_end=-27.487 dbar_end=0.751 occ_end=0.152 CSR_train=0.000 done_count=125
[upd 50] u=0 upd_ctr=3 opt_step=48 E=0.107 g=0.098 VarTD=0.140227 ret_end=-26.792 dbar_end=0.741 occ_end=0.152 CSR_train=0.000 done_count=125
[upd 60] u=0 upd_ctr=3 opt_step=48 E=0.521 g=0.105 VarTD=0.148023 ret_end=-26.687 dbar_end=0.718 occ_end=0.160 CSR_train=0.000 done_count=125
[upd 70] u=0 upd_ctr=3 opt_step=48 E=0.942 g=0.103 VarTD=0.176402 ret_end=-27.781 dbar_end=0.725 occ_end=0.136 CSR_train=0.000 done_count=125
[upd 80] u=0 upd_ctr=4 opt_step=64 E=0.421 g=0.102 VarTD=0.172358 ret_end=-27.243 dbar_end=0.726 occ_end=0.184 CSR_train=0.000 done_count=125
[upd 90] u=0 upd_ctr=4 opt_step=64 E=0.840 g=0.106 VarTD=0.152957 ret_end=-26.284 dbar_end=0.713 occ_end=0.208 CSR_train=0.000 done_count=125
[upd 100] u=0 upd_ctr=5 opt_step=80 E=0.325 g=0.110 VarTD=0.157739 ret_end=-26.319 dbar_end=0.703 occ_end=0.216 CSR_train=0.000 done_count=125
[upd 110] u=0 upd_ctr=5 opt_step=80 E=0.758 g=0.102 VarTD=0.152676 ret_end=-27.217 dbar_end=0.726 occ_end=0.216 CSR_train=0.000 done_count=125
[upd 120] u=0 upd_ctr=6 opt_step=96 E=0.282 g=0.126 VarTD=0.165505 ret_end=-26.322 dbar_end=0.660 occ_end=0.120 CSR_train=0.000 done_count=125
[upd 130] u=0 upd_ctr=6 opt_step=96 E=0.721 g=0.105 VarTD=0.144878 ret_end=-26.943 dbar_end=0.719 occ_end=0.190 CSR_train=0.000 done_count=100
[upd 140] u=0 upd_ctr=7 opt_step=112 E=0.239 g=0.116 VarTD=0.147872 ret_end=-26.555 dbar_end=0.686 occ_end=0.224 CSR_train=0.008 done_count=125
[upd 150] u=0 upd_ctr=7 opt_step=112 E=0.707 g=0.108 VarTD=0.166406 ret_end=-27.382 dbar_end=0.710 occ_end=0.208 CSR_train=0.000 done_count=125
[upd 160] u=0 upd_ctr=8 opt_step=128 E=0.240 g=0.112 VarTD=0.146793 ret_end=-25.311 dbar_end=0.698 occ_end=0.160 CSR_train=0.008 done_count=125
[upd 170] u=0 upd_ctr=8 opt_step=128 E=0.730 g=0.118 VarTD=0.126611 ret_end=-26.004 dbar_end=0.680 occ_end=0.216 CSR_train=0.000 done_count=125
[upd 180] u=0 upd_ctr=9 opt_step=144 E=0.267 g=0.131 VarTD=0.135757 ret_end=-24.584 dbar_end=0.647 occ_end=0.272 CSR_train=0.008 done_count=125
[upd 190] u=0 upd_ctr=9 opt_step=144 E=0.762 g=0.132 VarTD=0.132597 ret_end=-24.991 dbar_end=0.645 occ_end=0.208 CSR_train=0.008 done_count=125
[upd 200] u=0 upd_ctr=10 opt_step=160 E=0.315 g=0.132 VarTD=0.146905 ret_end=-24.821 dbar_end=0.646 occ_end=0.216 CSR_train=0.000 done_count=125
[upd 210] u=0 upd_ctr=10 opt_step=160 E=0.818 g=0.120 VarTD=0.172223 ret_end=-26.021 dbar_end=0.675 occ_end=0.232 CSR_train=0.000 done_count=125
[upd 220] u=0 upd_ctr=11 opt_step=176 E=0.372 g=0.126 VarTD=0.186547 ret_end=-25.896 dbar_end=0.661 occ_end=0.224 CSR_train=0.000 done_count=125
[upd 230] u=0 upd_ctr=11 opt_step=176 E=0.910 g=0.130 VarTD=0.191255 ret_end=-25.788 dbar_end=0.650 occ_end=0.288 CSR_train=0.000 done_count=125
[upd 240] u=0 upd_ctr=12 opt_step=192 E=0.497 g=0.119 VarTD=0.207577 ret_end=-26.060 dbar_end=0.679 occ_end=0.168 CSR_train=0.000 done_count=125
[upd 250] u=1 upd_ctr=13 opt_step=208 E=0.072 g=0.124 VarTD=0.188128 ret_end=-25.949 dbar_end=0.665 occ_end=0.192 CSR_train=0.000 done_count=125
[upd 260] u=0 upd_ctr=13 opt_step=208 E=0.616 g=0.129 VarTD=0.225049 ret_end=-26.000 dbar_end=0.652 occ_end=0.250 CSR_train=0.010 done_count=100
[upd 270] u=0 upd_ctr=14 opt_step=224 E=0.215 g=0.139 VarTD=0.238181 ret_end=-24.247 dbar_end=0.628 occ_end=0.208 CSR_train=0.000 done_count=125
[upd 280] u=0 upd_ctr=14 opt_step=224 E=0.789 g=0.151 VarTD=0.248421 ret_end=-24.298 dbar_end=0.601 occ_end=0.224 CSR_train=0.000 done_count=125
[upd 290] u=0 upd_ctr=15 opt_step=240 E=0.451 g=0.153 VarTD=0.312884 ret_end=-24.126 dbar_end=0.598 occ_end=0.200 CSR_train=0.000 done_count=125
[upd 300] u=1 upd_ctr=16 opt_step=256 E=0.077 g=0.137 VarTD=0.298159 ret_end=-25.462 dbar_end=0.633 occ_end=0.248 CSR_train=0.000 done_count=125
[upd 310] u=0 upd_ctr=16 opt_step=256 E=0.678 g=0.140 VarTD=0.360047 ret_end=-25.241 dbar_end=0.627 occ_end=0.280 CSR_train=0.000 done_count=125
[Gate5 check] update_counter violations: t0=0 diffs=0
[Gate5 check] opt_step violations: t0=0 diffs=0 (expected_inc=16)
[Gate5 check] NaN masking: nan_on_skip=True finite_on_update=True
[Gate5 summary] mean_update_fraction=0.0513 final_executed_updates_mean=16.00
[Gate5 eval] done_count mean=100.0 CSR mean=0.0000 len_end_mean=26.00
[Gate5 eval] episodes_per_env=4 T_eval=104
[Gate5 eval-debug] locked_eps_occ=0.20 pre(step25): dbar_end=0.510250 occupied_end_mean=0.350000 max_tilde_end_mean=0.726349 CSR@locked=0.000000
[Gate5 eval-debug] locked_eps_occ=0.20 post(step26): dbar_end=0.503852 occupied_end_mean=0.370000 max_tilde_end_mean=0.718449 CSR@locked=0.000000
[Gate5 eval-debug] CSR_pre@0.10=0.0000 CSR_pre@0.15=0.0000 CSR_pre@0.20=0.0000 CSR_pre@0.25=0.0000 CSR_pre@0.30=0.0100
[Gate5 eval-debug] CSR_post@0.10=0.0000 CSR_post@0.15=0.0000 CSR_post@0.20=0.0000 CSR_post@0.25=0.0000 CSR_post@0.30=0.0100
