Importing submoduled environments...
Submoduled environments not found. Skipping import.
[upd 0] u=1 upd_ctr=1 opt_step=16 E=0.066 g=0.082 VarTD=0.214117 ret_end=-27.772 dbar_end=0.796 occ_end=0.070 CSR_train=0.000 done_count=100
[upd 10] u=0 upd_ctr=1 opt_step=16 E=0.252 g=0.092 VarTD=0.178600 ret_end=-26.630 dbar_end=0.760 occ_end=0.136 CSR_train=0.000 done_count=125
[upd 20] u=0 upd_ctr=1 opt_step=16 E=0.437 g=0.101 VarTD=0.148776 ret_end=-27.566 dbar_end=0.732 occ_end=0.128 CSR_train=0.000 done_count=125
[upd 30] u=0 upd_ctr=1 opt_step=16 E=0.624 g=0.089 VarTD=0.174229 ret_end=-27.524 dbar_end=0.772 occ_end=0.184 CSR_train=0.000 done_count=125
[upd 40] u=0 upd_ctr=1 opt_step=16 E=0.807 g=0.088 VarTD=0.152312 ret_end=-27.046 dbar_end=0.773 occ_end=0.144 CSR_train=0.000 done_count=125
[upd 50] u=0 upd_ctr=2 opt_step=32 E=0.047 g=0.094 VarTD=0.147579 ret_end=-27.249 dbar_end=0.752 occ_end=0.152 CSR_train=0.000 done_count=125
[upd 60] u=0 upd_ctr=2 opt_step=32 E=0.236 g=0.096 VarTD=0.164790 ret_end=-27.647 dbar_end=0.747 occ_end=0.144 CSR_train=0.000 done_count=125
[upd 70] u=0 upd_ctr=2 opt_step=32 E=0.427 g=0.097 VarTD=0.161424 ret_end=-26.645 dbar_end=0.743 occ_end=0.152 CSR_train=0.000 done_count=125
[upd 80] u=0 upd_ctr=2 opt_step=32 E=0.624 g=0.092 VarTD=0.141923 ret_end=-28.508 dbar_end=0.760 occ_end=0.168 CSR_train=0.000 done_count=125
[upd 90] u=0 upd_ctr=2 opt_step=32 E=0.822 g=0.089 VarTD=0.140612 ret_end=-27.642 dbar_end=0.772 occ_end=0.144 CSR_train=0.000 done_count=125
[upd 100] u=0 upd_ctr=3 opt_step=48 E=0.064 g=0.102 VarTD=0.138474 ret_end=-26.371 dbar_end=0.726 occ_end=0.168 CSR_train=0.000 done_count=125
[upd 110] u=0 upd_ctr=3 opt_step=48 E=0.259 g=0.104 VarTD=0.134349 ret_end=-26.897 dbar_end=0.722 occ_end=0.192 CSR_train=0.000 done_count=125
[upd 120] u=0 upd_ctr=3 opt_step=48 E=0.452 g=0.094 VarTD=0.169701 ret_end=-27.347 dbar_end=0.755 occ_end=0.160 CSR_train=0.000 done_count=125
[upd 130] u=0 upd_ctr=3 opt_step=48 E=0.649 g=0.095 VarTD=0.157339 ret_end=-26.787 dbar_end=0.748 occ_end=0.140 CSR_train=0.000 done_count=100
[upd 140] u=0 upd_ctr=3 opt_step=48 E=0.843 g=0.094 VarTD=0.176266 ret_end=-27.295 dbar_end=0.752 occ_end=0.168 CSR_train=0.000 done_count=125
[upd 150] u=0 upd_ctr=4 opt_step=64 E=0.088 g=0.102 VarTD=0.164423 ret_end=-26.336 dbar_end=0.726 occ_end=0.136 CSR_train=0.000 done_count=125
[upd 160] u=0 upd_ctr=4 opt_step=64 E=0.287 g=0.102 VarTD=0.173051 ret_end=-26.704 dbar_end=0.727 occ_end=0.160 CSR_train=0.000 done_count=125
[upd 170] u=0 upd_ctr=4 opt_step=64 E=0.482 g=0.103 VarTD=0.141619 ret_end=-26.428 dbar_end=0.724 occ_end=0.160 CSR_train=0.000 done_count=125
[upd 180] u=0 upd_ctr=4 opt_step=64 E=0.688 g=0.108 VarTD=0.132822 ret_end=-25.679 dbar_end=0.708 occ_end=0.176 CSR_train=0.000 done_count=125
[upd 190] u=0 upd_ctr=4 opt_step=64 E=0.898 g=0.106 VarTD=0.136947 ret_end=-26.581 dbar_end=0.716 occ_end=0.232 CSR_train=0.008 done_count=125
[upd 200] u=0 upd_ctr=5 opt_step=80 E=0.148 g=0.111 VarTD=0.166062 ret_end=-26.405 dbar_end=0.701 occ_end=0.160 CSR_train=0.000 done_count=125
[upd 210] u=0 upd_ctr=5 opt_step=80 E=0.359 g=0.092 VarTD=0.163545 ret_end=-27.693 dbar_end=0.761 occ_end=0.128 CSR_train=0.000 done_count=125
[upd 220] u=0 upd_ctr=5 opt_step=80 E=0.569 g=0.107 VarTD=0.169472 ret_end=-25.983 dbar_end=0.712 occ_end=0.168 CSR_train=0.000 done_count=125
[upd 230] u=0 upd_ctr=5 opt_step=80 E=0.773 g=0.100 VarTD=0.147924 ret_end=-26.886 dbar_end=0.733 occ_end=0.192 CSR_train=0.000 done_count=125
[upd 240] u=1 upd_ctr=6 opt_step=96 E=0.032 g=0.103 VarTD=0.150907 ret_end=-27.030 dbar_end=0.723 occ_end=0.160 CSR_train=0.000 done_count=125
[upd 250] u=0 upd_ctr=6 opt_step=96 E=0.237 g=0.103 VarTD=0.154208 ret_end=-25.896 dbar_end=0.723 occ_end=0.184 CSR_train=0.000 done_count=125
[upd 260] u=0 upd_ctr=6 opt_step=96 E=0.449 g=0.108 VarTD=0.152334 ret_end=-26.264 dbar_end=0.708 occ_end=0.200 CSR_train=0.000 done_count=100
[upd 270] u=0 upd_ctr=6 opt_step=96 E=0.667 g=0.105 VarTD=0.149589 ret_end=-27.197 dbar_end=0.719 occ_end=0.160 CSR_train=0.000 done_count=125
[upd 280] u=0 upd_ctr=6 opt_step=96 E=0.877 g=0.115 VarTD=0.154240 ret_end=-25.327 dbar_end=0.688 occ_end=0.200 CSR_train=0.000 done_count=125
[upd 290] u=0 upd_ctr=7 opt_step=112 E=0.149 g=0.102 VarTD=0.137535 ret_end=-27.173 dbar_end=0.727 occ_end=0.184 CSR_train=0.000 done_count=125
[upd 300] u=0 upd_ctr=7 opt_step=112 E=0.369 g=0.124 VarTD=0.187715 ret_end=-25.869 dbar_end=0.665 occ_end=0.224 CSR_train=0.000 done_count=125
[upd 310] u=0 upd_ctr=7 opt_step=112 E=0.589 g=0.105 VarTD=0.157254 ret_end=-27.006 dbar_end=0.717 occ_end=0.240 CSR_train=0.000 done_count=125
[Gate5 check] update_counter violations: t0=0 diffs=0
[Gate5 check] opt_step violations: t0=0 diffs=0 (expected_inc=16)
[Gate5 check] NaN masking: nan_on_skip=True finite_on_update=True
[Gate5 summary] mean_update_fraction=0.0224 final_executed_updates_mean=7.00
[Gate5 eval] done_count mean=100.0 CSR mean=0.0000 len_end_mean=26.00
[Gate5 eval] episodes_per_env=4 T_eval=104
[Gate5 eval-debug] locked_eps_occ=0.20 pre(step25): dbar_end=0.607565 occupied_end_mean=0.330000 max_tilde_end_mean=0.915890 CSR@locked=0.000000
[Gate5 eval-debug] locked_eps_occ=0.20 post(step26): dbar_end=0.614042 occupied_end_mean=0.270000 max_tilde_end_mean=0.926196 CSR@locked=0.000000
[Gate5 eval-debug] CSR_pre@0.10=0.0000 CSR_pre@0.15=0.0000 CSR_pre@0.20=0.0000 CSR_pre@0.25=0.0000 CSR_pre@0.30=0.0100
[Gate5 eval-debug] CSR_post@0.10=0.0000 CSR_post@0.15=0.0000 CSR_post@0.20=0.0000 CSR_post@0.25=0.0000 CSR_post@0.30=0.0100
