Importing submoduled environments...
Submoduled environments not found. Skipping import.
[upd 0] u=1 upd_ctr=1 opt_step=16 E=0.082 g=0.092 VarTD=0.136051 ret_end=-27.009 dbar_end=0.762 occ_end=0.140 CSR_train=0.000 done_count=100
[upd 10] u=0 upd_ctr=1 opt_step=16 E=0.917 g=0.088 VarTD=0.157825 ret_end=-27.556 dbar_end=0.774 occ_end=0.128 CSR_train=0.000 done_count=125
[upd 20] u=0 upd_ctr=2 opt_step=32 E=0.794 g=0.099 VarTD=0.142425 ret_end=-27.006 dbar_end=0.738 occ_end=0.160 CSR_train=0.000 done_count=125
[upd 30] u=0 upd_ctr=3 opt_step=48 E=0.623 g=0.108 VarTD=0.153006 ret_end=-27.147 dbar_end=0.710 occ_end=0.184 CSR_train=0.000 done_count=125
[upd 40] u=0 upd_ctr=4 opt_step=64 E=0.460 g=0.106 VarTD=0.146829 ret_end=-25.877 dbar_end=0.715 occ_end=0.144 CSR_train=0.000 done_count=125
[upd 50] u=0 upd_ctr=5 opt_step=80 E=0.377 g=0.106 VarTD=0.141202 ret_end=-25.660 dbar_end=0.714 occ_end=0.176 CSR_train=0.000 done_count=125
[upd 60] u=0 upd_ctr=6 opt_step=96 E=0.314 g=0.116 VarTD=0.130255 ret_end=-26.400 dbar_end=0.686 occ_end=0.176 CSR_train=0.000 done_count=125
[upd 70] u=0 upd_ctr=7 opt_step=112 E=0.340 g=0.128 VarTD=0.150293 ret_end=-25.175 dbar_end=0.655 occ_end=0.264 CSR_train=0.000 done_count=125
[upd 80] u=0 upd_ctr=8 opt_step=128 E=0.452 g=0.139 VarTD=0.122310 ret_end=-24.823 dbar_end=0.628 occ_end=0.184 CSR_train=0.000 done_count=125
[upd 90] u=0 upd_ctr=9 opt_step=144 E=0.492 g=0.140 VarTD=0.134642 ret_end=-25.013 dbar_end=0.626 occ_end=0.168 CSR_train=0.000 done_count=125
[upd 100] u=0 upd_ctr=10 opt_step=160 E=0.589 g=0.126 VarTD=0.155554 ret_end=-25.628 dbar_end=0.660 occ_end=0.200 CSR_train=0.000 done_count=125
[upd 110] u=0 upd_ctr=11 opt_step=176 E=0.755 g=0.140 VarTD=0.173469 ret_end=-24.364 dbar_end=0.625 occ_end=0.288 CSR_train=0.000 done_count=125
[upd 120] u=0 upd_ctr=12 opt_step=192 E=0.871 g=0.144 VarTD=0.209012 ret_end=-25.535 dbar_end=0.617 occ_end=0.216 CSR_train=0.000 done_count=125
[upd 130] u=1 upd_ctr=14 opt_step=224 E=0.120 g=0.133 VarTD=0.211484 ret_end=-25.341 dbar_end=0.642 occ_end=0.240 CSR_train=0.000 done_count=100
[upd 140] u=0 upd_ctr=15 opt_step=240 E=0.372 g=0.138 VarTD=0.299099 ret_end=-25.593 dbar_end=0.630 occ_end=0.160 CSR_train=0.000 done_count=125
[upd 150] u=0 upd_ctr=16 opt_step=256 E=0.691 g=0.154 VarTD=0.354655 ret_end=-24.702 dbar_end=0.595 occ_end=0.248 CSR_train=0.016 done_count=125
[upd 160] u=0 upd_ctr=17 opt_step=272 E=0.920 g=0.140 VarTD=0.373683 ret_end=-24.578 dbar_end=0.626 occ_end=0.256 CSR_train=0.000 done_count=125
[upd 170] u=1 upd_ctr=19 opt_step=304 E=0.134 g=0.149 VarTD=0.453600 ret_end=-24.411 dbar_end=0.607 occ_end=0.216 CSR_train=0.000 done_count=125
[upd 180] u=0 upd_ctr=20 opt_step=320 E=0.381 g=0.140 VarTD=0.647008 ret_end=-25.303 dbar_end=0.626 occ_end=0.184 CSR_train=0.000 done_count=125
[upd 190] u=0 upd_ctr=21 opt_step=336 E=0.707 g=0.165 VarTD=0.771301 ret_end=-24.476 dbar_end=0.574 occ_end=0.224 CSR_train=0.000 done_count=125
[upd 200] u=0 upd_ctr=22 opt_step=352 E=0.990 g=0.152 VarTD=0.834222 ret_end=-24.536 dbar_end=0.600 occ_end=0.160 CSR_train=0.000 done_count=125
[upd 210] u=1 upd_ctr=24 opt_step=384 E=0.134 g=0.149 VarTD=0.983368 ret_end=-25.413 dbar_end=0.607 occ_end=0.216 CSR_train=0.000 done_count=125
[upd 220] u=0 upd_ctr=25 opt_step=400 E=0.428 g=0.160 VarTD=1.236657 ret_end=-25.216 dbar_end=0.584 occ_end=0.232 CSR_train=0.000 done_count=125
[upd 230] u=0 upd_ctr=26 opt_step=416 E=0.736 g=0.166 VarTD=1.361722 ret_end=-24.211 dbar_end=0.571 occ_end=0.272 CSR_train=0.000 done_count=125
[upd 240] u=0 upd_ctr=27 opt_step=432 E=1.000 g=0.160 VarTD=1.480596 ret_end=-23.851 dbar_end=0.584 occ_end=0.304 CSR_train=0.000 done_count=125
[upd 250] u=0 upd_ctr=29 opt_step=464 E=0.452 g=0.153 VarTD=1.764784 ret_end=-24.203 dbar_end=0.599 occ_end=0.240 CSR_train=0.000 done_count=125
[upd 260] u=0 upd_ctr=30 opt_step=480 E=0.863 g=0.163 VarTD=1.595349 ret_end=-23.532 dbar_end=0.578 occ_end=0.310 CSR_train=0.010 done_count=100
[upd 270] u=0 upd_ctr=32 opt_step=512 E=0.301 g=0.165 VarTD=2.296662 ret_end=-24.448 dbar_end=0.574 occ_end=0.288 CSR_train=0.000 done_count=125
[upd 280] u=0 upd_ctr=33 opt_step=528 E=0.723 g=0.173 VarTD=2.435013 ret_end=-23.734 dbar_end=0.559 occ_end=0.240 CSR_train=0.000 done_count=125
[upd 290] u=1 upd_ctr=35 opt_step=560 E=0.159 g=0.177 VarTD=2.617293 ret_end=-22.653 dbar_end=0.552 occ_end=0.264 CSR_train=0.008 done_count=125
[upd 300] u=0 upd_ctr=36 opt_step=576 E=0.613 g=0.163 VarTD=2.968529 ret_end=-24.571 dbar_end=0.579 occ_end=0.256 CSR_train=0.000 done_count=125
[upd 310] u=0 upd_ctr=37 opt_step=592 E=1.000 g=0.173 VarTD=3.143667 ret_end=-23.460 dbar_end=0.559 occ_end=0.240 CSR_train=0.000 done_count=125
[Gate5 check] update_counter violations: t0=0 diffs=0
[Gate5 check] opt_step violations: t0=0 diffs=0 (expected_inc=16)
[Gate5 check] NaN masking: nan_on_skip=True finite_on_update=True
[Gate5 summary] mean_update_fraction=0.1218 final_executed_updates_mean=38.00
[Gate5 eval] done_count mean=100.0 CSR mean=0.0000 len_end_mean=26.00
[Gate5 eval] episodes_per_env=4 T_eval=104
[Gate5 eval-debug] locked_eps_occ=0.20 pre(step25): dbar_end=0.490509 occupied_end_mean=0.440000 max_tilde_end_mean=0.686041 CSR@locked=0.010000
[Gate5 eval-debug] locked_eps_occ=0.20 post(step26): dbar_end=0.494750 occupied_end_mean=0.360000 max_tilde_end_mean=0.688334 CSR@locked=0.000000
[Gate5 eval-debug] CSR_pre@0.10=0.0000 CSR_pre@0.15=0.0000 CSR_pre@0.20=0.0100 CSR_pre@0.25=0.0200 CSR_pre@0.30=0.0600
[Gate5 eval-debug] CSR_post@0.10=0.0000 CSR_post@0.15=0.0000 CSR_post@0.20=0.0000 CSR_post@0.25=0.0100 CSR_post@0.30=0.0400
