Importing submoduled environments...
Submoduled environments not found. Skipping import.
[upd 0] u=1 upd_ctr=1 opt_step=16 E=0.106 g=0.079 VarTD=0.177244 ret_end=-28.332 dbar_end=0.807 occ_end=0.140 CSR_train=0.000 done_count=100
[upd 10] u=0 upd_ctr=1 opt_step=16 E=0.759 g=0.093 VarTD=0.147298 ret_end=-27.080 dbar_end=0.756 occ_end=0.144 CSR_train=0.000 done_count=125
[upd 20] u=0 upd_ctr=2 opt_step=32 E=0.501 g=0.091 VarTD=0.155006 ret_end=-27.614 dbar_end=0.764 occ_end=0.168 CSR_train=0.000 done_count=125
[upd 30] u=0 upd_ctr=3 opt_step=48 E=0.243 g=0.110 VarTD=0.163595 ret_end=-26.880 dbar_end=0.704 occ_end=0.192 CSR_train=0.000 done_count=125
[upd 40] u=0 upd_ctr=3 opt_step=48 E=0.972 g=0.097 VarTD=0.148251 ret_end=-27.284 dbar_end=0.743 occ_end=0.136 CSR_train=0.000 done_count=125
[upd 50] u=0 upd_ctr=4 opt_step=64 E=0.778 g=0.108 VarTD=0.134522 ret_end=-26.350 dbar_end=0.708 occ_end=0.176 CSR_train=0.000 done_count=125
[upd 60] u=0 upd_ctr=5 opt_step=80 E=0.610 g=0.111 VarTD=0.140061 ret_end=-26.405 dbar_end=0.701 occ_end=0.184 CSR_train=0.000 done_count=125
[upd 70] u=0 upd_ctr=6 opt_step=96 E=0.472 g=0.116 VarTD=0.172648 ret_end=-27.212 dbar_end=0.687 occ_end=0.168 CSR_train=0.000 done_count=125
[upd 80] u=0 upd_ctr=7 opt_step=112 E=0.344 g=0.117 VarTD=0.159312 ret_end=-26.526 dbar_end=0.683 occ_end=0.200 CSR_train=0.000 done_count=125
[upd 90] u=0 upd_ctr=8 opt_step=128 E=0.193 g=0.118 VarTD=0.151894 ret_end=-25.576 dbar_end=0.682 occ_end=0.208 CSR_train=0.000 done_count=125
[upd 100] u=0 upd_ctr=8 opt_step=128 E=1.000 g=0.115 VarTD=0.161826 ret_end=-26.267 dbar_end=0.689 occ_end=0.200 CSR_train=0.000 done_count=125
[upd 110] u=0 upd_ctr=9 opt_step=144 E=0.895 g=0.115 VarTD=0.156220 ret_end=-26.396 dbar_end=0.690 occ_end=0.200 CSR_train=0.000 done_count=125
[upd 120] u=0 upd_ctr=10 opt_step=160 E=0.847 g=0.131 VarTD=0.188241 ret_end=-26.080 dbar_end=0.648 occ_end=0.152 CSR_train=0.000 done_count=125
[upd 130] u=0 upd_ctr=11 opt_step=176 E=0.729 g=0.122 VarTD=0.165305 ret_end=-26.298 dbar_end=0.669 occ_end=0.150 CSR_train=0.000 done_count=100
[upd 140] u=0 upd_ctr=12 opt_step=192 E=0.702 g=0.133 VarTD=0.198033 ret_end=-25.890 dbar_end=0.642 occ_end=0.232 CSR_train=0.000 done_count=125
[upd 150] u=0 upd_ctr=13 opt_step=208 E=0.681 g=0.131 VarTD=0.236740 ret_end=-26.025 dbar_end=0.646 occ_end=0.176 CSR_train=0.000 done_count=125
[upd 160] u=0 upd_ctr=14 opt_step=224 E=0.695 g=0.127 VarTD=0.251981 ret_end=-24.688 dbar_end=0.657 occ_end=0.200 CSR_train=0.008 done_count=125
[upd 170] u=0 upd_ctr=15 opt_step=240 E=0.720 g=0.133 VarTD=0.268189 ret_end=-25.289 dbar_end=0.641 occ_end=0.312 CSR_train=0.000 done_count=125
[upd 180] u=0 upd_ctr=16 opt_step=256 E=0.728 g=0.145 VarTD=0.309858 ret_end=-23.917 dbar_end=0.614 occ_end=0.256 CSR_train=0.000 done_count=125
[upd 190] u=0 upd_ctr=17 opt_step=272 E=0.749 g=0.163 VarTD=0.378816 ret_end=-23.936 dbar_end=0.578 occ_end=0.352 CSR_train=0.008 done_count=125
[upd 200] u=0 upd_ctr=18 opt_step=288 E=0.762 g=0.153 VarTD=0.403288 ret_end=-24.095 dbar_end=0.597 occ_end=0.192 CSR_train=0.000 done_count=125
[upd 210] u=0 upd_ctr=19 opt_step=304 E=0.803 g=0.145 VarTD=0.509836 ret_end=-25.102 dbar_end=0.615 occ_end=0.264 CSR_train=0.000 done_count=125
[upd 220] u=0 upd_ctr=20 opt_step=320 E=0.853 g=0.143 VarTD=0.585537 ret_end=-25.173 dbar_end=0.619 occ_end=0.280 CSR_train=0.000 done_count=125
[upd 230] u=0 upd_ctr=21 opt_step=336 E=0.969 g=0.148 VarTD=0.698599 ret_end=-24.830 dbar_end=0.609 occ_end=0.280 CSR_train=0.000 done_count=125
[upd 240] u=1 upd_ctr=23 opt_step=368 E=0.150 g=0.142 VarTD=0.791165 ret_end=-25.325 dbar_end=0.621 occ_end=0.200 CSR_train=0.000 done_count=125
[upd 250] u=0 upd_ctr=24 opt_step=384 E=0.247 g=0.143 VarTD=0.977664 ret_end=-24.901 dbar_end=0.619 occ_end=0.224 CSR_train=0.000 done_count=125
[upd 260] u=0 upd_ctr=25 opt_step=400 E=0.369 g=0.149 VarTD=0.947003 ret_end=-24.951 dbar_end=0.607 occ_end=0.270 CSR_train=0.010 done_count=100
[upd 270] u=0 upd_ctr=26 opt_step=416 E=0.498 g=0.161 VarTD=1.220451 ret_end=-23.607 dbar_end=0.582 occ_end=0.272 CSR_train=0.000 done_count=125
[upd 280] u=0 upd_ctr=27 opt_step=432 E=0.627 g=0.158 VarTD=1.406046 ret_end=-23.870 dbar_end=0.588 occ_end=0.264 CSR_train=0.000 done_count=125
[upd 290] u=0 upd_ctr=28 opt_step=448 E=0.841 g=0.170 VarTD=1.562940 ret_end=-23.559 dbar_end=0.563 occ_end=0.248 CSR_train=0.000 done_count=125
[upd 300] u=0 upd_ctr=29 opt_step=464 E=1.000 g=0.155 VarTD=1.674389 ret_end=-24.818 dbar_end=0.594 occ_end=0.200 CSR_train=0.000 done_count=125
[upd 310] u=0 upd_ctr=31 opt_step=496 E=0.236 g=0.154 VarTD=1.991109 ret_end=-24.369 dbar_end=0.597 occ_end=0.232 CSR_train=0.000 done_count=125
[Gate5 check] update_counter violations: t0=0 diffs=0
[Gate5 check] opt_step violations: t0=0 diffs=0 (expected_inc=16)
[Gate5 check] NaN masking: nan_on_skip=True finite_on_update=True
[Gate5 summary] mean_update_fraction=0.0994 final_executed_updates_mean=31.00
[Gate5 eval] done_count mean=100.0 CSR mean=0.0000 len_end_mean=26.00
[Gate5 eval] episodes_per_env=4 T_eval=104
[Gate5 eval-debug] locked_eps_occ=0.20 pre(step25): dbar_end=0.472411 occupied_end_mean=0.420000 max_tilde_end_mean=0.665555 CSR@locked=0.000000
[Gate5 eval-debug] locked_eps_occ=0.20 post(step26): dbar_end=0.475118 occupied_end_mean=0.390000 max_tilde_end_mean=0.672936 CSR@locked=0.000000
[Gate5 eval-debug] CSR_pre@0.10=0.0000 CSR_pre@0.15=0.0000 CSR_pre@0.20=0.0000 CSR_pre@0.25=0.0100 CSR_pre@0.30=0.0400
[Gate5 eval-debug] CSR_post@0.10=0.0000 CSR_post@0.15=0.0000 CSR_post@0.20=0.0000 CSR_post@0.25=0.0100 CSR_post@0.30=0.0500
