Importing submoduled environments...
Submoduled environments not found. Skipping import.
[upd 0] u=1 upd_ctr=1 opt_step=16 E=0.075 g=0.094 VarTD=0.148631 ret_end=-26.843 dbar_end=0.752 occ_end=0.140 CSR_train=0.000 done_count=100
[upd 10] u=0 upd_ctr=1 opt_step=16 E=0.810 g=0.098 VarTD=0.120442 ret_end=-26.989 dbar_end=0.738 occ_end=0.144 CSR_train=0.000 done_count=125
[upd 20] u=0 upd_ctr=2 opt_step=32 E=0.546 g=0.100 VarTD=0.156081 ret_end=-27.316 dbar_end=0.734 occ_end=0.144 CSR_train=0.000 done_count=125
[upd 30] u=0 upd_ctr=3 opt_step=48 E=0.294 g=0.093 VarTD=0.132365 ret_end=-27.061 dbar_end=0.757 occ_end=0.160 CSR_train=0.000 done_count=125
[upd 40] u=1 upd_ctr=4 opt_step=64 E=0.088 g=0.110 VarTD=0.149873 ret_end=-26.521 dbar_end=0.702 occ_end=0.216 CSR_train=0.000 done_count=125
[upd 50] u=0 upd_ctr=4 opt_step=64 E=0.925 g=0.109 VarTD=0.131264 ret_end=-26.883 dbar_end=0.705 occ_end=0.136 CSR_train=0.000 done_count=125
[upd 60] u=0 upd_ctr=5 opt_step=80 E=0.737 g=0.101 VarTD=0.142543 ret_end=-26.894 dbar_end=0.731 occ_end=0.120 CSR_train=0.000 done_count=125
[upd 70] u=0 upd_ctr=6 opt_step=96 E=0.555 g=0.112 VarTD=0.136530 ret_end=-25.811 dbar_end=0.697 occ_end=0.184 CSR_train=0.000 done_count=125
[upd 80] u=0 upd_ctr=7 opt_step=112 E=0.456 g=0.117 VarTD=0.117224 ret_end=-25.722 dbar_end=0.682 occ_end=0.176 CSR_train=0.000 done_count=125
[upd 90] u=0 upd_ctr=8 opt_step=128 E=0.282 g=0.120 VarTD=0.137974 ret_end=-25.368 dbar_end=0.675 occ_end=0.256 CSR_train=0.000 done_count=125
[upd 100] u=0 upd_ctr=9 opt_step=144 E=0.184 g=0.116 VarTD=0.179606 ret_end=-26.241 dbar_end=0.685 occ_end=0.208 CSR_train=0.000 done_count=125
[upd 110] u=1 upd_ctr=10 opt_step=160 E=0.099 g=0.124 VarTD=0.179787 ret_end=-25.785 dbar_end=0.664 occ_end=0.192 CSR_train=0.000 done_count=125
[upd 120] u=0 upd_ctr=10 opt_step=160 E=1.000 g=0.120 VarTD=0.154087 ret_end=-25.426 dbar_end=0.674 occ_end=0.232 CSR_train=0.000 done_count=125
[Gate5 check] update_counter violations: t0=0 diffs=0
[Gate5 check] opt_step violations: t0=0 diffs=0 (expected_inc=16)
[Gate5 check] NaN masking: nan_on_skip=True finite_on_update=True
[Gate5 summary] mean_update_fraction=0.0880 final_executed_updates_mean=11.00
[Gate5 eval] done_count mean=100.0 CSR mean=0.0000 len_end_mean=26.00
[Gate5 eval] episodes_per_env=4 T_eval=104
[Gate5 eval-debug] locked_eps_occ=0.20 pre(step25): dbar_end=0.493790 occupied_end_mean=0.350000 max_tilde_end_mean=0.690466 CSR@locked=0.010000
[Gate5 eval-debug] locked_eps_occ=0.20 post(step26): dbar_end=0.493072 occupied_end_mean=0.310000 max_tilde_end_mean=0.688696 CSR@locked=0.000000
[Gate5 eval-debug] CSR_pre@0.10=0.0000 CSR_pre@0.15=0.0100 CSR_pre@0.20=0.0100 CSR_pre@0.25=0.0100 CSR_pre@0.30=0.0200
[Gate5 eval-debug] CSR_post@0.10=0.0000 CSR_post@0.15=0.0000 CSR_post@0.20=0.0000 CSR_post@0.25=0.0300 CSR_post@0.30=0.0400
