Importing submoduled environments...
Submoduled environments not found. Skipping import.
[upd 0] u=1 upd_ctr=1 opt_step=16 E=0.084 g=0.084 VarTD=0.138136 ret_end=-27.863 dbar_end=0.788 occ_end=0.160 CSR_train=0.000 done_count=100
[upd 10] u=0 upd_ctr=1 opt_step=16 E=0.970 g=0.114 VarTD=0.122236 ret_end=-25.937 dbar_end=0.692 occ_end=0.192 CSR_train=0.000 done_count=125
[upd 20] u=0 upd_ctr=2 opt_step=32 E=0.885 g=0.098 VarTD=0.155852 ret_end=-26.948 dbar_end=0.741 occ_end=0.152 CSR_train=0.000 done_count=125
[upd 30] u=0 upd_ctr=3 opt_step=48 E=0.868 g=0.122 VarTD=0.147090 ret_end=-24.998 dbar_end=0.670 occ_end=0.168 CSR_train=0.000 done_count=125
[upd 40] u=0 upd_ctr=4 opt_step=64 E=0.882 g=0.116 VarTD=0.131038 ret_end=-25.601 dbar_end=0.685 occ_end=0.248 CSR_train=0.000 done_count=125
[upd 50] u=0 upd_ctr=5 opt_step=80 E=0.958 g=0.119 VarTD=0.136042 ret_end=-25.933 dbar_end=0.677 occ_end=0.152 CSR_train=0.000 done_count=125
[upd 60] u=0 upd_ctr=6 opt_step=96 E=1.000 g=0.124 VarTD=0.158000 ret_end=-26.659 dbar_end=0.664 occ_end=0.200 CSR_train=0.000 done_count=125
[upd 70] u=1 upd_ctr=8 opt_step=128 E=0.108 g=0.108 VarTD=0.165110 ret_end=-26.697 dbar_end=0.708 occ_end=0.176 CSR_train=0.000 done_count=125
[upd 80] u=0 upd_ctr=9 opt_step=144 E=0.250 g=0.123 VarTD=0.139894 ret_end=-26.083 dbar_end=0.668 occ_end=0.168 CSR_train=0.000 done_count=125
[upd 90] u=0 upd_ctr=10 opt_step=160 E=0.550 g=0.131 VarTD=0.148575 ret_end=-24.525 dbar_end=0.648 occ_end=0.224 CSR_train=0.000 done_count=125
[upd 100] u=0 upd_ctr=11 opt_step=176 E=0.859 g=0.160 VarTD=0.154694 ret_end=-23.562 dbar_end=0.583 occ_end=0.336 CSR_train=0.000 done_count=125
[upd 110] u=0 upd_ctr=13 opt_step=208 E=0.269 g=0.141 VarTD=0.201475 ret_end=-25.512 dbar_end=0.624 occ_end=0.264 CSR_train=0.000 done_count=125
[upd 120] u=0 upd_ctr=14 opt_step=224 E=0.769 g=0.139 VarTD=0.222737 ret_end=-24.573 dbar_end=0.628 occ_end=0.272 CSR_train=0.000 done_count=125
[upd 130] u=1 upd_ctr=16 opt_step=256 E=0.164 g=0.164 VarTD=0.256884 ret_end=-24.218 dbar_end=0.575 occ_end=0.280 CSR_train=0.010 done_count=100
[upd 140] u=0 upd_ctr=17 opt_step=272 E=0.646 g=0.177 VarTD=0.425938 ret_end=-24.522 dbar_end=0.551 occ_end=0.360 CSR_train=0.000 done_count=125
[upd 150] u=0 upd_ctr=18 opt_step=288 E=1.000 g=0.171 VarTD=0.445064 ret_end=-23.906 dbar_end=0.563 occ_end=0.240 CSR_train=0.000 done_count=125
[upd 160] u=0 upd_ctr=20 opt_step=320 E=0.724 g=0.178 VarTD=0.608481 ret_end=-23.811 dbar_end=0.549 occ_end=0.392 CSR_train=0.000 done_count=125
[upd 170] u=0 upd_ctr=22 opt_step=352 E=0.312 g=0.156 VarTD=0.793521 ret_end=-23.705 dbar_end=0.591 occ_end=0.232 CSR_train=0.000 done_count=125
[upd 180] u=0 upd_ctr=23 opt_step=368 E=0.854 g=0.182 VarTD=0.920342 ret_end=-23.384 dbar_end=0.543 occ_end=0.344 CSR_train=0.000 done_count=125
[upd 190] u=0 upd_ctr=25 opt_step=400 E=0.515 g=0.176 VarTD=1.146577 ret_end=-23.636 dbar_end=0.554 occ_end=0.232 CSR_train=0.008 done_count=125
[upd 200] u=1 upd_ctr=27 opt_step=432 E=0.166 g=0.166 VarTD=1.237480 ret_end=-23.725 dbar_end=0.571 occ_end=0.392 CSR_train=0.000 done_count=125
[upd 210] u=0 upd_ctr=28 opt_step=448 E=0.834 g=0.174 VarTD=1.546574 ret_end=-23.922 dbar_end=0.556 occ_end=0.248 CSR_train=0.000 done_count=125
[upd 220] u=0 upd_ctr=30 opt_step=480 E=0.506 g=0.161 VarTD=1.799543 ret_end=-24.135 dbar_end=0.581 occ_end=0.296 CSR_train=0.000 done_count=125
[upd 230] u=1 upd_ctr=32 opt_step=512 E=0.197 g=0.197 VarTD=2.018540 ret_end=-22.351 dbar_end=0.517 occ_end=0.376 CSR_train=0.008 done_count=125
[upd 240] u=0 upd_ctr=33 opt_step=528 E=0.863 g=0.170 VarTD=2.263289 ret_end=-23.616 dbar_end=0.564 occ_end=0.296 CSR_train=0.008 done_count=125
[upd 250] u=0 upd_ctr=35 opt_step=560 E=0.534 g=0.189 VarTD=2.666424 ret_end=-23.555 dbar_end=0.531 occ_end=0.312 CSR_train=0.000 done_count=125
[upd 260] u=1 upd_ctr=37 opt_step=592 E=0.180 g=0.180 VarTD=2.312058 ret_end=-23.810 dbar_end=0.547 occ_end=0.240 CSR_train=0.020 done_count=100
[upd 270] u=0 upd_ctr=38 opt_step=608 E=0.939 g=0.184 VarTD=3.128292 ret_end=-22.748 dbar_end=0.539 occ_end=0.328 CSR_train=0.000 done_count=125
[upd 280] u=0 upd_ctr=40 opt_step=640 E=0.546 g=0.172 VarTD=3.459721 ret_end=-23.980 dbar_end=0.561 occ_end=0.256 CSR_train=0.000 done_count=125
[upd 290] u=1 upd_ctr=42 opt_step=672 E=0.196 g=0.196 VarTD=3.625762 ret_end=-21.889 dbar_end=0.519 occ_end=0.344 CSR_train=0.000 done_count=125
[upd 300] u=0 upd_ctr=43 opt_step=688 E=0.914 g=0.185 VarTD=3.975444 ret_end=-23.147 dbar_end=0.538 occ_end=0.288 CSR_train=0.000 done_count=125
[upd 310] u=0 upd_ctr=45 opt_step=720 E=0.583 g=0.177 VarTD=4.150086 ret_end=-22.908 dbar_end=0.552 occ_end=0.336 CSR_train=0.008 done_count=125
[Gate5 check] update_counter violations: t0=0 diffs=0
[Gate5 check] opt_step violations: t0=0 diffs=0 (expected_inc=16)
[Gate5 check] NaN masking: nan_on_skip=True finite_on_update=True
[Gate5 summary] mean_update_fraction=0.1442 final_executed_updates_mean=45.00
[Gate5 eval] done_count mean=100.0 CSR mean=0.0100 len_end_mean=26.00
[Gate5 eval] episodes_per_env=4 T_eval=104
[Gate5 eval-debug] locked_eps_occ=0.20 pre(step25): dbar_end=0.463618 occupied_end_mean=0.460000 max_tilde_end_mean=0.666240 CSR@locked=0.000000
[Gate5 eval-debug] locked_eps_occ=0.20 post(step26): dbar_end=0.466462 occupied_end_mean=0.430000 max_tilde_end_mean=0.673459 CSR@locked=0.010000
[Gate5 eval-debug] CSR_pre@0.10=0.0000 CSR_pre@0.15=0.0000 CSR_pre@0.20=0.0000 CSR_pre@0.25=0.0200 CSR_pre@0.30=0.0700
[Gate5 eval-debug] CSR_post@0.10=0.0000 CSR_post@0.15=0.0000 CSR_post@0.20=0.0100 CSR_post@0.25=0.0300 CSR_post@0.30=0.0300
