Importing submoduled environments...
Submoduled environments not found. Skipping import.
[upd 0] u=1 upd_ctr=1 opt_step=16 E=0.059 g=0.092 VarTD=0.142843 ret_end=-27.084 dbar_end=0.760 occ_end=0.110 CSR_train=0.000 done_count=100
[upd 10] u=0 upd_ctr=1 opt_step=16 E=0.150 g=0.091 VarTD=0.164683 ret_end=-27.227 dbar_end=0.764 occ_end=0.176 CSR_train=0.000 done_count=125
[upd 20] u=0 upd_ctr=1 opt_step=16 E=0.244 g=0.080 VarTD=0.174803 ret_end=-28.589 dbar_end=0.804 occ_end=0.112 CSR_train=0.000 done_count=125
[upd 30] u=0 upd_ctr=1 opt_step=16 E=0.339 g=0.092 VarTD=0.132511 ret_end=-27.386 dbar_end=0.758 occ_end=0.160 CSR_train=0.000 done_count=125
[upd 40] u=0 upd_ctr=1 opt_step=16 E=0.432 g=0.095 VarTD=0.150439 ret_end=-26.897 dbar_end=0.751 occ_end=0.136 CSR_train=0.000 done_count=125
[upd 50] u=0 upd_ctr=1 opt_step=16 E=0.525 g=0.091 VarTD=0.138841 ret_end=-27.563 dbar_end=0.764 occ_end=0.176 CSR_train=0.000 done_count=125
[upd 60] u=0 upd_ctr=1 opt_step=16 E=0.621 g=0.111 VarTD=0.153727 ret_end=-26.001 dbar_end=0.701 occ_end=0.152 CSR_train=0.000 done_count=125
[upd 70] u=0 upd_ctr=1 opt_step=16 E=0.715 g=0.087 VarTD=0.170599 ret_end=-27.645 dbar_end=0.779 occ_end=0.104 CSR_train=0.000 done_count=125
[upd 80] u=0 upd_ctr=1 opt_step=16 E=0.809 g=0.086 VarTD=0.174679 ret_end=-27.746 dbar_end=0.780 occ_end=0.152 CSR_train=0.000 done_count=125
[upd 90] u=0 upd_ctr=1 opt_step=16 E=0.906 g=0.092 VarTD=0.135382 ret_end=-26.988 dbar_end=0.759 occ_end=0.088 CSR_train=0.000 done_count=125
[upd 100] u=0 upd_ctr=2 opt_step=32 E=0.053 g=0.100 VarTD=0.152598 ret_end=-28.305 dbar_end=0.735 occ_end=0.176 CSR_train=0.000 done_count=125
[upd 110] u=0 upd_ctr=2 opt_step=32 E=0.153 g=0.109 VarTD=0.145329 ret_end=-27.032 dbar_end=0.706 occ_end=0.200 CSR_train=0.000 done_count=125
[upd 120] u=0 upd_ctr=2 opt_step=32 E=0.254 g=0.097 VarTD=0.131817 ret_end=-26.877 dbar_end=0.743 occ_end=0.144 CSR_train=0.000 done_count=125
[upd 130] u=0 upd_ctr=2 opt_step=32 E=0.353 g=0.088 VarTD=0.162002 ret_end=-27.733 dbar_end=0.774 occ_end=0.120 CSR_train=0.000 done_count=100
[upd 140] u=0 upd_ctr=2 opt_step=32 E=0.453 g=0.110 VarTD=0.167131 ret_end=-26.383 dbar_end=0.703 occ_end=0.208 CSR_train=0.000 done_count=125
[upd 150] u=0 upd_ctr=2 opt_step=32 E=0.547 g=0.092 VarTD=0.135413 ret_end=-25.702 dbar_end=0.760 occ_end=0.112 CSR_train=0.000 done_count=125
[upd 160] u=0 upd_ctr=2 opt_step=32 E=0.647 g=0.104 VarTD=0.153617 ret_end=-26.951 dbar_end=0.721 occ_end=0.192 CSR_train=0.000 done_count=125
[upd 170] u=0 upd_ctr=2 opt_step=32 E=0.748 g=0.094 VarTD=0.143551 ret_end=-26.442 dbar_end=0.752 occ_end=0.160 CSR_train=0.000 done_count=125
[upd 180] u=0 upd_ctr=2 opt_step=32 E=0.844 g=0.092 VarTD=0.149884 ret_end=-27.047 dbar_end=0.759 occ_end=0.144 CSR_train=0.000 done_count=125
[upd 190] u=0 upd_ctr=2 opt_step=32 E=0.942 g=0.098 VarTD=0.157404 ret_end=-27.272 dbar_end=0.739 occ_end=0.136 CSR_train=0.000 done_count=125
[upd 200] u=0 upd_ctr=3 opt_step=48 E=0.096 g=0.099 VarTD=0.177456 ret_end=-27.333 dbar_end=0.737 occ_end=0.232 CSR_train=0.008 done_count=125
[upd 210] u=0 upd_ctr=3 opt_step=48 E=0.196 g=0.112 VarTD=0.156941 ret_end=-26.235 dbar_end=0.699 occ_end=0.160 CSR_train=0.000 done_count=125
[upd 220] u=0 upd_ctr=3 opt_step=48 E=0.306 g=0.101 VarTD=0.132959 ret_end=-26.720 dbar_end=0.731 occ_end=0.192 CSR_train=0.000 done_count=125
[upd 230] u=0 upd_ctr=3 opt_step=48 E=0.409 g=0.100 VarTD=0.172382 ret_end=-26.804 dbar_end=0.732 occ_end=0.216 CSR_train=0.000 done_count=125
[upd 240] u=0 upd_ctr=3 opt_step=48 E=0.512 g=0.097 VarTD=0.207669 ret_end=-27.445 dbar_end=0.744 occ_end=0.144 CSR_train=0.000 done_count=125
[upd 250] u=0 upd_ctr=3 opt_step=48 E=0.617 g=0.100 VarTD=0.124127 ret_end=-27.440 dbar_end=0.733 occ_end=0.184 CSR_train=0.000 done_count=125
[upd 260] u=0 upd_ctr=3 opt_step=48 E=0.722 g=0.109 VarTD=0.147478 ret_end=-25.839 dbar_end=0.705 occ_end=0.180 CSR_train=0.000 done_count=100
[upd 270] u=0 upd_ctr=3 opt_step=48 E=0.825 g=0.097 VarTD=0.171831 ret_end=-26.878 dbar_end=0.743 occ_end=0.176 CSR_train=0.000 done_count=125
[upd 280] u=0 upd_ctr=3 opt_step=48 E=0.928 g=0.116 VarTD=0.119680 ret_end=-26.389 dbar_end=0.686 occ_end=0.232 CSR_train=0.008 done_count=125
[upd 290] u=0 upd_ctr=4 opt_step=64 E=0.082 g=0.115 VarTD=0.133526 ret_end=-26.157 dbar_end=0.689 occ_end=0.176 CSR_train=0.000 done_count=125
[upd 300] u=0 upd_ctr=4 opt_step=64 E=0.184 g=0.101 VarTD=0.144673 ret_end=-26.569 dbar_end=0.731 occ_end=0.112 CSR_train=0.000 done_count=125
[upd 310] u=0 upd_ctr=4 opt_step=64 E=0.289 g=0.095 VarTD=0.156518 ret_end=-27.177 dbar_end=0.749 occ_end=0.192 CSR_train=0.000 done_count=125
[Gate5 check] update_counter violations: t0=0 diffs=0
[Gate5 check] opt_step violations: t0=0 diffs=0 (expected_inc=16)
[Gate5 check] NaN masking: nan_on_skip=True finite_on_update=True
[Gate5 summary] mean_update_fraction=0.0128 final_executed_updates_mean=4.00
[Gate5 eval] done_count mean=100.0 CSR mean=0.0000 len_end_mean=26.00
[Gate5 eval] episodes_per_env=4 T_eval=104
[Gate5 eval-debug] locked_eps_occ=0.20 pre(step25): dbar_end=0.532185 occupied_end_mean=0.450000 max_tilde_end_mean=0.800356 CSR@locked=0.000000
[Gate5 eval-debug] locked_eps_occ=0.20 post(step26): dbar_end=0.533146 occupied_end_mean=0.390000 max_tilde_end_mean=0.798659 CSR@locked=0.000000
[Gate5 eval-debug] CSR_pre@0.10=0.0000 CSR_pre@0.15=0.0000 CSR_pre@0.20=0.0000 CSR_pre@0.25=0.0200 CSR_pre@0.30=0.0300
[Gate5 eval-debug] CSR_post@0.10=0.0000 CSR_post@0.15=0.0000 CSR_post@0.20=0.0000 CSR_post@0.25=0.0000 CSR_post@0.30=0.0100
