Importing submoduled environments...
Submoduled environments not found. Skipping import.
[upd 0] u=1 upd_ctr=1 opt_step=16 E=0.117 g=0.096 VarTD=0.198978 ret_end=-28.258 dbar_end=0.747 occ_end=0.170 CSR_train=0.000 done_count=100
[upd 10] u=0 upd_ctr=1 opt_step=16 E=0.759 g=0.091 VarTD=0.177568 ret_end=-27.488 dbar_end=0.762 occ_end=0.104 CSR_train=0.000 done_count=125
[upd 20] u=0 upd_ctr=2 opt_step=32 E=0.435 g=0.089 VarTD=0.176169 ret_end=-27.673 dbar_end=0.772 occ_end=0.120 CSR_train=0.000 done_count=125
[upd 30] u=0 upd_ctr=3 opt_step=48 E=0.162 g=0.087 VarTD=0.160415 ret_end=-27.716 dbar_end=0.778 occ_end=0.192 CSR_train=0.000 done_count=125
[upd 40] u=0 upd_ctr=3 opt_step=48 E=0.848 g=0.099 VarTD=0.137232 ret_end=-27.108 dbar_end=0.737 occ_end=0.144 CSR_train=0.000 done_count=125
[upd 50] u=0 upd_ctr=4 opt_step=64 E=0.617 g=0.113 VarTD=0.153501 ret_end=-26.730 dbar_end=0.695 occ_end=0.200 CSR_train=0.000 done_count=125
[upd 60] u=0 upd_ctr=5 opt_step=80 E=0.409 g=0.099 VarTD=0.154212 ret_end=-26.664 dbar_end=0.737 occ_end=0.120 CSR_train=0.000 done_count=125
[upd 70] u=0 upd_ctr=6 opt_step=96 E=0.221 g=0.139 VarTD=0.137104 ret_end=-25.177 dbar_end=0.629 occ_end=0.248 CSR_train=0.000 done_count=125
[upd 80] u=0 upd_ctr=6 opt_step=96 E=0.982 g=0.114 VarTD=0.173644 ret_end=-25.964 dbar_end=0.693 occ_end=0.224 CSR_train=0.000 done_count=125
[upd 90] u=0 upd_ctr=7 opt_step=112 E=0.819 g=0.096 VarTD=0.178238 ret_end=-27.743 dbar_end=0.745 occ_end=0.112 CSR_train=0.000 done_count=125
[upd 100] u=0 upd_ctr=8 opt_step=128 E=0.714 g=0.120 VarTD=0.158965 ret_end=-26.072 dbar_end=0.675 occ_end=0.144 CSR_train=0.000 done_count=125
[upd 110] u=0 upd_ctr=9 opt_step=144 E=0.592 g=0.105 VarTD=0.190904 ret_end=-27.137 dbar_end=0.719 occ_end=0.184 CSR_train=0.000 done_count=125
[upd 120] u=0 upd_ctr=10 opt_step=160 E=0.472 g=0.132 VarTD=0.155338 ret_end=-25.686 dbar_end=0.646 occ_end=0.184 CSR_train=0.000 done_count=125
[upd 130] u=0 upd_ctr=11 opt_step=176 E=0.377 g=0.120 VarTD=0.176692 ret_end=-26.020 dbar_end=0.676 occ_end=0.200 CSR_train=0.000 done_count=100
[upd 140] u=0 upd_ctr=12 opt_step=192 E=0.291 g=0.123 VarTD=0.201070 ret_end=-25.807 dbar_end=0.669 occ_end=0.192 CSR_train=0.000 done_count=125
[upd 150] u=0 upd_ctr=13 opt_step=208 E=0.234 g=0.128 VarTD=0.218013 ret_end=-25.568 dbar_end=0.654 occ_end=0.208 CSR_train=0.000 done_count=125
[upd 160] u=0 upd_ctr=14 opt_step=224 E=0.177 g=0.130 VarTD=0.239235 ret_end=-25.299 dbar_end=0.651 occ_end=0.152 CSR_train=0.000 done_count=125
[upd 170] u=1 upd_ctr=15 opt_step=240 E=0.099 g=0.122 VarTD=0.235056 ret_end=-25.622 dbar_end=0.670 occ_end=0.176 CSR_train=0.000 done_count=125
[upd 180] u=0 upd_ctr=15 opt_step=240 E=1.000 g=0.122 VarTD=0.278133 ret_end=-26.391 dbar_end=0.669 occ_end=0.144 CSR_train=0.000 done_count=125
[upd 190] u=0 upd_ctr=16 opt_step=256 E=0.934 g=0.135 VarTD=0.330135 ret_end=-24.989 dbar_end=0.637 occ_end=0.232 CSR_train=0.000 done_count=125
[upd 200] u=0 upd_ctr=17 opt_step=272 E=0.863 g=0.126 VarTD=0.365360 ret_end=-25.830 dbar_end=0.660 occ_end=0.184 CSR_train=0.000 done_count=125
[upd 210] u=0 upd_ctr=18 opt_step=288 E=0.860 g=0.141 VarTD=0.441584 ret_end=-25.402 dbar_end=0.625 occ_end=0.200 CSR_train=0.000 done_count=125
[upd 220] u=0 upd_ctr=19 opt_step=304 E=0.851 g=0.142 VarTD=0.516367 ret_end=-25.249 dbar_end=0.621 occ_end=0.232 CSR_train=0.000 done_count=125
[upd 230] u=0 upd_ctr=20 opt_step=320 E=0.859 g=0.151 VarTD=0.599301 ret_end=-24.585 dbar_end=0.602 occ_end=0.240 CSR_train=0.000 done_count=125
[upd 240] u=0 upd_ctr=21 opt_step=336 E=0.950 g=0.148 VarTD=0.662679 ret_end=-25.103 dbar_end=0.608 occ_end=0.264 CSR_train=0.000 done_count=125
[upd 250] u=0 upd_ctr=22 opt_step=352 E=0.978 g=0.154 VarTD=0.767372 ret_end=-24.720 dbar_end=0.595 occ_end=0.272 CSR_train=0.000 done_count=125
[upd 260] u=1 upd_ctr=24 opt_step=384 E=0.129 g=0.142 VarTD=0.695053 ret_end=-24.736 dbar_end=0.622 occ_end=0.190 CSR_train=0.000 done_count=100
[upd 270] u=0 upd_ctr=25 opt_step=400 E=0.226 g=0.159 VarTD=1.057392 ret_end=-24.368 dbar_end=0.586 occ_end=0.264 CSR_train=0.000 done_count=125
[upd 280] u=0 upd_ctr=26 opt_step=416 E=0.350 g=0.153 VarTD=1.195495 ret_end=-24.990 dbar_end=0.599 occ_end=0.280 CSR_train=0.016 done_count=125
[upd 290] u=0 upd_ctr=27 opt_step=432 E=0.476 g=0.148 VarTD=1.280150 ret_end=-25.082 dbar_end=0.607 occ_end=0.208 CSR_train=0.000 done_count=125
[upd 300] u=0 upd_ctr=28 opt_step=448 E=0.596 g=0.145 VarTD=1.427894 ret_end=-24.402 dbar_end=0.614 occ_end=0.272 CSR_train=0.000 done_count=125
[upd 310] u=0 upd_ctr=29 opt_step=464 E=0.701 g=0.165 VarTD=1.552513 ret_end=-23.049 dbar_end=0.575 occ_end=0.312 CSR_train=0.000 done_count=125
[Gate5 check] update_counter violations: t0=0 diffs=0
[Gate5 check] opt_step violations: t0=0 diffs=0 (expected_inc=16)
[Gate5 check] NaN masking: nan_on_skip=True finite_on_update=True
[Gate5 summary] mean_update_fraction=0.0929 final_executed_updates_mean=29.00
[Gate5 eval] done_count mean=100.0 CSR mean=0.0100 len_end_mean=26.00
[Gate5 eval] episodes_per_env=4 T_eval=104
[Gate5 eval-debug] locked_eps_occ=0.20 pre(step25): dbar_end=0.542909 occupied_end_mean=0.320000 max_tilde_end_mean=0.790919 CSR@locked=0.000000
[Gate5 eval-debug] locked_eps_occ=0.20 post(step26): dbar_end=0.543387 occupied_end_mean=0.320000 max_tilde_end_mean=0.791810 CSR@locked=0.010000
[Gate5 eval-debug] CSR_pre@0.10=0.0000 CSR_pre@0.15=0.0000 CSR_pre@0.20=0.0000 CSR_pre@0.25=0.0100 CSR_pre@0.30=0.0200
[Gate5 eval-debug] CSR_post@0.10=0.0000 CSR_post@0.15=0.0000 CSR_post@0.20=0.0100 CSR_post@0.25=0.0100 CSR_post@0.30=0.0100
