Importing submoduled environments...
Submoduled environments not found. Skipping import.
[upd 0] u=1 upd_ctr=1 opt_step=16 E=0.037 g=0.093 VarTD=0.149936 ret_end=-27.435 dbar_end=0.756 occ_end=0.150 CSR_train=0.000 done_count=100
[upd 10] u=0 upd_ctr=1 opt_step=16 E=0.413 g=0.100 VarTD=0.132044 ret_end=-26.929 dbar_end=0.734 occ_end=0.192 CSR_train=0.000 done_count=125
[upd 20] u=0 upd_ctr=1 opt_step=16 E=0.815 g=0.107 VarTD=0.153948 ret_end=-26.021 dbar_end=0.712 occ_end=0.192 CSR_train=0.000 done_count=125
[upd 30] u=0 upd_ctr=2 opt_step=32 E=0.148 g=0.086 VarTD=0.174535 ret_end=-27.866 dbar_end=0.780 occ_end=0.120 CSR_train=0.008 done_count=125
[upd 40] u=0 upd_ctr=2 opt_step=32 E=0.534 g=0.096 VarTD=0.139443 ret_end=-27.117 dbar_end=0.748 occ_end=0.128 CSR_train=0.000 done_count=125
[upd 50] u=0 upd_ctr=2 opt_step=32 E=0.915 g=0.093 VarTD=0.131460 ret_end=-26.748 dbar_end=0.757 occ_end=0.120 CSR_train=0.000 done_count=125
[upd 60] u=0 upd_ctr=3 opt_step=48 E=0.278 g=0.105 VarTD=0.138323 ret_end=-26.958 dbar_end=0.717 occ_end=0.144 CSR_train=0.000 done_count=125
[upd 70] u=0 upd_ctr=3 opt_step=48 E=0.685 g=0.102 VarTD=0.134232 ret_end=-27.047 dbar_end=0.726 occ_end=0.192 CSR_train=0.000 done_count=125
[upd 80] u=0 upd_ctr=4 opt_step=64 E=0.086 g=0.107 VarTD=0.131669 ret_end=-25.725 dbar_end=0.713 occ_end=0.176 CSR_train=0.000 done_count=125
[upd 90] u=0 upd_ctr=4 opt_step=64 E=0.525 g=0.107 VarTD=0.130943 ret_end=-26.615 dbar_end=0.712 occ_end=0.152 CSR_train=0.000 done_count=125
[upd 100] u=0 upd_ctr=4 opt_step=64 E=0.949 g=0.113 VarTD=0.150673 ret_end=-25.560 dbar_end=0.696 occ_end=0.184 CSR_train=0.000 done_count=125
[upd 110] u=0 upd_ctr=5 opt_step=80 E=0.351 g=0.099 VarTD=0.138768 ret_end=-26.987 dbar_end=0.738 occ_end=0.152 CSR_train=0.000 done_count=125
[upd 120] u=0 upd_ctr=5 opt_step=80 E=0.792 g=0.119 VarTD=0.136949 ret_end=-25.554 dbar_end=0.679 occ_end=0.192 CSR_train=0.000 done_count=125
[upd 130] u=0 upd_ctr=6 opt_step=96 E=0.224 g=0.110 VarTD=0.175516 ret_end=-26.286 dbar_end=0.702 occ_end=0.250 CSR_train=0.000 done_count=100
[upd 140] u=0 upd_ctr=6 opt_step=96 E=0.673 g=0.111 VarTD=0.152310 ret_end=-25.899 dbar_end=0.700 occ_end=0.192 CSR_train=0.000 done_count=125
[upd 150] u=0 upd_ctr=7 opt_step=112 E=0.095 g=0.121 VarTD=0.128661 ret_end=-26.433 dbar_end=0.674 occ_end=0.208 CSR_train=0.000 done_count=125
[upd 160] u=0 upd_ctr=7 opt_step=112 E=0.550 g=0.113 VarTD=0.148528 ret_end=-26.863 dbar_end=0.695 occ_end=0.192 CSR_train=0.000 done_count=125
[upd 170] u=0 upd_ctr=7 opt_step=112 E=1.000 g=0.122 VarTD=0.140935 ret_end=-25.862 dbar_end=0.671 occ_end=0.160 CSR_train=0.000 done_count=125
[upd 180] u=0 upd_ctr=8 opt_step=128 E=0.482 g=0.134 VarTD=0.124363 ret_end=-24.862 dbar_end=0.640 occ_end=0.264 CSR_train=0.000 done_count=125
[upd 190] u=0 upd_ctr=8 opt_step=128 E=0.972 g=0.128 VarTD=0.127554 ret_end=-25.584 dbar_end=0.655 occ_end=0.208 CSR_train=0.000 done_count=125
[upd 200] u=0 upd_ctr=9 opt_step=144 E=0.449 g=0.124 VarTD=0.144189 ret_end=-26.559 dbar_end=0.664 occ_end=0.168 CSR_train=0.000 done_count=125
[upd 210] u=0 upd_ctr=9 opt_step=144 E=0.955 g=0.119 VarTD=0.141501 ret_end=-26.068 dbar_end=0.677 occ_end=0.176 CSR_train=0.000 done_count=125
[upd 220] u=0 upd_ctr=10 opt_step=160 E=0.473 g=0.132 VarTD=0.145585 ret_end=-25.131 dbar_end=0.645 occ_end=0.192 CSR_train=0.000 done_count=125
[upd 230] u=0 upd_ctr=10 opt_step=160 E=0.996 g=0.128 VarTD=0.153245 ret_end=-25.176 dbar_end=0.654 occ_end=0.208 CSR_train=0.000 done_count=125
[upd 240] u=0 upd_ctr=11 opt_step=176 E=0.480 g=0.144 VarTD=0.168897 ret_end=-24.882 dbar_end=0.617 occ_end=0.272 CSR_train=0.000 done_count=125
[upd 250] u=0 upd_ctr=11 opt_step=176 E=1.000 g=0.133 VarTD=0.182801 ret_end=-25.563 dbar_end=0.643 occ_end=0.248 CSR_train=0.000 done_count=125
[upd 260] u=0 upd_ctr=12 opt_step=192 E=0.545 g=0.135 VarTD=0.164619 ret_end=-24.857 dbar_end=0.637 occ_end=0.190 CSR_train=0.000 done_count=100
[upd 270] u=1 upd_ctr=13 opt_step=208 E=0.062 g=0.156 VarTD=0.200349 ret_end=-24.814 dbar_end=0.592 occ_end=0.304 CSR_train=0.000 done_count=125
[upd 280] u=0 upd_ctr=13 opt_step=208 E=0.616 g=0.148 VarTD=0.187186 ret_end=-23.719 dbar_end=0.609 occ_end=0.216 CSR_train=0.000 done_count=125
[upd 290] u=0 upd_ctr=14 opt_step=224 E=0.170 g=0.141 VarTD=0.267000 ret_end=-25.747 dbar_end=0.624 occ_end=0.224 CSR_train=0.000 done_count=125
[upd 300] u=0 upd_ctr=14 opt_step=224 E=0.752 g=0.156 VarTD=0.219550 ret_end=-23.728 dbar_end=0.592 occ_end=0.264 CSR_train=0.000 done_count=125
[upd 310] u=0 upd_ctr=15 opt_step=240 E=0.297 g=0.150 VarTD=0.284938 ret_end=-24.537 dbar_end=0.605 occ_end=0.208 CSR_train=0.000 done_count=125
[Gate5 check] update_counter violations: t0=0 diffs=0
[Gate5 check] opt_step violations: t0=0 diffs=0 (expected_inc=16)
[Gate5 check] NaN masking: nan_on_skip=True finite_on_update=True
[Gate5 summary] mean_update_fraction=0.0481 final_executed_updates_mean=15.00
[Gate5 eval] done_count mean=100.0 CSR mean=0.0100 len_end_mean=26.00
[Gate5 eval] episodes_per_env=4 T_eval=104
[Gate5 eval-debug] locked_eps_occ=0.20 pre(step25): dbar_end=0.519220 occupied_end_mean=0.430000 max_tilde_end_mean=0.756651 CSR@locked=0.020000
[Gate5 eval-debug] locked_eps_occ=0.20 post(step26): dbar_end=0.523825 occupied_end_mean=0.370000 max_tilde_end_mean=0.755675 CSR@locked=0.010000
[Gate5 eval-debug] CSR_pre@0.10=0.0000 CSR_pre@0.15=0.0100 CSR_pre@0.20=0.0200 CSR_pre@0.25=0.0200 CSR_pre@0.30=0.0300
[Gate5 eval-debug] CSR_post@0.10=0.0100 CSR_post@0.15=0.0100 CSR_post@0.20=0.0100 CSR_post@0.25=0.0100 CSR_post@0.30=0.0300
