Importing submoduled environments...
Submoduled environments not found. Skipping import.
[upd 0] u=1 upd_ctr=1 opt_step=16 E=0.166 g=0.094 VarTD=0.148631 ret_end=-26.843 dbar_end=0.752 occ_end=0.140 CSR_train=0.000 done_count=100
[upd 10] u=0 upd_ctr=1 opt_step=16 E=0.809 g=0.098 VarTD=0.120442 ret_end=-26.989 dbar_end=0.738 occ_end=0.144 CSR_train=0.000 done_count=125
[upd 20] u=0 upd_ctr=2 opt_step=32 E=0.596 g=0.103 VarTD=0.155002 ret_end=-27.194 dbar_end=0.724 occ_end=0.144 CSR_train=0.000 done_count=125
[upd 30] u=0 upd_ctr=3 opt_step=48 E=0.393 g=0.099 VarTD=0.129768 ret_end=-26.634 dbar_end=0.736 occ_end=0.160 CSR_train=0.000 done_count=125
[upd 40] u=0 upd_ctr=4 opt_step=64 E=0.252 g=0.114 VarTD=0.149267 ret_end=-26.082 dbar_end=0.692 occ_end=0.192 CSR_train=0.008 done_count=125
[upd 50] u=1 upd_ctr=5 opt_step=80 E=0.113 g=0.116 VarTD=0.130537 ret_end=-26.681 dbar_end=0.687 occ_end=0.168 CSR_train=0.000 done_count=125
[upd 60] u=0 upd_ctr=5 opt_step=80 E=0.876 g=0.102 VarTD=0.136205 ret_end=-26.641 dbar_end=0.727 occ_end=0.136 CSR_train=0.000 done_count=125
[upd 70] u=0 upd_ctr=6 opt_step=96 E=0.818 g=0.125 VarTD=0.124670 ret_end=-25.363 dbar_end=0.662 occ_end=0.152 CSR_train=0.000 done_count=125
[upd 80] u=0 upd_ctr=7 opt_step=112 E=0.792 g=0.135 VarTD=0.113420 ret_end=-24.936 dbar_end=0.639 occ_end=0.160 CSR_train=0.000 done_count=125
[upd 90] u=0 upd_ctr=8 opt_step=128 E=0.775 g=0.135 VarTD=0.126469 ret_end=-24.750 dbar_end=0.639 occ_end=0.192 CSR_train=0.000 done_count=125
[upd 100] u=0 upd_ctr=9 opt_step=144 E=0.877 g=0.132 VarTD=0.165376 ret_end=-25.317 dbar_end=0.644 occ_end=0.240 CSR_train=0.000 done_count=125
[upd 110] u=0 upd_ctr=10 opt_step=160 E=0.949 g=0.142 VarTD=0.177555 ret_end=-25.077 dbar_end=0.621 occ_end=0.248 CSR_train=0.000 done_count=125
[upd 120] u=1 upd_ctr=12 opt_step=192 E=0.129 g=0.140 VarTD=0.155280 ret_end=-24.917 dbar_end=0.626 occ_end=0.248 CSR_train=0.000 done_count=125
[upd 130] u=0 upd_ctr=13 opt_step=208 E=0.201 g=0.133 VarTD=0.189208 ret_end=-25.565 dbar_end=0.643 occ_end=0.250 CSR_train=0.000 done_count=100
[upd 140] u=0 upd_ctr=14 opt_step=224 E=0.293 g=0.137 VarTD=0.239474 ret_end=-25.690 dbar_end=0.632 occ_end=0.200 CSR_train=0.000 done_count=125
[upd 150] u=0 upd_ctr=15 opt_step=240 E=0.395 g=0.150 VarTD=0.255008 ret_end=-24.470 dbar_end=0.604 occ_end=0.232 CSR_train=0.000 done_count=125
[upd 160] u=0 upd_ctr=16 opt_step=256 E=0.520 g=0.141 VarTD=0.321963 ret_end=-25.250 dbar_end=0.625 occ_end=0.216 CSR_train=0.000 done_count=125
[upd 170] u=0 upd_ctr=17 opt_step=272 E=0.705 g=0.148 VarTD=0.381061 ret_end=-25.330 dbar_end=0.608 occ_end=0.232 CSR_train=0.000 done_count=125
[upd 180] u=0 upd_ctr=18 opt_step=288 E=0.863 g=0.145 VarTD=0.444465 ret_end=-24.430 dbar_end=0.614 occ_end=0.304 CSR_train=0.000 done_count=125
[upd 190] u=1 upd_ctr=20 opt_step=320 E=0.200 g=0.168 VarTD=0.535287 ret_end=-23.586 dbar_end=0.569 occ_end=0.296 CSR_train=0.000 done_count=125
[upd 200] u=0 upd_ctr=21 opt_step=336 E=0.475 g=0.158 VarTD=0.686636 ret_end=-24.539 dbar_end=0.587 occ_end=0.240 CSR_train=0.000 done_count=125
[upd 210] u=0 upd_ctr=22 opt_step=352 E=0.742 g=0.168 VarTD=0.820172 ret_end=-23.568 dbar_end=0.568 occ_end=0.320 CSR_train=0.000 done_count=125
[upd 220] u=1 upd_ctr=24 opt_step=384 E=0.142 g=0.169 VarTD=0.922772 ret_end=-24.605 dbar_end=0.566 occ_end=0.264 CSR_train=0.000 done_count=125
[upd 230] u=0 upd_ctr=25 opt_step=400 E=0.397 g=0.172 VarTD=1.119463 ret_end=-23.240 dbar_end=0.561 occ_end=0.352 CSR_train=0.008 done_count=125
[upd 240] u=0 upd_ctr=26 opt_step=416 E=0.653 g=0.165 VarTD=1.265578 ret_end=-23.569 dbar_end=0.574 occ_end=0.376 CSR_train=0.000 done_count=125
[upd 250] u=0 upd_ctr=27 opt_step=432 E=0.900 g=0.162 VarTD=1.384182 ret_end=-24.006 dbar_end=0.580 occ_end=0.304 CSR_train=0.000 done_count=125
[upd 260] u=0 upd_ctr=29 opt_step=464 E=0.268 g=0.166 VarTD=1.364715 ret_end=-23.721 dbar_end=0.573 occ_end=0.240 CSR_train=0.000 done_count=100
[upd 270] u=0 upd_ctr=30 opt_step=480 E=0.572 g=0.177 VarTD=1.822086 ret_end=-23.602 dbar_end=0.552 occ_end=0.304 CSR_train=0.000 done_count=125
[upd 280] u=0 upd_ctr=31 opt_step=496 E=0.909 g=0.183 VarTD=2.037567 ret_end=-23.754 dbar_end=0.540 occ_end=0.304 CSR_train=0.000 done_count=125
[upd 290] u=0 upd_ctr=33 opt_step=528 E=0.345 g=0.167 VarTD=2.341274 ret_end=-24.365 dbar_end=0.569 occ_end=0.320 CSR_train=0.000 done_count=125
[upd 300] u=0 upd_ctr=34 opt_step=544 E=0.687 g=0.169 VarTD=2.506583 ret_end=-24.476 dbar_end=0.566 occ_end=0.280 CSR_train=0.008 done_count=125
[upd 310] u=0 upd_ctr=35 opt_step=560 E=1.000 g=0.180 VarTD=2.687935 ret_end=-23.967 dbar_end=0.546 occ_end=0.352 CSR_train=0.000 done_count=125
[Gate5 check] update_counter violations: t0=0 diffs=0
[Gate5 check] opt_step violations: t0=0 diffs=0 (expected_inc=16)
[Gate5 check] NaN masking: nan_on_skip=True finite_on_update=True
[Gate5 summary] mean_update_fraction=0.1154 final_executed_updates_mean=36.00
[Gate5 eval] done_count mean=100.0 CSR mean=0.0100 len_end_mean=26.00
[Gate5 eval] episodes_per_env=4 T_eval=104
[Gate5 eval-debug] locked_eps_occ=0.20 pre(step25): dbar_end=0.469799 occupied_end_mean=0.510000 max_tilde_end_mean=0.685307 CSR@locked=0.010000
[Gate5 eval-debug] locked_eps_occ=0.20 post(step26): dbar_end=0.475196 occupied_end_mean=0.440000 max_tilde_end_mean=0.696317 CSR@locked=0.010000
[Gate5 eval-debug] CSR_pre@0.10=0.0000 CSR_pre@0.15=0.0000 CSR_pre@0.20=0.0100 CSR_pre@0.25=0.0500 CSR_pre@0.30=0.0700
[Gate5 eval-debug] CSR_post@0.10=0.0000 CSR_post@0.15=0.0000 CSR_post@0.20=0.0100 CSR_post@0.25=0.0300 CSR_post@0.30=0.0400
