Importing submoduled environments...
Submoduled environments not found. Skipping import.
[upd 0] u=1 upd_ctr=1 opt_step=16 E=0.019 g=0.096 VarTD=0.159541 ret_end=-27.424 dbar_end=0.745 occ_end=0.200 CSR_train=0.000 done_count=100
[upd 10] u=0 upd_ctr=1 opt_step=16 E=0.199 g=0.095 VarTD=0.132747 ret_end=-26.853 dbar_end=0.750 occ_end=0.208 CSR_train=0.000 done_count=125
[upd 20] u=0 upd_ctr=1 opt_step=16 E=0.388 g=0.103 VarTD=0.168812 ret_end=-26.447 dbar_end=0.725 occ_end=0.168 CSR_train=0.000 done_count=125
[upd 30] u=0 upd_ctr=1 opt_step=16 E=0.574 g=0.086 VarTD=0.167917 ret_end=-28.095 dbar_end=0.783 occ_end=0.176 CSR_train=0.000 done_count=125
[upd 40] u=0 upd_ctr=1 opt_step=16 E=0.749 g=0.094 VarTD=0.153748 ret_end=-27.500 dbar_end=0.754 occ_end=0.168 CSR_train=0.000 done_count=125
[upd 50] u=0 upd_ctr=1 opt_step=16 E=0.934 g=0.102 VarTD=0.164851 ret_end=-27.219 dbar_end=0.726 occ_end=0.208 CSR_train=0.000 done_count=125
[upd 60] u=0 upd_ctr=2 opt_step=32 E=0.117 g=0.101 VarTD=0.164841 ret_end=-26.911 dbar_end=0.731 occ_end=0.176 CSR_train=0.000 done_count=125
[upd 70] u=0 upd_ctr=2 opt_step=32 E=0.313 g=0.093 VarTD=0.168996 ret_end=-27.945 dbar_end=0.755 occ_end=0.184 CSR_train=0.000 done_count=125
[upd 80] u=0 upd_ctr=2 opt_step=32 E=0.515 g=0.101 VarTD=0.156303 ret_end=-26.867 dbar_end=0.730 occ_end=0.152 CSR_train=0.000 done_count=125
[upd 90] u=0 upd_ctr=2 opt_step=32 E=0.709 g=0.097 VarTD=0.144412 ret_end=-26.990 dbar_end=0.742 occ_end=0.200 CSR_train=0.008 done_count=125
[upd 100] u=0 upd_ctr=2 opt_step=32 E=0.902 g=0.105 VarTD=0.135097 ret_end=-26.968 dbar_end=0.718 occ_end=0.184 CSR_train=0.000 done_count=125
[upd 110] u=0 upd_ctr=3 opt_step=48 E=0.099 g=0.099 VarTD=0.140201 ret_end=-26.760 dbar_end=0.737 occ_end=0.152 CSR_train=0.000 done_count=125
[upd 120] u=0 upd_ctr=3 opt_step=48 E=0.308 g=0.092 VarTD=0.148235 ret_end=-27.707 dbar_end=0.761 occ_end=0.184 CSR_train=0.000 done_count=125
[upd 130] u=0 upd_ctr=3 opt_step=48 E=0.514 g=0.112 VarTD=0.141564 ret_end=-26.193 dbar_end=0.696 occ_end=0.250 CSR_train=0.000 done_count=100
[upd 140] u=0 upd_ctr=3 opt_step=48 E=0.720 g=0.094 VarTD=0.168231 ret_end=-27.537 dbar_end=0.753 occ_end=0.112 CSR_train=0.000 done_count=125
[upd 150] u=0 upd_ctr=3 opt_step=48 E=0.932 g=0.100 VarTD=0.154393 ret_end=-26.816 dbar_end=0.735 occ_end=0.200 CSR_train=0.000 done_count=125
[upd 160] u=0 upd_ctr=4 opt_step=64 E=0.121 g=0.108 VarTD=0.153372 ret_end=-27.054 dbar_end=0.709 occ_end=0.200 CSR_train=0.000 done_count=125
[upd 170] u=0 upd_ctr=4 opt_step=64 E=0.332 g=0.103 VarTD=0.115973 ret_end=-26.167 dbar_end=0.724 occ_end=0.168 CSR_train=0.000 done_count=125
[upd 180] u=0 upd_ctr=4 opt_step=64 E=0.542 g=0.118 VarTD=0.143495 ret_end=-26.200 dbar_end=0.680 occ_end=0.232 CSR_train=0.000 done_count=125
[upd 190] u=0 upd_ctr=4 opt_step=64 E=0.753 g=0.107 VarTD=0.152697 ret_end=-25.949 dbar_end=0.712 occ_end=0.160 CSR_train=0.000 done_count=125
[upd 200] u=0 upd_ctr=4 opt_step=64 E=0.970 g=0.102 VarTD=0.148947 ret_end=-26.081 dbar_end=0.728 occ_end=0.240 CSR_train=0.000 done_count=125
[upd 210] u=0 upd_ctr=5 opt_step=80 E=0.180 g=0.106 VarTD=0.137005 ret_end=-26.883 dbar_end=0.716 occ_end=0.200 CSR_train=0.000 done_count=125
[upd 220] u=0 upd_ctr=5 opt_step=80 E=0.399 g=0.112 VarTD=0.176915 ret_end=-26.417 dbar_end=0.696 occ_end=0.200 CSR_train=0.000 done_count=125
[upd 230] u=0 upd_ctr=5 opt_step=80 E=0.617 g=0.104 VarTD=0.164495 ret_end=-26.411 dbar_end=0.721 occ_end=0.160 CSR_train=0.000 done_count=125
[upd 240] u=0 upd_ctr=5 opt_step=80 E=0.832 g=0.116 VarTD=0.140651 ret_end=-25.661 dbar_end=0.686 occ_end=0.168 CSR_train=0.000 done_count=125
[upd 250] u=0 upd_ctr=6 opt_step=96 E=0.043 g=0.103 VarTD=0.162235 ret_end=-27.404 dbar_end=0.724 occ_end=0.144 CSR_train=0.000 done_count=125
[upd 260] u=0 upd_ctr=6 opt_step=96 E=0.261 g=0.105 VarTD=0.163769 ret_end=-27.488 dbar_end=0.717 occ_end=0.190 CSR_train=0.000 done_count=100
[upd 270] u=0 upd_ctr=6 opt_step=96 E=0.490 g=0.109 VarTD=0.148395 ret_end=-27.328 dbar_end=0.705 occ_end=0.184 CSR_train=0.000 done_count=125
[upd 280] u=0 upd_ctr=6 opt_step=96 E=0.722 g=0.119 VarTD=0.153826 ret_end=-26.793 dbar_end=0.677 occ_end=0.152 CSR_train=0.000 done_count=125
[upd 290] u=0 upd_ctr=6 opt_step=96 E=0.943 g=0.105 VarTD=0.156246 ret_end=-27.063 dbar_end=0.718 occ_end=0.144 CSR_train=0.000 done_count=125
[upd 300] u=0 upd_ctr=7 opt_step=112 E=0.158 g=0.104 VarTD=0.170376 ret_end=-26.712 dbar_end=0.720 occ_end=0.120 CSR_train=0.000 done_count=125
[upd 310] u=0 upd_ctr=7 opt_step=112 E=0.382 g=0.117 VarTD=0.154948 ret_end=-26.779 dbar_end=0.684 occ_end=0.192 CSR_train=0.000 done_count=125
[Gate5 check] update_counter violations: t0=0 diffs=0
[Gate5 check] opt_step violations: t0=0 diffs=0 (expected_inc=16)
[Gate5 check] NaN masking: nan_on_skip=True finite_on_update=True
[Gate5 summary] mean_update_fraction=0.0224 final_executed_updates_mean=7.00
[Gate5 eval] done_count mean=100.0 CSR mean=0.0000 len_end_mean=26.00
[Gate5 eval] episodes_per_env=4 T_eval=104
[Gate5 eval-debug] locked_eps_occ=0.20 pre(step25): dbar_end=0.494248 occupied_end_mean=0.330000 max_tilde_end_mean=0.707758 CSR@locked=0.000000
[Gate5 eval-debug] locked_eps_occ=0.20 post(step26): dbar_end=0.494402 occupied_end_mean=0.360000 max_tilde_end_mean=0.718761 CSR@locked=0.000000
[Gate5 eval-debug] CSR_pre@0.10=0.0000 CSR_pre@0.15=0.0000 CSR_pre@0.20=0.0000 CSR_pre@0.25=0.0000 CSR_pre@0.30=0.0200
[Gate5 eval-debug] CSR_post@0.10=0.0000 CSR_post@0.15=0.0000 CSR_post@0.20=0.0000 CSR_post@0.25=0.0100 CSR_post@0.30=0.0100
