Importing submoduled environments...
Submoduled environments not found. Skipping import.
[upd 0] u=1 upd_ctr=1 opt_step=16 E=0.182 g=0.092 VarTD=0.136051 ret_end=-27.009 dbar_end=0.762 occ_end=0.140 CSR_train=0.000 done_count=100
[upd 10] u=1 upd_ctr=2 opt_step=32 E=0.117 g=0.088 VarTD=0.157825 ret_end=-27.556 dbar_end=0.774 occ_end=0.128 CSR_train=0.000 done_count=125
[upd 20] u=1 upd_ctr=3 opt_step=48 E=0.109 g=0.098 VarTD=0.140886 ret_end=-27.002 dbar_end=0.738 occ_end=0.120 CSR_train=0.000 done_count=125
[upd 30] u=1 upd_ctr=4 opt_step=64 E=0.128 g=0.106 VarTD=0.157749 ret_end=-27.253 dbar_end=0.714 occ_end=0.136 CSR_train=0.000 done_count=125
[upd 40] u=1 upd_ctr=5 opt_step=80 E=0.116 g=0.098 VarTD=0.150080 ret_end=-26.189 dbar_end=0.739 occ_end=0.096 CSR_train=0.000 done_count=125
[upd 50] u=1 upd_ctr=6 opt_step=96 E=0.168 g=0.100 VarTD=0.143306 ret_end=-26.088 dbar_end=0.732 occ_end=0.168 CSR_train=0.000 done_count=125
[upd 60] u=0 upd_ctr=7 opt_step=112 E=0.326 g=0.117 VarTD=0.140581 ret_end=-26.341 dbar_end=0.683 occ_end=0.240 CSR_train=0.000 done_count=125
[upd 70] u=0 upd_ctr=8 opt_step=128 E=0.507 g=0.123 VarTD=0.153268 ret_end=-25.193 dbar_end=0.667 occ_end=0.240 CSR_train=0.000 done_count=125
[upd 80] u=0 upd_ctr=9 opt_step=144 E=0.767 g=0.142 VarTD=0.129381 ret_end=-24.606 dbar_end=0.622 occ_end=0.264 CSR_train=0.000 done_count=125
[upd 90] u=1 upd_ctr=11 opt_step=176 E=0.156 g=0.142 VarTD=0.151341 ret_end=-25.237 dbar_end=0.622 occ_end=0.224 CSR_train=0.000 done_count=125
[upd 100] u=0 upd_ctr=12 opt_step=192 E=0.474 g=0.135 VarTD=0.205733 ret_end=-25.150 dbar_end=0.638 occ_end=0.288 CSR_train=0.000 done_count=125
[upd 110] u=0 upd_ctr=13 opt_step=208 E=0.864 g=0.152 VarTD=0.210007 ret_end=-23.809 dbar_end=0.600 occ_end=0.288 CSR_train=0.000 done_count=125
[upd 120] u=0 upd_ctr=15 opt_step=240 E=0.366 g=0.153 VarTD=0.280154 ret_end=-25.232 dbar_end=0.597 occ_end=0.216 CSR_train=0.000 done_count=125
[upd 130] u=0 upd_ctr=16 opt_step=256 E=0.776 g=0.149 VarTD=0.303066 ret_end=-24.754 dbar_end=0.606 occ_end=0.250 CSR_train=0.000 done_count=100
[upd 140] u=0 upd_ctr=18 opt_step=288 E=0.316 g=0.149 VarTD=0.450315 ret_end=-25.216 dbar_end=0.606 occ_end=0.288 CSR_train=0.000 done_count=125
[upd 150] u=0 upd_ctr=19 opt_step=304 E=0.818 g=0.160 VarTD=0.529237 ret_end=-24.410 dbar_end=0.584 occ_end=0.288 CSR_train=0.008 done_count=125
[upd 160] u=0 upd_ctr=21 opt_step=336 E=0.366 g=0.150 VarTD=0.633056 ret_end=-24.307 dbar_end=0.604 occ_end=0.264 CSR_train=0.000 done_count=125
[upd 170] u=0 upd_ctr=22 opt_step=352 E=0.846 g=0.151 VarTD=0.761853 ret_end=-24.345 dbar_end=0.603 occ_end=0.248 CSR_train=0.000 done_count=125
[upd 180] u=0 upd_ctr=24 opt_step=384 E=0.460 g=0.140 VarTD=0.986587 ret_end=-25.014 dbar_end=0.626 occ_end=0.192 CSR_train=0.000 done_count=125
[upd 190] u=0 upd_ctr=25 opt_step=400 E=0.978 g=0.164 VarTD=1.119496 ret_end=-24.435 dbar_end=0.576 occ_end=0.232 CSR_train=0.000 done_count=125
[upd 200] u=0 upd_ctr=27 opt_step=432 E=0.625 g=0.153 VarTD=1.358966 ret_end=-24.123 dbar_end=0.598 occ_end=0.152 CSR_train=0.000 done_count=125
[upd 210] u=1 upd_ctr=29 opt_step=464 E=0.246 g=0.163 VarTD=1.544082 ret_end=-24.800 dbar_end=0.579 occ_end=0.256 CSR_train=0.000 done_count=125
[upd 220] u=0 upd_ctr=30 opt_step=480 E=0.772 g=0.150 VarTD=1.787898 ret_end=-25.517 dbar_end=0.604 occ_end=0.184 CSR_train=0.000 done_count=125
[upd 230] u=0 upd_ctr=32 opt_step=512 E=0.389 g=0.171 VarTD=2.113843 ret_end=-24.158 dbar_end=0.563 occ_end=0.272 CSR_train=0.000 done_count=125
[upd 240] u=0 upd_ctr=33 opt_step=528 E=0.979 g=0.175 VarTD=2.274098 ret_end=-22.889 dbar_end=0.555 occ_end=0.304 CSR_train=0.000 done_count=125
[upd 250] u=0 upd_ctr=35 opt_step=560 E=0.700 g=0.155 VarTD=2.568428 ret_end=-24.132 dbar_end=0.594 occ_end=0.240 CSR_train=0.000 done_count=125
[upd 260] u=0 upd_ctr=37 opt_step=592 E=0.382 g=0.158 VarTD=2.391727 ret_end=-23.509 dbar_end=0.588 occ_end=0.280 CSR_train=0.000 done_count=100
[upd 270] u=0 upd_ctr=38 opt_step=608 E=1.000 g=0.170 VarTD=3.163119 ret_end=-24.431 dbar_end=0.564 occ_end=0.312 CSR_train=0.000 done_count=125
[upd 280] u=0 upd_ctr=40 opt_step=640 E=0.716 g=0.178 VarTD=3.524288 ret_end=-23.220 dbar_end=0.550 occ_end=0.288 CSR_train=0.000 done_count=125
[upd 290] u=0 upd_ctr=42 opt_step=672 E=0.414 g=0.184 VarTD=3.861863 ret_end=-22.365 dbar_end=0.538 occ_end=0.264 CSR_train=0.000 done_count=125
[upd 300] u=0 upd_ctr=43 opt_step=688 E=1.000 g=0.175 VarTD=4.055345 ret_end=-24.056 dbar_end=0.554 occ_end=0.256 CSR_train=0.000 done_count=125
[upd 310] u=0 upd_ctr=45 opt_step=720 E=0.719 g=0.171 VarTD=4.384059 ret_end=-23.554 dbar_end=0.563 occ_end=0.240 CSR_train=0.000 done_count=125
[Gate5 check] update_counter violations: t0=0 diffs=0
[Gate5 check] opt_step violations: t0=0 diffs=0 (expected_inc=16)
[Gate5 check] NaN masking: nan_on_skip=True finite_on_update=True
[Gate5 summary] mean_update_fraction=0.1442 final_executed_updates_mean=45.00
[Gate5 eval] done_count mean=100.0 CSR mean=0.0000 len_end_mean=26.00
[Gate5 eval] episodes_per_env=4 T_eval=104
[Gate5 eval-debug] locked_eps_occ=0.20 pre(step25): dbar_end=0.500297 occupied_end_mean=0.450000 max_tilde_end_mean=0.734509 CSR@locked=0.000000
[Gate5 eval-debug] locked_eps_occ=0.20 post(step26): dbar_end=0.497694 occupied_end_mean=0.400000 max_tilde_end_mean=0.732445 CSR@locked=0.000000
[Gate5 eval-debug] CSR_pre@0.10=0.0000 CSR_pre@0.15=0.0000 CSR_pre@0.20=0.0000 CSR_pre@0.25=0.0100 CSR_pre@0.30=0.0400
[Gate5 eval-debug] CSR_post@0.10=0.0000 CSR_post@0.15=0.0000 CSR_post@0.20=0.0000 CSR_post@0.25=0.0100 CSR_post@0.30=0.0400
