Importing submoduled environments...
Submoduled environments not found. Skipping import.
[upd 0] u=1 upd_ctr=1 opt_step=16 E=0.422 g=0.073 VarTD=0.176583 ret_end=-28.932 dbar_end=0.832 occ_end=0.120 CSR_train=0.000 done_count=100
[upd 10] u=0 upd_ctr=2 opt_step=32 E=0.095 g=0.086 VarTD=0.142141 ret_end=-27.673 dbar_end=0.780 occ_end=0.072 CSR_train=0.000 done_count=125
[upd 20] u=0 upd_ctr=2 opt_step=32 E=0.390 g=0.100 VarTD=0.143013 ret_end=-26.900 dbar_end=0.732 occ_end=0.192 CSR_train=0.000 done_count=125
[upd 30] u=0 upd_ctr=3 opt_step=48 E=0.073 g=0.106 VarTD=0.133806 ret_end=-25.780 dbar_end=0.716 occ_end=0.200 CSR_train=0.008 done_count=125
[upd 40] u=0 upd_ctr=3 opt_step=48 E=0.366 g=0.102 VarTD=0.165293 ret_end=-26.819 dbar_end=0.727 occ_end=0.152 CSR_train=0.000 done_count=125
[upd 50] u=0 upd_ctr=4 opt_step=64 E=0.070 g=0.098 VarTD=0.167528 ret_end=-27.486 dbar_end=0.741 occ_end=0.184 CSR_train=0.000 done_count=125
[upd 60] u=0 upd_ctr=4 opt_step=64 E=0.382 g=0.109 VarTD=0.126572 ret_end=-25.609 dbar_end=0.707 occ_end=0.128 CSR_train=0.000 done_count=125
[upd 70] u=0 upd_ctr=5 opt_step=80 E=0.098 g=0.110 VarTD=0.130453 ret_end=-25.602 dbar_end=0.704 occ_end=0.152 CSR_train=0.000 done_count=125
[upd 80] u=0 upd_ctr=5 opt_step=80 E=0.416 g=0.100 VarTD=0.151658 ret_end=-27.598 dbar_end=0.734 occ_end=0.184 CSR_train=0.000 done_count=125
[upd 90] u=0 upd_ctr=6 opt_step=96 E=0.144 g=0.104 VarTD=0.143501 ret_end=-27.272 dbar_end=0.720 occ_end=0.168 CSR_train=0.000 done_count=125
[upd 100] u=0 upd_ctr=6 opt_step=96 E=0.474 g=0.114 VarTD=0.139346 ret_end=-26.755 dbar_end=0.693 occ_end=0.176 CSR_train=0.000 done_count=125
[upd 110] u=0 upd_ctr=7 opt_step=112 E=0.202 g=0.121 VarTD=0.151452 ret_end=-25.470 dbar_end=0.673 occ_end=0.208 CSR_train=0.000 done_count=125
[upd 120] u=0 upd_ctr=7 opt_step=112 E=0.546 g=0.122 VarTD=0.118332 ret_end=-25.663 dbar_end=0.671 occ_end=0.208 CSR_train=0.000 done_count=125
[Gate5 check] update_counter violations: t0=0 diffs=0
[Gate5 check] opt_step violations: t0=0 diffs=0 (expected_inc=16)
[Gate5 check] NaN masking: nan_on_skip=True finite_on_update=True
[Gate5 summary] mean_update_fraction=0.0640 final_executed_updates_mean=8.00
[Gate5 eval] done_count mean=100.0 CSR mean=0.0100 len_end_mean=26.00
[Gate5 eval] episodes_per_env=4 T_eval=104
[Gate5 eval-debug] locked_eps_occ=0.20 pre(step25): dbar_end=0.511287 occupied_end_mean=0.420000 max_tilde_end_mean=0.764975 CSR@locked=0.010000
[Gate5 eval-debug] locked_eps_occ=0.20 post(step26): dbar_end=0.505615 occupied_end_mean=0.430000 max_tilde_end_mean=0.752127 CSR@locked=0.010000
[Gate5 eval-debug] CSR_pre@0.10=0.0000 CSR_pre@0.15=0.0000 CSR_pre@0.20=0.0100 CSR_pre@0.25=0.0200 CSR_pre@0.30=0.0300
[Gate5 eval-debug] CSR_post@0.10=0.0000 CSR_post@0.15=0.0100 CSR_post@0.20=0.0100 CSR_post@0.25=0.0100 CSR_post@0.30=0.0300
