Importing submoduled environments...
Submoduled environments not found. Skipping import.
[upd 0] u=1 upd_ctr=1 opt_step=16 E=0.136 g=0.089 VarTD=0.155748 ret_end=-26.495 dbar_end=0.769 occ_end=0.110 CSR_train=0.000 done_count=100
[upd 10] u=0 upd_ctr=1 opt_step=16 E=0.504 g=0.096 VarTD=0.160584 ret_end=-27.044 dbar_end=0.748 occ_end=0.128 CSR_train=0.000 done_count=125
[upd 20] u=0 upd_ctr=1 opt_step=16 E=0.865 g=0.078 VarTD=0.217249 ret_end=-28.983 dbar_end=0.814 occ_end=0.136 CSR_train=0.000 done_count=125
[upd 30] u=0 upd_ctr=2 opt_step=32 E=0.326 g=0.089 VarTD=0.172388 ret_end=-27.362 dbar_end=0.771 occ_end=0.160 CSR_train=0.000 done_count=125
[upd 40] u=0 upd_ctr=2 opt_step=32 E=0.694 g=0.092 VarTD=0.170971 ret_end=-27.073 dbar_end=0.760 occ_end=0.176 CSR_train=0.000 done_count=125
[upd 50] u=0 upd_ctr=3 opt_step=48 E=0.166 g=0.092 VarTD=0.146142 ret_end=-27.576 dbar_end=0.759 occ_end=0.152 CSR_train=0.000 done_count=125
[upd 60] u=0 upd_ctr=3 opt_step=48 E=0.541 g=0.091 VarTD=0.154076 ret_end=-27.317 dbar_end=0.765 occ_end=0.160 CSR_train=0.000 done_count=125
[upd 70] u=0 upd_ctr=3 opt_step=48 E=0.921 g=0.103 VarTD=0.149120 ret_end=-26.264 dbar_end=0.724 occ_end=0.152 CSR_train=0.000 done_count=125
[upd 80] u=0 upd_ctr=4 opt_step=64 E=0.407 g=0.093 VarTD=0.140006 ret_end=-27.306 dbar_end=0.756 occ_end=0.128 CSR_train=0.000 done_count=125
[upd 90] u=0 upd_ctr=4 opt_step=64 E=0.797 g=0.088 VarTD=0.143857 ret_end=-27.416 dbar_end=0.774 occ_end=0.160 CSR_train=0.000 done_count=125
[upd 100] u=0 upd_ctr=5 opt_step=80 E=0.302 g=0.099 VarTD=0.156366 ret_end=-27.257 dbar_end=0.738 occ_end=0.208 CSR_train=0.000 done_count=125
[upd 110] u=0 upd_ctr=5 opt_step=80 E=0.725 g=0.111 VarTD=0.138800 ret_end=-27.095 dbar_end=0.700 occ_end=0.224 CSR_train=0.000 done_count=125
[upd 120] u=0 upd_ctr=6 opt_step=96 E=0.246 g=0.127 VarTD=0.132283 ret_end=-25.566 dbar_end=0.658 occ_end=0.240 CSR_train=0.000 done_count=125
[Gate5 check] update_counter violations: t0=0 diffs=0
[Gate5 check] opt_step violations: t0=0 diffs=0 (expected_inc=16)
[Gate5 check] NaN masking: nan_on_skip=True finite_on_update=True
[Gate5 summary] mean_update_fraction=0.0480 final_executed_updates_mean=6.00
[Gate5 eval] done_count mean=100.0 CSR mean=0.0100 len_end_mean=26.00
[Gate5 eval] episodes_per_env=4 T_eval=104
[Gate5 eval-debug] locked_eps_occ=0.20 pre(step25): dbar_end=0.507209 occupied_end_mean=0.350000 max_tilde_end_mean=0.734509 CSR@locked=0.010000
[Gate5 eval-debug] locked_eps_occ=0.20 post(step26): dbar_end=0.502302 occupied_end_mean=0.390000 max_tilde_end_mean=0.728071 CSR@locked=0.010000
[Gate5 eval-debug] CSR_pre@0.10=0.0000 CSR_pre@0.15=0.0100 CSR_pre@0.20=0.0100 CSR_pre@0.25=0.0100 CSR_pre@0.30=0.0200
[Gate5 eval-debug] CSR_post@0.10=0.0100 CSR_post@0.15=0.0100 CSR_post@0.20=0.0100 CSR_post@0.25=0.0100 CSR_post@0.30=0.0100
