Importing submoduled environments...
Submoduled environments not found. Skipping import.
[upd 0] u=1 upd_ctr=1 opt_step=16 E=0.085 g=0.087 VarTD=0.169991 ret_end=-27.980 dbar_end=0.777 occ_end=0.130 CSR_train=0.000 done_count=100
[upd 10] u=0 upd_ctr=1 opt_step=16 E=0.460 g=0.097 VarTD=0.148660 ret_end=-28.362 dbar_end=0.744 occ_end=0.160 CSR_train=0.000 done_count=125
[upd 20] u=0 upd_ctr=1 opt_step=16 E=0.833 g=0.107 VarTD=0.133804 ret_end=-25.361 dbar_end=0.711 occ_end=0.200 CSR_train=0.000 done_count=125
[upd 30] u=0 upd_ctr=2 opt_step=32 E=0.282 g=0.107 VarTD=0.114453 ret_end=-26.198 dbar_end=0.711 occ_end=0.200 CSR_train=0.000 done_count=125
[upd 40] u=0 upd_ctr=2 opt_step=32 E=0.676 g=0.096 VarTD=0.145468 ret_end=-27.246 dbar_end=0.748 occ_end=0.128 CSR_train=0.000 done_count=125
[upd 50] u=0 upd_ctr=3 opt_step=48 E=0.102 g=0.092 VarTD=0.168839 ret_end=-28.041 dbar_end=0.761 occ_end=0.200 CSR_train=0.000 done_count=125
[upd 60] u=0 upd_ctr=3 opt_step=48 E=0.509 g=0.100 VarTD=0.149246 ret_end=-26.278 dbar_end=0.733 occ_end=0.248 CSR_train=0.000 done_count=125
[upd 70] u=0 upd_ctr=3 opt_step=48 E=0.915 g=0.105 VarTD=0.150282 ret_end=-26.992 dbar_end=0.718 occ_end=0.152 CSR_train=0.000 done_count=125
[upd 80] u=0 upd_ctr=4 opt_step=64 E=0.391 g=0.108 VarTD=0.137645 ret_end=-26.396 dbar_end=0.707 occ_end=0.272 CSR_train=0.000 done_count=125
[upd 90] u=0 upd_ctr=4 opt_step=64 E=0.794 g=0.100 VarTD=0.170834 ret_end=-27.226 dbar_end=0.733 occ_end=0.160 CSR_train=0.000 done_count=125
[upd 100] u=0 upd_ctr=5 opt_step=80 E=0.279 g=0.122 VarTD=0.130216 ret_end=-25.275 dbar_end=0.670 occ_end=0.176 CSR_train=0.000 done_count=125
[upd 110] u=0 upd_ctr=5 opt_step=80 E=0.729 g=0.117 VarTD=0.130054 ret_end=-25.779 dbar_end=0.684 occ_end=0.192 CSR_train=0.000 done_count=125
[upd 120] u=0 upd_ctr=6 opt_step=96 E=0.235 g=0.114 VarTD=0.120555 ret_end=-26.063 dbar_end=0.693 occ_end=0.200 CSR_train=0.000 done_count=125
[upd 130] u=0 upd_ctr=6 opt_step=96 E=0.688 g=0.111 VarTD=0.138064 ret_end=-26.587 dbar_end=0.701 occ_end=0.160 CSR_train=0.000 done_count=100
[upd 140] u=0 upd_ctr=7 opt_step=112 E=0.208 g=0.119 VarTD=0.158401 ret_end=-26.580 dbar_end=0.679 occ_end=0.256 CSR_train=0.008 done_count=125
[upd 150] u=0 upd_ctr=7 opt_step=112 E=0.691 g=0.127 VarTD=0.133928 ret_end=-25.586 dbar_end=0.656 occ_end=0.216 CSR_train=0.000 done_count=125
[upd 160] u=0 upd_ctr=8 opt_step=128 E=0.207 g=0.127 VarTD=0.138911 ret_end=-25.497 dbar_end=0.657 occ_end=0.248 CSR_train=0.000 done_count=125
[upd 170] u=0 upd_ctr=8 opt_step=128 E=0.684 g=0.114 VarTD=0.155974 ret_end=-26.400 dbar_end=0.692 occ_end=0.248 CSR_train=0.000 done_count=125
[upd 180] u=0 upd_ctr=9 opt_step=144 E=0.215 g=0.139 VarTD=0.147163 ret_end=-25.862 dbar_end=0.629 occ_end=0.232 CSR_train=0.008 done_count=125
[upd 190] u=0 upd_ctr=9 opt_step=144 E=0.704 g=0.109 VarTD=0.146878 ret_end=-26.631 dbar_end=0.706 occ_end=0.160 CSR_train=0.000 done_count=125
[upd 200] u=0 upd_ctr=10 opt_step=160 E=0.249 g=0.120 VarTD=0.143567 ret_end=-25.660 dbar_end=0.676 occ_end=0.128 CSR_train=0.000 done_count=125
[upd 210] u=0 upd_ctr=10 opt_step=160 E=0.743 g=0.118 VarTD=0.175499 ret_end=-26.292 dbar_end=0.680 occ_end=0.168 CSR_train=0.000 done_count=125
[upd 220] u=0 upd_ctr=11 opt_step=176 E=0.316 g=0.125 VarTD=0.160386 ret_end=-25.747 dbar_end=0.662 occ_end=0.216 CSR_train=0.000 done_count=125
[upd 230] u=0 upd_ctr=11 opt_step=176 E=0.835 g=0.128 VarTD=0.154959 ret_end=-25.247 dbar_end=0.654 occ_end=0.240 CSR_train=0.000 done_count=125
[upd 240] u=0 upd_ctr=12 opt_step=192 E=0.405 g=0.144 VarTD=0.176406 ret_end=-24.605 dbar_end=0.617 occ_end=0.248 CSR_train=0.000 done_count=125
[upd 250] u=0 upd_ctr=12 opt_step=192 E=0.928 g=0.125 VarTD=0.184729 ret_end=-26.162 dbar_end=0.662 occ_end=0.200 CSR_train=0.000 done_count=125
[upd 260] u=0 upd_ctr=13 opt_step=208 E=0.514 g=0.118 VarTD=0.171435 ret_end=-25.950 dbar_end=0.680 occ_end=0.150 CSR_train=0.000 done_count=100
[upd 270] u=0 upd_ctr=14 opt_step=224 E=0.117 g=0.142 VarTD=0.226928 ret_end=-25.092 dbar_end=0.621 occ_end=0.192 CSR_train=0.000 done_count=125
[upd 280] u=0 upd_ctr=14 opt_step=224 E=0.657 g=0.153 VarTD=0.248919 ret_end=-24.464 dbar_end=0.598 occ_end=0.280 CSR_train=0.000 done_count=125
[upd 290] u=0 upd_ctr=15 opt_step=240 E=0.284 g=0.149 VarTD=0.265808 ret_end=-24.431 dbar_end=0.607 occ_end=0.248 CSR_train=0.000 done_count=125
[upd 300] u=0 upd_ctr=15 opt_step=240 E=0.859 g=0.133 VarTD=0.234928 ret_end=-24.883 dbar_end=0.643 occ_end=0.256 CSR_train=0.000 done_count=125
[upd 310] u=0 upd_ctr=16 opt_step=256 E=0.502 g=0.158 VarTD=0.318365 ret_end=-24.807 dbar_end=0.588 occ_end=0.248 CSR_train=0.000 done_count=125
[Gate5 check] update_counter violations: t0=0 diffs=0
[Gate5 check] opt_step violations: t0=0 diffs=0 (expected_inc=16)
[Gate5 check] NaN masking: nan_on_skip=True finite_on_update=True
[Gate5 summary] mean_update_fraction=0.0513 final_executed_updates_mean=16.00
[Gate5 eval] done_count mean=100.0 CSR mean=0.0100 len_end_mean=26.00
[Gate5 eval] episodes_per_env=4 T_eval=104
[Gate5 eval-debug] locked_eps_occ=0.20 pre(step25): dbar_end=0.498754 occupied_end_mean=0.440000 max_tilde_end_mean=0.734546 CSR@locked=0.010000
[Gate5 eval-debug] locked_eps_occ=0.20 post(step26): dbar_end=0.509038 occupied_end_mean=0.360000 max_tilde_end_mean=0.750668 CSR@locked=0.010000
[Gate5 eval-debug] CSR_pre@0.10=0.0000 CSR_pre@0.15=0.0000 CSR_pre@0.20=0.0100 CSR_pre@0.25=0.0200 CSR_pre@0.30=0.0200
[Gate5 eval-debug] CSR_post@0.10=0.0000 CSR_post@0.15=0.0100 CSR_post@0.20=0.0100 CSR_post@0.25=0.0100 CSR_post@0.30=0.0100
