Importing submoduled environments...
Submoduled environments not found. Skipping import.
[upd 0] u=1 upd_ctr=1 opt_step=16 E=0.178 g=0.097 VarTD=0.135831 ret_end=-26.760 dbar_end=0.743 occ_end=0.210 CSR_train=0.000 done_count=100
[upd 10] u=0 upd_ctr=1 opt_step=16 E=0.936 g=0.103 VarTD=0.167736 ret_end=-26.060 dbar_end=0.724 occ_end=0.152 CSR_train=0.000 done_count=125
[upd 20] u=0 upd_ctr=2 opt_step=32 E=0.786 g=0.084 VarTD=0.168577 ret_end=-27.568 dbar_end=0.790 occ_end=0.144 CSR_train=0.000 done_count=125
[upd 30] u=0 upd_ctr=3 opt_step=48 E=0.652 g=0.099 VarTD=0.196754 ret_end=-26.697 dbar_end=0.737 occ_end=0.136 CSR_train=0.000 done_count=125
[upd 40] u=0 upd_ctr=4 opt_step=64 E=0.570 g=0.111 VarTD=0.133912 ret_end=-26.036 dbar_end=0.699 occ_end=0.192 CSR_train=0.000 done_count=125
[upd 50] u=0 upd_ctr=5 opt_step=80 E=0.546 g=0.108 VarTD=0.141738 ret_end=-26.300 dbar_end=0.708 occ_end=0.176 CSR_train=0.000 done_count=125
[upd 60] u=0 upd_ctr=6 opt_step=96 E=0.538 g=0.110 VarTD=0.129595 ret_end=-26.873 dbar_end=0.702 occ_end=0.200 CSR_train=0.000 done_count=125
[upd 70] u=0 upd_ctr=7 opt_step=112 E=0.600 g=0.118 VarTD=0.129694 ret_end=-26.320 dbar_end=0.679 occ_end=0.192 CSR_train=0.000 done_count=125
[upd 80] u=0 upd_ctr=8 opt_step=128 E=0.671 g=0.131 VarTD=0.130726 ret_end=-25.314 dbar_end=0.647 occ_end=0.288 CSR_train=0.000 done_count=125
[upd 90] u=0 upd_ctr=9 opt_step=144 E=0.744 g=0.118 VarTD=0.122719 ret_end=-26.538 dbar_end=0.680 occ_end=0.192 CSR_train=0.000 done_count=125
[upd 100] u=0 upd_ctr=10 opt_step=160 E=0.855 g=0.128 VarTD=0.166382 ret_end=-25.912 dbar_end=0.655 occ_end=0.272 CSR_train=0.000 done_count=125
[upd 110] u=0 upd_ctr=11 opt_step=176 E=1.000 g=0.144 VarTD=0.161208 ret_end=-24.084 dbar_end=0.617 occ_end=0.296 CSR_train=0.000 done_count=125
[upd 120] u=0 upd_ctr=13 opt_step=208 E=0.313 g=0.155 VarTD=0.201803 ret_end=-24.198 dbar_end=0.593 occ_end=0.232 CSR_train=0.000 done_count=125
[upd 130] u=0 upd_ctr=14 opt_step=224 E=0.543 g=0.135 VarTD=0.219349 ret_end=-25.073 dbar_end=0.638 occ_end=0.150 CSR_train=0.000 done_count=100
[upd 140] u=0 upd_ctr=15 opt_step=240 E=0.796 g=0.138 VarTD=0.316265 ret_end=-25.774 dbar_end=0.630 occ_end=0.240 CSR_train=0.000 done_count=125
[upd 150] u=1 upd_ctr=17 opt_step=272 E=0.212 g=0.162 VarTD=0.334111 ret_end=-24.315 dbar_end=0.580 occ_end=0.224 CSR_train=0.000 done_count=125
[upd 160] u=0 upd_ctr=18 opt_step=288 E=0.577 g=0.151 VarTD=0.441986 ret_end=-24.673 dbar_end=0.602 occ_end=0.264 CSR_train=0.000 done_count=125
[upd 170] u=0 upd_ctr=19 opt_step=304 E=0.946 g=0.167 VarTD=0.514002 ret_end=-23.941 dbar_end=0.570 occ_end=0.280 CSR_train=0.008 done_count=125
[upd 180] u=0 upd_ctr=21 opt_step=336 E=0.457 g=0.166 VarTD=0.671255 ret_end=-24.212 dbar_end=0.572 occ_end=0.208 CSR_train=0.000 done_count=125
[upd 190] u=0 upd_ctr=22 opt_step=352 E=0.864 g=0.177 VarTD=0.771661 ret_end=-23.333 dbar_end=0.551 occ_end=0.344 CSR_train=0.000 done_count=125
[upd 200] u=0 upd_ctr=24 opt_step=384 E=0.438 g=0.163 VarTD=1.011838 ret_end=-24.851 dbar_end=0.577 occ_end=0.312 CSR_train=0.000 done_count=125
[upd 210] u=0 upd_ctr=25 opt_step=400 E=0.915 g=0.165 VarTD=1.090631 ret_end=-24.392 dbar_end=0.574 occ_end=0.256 CSR_train=0.000 done_count=125
[upd 220] u=0 upd_ctr=27 opt_step=432 E=0.534 g=0.182 VarTD=1.431263 ret_end=-23.697 dbar_end=0.543 occ_end=0.304 CSR_train=0.008 done_count=125
[upd 230] u=0 upd_ctr=28 opt_step=448 E=1.000 g=0.164 VarTD=1.428498 ret_end=-23.179 dbar_end=0.576 occ_end=0.272 CSR_train=0.000 done_count=125
[upd 240] u=0 upd_ctr=30 opt_step=480 E=0.616 g=0.175 VarTD=1.744577 ret_end=-23.098 dbar_end=0.555 occ_end=0.296 CSR_train=0.000 done_count=125
[upd 250] u=1 upd_ctr=32 opt_step=512 E=0.152 g=0.161 VarTD=1.889338 ret_end=-23.969 dbar_end=0.581 occ_end=0.296 CSR_train=0.000 done_count=125
[upd 260] u=0 upd_ctr=33 opt_step=528 E=0.664 g=0.194 VarTD=1.867033 ret_end=-22.705 dbar_end=0.523 occ_end=0.330 CSR_train=0.000 done_count=100
[upd 270] u=1 upd_ctr=35 opt_step=560 E=0.251 g=0.189 VarTD=2.424236 ret_end=-22.256 dbar_end=0.531 occ_end=0.344 CSR_train=0.008 done_count=125
[upd 280] u=0 upd_ctr=36 opt_step=576 E=0.768 g=0.170 VarTD=2.801913 ret_end=-23.713 dbar_end=0.565 occ_end=0.256 CSR_train=0.000 done_count=125
[upd 290] u=0 upd_ctr=38 opt_step=608 E=0.388 g=0.181 VarTD=3.118100 ret_end=-23.112 dbar_end=0.545 occ_end=0.312 CSR_train=0.000 done_count=125
[upd 300] u=0 upd_ctr=39 opt_step=624 E=0.895 g=0.164 VarTD=3.179921 ret_end=-23.781 dbar_end=0.575 occ_end=0.192 CSR_train=0.000 done_count=125
[upd 310] u=0 upd_ctr=41 opt_step=656 E=0.516 g=0.190 VarTD=3.617098 ret_end=-23.088 dbar_end=0.529 occ_end=0.376 CSR_train=0.000 done_count=125
[Gate5 check] update_counter violations: t0=0 diffs=0
[Gate5 check] opt_step violations: t0=0 diffs=0 (expected_inc=16)
[Gate5 check] NaN masking: nan_on_skip=True finite_on_update=True
[Gate5 summary] mean_update_fraction=0.1314 final_executed_updates_mean=41.00
[Gate5 eval] done_count mean=100.0 CSR mean=0.0000 len_end_mean=26.00
[Gate5 eval] episodes_per_env=4 T_eval=104
[Gate5 eval-debug] locked_eps_occ=0.20 pre(step25): dbar_end=0.483783 occupied_end_mean=0.340000 max_tilde_end_mean=0.687110 CSR@locked=0.000000
[Gate5 eval-debug] locked_eps_occ=0.20 post(step26): dbar_end=0.475327 occupied_end_mean=0.390000 max_tilde_end_mean=0.676124 CSR@locked=0.000000
[Gate5 eval-debug] CSR_pre@0.10=0.0000 CSR_pre@0.15=0.0000 CSR_pre@0.20=0.0000 CSR_pre@0.25=0.0000 CSR_pre@0.30=0.0100
[Gate5 eval-debug] CSR_post@0.10=0.0000 CSR_post@0.15=0.0000 CSR_post@0.20=0.0000 CSR_post@0.25=0.0000 CSR_post@0.30=0.0200
