Importing submoduled environments...
Submoduled environments not found. Skipping import.
[upd 0] u=1 upd_ctr=1 opt_step=16 E=0.266 g=0.073 VarTD=0.176583 ret_end=-28.932 dbar_end=0.832 occ_end=0.120 CSR_train=0.000 done_count=100
[upd 10] u=0 upd_ctr=2 opt_step=32 E=0.285 g=0.086 VarTD=0.142141 ret_end=-27.673 dbar_end=0.780 occ_end=0.072 CSR_train=0.000 done_count=125
[upd 20] u=0 upd_ctr=3 opt_step=48 E=0.383 g=0.104 VarTD=0.145768 ret_end=-26.712 dbar_end=0.722 occ_end=0.232 CSR_train=0.000 done_count=125
[upd 30] u=0 upd_ctr=4 opt_step=64 E=0.480 g=0.111 VarTD=0.131175 ret_end=-25.545 dbar_end=0.700 occ_end=0.272 CSR_train=0.008 done_count=125
[upd 40] u=0 upd_ctr=5 opt_step=80 E=0.612 g=0.107 VarTD=0.161917 ret_end=-26.466 dbar_end=0.712 occ_end=0.168 CSR_train=0.000 done_count=125
[upd 50] u=0 upd_ctr=6 opt_step=96 E=0.838 g=0.110 VarTD=0.172677 ret_end=-26.945 dbar_end=0.702 occ_end=0.192 CSR_train=0.000 done_count=125
[upd 60] u=0 upd_ctr=8 opt_step=128 E=0.274 g=0.121 VarTD=0.136929 ret_end=-25.035 dbar_end=0.674 occ_end=0.160 CSR_train=0.000 done_count=125
[upd 70] u=0 upd_ctr=9 opt_step=144 E=0.544 g=0.127 VarTD=0.150996 ret_end=-25.111 dbar_end=0.657 occ_end=0.232 CSR_train=0.000 done_count=125
[upd 80] u=0 upd_ctr=10 opt_step=160 E=0.822 g=0.113 VarTD=0.164165 ret_end=-26.866 dbar_end=0.694 occ_end=0.224 CSR_train=0.000 done_count=125
[upd 90] u=0 upd_ctr=12 opt_step=192 E=0.377 g=0.126 VarTD=0.183953 ret_end=-26.101 dbar_end=0.660 occ_end=0.208 CSR_train=0.000 done_count=125
[upd 100] u=0 upd_ctr=13 opt_step=208 E=0.747 g=0.134 VarTD=0.194165 ret_end=-25.815 dbar_end=0.641 occ_end=0.248 CSR_train=0.000 done_count=125
[upd 110] u=0 upd_ctr=15 opt_step=240 E=0.349 g=0.159 VarTD=0.251602 ret_end=-23.892 dbar_end=0.585 occ_end=0.240 CSR_train=0.000 done_count=125
[upd 120] u=0 upd_ctr=16 opt_step=256 E=0.801 g=0.142 VarTD=0.276143 ret_end=-24.735 dbar_end=0.622 occ_end=0.208 CSR_train=0.000 done_count=125
[Gate5 check] update_counter violations: t0=0 diffs=0
[Gate5 check] opt_step violations: t0=0 diffs=0 (expected_inc=16)
[Gate5 check] NaN masking: nan_on_skip=True finite_on_update=True
[Gate5 summary] mean_update_fraction=0.1360 final_executed_updates_mean=17.00
[Gate5 eval] done_count mean=100.0 CSR mean=0.0000 len_end_mean=26.00
[Gate5 eval] episodes_per_env=4 T_eval=104
[Gate5 eval-debug] locked_eps_occ=0.20 pre(step25): dbar_end=0.518489 occupied_end_mean=0.350000 max_tilde_end_mean=0.769637 CSR@locked=0.000000
[Gate5 eval-debug] locked_eps_occ=0.20 post(step26): dbar_end=0.522476 occupied_end_mean=0.340000 max_tilde_end_mean=0.774460 CSR@locked=0.000000
[Gate5 eval-debug] CSR_pre@0.10=0.0000 CSR_pre@0.15=0.0000 CSR_pre@0.20=0.0000 CSR_pre@0.25=0.0100 CSR_pre@0.30=0.0400
[Gate5 eval-debug] CSR_post@0.10=0.0000 CSR_post@0.15=0.0000 CSR_post@0.20=0.0000 CSR_post@0.25=0.0200 CSR_post@0.30=0.0400
