Importing submoduled environments...
Submoduled environments not found. Skipping import.
[upd 0] u=1 upd_ctr=1 opt_step=16 E=0.009 g=0.092 VarTD=0.142843 ret_end=-27.084 dbar_end=0.760 occ_end=0.110 CSR_train=0.000 done_count=100
[upd 10] u=0 upd_ctr=1 opt_step=16 E=0.100 g=0.091 VarTD=0.164683 ret_end=-27.227 dbar_end=0.764 occ_end=0.176 CSR_train=0.000 done_count=125
[upd 20] u=0 upd_ctr=1 opt_step=16 E=0.194 g=0.080 VarTD=0.174803 ret_end=-28.589 dbar_end=0.804 occ_end=0.112 CSR_train=0.000 done_count=125
[upd 30] u=0 upd_ctr=1 opt_step=16 E=0.289 g=0.092 VarTD=0.132511 ret_end=-27.386 dbar_end=0.758 occ_end=0.160 CSR_train=0.000 done_count=125
[upd 40] u=0 upd_ctr=1 opt_step=16 E=0.382 g=0.095 VarTD=0.150439 ret_end=-26.897 dbar_end=0.751 occ_end=0.136 CSR_train=0.000 done_count=125
[upd 50] u=0 upd_ctr=1 opt_step=16 E=0.475 g=0.091 VarTD=0.138841 ret_end=-27.563 dbar_end=0.764 occ_end=0.176 CSR_train=0.000 done_count=125
[upd 60] u=0 upd_ctr=1 opt_step=16 E=0.571 g=0.111 VarTD=0.153727 ret_end=-26.001 dbar_end=0.701 occ_end=0.152 CSR_train=0.000 done_count=125
[upd 70] u=0 upd_ctr=1 opt_step=16 E=0.665 g=0.087 VarTD=0.170599 ret_end=-27.645 dbar_end=0.779 occ_end=0.104 CSR_train=0.000 done_count=125
[upd 80] u=0 upd_ctr=1 opt_step=16 E=0.759 g=0.086 VarTD=0.174679 ret_end=-27.746 dbar_end=0.780 occ_end=0.152 CSR_train=0.000 done_count=125
[upd 90] u=0 upd_ctr=1 opt_step=16 E=0.856 g=0.092 VarTD=0.135382 ret_end=-26.988 dbar_end=0.759 occ_end=0.088 CSR_train=0.000 done_count=125
[upd 100] u=0 upd_ctr=1 opt_step=16 E=0.951 g=0.094 VarTD=0.157790 ret_end=-28.569 dbar_end=0.754 occ_end=0.136 CSR_train=0.000 done_count=125
[upd 110] u=0 upd_ctr=2 opt_step=32 E=0.040 g=0.106 VarTD=0.150036 ret_end=-27.164 dbar_end=0.714 occ_end=0.176 CSR_train=0.000 done_count=125
[upd 120] u=0 upd_ctr=2 opt_step=32 E=0.139 g=0.096 VarTD=0.129835 ret_end=-26.865 dbar_end=0.746 occ_end=0.144 CSR_train=0.000 done_count=125
[upd 130] u=0 upd_ctr=2 opt_step=32 E=0.236 g=0.088 VarTD=0.162455 ret_end=-27.707 dbar_end=0.776 occ_end=0.140 CSR_train=0.000 done_count=100
[upd 140] u=0 upd_ctr=2 opt_step=32 E=0.334 g=0.105 VarTD=0.167810 ret_end=-26.573 dbar_end=0.718 occ_end=0.208 CSR_train=0.000 done_count=125
[upd 150] u=0 upd_ctr=2 opt_step=32 E=0.427 g=0.092 VarTD=0.134105 ret_end=-25.724 dbar_end=0.760 occ_end=0.080 CSR_train=0.000 done_count=125
[upd 160] u=0 upd_ctr=2 opt_step=32 E=0.527 g=0.103 VarTD=0.152147 ret_end=-26.999 dbar_end=0.725 occ_end=0.176 CSR_train=0.000 done_count=125
[upd 170] u=0 upd_ctr=2 opt_step=32 E=0.627 g=0.094 VarTD=0.139160 ret_end=-26.522 dbar_end=0.753 occ_end=0.160 CSR_train=0.000 done_count=125
[upd 180] u=0 upd_ctr=2 opt_step=32 E=0.722 g=0.088 VarTD=0.144675 ret_end=-27.194 dbar_end=0.772 occ_end=0.120 CSR_train=0.000 done_count=125
[upd 190] u=0 upd_ctr=2 opt_step=32 E=0.819 g=0.097 VarTD=0.160866 ret_end=-27.392 dbar_end=0.742 occ_end=0.160 CSR_train=0.000 done_count=125
[upd 200] u=0 upd_ctr=2 opt_step=32 E=0.918 g=0.089 VarTD=0.180446 ret_end=-27.871 dbar_end=0.769 occ_end=0.192 CSR_train=0.000 done_count=125
[upd 210] u=1 upd_ctr=3 opt_step=48 E=0.011 g=0.105 VarTD=0.156751 ret_end=-26.536 dbar_end=0.717 occ_end=0.128 CSR_train=0.000 done_count=125
[upd 220] u=0 upd_ctr=3 opt_step=48 E=0.118 g=0.101 VarTD=0.131463 ret_end=-26.651 dbar_end=0.732 occ_end=0.192 CSR_train=0.000 done_count=125
[upd 230] u=0 upd_ctr=3 opt_step=48 E=0.221 g=0.102 VarTD=0.159664 ret_end=-26.805 dbar_end=0.727 occ_end=0.216 CSR_train=0.000 done_count=125
[upd 240] u=0 upd_ctr=3 opt_step=48 E=0.321 g=0.094 VarTD=0.208906 ret_end=-27.588 dbar_end=0.753 occ_end=0.144 CSR_train=0.000 done_count=125
[upd 250] u=0 upd_ctr=3 opt_step=48 E=0.425 g=0.099 VarTD=0.123457 ret_end=-27.554 dbar_end=0.736 occ_end=0.232 CSR_train=0.000 done_count=125
[upd 260] u=0 upd_ctr=3 opt_step=48 E=0.528 g=0.110 VarTD=0.143721 ret_end=-25.845 dbar_end=0.704 occ_end=0.210 CSR_train=0.000 done_count=100
[upd 270] u=0 upd_ctr=3 opt_step=48 E=0.628 g=0.095 VarTD=0.180861 ret_end=-27.014 dbar_end=0.751 occ_end=0.184 CSR_train=0.008 done_count=125
[upd 280] u=0 upd_ctr=3 opt_step=48 E=0.731 g=0.113 VarTD=0.131852 ret_end=-26.532 dbar_end=0.695 occ_end=0.264 CSR_train=0.008 done_count=125
[upd 290] u=0 upd_ctr=3 opt_step=48 E=0.832 g=0.111 VarTD=0.127545 ret_end=-26.436 dbar_end=0.700 occ_end=0.120 CSR_train=0.000 done_count=125
[upd 300] u=0 upd_ctr=3 opt_step=48 E=0.931 g=0.095 VarTD=0.147396 ret_end=-26.765 dbar_end=0.749 occ_end=0.168 CSR_train=0.000 done_count=125
[upd 310] u=0 upd_ctr=4 opt_step=64 E=0.029 g=0.093 VarTD=0.154827 ret_end=-27.241 dbar_end=0.755 occ_end=0.168 CSR_train=0.000 done_count=125
[Gate5 check] update_counter violations: t0=0 diffs=0
[Gate5 check] opt_step violations: t0=0 diffs=0 (expected_inc=16)
[Gate5 check] NaN masking: nan_on_skip=True finite_on_update=True
[Gate5 summary] mean_update_fraction=0.0128 final_executed_updates_mean=4.00
[Gate5 eval] done_count mean=100.0 CSR mean=0.0000 len_end_mean=26.00
[Gate5 eval] episodes_per_env=4 T_eval=104
[Gate5 eval-debug] locked_eps_occ=0.20 pre(step25): dbar_end=0.637522 occupied_end_mean=0.210000 max_tilde_end_mean=0.934328 CSR@locked=0.000000
[Gate5 eval-debug] locked_eps_occ=0.20 post(step26): dbar_end=0.640830 occupied_end_mean=0.220000 max_tilde_end_mean=0.931621 CSR@locked=0.000000
[Gate5 eval-debug] CSR_pre@0.10=0.0000 CSR_pre@0.15=0.0000 CSR_pre@0.20=0.0000 CSR_pre@0.25=0.0000 CSR_pre@0.30=0.0000
[Gate5 eval-debug] CSR_post@0.10=0.0000 CSR_post@0.15=0.0000 CSR_post@0.20=0.0000 CSR_post@0.25=0.0000 CSR_post@0.30=0.0000
