Importing submoduled environments...
Submoduled environments not found. Skipping import.
[upd 0] u=1 upd_ctr=1 opt_step=16 E=0.186 g=0.086 VarTD=0.176520 ret_end=-28.138 dbar_end=0.781 occ_end=0.160 CSR_train=0.000 done_count=100
[upd 10] u=0 upd_ctr=2 opt_step=32 E=0.206 g=0.086 VarTD=0.142947 ret_end=-27.493 dbar_end=0.781 occ_end=0.152 CSR_train=0.000 done_count=125
[upd 20] u=0 upd_ctr=3 opt_step=48 E=0.314 g=0.120 VarTD=0.143802 ret_end=-26.706 dbar_end=0.676 occ_end=0.248 CSR_train=0.000 done_count=125
[upd 30] u=0 upd_ctr=4 opt_step=64 E=0.504 g=0.104 VarTD=0.136595 ret_end=-25.796 dbar_end=0.721 occ_end=0.152 CSR_train=0.000 done_count=125
[upd 40] u=0 upd_ctr=5 opt_step=80 E=0.699 g=0.108 VarTD=0.138503 ret_end=-26.166 dbar_end=0.709 occ_end=0.152 CSR_train=0.000 done_count=125
[upd 50] u=0 upd_ctr=6 opt_step=96 E=0.978 g=0.111 VarTD=0.145751 ret_end=-26.256 dbar_end=0.699 occ_end=0.192 CSR_train=0.000 done_count=125
[upd 60] u=0 upd_ctr=8 opt_step=128 E=0.303 g=0.110 VarTD=0.145814 ret_end=-26.209 dbar_end=0.703 occ_end=0.184 CSR_train=0.000 done_count=125
[upd 70] u=0 upd_ctr=9 opt_step=144 E=0.515 g=0.110 VarTD=0.149227 ret_end=-26.338 dbar_end=0.702 occ_end=0.152 CSR_train=0.000 done_count=125
[upd 80] u=0 upd_ctr=10 opt_step=160 E=0.788 g=0.128 VarTD=0.170104 ret_end=-25.141 dbar_end=0.654 occ_end=0.208 CSR_train=0.000 done_count=125
[upd 90] u=1 upd_ctr=12 opt_step=192 E=0.156 g=0.118 VarTD=0.187096 ret_end=-26.056 dbar_end=0.680 occ_end=0.200 CSR_train=0.000 done_count=125
[upd 100] u=0 upd_ctr=13 opt_step=208 E=0.529 g=0.108 VarTD=0.222378 ret_end=-26.162 dbar_end=0.709 occ_end=0.152 CSR_train=0.000 done_count=125
[upd 110] u=0 upd_ctr=14 opt_step=224 E=0.878 g=0.129 VarTD=0.258800 ret_end=-25.419 dbar_end=0.651 occ_end=0.184 CSR_train=0.000 done_count=125
[upd 120] u=0 upd_ctr=16 opt_step=256 E=0.383 g=0.144 VarTD=0.341153 ret_end=-25.406 dbar_end=0.618 occ_end=0.176 CSR_train=0.000 done_count=125
[upd 130] u=0 upd_ctr=17 opt_step=272 E=0.823 g=0.136 VarTD=0.333731 ret_end=-24.701 dbar_end=0.635 occ_end=0.210 CSR_train=0.000 done_count=100
[upd 140] u=0 upd_ctr=19 opt_step=304 E=0.368 g=0.130 VarTD=0.528851 ret_end=-26.287 dbar_end=0.650 occ_end=0.224 CSR_train=0.000 done_count=125
[upd 150] u=0 upd_ctr=20 opt_step=320 E=0.862 g=0.146 VarTD=0.621441 ret_end=-25.292 dbar_end=0.613 occ_end=0.232 CSR_train=0.000 done_count=125
[upd 160] u=0 upd_ctr=22 opt_step=352 E=0.532 g=0.143 VarTD=0.758613 ret_end=-24.805 dbar_end=0.620 occ_end=0.184 CSR_train=0.000 done_count=125
[upd 170] u=1 upd_ctr=24 opt_step=384 E=0.240 g=0.158 VarTD=0.880906 ret_end=-24.284 dbar_end=0.587 occ_end=0.296 CSR_train=0.000 done_count=125
[upd 180] u=0 upd_ctr=25 opt_step=400 E=0.839 g=0.160 VarTD=1.112776 ret_end=-24.100 dbar_end=0.584 occ_end=0.256 CSR_train=0.000 done_count=125
[upd 190] u=0 upd_ctr=27 opt_step=432 E=0.459 g=0.143 VarTD=1.391846 ret_end=-25.250 dbar_end=0.619 occ_end=0.200 CSR_train=0.000 done_count=125
[upd 200] u=0 upd_ctr=28 opt_step=448 E=1.000 g=0.151 VarTD=1.547396 ret_end=-24.888 dbar_end=0.602 occ_end=0.280 CSR_train=0.000 done_count=125
[upd 210] u=0 upd_ctr=30 opt_step=480 E=0.699 g=0.164 VarTD=1.809793 ret_end=-23.693 dbar_end=0.576 occ_end=0.304 CSR_train=0.000 done_count=125
[upd 220] u=0 upd_ctr=32 opt_step=512 E=0.354 g=0.146 VarTD=2.096342 ret_end=-24.608 dbar_end=0.613 occ_end=0.248 CSR_train=0.000 done_count=125
[upd 230] u=0 upd_ctr=33 opt_step=528 E=1.000 g=0.167 VarTD=2.345513 ret_end=-23.774 dbar_end=0.570 occ_end=0.248 CSR_train=0.000 done_count=125
[upd 240] u=0 upd_ctr=35 opt_step=560 E=0.757 g=0.162 VarTD=2.673752 ret_end=-24.360 dbar_end=0.579 occ_end=0.208 CSR_train=0.000 done_count=125
[upd 250] u=0 upd_ctr=37 opt_step=592 E=0.581 g=0.174 VarTD=3.030924 ret_end=-24.086 dbar_end=0.558 occ_end=0.288 CSR_train=0.000 done_count=125
[upd 260] u=0 upd_ctr=39 opt_step=624 E=0.409 g=0.158 VarTD=2.736441 ret_end=-24.434 dbar_end=0.589 occ_end=0.260 CSR_train=0.000 done_count=100
[upd 270] u=1 upd_ctr=41 opt_step=656 E=0.173 g=0.154 VarTD=3.519300 ret_end=-24.329 dbar_end=0.597 occ_end=0.176 CSR_train=0.000 done_count=125
[upd 280] u=0 upd_ctr=42 opt_step=672 E=0.886 g=0.158 VarTD=3.829596 ret_end=-23.517 dbar_end=0.587 occ_end=0.240 CSR_train=0.000 done_count=125
[upd 290] u=0 upd_ctr=44 opt_step=704 E=0.673 g=0.157 VarTD=4.184728 ret_end=-24.469 dbar_end=0.590 occ_end=0.256 CSR_train=0.008 done_count=125
[upd 300] u=0 upd_ctr=46 opt_step=736 E=0.506 g=0.162 VarTD=4.431030 ret_end=-24.782 dbar_end=0.580 occ_end=0.256 CSR_train=0.000 done_count=125
[upd 310] u=0 upd_ctr=48 opt_step=768 E=0.325 g=0.154 VarTD=4.857307 ret_end=-24.454 dbar_end=0.596 occ_end=0.224 CSR_train=0.000 done_count=125
[Gate5 check] update_counter violations: t0=0 diffs=0
[Gate5 check] opt_step violations: t0=0 diffs=0 (expected_inc=16)
[Gate5 check] NaN masking: nan_on_skip=True finite_on_update=True
[Gate5 summary] mean_update_fraction=0.1538 final_executed_updates_mean=48.00
[Gate5 eval] done_count mean=100.0 CSR mean=0.0000 len_end_mean=26.00
[Gate5 eval] episodes_per_env=4 T_eval=104
[Gate5 eval-debug] locked_eps_occ=0.20 pre(step25): dbar_end=0.516664 occupied_end_mean=0.300000 max_tilde_end_mean=0.720129 CSR@locked=0.000000
[Gate5 eval-debug] locked_eps_occ=0.20 post(step26): dbar_end=0.505877 occupied_end_mean=0.390000 max_tilde_end_mean=0.712874 CSR@locked=0.000000
[Gate5 eval-debug] CSR_pre@0.10=0.0000 CSR_pre@0.15=0.0000 CSR_pre@0.20=0.0000 CSR_pre@0.25=0.0000 CSR_pre@0.30=0.0100
[Gate5 eval-debug] CSR_post@0.10=0.0000 CSR_post@0.15=0.0000 CSR_post@0.20=0.0000 CSR_post@0.25=0.0000 CSR_post@0.30=0.0200
