Importing submoduled environments...
Submoduled environments not found. Skipping import.
[upd 0] u=1 upd_ctr=1 opt_step=16 E=0.202 g=0.102 VarTD=0.148347 ret_end=-26.397 dbar_end=0.726 occ_end=0.190 CSR_train=0.000 done_count=100
[upd 10] u=0 upd_ctr=2 opt_step=32 E=0.238 g=0.093 VarTD=0.158239 ret_end=-27.071 dbar_end=0.757 occ_end=0.176 CSR_train=0.000 done_count=125
[upd 20] u=0 upd_ctr=3 opt_step=48 E=0.318 g=0.089 VarTD=0.158905 ret_end=-27.664 dbar_end=0.771 occ_end=0.184 CSR_train=0.000 done_count=125
[upd 30] u=0 upd_ctr=4 opt_step=64 E=0.453 g=0.108 VarTD=0.149076 ret_end=-27.244 dbar_end=0.709 occ_end=0.256 CSR_train=0.000 done_count=125
[upd 40] u=0 upd_ctr=5 opt_step=80 E=0.633 g=0.113 VarTD=0.155324 ret_end=-26.326 dbar_end=0.693 occ_end=0.136 CSR_train=0.000 done_count=125
[upd 50] u=0 upd_ctr=6 opt_step=96 E=0.842 g=0.133 VarTD=0.145394 ret_end=-25.040 dbar_end=0.642 occ_end=0.224 CSR_train=0.000 done_count=125
[upd 60] u=1 upd_ctr=8 opt_step=128 E=0.208 g=0.108 VarTD=0.170639 ret_end=-27.225 dbar_end=0.709 occ_end=0.144 CSR_train=0.000 done_count=125
[upd 70] u=0 upd_ctr=9 opt_step=144 E=0.583 g=0.141 VarTD=0.159946 ret_end=-24.759 dbar_end=0.625 occ_end=0.272 CSR_train=0.000 done_count=125
[upd 80] u=0 upd_ctr=10 opt_step=160 E=0.992 g=0.131 VarTD=0.154353 ret_end=-26.019 dbar_end=0.647 occ_end=0.264 CSR_train=0.000 done_count=125
[upd 90] u=0 upd_ctr=12 opt_step=192 E=0.480 g=0.124 VarTD=0.179384 ret_end=-25.278 dbar_end=0.666 occ_end=0.168 CSR_train=0.000 done_count=125
[upd 100] u=0 upd_ctr=13 opt_step=208 E=0.918 g=0.129 VarTD=0.221695 ret_end=-25.502 dbar_end=0.652 occ_end=0.160 CSR_train=0.000 done_count=125
[upd 110] u=0 upd_ctr=15 opt_step=240 E=0.469 g=0.125 VarTD=0.276352 ret_end=-26.428 dbar_end=0.661 occ_end=0.240 CSR_train=0.000 done_count=125
[upd 120] u=0 upd_ctr=16 opt_step=256 E=0.945 g=0.144 VarTD=0.300250 ret_end=-25.017 dbar_end=0.617 occ_end=0.240 CSR_train=0.000 done_count=125
[upd 130] u=0 upd_ctr=18 opt_step=288 E=0.628 g=0.155 VarTD=0.370990 ret_end=-24.204 dbar_end=0.594 occ_end=0.320 CSR_train=0.000 done_count=100
[upd 140] u=0 upd_ctr=20 opt_step=320 E=0.341 g=0.158 VarTD=0.586190 ret_end=-25.091 dbar_end=0.588 occ_end=0.280 CSR_train=0.000 done_count=125
[upd 150] u=0 upd_ctr=21 opt_step=336 E=0.982 g=0.159 VarTD=0.683677 ret_end=-23.984 dbar_end=0.585 occ_end=0.192 CSR_train=0.008 done_count=125
[upd 160] u=0 upd_ctr=23 opt_step=368 E=0.764 g=0.171 VarTD=0.907852 ret_end=-23.838 dbar_end=0.563 occ_end=0.328 CSR_train=0.000 done_count=125
[upd 170] u=0 upd_ctr=25 opt_step=400 E=0.546 g=0.160 VarTD=1.089495 ret_end=-23.697 dbar_end=0.584 occ_end=0.296 CSR_train=0.000 done_count=125
[upd 180] u=0 upd_ctr=27 opt_step=432 E=0.360 g=0.159 VarTD=1.309923 ret_end=-23.592 dbar_end=0.586 occ_end=0.240 CSR_train=0.000 done_count=125
[upd 190] u=1 upd_ctr=29 opt_step=464 E=0.210 g=0.175 VarTD=1.501902 ret_end=-23.665 dbar_end=0.555 occ_end=0.312 CSR_train=0.000 done_count=125
[upd 200] u=0 upd_ctr=30 opt_step=480 E=0.947 g=0.159 VarTD=1.786962 ret_end=-24.510 dbar_end=0.586 occ_end=0.240 CSR_train=0.000 done_count=125
[upd 210] u=0 upd_ctr=32 opt_step=512 E=0.902 g=0.183 VarTD=2.176430 ret_end=-22.606 dbar_end=0.541 occ_end=0.288 CSR_train=0.000 done_count=125
[upd 220] u=0 upd_ctr=34 opt_step=544 E=0.818 g=0.190 VarTD=2.515056 ret_end=-22.960 dbar_end=0.530 occ_end=0.296 CSR_train=0.008 done_count=125
[upd 230] u=0 upd_ctr=36 opt_step=576 E=0.755 g=0.176 VarTD=2.800499 ret_end=-23.143 dbar_end=0.553 occ_end=0.336 CSR_train=0.000 done_count=125
[upd 240] u=0 upd_ctr=38 opt_step=608 E=0.690 g=0.174 VarTD=3.103135 ret_end=-23.735 dbar_end=0.557 occ_end=0.264 CSR_train=0.000 done_count=125
[upd 250] u=0 upd_ctr=40 opt_step=640 E=0.609 g=0.165 VarTD=3.449052 ret_end=-24.063 dbar_end=0.574 occ_end=0.296 CSR_train=0.000 done_count=125
[upd 260] u=0 upd_ctr=42 opt_step=672 E=0.576 g=0.173 VarTD=3.136565 ret_end=-22.990 dbar_end=0.559 occ_end=0.280 CSR_train=0.000 done_count=100
[upd 270] u=0 upd_ctr=44 opt_step=704 E=0.612 g=0.193 VarTD=4.143669 ret_end=-22.782 dbar_end=0.524 occ_end=0.368 CSR_train=0.000 done_count=125
[upd 280] u=0 upd_ctr=46 opt_step=736 E=0.544 g=0.181 VarTD=4.380152 ret_end=-23.556 dbar_end=0.545 occ_end=0.256 CSR_train=0.000 done_count=125
[upd 290] u=0 upd_ctr=48 opt_step=768 E=0.554 g=0.202 VarTD=4.901977 ret_end=-23.109 dbar_end=0.509 occ_end=0.336 CSR_train=0.000 done_count=125
[upd 300] u=0 upd_ctr=50 opt_step=800 E=0.443 g=0.181 VarTD=5.053104 ret_end=-23.426 dbar_end=0.545 occ_end=0.328 CSR_train=0.000 done_count=125
[upd 310] u=0 upd_ctr=52 opt_step=832 E=0.469 g=0.188 VarTD=5.093446 ret_end=-23.242 dbar_end=0.533 occ_end=0.384 CSR_train=0.008 done_count=125
[Gate5 check] update_counter violations: t0=0 diffs=0
[Gate5 check] opt_step violations: t0=0 diffs=0 (expected_inc=16)
[Gate5 check] NaN masking: nan_on_skip=True finite_on_update=True
[Gate5 summary] mean_update_fraction=0.1667 final_executed_updates_mean=52.00
[Gate5 eval] done_count mean=100.0 CSR mean=0.0000 len_end_mean=26.00
[Gate5 eval] episodes_per_env=4 T_eval=104
[Gate5 eval-debug] locked_eps_occ=0.20 pre(step25): dbar_end=0.569906 occupied_end_mean=0.310000 max_tilde_end_mean=0.838801 CSR@locked=0.000000
[Gate5 eval-debug] locked_eps_occ=0.20 post(step26): dbar_end=0.572444 occupied_end_mean=0.320000 max_tilde_end_mean=0.841394 CSR@locked=0.000000
[Gate5 eval-debug] CSR_pre@0.10=0.0000 CSR_pre@0.15=0.0000 CSR_pre@0.20=0.0000 CSR_pre@0.25=0.0000 CSR_pre@0.30=0.0100
[Gate5 eval-debug] CSR_post@0.10=0.0000 CSR_post@0.15=0.0000 CSR_post@0.20=0.0000 CSR_post@0.25=0.0000 CSR_post@0.30=0.0000
