Importing submoduled environments...
Submoduled environments not found. Skipping import.
[upd 0] u=1 upd_ctr=1 opt_step=16 E=0.138 g=0.094 VarTD=0.156314 ret_end=-27.700 dbar_end=0.751 occ_end=0.180 CSR_train=0.010 done_count=100
[upd 10] u=0 upd_ctr=1 opt_step=16 E=0.522 g=0.106 VarTD=0.133782 ret_end=-25.939 dbar_end=0.713 occ_end=0.168 CSR_train=0.000 done_count=125
[upd 20] u=0 upd_ctr=1 opt_step=16 E=0.902 g=0.101 VarTD=0.146338 ret_end=-26.754 dbar_end=0.732 occ_end=0.200 CSR_train=0.000 done_count=125
[upd 30] u=0 upd_ctr=2 opt_step=32 E=0.390 g=0.100 VarTD=0.153592 ret_end=-27.459 dbar_end=0.732 occ_end=0.136 CSR_train=0.000 done_count=125
[upd 40] u=0 upd_ctr=2 opt_step=32 E=0.790 g=0.092 VarTD=0.142418 ret_end=-27.485 dbar_end=0.761 occ_end=0.152 CSR_train=0.000 done_count=125
[upd 50] u=0 upd_ctr=3 opt_step=48 E=0.299 g=0.112 VarTD=0.143615 ret_end=-26.560 dbar_end=0.697 occ_end=0.200 CSR_train=0.000 done_count=125
[upd 60] u=0 upd_ctr=3 opt_step=48 E=0.722 g=0.109 VarTD=0.148163 ret_end=-25.599 dbar_end=0.706 occ_end=0.200 CSR_train=0.000 done_count=125
[upd 70] u=0 upd_ctr=4 opt_step=64 E=0.249 g=0.120 VarTD=0.132232 ret_end=-25.331 dbar_end=0.676 occ_end=0.176 CSR_train=0.000 done_count=125
[upd 80] u=0 upd_ctr=4 opt_step=64 E=0.684 g=0.110 VarTD=0.165950 ret_end=-27.028 dbar_end=0.703 occ_end=0.128 CSR_train=0.000 done_count=125
[upd 90] u=0 upd_ctr=5 opt_step=80 E=0.229 g=0.107 VarTD=0.133303 ret_end=-26.061 dbar_end=0.712 occ_end=0.176 CSR_train=0.000 done_count=125
[upd 100] u=0 upd_ctr=5 opt_step=80 E=0.681 g=0.116 VarTD=0.137246 ret_end=-26.272 dbar_end=0.686 occ_end=0.144 CSR_train=0.000 done_count=125
[upd 110] u=0 upd_ctr=6 opt_step=96 E=0.251 g=0.135 VarTD=0.109029 ret_end=-24.213 dbar_end=0.639 occ_end=0.176 CSR_train=0.000 done_count=125
[upd 120] u=0 upd_ctr=6 opt_step=96 E=0.738 g=0.128 VarTD=0.138498 ret_end=-25.429 dbar_end=0.654 occ_end=0.208 CSR_train=0.000 done_count=125
[Gate5 check] update_counter violations: t0=0 diffs=0
[Gate5 check] opt_step violations: t0=0 diffs=0 (expected_inc=16)
[Gate5 check] NaN masking: nan_on_skip=True finite_on_update=True
[Gate5 summary] mean_update_fraction=0.0480 final_executed_updates_mean=6.00
[Gate5 eval] done_count mean=100.0 CSR mean=0.0000 len_end_mean=26.00
[Gate5 eval] episodes_per_env=4 T_eval=104
[Gate5 eval-debug] locked_eps_occ=0.20 pre(step25): dbar_end=0.483560 occupied_end_mean=0.390000 max_tilde_end_mean=0.710968 CSR@locked=0.000000
[Gate5 eval-debug] locked_eps_occ=0.20 post(step26): dbar_end=0.476541 occupied_end_mean=0.430000 max_tilde_end_mean=0.706497 CSR@locked=0.000000
[Gate5 eval-debug] CSR_pre@0.10=0.0000 CSR_pre@0.15=0.0000 CSR_pre@0.20=0.0000 CSR_pre@0.25=0.0100 CSR_pre@0.30=0.0200
[Gate5 eval-debug] CSR_post@0.10=0.0000 CSR_post@0.15=0.0000 CSR_post@0.20=0.0000 CSR_post@0.25=0.0100 CSR_post@0.30=0.0200
