Importing submoduled environments...
Submoduled environments not found. Skipping import.
[upd 0] u=1 upd_ctr=1 opt_step=16 E=0.017 g=0.083 VarTD=0.159821 ret_end=-27.605 dbar_end=0.794 occ_end=0.110 CSR_train=0.000 done_count=100
[upd 10] u=0 upd_ctr=1 opt_step=16 E=0.196 g=0.089 VarTD=0.166459 ret_end=-27.505 dbar_end=0.772 occ_end=0.192 CSR_train=0.000 done_count=125
[upd 20] u=0 upd_ctr=1 opt_step=16 E=0.375 g=0.091 VarTD=0.173849 ret_end=-27.263 dbar_end=0.763 occ_end=0.144 CSR_train=0.000 done_count=125
[upd 30] u=0 upd_ctr=1 opt_step=16 E=0.552 g=0.097 VarTD=0.162997 ret_end=-26.951 dbar_end=0.742 occ_end=0.152 CSR_train=0.008 done_count=125
[upd 40] u=0 upd_ctr=1 opt_step=16 E=0.725 g=0.090 VarTD=0.155795 ret_end=-27.761 dbar_end=0.767 occ_end=0.168 CSR_train=0.000 done_count=125
[upd 50] u=0 upd_ctr=1 opt_step=16 E=0.908 g=0.079 VarTD=0.167100 ret_end=-28.643 dbar_end=0.810 occ_end=0.120 CSR_train=0.000 done_count=125
[upd 60] u=0 upd_ctr=2 opt_step=32 E=0.073 g=0.088 VarTD=0.155785 ret_end=-27.898 dbar_end=0.776 occ_end=0.128 CSR_train=0.000 done_count=125
[upd 70] u=0 upd_ctr=2 opt_step=32 E=0.262 g=0.099 VarTD=0.158516 ret_end=-26.805 dbar_end=0.737 occ_end=0.136 CSR_train=0.000 done_count=125
[upd 80] u=0 upd_ctr=2 opt_step=32 E=0.450 g=0.091 VarTD=0.156890 ret_end=-27.523 dbar_end=0.764 occ_end=0.168 CSR_train=0.000 done_count=125
[upd 90] u=0 upd_ctr=2 opt_step=32 E=0.641 g=0.108 VarTD=0.168170 ret_end=-26.843 dbar_end=0.709 occ_end=0.152 CSR_train=0.000 done_count=125
[upd 100] u=0 upd_ctr=2 opt_step=32 E=0.832 g=0.088 VarTD=0.171798 ret_end=-28.578 dbar_end=0.775 occ_end=0.136 CSR_train=0.000 done_count=125
[upd 110] u=1 upd_ctr=3 opt_step=48 E=0.020 g=0.100 VarTD=0.174946 ret_end=-26.557 dbar_end=0.734 occ_end=0.120 CSR_train=0.000 done_count=125
[upd 120] u=0 upd_ctr=3 opt_step=48 E=0.220 g=0.102 VarTD=0.126053 ret_end=-26.498 dbar_end=0.726 occ_end=0.144 CSR_train=0.000 done_count=125
[upd 130] u=0 upd_ctr=3 opt_step=48 E=0.422 g=0.099 VarTD=0.175190 ret_end=-27.082 dbar_end=0.735 occ_end=0.110 CSR_train=0.000 done_count=100
[upd 140] u=0 upd_ctr=3 opt_step=48 E=0.623 g=0.107 VarTD=0.157599 ret_end=-27.126 dbar_end=0.712 occ_end=0.184 CSR_train=0.000 done_count=125
[upd 150] u=0 upd_ctr=3 opt_step=48 E=0.820 g=0.104 VarTD=0.161066 ret_end=-27.187 dbar_end=0.720 occ_end=0.184 CSR_train=0.000 done_count=125
[upd 160] u=1 upd_ctr=4 opt_step=64 E=0.021 g=0.105 VarTD=0.169282 ret_end=-26.693 dbar_end=0.719 occ_end=0.144 CSR_train=0.000 done_count=125
[upd 170] u=0 upd_ctr=4 opt_step=64 E=0.229 g=0.102 VarTD=0.162739 ret_end=-26.768 dbar_end=0.727 occ_end=0.208 CSR_train=0.000 done_count=125
[upd 180] u=0 upd_ctr=4 opt_step=64 E=0.430 g=0.094 VarTD=0.166596 ret_end=-27.409 dbar_end=0.754 occ_end=0.160 CSR_train=0.000 done_count=125
[upd 190] u=0 upd_ctr=4 opt_step=64 E=0.640 g=0.102 VarTD=0.176093 ret_end=-27.586 dbar_end=0.727 occ_end=0.128 CSR_train=0.000 done_count=125
[upd 200] u=0 upd_ctr=4 opt_step=64 E=0.848 g=0.098 VarTD=0.175255 ret_end=-26.866 dbar_end=0.739 occ_end=0.120 CSR_train=0.000 done_count=125
[upd 210] u=0 upd_ctr=5 opt_step=80 E=0.041 g=0.105 VarTD=0.149334 ret_end=-27.634 dbar_end=0.719 occ_end=0.200 CSR_train=0.000 done_count=125
[upd 220] u=0 upd_ctr=5 opt_step=80 E=0.260 g=0.116 VarTD=0.153557 ret_end=-26.012 dbar_end=0.685 occ_end=0.176 CSR_train=0.000 done_count=125
[upd 230] u=0 upd_ctr=5 opt_step=80 E=0.475 g=0.103 VarTD=0.162651 ret_end=-28.201 dbar_end=0.723 occ_end=0.176 CSR_train=0.000 done_count=125
[upd 240] u=0 upd_ctr=5 opt_step=80 E=0.691 g=0.102 VarTD=0.154261 ret_end=-26.932 dbar_end=0.728 occ_end=0.160 CSR_train=0.000 done_count=125
[upd 250] u=0 upd_ctr=5 opt_step=80 E=0.901 g=0.098 VarTD=0.166627 ret_end=-27.910 dbar_end=0.740 occ_end=0.120 CSR_train=0.000 done_count=125
[upd 260] u=0 upd_ctr=6 opt_step=96 E=0.111 g=0.126 VarTD=0.137313 ret_end=-25.675 dbar_end=0.661 occ_end=0.220 CSR_train=0.000 done_count=100
[upd 270] u=0 upd_ctr=6 opt_step=96 E=0.337 g=0.106 VarTD=0.137109 ret_end=-25.868 dbar_end=0.715 occ_end=0.136 CSR_train=0.000 done_count=125
[upd 280] u=0 upd_ctr=6 opt_step=96 E=0.561 g=0.116 VarTD=0.147806 ret_end=-26.519 dbar_end=0.687 occ_end=0.160 CSR_train=0.000 done_count=125
[upd 290] u=0 upd_ctr=6 opt_step=96 E=0.783 g=0.107 VarTD=0.153890 ret_end=-27.189 dbar_end=0.711 occ_end=0.160 CSR_train=0.000 done_count=125
[upd 300] u=0 upd_ctr=6 opt_step=96 E=1.000 g=0.101 VarTD=0.155387 ret_end=-27.101 dbar_end=0.732 occ_end=0.184 CSR_train=0.000 done_count=125
[upd 310] u=0 upd_ctr=7 opt_step=112 E=0.238 g=0.112 VarTD=0.148812 ret_end=-25.666 dbar_end=0.696 occ_end=0.152 CSR_train=0.000 done_count=125
[Gate5 check] update_counter violations: t0=0 diffs=0
[Gate5 check] opt_step violations: t0=0 diffs=0 (expected_inc=16)
[Gate5 check] NaN masking: nan_on_skip=True finite_on_update=True
[Gate5 summary] mean_update_fraction=0.0224 final_executed_updates_mean=7.00
[Gate5 eval] done_count mean=100.0 CSR mean=0.0000 len_end_mean=26.00
[Gate5 eval] episodes_per_env=4 T_eval=104
[Gate5 eval-debug] locked_eps_occ=0.20 pre(step25): dbar_end=0.488136 occupied_end_mean=0.470000 max_tilde_end_mean=0.698527 CSR@locked=0.000000
[Gate5 eval-debug] locked_eps_occ=0.20 post(step26): dbar_end=0.485751 occupied_end_mean=0.420000 max_tilde_end_mean=0.683021 CSR@locked=0.000000
[Gate5 eval-debug] CSR_pre@0.10=0.0000 CSR_pre@0.15=0.0000 CSR_pre@0.20=0.0000 CSR_pre@0.25=0.0000 CSR_pre@0.30=0.0300
[Gate5 eval-debug] CSR_post@0.10=0.0000 CSR_post@0.15=0.0000 CSR_post@0.20=0.0000 CSR_post@0.25=0.0200 CSR_post@0.30=0.0400
