Importing submoduled environments...
Submoduled environments not found. Skipping import.
[upd 0] u=1 upd_ctr=1 opt_step=16 E=0.500 g=0.091 VarTD=0.177780 ret_end=-27.116 dbar_end=0.762 occ_end=0.220 CSR_train=0.000 done_count=100
[upd 10] u=0 upd_ctr=2 opt_step=32 E=0.000 g=0.086 VarTD=0.171987 ret_end=-27.588 dbar_end=0.781 occ_end=0.120 CSR_train=0.000 done_count=125
[upd 20] u=0 upd_ctr=2 opt_step=32 E=0.000 g=0.097 VarTD=0.149061 ret_end=-26.984 dbar_end=0.742 occ_end=0.168 CSR_train=0.000 done_count=125
[upd 30] u=0 upd_ctr=2 opt_step=32 E=0.000 g=0.092 VarTD=0.183266 ret_end=-27.748 dbar_end=0.761 occ_end=0.128 CSR_train=0.000 done_count=125
[upd 40] u=0 upd_ctr=2 opt_step=32 E=0.000 g=0.096 VarTD=0.161548 ret_end=-27.361 dbar_end=0.745 occ_end=0.160 CSR_train=0.000 done_count=125
[upd 50] u=0 upd_ctr=2 opt_step=32 E=0.000 g=0.108 VarTD=0.154533 ret_end=-25.930 dbar_end=0.710 occ_end=0.144 CSR_train=0.000 done_count=125
[upd 60] u=0 upd_ctr=2 opt_step=32 E=0.000 g=0.090 VarTD=0.184853 ret_end=-27.360 dbar_end=0.767 occ_end=0.104 CSR_train=0.000 done_count=125
[upd 70] u=0 upd_ctr=2 opt_step=32 E=0.000 g=0.094 VarTD=0.165184 ret_end=-27.341 dbar_end=0.754 occ_end=0.184 CSR_train=0.008 done_count=125
[upd 80] u=0 upd_ctr=2 opt_step=32 E=0.000 g=0.108 VarTD=0.148169 ret_end=-26.511 dbar_end=0.709 occ_end=0.120 CSR_train=0.000 done_count=125
[upd 90] u=0 upd_ctr=2 opt_step=32 E=0.000 g=0.105 VarTD=0.156379 ret_end=-26.942 dbar_end=0.719 occ_end=0.160 CSR_train=0.000 done_count=125
[upd 100] u=0 upd_ctr=2 opt_step=32 E=0.000 g=0.112 VarTD=0.147131 ret_end=-26.199 dbar_end=0.697 occ_end=0.184 CSR_train=0.000 done_count=125
[upd 110] u=0 upd_ctr=2 opt_step=32 E=0.000 g=0.098 VarTD=0.146653 ret_end=-26.440 dbar_end=0.739 occ_end=0.104 CSR_train=0.000 done_count=125
[upd 120] u=0 upd_ctr=2 opt_step=32 E=0.000 g=0.085 VarTD=0.173321 ret_end=-27.519 dbar_end=0.784 occ_end=0.144 CSR_train=0.000 done_count=125
[Gate5 check] update_counter violations: t0=0 diffs=0
[Gate5 check] opt_step violations: t0=0 diffs=0 (expected_inc=16)
[Gate5 check] NaN masking: nan_on_skip=True finite_on_update=True
[Gate5 summary] mean_update_fraction=0.0160 final_executed_updates_mean=2.00
[Gate5 eval] done_count mean=100.0 CSR mean=0.0000 len_end_mean=26.00
[Gate5 eval] episodes_per_env=4 T_eval=104
[Gate5 eval-debug] locked_eps_occ=0.20 pre(step25): dbar_end=0.750058 occupied_end_mean=0.110000 max_tilde_end_mean=1.054138 CSR@locked=0.000000
[Gate5 eval-debug] locked_eps_occ=0.20 post(step26): dbar_end=0.753622 occupied_end_mean=0.160000 max_tilde_end_mean=1.061082 CSR@locked=0.000000
[Gate5 eval-debug] CSR_pre@0.10=0.0000 CSR_pre@0.15=0.0000 CSR_pre@0.20=0.0000 CSR_pre@0.25=0.0000 CSR_pre@0.30=0.0200
[Gate5 eval-debug] CSR_post@0.10=0.0000 CSR_post@0.15=0.0000 CSR_post@0.20=0.0000 CSR_post@0.25=0.0100 CSR_post@0.30=0.0200
