Importing submoduled environments...
Submoduled environments not found. Skipping import.
[upd 0] u=1 upd_ctr=1 opt_step=16 E=0.054 g=0.090 VarTD=0.142063 ret_end=-26.625 dbar_end=0.768 occ_end=0.090 CSR_train=0.000 done_count=100
[upd 10] u=0 upd_ctr=1 opt_step=16 E=0.627 g=0.103 VarTD=0.114452 ret_end=-26.589 dbar_end=0.723 occ_end=0.104 CSR_train=0.000 done_count=125
[upd 20] u=0 upd_ctr=2 opt_step=32 E=0.170 g=0.097 VarTD=0.164413 ret_end=-26.954 dbar_end=0.742 occ_end=0.112 CSR_train=0.000 done_count=125
[upd 30] u=0 upd_ctr=2 opt_step=32 E=0.767 g=0.095 VarTD=0.162531 ret_end=-28.145 dbar_end=0.749 occ_end=0.200 CSR_train=0.000 done_count=125
[upd 40] u=0 upd_ctr=3 opt_step=48 E=0.302 g=0.097 VarTD=0.143479 ret_end=-26.858 dbar_end=0.744 occ_end=0.192 CSR_train=0.000 done_count=125
[upd 50] u=0 upd_ctr=3 opt_step=48 E=0.918 g=0.100 VarTD=0.143516 ret_end=-26.704 dbar_end=0.732 occ_end=0.168 CSR_train=0.000 done_count=125
[upd 60] u=0 upd_ctr=4 opt_step=64 E=0.487 g=0.097 VarTD=0.147155 ret_end=-26.574 dbar_end=0.744 occ_end=0.120 CSR_train=0.000 done_count=125
[upd 70] u=1 upd_ctr=5 opt_step=80 E=0.061 g=0.102 VarTD=0.124491 ret_end=-25.927 dbar_end=0.728 occ_end=0.184 CSR_train=0.000 done_count=125
[upd 80] u=0 upd_ctr=5 opt_step=80 E=0.703 g=0.106 VarTD=0.174464 ret_end=-26.893 dbar_end=0.715 occ_end=0.208 CSR_train=0.000 done_count=125
[upd 90] u=0 upd_ctr=6 opt_step=96 E=0.319 g=0.100 VarTD=0.143093 ret_end=-27.318 dbar_end=0.733 occ_end=0.152 CSR_train=0.000 done_count=125
[upd 100] u=0 upd_ctr=6 opt_step=96 E=0.951 g=0.097 VarTD=0.134557 ret_end=-27.339 dbar_end=0.744 occ_end=0.144 CSR_train=0.000 done_count=125
[upd 110] u=0 upd_ctr=7 opt_step=112 E=0.577 g=0.110 VarTD=0.179925 ret_end=-27.267 dbar_end=0.704 occ_end=0.208 CSR_train=0.000 done_count=125
[upd 120] u=0 upd_ctr=8 opt_step=128 E=0.199 g=0.109 VarTD=0.163357 ret_end=-26.262 dbar_end=0.704 occ_end=0.200 CSR_train=0.000 done_count=125
[upd 130] u=0 upd_ctr=8 opt_step=128 E=0.886 g=0.117 VarTD=0.152508 ret_end=-26.148 dbar_end=0.682 occ_end=0.170 CSR_train=0.000 done_count=100
[upd 140] u=0 upd_ctr=9 opt_step=144 E=0.532 g=0.110 VarTD=0.167852 ret_end=-25.686 dbar_end=0.702 occ_end=0.192 CSR_train=0.000 done_count=125
[upd 150] u=0 upd_ctr=10 opt_step=160 E=0.213 g=0.117 VarTD=0.174241 ret_end=-26.168 dbar_end=0.682 occ_end=0.184 CSR_train=0.000 done_count=125
[upd 160] u=0 upd_ctr=10 opt_step=160 E=0.922 g=0.117 VarTD=0.177458 ret_end=-26.410 dbar_end=0.684 occ_end=0.248 CSR_train=0.000 done_count=125
[upd 170] u=0 upd_ctr=11 opt_step=176 E=0.598 g=0.125 VarTD=0.195973 ret_end=-25.642 dbar_end=0.663 occ_end=0.216 CSR_train=0.000 done_count=125
[upd 180] u=0 upd_ctr=12 opt_step=192 E=0.306 g=0.126 VarTD=0.180991 ret_end=-25.847 dbar_end=0.660 occ_end=0.208 CSR_train=0.000 done_count=125
[upd 190] u=1 upd_ctr=13 opt_step=208 E=0.070 g=0.117 VarTD=0.184565 ret_end=-26.047 dbar_end=0.682 occ_end=0.160 CSR_train=0.000 done_count=125
[upd 200] u=0 upd_ctr=13 opt_step=208 E=0.829 g=0.135 VarTD=0.214241 ret_end=-25.018 dbar_end=0.638 occ_end=0.264 CSR_train=0.000 done_count=125
[upd 210] u=0 upd_ctr=14 opt_step=224 E=0.537 g=0.111 VarTD=0.256466 ret_end=-27.396 dbar_end=0.699 occ_end=0.168 CSR_train=0.000 done_count=125
[upd 220] u=0 upd_ctr=15 opt_step=240 E=0.316 g=0.144 VarTD=0.274352 ret_end=-25.619 dbar_end=0.618 occ_end=0.272 CSR_train=0.000 done_count=125
[upd 230] u=1 upd_ctr=16 opt_step=256 E=0.088 g=0.147 VarTD=0.276373 ret_end=-24.188 dbar_end=0.611 occ_end=0.216 CSR_train=0.000 done_count=125
[upd 240] u=0 upd_ctr=16 opt_step=256 E=0.888 g=0.145 VarTD=0.339597 ret_end=-24.743 dbar_end=0.615 occ_end=0.240 CSR_train=0.000 done_count=125
[upd 250] u=0 upd_ctr=17 opt_step=272 E=0.658 g=0.144 VarTD=0.368317 ret_end=-25.135 dbar_end=0.616 occ_end=0.168 CSR_train=0.000 done_count=125
[upd 260] u=0 upd_ctr=18 opt_step=288 E=0.424 g=0.139 VarTD=0.374901 ret_end=-25.263 dbar_end=0.627 occ_end=0.200 CSR_train=0.000 done_count=100
[upd 270] u=0 upd_ctr=19 opt_step=304 E=0.258 g=0.148 VarTD=0.487736 ret_end=-24.372 dbar_end=0.608 occ_end=0.192 CSR_train=0.000 done_count=125
[upd 280] u=1 upd_ctr=20 opt_step=320 E=0.088 g=0.147 VarTD=0.504212 ret_end=-24.473 dbar_end=0.611 occ_end=0.240 CSR_train=0.000 done_count=125
[upd 290] u=0 upd_ctr=20 opt_step=320 E=0.977 g=0.148 VarTD=0.584220 ret_end=-23.805 dbar_end=0.608 occ_end=0.208 CSR_train=0.008 done_count=125
[upd 300] u=0 upd_ctr=21 opt_step=336 E=0.798 g=0.150 VarTD=0.698286 ret_end=-24.678 dbar_end=0.605 occ_end=0.200 CSR_train=0.000 done_count=125
[upd 310] u=0 upd_ctr=22 opt_step=352 E=0.639 g=0.151 VarTD=0.748721 ret_end=-25.161 dbar_end=0.602 occ_end=0.240 CSR_train=0.000 done_count=125
[Gate5 check] update_counter violations: t0=0 diffs=0
[Gate5 check] opt_step violations: t0=0 diffs=0 (expected_inc=16)
[Gate5 check] NaN masking: nan_on_skip=True finite_on_update=True
[Gate5 summary] mean_update_fraction=0.0705 final_executed_updates_mean=22.00
[Gate5 eval] done_count mean=100.0 CSR mean=0.0100 len_end_mean=26.00
[Gate5 eval] episodes_per_env=4 T_eval=104
[Gate5 eval-debug] locked_eps_occ=0.20 pre(step25): dbar_end=0.484218 occupied_end_mean=0.410000 max_tilde_end_mean=0.695864 CSR@locked=0.010000
[Gate5 eval-debug] locked_eps_occ=0.20 post(step26): dbar_end=0.490494 occupied_end_mean=0.350000 max_tilde_end_mean=0.681498 CSR@locked=0.010000
[Gate5 eval-debug] CSR_pre@0.10=0.0000 CSR_pre@0.15=0.0000 CSR_pre@0.20=0.0100 CSR_pre@0.25=0.0100 CSR_pre@0.30=0.0100
[Gate5 eval-debug] CSR_post@0.10=0.0000 CSR_post@0.15=0.0000 CSR_post@0.20=0.0100 CSR_post@0.25=0.0200 CSR_post@0.30=0.0300
