Importing submoduled environments...
Submoduled environments not found. Skipping import.
[upd 0] u=1 upd_ctr=1 opt_step=16 E=0.084 g=0.084 VarTD=0.138136 ret_end=-27.863 dbar_end=0.788 occ_end=0.160 CSR_train=0.000 done_count=100
[upd 10] u=0 upd_ctr=1 opt_step=16 E=0.438 g=0.114 VarTD=0.122237 ret_end=-25.937 dbar_end=0.692 occ_end=0.192 CSR_train=0.000 done_count=125
[upd 20] u=0 upd_ctr=1 opt_step=16 E=0.807 g=0.091 VarTD=0.162561 ret_end=-27.447 dbar_end=0.763 occ_end=0.168 CSR_train=0.000 done_count=125
[upd 30] u=0 upd_ctr=2 opt_step=32 E=0.243 g=0.113 VarTD=0.152445 ret_end=-25.439 dbar_end=0.694 occ_end=0.168 CSR_train=0.000 done_count=125
[upd 40] u=0 upd_ctr=2 opt_step=32 E=0.640 g=0.104 VarTD=0.143996 ret_end=-26.098 dbar_end=0.721 occ_end=0.224 CSR_train=0.000 done_count=125
[upd 50] u=0 upd_ctr=3 opt_step=48 E=0.102 g=0.105 VarTD=0.152598 ret_end=-26.679 dbar_end=0.717 occ_end=0.136 CSR_train=0.000 done_count=125
[upd 60] u=0 upd_ctr=3 opt_step=48 E=0.521 g=0.108 VarTD=0.177246 ret_end=-27.701 dbar_end=0.709 occ_end=0.232 CSR_train=0.000 done_count=125
[upd 70] u=0 upd_ctr=3 opt_step=48 E=0.919 g=0.091 VarTD=0.178950 ret_end=-27.712 dbar_end=0.762 occ_end=0.120 CSR_train=0.000 done_count=125
[upd 80] u=0 upd_ctr=4 opt_step=64 E=0.399 g=0.110 VarTD=0.145454 ret_end=-26.594 dbar_end=0.702 occ_end=0.192 CSR_train=0.000 done_count=125
[upd 90] u=0 upd_ctr=4 opt_step=64 E=0.846 g=0.114 VarTD=0.151151 ret_end=-25.396 dbar_end=0.692 occ_end=0.240 CSR_train=0.000 done_count=125
[upd 100] u=0 upd_ctr=5 opt_step=80 E=0.349 g=0.123 VarTD=0.131033 ret_end=-24.969 dbar_end=0.667 occ_end=0.184 CSR_train=0.000 done_count=125
[upd 110] u=0 upd_ctr=5 opt_step=80 E=0.812 g=0.115 VarTD=0.149608 ret_end=-26.867 dbar_end=0.689 occ_end=0.208 CSR_train=0.000 done_count=125
[upd 120] u=0 upd_ctr=6 opt_step=96 E=0.339 g=0.112 VarTD=0.147726 ret_end=-25.714 dbar_end=0.698 occ_end=0.200 CSR_train=0.000 done_count=125
[upd 130] u=0 upd_ctr=6 opt_step=96 E=0.820 g=0.115 VarTD=0.143079 ret_end=-26.061 dbar_end=0.690 occ_end=0.220 CSR_train=0.000 done_count=100
[upd 140] u=0 upd_ctr=7 opt_step=112 E=0.363 g=0.126 VarTD=0.183262 ret_end=-26.241 dbar_end=0.659 occ_end=0.216 CSR_train=0.000 done_count=125
[upd 150] u=0 upd_ctr=7 opt_step=112 E=0.857 g=0.123 VarTD=0.127830 ret_end=-25.514 dbar_end=0.668 occ_end=0.168 CSR_train=0.000 done_count=125
[upd 160] u=0 upd_ctr=8 opt_step=128 E=0.438 g=0.124 VarTD=0.158871 ret_end=-25.627 dbar_end=0.665 occ_end=0.160 CSR_train=0.000 done_count=125
[upd 170] u=0 upd_ctr=8 opt_step=128 E=0.939 g=0.127 VarTD=0.147140 ret_end=-25.023 dbar_end=0.657 occ_end=0.216 CSR_train=0.000 done_count=125
[upd 180] u=0 upd_ctr=9 opt_step=144 E=0.489 g=0.141 VarTD=0.149563 ret_end=-24.967 dbar_end=0.624 occ_end=0.176 CSR_train=0.000 done_count=125
[upd 190] u=1 upd_ctr=10 opt_step=160 E=0.075 g=0.136 VarTD=0.153980 ret_end=-25.685 dbar_end=0.635 occ_end=0.176 CSR_train=0.000 done_count=125
[upd 200] u=0 upd_ctr=10 opt_step=160 E=0.615 g=0.128 VarTD=0.138239 ret_end=-25.184 dbar_end=0.654 occ_end=0.256 CSR_train=0.000 done_count=125
[upd 210] u=0 upd_ctr=11 opt_step=176 E=0.199 g=0.134 VarTD=0.170511 ret_end=-25.837 dbar_end=0.641 occ_end=0.232 CSR_train=0.000 done_count=125
[upd 220] u=0 upd_ctr=11 opt_step=176 E=0.735 g=0.125 VarTD=0.167439 ret_end=-26.077 dbar_end=0.663 occ_end=0.288 CSR_train=0.000 done_count=125
[upd 230] u=0 upd_ctr=12 opt_step=192 E=0.348 g=0.151 VarTD=0.178650 ret_end=-24.220 dbar_end=0.601 occ_end=0.232 CSR_train=0.000 done_count=125
[upd 240] u=0 upd_ctr=12 opt_step=192 E=0.901 g=0.141 VarTD=0.184572 ret_end=-24.916 dbar_end=0.623 occ_end=0.248 CSR_train=0.000 done_count=125
[upd 250] u=0 upd_ctr=13 opt_step=208 E=0.515 g=0.157 VarTD=0.209613 ret_end=-25.022 dbar_end=0.590 occ_end=0.232 CSR_train=0.000 done_count=125
[upd 260] u=0 upd_ctr=14 opt_step=224 E=0.128 g=0.138 VarTD=0.245468 ret_end=-25.906 dbar_end=0.630 occ_end=0.250 CSR_train=0.000 done_count=100
[upd 270] u=0 upd_ctr=14 opt_step=224 E=0.704 g=0.140 VarTD=0.221355 ret_end=-24.603 dbar_end=0.626 occ_end=0.184 CSR_train=0.000 done_count=125
[upd 280] u=0 upd_ctr=15 opt_step=240 E=0.331 g=0.141 VarTD=0.285215 ret_end=-25.932 dbar_end=0.625 occ_end=0.224 CSR_train=0.000 done_count=125
[upd 290] u=0 upd_ctr=15 opt_step=240 E=0.921 g=0.155 VarTD=0.257850 ret_end=-23.611 dbar_end=0.595 occ_end=0.232 CSR_train=0.000 done_count=125
[upd 300] u=0 upd_ctr=16 opt_step=256 E=0.548 g=0.150 VarTD=0.322556 ret_end=-25.116 dbar_end=0.603 occ_end=0.256 CSR_train=0.000 done_count=125
[upd 310] u=0 upd_ctr=17 opt_step=272 E=0.191 g=0.143 VarTD=0.367854 ret_end=-24.897 dbar_end=0.619 occ_end=0.208 CSR_train=0.000 done_count=125
[Gate5 check] update_counter violations: t0=0 diffs=0
[Gate5 check] opt_step violations: t0=0 diffs=0 (expected_inc=16)
[Gate5 check] NaN masking: nan_on_skip=True finite_on_update=True
[Gate5 summary] mean_update_fraction=0.0545 final_executed_updates_mean=17.00
[Gate5 eval] done_count mean=100.0 CSR mean=0.0000 len_end_mean=26.00
[Gate5 eval] episodes_per_env=4 T_eval=104
[Gate5 eval-debug] locked_eps_occ=0.20 pre(step25): dbar_end=0.497865 occupied_end_mean=0.390000 max_tilde_end_mean=0.714825 CSR@locked=0.000000
[Gate5 eval-debug] locked_eps_occ=0.20 post(step26): dbar_end=0.498474 occupied_end_mean=0.370000 max_tilde_end_mean=0.716538 CSR@locked=0.000000
[Gate5 eval-debug] CSR_pre@0.10=0.0000 CSR_pre@0.15=0.0000 CSR_pre@0.20=0.0000 CSR_pre@0.25=0.0200 CSR_pre@0.30=0.0300
[Gate5 eval-debug] CSR_post@0.10=0.0000 CSR_post@0.15=0.0000 CSR_post@0.20=0.0000 CSR_post@0.25=0.0100 CSR_post@0.30=0.0400
