Importing submoduled environments...
Submoduled environments not found. Skipping import.
[upd 0] u=1 upd_ctr=1 opt_step=16 E=0.196 g=0.096 VarTD=0.198978 ret_end=-28.258 dbar_end=0.747 occ_end=0.170 CSR_train=0.000 done_count=100
[upd 10] u=0 upd_ctr=2 opt_step=32 E=0.211 g=0.090 VarTD=0.168279 ret_end=-27.451 dbar_end=0.767 occ_end=0.096 CSR_train=0.000 done_count=125
[upd 20] u=0 upd_ctr=3 opt_step=48 E=0.229 g=0.090 VarTD=0.173393 ret_end=-27.496 dbar_end=0.769 occ_end=0.096 CSR_train=0.000 done_count=125
[upd 30] u=0 upd_ctr=4 opt_step=64 E=0.337 g=0.099 VarTD=0.150171 ret_end=-27.094 dbar_end=0.735 occ_end=0.224 CSR_train=0.000 done_count=125
[upd 40] u=0 upd_ctr=5 opt_step=80 E=0.521 g=0.113 VarTD=0.139020 ret_end=-26.398 dbar_end=0.695 occ_end=0.136 CSR_train=0.000 done_count=125
[upd 50] u=0 upd_ctr=6 opt_step=96 E=0.745 g=0.127 VarTD=0.155471 ret_end=-26.246 dbar_end=0.657 occ_end=0.224 CSR_train=0.000 done_count=125
[upd 60] u=0 upd_ctr=7 opt_step=112 E=0.999 g=0.108 VarTD=0.157929 ret_end=-25.931 dbar_end=0.710 occ_end=0.160 CSR_train=0.000 done_count=125
[upd 70] u=0 upd_ctr=9 opt_step=144 E=0.420 g=0.138 VarTD=0.171911 ret_end=-25.026 dbar_end=0.630 occ_end=0.192 CSR_train=0.000 done_count=125
[upd 80] u=0 upd_ctr=10 opt_step=160 E=0.744 g=0.132 VarTD=0.184515 ret_end=-25.099 dbar_end=0.644 occ_end=0.232 CSR_train=0.000 done_count=125
[upd 90] u=1 upd_ctr=12 opt_step=192 E=0.200 g=0.113 VarTD=0.211646 ret_end=-26.885 dbar_end=0.693 occ_end=0.168 CSR_train=0.000 done_count=125
[upd 100] u=0 upd_ctr=13 opt_step=208 E=0.657 g=0.136 VarTD=0.218034 ret_end=-25.604 dbar_end=0.635 occ_end=0.216 CSR_train=0.000 done_count=125
[upd 110] u=1 upd_ctr=15 opt_step=240 E=0.171 g=0.127 VarTD=0.245237 ret_end=-26.107 dbar_end=0.657 occ_end=0.272 CSR_train=0.000 done_count=125
[upd 120] u=0 upd_ctr=16 opt_step=256 E=0.724 g=0.153 VarTD=0.307043 ret_end=-24.876 dbar_end=0.598 occ_end=0.296 CSR_train=0.000 done_count=125
[Gate5 check] update_counter violations: t0=0 diffs=0
[Gate5 check] opt_step violations: t0=0 diffs=0 (expected_inc=16)
[Gate5 check] NaN masking: nan_on_skip=True finite_on_update=True
[Gate5 summary] mean_update_fraction=0.1360 final_executed_updates_mean=17.00
[Gate5 eval] done_count mean=100.0 CSR mean=0.0000 len_end_mean=26.00
[Gate5 eval] episodes_per_env=4 T_eval=104
[Gate5 eval-debug] locked_eps_occ=0.20 pre(step25): dbar_end=0.509707 occupied_end_mean=0.330000 max_tilde_end_mean=0.748512 CSR@locked=0.000000
[Gate5 eval-debug] locked_eps_occ=0.20 post(step26): dbar_end=0.510035 occupied_end_mean=0.300000 max_tilde_end_mean=0.740745 CSR@locked=0.000000
[Gate5 eval-debug] CSR_pre@0.10=0.0000 CSR_pre@0.15=0.0000 CSR_pre@0.20=0.0000 CSR_pre@0.25=0.0000 CSR_pre@0.30=0.0000
[Gate5 eval-debug] CSR_post@0.10=0.0000 CSR_post@0.15=0.0000 CSR_post@0.20=0.0000 CSR_post@0.25=0.0000 CSR_post@0.30=0.0000
