Importing submoduled environments...
Submoduled environments not found. Skipping import.
[upd 0] u=1 upd_ctr=1 opt_step=16 E=0.500 g=0.083 VarTD=0.159821 ret_end=-27.605 dbar_end=0.794 occ_end=0.110 CSR_train=0.000 done_count=100
[upd 10] u=0 upd_ctr=2 opt_step=32 E=0.000 g=0.091 VarTD=0.169582 ret_end=-27.420 dbar_end=0.764 occ_end=0.216 CSR_train=0.000 done_count=125
[upd 20] u=0 upd_ctr=2 opt_step=32 E=0.000 g=0.094 VarTD=0.171097 ret_end=-27.129 dbar_end=0.754 occ_end=0.160 CSR_train=0.000 done_count=125
[upd 30] u=0 upd_ctr=2 opt_step=32 E=0.000 g=0.100 VarTD=0.164965 ret_end=-26.721 dbar_end=0.734 occ_end=0.136 CSR_train=0.000 done_count=125
[upd 40] u=0 upd_ctr=2 opt_step=32 E=0.000 g=0.096 VarTD=0.150020 ret_end=-27.429 dbar_end=0.746 occ_end=0.168 CSR_train=0.000 done_count=125
[upd 50] u=0 upd_ctr=2 opt_step=32 E=0.000 g=0.082 VarTD=0.166561 ret_end=-28.454 dbar_end=0.796 occ_end=0.128 CSR_train=0.000 done_count=125
[upd 60] u=0 upd_ctr=2 opt_step=32 E=0.000 g=0.089 VarTD=0.159223 ret_end=-27.799 dbar_end=0.771 occ_end=0.152 CSR_train=0.000 done_count=125
[upd 70] u=0 upd_ctr=2 opt_step=32 E=0.000 g=0.098 VarTD=0.158911 ret_end=-26.989 dbar_end=0.741 occ_end=0.136 CSR_train=0.000 done_count=125
[upd 80] u=0 upd_ctr=2 opt_step=32 E=0.000 g=0.091 VarTD=0.160038 ret_end=-27.496 dbar_end=0.764 occ_end=0.168 CSR_train=0.000 done_count=125
[upd 90] u=0 upd_ctr=2 opt_step=32 E=0.000 g=0.109 VarTD=0.167175 ret_end=-26.863 dbar_end=0.707 occ_end=0.192 CSR_train=0.000 done_count=125
[upd 100] u=0 upd_ctr=2 opt_step=32 E=0.000 g=0.087 VarTD=0.176500 ret_end=-28.684 dbar_end=0.778 occ_end=0.128 CSR_train=0.000 done_count=125
[upd 110] u=0 upd_ctr=2 opt_step=32 E=0.000 g=0.100 VarTD=0.183623 ret_end=-26.430 dbar_end=0.733 occ_end=0.096 CSR_train=0.000 done_count=125
[upd 120] u=0 upd_ctr=2 opt_step=32 E=0.000 g=0.095 VarTD=0.142151 ret_end=-26.870 dbar_end=0.750 occ_end=0.128 CSR_train=0.000 done_count=125
[Gate5 check] update_counter violations: t0=0 diffs=0
[Gate5 check] opt_step violations: t0=0 diffs=0 (expected_inc=16)
[Gate5 check] NaN masking: nan_on_skip=True finite_on_update=True
[Gate5 summary] mean_update_fraction=0.0160 final_executed_updates_mean=2.00
[Gate5 eval] done_count mean=100.0 CSR mean=0.0000 len_end_mean=26.00
[Gate5 eval] episodes_per_env=4 T_eval=104
[Gate5 eval-debug] locked_eps_occ=0.20 pre(step25): dbar_end=0.556726 occupied_end_mean=0.240000 max_tilde_end_mean=0.783870 CSR@locked=0.000000
[Gate5 eval-debug] locked_eps_occ=0.20 post(step26): dbar_end=0.548282 occupied_end_mean=0.230000 max_tilde_end_mean=0.772777 CSR@locked=0.000000
[Gate5 eval-debug] CSR_pre@0.10=0.0000 CSR_pre@0.15=0.0000 CSR_pre@0.20=0.0000 CSR_pre@0.25=0.0000 CSR_pre@0.30=0.0000
[Gate5 eval-debug] CSR_post@0.10=0.0000 CSR_post@0.15=0.0000 CSR_post@0.20=0.0000 CSR_post@0.25=0.0000 CSR_post@0.30=0.0000
