Importing submoduled environments...
Submoduled environments not found. Skipping import.
[upd 0] u=1 upd_ctr=1 opt_step=16 E=0.019 g=0.096 VarTD=0.126111 ret_end=-26.492 dbar_end=0.745 occ_end=0.140 CSR_train=0.000 done_count=100
[upd 10] u=0 upd_ctr=1 opt_step=16 E=0.206 g=0.101 VarTD=0.147310 ret_end=-26.592 dbar_end=0.729 occ_end=0.144 CSR_train=0.000 done_count=125
[upd 20] u=0 upd_ctr=1 opt_step=16 E=0.395 g=0.088 VarTD=0.157317 ret_end=-27.734 dbar_end=0.776 occ_end=0.112 CSR_train=0.000 done_count=125
[upd 30] u=0 upd_ctr=1 opt_step=16 E=0.586 g=0.101 VarTD=0.132882 ret_end=-25.882 dbar_end=0.729 occ_end=0.136 CSR_train=0.000 done_count=125
[upd 40] u=0 upd_ctr=1 opt_step=16 E=0.775 g=0.102 VarTD=0.131002 ret_end=-26.343 dbar_end=0.728 occ_end=0.096 CSR_train=0.000 done_count=125
[upd 50] u=0 upd_ctr=1 opt_step=16 E=0.963 g=0.090 VarTD=0.179070 ret_end=-28.226 dbar_end=0.766 occ_end=0.128 CSR_train=0.000 done_count=125
[upd 60] u=0 upd_ctr=2 opt_step=32 E=0.130 g=0.103 VarTD=0.150314 ret_end=-26.548 dbar_end=0.724 occ_end=0.128 CSR_train=0.000 done_count=125
[upd 70] u=0 upd_ctr=2 opt_step=32 E=0.324 g=0.090 VarTD=0.144404 ret_end=-27.666 dbar_end=0.766 occ_end=0.128 CSR_train=0.000 done_count=125
[upd 80] u=0 upd_ctr=2 opt_step=32 E=0.518 g=0.095 VarTD=0.160446 ret_end=-26.925 dbar_end=0.750 occ_end=0.192 CSR_train=0.000 done_count=125
[upd 90] u=0 upd_ctr=2 opt_step=32 E=0.720 g=0.105 VarTD=0.146035 ret_end=-26.945 dbar_end=0.718 occ_end=0.168 CSR_train=0.000 done_count=125
[upd 100] u=0 upd_ctr=2 opt_step=32 E=0.929 g=0.109 VarTD=0.163173 ret_end=-26.848 dbar_end=0.706 occ_end=0.160 CSR_train=0.000 done_count=125
[upd 110] u=0 upd_ctr=3 opt_step=48 E=0.127 g=0.116 VarTD=0.141197 ret_end=-26.671 dbar_end=0.686 occ_end=0.160 CSR_train=0.000 done_count=125
[upd 120] u=0 upd_ctr=3 opt_step=48 E=0.330 g=0.099 VarTD=0.171795 ret_end=-27.754 dbar_end=0.738 occ_end=0.160 CSR_train=0.000 done_count=125
[Gate5 check] update_counter violations: t0=0 diffs=0
[Gate5 check] opt_step violations: t0=0 diffs=0 (expected_inc=16)
[Gate5 check] NaN masking: nan_on_skip=True finite_on_update=True
[Gate5 summary] mean_update_fraction=0.0240 final_executed_updates_mean=3.00
[Gate5 eval] done_count mean=100.0 CSR mean=0.0100 len_end_mean=26.00
[Gate5 eval] episodes_per_env=4 T_eval=104
[Gate5 eval-debug] locked_eps_occ=0.20 pre(step25): dbar_end=0.579558 occupied_end_mean=0.310000 max_tilde_end_mean=0.884783 CSR@locked=0.000000
[Gate5 eval-debug] locked_eps_occ=0.20 post(step26): dbar_end=0.583631 occupied_end_mean=0.240000 max_tilde_end_mean=0.880206 CSR@locked=0.010000
[Gate5 eval-debug] CSR_pre@0.10=0.0000 CSR_pre@0.15=0.0000 CSR_pre@0.20=0.0000 CSR_pre@0.25=0.0000 CSR_pre@0.30=0.0000
[Gate5 eval-debug] CSR_post@0.10=0.0000 CSR_post@0.15=0.0000 CSR_post@0.20=0.0100 CSR_post@0.25=0.0100 CSR_post@0.30=0.0200
