Importing submoduled environments...
Submoduled environments not found. Skipping import.
[upd 0] u=1 upd_ctr=1 opt_step=16 E=0.144 g=0.094 VarTD=0.148631 ret_end=-26.843 dbar_end=0.752 occ_end=0.140 CSR_train=0.000 done_count=100
[upd 10] u=1 upd_ctr=2 opt_step=32 E=0.113 g=0.098 VarTD=0.120442 ret_end=-26.989 dbar_end=0.738 occ_end=0.144 CSR_train=0.000 done_count=125
[upd 20] u=1 upd_ctr=3 opt_step=48 E=0.149 g=0.104 VarTD=0.156638 ret_end=-27.265 dbar_end=0.722 occ_end=0.152 CSR_train=0.000 done_count=125
[upd 30] u=1 upd_ctr=4 opt_step=64 E=0.144 g=0.094 VarTD=0.129467 ret_end=-26.943 dbar_end=0.754 occ_end=0.152 CSR_train=0.000 done_count=125
[upd 40] u=0 upd_ctr=5 opt_step=80 E=0.253 g=0.115 VarTD=0.153836 ret_end=-26.047 dbar_end=0.689 occ_end=0.216 CSR_train=0.008 done_count=125
[upd 50] u=0 upd_ctr=6 opt_step=96 E=0.374 g=0.113 VarTD=0.136798 ret_end=-26.596 dbar_end=0.694 occ_end=0.208 CSR_train=0.000 done_count=125
[upd 60] u=0 upd_ctr=7 opt_step=112 E=0.483 g=0.110 VarTD=0.145048 ret_end=-26.499 dbar_end=0.704 occ_end=0.104 CSR_train=0.000 done_count=125
[upd 70] u=0 upd_ctr=8 opt_step=128 E=0.643 g=0.119 VarTD=0.148121 ret_end=-25.553 dbar_end=0.677 occ_end=0.200 CSR_train=0.000 done_count=125
[upd 80] u=0 upd_ctr=9 opt_step=144 E=0.842 g=0.121 VarTD=0.142061 ret_end=-25.482 dbar_end=0.673 occ_end=0.152 CSR_train=0.000 done_count=125
[upd 90] u=1 upd_ctr=11 opt_step=176 E=0.162 g=0.132 VarTD=0.153245 ret_end=-24.860 dbar_end=0.645 occ_end=0.216 CSR_train=0.000 done_count=125
[upd 100] u=0 upd_ctr=12 opt_step=192 E=0.544 g=0.126 VarTD=0.222288 ret_end=-25.578 dbar_end=0.660 occ_end=0.264 CSR_train=0.000 done_count=125
[upd 110] u=0 upd_ctr=13 opt_step=208 E=0.846 g=0.131 VarTD=0.261398 ret_end=-25.526 dbar_end=0.647 occ_end=0.208 CSR_train=0.000 done_count=125
[upd 120] u=0 upd_ctr=15 opt_step=240 E=0.313 g=0.141 VarTD=0.269847 ret_end=-24.903 dbar_end=0.624 occ_end=0.320 CSR_train=0.000 done_count=125
[upd 130] u=0 upd_ctr=16 opt_step=256 E=0.798 g=0.148 VarTD=0.296042 ret_end=-25.147 dbar_end=0.608 occ_end=0.230 CSR_train=0.000 done_count=100
[upd 140] u=1 upd_ctr=18 opt_step=288 E=0.205 g=0.155 VarTD=0.391803 ret_end=-25.031 dbar_end=0.593 occ_end=0.224 CSR_train=0.000 done_count=125
[upd 150] u=0 upd_ctr=19 opt_step=304 E=0.650 g=0.157 VarTD=0.512851 ret_end=-24.307 dbar_end=0.590 occ_end=0.224 CSR_train=0.000 done_count=125
[upd 160] u=1 upd_ctr=21 opt_step=336 E=0.199 g=0.149 VarTD=0.613002 ret_end=-25.073 dbar_end=0.605 occ_end=0.184 CSR_train=0.000 done_count=125
[upd 170] u=0 upd_ctr=22 opt_step=352 E=0.827 g=0.139 VarTD=0.761605 ret_end=-25.342 dbar_end=0.629 occ_end=0.224 CSR_train=0.000 done_count=125
[upd 180] u=0 upd_ctr=24 opt_step=384 E=0.507 g=0.155 VarTD=1.006808 ret_end=-24.245 dbar_end=0.594 occ_end=0.272 CSR_train=0.000 done_count=125
[upd 190] u=1 upd_ctr=26 opt_step=416 E=0.221 g=0.171 VarTD=1.130052 ret_end=-23.417 dbar_end=0.563 occ_end=0.344 CSR_train=0.000 done_count=125
[upd 200] u=0 upd_ctr=27 opt_step=432 E=0.898 g=0.158 VarTD=1.355328 ret_end=-24.657 dbar_end=0.588 occ_end=0.200 CSR_train=0.000 done_count=125
[upd 210] u=0 upd_ctr=29 opt_step=464 E=0.545 g=0.170 VarTD=1.679914 ret_end=-23.471 dbar_end=0.565 occ_end=0.272 CSR_train=0.000 done_count=125
[upd 220] u=1 upd_ctr=31 opt_step=496 E=0.211 g=0.161 VarTD=1.828476 ret_end=-24.999 dbar_end=0.581 occ_end=0.256 CSR_train=0.000 done_count=125
[upd 230] u=0 upd_ctr=32 opt_step=512 E=0.838 g=0.163 VarTD=2.033485 ret_end=-23.389 dbar_end=0.578 occ_end=0.304 CSR_train=0.008 done_count=125
[upd 240] u=0 upd_ctr=34 opt_step=544 E=0.540 g=0.165 VarTD=2.399585 ret_end=-23.505 dbar_end=0.573 occ_end=0.272 CSR_train=0.000 done_count=125
[upd 250] u=1 upd_ctr=36 opt_step=576 E=0.220 g=0.170 VarTD=2.579680 ret_end=-23.666 dbar_end=0.565 occ_end=0.288 CSR_train=0.000 done_count=125
[upd 260] u=0 upd_ctr=37 opt_step=592 E=0.881 g=0.170 VarTD=2.373205 ret_end=-23.751 dbar_end=0.564 occ_end=0.270 CSR_train=0.000 done_count=100
[upd 270] u=0 upd_ctr=39 opt_step=624 E=0.558 g=0.170 VarTD=3.244179 ret_end=-23.881 dbar_end=0.564 occ_end=0.304 CSR_train=0.000 done_count=125
[upd 280] u=1 upd_ctr=41 opt_step=656 E=0.224 g=0.174 VarTD=3.456911 ret_end=-23.955 dbar_end=0.556 occ_end=0.288 CSR_train=0.000 done_count=125
[upd 290] u=0 upd_ctr=42 opt_step=672 E=0.910 g=0.162 VarTD=3.715806 ret_end=-24.632 dbar_end=0.579 occ_end=0.328 CSR_train=0.000 done_count=125
[upd 300] u=0 upd_ctr=44 opt_step=704 E=0.550 g=0.151 VarTD=4.061023 ret_end=-24.816 dbar_end=0.602 occ_end=0.216 CSR_train=0.000 done_count=125
[upd 310] u=1 upd_ctr=46 opt_step=736 E=0.219 g=0.169 VarTD=4.246724 ret_end=-24.049 dbar_end=0.566 occ_end=0.272 CSR_train=0.000 done_count=125
[Gate5 check] update_counter violations: t0=0 diffs=0
[Gate5 check] opt_step violations: t0=0 diffs=0 (expected_inc=16)
[Gate5 check] NaN masking: nan_on_skip=True finite_on_update=True
[Gate5 summary] mean_update_fraction=0.1474 final_executed_updates_mean=46.00
[Gate5 eval] done_count mean=100.0 CSR mean=0.0000 len_end_mean=26.00
[Gate5 eval] episodes_per_env=4 T_eval=104
[Gate5 eval-debug] locked_eps_occ=0.20 pre(step25): dbar_end=0.501917 occupied_end_mean=0.280000 max_tilde_end_mean=0.703181 CSR@locked=0.000000
[Gate5 eval-debug] locked_eps_occ=0.20 post(step26): dbar_end=0.497693 occupied_end_mean=0.340000 max_tilde_end_mean=0.700283 CSR@locked=0.000000
[Gate5 eval-debug] CSR_pre@0.10=0.0000 CSR_pre@0.15=0.0000 CSR_pre@0.20=0.0000 CSR_pre@0.25=0.0000 CSR_pre@0.30=0.0100
[Gate5 eval-debug] CSR_post@0.10=0.0000 CSR_post@0.15=0.0000 CSR_post@0.20=0.0000 CSR_post@0.25=0.0100 CSR_post@0.30=0.0200
