Importing submoduled environments...
Submoduled environments not found. Skipping import.
[upd 0] u=1 upd_ctr=1 opt_step=16 E=0.078 g=0.093 VarTD=0.149936 ret_end=-27.435 dbar_end=0.756 occ_end=0.150 CSR_train=0.000 done_count=100
[upd 10] u=0 upd_ctr=1 opt_step=16 E=0.359 g=0.100 VarTD=0.132044 ret_end=-26.929 dbar_end=0.734 occ_end=0.192 CSR_train=0.000 done_count=125
[upd 20] u=0 upd_ctr=1 opt_step=16 E=0.661 g=0.107 VarTD=0.153948 ret_end=-26.021 dbar_end=0.712 occ_end=0.192 CSR_train=0.000 done_count=125
[upd 30] u=0 upd_ctr=1 opt_step=16 E=0.936 g=0.084 VarTD=0.174361 ret_end=-28.107 dbar_end=0.790 occ_end=0.136 CSR_train=0.008 done_count=125
[upd 40] u=0 upd_ctr=2 opt_step=32 E=0.261 g=0.092 VarTD=0.142033 ret_end=-27.302 dbar_end=0.758 occ_end=0.120 CSR_train=0.000 done_count=125
[upd 50] u=0 upd_ctr=2 opt_step=32 E=0.538 g=0.089 VarTD=0.132069 ret_end=-27.008 dbar_end=0.772 occ_end=0.136 CSR_train=0.000 done_count=125
[upd 60] u=0 upd_ctr=2 opt_step=32 E=0.809 g=0.096 VarTD=0.140192 ret_end=-27.410 dbar_end=0.746 occ_end=0.152 CSR_train=0.000 done_count=125
[upd 70] u=0 upd_ctr=3 opt_step=48 E=0.142 g=0.096 VarTD=0.151228 ret_end=-27.465 dbar_end=0.748 occ_end=0.152 CSR_train=0.000 done_count=125
[upd 80] u=0 upd_ctr=3 opt_step=48 E=0.455 g=0.102 VarTD=0.129409 ret_end=-26.060 dbar_end=0.727 occ_end=0.160 CSR_train=0.000 done_count=125
[upd 90] u=0 upd_ctr=3 opt_step=48 E=0.753 g=0.096 VarTD=0.134322 ret_end=-27.275 dbar_end=0.745 occ_end=0.168 CSR_train=0.000 done_count=125
[upd 100] u=0 upd_ctr=4 opt_step=64 E=0.095 g=0.101 VarTD=0.150584 ret_end=-26.026 dbar_end=0.730 occ_end=0.184 CSR_train=0.000 done_count=125
[upd 110] u=0 upd_ctr=4 opt_step=64 E=0.386 g=0.087 VarTD=0.140434 ret_end=-27.325 dbar_end=0.779 occ_end=0.096 CSR_train=0.000 done_count=125
[upd 120] u=0 upd_ctr=4 opt_step=64 E=0.684 g=0.110 VarTD=0.137221 ret_end=-25.950 dbar_end=0.703 occ_end=0.200 CSR_train=0.008 done_count=125
[upd 130] u=1 upd_ctr=5 opt_step=80 E=0.036 g=0.091 VarTD=0.193222 ret_end=-27.199 dbar_end=0.762 occ_end=0.200 CSR_train=0.000 done_count=100
[upd 140] u=0 upd_ctr=5 opt_step=80 E=0.347 g=0.106 VarTD=0.163206 ret_end=-25.860 dbar_end=0.714 occ_end=0.208 CSR_train=0.000 done_count=125
[upd 150] u=0 upd_ctr=5 opt_step=80 E=0.663 g=0.105 VarTD=0.127560 ret_end=-27.113 dbar_end=0.719 occ_end=0.192 CSR_train=0.000 done_count=125
[upd 160] u=0 upd_ctr=5 opt_step=80 E=0.969 g=0.104 VarTD=0.158922 ret_end=-27.264 dbar_end=0.722 occ_end=0.216 CSR_train=0.000 done_count=125
[upd 170] u=0 upd_ctr=6 opt_step=96 E=0.342 g=0.116 VarTD=0.143455 ret_end=-26.080 dbar_end=0.685 occ_end=0.144 CSR_train=0.000 done_count=125
[upd 180] u=0 upd_ctr=6 opt_step=96 E=0.674 g=0.130 VarTD=0.134372 ret_end=-25.047 dbar_end=0.649 occ_end=0.264 CSR_train=0.000 done_count=125
[upd 190] u=1 upd_ctr=7 opt_step=112 E=0.054 g=0.110 VarTD=0.126229 ret_end=-26.446 dbar_end=0.702 occ_end=0.120 CSR_train=0.000 done_count=125
[upd 200] u=0 upd_ctr=7 opt_step=112 E=0.391 g=0.110 VarTD=0.138668 ret_end=-27.007 dbar_end=0.702 occ_end=0.168 CSR_train=0.000 done_count=125
[upd 210] u=0 upd_ctr=7 opt_step=112 E=0.728 g=0.104 VarTD=0.156903 ret_end=-26.914 dbar_end=0.720 occ_end=0.136 CSR_train=0.000 done_count=125
[upd 220] u=0 upd_ctr=8 opt_step=128 E=0.128 g=0.121 VarTD=0.129593 ret_end=-25.634 dbar_end=0.672 occ_end=0.168 CSR_train=0.000 done_count=125
[upd 230] u=0 upd_ctr=8 opt_step=128 E=0.472 g=0.113 VarTD=0.144655 ret_end=-25.878 dbar_end=0.693 occ_end=0.176 CSR_train=0.000 done_count=125
[upd 240] u=0 upd_ctr=8 opt_step=128 E=0.821 g=0.128 VarTD=0.138113 ret_end=-25.738 dbar_end=0.654 occ_end=0.296 CSR_train=0.008 done_count=125
[upd 250] u=0 upd_ctr=9 opt_step=144 E=0.210 g=0.110 VarTD=0.182133 ret_end=-26.844 dbar_end=0.704 occ_end=0.176 CSR_train=0.000 done_count=125
[upd 260] u=0 upd_ctr=9 opt_step=144 E=0.577 g=0.123 VarTD=0.137173 ret_end=-25.218 dbar_end=0.667 occ_end=0.200 CSR_train=0.000 done_count=100
[upd 270] u=0 upd_ctr=9 opt_step=144 E=0.947 g=0.136 VarTD=0.169516 ret_end=-25.358 dbar_end=0.635 occ_end=0.224 CSR_train=0.000 done_count=125
[upd 280] u=0 upd_ctr=10 opt_step=160 E=0.367 g=0.127 VarTD=0.155584 ret_end=-24.589 dbar_end=0.658 occ_end=0.248 CSR_train=0.000 done_count=125
[upd 290] u=0 upd_ctr=10 opt_step=160 E=0.742 g=0.115 VarTD=0.180467 ret_end=-26.671 dbar_end=0.688 occ_end=0.216 CSR_train=0.000 done_count=125
[upd 300] u=0 upd_ctr=11 opt_step=176 E=0.158 g=0.139 VarTD=0.147968 ret_end=-24.361 dbar_end=0.628 occ_end=0.240 CSR_train=0.000 done_count=125
[upd 310] u=0 upd_ctr=11 opt_step=176 E=0.545 g=0.134 VarTD=0.171098 ret_end=-25.283 dbar_end=0.639 occ_end=0.232 CSR_train=0.000 done_count=125
[Gate5 check] update_counter violations: t0=0 diffs=0
[Gate5 check] opt_step violations: t0=0 diffs=0 (expected_inc=16)
[Gate5 check] NaN masking: nan_on_skip=True finite_on_update=True
[Gate5 summary] mean_update_fraction=0.0353 final_executed_updates_mean=11.00
[Gate5 eval] done_count mean=100.0 CSR mean=0.0000 len_end_mean=26.00
[Gate5 eval] episodes_per_env=4 T_eval=104
[Gate5 eval-debug] locked_eps_occ=0.20 pre(step25): dbar_end=0.504494 occupied_end_mean=0.380000 max_tilde_end_mean=0.732188 CSR@locked=0.010000
[Gate5 eval-debug] locked_eps_occ=0.20 post(step26): dbar_end=0.503600 occupied_end_mean=0.400000 max_tilde_end_mean=0.740053 CSR@locked=0.000000
[Gate5 eval-debug] CSR_pre@0.10=0.0100 CSR_pre@0.15=0.0100 CSR_pre@0.20=0.0100 CSR_pre@0.25=0.0100 CSR_pre@0.30=0.0100
[Gate5 eval-debug] CSR_post@0.10=0.0000 CSR_post@0.15=0.0000 CSR_post@0.20=0.0000 CSR_post@0.25=0.0200 CSR_post@0.30=0.0200
