Importing submoduled environments...
Submoduled environments not found. Skipping import.
[upd 0] u=1 upd_ctr=1 opt_step=16 E=0.058 g=0.096 VarTD=0.164885 ret_end=-27.291 dbar_end=0.746 occ_end=0.170 CSR_train=0.000 done_count=100
[upd 10] u=0 upd_ctr=1 opt_step=16 E=0.659 g=0.091 VarTD=0.137991 ret_end=-27.480 dbar_end=0.764 occ_end=0.136 CSR_train=0.000 done_count=125
[upd 20] u=0 upd_ctr=2 opt_step=32 E=0.256 g=0.114 VarTD=0.126841 ret_end=-26.438 dbar_end=0.693 occ_end=0.168 CSR_train=0.000 done_count=125
[upd 30] u=0 upd_ctr=2 opt_step=32 E=0.871 g=0.113 VarTD=0.139442 ret_end=-25.891 dbar_end=0.696 occ_end=0.184 CSR_train=0.000 done_count=125
[upd 40] u=0 upd_ctr=3 opt_step=48 E=0.434 g=0.101 VarTD=0.141388 ret_end=-26.633 dbar_end=0.731 occ_end=0.224 CSR_train=0.000 done_count=125
[upd 50] u=1 upd_ctr=4 opt_step=64 E=0.060 g=0.100 VarTD=0.143496 ret_end=-26.538 dbar_end=0.735 occ_end=0.176 CSR_train=0.000 done_count=125
[upd 60] u=0 upd_ctr=4 opt_step=64 E=0.696 g=0.092 VarTD=0.168011 ret_end=-27.998 dbar_end=0.761 occ_end=0.192 CSR_train=0.000 done_count=125
[upd 70] u=0 upd_ctr=5 opt_step=80 E=0.332 g=0.108 VarTD=0.149171 ret_end=-26.600 dbar_end=0.708 occ_end=0.184 CSR_train=0.000 done_count=125
[upd 80] u=0 upd_ctr=5 opt_step=80 E=0.997 g=0.110 VarTD=0.149907 ret_end=-25.994 dbar_end=0.702 occ_end=0.144 CSR_train=0.000 done_count=125
[upd 90] u=0 upd_ctr=6 opt_step=96 E=0.631 g=0.113 VarTD=0.129736 ret_end=-26.172 dbar_end=0.694 occ_end=0.224 CSR_train=0.000 done_count=125
[upd 100] u=0 upd_ctr=7 opt_step=112 E=0.362 g=0.117 VarTD=0.107343 ret_end=-26.481 dbar_end=0.684 occ_end=0.192 CSR_train=0.000 done_count=125
[upd 110] u=1 upd_ctr=8 opt_step=128 E=0.075 g=0.125 VarTD=0.133064 ret_end=-25.065 dbar_end=0.661 occ_end=0.216 CSR_train=0.000 done_count=125
[upd 120] u=0 upd_ctr=8 opt_step=128 E=0.808 g=0.122 VarTD=0.141003 ret_end=-25.666 dbar_end=0.670 occ_end=0.168 CSR_train=0.000 done_count=125
[Gate5 check] update_counter violations: t0=0 diffs=0
[Gate5 check] opt_step violations: t0=0 diffs=0 (expected_inc=16)
[Gate5 check] NaN masking: nan_on_skip=True finite_on_update=True
[Gate5 summary] mean_update_fraction=0.0720 final_executed_updates_mean=9.00
[Gate5 eval] done_count mean=100.0 CSR mean=0.0000 len_end_mean=26.00
[Gate5 eval] episodes_per_env=4 T_eval=104
[Gate5 eval-debug] locked_eps_occ=0.20 pre(step25): dbar_end=0.501704 occupied_end_mean=0.460000 max_tilde_end_mean=0.730706 CSR@locked=0.010000
[Gate5 eval-debug] locked_eps_occ=0.20 post(step26): dbar_end=0.505971 occupied_end_mean=0.420000 max_tilde_end_mean=0.738338 CSR@locked=0.000000
[Gate5 eval-debug] CSR_pre@0.10=0.0000 CSR_pre@0.15=0.0000 CSR_pre@0.20=0.0100 CSR_pre@0.25=0.0300 CSR_pre@0.30=0.0500
[Gate5 eval-debug] CSR_post@0.10=0.0000 CSR_post@0.15=0.0000 CSR_post@0.20=0.0000 CSR_post@0.25=0.0100 CSR_post@0.30=0.0300
