Importing submoduled environments...
Submoduled environments not found. Skipping import.
[upd 0] u=1 upd_ctr=1 opt_step=16 E=0.146 g=0.096 VarTD=0.159541 ret_end=-27.424 dbar_end=0.745 occ_end=0.200 CSR_train=0.000 done_count=100
[upd 10] u=1 upd_ctr=2 opt_step=32 E=0.096 g=0.095 VarTD=0.132747 ret_end=-26.853 dbar_end=0.750 occ_end=0.208 CSR_train=0.000 done_count=125
[upd 20] u=1 upd_ctr=3 opt_step=48 E=0.114 g=0.102 VarTD=0.163490 ret_end=-26.333 dbar_end=0.727 occ_end=0.136 CSR_train=0.000 done_count=125
[upd 30] u=1 upd_ctr=4 opt_step=64 E=0.139 g=0.093 VarTD=0.155036 ret_end=-27.589 dbar_end=0.756 occ_end=0.168 CSR_train=0.000 done_count=125
[upd 40] u=1 upd_ctr=5 opt_step=80 E=0.133 g=0.099 VarTD=0.149977 ret_end=-27.211 dbar_end=0.738 occ_end=0.152 CSR_train=0.000 done_count=125
[upd 50] u=1 upd_ctr=6 opt_step=96 E=0.158 g=0.108 VarTD=0.152289 ret_end=-26.991 dbar_end=0.710 occ_end=0.208 CSR_train=0.000 done_count=125
[upd 60] u=0 upd_ctr=7 opt_step=112 E=0.240 g=0.113 VarTD=0.153603 ret_end=-26.186 dbar_end=0.693 occ_end=0.168 CSR_train=0.000 done_count=125
[upd 70] u=0 upd_ctr=8 opt_step=128 E=0.355 g=0.107 VarTD=0.158550 ret_end=-27.073 dbar_end=0.711 occ_end=0.152 CSR_train=0.000 done_count=125
[upd 80] u=0 upd_ctr=9 opt_step=144 E=0.509 g=0.116 VarTD=0.163959 ret_end=-26.213 dbar_end=0.685 occ_end=0.208 CSR_train=0.000 done_count=125
[upd 90] u=0 upd_ctr=10 opt_step=160 E=0.694 g=0.113 VarTD=0.150094 ret_end=-26.189 dbar_end=0.694 occ_end=0.168 CSR_train=0.000 done_count=125
[upd 100] u=0 upd_ctr=11 opt_step=176 E=0.897 g=0.122 VarTD=0.157550 ret_end=-25.675 dbar_end=0.669 occ_end=0.152 CSR_train=0.000 done_count=125
[upd 110] u=1 upd_ctr=13 opt_step=208 E=0.175 g=0.125 VarTD=0.183629 ret_end=-25.570 dbar_end=0.661 occ_end=0.208 CSR_train=0.000 done_count=125
[upd 120] u=0 upd_ctr=14 opt_step=224 E=0.418 g=0.116 VarTD=0.251069 ret_end=-26.231 dbar_end=0.685 occ_end=0.248 CSR_train=0.000 done_count=125
[upd 130] u=0 upd_ctr=15 opt_step=240 E=0.682 g=0.127 VarTD=0.245844 ret_end=-25.241 dbar_end=0.657 occ_end=0.250 CSR_train=0.000 done_count=100
[upd 140] u=0 upd_ctr=16 opt_step=256 E=0.967 g=0.126 VarTD=0.355653 ret_end=-25.563 dbar_end=0.659 occ_end=0.192 CSR_train=0.000 done_count=125
[upd 150] u=0 upd_ctr=18 opt_step=288 E=0.454 g=0.148 VarTD=0.453967 ret_end=-24.440 dbar_end=0.608 occ_end=0.232 CSR_train=0.000 done_count=125
[upd 160] u=0 upd_ctr=19 opt_step=304 E=0.913 g=0.144 VarTD=0.539296 ret_end=-25.162 dbar_end=0.618 occ_end=0.232 CSR_train=0.000 done_count=125
[upd 170] u=0 upd_ctr=21 opt_step=336 E=0.341 g=0.144 VarTD=0.659752 ret_end=-24.280 dbar_end=0.617 occ_end=0.256 CSR_train=0.000 done_count=125
[upd 180] u=0 upd_ctr=22 opt_step=352 E=0.827 g=0.174 VarTD=0.823744 ret_end=-23.360 dbar_end=0.557 occ_end=0.312 CSR_train=0.000 done_count=125
[upd 190] u=0 upd_ctr=24 opt_step=384 E=0.498 g=0.149 VarTD=1.039575 ret_end=-24.477 dbar_end=0.606 occ_end=0.216 CSR_train=0.000 done_count=125
[upd 200] u=1 upd_ctr=26 opt_step=416 E=0.222 g=0.172 VarTD=1.188684 ret_end=-23.225 dbar_end=0.560 occ_end=0.248 CSR_train=0.000 done_count=125
[upd 210] u=0 upd_ctr=27 opt_step=432 E=0.873 g=0.155 VarTD=1.438789 ret_end=-24.613 dbar_end=0.594 occ_end=0.288 CSR_train=0.000 done_count=125
[upd 220] u=0 upd_ctr=29 opt_step=464 E=0.557 g=0.177 VarTD=1.739893 ret_end=-23.704 dbar_end=0.552 occ_end=0.328 CSR_train=0.000 done_count=125
[upd 230] u=1 upd_ctr=31 opt_step=496 E=0.217 g=0.167 VarTD=1.911651 ret_end=-23.784 dbar_end=0.569 occ_end=0.240 CSR_train=0.000 done_count=125
[upd 240] u=0 upd_ctr=32 opt_step=512 E=0.906 g=0.161 VarTD=2.215415 ret_end=-24.024 dbar_end=0.582 occ_end=0.256 CSR_train=0.000 done_count=125
[upd 250] u=0 upd_ctr=34 opt_step=544 E=0.601 g=0.178 VarTD=2.574736 ret_end=-23.942 dbar_end=0.549 occ_end=0.240 CSR_train=0.000 done_count=125
[upd 260] u=1 upd_ctr=36 opt_step=576 E=0.202 g=0.152 VarTD=2.198885 ret_end=-24.727 dbar_end=0.601 occ_end=0.180 CSR_train=0.000 done_count=100
[upd 270] u=0 upd_ctr=37 opt_step=592 E=0.934 g=0.168 VarTD=3.070025 ret_end=-24.830 dbar_end=0.568 occ_end=0.344 CSR_train=0.000 done_count=125
[upd 280] u=0 upd_ctr=39 opt_step=624 E=0.574 g=0.174 VarTD=3.427817 ret_end=-24.121 dbar_end=0.557 occ_end=0.320 CSR_train=0.000 done_count=125
[upd 290] u=1 upd_ctr=41 opt_step=656 E=0.219 g=0.169 VarTD=3.608269 ret_end=-24.179 dbar_end=0.566 occ_end=0.312 CSR_train=0.000 done_count=125
[upd 300] u=0 upd_ctr=42 opt_step=672 E=0.937 g=0.177 VarTD=3.939983 ret_end=-23.562 dbar_end=0.551 occ_end=0.328 CSR_train=0.000 done_count=125
[upd 310] u=0 upd_ctr=44 opt_step=704 E=0.589 g=0.189 VarTD=4.276720 ret_end=-23.152 dbar_end=0.531 occ_end=0.320 CSR_train=0.000 done_count=125
[Gate5 check] update_counter violations: t0=0 diffs=0
[Gate5 check] opt_step violations: t0=0 diffs=0 (expected_inc=16)
[Gate5 check] NaN masking: nan_on_skip=True finite_on_update=True
[Gate5 summary] mean_update_fraction=0.1410 final_executed_updates_mean=44.00
[Gate5 eval] done_count mean=100.0 CSR mean=0.0000 len_end_mean=26.00
[Gate5 eval] episodes_per_env=4 T_eval=104
[Gate5 eval-debug] locked_eps_occ=0.20 pre(step25): dbar_end=0.455283 occupied_end_mean=0.430000 max_tilde_end_mean=0.643832 CSR@locked=0.000000
[Gate5 eval-debug] locked_eps_occ=0.20 post(step26): dbar_end=0.459916 occupied_end_mean=0.460000 max_tilde_end_mean=0.657547 CSR@locked=0.000000
[Gate5 eval-debug] CSR_pre@0.10=0.0000 CSR_pre@0.15=0.0000 CSR_pre@0.20=0.0000 CSR_pre@0.25=0.0100 CSR_pre@0.30=0.0400
[Gate5 eval-debug] CSR_post@0.10=0.0000 CSR_post@0.15=0.0000 CSR_post@0.20=0.0000 CSR_post@0.25=0.0200 CSR_post@0.30=0.0200
