Importing submoduled environments...
Submoduled environments not found. Skipping import.
[upd 0] u=1 upd_ctr=1 opt_step=16 E=0.017 g=0.084 VarTD=0.138136 ret_end=-27.863 dbar_end=0.788 occ_end=0.160 CSR_train=0.000 done_count=100
[upd 10] u=0 upd_ctr=1 opt_step=16 E=0.194 g=0.114 VarTD=0.122236 ret_end=-25.937 dbar_end=0.692 occ_end=0.192 CSR_train=0.000 done_count=125
[upd 20] u=0 upd_ctr=1 opt_step=16 E=0.379 g=0.091 VarTD=0.162561 ret_end=-27.447 dbar_end=0.763 occ_end=0.168 CSR_train=0.000 done_count=125
[upd 30] u=0 upd_ctr=1 opt_step=16 E=0.569 g=0.110 VarTD=0.157643 ret_end=-25.650 dbar_end=0.703 occ_end=0.208 CSR_train=0.000 done_count=125
[upd 40] u=0 upd_ctr=1 opt_step=16 E=0.756 g=0.098 VarTD=0.150958 ret_end=-26.318 dbar_end=0.738 occ_end=0.200 CSR_train=0.000 done_count=125
[upd 50] u=0 upd_ctr=1 opt_step=16 E=0.949 g=0.095 VarTD=0.159986 ret_end=-27.184 dbar_end=0.751 occ_end=0.136 CSR_train=0.000 done_count=125
[upd 60] u=0 upd_ctr=2 opt_step=32 E=0.144 g=0.107 VarTD=0.172993 ret_end=-27.685 dbar_end=0.710 occ_end=0.208 CSR_train=0.000 done_count=125
[upd 70] u=0 upd_ctr=2 opt_step=32 E=0.339 g=0.087 VarTD=0.175416 ret_end=-27.974 dbar_end=0.778 occ_end=0.128 CSR_train=0.000 done_count=125
[upd 80] u=0 upd_ctr=2 opt_step=32 E=0.539 g=0.101 VarTD=0.148289 ret_end=-27.022 dbar_end=0.730 occ_end=0.128 CSR_train=0.000 done_count=125
[upd 90] u=0 upd_ctr=2 opt_step=32 E=0.746 g=0.106 VarTD=0.147637 ret_end=-25.689 dbar_end=0.714 occ_end=0.232 CSR_train=0.000 done_count=125
[upd 100] u=0 upd_ctr=2 opt_step=32 E=0.950 g=0.111 VarTD=0.127921 ret_end=-25.690 dbar_end=0.700 occ_end=0.184 CSR_train=0.000 done_count=125
[upd 110] u=0 upd_ctr=3 opt_step=48 E=0.144 g=0.105 VarTD=0.146700 ret_end=-27.346 dbar_end=0.719 occ_end=0.168 CSR_train=0.000 done_count=125
[upd 120] u=0 upd_ctr=3 opt_step=48 E=0.354 g=0.100 VarTD=0.158597 ret_end=-26.624 dbar_end=0.734 occ_end=0.152 CSR_train=0.000 done_count=125
[upd 130] u=0 upd_ctr=3 opt_step=48 E=0.556 g=0.101 VarTD=0.149038 ret_end=-26.868 dbar_end=0.731 occ_end=0.260 CSR_train=0.000 done_count=100
[upd 140] u=0 upd_ctr=3 opt_step=48 E=0.767 g=0.105 VarTD=0.189090 ret_end=-27.260 dbar_end=0.717 occ_end=0.176 CSR_train=0.000 done_count=125
[upd 150] u=0 upd_ctr=3 opt_step=48 E=0.972 g=0.103 VarTD=0.132729 ret_end=-26.365 dbar_end=0.724 occ_end=0.104 CSR_train=0.000 done_count=125
[upd 160] u=0 upd_ctr=4 opt_step=64 E=0.177 g=0.109 VarTD=0.151159 ret_end=-26.643 dbar_end=0.707 occ_end=0.176 CSR_train=0.000 done_count=125
[upd 170] u=0 upd_ctr=4 opt_step=64 E=0.386 g=0.104 VarTD=0.143324 ret_end=-26.093 dbar_end=0.722 occ_end=0.160 CSR_train=0.000 done_count=125
[upd 180] u=0 upd_ctr=4 opt_step=64 E=0.590 g=0.109 VarTD=0.152059 ret_end=-26.512 dbar_end=0.706 occ_end=0.144 CSR_train=0.000 done_count=125
[upd 190] u=0 upd_ctr=4 opt_step=64 E=0.805 g=0.110 VarTD=0.140391 ret_end=-26.978 dbar_end=0.703 occ_end=0.144 CSR_train=0.000 done_count=125
[upd 200] u=0 upd_ctr=4 opt_step=64 E=1.000 g=0.110 VarTD=0.122035 ret_end=-25.921 dbar_end=0.703 occ_end=0.240 CSR_train=0.000 done_count=125
[upd 210] u=0 upd_ctr=5 opt_step=80 E=0.218 g=0.101 VarTD=0.138068 ret_end=-27.077 dbar_end=0.730 occ_end=0.160 CSR_train=0.000 done_count=125
[upd 220] u=0 upd_ctr=5 opt_step=80 E=0.434 g=0.101 VarTD=0.138732 ret_end=-27.218 dbar_end=0.732 occ_end=0.200 CSR_train=0.000 done_count=125
[upd 230] u=0 upd_ctr=5 opt_step=80 E=0.658 g=0.115 VarTD=0.131296 ret_end=-25.838 dbar_end=0.690 occ_end=0.184 CSR_train=0.000 done_count=125
[upd 240] u=0 upd_ctr=5 opt_step=80 E=0.875 g=0.107 VarTD=0.134916 ret_end=-26.328 dbar_end=0.713 occ_end=0.176 CSR_train=0.000 done_count=125
[upd 250] u=0 upd_ctr=6 opt_step=96 E=0.091 g=0.126 VarTD=0.132384 ret_end=-26.103 dbar_end=0.661 occ_end=0.160 CSR_train=0.000 done_count=125
[upd 260] u=0 upd_ctr=6 opt_step=96 E=0.316 g=0.097 VarTD=0.175535 ret_end=-27.253 dbar_end=0.743 occ_end=0.160 CSR_train=0.000 done_count=100
[upd 270] u=0 upd_ctr=6 opt_step=96 E=0.535 g=0.113 VarTD=0.128572 ret_end=-25.906 dbar_end=0.695 occ_end=0.192 CSR_train=0.000 done_count=125
[upd 280] u=0 upd_ctr=6 opt_step=96 E=0.760 g=0.109 VarTD=0.151922 ret_end=-27.312 dbar_end=0.706 occ_end=0.160 CSR_train=0.000 done_count=125
[upd 290] u=0 upd_ctr=6 opt_step=96 E=0.986 g=0.126 VarTD=0.131642 ret_end=-24.818 dbar_end=0.659 occ_end=0.184 CSR_train=0.000 done_count=125
[upd 300] u=0 upd_ctr=7 opt_step=112 E=0.205 g=0.114 VarTD=0.146464 ret_end=-26.990 dbar_end=0.691 occ_end=0.168 CSR_train=0.000 done_count=125
[upd 310] u=0 upd_ctr=7 opt_step=112 E=0.441 g=0.111 VarTD=0.130672 ret_end=-26.247 dbar_end=0.700 occ_end=0.192 CSR_train=0.000 done_count=125
[Gate5 check] update_counter violations: t0=0 diffs=0
[Gate5 check] opt_step violations: t0=0 diffs=0 (expected_inc=16)
[Gate5 check] NaN masking: nan_on_skip=True finite_on_update=True
[Gate5 summary] mean_update_fraction=0.0224 final_executed_updates_mean=7.00
[Gate5 eval] done_count mean=100.0 CSR mean=0.0000 len_end_mean=26.00
[Gate5 eval] episodes_per_env=4 T_eval=104
[Gate5 eval-debug] locked_eps_occ=0.20 pre(step25): dbar_end=0.499727 occupied_end_mean=0.480000 max_tilde_end_mean=0.750495 CSR@locked=0.010000
[Gate5 eval-debug] locked_eps_occ=0.20 post(step26): dbar_end=0.502852 occupied_end_mean=0.450000 max_tilde_end_mean=0.744635 CSR@locked=0.000000
[Gate5 eval-debug] CSR_pre@0.10=0.0000 CSR_pre@0.15=0.0000 CSR_pre@0.20=0.0100 CSR_pre@0.25=0.0100 CSR_pre@0.30=0.0100
[Gate5 eval-debug] CSR_post@0.10=0.0000 CSR_post@0.15=0.0000 CSR_post@0.20=0.0000 CSR_post@0.25=0.0200 CSR_post@0.30=0.0400
