Importing submoduled environments...
Submoduled environments not found. Skipping import.
[upd 0] u=1 upd_ctr=1 opt_step=16 E=0.060 g=0.086 VarTD=0.176520 ret_end=-28.138 dbar_end=0.781 occ_end=0.160 CSR_train=0.000 done_count=100
[upd 10] u=0 upd_ctr=1 opt_step=16 E=0.703 g=0.084 VarTD=0.149910 ret_end=-27.579 dbar_end=0.789 occ_end=0.128 CSR_train=0.000 done_count=125
[upd 20] u=0 upd_ctr=2 opt_step=32 E=0.350 g=0.111 VarTD=0.158136 ret_end=-26.899 dbar_end=0.701 occ_end=0.208 CSR_train=0.000 done_count=125
[upd 30] u=0 upd_ctr=2 opt_step=32 E=1.000 g=0.096 VarTD=0.155368 ret_end=-26.257 dbar_end=0.748 occ_end=0.128 CSR_train=0.000 done_count=125
[upd 40] u=0 upd_ctr=3 opt_step=48 E=0.707 g=0.105 VarTD=0.153520 ret_end=-26.401 dbar_end=0.719 occ_end=0.144 CSR_train=0.000 done_count=125
[upd 50] u=0 upd_ctr=4 opt_step=64 E=0.461 g=0.106 VarTD=0.149350 ret_end=-26.493 dbar_end=0.715 occ_end=0.216 CSR_train=0.000 done_count=125
[upd 60] u=0 upd_ctr=5 opt_step=80 E=0.147 g=0.104 VarTD=0.137854 ret_end=-26.375 dbar_end=0.720 occ_end=0.152 CSR_train=0.000 done_count=125
[upd 70] u=0 upd_ctr=5 opt_step=80 E=0.871 g=0.104 VarTD=0.145412 ret_end=-26.583 dbar_end=0.722 occ_end=0.160 CSR_train=0.000 done_count=125
[upd 80] u=0 upd_ctr=6 opt_step=96 E=0.649 g=0.127 VarTD=0.159102 ret_end=-25.529 dbar_end=0.658 occ_end=0.240 CSR_train=0.000 done_count=125
[upd 90] u=0 upd_ctr=7 opt_step=112 E=0.385 g=0.121 VarTD=0.168027 ret_end=-26.020 dbar_end=0.672 occ_end=0.152 CSR_train=0.000 done_count=125
[upd 100] u=0 upd_ctr=8 opt_step=128 E=0.161 g=0.107 VarTD=0.168087 ret_end=-26.338 dbar_end=0.711 occ_end=0.200 CSR_train=0.000 done_count=125
[upd 110] u=0 upd_ctr=8 opt_step=128 E=1.000 g=0.131 VarTD=0.151816 ret_end=-25.325 dbar_end=0.648 occ_end=0.224 CSR_train=0.000 done_count=125
[upd 120] u=0 upd_ctr=9 opt_step=144 E=0.886 g=0.132 VarTD=0.160250 ret_end=-25.952 dbar_end=0.645 occ_end=0.256 CSR_train=0.000 done_count=125
[Gate5 check] update_counter violations: t0=0 diffs=0
[Gate5 check] opt_step violations: t0=0 diffs=0 (expected_inc=16)
[Gate5 check] NaN masking: nan_on_skip=True finite_on_update=True
[Gate5 summary] mean_update_fraction=0.0800 final_executed_updates_mean=10.00
[Gate5 eval] done_count mean=100.0 CSR mean=0.0000 len_end_mean=26.00
[Gate5 eval] episodes_per_env=4 T_eval=104
[Gate5 eval-debug] locked_eps_occ=0.20 pre(step25): dbar_end=0.538362 occupied_end_mean=0.300000 max_tilde_end_mean=0.755632 CSR@locked=0.000000
[Gate5 eval-debug] locked_eps_occ=0.20 post(step26): dbar_end=0.534946 occupied_end_mean=0.280000 max_tilde_end_mean=0.759045 CSR@locked=0.000000
[Gate5 eval-debug] CSR_pre@0.10=0.0000 CSR_pre@0.15=0.0000 CSR_pre@0.20=0.0000 CSR_pre@0.25=0.0000 CSR_pre@0.30=0.0000
[Gate5 eval-debug] CSR_post@0.10=0.0000 CSR_post@0.15=0.0000 CSR_post@0.20=0.0000 CSR_post@0.25=0.0000 CSR_post@0.30=0.0100
