Importing submoduled environments...
Submoduled environments not found. Skipping import.
[upd 0] u=1 upd_ctr=1 opt_step=16 E=0.033 g=0.083 VarTD=0.159821 ret_end=-27.605 dbar_end=0.794 occ_end=0.110 CSR_train=0.000 done_count=100
[upd 10] u=0 upd_ctr=1 opt_step=16 E=0.391 g=0.089 VarTD=0.166459 ret_end=-27.505 dbar_end=0.772 occ_end=0.192 CSR_train=0.000 done_count=125
[upd 20] u=0 upd_ctr=1 opt_step=16 E=0.750 g=0.091 VarTD=0.173849 ret_end=-27.263 dbar_end=0.763 occ_end=0.144 CSR_train=0.000 done_count=125
[upd 30] u=0 upd_ctr=2 opt_step=32 E=0.072 g=0.099 VarTD=0.159390 ret_end=-26.759 dbar_end=0.738 occ_end=0.144 CSR_train=0.008 done_count=125
[upd 40] u=0 upd_ctr=2 opt_step=32 E=0.437 g=0.097 VarTD=0.144738 ret_end=-27.357 dbar_end=0.743 occ_end=0.168 CSR_train=0.000 done_count=125
[upd 50] u=0 upd_ctr=2 opt_step=32 E=0.817 g=0.084 VarTD=0.161636 ret_end=-28.340 dbar_end=0.790 occ_end=0.128 CSR_train=0.000 done_count=125
[upd 60] u=0 upd_ctr=3 opt_step=48 E=0.186 g=0.090 VarTD=0.151419 ret_end=-27.579 dbar_end=0.766 occ_end=0.160 CSR_train=0.000 done_count=125
[upd 70] u=0 upd_ctr=3 opt_step=48 E=0.580 g=0.103 VarTD=0.149989 ret_end=-26.615 dbar_end=0.724 occ_end=0.168 CSR_train=0.000 done_count=125
[upd 80] u=0 upd_ctr=3 opt_step=48 E=0.980 g=0.095 VarTD=0.151390 ret_end=-27.347 dbar_end=0.751 occ_end=0.152 CSR_train=0.000 done_count=125
[upd 90] u=0 upd_ctr=4 opt_step=64 E=0.382 g=0.123 VarTD=0.153897 ret_end=-26.315 dbar_end=0.668 occ_end=0.160 CSR_train=0.000 done_count=125
[upd 100] u=0 upd_ctr=4 opt_step=64 E=0.807 g=0.099 VarTD=0.162872 ret_end=-27.990 dbar_end=0.736 occ_end=0.144 CSR_train=0.000 done_count=125
[upd 110] u=0 upd_ctr=5 opt_step=80 E=0.229 g=0.112 VarTD=0.168326 ret_end=-25.801 dbar_end=0.698 occ_end=0.136 CSR_train=0.000 done_count=125
[upd 120] u=0 upd_ctr=5 opt_step=80 E=0.684 g=0.118 VarTD=0.129530 ret_end=-25.899 dbar_end=0.682 occ_end=0.176 CSR_train=0.000 done_count=125
[upd 130] u=0 upd_ctr=6 opt_step=96 E=0.143 g=0.121 VarTD=0.172878 ret_end=-26.223 dbar_end=0.672 occ_end=0.130 CSR_train=0.000 done_count=100
[upd 140] u=0 upd_ctr=6 opt_step=96 E=0.614 g=0.128 VarTD=0.151113 ret_end=-26.173 dbar_end=0.655 occ_end=0.264 CSR_train=0.000 done_count=125
[upd 150] u=1 upd_ctr=7 opt_step=112 E=0.048 g=0.121 VarTD=0.159856 ret_end=-26.451 dbar_end=0.673 occ_end=0.200 CSR_train=0.000 done_count=125
[upd 160] u=0 upd_ctr=7 opt_step=112 E=0.516 g=0.116 VarTD=0.171608 ret_end=-25.995 dbar_end=0.685 occ_end=0.160 CSR_train=0.000 done_count=125
[upd 170] u=0 upd_ctr=7 opt_step=112 E=0.972 g=0.108 VarTD=0.167031 ret_end=-26.449 dbar_end=0.708 occ_end=0.200 CSR_train=0.000 done_count=125
[upd 180] u=0 upd_ctr=8 opt_step=128 E=0.418 g=0.111 VarTD=0.175986 ret_end=-26.780 dbar_end=0.701 occ_end=0.168 CSR_train=0.000 done_count=125
[upd 190] u=0 upd_ctr=8 opt_step=128 E=0.899 g=0.114 VarTD=0.178128 ret_end=-26.894 dbar_end=0.691 occ_end=0.144 CSR_train=0.000 done_count=125
[upd 200] u=0 upd_ctr=9 opt_step=144 E=0.330 g=0.116 VarTD=0.171453 ret_end=-25.743 dbar_end=0.686 occ_end=0.176 CSR_train=0.000 done_count=125
[upd 210] u=0 upd_ctr=9 opt_step=144 E=0.815 g=0.116 VarTD=0.162224 ret_end=-26.932 dbar_end=0.687 occ_end=0.232 CSR_train=0.000 done_count=125
[upd 220] u=0 upd_ctr=10 opt_step=160 E=0.300 g=0.130 VarTD=0.165696 ret_end=-25.485 dbar_end=0.650 occ_end=0.192 CSR_train=0.000 done_count=125
[upd 230] u=0 upd_ctr=10 opt_step=160 E=0.797 g=0.119 VarTD=0.183182 ret_end=-27.381 dbar_end=0.678 occ_end=0.232 CSR_train=0.000 done_count=125
[upd 240] u=0 upd_ctr=11 opt_step=176 E=0.289 g=0.111 VarTD=0.183738 ret_end=-26.305 dbar_end=0.700 occ_end=0.160 CSR_train=0.000 done_count=125
[upd 250] u=0 upd_ctr=11 opt_step=176 E=0.784 g=0.118 VarTD=0.185567 ret_end=-26.908 dbar_end=0.681 occ_end=0.200 CSR_train=0.000 done_count=125
[upd 260] u=0 upd_ctr=12 opt_step=192 E=0.253 g=0.142 VarTD=0.171658 ret_end=-24.591 dbar_end=0.622 occ_end=0.250 CSR_train=0.000 done_count=100
[upd 270] u=0 upd_ctr=12 opt_step=192 E=0.771 g=0.124 VarTD=0.178000 ret_end=-25.212 dbar_end=0.664 occ_end=0.160 CSR_train=0.000 done_count=125
[upd 280] u=0 upd_ctr=13 opt_step=208 E=0.249 g=0.135 VarTD=0.220499 ret_end=-25.738 dbar_end=0.638 occ_end=0.208 CSR_train=0.000 done_count=125
[upd 290] u=0 upd_ctr=13 opt_step=208 E=0.762 g=0.129 VarTD=0.229410 ret_end=-26.173 dbar_end=0.653 occ_end=0.176 CSR_train=0.000 done_count=125
[upd 300] u=0 upd_ctr=14 opt_step=224 E=0.264 g=0.133 VarTD=0.252321 ret_end=-25.581 dbar_end=0.643 occ_end=0.200 CSR_train=0.008 done_count=125
[upd 310] u=0 upd_ctr=14 opt_step=224 E=0.809 g=0.128 VarTD=0.256070 ret_end=-25.070 dbar_end=0.656 occ_end=0.192 CSR_train=0.000 done_count=125
[Gate5 check] update_counter violations: t0=0 diffs=0
[Gate5 check] opt_step violations: t0=0 diffs=0 (expected_inc=16)
[Gate5 check] NaN masking: nan_on_skip=True finite_on_update=True
[Gate5 summary] mean_update_fraction=0.0449 final_executed_updates_mean=14.00
[Gate5 eval] done_count mean=100.0 CSR mean=0.0000 len_end_mean=26.00
[Gate5 eval] episodes_per_env=4 T_eval=104
[Gate5 eval-debug] locked_eps_occ=0.20 pre(step25): dbar_end=0.475064 occupied_end_mean=0.450000 max_tilde_end_mean=0.670475 CSR@locked=0.000000
[Gate5 eval-debug] locked_eps_occ=0.20 post(step26): dbar_end=0.479967 occupied_end_mean=0.480000 max_tilde_end_mean=0.673497 CSR@locked=0.000000
[Gate5 eval-debug] CSR_pre@0.10=0.0000 CSR_pre@0.15=0.0000 CSR_pre@0.20=0.0000 CSR_pre@0.25=0.0100 CSR_pre@0.30=0.0300
[Gate5 eval-debug] CSR_post@0.10=0.0000 CSR_post@0.15=0.0000 CSR_post@0.20=0.0000 CSR_post@0.25=0.0100 CSR_post@0.30=0.0200
