Importing submoduled environments...
Submoduled environments not found. Skipping import.
[upd 0] u=1 upd_ctr=1 opt_step=16 E=0.067 g=0.084 VarTD=0.159484 ret_end=-27.958 dbar_end=0.788 occ_end=0.180 CSR_train=0.000 done_count=100
[upd 10] u=0 upd_ctr=1 opt_step=16 E=0.253 g=0.095 VarTD=0.154696 ret_end=-26.642 dbar_end=0.751 occ_end=0.136 CSR_train=0.000 done_count=125
[upd 20] u=0 upd_ctr=1 opt_step=16 E=0.436 g=0.095 VarTD=0.129269 ret_end=-26.530 dbar_end=0.751 occ_end=0.184 CSR_train=0.000 done_count=125
[upd 30] u=0 upd_ctr=1 opt_step=16 E=0.617 g=0.093 VarTD=0.169387 ret_end=-27.196 dbar_end=0.756 occ_end=0.152 CSR_train=0.000 done_count=125
[upd 40] u=0 upd_ctr=1 opt_step=16 E=0.800 g=0.096 VarTD=0.152425 ret_end=-27.501 dbar_end=0.747 occ_end=0.224 CSR_train=0.000 done_count=125
[upd 50] u=0 upd_ctr=2 opt_step=32 E=0.046 g=0.100 VarTD=0.133604 ret_end=-26.983 dbar_end=0.734 occ_end=0.128 CSR_train=0.000 done_count=125
[upd 60] u=0 upd_ctr=2 opt_step=32 E=0.241 g=0.095 VarTD=0.146285 ret_end=-27.693 dbar_end=0.751 occ_end=0.136 CSR_train=0.000 done_count=125
[upd 70] u=0 upd_ctr=2 opt_step=32 E=0.434 g=0.093 VarTD=0.172065 ret_end=-27.636 dbar_end=0.756 occ_end=0.152 CSR_train=0.000 done_count=125
[upd 80] u=0 upd_ctr=2 opt_step=32 E=0.634 g=0.107 VarTD=0.135781 ret_end=-26.243 dbar_end=0.711 occ_end=0.184 CSR_train=0.000 done_count=125
[upd 90] u=0 upd_ctr=2 opt_step=32 E=0.833 g=0.101 VarTD=0.138750 ret_end=-27.099 dbar_end=0.731 occ_end=0.176 CSR_train=0.000 done_count=125
[upd 100] u=0 upd_ctr=3 opt_step=48 E=0.088 g=0.113 VarTD=0.119793 ret_end=-25.547 dbar_end=0.693 occ_end=0.216 CSR_train=0.000 done_count=125
[upd 110] u=0 upd_ctr=3 opt_step=48 E=0.300 g=0.121 VarTD=0.138378 ret_end=-25.785 dbar_end=0.674 occ_end=0.192 CSR_train=0.000 done_count=125
[upd 120] u=0 upd_ctr=3 opt_step=48 E=0.503 g=0.112 VarTD=0.134482 ret_end=-26.028 dbar_end=0.696 occ_end=0.120 CSR_train=0.000 done_count=125
[upd 130] u=0 upd_ctr=3 opt_step=48 E=0.714 g=0.111 VarTD=0.126563 ret_end=-26.412 dbar_end=0.700 occ_end=0.210 CSR_train=0.000 done_count=100
[upd 140] u=0 upd_ctr=3 opt_step=48 E=0.920 g=0.111 VarTD=0.144766 ret_end=-26.416 dbar_end=0.701 occ_end=0.144 CSR_train=0.000 done_count=125
[upd 150] u=0 upd_ctr=4 opt_step=64 E=0.184 g=0.109 VarTD=0.140572 ret_end=-26.728 dbar_end=0.707 occ_end=0.232 CSR_train=0.000 done_count=125
[upd 160] u=0 upd_ctr=4 opt_step=64 E=0.418 g=0.111 VarTD=0.119717 ret_end=-24.789 dbar_end=0.700 occ_end=0.160 CSR_train=0.000 done_count=125
[upd 170] u=0 upd_ctr=4 opt_step=64 E=0.631 g=0.096 VarTD=0.146439 ret_end=-27.352 dbar_end=0.746 occ_end=0.192 CSR_train=0.000 done_count=125
[upd 180] u=0 upd_ctr=4 opt_step=64 E=0.849 g=0.112 VarTD=0.148211 ret_end=-25.723 dbar_end=0.697 occ_end=0.192 CSR_train=0.000 done_count=125
[upd 190] u=0 upd_ctr=5 opt_step=80 E=0.118 g=0.108 VarTD=0.147886 ret_end=-27.159 dbar_end=0.708 occ_end=0.176 CSR_train=0.000 done_count=125
[upd 200] u=0 upd_ctr=5 opt_step=80 E=0.347 g=0.123 VarTD=0.140015 ret_end=-24.892 dbar_end=0.666 occ_end=0.152 CSR_train=0.000 done_count=125
[upd 210] u=0 upd_ctr=5 opt_step=80 E=0.570 g=0.117 VarTD=0.143967 ret_end=-25.689 dbar_end=0.684 occ_end=0.152 CSR_train=0.000 done_count=125
[upd 220] u=0 upd_ctr=5 opt_step=80 E=0.802 g=0.129 VarTD=0.125514 ret_end=-24.967 dbar_end=0.652 occ_end=0.216 CSR_train=0.000 done_count=125
[upd 230] u=0 upd_ctr=6 opt_step=96 E=0.076 g=0.099 VarTD=0.186006 ret_end=-27.328 dbar_end=0.737 occ_end=0.160 CSR_train=0.000 done_count=125
[upd 240] u=0 upd_ctr=6 opt_step=96 E=0.317 g=0.127 VarTD=0.133848 ret_end=-25.635 dbar_end=0.658 occ_end=0.280 CSR_train=0.000 done_count=125
[upd 250] u=0 upd_ctr=6 opt_step=96 E=0.540 g=0.106 VarTD=0.183447 ret_end=-26.734 dbar_end=0.716 occ_end=0.240 CSR_train=0.008 done_count=125
[upd 260] u=0 upd_ctr=6 opt_step=96 E=0.770 g=0.112 VarTD=0.151608 ret_end=-26.814 dbar_end=0.696 occ_end=0.200 CSR_train=0.000 done_count=100
[upd 270] u=0 upd_ctr=7 opt_step=112 E=0.055 g=0.123 VarTD=0.163920 ret_end=-25.627 dbar_end=0.667 occ_end=0.208 CSR_train=0.000 done_count=125
[upd 280] u=0 upd_ctr=7 opt_step=112 E=0.302 g=0.127 VarTD=0.151588 ret_end=-25.642 dbar_end=0.658 occ_end=0.240 CSR_train=0.000 done_count=125
[upd 290] u=0 upd_ctr=7 opt_step=112 E=0.546 g=0.118 VarTD=0.142875 ret_end=-26.314 dbar_end=0.680 occ_end=0.200 CSR_train=0.000 done_count=125
[upd 300] u=0 upd_ctr=7 opt_step=112 E=0.792 g=0.115 VarTD=0.151887 ret_end=-26.678 dbar_end=0.690 occ_end=0.176 CSR_train=0.000 done_count=125
[upd 310] u=0 upd_ctr=8 opt_step=128 E=0.087 g=0.126 VarTD=0.148833 ret_end=-25.958 dbar_end=0.660 occ_end=0.216 CSR_train=0.000 done_count=125
[Gate5 check] update_counter violations: t0=0 diffs=0
[Gate5 check] opt_step violations: t0=0 diffs=0 (expected_inc=16)
[Gate5 check] NaN masking: nan_on_skip=True finite_on_update=True
[Gate5 summary] mean_update_fraction=0.0256 final_executed_updates_mean=8.00
[Gate5 eval] done_count mean=100.0 CSR mean=0.0000 len_end_mean=26.00
[Gate5 eval] episodes_per_env=4 T_eval=104
[Gate5 eval-debug] locked_eps_occ=0.20 pre(step25): dbar_end=0.497834 occupied_end_mean=0.390000 max_tilde_end_mean=0.717570 CSR@locked=0.000000
[Gate5 eval-debug] locked_eps_occ=0.20 post(step26): dbar_end=0.503439 occupied_end_mean=0.400000 max_tilde_end_mean=0.722116 CSR@locked=0.000000
[Gate5 eval-debug] CSR_pre@0.10=0.0000 CSR_pre@0.15=0.0000 CSR_pre@0.20=0.0000 CSR_pre@0.25=0.0200 CSR_pre@0.30=0.0200
[Gate5 eval-debug] CSR_post@0.10=0.0000 CSR_post@0.15=0.0000 CSR_post@0.20=0.0000 CSR_post@0.25=0.0200 CSR_post@0.30=0.0200
