Importing submoduled environments...
Submoduled environments not found. Skipping import.
[upd 0] u=1 upd_ctr=1 opt_step=16 E=0.009 g=0.093 VarTD=0.145852 ret_end=-27.154 dbar_end=0.757 occ_end=0.170 CSR_train=0.000 done_count=100
[upd 10] u=0 upd_ctr=1 opt_step=16 E=0.102 g=0.084 VarTD=0.153180 ret_end=-27.639 dbar_end=0.787 occ_end=0.144 CSR_train=0.008 done_count=125
[upd 20] u=0 upd_ctr=1 opt_step=16 E=0.196 g=0.095 VarTD=0.155754 ret_end=-27.101 dbar_end=0.751 occ_end=0.208 CSR_train=0.000 done_count=125
[upd 30] u=0 upd_ctr=1 opt_step=16 E=0.286 g=0.089 VarTD=0.148881 ret_end=-27.244 dbar_end=0.771 occ_end=0.120 CSR_train=0.000 done_count=125
[upd 40] u=0 upd_ctr=1 opt_step=16 E=0.381 g=0.083 VarTD=0.168381 ret_end=-28.086 dbar_end=0.793 occ_end=0.112 CSR_train=0.000 done_count=125
[upd 50] u=0 upd_ctr=1 opt_step=16 E=0.474 g=0.100 VarTD=0.164856 ret_end=-27.094 dbar_end=0.735 occ_end=0.184 CSR_train=0.000 done_count=125
[upd 60] u=0 upd_ctr=1 opt_step=16 E=0.568 g=0.097 VarTD=0.158558 ret_end=-26.662 dbar_end=0.743 occ_end=0.208 CSR_train=0.000 done_count=125
[upd 70] u=0 upd_ctr=1 opt_step=16 E=0.660 g=0.084 VarTD=0.170653 ret_end=-28.483 dbar_end=0.787 occ_end=0.128 CSR_train=0.000 done_count=125
[upd 80] u=0 upd_ctr=1 opt_step=16 E=0.752 g=0.088 VarTD=0.151947 ret_end=-27.566 dbar_end=0.776 occ_end=0.176 CSR_train=0.000 done_count=125
[upd 90] u=0 upd_ctr=1 opt_step=16 E=0.843 g=0.091 VarTD=0.155682 ret_end=-27.687 dbar_end=0.763 occ_end=0.168 CSR_train=0.000 done_count=125
[upd 100] u=0 upd_ctr=1 opt_step=16 E=0.935 g=0.103 VarTD=0.131161 ret_end=-26.504 dbar_end=0.725 occ_end=0.144 CSR_train=0.000 done_count=125
[upd 110] u=0 upd_ctr=2 opt_step=32 E=0.018 g=0.093 VarTD=0.168468 ret_end=-26.820 dbar_end=0.757 occ_end=0.176 CSR_train=0.000 done_count=125
[upd 120] u=0 upd_ctr=2 opt_step=32 E=0.111 g=0.085 VarTD=0.144876 ret_end=-27.556 dbar_end=0.784 occ_end=0.128 CSR_train=0.000 done_count=125
[upd 130] u=0 upd_ctr=2 opt_step=32 E=0.210 g=0.109 VarTD=0.148369 ret_end=-26.108 dbar_end=0.706 occ_end=0.220 CSR_train=0.000 done_count=100
[upd 140] u=0 upd_ctr=2 opt_step=32 E=0.306 g=0.100 VarTD=0.135988 ret_end=-26.773 dbar_end=0.734 occ_end=0.200 CSR_train=0.000 done_count=125
[upd 150] u=0 upd_ctr=2 opt_step=32 E=0.404 g=0.108 VarTD=0.144793 ret_end=-26.613 dbar_end=0.708 occ_end=0.192 CSR_train=0.000 done_count=125
[upd 160] u=0 upd_ctr=2 opt_step=32 E=0.499 g=0.102 VarTD=0.148649 ret_end=-26.545 dbar_end=0.726 occ_end=0.160 CSR_train=0.000 done_count=125
[upd 170] u=0 upd_ctr=2 opt_step=32 E=0.598 g=0.100 VarTD=0.133778 ret_end=-26.426 dbar_end=0.733 occ_end=0.160 CSR_train=0.000 done_count=125
[upd 180] u=0 upd_ctr=2 opt_step=32 E=0.695 g=0.093 VarTD=0.145073 ret_end=-27.096 dbar_end=0.757 occ_end=0.096 CSR_train=0.000 done_count=125
[upd 190] u=0 upd_ctr=2 opt_step=32 E=0.790 g=0.096 VarTD=0.160567 ret_end=-26.810 dbar_end=0.745 occ_end=0.152 CSR_train=0.000 done_count=125
[upd 200] u=0 upd_ctr=2 opt_step=32 E=0.883 g=0.095 VarTD=0.136615 ret_end=-27.974 dbar_end=0.749 occ_end=0.136 CSR_train=0.000 done_count=125
[upd 210] u=0 upd_ctr=2 opt_step=32 E=0.985 g=0.094 VarTD=0.148310 ret_end=-27.688 dbar_end=0.753 occ_end=0.152 CSR_train=0.000 done_count=125
[upd 220] u=0 upd_ctr=3 opt_step=48 E=0.080 g=0.098 VarTD=0.154003 ret_end=-27.480 dbar_end=0.741 occ_end=0.192 CSR_train=0.000 done_count=125
[upd 230] u=0 upd_ctr=3 opt_step=48 E=0.182 g=0.106 VarTD=0.150559 ret_end=-26.876 dbar_end=0.715 occ_end=0.232 CSR_train=0.000 done_count=125
[upd 240] u=0 upd_ctr=3 opt_step=48 E=0.283 g=0.093 VarTD=0.137176 ret_end=-28.151 dbar_end=0.757 occ_end=0.144 CSR_train=0.000 done_count=125
[upd 250] u=0 upd_ctr=3 opt_step=48 E=0.382 g=0.101 VarTD=0.135773 ret_end=-27.639 dbar_end=0.731 occ_end=0.240 CSR_train=0.000 done_count=125
[upd 260] u=0 upd_ctr=3 opt_step=48 E=0.481 g=0.091 VarTD=0.156706 ret_end=-27.975 dbar_end=0.765 occ_end=0.100 CSR_train=0.000 done_count=100
[upd 270] u=0 upd_ctr=3 opt_step=48 E=0.580 g=0.100 VarTD=0.139245 ret_end=-27.713 dbar_end=0.733 occ_end=0.200 CSR_train=0.000 done_count=125
[upd 280] u=0 upd_ctr=3 opt_step=48 E=0.683 g=0.114 VarTD=0.128341 ret_end=-26.249 dbar_end=0.691 occ_end=0.264 CSR_train=0.000 done_count=125
[upd 290] u=0 upd_ctr=3 opt_step=48 E=0.778 g=0.095 VarTD=0.126390 ret_end=-27.027 dbar_end=0.751 occ_end=0.168 CSR_train=0.000 done_count=125
[upd 300] u=0 upd_ctr=3 opt_step=48 E=0.880 g=0.111 VarTD=0.126332 ret_end=-25.927 dbar_end=0.701 occ_end=0.208 CSR_train=0.000 done_count=125
[upd 310] u=0 upd_ctr=3 opt_step=48 E=0.979 g=0.098 VarTD=0.160745 ret_end=-26.999 dbar_end=0.740 occ_end=0.176 CSR_train=0.000 done_count=125
[Gate5 check] update_counter violations: t0=0 diffs=0
[Gate5 check] opt_step violations: t0=0 diffs=0 (expected_inc=16)
[Gate5 check] NaN masking: nan_on_skip=True finite_on_update=True
[Gate5 summary] mean_update_fraction=0.0096 final_executed_updates_mean=3.00
[Gate5 eval] done_count mean=100.0 CSR mean=0.0000 len_end_mean=26.00
[Gate5 eval] episodes_per_env=4 T_eval=104
[Gate5 eval-debug] locked_eps_occ=0.20 pre(step25): dbar_end=0.534299 occupied_end_mean=0.320000 max_tilde_end_mean=0.782010 CSR@locked=0.000000
[Gate5 eval-debug] locked_eps_occ=0.20 post(step26): dbar_end=0.529174 occupied_end_mean=0.340000 max_tilde_end_mean=0.776882 CSR@locked=0.000000
[Gate5 eval-debug] CSR_pre@0.10=0.0000 CSR_pre@0.15=0.0000 CSR_pre@0.20=0.0000 CSR_pre@0.25=0.0100 CSR_pre@0.30=0.0100
[Gate5 eval-debug] CSR_post@0.10=0.0000 CSR_post@0.15=0.0000 CSR_post@0.20=0.0000 CSR_post@0.25=0.0100 CSR_post@0.30=0.0100
