Importing submoduled environments...
Submoduled environments not found. Skipping import.
[upd 0] u=1 upd_ctr=1 opt_step=16 E=0.078 g=0.087 VarTD=0.161819 ret_end=-28.699 dbar_end=0.778 occ_end=0.120 CSR_train=0.000 done_count=100
[upd 10] u=0 upd_ctr=1 opt_step=16 E=0.873 g=0.081 VarTD=0.173819 ret_end=-28.772 dbar_end=0.801 occ_end=0.160 CSR_train=0.000 done_count=125
[upd 20] u=0 upd_ctr=2 opt_step=32 E=0.691 g=0.088 VarTD=0.139367 ret_end=-27.007 dbar_end=0.776 occ_end=0.128 CSR_train=0.000 done_count=125
[upd 30] u=0 upd_ctr=3 opt_step=48 E=0.541 g=0.119 VarTD=0.132687 ret_end=-25.601 dbar_end=0.677 occ_end=0.192 CSR_train=0.000 done_count=125
[upd 40] u=0 upd_ctr=4 opt_step=64 E=0.386 g=0.103 VarTD=0.128665 ret_end=-26.286 dbar_end=0.724 occ_end=0.168 CSR_train=0.000 done_count=125
[upd 50] u=0 upd_ctr=5 opt_step=80 E=0.304 g=0.113 VarTD=0.163684 ret_end=-26.728 dbar_end=0.693 occ_end=0.216 CSR_train=0.000 done_count=125
[upd 60] u=0 upd_ctr=6 opt_step=96 E=0.193 g=0.109 VarTD=0.167371 ret_end=-27.134 dbar_end=0.706 occ_end=0.144 CSR_train=0.000 done_count=125
[upd 70] u=0 upd_ctr=7 opt_step=112 E=0.223 g=0.125 VarTD=0.139260 ret_end=-25.824 dbar_end=0.662 occ_end=0.192 CSR_train=0.000 done_count=125
[upd 80] u=0 upd_ctr=8 opt_step=128 E=0.187 g=0.100 VarTD=0.154211 ret_end=-27.975 dbar_end=0.734 occ_end=0.120 CSR_train=0.000 done_count=125
[upd 90] u=0 upd_ctr=9 opt_step=144 E=0.201 g=0.101 VarTD=0.217547 ret_end=-27.290 dbar_end=0.731 occ_end=0.104 CSR_train=0.000 done_count=125
[upd 100] u=0 upd_ctr=10 opt_step=160 E=0.199 g=0.108 VarTD=0.176559 ret_end=-26.353 dbar_end=0.707 occ_end=0.144 CSR_train=0.000 done_count=125
[upd 110] u=0 upd_ctr=11 opt_step=176 E=0.349 g=0.118 VarTD=0.187978 ret_end=-26.439 dbar_end=0.681 occ_end=0.232 CSR_train=0.000 done_count=125
[upd 120] u=0 upd_ctr=12 opt_step=192 E=0.475 g=0.131 VarTD=0.160572 ret_end=-24.735 dbar_end=0.648 occ_end=0.192 CSR_train=0.000 done_count=125
[Gate5 check] update_counter violations: t0=0 diffs=0
[Gate5 check] opt_step violations: t0=0 diffs=0 (expected_inc=16)
[Gate5 check] NaN masking: nan_on_skip=True finite_on_update=True
[Gate5 summary] mean_update_fraction=0.0960 final_executed_updates_mean=12.00
[Gate5 eval] done_count mean=100.0 CSR mean=0.0000 len_end_mean=26.00
[Gate5 eval] episodes_per_env=4 T_eval=104
[Gate5 eval-debug] locked_eps_occ=0.20 pre(step25): dbar_end=0.500060 occupied_end_mean=0.370000 max_tilde_end_mean=0.711173 CSR@locked=0.000000
[Gate5 eval-debug] locked_eps_occ=0.20 post(step26): dbar_end=0.506078 occupied_end_mean=0.350000 max_tilde_end_mean=0.718898 CSR@locked=0.000000
[Gate5 eval-debug] CSR_pre@0.10=0.0000 CSR_pre@0.15=0.0000 CSR_pre@0.20=0.0000 CSR_pre@0.25=0.0000 CSR_pre@0.30=0.0100
[Gate5 eval-debug] CSR_post@0.10=0.0000 CSR_post@0.15=0.0000 CSR_post@0.20=0.0000 CSR_post@0.25=0.0000 CSR_post@0.30=0.0000
