Importing submoduled environments...
Submoduled environments not found. Skipping import.
[upd 0] u=1 upd_ctr=1 opt_step=16 E=0.167 g=0.096 VarTD=0.159541 ret_end=-27.424 dbar_end=0.745 occ_end=0.200 CSR_train=0.000 done_count=100
[upd 10] u=0 upd_ctr=1 opt_step=16 E=0.797 g=0.095 VarTD=0.132747 ret_end=-26.853 dbar_end=0.750 occ_end=0.208 CSR_train=0.000 done_count=125
[upd 20] u=0 upd_ctr=2 opt_step=32 E=0.583 g=0.107 VarTD=0.167039 ret_end=-26.225 dbar_end=0.711 occ_end=0.168 CSR_train=0.000 done_count=125
[upd 30] u=0 upd_ctr=3 opt_step=48 E=0.371 g=0.093 VarTD=0.155345 ret_end=-27.565 dbar_end=0.756 occ_end=0.168 CSR_train=0.000 done_count=125
[upd 40] u=0 upd_ctr=4 opt_step=64 E=0.156 g=0.109 VarTD=0.150095 ret_end=-26.702 dbar_end=0.706 occ_end=0.184 CSR_train=0.000 done_count=125
[upd 50] u=0 upd_ctr=4 opt_step=64 E=0.860 g=0.109 VarTD=0.155163 ret_end=-26.753 dbar_end=0.706 occ_end=0.184 CSR_train=0.000 done_count=125
[upd 60] u=0 upd_ctr=5 opt_step=80 E=0.701 g=0.110 VarTD=0.160711 ret_end=-26.331 dbar_end=0.702 occ_end=0.168 CSR_train=0.000 done_count=125
[upd 70] u=0 upd_ctr=6 opt_step=96 E=0.575 g=0.104 VarTD=0.167909 ret_end=-27.254 dbar_end=0.722 occ_end=0.168 CSR_train=0.000 done_count=125
[upd 80] u=0 upd_ctr=7 opt_step=112 E=0.506 g=0.123 VarTD=0.156670 ret_end=-25.897 dbar_end=0.667 occ_end=0.224 CSR_train=0.000 done_count=125
[upd 90] u=0 upd_ctr=8 opt_step=128 E=0.440 g=0.127 VarTD=0.139831 ret_end=-25.930 dbar_end=0.657 occ_end=0.224 CSR_train=0.000 done_count=125
[upd 100] u=0 upd_ctr=9 opt_step=144 E=0.407 g=0.140 VarTD=0.147473 ret_end=-25.174 dbar_end=0.627 occ_end=0.200 CSR_train=0.000 done_count=125
[upd 110] u=0 upd_ctr=10 opt_step=160 E=0.401 g=0.129 VarTD=0.154354 ret_end=-25.344 dbar_end=0.653 occ_end=0.176 CSR_train=0.000 done_count=125
[upd 120] u=0 upd_ctr=11 opt_step=176 E=0.432 g=0.122 VarTD=0.163113 ret_end=-26.065 dbar_end=0.670 occ_end=0.176 CSR_train=0.000 done_count=125
[Gate5 check] update_counter violations: t0=0 diffs=0
[Gate5 check] opt_step violations: t0=0 diffs=0 (expected_inc=16)
[Gate5 check] NaN masking: nan_on_skip=True finite_on_update=True
[Gate5 summary] mean_update_fraction=0.0880 final_executed_updates_mean=11.00
[Gate5 eval] done_count mean=100.0 CSR mean=0.0000 len_end_mean=26.00
[Gate5 eval] episodes_per_env=4 T_eval=104
[Gate5 eval-debug] locked_eps_occ=0.20 pre(step25): dbar_end=0.499009 occupied_end_mean=0.400000 max_tilde_end_mean=0.723884 CSR@locked=0.010000
[Gate5 eval-debug] locked_eps_occ=0.20 post(step26): dbar_end=0.498846 occupied_end_mean=0.450000 max_tilde_end_mean=0.724877 CSR@locked=0.000000
[Gate5 eval-debug] CSR_pre@0.10=0.0000 CSR_pre@0.15=0.0000 CSR_pre@0.20=0.0100 CSR_pre@0.25=0.0100 CSR_pre@0.30=0.0200
[Gate5 eval-debug] CSR_post@0.10=0.0000 CSR_post@0.15=0.0000 CSR_post@0.20=0.0000 CSR_post@0.25=0.0100 CSR_post@0.30=0.0200
