Importing submoduled environments...
Submoduled environments not found. Skipping import.
[upd 0] u=1 upd_ctr=1 opt_step=16 E=0.048 g=0.096 VarTD=0.126111 ret_end=-26.492 dbar_end=0.745 occ_end=0.140 CSR_train=0.000 done_count=100
[upd 10] u=0 upd_ctr=1 opt_step=16 E=0.515 g=0.101 VarTD=0.147310 ret_end=-26.592 dbar_end=0.729 occ_end=0.144 CSR_train=0.000 done_count=125
[upd 20] u=0 upd_ctr=1 opt_step=16 E=0.988 g=0.088 VarTD=0.157317 ret_end=-27.734 dbar_end=0.776 occ_end=0.112 CSR_train=0.000 done_count=125
[upd 30] u=0 upd_ctr=2 opt_step=32 E=0.449 g=0.105 VarTD=0.132260 ret_end=-25.590 dbar_end=0.717 occ_end=0.136 CSR_train=0.000 done_count=125
[upd 40] u=0 upd_ctr=2 opt_step=32 E=0.937 g=0.106 VarTD=0.131383 ret_end=-26.122 dbar_end=0.714 occ_end=0.104 CSR_train=0.000 done_count=125
[upd 50] u=0 upd_ctr=3 opt_step=48 E=0.399 g=0.092 VarTD=0.168652 ret_end=-27.949 dbar_end=0.758 occ_end=0.152 CSR_train=0.000 done_count=125
[upd 60] u=0 upd_ctr=3 opt_step=48 E=0.891 g=0.104 VarTD=0.143932 ret_end=-26.535 dbar_end=0.721 occ_end=0.144 CSR_train=0.000 done_count=125
[upd 70] u=0 upd_ctr=4 opt_step=64 E=0.361 g=0.096 VarTD=0.132821 ret_end=-27.222 dbar_end=0.746 occ_end=0.160 CSR_train=0.000 done_count=125
[upd 80] u=0 upd_ctr=4 opt_step=64 E=0.887 g=0.103 VarTD=0.150075 ret_end=-26.563 dbar_end=0.724 occ_end=0.184 CSR_train=0.000 done_count=125
[upd 90] u=0 upd_ctr=5 opt_step=80 E=0.393 g=0.122 VarTD=0.135636 ret_end=-26.169 dbar_end=0.670 occ_end=0.248 CSR_train=0.000 done_count=125
[upd 100] u=0 upd_ctr=5 opt_step=80 E=0.974 g=0.119 VarTD=0.149863 ret_end=-26.138 dbar_end=0.679 occ_end=0.200 CSR_train=0.000 done_count=125
[upd 110] u=0 upd_ctr=6 opt_step=96 E=0.536 g=0.127 VarTD=0.137958 ret_end=-26.239 dbar_end=0.658 occ_end=0.184 CSR_train=0.000 done_count=125
[upd 120] u=1 upd_ctr=7 opt_step=112 E=0.056 g=0.112 VarTD=0.166749 ret_end=-27.044 dbar_end=0.697 occ_end=0.192 CSR_train=0.008 done_count=125
[upd 130] u=0 upd_ctr=7 opt_step=112 E=0.654 g=0.112 VarTD=0.147307 ret_end=-27.078 dbar_end=0.696 occ_end=0.180 CSR_train=0.000 done_count=100
[upd 140] u=0 upd_ctr=8 opt_step=128 E=0.244 g=0.120 VarTD=0.151220 ret_end=-25.841 dbar_end=0.675 occ_end=0.184 CSR_train=0.000 done_count=125
[upd 150] u=0 upd_ctr=8 opt_step=128 E=0.856 g=0.133 VarTD=0.149033 ret_end=-25.505 dbar_end=0.643 occ_end=0.232 CSR_train=0.000 done_count=125
[upd 160] u=0 upd_ctr=9 opt_step=144 E=0.447 g=0.128 VarTD=0.157913 ret_end=-26.213 dbar_end=0.655 occ_end=0.272 CSR_train=0.000 done_count=125
[upd 170] u=1 upd_ctr=10 opt_step=160 E=0.060 g=0.121 VarTD=0.175997 ret_end=-26.210 dbar_end=0.674 occ_end=0.264 CSR_train=0.008 done_count=125
[upd 180] u=0 upd_ctr=10 opt_step=160 E=0.682 g=0.124 VarTD=0.148549 ret_end=-26.020 dbar_end=0.664 occ_end=0.152 CSR_train=0.000 done_count=125
[upd 190] u=0 upd_ctr=11 opt_step=176 E=0.256 g=0.124 VarTD=0.194419 ret_end=-25.847 dbar_end=0.665 occ_end=0.176 CSR_train=0.000 done_count=125
[upd 200] u=0 upd_ctr=11 opt_step=176 E=0.893 g=0.129 VarTD=0.179564 ret_end=-25.286 dbar_end=0.652 occ_end=0.200 CSR_train=0.000 done_count=125
[upd 210] u=0 upd_ctr=12 opt_step=192 E=0.529 g=0.136 VarTD=0.209576 ret_end=-25.090 dbar_end=0.634 occ_end=0.208 CSR_train=0.000 done_count=125
[upd 220] u=0 upd_ctr=13 opt_step=208 E=0.132 g=0.137 VarTD=0.240522 ret_end=-26.277 dbar_end=0.634 occ_end=0.192 CSR_train=0.000 done_count=125
[upd 230] u=0 upd_ctr=13 opt_step=208 E=0.835 g=0.142 VarTD=0.215809 ret_end=-24.504 dbar_end=0.622 occ_end=0.296 CSR_train=0.000 done_count=125
[upd 240] u=0 upd_ctr=14 opt_step=224 E=0.494 g=0.136 VarTD=0.240573 ret_end=-25.787 dbar_end=0.635 occ_end=0.216 CSR_train=0.000 done_count=125
[upd 250] u=0 upd_ctr=15 opt_step=240 E=0.150 g=0.141 VarTD=0.318887 ret_end=-25.982 dbar_end=0.623 occ_end=0.224 CSR_train=0.000 done_count=125
[upd 260] u=0 upd_ctr=15 opt_step=240 E=0.851 g=0.141 VarTD=0.252201 ret_end=-25.652 dbar_end=0.623 occ_end=0.270 CSR_train=0.000 done_count=100
[upd 270] u=0 upd_ctr=16 opt_step=256 E=0.506 g=0.136 VarTD=0.369333 ret_end=-25.108 dbar_end=0.635 occ_end=0.240 CSR_train=0.000 done_count=125
[upd 280] u=0 upd_ctr=17 opt_step=272 E=0.213 g=0.140 VarTD=0.391305 ret_end=-24.947 dbar_end=0.627 occ_end=0.240 CSR_train=0.000 done_count=125
[upd 290] u=0 upd_ctr=17 opt_step=272 E=0.933 g=0.138 VarTD=0.414514 ret_end=-26.265 dbar_end=0.631 occ_end=0.264 CSR_train=0.000 done_count=125
[upd 300] u=0 upd_ctr=18 opt_step=288 E=0.661 g=0.144 VarTD=0.445036 ret_end=-25.174 dbar_end=0.617 occ_end=0.240 CSR_train=0.000 done_count=125
[upd 310] u=0 upd_ctr=19 opt_step=304 E=0.384 g=0.164 VarTD=0.511739 ret_end=-23.602 dbar_end=0.575 occ_end=0.144 CSR_train=0.000 done_count=125
[Gate5 check] update_counter violations: t0=0 diffs=0
[Gate5 check] opt_step violations: t0=0 diffs=0 (expected_inc=16)
[Gate5 check] NaN masking: nan_on_skip=True finite_on_update=True
[Gate5 summary] mean_update_fraction=0.0609 final_executed_updates_mean=19.00
[Gate5 eval] done_count mean=100.0 CSR mean=0.0000 len_end_mean=26.00
[Gate5 eval] episodes_per_env=4 T_eval=104
[Gate5 eval-debug] locked_eps_occ=0.20 pre(step25): dbar_end=0.489124 occupied_end_mean=0.410000 max_tilde_end_mean=0.705915 CSR@locked=0.010000
[Gate5 eval-debug] locked_eps_occ=0.20 post(step26): dbar_end=0.485030 occupied_end_mean=0.330000 max_tilde_end_mean=0.700478 CSR@locked=0.000000
[Gate5 eval-debug] CSR_pre@0.10=0.0000 CSR_pre@0.15=0.0000 CSR_pre@0.20=0.0100 CSR_pre@0.25=0.0100 CSR_pre@0.30=0.0300
[Gate5 eval-debug] CSR_post@0.10=0.0000 CSR_post@0.15=0.0000 CSR_post@0.20=0.0000 CSR_post@0.25=0.0000 CSR_post@0.30=0.0200
