Importing submoduled environments...
Submoduled environments not found. Skipping import.
[upd 0] u=1 upd_ctr=1 opt_step=16 E=0.108 g=0.096 VarTD=0.164885 ret_end=-27.291 dbar_end=0.746 occ_end=0.170 CSR_train=0.000 done_count=100
[upd 10] u=0 upd_ctr=1 opt_step=16 E=0.709 g=0.091 VarTD=0.137991 ret_end=-27.480 dbar_end=0.764 occ_end=0.136 CSR_train=0.000 done_count=125
[upd 20] u=0 upd_ctr=2 opt_step=32 E=0.369 g=0.114 VarTD=0.124153 ret_end=-26.408 dbar_end=0.692 occ_end=0.176 CSR_train=0.000 done_count=125
[upd 30] u=0 upd_ctr=2 opt_step=32 E=0.989 g=0.114 VarTD=0.134146 ret_end=-25.801 dbar_end=0.692 occ_end=0.184 CSR_train=0.000 done_count=125
[upd 40] u=0 upd_ctr=3 opt_step=48 E=0.686 g=0.102 VarTD=0.138790 ret_end=-26.643 dbar_end=0.726 occ_end=0.208 CSR_train=0.000 done_count=125
[upd 50] u=0 upd_ctr=4 opt_step=64 E=0.407 g=0.112 VarTD=0.133741 ret_end=-25.928 dbar_end=0.697 occ_end=0.176 CSR_train=0.000 done_count=125
[upd 60] u=0 upd_ctr=5 opt_step=80 E=0.142 g=0.106 VarTD=0.168477 ret_end=-27.425 dbar_end=0.714 occ_end=0.160 CSR_train=0.000 done_count=125
[upd 70] u=0 upd_ctr=5 opt_step=80 E=0.848 g=0.122 VarTD=0.140372 ret_end=-26.023 dbar_end=0.670 occ_end=0.192 CSR_train=0.000 done_count=125
[upd 80] u=0 upd_ctr=6 opt_step=96 E=0.623 g=0.121 VarTD=0.141138 ret_end=-25.637 dbar_end=0.673 occ_end=0.160 CSR_train=0.000 done_count=125
[upd 90] u=0 upd_ctr=7 opt_step=112 E=0.407 g=0.124 VarTD=0.136839 ret_end=-25.620 dbar_end=0.665 occ_end=0.192 CSR_train=0.000 done_count=125
[upd 100] u=0 upd_ctr=8 opt_step=128 E=0.196 g=0.118 VarTD=0.121953 ret_end=-26.233 dbar_end=0.680 occ_end=0.224 CSR_train=0.008 done_count=125
[upd 110] u=0 upd_ctr=8 opt_step=128 E=0.932 g=0.127 VarTD=0.146542 ret_end=-25.132 dbar_end=0.656 occ_end=0.208 CSR_train=0.000 done_count=125
[upd 120] u=0 upd_ctr=9 opt_step=144 E=0.711 g=0.119 VarTD=0.163192 ret_end=-25.727 dbar_end=0.678 occ_end=0.192 CSR_train=0.000 done_count=125
[upd 130] u=0 upd_ctr=10 opt_step=160 E=0.506 g=0.124 VarTD=0.128490 ret_end=-25.101 dbar_end=0.665 occ_end=0.150 CSR_train=0.000 done_count=100
[upd 140] u=0 upd_ctr=11 opt_step=176 E=0.301 g=0.118 VarTD=0.188223 ret_end=-26.165 dbar_end=0.680 occ_end=0.240 CSR_train=0.000 done_count=125
[upd 150] u=1 upd_ctr=12 opt_step=192 E=0.125 g=0.125 VarTD=0.182017 ret_end=-26.058 dbar_end=0.662 occ_end=0.192 CSR_train=0.000 done_count=125
[upd 160] u=0 upd_ctr=12 opt_step=192 E=0.919 g=0.130 VarTD=0.196684 ret_end=-25.562 dbar_end=0.650 occ_end=0.176 CSR_train=0.000 done_count=125
[upd 170] u=0 upd_ctr=13 opt_step=208 E=0.781 g=0.129 VarTD=0.224905 ret_end=-25.437 dbar_end=0.653 occ_end=0.272 CSR_train=0.000 done_count=125
[upd 180] u=0 upd_ctr=14 opt_step=224 E=0.624 g=0.130 VarTD=0.239363 ret_end=-25.350 dbar_end=0.650 occ_end=0.168 CSR_train=0.000 done_count=125
[upd 190] u=0 upd_ctr=15 opt_step=240 E=0.491 g=0.151 VarTD=0.309862 ret_end=-24.653 dbar_end=0.603 occ_end=0.256 CSR_train=0.000 done_count=125
[upd 200] u=0 upd_ctr=16 opt_step=256 E=0.359 g=0.134 VarTD=0.350868 ret_end=-25.644 dbar_end=0.640 occ_end=0.176 CSR_train=0.000 done_count=125
[upd 210] u=0 upd_ctr=17 opt_step=272 E=0.269 g=0.135 VarTD=0.423959 ret_end=-25.691 dbar_end=0.637 occ_end=0.200 CSR_train=0.000 done_count=125
[upd 220] u=0 upd_ctr=18 opt_step=288 E=0.205 g=0.140 VarTD=0.469306 ret_end=-24.491 dbar_end=0.626 occ_end=0.208 CSR_train=0.000 done_count=125
[upd 230] u=1 upd_ctr=19 opt_step=304 E=0.139 g=0.149 VarTD=0.467556 ret_end=-25.055 dbar_end=0.607 occ_end=0.184 CSR_train=0.000 done_count=125
[upd 240] u=1 upd_ctr=20 opt_step=320 E=0.098 g=0.150 VarTD=0.556320 ret_end=-24.472 dbar_end=0.603 occ_end=0.248 CSR_train=0.000 done_count=125
[upd 250] u=0 upd_ctr=20 opt_step=320 E=1.000 g=0.146 VarTD=0.636783 ret_end=-24.246 dbar_end=0.614 occ_end=0.232 CSR_train=0.000 done_count=125
[upd 260] u=0 upd_ctr=21 opt_step=336 E=0.966 g=0.154 VarTD=0.585549 ret_end=-23.769 dbar_end=0.596 occ_end=0.220 CSR_train=0.000 done_count=100
[upd 270] u=0 upd_ctr=22 opt_step=352 E=0.934 g=0.144 VarTD=0.820933 ret_end=-25.502 dbar_end=0.617 occ_end=0.256 CSR_train=0.000 done_count=125
[upd 280] u=0 upd_ctr=23 opt_step=368 E=0.888 g=0.150 VarTD=0.934680 ret_end=-24.885 dbar_end=0.604 occ_end=0.224 CSR_train=0.000 done_count=125
[upd 290] u=0 upd_ctr=24 opt_step=384 E=0.911 g=0.169 VarTD=1.065005 ret_end=-23.875 dbar_end=0.567 occ_end=0.280 CSR_train=0.000 done_count=125
[upd 300] u=0 upd_ctr=25 opt_step=400 E=0.906 g=0.154 VarTD=1.151840 ret_end=-24.053 dbar_end=0.596 occ_end=0.240 CSR_train=0.000 done_count=125
[upd 310] u=0 upd_ctr=26 opt_step=416 E=0.891 g=0.156 VarTD=1.276131 ret_end=-24.680 dbar_end=0.591 occ_end=0.232 CSR_train=0.000 done_count=125
[Gate5 check] update_counter violations: t0=0 diffs=0
[Gate5 check] opt_step violations: t0=0 diffs=0 (expected_inc=16)
[Gate5 check] NaN masking: nan_on_skip=True finite_on_update=True
[Gate5 summary] mean_update_fraction=0.0833 final_executed_updates_mean=26.00
[Gate5 eval] done_count mean=100.0 CSR mean=0.0100 len_end_mean=26.00
[Gate5 eval] episodes_per_env=4 T_eval=104
[Gate5 eval-debug] locked_eps_occ=0.20 pre(step25): dbar_end=0.502659 occupied_end_mean=0.480000 max_tilde_end_mean=0.757046 CSR@locked=0.010000
[Gate5 eval-debug] locked_eps_occ=0.20 post(step26): dbar_end=0.511240 occupied_end_mean=0.350000 max_tilde_end_mean=0.743667 CSR@locked=0.010000
[Gate5 eval-debug] CSR_pre@0.10=0.0000 CSR_pre@0.15=0.0000 CSR_pre@0.20=0.0100 CSR_pre@0.25=0.0100 CSR_pre@0.30=0.0400
[Gate5 eval-debug] CSR_post@0.10=0.0000 CSR_post@0.15=0.0000 CSR_post@0.20=0.0100 CSR_post@0.25=0.0300 CSR_post@0.30=0.0400
