Importing submoduled environments...
Submoduled environments not found. Skipping import.
[upd 0] u=1 upd_ctr=1 opt_step=16 E=0.132 g=0.091 VarTD=0.177780 ret_end=-27.116 dbar_end=0.762 occ_end=0.220 CSR_train=0.000 done_count=100
[upd 10] u=0 upd_ctr=1 opt_step=16 E=0.951 g=0.084 VarTD=0.168711 ret_end=-27.749 dbar_end=0.791 occ_end=0.120 CSR_train=0.000 done_count=125
[upd 20] u=0 upd_ctr=2 opt_step=32 E=0.904 g=0.100 VarTD=0.137243 ret_end=-26.886 dbar_end=0.732 occ_end=0.160 CSR_train=0.000 done_count=125
[upd 30] u=0 upd_ctr=3 opt_step=48 E=0.901 g=0.093 VarTD=0.168854 ret_end=-27.469 dbar_end=0.755 occ_end=0.120 CSR_train=0.000 done_count=125
[upd 40] u=0 upd_ctr=4 opt_step=64 E=0.904 g=0.107 VarTD=0.154226 ret_end=-26.917 dbar_end=0.712 occ_end=0.216 CSR_train=0.000 done_count=125
[upd 50] u=0 upd_ctr=5 opt_step=80 E=0.950 g=0.111 VarTD=0.140153 ret_end=-25.402 dbar_end=0.700 occ_end=0.176 CSR_train=0.000 done_count=125
[upd 60] u=0 upd_ctr=6 opt_step=96 E=0.949 g=0.106 VarTD=0.164873 ret_end=-26.304 dbar_end=0.715 occ_end=0.120 CSR_train=0.000 done_count=125
[upd 70] u=0 upd_ctr=7 opt_step=112 E=0.990 g=0.102 VarTD=0.154626 ret_end=-26.663 dbar_end=0.728 occ_end=0.168 CSR_train=0.008 done_count=125
[upd 80] u=1 upd_ctr=9 opt_step=144 E=0.110 g=0.120 VarTD=0.143396 ret_end=-25.816 dbar_end=0.676 occ_end=0.168 CSR_train=0.000 done_count=125
[upd 90] u=1 upd_ctr=10 opt_step=160 E=0.156 g=0.118 VarTD=0.144745 ret_end=-26.025 dbar_end=0.681 occ_end=0.168 CSR_train=0.000 done_count=125
[upd 100] u=0 upd_ctr=11 opt_step=176 E=0.278 g=0.126 VarTD=0.163117 ret_end=-25.410 dbar_end=0.660 occ_end=0.224 CSR_train=0.000 done_count=125
[upd 110] u=0 upd_ctr=12 opt_step=192 E=0.386 g=0.118 VarTD=0.184299 ret_end=-25.870 dbar_end=0.682 occ_end=0.168 CSR_train=0.000 done_count=125
[upd 120] u=0 upd_ctr=13 opt_step=208 E=0.485 g=0.112 VarTD=0.199550 ret_end=-26.122 dbar_end=0.697 occ_end=0.200 CSR_train=0.000 done_count=125
[upd 130] u=0 upd_ctr=14 opt_step=224 E=0.641 g=0.141 VarTD=0.206359 ret_end=-24.029 dbar_end=0.625 occ_end=0.190 CSR_train=0.000 done_count=100
[upd 140] u=0 upd_ctr=15 opt_step=240 E=0.919 g=0.147 VarTD=0.318641 ret_end=-24.830 dbar_end=0.612 occ_end=0.224 CSR_train=0.000 done_count=125
[upd 150] u=1 upd_ctr=17 opt_step=272 E=0.176 g=0.140 VarTD=0.307702 ret_end=-24.104 dbar_end=0.627 occ_end=0.280 CSR_train=0.000 done_count=125
[upd 160] u=0 upd_ctr=18 opt_step=288 E=0.418 g=0.135 VarTD=0.436090 ret_end=-25.740 dbar_end=0.639 occ_end=0.264 CSR_train=0.000 done_count=125
[upd 170] u=0 upd_ctr=19 opt_step=304 E=0.677 g=0.144 VarTD=0.519657 ret_end=-24.821 dbar_end=0.618 occ_end=0.256 CSR_train=0.000 done_count=125
[upd 180] u=0 upd_ctr=20 opt_step=320 E=0.983 g=0.152 VarTD=0.569744 ret_end=-24.639 dbar_end=0.601 occ_end=0.280 CSR_train=0.000 done_count=125
[upd 190] u=0 upd_ctr=22 opt_step=352 E=0.290 g=0.127 VarTD=0.810520 ret_end=-26.909 dbar_end=0.657 occ_end=0.256 CSR_train=0.000 done_count=125
[upd 200] u=0 upd_ctr=23 opt_step=368 E=0.698 g=0.154 VarTD=0.884670 ret_end=-23.758 dbar_end=0.596 occ_end=0.280 CSR_train=0.008 done_count=125
[upd 210] u=1 upd_ctr=25 opt_step=400 E=0.180 g=0.144 VarTD=1.026185 ret_end=-24.401 dbar_end=0.617 occ_end=0.192 CSR_train=0.000 done_count=125
[upd 220] u=0 upd_ctr=26 opt_step=416 E=0.609 g=0.150 VarTD=1.254872 ret_end=-24.066 dbar_end=0.603 occ_end=0.208 CSR_train=0.000 done_count=125
[upd 230] u=0 upd_ctr=27 opt_step=432 E=1.000 g=0.146 VarTD=1.386779 ret_end=-25.061 dbar_end=0.612 occ_end=0.288 CSR_train=0.008 done_count=125
[upd 240] u=0 upd_ctr=29 opt_step=464 E=0.500 g=0.161 VarTD=1.729444 ret_end=-24.744 dbar_end=0.583 occ_end=0.248 CSR_train=0.000 done_count=125
[upd 250] u=0 upd_ctr=30 opt_step=480 E=0.927 g=0.167 VarTD=1.889941 ret_end=-24.492 dbar_end=0.570 occ_end=0.240 CSR_train=0.000 done_count=125
[upd 260] u=0 upd_ctr=32 opt_step=512 E=0.343 g=0.165 VarTD=1.762314 ret_end=-23.343 dbar_end=0.574 occ_end=0.310 CSR_train=0.010 done_count=100
[upd 270] u=0 upd_ctr=33 opt_step=528 E=0.768 g=0.162 VarTD=2.339267 ret_end=-24.273 dbar_end=0.579 occ_end=0.248 CSR_train=0.000 done_count=125
[upd 280] u=1 upd_ctr=35 opt_step=560 E=0.185 g=0.150 VarTD=2.560598 ret_end=-25.581 dbar_end=0.603 occ_end=0.224 CSR_train=0.000 done_count=125
[upd 290] u=0 upd_ctr=36 opt_step=576 E=0.655 g=0.194 VarTD=2.979284 ret_end=-22.293 dbar_end=0.522 occ_end=0.352 CSR_train=0.000 done_count=125
[upd 300] u=0 upd_ctr=37 opt_step=592 E=1.000 g=0.159 VarTD=3.075682 ret_end=-24.341 dbar_end=0.587 occ_end=0.240 CSR_train=0.000 done_count=125
[upd 310] u=0 upd_ctr=39 opt_step=624 E=0.484 g=0.157 VarTD=3.415023 ret_end=-25.183 dbar_end=0.589 occ_end=0.272 CSR_train=0.000 done_count=125
[Gate5 check] update_counter violations: t0=0 diffs=0
[Gate5 check] opt_step violations: t0=0 diffs=0 (expected_inc=16)
[Gate5 check] NaN masking: nan_on_skip=True finite_on_update=True
[Gate5 summary] mean_update_fraction=0.1250 final_executed_updates_mean=39.00
[Gate5 eval] done_count mean=100.0 CSR mean=0.0000 len_end_mean=26.00
[Gate5 eval] episodes_per_env=4 T_eval=104
[Gate5 eval-debug] locked_eps_occ=0.20 pre(step25): dbar_end=0.511818 occupied_end_mean=0.320000 max_tilde_end_mean=0.739110 CSR@locked=0.000000
[Gate5 eval-debug] locked_eps_occ=0.20 post(step26): dbar_end=0.505709 occupied_end_mean=0.310000 max_tilde_end_mean=0.736420 CSR@locked=0.000000
[Gate5 eval-debug] CSR_pre@0.10=0.0000 CSR_pre@0.15=0.0000 CSR_pre@0.20=0.0000 CSR_pre@0.25=0.0100 CSR_pre@0.30=0.0200
[Gate5 eval-debug] CSR_post@0.10=0.0000 CSR_post@0.15=0.0000 CSR_post@0.20=0.0000 CSR_post@0.25=0.0000 CSR_post@0.30=0.0300
