Importing submoduled environments...
Submoduled environments not found. Skipping import.
[upd 0] u=1 upd_ctr=1 opt_step=16 E=0.150 g=0.084 VarTD=0.138136 ret_end=-27.863 dbar_end=0.788 occ_end=0.160 CSR_train=0.000 done_count=100
[upd 10] u=0 upd_ctr=1 opt_step=16 E=0.682 g=0.114 VarTD=0.122236 ret_end=-25.937 dbar_end=0.692 occ_end=0.192 CSR_train=0.000 done_count=125
[upd 20] u=0 upd_ctr=2 opt_step=32 E=0.348 g=0.095 VarTD=0.158378 ret_end=-27.151 dbar_end=0.749 occ_end=0.168 CSR_train=0.000 done_count=125
[upd 30] u=0 upd_ctr=2 opt_step=32 E=0.940 g=0.115 VarTD=0.153372 ret_end=-25.391 dbar_end=0.690 occ_end=0.200 CSR_train=0.000 done_count=125
[upd 40] u=0 upd_ctr=3 opt_step=48 E=0.651 g=0.105 VarTD=0.143187 ret_end=-26.015 dbar_end=0.718 occ_end=0.192 CSR_train=0.000 done_count=125
[upd 50] u=0 upd_ctr=4 opt_step=64 E=0.388 g=0.111 VarTD=0.144901 ret_end=-26.228 dbar_end=0.699 occ_end=0.160 CSR_train=0.000 done_count=125
[upd 60] u=1 upd_ctr=5 opt_step=80 E=0.126 g=0.113 VarTD=0.172727 ret_end=-27.438 dbar_end=0.694 occ_end=0.208 CSR_train=0.000 done_count=125
[upd 70] u=0 upd_ctr=5 opt_step=80 E=0.765 g=0.097 VarTD=0.164208 ret_end=-27.345 dbar_end=0.744 occ_end=0.152 CSR_train=0.000 done_count=125
[upd 80] u=0 upd_ctr=6 opt_step=96 E=0.549 g=0.117 VarTD=0.145018 ret_end=-26.360 dbar_end=0.684 occ_end=0.184 CSR_train=0.000 done_count=125
[upd 90] u=0 upd_ctr=7 opt_step=112 E=0.356 g=0.121 VarTD=0.142595 ret_end=-24.953 dbar_end=0.674 occ_end=0.232 CSR_train=0.000 done_count=125
[upd 100] u=0 upd_ctr=8 opt_step=128 E=0.195 g=0.135 VarTD=0.138172 ret_end=-24.523 dbar_end=0.639 occ_end=0.240 CSR_train=0.000 done_count=125
[upd 110] u=0 upd_ctr=8 opt_step=128 E=0.968 g=0.127 VarTD=0.145326 ret_end=-26.168 dbar_end=0.657 occ_end=0.232 CSR_train=0.000 done_count=125
[upd 120] u=0 upd_ctr=9 opt_step=144 E=0.868 g=0.121 VarTD=0.143524 ret_end=-25.460 dbar_end=0.673 occ_end=0.240 CSR_train=0.000 done_count=125
[upd 130] u=0 upd_ctr=10 opt_step=160 E=0.739 g=0.133 VarTD=0.157685 ret_end=-25.565 dbar_end=0.643 occ_end=0.170 CSR_train=0.000 done_count=100
[upd 140] u=0 upd_ctr=11 opt_step=176 E=0.622 g=0.136 VarTD=0.207001 ret_end=-25.839 dbar_end=0.635 occ_end=0.304 CSR_train=0.000 done_count=125
[upd 150] u=0 upd_ctr=12 opt_step=192 E=0.494 g=0.129 VarTD=0.155865 ret_end=-25.255 dbar_end=0.653 occ_end=0.144 CSR_train=0.000 done_count=125
[upd 160] u=0 upd_ctr=13 opt_step=208 E=0.409 g=0.137 VarTD=0.201098 ret_end=-25.182 dbar_end=0.633 occ_end=0.208 CSR_train=0.000 done_count=125
[upd 170] u=0 upd_ctr=14 opt_step=224 E=0.301 g=0.132 VarTD=0.217637 ret_end=-24.550 dbar_end=0.644 occ_end=0.200 CSR_train=0.000 done_count=125
[upd 180] u=0 upd_ctr=15 opt_step=240 E=0.234 g=0.147 VarTD=0.255816 ret_end=-24.543 dbar_end=0.610 occ_end=0.264 CSR_train=0.000 done_count=125
[upd 190] u=0 upd_ctr=16 opt_step=256 E=0.207 g=0.159 VarTD=0.307013 ret_end=-24.814 dbar_end=0.586 occ_end=0.304 CSR_train=0.000 done_count=125
[upd 200] u=0 upd_ctr=17 opt_step=272 E=0.202 g=0.144 VarTD=0.316070 ret_end=-24.549 dbar_end=0.618 occ_end=0.280 CSR_train=0.000 done_count=125
[upd 210] u=0 upd_ctr=18 opt_step=288 E=0.193 g=0.137 VarTD=0.395335 ret_end=-25.281 dbar_end=0.634 occ_end=0.232 CSR_train=0.000 done_count=125
[upd 220] u=0 upd_ctr=19 opt_step=304 E=0.194 g=0.144 VarTD=0.465874 ret_end=-24.895 dbar_end=0.616 occ_end=0.240 CSR_train=0.000 done_count=125
[upd 230] u=0 upd_ctr=20 opt_step=320 E=0.231 g=0.165 VarTD=0.551206 ret_end=-23.560 dbar_end=0.574 occ_end=0.240 CSR_train=0.000 done_count=125
[upd 240] u=0 upd_ctr=21 opt_step=336 E=0.295 g=0.153 VarTD=0.637101 ret_end=-24.345 dbar_end=0.599 occ_end=0.216 CSR_train=0.000 done_count=125
[upd 250] u=0 upd_ctr=22 opt_step=352 E=0.341 g=0.175 VarTD=0.745096 ret_end=-24.261 dbar_end=0.556 occ_end=0.224 CSR_train=0.000 done_count=125
[upd 260] u=0 upd_ctr=23 opt_step=368 E=0.392 g=0.140 VarTD=0.689478 ret_end=-25.145 dbar_end=0.627 occ_end=0.240 CSR_train=0.000 done_count=100
[upd 270] u=0 upd_ctr=24 opt_step=384 E=0.467 g=0.167 VarTD=0.917817 ret_end=-23.508 dbar_end=0.570 occ_end=0.256 CSR_train=0.000 done_count=125
[upd 280] u=0 upd_ctr=25 opt_step=400 E=0.555 g=0.168 VarTD=1.065667 ret_end=-24.617 dbar_end=0.569 occ_end=0.344 CSR_train=0.000 done_count=125
[upd 290] u=0 upd_ctr=26 opt_step=416 E=0.647 g=0.183 VarTD=1.159886 ret_end=-22.739 dbar_end=0.541 occ_end=0.304 CSR_train=0.000 done_count=125
[upd 300] u=0 upd_ctr=27 opt_step=432 E=0.730 g=0.168 VarTD=1.283040 ret_end=-24.262 dbar_end=0.569 occ_end=0.336 CSR_train=0.000 done_count=125
[upd 310] u=0 upd_ctr=28 opt_step=448 E=0.851 g=0.162 VarTD=1.407428 ret_end=-23.995 dbar_end=0.579 occ_end=0.232 CSR_train=0.000 done_count=125
[Gate5 check] update_counter violations: t0=0 diffs=0
[Gate5 check] opt_step violations: t0=0 diffs=0 (expected_inc=16)
[Gate5 check] NaN masking: nan_on_skip=True finite_on_update=True
[Gate5 summary] mean_update_fraction=0.0897 final_executed_updates_mean=28.00
[Gate5 eval] done_count mean=100.0 CSR mean=0.0000 len_end_mean=26.00
[Gate5 eval] episodes_per_env=4 T_eval=104
[Gate5 eval-debug] locked_eps_occ=0.20 pre(step25): dbar_end=0.486922 occupied_end_mean=0.470000 max_tilde_end_mean=0.691432 CSR@locked=0.000000
[Gate5 eval-debug] locked_eps_occ=0.20 post(step26): dbar_end=0.487930 occupied_end_mean=0.480000 max_tilde_end_mean=0.699572 CSR@locked=0.000000
[Gate5 eval-debug] CSR_pre@0.10=0.0000 CSR_pre@0.15=0.0000 CSR_pre@0.20=0.0000 CSR_pre@0.25=0.0000 CSR_pre@0.30=0.0500
[Gate5 eval-debug] CSR_post@0.10=0.0000 CSR_post@0.15=0.0000 CSR_post@0.20=0.0000 CSR_post@0.25=0.0000 CSR_post@0.30=0.0400
