Importing submoduled environments...
Submoduled environments not found. Skipping import.
[upd 0] u=1 upd_ctr=1 opt_step=16 E=0.109 g=0.085 VarTD=0.206615 ret_end=-28.597 dbar_end=0.786 occ_end=0.160 CSR_train=0.000 done_count=100
[upd 10] u=0 upd_ctr=1 opt_step=16 E=0.785 g=0.096 VarTD=0.212328 ret_end=-26.954 dbar_end=0.748 occ_end=0.176 CSR_train=0.000 done_count=125
[upd 20] u=0 upd_ctr=2 opt_step=32 E=0.526 g=0.101 VarTD=0.172768 ret_end=-26.354 dbar_end=0.730 occ_end=0.184 CSR_train=0.000 done_count=125
[upd 30] u=0 upd_ctr=3 opt_step=48 E=0.268 g=0.105 VarTD=0.181343 ret_end=-26.760 dbar_end=0.718 occ_end=0.160 CSR_train=0.000 done_count=125
[upd 40] u=0 upd_ctr=3 opt_step=48 E=1.000 g=0.100 VarTD=0.179290 ret_end=-27.487 dbar_end=0.734 occ_end=0.160 CSR_train=0.000 done_count=125
[upd 50] u=0 upd_ctr=4 opt_step=64 E=0.797 g=0.100 VarTD=0.185806 ret_end=-27.222 dbar_end=0.732 occ_end=0.192 CSR_train=0.000 done_count=125
[upd 60] u=0 upd_ctr=5 opt_step=80 E=0.663 g=0.112 VarTD=0.163376 ret_end=-26.412 dbar_end=0.696 occ_end=0.200 CSR_train=0.000 done_count=125
[upd 70] u=0 upd_ctr=6 opt_step=96 E=0.532 g=0.125 VarTD=0.171148 ret_end=-26.042 dbar_end=0.663 occ_end=0.232 CSR_train=0.000 done_count=125
[upd 80] u=0 upd_ctr=7 opt_step=112 E=0.412 g=0.126 VarTD=0.175238 ret_end=-26.206 dbar_end=0.661 occ_end=0.256 CSR_train=0.000 done_count=125
[upd 90] u=0 upd_ctr=8 opt_step=128 E=0.301 g=0.124 VarTD=0.175258 ret_end=-25.862 dbar_end=0.664 occ_end=0.232 CSR_train=0.000 done_count=125
[upd 100] u=0 upd_ctr=9 opt_step=144 E=0.225 g=0.134 VarTD=0.190956 ret_end=-25.268 dbar_end=0.640 occ_end=0.208 CSR_train=0.000 done_count=125
[upd 110] u=0 upd_ctr=10 opt_step=160 E=0.195 g=0.119 VarTD=0.195024 ret_end=-27.121 dbar_end=0.679 occ_end=0.240 CSR_train=0.000 done_count=125
[upd 120] u=1 upd_ctr=11 opt_step=176 E=0.141 g=0.130 VarTD=0.156475 ret_end=-24.850 dbar_end=0.650 occ_end=0.224 CSR_train=0.000 done_count=125
[upd 130] u=1 upd_ctr=12 opt_step=192 E=0.153 g=0.148 VarTD=0.189761 ret_end=-24.430 dbar_end=0.609 occ_end=0.250 CSR_train=0.000 done_count=100
[upd 140] u=1 upd_ctr=13 opt_step=208 E=0.148 g=0.140 VarTD=0.210109 ret_end=-25.552 dbar_end=0.626 occ_end=0.224 CSR_train=0.000 done_count=125
[upd 150] u=0 upd_ctr=14 opt_step=224 E=0.212 g=0.150 VarTD=0.252662 ret_end=-24.846 dbar_end=0.604 occ_end=0.288 CSR_train=0.000 done_count=125
[upd 160] u=0 upd_ctr=15 opt_step=240 E=0.258 g=0.154 VarTD=0.325311 ret_end=-24.823 dbar_end=0.596 occ_end=0.224 CSR_train=0.000 done_count=125
[upd 170] u=0 upd_ctr=16 opt_step=256 E=0.334 g=0.148 VarTD=0.343322 ret_end=-24.396 dbar_end=0.608 occ_end=0.264 CSR_train=0.000 done_count=125
[upd 180] u=0 upd_ctr=17 opt_step=272 E=0.455 g=0.141 VarTD=0.382908 ret_end=-24.486 dbar_end=0.624 occ_end=0.240 CSR_train=0.000 done_count=125
[upd 190] u=0 upd_ctr=18 opt_step=288 E=0.542 g=0.145 VarTD=0.448922 ret_end=-24.694 dbar_end=0.614 occ_end=0.224 CSR_train=0.000 done_count=125
[upd 200] u=0 upd_ctr=19 opt_step=304 E=0.584 g=0.163 VarTD=0.545882 ret_end=-23.983 dbar_end=0.578 occ_end=0.248 CSR_train=0.000 done_count=125
[upd 210] u=0 upd_ctr=20 opt_step=320 E=0.722 g=0.170 VarTD=0.627242 ret_end=-24.280 dbar_end=0.565 occ_end=0.376 CSR_train=0.000 done_count=125
[upd 220] u=0 upd_ctr=21 opt_step=336 E=0.839 g=0.166 VarTD=0.712277 ret_end=-24.006 dbar_end=0.573 occ_end=0.248 CSR_train=0.000 done_count=125
[upd 230] u=0 upd_ctr=22 opt_step=352 E=0.963 g=0.157 VarTD=0.838099 ret_end=-24.907 dbar_end=0.590 occ_end=0.312 CSR_train=0.000 done_count=125
[upd 240] u=1 upd_ctr=24 opt_step=384 E=0.170 g=0.172 VarTD=0.915222 ret_end=-23.585 dbar_end=0.561 occ_end=0.304 CSR_train=0.000 done_count=125
[upd 250] u=0 upd_ctr=25 opt_step=400 E=0.374 g=0.169 VarTD=1.166597 ret_end=-23.991 dbar_end=0.565 occ_end=0.344 CSR_train=0.000 done_count=125
[upd 260] u=0 upd_ctr=26 opt_step=416 E=0.494 g=0.168 VarTD=1.013123 ret_end=-23.544 dbar_end=0.568 occ_end=0.250 CSR_train=0.000 done_count=100
[upd 270] u=0 upd_ctr=27 opt_step=432 E=0.746 g=0.178 VarTD=1.409178 ret_end=-23.814 dbar_end=0.549 occ_end=0.304 CSR_train=0.000 done_count=125
[upd 280] u=0 upd_ctr=28 opt_step=448 E=0.972 g=0.165 VarTD=1.524170 ret_end=-23.771 dbar_end=0.574 occ_end=0.272 CSR_train=0.000 done_count=125
[upd 290] u=0 upd_ctr=30 opt_step=480 E=0.269 g=0.174 VarTD=1.838397 ret_end=-23.811 dbar_end=0.557 occ_end=0.384 CSR_train=0.000 done_count=125
[upd 300] u=0 upd_ctr=31 opt_step=496 E=0.527 g=0.188 VarTD=1.990571 ret_end=-23.275 dbar_end=0.532 occ_end=0.288 CSR_train=0.000 done_count=125
[upd 310] u=0 upd_ctr=32 opt_step=512 E=0.792 g=0.163 VarTD=2.123409 ret_end=-24.632 dbar_end=0.577 occ_end=0.216 CSR_train=0.000 done_count=125
[Gate5 check] update_counter violations: t0=0 diffs=0
[Gate5 check] opt_step violations: t0=0 diffs=0 (expected_inc=16)
[Gate5 check] NaN masking: nan_on_skip=True finite_on_update=True
[Gate5 summary] mean_update_fraction=0.1026 final_executed_updates_mean=32.00
[Gate5 eval] done_count mean=100.0 CSR mean=0.0000 len_end_mean=26.00
[Gate5 eval] episodes_per_env=4 T_eval=104
[Gate5 eval-debug] locked_eps_occ=0.20 pre(step25): dbar_end=0.498724 occupied_end_mean=0.350000 max_tilde_end_mean=0.699532 CSR@locked=0.000000
[Gate5 eval-debug] locked_eps_occ=0.20 post(step26): dbar_end=0.500342 occupied_end_mean=0.350000 max_tilde_end_mean=0.707228 CSR@locked=0.000000
[Gate5 eval-debug] CSR_pre@0.10=0.0000 CSR_pre@0.15=0.0000 CSR_pre@0.20=0.0000 CSR_pre@0.25=0.0200 CSR_pre@0.30=0.0400
[Gate5 eval-debug] CSR_post@0.10=0.0000 CSR_post@0.15=0.0000 CSR_post@0.20=0.0000 CSR_post@0.25=0.0000 CSR_post@0.30=0.0300
