Importing submoduled environments...
Submoduled environments not found. Skipping import.
[upd 0] u=1 upd_ctr=1 opt_step=16 E=0.058 g=0.097 VarTD=0.135831 ret_end=-26.760 dbar_end=0.743 occ_end=0.210 CSR_train=0.000 done_count=100
[upd 10] u=0 upd_ctr=1 opt_step=16 E=0.627 g=0.103 VarTD=0.167736 ret_end=-26.060 dbar_end=0.724 occ_end=0.152 CSR_train=0.000 done_count=125
[upd 20] u=0 upd_ctr=2 opt_step=32 E=0.174 g=0.088 VarTD=0.157725 ret_end=-27.361 dbar_end=0.775 occ_end=0.160 CSR_train=0.000 done_count=125
[upd 30] u=0 upd_ctr=2 opt_step=32 E=0.752 g=0.101 VarTD=0.191229 ret_end=-26.612 dbar_end=0.731 occ_end=0.168 CSR_train=0.000 done_count=125
[upd 40] u=0 upd_ctr=3 opt_step=48 E=0.319 g=0.108 VarTD=0.136147 ret_end=-26.295 dbar_end=0.710 occ_end=0.160 CSR_train=0.000 done_count=125
[upd 50] u=0 upd_ctr=3 opt_step=48 E=0.951 g=0.097 VarTD=0.151775 ret_end=-26.867 dbar_end=0.743 occ_end=0.112 CSR_train=0.000 done_count=125
[upd 60] u=0 upd_ctr=4 opt_step=64 E=0.579 g=0.100 VarTD=0.141527 ret_end=-27.555 dbar_end=0.734 occ_end=0.208 CSR_train=0.000 done_count=125
[upd 70] u=0 upd_ctr=5 opt_step=80 E=0.207 g=0.110 VarTD=0.130744 ret_end=-26.560 dbar_end=0.702 occ_end=0.152 CSR_train=0.000 done_count=125
[upd 80] u=0 upd_ctr=5 opt_step=80 E=0.896 g=0.116 VarTD=0.123182 ret_end=-26.068 dbar_end=0.685 occ_end=0.272 CSR_train=0.000 done_count=125
[upd 90] u=0 upd_ctr=6 opt_step=96 E=0.534 g=0.110 VarTD=0.120028 ret_end=-26.757 dbar_end=0.704 occ_end=0.136 CSR_train=0.000 done_count=125
[upd 100] u=0 upd_ctr=7 opt_step=112 E=0.132 g=0.107 VarTD=0.149261 ret_end=-26.712 dbar_end=0.710 occ_end=0.168 CSR_train=0.000 done_count=125
[upd 110] u=0 upd_ctr=7 opt_step=112 E=0.842 g=0.136 VarTD=0.144209 ret_end=-24.585 dbar_end=0.635 occ_end=0.320 CSR_train=0.000 done_count=125
[upd 120] u=0 upd_ctr=8 opt_step=128 E=0.516 g=0.127 VarTD=0.141717 ret_end=-25.255 dbar_end=0.657 occ_end=0.232 CSR_train=0.000 done_count=125
[upd 130] u=0 upd_ctr=9 opt_step=144 E=0.215 g=0.121 VarTD=0.143381 ret_end=-25.925 dbar_end=0.673 occ_end=0.180 CSR_train=0.000 done_count=100
[upd 140] u=0 upd_ctr=9 opt_step=144 E=0.970 g=0.114 VarTD=0.189313 ret_end=-26.846 dbar_end=0.692 occ_end=0.192 CSR_train=0.000 done_count=125
[upd 150] u=0 upd_ctr=10 opt_step=160 E=0.681 g=0.129 VarTD=0.177984 ret_end=-25.860 dbar_end=0.653 occ_end=0.160 CSR_train=0.000 done_count=125
[upd 160] u=0 upd_ctr=11 opt_step=176 E=0.400 g=0.126 VarTD=0.184202 ret_end=-25.910 dbar_end=0.659 occ_end=0.200 CSR_train=0.000 done_count=125
[upd 170] u=0 upd_ctr=12 opt_step=192 E=0.160 g=0.146 VarTD=0.198208 ret_end=-24.736 dbar_end=0.614 occ_end=0.224 CSR_train=0.000 done_count=125
[upd 180] u=0 upd_ctr=12 opt_step=192 E=1.000 g=0.147 VarTD=0.179449 ret_end=-25.116 dbar_end=0.612 occ_end=0.224 CSR_train=0.000 done_count=125
[upd 190] u=0 upd_ctr=13 opt_step=208 E=0.857 g=0.144 VarTD=0.207894 ret_end=-24.546 dbar_end=0.618 occ_end=0.176 CSR_train=0.000 done_count=125
[upd 200] u=0 upd_ctr=14 opt_step=224 E=0.739 g=0.142 VarTD=0.294860 ret_end=-25.775 dbar_end=0.623 occ_end=0.248 CSR_train=0.000 done_count=125
[upd 210] u=0 upd_ctr=15 opt_step=240 E=0.630 g=0.144 VarTD=0.288279 ret_end=-25.436 dbar_end=0.618 occ_end=0.264 CSR_train=0.000 done_count=125
[upd 220] u=0 upd_ctr=16 opt_step=256 E=0.491 g=0.167 VarTD=0.362170 ret_end=-24.289 dbar_end=0.569 occ_end=0.288 CSR_train=0.000 done_count=125
[upd 230] u=0 upd_ctr=17 opt_step=272 E=0.380 g=0.143 VarTD=0.373733 ret_end=-23.818 dbar_end=0.618 occ_end=0.184 CSR_train=0.008 done_count=125
[upd 240] u=0 upd_ctr=18 opt_step=288 E=0.298 g=0.158 VarTD=0.450828 ret_end=-23.640 dbar_end=0.587 occ_end=0.232 CSR_train=0.000 done_count=125
[upd 250] u=0 upd_ctr=19 opt_step=304 E=0.195 g=0.158 VarTD=0.560379 ret_end=-24.433 dbar_end=0.587 occ_end=0.240 CSR_train=0.000 done_count=125
[upd 260] u=1 upd_ctr=20 opt_step=320 E=0.097 g=0.162 VarTD=0.475818 ret_end=-23.371 dbar_end=0.580 occ_end=0.330 CSR_train=0.000 done_count=100
[upd 270] u=0 upd_ctr=20 opt_step=320 E=1.000 g=0.176 VarTD=0.619342 ret_end=-22.652 dbar_end=0.554 occ_end=0.328 CSR_train=0.000 done_count=125
[upd 280] u=0 upd_ctr=21 opt_step=336 E=1.000 g=0.156 VarTD=0.747811 ret_end=-24.412 dbar_end=0.592 occ_end=0.184 CSR_train=0.000 done_count=125
[upd 290] u=0 upd_ctr=22 opt_step=352 E=1.000 g=0.169 VarTD=0.851114 ret_end=-23.355 dbar_end=0.567 occ_end=0.336 CSR_train=0.000 done_count=125
[upd 300] u=0 upd_ctr=23 opt_step=368 E=1.000 g=0.161 VarTD=0.904060 ret_end=-24.257 dbar_end=0.582 occ_end=0.232 CSR_train=0.008 done_count=125
[upd 310] u=0 upd_ctr=24 opt_step=384 E=1.000 g=0.177 VarTD=1.077491 ret_end=-23.617 dbar_end=0.552 occ_end=0.280 CSR_train=0.000 done_count=125
[Gate5 check] update_counter violations: t0=0 diffs=0
[Gate5 check] opt_step violations: t0=0 diffs=0 (expected_inc=16)
[Gate5 check] NaN masking: nan_on_skip=True finite_on_update=True
[Gate5 summary] mean_update_fraction=0.0801 final_executed_updates_mean=25.00
[Gate5 eval] done_count mean=100.0 CSR mean=0.0000 len_end_mean=26.00
[Gate5 eval] episodes_per_env=4 T_eval=104
[Gate5 eval-debug] locked_eps_occ=0.20 pre(step25): dbar_end=0.468052 occupied_end_mean=0.390000 max_tilde_end_mean=0.667469 CSR@locked=0.000000
[Gate5 eval-debug] locked_eps_occ=0.20 post(step26): dbar_end=0.473807 occupied_end_mean=0.340000 max_tilde_end_mean=0.669222 CSR@locked=0.000000
[Gate5 eval-debug] CSR_pre@0.10=0.0000 CSR_pre@0.15=0.0000 CSR_pre@0.20=0.0000 CSR_pre@0.25=0.0100 CSR_pre@0.30=0.0200
[Gate5 eval-debug] CSR_post@0.10=0.0000 CSR_post@0.15=0.0000 CSR_post@0.20=0.0000 CSR_post@0.25=0.0100 CSR_post@0.30=0.0200
