Importing submoduled environments...
Submoduled environments not found. Skipping import.
[upd 0] u=1 upd_ctr=1 opt_step=16 E=0.180 g=0.089 VarTD=0.203202 ret_end=-28.238 dbar_end=0.769 occ_end=0.170 CSR_train=0.000 done_count=100
[upd 10] u=1 upd_ctr=2 opt_step=32 E=0.137 g=0.094 VarTD=0.178732 ret_end=-27.407 dbar_end=0.753 occ_end=0.200 CSR_train=0.000 done_count=125
[upd 20] u=1 upd_ctr=3 opt_step=48 E=0.119 g=0.094 VarTD=0.143020 ret_end=-28.139 dbar_end=0.752 occ_end=0.200 CSR_train=0.000 done_count=125
[upd 30] u=1 upd_ctr=4 opt_step=64 E=0.102 g=0.099 VarTD=0.144030 ret_end=-27.191 dbar_end=0.738 occ_end=0.248 CSR_train=0.000 done_count=125
[upd 40] u=0 upd_ctr=5 opt_step=80 E=0.213 g=0.115 VarTD=0.126335 ret_end=-25.624 dbar_end=0.689 occ_end=0.216 CSR_train=0.000 done_count=125
[upd 50] u=0 upd_ctr=6 opt_step=96 E=0.400 g=0.112 VarTD=0.138469 ret_end=-25.986 dbar_end=0.696 occ_end=0.112 CSR_train=0.000 done_count=125
[upd 60] u=0 upd_ctr=7 opt_step=112 E=0.555 g=0.125 VarTD=0.133679 ret_end=-25.868 dbar_end=0.663 occ_end=0.240 CSR_train=0.000 done_count=125
[upd 70] u=0 upd_ctr=8 opt_step=128 E=0.772 g=0.123 VarTD=0.134404 ret_end=-25.789 dbar_end=0.668 occ_end=0.200 CSR_train=0.000 done_count=125
[upd 80] u=1 upd_ctr=10 opt_step=160 E=0.134 g=0.134 VarTD=0.151397 ret_end=-24.527 dbar_end=0.641 occ_end=0.232 CSR_train=0.000 done_count=125
[upd 90] u=0 upd_ctr=11 opt_step=176 E=0.483 g=0.144 VarTD=0.177909 ret_end=-24.602 dbar_end=0.617 occ_end=0.200 CSR_train=0.000 done_count=125
[upd 100] u=0 upd_ctr=12 opt_step=192 E=0.867 g=0.135 VarTD=0.179785 ret_end=-25.889 dbar_end=0.638 occ_end=0.160 CSR_train=0.000 done_count=125
[upd 110] u=0 upd_ctr=14 opt_step=224 E=0.358 g=0.146 VarTD=0.243304 ret_end=-24.718 dbar_end=0.612 occ_end=0.256 CSR_train=0.000 done_count=125
[upd 120] u=0 upd_ctr=15 opt_step=240 E=0.796 g=0.150 VarTD=0.296642 ret_end=-24.723 dbar_end=0.603 occ_end=0.288 CSR_train=0.000 done_count=125
[upd 130] u=0 upd_ctr=17 opt_step=272 E=0.434 g=0.154 VarTD=0.337755 ret_end=-24.737 dbar_end=0.595 occ_end=0.330 CSR_train=0.010 done_count=100
[upd 140] u=0 upd_ctr=18 opt_step=288 E=0.936 g=0.161 VarTD=0.482215 ret_end=-24.142 dbar_end=0.582 occ_end=0.320 CSR_train=0.000 done_count=125
[upd 150] u=0 upd_ctr=20 opt_step=320 E=0.527 g=0.156 VarTD=0.651767 ret_end=-24.976 dbar_end=0.592 occ_end=0.312 CSR_train=0.000 done_count=125
[upd 160] u=1 upd_ctr=22 opt_step=352 E=0.154 g=0.156 VarTD=0.704210 ret_end=-24.007 dbar_end=0.591 occ_end=0.216 CSR_train=0.000 done_count=125
[upd 170] u=0 upd_ctr=23 opt_step=368 E=0.678 g=0.160 VarTD=0.968364 ret_end=-24.381 dbar_end=0.584 occ_end=0.264 CSR_train=0.000 done_count=125
[upd 180] u=0 upd_ctr=25 opt_step=400 E=0.331 g=0.167 VarTD=1.176255 ret_end=-24.054 dbar_end=0.571 occ_end=0.304 CSR_train=0.000 done_count=125
[upd 190] u=0 upd_ctr=26 opt_step=416 E=0.839 g=0.172 VarTD=1.305396 ret_end=-23.817 dbar_end=0.561 occ_end=0.248 CSR_train=0.008 done_count=125
[upd 200] u=0 upd_ctr=28 opt_step=448 E=0.516 g=0.159 VarTD=1.545648 ret_end=-24.231 dbar_end=0.585 occ_end=0.360 CSR_train=0.000 done_count=125
[upd 210] u=1 upd_ctr=30 opt_step=480 E=0.201 g=0.161 VarTD=1.692140 ret_end=-23.431 dbar_end=0.582 occ_end=0.232 CSR_train=0.000 done_count=125
[upd 220] u=0 upd_ctr=31 opt_step=496 E=0.799 g=0.161 VarTD=1.980230 ret_end=-23.909 dbar_end=0.581 occ_end=0.208 CSR_train=0.000 done_count=125
[upd 230] u=0 upd_ctr=33 opt_step=528 E=0.497 g=0.140 VarTD=2.255127 ret_end=-24.771 dbar_end=0.626 occ_end=0.168 CSR_train=0.000 done_count=125
[upd 240] u=1 upd_ctr=35 opt_step=560 E=0.172 g=0.163 VarTD=2.459349 ret_end=-23.662 dbar_end=0.579 occ_end=0.272 CSR_train=0.000 done_count=125
[upd 250] u=0 upd_ctr=36 opt_step=576 E=0.768 g=0.182 VarTD=2.862056 ret_end=-23.436 dbar_end=0.542 occ_end=0.280 CSR_train=0.008 done_count=125
[upd 260] u=0 upd_ctr=38 opt_step=608 E=0.480 g=0.171 VarTD=2.554085 ret_end=-23.808 dbar_end=0.563 occ_end=0.290 CSR_train=0.000 done_count=100
[upd 270] u=1 upd_ctr=40 opt_step=640 E=0.164 g=0.158 VarTD=3.320656 ret_end=-24.650 dbar_end=0.587 occ_end=0.248 CSR_train=0.000 done_count=125
[upd 280] u=0 upd_ctr=41 opt_step=656 E=0.820 g=0.167 VarTD=3.676725 ret_end=-23.298 dbar_end=0.571 occ_end=0.264 CSR_train=0.000 done_count=125
[upd 290] u=0 upd_ctr=43 opt_step=688 E=0.631 g=0.170 VarTD=4.021791 ret_end=-23.074 dbar_end=0.564 occ_end=0.216 CSR_train=0.000 done_count=125
[upd 300] u=0 upd_ctr=45 opt_step=720 E=0.355 g=0.164 VarTD=4.363793 ret_end=-23.800 dbar_end=0.576 occ_end=0.248 CSR_train=0.000 done_count=125
[upd 310] u=0 upd_ctr=46 opt_step=736 E=1.000 g=0.175 VarTD=4.541121 ret_end=-22.912 dbar_end=0.555 occ_end=0.312 CSR_train=0.008 done_count=125
[Gate5 check] update_counter violations: t0=0 diffs=0
[Gate5 check] opt_step violations: t0=0 diffs=0 (expected_inc=16)
[Gate5 check] NaN masking: nan_on_skip=True finite_on_update=True
[Gate5 summary] mean_update_fraction=0.1506 final_executed_updates_mean=47.00
[Gate5 eval] done_count mean=100.0 CSR mean=0.0000 len_end_mean=26.00
[Gate5 eval] episodes_per_env=4 T_eval=104
[Gate5 eval-debug] locked_eps_occ=0.20 pre(step25): dbar_end=0.455901 occupied_end_mean=0.500000 max_tilde_end_mean=0.656314 CSR@locked=0.010000
[Gate5 eval-debug] locked_eps_occ=0.20 post(step26): dbar_end=0.457341 occupied_end_mean=0.350000 max_tilde_end_mean=0.651958 CSR@locked=0.000000
[Gate5 eval-debug] CSR_pre@0.10=0.0000 CSR_pre@0.15=0.0000 CSR_pre@0.20=0.0100 CSR_pre@0.25=0.0200 CSR_pre@0.30=0.0300
[Gate5 eval-debug] CSR_post@0.10=0.0000 CSR_post@0.15=0.0000 CSR_post@0.20=0.0000 CSR_post@0.25=0.0100 CSR_post@0.30=0.0400
