Importing submoduled environments...
Submoduled environments not found. Skipping import.
[upd 0] u=1 upd_ctr=1 opt_step=16 E=0.135 g=0.087 VarTD=0.169991 ret_end=-27.980 dbar_end=0.777 occ_end=0.130 CSR_train=0.000 done_count=100
[upd 10] u=0 upd_ctr=1 opt_step=16 E=0.510 g=0.097 VarTD=0.148660 ret_end=-28.362 dbar_end=0.744 occ_end=0.160 CSR_train=0.000 done_count=125
[upd 20] u=0 upd_ctr=1 opt_step=16 E=0.883 g=0.107 VarTD=0.133804 ret_end=-25.361 dbar_end=0.711 occ_end=0.200 CSR_train=0.000 done_count=125
[upd 30] u=0 upd_ctr=2 opt_step=32 E=0.386 g=0.105 VarTD=0.118168 ret_end=-26.239 dbar_end=0.719 occ_end=0.200 CSR_train=0.000 done_count=125
[upd 40] u=0 upd_ctr=2 opt_step=32 E=0.780 g=0.098 VarTD=0.142690 ret_end=-27.106 dbar_end=0.741 occ_end=0.136 CSR_train=0.000 done_count=125
[upd 50] u=0 upd_ctr=3 opt_step=48 E=0.260 g=0.090 VarTD=0.166524 ret_end=-28.121 dbar_end=0.768 occ_end=0.200 CSR_train=0.000 done_count=125
[upd 60] u=0 upd_ctr=3 opt_step=48 E=0.661 g=0.105 VarTD=0.145330 ret_end=-26.159 dbar_end=0.719 occ_end=0.240 CSR_train=0.000 done_count=125
[upd 70] u=0 upd_ctr=4 opt_step=64 E=0.172 g=0.106 VarTD=0.150929 ret_end=-26.829 dbar_end=0.715 occ_end=0.128 CSR_train=0.000 done_count=125
[upd 80] u=0 upd_ctr=4 opt_step=64 E=0.586 g=0.103 VarTD=0.134896 ret_end=-26.610 dbar_end=0.723 occ_end=0.240 CSR_train=0.000 done_count=125
[upd 90] u=0 upd_ctr=5 opt_step=80 E=0.080 g=0.099 VarTD=0.178628 ret_end=-27.379 dbar_end=0.736 occ_end=0.176 CSR_train=0.000 done_count=125
[upd 100] u=0 upd_ctr=5 opt_step=80 E=0.503 g=0.114 VarTD=0.126250 ret_end=-25.519 dbar_end=0.692 occ_end=0.200 CSR_train=0.000 done_count=125
[upd 110] u=0 upd_ctr=5 opt_step=80 E=0.923 g=0.107 VarTD=0.134019 ret_end=-26.099 dbar_end=0.712 occ_end=0.192 CSR_train=0.000 done_count=125
[upd 120] u=0 upd_ctr=6 opt_step=96 E=0.456 g=0.106 VarTD=0.113517 ret_end=-26.306 dbar_end=0.713 occ_end=0.192 CSR_train=0.000 done_count=125
[upd 130] u=0 upd_ctr=6 opt_step=96 E=0.891 g=0.106 VarTD=0.145855 ret_end=-26.847 dbar_end=0.715 occ_end=0.170 CSR_train=0.000 done_count=100
[upd 140] u=0 upd_ctr=7 opt_step=112 E=0.439 g=0.110 VarTD=0.158378 ret_end=-26.890 dbar_end=0.702 occ_end=0.296 CSR_train=0.008 done_count=125
[upd 150] u=0 upd_ctr=7 opt_step=112 E=0.899 g=0.121 VarTD=0.141180 ret_end=-26.042 dbar_end=0.672 occ_end=0.200 CSR_train=0.000 done_count=125
[upd 160] u=0 upd_ctr=8 opt_step=128 E=0.452 g=0.124 VarTD=0.143798 ret_end=-25.612 dbar_end=0.664 occ_end=0.256 CSR_train=0.000 done_count=125
[upd 170] u=0 upd_ctr=8 opt_step=128 E=0.917 g=0.119 VarTD=0.153724 ret_end=-26.413 dbar_end=0.678 occ_end=0.232 CSR_train=0.000 done_count=125
[upd 180] u=0 upd_ctr=9 opt_step=144 E=0.501 g=0.132 VarTD=0.155270 ret_end=-25.962 dbar_end=0.644 occ_end=0.224 CSR_train=0.000 done_count=125
[upd 190] u=1 upd_ctr=10 opt_step=160 E=0.087 g=0.110 VarTD=0.151541 ret_end=-26.855 dbar_end=0.704 occ_end=0.152 CSR_train=0.000 done_count=125
[upd 200] u=0 upd_ctr=10 opt_step=160 E=0.596 g=0.120 VarTD=0.145958 ret_end=-25.832 dbar_end=0.675 occ_end=0.120 CSR_train=0.000 done_count=125
[upd 210] u=0 upd_ctr=11 opt_step=176 E=0.200 g=0.123 VarTD=0.191685 ret_end=-25.990 dbar_end=0.668 occ_end=0.224 CSR_train=0.000 done_count=125
[upd 220] u=0 upd_ctr=11 opt_step=176 E=0.726 g=0.116 VarTD=0.176478 ret_end=-25.921 dbar_end=0.687 occ_end=0.184 CSR_train=0.000 done_count=125
[upd 230] u=0 upd_ctr=12 opt_step=192 E=0.355 g=0.128 VarTD=0.174779 ret_end=-25.391 dbar_end=0.654 occ_end=0.264 CSR_train=0.000 done_count=125
[upd 240] u=0 upd_ctr=12 opt_step=192 E=0.881 g=0.151 VarTD=0.180753 ret_end=-24.471 dbar_end=0.603 occ_end=0.280 CSR_train=0.000 done_count=125
[upd 250] u=0 upd_ctr=13 opt_step=208 E=0.506 g=0.119 VarTD=0.208889 ret_end=-26.291 dbar_end=0.678 occ_end=0.176 CSR_train=0.000 done_count=125
[upd 260] u=0 upd_ctr=14 opt_step=224 E=0.138 g=0.123 VarTD=0.200060 ret_end=-25.980 dbar_end=0.668 occ_end=0.180 CSR_train=0.000 done_count=100
[upd 270] u=0 upd_ctr=14 opt_step=224 E=0.691 g=0.144 VarTD=0.252772 ret_end=-25.252 dbar_end=0.618 occ_end=0.272 CSR_train=0.000 done_count=125
[upd 280] u=0 upd_ctr=15 opt_step=240 E=0.339 g=0.149 VarTD=0.296401 ret_end=-24.636 dbar_end=0.607 occ_end=0.240 CSR_train=0.008 done_count=125
[upd 290] u=0 upd_ctr=15 opt_step=240 E=0.912 g=0.151 VarTD=0.264592 ret_end=-24.124 dbar_end=0.602 occ_end=0.224 CSR_train=0.000 done_count=125
[upd 300] u=0 upd_ctr=16 opt_step=256 E=0.581 g=0.131 VarTD=0.282473 ret_end=-24.880 dbar_end=0.647 occ_end=0.272 CSR_train=0.000 done_count=125
[upd 310] u=0 upd_ctr=17 opt_step=272 E=0.252 g=0.145 VarTD=0.381245 ret_end=-25.307 dbar_end=0.614 occ_end=0.232 CSR_train=0.000 done_count=125
[Gate5 check] update_counter violations: t0=0 diffs=0
[Gate5 check] opt_step violations: t0=0 diffs=0 (expected_inc=16)
[Gate5 check] NaN masking: nan_on_skip=True finite_on_update=True
[Gate5 summary] mean_update_fraction=0.0545 final_executed_updates_mean=17.00
[Gate5 eval] done_count mean=100.0 CSR mean=0.0000 len_end_mean=26.00
[Gate5 eval] episodes_per_env=4 T_eval=104
[Gate5 eval-debug] locked_eps_occ=0.20 pre(step25): dbar_end=0.506116 occupied_end_mean=0.370000 max_tilde_end_mean=0.720370 CSR@locked=0.000000
[Gate5 eval-debug] locked_eps_occ=0.20 post(step26): dbar_end=0.509459 occupied_end_mean=0.370000 max_tilde_end_mean=0.721040 CSR@locked=0.000000
[Gate5 eval-debug] CSR_pre@0.10=0.0000 CSR_pre@0.15=0.0000 CSR_pre@0.20=0.0000 CSR_pre@0.25=0.0200 CSR_pre@0.30=0.0400
[Gate5 eval-debug] CSR_post@0.10=0.0000 CSR_post@0.15=0.0000 CSR_post@0.20=0.0000 CSR_post@0.25=0.0200 CSR_post@0.30=0.0400
