Importing submoduled environments...
Submoduled environments not found. Skipping import.
[upd 0] u=1 upd_ctr=1 opt_step=16 E=0.093 g=0.093 VarTD=0.145852 ret_end=-27.154 dbar_end=0.757 occ_end=0.170 CSR_train=0.000 done_count=100
[upd 10] u=0 upd_ctr=1 opt_step=16 E=1.000 g=0.084 VarTD=0.153180 ret_end=-27.639 dbar_end=0.787 occ_end=0.144 CSR_train=0.008 done_count=125
[upd 20] u=0 upd_ctr=2 opt_step=32 E=0.982 g=0.097 VarTD=0.151037 ret_end=-26.828 dbar_end=0.742 occ_end=0.200 CSR_train=0.000 done_count=125
[upd 30] u=0 upd_ctr=3 opt_step=48 E=0.850 g=0.094 VarTD=0.144233 ret_end=-27.030 dbar_end=0.753 occ_end=0.160 CSR_train=0.000 done_count=125
[upd 40] u=0 upd_ctr=4 opt_step=64 E=0.817 g=0.092 VarTD=0.155129 ret_end=-27.467 dbar_end=0.761 occ_end=0.120 CSR_train=0.000 done_count=125
[upd 50] u=0 upd_ctr=5 opt_step=80 E=0.844 g=0.112 VarTD=0.167745 ret_end=-26.726 dbar_end=0.698 occ_end=0.184 CSR_train=0.008 done_count=125
[upd 60] u=0 upd_ctr=6 opt_step=96 E=0.879 g=0.112 VarTD=0.155268 ret_end=-25.830 dbar_end=0.696 occ_end=0.208 CSR_train=0.000 done_count=125
[upd 70] u=0 upd_ctr=7 opt_step=112 E=0.885 g=0.109 VarTD=0.172578 ret_end=-27.104 dbar_end=0.705 occ_end=0.208 CSR_train=0.000 done_count=125
[upd 80] u=0 upd_ctr=8 opt_step=128 E=0.919 g=0.110 VarTD=0.153194 ret_end=-26.618 dbar_end=0.702 occ_end=0.200 CSR_train=0.000 done_count=125
[upd 90] u=0 upd_ctr=9 opt_step=144 E=1.000 g=0.119 VarTD=0.151925 ret_end=-26.201 dbar_end=0.679 occ_end=0.160 CSR_train=0.000 done_count=125
[upd 100] u=1 upd_ctr=11 opt_step=176 E=0.129 g=0.129 VarTD=0.158668 ret_end=-25.276 dbar_end=0.653 occ_end=0.216 CSR_train=0.000 done_count=125
[upd 110] u=0 upd_ctr=12 opt_step=192 E=0.256 g=0.125 VarTD=0.226866 ret_end=-25.463 dbar_end=0.663 occ_end=0.264 CSR_train=0.000 done_count=125
[upd 120] u=0 upd_ctr=13 opt_step=208 E=0.491 g=0.122 VarTD=0.221845 ret_end=-25.498 dbar_end=0.671 occ_end=0.200 CSR_train=0.000 done_count=125
[Gate5 check] update_counter violations: t0=0 diffs=0
[Gate5 check] opt_step violations: t0=0 diffs=0 (expected_inc=16)
[Gate5 check] NaN masking: nan_on_skip=True finite_on_update=True
[Gate5 summary] mean_update_fraction=0.1040 final_executed_updates_mean=13.00
[Gate5 eval] done_count mean=100.0 CSR mean=0.0100 len_end_mean=26.00
[Gate5 eval] episodes_per_env=4 T_eval=104
[Gate5 eval-debug] locked_eps_occ=0.20 pre(step25): dbar_end=0.488477 occupied_end_mean=0.370000 max_tilde_end_mean=0.706591 CSR@locked=0.010000
[Gate5 eval-debug] locked_eps_occ=0.20 post(step26): dbar_end=0.487310 occupied_end_mean=0.430000 max_tilde_end_mean=0.702195 CSR@locked=0.010000
[Gate5 eval-debug] CSR_pre@0.10=0.0000 CSR_pre@0.15=0.0000 CSR_pre@0.20=0.0100 CSR_pre@0.25=0.0300 CSR_pre@0.30=0.0500
[Gate5 eval-debug] CSR_post@0.10=0.0000 CSR_post@0.15=0.0000 CSR_post@0.20=0.0100 CSR_post@0.25=0.0400 CSR_post@0.30=0.0600
