Importing submoduled environments...
Submoduled environments not found. Skipping import.
[upd 0] u=1 upd_ctr=1 opt_step=16 E=0.168 g=0.097 VarTD=0.135831 ret_end=-26.760 dbar_end=0.743 occ_end=0.210 CSR_train=0.000 done_count=100
[upd 10] u=0 upd_ctr=1 opt_step=16 E=0.831 g=0.103 VarTD=0.167736 ret_end=-26.060 dbar_end=0.724 occ_end=0.152 CSR_train=0.000 done_count=125
[upd 20] u=0 upd_ctr=2 opt_step=32 E=0.588 g=0.086 VarTD=0.167961 ret_end=-27.400 dbar_end=0.783 occ_end=0.128 CSR_train=0.000 done_count=125
[upd 30] u=0 upd_ctr=3 opt_step=48 E=0.356 g=0.102 VarTD=0.192587 ret_end=-26.495 dbar_end=0.728 occ_end=0.160 CSR_train=0.000 done_count=125
[upd 40] u=0 upd_ctr=4 opt_step=64 E=0.166 g=0.111 VarTD=0.138842 ret_end=-25.937 dbar_end=0.700 occ_end=0.184 CSR_train=0.000 done_count=125
[upd 50] u=0 upd_ctr=4 opt_step=64 E=0.917 g=0.095 VarTD=0.153100 ret_end=-27.022 dbar_end=0.749 occ_end=0.152 CSR_train=0.000 done_count=125
[upd 60] u=0 upd_ctr=5 opt_step=80 E=0.799 g=0.111 VarTD=0.131592 ret_end=-27.128 dbar_end=0.701 occ_end=0.200 CSR_train=0.000 done_count=125
[upd 70] u=0 upd_ctr=6 opt_step=96 E=0.713 g=0.110 VarTD=0.127398 ret_end=-26.538 dbar_end=0.704 occ_end=0.152 CSR_train=0.000 done_count=125
[upd 80] u=0 upd_ctr=7 opt_step=112 E=0.648 g=0.123 VarTD=0.120559 ret_end=-25.815 dbar_end=0.666 occ_end=0.240 CSR_train=0.000 done_count=125
[upd 90] u=0 upd_ctr=8 opt_step=128 E=0.584 g=0.120 VarTD=0.120093 ret_end=-26.307 dbar_end=0.676 occ_end=0.176 CSR_train=0.000 done_count=125
[upd 100] u=0 upd_ctr=9 opt_step=144 E=0.536 g=0.120 VarTD=0.145083 ret_end=-26.369 dbar_end=0.676 occ_end=0.200 CSR_train=0.000 done_count=125
[upd 110] u=0 upd_ctr=10 opt_step=160 E=0.513 g=0.135 VarTD=0.156492 ret_end=-24.537 dbar_end=0.637 occ_end=0.224 CSR_train=0.000 done_count=125
[upd 120] u=0 upd_ctr=11 opt_step=176 E=0.547 g=0.152 VarTD=0.152210 ret_end=-24.195 dbar_end=0.600 occ_end=0.256 CSR_train=0.000 done_count=125
[Gate5 check] update_counter violations: t0=0 diffs=0
[Gate5 check] opt_step violations: t0=0 diffs=0 (expected_inc=16)
[Gate5 check] NaN masking: nan_on_skip=True finite_on_update=True
[Gate5 summary] mean_update_fraction=0.0880 final_executed_updates_mean=11.00
[Gate5 eval] done_count mean=100.0 CSR mean=0.0000 len_end_mean=26.00
[Gate5 eval] episodes_per_env=4 T_eval=104
[Gate5 eval-debug] locked_eps_occ=0.20 pre(step25): dbar_end=0.514144 occupied_end_mean=0.310000 max_tilde_end_mean=0.737894 CSR@locked=0.010000
[Gate5 eval-debug] locked_eps_occ=0.20 post(step26): dbar_end=0.518315 occupied_end_mean=0.300000 max_tilde_end_mean=0.740685 CSR@locked=0.000000
[Gate5 eval-debug] CSR_pre@0.10=0.0000 CSR_pre@0.15=0.0000 CSR_pre@0.20=0.0100 CSR_pre@0.25=0.0100 CSR_pre@0.30=0.0200
[Gate5 eval-debug] CSR_post@0.10=0.0000 CSR_post@0.15=0.0000 CSR_post@0.20=0.0000 CSR_post@0.25=0.0100 CSR_post@0.30=0.0300
