Importing submoduled environments...
Submoduled environments not found. Skipping import.
[upd 0] u=1 upd_ctr=1 opt_step=16 E=0.196 g=0.096 VarTD=0.164885 ret_end=-27.291 dbar_end=0.746 occ_end=0.170 CSR_train=0.000 done_count=100
[upd 10] u=0 upd_ctr=2 opt_step=32 E=0.310 g=0.096 VarTD=0.129863 ret_end=-27.125 dbar_end=0.746 occ_end=0.104 CSR_train=0.000 done_count=125
[upd 20] u=0 upd_ctr=3 opt_step=48 E=0.496 g=0.120 VarTD=0.125670 ret_end=-26.115 dbar_end=0.675 occ_end=0.200 CSR_train=0.000 done_count=125
[upd 30] u=0 upd_ctr=4 opt_step=64 E=0.688 g=0.124 VarTD=0.139610 ret_end=-25.386 dbar_end=0.665 occ_end=0.208 CSR_train=0.000 done_count=125
[upd 40] u=0 upd_ctr=5 opt_step=80 E=0.909 g=0.112 VarTD=0.133766 ret_end=-26.187 dbar_end=0.696 occ_end=0.160 CSR_train=0.000 done_count=125
[upd 50] u=0 upd_ctr=7 opt_step=112 E=0.298 g=0.115 VarTD=0.144279 ret_end=-25.880 dbar_end=0.690 occ_end=0.216 CSR_train=0.000 done_count=125
[upd 60] u=0 upd_ctr=8 opt_step=128 E=0.610 g=0.111 VarTD=0.183967 ret_end=-27.110 dbar_end=0.700 occ_end=0.248 CSR_train=0.000 done_count=125
[upd 70] u=0 upd_ctr=9 opt_step=144 E=0.969 g=0.132 VarTD=0.156671 ret_end=-25.422 dbar_end=0.644 occ_end=0.272 CSR_train=0.000 done_count=125
[upd 80] u=0 upd_ctr=11 opt_step=176 E=0.552 g=0.141 VarTD=0.174100 ret_end=-24.651 dbar_end=0.623 occ_end=0.176 CSR_train=0.000 done_count=125
[upd 90] u=1 upd_ctr=13 opt_step=208 E=0.184 g=0.143 VarTD=0.188996 ret_end=-25.152 dbar_end=0.620 occ_end=0.232 CSR_train=0.000 done_count=125
[upd 100] u=0 upd_ctr=14 opt_step=224 E=0.776 g=0.139 VarTD=0.238813 ret_end=-25.062 dbar_end=0.628 occ_end=0.168 CSR_train=0.000 done_count=125
[upd 110] u=0 upd_ctr=16 opt_step=256 E=0.464 g=0.152 VarTD=0.342217 ret_end=-23.904 dbar_end=0.601 occ_end=0.256 CSR_train=0.000 done_count=125
[upd 120] u=0 upd_ctr=17 opt_step=272 E=1.000 g=0.152 VarTD=0.416970 ret_end=-24.380 dbar_end=0.599 occ_end=0.272 CSR_train=0.000 done_count=125
[upd 130] u=0 upd_ctr=19 opt_step=304 E=0.690 g=0.143 VarTD=0.436295 ret_end=-24.219 dbar_end=0.619 occ_end=0.280 CSR_train=0.000 done_count=100
[upd 140] u=0 upd_ctr=21 opt_step=336 E=0.390 g=0.147 VarTD=0.716894 ret_end=-24.995 dbar_end=0.611 occ_end=0.272 CSR_train=0.000 done_count=125
[upd 150] u=0 upd_ctr=22 opt_step=352 E=1.000 g=0.160 VarTD=0.841640 ret_end=-24.818 dbar_end=0.584 occ_end=0.344 CSR_train=0.000 done_count=125
[upd 160] u=0 upd_ctr=24 opt_step=384 E=0.754 g=0.165 VarTD=1.079331 ret_end=-24.241 dbar_end=0.574 occ_end=0.240 CSR_train=0.000 done_count=125
[upd 170] u=0 upd_ctr=26 opt_step=416 E=0.556 g=0.154 VarTD=1.299520 ret_end=-23.880 dbar_end=0.596 occ_end=0.192 CSR_train=0.000 done_count=125
[upd 180] u=0 upd_ctr=28 opt_step=448 E=0.335 g=0.152 VarTD=1.594063 ret_end=-24.413 dbar_end=0.599 occ_end=0.208 CSR_train=0.000 done_count=125
[upd 190] u=0 upd_ctr=29 opt_step=464 E=1.000 g=0.169 VarTD=1.735829 ret_end=-23.571 dbar_end=0.566 occ_end=0.256 CSR_train=0.000 done_count=125
[upd 200] u=0 upd_ctr=31 opt_step=496 E=0.843 g=0.166 VarTD=2.062834 ret_end=-24.619 dbar_end=0.572 occ_end=0.272 CSR_train=0.000 done_count=125
[upd 210] u=0 upd_ctr=33 opt_step=528 E=0.659 g=0.168 VarTD=2.380298 ret_end=-24.551 dbar_end=0.567 occ_end=0.376 CSR_train=0.008 done_count=125
[upd 220] u=0 upd_ctr=35 opt_step=560 E=0.533 g=0.171 VarTD=2.698559 ret_end=-23.913 dbar_end=0.563 occ_end=0.312 CSR_train=0.000 done_count=125
[upd 230] u=0 upd_ctr=37 opt_step=592 E=0.429 g=0.180 VarTD=3.050513 ret_end=-23.899 dbar_end=0.547 occ_end=0.280 CSR_train=0.000 done_count=125
[upd 240] u=1 upd_ctr=39 opt_step=624 E=0.263 g=0.163 VarTD=3.284427 ret_end=-23.996 dbar_end=0.578 occ_end=0.208 CSR_train=0.000 done_count=125
[upd 250] u=0 upd_ctr=40 opt_step=640 E=1.000 g=0.156 VarTD=3.576035 ret_end=-23.794 dbar_end=0.592 occ_end=0.280 CSR_train=0.000 done_count=125
[upd 260] u=0 upd_ctr=42 opt_step=672 E=0.922 g=0.181 VarTD=3.185713 ret_end=-22.715 dbar_end=0.545 occ_end=0.320 CSR_train=0.000 done_count=100
[upd 270] u=0 upd_ctr=44 opt_step=704 E=0.733 g=0.156 VarTD=4.313672 ret_end=-24.806 dbar_end=0.591 occ_end=0.256 CSR_train=0.000 done_count=125
[upd 280] u=0 upd_ctr=46 opt_step=736 E=0.571 g=0.159 VarTD=4.748716 ret_end=-24.380 dbar_end=0.585 occ_end=0.328 CSR_train=0.000 done_count=125
[upd 290] u=0 upd_ctr=48 opt_step=768 E=0.524 g=0.180 VarTD=5.007160 ret_end=-23.003 dbar_end=0.547 occ_end=0.280 CSR_train=0.000 done_count=125
[upd 300] u=0 upd_ctr=50 opt_step=800 E=0.471 g=0.183 VarTD=5.301295 ret_end=-22.995 dbar_end=0.542 occ_end=0.336 CSR_train=0.000 done_count=125
[upd 310] u=0 upd_ctr=52 opt_step=832 E=0.473 g=0.194 VarTD=5.481941 ret_end=-23.410 dbar_end=0.523 occ_end=0.328 CSR_train=0.000 done_count=125
[Gate5 check] update_counter violations: t0=0 diffs=0
[Gate5 check] opt_step violations: t0=0 diffs=0 (expected_inc=16)
[Gate5 check] NaN masking: nan_on_skip=True finite_on_update=True
[Gate5 summary] mean_update_fraction=0.1667 final_executed_updates_mean=52.00
[Gate5 eval] done_count mean=100.0 CSR mean=0.0000 len_end_mean=26.00
[Gate5 eval] episodes_per_env=4 T_eval=104
[Gate5 eval-debug] locked_eps_occ=0.20 pre(step25): dbar_end=0.502640 occupied_end_mean=0.370000 max_tilde_end_mean=0.731131 CSR@locked=0.000000
[Gate5 eval-debug] locked_eps_occ=0.20 post(step26): dbar_end=0.509040 occupied_end_mean=0.350000 max_tilde_end_mean=0.735146 CSR@locked=0.000000
[Gate5 eval-debug] CSR_pre@0.10=0.0000 CSR_pre@0.15=0.0000 CSR_pre@0.20=0.0000 CSR_pre@0.25=0.0000 CSR_pre@0.30=0.0200
[Gate5 eval-debug] CSR_post@0.10=0.0000 CSR_post@0.15=0.0000 CSR_post@0.20=0.0000 CSR_post@0.25=0.0100 CSR_post@0.30=0.0200
