Importing submoduled environments...
Submoduled environments not found. Skipping import.
[upd 0] u=1 upd_ctr=1 opt_step=16 E=0.167 g=0.096 VarTD=0.164885 ret_end=-27.291 dbar_end=0.746 occ_end=0.170 CSR_train=0.000 done_count=100
[upd 10] u=0 upd_ctr=1 opt_step=16 E=0.869 g=0.091 VarTD=0.137991 ret_end=-27.480 dbar_end=0.764 occ_end=0.136 CSR_train=0.000 done_count=125
[upd 20] u=0 upd_ctr=2 opt_step=32 E=0.714 g=0.115 VarTD=0.127484 ret_end=-26.313 dbar_end=0.688 occ_end=0.176 CSR_train=0.000 done_count=125
[upd 30] u=0 upd_ctr=3 opt_step=48 E=0.559 g=0.122 VarTD=0.139071 ret_end=-25.592 dbar_end=0.671 occ_end=0.192 CSR_train=0.000 done_count=125
[upd 40] u=0 upd_ctr=4 opt_step=64 E=0.425 g=0.108 VarTD=0.140017 ret_end=-26.213 dbar_end=0.708 occ_end=0.184 CSR_train=0.000 done_count=125
[upd 50] u=0 upd_ctr=5 opt_step=80 E=0.334 g=0.113 VarTD=0.131821 ret_end=-25.784 dbar_end=0.695 occ_end=0.224 CSR_train=0.000 done_count=125
[upd 60] u=0 upd_ctr=6 opt_step=96 E=0.240 g=0.107 VarTD=0.173213 ret_end=-27.376 dbar_end=0.713 occ_end=0.184 CSR_train=0.000 done_count=125
[upd 70] u=0 upd_ctr=7 opt_step=112 E=0.178 g=0.126 VarTD=0.144968 ret_end=-25.797 dbar_end=0.661 occ_end=0.272 CSR_train=0.000 done_count=125
[upd 80] u=1 upd_ctr=8 opt_step=128 E=0.161 g=0.123 VarTD=0.158425 ret_end=-25.692 dbar_end=0.667 occ_end=0.128 CSR_train=0.000 done_count=125
[upd 90] u=1 upd_ctr=9 opt_step=144 E=0.168 g=0.125 VarTD=0.145631 ret_end=-25.650 dbar_end=0.663 occ_end=0.184 CSR_train=0.000 done_count=125
[upd 100] u=0 upd_ctr=10 opt_step=160 E=0.214 g=0.130 VarTD=0.148028 ret_end=-25.907 dbar_end=0.649 occ_end=0.200 CSR_train=0.000 done_count=125
[upd 110] u=0 upd_ctr=11 opt_step=176 E=0.255 g=0.140 VarTD=0.176637 ret_end=-24.311 dbar_end=0.626 occ_end=0.240 CSR_train=0.008 done_count=125
[upd 120] u=0 upd_ctr=12 opt_step=192 E=0.297 g=0.135 VarTD=0.202364 ret_end=-25.203 dbar_end=0.638 occ_end=0.208 CSR_train=0.000 done_count=125
[upd 130] u=0 upd_ctr=13 opt_step=208 E=0.348 g=0.136 VarTD=0.172934 ret_end=-24.617 dbar_end=0.635 occ_end=0.140 CSR_train=0.000 done_count=100
[upd 140] u=0 upd_ctr=14 opt_step=224 E=0.421 g=0.134 VarTD=0.244495 ret_end=-25.649 dbar_end=0.639 occ_end=0.272 CSR_train=0.000 done_count=125
[upd 150] u=0 upd_ctr=15 opt_step=240 E=0.559 g=0.151 VarTD=0.303577 ret_end=-25.327 dbar_end=0.601 occ_end=0.272 CSR_train=0.000 done_count=125
[upd 160] u=0 upd_ctr=16 opt_step=256 E=0.669 g=0.154 VarTD=0.345325 ret_end=-24.530 dbar_end=0.596 occ_end=0.184 CSR_train=0.000 done_count=125
[upd 170] u=0 upd_ctr=17 opt_step=272 E=0.822 g=0.142 VarTD=0.391490 ret_end=-24.886 dbar_end=0.621 occ_end=0.224 CSR_train=0.000 done_count=125
[upd 180] u=0 upd_ctr=18 opt_step=288 E=0.984 g=0.147 VarTD=0.456929 ret_end=-24.687 dbar_end=0.610 occ_end=0.224 CSR_train=0.000 done_count=125
[upd 190] u=0 upd_ctr=20 opt_step=320 E=0.226 g=0.159 VarTD=0.639312 ret_end=-24.298 dbar_end=0.585 occ_end=0.240 CSR_train=0.000 done_count=125
[upd 200] u=0 upd_ctr=21 opt_step=336 E=0.369 g=0.154 VarTD=0.726595 ret_end=-25.166 dbar_end=0.595 occ_end=0.336 CSR_train=0.000 done_count=125
[upd 210] u=0 upd_ctr=22 opt_step=352 E=0.538 g=0.147 VarTD=0.833533 ret_end=-25.198 dbar_end=0.610 occ_end=0.272 CSR_train=0.000 done_count=125
[upd 220] u=0 upd_ctr=23 opt_step=368 E=0.748 g=0.163 VarTD=0.926760 ret_end=-24.250 dbar_end=0.578 occ_end=0.272 CSR_train=0.000 done_count=125
[upd 230] u=0 upd_ctr=24 opt_step=384 E=0.969 g=0.171 VarTD=1.029719 ret_end=-24.456 dbar_end=0.562 occ_end=0.288 CSR_train=0.008 done_count=125
[upd 240] u=0 upd_ctr=26 opt_step=416 E=0.279 g=0.162 VarTD=1.239352 ret_end=-24.049 dbar_end=0.581 occ_end=0.312 CSR_train=0.000 done_count=125
[upd 250] u=0 upd_ctr=27 opt_step=432 E=0.487 g=0.159 VarTD=1.403593 ret_end=-23.824 dbar_end=0.586 occ_end=0.304 CSR_train=0.000 done_count=125
[upd 260] u=0 upd_ctr=28 opt_step=448 E=0.719 g=0.170 VarTD=1.229303 ret_end=-23.048 dbar_end=0.564 occ_end=0.270 CSR_train=0.000 done_count=100
[upd 270] u=0 upd_ctr=29 opt_step=464 E=0.941 g=0.155 VarTD=1.678863 ret_end=-24.831 dbar_end=0.594 occ_end=0.256 CSR_train=0.008 done_count=125
[upd 280] u=0 upd_ctr=31 opt_step=496 E=0.266 g=0.155 VarTD=1.992947 ret_end=-24.517 dbar_end=0.593 occ_end=0.296 CSR_train=0.000 done_count=125
[upd 290] u=0 upd_ctr=32 opt_step=512 E=0.548 g=0.165 VarTD=2.132197 ret_end=-23.467 dbar_end=0.574 occ_end=0.296 CSR_train=0.000 done_count=125
[upd 300] u=0 upd_ctr=33 opt_step=528 E=0.854 g=0.169 VarTD=2.301931 ret_end=-23.666 dbar_end=0.567 occ_end=0.288 CSR_train=0.000 done_count=125
[upd 310] u=1 upd_ctr=35 opt_step=560 E=0.209 g=0.170 VarTD=2.453849 ret_end=-24.276 dbar_end=0.564 occ_end=0.296 CSR_train=0.000 done_count=125
[Gate5 check] update_counter violations: t0=0 diffs=0
[Gate5 check] opt_step violations: t0=0 diffs=0 (expected_inc=16)
[Gate5 check] NaN masking: nan_on_skip=True finite_on_update=True
[Gate5 summary] mean_update_fraction=0.1122 final_executed_updates_mean=35.00
[Gate5 eval] done_count mean=100.0 CSR mean=0.0100 len_end_mean=26.00
[Gate5 eval] episodes_per_env=4 T_eval=104
[Gate5 eval-debug] locked_eps_occ=0.20 pre(step25): dbar_end=0.500240 occupied_end_mean=0.330000 max_tilde_end_mean=0.715120 CSR@locked=0.010000
[Gate5 eval-debug] locked_eps_occ=0.20 post(step26): dbar_end=0.497766 occupied_end_mean=0.350000 max_tilde_end_mean=0.721269 CSR@locked=0.010000
[Gate5 eval-debug] CSR_pre@0.10=0.0000 CSR_pre@0.15=0.0000 CSR_pre@0.20=0.0100 CSR_pre@0.25=0.0200 CSR_pre@0.30=0.0300
[Gate5 eval-debug] CSR_post@0.10=0.0000 CSR_post@0.15=0.0000 CSR_post@0.20=0.0100 CSR_post@0.25=0.0300 CSR_post@0.30=0.0500
