Importing submoduled environments...
Submoduled environments not found. Skipping import.
[upd 0] u=1 upd_ctr=1 opt_step=16 E=0.051 g=0.073 VarTD=0.176583 ret_end=-28.932 dbar_end=0.832 occ_end=0.120 CSR_train=0.000 done_count=100
[upd 10] u=0 upd_ctr=1 opt_step=16 E=0.682 g=0.084 VarTD=0.145375 ret_end=-27.822 dbar_end=0.789 occ_end=0.112 CSR_train=0.000 done_count=125
[upd 20] u=0 upd_ctr=2 opt_step=32 E=0.343 g=0.099 VarTD=0.145830 ret_end=-26.992 dbar_end=0.737 occ_end=0.184 CSR_train=0.000 done_count=125
[upd 30] u=0 upd_ctr=2 opt_step=32 E=0.987 g=0.098 VarTD=0.137276 ret_end=-26.119 dbar_end=0.739 occ_end=0.184 CSR_train=0.000 done_count=125
[upd 40] u=0 upd_ctr=3 opt_step=48 E=0.610 g=0.098 VarTD=0.166423 ret_end=-27.073 dbar_end=0.739 occ_end=0.184 CSR_train=0.000 done_count=125
[upd 50] u=0 upd_ctr=4 opt_step=64 E=0.265 g=0.094 VarTD=0.168425 ret_end=-27.760 dbar_end=0.752 occ_end=0.152 CSR_train=0.000 done_count=125
[upd 60] u=0 upd_ctr=4 opt_step=64 E=0.966 g=0.103 VarTD=0.135452 ret_end=-25.970 dbar_end=0.725 occ_end=0.096 CSR_train=0.000 done_count=125
[upd 70] u=0 upd_ctr=5 opt_step=80 E=0.667 g=0.109 VarTD=0.135769 ret_end=-25.718 dbar_end=0.706 occ_end=0.152 CSR_train=0.008 done_count=125
[upd 80] u=0 upd_ctr=6 opt_step=96 E=0.353 g=0.096 VarTD=0.151243 ret_end=-27.743 dbar_end=0.747 occ_end=0.168 CSR_train=0.000 done_count=125
[upd 90] u=1 upd_ctr=7 opt_step=112 E=0.073 g=0.104 VarTD=0.143756 ret_end=-27.414 dbar_end=0.721 occ_end=0.152 CSR_train=0.000 done_count=125
[upd 100] u=0 upd_ctr=7 opt_step=112 E=0.859 g=0.114 VarTD=0.138686 ret_end=-26.642 dbar_end=0.691 occ_end=0.144 CSR_train=0.000 done_count=125
[upd 110] u=0 upd_ctr=8 opt_step=128 E=0.630 g=0.131 VarTD=0.144198 ret_end=-24.898 dbar_end=0.647 occ_end=0.240 CSR_train=0.000 done_count=125
[upd 120] u=0 upd_ctr=9 opt_step=144 E=0.422 g=0.130 VarTD=0.133661 ret_end=-25.435 dbar_end=0.649 occ_end=0.232 CSR_train=0.000 done_count=125
[Gate5 check] update_counter violations: t0=0 diffs=0
[Gate5 check] opt_step violations: t0=0 diffs=0 (expected_inc=16)
[Gate5 check] NaN masking: nan_on_skip=True finite_on_update=True
[Gate5 summary] mean_update_fraction=0.0720 final_executed_updates_mean=9.00
[Gate5 eval] done_count mean=100.0 CSR mean=0.0000 len_end_mean=26.00
[Gate5 eval] episodes_per_env=4 T_eval=104
[Gate5 eval-debug] locked_eps_occ=0.20 pre(step25): dbar_end=0.515110 occupied_end_mean=0.390000 max_tilde_end_mean=0.754837 CSR@locked=0.000000
[Gate5 eval-debug] locked_eps_occ=0.20 post(step26): dbar_end=0.515738 occupied_end_mean=0.400000 max_tilde_end_mean=0.744618 CSR@locked=0.000000
[Gate5 eval-debug] CSR_pre@0.10=0.0000 CSR_pre@0.15=0.0000 CSR_pre@0.20=0.0000 CSR_pre@0.25=0.0100 CSR_pre@0.30=0.0400
[Gate5 eval-debug] CSR_post@0.10=0.0000 CSR_post@0.15=0.0000 CSR_post@0.20=0.0000 CSR_post@0.25=0.0000 CSR_post@0.30=0.0200
