Importing submoduled environments...
Submoduled environments not found. Skipping import.
[upd 0] u=1 upd_ctr=1 opt_step=16 E=0.092 g=0.102 VarTD=0.148347 ret_end=-26.397 dbar_end=0.726 occ_end=0.190 CSR_train=0.000 done_count=100
[upd 10] u=0 upd_ctr=1 opt_step=16 E=0.931 g=0.089 VarTD=0.167256 ret_end=-27.327 dbar_end=0.769 occ_end=0.152 CSR_train=0.008 done_count=125
[upd 20] u=0 upd_ctr=2 opt_step=32 E=0.782 g=0.089 VarTD=0.167421 ret_end=-27.589 dbar_end=0.770 occ_end=0.176 CSR_train=0.000 done_count=125
[upd 30] u=0 upd_ctr=3 opt_step=48 E=0.661 g=0.107 VarTD=0.153533 ret_end=-27.401 dbar_end=0.712 occ_end=0.256 CSR_train=0.000 done_count=125
[upd 40] u=0 upd_ctr=4 opt_step=64 E=0.574 g=0.112 VarTD=0.148401 ret_end=-26.497 dbar_end=0.698 occ_end=0.144 CSR_train=0.000 done_count=125
[upd 50] u=0 upd_ctr=5 opt_step=80 E=0.504 g=0.126 VarTD=0.144527 ret_end=-25.461 dbar_end=0.660 occ_end=0.240 CSR_train=0.000 done_count=125
[upd 60] u=0 upd_ctr=6 opt_step=96 E=0.511 g=0.101 VarTD=0.163781 ret_end=-27.685 dbar_end=0.729 occ_end=0.128 CSR_train=0.000 done_count=125
[upd 70] u=0 upd_ctr=7 opt_step=112 E=0.542 g=0.124 VarTD=0.150122 ret_end=-25.649 dbar_end=0.664 occ_end=0.224 CSR_train=0.000 done_count=125
[upd 80] u=0 upd_ctr=8 opt_step=128 E=0.544 g=0.120 VarTD=0.138910 ret_end=-26.732 dbar_end=0.676 occ_end=0.208 CSR_train=0.000 done_count=125
[upd 90] u=0 upd_ctr=9 opt_step=144 E=0.544 g=0.119 VarTD=0.144788 ret_end=-25.684 dbar_end=0.677 occ_end=0.168 CSR_train=0.000 done_count=125
[upd 100] u=0 upd_ctr=10 opt_step=160 E=0.683 g=0.123 VarTD=0.176665 ret_end=-25.871 dbar_end=0.667 occ_end=0.192 CSR_train=0.000 done_count=125
[upd 110] u=0 upd_ctr=11 opt_step=176 E=0.798 g=0.115 VarTD=0.169015 ret_end=-26.862 dbar_end=0.690 occ_end=0.208 CSR_train=0.000 done_count=125
[upd 120] u=0 upd_ctr=12 opt_step=192 E=0.927 g=0.134 VarTD=0.166745 ret_end=-25.509 dbar_end=0.641 occ_end=0.168 CSR_train=0.000 done_count=125
[upd 130] u=0 upd_ctr=13 opt_step=208 E=1.000 g=0.133 VarTD=0.192469 ret_end=-25.329 dbar_end=0.644 occ_end=0.200 CSR_train=0.000 done_count=100
[upd 140] u=1 upd_ctr=15 opt_step=240 E=0.113 g=0.126 VarTD=0.224734 ret_end=-26.526 dbar_end=0.661 occ_end=0.144 CSR_train=0.000 done_count=125
[upd 150] u=0 upd_ctr=16 opt_step=256 E=0.261 g=0.143 VarTD=0.360416 ret_end=-24.765 dbar_end=0.619 occ_end=0.216 CSR_train=0.000 done_count=125
[upd 160] u=0 upd_ctr=17 opt_step=272 E=0.524 g=0.154 VarTD=0.382371 ret_end=-24.466 dbar_end=0.596 occ_end=0.328 CSR_train=0.000 done_count=125
[upd 170] u=0 upd_ctr=18 opt_step=288 E=0.809 g=0.154 VarTD=0.424022 ret_end=-24.248 dbar_end=0.595 occ_end=0.192 CSR_train=0.000 done_count=125
[upd 180] u=0 upd_ctr=19 opt_step=304 E=1.000 g=0.158 VarTD=0.529013 ret_end=-24.008 dbar_end=0.589 occ_end=0.256 CSR_train=0.000 done_count=125
[upd 190] u=0 upd_ctr=21 opt_step=336 E=0.269 g=0.155 VarTD=0.717560 ret_end=-24.511 dbar_end=0.594 occ_end=0.272 CSR_train=0.000 done_count=125
[upd 200] u=0 upd_ctr=22 opt_step=352 E=0.560 g=0.146 VarTD=0.811916 ret_end=-25.074 dbar_end=0.612 occ_end=0.208 CSR_train=0.000 done_count=125
[upd 210] u=0 upd_ctr=23 opt_step=368 E=0.891 g=0.174 VarTD=0.917888 ret_end=-23.087 dbar_end=0.558 occ_end=0.304 CSR_train=0.000 done_count=125
[upd 220] u=0 upd_ctr=25 opt_step=400 E=0.301 g=0.168 VarTD=1.183746 ret_end=-24.080 dbar_end=0.568 occ_end=0.272 CSR_train=0.000 done_count=125
[upd 230] u=0 upd_ctr=26 opt_step=416 E=0.762 g=0.167 VarTD=1.262012 ret_end=-23.372 dbar_end=0.570 occ_end=0.256 CSR_train=0.008 done_count=125
[upd 240] u=1 upd_ctr=28 opt_step=448 E=0.147 g=0.163 VarTD=1.396143 ret_end=-24.085 dbar_end=0.578 occ_end=0.296 CSR_train=0.000 done_count=125
[upd 250] u=0 upd_ctr=29 opt_step=464 E=0.584 g=0.158 VarTD=1.726551 ret_end=-24.462 dbar_end=0.587 occ_end=0.280 CSR_train=0.000 done_count=125
[upd 260] u=0 upd_ctr=30 opt_step=480 E=1.000 g=0.169 VarTD=1.589922 ret_end=-23.335 dbar_end=0.567 occ_end=0.330 CSR_train=0.010 done_count=100
[upd 270] u=0 upd_ctr=32 opt_step=512 E=0.462 g=0.167 VarTD=2.156031 ret_end=-23.434 dbar_end=0.571 occ_end=0.288 CSR_train=0.000 done_count=125
[upd 280] u=0 upd_ctr=33 opt_step=528 E=0.897 g=0.170 VarTD=2.278534 ret_end=-23.734 dbar_end=0.564 occ_end=0.272 CSR_train=0.000 done_count=125
[upd 290] u=0 upd_ctr=35 opt_step=560 E=0.329 g=0.179 VarTD=2.642152 ret_end=-23.536 dbar_end=0.548 occ_end=0.280 CSR_train=0.000 done_count=125
[upd 300] u=0 upd_ctr=36 opt_step=576 E=0.758 g=0.172 VarTD=2.856237 ret_end=-23.560 dbar_end=0.560 occ_end=0.216 CSR_train=0.000 done_count=125
[upd 310] u=1 upd_ctr=38 opt_step=608 E=0.150 g=0.167 VarTD=2.933618 ret_end=-23.868 dbar_end=0.570 occ_end=0.264 CSR_train=0.000 done_count=125
[Gate5 check] update_counter violations: t0=0 diffs=0
[Gate5 check] opt_step violations: t0=0 diffs=0 (expected_inc=16)
[Gate5 check] NaN masking: nan_on_skip=True finite_on_update=True
[Gate5 summary] mean_update_fraction=0.1218 final_executed_updates_mean=38.00
[Gate5 eval] done_count mean=100.0 CSR mean=0.0100 len_end_mean=26.00
[Gate5 eval] episodes_per_env=4 T_eval=104
[Gate5 eval-debug] locked_eps_occ=0.20 pre(step25): dbar_end=0.476794 occupied_end_mean=0.510000 max_tilde_end_mean=0.682992 CSR@locked=0.000000
[Gate5 eval-debug] locked_eps_occ=0.20 post(step26): dbar_end=0.466175 occupied_end_mean=0.490000 max_tilde_end_mean=0.674224 CSR@locked=0.010000
[Gate5 eval-debug] CSR_pre@0.10=0.0000 CSR_pre@0.15=0.0000 CSR_pre@0.20=0.0000 CSR_pre@0.25=0.0100 CSR_pre@0.30=0.0500
[Gate5 eval-debug] CSR_post@0.10=0.0000 CSR_post@0.15=0.0000 CSR_post@0.20=0.0100 CSR_post@0.25=0.0200 CSR_post@0.30=0.0500
