Importing submoduled environments...
Submoduled environments not found. Skipping import.
[upd 0] u=1 upd_ctr=1 opt_step=16 E=0.087 g=0.093 VarTD=0.149936 ret_end=-27.435 dbar_end=0.756 occ_end=0.150 CSR_train=0.000 done_count=100
[upd 10] u=0 upd_ctr=1 opt_step=16 E=0.463 g=0.100 VarTD=0.132044 ret_end=-26.929 dbar_end=0.734 occ_end=0.192 CSR_train=0.000 done_count=125
[upd 20] u=0 upd_ctr=1 opt_step=16 E=0.865 g=0.107 VarTD=0.153948 ret_end=-26.021 dbar_end=0.712 occ_end=0.192 CSR_train=0.000 done_count=125
[upd 30] u=0 upd_ctr=2 opt_step=32 E=0.290 g=0.086 VarTD=0.174378 ret_end=-27.894 dbar_end=0.781 occ_end=0.128 CSR_train=0.008 done_count=125
[upd 40] u=0 upd_ctr=2 opt_step=32 E=0.674 g=0.097 VarTD=0.140543 ret_end=-27.137 dbar_end=0.744 occ_end=0.120 CSR_train=0.000 done_count=125
[upd 50] u=0 upd_ctr=3 opt_step=48 E=0.102 g=0.097 VarTD=0.131372 ret_end=-26.451 dbar_end=0.744 occ_end=0.168 CSR_train=0.000 done_count=125
[upd 60] u=0 upd_ctr=3 opt_step=48 E=0.492 g=0.102 VarTD=0.134625 ret_end=-26.925 dbar_end=0.728 occ_end=0.136 CSR_train=0.000 done_count=125
[upd 70] u=0 upd_ctr=3 opt_step=48 E=0.886 g=0.099 VarTD=0.141846 ret_end=-27.303 dbar_end=0.737 occ_end=0.112 CSR_train=0.000 done_count=125
[upd 80] u=0 upd_ctr=4 opt_step=64 E=0.370 g=0.105 VarTD=0.129730 ret_end=-25.954 dbar_end=0.717 occ_end=0.128 CSR_train=0.000 done_count=125
[upd 90] u=0 upd_ctr=4 opt_step=64 E=0.794 g=0.101 VarTD=0.132177 ret_end=-27.060 dbar_end=0.729 occ_end=0.176 CSR_train=0.000 done_count=125
[upd 100] u=0 upd_ctr=5 opt_step=80 E=0.261 g=0.113 VarTD=0.146565 ret_end=-25.528 dbar_end=0.695 occ_end=0.176 CSR_train=0.000 done_count=125
[upd 110] u=0 upd_ctr=5 opt_step=80 E=0.691 g=0.097 VarTD=0.140002 ret_end=-26.983 dbar_end=0.742 occ_end=0.088 CSR_train=0.000 done_count=125
[upd 120] u=0 upd_ctr=6 opt_step=96 E=0.181 g=0.129 VarTD=0.134588 ret_end=-25.267 dbar_end=0.652 occ_end=0.176 CSR_train=0.000 done_count=125
[upd 130] u=0 upd_ctr=6 opt_step=96 E=0.648 g=0.111 VarTD=0.175541 ret_end=-26.274 dbar_end=0.700 occ_end=0.160 CSR_train=0.000 done_count=100
[upd 140] u=0 upd_ctr=7 opt_step=112 E=0.149 g=0.108 VarTD=0.156107 ret_end=-25.554 dbar_end=0.708 occ_end=0.128 CSR_train=0.000 done_count=125
[upd 150] u=0 upd_ctr=7 opt_step=112 E=0.630 g=0.115 VarTD=0.127009 ret_end=-26.370 dbar_end=0.689 occ_end=0.176 CSR_train=0.000 done_count=125
[upd 160] u=0 upd_ctr=8 opt_step=128 E=0.150 g=0.124 VarTD=0.160847 ret_end=-26.329 dbar_end=0.665 occ_end=0.272 CSR_train=0.000 done_count=125
[upd 170] u=0 upd_ctr=8 opt_step=128 E=0.640 g=0.132 VarTD=0.148552 ret_end=-25.501 dbar_end=0.646 occ_end=0.184 CSR_train=0.000 done_count=125
[upd 180] u=0 upd_ctr=9 opt_step=144 E=0.188 g=0.140 VarTD=0.135077 ret_end=-24.430 dbar_end=0.625 occ_end=0.248 CSR_train=0.000 done_count=125
[upd 190] u=0 upd_ctr=9 opt_step=144 E=0.709 g=0.127 VarTD=0.145120 ret_end=-25.814 dbar_end=0.657 occ_end=0.152 CSR_train=0.000 done_count=125
[upd 200] u=0 upd_ctr=10 opt_step=160 E=0.259 g=0.129 VarTD=0.148079 ret_end=-26.194 dbar_end=0.653 occ_end=0.168 CSR_train=0.000 done_count=125
[upd 210] u=0 upd_ctr=10 opt_step=160 E=0.782 g=0.131 VarTD=0.159414 ret_end=-25.768 dbar_end=0.647 occ_end=0.184 CSR_train=0.000 done_count=125
[upd 220] u=0 upd_ctr=11 opt_step=176 E=0.378 g=0.139 VarTD=0.163260 ret_end=-24.896 dbar_end=0.628 occ_end=0.256 CSR_train=0.000 done_count=125
[upd 230] u=0 upd_ctr=11 opt_step=176 E=0.918 g=0.130 VarTD=0.171419 ret_end=-25.063 dbar_end=0.650 occ_end=0.184 CSR_train=0.000 done_count=125
[upd 240] u=0 upd_ctr=12 opt_step=192 E=0.518 g=0.152 VarTD=0.192560 ret_end=-24.748 dbar_end=0.600 occ_end=0.304 CSR_train=0.000 done_count=125
[upd 250] u=1 upd_ctr=13 opt_step=208 E=0.096 g=0.137 VarTD=0.196206 ret_end=-25.825 dbar_end=0.633 occ_end=0.272 CSR_train=0.000 done_count=125
[upd 260] u=0 upd_ctr=13 opt_step=208 E=0.672 g=0.140 VarTD=0.177738 ret_end=-24.719 dbar_end=0.627 occ_end=0.210 CSR_train=0.000 done_count=100
[upd 270] u=0 upd_ctr=14 opt_step=224 E=0.308 g=0.160 VarTD=0.269486 ret_end=-24.465 dbar_end=0.583 occ_end=0.288 CSR_train=0.000 done_count=125
[upd 280] u=0 upd_ctr=14 opt_step=224 E=0.899 g=0.155 VarTD=0.231905 ret_end=-23.480 dbar_end=0.594 occ_end=0.288 CSR_train=0.000 done_count=125
[upd 290] u=0 upd_ctr=15 opt_step=240 E=0.568 g=0.151 VarTD=0.289320 ret_end=-25.200 dbar_end=0.603 occ_end=0.240 CSR_train=0.000 done_count=125
[upd 300] u=0 upd_ctr=16 opt_step=256 E=0.215 g=0.163 VarTD=0.323295 ret_end=-23.372 dbar_end=0.577 occ_end=0.312 CSR_train=0.000 done_count=125
[upd 310] u=0 upd_ctr=16 opt_step=256 E=0.838 g=0.165 VarTD=0.340248 ret_end=-24.043 dbar_end=0.575 occ_end=0.304 CSR_train=0.000 done_count=125
[Gate5 check] update_counter violations: t0=0 diffs=0
[Gate5 check] opt_step violations: t0=0 diffs=0 (expected_inc=16)
[Gate5 check] NaN masking: nan_on_skip=True finite_on_update=True
[Gate5 summary] mean_update_fraction=0.0513 final_executed_updates_mean=16.00
[Gate5 eval] done_count mean=100.0 CSR mean=0.0000 len_end_mean=26.00
[Gate5 eval] episodes_per_env=4 T_eval=104
[Gate5 eval-debug] locked_eps_occ=0.20 pre(step25): dbar_end=0.503544 occupied_end_mean=0.400000 max_tilde_end_mean=0.734725 CSR@locked=0.020000
[Gate5 eval-debug] locked_eps_occ=0.20 post(step26): dbar_end=0.496793 occupied_end_mean=0.380000 max_tilde_end_mean=0.716665 CSR@locked=0.000000
[Gate5 eval-debug] CSR_pre@0.10=0.0000 CSR_pre@0.15=0.0100 CSR_pre@0.20=0.0200 CSR_pre@0.25=0.0300 CSR_pre@0.30=0.0400
[Gate5 eval-debug] CSR_post@0.10=0.0000 CSR_post@0.15=0.0000 CSR_post@0.20=0.0000 CSR_post@0.25=0.0000 CSR_post@0.30=0.0300
