Importing submoduled environments...
Submoduled environments not found. Skipping import.
[upd 0] u=1 upd_ctr=1 opt_step=16 E=0.460 g=0.089 VarTD=0.155748 ret_end=-26.495 dbar_end=0.769 occ_end=0.110 CSR_train=0.000 done_count=100
[upd 10] u=0 upd_ctr=1 opt_step=16 E=0.460 g=0.096 VarTD=0.160584 ret_end=-27.044 dbar_end=0.748 occ_end=0.128 CSR_train=0.000 done_count=125
[upd 20] u=0 upd_ctr=1 opt_step=16 E=0.460 g=0.078 VarTD=0.217249 ret_end=-28.983 dbar_end=0.814 occ_end=0.136 CSR_train=0.000 done_count=125
[upd 30] u=0 upd_ctr=1 opt_step=16 E=0.460 g=0.087 VarTD=0.177154 ret_end=-27.554 dbar_end=0.779 occ_end=0.144 CSR_train=0.000 done_count=125
[upd 40] u=0 upd_ctr=1 opt_step=16 E=0.460 g=0.089 VarTD=0.185662 ret_end=-27.313 dbar_end=0.771 occ_end=0.176 CSR_train=0.000 done_count=125
[upd 50] u=0 upd_ctr=1 opt_step=16 E=0.460 g=0.088 VarTD=0.150885 ret_end=-27.866 dbar_end=0.775 occ_end=0.144 CSR_train=0.000 done_count=125
[upd 60] u=0 upd_ctr=1 opt_step=16 E=0.460 g=0.090 VarTD=0.162488 ret_end=-27.522 dbar_end=0.767 occ_end=0.176 CSR_train=0.000 done_count=125
[upd 70] u=0 upd_ctr=1 opt_step=16 E=0.460 g=0.096 VarTD=0.158149 ret_end=-26.569 dbar_end=0.745 occ_end=0.112 CSR_train=0.000 done_count=125
[upd 80] u=0 upd_ctr=1 opt_step=16 E=0.460 g=0.084 VarTD=0.149849 ret_end=-27.718 dbar_end=0.790 occ_end=0.120 CSR_train=0.000 done_count=125
[upd 90] u=0 upd_ctr=1 opt_step=16 E=0.460 g=0.081 VarTD=0.150638 ret_end=-28.005 dbar_end=0.799 occ_end=0.192 CSR_train=0.000 done_count=125
[upd 100] u=0 upd_ctr=1 opt_step=16 E=0.460 g=0.086 VarTD=0.173656 ret_end=-28.114 dbar_end=0.780 occ_end=0.168 CSR_train=0.000 done_count=125
[upd 110] u=0 upd_ctr=1 opt_step=16 E=0.460 g=0.091 VarTD=0.160789 ret_end=-28.159 dbar_end=0.762 occ_end=0.192 CSR_train=0.000 done_count=125
[upd 120] u=0 upd_ctr=1 opt_step=16 E=0.460 g=0.101 VarTD=0.152025 ret_end=-26.811 dbar_end=0.729 occ_end=0.176 CSR_train=0.000 done_count=125
[upd 130] u=0 upd_ctr=1 opt_step=16 E=0.460 g=0.093 VarTD=0.168168 ret_end=-28.077 dbar_end=0.758 occ_end=0.230 CSR_train=0.000 done_count=100
[upd 140] u=0 upd_ctr=1 opt_step=16 E=0.460 g=0.085 VarTD=0.145024 ret_end=-27.644 dbar_end=0.784 occ_end=0.104 CSR_train=0.000 done_count=125
[upd 150] u=0 upd_ctr=1 opt_step=16 E=0.460 g=0.087 VarTD=0.158648 ret_end=-27.263 dbar_end=0.778 occ_end=0.160 CSR_train=0.000 done_count=125
[upd 160] u=0 upd_ctr=1 opt_step=16 E=0.460 g=0.092 VarTD=0.162710 ret_end=-27.928 dbar_end=0.759 occ_end=0.168 CSR_train=0.000 done_count=125
[upd 170] u=0 upd_ctr=1 opt_step=16 E=0.460 g=0.090 VarTD=0.165391 ret_end=-27.426 dbar_end=0.767 occ_end=0.160 CSR_train=0.000 done_count=125
[upd 180] u=0 upd_ctr=1 opt_step=16 E=0.460 g=0.082 VarTD=0.141285 ret_end=-27.755 dbar_end=0.797 occ_end=0.136 CSR_train=0.000 done_count=125
[upd 190] u=0 upd_ctr=1 opt_step=16 E=0.460 g=0.092 VarTD=0.169804 ret_end=-27.881 dbar_end=0.759 occ_end=0.144 CSR_train=0.000 done_count=125
[upd 200] u=0 upd_ctr=1 opt_step=16 E=0.460 g=0.088 VarTD=0.151457 ret_end=-27.735 dbar_end=0.773 occ_end=0.184 CSR_train=0.008 done_count=125
[upd 210] u=0 upd_ctr=1 opt_step=16 E=0.460 g=0.093 VarTD=0.161901 ret_end=-27.659 dbar_end=0.756 occ_end=0.136 CSR_train=0.000 done_count=125
[upd 220] u=0 upd_ctr=1 opt_step=16 E=0.460 g=0.081 VarTD=0.152607 ret_end=-27.878 dbar_end=0.802 occ_end=0.136 CSR_train=0.000 done_count=125
[upd 230] u=0 upd_ctr=1 opt_step=16 E=0.460 g=0.096 VarTD=0.144794 ret_end=-27.559 dbar_end=0.747 occ_end=0.200 CSR_train=0.000 done_count=125
[upd 240] u=0 upd_ctr=1 opt_step=16 E=0.460 g=0.087 VarTD=0.163159 ret_end=-27.463 dbar_end=0.777 occ_end=0.128 CSR_train=0.000 done_count=125
[upd 250] u=0 upd_ctr=1 opt_step=16 E=0.460 g=0.095 VarTD=0.158416 ret_end=-26.821 dbar_end=0.748 occ_end=0.136 CSR_train=0.000 done_count=125
[upd 260] u=0 upd_ctr=1 opt_step=16 E=0.460 g=0.085 VarTD=0.145292 ret_end=-27.649 dbar_end=0.786 occ_end=0.220 CSR_train=0.000 done_count=100
[upd 270] u=0 upd_ctr=1 opt_step=16 E=0.460 g=0.093 VarTD=0.154799 ret_end=-27.193 dbar_end=0.758 occ_end=0.128 CSR_train=0.000 done_count=125
[upd 280] u=0 upd_ctr=1 opt_step=16 E=0.460 g=0.083 VarTD=0.152503 ret_end=-28.359 dbar_end=0.792 occ_end=0.160 CSR_train=0.000 done_count=125
[upd 290] u=0 upd_ctr=1 opt_step=16 E=0.460 g=0.089 VarTD=0.137946 ret_end=-27.173 dbar_end=0.771 occ_end=0.120 CSR_train=0.000 done_count=125
[upd 300] u=0 upd_ctr=1 opt_step=16 E=0.460 g=0.086 VarTD=0.161445 ret_end=-28.220 dbar_end=0.780 occ_end=0.152 CSR_train=0.000 done_count=125
[upd 310] u=0 upd_ctr=1 opt_step=16 E=0.460 g=0.092 VarTD=0.168744 ret_end=-27.778 dbar_end=0.759 occ_end=0.136 CSR_train=0.000 done_count=125
[Gate5 check] update_counter violations: t0=0 diffs=0
[Gate5 check] opt_step violations: t0=0 diffs=0 (expected_inc=16)
[Gate5 check] NaN masking: nan_on_skip=True finite_on_update=True
[Gate5 summary] mean_update_fraction=0.0032 final_executed_updates_mean=1.00
[Gate5 eval] done_count mean=100.0 CSR mean=0.0000 len_end_mean=26.00
[Gate5 eval] episodes_per_env=4 T_eval=104
[Gate5 eval-debug] locked_eps_occ=0.20 pre(step25): dbar_end=1.169375 occupied_end_mean=0.050000 max_tilde_end_mean=1.562273 CSR@locked=0.000000
[Gate5 eval-debug] locked_eps_occ=0.20 post(step26): dbar_end=1.181441 occupied_end_mean=0.030000 max_tilde_end_mean=1.579205 CSR@locked=0.000000
[Gate5 eval-debug] CSR_pre@0.10=0.0000 CSR_pre@0.15=0.0000 CSR_pre@0.20=0.0000 CSR_pre@0.25=0.0000 CSR_pre@0.30=0.0000
[Gate5 eval-debug] CSR_post@0.10=0.0000 CSR_post@0.15=0.0000 CSR_post@0.20=0.0000 CSR_post@0.25=0.0000 CSR_post@0.30=0.0000
