Importing submoduled environments...
Submoduled environments not found. Skipping import.
[upd 0] u=1 upd_ctr=1 opt_step=16 E=0.119 g=0.094 VarTD=0.148631 ret_end=-26.843 dbar_end=0.752 occ_end=0.140 CSR_train=0.000 done_count=100
[upd 10] u=0 upd_ctr=1 opt_step=16 E=0.303 g=0.098 VarTD=0.120442 ret_end=-26.989 dbar_end=0.738 occ_end=0.144 CSR_train=0.000 done_count=125
[upd 20] u=0 upd_ctr=1 opt_step=16 E=0.487 g=0.093 VarTD=0.164388 ret_end=-27.803 dbar_end=0.757 occ_end=0.128 CSR_train=0.000 done_count=125
[upd 30] u=0 upd_ctr=1 opt_step=16 E=0.668 g=0.089 VarTD=0.129913 ret_end=-27.111 dbar_end=0.771 occ_end=0.144 CSR_train=0.000 done_count=125
[upd 40] u=0 upd_ctr=1 opt_step=16 E=0.861 g=0.100 VarTD=0.159573 ret_end=-26.946 dbar_end=0.735 occ_end=0.184 CSR_train=0.000 done_count=125
[upd 50] u=0 upd_ctr=2 opt_step=32 E=0.151 g=0.107 VarTD=0.129316 ret_end=-27.137 dbar_end=0.712 occ_end=0.168 CSR_train=0.000 done_count=125
[upd 60] u=0 upd_ctr=2 opt_step=32 E=0.338 g=0.092 VarTD=0.144466 ret_end=-27.415 dbar_end=0.762 occ_end=0.120 CSR_train=0.000 done_count=125
[upd 70] u=0 upd_ctr=2 opt_step=32 E=0.534 g=0.098 VarTD=0.141830 ret_end=-26.462 dbar_end=0.739 occ_end=0.168 CSR_train=0.000 done_count=125
[upd 80] u=0 upd_ctr=2 opt_step=32 E=0.728 g=0.100 VarTD=0.124176 ret_end=-26.530 dbar_end=0.734 occ_end=0.176 CSR_train=0.000 done_count=125
[upd 90] u=1 upd_ctr=3 opt_step=48 E=0.023 g=0.101 VarTD=0.135111 ret_end=-26.395 dbar_end=0.732 occ_end=0.176 CSR_train=0.000 done_count=125
[upd 100] u=0 upd_ctr=3 opt_step=48 E=0.227 g=0.095 VarTD=0.175185 ret_end=-27.210 dbar_end=0.751 occ_end=0.120 CSR_train=0.000 done_count=125
[upd 110] u=0 upd_ctr=3 opt_step=48 E=0.427 g=0.096 VarTD=0.179678 ret_end=-27.229 dbar_end=0.746 occ_end=0.192 CSR_train=0.000 done_count=125
[upd 120] u=0 upd_ctr=3 opt_step=48 E=0.618 g=0.097 VarTD=0.132323 ret_end=-26.696 dbar_end=0.743 occ_end=0.184 CSR_train=0.000 done_count=125
[upd 130] u=0 upd_ctr=3 opt_step=48 E=0.819 g=0.091 VarTD=0.137320 ret_end=-27.655 dbar_end=0.765 occ_end=0.200 CSR_train=0.000 done_count=100
[upd 140] u=0 upd_ctr=4 opt_step=64 E=0.117 g=0.092 VarTD=0.159408 ret_end=-28.160 dbar_end=0.761 occ_end=0.184 CSR_train=0.000 done_count=125
[upd 150] u=0 upd_ctr=4 opt_step=64 E=0.324 g=0.096 VarTD=0.132962 ret_end=-26.728 dbar_end=0.746 occ_end=0.112 CSR_train=0.000 done_count=125
[upd 160] u=0 upd_ctr=4 opt_step=64 E=0.533 g=0.097 VarTD=0.133243 ret_end=-27.462 dbar_end=0.742 occ_end=0.144 CSR_train=0.000 done_count=125
[upd 170] u=0 upd_ctr=4 opt_step=64 E=0.741 g=0.098 VarTD=0.151430 ret_end=-27.419 dbar_end=0.738 occ_end=0.176 CSR_train=0.000 done_count=125
[upd 180] u=0 upd_ctr=5 opt_step=80 E=0.053 g=0.097 VarTD=0.156758 ret_end=-26.834 dbar_end=0.742 occ_end=0.248 CSR_train=0.000 done_count=125
[upd 190] u=0 upd_ctr=5 opt_step=80 E=0.276 g=0.105 VarTD=0.150729 ret_end=-26.442 dbar_end=0.719 occ_end=0.136 CSR_train=0.000 done_count=125
[upd 200] u=0 upd_ctr=5 opt_step=80 E=0.505 g=0.112 VarTD=0.137433 ret_end=-26.439 dbar_end=0.697 occ_end=0.136 CSR_train=0.000 done_count=125
[upd 210] u=0 upd_ctr=5 opt_step=80 E=0.719 g=0.118 VarTD=0.153265 ret_end=-25.919 dbar_end=0.681 occ_end=0.184 CSR_train=0.000 done_count=125
[upd 220] u=0 upd_ctr=6 opt_step=96 E=0.051 g=0.112 VarTD=0.157649 ret_end=-27.234 dbar_end=0.696 occ_end=0.224 CSR_train=0.008 done_count=125
[upd 230] u=0 upd_ctr=6 opt_step=96 E=0.281 g=0.124 VarTD=0.134468 ret_end=-24.859 dbar_end=0.666 occ_end=0.152 CSR_train=0.000 done_count=125
[upd 240] u=0 upd_ctr=6 opt_step=96 E=0.518 g=0.123 VarTD=0.125436 ret_end=-25.262 dbar_end=0.668 occ_end=0.240 CSR_train=0.000 done_count=125
[upd 250] u=0 upd_ctr=6 opt_step=96 E=0.751 g=0.118 VarTD=0.135272 ret_end=-25.752 dbar_end=0.682 occ_end=0.160 CSR_train=0.000 done_count=125
[upd 260] u=0 upd_ctr=7 opt_step=112 E=0.083 g=0.121 VarTD=0.139370 ret_end=-25.917 dbar_end=0.671 occ_end=0.220 CSR_train=0.000 done_count=100
[upd 270] u=0 upd_ctr=7 opt_step=112 E=0.325 g=0.120 VarTD=0.141321 ret_end=-25.924 dbar_end=0.676 occ_end=0.216 CSR_train=0.000 done_count=125
[upd 280] u=0 upd_ctr=7 opt_step=112 E=0.562 g=0.123 VarTD=0.145374 ret_end=-26.021 dbar_end=0.667 occ_end=0.272 CSR_train=0.000 done_count=125
[upd 290] u=0 upd_ctr=7 opt_step=112 E=0.798 g=0.112 VarTD=0.160811 ret_end=-26.935 dbar_end=0.697 occ_end=0.208 CSR_train=0.000 done_count=125
[upd 300] u=0 upd_ctr=8 opt_step=128 E=0.137 g=0.100 VarTD=0.167552 ret_end=-27.585 dbar_end=0.734 occ_end=0.160 CSR_train=0.000 done_count=125
[upd 310] u=0 upd_ctr=8 opt_step=128 E=0.385 g=0.110 VarTD=0.149272 ret_end=-26.576 dbar_end=0.703 occ_end=0.168 CSR_train=0.000 done_count=125
[Gate5 check] update_counter violations: t0=0 diffs=0
[Gate5 check] opt_step violations: t0=0 diffs=0 (expected_inc=16)
[Gate5 check] NaN masking: nan_on_skip=True finite_on_update=True
[Gate5 summary] mean_update_fraction=0.0256 final_executed_updates_mean=8.00
[Gate5 eval] done_count mean=100.0 CSR mean=0.0000 len_end_mean=26.00
[Gate5 eval] episodes_per_env=4 T_eval=104
[Gate5 eval-debug] locked_eps_occ=0.20 pre(step25): dbar_end=0.480576 occupied_end_mean=0.360000 max_tilde_end_mean=0.692532 CSR@locked=0.000000
[Gate5 eval-debug] locked_eps_occ=0.20 post(step26): dbar_end=0.482164 occupied_end_mean=0.330000 max_tilde_end_mean=0.688635 CSR@locked=0.000000
[Gate5 eval-debug] CSR_pre@0.10=0.0000 CSR_pre@0.15=0.0000 CSR_pre@0.20=0.0000 CSR_pre@0.25=0.0100 CSR_pre@0.30=0.0300
[Gate5 eval-debug] CSR_post@0.10=0.0000 CSR_post@0.15=0.0000 CSR_post@0.20=0.0000 CSR_post@0.25=0.0200 CSR_post@0.30=0.0300
