Importing submoduled environments...
Submoduled environments not found. Skipping import.
[upd 0] u=1 upd_ctr=1 opt_step=16 E=0.274 g=0.093 VarTD=0.145852 ret_end=-27.154 dbar_end=0.757 occ_end=0.170 CSR_train=0.000 done_count=100
[upd 10] u=0 upd_ctr=2 opt_step=32 E=0.220 g=0.088 VarTD=0.148119 ret_end=-27.438 dbar_end=0.775 occ_end=0.152 CSR_train=0.008 done_count=125
[upd 20] u=0 upd_ctr=3 opt_step=48 E=0.201 g=0.101 VarTD=0.147484 ret_end=-26.674 dbar_end=0.731 occ_end=0.200 CSR_train=0.000 done_count=125
[upd 30] u=0 upd_ctr=4 opt_step=64 E=0.184 g=0.097 VarTD=0.144248 ret_end=-26.886 dbar_end=0.743 occ_end=0.152 CSR_train=0.000 done_count=125
[upd 40] u=0 upd_ctr=5 opt_step=80 E=0.237 g=0.102 VarTD=0.149957 ret_end=-26.931 dbar_end=0.726 occ_end=0.144 CSR_train=0.000 done_count=125
[upd 50] u=0 upd_ctr=6 opt_step=96 E=0.301 g=0.112 VarTD=0.175680 ret_end=-26.365 dbar_end=0.697 occ_end=0.208 CSR_train=0.000 done_count=125
[upd 60] u=0 upd_ctr=7 opt_step=112 E=0.410 g=0.120 VarTD=0.153622 ret_end=-25.563 dbar_end=0.674 occ_end=0.224 CSR_train=0.000 done_count=125
[upd 70] u=0 upd_ctr=8 opt_step=128 E=0.530 g=0.117 VarTD=0.163329 ret_end=-26.603 dbar_end=0.684 occ_end=0.224 CSR_train=0.000 done_count=125
[upd 80] u=0 upd_ctr=9 opt_step=144 E=0.676 g=0.115 VarTD=0.158105 ret_end=-26.202 dbar_end=0.689 occ_end=0.176 CSR_train=0.000 done_count=125
[upd 90] u=0 upd_ctr=10 opt_step=160 E=0.826 g=0.117 VarTD=0.162818 ret_end=-26.241 dbar_end=0.685 occ_end=0.168 CSR_train=0.000 done_count=125
[upd 100] u=0 upd_ctr=12 opt_step=192 E=0.215 g=0.138 VarTD=0.184668 ret_end=-25.084 dbar_end=0.632 occ_end=0.200 CSR_train=0.000 done_count=125
[upd 110] u=0 upd_ctr=13 opt_step=208 E=0.413 g=0.128 VarTD=0.241825 ret_end=-25.407 dbar_end=0.655 occ_end=0.264 CSR_train=0.000 done_count=125
[upd 120] u=0 upd_ctr=14 opt_step=224 E=0.605 g=0.125 VarTD=0.234388 ret_end=-25.466 dbar_end=0.662 occ_end=0.208 CSR_train=0.000 done_count=125
[Gate5 check] update_counter violations: t0=0 diffs=0
[Gate5 check] opt_step violations: t0=0 diffs=0 (expected_inc=16)
[Gate5 check] NaN masking: nan_on_skip=True finite_on_update=True
[Gate5 summary] mean_update_fraction=0.1200 final_executed_updates_mean=15.00
[Gate5 eval] done_count mean=100.0 CSR mean=0.0000 len_end_mean=26.00
[Gate5 eval] episodes_per_env=4 T_eval=104
[Gate5 eval-debug] locked_eps_occ=0.20 pre(step25): dbar_end=0.510193 occupied_end_mean=0.350000 max_tilde_end_mean=0.725861 CSR@locked=0.000000
[Gate5 eval-debug] locked_eps_occ=0.20 post(step26): dbar_end=0.512097 occupied_end_mean=0.370000 max_tilde_end_mean=0.719103 CSR@locked=0.000000
[Gate5 eval-debug] CSR_pre@0.10=0.0000 CSR_pre@0.15=0.0000 CSR_pre@0.20=0.0000 CSR_pre@0.25=0.0100 CSR_pre@0.30=0.0400
[Gate5 eval-debug] CSR_post@0.10=0.0000 CSR_post@0.15=0.0000 CSR_post@0.20=0.0000 CSR_post@0.25=0.0000 CSR_post@0.30=0.0200
