Importing submoduled environments...
Submoduled environments not found. Skipping import.
[upd 0] u=1 upd_ctr=1 opt_step=16 E=0.119 g=0.096 VarTD=0.159541 ret_end=-27.424 dbar_end=0.745 occ_end=0.200 CSR_train=0.000 done_count=100
[upd 10] u=0 upd_ctr=1 opt_step=16 E=0.299 g=0.095 VarTD=0.132747 ret_end=-26.853 dbar_end=0.750 occ_end=0.208 CSR_train=0.000 done_count=125
[upd 20] u=0 upd_ctr=1 opt_step=16 E=0.488 g=0.103 VarTD=0.168812 ret_end=-26.447 dbar_end=0.725 occ_end=0.168 CSR_train=0.000 done_count=125
[upd 30] u=0 upd_ctr=1 opt_step=16 E=0.674 g=0.086 VarTD=0.167917 ret_end=-28.095 dbar_end=0.783 occ_end=0.176 CSR_train=0.000 done_count=125
[upd 40] u=0 upd_ctr=1 opt_step=16 E=0.849 g=0.094 VarTD=0.153748 ret_end=-27.500 dbar_end=0.754 occ_end=0.168 CSR_train=0.000 done_count=125
[upd 50] u=0 upd_ctr=2 opt_step=32 E=0.140 g=0.107 VarTD=0.158305 ret_end=-26.977 dbar_end=0.711 occ_end=0.248 CSR_train=0.000 done_count=125
[upd 60] u=0 upd_ctr=2 opt_step=32 E=0.335 g=0.102 VarTD=0.165341 ret_end=-26.761 dbar_end=0.726 occ_end=0.176 CSR_train=0.000 done_count=125
[upd 70] u=0 upd_ctr=2 opt_step=32 E=0.530 g=0.092 VarTD=0.171289 ret_end=-27.993 dbar_end=0.760 occ_end=0.168 CSR_train=0.000 done_count=125
[upd 80] u=0 upd_ctr=2 opt_step=32 E=0.729 g=0.100 VarTD=0.155871 ret_end=-26.948 dbar_end=0.735 occ_end=0.168 CSR_train=0.000 done_count=125
[upd 90] u=1 upd_ctr=3 opt_step=48 E=0.023 g=0.097 VarTD=0.147750 ret_end=-27.033 dbar_end=0.743 occ_end=0.176 CSR_train=0.008 done_count=125
[upd 100] u=0 upd_ctr=3 opt_step=48 E=0.233 g=0.117 VarTD=0.129064 ret_end=-26.240 dbar_end=0.683 occ_end=0.176 CSR_train=0.000 done_count=125
[upd 110] u=0 upd_ctr=3 opt_step=48 E=0.445 g=0.104 VarTD=0.143030 ret_end=-26.557 dbar_end=0.722 occ_end=0.184 CSR_train=0.000 done_count=125
[upd 120] u=0 upd_ctr=3 opt_step=48 E=0.655 g=0.096 VarTD=0.150938 ret_end=-27.427 dbar_end=0.747 occ_end=0.200 CSR_train=0.000 done_count=125
[upd 130] u=0 upd_ctr=3 opt_step=48 E=0.868 g=0.119 VarTD=0.139052 ret_end=-25.984 dbar_end=0.678 occ_end=0.260 CSR_train=0.000 done_count=100
[upd 140] u=0 upd_ctr=4 opt_step=64 E=0.185 g=0.103 VarTD=0.157871 ret_end=-27.024 dbar_end=0.723 occ_end=0.120 CSR_train=0.000 done_count=125
[upd 150] u=0 upd_ctr=4 opt_step=64 E=0.410 g=0.107 VarTD=0.145992 ret_end=-26.462 dbar_end=0.713 occ_end=0.200 CSR_train=0.000 done_count=125
[upd 160] u=0 upd_ctr=4 opt_step=64 E=0.622 g=0.108 VarTD=0.149465 ret_end=-26.974 dbar_end=0.710 occ_end=0.168 CSR_train=0.000 done_count=125
[upd 170] u=0 upd_ctr=4 opt_step=64 E=0.840 g=0.108 VarTD=0.119610 ret_end=-26.006 dbar_end=0.709 occ_end=0.184 CSR_train=0.000 done_count=125
[upd 180] u=0 upd_ctr=5 opt_step=80 E=0.166 g=0.132 VarTD=0.142579 ret_end=-25.704 dbar_end=0.646 occ_end=0.272 CSR_train=0.000 done_count=125
[upd 190] u=0 upd_ctr=5 opt_step=80 E=0.393 g=0.110 VarTD=0.151703 ret_end=-25.726 dbar_end=0.702 occ_end=0.160 CSR_train=0.000 done_count=125
[upd 200] u=0 upd_ctr=5 opt_step=80 E=0.626 g=0.116 VarTD=0.145004 ret_end=-25.264 dbar_end=0.686 occ_end=0.256 CSR_train=0.000 done_count=125
[upd 210] u=0 upd_ctr=5 opt_step=80 E=0.862 g=0.106 VarTD=0.137844 ret_end=-26.802 dbar_end=0.715 occ_end=0.192 CSR_train=0.000 done_count=125
[upd 220] u=0 upd_ctr=6 opt_step=96 E=0.193 g=0.119 VarTD=0.157562 ret_end=-26.125 dbar_end=0.677 occ_end=0.152 CSR_train=0.000 done_count=125
[upd 230] u=0 upd_ctr=6 opt_step=96 E=0.425 g=0.114 VarTD=0.173850 ret_end=-26.165 dbar_end=0.692 occ_end=0.152 CSR_train=0.000 done_count=125
[upd 240] u=0 upd_ctr=6 opt_step=96 E=0.658 g=0.122 VarTD=0.140494 ret_end=-25.523 dbar_end=0.671 occ_end=0.168 CSR_train=0.000 done_count=125
[upd 250] u=0 upd_ctr=6 opt_step=96 E=0.893 g=0.106 VarTD=0.155647 ret_end=-27.160 dbar_end=0.715 occ_end=0.160 CSR_train=0.000 done_count=125
[upd 260] u=0 upd_ctr=7 opt_step=112 E=0.225 g=0.115 VarTD=0.164165 ret_end=-27.005 dbar_end=0.688 occ_end=0.240 CSR_train=0.000 done_count=100
[upd 270] u=0 upd_ctr=7 opt_step=112 E=0.463 g=0.114 VarTD=0.151122 ret_end=-27.089 dbar_end=0.691 occ_end=0.168 CSR_train=0.000 done_count=125
[upd 280] u=0 upd_ctr=7 opt_step=112 E=0.711 g=0.132 VarTD=0.150552 ret_end=-26.256 dbar_end=0.646 occ_end=0.160 CSR_train=0.000 done_count=125
[upd 290] u=1 upd_ctr=8 opt_step=128 E=0.046 g=0.114 VarTD=0.154973 ret_end=-26.677 dbar_end=0.691 occ_end=0.184 CSR_train=0.000 done_count=125
[upd 300] u=0 upd_ctr=8 opt_step=128 E=0.291 g=0.117 VarTD=0.174435 ret_end=-26.383 dbar_end=0.682 occ_end=0.224 CSR_train=0.000 done_count=125
[upd 310] u=0 upd_ctr=8 opt_step=128 E=0.529 g=0.121 VarTD=0.157686 ret_end=-26.672 dbar_end=0.672 occ_end=0.184 CSR_train=0.000 done_count=125
[Gate5 check] update_counter violations: t0=0 diffs=0
[Gate5 check] opt_step violations: t0=0 diffs=0 (expected_inc=16)
[Gate5 check] NaN masking: nan_on_skip=True finite_on_update=True
[Gate5 summary] mean_update_fraction=0.0256 final_executed_updates_mean=8.00
[Gate5 eval] done_count mean=100.0 CSR mean=0.0100 len_end_mean=26.00
[Gate5 eval] episodes_per_env=4 T_eval=104
[Gate5 eval-debug] locked_eps_occ=0.20 pre(step25): dbar_end=0.492823 occupied_end_mean=0.400000 max_tilde_end_mean=0.723086 CSR@locked=0.010000
[Gate5 eval-debug] locked_eps_occ=0.20 post(step26): dbar_end=0.496484 occupied_end_mean=0.430000 max_tilde_end_mean=0.723116 CSR@locked=0.010000
[Gate5 eval-debug] CSR_pre@0.10=0.0000 CSR_pre@0.15=0.0000 CSR_pre@0.20=0.0100 CSR_pre@0.25=0.0300 CSR_pre@0.30=0.0400
[Gate5 eval-debug] CSR_post@0.10=0.0000 CSR_post@0.15=0.0000 CSR_post@0.20=0.0100 CSR_post@0.25=0.0100 CSR_post@0.30=0.0300
