Importing submoduled environments...
Submoduled environments not found. Skipping import.
[upd 0] u=1 upd_ctr=1 opt_step=16 E=0.041 g=0.083 VarTD=0.176951 ret_end=-28.473 dbar_end=0.794 occ_end=0.140 CSR_train=0.000 done_count=100
[upd 10] u=0 upd_ctr=1 opt_step=16 E=0.516 g=0.089 VarTD=0.152994 ret_end=-28.611 dbar_end=0.772 occ_end=0.104 CSR_train=0.000 done_count=125
[upd 20] u=0 upd_ctr=1 opt_step=16 E=0.986 g=0.093 VarTD=0.156211 ret_end=-27.741 dbar_end=0.758 occ_end=0.208 CSR_train=0.000 done_count=125
[upd 30] u=0 upd_ctr=2 opt_step=32 E=0.445 g=0.096 VarTD=0.144835 ret_end=-27.168 dbar_end=0.746 occ_end=0.128 CSR_train=0.000 done_count=125
[upd 40] u=0 upd_ctr=2 opt_step=32 E=0.922 g=0.097 VarTD=0.157735 ret_end=-27.021 dbar_end=0.742 occ_end=0.208 CSR_train=0.000 done_count=125
[upd 50] u=0 upd_ctr=3 opt_step=48 E=0.421 g=0.100 VarTD=0.168036 ret_end=-26.846 dbar_end=0.732 occ_end=0.160 CSR_train=0.000 done_count=125
[upd 60] u=0 upd_ctr=3 opt_step=48 E=0.951 g=0.108 VarTD=0.132306 ret_end=-26.349 dbar_end=0.710 occ_end=0.144 CSR_train=0.000 done_count=125
[upd 70] u=0 upd_ctr=4 opt_step=64 E=0.480 g=0.102 VarTD=0.157958 ret_end=-26.614 dbar_end=0.726 occ_end=0.176 CSR_train=0.000 done_count=125
[upd 80] u=0 upd_ctr=4 opt_step=64 E=1.000 g=0.111 VarTD=0.133155 ret_end=-26.927 dbar_end=0.699 occ_end=0.216 CSR_train=0.000 done_count=125
[upd 90] u=0 upd_ctr=5 opt_step=80 E=0.547 g=0.104 VarTD=0.124897 ret_end=-26.965 dbar_end=0.720 occ_end=0.160 CSR_train=0.000 done_count=125
[upd 100] u=1 upd_ctr=6 opt_step=96 E=0.054 g=0.107 VarTD=0.160588 ret_end=-26.846 dbar_end=0.711 occ_end=0.088 CSR_train=0.000 done_count=125
[upd 110] u=0 upd_ctr=6 opt_step=96 E=0.656 g=0.123 VarTD=0.136982 ret_end=-25.210 dbar_end=0.667 occ_end=0.136 CSR_train=0.000 done_count=125
[upd 120] u=0 upd_ctr=7 opt_step=112 E=0.169 g=0.110 VarTD=0.128462 ret_end=-25.498 dbar_end=0.702 occ_end=0.168 CSR_train=0.000 done_count=125
[upd 130] u=0 upd_ctr=7 opt_step=112 E=0.753 g=0.127 VarTD=0.131966 ret_end=-25.806 dbar_end=0.656 occ_end=0.220 CSR_train=0.000 done_count=100
[upd 140] u=0 upd_ctr=8 opt_step=128 E=0.301 g=0.107 VarTD=0.156837 ret_end=-26.633 dbar_end=0.711 occ_end=0.112 CSR_train=0.000 done_count=125
[upd 150] u=0 upd_ctr=8 opt_step=128 E=0.901 g=0.130 VarTD=0.129117 ret_end=-25.107 dbar_end=0.650 occ_end=0.208 CSR_train=0.000 done_count=125
[upd 160] u=0 upd_ctr=9 opt_step=144 E=0.519 g=0.137 VarTD=0.139976 ret_end=-25.177 dbar_end=0.634 occ_end=0.248 CSR_train=0.000 done_count=125
[upd 170] u=0 upd_ctr=10 opt_step=160 E=0.128 g=0.126 VarTD=0.167222 ret_end=-25.865 dbar_end=0.659 occ_end=0.200 CSR_train=0.000 done_count=125
[upd 180] u=0 upd_ctr=10 opt_step=160 E=0.791 g=0.138 VarTD=0.168606 ret_end=-25.413 dbar_end=0.630 occ_end=0.200 CSR_train=0.000 done_count=125
[upd 190] u=0 upd_ctr=11 opt_step=176 E=0.401 g=0.144 VarTD=0.167483 ret_end=-24.838 dbar_end=0.618 occ_end=0.232 CSR_train=0.000 done_count=125
[upd 200] u=1 upd_ctr=12 opt_step=192 E=0.063 g=0.126 VarTD=0.190285 ret_end=-26.332 dbar_end=0.659 occ_end=0.200 CSR_train=0.000 done_count=125
[upd 210] u=0 upd_ctr=12 opt_step=192 E=0.776 g=0.137 VarTD=0.200466 ret_end=-25.420 dbar_end=0.633 occ_end=0.232 CSR_train=0.000 done_count=125
[upd 220] u=0 upd_ctr=13 opt_step=208 E=0.422 g=0.145 VarTD=0.202052 ret_end=-24.413 dbar_end=0.615 occ_end=0.256 CSR_train=0.000 done_count=125
[upd 230] u=0 upd_ctr=14 opt_step=224 E=0.158 g=0.162 VarTD=0.242872 ret_end=-24.519 dbar_end=0.581 occ_end=0.240 CSR_train=0.000 done_count=125
[upd 240] u=0 upd_ctr=14 opt_step=224 E=0.875 g=0.152 VarTD=0.273988 ret_end=-24.581 dbar_end=0.599 occ_end=0.312 CSR_train=0.008 done_count=125
[upd 250] u=0 upd_ctr=15 opt_step=240 E=0.581 g=0.147 VarTD=0.297815 ret_end=-24.226 dbar_end=0.610 occ_end=0.264 CSR_train=0.000 done_count=125
[upd 260] u=0 upd_ctr=16 opt_step=256 E=0.286 g=0.130 VarTD=0.307888 ret_end=-26.045 dbar_end=0.649 occ_end=0.190 CSR_train=0.000 done_count=100
[upd 270] u=0 upd_ctr=16 opt_step=256 E=1.000 g=0.155 VarTD=0.340920 ret_end=-24.405 dbar_end=0.594 occ_end=0.208 CSR_train=0.000 done_count=125
[upd 280] u=0 upd_ctr=17 opt_step=272 E=0.760 g=0.149 VarTD=0.415674 ret_end=-24.934 dbar_end=0.607 occ_end=0.248 CSR_train=0.000 done_count=125
[upd 290] u=0 upd_ctr=18 opt_step=288 E=0.438 g=0.154 VarTD=0.471092 ret_end=-23.752 dbar_end=0.595 occ_end=0.208 CSR_train=0.000 done_count=125
[upd 300] u=0 upd_ctr=19 opt_step=304 E=0.158 g=0.164 VarTD=0.588630 ret_end=-24.099 dbar_end=0.575 occ_end=0.296 CSR_train=0.000 done_count=125
[upd 310] u=0 upd_ctr=19 opt_step=304 E=0.941 g=0.162 VarTD=0.564959 ret_end=-24.106 dbar_end=0.580 occ_end=0.304 CSR_train=0.000 done_count=125
[Gate5 check] update_counter violations: t0=0 diffs=0
[Gate5 check] opt_step violations: t0=0 diffs=0 (expected_inc=16)
[Gate5 check] NaN masking: nan_on_skip=True finite_on_update=True
[Gate5 summary] mean_update_fraction=0.0609 final_executed_updates_mean=19.00
[Gate5 eval] done_count mean=100.0 CSR mean=0.0100 len_end_mean=26.00
[Gate5 eval] episodes_per_env=4 T_eval=104
[Gate5 eval-debug] locked_eps_occ=0.20 pre(step25): dbar_end=0.531510 occupied_end_mean=0.320000 max_tilde_end_mean=0.753878 CSR@locked=0.010000
[Gate5 eval-debug] locked_eps_occ=0.20 post(step26): dbar_end=0.524287 occupied_end_mean=0.360000 max_tilde_end_mean=0.735467 CSR@locked=0.010000
[Gate5 eval-debug] CSR_pre@0.10=0.0000 CSR_pre@0.15=0.0000 CSR_pre@0.20=0.0100 CSR_pre@0.25=0.0100 CSR_pre@0.30=0.0300
[Gate5 eval-debug] CSR_post@0.10=0.0000 CSR_post@0.15=0.0100 CSR_post@0.20=0.0100 CSR_post@0.25=0.0300 CSR_post@0.30=0.0300
