Importing submoduled environments...
Submoduled environments not found. Skipping import.
[upd 0] u=1 upd_ctr=1 opt_step=16 E=0.256 g=0.093 VarTD=0.149936 ret_end=-27.435 dbar_end=0.756 occ_end=0.150 CSR_train=0.000 done_count=100
[upd 10] u=0 upd_ctr=1 opt_step=16 E=0.819 g=0.100 VarTD=0.132044 ret_end=-26.929 dbar_end=0.734 occ_end=0.192 CSR_train=0.000 done_count=125
[upd 20] u=0 upd_ctr=2 opt_step=32 E=0.641 g=0.111 VarTD=0.149566 ret_end=-25.825 dbar_end=0.701 occ_end=0.208 CSR_train=0.000 done_count=125
[upd 30] u=0 upd_ctr=3 opt_step=48 E=0.424 g=0.089 VarTD=0.168138 ret_end=-27.705 dbar_end=0.770 occ_end=0.136 CSR_train=0.008 done_count=125
[upd 40] u=0 upd_ctr=4 opt_step=64 E=0.224 g=0.102 VarTD=0.134184 ret_end=-26.642 dbar_end=0.726 occ_end=0.128 CSR_train=0.000 done_count=125
[upd 50] u=0 upd_ctr=4 opt_step=64 E=0.844 g=0.100 VarTD=0.130353 ret_end=-26.388 dbar_end=0.735 occ_end=0.152 CSR_train=0.000 done_count=125
[upd 60] u=0 upd_ctr=5 opt_step=80 E=0.677 g=0.112 VarTD=0.133989 ret_end=-26.413 dbar_end=0.697 occ_end=0.136 CSR_train=0.000 done_count=125
[upd 70] u=0 upd_ctr=6 opt_step=96 E=0.547 g=0.115 VarTD=0.133844 ret_end=-26.481 dbar_end=0.690 occ_end=0.176 CSR_train=0.000 done_count=125
[upd 80] u=0 upd_ctr=7 opt_step=112 E=0.484 g=0.117 VarTD=0.134070 ret_end=-25.499 dbar_end=0.683 occ_end=0.208 CSR_train=0.000 done_count=125
[upd 90] u=0 upd_ctr=8 opt_step=128 E=0.404 g=0.120 VarTD=0.137776 ret_end=-26.056 dbar_end=0.676 occ_end=0.200 CSR_train=0.000 done_count=125
[upd 100] u=0 upd_ctr=9 opt_step=144 E=0.326 g=0.132 VarTD=0.155931 ret_end=-24.775 dbar_end=0.645 occ_end=0.248 CSR_train=0.000 done_count=125
[upd 110] u=0 upd_ctr=10 opt_step=160 E=0.261 g=0.111 VarTD=0.151289 ret_end=-26.282 dbar_end=0.700 occ_end=0.128 CSR_train=0.000 done_count=125
[upd 120] u=0 upd_ctr=11 opt_step=176 E=0.222 g=0.145 VarTD=0.177151 ret_end=-24.550 dbar_end=0.616 occ_end=0.216 CSR_train=0.000 done_count=125
[Gate5 check] update_counter violations: t0=0 diffs=0
[Gate5 check] opt_step violations: t0=0 diffs=0 (expected_inc=16)
[Gate5 check] NaN masking: nan_on_skip=True finite_on_update=True
[Gate5 summary] mean_update_fraction=0.0880 final_executed_updates_mean=11.00
[Gate5 eval] done_count mean=100.0 CSR mean=0.0000 len_end_mean=26.00
[Gate5 eval] episodes_per_env=4 T_eval=104
[Gate5 eval-debug] locked_eps_occ=0.20 pre(step25): dbar_end=0.499131 occupied_end_mean=0.390000 max_tilde_end_mean=0.724452 CSR@locked=0.000000
[Gate5 eval-debug] locked_eps_occ=0.20 post(step26): dbar_end=0.498349 occupied_end_mean=0.390000 max_tilde_end_mean=0.724720 CSR@locked=0.000000
[Gate5 eval-debug] CSR_pre@0.10=0.0000 CSR_pre@0.15=0.0000 CSR_pre@0.20=0.0000 CSR_pre@0.25=0.0100 CSR_pre@0.30=0.0300
[Gate5 eval-debug] CSR_post@0.10=0.0000 CSR_post@0.15=0.0000 CSR_post@0.20=0.0000 CSR_post@0.25=0.0000 CSR_post@0.30=0.0300
