Importing submoduled environments...
Submoduled environments not found. Skipping import.
[upd 0] u=1 upd_ctr=1 opt_step=16 E=0.136 g=0.086 VarTD=0.176520 ret_end=-28.138 dbar_end=0.781 occ_end=0.160 CSR_train=0.000 done_count=100
[upd 10] u=1 upd_ctr=2 opt_step=32 E=0.104 g=0.084 VarTD=0.149910 ret_end=-27.579 dbar_end=0.789 occ_end=0.128 CSR_train=0.000 done_count=125
[upd 20] u=1 upd_ctr=3 opt_step=48 E=0.127 g=0.108 VarTD=0.149296 ret_end=-27.058 dbar_end=0.710 occ_end=0.176 CSR_train=0.000 done_count=125
[upd 30] u=0 upd_ctr=4 opt_step=64 E=0.242 g=0.105 VarTD=0.138326 ret_end=-25.800 dbar_end=0.717 occ_end=0.168 CSR_train=0.000 done_count=125
[upd 40] u=0 upd_ctr=5 opt_step=80 E=0.357 g=0.111 VarTD=0.146644 ret_end=-26.129 dbar_end=0.700 occ_end=0.152 CSR_train=0.000 done_count=125
[upd 50] u=0 upd_ctr=6 opt_step=96 E=0.593 g=0.114 VarTD=0.145493 ret_end=-26.125 dbar_end=0.693 occ_end=0.216 CSR_train=0.000 done_count=125
[upd 60] u=0 upd_ctr=7 opt_step=112 E=0.757 g=0.117 VarTD=0.141275 ret_end=-25.835 dbar_end=0.683 occ_end=0.192 CSR_train=0.000 done_count=125
[upd 70] u=0 upd_ctr=8 opt_step=128 E=0.998 g=0.122 VarTD=0.150900 ret_end=-25.874 dbar_end=0.670 occ_end=0.168 CSR_train=0.000 done_count=125
[upd 80] u=0 upd_ctr=10 opt_step=160 E=0.450 g=0.156 VarTD=0.168531 ret_end=-24.163 dbar_end=0.591 occ_end=0.328 CSR_train=0.000 done_count=125
[upd 90] u=0 upd_ctr=11 opt_step=176 E=0.804 g=0.131 VarTD=0.191294 ret_end=-25.511 dbar_end=0.646 occ_end=0.192 CSR_train=0.000 done_count=125
[upd 100] u=0 upd_ctr=13 opt_step=208 E=0.306 g=0.137 VarTD=0.212366 ret_end=-24.806 dbar_end=0.633 occ_end=0.216 CSR_train=0.000 done_count=125
[upd 110] u=0 upd_ctr=14 opt_step=224 E=0.806 g=0.172 VarTD=0.247778 ret_end=-23.897 dbar_end=0.561 occ_end=0.352 CSR_train=0.000 done_count=125
[upd 120] u=0 upd_ctr=16 opt_step=256 E=0.372 g=0.158 VarTD=0.339949 ret_end=-24.821 dbar_end=0.587 occ_end=0.328 CSR_train=0.000 done_count=125
[upd 130] u=0 upd_ctr=17 opt_step=272 E=1.000 g=0.161 VarTD=0.331099 ret_end=-23.732 dbar_end=0.581 occ_end=0.280 CSR_train=0.000 done_count=100
[upd 140] u=0 upd_ctr=19 opt_step=304 E=0.694 g=0.146 VarTD=0.528133 ret_end=-25.406 dbar_end=0.614 occ_end=0.216 CSR_train=0.000 done_count=125
[upd 150] u=0 upd_ctr=21 opt_step=336 E=0.372 g=0.175 VarTD=0.715600 ret_end=-24.218 dbar_end=0.556 occ_end=0.360 CSR_train=0.000 done_count=125
[upd 160] u=0 upd_ctr=22 opt_step=352 E=1.000 g=0.168 VarTD=0.807105 ret_end=-23.875 dbar_end=0.568 occ_end=0.272 CSR_train=0.000 done_count=125
[upd 170] u=0 upd_ctr=24 opt_step=384 E=0.755 g=0.178 VarTD=1.041628 ret_end=-23.618 dbar_end=0.549 occ_end=0.352 CSR_train=0.000 done_count=125
[upd 180] u=0 upd_ctr=26 opt_step=416 E=0.395 g=0.170 VarTD=1.256781 ret_end=-23.605 dbar_end=0.564 occ_end=0.280 CSR_train=0.000 done_count=125
[upd 190] u=0 upd_ctr=27 opt_step=432 E=1.000 g=0.160 VarTD=1.416908 ret_end=-24.323 dbar_end=0.583 occ_end=0.272 CSR_train=0.000 done_count=125
[upd 200] u=0 upd_ctr=29 opt_step=464 E=0.767 g=0.173 VarTD=1.719344 ret_end=-24.351 dbar_end=0.558 occ_end=0.296 CSR_train=0.000 done_count=125
[upd 210] u=0 upd_ctr=31 opt_step=496 E=0.374 g=0.167 VarTD=2.007600 ret_end=-23.389 dbar_end=0.570 occ_end=0.304 CSR_train=0.000 done_count=125
[upd 220] u=0 upd_ctr=32 opt_step=512 E=1.000 g=0.164 VarTD=2.150614 ret_end=-24.178 dbar_end=0.576 occ_end=0.288 CSR_train=0.000 done_count=125
[upd 230] u=0 upd_ctr=34 opt_step=544 E=0.678 g=0.164 VarTD=2.492665 ret_end=-23.652 dbar_end=0.575 occ_end=0.256 CSR_train=0.000 done_count=125
[upd 240] u=0 upd_ctr=36 opt_step=576 E=0.379 g=0.161 VarTD=2.790831 ret_end=-23.903 dbar_end=0.582 occ_end=0.256 CSR_train=0.000 done_count=125
[upd 250] u=0 upd_ctr=37 opt_step=592 E=1.000 g=0.170 VarTD=2.952206 ret_end=-23.872 dbar_end=0.564 occ_end=0.280 CSR_train=0.000 done_count=125
[upd 260] u=0 upd_ctr=39 opt_step=624 E=0.755 g=0.166 VarTD=2.676180 ret_end=-24.151 dbar_end=0.572 occ_end=0.300 CSR_train=0.000 done_count=100
[upd 270] u=0 upd_ctr=41 opt_step=656 E=0.360 g=0.154 VarTD=3.653745 ret_end=-24.329 dbar_end=0.596 occ_end=0.280 CSR_train=0.000 done_count=125
[upd 280] u=0 upd_ctr=42 opt_step=672 E=1.000 g=0.173 VarTD=3.755041 ret_end=-23.329 dbar_end=0.559 occ_end=0.312 CSR_train=0.000 done_count=125
[upd 290] u=0 upd_ctr=44 opt_step=704 E=0.723 g=0.160 VarTD=4.040411 ret_end=-24.307 dbar_end=0.584 occ_end=0.264 CSR_train=0.000 done_count=125
[upd 300] u=0 upd_ctr=46 opt_step=736 E=0.377 g=0.160 VarTD=4.349404 ret_end=-24.590 dbar_end=0.583 occ_end=0.256 CSR_train=0.000 done_count=125
[upd 310] u=0 upd_ctr=47 opt_step=752 E=1.000 g=0.161 VarTD=4.676180 ret_end=-24.389 dbar_end=0.581 occ_end=0.312 CSR_train=0.000 done_count=125
[Gate5 check] update_counter violations: t0=0 diffs=0
[Gate5 check] opt_step violations: t0=0 diffs=0 (expected_inc=16)
[Gate5 check] NaN masking: nan_on_skip=True finite_on_update=True
[Gate5 summary] mean_update_fraction=0.1538 final_executed_updates_mean=48.00
[Gate5 eval] done_count mean=100.0 CSR mean=0.0000 len_end_mean=26.00
[Gate5 eval] episodes_per_env=4 T_eval=104
[Gate5 eval-debug] locked_eps_occ=0.20 pre(step25): dbar_end=0.521707 occupied_end_mean=0.360000 max_tilde_end_mean=0.744814 CSR@locked=0.000000
[Gate5 eval-debug] locked_eps_occ=0.20 post(step26): dbar_end=0.518537 occupied_end_mean=0.280000 max_tilde_end_mean=0.733154 CSR@locked=0.000000
[Gate5 eval-debug] CSR_pre@0.10=0.0000 CSR_pre@0.15=0.0000 CSR_pre@0.20=0.0000 CSR_pre@0.25=0.0000 CSR_pre@0.30=0.0200
[Gate5 eval-debug] CSR_post@0.10=0.0000 CSR_post@0.15=0.0000 CSR_post@0.20=0.0000 CSR_post@0.25=0.0000 CSR_post@0.30=0.0000
