Importing submoduled environments...
Submoduled environments not found. Skipping import.
[upd 0] u=1 upd_ctr=1 opt_step=16 E=0.037 g=0.091 VarTD=0.177780 ret_end=-27.116 dbar_end=0.762 occ_end=0.220 CSR_train=0.000 done_count=100
[upd 10] u=0 upd_ctr=1 opt_step=16 E=0.401 g=0.084 VarTD=0.168711 ret_end=-27.749 dbar_end=0.791 occ_end=0.120 CSR_train=0.000 done_count=125
[upd 20] u=0 upd_ctr=1 opt_step=16 E=0.786 g=0.094 VarTD=0.155229 ret_end=-27.163 dbar_end=0.752 occ_end=0.168 CSR_train=0.000 done_count=125
[upd 30] u=0 upd_ctr=2 opt_step=32 E=0.157 g=0.091 VarTD=0.175308 ret_end=-27.665 dbar_end=0.763 occ_end=0.120 CSR_train=0.000 done_count=125
[upd 40] u=0 upd_ctr=2 opt_step=32 E=0.542 g=0.097 VarTD=0.154813 ret_end=-27.339 dbar_end=0.744 occ_end=0.168 CSR_train=0.000 done_count=125
[upd 50] u=0 upd_ctr=2 opt_step=32 E=0.944 g=0.108 VarTD=0.150658 ret_end=-25.767 dbar_end=0.708 occ_end=0.160 CSR_train=0.000 done_count=125
[upd 60] u=0 upd_ctr=3 opt_step=48 E=0.314 g=0.096 VarTD=0.167013 ret_end=-26.963 dbar_end=0.748 occ_end=0.128 CSR_train=0.000 done_count=125
[upd 70] u=0 upd_ctr=3 opt_step=48 E=0.723 g=0.099 VarTD=0.160044 ret_end=-26.951 dbar_end=0.736 occ_end=0.208 CSR_train=0.008 done_count=125
[upd 80] u=0 upd_ctr=4 opt_step=64 E=0.081 g=0.110 VarTD=0.142105 ret_end=-26.372 dbar_end=0.703 occ_end=0.144 CSR_train=0.000 done_count=125
[upd 90] u=0 upd_ctr=4 opt_step=64 E=0.495 g=0.102 VarTD=0.149468 ret_end=-26.931 dbar_end=0.727 occ_end=0.160 CSR_train=0.000 done_count=125
[upd 100] u=0 upd_ctr=4 opt_step=64 E=0.927 g=0.115 VarTD=0.143949 ret_end=-25.987 dbar_end=0.689 occ_end=0.176 CSR_train=0.000 done_count=125
[upd 110] u=0 upd_ctr=5 opt_step=80 E=0.335 g=0.101 VarTD=0.134676 ret_end=-26.461 dbar_end=0.731 occ_end=0.072 CSR_train=0.000 done_count=125
[upd 120] u=0 upd_ctr=5 opt_step=80 E=0.739 g=0.094 VarTD=0.160862 ret_end=-27.112 dbar_end=0.753 occ_end=0.144 CSR_train=0.000 done_count=125
[upd 130] u=0 upd_ctr=6 opt_step=96 E=0.123 g=0.111 VarTD=0.142275 ret_end=-25.222 dbar_end=0.699 occ_end=0.160 CSR_train=0.000 done_count=100
[upd 140] u=0 upd_ctr=6 opt_step=96 E=0.550 g=0.115 VarTD=0.185732 ret_end=-25.925 dbar_end=0.690 occ_end=0.248 CSR_train=0.000 done_count=125
[upd 150] u=0 upd_ctr=6 opt_step=96 E=0.994 g=0.117 VarTD=0.136705 ret_end=-25.456 dbar_end=0.684 occ_end=0.208 CSR_train=0.000 done_count=125
[upd 160] u=0 upd_ctr=7 opt_step=112 E=0.402 g=0.102 VarTD=0.155515 ret_end=-27.229 dbar_end=0.727 occ_end=0.176 CSR_train=0.000 done_count=125
[upd 170] u=0 upd_ctr=7 opt_step=112 E=0.843 g=0.106 VarTD=0.156448 ret_end=-26.491 dbar_end=0.716 occ_end=0.144 CSR_train=0.000 done_count=125
[upd 180] u=0 upd_ctr=8 opt_step=128 E=0.294 g=0.132 VarTD=0.129711 ret_end=-25.750 dbar_end=0.645 occ_end=0.232 CSR_train=0.000 done_count=125
[upd 190] u=0 upd_ctr=8 opt_step=128 E=0.765 g=0.108 VarTD=0.184783 ret_end=-27.918 dbar_end=0.709 occ_end=0.184 CSR_train=0.008 done_count=125
[upd 200] u=0 upd_ctr=9 opt_step=144 E=0.249 g=0.134 VarTD=0.146151 ret_end=-24.779 dbar_end=0.640 occ_end=0.232 CSR_train=0.000 done_count=125
[upd 210] u=0 upd_ctr=9 opt_step=144 E=0.744 g=0.119 VarTD=0.172857 ret_end=-25.382 dbar_end=0.677 occ_end=0.208 CSR_train=0.000 done_count=125
[upd 220] u=0 upd_ctr=10 opt_step=160 E=0.210 g=0.126 VarTD=0.147857 ret_end=-25.110 dbar_end=0.661 occ_end=0.168 CSR_train=0.000 done_count=125
[upd 230] u=0 upd_ctr=10 opt_step=160 E=0.730 g=0.126 VarTD=0.172044 ret_end=-26.074 dbar_end=0.660 occ_end=0.232 CSR_train=0.000 done_count=125
[upd 240] u=0 upd_ctr=11 opt_step=176 E=0.207 g=0.125 VarTD=0.178851 ret_end=-26.469 dbar_end=0.663 occ_end=0.208 CSR_train=0.000 done_count=125
[upd 250] u=0 upd_ctr=11 opt_step=176 E=0.721 g=0.130 VarTD=0.176530 ret_end=-26.231 dbar_end=0.650 occ_end=0.192 CSR_train=0.000 done_count=125
[upd 260] u=0 upd_ctr=12 opt_step=192 E=0.206 g=0.136 VarTD=0.159398 ret_end=-24.243 dbar_end=0.636 occ_end=0.230 CSR_train=0.010 done_count=100
[upd 270] u=0 upd_ctr=12 opt_step=192 E=0.713 g=0.127 VarTD=0.188978 ret_end=-25.780 dbar_end=0.658 occ_end=0.200 CSR_train=0.000 done_count=125
[upd 280] u=0 upd_ctr=13 opt_step=208 E=0.205 g=0.124 VarTD=0.245301 ret_end=-26.800 dbar_end=0.665 occ_end=0.248 CSR_train=0.000 done_count=125
[upd 290] u=0 upd_ctr=13 opt_step=208 E=0.736 g=0.149 VarTD=0.237498 ret_end=-24.132 dbar_end=0.607 occ_end=0.280 CSR_train=0.000 done_count=125
[upd 300] u=0 upd_ctr=14 opt_step=224 E=0.196 g=0.119 VarTD=0.255665 ret_end=-26.218 dbar_end=0.679 occ_end=0.176 CSR_train=0.000 done_count=125
[upd 310] u=0 upd_ctr=14 opt_step=224 E=0.713 g=0.124 VarTD=0.261693 ret_end=-26.668 dbar_end=0.665 occ_end=0.176 CSR_train=0.000 done_count=125
[Gate5 check] update_counter violations: t0=0 diffs=0
[Gate5 check] opt_step violations: t0=0 diffs=0 (expected_inc=16)
[Gate5 check] NaN masking: nan_on_skip=True finite_on_update=True
[Gate5 summary] mean_update_fraction=0.0449 final_executed_updates_mean=14.00
[Gate5 eval] done_count mean=100.0 CSR mean=0.0000 len_end_mean=26.00
[Gate5 eval] episodes_per_env=4 T_eval=104
[Gate5 eval-debug] locked_eps_occ=0.20 pre(step25): dbar_end=0.544837 occupied_end_mean=0.290000 max_tilde_end_mean=0.797422 CSR@locked=0.000000
[Gate5 eval-debug] locked_eps_occ=0.20 post(step26): dbar_end=0.545181 occupied_end_mean=0.340000 max_tilde_end_mean=0.786502 CSR@locked=0.000000
[Gate5 eval-debug] CSR_pre@0.10=0.0000 CSR_pre@0.15=0.0000 CSR_pre@0.20=0.0000 CSR_pre@0.25=0.0000 CSR_pre@0.30=0.0200
[Gate5 eval-debug] CSR_post@0.10=0.0000 CSR_post@0.15=0.0000 CSR_post@0.20=0.0000 CSR_post@0.25=0.0200 CSR_post@0.30=0.0300
