Importing submoduled environments...
Submoduled environments not found. Skipping import.
[upd 0] u=1 upd_ctr=1 opt_step=16 E=0.059 g=0.089 VarTD=0.203202 ret_end=-28.238 dbar_end=0.769 occ_end=0.170 CSR_train=0.000 done_count=100
[upd 10] u=0 upd_ctr=1 opt_step=16 E=0.154 g=0.094 VarTD=0.178732 ret_end=-27.407 dbar_end=0.753 occ_end=0.200 CSR_train=0.000 done_count=125
[upd 20] u=0 upd_ctr=1 opt_step=16 E=0.247 g=0.089 VarTD=0.146078 ret_end=-28.353 dbar_end=0.769 occ_end=0.176 CSR_train=0.000 done_count=125
[upd 30] u=0 upd_ctr=1 opt_step=16 E=0.336 g=0.093 VarTD=0.154659 ret_end=-27.687 dbar_end=0.756 occ_end=0.192 CSR_train=0.000 done_count=125
[upd 40] u=0 upd_ctr=1 opt_step=16 E=0.431 g=0.097 VarTD=0.147800 ret_end=-26.647 dbar_end=0.743 occ_end=0.176 CSR_train=0.000 done_count=125
[upd 50] u=0 upd_ctr=1 opt_step=16 E=0.526 g=0.087 VarTD=0.173903 ret_end=-27.487 dbar_end=0.777 occ_end=0.080 CSR_train=0.000 done_count=125
[upd 60] u=0 upd_ctr=1 opt_step=16 E=0.617 g=0.096 VarTD=0.146066 ret_end=-27.365 dbar_end=0.747 occ_end=0.120 CSR_train=0.000 done_count=125
[upd 70] u=0 upd_ctr=1 opt_step=16 E=0.711 g=0.090 VarTD=0.155553 ret_end=-27.559 dbar_end=0.768 occ_end=0.144 CSR_train=0.000 done_count=125
[upd 80] u=0 upd_ctr=1 opt_step=16 E=0.803 g=0.098 VarTD=0.163216 ret_end=-26.166 dbar_end=0.738 occ_end=0.144 CSR_train=0.000 done_count=125
[upd 90] u=0 upd_ctr=1 opt_step=16 E=0.894 g=0.101 VarTD=0.145609 ret_end=-26.781 dbar_end=0.731 occ_end=0.096 CSR_train=0.000 done_count=125
[upd 100] u=0 upd_ctr=2 opt_step=32 E=0.035 g=0.085 VarTD=0.166125 ret_end=-28.476 dbar_end=0.784 occ_end=0.176 CSR_train=0.000 done_count=125
[upd 110] u=0 upd_ctr=2 opt_step=32 E=0.129 g=0.095 VarTD=0.147783 ret_end=-27.493 dbar_end=0.751 occ_end=0.200 CSR_train=0.000 done_count=125
[upd 120] u=0 upd_ctr=2 opt_step=32 E=0.226 g=0.096 VarTD=0.159110 ret_end=-27.160 dbar_end=0.747 occ_end=0.240 CSR_train=0.000 done_count=125
[upd 130] u=0 upd_ctr=2 opt_step=32 E=0.326 g=0.091 VarTD=0.158145 ret_end=-27.682 dbar_end=0.762 occ_end=0.170 CSR_train=0.000 done_count=100
[upd 140] u=0 upd_ctr=2 opt_step=32 E=0.426 g=0.097 VarTD=0.178081 ret_end=-27.074 dbar_end=0.743 occ_end=0.120 CSR_train=0.000 done_count=125
[upd 150] u=0 upd_ctr=2 opt_step=32 E=0.521 g=0.094 VarTD=0.189707 ret_end=-28.348 dbar_end=0.753 occ_end=0.232 CSR_train=0.000 done_count=125
[upd 160] u=0 upd_ctr=2 opt_step=32 E=0.622 g=0.095 VarTD=0.166592 ret_end=-26.842 dbar_end=0.750 occ_end=0.136 CSR_train=0.000 done_count=125
[upd 170] u=0 upd_ctr=2 opt_step=32 E=0.719 g=0.093 VarTD=0.180673 ret_end=-27.971 dbar_end=0.755 occ_end=0.168 CSR_train=0.000 done_count=125
[upd 180] u=0 upd_ctr=2 opt_step=32 E=0.819 g=0.100 VarTD=0.145841 ret_end=-26.671 dbar_end=0.734 occ_end=0.184 CSR_train=0.000 done_count=125
[upd 190] u=0 upd_ctr=2 opt_step=32 E=0.917 g=0.093 VarTD=0.196372 ret_end=-27.271 dbar_end=0.755 occ_end=0.152 CSR_train=0.000 done_count=125
[upd 200] u=0 upd_ctr=3 opt_step=48 E=0.068 g=0.098 VarTD=0.138721 ret_end=-27.172 dbar_end=0.740 occ_end=0.176 CSR_train=0.000 done_count=125
[upd 210] u=0 upd_ctr=3 opt_step=48 E=0.167 g=0.102 VarTD=0.143249 ret_end=-25.971 dbar_end=0.727 occ_end=0.120 CSR_train=0.000 done_count=125
[upd 220] u=0 upd_ctr=3 opt_step=48 E=0.269 g=0.112 VarTD=0.163743 ret_end=-26.662 dbar_end=0.698 occ_end=0.216 CSR_train=0.000 done_count=125
[upd 230] u=0 upd_ctr=3 opt_step=48 E=0.374 g=0.110 VarTD=0.134194 ret_end=-26.559 dbar_end=0.703 occ_end=0.136 CSR_train=0.000 done_count=125
[upd 240] u=0 upd_ctr=3 opt_step=48 E=0.473 g=0.109 VarTD=0.157268 ret_end=-25.787 dbar_end=0.707 occ_end=0.192 CSR_train=0.000 done_count=125
[upd 250] u=0 upd_ctr=3 opt_step=48 E=0.576 g=0.105 VarTD=0.151212 ret_end=-26.859 dbar_end=0.719 occ_end=0.160 CSR_train=0.000 done_count=125
[upd 260] u=0 upd_ctr=3 opt_step=48 E=0.674 g=0.091 VarTD=0.151733 ret_end=-27.746 dbar_end=0.763 occ_end=0.160 CSR_train=0.000 done_count=100
[upd 270] u=0 upd_ctr=3 opt_step=48 E=0.776 g=0.096 VarTD=0.171119 ret_end=-27.878 dbar_end=0.746 occ_end=0.208 CSR_train=0.000 done_count=125
[upd 280] u=0 upd_ctr=3 opt_step=48 E=0.881 g=0.094 VarTD=0.172518 ret_end=-27.126 dbar_end=0.754 occ_end=0.192 CSR_train=0.000 done_count=125
[upd 290] u=0 upd_ctr=4 opt_step=64 E=0.032 g=0.098 VarTD=0.162449 ret_end=-26.634 dbar_end=0.739 occ_end=0.160 CSR_train=0.000 done_count=125
[upd 300] u=0 upd_ctr=4 opt_step=64 E=0.140 g=0.113 VarTD=0.145884 ret_end=-26.379 dbar_end=0.694 occ_end=0.192 CSR_train=0.000 done_count=125
[upd 310] u=0 upd_ctr=4 opt_step=64 E=0.247 g=0.115 VarTD=0.148476 ret_end=-25.571 dbar_end=0.689 occ_end=0.200 CSR_train=0.000 done_count=125
[Gate5 check] update_counter violations: t0=0 diffs=0
[Gate5 check] opt_step violations: t0=0 diffs=0 (expected_inc=16)
[Gate5 check] NaN masking: nan_on_skip=True finite_on_update=True
[Gate5 summary] mean_update_fraction=0.0128 final_executed_updates_mean=4.00
[Gate5 eval] done_count mean=100.0 CSR mean=0.0000 len_end_mean=26.00
[Gate5 eval] episodes_per_env=4 T_eval=104
[Gate5 eval-debug] locked_eps_occ=0.20 pre(step25): dbar_end=0.486262 occupied_end_mean=0.450000 max_tilde_end_mean=0.708796 CSR@locked=0.000000
[Gate5 eval-debug] locked_eps_occ=0.20 post(step26): dbar_end=0.487644 occupied_end_mean=0.430000 max_tilde_end_mean=0.707821 CSR@locked=0.000000
[Gate5 eval-debug] CSR_pre@0.10=0.0000 CSR_pre@0.15=0.0000 CSR_pre@0.20=0.0000 CSR_pre@0.25=0.0100 CSR_pre@0.30=0.0100
[Gate5 eval-debug] CSR_post@0.10=0.0000 CSR_post@0.15=0.0000 CSR_post@0.20=0.0000 CSR_post@0.25=0.0100 CSR_post@0.30=0.0100
