Importing submoduled environments...
Submoduled environments not found. Skipping import.
[upd 0] u=1 upd_ctr=1 opt_step=16 E=0.083 g=0.083 VarTD=0.176951 ret_end=-28.473 dbar_end=0.794 occ_end=0.140 CSR_train=0.000 done_count=100
[upd 10] u=0 upd_ctr=1 opt_step=16 E=1.000 g=0.089 VarTD=0.152993 ret_end=-28.611 dbar_end=0.772 occ_end=0.104 CSR_train=0.000 done_count=125
[upd 20] u=0 upd_ctr=2 opt_step=32 E=0.969 g=0.097 VarTD=0.156890 ret_end=-27.612 dbar_end=0.744 occ_end=0.192 CSR_train=0.000 done_count=125
[upd 30] u=0 upd_ctr=3 opt_step=48 E=0.920 g=0.097 VarTD=0.139653 ret_end=-26.970 dbar_end=0.742 occ_end=0.152 CSR_train=0.000 done_count=125
[upd 40] u=0 upd_ctr=4 opt_step=64 E=0.930 g=0.104 VarTD=0.157715 ret_end=-26.852 dbar_end=0.721 occ_end=0.200 CSR_train=0.000 done_count=125
[upd 50] u=0 upd_ctr=5 opt_step=80 E=0.975 g=0.110 VarTD=0.162235 ret_end=-26.403 dbar_end=0.703 occ_end=0.184 CSR_train=0.000 done_count=125
[upd 60] u=0 upd_ctr=6 opt_step=96 E=1.000 g=0.107 VarTD=0.133825 ret_end=-26.422 dbar_end=0.711 occ_end=0.160 CSR_train=0.000 done_count=125
[upd 70] u=1 upd_ctr=8 opt_step=128 E=0.113 g=0.113 VarTD=0.150836 ret_end=-26.085 dbar_end=0.695 occ_end=0.160 CSR_train=0.000 done_count=125
[upd 80] u=0 upd_ctr=9 opt_step=144 E=0.251 g=0.121 VarTD=0.150987 ret_end=-26.419 dbar_end=0.673 occ_end=0.216 CSR_train=0.000 done_count=125
[upd 90] u=0 upd_ctr=10 opt_step=160 E=0.392 g=0.134 VarTD=0.140365 ret_end=-25.758 dbar_end=0.641 occ_end=0.240 CSR_train=0.000 done_count=125
[upd 100] u=0 upd_ctr=11 opt_step=176 E=0.667 g=0.136 VarTD=0.176720 ret_end=-25.463 dbar_end=0.636 occ_end=0.176 CSR_train=0.000 done_count=125
[upd 110] u=0 upd_ctr=12 opt_step=192 E=0.990 g=0.147 VarTD=0.178018 ret_end=-24.239 dbar_end=0.611 occ_end=0.160 CSR_train=0.000 done_count=125
[upd 120] u=1 upd_ctr=14 opt_step=224 E=0.145 g=0.145 VarTD=0.175673 ret_end=-24.128 dbar_end=0.616 occ_end=0.224 CSR_train=0.000 done_count=125
[Gate5 check] update_counter violations: t0=0 diffs=0
[Gate5 check] opt_step violations: t0=0 diffs=0 (expected_inc=16)
[Gate5 check] NaN masking: nan_on_skip=True finite_on_update=True
[Gate5 summary] mean_update_fraction=0.1120 final_executed_updates_mean=14.00
[Gate5 eval] done_count mean=100.0 CSR mean=0.0000 len_end_mean=26.00
[Gate5 eval] episodes_per_env=4 T_eval=104
[Gate5 eval-debug] locked_eps_occ=0.20 pre(step25): dbar_end=0.495485 occupied_end_mean=0.440000 max_tilde_end_mean=0.714620 CSR@locked=0.000000
[Gate5 eval-debug] locked_eps_occ=0.20 post(step26): dbar_end=0.502824 occupied_end_mean=0.430000 max_tilde_end_mean=0.717407 CSR@locked=0.000000
[Gate5 eval-debug] CSR_pre@0.10=0.0000 CSR_pre@0.15=0.0000 CSR_pre@0.20=0.0000 CSR_pre@0.25=0.0000 CSR_pre@0.30=0.0200
[Gate5 eval-debug] CSR_post@0.10=0.0000 CSR_post@0.15=0.0000 CSR_post@0.20=0.0000 CSR_post@0.25=0.0000 CSR_post@0.30=0.0200
