Importing submoduled environments...
Submoduled environments not found. Skipping import.
[upd 0] u=1 upd_ctr=1 opt_step=16 E=0.136 g=0.090 VarTD=0.142063 ret_end=-26.625 dbar_end=0.768 occ_end=0.090 CSR_train=0.000 done_count=100
[upd 10] u=0 upd_ctr=1 opt_step=16 E=0.518 g=0.103 VarTD=0.114452 ret_end=-26.589 dbar_end=0.723 occ_end=0.104 CSR_train=0.000 done_count=125
[upd 20] u=0 upd_ctr=1 opt_step=16 E=0.889 g=0.094 VarTD=0.166464 ret_end=-27.135 dbar_end=0.752 occ_end=0.104 CSR_train=0.000 done_count=125
[upd 30] u=0 upd_ctr=2 opt_step=32 E=0.385 g=0.094 VarTD=0.153687 ret_end=-28.174 dbar_end=0.753 occ_end=0.184 CSR_train=0.000 done_count=125
[upd 40] u=0 upd_ctr=2 opt_step=32 E=0.777 g=0.092 VarTD=0.140103 ret_end=-27.063 dbar_end=0.761 occ_end=0.176 CSR_train=0.000 done_count=125
[upd 50] u=0 upd_ctr=3 opt_step=48 E=0.296 g=0.103 VarTD=0.137387 ret_end=-26.575 dbar_end=0.723 occ_end=0.184 CSR_train=0.000 done_count=125
[upd 60] u=0 upd_ctr=3 opt_step=48 E=0.698 g=0.099 VarTD=0.136229 ret_end=-26.429 dbar_end=0.738 occ_end=0.152 CSR_train=0.000 done_count=125
[upd 70] u=0 upd_ctr=4 opt_step=64 E=0.213 g=0.110 VarTD=0.114173 ret_end=-25.618 dbar_end=0.704 occ_end=0.200 CSR_train=0.000 done_count=125
[upd 80] u=0 upd_ctr=4 opt_step=64 E=0.666 g=0.109 VarTD=0.162220 ret_end=-26.769 dbar_end=0.706 occ_end=0.216 CSR_train=0.000 done_count=125
[upd 90] u=0 upd_ctr=5 opt_step=80 E=0.213 g=0.110 VarTD=0.127760 ret_end=-26.753 dbar_end=0.703 occ_end=0.200 CSR_train=0.000 done_count=125
[upd 100] u=0 upd_ctr=5 opt_step=80 E=0.668 g=0.116 VarTD=0.120260 ret_end=-26.428 dbar_end=0.687 occ_end=0.120 CSR_train=0.000 done_count=125
[upd 110] u=0 upd_ctr=6 opt_step=96 E=0.231 g=0.114 VarTD=0.164167 ret_end=-27.103 dbar_end=0.692 occ_end=0.160 CSR_train=0.000 done_count=125
[upd 120] u=0 upd_ctr=6 opt_step=96 E=0.692 g=0.107 VarTD=0.145876 ret_end=-26.411 dbar_end=0.712 occ_end=0.192 CSR_train=0.000 done_count=125
[upd 130] u=0 upd_ctr=7 opt_step=112 E=0.277 g=0.132 VarTD=0.131776 ret_end=-25.683 dbar_end=0.644 occ_end=0.220 CSR_train=0.000 done_count=100
[upd 140] u=0 upd_ctr=7 opt_step=112 E=0.754 g=0.121 VarTD=0.146538 ret_end=-25.297 dbar_end=0.674 occ_end=0.264 CSR_train=0.008 done_count=125
[upd 150] u=0 upd_ctr=8 opt_step=128 E=0.359 g=0.134 VarTD=0.141465 ret_end=-25.482 dbar_end=0.640 occ_end=0.184 CSR_train=0.000 done_count=125
[upd 160] u=0 upd_ctr=8 opt_step=128 E=0.880 g=0.125 VarTD=0.146646 ret_end=-26.106 dbar_end=0.664 occ_end=0.192 CSR_train=0.000 done_count=125
[upd 170] u=0 upd_ctr=9 opt_step=144 E=0.513 g=0.135 VarTD=0.162404 ret_end=-25.528 dbar_end=0.638 occ_end=0.184 CSR_train=0.000 done_count=125
[upd 180] u=0 upd_ctr=10 opt_step=160 E=0.144 g=0.129 VarTD=0.147516 ret_end=-25.811 dbar_end=0.653 occ_end=0.176 CSR_train=0.000 done_count=125
[upd 190] u=0 upd_ctr=10 opt_step=160 E=0.705 g=0.129 VarTD=0.151795 ret_end=-25.467 dbar_end=0.652 occ_end=0.152 CSR_train=0.000 done_count=125
[upd 200] u=0 upd_ctr=11 opt_step=176 E=0.346 g=0.137 VarTD=0.161983 ret_end=-24.891 dbar_end=0.632 occ_end=0.192 CSR_train=0.000 done_count=125
[upd 210] u=0 upd_ctr=11 opt_step=176 E=0.886 g=0.114 VarTD=0.182532 ret_end=-27.462 dbar_end=0.692 occ_end=0.208 CSR_train=0.000 done_count=125
[upd 220] u=0 upd_ctr=12 opt_step=192 E=0.534 g=0.141 VarTD=0.172431 ret_end=-25.570 dbar_end=0.624 occ_end=0.248 CSR_train=0.000 done_count=125
[upd 230] u=0 upd_ctr=13 opt_step=208 E=0.173 g=0.151 VarTD=0.207644 ret_end=-23.958 dbar_end=0.601 occ_end=0.232 CSR_train=0.000 done_count=125
[upd 240] u=0 upd_ctr=13 opt_step=208 E=0.734 g=0.141 VarTD=0.225286 ret_end=-24.961 dbar_end=0.623 occ_end=0.200 CSR_train=0.000 done_count=125
[upd 250] u=0 upd_ctr=14 opt_step=224 E=0.391 g=0.146 VarTD=0.240132 ret_end=-25.064 dbar_end=0.613 occ_end=0.184 CSR_train=0.000 done_count=125
[upd 260] u=0 upd_ctr=14 opt_step=224 E=0.949 g=0.134 VarTD=0.211182 ret_end=-25.468 dbar_end=0.640 occ_end=0.180 CSR_train=0.000 done_count=100
[upd 270] u=0 upd_ctr=15 opt_step=240 E=0.614 g=0.147 VarTD=0.257278 ret_end=-24.294 dbar_end=0.610 occ_end=0.240 CSR_train=0.000 done_count=125
[upd 280] u=0 upd_ctr=16 opt_step=256 E=0.296 g=0.151 VarTD=0.331462 ret_end=-24.541 dbar_end=0.601 occ_end=0.328 CSR_train=0.000 done_count=125
[upd 290] u=0 upd_ctr=16 opt_step=256 E=0.884 g=0.152 VarTD=0.328116 ret_end=-23.814 dbar_end=0.601 occ_end=0.224 CSR_train=0.000 done_count=125
[upd 300] u=0 upd_ctr=17 opt_step=272 E=0.588 g=0.161 VarTD=0.401022 ret_end=-24.592 dbar_end=0.582 occ_end=0.240 CSR_train=0.000 done_count=125
[upd 310] u=0 upd_ctr=18 opt_step=288 E=0.315 g=0.156 VarTD=0.435046 ret_end=-25.013 dbar_end=0.591 occ_end=0.264 CSR_train=0.000 done_count=125
[Gate5 check] update_counter violations: t0=0 diffs=0
[Gate5 check] opt_step violations: t0=0 diffs=0 (expected_inc=16)
[Gate5 check] NaN masking: nan_on_skip=True finite_on_update=True
[Gate5 summary] mean_update_fraction=0.0577 final_executed_updates_mean=18.00
[Gate5 eval] done_count mean=100.0 CSR mean=0.0000 len_end_mean=26.00
[Gate5 eval] episodes_per_env=4 T_eval=104
[Gate5 eval-debug] locked_eps_occ=0.20 pre(step25): dbar_end=0.500846 occupied_end_mean=0.330000 max_tilde_end_mean=0.706863 CSR@locked=0.000000
[Gate5 eval-debug] locked_eps_occ=0.20 post(step26): dbar_end=0.500593 occupied_end_mean=0.380000 max_tilde_end_mean=0.710626 CSR@locked=0.000000
[Gate5 eval-debug] CSR_pre@0.10=0.0000 CSR_pre@0.15=0.0000 CSR_pre@0.20=0.0000 CSR_pre@0.25=0.0000 CSR_pre@0.30=0.0300
[Gate5 eval-debug] CSR_post@0.10=0.0000 CSR_post@0.15=0.0000 CSR_post@0.20=0.0000 CSR_post@0.25=0.0000 CSR_post@0.30=0.0100
