Importing submoduled environments...
Submoduled environments not found. Skipping import.
[upd 0] u=1 upd_ctr=1 opt_step=16 E=0.064 g=0.079 VarTD=0.177244 ret_end=-28.332 dbar_end=0.807 occ_end=0.140 CSR_train=0.000 done_count=100
[upd 10] u=0 upd_ctr=1 opt_step=16 E=0.810 g=0.093 VarTD=0.147298 ret_end=-27.080 dbar_end=0.756 occ_end=0.144 CSR_train=0.000 done_count=125
[upd 20] u=0 upd_ctr=2 opt_step=32 E=0.555 g=0.091 VarTD=0.155016 ret_end=-27.614 dbar_end=0.764 occ_end=0.168 CSR_train=0.000 done_count=125
[upd 30] u=0 upd_ctr=3 opt_step=48 E=0.340 g=0.112 VarTD=0.168845 ret_end=-26.896 dbar_end=0.698 occ_end=0.192 CSR_train=0.000 done_count=125
[upd 40] u=0 upd_ctr=4 opt_step=64 E=0.169 g=0.105 VarTD=0.147059 ret_end=-26.837 dbar_end=0.717 occ_end=0.184 CSR_train=0.000 done_count=125
[upd 50] u=0 upd_ctr=4 opt_step=64 E=1.000 g=0.110 VarTD=0.133395 ret_end=-26.321 dbar_end=0.704 occ_end=0.200 CSR_train=0.000 done_count=125
[upd 60] u=0 upd_ctr=5 opt_step=80 E=0.933 g=0.116 VarTD=0.145361 ret_end=-26.252 dbar_end=0.685 occ_end=0.232 CSR_train=0.000 done_count=125
[upd 70] u=0 upd_ctr=6 opt_step=96 E=0.884 g=0.115 VarTD=0.159769 ret_end=-27.095 dbar_end=0.689 occ_end=0.168 CSR_train=0.000 done_count=125
[upd 80] u=0 upd_ctr=7 opt_step=112 E=0.845 g=0.130 VarTD=0.154987 ret_end=-25.889 dbar_end=0.651 occ_end=0.248 CSR_train=0.000 done_count=125
[upd 90] u=0 upd_ctr=8 opt_step=128 E=0.820 g=0.126 VarTD=0.146948 ret_end=-25.129 dbar_end=0.660 occ_end=0.240 CSR_train=0.000 done_count=125
[upd 100] u=0 upd_ctr=9 opt_step=144 E=0.877 g=0.137 VarTD=0.156600 ret_end=-25.334 dbar_end=0.634 occ_end=0.256 CSR_train=0.000 done_count=125
[upd 110] u=0 upd_ctr=10 opt_step=160 E=0.908 g=0.128 VarTD=0.158460 ret_end=-25.769 dbar_end=0.654 occ_end=0.216 CSR_train=0.000 done_count=125
[upd 120] u=0 upd_ctr=11 opt_step=176 E=1.000 g=0.154 VarTD=0.190552 ret_end=-25.225 dbar_end=0.595 occ_end=0.192 CSR_train=0.000 done_count=125
[Gate5 check] update_counter violations: t0=0 diffs=0
[Gate5 check] opt_step violations: t0=0 diffs=0 (expected_inc=16)
[Gate5 check] NaN masking: nan_on_skip=True finite_on_update=True
[Gate5 summary] mean_update_fraction=0.0960 final_executed_updates_mean=12.00
[Gate5 eval] done_count mean=100.0 CSR mean=0.0000 len_end_mean=26.00
[Gate5 eval] episodes_per_env=4 T_eval=104
[Gate5 eval-debug] locked_eps_occ=0.20 pre(step25): dbar_end=0.501706 occupied_end_mean=0.420000 max_tilde_end_mean=0.743089 CSR@locked=0.000000
[Gate5 eval-debug] locked_eps_occ=0.20 post(step26): dbar_end=0.506058 occupied_end_mean=0.430000 max_tilde_end_mean=0.746400 CSR@locked=0.000000
[Gate5 eval-debug] CSR_pre@0.10=0.0000 CSR_pre@0.15=0.0000 CSR_pre@0.20=0.0000 CSR_pre@0.25=0.0100 CSR_pre@0.30=0.0200
[Gate5 eval-debug] CSR_post@0.10=0.0000 CSR_post@0.15=0.0000 CSR_post@0.20=0.0000 CSR_post@0.25=0.0000 CSR_post@0.30=0.0400
