Importing submoduled environments...
Submoduled environments not found. Skipping import.
[upd 0] u=1 upd_ctr=1 opt_step=16 E=0.059 g=0.084 VarTD=0.138136 ret_end=-27.863 dbar_end=0.788 occ_end=0.160 CSR_train=0.000 done_count=100
[upd 10] u=0 upd_ctr=1 opt_step=16 E=0.679 g=0.114 VarTD=0.122236 ret_end=-25.937 dbar_end=0.692 occ_end=0.192 CSR_train=0.000 done_count=125
[upd 20] u=0 upd_ctr=2 opt_step=32 E=0.336 g=0.095 VarTD=0.155871 ret_end=-27.098 dbar_end=0.748 occ_end=0.128 CSR_train=0.000 done_count=125
[upd 30] u=0 upd_ctr=2 opt_step=32 E=1.000 g=0.117 VarTD=0.152299 ret_end=-25.246 dbar_end=0.682 occ_end=0.200 CSR_train=0.000 done_count=125
[upd 40] u=0 upd_ctr=3 opt_step=48 E=0.716 g=0.109 VarTD=0.142520 ret_end=-25.955 dbar_end=0.707 occ_end=0.192 CSR_train=0.008 done_count=125
[upd 50] u=0 upd_ctr=4 opt_step=64 E=0.470 g=0.111 VarTD=0.147747 ret_end=-26.357 dbar_end=0.699 occ_end=0.168 CSR_train=0.000 done_count=125
[upd 60] u=0 upd_ctr=5 opt_step=80 E=0.157 g=0.115 VarTD=0.169488 ret_end=-27.286 dbar_end=0.688 occ_end=0.232 CSR_train=0.000 done_count=125
[upd 70] u=0 upd_ctr=5 opt_step=80 E=0.894 g=0.099 VarTD=0.167945 ret_end=-27.221 dbar_end=0.736 occ_end=0.136 CSR_train=0.000 done_count=125
[upd 80] u=0 upd_ctr=6 opt_step=96 E=0.610 g=0.109 VarTD=0.141804 ret_end=-26.509 dbar_end=0.705 occ_end=0.144 CSR_train=0.000 done_count=125
[upd 90] u=0 upd_ctr=7 opt_step=112 E=0.331 g=0.117 VarTD=0.148960 ret_end=-25.146 dbar_end=0.684 occ_end=0.208 CSR_train=0.000 done_count=125
[upd 100] u=1 upd_ctr=8 opt_step=128 E=0.089 g=0.127 VarTD=0.134127 ret_end=-24.745 dbar_end=0.656 occ_end=0.264 CSR_train=0.000 done_count=125
[upd 110] u=0 upd_ctr=8 opt_step=128 E=0.920 g=0.119 VarTD=0.142711 ret_end=-26.567 dbar_end=0.679 occ_end=0.160 CSR_train=0.000 done_count=125
[upd 120] u=0 upd_ctr=9 opt_step=144 E=0.785 g=0.115 VarTD=0.154914 ret_end=-25.756 dbar_end=0.688 occ_end=0.168 CSR_train=0.000 done_count=125
[upd 130] u=0 upd_ctr=10 opt_step=160 E=0.609 g=0.120 VarTD=0.163540 ret_end=-26.146 dbar_end=0.676 occ_end=0.220 CSR_train=0.000 done_count=100
[upd 140] u=0 upd_ctr=11 opt_step=176 E=0.432 g=0.130 VarTD=0.213106 ret_end=-26.097 dbar_end=0.651 occ_end=0.304 CSR_train=0.000 done_count=125
[upd 150] u=0 upd_ctr=12 opt_step=192 E=0.273 g=0.125 VarTD=0.159931 ret_end=-25.373 dbar_end=0.661 occ_end=0.136 CSR_train=0.000 done_count=125
[upd 160] u=0 upd_ctr=13 opt_step=208 E=0.194 g=0.135 VarTD=0.204298 ret_end=-25.167 dbar_end=0.637 occ_end=0.208 CSR_train=0.000 done_count=125
[upd 170] u=1 upd_ctr=14 opt_step=224 E=0.091 g=0.130 VarTD=0.202668 ret_end=-24.730 dbar_end=0.650 occ_end=0.200 CSR_train=0.000 done_count=125
[upd 180] u=0 upd_ctr=14 opt_step=224 E=1.000 g=0.137 VarTD=0.230937 ret_end=-24.883 dbar_end=0.633 occ_end=0.200 CSR_train=0.000 done_count=125
[upd 190] u=0 upd_ctr=15 opt_step=240 E=1.000 g=0.147 VarTD=0.260103 ret_end=-24.969 dbar_end=0.611 occ_end=0.248 CSR_train=0.000 done_count=125
[upd 200] u=0 upd_ctr=16 opt_step=256 E=0.998 g=0.138 VarTD=0.292210 ret_end=-24.767 dbar_end=0.630 occ_end=0.328 CSR_train=0.000 done_count=125
[upd 210] u=0 upd_ctr=17 opt_step=272 E=0.914 g=0.137 VarTD=0.357535 ret_end=-25.446 dbar_end=0.633 occ_end=0.280 CSR_train=0.000 done_count=125
[upd 220] u=0 upd_ctr=18 opt_step=288 E=0.937 g=0.138 VarTD=0.417688 ret_end=-25.293 dbar_end=0.631 occ_end=0.248 CSR_train=0.000 done_count=125
[upd 230] u=0 upd_ctr=19 opt_step=304 E=0.975 g=0.159 VarTD=0.489113 ret_end=-23.855 dbar_end=0.585 occ_end=0.232 CSR_train=0.000 done_count=125
[upd 240] u=0 upd_ctr=20 opt_step=320 E=0.981 g=0.149 VarTD=0.570993 ret_end=-24.370 dbar_end=0.606 occ_end=0.240 CSR_train=0.000 done_count=125
[upd 250] u=0 upd_ctr=21 opt_step=336 E=0.981 g=0.171 VarTD=0.671907 ret_end=-24.424 dbar_end=0.563 occ_end=0.312 CSR_train=0.000 done_count=125
[upd 260] u=0 upd_ctr=22 opt_step=352 E=0.974 g=0.142 VarTD=0.634798 ret_end=-25.203 dbar_end=0.623 occ_end=0.200 CSR_train=0.010 done_count=100
[upd 270] u=0 upd_ctr=23 opt_step=368 E=0.968 g=0.159 VarTD=0.820452 ret_end=-23.716 dbar_end=0.585 occ_end=0.264 CSR_train=0.000 done_count=125
[upd 280] u=0 upd_ctr=24 opt_step=384 E=0.961 g=0.157 VarTD=0.970795 ret_end=-25.070 dbar_end=0.590 occ_end=0.344 CSR_train=0.008 done_count=125
[upd 290] u=0 upd_ctr=25 opt_step=400 E=0.966 g=0.160 VarTD=1.042778 ret_end=-23.524 dbar_end=0.584 occ_end=0.272 CSR_train=0.000 done_count=125
[upd 300] u=0 upd_ctr=26 opt_step=416 E=0.973 g=0.166 VarTD=1.196947 ret_end=-24.526 dbar_end=0.573 occ_end=0.296 CSR_train=0.000 done_count=125
[upd 310] u=0 upd_ctr=27 opt_step=432 E=1.000 g=0.155 VarTD=1.292407 ret_end=-24.014 dbar_end=0.594 occ_end=0.232 CSR_train=0.000 done_count=125
[Gate5 check] update_counter violations: t0=0 diffs=0
[Gate5 check] opt_step violations: t0=0 diffs=0 (expected_inc=16)
[Gate5 check] NaN masking: nan_on_skip=True finite_on_update=True
[Gate5 summary] mean_update_fraction=0.0897 final_executed_updates_mean=28.00
[Gate5 eval] done_count mean=100.0 CSR mean=0.0000 len_end_mean=26.00
[Gate5 eval] episodes_per_env=4 T_eval=104
[Gate5 eval-debug] locked_eps_occ=0.20 pre(step25): dbar_end=0.484359 occupied_end_mean=0.380000 max_tilde_end_mean=0.687755 CSR@locked=0.000000
[Gate5 eval-debug] locked_eps_occ=0.20 post(step26): dbar_end=0.480452 occupied_end_mean=0.400000 max_tilde_end_mean=0.675999 CSR@locked=0.000000
[Gate5 eval-debug] CSR_pre@0.10=0.0000 CSR_pre@0.15=0.0000 CSR_pre@0.20=0.0000 CSR_pre@0.25=0.0000 CSR_pre@0.30=0.0200
[Gate5 eval-debug] CSR_post@0.10=0.0000 CSR_post@0.15=0.0000 CSR_post@0.20=0.0000 CSR_post@0.25=0.0000 CSR_post@0.30=0.0500
