Importing submoduled environments...
Submoduled environments not found. Skipping import.
[upd 0] u=1 upd_ctr=1 opt_step=16 E=0.258 g=0.096 VarTD=0.159541 ret_end=-27.424 dbar_end=0.745 occ_end=0.200 CSR_train=0.000 done_count=100
[upd 10] u=0 upd_ctr=1 opt_step=16 E=0.797 g=0.095 VarTD=0.132747 ret_end=-26.853 dbar_end=0.750 occ_end=0.208 CSR_train=0.000 done_count=125
[upd 20] u=0 upd_ctr=2 opt_step=32 E=0.590 g=0.104 VarTD=0.165723 ret_end=-26.202 dbar_end=0.719 occ_end=0.136 CSR_train=0.000 done_count=125
[upd 30] u=0 upd_ctr=3 opt_step=48 E=0.386 g=0.097 VarTD=0.153362 ret_end=-27.317 dbar_end=0.743 occ_end=0.152 CSR_train=0.000 done_count=125
[upd 40] u=0 upd_ctr=4 opt_step=64 E=0.171 g=0.104 VarTD=0.152668 ret_end=-26.961 dbar_end=0.720 occ_end=0.160 CSR_train=0.000 done_count=125
[upd 50] u=0 upd_ctr=4 opt_step=64 E=0.784 g=0.111 VarTD=0.156315 ret_end=-26.708 dbar_end=0.700 occ_end=0.216 CSR_train=0.000 done_count=125
[upd 60] u=0 upd_ctr=5 opt_step=80 E=0.628 g=0.111 VarTD=0.157700 ret_end=-26.288 dbar_end=0.701 occ_end=0.176 CSR_train=0.000 done_count=125
[upd 70] u=0 upd_ctr=6 opt_step=96 E=0.493 g=0.107 VarTD=0.161220 ret_end=-27.019 dbar_end=0.711 occ_end=0.144 CSR_train=0.000 done_count=125
[upd 80] u=0 upd_ctr=7 opt_step=112 E=0.414 g=0.123 VarTD=0.145493 ret_end=-25.789 dbar_end=0.667 occ_end=0.224 CSR_train=0.000 done_count=125
[upd 90] u=0 upd_ctr=8 opt_step=128 E=0.327 g=0.130 VarTD=0.136800 ret_end=-25.798 dbar_end=0.650 occ_end=0.232 CSR_train=0.000 done_count=125
[upd 100] u=0 upd_ctr=9 opt_step=144 E=0.268 g=0.136 VarTD=0.136774 ret_end=-25.141 dbar_end=0.635 occ_end=0.208 CSR_train=0.000 done_count=125
[upd 110] u=0 upd_ctr=10 opt_step=160 E=0.257 g=0.139 VarTD=0.144644 ret_end=-24.879 dbar_end=0.628 occ_end=0.216 CSR_train=0.000 done_count=125
[upd 120] u=0 upd_ctr=11 opt_step=176 E=0.264 g=0.119 VarTD=0.170436 ret_end=-26.129 dbar_end=0.678 occ_end=0.176 CSR_train=0.008 done_count=125
[Gate5 check] update_counter violations: t0=0 diffs=0
[Gate5 check] opt_step violations: t0=0 diffs=0 (expected_inc=16)
[Gate5 check] NaN masking: nan_on_skip=True finite_on_update=True
[Gate5 summary] mean_update_fraction=0.0880 final_executed_updates_mean=11.00
[Gate5 eval] done_count mean=100.0 CSR mean=0.0000 len_end_mean=26.00
[Gate5 eval] episodes_per_env=4 T_eval=104
[Gate5 eval-debug] locked_eps_occ=0.20 pre(step25): dbar_end=0.459638 occupied_end_mean=0.390000 max_tilde_end_mean=0.655235 CSR@locked=0.000000
[Gate5 eval-debug] locked_eps_occ=0.20 post(step26): dbar_end=0.458009 occupied_end_mean=0.420000 max_tilde_end_mean=0.644691 CSR@locked=0.000000
[Gate5 eval-debug] CSR_pre@0.10=0.0000 CSR_pre@0.15=0.0000 CSR_pre@0.20=0.0000 CSR_pre@0.25=0.0100 CSR_pre@0.30=0.0200
[Gate5 eval-debug] CSR_post@0.10=0.0000 CSR_post@0.15=0.0000 CSR_post@0.20=0.0000 CSR_post@0.25=0.0200 CSR_post@0.30=0.0600
