Importing submoduled environments...
Submoduled environments not found. Skipping import.
[upd 0] u=1 upd_ctr=1 opt_step=16 E=0.648 g=0.096 VarTD=0.198978 ret_end=-28.258 dbar_end=0.747 occ_end=0.170 CSR_train=0.000 done_count=100
[upd 10] u=0 upd_ctr=3 opt_step=48 E=0.328 g=0.098 VarTD=0.157547 ret_end=-27.069 dbar_end=0.741 occ_end=0.112 CSR_train=0.000 done_count=125
[upd 20] u=0 upd_ctr=4 opt_step=64 E=0.415 g=0.096 VarTD=0.163488 ret_end=-27.227 dbar_end=0.747 occ_end=0.096 CSR_train=0.000 done_count=125
[upd 30] u=0 upd_ctr=6 opt_step=96 E=0.142 g=0.101 VarTD=0.148282 ret_end=-27.064 dbar_end=0.731 occ_end=0.200 CSR_train=0.000 done_count=125
[upd 40] u=0 upd_ctr=7 opt_step=112 E=0.301 g=0.116 VarTD=0.130731 ret_end=-26.382 dbar_end=0.685 occ_end=0.144 CSR_train=0.000 done_count=125
[upd 50] u=1 upd_ctr=9 opt_step=144 E=0.095 g=0.129 VarTD=0.148877 ret_end=-25.971 dbar_end=0.653 occ_end=0.224 CSR_train=0.000 done_count=125
[upd 60] u=0 upd_ctr=10 opt_step=160 E=0.315 g=0.125 VarTD=0.151316 ret_end=-25.130 dbar_end=0.663 occ_end=0.160 CSR_train=0.000 done_count=125
[upd 70] u=0 upd_ctr=12 opt_step=192 E=0.191 g=0.159 VarTD=0.181665 ret_end=-24.296 dbar_end=0.587 occ_end=0.296 CSR_train=0.000 done_count=125
[upd 80] u=0 upd_ctr=13 opt_step=208 E=0.444 g=0.144 VarTD=0.210578 ret_end=-24.589 dbar_end=0.618 occ_end=0.264 CSR_train=0.008 done_count=125
[upd 90] u=0 upd_ctr=15 opt_step=240 E=0.322 g=0.123 VarTD=0.269910 ret_end=-26.377 dbar_end=0.666 occ_end=0.176 CSR_train=0.000 done_count=125
[upd 100] u=0 upd_ctr=17 opt_step=272 E=0.241 g=0.140 VarTD=0.324956 ret_end=-25.064 dbar_end=0.626 occ_end=0.184 CSR_train=0.000 done_count=125
[upd 110] u=0 upd_ctr=19 opt_step=304 E=0.140 g=0.133 VarTD=0.437008 ret_end=-26.006 dbar_end=0.643 occ_end=0.256 CSR_train=0.000 done_count=125
[upd 120] u=1 upd_ctr=21 opt_step=336 E=0.093 g=0.158 VarTD=0.506581 ret_end=-24.627 dbar_end=0.589 occ_end=0.288 CSR_train=0.000 done_count=125
[Gate5 check] update_counter violations: t0=0 diffs=0
[Gate5 check] opt_step violations: t0=0 diffs=0 (expected_inc=16)
[Gate5 check] NaN masking: nan_on_skip=True finite_on_update=True
[Gate5 summary] mean_update_fraction=0.1680 final_executed_updates_mean=21.00
[Gate5 eval] done_count mean=100.0 CSR mean=0.0000 len_end_mean=26.00
[Gate5 eval] episodes_per_env=4 T_eval=104
[Gate5 eval-debug] locked_eps_occ=0.20 pre(step25): dbar_end=0.549834 occupied_end_mean=0.270000 max_tilde_end_mean=0.812106 CSR@locked=0.000000
[Gate5 eval-debug] locked_eps_occ=0.20 post(step26): dbar_end=0.550737 occupied_end_mean=0.230000 max_tilde_end_mean=0.802643 CSR@locked=0.000000
[Gate5 eval-debug] CSR_pre@0.10=0.0000 CSR_pre@0.15=0.0000 CSR_pre@0.20=0.0000 CSR_pre@0.25=0.0000 CSR_pre@0.30=0.0200
[Gate5 eval-debug] CSR_post@0.10=0.0000 CSR_post@0.15=0.0000 CSR_post@0.20=0.0000 CSR_post@0.25=0.0100 CSR_post@0.30=0.0100
