Importing submoduled environments...
Submoduled environments not found. Skipping import.
[upd 0] u=1 upd_ctr=1 opt_step=16 E=0.900 g=0.086 VarTD=0.176520 ret_end=-28.138 dbar_end=0.781 occ_end=0.160 CSR_train=0.000 done_count=100
[upd 10] u=0 upd_ctr=9 opt_step=144 E=0.100 g=0.115 VarTD=0.139034 ret_end=-26.061 dbar_end=0.688 occ_end=0.152 CSR_train=0.000 done_count=125
[upd 20] u=0 upd_ctr=9 opt_step=144 E=0.100 g=0.136 VarTD=0.159157 ret_end=-25.729 dbar_end=0.635 occ_end=0.224 CSR_train=0.000 done_count=125
[upd 30] u=0 upd_ctr=9 opt_step=144 E=0.100 g=0.124 VarTD=0.153241 ret_end=-25.019 dbar_end=0.666 occ_end=0.168 CSR_train=0.000 done_count=125
[upd 40] u=0 upd_ctr=9 opt_step=144 E=0.100 g=0.126 VarTD=0.155021 ret_end=-25.502 dbar_end=0.661 occ_end=0.176 CSR_train=0.000 done_count=125
[upd 50] u=0 upd_ctr=9 opt_step=144 E=0.100 g=0.127 VarTD=0.160249 ret_end=-25.536 dbar_end=0.658 occ_end=0.296 CSR_train=0.000 done_count=125
[upd 60] u=0 upd_ctr=9 opt_step=144 E=0.100 g=0.123 VarTD=0.157357 ret_end=-25.431 dbar_end=0.669 occ_end=0.168 CSR_train=0.000 done_count=125
[upd 70] u=0 upd_ctr=9 opt_step=144 E=0.100 g=0.127 VarTD=0.163815 ret_end=-25.748 dbar_end=0.656 occ_end=0.184 CSR_train=0.000 done_count=125
[upd 80] u=0 upd_ctr=9 opt_step=144 E=0.100 g=0.142 VarTD=0.166528 ret_end=-24.730 dbar_end=0.622 occ_end=0.256 CSR_train=0.000 done_count=125
[upd 90] u=0 upd_ctr=9 opt_step=144 E=0.100 g=0.128 VarTD=0.178535 ret_end=-25.699 dbar_end=0.655 occ_end=0.176 CSR_train=0.000 done_count=125
[upd 100] u=0 upd_ctr=9 opt_step=144 E=0.100 g=0.110 VarTD=0.181082 ret_end=-26.164 dbar_end=0.704 occ_end=0.200 CSR_train=0.000 done_count=125
[upd 110] u=0 upd_ctr=9 opt_step=144 E=0.100 g=0.136 VarTD=0.162706 ret_end=-25.158 dbar_end=0.636 occ_end=0.272 CSR_train=0.000 done_count=125
[upd 120] u=0 upd_ctr=9 opt_step=144 E=0.100 g=0.129 VarTD=0.174626 ret_end=-26.002 dbar_end=0.652 occ_end=0.240 CSR_train=0.000 done_count=125
[Gate5 check] update_counter violations: t0=0 diffs=0
[Gate5 check] opt_step violations: t0=0 diffs=0 (expected_inc=16)
[Gate5 check] NaN masking: nan_on_skip=True finite_on_update=True
[Gate5 summary] mean_update_fraction=0.0720 final_executed_updates_mean=9.00
[Gate5 eval] done_count mean=100.0 CSR mean=0.0000 len_end_mean=26.00
[Gate5 eval] episodes_per_env=4 T_eval=104
[Gate5 eval-debug] locked_eps_occ=0.20 pre(step25): dbar_end=0.503410 occupied_end_mean=0.430000 max_tilde_end_mean=0.736600 CSR@locked=0.000000
[Gate5 eval-debug] locked_eps_occ=0.20 post(step26): dbar_end=0.508077 occupied_end_mean=0.410000 max_tilde_end_mean=0.733323 CSR@locked=0.000000
[Gate5 eval-debug] CSR_pre@0.10=0.0000 CSR_pre@0.15=0.0000 CSR_pre@0.20=0.0000 CSR_pre@0.25=0.0000 CSR_pre@0.30=0.0200
[Gate5 eval-debug] CSR_post@0.10=0.0000 CSR_post@0.15=0.0000 CSR_post@0.20=0.0000 CSR_post@0.25=0.0100 CSR_post@0.30=0.0400
