Importing submoduled environments...
Submoduled environments not found. Skipping import.
[upd 0] u=1 upd_ctr=1 opt_step=16 E=0.119 g=0.093 VarTD=0.145852 ret_end=-27.154 dbar_end=0.757 occ_end=0.170 CSR_train=0.000 done_count=100
[upd 10] u=0 upd_ctr=1 opt_step=16 E=0.304 g=0.084 VarTD=0.153180 ret_end=-27.639 dbar_end=0.787 occ_end=0.144 CSR_train=0.008 done_count=125
[upd 20] u=0 upd_ctr=1 opt_step=16 E=0.492 g=0.095 VarTD=0.155754 ret_end=-27.101 dbar_end=0.751 occ_end=0.208 CSR_train=0.000 done_count=125
[upd 30] u=0 upd_ctr=1 opt_step=16 E=0.672 g=0.089 VarTD=0.148881 ret_end=-27.244 dbar_end=0.771 occ_end=0.120 CSR_train=0.000 done_count=125
[upd 40] u=0 upd_ctr=1 opt_step=16 E=0.862 g=0.083 VarTD=0.168381 ret_end=-28.086 dbar_end=0.793 occ_end=0.112 CSR_train=0.000 done_count=125
[upd 50] u=0 upd_ctr=2 opt_step=32 E=0.153 g=0.102 VarTD=0.166182 ret_end=-26.952 dbar_end=0.726 occ_end=0.176 CSR_train=0.000 done_count=125
[upd 60] u=0 upd_ctr=2 opt_step=32 E=0.349 g=0.100 VarTD=0.151265 ret_end=-26.466 dbar_end=0.734 occ_end=0.176 CSR_train=0.000 done_count=125
[upd 70] u=0 upd_ctr=2 opt_step=32 E=0.542 g=0.090 VarTD=0.169557 ret_end=-28.186 dbar_end=0.765 occ_end=0.120 CSR_train=0.000 done_count=125
[upd 80] u=0 upd_ctr=2 opt_step=32 E=0.732 g=0.090 VarTD=0.150756 ret_end=-27.439 dbar_end=0.766 occ_end=0.184 CSR_train=0.000 done_count=125
[upd 90] u=0 upd_ctr=2 opt_step=32 E=0.919 g=0.096 VarTD=0.144922 ret_end=-27.406 dbar_end=0.746 occ_end=0.176 CSR_train=0.000 done_count=125
[upd 100] u=0 upd_ctr=3 opt_step=48 E=0.217 g=0.111 VarTD=0.122129 ret_end=-26.123 dbar_end=0.699 occ_end=0.144 CSR_train=0.000 done_count=125
[upd 110] u=0 upd_ctr=3 opt_step=48 E=0.410 g=0.097 VarTD=0.156834 ret_end=-26.512 dbar_end=0.742 occ_end=0.144 CSR_train=0.000 done_count=125
[upd 120] u=0 upd_ctr=3 opt_step=48 E=0.602 g=0.090 VarTD=0.141410 ret_end=-27.309 dbar_end=0.766 occ_end=0.144 CSR_train=0.000 done_count=125
[upd 130] u=0 upd_ctr=3 opt_step=48 E=0.809 g=0.115 VarTD=0.141890 ret_end=-25.785 dbar_end=0.689 occ_end=0.240 CSR_train=0.000 done_count=100
[upd 140] u=0 upd_ctr=4 opt_step=64 E=0.109 g=0.105 VarTD=0.138293 ret_end=-26.444 dbar_end=0.717 occ_end=0.248 CSR_train=0.000 done_count=125
[upd 150] u=0 upd_ctr=4 opt_step=64 E=0.322 g=0.119 VarTD=0.134876 ret_end=-26.058 dbar_end=0.677 occ_end=0.176 CSR_train=0.000 done_count=125
[upd 160] u=0 upd_ctr=4 opt_step=64 E=0.529 g=0.111 VarTD=0.141302 ret_end=-25.954 dbar_end=0.701 occ_end=0.208 CSR_train=0.000 done_count=125
[upd 170] u=0 upd_ctr=4 opt_step=64 E=0.744 g=0.110 VarTD=0.127760 ret_end=-25.996 dbar_end=0.703 occ_end=0.168 CSR_train=0.000 done_count=125
[upd 180] u=0 upd_ctr=5 opt_step=80 E=0.059 g=0.107 VarTD=0.140817 ret_end=-26.564 dbar_end=0.712 occ_end=0.152 CSR_train=0.000 done_count=125
[upd 190] u=0 upd_ctr=5 opt_step=80 E=0.276 g=0.112 VarTD=0.155385 ret_end=-26.244 dbar_end=0.698 occ_end=0.176 CSR_train=0.000 done_count=125
[upd 200] u=0 upd_ctr=5 opt_step=80 E=0.487 g=0.108 VarTD=0.130249 ret_end=-27.128 dbar_end=0.709 occ_end=0.144 CSR_train=0.000 done_count=125
[upd 210] u=0 upd_ctr=5 opt_step=80 E=0.716 g=0.105 VarTD=0.146417 ret_end=-27.193 dbar_end=0.719 occ_end=0.224 CSR_train=0.000 done_count=125
[upd 220] u=1 upd_ctr=6 opt_step=96 E=0.036 g=0.106 VarTD=0.149107 ret_end=-26.993 dbar_end=0.715 occ_end=0.176 CSR_train=0.000 done_count=125
[upd 230] u=0 upd_ctr=6 opt_step=96 E=0.267 g=0.119 VarTD=0.151334 ret_end=-26.471 dbar_end=0.677 occ_end=0.208 CSR_train=0.000 done_count=125
[upd 240] u=0 upd_ctr=6 opt_step=96 E=0.490 g=0.105 VarTD=0.136178 ret_end=-27.716 dbar_end=0.718 occ_end=0.192 CSR_train=0.000 done_count=125
[upd 250] u=0 upd_ctr=6 opt_step=96 E=0.714 g=0.112 VarTD=0.138957 ret_end=-27.233 dbar_end=0.697 occ_end=0.240 CSR_train=0.000 done_count=125
[upd 260] u=1 upd_ctr=7 opt_step=112 E=0.038 g=0.101 VarTD=0.153212 ret_end=-27.407 dbar_end=0.732 occ_end=0.080 CSR_train=0.000 done_count=100
[upd 270] u=0 upd_ctr=7 opt_step=112 E=0.262 g=0.108 VarTD=0.152870 ret_end=-27.331 dbar_end=0.708 occ_end=0.184 CSR_train=0.000 done_count=125
[upd 280] u=0 upd_ctr=7 opt_step=112 E=0.496 g=0.130 VarTD=0.125645 ret_end=-25.384 dbar_end=0.651 occ_end=0.224 CSR_train=0.000 done_count=125
[upd 290] u=0 upd_ctr=7 opt_step=112 E=0.720 g=0.110 VarTD=0.133666 ret_end=-26.152 dbar_end=0.703 occ_end=0.168 CSR_train=0.000 done_count=125
[upd 300] u=0 upd_ctr=8 opt_step=128 E=0.052 g=0.129 VarTD=0.140214 ret_end=-25.095 dbar_end=0.653 occ_end=0.264 CSR_train=0.000 done_count=125
[upd 310] u=0 upd_ctr=8 opt_step=128 E=0.281 g=0.109 VarTD=0.165404 ret_end=-26.308 dbar_end=0.705 occ_end=0.160 CSR_train=0.000 done_count=125
[Gate5 check] update_counter violations: t0=0 diffs=0
[Gate5 check] opt_step violations: t0=0 diffs=0 (expected_inc=16)
[Gate5 check] NaN masking: nan_on_skip=True finite_on_update=True
[Gate5 summary] mean_update_fraction=0.0256 final_executed_updates_mean=8.00
[Gate5 eval] done_count mean=100.0 CSR mean=0.0000 len_end_mean=26.00
[Gate5 eval] episodes_per_env=4 T_eval=104
[Gate5 eval-debug] locked_eps_occ=0.20 pre(step25): dbar_end=0.485893 occupied_end_mean=0.450000 max_tilde_end_mean=0.697757 CSR@locked=0.010000
[Gate5 eval-debug] locked_eps_occ=0.20 post(step26): dbar_end=0.488422 occupied_end_mean=0.420000 max_tilde_end_mean=0.699072 CSR@locked=0.000000
[Gate5 eval-debug] CSR_pre@0.10=0.0000 CSR_pre@0.15=0.0000 CSR_pre@0.20=0.0100 CSR_pre@0.25=0.0100 CSR_pre@0.30=0.0200
[Gate5 eval-debug] CSR_post@0.10=0.0000 CSR_post@0.15=0.0000 CSR_post@0.20=0.0000 CSR_post@0.25=0.0000 CSR_post@0.30=0.0200
