Importing submoduled environments...
Submoduled environments not found. Skipping import.
[upd 0] u=1 upd_ctr=1 opt_step=16 E=0.084 g=0.093 VarTD=0.149936 ret_end=-27.435 dbar_end=0.756 occ_end=0.150 CSR_train=0.000 done_count=100
[upd 10] u=0 upd_ctr=1 opt_step=16 E=0.928 g=0.100 VarTD=0.132044 ret_end=-26.929 dbar_end=0.734 occ_end=0.192 CSR_train=0.000 done_count=125
[upd 20] u=0 upd_ctr=2 opt_step=32 E=0.857 g=0.112 VarTD=0.153178 ret_end=-25.769 dbar_end=0.696 occ_end=0.200 CSR_train=0.000 done_count=125
[upd 30] u=0 upd_ctr=3 opt_step=48 E=0.703 g=0.089 VarTD=0.167457 ret_end=-27.634 dbar_end=0.770 occ_end=0.128 CSR_train=0.008 done_count=125
[upd 40] u=0 upd_ctr=4 opt_step=64 E=0.551 g=0.102 VarTD=0.135818 ret_end=-26.742 dbar_end=0.728 occ_end=0.160 CSR_train=0.000 done_count=125
[upd 50] u=0 upd_ctr=5 opt_step=80 E=0.480 g=0.106 VarTD=0.129361 ret_end=-25.837 dbar_end=0.715 occ_end=0.168 CSR_train=0.000 done_count=125
[upd 60] u=0 upd_ctr=6 opt_step=96 E=0.409 g=0.119 VarTD=0.137228 ret_end=-26.317 dbar_end=0.678 occ_end=0.128 CSR_train=0.000 done_count=125
[upd 70] u=0 upd_ctr=7 opt_step=112 E=0.418 g=0.126 VarTD=0.133638 ret_end=-25.936 dbar_end=0.661 occ_end=0.232 CSR_train=0.000 done_count=125
[upd 80] u=0 upd_ctr=8 opt_step=128 E=0.462 g=0.119 VarTD=0.138657 ret_end=-25.483 dbar_end=0.677 occ_end=0.224 CSR_train=0.000 done_count=125
[upd 90] u=0 upd_ctr=9 opt_step=144 E=0.547 g=0.123 VarTD=0.142676 ret_end=-25.904 dbar_end=0.668 occ_end=0.152 CSR_train=0.000 done_count=125
[upd 100] u=0 upd_ctr=10 opt_step=160 E=0.636 g=0.130 VarTD=0.176973 ret_end=-24.703 dbar_end=0.649 occ_end=0.216 CSR_train=0.000 done_count=125
[upd 110] u=0 upd_ctr=11 opt_step=176 E=0.679 g=0.116 VarTD=0.180994 ret_end=-26.213 dbar_end=0.685 occ_end=0.184 CSR_train=0.008 done_count=125
[upd 120] u=0 upd_ctr=12 opt_step=192 E=0.825 g=0.132 VarTD=0.201101 ret_end=-24.744 dbar_end=0.644 occ_end=0.176 CSR_train=0.000 done_count=125
[Gate5 check] update_counter violations: t0=0 diffs=0
[Gate5 check] opt_step violations: t0=0 diffs=0 (expected_inc=16)
[Gate5 check] NaN masking: nan_on_skip=True finite_on_update=True
[Gate5 summary] mean_update_fraction=0.1040 final_executed_updates_mean=13.00
[Gate5 eval] done_count mean=100.0 CSR mean=0.0000 len_end_mean=26.00
[Gate5 eval] episodes_per_env=4 T_eval=104
[Gate5 eval-debug] locked_eps_occ=0.20 pre(step25): dbar_end=0.512268 occupied_end_mean=0.300000 max_tilde_end_mean=0.714515 CSR@locked=0.000000
[Gate5 eval-debug] locked_eps_occ=0.20 post(step26): dbar_end=0.513887 occupied_end_mean=0.330000 max_tilde_end_mean=0.718120 CSR@locked=0.000000
[Gate5 eval-debug] CSR_pre@0.10=0.0000 CSR_pre@0.15=0.0000 CSR_pre@0.20=0.0000 CSR_pre@0.25=0.0000 CSR_pre@0.30=0.0000
[Gate5 eval-debug] CSR_post@0.10=0.0000 CSR_post@0.15=0.0000 CSR_post@0.20=0.0000 CSR_post@0.25=0.0000 CSR_post@0.30=0.0200
