Importing submoduled environments...
Submoduled environments not found. Skipping import.
[upd 0] u=1 upd_ctr=1 opt_step=16 E=0.084 g=0.084 VarTD=0.159484 ret_end=-27.958 dbar_end=0.788 occ_end=0.180 CSR_train=0.000 done_count=100
[upd 10] u=0 upd_ctr=1 opt_step=16 E=0.455 g=0.095 VarTD=0.154696 ret_end=-26.642 dbar_end=0.751 occ_end=0.136 CSR_train=0.000 done_count=125
[upd 20] u=0 upd_ctr=1 opt_step=16 E=0.821 g=0.095 VarTD=0.129269 ret_end=-26.530 dbar_end=0.751 occ_end=0.184 CSR_train=0.000 done_count=125
[upd 30] u=0 upd_ctr=2 opt_step=32 E=0.246 g=0.100 VarTD=0.160484 ret_end=-26.829 dbar_end=0.735 occ_end=0.168 CSR_train=0.000 done_count=125
[upd 40] u=0 upd_ctr=2 opt_step=32 E=0.631 g=0.100 VarTD=0.145820 ret_end=-27.222 dbar_end=0.735 occ_end=0.256 CSR_train=0.000 done_count=125
[upd 50] u=0 upd_ctr=3 opt_step=48 E=0.091 g=0.101 VarTD=0.132165 ret_end=-26.934 dbar_end=0.732 occ_end=0.128 CSR_train=0.000 done_count=125
[upd 60] u=0 upd_ctr=3 opt_step=48 E=0.505 g=0.101 VarTD=0.138016 ret_end=-27.302 dbar_end=0.729 occ_end=0.152 CSR_train=0.000 done_count=125
[upd 70] u=0 upd_ctr=3 opt_step=48 E=0.907 g=0.097 VarTD=0.169057 ret_end=-27.409 dbar_end=0.742 occ_end=0.168 CSR_train=0.000 done_count=125
[upd 80] u=0 upd_ctr=4 opt_step=64 E=0.384 g=0.117 VarTD=0.123453 ret_end=-25.760 dbar_end=0.683 occ_end=0.160 CSR_train=0.000 done_count=125
[upd 90] u=0 upd_ctr=4 opt_step=64 E=0.815 g=0.109 VarTD=0.134486 ret_end=-26.640 dbar_end=0.707 occ_end=0.168 CSR_train=0.000 done_count=125
[upd 100] u=0 upd_ctr=5 opt_step=80 E=0.310 g=0.126 VarTD=0.113599 ret_end=-25.082 dbar_end=0.659 occ_end=0.272 CSR_train=0.000 done_count=125
[upd 110] u=0 upd_ctr=5 opt_step=80 E=0.756 g=0.126 VarTD=0.135635 ret_end=-25.456 dbar_end=0.660 occ_end=0.208 CSR_train=0.000 done_count=125
[upd 120] u=0 upd_ctr=6 opt_step=96 E=0.248 g=0.124 VarTD=0.130928 ret_end=-25.342 dbar_end=0.666 occ_end=0.168 CSR_train=0.000 done_count=125
[upd 130] u=0 upd_ctr=6 opt_step=96 E=0.706 g=0.119 VarTD=0.132487 ret_end=-26.209 dbar_end=0.677 occ_end=0.200 CSR_train=0.000 done_count=100
[upd 140] u=0 upd_ctr=7 opt_step=112 E=0.209 g=0.120 VarTD=0.146288 ret_end=-25.943 dbar_end=0.675 occ_end=0.176 CSR_train=0.000 done_count=125
[upd 150] u=0 upd_ctr=7 opt_step=112 E=0.672 g=0.117 VarTD=0.149179 ret_end=-26.276 dbar_end=0.682 occ_end=0.208 CSR_train=0.000 done_count=125
[upd 160] u=0 upd_ctr=8 opt_step=128 E=0.214 g=0.119 VarTD=0.129615 ret_end=-24.451 dbar_end=0.677 occ_end=0.160 CSR_train=0.000 done_count=125
[upd 170] u=0 upd_ctr=8 opt_step=128 E=0.686 g=0.105 VarTD=0.152239 ret_end=-26.944 dbar_end=0.718 occ_end=0.168 CSR_train=0.000 done_count=125
[upd 180] u=0 upd_ctr=9 opt_step=144 E=0.204 g=0.121 VarTD=0.170055 ret_end=-25.332 dbar_end=0.674 occ_end=0.216 CSR_train=0.000 done_count=125
[upd 190] u=0 upd_ctr=9 opt_step=144 E=0.681 g=0.117 VarTD=0.162579 ret_end=-26.340 dbar_end=0.682 occ_end=0.216 CSR_train=0.008 done_count=125
[upd 200] u=0 upd_ctr=10 opt_step=160 E=0.221 g=0.137 VarTD=0.163983 ret_end=-24.325 dbar_end=0.633 occ_end=0.168 CSR_train=0.000 done_count=125
[upd 210] u=0 upd_ctr=10 opt_step=160 E=0.718 g=0.132 VarTD=0.169061 ret_end=-25.172 dbar_end=0.645 occ_end=0.176 CSR_train=0.000 done_count=125
[upd 220] u=0 upd_ctr=11 opt_step=176 E=0.280 g=0.140 VarTD=0.162075 ret_end=-24.655 dbar_end=0.626 occ_end=0.216 CSR_train=0.000 done_count=125
[upd 230] u=0 upd_ctr=11 opt_step=176 E=0.787 g=0.105 VarTD=0.209811 ret_end=-27.120 dbar_end=0.717 occ_end=0.152 CSR_train=0.000 done_count=125
[upd 240] u=0 upd_ctr=12 opt_step=192 E=0.371 g=0.144 VarTD=0.185047 ret_end=-24.892 dbar_end=0.618 occ_end=0.272 CSR_train=0.000 done_count=125
[upd 250] u=0 upd_ctr=12 opt_step=192 E=0.891 g=0.127 VarTD=0.217220 ret_end=-25.624 dbar_end=0.657 occ_end=0.248 CSR_train=0.000 done_count=125
[upd 260] u=0 upd_ctr=13 opt_step=208 E=0.486 g=0.134 VarTD=0.200046 ret_end=-25.678 dbar_end=0.641 occ_end=0.220 CSR_train=0.000 done_count=100
[upd 270] u=1 upd_ctr=14 opt_step=224 E=0.084 g=0.138 VarTD=0.231622 ret_end=-25.014 dbar_end=0.630 occ_end=0.248 CSR_train=0.000 done_count=125
[upd 280] u=0 upd_ctr=14 opt_step=224 E=0.646 g=0.145 VarTD=0.262641 ret_end=-24.904 dbar_end=0.614 occ_end=0.280 CSR_train=0.000 done_count=125
[upd 290] u=0 upd_ctr=15 opt_step=240 E=0.275 g=0.140 VarTD=0.276736 ret_end=-25.207 dbar_end=0.626 occ_end=0.256 CSR_train=0.000 done_count=125
[upd 300] u=0 upd_ctr=15 opt_step=240 E=0.844 g=0.136 VarTD=0.286052 ret_end=-25.686 dbar_end=0.634 occ_end=0.280 CSR_train=0.000 done_count=125
[upd 310] u=0 upd_ctr=16 opt_step=256 E=0.501 g=0.149 VarTD=0.325317 ret_end=-24.715 dbar_end=0.606 occ_end=0.264 CSR_train=0.000 done_count=125
[Gate5 check] update_counter violations: t0=0 diffs=0
[Gate5 check] opt_step violations: t0=0 diffs=0 (expected_inc=16)
[Gate5 check] NaN masking: nan_on_skip=True finite_on_update=True
[Gate5 summary] mean_update_fraction=0.0513 final_executed_updates_mean=16.00
[Gate5 eval] done_count mean=100.0 CSR mean=0.0000 len_end_mean=26.00
[Gate5 eval] episodes_per_env=4 T_eval=104
[Gate5 eval-debug] locked_eps_occ=0.20 pre(step25): dbar_end=0.499990 occupied_end_mean=0.380000 max_tilde_end_mean=0.705708 CSR@locked=0.000000
[Gate5 eval-debug] locked_eps_occ=0.20 post(step26): dbar_end=0.498278 occupied_end_mean=0.360000 max_tilde_end_mean=0.700552 CSR@locked=0.000000
[Gate5 eval-debug] CSR_pre@0.10=0.0000 CSR_pre@0.15=0.0000 CSR_pre@0.20=0.0000 CSR_pre@0.25=0.0000 CSR_pre@0.30=0.0200
[Gate5 eval-debug] CSR_post@0.10=0.0000 CSR_post@0.15=0.0000 CSR_post@0.20=0.0000 CSR_post@0.25=0.0000 CSR_post@0.30=0.0200
