Importing submoduled environments...
Submoduled environments not found. Skipping import.
[upd 0] u=1 upd_ctr=1 opt_step=16 E=0.175 g=0.083 VarTD=0.159821 ret_end=-27.605 dbar_end=0.794 occ_end=0.110 CSR_train=0.000 done_count=100
[upd 10] u=1 upd_ctr=2 opt_step=32 E=0.081 g=0.089 VarTD=0.166459 ret_end=-27.505 dbar_end=0.772 occ_end=0.192 CSR_train=0.000 done_count=125
[upd 20] u=0 upd_ctr=2 opt_step=32 E=0.919 g=0.095 VarTD=0.165107 ret_end=-27.001 dbar_end=0.748 occ_end=0.160 CSR_train=0.000 done_count=125
[upd 30] u=0 upd_ctr=3 opt_step=48 E=0.901 g=0.110 VarTD=0.158294 ret_end=-26.200 dbar_end=0.704 occ_end=0.240 CSR_train=0.000 done_count=125
[upd 40] u=0 upd_ctr=4 opt_step=64 E=0.908 g=0.108 VarTD=0.143540 ret_end=-26.896 dbar_end=0.710 occ_end=0.216 CSR_train=0.008 done_count=125
[upd 50] u=1 upd_ctr=6 opt_step=96 E=0.126 g=0.103 VarTD=0.146154 ret_end=-27.173 dbar_end=0.723 occ_end=0.152 CSR_train=0.000 done_count=125
[upd 60] u=0 upd_ctr=7 opt_step=112 E=0.214 g=0.105 VarTD=0.153314 ret_end=-26.808 dbar_end=0.718 occ_end=0.176 CSR_train=0.000 done_count=125
[upd 70] u=0 upd_ctr=8 opt_step=128 E=0.346 g=0.116 VarTD=0.155361 ret_end=-25.937 dbar_end=0.685 occ_end=0.216 CSR_train=0.000 done_count=125
[upd 80] u=0 upd_ctr=9 opt_step=144 E=0.549 g=0.116 VarTD=0.164801 ret_end=-26.196 dbar_end=0.685 occ_end=0.216 CSR_train=0.000 done_count=125
[upd 90] u=0 upd_ctr=10 opt_step=160 E=0.765 g=0.133 VarTD=0.190922 ret_end=-25.959 dbar_end=0.642 occ_end=0.200 CSR_train=0.000 done_count=125
[upd 100] u=0 upd_ctr=11 opt_step=176 E=1.000 g=0.120 VarTD=0.188655 ret_end=-26.709 dbar_end=0.675 occ_end=0.200 CSR_train=0.000 done_count=125
[upd 110] u=0 upd_ctr=13 opt_step=208 E=0.340 g=0.129 VarTD=0.224157 ret_end=-25.021 dbar_end=0.651 occ_end=0.176 CSR_train=0.000 done_count=125
[upd 120] u=0 upd_ctr=14 opt_step=224 E=0.645 g=0.144 VarTD=0.240083 ret_end=-24.646 dbar_end=0.617 occ_end=0.224 CSR_train=0.000 done_count=125
[upd 130] u=0 upd_ctr=15 opt_step=240 E=1.000 g=0.146 VarTD=0.276111 ret_end=-25.228 dbar_end=0.614 occ_end=0.190 CSR_train=0.000 done_count=100
[upd 140] u=0 upd_ctr=17 opt_step=272 E=0.469 g=0.147 VarTD=0.410306 ret_end=-24.963 dbar_end=0.610 occ_end=0.264 CSR_train=0.000 done_count=125
[upd 150] u=0 upd_ctr=18 opt_step=288 E=0.876 g=0.141 VarTD=0.474477 ret_end=-25.443 dbar_end=0.624 occ_end=0.224 CSR_train=0.000 done_count=125
[upd 160] u=0 upd_ctr=20 opt_step=320 E=0.431 g=0.167 VarTD=0.653252 ret_end=-23.941 dbar_end=0.571 occ_end=0.320 CSR_train=0.008 done_count=125
[upd 170] u=0 upd_ctr=21 opt_step=336 E=0.897 g=0.150 VarTD=0.730188 ret_end=-24.601 dbar_end=0.605 occ_end=0.216 CSR_train=0.000 done_count=125
[upd 180] u=0 upd_ctr=23 opt_step=368 E=0.522 g=0.158 VarTD=0.952047 ret_end=-24.576 dbar_end=0.587 occ_end=0.224 CSR_train=0.008 done_count=125
[upd 190] u=1 upd_ctr=25 opt_step=400 E=0.243 g=0.178 VarTD=1.110673 ret_end=-24.214 dbar_end=0.549 occ_end=0.304 CSR_train=0.000 done_count=125
[upd 200] u=0 upd_ctr=26 opt_step=416 E=0.843 g=0.155 VarTD=1.299894 ret_end=-24.009 dbar_end=0.593 occ_end=0.232 CSR_train=0.000 done_count=125
[upd 210] u=0 upd_ctr=28 opt_step=448 E=0.548 g=0.160 VarTD=1.600634 ret_end=-24.885 dbar_end=0.584 occ_end=0.272 CSR_train=0.000 done_count=125
[upd 220] u=1 upd_ctr=30 opt_step=480 E=0.234 g=0.166 VarTD=1.744069 ret_end=-23.821 dbar_end=0.572 occ_end=0.248 CSR_train=0.000 done_count=125
[upd 230] u=0 upd_ctr=31 opt_step=496 E=0.862 g=0.174 VarTD=2.114424 ret_end=-24.890 dbar_end=0.557 occ_end=0.312 CSR_train=0.000 done_count=125
[upd 240] u=0 upd_ctr=33 opt_step=528 E=0.559 g=0.167 VarTD=2.366012 ret_end=-23.719 dbar_end=0.569 occ_end=0.280 CSR_train=0.000 done_count=125
[upd 250] u=1 upd_ctr=35 opt_step=560 E=0.217 g=0.156 VarTD=2.518881 ret_end=-24.815 dbar_end=0.591 occ_end=0.304 CSR_train=0.000 done_count=125
[upd 260] u=0 upd_ctr=36 opt_step=576 E=0.836 g=0.172 VarTD=2.355623 ret_end=-23.302 dbar_end=0.560 occ_end=0.310 CSR_train=0.000 done_count=100
[upd 270] u=0 upd_ctr=38 opt_step=608 E=0.557 g=0.169 VarTD=3.197717 ret_end=-23.167 dbar_end=0.567 occ_end=0.200 CSR_train=0.008 done_count=125
[upd 280] u=1 upd_ctr=40 opt_step=640 E=0.257 g=0.174 VarTD=3.406433 ret_end=-23.737 dbar_end=0.556 occ_end=0.280 CSR_train=0.008 done_count=125
[upd 290] u=0 upd_ctr=41 opt_step=656 E=0.853 g=0.171 VarTD=3.814054 ret_end=-23.955 dbar_end=0.562 occ_end=0.296 CSR_train=0.000 done_count=125
[upd 300] u=0 upd_ctr=43 opt_step=688 E=0.549 g=0.163 VarTD=4.088275 ret_end=-23.976 dbar_end=0.578 occ_end=0.264 CSR_train=0.000 done_count=125
[upd 310] u=0 upd_ctr=45 opt_step=720 E=0.335 g=0.178 VarTD=4.452119 ret_end=-22.866 dbar_end=0.550 occ_end=0.368 CSR_train=0.000 done_count=125
[Gate5 check] update_counter violations: t0=0 diffs=0
[Gate5 check] opt_step violations: t0=0 diffs=0 (expected_inc=16)
[Gate5 check] NaN masking: nan_on_skip=True finite_on_update=True
[Gate5 summary] mean_update_fraction=0.1442 final_executed_updates_mean=45.00
[Gate5 eval] done_count mean=100.0 CSR mean=0.0000 len_end_mean=26.00
[Gate5 eval] episodes_per_env=4 T_eval=104
[Gate5 eval-debug] locked_eps_occ=0.20 pre(step25): dbar_end=0.481155 occupied_end_mean=0.410000 max_tilde_end_mean=0.676040 CSR@locked=0.010000
[Gate5 eval-debug] locked_eps_occ=0.20 post(step26): dbar_end=0.481745 occupied_end_mean=0.420000 max_tilde_end_mean=0.674201 CSR@locked=0.000000
[Gate5 eval-debug] CSR_pre@0.10=0.0000 CSR_pre@0.15=0.0000 CSR_pre@0.20=0.0100 CSR_pre@0.25=0.0100 CSR_pre@0.30=0.0400
[Gate5 eval-debug] CSR_post@0.10=0.0000 CSR_post@0.15=0.0000 CSR_post@0.20=0.0000 CSR_post@0.25=0.0100 CSR_post@0.30=0.0400
