Importing submoduled environments...
Submoduled environments not found. Skipping import.
[upd 0] u=1 upd_ctr=1 opt_step=16 E=0.157 g=0.096 VarTD=0.198978 ret_end=-28.258 dbar_end=0.747 occ_end=0.170 CSR_train=0.000 done_count=100
[upd 10] u=0 upd_ctr=1 opt_step=16 E=0.708 g=0.091 VarTD=0.177567 ret_end=-27.488 dbar_end=0.762 occ_end=0.104 CSR_train=0.000 done_count=125
[upd 20] u=0 upd_ctr=2 opt_step=32 E=0.347 g=0.089 VarTD=0.176169 ret_end=-27.673 dbar_end=0.772 occ_end=0.120 CSR_train=0.000 done_count=125
[upd 30] u=0 upd_ctr=2 opt_step=32 E=0.926 g=0.085 VarTD=0.166082 ret_end=-27.764 dbar_end=0.785 occ_end=0.176 CSR_train=0.000 done_count=125
[upd 40] u=0 upd_ctr=3 opt_step=48 E=0.616 g=0.101 VarTD=0.136340 ret_end=-27.156 dbar_end=0.731 occ_end=0.144 CSR_train=0.000 done_count=125
[upd 50] u=0 upd_ctr=4 opt_step=64 E=0.322 g=0.117 VarTD=0.148384 ret_end=-26.679 dbar_end=0.683 occ_end=0.192 CSR_train=0.000 done_count=125
[upd 60] u=0 upd_ctr=4 opt_step=64 E=0.950 g=0.099 VarTD=0.157743 ret_end=-26.705 dbar_end=0.737 occ_end=0.136 CSR_train=0.000 done_count=125
[upd 70] u=0 upd_ctr=5 opt_step=80 E=0.716 g=0.129 VarTD=0.146113 ret_end=-25.650 dbar_end=0.651 occ_end=0.216 CSR_train=0.000 done_count=125
[upd 80] u=0 upd_ctr=6 opt_step=96 E=0.465 g=0.114 VarTD=0.174595 ret_end=-25.928 dbar_end=0.693 occ_end=0.240 CSR_train=0.000 done_count=125
[upd 90] u=0 upd_ctr=7 opt_step=112 E=0.233 g=0.096 VarTD=0.175471 ret_end=-27.672 dbar_end=0.748 occ_end=0.136 CSR_train=0.000 done_count=125
[upd 100] u=0 upd_ctr=7 opt_step=112 E=0.945 g=0.117 VarTD=0.153381 ret_end=-26.184 dbar_end=0.683 occ_end=0.184 CSR_train=0.000 done_count=125
[upd 110] u=0 upd_ctr=8 opt_step=128 E=0.776 g=0.112 VarTD=0.172624 ret_end=-26.845 dbar_end=0.698 occ_end=0.176 CSR_train=0.000 done_count=125
[upd 120] u=0 upd_ctr=9 opt_step=144 E=0.650 g=0.132 VarTD=0.144804 ret_end=-25.622 dbar_end=0.644 occ_end=0.184 CSR_train=0.000 done_count=125
[upd 130] u=0 upd_ctr=10 opt_step=160 E=0.523 g=0.128 VarTD=0.160115 ret_end=-25.797 dbar_end=0.654 occ_end=0.300 CSR_train=0.000 done_count=100
[upd 140] u=0 upd_ctr=11 opt_step=176 E=0.415 g=0.136 VarTD=0.168991 ret_end=-25.223 dbar_end=0.635 occ_end=0.232 CSR_train=0.000 done_count=125
[upd 150] u=0 upd_ctr=12 opt_step=192 E=0.332 g=0.137 VarTD=0.190839 ret_end=-24.952 dbar_end=0.633 occ_end=0.224 CSR_train=0.000 done_count=125
[upd 160] u=0 upd_ctr=13 opt_step=208 E=0.262 g=0.151 VarTD=0.211754 ret_end=-24.723 dbar_end=0.602 occ_end=0.144 CSR_train=0.000 done_count=125
[upd 170] u=0 upd_ctr=14 opt_step=224 E=0.169 g=0.138 VarTD=0.244223 ret_end=-25.063 dbar_end=0.630 occ_end=0.248 CSR_train=0.000 done_count=125
[upd 180] u=1 upd_ctr=15 opt_step=240 E=0.126 g=0.139 VarTD=0.242054 ret_end=-25.770 dbar_end=0.630 occ_end=0.240 CSR_train=0.000 done_count=125
[upd 190] u=0 upd_ctr=15 opt_step=240 E=0.964 g=0.140 VarTD=0.272391 ret_end=-24.682 dbar_end=0.627 occ_end=0.216 CSR_train=0.000 done_count=125
[upd 200] u=0 upd_ctr=16 opt_step=256 E=0.900 g=0.130 VarTD=0.312398 ret_end=-25.815 dbar_end=0.650 occ_end=0.200 CSR_train=0.000 done_count=125
[upd 210] u=0 upd_ctr=17 opt_step=272 E=0.879 g=0.154 VarTD=0.383760 ret_end=-24.888 dbar_end=0.596 occ_end=0.280 CSR_train=0.000 done_count=125
[upd 220] u=0 upd_ctr=18 opt_step=288 E=0.842 g=0.151 VarTD=0.476158 ret_end=-24.899 dbar_end=0.603 occ_end=0.248 CSR_train=0.000 done_count=125
[upd 230] u=0 upd_ctr=19 opt_step=304 E=0.852 g=0.156 VarTD=0.538142 ret_end=-24.269 dbar_end=0.591 occ_end=0.264 CSR_train=0.000 done_count=125
[upd 240] u=0 upd_ctr=20 opt_step=320 E=0.883 g=0.150 VarTD=0.602137 ret_end=-24.861 dbar_end=0.604 occ_end=0.280 CSR_train=0.000 done_count=125
[upd 250] u=0 upd_ctr=21 opt_step=336 E=0.924 g=0.160 VarTD=0.708118 ret_end=-24.666 dbar_end=0.583 occ_end=0.288 CSR_train=0.000 done_count=125
[upd 260] u=0 upd_ctr=22 opt_step=352 E=0.981 g=0.152 VarTD=0.662908 ret_end=-24.719 dbar_end=0.600 occ_end=0.270 CSR_train=0.000 done_count=100
[upd 270] u=1 upd_ctr=24 opt_step=384 E=0.140 g=0.167 VarTD=0.891056 ret_end=-24.130 dbar_end=0.570 occ_end=0.256 CSR_train=0.000 done_count=125
[upd 280] u=1 upd_ctr=25 opt_step=400 E=0.187 g=0.151 VarTD=0.996963 ret_end=-25.336 dbar_end=0.602 occ_end=0.160 CSR_train=0.000 done_count=125
[upd 290] u=0 upd_ctr=26 opt_step=416 E=0.207 g=0.153 VarTD=1.181049 ret_end=-24.967 dbar_end=0.598 occ_end=0.216 CSR_train=0.000 done_count=125
[upd 300] u=0 upd_ctr=27 opt_step=432 E=0.238 g=0.146 VarTD=1.328112 ret_end=-24.449 dbar_end=0.613 occ_end=0.272 CSR_train=0.000 done_count=125
[upd 310] u=0 upd_ctr=28 opt_step=448 E=0.245 g=0.154 VarTD=1.411616 ret_end=-23.365 dbar_end=0.595 occ_end=0.312 CSR_train=0.000 done_count=125
[Gate5 check] update_counter violations: t0=0 diffs=0
[Gate5 check] opt_step violations: t0=0 diffs=0 (expected_inc=16)
[Gate5 check] NaN masking: nan_on_skip=True finite_on_update=True
[Gate5 summary] mean_update_fraction=0.0897 final_executed_updates_mean=28.00
[Gate5 eval] done_count mean=100.0 CSR mean=0.0000 len_end_mean=26.00
[Gate5 eval] episodes_per_env=4 T_eval=104
[Gate5 eval-debug] locked_eps_occ=0.20 pre(step25): dbar_end=0.570071 occupied_end_mean=0.240000 max_tilde_end_mean=0.810951 CSR@locked=0.000000
[Gate5 eval-debug] locked_eps_occ=0.20 post(step26): dbar_end=0.575893 occupied_end_mean=0.210000 max_tilde_end_mean=0.823897 CSR@locked=0.000000
[Gate5 eval-debug] CSR_pre@0.10=0.0000 CSR_pre@0.15=0.0000 CSR_pre@0.20=0.0000 CSR_pre@0.25=0.0000 CSR_pre@0.30=0.0100
[Gate5 eval-debug] CSR_post@0.10=0.0000 CSR_post@0.15=0.0000 CSR_post@0.20=0.0000 CSR_post@0.25=0.0000 CSR_post@0.30=0.0100
