Importing submoduled environments...
Submoduled environments not found. Skipping import.
[upd 0] u=1 upd_ctr=1 opt_step=16 E=0.137 g=0.093 VarTD=0.149936 ret_end=-27.435 dbar_end=0.756 occ_end=0.150 CSR_train=0.000 done_count=100
[upd 10] u=0 upd_ctr=1 opt_step=16 E=0.513 g=0.100 VarTD=0.132044 ret_end=-26.929 dbar_end=0.734 occ_end=0.192 CSR_train=0.000 done_count=125
[upd 20] u=0 upd_ctr=1 opt_step=16 E=0.915 g=0.107 VarTD=0.153948 ret_end=-26.021 dbar_end=0.712 occ_end=0.192 CSR_train=0.000 done_count=125
[upd 30] u=0 upd_ctr=2 opt_step=32 E=0.397 g=0.086 VarTD=0.174953 ret_end=-27.925 dbar_end=0.782 occ_end=0.128 CSR_train=0.008 done_count=125
[upd 40] u=0 upd_ctr=2 opt_step=32 E=0.773 g=0.095 VarTD=0.139356 ret_end=-27.181 dbar_end=0.750 occ_end=0.120 CSR_train=0.000 done_count=125
[upd 50] u=0 upd_ctr=3 opt_step=48 E=0.254 g=0.097 VarTD=0.126827 ret_end=-26.493 dbar_end=0.745 occ_end=0.128 CSR_train=0.000 done_count=125
[upd 60] u=0 upd_ctr=3 opt_step=48 E=0.639 g=0.103 VarTD=0.138639 ret_end=-27.021 dbar_end=0.725 occ_end=0.160 CSR_train=0.000 done_count=125
[upd 70] u=0 upd_ctr=4 opt_step=64 E=0.133 g=0.103 VarTD=0.136122 ret_end=-26.895 dbar_end=0.723 occ_end=0.160 CSR_train=0.000 done_count=125
[upd 80] u=0 upd_ctr=4 opt_step=64 E=0.569 g=0.104 VarTD=0.132427 ret_end=-25.904 dbar_end=0.721 occ_end=0.152 CSR_train=0.000 done_count=125
[upd 90] u=0 upd_ctr=5 opt_step=80 E=0.085 g=0.103 VarTD=0.138085 ret_end=-26.864 dbar_end=0.724 occ_end=0.168 CSR_train=0.000 done_count=125
[upd 100] u=0 upd_ctr=5 opt_step=80 E=0.494 g=0.107 VarTD=0.150051 ret_end=-25.715 dbar_end=0.711 occ_end=0.200 CSR_train=0.000 done_count=125
[upd 110] u=0 upd_ctr=5 opt_step=80 E=0.896 g=0.094 VarTD=0.138686 ret_end=-27.328 dbar_end=0.752 occ_end=0.168 CSR_train=0.000 done_count=125
[upd 120] u=0 upd_ctr=6 opt_step=96 E=0.424 g=0.119 VarTD=0.139410 ret_end=-25.698 dbar_end=0.678 occ_end=0.160 CSR_train=0.000 done_count=125
[upd 130] u=0 upd_ctr=6 opt_step=96 E=0.857 g=0.103 VarTD=0.184867 ret_end=-26.530 dbar_end=0.723 occ_end=0.170 CSR_train=0.000 done_count=100
[upd 140] u=0 upd_ctr=7 opt_step=112 E=0.384 g=0.106 VarTD=0.165013 ret_end=-26.146 dbar_end=0.716 occ_end=0.176 CSR_train=0.000 done_count=125
[upd 150] u=0 upd_ctr=7 opt_step=112 E=0.826 g=0.112 VarTD=0.125577 ret_end=-26.693 dbar_end=0.697 occ_end=0.176 CSR_train=0.000 done_count=125
[upd 160] u=0 upd_ctr=8 opt_step=128 E=0.348 g=0.110 VarTD=0.160301 ret_end=-26.958 dbar_end=0.704 occ_end=0.208 CSR_train=0.000 done_count=125
[upd 170] u=0 upd_ctr=8 opt_step=128 E=0.772 g=0.112 VarTD=0.148381 ret_end=-26.190 dbar_end=0.698 occ_end=0.120 CSR_train=0.000 done_count=125
[upd 180] u=0 upd_ctr=9 opt_step=144 E=0.308 g=0.129 VarTD=0.139312 ret_end=-25.099 dbar_end=0.652 occ_end=0.232 CSR_train=0.000 done_count=125
[upd 190] u=0 upd_ctr=9 opt_step=144 E=0.745 g=0.110 VarTD=0.144653 ret_end=-26.455 dbar_end=0.703 occ_end=0.168 CSR_train=0.000 done_count=125
[upd 200] u=0 upd_ctr=10 opt_step=160 E=0.285 g=0.109 VarTD=0.153827 ret_end=-27.049 dbar_end=0.707 occ_end=0.144 CSR_train=0.000 done_count=125
[upd 210] u=0 upd_ctr=10 opt_step=160 E=0.750 g=0.104 VarTD=0.172947 ret_end=-26.796 dbar_end=0.721 occ_end=0.120 CSR_train=0.000 done_count=125
[upd 220] u=0 upd_ctr=11 opt_step=176 E=0.316 g=0.121 VarTD=0.161431 ret_end=-25.751 dbar_end=0.674 occ_end=0.184 CSR_train=0.008 done_count=125
[upd 230] u=0 upd_ctr=11 opt_step=176 E=0.774 g=0.117 VarTD=0.170546 ret_end=-25.677 dbar_end=0.682 occ_end=0.160 CSR_train=0.000 done_count=125
[upd 240] u=0 upd_ctr=12 opt_step=192 E=0.360 g=0.138 VarTD=0.181534 ret_end=-25.250 dbar_end=0.632 occ_end=0.256 CSR_train=0.000 done_count=125
[upd 250] u=0 upd_ctr=12 opt_step=192 E=0.815 g=0.114 VarTD=0.222083 ret_end=-26.608 dbar_end=0.692 occ_end=0.192 CSR_train=0.000 done_count=125
[upd 260] u=0 upd_ctr=13 opt_step=208 E=0.414 g=0.124 VarTD=0.179077 ret_end=-25.079 dbar_end=0.666 occ_end=0.210 CSR_train=0.000 done_count=100
[upd 270] u=0 upd_ctr=13 opt_step=208 E=0.926 g=0.136 VarTD=0.226542 ret_end=-25.327 dbar_end=0.636 occ_end=0.248 CSR_train=0.000 done_count=125
[upd 280] u=0 upd_ctr=14 opt_step=224 E=0.540 g=0.137 VarTD=0.228385 ret_end=-24.124 dbar_end=0.633 occ_end=0.208 CSR_train=0.000 done_count=125
[upd 290] u=0 upd_ctr=15 opt_step=240 E=0.160 g=0.130 VarTD=0.286184 ret_end=-25.834 dbar_end=0.651 occ_end=0.240 CSR_train=0.000 done_count=125
[upd 300] u=0 upd_ctr=15 opt_step=240 E=0.665 g=0.142 VarTD=0.250272 ret_end=-24.100 dbar_end=0.621 occ_end=0.240 CSR_train=0.000 done_count=125
[upd 310] u=0 upd_ctr=16 opt_step=256 E=0.305 g=0.148 VarTD=0.339285 ret_end=-24.846 dbar_end=0.608 occ_end=0.232 CSR_train=0.000 done_count=125
[Gate5 check] update_counter violations: t0=0 diffs=0
[Gate5 check] opt_step violations: t0=0 diffs=0 (expected_inc=16)
[Gate5 check] NaN masking: nan_on_skip=True finite_on_update=True
[Gate5 summary] mean_update_fraction=0.0513 final_executed_updates_mean=16.00
[Gate5 eval] done_count mean=100.0 CSR mean=0.0100 len_end_mean=26.00
[Gate5 eval] episodes_per_env=4 T_eval=104
[Gate5 eval-debug] locked_eps_occ=0.20 pre(step25): dbar_end=0.480425 occupied_end_mean=0.410000 max_tilde_end_mean=0.683207 CSR@locked=0.010000
[Gate5 eval-debug] locked_eps_occ=0.20 post(step26): dbar_end=0.488619 occupied_end_mean=0.410000 max_tilde_end_mean=0.693949 CSR@locked=0.010000
[Gate5 eval-debug] CSR_pre@0.10=0.0000 CSR_pre@0.15=0.0000 CSR_pre@0.20=0.0100 CSR_pre@0.25=0.0200 CSR_pre@0.30=0.0500
[Gate5 eval-debug] CSR_post@0.10=0.0000 CSR_post@0.15=0.0000 CSR_post@0.20=0.0100 CSR_post@0.25=0.0100 CSR_post@0.30=0.0300
