Importing submoduled environments...
Submoduled environments not found. Skipping import.
[upd 0] u=1 upd_ctr=1 opt_step=16 E=0.129 g=0.073 VarTD=0.176583 ret_end=-28.932 dbar_end=0.832 occ_end=0.120 CSR_train=0.000 done_count=100
[upd 10] u=0 upd_ctr=1 opt_step=16 E=0.490 g=0.084 VarTD=0.145375 ret_end=-27.822 dbar_end=0.789 occ_end=0.112 CSR_train=0.000 done_count=125
[upd 20] u=0 upd_ctr=1 opt_step=16 E=0.872 g=0.093 VarTD=0.146987 ret_end=-27.233 dbar_end=0.757 occ_end=0.168 CSR_train=0.000 done_count=125
[upd 30] u=0 upd_ctr=2 opt_step=32 E=0.347 g=0.102 VarTD=0.135290 ret_end=-25.907 dbar_end=0.726 occ_end=0.232 CSR_train=0.008 done_count=125
[upd 40] u=0 upd_ctr=2 opt_step=32 E=0.731 g=0.095 VarTD=0.169089 ret_end=-27.218 dbar_end=0.750 occ_end=0.160 CSR_train=0.000 done_count=125
[upd 50] u=0 upd_ctr=3 opt_step=48 E=0.234 g=0.096 VarTD=0.168205 ret_end=-27.616 dbar_end=0.748 occ_end=0.160 CSR_train=0.000 done_count=125
[upd 60] u=0 upd_ctr=3 opt_step=48 E=0.640 g=0.103 VarTD=0.130151 ret_end=-25.883 dbar_end=0.723 occ_end=0.176 CSR_train=0.000 done_count=125
[upd 70] u=0 upd_ctr=4 opt_step=64 E=0.158 g=0.112 VarTD=0.135103 ret_end=-25.574 dbar_end=0.698 occ_end=0.168 CSR_train=0.008 done_count=125
[upd 80] u=0 upd_ctr=4 opt_step=64 E=0.571 g=0.099 VarTD=0.147593 ret_end=-27.609 dbar_end=0.738 occ_end=0.216 CSR_train=0.000 done_count=125
[upd 90] u=0 upd_ctr=5 opt_step=80 E=0.104 g=0.105 VarTD=0.140695 ret_end=-27.381 dbar_end=0.718 occ_end=0.176 CSR_train=0.000 done_count=125
[upd 100] u=0 upd_ctr=5 opt_step=80 E=0.549 g=0.119 VarTD=0.136561 ret_end=-26.617 dbar_end=0.678 occ_end=0.200 CSR_train=0.000 done_count=125
[upd 110] u=1 upd_ctr=6 opt_step=96 E=0.077 g=0.113 VarTD=0.145961 ret_end=-25.739 dbar_end=0.694 occ_end=0.200 CSR_train=0.000 done_count=125
[upd 120] u=0 upd_ctr=6 opt_step=96 E=0.538 g=0.120 VarTD=0.123817 ret_end=-25.802 dbar_end=0.676 occ_end=0.224 CSR_train=0.000 done_count=125
[upd 130] u=0 upd_ctr=7 opt_step=112 E=0.114 g=0.134 VarTD=0.126629 ret_end=-24.985 dbar_end=0.640 occ_end=0.210 CSR_train=0.000 done_count=100
[upd 140] u=0 upd_ctr=7 opt_step=112 E=0.580 g=0.113 VarTD=0.161473 ret_end=-26.541 dbar_end=0.695 occ_end=0.168 CSR_train=0.000 done_count=125
[upd 150] u=0 upd_ctr=8 opt_step=128 E=0.161 g=0.115 VarTD=0.162224 ret_end=-26.660 dbar_end=0.689 occ_end=0.176 CSR_train=0.000 done_count=125
[upd 160] u=0 upd_ctr=8 opt_step=128 E=0.631 g=0.123 VarTD=0.153007 ret_end=-25.915 dbar_end=0.668 occ_end=0.248 CSR_train=0.000 done_count=125
[upd 170] u=0 upd_ctr=9 opt_step=144 E=0.198 g=0.115 VarTD=0.142143 ret_end=-26.170 dbar_end=0.690 occ_end=0.152 CSR_train=0.000 done_count=125
[upd 180] u=0 upd_ctr=9 opt_step=144 E=0.686 g=0.133 VarTD=0.130378 ret_end=-24.654 dbar_end=0.642 occ_end=0.216 CSR_train=0.000 done_count=125
[upd 190] u=0 upd_ctr=10 opt_step=160 E=0.285 g=0.116 VarTD=0.169565 ret_end=-26.854 dbar_end=0.685 occ_end=0.200 CSR_train=0.000 done_count=125
[upd 200] u=0 upd_ctr=10 opt_step=160 E=0.781 g=0.116 VarTD=0.226309 ret_end=-27.104 dbar_end=0.685 occ_end=0.280 CSR_train=0.000 done_count=125
[upd 210] u=0 upd_ctr=11 opt_step=176 E=0.392 g=0.132 VarTD=0.210938 ret_end=-25.794 dbar_end=0.644 occ_end=0.224 CSR_train=0.000 done_count=125
[upd 220] u=0 upd_ctr=11 opt_step=176 E=0.885 g=0.119 VarTD=0.182852 ret_end=-25.844 dbar_end=0.678 occ_end=0.120 CSR_train=0.000 done_count=125
[upd 230] u=0 upd_ctr=12 opt_step=192 E=0.514 g=0.140 VarTD=0.203236 ret_end=-25.090 dbar_end=0.627 occ_end=0.256 CSR_train=0.000 done_count=125
[upd 240] u=0 upd_ctr=13 opt_step=208 E=0.133 g=0.123 VarTD=0.238365 ret_end=-26.135 dbar_end=0.667 occ_end=0.168 CSR_train=0.000 done_count=125
[upd 250] u=0 upd_ctr=13 opt_step=208 E=0.657 g=0.118 VarTD=0.193302 ret_end=-26.138 dbar_end=0.681 occ_end=0.200 CSR_train=0.008 done_count=125
[upd 260] u=0 upd_ctr=14 opt_step=224 E=0.328 g=0.157 VarTD=0.230259 ret_end=-24.037 dbar_end=0.590 occ_end=0.230 CSR_train=0.000 done_count=100
[upd 270] u=0 upd_ctr=14 opt_step=224 E=0.891 g=0.138 VarTD=0.262857 ret_end=-24.895 dbar_end=0.631 occ_end=0.248 CSR_train=0.000 done_count=125
[upd 280] u=0 upd_ctr=15 opt_step=240 E=0.552 g=0.140 VarTD=0.303000 ret_end=-24.767 dbar_end=0.627 occ_end=0.240 CSR_train=0.000 done_count=125
[upd 290] u=0 upd_ctr=16 opt_step=256 E=0.214 g=0.147 VarTD=0.331179 ret_end=-24.330 dbar_end=0.610 occ_end=0.192 CSR_train=0.000 done_count=125
[upd 300] u=0 upd_ctr=16 opt_step=256 E=0.794 g=0.154 VarTD=0.332952 ret_end=-24.106 dbar_end=0.596 occ_end=0.328 CSR_train=0.000 done_count=125
[upd 310] u=0 upd_ctr=17 opt_step=272 E=0.497 g=0.141 VarTD=0.378757 ret_end=-24.858 dbar_end=0.623 occ_end=0.240 CSR_train=0.000 done_count=125
[Gate5 check] update_counter violations: t0=0 diffs=0
[Gate5 check] opt_step violations: t0=0 diffs=0 (expected_inc=16)
[Gate5 check] NaN masking: nan_on_skip=True finite_on_update=True
[Gate5 summary] mean_update_fraction=0.0545 final_executed_updates_mean=17.00
[Gate5 eval] done_count mean=100.0 CSR mean=0.0000 len_end_mean=26.00
[Gate5 eval] episodes_per_env=4 T_eval=104
[Gate5 eval-debug] locked_eps_occ=0.20 pre(step25): dbar_end=0.512056 occupied_end_mean=0.370000 max_tilde_end_mean=0.738533 CSR@locked=0.000000
[Gate5 eval-debug] locked_eps_occ=0.20 post(step26): dbar_end=0.511178 occupied_end_mean=0.280000 max_tilde_end_mean=0.735468 CSR@locked=0.000000
[Gate5 eval-debug] CSR_pre@0.10=0.0000 CSR_pre@0.15=0.0000 CSR_pre@0.20=0.0000 CSR_pre@0.25=0.0000 CSR_pre@0.30=0.0100
[Gate5 eval-debug] CSR_post@0.10=0.0000 CSR_post@0.15=0.0000 CSR_post@0.20=0.0000 CSR_post@0.25=0.0000 CSR_post@0.30=0.0200
