Importing submoduled environments...
Submoduled environments not found. Skipping import.
[upd 0] u=1 upd_ctr=1 opt_step=16 E=0.054 g=0.089 VarTD=0.155748 ret_end=-26.495 dbar_end=0.769 occ_end=0.110 CSR_train=0.000 done_count=100
[upd 10] u=0 upd_ctr=1 opt_step=16 E=0.606 g=0.096 VarTD=0.160584 ret_end=-27.044 dbar_end=0.748 occ_end=0.128 CSR_train=0.000 done_count=125
[upd 20] u=0 upd_ctr=2 opt_step=32 E=0.101 g=0.083 VarTD=0.202072 ret_end=-28.581 dbar_end=0.792 occ_end=0.160 CSR_train=0.000 done_count=125
[upd 30] u=0 upd_ctr=2 opt_step=32 E=0.664 g=0.090 VarTD=0.175195 ret_end=-27.293 dbar_end=0.766 occ_end=0.168 CSR_train=0.000 done_count=125
[upd 40] u=0 upd_ctr=3 opt_step=48 E=0.226 g=0.096 VarTD=0.168238 ret_end=-26.864 dbar_end=0.747 occ_end=0.192 CSR_train=0.000 done_count=125
[upd 50] u=0 upd_ctr=3 opt_step=48 E=0.833 g=0.102 VarTD=0.138142 ret_end=-27.115 dbar_end=0.729 occ_end=0.208 CSR_train=0.000 done_count=125
[upd 60] u=0 upd_ctr=4 opt_step=64 E=0.423 g=0.105 VarTD=0.151385 ret_end=-26.764 dbar_end=0.717 occ_end=0.208 CSR_train=0.000 done_count=125
[upd 70] u=0 upd_ctr=4 opt_step=64 E=1.000 g=0.106 VarTD=0.149572 ret_end=-25.937 dbar_end=0.715 occ_end=0.216 CSR_train=0.000 done_count=125
[upd 80] u=0 upd_ctr=5 opt_step=80 E=0.662 g=0.109 VarTD=0.134253 ret_end=-26.455 dbar_end=0.706 occ_end=0.216 CSR_train=0.000 done_count=125
[upd 90] u=0 upd_ctr=6 opt_step=96 E=0.276 g=0.112 VarTD=0.127840 ret_end=-26.310 dbar_end=0.697 occ_end=0.152 CSR_train=0.000 done_count=125
[upd 100] u=0 upd_ctr=6 opt_step=96 E=0.953 g=0.107 VarTD=0.143596 ret_end=-26.775 dbar_end=0.710 occ_end=0.208 CSR_train=0.000 done_count=125
[upd 110] u=0 upd_ctr=7 opt_step=112 E=0.615 g=0.122 VarTD=0.142598 ret_end=-26.370 dbar_end=0.670 occ_end=0.208 CSR_train=0.000 done_count=125
[upd 120] u=0 upd_ctr=8 opt_step=128 E=0.283 g=0.144 VarTD=0.137787 ret_end=-24.896 dbar_end=0.616 occ_end=0.280 CSR_train=0.000 done_count=125
[upd 130] u=0 upd_ctr=8 opt_step=128 E=0.987 g=0.124 VarTD=0.151193 ret_end=-26.629 dbar_end=0.664 occ_end=0.290 CSR_train=0.000 done_count=100
[upd 140] u=0 upd_ctr=9 opt_step=144 E=0.616 g=0.117 VarTD=0.138796 ret_end=-26.220 dbar_end=0.684 occ_end=0.112 CSR_train=0.000 done_count=125
[upd 150] u=0 upd_ctr=10 opt_step=160 E=0.290 g=0.114 VarTD=0.157296 ret_end=-25.456 dbar_end=0.692 occ_end=0.160 CSR_train=0.000 done_count=125
[upd 160] u=0 upd_ctr=10 opt_step=160 E=1.000 g=0.138 VarTD=0.154658 ret_end=-25.807 dbar_end=0.631 occ_end=0.224 CSR_train=0.000 done_count=125
[upd 170] u=0 upd_ctr=11 opt_step=176 E=0.713 g=0.122 VarTD=0.166151 ret_end=-26.037 dbar_end=0.670 occ_end=0.224 CSR_train=0.000 done_count=125
[upd 180] u=0 upd_ctr=12 opt_step=192 E=0.445 g=0.116 VarTD=0.162915 ret_end=-25.824 dbar_end=0.687 occ_end=0.208 CSR_train=0.000 done_count=125
[upd 190] u=0 upd_ctr=13 opt_step=208 E=0.146 g=0.113 VarTD=0.225394 ret_end=-26.716 dbar_end=0.695 occ_end=0.160 CSR_train=0.000 done_count=125
[upd 200] u=0 upd_ctr=13 opt_step=208 E=0.905 g=0.120 VarTD=0.179288 ret_end=-25.860 dbar_end=0.675 occ_end=0.144 CSR_train=0.000 done_count=125
[upd 210] u=0 upd_ctr=14 opt_step=224 E=0.615 g=0.126 VarTD=0.233924 ret_end=-25.860 dbar_end=0.659 occ_end=0.160 CSR_train=0.000 done_count=125
[upd 220] u=0 upd_ctr=15 opt_step=240 E=0.392 g=0.132 VarTD=0.265610 ret_end=-24.950 dbar_end=0.645 occ_end=0.192 CSR_train=0.000 done_count=125
[upd 230] u=0 upd_ctr=16 opt_step=256 E=0.166 g=0.141 VarTD=0.311299 ret_end=-25.414 dbar_end=0.623 occ_end=0.232 CSR_train=0.000 done_count=125
[upd 240] u=0 upd_ctr=16 opt_step=256 E=1.000 g=0.133 VarTD=0.321531 ret_end=-25.142 dbar_end=0.643 occ_end=0.160 CSR_train=0.000 done_count=125
[upd 250] u=0 upd_ctr=17 opt_step=272 E=0.822 g=0.150 VarTD=0.386962 ret_end=-24.228 dbar_end=0.604 occ_end=0.168 CSR_train=0.000 done_count=125
[upd 260] u=0 upd_ctr=18 opt_step=288 E=0.617 g=0.142 VarTD=0.371320 ret_end=-24.969 dbar_end=0.621 occ_end=0.320 CSR_train=0.000 done_count=100
[upd 270] u=0 upd_ctr=19 opt_step=304 E=0.435 g=0.150 VarTD=0.524244 ret_end=-24.432 dbar_end=0.603 occ_end=0.272 CSR_train=0.000 done_count=125
[upd 280] u=0 upd_ctr=20 opt_step=320 E=0.260 g=0.126 VarTD=0.593561 ret_end=-26.009 dbar_end=0.659 occ_end=0.192 CSR_train=0.000 done_count=125
[upd 290] u=1 upd_ctr=21 opt_step=336 E=0.089 g=0.148 VarTD=0.584270 ret_end=-24.496 dbar_end=0.608 occ_end=0.184 CSR_train=0.000 done_count=125
[upd 300] u=0 upd_ctr=21 opt_step=336 E=0.995 g=0.144 VarTD=0.703443 ret_end=-25.068 dbar_end=0.617 occ_end=0.232 CSR_train=0.008 done_count=125
[upd 310] u=0 upd_ctr=22 opt_step=352 E=0.855 g=0.154 VarTD=0.783369 ret_end=-24.789 dbar_end=0.596 occ_end=0.216 CSR_train=0.000 done_count=125
[Gate5 check] update_counter violations: t0=0 diffs=0
[Gate5 check] opt_step violations: t0=0 diffs=0 (expected_inc=16)
[Gate5 check] NaN masking: nan_on_skip=True finite_on_update=True
[Gate5 summary] mean_update_fraction=0.0705 final_executed_updates_mean=22.00
[Gate5 eval] done_count mean=100.0 CSR mean=0.0000 len_end_mean=26.00
[Gate5 eval] episodes_per_env=4 T_eval=104
[Gate5 eval-debug] locked_eps_occ=0.20 pre(step25): dbar_end=0.525047 occupied_end_mean=0.300000 max_tilde_end_mean=0.759549 CSR@locked=0.000000
[Gate5 eval-debug] locked_eps_occ=0.20 post(step26): dbar_end=0.529308 occupied_end_mean=0.310000 max_tilde_end_mean=0.764321 CSR@locked=0.000000
[Gate5 eval-debug] CSR_pre@0.10=0.0000 CSR_pre@0.15=0.0000 CSR_pre@0.20=0.0000 CSR_pre@0.25=0.0000 CSR_pre@0.30=0.0100
[Gate5 eval-debug] CSR_post@0.10=0.0000 CSR_post@0.15=0.0000 CSR_post@0.20=0.0000 CSR_post@0.25=0.0000 CSR_post@0.30=0.0300
