Importing submoduled environments...
Submoduled environments not found. Skipping import.
[upd 0] u=1 upd_ctr=1 opt_step=16 E=0.460 g=0.073 VarTD=0.176583 ret_end=-28.932 dbar_end=0.832 occ_end=0.120 CSR_train=0.000 done_count=100
[upd 10] u=0 upd_ctr=1 opt_step=16 E=0.460 g=0.084 VarTD=0.145375 ret_end=-27.822 dbar_end=0.789 occ_end=0.112 CSR_train=0.000 done_count=125
[upd 20] u=0 upd_ctr=1 opt_step=16 E=0.460 g=0.093 VarTD=0.146987 ret_end=-27.233 dbar_end=0.757 occ_end=0.168 CSR_train=0.000 done_count=125
[upd 30] u=0 upd_ctr=1 opt_step=16 E=0.460 g=0.096 VarTD=0.137071 ret_end=-26.257 dbar_end=0.748 occ_end=0.184 CSR_train=0.000 done_count=125
[upd 40] u=0 upd_ctr=1 opt_step=16 E=0.460 g=0.088 VarTD=0.180465 ret_end=-27.591 dbar_end=0.774 occ_end=0.144 CSR_train=0.000 done_count=125
[upd 50] u=0 upd_ctr=1 opt_step=16 E=0.460 g=0.085 VarTD=0.175562 ret_end=-28.306 dbar_end=0.784 occ_end=0.144 CSR_train=0.000 done_count=125
[upd 60] u=0 upd_ctr=1 opt_step=16 E=0.460 g=0.091 VarTD=0.135200 ret_end=-26.482 dbar_end=0.765 occ_end=0.104 CSR_train=0.000 done_count=125
[upd 70] u=0 upd_ctr=1 opt_step=16 E=0.460 g=0.104 VarTD=0.137640 ret_end=-25.999 dbar_end=0.720 occ_end=0.176 CSR_train=0.008 done_count=125
[upd 80] u=0 upd_ctr=1 opt_step=16 E=0.460 g=0.086 VarTD=0.159804 ret_end=-28.420 dbar_end=0.783 occ_end=0.152 CSR_train=0.000 done_count=125
[upd 90] u=0 upd_ctr=1 opt_step=16 E=0.460 g=0.088 VarTD=0.151732 ret_end=-28.301 dbar_end=0.773 occ_end=0.152 CSR_train=0.000 done_count=125
[upd 100] u=0 upd_ctr=1 opt_step=16 E=0.460 g=0.092 VarTD=0.149594 ret_end=-28.055 dbar_end=0.761 occ_end=0.104 CSR_train=0.000 done_count=125
[upd 110] u=0 upd_ctr=1 opt_step=16 E=0.460 g=0.088 VarTD=0.164598 ret_end=-27.083 dbar_end=0.775 occ_end=0.144 CSR_train=0.000 done_count=125
[upd 120] u=0 upd_ctr=1 opt_step=16 E=0.460 g=0.098 VarTD=0.120906 ret_end=-26.823 dbar_end=0.738 occ_end=0.216 CSR_train=0.000 done_count=125
[upd 130] u=0 upd_ctr=1 opt_step=16 E=0.460 g=0.103 VarTD=0.136959 ret_end=-26.365 dbar_end=0.725 occ_end=0.180 CSR_train=0.000 done_count=100
[upd 140] u=0 upd_ctr=1 opt_step=16 E=0.460 g=0.086 VarTD=0.167474 ret_end=-27.862 dbar_end=0.780 occ_end=0.120 CSR_train=0.000 done_count=125
[upd 150] u=0 upd_ctr=1 opt_step=16 E=0.460 g=0.099 VarTD=0.159987 ret_end=-27.426 dbar_end=0.737 occ_end=0.128 CSR_train=0.000 done_count=125
[upd 160] u=0 upd_ctr=1 opt_step=16 E=0.460 g=0.094 VarTD=0.150364 ret_end=-27.254 dbar_end=0.754 occ_end=0.176 CSR_train=0.000 done_count=125
[upd 170] u=0 upd_ctr=1 opt_step=16 E=0.460 g=0.089 VarTD=0.142207 ret_end=-27.631 dbar_end=0.769 occ_end=0.192 CSR_train=0.000 done_count=125
[upd 180] u=0 upd_ctr=1 opt_step=16 E=0.460 g=0.104 VarTD=0.112221 ret_end=-25.830 dbar_end=0.722 occ_end=0.176 CSR_train=0.000 done_count=125
[upd 190] u=0 upd_ctr=1 opt_step=16 E=0.460 g=0.080 VarTD=0.155613 ret_end=-28.788 dbar_end=0.806 occ_end=0.056 CSR_train=0.000 done_count=125
[upd 200] u=0 upd_ctr=1 opt_step=16 E=0.460 g=0.079 VarTD=0.212001 ret_end=-28.839 dbar_end=0.807 occ_end=0.160 CSR_train=0.000 done_count=125
[upd 210] u=0 upd_ctr=1 opt_step=16 E=0.460 g=0.090 VarTD=0.189195 ret_end=-27.884 dbar_end=0.767 occ_end=0.168 CSR_train=0.000 done_count=125
[upd 220] u=0 upd_ctr=1 opt_step=16 E=0.460 g=0.091 VarTD=0.153994 ret_end=-27.409 dbar_end=0.763 occ_end=0.096 CSR_train=0.000 done_count=125
[upd 230] u=0 upd_ctr=1 opt_step=16 E=0.460 g=0.093 VarTD=0.158742 ret_end=-27.019 dbar_end=0.756 occ_end=0.104 CSR_train=0.000 done_count=125
[upd 240] u=0 upd_ctr=1 opt_step=16 E=0.460 g=0.075 VarTD=0.179156 ret_end=-29.097 dbar_end=0.825 occ_end=0.128 CSR_train=0.000 done_count=125
[upd 250] u=0 upd_ctr=1 opt_step=16 E=0.460 g=0.077 VarTD=0.146607 ret_end=-28.135 dbar_end=0.817 occ_end=0.144 CSR_train=0.000 done_count=125
[upd 260] u=0 upd_ctr=1 opt_step=16 E=0.460 g=0.110 VarTD=0.150543 ret_end=-26.407 dbar_end=0.704 occ_end=0.170 CSR_train=0.000 done_count=100
[upd 270] u=0 upd_ctr=1 opt_step=16 E=0.460 g=0.090 VarTD=0.172093 ret_end=-27.473 dbar_end=0.766 occ_end=0.192 CSR_train=0.000 done_count=125
[upd 280] u=0 upd_ctr=1 opt_step=16 E=0.460 g=0.091 VarTD=0.166487 ret_end=-27.001 dbar_end=0.764 occ_end=0.240 CSR_train=0.000 done_count=125
[upd 290] u=0 upd_ctr=1 opt_step=16 E=0.460 g=0.088 VarTD=0.146049 ret_end=-27.162 dbar_end=0.775 occ_end=0.112 CSR_train=0.000 done_count=125
[upd 300] u=0 upd_ctr=1 opt_step=16 E=0.460 g=0.100 VarTD=0.139406 ret_end=-26.477 dbar_end=0.734 occ_end=0.200 CSR_train=0.000 done_count=125
[upd 310] u=0 upd_ctr=1 opt_step=16 E=0.460 g=0.093 VarTD=0.141820 ret_end=-27.313 dbar_end=0.755 occ_end=0.088 CSR_train=0.000 done_count=125
[Gate5 check] update_counter violations: t0=0 diffs=0
[Gate5 check] opt_step violations: t0=0 diffs=0 (expected_inc=16)
[Gate5 check] NaN masking: nan_on_skip=True finite_on_update=True
[Gate5 summary] mean_update_fraction=0.0032 final_executed_updates_mean=1.00
[Gate5 eval] done_count mean=100.0 CSR mean=0.0100 len_end_mean=26.00
[Gate5 eval] episodes_per_env=4 T_eval=104
[Gate5 eval-debug] locked_eps_occ=0.20 pre(step25): dbar_end=0.655933 occupied_end_mean=0.160000 max_tilde_end_mean=0.925414 CSR@locked=0.000000
[Gate5 eval-debug] locked_eps_occ=0.20 post(step26): dbar_end=0.659322 occupied_end_mean=0.190000 max_tilde_end_mean=0.932054 CSR@locked=0.010000
[Gate5 eval-debug] CSR_pre@0.10=0.0000 CSR_pre@0.15=0.0000 CSR_pre@0.20=0.0000 CSR_pre@0.25=0.0200 CSR_pre@0.30=0.0200
[Gate5 eval-debug] CSR_post@0.10=0.0000 CSR_post@0.15=0.0000 CSR_post@0.20=0.0100 CSR_post@0.25=0.0100 CSR_post@0.30=0.0100
