Importing submoduled environments...
Submoduled environments not found. Skipping import.
[upd 0] u=1 upd_ctr=1 opt_step=16 E=0.057 g=0.094 VarTD=0.156314 ret_end=-27.700 dbar_end=0.751 occ_end=0.180 CSR_train=0.010 done_count=100
[upd 10] u=0 upd_ctr=1 opt_step=16 E=0.634 g=0.106 VarTD=0.133782 ret_end=-25.939 dbar_end=0.713 occ_end=0.168 CSR_train=0.000 done_count=125
[upd 20] u=0 upd_ctr=2 opt_step=32 E=0.176 g=0.105 VarTD=0.143597 ret_end=-26.575 dbar_end=0.718 occ_end=0.200 CSR_train=0.000 done_count=125
[upd 30] u=0 upd_ctr=2 opt_step=32 E=0.757 g=0.102 VarTD=0.151454 ret_end=-27.441 dbar_end=0.727 occ_end=0.144 CSR_train=0.000 done_count=125
[upd 40] u=0 upd_ctr=3 opt_step=48 E=0.308 g=0.096 VarTD=0.141952 ret_end=-27.277 dbar_end=0.746 occ_end=0.152 CSR_train=0.000 done_count=125
[upd 50] u=0 upd_ctr=3 opt_step=48 E=0.929 g=0.112 VarTD=0.142265 ret_end=-26.504 dbar_end=0.698 occ_end=0.184 CSR_train=0.000 done_count=125
[upd 60] u=0 upd_ctr=4 opt_step=64 E=0.529 g=0.112 VarTD=0.142082 ret_end=-25.523 dbar_end=0.696 occ_end=0.184 CSR_train=0.000 done_count=125
[upd 70] u=0 upd_ctr=5 opt_step=80 E=0.140 g=0.119 VarTD=0.130425 ret_end=-25.357 dbar_end=0.678 occ_end=0.208 CSR_train=0.000 done_count=125
[upd 80] u=0 upd_ctr=5 opt_step=80 E=0.784 g=0.112 VarTD=0.161119 ret_end=-26.984 dbar_end=0.696 occ_end=0.152 CSR_train=0.000 done_count=125
[upd 90] u=0 upd_ctr=6 opt_step=96 E=0.406 g=0.103 VarTD=0.126572 ret_end=-26.129 dbar_end=0.724 occ_end=0.208 CSR_train=0.000 done_count=125
[upd 100] u=1 upd_ctr=7 opt_step=112 E=0.073 g=0.121 VarTD=0.132496 ret_end=-26.047 dbar_end=0.672 occ_end=0.184 CSR_train=0.000 done_count=125
[upd 110] u=0 upd_ctr=7 opt_step=112 E=0.770 g=0.129 VarTD=0.107190 ret_end=-24.255 dbar_end=0.652 occ_end=0.152 CSR_train=0.000 done_count=125
[upd 120] u=0 upd_ctr=8 opt_step=128 E=0.437 g=0.125 VarTD=0.143514 ret_end=-25.505 dbar_end=0.663 occ_end=0.232 CSR_train=0.000 done_count=125
[upd 130] u=0 upd_ctr=9 opt_step=144 E=0.138 g=0.123 VarTD=0.153433 ret_end=-25.925 dbar_end=0.668 occ_end=0.250 CSR_train=0.000 done_count=100
[upd 140] u=0 upd_ctr=9 opt_step=144 E=0.871 g=0.120 VarTD=0.175935 ret_end=-26.387 dbar_end=0.676 occ_end=0.208 CSR_train=0.000 done_count=125
[upd 150] u=0 upd_ctr=10 opt_step=160 E=0.611 g=0.116 VarTD=0.167189 ret_end=-26.081 dbar_end=0.686 occ_end=0.168 CSR_train=0.000 done_count=125
[upd 160] u=0 upd_ctr=11 opt_step=176 E=0.303 g=0.133 VarTD=0.161848 ret_end=-25.217 dbar_end=0.642 occ_end=0.144 CSR_train=0.000 done_count=125
[upd 170] u=1 upd_ctr=12 opt_step=192 E=0.078 g=0.131 VarTD=0.157847 ret_end=-25.515 dbar_end=0.648 occ_end=0.232 CSR_train=0.008 done_count=125
[upd 180] u=0 upd_ctr=12 opt_step=192 E=0.856 g=0.129 VarTD=0.193508 ret_end=-26.614 dbar_end=0.653 occ_end=0.192 CSR_train=0.000 done_count=125
[upd 190] u=0 upd_ctr=13 opt_step=208 E=0.595 g=0.132 VarTD=0.210228 ret_end=-26.082 dbar_end=0.646 occ_end=0.224 CSR_train=0.000 done_count=125
[upd 200] u=0 upd_ctr=14 opt_step=224 E=0.308 g=0.129 VarTD=0.235301 ret_end=-25.830 dbar_end=0.652 occ_end=0.224 CSR_train=0.000 done_count=125
[upd 210] u=1 upd_ctr=15 opt_step=240 E=0.085 g=0.142 VarTD=0.236649 ret_end=-25.229 dbar_end=0.621 occ_end=0.176 CSR_train=0.000 done_count=125
[upd 220] u=0 upd_ctr=15 opt_step=240 E=0.873 g=0.131 VarTD=0.274139 ret_end=-25.553 dbar_end=0.647 occ_end=0.216 CSR_train=0.000 done_count=125
[upd 230] u=0 upd_ctr=16 opt_step=256 E=0.664 g=0.143 VarTD=0.317573 ret_end=-24.860 dbar_end=0.620 occ_end=0.256 CSR_train=0.000 done_count=125
[upd 240] u=0 upd_ctr=17 opt_step=272 E=0.402 g=0.146 VarTD=0.359504 ret_end=-24.593 dbar_end=0.612 occ_end=0.184 CSR_train=0.000 done_count=125
[upd 250] u=0 upd_ctr=18 opt_step=288 E=0.177 g=0.141 VarTD=0.427122 ret_end=-25.003 dbar_end=0.624 occ_end=0.240 CSR_train=0.000 done_count=125
[upd 260] u=0 upd_ctr=18 opt_step=288 E=1.000 g=0.145 VarTD=0.385896 ret_end=-24.559 dbar_end=0.615 occ_end=0.240 CSR_train=0.000 done_count=100
[upd 270] u=0 upd_ctr=19 opt_step=304 E=0.836 g=0.136 VarTD=0.508327 ret_end=-24.935 dbar_end=0.636 occ_end=0.208 CSR_train=0.000 done_count=125
[upd 280] u=0 upd_ctr=20 opt_step=320 E=0.697 g=0.127 VarTD=0.558092 ret_end=-25.771 dbar_end=0.658 occ_end=0.208 CSR_train=0.000 done_count=125
[upd 290] u=0 upd_ctr=21 opt_step=336 E=0.535 g=0.158 VarTD=0.695702 ret_end=-24.512 dbar_end=0.588 occ_end=0.240 CSR_train=0.008 done_count=125
[upd 300] u=0 upd_ctr=22 opt_step=352 E=0.365 g=0.159 VarTD=0.805143 ret_end=-25.036 dbar_end=0.586 occ_end=0.320 CSR_train=0.000 done_count=125
[upd 310] u=0 upd_ctr=23 opt_step=368 E=0.280 g=0.152 VarTD=0.857382 ret_end=-23.659 dbar_end=0.599 occ_end=0.248 CSR_train=0.000 done_count=125
[Gate5 check] update_counter violations: t0=0 diffs=0
[Gate5 check] opt_step violations: t0=0 diffs=0 (expected_inc=16)
[Gate5 check] NaN masking: nan_on_skip=True finite_on_update=True
[Gate5 summary] mean_update_fraction=0.0737 final_executed_updates_mean=23.00
[Gate5 eval] done_count mean=100.0 CSR mean=0.0000 len_end_mean=26.00
[Gate5 eval] episodes_per_env=4 T_eval=104
[Gate5 eval-debug] locked_eps_occ=0.20 pre(step25): dbar_end=0.508389 occupied_end_mean=0.330000 max_tilde_end_mean=0.718367 CSR@locked=0.000000
[Gate5 eval-debug] locked_eps_occ=0.20 post(step26): dbar_end=0.514954 occupied_end_mean=0.310000 max_tilde_end_mean=0.729884 CSR@locked=0.000000
[Gate5 eval-debug] CSR_pre@0.10=0.0000 CSR_pre@0.15=0.0000 CSR_pre@0.20=0.0000 CSR_pre@0.25=0.0100 CSR_pre@0.30=0.0300
[Gate5 eval-debug] CSR_post@0.10=0.0000 CSR_post@0.15=0.0000 CSR_post@0.20=0.0000 CSR_post@0.25=0.0200 CSR_post@0.30=0.0200
