Importing submoduled environments...
Submoduled environments not found. Skipping import.
[upd 0] u=1 upd_ctr=1 opt_step=16 E=0.115 g=0.073 VarTD=0.176583 ret_end=-28.932 dbar_end=0.832 occ_end=0.120 CSR_train=0.000 done_count=100
[upd 10] u=0 upd_ctr=1 opt_step=16 E=0.295 g=0.084 VarTD=0.145375 ret_end=-27.822 dbar_end=0.789 occ_end=0.112 CSR_train=0.000 done_count=125
[upd 20] u=0 upd_ctr=1 opt_step=16 E=0.486 g=0.093 VarTD=0.146987 ret_end=-27.233 dbar_end=0.757 occ_end=0.168 CSR_train=0.000 done_count=125
[upd 30] u=0 upd_ctr=1 opt_step=16 E=0.663 g=0.096 VarTD=0.137071 ret_end=-26.257 dbar_end=0.748 occ_end=0.184 CSR_train=0.000 done_count=125
[upd 40] u=0 upd_ctr=1 opt_step=16 E=0.844 g=0.088 VarTD=0.180465 ret_end=-27.591 dbar_end=0.774 occ_end=0.144 CSR_train=0.000 done_count=125
[upd 50] u=0 upd_ctr=2 opt_step=32 E=0.137 g=0.088 VarTD=0.172324 ret_end=-28.109 dbar_end=0.773 occ_end=0.128 CSR_train=0.000 done_count=125
[upd 60] u=0 upd_ctr=2 opt_step=32 E=0.329 g=0.094 VarTD=0.136304 ret_end=-26.273 dbar_end=0.752 occ_end=0.112 CSR_train=0.000 done_count=125
[upd 70] u=0 upd_ctr=2 opt_step=32 E=0.527 g=0.106 VarTD=0.137260 ret_end=-25.974 dbar_end=0.716 occ_end=0.160 CSR_train=0.008 done_count=125
[upd 80] u=0 upd_ctr=2 opt_step=32 E=0.715 g=0.089 VarTD=0.154674 ret_end=-28.107 dbar_end=0.771 occ_end=0.144 CSR_train=0.000 done_count=125
[upd 90] u=0 upd_ctr=2 opt_step=32 E=0.909 g=0.092 VarTD=0.142956 ret_end=-28.037 dbar_end=0.761 occ_end=0.160 CSR_train=0.000 done_count=125
[upd 100] u=0 upd_ctr=3 opt_step=48 E=0.205 g=0.097 VarTD=0.140550 ret_end=-27.593 dbar_end=0.742 occ_end=0.112 CSR_train=0.000 done_count=125
[upd 110] u=0 upd_ctr=3 opt_step=48 E=0.395 g=0.098 VarTD=0.158362 ret_end=-26.550 dbar_end=0.741 occ_end=0.128 CSR_train=0.000 done_count=125
[upd 120] u=0 upd_ctr=3 opt_step=48 E=0.596 g=0.108 VarTD=0.115583 ret_end=-26.495 dbar_end=0.709 occ_end=0.200 CSR_train=0.000 done_count=125
[Gate5 check] update_counter violations: t0=0 diffs=0
[Gate5 check] opt_step violations: t0=0 diffs=0 (expected_inc=16)
[Gate5 check] NaN masking: nan_on_skip=True finite_on_update=True
[Gate5 summary] mean_update_fraction=0.0240 final_executed_updates_mean=3.00
[Gate5 eval] done_count mean=100.0 CSR mean=0.0100 len_end_mean=26.00
[Gate5 eval] episodes_per_env=4 T_eval=104
[Gate5 eval-debug] locked_eps_occ=0.20 pre(step25): dbar_end=0.533048 occupied_end_mean=0.370000 max_tilde_end_mean=0.783128 CSR@locked=0.010000
[Gate5 eval-debug] locked_eps_occ=0.20 post(step26): dbar_end=0.535060 occupied_end_mean=0.320000 max_tilde_end_mean=0.785554 CSR@locked=0.010000
[Gate5 eval-debug] CSR_pre@0.10=0.0000 CSR_pre@0.15=0.0000 CSR_pre@0.20=0.0100 CSR_pre@0.25=0.0100 CSR_pre@0.30=0.0400
[Gate5 eval-debug] CSR_post@0.10=0.0000 CSR_post@0.15=0.0100 CSR_post@0.20=0.0100 CSR_post@0.25=0.0100 CSR_post@0.30=0.0200
