Importing submoduled environments...
Submoduled environments not found. Skipping import.
[upd 0] u=1 upd_ctr=1 opt_step=16 E=0.067 g=0.087 VarTD=0.169991 ret_end=-27.980 dbar_end=0.777 occ_end=0.130 CSR_train=0.000 done_count=100
[upd 10] u=0 upd_ctr=1 opt_step=16 E=0.255 g=0.097 VarTD=0.148660 ret_end=-28.362 dbar_end=0.744 occ_end=0.160 CSR_train=0.000 done_count=125
[upd 20] u=0 upd_ctr=1 opt_step=16 E=0.442 g=0.107 VarTD=0.133804 ret_end=-25.361 dbar_end=0.711 occ_end=0.200 CSR_train=0.000 done_count=125
[upd 30] u=0 upd_ctr=1 opt_step=16 E=0.638 g=0.107 VarTD=0.114053 ret_end=-26.242 dbar_end=0.712 occ_end=0.176 CSR_train=0.000 done_count=125
[upd 40] u=0 upd_ctr=1 opt_step=16 E=0.826 g=0.093 VarTD=0.157199 ret_end=-27.408 dbar_end=0.756 occ_end=0.120 CSR_train=0.000 done_count=125
[upd 50] u=0 upd_ctr=2 opt_step=32 E=0.054 g=0.085 VarTD=0.171922 ret_end=-28.346 dbar_end=0.787 occ_end=0.144 CSR_train=0.000 done_count=125
[upd 60] u=0 upd_ctr=2 opt_step=32 E=0.251 g=0.099 VarTD=0.151557 ret_end=-26.308 dbar_end=0.735 occ_end=0.232 CSR_train=0.000 done_count=125
[upd 70] u=0 upd_ctr=2 opt_step=32 E=0.449 g=0.104 VarTD=0.148780 ret_end=-27.017 dbar_end=0.720 occ_end=0.160 CSR_train=0.000 done_count=125
[upd 80] u=0 upd_ctr=2 opt_step=32 E=0.649 g=0.105 VarTD=0.139598 ret_end=-26.554 dbar_end=0.718 occ_end=0.216 CSR_train=0.000 done_count=125
[upd 90] u=0 upd_ctr=2 opt_step=32 E=0.837 g=0.096 VarTD=0.171666 ret_end=-27.610 dbar_end=0.747 occ_end=0.160 CSR_train=0.000 done_count=125
[upd 100] u=0 upd_ctr=3 opt_step=48 E=0.085 g=0.113 VarTD=0.130922 ret_end=-25.719 dbar_end=0.694 occ_end=0.168 CSR_train=0.000 done_count=125
[upd 110] u=0 upd_ctr=3 opt_step=48 E=0.291 g=0.105 VarTD=0.129376 ret_end=-26.151 dbar_end=0.717 occ_end=0.216 CSR_train=0.000 done_count=125
[upd 120] u=0 upd_ctr=3 opt_step=48 E=0.497 g=0.096 VarTD=0.114844 ret_end=-26.555 dbar_end=0.745 occ_end=0.128 CSR_train=0.000 done_count=125
[upd 130] u=0 upd_ctr=3 opt_step=48 E=0.698 g=0.095 VarTD=0.147080 ret_end=-27.378 dbar_end=0.750 occ_end=0.150 CSR_train=0.000 done_count=100
[upd 140] u=0 upd_ctr=3 opt_step=48 E=0.905 g=0.100 VarTD=0.163088 ret_end=-27.440 dbar_end=0.733 occ_end=0.208 CSR_train=0.000 done_count=125
[upd 150] u=0 upd_ctr=4 opt_step=64 E=0.171 g=0.118 VarTD=0.146042 ret_end=-26.224 dbar_end=0.680 occ_end=0.240 CSR_train=0.008 done_count=125
[upd 160] u=0 upd_ctr=4 opt_step=64 E=0.383 g=0.109 VarTD=0.134501 ret_end=-26.279 dbar_end=0.705 occ_end=0.176 CSR_train=0.000 done_count=125
[upd 170] u=0 upd_ctr=4 opt_step=64 E=0.598 g=0.106 VarTD=0.151565 ret_end=-26.844 dbar_end=0.716 occ_end=0.216 CSR_train=0.000 done_count=125
[upd 180] u=0 upd_ctr=4 opt_step=64 E=0.805 g=0.111 VarTD=0.141675 ret_end=-26.862 dbar_end=0.701 occ_end=0.176 CSR_train=0.000 done_count=125
[upd 190] u=0 upd_ctr=5 opt_step=80 E=0.066 g=0.099 VarTD=0.143575 ret_end=-27.216 dbar_end=0.736 occ_end=0.104 CSR_train=0.000 done_count=125
[upd 200] u=0 upd_ctr=5 opt_step=80 E=0.288 g=0.106 VarTD=0.125455 ret_end=-26.494 dbar_end=0.716 occ_end=0.160 CSR_train=0.000 done_count=125
[upd 210] u=0 upd_ctr=5 opt_step=80 E=0.507 g=0.108 VarTD=0.152603 ret_end=-26.808 dbar_end=0.709 occ_end=0.120 CSR_train=0.000 done_count=125
[upd 220] u=0 upd_ctr=5 opt_step=80 E=0.733 g=0.109 VarTD=0.135065 ret_end=-26.312 dbar_end=0.707 occ_end=0.208 CSR_train=0.000 done_count=125
[upd 230] u=0 upd_ctr=5 opt_step=80 E=0.950 g=0.099 VarTD=0.143912 ret_end=-26.516 dbar_end=0.736 occ_end=0.192 CSR_train=0.000 done_count=125
[upd 240] u=0 upd_ctr=6 opt_step=96 E=0.222 g=0.127 VarTD=0.136710 ret_end=-25.397 dbar_end=0.656 occ_end=0.216 CSR_train=0.000 done_count=125
[upd 250] u=0 upd_ctr=6 opt_step=96 E=0.440 g=0.101 VarTD=0.154542 ret_end=-27.146 dbar_end=0.729 occ_end=0.200 CSR_train=0.000 done_count=125
[upd 260] u=0 upd_ctr=6 opt_step=96 E=0.662 g=0.096 VarTD=0.124323 ret_end=-26.548 dbar_end=0.746 occ_end=0.090 CSR_train=0.000 done_count=100
[upd 270] u=0 upd_ctr=6 opt_step=96 E=0.887 g=0.115 VarTD=0.143840 ret_end=-26.395 dbar_end=0.688 occ_end=0.192 CSR_train=0.000 done_count=125
[upd 280] u=0 upd_ctr=7 opt_step=112 E=0.163 g=0.126 VarTD=0.165882 ret_end=-25.614 dbar_end=0.660 occ_end=0.176 CSR_train=0.000 done_count=125
[upd 290] u=0 upd_ctr=7 opt_step=112 E=0.395 g=0.124 VarTD=0.139656 ret_end=-25.015 dbar_end=0.664 occ_end=0.216 CSR_train=0.000 done_count=125
[upd 300] u=0 upd_ctr=7 opt_step=112 E=0.629 g=0.114 VarTD=0.128667 ret_end=-25.508 dbar_end=0.691 occ_end=0.168 CSR_train=0.000 done_count=125
[upd 310] u=0 upd_ctr=7 opt_step=112 E=0.854 g=0.114 VarTD=0.154855 ret_end=-26.548 dbar_end=0.690 occ_end=0.152 CSR_train=0.000 done_count=125
[Gate5 check] update_counter violations: t0=0 diffs=0
[Gate5 check] opt_step violations: t0=0 diffs=0 (expected_inc=16)
[Gate5 check] NaN masking: nan_on_skip=True finite_on_update=True
[Gate5 summary] mean_update_fraction=0.0224 final_executed_updates_mean=7.00
[Gate5 eval] done_count mean=100.0 CSR mean=0.0000 len_end_mean=26.00
[Gate5 eval] episodes_per_env=4 T_eval=104
[Gate5 eval-debug] locked_eps_occ=0.20 pre(step25): dbar_end=0.502009 occupied_end_mean=0.390000 max_tilde_end_mean=0.739623 CSR@locked=0.000000
[Gate5 eval-debug] locked_eps_occ=0.20 post(step26): dbar_end=0.497293 occupied_end_mean=0.440000 max_tilde_end_mean=0.730682 CSR@locked=0.000000
[Gate5 eval-debug] CSR_pre@0.10=0.0000 CSR_pre@0.15=0.0000 CSR_pre@0.20=0.0000 CSR_pre@0.25=0.0100 CSR_pre@0.30=0.0300
[Gate5 eval-debug] CSR_post@0.10=0.0000 CSR_post@0.15=0.0000 CSR_post@0.20=0.0000 CSR_post@0.25=0.0300 CSR_post@0.30=0.0400
