Importing submoduled environments...
Submoduled environments not found. Skipping import.
[upd 0] u=1 upd_ctr=1 opt_step=16 E=0.077 g=0.096 VarTD=0.126111 ret_end=-26.492 dbar_end=0.745 occ_end=0.140 CSR_train=0.000 done_count=100
[upd 10] u=0 upd_ctr=1 opt_step=16 E=0.824 g=0.101 VarTD=0.147310 ret_end=-26.592 dbar_end=0.729 occ_end=0.144 CSR_train=0.000 done_count=125
[upd 20] u=0 upd_ctr=2 opt_step=32 E=0.547 g=0.094 VarTD=0.151093 ret_end=-27.446 dbar_end=0.754 occ_end=0.144 CSR_train=0.000 done_count=125
[upd 30] u=0 upd_ctr=3 opt_step=48 E=0.337 g=0.112 VarTD=0.129198 ret_end=-25.258 dbar_end=0.696 occ_end=0.168 CSR_train=0.000 done_count=125
[upd 40] u=1 upd_ctr=4 opt_step=64 E=0.092 g=0.115 VarTD=0.123902 ret_end=-25.490 dbar_end=0.690 occ_end=0.128 CSR_train=0.000 done_count=125
[upd 50] u=0 upd_ctr=4 opt_step=64 E=0.930 g=0.098 VarTD=0.171839 ret_end=-27.714 dbar_end=0.740 occ_end=0.128 CSR_train=0.000 done_count=125
[upd 60] u=0 upd_ctr=5 opt_step=80 E=0.734 g=0.108 VarTD=0.138429 ret_end=-26.424 dbar_end=0.710 occ_end=0.152 CSR_train=0.000 done_count=125
[upd 70] u=0 upd_ctr=6 opt_step=96 E=0.518 g=0.099 VarTD=0.139979 ret_end=-27.097 dbar_end=0.735 occ_end=0.144 CSR_train=0.000 done_count=125
[upd 80] u=0 upd_ctr=7 opt_step=112 E=0.356 g=0.109 VarTD=0.163338 ret_end=-26.345 dbar_end=0.706 occ_end=0.232 CSR_train=0.000 done_count=125
[upd 90] u=0 upd_ctr=8 opt_step=128 E=0.190 g=0.121 VarTD=0.158269 ret_end=-26.211 dbar_end=0.673 occ_end=0.264 CSR_train=0.000 done_count=125
[upd 100] u=1 upd_ctr=9 opt_step=144 E=0.097 g=0.121 VarTD=0.172929 ret_end=-26.170 dbar_end=0.674 occ_end=0.168 CSR_train=0.000 done_count=125
[upd 110] u=0 upd_ctr=9 opt_step=144 E=1.000 g=0.128 VarTD=0.159603 ret_end=-26.115 dbar_end=0.654 occ_end=0.112 CSR_train=0.000 done_count=125
[upd 120] u=0 upd_ctr=10 opt_step=160 E=0.961 g=0.117 VarTD=0.193474 ret_end=-27.000 dbar_end=0.684 occ_end=0.184 CSR_train=0.000 done_count=125
[Gate5 check] update_counter violations: t0=0 diffs=0
[Gate5 check] opt_step violations: t0=0 diffs=0 (expected_inc=16)
[Gate5 check] NaN masking: nan_on_skip=True finite_on_update=True
[Gate5 summary] mean_update_fraction=0.0880 final_executed_updates_mean=11.00
[Gate5 eval] done_count mean=100.0 CSR mean=0.0100 len_end_mean=26.00
[Gate5 eval] episodes_per_env=4 T_eval=104
[Gate5 eval-debug] locked_eps_occ=0.20 pre(step25): dbar_end=0.476401 occupied_end_mean=0.410000 max_tilde_end_mean=0.686025 CSR@locked=0.000000
[Gate5 eval-debug] locked_eps_occ=0.20 post(step26): dbar_end=0.476590 occupied_end_mean=0.420000 max_tilde_end_mean=0.691563 CSR@locked=0.010000
[Gate5 eval-debug] CSR_pre@0.10=0.0000 CSR_pre@0.15=0.0000 CSR_pre@0.20=0.0000 CSR_pre@0.25=0.0000 CSR_pre@0.30=0.0200
[Gate5 eval-debug] CSR_post@0.10=0.0000 CSR_post@0.15=0.0000 CSR_post@0.20=0.0100 CSR_post@0.25=0.0200 CSR_post@0.30=0.0300
