Importing submoduled environments...
Submoduled environments not found. Skipping import.
[upd 0] u=1 upd_ctr=1 opt_step=16 E=0.900 g=0.102 VarTD=0.148347 ret_end=-26.397 dbar_end=0.726 occ_end=0.190 CSR_train=0.000 done_count=100
[upd 10] u=0 upd_ctr=9 opt_step=144 E=0.100 g=0.117 VarTD=0.142634 ret_end=-26.047 dbar_end=0.684 occ_end=0.176 CSR_train=0.000 done_count=125
[upd 20] u=0 upd_ctr=9 opt_step=144 E=0.100 g=0.124 VarTD=0.144677 ret_end=-25.827 dbar_end=0.664 occ_end=0.192 CSR_train=0.000 done_count=125
[upd 30] u=0 upd_ctr=9 opt_step=144 E=0.100 g=0.126 VarTD=0.137575 ret_end=-26.103 dbar_end=0.659 occ_end=0.248 CSR_train=0.000 done_count=125
[upd 40] u=0 upd_ctr=9 opt_step=144 E=0.100 g=0.130 VarTD=0.150375 ret_end=-25.664 dbar_end=0.650 occ_end=0.200 CSR_train=0.000 done_count=125
[upd 50] u=0 upd_ctr=9 opt_step=144 E=0.100 g=0.143 VarTD=0.138246 ret_end=-24.600 dbar_end=0.619 occ_end=0.240 CSR_train=0.000 done_count=125
[upd 60] u=0 upd_ctr=9 opt_step=144 E=0.100 g=0.112 VarTD=0.168346 ret_end=-27.353 dbar_end=0.698 occ_end=0.160 CSR_train=0.000 done_count=125
[upd 70] u=0 upd_ctr=9 opt_step=144 E=0.100 g=0.130 VarTD=0.157615 ret_end=-25.520 dbar_end=0.651 occ_end=0.248 CSR_train=0.000 done_count=125
[upd 80] u=0 upd_ctr=9 opt_step=144 E=0.100 g=0.121 VarTD=0.123338 ret_end=-26.543 dbar_end=0.673 occ_end=0.272 CSR_train=0.000 done_count=125
[upd 90] u=0 upd_ctr=9 opt_step=144 E=0.100 g=0.120 VarTD=0.138809 ret_end=-25.631 dbar_end=0.676 occ_end=0.184 CSR_train=0.000 done_count=125
[upd 100] u=0 upd_ctr=9 opt_step=144 E=0.100 g=0.125 VarTD=0.152394 ret_end=-25.678 dbar_end=0.661 occ_end=0.152 CSR_train=0.000 done_count=125
[upd 110] u=0 upd_ctr=9 opt_step=144 E=0.100 g=0.116 VarTD=0.134127 ret_end=-26.942 dbar_end=0.687 occ_end=0.256 CSR_train=0.000 done_count=125
[upd 120] u=0 upd_ctr=9 opt_step=144 E=0.100 g=0.128 VarTD=0.127420 ret_end=-25.694 dbar_end=0.655 occ_end=0.144 CSR_train=0.000 done_count=125
[Gate5 check] update_counter violations: t0=0 diffs=0
[Gate5 check] opt_step violations: t0=0 diffs=0 (expected_inc=16)
[Gate5 check] NaN masking: nan_on_skip=True finite_on_update=True
[Gate5 summary] mean_update_fraction=0.0720 final_executed_updates_mean=9.00
[Gate5 eval] done_count mean=100.0 CSR mean=0.0000 len_end_mean=26.00
[Gate5 eval] episodes_per_env=4 T_eval=104
[Gate5 eval-debug] locked_eps_occ=0.20 pre(step25): dbar_end=0.531027 occupied_end_mean=0.400000 max_tilde_end_mean=0.776188 CSR@locked=0.000000
[Gate5 eval-debug] locked_eps_occ=0.20 post(step26): dbar_end=0.534536 occupied_end_mean=0.400000 max_tilde_end_mean=0.790212 CSR@locked=0.000000
[Gate5 eval-debug] CSR_pre@0.10=0.0000 CSR_pre@0.15=0.0000 CSR_pre@0.20=0.0000 CSR_pre@0.25=0.0000 CSR_pre@0.30=0.0200
[Gate5 eval-debug] CSR_post@0.10=0.0000 CSR_post@0.15=0.0000 CSR_post@0.20=0.0000 CSR_post@0.25=0.0000 CSR_post@0.30=0.0300
