Importing submoduled environments...
Submoduled environments not found. Skipping import.
[upd 0] u=1 upd_ctr=1 opt_step=16 E=0.161 g=0.102 VarTD=0.148347 ret_end=-26.397 dbar_end=0.726 occ_end=0.190 CSR_train=0.000 done_count=100
[upd 10] u=0 upd_ctr=1 opt_step=16 E=0.721 g=0.089 VarTD=0.167256 ret_end=-27.327 dbar_end=0.769 occ_end=0.152 CSR_train=0.008 done_count=125
[upd 20] u=0 upd_ctr=2 opt_step=32 E=0.399 g=0.091 VarTD=0.164148 ret_end=-27.500 dbar_end=0.762 occ_end=0.152 CSR_train=0.000 done_count=125
[upd 30] u=1 upd_ctr=3 opt_step=48 E=0.091 g=0.100 VarTD=0.161334 ret_end=-27.736 dbar_end=0.735 occ_end=0.192 CSR_train=0.000 done_count=125
[upd 40] u=0 upd_ctr=3 opt_step=48 E=0.696 g=0.101 VarTD=0.152958 ret_end=-26.767 dbar_end=0.729 occ_end=0.128 CSR_train=0.000 done_count=125
[upd 50] u=0 upd_ctr=4 opt_step=64 E=0.401 g=0.125 VarTD=0.148881 ret_end=-25.452 dbar_end=0.663 occ_end=0.240 CSR_train=0.000 done_count=125
[upd 60] u=0 upd_ctr=5 opt_step=80 E=0.139 g=0.099 VarTD=0.171048 ret_end=-27.835 dbar_end=0.736 occ_end=0.112 CSR_train=0.000 done_count=125
[upd 70] u=0 upd_ctr=5 opt_step=80 E=0.790 g=0.118 VarTD=0.150000 ret_end=-25.850 dbar_end=0.681 occ_end=0.216 CSR_train=0.000 done_count=125
[upd 80] u=0 upd_ctr=6 opt_step=96 E=0.556 g=0.106 VarTD=0.133823 ret_end=-27.371 dbar_end=0.714 occ_end=0.224 CSR_train=0.000 done_count=125
[upd 90] u=0 upd_ctr=7 opt_step=112 E=0.313 g=0.116 VarTD=0.138459 ret_end=-26.097 dbar_end=0.686 occ_end=0.152 CSR_train=0.000 done_count=125
[upd 100] u=1 upd_ctr=8 opt_step=128 E=0.135 g=0.120 VarTD=0.157962 ret_end=-26.037 dbar_end=0.676 occ_end=0.176 CSR_train=0.000 done_count=125
[upd 110] u=0 upd_ctr=8 opt_step=128 E=0.842 g=0.102 VarTD=0.141614 ret_end=-27.616 dbar_end=0.728 occ_end=0.216 CSR_train=0.000 done_count=125
[upd 120] u=0 upd_ctr=9 opt_step=144 E=0.683 g=0.131 VarTD=0.128449 ret_end=-25.611 dbar_end=0.648 occ_end=0.168 CSR_train=0.000 done_count=125
[upd 130] u=0 upd_ctr=10 opt_step=160 E=0.548 g=0.133 VarTD=0.134304 ret_end=-25.250 dbar_end=0.642 occ_end=0.140 CSR_train=0.000 done_count=100
[upd 140] u=0 upd_ctr=11 opt_step=176 E=0.371 g=0.114 VarTD=0.157870 ret_end=-27.089 dbar_end=0.692 occ_end=0.136 CSR_train=0.000 done_count=125
[upd 150] u=0 upd_ctr=12 opt_step=192 E=0.210 g=0.122 VarTD=0.198566 ret_end=-25.669 dbar_end=0.670 occ_end=0.248 CSR_train=0.000 done_count=125
[upd 160] u=0 upd_ctr=12 opt_step=192 E=0.955 g=0.136 VarTD=0.182264 ret_end=-25.208 dbar_end=0.635 occ_end=0.200 CSR_train=0.000 done_count=125
[upd 170] u=0 upd_ctr=13 opt_step=208 E=0.851 g=0.143 VarTD=0.180171 ret_end=-24.720 dbar_end=0.619 occ_end=0.184 CSR_train=0.000 done_count=125
[upd 180] u=0 upd_ctr=14 opt_step=224 E=0.770 g=0.135 VarTD=0.230341 ret_end=-24.691 dbar_end=0.638 occ_end=0.184 CSR_train=0.000 done_count=125
[upd 190] u=0 upd_ctr=15 opt_step=240 E=0.684 g=0.133 VarTD=0.273059 ret_end=-25.387 dbar_end=0.643 occ_end=0.192 CSR_train=0.000 done_count=125
[upd 200] u=0 upd_ctr=16 opt_step=256 E=0.604 g=0.130 VarTD=0.329510 ret_end=-26.203 dbar_end=0.649 occ_end=0.208 CSR_train=0.000 done_count=125
[upd 210] u=0 upd_ctr=17 opt_step=272 E=0.600 g=0.156 VarTD=0.336096 ret_end=-23.759 dbar_end=0.592 occ_end=0.248 CSR_train=0.000 done_count=125
[upd 220] u=0 upd_ctr=18 opt_step=288 E=0.602 g=0.152 VarTD=0.414777 ret_end=-24.281 dbar_end=0.599 occ_end=0.192 CSR_train=0.000 done_count=125
[upd 230] u=0 upd_ctr=19 opt_step=304 E=0.615 g=0.157 VarTD=0.463804 ret_end=-23.946 dbar_end=0.590 occ_end=0.240 CSR_train=0.000 done_count=125
[upd 240] u=0 upd_ctr=20 opt_step=320 E=0.641 g=0.155 VarTD=0.552709 ret_end=-24.475 dbar_end=0.594 occ_end=0.224 CSR_train=0.000 done_count=125
[upd 250] u=0 upd_ctr=21 opt_step=336 E=0.663 g=0.160 VarTD=0.669996 ret_end=-24.420 dbar_end=0.583 occ_end=0.232 CSR_train=0.000 done_count=125
[upd 260] u=0 upd_ctr=22 opt_step=352 E=0.704 g=0.155 VarTD=0.659912 ret_end=-23.668 dbar_end=0.594 occ_end=0.260 CSR_train=0.000 done_count=100
[upd 270] u=0 upd_ctr=23 opt_step=368 E=0.761 g=0.161 VarTD=0.849095 ret_end=-23.858 dbar_end=0.581 occ_end=0.280 CSR_train=0.000 done_count=125
[upd 280] u=0 upd_ctr=24 opt_step=384 E=0.754 g=0.156 VarTD=0.978032 ret_end=-24.570 dbar_end=0.592 occ_end=0.248 CSR_train=0.000 done_count=125
[upd 290] u=0 upd_ctr=25 opt_step=400 E=0.792 g=0.156 VarTD=1.075945 ret_end=-24.365 dbar_end=0.592 occ_end=0.216 CSR_train=0.000 done_count=125
[upd 300] u=0 upd_ctr=26 opt_step=416 E=0.814 g=0.149 VarTD=1.234434 ret_end=-24.837 dbar_end=0.606 occ_end=0.200 CSR_train=0.008 done_count=125
[upd 310] u=0 upd_ctr=27 opt_step=432 E=0.874 g=0.152 VarTD=1.288333 ret_end=-24.771 dbar_end=0.601 occ_end=0.224 CSR_train=0.008 done_count=125
[Gate5 check] update_counter violations: t0=0 diffs=0
[Gate5 check] opt_step violations: t0=0 diffs=0 (expected_inc=16)
[Gate5 check] NaN masking: nan_on_skip=True finite_on_update=True
[Gate5 summary] mean_update_fraction=0.0865 final_executed_updates_mean=27.00
[Gate5 eval] done_count mean=100.0 CSR mean=0.0000 len_end_mean=26.00
[Gate5 eval] episodes_per_env=4 T_eval=104
[Gate5 eval-debug] locked_eps_occ=0.20 pre(step25): dbar_end=0.466511 occupied_end_mean=0.420000 max_tilde_end_mean=0.692241 CSR@locked=0.000000
[Gate5 eval-debug] locked_eps_occ=0.20 post(step26): dbar_end=0.463455 occupied_end_mean=0.390000 max_tilde_end_mean=0.683738 CSR@locked=0.000000
[Gate5 eval-debug] CSR_pre@0.10=0.0000 CSR_pre@0.15=0.0000 CSR_pre@0.20=0.0000 CSR_pre@0.25=0.0000 CSR_pre@0.30=0.0100
[Gate5 eval-debug] CSR_post@0.10=0.0000 CSR_post@0.15=0.0000 CSR_post@0.20=0.0000 CSR_post@0.25=0.0100 CSR_post@0.30=0.0300
