Importing submoduled environments...
Submoduled environments not found. Skipping import.
[upd 0] u=1 upd_ctr=1 opt_step=16 E=0.009 g=0.089 VarTD=0.203202 ret_end=-28.238 dbar_end=0.769 occ_end=0.170 CSR_train=0.000 done_count=100
[upd 10] u=0 upd_ctr=1 opt_step=16 E=0.104 g=0.094 VarTD=0.178732 ret_end=-27.407 dbar_end=0.753 occ_end=0.200 CSR_train=0.000 done_count=125
[upd 20] u=0 upd_ctr=1 opt_step=16 E=0.197 g=0.089 VarTD=0.146078 ret_end=-28.353 dbar_end=0.769 occ_end=0.176 CSR_train=0.000 done_count=125
[upd 30] u=0 upd_ctr=1 opt_step=16 E=0.286 g=0.093 VarTD=0.154659 ret_end=-27.687 dbar_end=0.756 occ_end=0.192 CSR_train=0.000 done_count=125
[upd 40] u=0 upd_ctr=1 opt_step=16 E=0.381 g=0.097 VarTD=0.147800 ret_end=-26.647 dbar_end=0.743 occ_end=0.176 CSR_train=0.000 done_count=125
[upd 50] u=0 upd_ctr=1 opt_step=16 E=0.476 g=0.087 VarTD=0.173903 ret_end=-27.487 dbar_end=0.777 occ_end=0.080 CSR_train=0.000 done_count=125
[upd 60] u=0 upd_ctr=1 opt_step=16 E=0.567 g=0.096 VarTD=0.146066 ret_end=-27.365 dbar_end=0.747 occ_end=0.120 CSR_train=0.000 done_count=125
[upd 70] u=0 upd_ctr=1 opt_step=16 E=0.661 g=0.090 VarTD=0.155553 ret_end=-27.559 dbar_end=0.768 occ_end=0.144 CSR_train=0.000 done_count=125
[upd 80] u=0 upd_ctr=1 opt_step=16 E=0.753 g=0.098 VarTD=0.163216 ret_end=-26.166 dbar_end=0.738 occ_end=0.144 CSR_train=0.000 done_count=125
[upd 90] u=0 upd_ctr=1 opt_step=16 E=0.844 g=0.101 VarTD=0.145609 ret_end=-26.781 dbar_end=0.731 occ_end=0.096 CSR_train=0.000 done_count=125
[upd 100] u=0 upd_ctr=1 opt_step=16 E=0.933 g=0.078 VarTD=0.168982 ret_end=-29.021 dbar_end=0.811 occ_end=0.112 CSR_train=0.000 done_count=125
[upd 110] u=0 upd_ctr=2 opt_step=32 E=0.019 g=0.092 VarTD=0.148603 ret_end=-27.622 dbar_end=0.759 occ_end=0.200 CSR_train=0.000 done_count=125
[upd 120] u=0 upd_ctr=2 opt_step=32 E=0.113 g=0.091 VarTD=0.160723 ret_end=-27.422 dbar_end=0.762 occ_end=0.216 CSR_train=0.000 done_count=125
[upd 130] u=0 upd_ctr=2 opt_step=32 E=0.210 g=0.090 VarTD=0.165690 ret_end=-27.863 dbar_end=0.768 occ_end=0.210 CSR_train=0.000 done_count=100
[upd 140] u=0 upd_ctr=2 opt_step=32 E=0.308 g=0.093 VarTD=0.185413 ret_end=-27.267 dbar_end=0.757 occ_end=0.120 CSR_train=0.000 done_count=125
[upd 150] u=0 upd_ctr=2 opt_step=32 E=0.400 g=0.093 VarTD=0.191236 ret_end=-28.511 dbar_end=0.758 occ_end=0.248 CSR_train=0.000 done_count=125
[upd 160] u=0 upd_ctr=2 opt_step=32 E=0.498 g=0.090 VarTD=0.167461 ret_end=-27.063 dbar_end=0.767 occ_end=0.112 CSR_train=0.000 done_count=125
[upd 170] u=0 upd_ctr=2 opt_step=32 E=0.592 g=0.089 VarTD=0.185386 ret_end=-28.290 dbar_end=0.772 occ_end=0.152 CSR_train=0.000 done_count=125
[upd 180] u=0 upd_ctr=2 opt_step=32 E=0.691 g=0.098 VarTD=0.148408 ret_end=-26.790 dbar_end=0.740 occ_end=0.184 CSR_train=0.000 done_count=125
[upd 190] u=0 upd_ctr=2 opt_step=32 E=0.786 g=0.090 VarTD=0.195070 ret_end=-27.341 dbar_end=0.765 occ_end=0.112 CSR_train=0.000 done_count=125
[upd 200] u=0 upd_ctr=2 opt_step=32 E=0.883 g=0.093 VarTD=0.143729 ret_end=-27.526 dbar_end=0.756 occ_end=0.160 CSR_train=0.000 done_count=125
[upd 210] u=0 upd_ctr=2 opt_step=32 E=0.976 g=0.100 VarTD=0.158893 ret_end=-26.127 dbar_end=0.735 occ_end=0.112 CSR_train=0.000 done_count=125
[upd 220] u=0 upd_ctr=3 opt_step=48 E=0.069 g=0.104 VarTD=0.172800 ret_end=-26.890 dbar_end=0.721 occ_end=0.152 CSR_train=0.000 done_count=125
[upd 230] u=0 upd_ctr=3 opt_step=48 E=0.168 g=0.104 VarTD=0.140136 ret_end=-26.808 dbar_end=0.719 occ_end=0.136 CSR_train=0.000 done_count=125
[upd 240] u=0 upd_ctr=3 opt_step=48 E=0.263 g=0.098 VarTD=0.162157 ret_end=-26.096 dbar_end=0.738 occ_end=0.144 CSR_train=0.000 done_count=125
[upd 250] u=0 upd_ctr=3 opt_step=48 E=0.361 g=0.096 VarTD=0.158018 ret_end=-27.272 dbar_end=0.748 occ_end=0.216 CSR_train=0.000 done_count=125
[upd 260] u=0 upd_ctr=3 opt_step=48 E=0.455 g=0.088 VarTD=0.159100 ret_end=-27.778 dbar_end=0.776 occ_end=0.170 CSR_train=0.000 done_count=100
[upd 270] u=0 upd_ctr=3 opt_step=48 E=0.551 g=0.090 VarTD=0.174371 ret_end=-28.175 dbar_end=0.767 occ_end=0.152 CSR_train=0.000 done_count=125
[upd 280] u=0 upd_ctr=3 opt_step=48 E=0.651 g=0.090 VarTD=0.176373 ret_end=-27.379 dbar_end=0.767 occ_end=0.152 CSR_train=0.000 done_count=125
[upd 290] u=0 upd_ctr=3 opt_step=48 E=0.746 g=0.090 VarTD=0.163759 ret_end=-27.091 dbar_end=0.768 occ_end=0.144 CSR_train=0.000 done_count=125
[upd 300] u=0 upd_ctr=3 opt_step=48 E=0.847 g=0.106 VarTD=0.142899 ret_end=-26.709 dbar_end=0.714 occ_end=0.160 CSR_train=0.000 done_count=125
[upd 310] u=0 upd_ctr=3 opt_step=48 E=0.944 g=0.102 VarTD=0.159023 ret_end=-26.296 dbar_end=0.728 occ_end=0.184 CSR_train=0.000 done_count=125
[Gate5 check] update_counter violations: t0=0 diffs=0
[Gate5 check] opt_step violations: t0=0 diffs=0 (expected_inc=16)
[Gate5 check] NaN masking: nan_on_skip=True finite_on_update=True
[Gate5 summary] mean_update_fraction=0.0096 final_executed_updates_mean=3.00
[Gate5 eval] done_count mean=100.0 CSR mean=0.0000 len_end_mean=26.00
[Gate5 eval] episodes_per_env=4 T_eval=104
[Gate5 eval-debug] locked_eps_occ=0.20 pre(step25): dbar_end=0.591328 occupied_end_mean=0.260000 max_tilde_end_mean=0.850669 CSR@locked=0.000000
[Gate5 eval-debug] locked_eps_occ=0.20 post(step26): dbar_end=0.594293 occupied_end_mean=0.290000 max_tilde_end_mean=0.855696 CSR@locked=0.000000
[Gate5 eval-debug] CSR_pre@0.10=0.0000 CSR_pre@0.15=0.0000 CSR_pre@0.20=0.0000 CSR_pre@0.25=0.0000 CSR_pre@0.30=0.0000
[Gate5 eval-debug] CSR_post@0.10=0.0000 CSR_post@0.15=0.0000 CSR_post@0.20=0.0000 CSR_post@0.25=0.0000 CSR_post@0.30=0.0000
