Importing submoduled environments...
Submoduled environments not found. Skipping import.
[upd 0] u=1 upd_ctr=1 opt_step=16 E=0.037 g=0.073 VarTD=0.176583 ret_end=-28.932 dbar_end=0.832 occ_end=0.120 CSR_train=0.000 done_count=100
[upd 10] u=0 upd_ctr=1 opt_step=16 E=0.487 g=0.084 VarTD=0.145375 ret_end=-27.822 dbar_end=0.789 occ_end=0.112 CSR_train=0.000 done_count=125
[upd 20] u=0 upd_ctr=1 opt_step=16 E=0.965 g=0.093 VarTD=0.146987 ret_end=-27.233 dbar_end=0.757 occ_end=0.168 CSR_train=0.000 done_count=125
[upd 30] u=0 upd_ctr=2 opt_step=32 E=0.426 g=0.102 VarTD=0.135290 ret_end=-25.907 dbar_end=0.726 occ_end=0.232 CSR_train=0.008 done_count=125
[upd 40] u=0 upd_ctr=2 opt_step=32 E=0.906 g=0.095 VarTD=0.169089 ret_end=-27.218 dbar_end=0.750 occ_end=0.160 CSR_train=0.000 done_count=125
[upd 50] u=0 upd_ctr=3 opt_step=48 E=0.404 g=0.095 VarTD=0.168808 ret_end=-27.604 dbar_end=0.750 occ_end=0.152 CSR_train=0.000 done_count=125
[upd 60] u=0 upd_ctr=3 opt_step=48 E=0.913 g=0.100 VarTD=0.127945 ret_end=-26.003 dbar_end=0.733 occ_end=0.120 CSR_train=0.000 done_count=125
[upd 70] u=0 upd_ctr=4 opt_step=64 E=0.427 g=0.119 VarTD=0.127860 ret_end=-25.382 dbar_end=0.677 occ_end=0.192 CSR_train=0.008 done_count=125
[upd 80] u=0 upd_ctr=4 opt_step=64 E=0.948 g=0.102 VarTD=0.143076 ret_end=-27.540 dbar_end=0.728 occ_end=0.208 CSR_train=0.000 done_count=125
[upd 90] u=0 upd_ctr=5 opt_step=80 E=0.445 g=0.104 VarTD=0.135159 ret_end=-27.288 dbar_end=0.720 occ_end=0.176 CSR_train=0.000 done_count=125
[upd 100] u=0 upd_ctr=5 opt_step=80 E=0.999 g=0.119 VarTD=0.127681 ret_end=-26.564 dbar_end=0.679 occ_end=0.144 CSR_train=0.000 done_count=125
[upd 110] u=0 upd_ctr=6 opt_step=96 E=0.494 g=0.120 VarTD=0.135848 ret_end=-25.405 dbar_end=0.675 occ_end=0.176 CSR_train=0.000 done_count=125
[upd 120] u=1 upd_ctr=7 opt_step=112 E=0.058 g=0.116 VarTD=0.117043 ret_end=-26.096 dbar_end=0.687 occ_end=0.192 CSR_train=0.000 done_count=125
[upd 130] u=0 upd_ctr=7 opt_step=112 E=0.656 g=0.129 VarTD=0.122980 ret_end=-25.151 dbar_end=0.653 occ_end=0.160 CSR_train=0.000 done_count=100
[upd 140] u=0 upd_ctr=8 opt_step=128 E=0.228 g=0.118 VarTD=0.154566 ret_end=-26.359 dbar_end=0.680 occ_end=0.184 CSR_train=0.000 done_count=125
[upd 150] u=0 upd_ctr=8 opt_step=128 E=0.848 g=0.120 VarTD=0.152053 ret_end=-26.553 dbar_end=0.675 occ_end=0.208 CSR_train=0.000 done_count=125
[upd 160] u=0 upd_ctr=9 opt_step=144 E=0.449 g=0.126 VarTD=0.154236 ret_end=-25.868 dbar_end=0.659 occ_end=0.224 CSR_train=0.000 done_count=125
[upd 170] u=1 upd_ctr=10 opt_step=160 E=0.061 g=0.123 VarTD=0.136795 ret_end=-25.944 dbar_end=0.668 occ_end=0.224 CSR_train=0.000 done_count=125
[upd 180] u=0 upd_ctr=10 opt_step=160 E=0.711 g=0.143 VarTD=0.129903 ret_end=-24.177 dbar_end=0.619 occ_end=0.224 CSR_train=0.000 done_count=125
[upd 190] u=0 upd_ctr=11 opt_step=176 E=0.340 g=0.132 VarTD=0.179116 ret_end=-26.101 dbar_end=0.645 occ_end=0.240 CSR_train=0.000 done_count=125
[upd 200] u=0 upd_ctr=11 opt_step=176 E=1.000 g=0.126 VarTD=0.220346 ret_end=-26.389 dbar_end=0.661 occ_end=0.256 CSR_train=0.008 done_count=125
[upd 210] u=0 upd_ctr=12 opt_step=192 E=0.712 g=0.137 VarTD=0.207839 ret_end=-25.652 dbar_end=0.632 occ_end=0.224 CSR_train=0.000 done_count=125
[upd 220] u=0 upd_ctr=13 opt_step=208 E=0.347 g=0.139 VarTD=0.219741 ret_end=-25.177 dbar_end=0.629 occ_end=0.112 CSR_train=0.000 done_count=125
[upd 230] u=0 upd_ctr=13 opt_step=208 E=1.000 g=0.147 VarTD=0.216855 ret_end=-24.742 dbar_end=0.610 occ_end=0.232 CSR_train=0.000 done_count=125
[upd 240] u=0 upd_ctr=14 opt_step=224 E=0.710 g=0.131 VarTD=0.251970 ret_end=-25.785 dbar_end=0.646 occ_end=0.232 CSR_train=0.000 done_count=125
[upd 250] u=0 upd_ctr=15 opt_step=240 E=0.349 g=0.134 VarTD=0.255143 ret_end=-25.416 dbar_end=0.640 occ_end=0.248 CSR_train=0.000 done_count=125
[upd 260] u=1 upd_ctr=16 opt_step=256 E=0.084 g=0.169 VarTD=0.258649 ret_end=-23.887 dbar_end=0.567 occ_end=0.270 CSR_train=0.000 done_count=100
[upd 270] u=0 upd_ctr=16 opt_step=256 E=0.815 g=0.148 VarTD=0.339723 ret_end=-24.442 dbar_end=0.609 occ_end=0.232 CSR_train=0.000 done_count=125
[upd 280] u=0 upd_ctr=17 opt_step=272 E=0.519 g=0.139 VarTD=0.393485 ret_end=-24.875 dbar_end=0.629 occ_end=0.208 CSR_train=0.000 done_count=125
[upd 290] u=0 upd_ctr=18 opt_step=288 E=0.226 g=0.148 VarTD=0.435144 ret_end=-24.210 dbar_end=0.609 occ_end=0.224 CSR_train=0.000 done_count=125
[upd 300] u=0 upd_ctr=18 opt_step=288 E=0.987 g=0.157 VarTD=0.450171 ret_end=-23.919 dbar_end=0.590 occ_end=0.320 CSR_train=0.000 done_count=125
[upd 310] u=0 upd_ctr=19 opt_step=304 E=0.703 g=0.147 VarTD=0.516929 ret_end=-24.703 dbar_end=0.610 occ_end=0.256 CSR_train=0.000 done_count=125
[Gate5 check] update_counter violations: t0=0 diffs=0
[Gate5 check] opt_step violations: t0=0 diffs=0 (expected_inc=16)
[Gate5 check] NaN masking: nan_on_skip=True finite_on_update=True
[Gate5 summary] mean_update_fraction=0.0609 final_executed_updates_mean=19.00
[Gate5 eval] done_count mean=100.0 CSR mean=0.0100 len_end_mean=26.00
[Gate5 eval] episodes_per_env=4 T_eval=104
[Gate5 eval-debug] locked_eps_occ=0.20 pre(step25): dbar_end=0.502928 occupied_end_mean=0.410000 max_tilde_end_mean=0.706135 CSR@locked=0.000000
[Gate5 eval-debug] locked_eps_occ=0.20 post(step26): dbar_end=0.500691 occupied_end_mean=0.360000 max_tilde_end_mean=0.694909 CSR@locked=0.010000
[Gate5 eval-debug] CSR_pre@0.10=0.0000 CSR_pre@0.15=0.0000 CSR_pre@0.20=0.0000 CSR_pre@0.25=0.0000 CSR_pre@0.30=0.0200
[Gate5 eval-debug] CSR_post@0.10=0.0000 CSR_post@0.15=0.0000 CSR_post@0.20=0.0100 CSR_post@0.25=0.0300 CSR_post@0.30=0.0500
