Importing submoduled environments...
Submoduled environments not found. Skipping import.
[upd 0] u=1 upd_ctr=1 opt_step=16 E=0.127 g=0.096 VarTD=0.126111 ret_end=-26.492 dbar_end=0.745 occ_end=0.140 CSR_train=0.000 done_count=100
[upd 10] u=0 upd_ctr=1 opt_step=16 E=0.874 g=0.101 VarTD=0.147310 ret_end=-26.592 dbar_end=0.729 occ_end=0.144 CSR_train=0.000 done_count=125
[upd 20] u=0 upd_ctr=2 opt_step=32 E=0.676 g=0.093 VarTD=0.155791 ret_end=-27.431 dbar_end=0.756 occ_end=0.136 CSR_train=0.000 done_count=125
[upd 30] u=0 upd_ctr=3 opt_step=48 E=0.521 g=0.104 VarTD=0.138356 ret_end=-25.653 dbar_end=0.721 occ_end=0.160 CSR_train=0.000 done_count=125
[upd 40] u=0 upd_ctr=4 opt_step=64 E=0.386 g=0.117 VarTD=0.130777 ret_end=-25.433 dbar_end=0.683 occ_end=0.136 CSR_train=0.000 done_count=125
[upd 50] u=0 upd_ctr=5 opt_step=80 E=0.259 g=0.098 VarTD=0.171398 ret_end=-27.595 dbar_end=0.740 occ_end=0.096 CSR_train=0.000 done_count=125
[upd 60] u=1 upd_ctr=6 opt_step=96 E=0.138 g=0.110 VarTD=0.145653 ret_end=-26.179 dbar_end=0.702 occ_end=0.144 CSR_train=0.000 done_count=125
[upd 70] u=0 upd_ctr=6 opt_step=96 E=1.000 g=0.104 VarTD=0.140798 ret_end=-26.798 dbar_end=0.721 occ_end=0.144 CSR_train=0.000 done_count=125
[upd 80] u=0 upd_ctr=7 opt_step=112 E=0.977 g=0.116 VarTD=0.158217 ret_end=-25.945 dbar_end=0.686 occ_end=0.256 CSR_train=0.000 done_count=125
[upd 90] u=0 upd_ctr=8 opt_step=128 E=1.000 g=0.132 VarTD=0.156217 ret_end=-25.691 dbar_end=0.644 occ_end=0.296 CSR_train=0.000 done_count=125
[upd 100] u=1 upd_ctr=10 opt_step=160 E=0.151 g=0.139 VarTD=0.160725 ret_end=-25.003 dbar_end=0.629 occ_end=0.200 CSR_train=0.000 done_count=125
[upd 110] u=0 upd_ctr=11 opt_step=176 E=0.268 g=0.147 VarTD=0.195682 ret_end=-25.410 dbar_end=0.610 occ_end=0.264 CSR_train=0.000 done_count=125
[upd 120] u=0 upd_ctr=12 opt_step=192 E=0.372 g=0.138 VarTD=0.232843 ret_end=-26.200 dbar_end=0.631 occ_end=0.248 CSR_train=0.000 done_count=125
[upd 130] u=0 upd_ctr=13 opt_step=208 E=0.471 g=0.141 VarTD=0.217769 ret_end=-25.651 dbar_end=0.624 occ_end=0.220 CSR_train=0.000 done_count=100
[upd 140] u=0 upd_ctr=14 opt_step=224 E=0.583 g=0.141 VarTD=0.241022 ret_end=-25.006 dbar_end=0.624 occ_end=0.224 CSR_train=0.000 done_count=125
[upd 150] u=0 upd_ctr=15 opt_step=240 E=0.760 g=0.165 VarTD=0.301661 ret_end=-24.376 dbar_end=0.574 occ_end=0.304 CSR_train=0.000 done_count=125
[upd 160] u=0 upd_ctr=16 opt_step=256 E=0.980 g=0.143 VarTD=0.323732 ret_end=-25.355 dbar_end=0.620 occ_end=0.272 CSR_train=0.008 done_count=125
[upd 170] u=0 upd_ctr=18 opt_step=288 E=0.271 g=0.151 VarTD=0.454182 ret_end=-24.575 dbar_end=0.601 occ_end=0.256 CSR_train=0.000 done_count=125
[upd 180] u=0 upd_ctr=19 opt_step=304 E=0.505 g=0.153 VarTD=0.467137 ret_end=-24.887 dbar_end=0.598 occ_end=0.200 CSR_train=0.000 done_count=125
[upd 190] u=0 upd_ctr=20 opt_step=320 E=0.750 g=0.146 VarTD=0.606419 ret_end=-24.611 dbar_end=0.612 occ_end=0.200 CSR_train=0.000 done_count=125
[upd 200] u=0 upd_ctr=21 opt_step=336 E=1.000 g=0.160 VarTD=0.665075 ret_end=-24.271 dbar_end=0.583 occ_end=0.232 CSR_train=0.000 done_count=125
[upd 210] u=0 upd_ctr=23 opt_step=368 E=0.390 g=0.171 VarTD=0.921137 ret_end=-23.577 dbar_end=0.562 occ_end=0.304 CSR_train=0.000 done_count=125
[upd 220] u=0 upd_ctr=24 opt_step=384 E=0.749 g=0.168 VarTD=1.037675 ret_end=-24.723 dbar_end=0.568 occ_end=0.256 CSR_train=0.008 done_count=125
[upd 230] u=1 upd_ctr=26 opt_step=416 E=0.193 g=0.178 VarTD=1.148414 ret_end=-23.042 dbar_end=0.549 occ_end=0.320 CSR_train=0.000 done_count=125
[upd 240] u=0 upd_ctr=27 opt_step=432 E=0.616 g=0.169 VarTD=1.392029 ret_end=-24.414 dbar_end=0.566 occ_end=0.248 CSR_train=0.000 done_count=125
[upd 250] u=0 upd_ctr=28 opt_step=448 E=1.000 g=0.171 VarTD=1.583368 ret_end=-24.652 dbar_end=0.562 occ_end=0.304 CSR_train=0.000 done_count=125
[upd 260] u=0 upd_ctr=30 opt_step=480 E=0.456 g=0.166 VarTD=1.465935 ret_end=-24.275 dbar_end=0.572 occ_end=0.220 CSR_train=0.010 done_count=100
[upd 270] u=0 upd_ctr=31 opt_step=496 E=0.919 g=0.173 VarTD=1.964910 ret_end=-23.448 dbar_end=0.558 occ_end=0.280 CSR_train=0.000 done_count=125
[upd 280] u=0 upd_ctr=33 opt_step=528 E=0.324 g=0.168 VarTD=2.326239 ret_end=-24.033 dbar_end=0.568 occ_end=0.304 CSR_train=0.000 done_count=125
[upd 290] u=0 upd_ctr=34 opt_step=544 E=0.760 g=0.185 VarTD=2.516055 ret_end=-24.456 dbar_end=0.537 occ_end=0.320 CSR_train=0.000 done_count=125
[upd 300] u=1 upd_ctr=36 opt_step=576 E=0.186 g=0.171 VarTD=2.643606 ret_end=-24.044 dbar_end=0.563 occ_end=0.328 CSR_train=0.000 done_count=125
[upd 310] u=0 upd_ctr=37 opt_step=592 E=0.637 g=0.191 VarTD=2.938030 ret_end=-22.443 dbar_end=0.526 occ_end=0.296 CSR_train=0.000 done_count=125
[Gate5 check] update_counter violations: t0=0 diffs=0
[Gate5 check] opt_step violations: t0=0 diffs=0 (expected_inc=16)
[Gate5 check] NaN masking: nan_on_skip=True finite_on_update=True
[Gate5 summary] mean_update_fraction=0.1186 final_executed_updates_mean=37.00
[Gate5 eval] done_count mean=100.0 CSR mean=0.0000 len_end_mean=26.00
[Gate5 eval] episodes_per_env=4 T_eval=104
[Gate5 eval-debug] locked_eps_occ=0.20 pre(step25): dbar_end=0.493717 occupied_end_mean=0.300000 max_tilde_end_mean=0.689212 CSR@locked=0.000000
[Gate5 eval-debug] locked_eps_occ=0.20 post(step26): dbar_end=0.493077 occupied_end_mean=0.310000 max_tilde_end_mean=0.689218 CSR@locked=0.000000
[Gate5 eval-debug] CSR_pre@0.10=0.0000 CSR_pre@0.15=0.0000 CSR_pre@0.20=0.0000 CSR_pre@0.25=0.0200 CSR_pre@0.30=0.0600
[Gate5 eval-debug] CSR_post@0.10=0.0000 CSR_post@0.15=0.0000 CSR_post@0.20=0.0000 CSR_post@0.25=0.0100 CSR_post@0.30=0.0500
