Importing submoduled environments...
Submoduled environments not found. Skipping import.
[upd 0] u=1 upd_ctr=1 opt_step=16 E=0.174 g=0.105 VarTD=0.153100 ret_end=-26.906 dbar_end=0.718 occ_end=0.160 CSR_train=0.000 done_count=100
[upd 10] u=0 upd_ctr=1 opt_step=16 E=0.825 g=0.079 VarTD=0.158451 ret_end=-28.492 dbar_end=0.807 occ_end=0.088 CSR_train=0.000 done_count=125
[upd 20] u=0 upd_ctr=2 opt_step=32 E=0.616 g=0.103 VarTD=0.133285 ret_end=-26.457 dbar_end=0.725 occ_end=0.184 CSR_train=0.000 done_count=125
[upd 30] u=0 upd_ctr=3 opt_step=48 E=0.424 g=0.106 VarTD=0.148274 ret_end=-27.007 dbar_end=0.715 occ_end=0.176 CSR_train=0.000 done_count=125
[upd 40] u=0 upd_ctr=4 opt_step=64 E=0.248 g=0.102 VarTD=0.142955 ret_end=-27.820 dbar_end=0.727 occ_end=0.168 CSR_train=0.008 done_count=125
[upd 50] u=1 upd_ctr=5 opt_step=80 E=0.125 g=0.098 VarTD=0.140330 ret_end=-27.627 dbar_end=0.739 occ_end=0.160 CSR_train=0.000 done_count=125
[upd 60] u=0 upd_ctr=5 opt_step=80 E=0.916 g=0.111 VarTD=0.139142 ret_end=-26.474 dbar_end=0.701 occ_end=0.184 CSR_train=0.000 done_count=125
[upd 70] u=0 upd_ctr=6 opt_step=96 E=0.849 g=0.133 VarTD=0.135423 ret_end=-25.205 dbar_end=0.643 occ_end=0.280 CSR_train=0.000 done_count=125
[upd 80] u=0 upd_ctr=7 opt_step=112 E=0.810 g=0.138 VarTD=0.115375 ret_end=-24.276 dbar_end=0.631 occ_end=0.272 CSR_train=0.000 done_count=125
[upd 90] u=0 upd_ctr=8 opt_step=128 E=0.776 g=0.135 VarTD=0.138808 ret_end=-24.808 dbar_end=0.638 occ_end=0.240 CSR_train=0.000 done_count=125
[upd 100] u=0 upd_ctr=9 opt_step=144 E=0.772 g=0.127 VarTD=0.150093 ret_end=-25.984 dbar_end=0.658 occ_end=0.184 CSR_train=0.000 done_count=125
[upd 110] u=0 upd_ctr=10 opt_step=160 E=0.819 g=0.139 VarTD=0.157961 ret_end=-24.882 dbar_end=0.628 occ_end=0.192 CSR_train=0.000 done_count=125
[upd 120] u=0 upd_ctr=11 opt_step=176 E=0.854 g=0.127 VarTD=0.171983 ret_end=-25.962 dbar_end=0.656 occ_end=0.208 CSR_train=0.000 done_count=125
[Gate5 check] update_counter violations: t0=0 diffs=0
[Gate5 check] opt_step violations: t0=0 diffs=0 (expected_inc=16)
[Gate5 check] NaN masking: nan_on_skip=True finite_on_update=True
[Gate5 summary] mean_update_fraction=0.0960 final_executed_updates_mean=12.00
[Gate5 eval] done_count mean=100.0 CSR mean=0.0200 len_end_mean=26.00
[Gate5 eval] episodes_per_env=4 T_eval=104
[Gate5 eval-debug] locked_eps_occ=0.20 pre(step25): dbar_end=0.497467 occupied_end_mean=0.380000 max_tilde_end_mean=0.700781 CSR@locked=0.010000
[Gate5 eval-debug] locked_eps_occ=0.20 post(step26): dbar_end=0.494198 occupied_end_mean=0.380000 max_tilde_end_mean=0.700280 CSR@locked=0.020000
[Gate5 eval-debug] CSR_pre@0.10=0.0000 CSR_pre@0.15=0.0000 CSR_pre@0.20=0.0100 CSR_pre@0.25=0.0200 CSR_pre@0.30=0.0400
[Gate5 eval-debug] CSR_post@0.10=0.0100 CSR_post@0.15=0.0100 CSR_post@0.20=0.0200 CSR_post@0.25=0.0200 CSR_post@0.30=0.0500
