Importing submoduled environments...
Submoduled environments not found. Skipping import.
[upd 0] u=1 upd_ctr=1 opt_step=16 E=0.426 g=0.086 VarTD=0.176520 ret_end=-28.138 dbar_end=0.781 occ_end=0.160 CSR_train=0.000 done_count=100
[upd 10] u=0 upd_ctr=2 opt_step=32 E=0.103 g=0.086 VarTD=0.145467 ret_end=-27.373 dbar_end=0.780 occ_end=0.144 CSR_train=0.000 done_count=125
[upd 20] u=0 upd_ctr=2 opt_step=32 E=0.402 g=0.108 VarTD=0.154151 ret_end=-27.004 dbar_end=0.708 occ_end=0.160 CSR_train=0.000 done_count=125
[upd 30] u=0 upd_ctr=3 opt_step=48 E=0.104 g=0.096 VarTD=0.144178 ret_end=-26.360 dbar_end=0.747 occ_end=0.120 CSR_train=0.000 done_count=125
[upd 40] u=0 upd_ctr=3 opt_step=48 E=0.407 g=0.106 VarTD=0.147048 ret_end=-26.386 dbar_end=0.714 occ_end=0.184 CSR_train=0.000 done_count=125
[upd 50] u=0 upd_ctr=4 opt_step=64 E=0.123 g=0.105 VarTD=0.154314 ret_end=-26.747 dbar_end=0.717 occ_end=0.208 CSR_train=0.000 done_count=125
[upd 60] u=0 upd_ctr=4 opt_step=64 E=0.436 g=0.101 VarTD=0.151942 ret_end=-26.673 dbar_end=0.730 occ_end=0.216 CSR_train=0.000 done_count=125
[upd 70] u=0 upd_ctr=5 opt_step=80 E=0.138 g=0.107 VarTD=0.151780 ret_end=-26.660 dbar_end=0.713 occ_end=0.152 CSR_train=0.000 done_count=125
[upd 80] u=0 upd_ctr=5 opt_step=80 E=0.465 g=0.122 VarTD=0.154288 ret_end=-25.593 dbar_end=0.669 occ_end=0.152 CSR_train=0.000 done_count=125
[upd 90] u=0 upd_ctr=6 opt_step=96 E=0.186 g=0.113 VarTD=0.170031 ret_end=-26.533 dbar_end=0.694 occ_end=0.128 CSR_train=0.000 done_count=125
[upd 100] u=0 upd_ctr=6 opt_step=96 E=0.534 g=0.100 VarTD=0.164468 ret_end=-26.617 dbar_end=0.733 occ_end=0.168 CSR_train=0.000 done_count=125
[upd 110] u=0 upd_ctr=7 opt_step=112 E=0.269 g=0.121 VarTD=0.148037 ret_end=-25.782 dbar_end=0.672 occ_end=0.208 CSR_train=0.000 done_count=125
[upd 120] u=0 upd_ctr=7 opt_step=112 E=0.619 g=0.118 VarTD=0.157727 ret_end=-26.497 dbar_end=0.680 occ_end=0.216 CSR_train=0.000 done_count=125
[Gate5 check] update_counter violations: t0=0 diffs=0
[Gate5 check] opt_step violations: t0=0 diffs=0 (expected_inc=16)
[Gate5 check] NaN masking: nan_on_skip=True finite_on_update=True
[Gate5 summary] mean_update_fraction=0.0640 final_executed_updates_mean=8.00
[Gate5 eval] done_count mean=100.0 CSR mean=0.0000 len_end_mean=26.00
[Gate5 eval] episodes_per_env=4 T_eval=104
[Gate5 eval-debug] locked_eps_occ=0.20 pre(step25): dbar_end=0.520202 occupied_end_mean=0.270000 max_tilde_end_mean=0.730574 CSR@locked=0.000000
[Gate5 eval-debug] locked_eps_occ=0.20 post(step26): dbar_end=0.518456 occupied_end_mean=0.350000 max_tilde_end_mean=0.734556 CSR@locked=0.000000
[Gate5 eval-debug] CSR_pre@0.10=0.0000 CSR_pre@0.15=0.0000 CSR_pre@0.20=0.0000 CSR_pre@0.25=0.0000 CSR_pre@0.30=0.0200
[Gate5 eval-debug] CSR_post@0.10=0.0000 CSR_post@0.15=0.0000 CSR_post@0.20=0.0000 CSR_post@0.25=0.0100 CSR_post@0.30=0.0200
