Importing submoduled environments...
Submoduled environments not found. Skipping import.
[upd 0] u=1 upd_ctr=1 opt_step=16 E=0.057 g=0.096 VarTD=0.158273 ret_end=-27.822 dbar_end=0.748 occ_end=0.150 CSR_train=0.000 done_count=100
[upd 10] u=0 upd_ctr=1 opt_step=16 E=0.632 g=0.097 VarTD=0.181267 ret_end=-27.128 dbar_end=0.741 occ_end=0.144 CSR_train=0.000 done_count=125
[upd 20] u=0 upd_ctr=2 opt_step=32 E=0.184 g=0.095 VarTD=0.166177 ret_end=-27.300 dbar_end=0.749 occ_end=0.192 CSR_train=0.008 done_count=125
[upd 30] u=0 upd_ctr=2 opt_step=32 E=0.787 g=0.084 VarTD=0.177102 ret_end=-28.577 dbar_end=0.789 occ_end=0.080 CSR_train=0.000 done_count=125
[upd 40] u=0 upd_ctr=3 opt_step=48 E=0.375 g=0.100 VarTD=0.139619 ret_end=-27.253 dbar_end=0.732 occ_end=0.128 CSR_train=0.000 done_count=125
[upd 50] u=0 upd_ctr=3 opt_step=48 E=0.981 g=0.117 VarTD=0.137208 ret_end=-25.753 dbar_end=0.684 occ_end=0.168 CSR_train=0.000 done_count=125
[upd 60] u=0 upd_ctr=4 opt_step=64 E=0.566 g=0.102 VarTD=0.152201 ret_end=-26.964 dbar_end=0.726 occ_end=0.200 CSR_train=0.000 done_count=125
[upd 70] u=0 upd_ctr=5 opt_step=80 E=0.136 g=0.099 VarTD=0.190011 ret_end=-27.969 dbar_end=0.735 occ_end=0.240 CSR_train=0.000 done_count=125
[upd 80] u=0 upd_ctr=5 opt_step=80 E=0.785 g=0.114 VarTD=0.170185 ret_end=-26.111 dbar_end=0.693 occ_end=0.248 CSR_train=0.000 done_count=125
[upd 90] u=0 upd_ctr=6 opt_step=96 E=0.391 g=0.113 VarTD=0.149064 ret_end=-26.081 dbar_end=0.695 occ_end=0.168 CSR_train=0.000 done_count=125
[upd 100] u=0 upd_ctr=6 opt_step=96 E=1.000 g=0.112 VarTD=0.163318 ret_end=-26.571 dbar_end=0.697 occ_end=0.168 CSR_train=0.000 done_count=125
[upd 110] u=0 upd_ctr=7 opt_step=112 E=0.619 g=0.100 VarTD=0.179508 ret_end=-26.952 dbar_end=0.733 occ_end=0.184 CSR_train=0.000 done_count=125
[upd 120] u=0 upd_ctr=8 opt_step=128 E=0.176 g=0.096 VarTD=0.185449 ret_end=-27.617 dbar_end=0.746 occ_end=0.152 CSR_train=0.000 done_count=125
[Gate5 check] update_counter violations: t0=0 diffs=0
[Gate5 check] opt_step violations: t0=0 diffs=0 (expected_inc=16)
[Gate5 check] NaN masking: nan_on_skip=True finite_on_update=True
[Gate5 summary] mean_update_fraction=0.0640 final_executed_updates_mean=8.00
[Gate5 eval] done_count mean=100.0 CSR mean=0.0000 len_end_mean=26.00
[Gate5 eval] episodes_per_env=4 T_eval=104
[Gate5 eval-debug] locked_eps_occ=0.20 pre(step25): dbar_end=0.596317 occupied_end_mean=0.250000 max_tilde_end_mean=0.882662 CSR@locked=0.000000
[Gate5 eval-debug] locked_eps_occ=0.20 post(step26): dbar_end=0.599818 occupied_end_mean=0.260000 max_tilde_end_mean=0.888768 CSR@locked=0.000000
[Gate5 eval-debug] CSR_pre@0.10=0.0000 CSR_pre@0.15=0.0000 CSR_pre@0.20=0.0000 CSR_pre@0.25=0.0000 CSR_pre@0.30=0.0000
[Gate5 eval-debug] CSR_post@0.10=0.0000 CSR_post@0.15=0.0000 CSR_post@0.20=0.0000 CSR_post@0.25=0.0000 CSR_post@0.30=0.0000
