Importing submoduled environments...
Submoduled environments not found. Skipping import.
[upd 0] u=1 upd_ctr=1 opt_step=16 E=0.075 g=0.094 VarTD=0.148631 ret_end=-26.843 dbar_end=0.752 occ_end=0.140 CSR_train=0.000 done_count=100
[upd 10] u=0 upd_ctr=1 opt_step=16 E=0.810 g=0.098 VarTD=0.120442 ret_end=-26.989 dbar_end=0.738 occ_end=0.144 CSR_train=0.000 done_count=125
[upd 20] u=0 upd_ctr=2 opt_step=32 E=0.546 g=0.100 VarTD=0.156081 ret_end=-27.316 dbar_end=0.734 occ_end=0.144 CSR_train=0.000 done_count=125
[upd 30] u=0 upd_ctr=3 opt_step=48 E=0.294 g=0.093 VarTD=0.132577 ret_end=-27.041 dbar_end=0.757 occ_end=0.168 CSR_train=0.000 done_count=125
[upd 40] u=1 upd_ctr=4 opt_step=64 E=0.088 g=0.110 VarTD=0.149876 ret_end=-26.521 dbar_end=0.702 occ_end=0.216 CSR_train=0.000 done_count=125
[upd 50] u=0 upd_ctr=4 opt_step=64 E=0.925 g=0.109 VarTD=0.131425 ret_end=-26.850 dbar_end=0.706 occ_end=0.136 CSR_train=0.000 done_count=125
[upd 60] u=0 upd_ctr=5 opt_step=80 E=0.737 g=0.101 VarTD=0.142512 ret_end=-26.881 dbar_end=0.731 occ_end=0.120 CSR_train=0.000 done_count=125
[upd 70] u=0 upd_ctr=6 opt_step=96 E=0.557 g=0.112 VarTD=0.137362 ret_end=-25.794 dbar_end=0.696 occ_end=0.176 CSR_train=0.000 done_count=125
[upd 80] u=0 upd_ctr=7 opt_step=112 E=0.457 g=0.117 VarTD=0.117396 ret_end=-25.722 dbar_end=0.683 occ_end=0.176 CSR_train=0.000 done_count=125
[upd 90] u=0 upd_ctr=8 opt_step=128 E=0.282 g=0.120 VarTD=0.138562 ret_end=-25.365 dbar_end=0.674 occ_end=0.248 CSR_train=0.000 done_count=125
[upd 100] u=0 upd_ctr=9 opt_step=144 E=0.180 g=0.115 VarTD=0.178511 ret_end=-26.267 dbar_end=0.689 occ_end=0.184 CSR_train=0.000 done_count=125
[upd 110] u=1 upd_ctr=10 opt_step=160 E=0.100 g=0.125 VarTD=0.180757 ret_end=-25.725 dbar_end=0.661 occ_end=0.200 CSR_train=0.000 done_count=125
[upd 120] u=0 upd_ctr=10 opt_step=160 E=1.000 g=0.123 VarTD=0.153192 ret_end=-25.292 dbar_end=0.667 occ_end=0.232 CSR_train=0.000 done_count=125
[upd 130] u=0 upd_ctr=11 opt_step=176 E=0.998 g=0.118 VarTD=0.158359 ret_end=-26.249 dbar_end=0.680 occ_end=0.310 CSR_train=0.000 done_count=100
[upd 140] u=0 upd_ctr=12 opt_step=192 E=0.917 g=0.125 VarTD=0.199409 ret_end=-26.407 dbar_end=0.663 occ_end=0.184 CSR_train=0.000 done_count=125
[upd 150] u=0 upd_ctr=13 opt_step=208 E=0.962 g=0.134 VarTD=0.200393 ret_end=-25.071 dbar_end=0.641 occ_end=0.216 CSR_train=0.000 done_count=125
[upd 160] u=0 upd_ctr=14 opt_step=224 E=0.997 g=0.137 VarTD=0.245413 ret_end=-25.687 dbar_end=0.633 occ_end=0.224 CSR_train=0.000 done_count=125
[upd 170] u=0 upd_ctr=15 opt_step=240 E=1.000 g=0.126 VarTD=0.280937 ret_end=-25.841 dbar_end=0.661 occ_end=0.232 CSR_train=0.000 done_count=125
[upd 180] u=0 upd_ctr=16 opt_step=256 E=1.000 g=0.130 VarTD=0.337842 ret_end=-25.266 dbar_end=0.649 occ_end=0.232 CSR_train=0.000 done_count=125
[upd 190] u=1 upd_ctr=18 opt_step=288 E=0.112 g=0.141 VarTD=0.386347 ret_end=-24.505 dbar_end=0.625 occ_end=0.200 CSR_train=0.000 done_count=125
[upd 200] u=0 upd_ctr=19 opt_step=304 E=0.240 g=0.147 VarTD=0.527106 ret_end=-25.105 dbar_end=0.611 occ_end=0.208 CSR_train=0.000 done_count=125
[upd 210] u=0 upd_ctr=20 opt_step=320 E=0.369 g=0.158 VarTD=0.649250 ret_end=-24.237 dbar_end=0.588 occ_end=0.264 CSR_train=0.008 done_count=125
[upd 220] u=0 upd_ctr=21 opt_step=336 E=0.613 g=0.156 VarTD=0.736216 ret_end=-25.154 dbar_end=0.592 occ_end=0.200 CSR_train=0.000 done_count=125
[upd 230] u=0 upd_ctr=22 opt_step=352 E=0.770 g=0.175 VarTD=0.792700 ret_end=-23.103 dbar_end=0.555 occ_end=0.320 CSR_train=0.000 done_count=125
[upd 240] u=0 upd_ctr=23 opt_step=368 E=1.000 g=0.155 VarTD=0.902051 ret_end=-23.624 dbar_end=0.594 occ_end=0.280 CSR_train=0.000 done_count=125
[upd 250] u=1 upd_ctr=25 opt_step=400 E=0.127 g=0.159 VarTD=1.038232 ret_end=-24.185 dbar_end=0.586 occ_end=0.304 CSR_train=0.000 done_count=125
[upd 260] u=0 upd_ctr=26 opt_step=416 E=0.390 g=0.156 VarTD=1.055026 ret_end=-24.359 dbar_end=0.592 occ_end=0.230 CSR_train=0.000 done_count=100
[upd 270] u=0 upd_ctr=27 opt_step=432 E=0.630 g=0.162 VarTD=1.433821 ret_end=-24.196 dbar_end=0.579 occ_end=0.328 CSR_train=0.000 done_count=125
[upd 280] u=0 upd_ctr=28 opt_step=448 E=0.923 g=0.167 VarTD=1.611056 ret_end=-24.097 dbar_end=0.570 occ_end=0.264 CSR_train=0.008 done_count=125
[upd 290] u=1 upd_ctr=30 opt_step=480 E=0.114 g=0.143 VarTD=1.739409 ret_end=-25.205 dbar_end=0.620 occ_end=0.216 CSR_train=0.000 done_count=125
[upd 300] u=0 upd_ctr=31 opt_step=496 E=0.388 g=0.153 VarTD=2.044608 ret_end=-24.907 dbar_end=0.598 occ_end=0.240 CSR_train=0.000 done_count=125
[upd 310] u=0 upd_ctr=32 opt_step=512 E=0.690 g=0.171 VarTD=2.223331 ret_end=-24.274 dbar_end=0.562 occ_end=0.232 CSR_train=0.000 done_count=125
[Gate5 check] update_counter violations: t0=0 diffs=0
[Gate5 check] opt_step violations: t0=0 diffs=0 (expected_inc=16)
[Gate5 check] NaN masking: nan_on_skip=True finite_on_update=True
[Gate5 summary] mean_update_fraction=0.1026 final_executed_updates_mean=32.00
[Gate5 eval] done_count mean=100.0 CSR mean=0.0100 len_end_mean=26.00
[Gate5 eval] episodes_per_env=4 T_eval=104
[Gate5 eval-debug] locked_eps_occ=0.20 pre(step25): dbar_end=0.488074 occupied_end_mean=0.470000 max_tilde_end_mean=0.694311 CSR@locked=0.000000
[Gate5 eval-debug] locked_eps_occ=0.20 post(step26): dbar_end=0.497400 occupied_end_mean=0.370000 max_tilde_end_mean=0.695880 CSR@locked=0.010000
[Gate5 eval-debug] CSR_pre@0.10=0.0000 CSR_pre@0.15=0.0000 CSR_pre@0.20=0.0000 CSR_pre@0.25=0.0300 CSR_pre@0.30=0.0700
[Gate5 eval-debug] CSR_post@0.10=0.0000 CSR_post@0.15=0.0000 CSR_post@0.20=0.0100 CSR_post@0.25=0.0100 CSR_post@0.30=0.0400
