Importing submoduled environments...
Submoduled environments not found. Skipping import.
[upd 0] u=1 upd_ctr=1 opt_step=16 E=0.065 g=0.093 VarTD=0.149936 ret_end=-27.435 dbar_end=0.756 occ_end=0.150 CSR_train=0.000 done_count=100
[upd 10] u=0 upd_ctr=1 opt_step=16 E=0.722 g=0.100 VarTD=0.132044 ret_end=-26.929 dbar_end=0.734 occ_end=0.192 CSR_train=0.000 done_count=125
[upd 20] u=0 upd_ctr=2 opt_step=32 E=0.423 g=0.109 VarTD=0.152562 ret_end=-25.967 dbar_end=0.706 occ_end=0.184 CSR_train=0.000 done_count=125
[upd 30] u=1 upd_ctr=3 opt_step=48 E=0.059 g=0.084 VarTD=0.176910 ret_end=-28.097 dbar_end=0.789 occ_end=0.128 CSR_train=0.008 done_count=125
[upd 40] u=0 upd_ctr=3 opt_step=48 E=0.733 g=0.096 VarTD=0.138651 ret_end=-27.155 dbar_end=0.748 occ_end=0.112 CSR_train=0.000 done_count=125
[upd 50] u=0 upd_ctr=4 opt_step=64 E=0.337 g=0.098 VarTD=0.125187 ret_end=-26.460 dbar_end=0.740 occ_end=0.152 CSR_train=0.000 done_count=125
[upd 60] u=0 upd_ctr=4 opt_step=64 E=1.000 g=0.105 VarTD=0.136869 ret_end=-27.059 dbar_end=0.719 occ_end=0.120 CSR_train=0.000 done_count=125
[upd 70] u=0 upd_ctr=5 opt_step=80 E=0.726 g=0.110 VarTD=0.133583 ret_end=-26.801 dbar_end=0.703 occ_end=0.192 CSR_train=0.000 done_count=125
[upd 80] u=0 upd_ctr=6 opt_step=96 E=0.481 g=0.110 VarTD=0.138163 ret_end=-25.624 dbar_end=0.703 occ_end=0.200 CSR_train=0.000 done_count=125
[upd 90] u=0 upd_ctr=7 opt_step=112 E=0.239 g=0.111 VarTD=0.136604 ret_end=-26.364 dbar_end=0.699 occ_end=0.136 CSR_train=0.000 done_count=125
[upd 100] u=0 upd_ctr=7 opt_step=112 E=1.000 g=0.119 VarTD=0.145567 ret_end=-25.131 dbar_end=0.677 occ_end=0.232 CSR_train=0.000 done_count=125
[upd 110] u=0 upd_ctr=8 opt_step=128 E=0.808 g=0.105 VarTD=0.142822 ret_end=-26.438 dbar_end=0.719 occ_end=0.144 CSR_train=0.000 done_count=125
[upd 120] u=0 upd_ctr=9 opt_step=144 E=0.580 g=0.133 VarTD=0.152012 ret_end=-24.914 dbar_end=0.642 occ_end=0.208 CSR_train=0.000 done_count=125
[upd 130] u=0 upd_ctr=10 opt_step=160 E=0.433 g=0.117 VarTD=0.193359 ret_end=-25.958 dbar_end=0.682 occ_end=0.220 CSR_train=0.000 done_count=100
[upd 140] u=0 upd_ctr=11 opt_step=176 E=0.245 g=0.126 VarTD=0.191275 ret_end=-24.932 dbar_end=0.660 occ_end=0.288 CSR_train=0.000 done_count=125
[upd 150] u=1 upd_ctr=12 opt_step=192 E=0.088 g=0.126 VarTD=0.175075 ret_end=-26.201 dbar_end=0.661 occ_end=0.192 CSR_train=0.000 done_count=125
[upd 160] u=0 upd_ctr=12 opt_step=192 E=0.971 g=0.133 VarTD=0.222275 ret_end=-25.980 dbar_end=0.644 occ_end=0.280 CSR_train=0.000 done_count=125
[upd 170] u=0 upd_ctr=13 opt_step=208 E=0.831 g=0.134 VarTD=0.241732 ret_end=-25.457 dbar_end=0.641 occ_end=0.152 CSR_train=0.000 done_count=125
[upd 180] u=0 upd_ctr=14 opt_step=224 E=0.773 g=0.149 VarTD=0.250333 ret_end=-24.146 dbar_end=0.606 occ_end=0.256 CSR_train=0.000 done_count=125
[upd 190] u=0 upd_ctr=15 opt_step=240 E=0.662 g=0.136 VarTD=0.309593 ret_end=-25.194 dbar_end=0.636 occ_end=0.192 CSR_train=0.000 done_count=125
[upd 200] u=0 upd_ctr=16 opt_step=256 E=0.571 g=0.140 VarTD=0.347975 ret_end=-25.833 dbar_end=0.626 occ_end=0.168 CSR_train=0.000 done_count=125
[upd 210] u=0 upd_ctr=17 opt_step=272 E=0.512 g=0.145 VarTD=0.429233 ret_end=-25.466 dbar_end=0.616 occ_end=0.264 CSR_train=0.000 done_count=125
[upd 220] u=0 upd_ctr=18 opt_step=288 E=0.541 g=0.155 VarTD=0.505713 ret_end=-24.027 dbar_end=0.593 occ_end=0.288 CSR_train=0.000 done_count=125
[upd 230] u=0 upd_ctr=19 opt_step=304 E=0.550 g=0.162 VarTD=0.582357 ret_end=-24.159 dbar_end=0.580 occ_end=0.280 CSR_train=0.000 done_count=125
[upd 240] u=0 upd_ctr=20 opt_step=320 E=0.570 g=0.173 VarTD=0.677206 ret_end=-23.815 dbar_end=0.559 occ_end=0.336 CSR_train=0.000 done_count=125
[upd 250] u=0 upd_ctr=21 opt_step=336 E=0.665 g=0.161 VarTD=0.789820 ret_end=-24.424 dbar_end=0.582 occ_end=0.264 CSR_train=0.000 done_count=125
[upd 260] u=0 upd_ctr=22 opt_step=352 E=0.810 g=0.160 VarTD=0.692126 ret_end=-23.760 dbar_end=0.583 occ_end=0.160 CSR_train=0.000 done_count=100
[upd 270] u=0 upd_ctr=23 opt_step=368 E=0.950 g=0.176 VarTD=1.027399 ret_end=-23.853 dbar_end=0.553 occ_end=0.360 CSR_train=0.000 done_count=125
[upd 280] u=0 upd_ctr=24 opt_step=384 E=1.000 g=0.178 VarTD=1.083730 ret_end=-22.695 dbar_end=0.550 occ_end=0.304 CSR_train=0.008 done_count=125
[upd 290] u=1 upd_ctr=26 opt_step=416 E=0.116 g=0.165 VarTD=1.237271 ret_end=-24.522 dbar_end=0.573 occ_end=0.312 CSR_train=0.000 done_count=125
[upd 300] u=0 upd_ctr=27 opt_step=432 E=0.244 g=0.177 VarTD=1.469498 ret_end=-22.891 dbar_end=0.551 occ_end=0.360 CSR_train=0.000 done_count=125
[upd 310] u=0 upd_ctr=28 opt_step=448 E=0.363 g=0.172 VarTD=1.665296 ret_end=-23.909 dbar_end=0.560 occ_end=0.288 CSR_train=0.000 done_count=125
[Gate5 check] update_counter violations: t0=0 diffs=0
[Gate5 check] opt_step violations: t0=0 diffs=0 (expected_inc=16)
[Gate5 check] NaN masking: nan_on_skip=True finite_on_update=True
[Gate5 summary] mean_update_fraction=0.0897 final_executed_updates_mean=28.00
[Gate5 eval] done_count mean=100.0 CSR mean=0.0200 len_end_mean=26.00
[Gate5 eval] episodes_per_env=4 T_eval=104
[Gate5 eval-debug] locked_eps_occ=0.20 pre(step25): dbar_end=0.497731 occupied_end_mean=0.370000 max_tilde_end_mean=0.693642 CSR@locked=0.000000
[Gate5 eval-debug] locked_eps_occ=0.20 post(step26): dbar_end=0.505415 occupied_end_mean=0.370000 max_tilde_end_mean=0.699568 CSR@locked=0.020000
[Gate5 eval-debug] CSR_pre@0.10=0.0000 CSR_pre@0.15=0.0000 CSR_pre@0.20=0.0000 CSR_pre@0.25=0.0100 CSR_pre@0.30=0.0400
[Gate5 eval-debug] CSR_post@0.10=0.0000 CSR_post@0.15=0.0000 CSR_post@0.20=0.0200 CSR_post@0.25=0.0200 CSR_post@0.30=0.0400
