Importing submoduled environments...
Submoduled environments not found. Skipping import.
[upd 0] u=1 upd_ctr=1 opt_step=16 E=0.058 g=0.083 VarTD=0.159821 ret_end=-27.605 dbar_end=0.794 occ_end=0.110 CSR_train=0.000 done_count=100
[upd 10] u=0 upd_ctr=1 opt_step=16 E=0.685 g=0.089 VarTD=0.166459 ret_end=-27.505 dbar_end=0.772 occ_end=0.192 CSR_train=0.000 done_count=125
[upd 20] u=0 upd_ctr=2 opt_step=32 E=0.313 g=0.094 VarTD=0.166237 ret_end=-27.083 dbar_end=0.753 occ_end=0.152 CSR_train=0.000 done_count=125
[upd 30] u=0 upd_ctr=2 opt_step=32 E=0.950 g=0.101 VarTD=0.158013 ret_end=-26.646 dbar_end=0.731 occ_end=0.128 CSR_train=0.000 done_count=125
[upd 40] u=0 upd_ctr=3 opt_step=48 E=0.575 g=0.097 VarTD=0.150283 ret_end=-27.297 dbar_end=0.743 occ_end=0.168 CSR_train=0.000 done_count=125
[upd 50] u=0 upd_ctr=4 opt_step=64 E=0.215 g=0.091 VarTD=0.150638 ret_end=-27.827 dbar_end=0.762 occ_end=0.128 CSR_train=0.000 done_count=125
[upd 60] u=0 upd_ctr=4 opt_step=64 E=0.906 g=0.097 VarTD=0.151100 ret_end=-27.374 dbar_end=0.743 occ_end=0.160 CSR_train=0.000 done_count=125
[upd 70] u=0 upd_ctr=5 opt_step=80 E=0.581 g=0.103 VarTD=0.145299 ret_end=-26.676 dbar_end=0.724 occ_end=0.136 CSR_train=0.000 done_count=125
[upd 80] u=0 upd_ctr=6 opt_step=96 E=0.299 g=0.103 VarTD=0.147007 ret_end=-26.834 dbar_end=0.724 occ_end=0.144 CSR_train=0.000 done_count=125
[upd 90] u=1 upd_ctr=7 opt_step=112 E=0.084 g=0.120 VarTD=0.157869 ret_end=-26.254 dbar_end=0.676 occ_end=0.184 CSR_train=0.000 done_count=125
[upd 100] u=0 upd_ctr=7 opt_step=112 E=0.901 g=0.105 VarTD=0.159907 ret_end=-27.584 dbar_end=0.718 occ_end=0.160 CSR_train=0.000 done_count=125
[upd 110] u=0 upd_ctr=8 opt_step=128 E=0.690 g=0.129 VarTD=0.156787 ret_end=-24.988 dbar_end=0.651 occ_end=0.152 CSR_train=0.000 done_count=125
[upd 120] u=0 upd_ctr=9 opt_step=144 E=0.524 g=0.131 VarTD=0.145368 ret_end=-24.912 dbar_end=0.648 occ_end=0.232 CSR_train=0.008 done_count=125
[upd 130] u=0 upd_ctr=10 opt_step=160 E=0.377 g=0.128 VarTD=0.197382 ret_end=-25.977 dbar_end=0.655 occ_end=0.200 CSR_train=0.000 done_count=100
[upd 140] u=0 upd_ctr=11 opt_step=176 E=0.302 g=0.143 VarTD=0.199343 ret_end=-25.574 dbar_end=0.619 occ_end=0.288 CSR_train=0.008 done_count=125
[upd 150] u=0 upd_ctr=12 opt_step=192 E=0.186 g=0.132 VarTD=0.214513 ret_end=-25.892 dbar_end=0.644 occ_end=0.096 CSR_train=0.000 done_count=125
[upd 160] u=1 upd_ctr=13 opt_step=208 E=0.097 g=0.139 VarTD=0.228848 ret_end=-25.008 dbar_end=0.628 occ_end=0.200 CSR_train=0.000 done_count=125
[upd 170] u=0 upd_ctr=13 opt_step=208 E=1.000 g=0.137 VarTD=0.240309 ret_end=-25.029 dbar_end=0.632 occ_end=0.272 CSR_train=0.000 done_count=125
[upd 180] u=0 upd_ctr=14 opt_step=224 E=1.000 g=0.135 VarTD=0.275089 ret_end=-25.659 dbar_end=0.638 occ_end=0.256 CSR_train=0.000 done_count=125
[upd 190] u=0 upd_ctr=15 opt_step=240 E=1.000 g=0.153 VarTD=0.322429 ret_end=-25.168 dbar_end=0.599 occ_end=0.184 CSR_train=0.000 done_count=125
[upd 200] u=0 upd_ctr=16 opt_step=256 E=1.000 g=0.139 VarTD=0.354682 ret_end=-24.800 dbar_end=0.628 occ_end=0.232 CSR_train=0.000 done_count=125
[upd 210] u=1 upd_ctr=18 opt_step=288 E=0.114 g=0.162 VarTD=0.403991 ret_end=-25.026 dbar_end=0.579 occ_end=0.280 CSR_train=0.000 done_count=125
[upd 220] u=1 upd_ctr=19 opt_step=304 E=0.111 g=0.158 VarTD=0.464314 ret_end=-24.308 dbar_end=0.587 occ_end=0.288 CSR_train=0.000 done_count=125
[upd 230] u=0 upd_ctr=20 opt_step=320 E=0.233 g=0.178 VarTD=0.678438 ret_end=-24.817 dbar_end=0.549 occ_end=0.312 CSR_train=0.008 done_count=125
[upd 240] u=0 upd_ctr=21 opt_step=336 E=0.330 g=0.152 VarTD=0.720736 ret_end=-24.069 dbar_end=0.600 occ_end=0.240 CSR_train=0.000 done_count=125
[upd 250] u=0 upd_ctr=22 opt_step=352 E=0.455 g=0.161 VarTD=0.837262 ret_end=-24.649 dbar_end=0.582 occ_end=0.256 CSR_train=0.000 done_count=125
[upd 260] u=0 upd_ctr=23 opt_step=368 E=0.589 g=0.174 VarTD=0.797357 ret_end=-23.290 dbar_end=0.558 occ_end=0.240 CSR_train=0.000 done_count=100
[upd 270] u=0 upd_ctr=24 opt_step=384 E=0.733 g=0.179 VarTD=1.067590 ret_end=-23.084 dbar_end=0.548 occ_end=0.296 CSR_train=0.008 done_count=125
[upd 280] u=0 upd_ctr=25 opt_step=400 E=0.851 g=0.176 VarTD=1.216372 ret_end=-23.554 dbar_end=0.552 occ_end=0.296 CSR_train=0.000 done_count=125
[upd 290] u=0 upd_ctr=26 opt_step=416 E=0.953 g=0.172 VarTD=1.365734 ret_end=-24.043 dbar_end=0.561 occ_end=0.304 CSR_train=0.000 done_count=125
[upd 300] u=1 upd_ctr=28 opt_step=448 E=0.115 g=0.164 VarTD=1.488404 ret_end=-24.318 dbar_end=0.576 occ_end=0.288 CSR_train=0.000 done_count=125
[upd 310] u=0 upd_ctr=29 opt_step=464 E=0.251 g=0.178 VarTD=1.765271 ret_end=-23.015 dbar_end=0.550 occ_end=0.336 CSR_train=0.000 done_count=125
[Gate5 check] update_counter violations: t0=0 diffs=0
[Gate5 check] opt_step violations: t0=0 diffs=0 (expected_inc=16)
[Gate5 check] NaN masking: nan_on_skip=True finite_on_update=True
[Gate5 summary] mean_update_fraction=0.0929 final_executed_updates_mean=29.00
[Gate5 eval] done_count mean=100.0 CSR mean=0.0000 len_end_mean=26.00
[Gate5 eval] episodes_per_env=4 T_eval=104
[Gate5 eval-debug] locked_eps_occ=0.20 pre(step25): dbar_end=0.464637 occupied_end_mean=0.470000 max_tilde_end_mean=0.661439 CSR@locked=0.010000
[Gate5 eval-debug] locked_eps_occ=0.20 post(step26): dbar_end=0.478099 occupied_end_mean=0.420000 max_tilde_end_mean=0.673919 CSR@locked=0.000000
[Gate5 eval-debug] CSR_pre@0.10=0.0000 CSR_pre@0.15=0.0000 CSR_pre@0.20=0.0100 CSR_pre@0.25=0.0200 CSR_pre@0.30=0.0200
[Gate5 eval-debug] CSR_post@0.10=0.0000 CSR_post@0.15=0.0000 CSR_post@0.20=0.0000 CSR_post@0.25=0.0100 CSR_post@0.30=0.0100
