Importing submoduled environments...
Submoduled environments not found. Skipping import.
[upd 0] u=1 upd_ctr=1 opt_step=16 E=0.096 g=0.091 VarTD=0.177780 ret_end=-27.116 dbar_end=0.762 occ_end=0.220 CSR_train=0.000 done_count=100
[upd 10] u=0 upd_ctr=1 opt_step=16 E=0.551 g=0.084 VarTD=0.168711 ret_end=-27.749 dbar_end=0.791 occ_end=0.120 CSR_train=0.000 done_count=125
[upd 20] u=1 upd_ctr=2 opt_step=32 E=0.082 g=0.094 VarTD=0.155229 ret_end=-27.163 dbar_end=0.752 occ_end=0.168 CSR_train=0.000 done_count=125
[upd 30] u=0 upd_ctr=2 opt_step=32 E=0.597 g=0.093 VarTD=0.170423 ret_end=-27.553 dbar_end=0.758 occ_end=0.136 CSR_train=0.000 done_count=125
[upd 40] u=0 upd_ctr=3 opt_step=48 E=0.139 g=0.108 VarTD=0.151120 ret_end=-26.884 dbar_end=0.708 occ_end=0.264 CSR_train=0.000 done_count=125
[upd 50] u=0 upd_ctr=3 opt_step=48 E=0.673 g=0.111 VarTD=0.152320 ret_end=-25.652 dbar_end=0.700 occ_end=0.184 CSR_train=0.000 done_count=125
[upd 60] u=0 upd_ctr=4 opt_step=64 E=0.242 g=0.099 VarTD=0.173350 ret_end=-26.656 dbar_end=0.736 occ_end=0.112 CSR_train=0.000 done_count=125
[upd 70] u=0 upd_ctr=4 opt_step=64 E=0.799 g=0.103 VarTD=0.165902 ret_end=-26.752 dbar_end=0.723 occ_end=0.224 CSR_train=0.008 done_count=125
[upd 80] u=0 upd_ctr=5 opt_step=80 E=0.382 g=0.123 VarTD=0.145277 ret_end=-25.672 dbar_end=0.667 occ_end=0.200 CSR_train=0.000 done_count=125
[upd 90] u=0 upd_ctr=5 opt_step=80 E=0.939 g=0.108 VarTD=0.161494 ret_end=-26.577 dbar_end=0.709 occ_end=0.152 CSR_train=0.000 done_count=125
[upd 100] u=0 upd_ctr=6 opt_step=96 E=0.581 g=0.126 VarTD=0.134545 ret_end=-25.427 dbar_end=0.660 occ_end=0.208 CSR_train=0.000 done_count=125
[upd 110] u=0 upd_ctr=7 opt_step=112 E=0.208 g=0.112 VarTD=0.145394 ret_end=-25.877 dbar_end=0.697 occ_end=0.128 CSR_train=0.000 done_count=125
[upd 120] u=0 upd_ctr=7 opt_step=112 E=0.751 g=0.103 VarTD=0.157321 ret_end=-26.768 dbar_end=0.725 occ_end=0.160 CSR_train=0.000 done_count=125
[upd 130] u=0 upd_ctr=8 opt_step=128 E=0.359 g=0.123 VarTD=0.141589 ret_end=-24.656 dbar_end=0.666 occ_end=0.170 CSR_train=0.000 done_count=100
[upd 140] u=0 upd_ctr=8 opt_step=128 E=0.927 g=0.114 VarTD=0.189899 ret_end=-25.988 dbar_end=0.691 occ_end=0.176 CSR_train=0.000 done_count=125
[upd 150] u=0 upd_ctr=9 opt_step=144 E=0.584 g=0.123 VarTD=0.149070 ret_end=-24.972 dbar_end=0.667 occ_end=0.264 CSR_train=0.000 done_count=125
[upd 160] u=0 upd_ctr=10 opt_step=160 E=0.225 g=0.120 VarTD=0.168048 ret_end=-26.688 dbar_end=0.677 occ_end=0.176 CSR_train=0.000 done_count=125
[upd 170] u=0 upd_ctr=10 opt_step=160 E=0.825 g=0.116 VarTD=0.178775 ret_end=-25.836 dbar_end=0.685 occ_end=0.224 CSR_train=0.000 done_count=125
[upd 180] u=0 upd_ctr=11 opt_step=176 E=0.511 g=0.134 VarTD=0.163961 ret_end=-25.544 dbar_end=0.640 occ_end=0.176 CSR_train=0.000 done_count=125
[upd 190] u=0 upd_ctr=12 opt_step=192 E=0.193 g=0.112 VarTD=0.225555 ret_end=-27.530 dbar_end=0.696 occ_end=0.232 CSR_train=0.000 done_count=125
[upd 200] u=0 upd_ctr=12 opt_step=192 E=0.857 g=0.136 VarTD=0.197035 ret_end=-24.770 dbar_end=0.634 occ_end=0.232 CSR_train=0.000 done_count=125
[upd 210] u=0 upd_ctr=13 opt_step=208 E=0.568 g=0.121 VarTD=0.228027 ret_end=-24.994 dbar_end=0.673 occ_end=0.160 CSR_train=0.008 done_count=125
[upd 220] u=0 upd_ctr=14 opt_step=224 E=0.290 g=0.133 VarTD=0.237924 ret_end=-24.936 dbar_end=0.642 occ_end=0.216 CSR_train=0.000 done_count=125
[upd 230] u=0 upd_ctr=14 opt_step=224 E=0.977 g=0.129 VarTD=0.261520 ret_end=-25.685 dbar_end=0.653 occ_end=0.184 CSR_train=0.000 done_count=125
[upd 240] u=0 upd_ctr=15 opt_step=240 E=0.717 g=0.139 VarTD=0.288903 ret_end=-25.733 dbar_end=0.629 occ_end=0.192 CSR_train=0.000 done_count=125
[upd 250] u=0 upd_ctr=16 opt_step=256 E=0.463 g=0.147 VarTD=0.343662 ret_end=-25.649 dbar_end=0.611 occ_end=0.304 CSR_train=0.008 done_count=125
[upd 260] u=0 upd_ctr=17 opt_step=272 E=0.227 g=0.146 VarTD=0.313075 ret_end=-24.109 dbar_end=0.612 occ_end=0.250 CSR_train=0.000 done_count=100
[upd 270] u=0 upd_ctr=17 opt_step=272 E=0.926 g=0.147 VarTD=0.382892 ret_end=-24.976 dbar_end=0.611 occ_end=0.176 CSR_train=0.008 done_count=125
[upd 280] u=0 upd_ctr=18 opt_step=288 E=0.686 g=0.137 VarTD=0.482997 ret_end=-26.417 dbar_end=0.633 occ_end=0.200 CSR_train=0.000 done_count=125
[upd 290] u=0 upd_ctr=19 opt_step=304 E=0.472 g=0.161 VarTD=0.558339 ret_end=-23.798 dbar_end=0.583 occ_end=0.320 CSR_train=0.000 done_count=125
[upd 300] u=0 upd_ctr=20 opt_step=320 E=0.206 g=0.134 VarTD=0.585808 ret_end=-25.385 dbar_end=0.641 occ_end=0.168 CSR_train=0.000 done_count=125
[upd 310] u=0 upd_ctr=20 opt_step=320 E=0.912 g=0.141 VarTD=0.620483 ret_end=-25.891 dbar_end=0.624 occ_end=0.184 CSR_train=0.000 done_count=125
[Gate5 check] update_counter violations: t0=0 diffs=0
[Gate5 check] opt_step violations: t0=0 diffs=0 (expected_inc=16)
[Gate5 check] NaN masking: nan_on_skip=True finite_on_update=True
[Gate5 summary] mean_update_fraction=0.0641 final_executed_updates_mean=20.00
[Gate5 eval] done_count mean=100.0 CSR mean=0.0000 len_end_mean=26.00
[Gate5 eval] episodes_per_env=4 T_eval=104
[Gate5 eval-debug] locked_eps_occ=0.20 pre(step25): dbar_end=0.484200 occupied_end_mean=0.410000 max_tilde_end_mean=0.696756 CSR@locked=0.000000
[Gate5 eval-debug] locked_eps_occ=0.20 post(step26): dbar_end=0.483117 occupied_end_mean=0.400000 max_tilde_end_mean=0.690832 CSR@locked=0.000000
[Gate5 eval-debug] CSR_pre@0.10=0.0000 CSR_pre@0.15=0.0000 CSR_pre@0.20=0.0000 CSR_pre@0.25=0.0000 CSR_pre@0.30=0.0100
[Gate5 eval-debug] CSR_post@0.10=0.0000 CSR_post@0.15=0.0000 CSR_post@0.20=0.0000 CSR_post@0.25=0.0000 CSR_post@0.30=0.0100
