Importing submoduled environments...
Submoduled environments not found. Skipping import.
[upd 0] u=1 upd_ctr=1 opt_step=16 E=0.075 g=0.083 VarTD=0.159821 ret_end=-27.605 dbar_end=0.794 occ_end=0.110 CSR_train=0.000 done_count=100
[upd 10] u=0 upd_ctr=1 opt_step=16 E=0.344 g=0.089 VarTD=0.166459 ret_end=-27.505 dbar_end=0.772 occ_end=0.192 CSR_train=0.000 done_count=125
[upd 20] u=0 upd_ctr=1 opt_step=16 E=0.612 g=0.091 VarTD=0.173849 ret_end=-27.263 dbar_end=0.763 occ_end=0.144 CSR_train=0.000 done_count=125
[upd 30] u=0 upd_ctr=1 opt_step=16 E=0.878 g=0.097 VarTD=0.162997 ret_end=-26.951 dbar_end=0.742 occ_end=0.152 CSR_train=0.008 done_count=125
[upd 40] u=0 upd_ctr=2 opt_step=32 E=0.197 g=0.096 VarTD=0.149012 ret_end=-27.416 dbar_end=0.748 occ_end=0.160 CSR_train=0.000 done_count=125
[upd 50] u=0 upd_ctr=2 opt_step=32 E=0.484 g=0.084 VarTD=0.163363 ret_end=-28.365 dbar_end=0.789 occ_end=0.112 CSR_train=0.000 done_count=125
[upd 60] u=0 upd_ctr=2 opt_step=32 E=0.764 g=0.088 VarTD=0.159231 ret_end=-27.789 dbar_end=0.773 occ_end=0.152 CSR_train=0.000 done_count=125
[upd 70] u=0 upd_ctr=3 opt_step=48 E=0.101 g=0.105 VarTD=0.154489 ret_end=-26.585 dbar_end=0.717 occ_end=0.168 CSR_train=0.000 done_count=125
[upd 80] u=0 upd_ctr=3 opt_step=48 E=0.402 g=0.096 VarTD=0.154069 ret_end=-27.323 dbar_end=0.745 occ_end=0.144 CSR_train=0.000 done_count=125
[upd 90] u=0 upd_ctr=3 opt_step=48 E=0.708 g=0.117 VarTD=0.170291 ret_end=-26.564 dbar_end=0.683 occ_end=0.208 CSR_train=0.000 done_count=125
[upd 100] u=1 upd_ctr=4 opt_step=64 E=0.063 g=0.092 VarTD=0.171791 ret_end=-28.354 dbar_end=0.759 occ_end=0.136 CSR_train=0.000 done_count=125
[upd 110] u=0 upd_ctr=4 opt_step=64 E=0.380 g=0.109 VarTD=0.161551 ret_end=-25.900 dbar_end=0.705 occ_end=0.120 CSR_train=0.000 done_count=125
[upd 120] u=0 upd_ctr=4 opt_step=64 E=0.695 g=0.107 VarTD=0.125014 ret_end=-26.320 dbar_end=0.713 occ_end=0.184 CSR_train=0.000 done_count=125
[upd 130] u=1 upd_ctr=5 opt_step=80 E=0.064 g=0.107 VarTD=0.179884 ret_end=-26.925 dbar_end=0.713 occ_end=0.160 CSR_train=0.000 done_count=100
[upd 140] u=0 upd_ctr=5 opt_step=80 E=0.399 g=0.128 VarTD=0.160557 ret_end=-26.164 dbar_end=0.654 occ_end=0.304 CSR_train=0.000 done_count=125
[upd 150] u=0 upd_ctr=5 opt_step=80 E=0.725 g=0.115 VarTD=0.155501 ret_end=-26.721 dbar_end=0.689 occ_end=0.216 CSR_train=0.000 done_count=125
[upd 160] u=0 upd_ctr=6 opt_step=96 E=0.112 g=0.123 VarTD=0.165154 ret_end=-25.977 dbar_end=0.668 occ_end=0.208 CSR_train=0.000 done_count=125
[upd 170] u=0 upd_ctr=6 opt_step=96 E=0.455 g=0.106 VarTD=0.157316 ret_end=-26.492 dbar_end=0.714 occ_end=0.248 CSR_train=0.000 done_count=125
[upd 180] u=0 upd_ctr=6 opt_step=96 E=0.803 g=0.106 VarTD=0.170123 ret_end=-26.708 dbar_end=0.716 occ_end=0.216 CSR_train=0.000 done_count=125
[upd 190] u=0 upd_ctr=7 opt_step=112 E=0.215 g=0.123 VarTD=0.165072 ret_end=-26.321 dbar_end=0.666 occ_end=0.160 CSR_train=0.000 done_count=125
[upd 200] u=0 upd_ctr=7 opt_step=112 E=0.570 g=0.113 VarTD=0.169584 ret_end=-25.812 dbar_end=0.694 occ_end=0.160 CSR_train=0.000 done_count=125
[upd 210] u=0 upd_ctr=7 opt_step=112 E=0.934 g=0.114 VarTD=0.156783 ret_end=-27.136 dbar_end=0.691 occ_end=0.208 CSR_train=0.000 done_count=125
[upd 220] u=0 upd_ctr=8 opt_step=128 E=0.359 g=0.135 VarTD=0.155357 ret_end=-25.531 dbar_end=0.638 occ_end=0.216 CSR_train=0.000 done_count=125
[upd 230] u=0 upd_ctr=8 opt_step=128 E=0.737 g=0.122 VarTD=0.166588 ret_end=-27.175 dbar_end=0.669 occ_end=0.232 CSR_train=0.000 done_count=125
[upd 240] u=0 upd_ctr=9 opt_step=144 E=0.163 g=0.122 VarTD=0.149330 ret_end=-25.649 dbar_end=0.671 occ_end=0.184 CSR_train=0.000 done_count=125
[upd 250] u=0 upd_ctr=9 opt_step=144 E=0.539 g=0.121 VarTD=0.160736 ret_end=-26.734 dbar_end=0.672 occ_end=0.152 CSR_train=0.000 done_count=125
[upd 260] u=0 upd_ctr=9 opt_step=144 E=0.925 g=0.145 VarTD=0.151530 ret_end=-24.398 dbar_end=0.614 occ_end=0.260 CSR_train=0.000 done_count=100
[upd 270] u=0 upd_ctr=10 opt_step=160 E=0.381 g=0.130 VarTD=0.155456 ret_end=-24.595 dbar_end=0.650 occ_end=0.176 CSR_train=0.000 done_count=125
[upd 280] u=0 upd_ctr=10 opt_step=160 E=0.784 g=0.134 VarTD=0.172286 ret_end=-25.723 dbar_end=0.641 occ_end=0.192 CSR_train=0.000 done_count=125
[upd 290] u=0 upd_ctr=11 opt_step=176 E=0.243 g=0.145 VarTD=0.188143 ret_end=-25.599 dbar_end=0.616 occ_end=0.216 CSR_train=0.000 done_count=125
[upd 300] u=0 upd_ctr=11 opt_step=176 E=0.658 g=0.136 VarTD=0.178221 ret_end=-25.502 dbar_end=0.636 occ_end=0.240 CSR_train=0.000 done_count=125
[upd 310] u=0 upd_ctr=12 opt_step=192 E=0.126 g=0.130 VarTD=0.191337 ret_end=-24.944 dbar_end=0.650 occ_end=0.144 CSR_train=0.000 done_count=125
[Gate5 check] update_counter violations: t0=0 diffs=0
[Gate5 check] opt_step violations: t0=0 diffs=0 (expected_inc=16)
[Gate5 check] NaN masking: nan_on_skip=True finite_on_update=True
[Gate5 summary] mean_update_fraction=0.0385 final_executed_updates_mean=12.00
[Gate5 eval] done_count mean=100.0 CSR mean=0.0100 len_end_mean=26.00
[Gate5 eval] episodes_per_env=4 T_eval=104
[Gate5 eval-debug] locked_eps_occ=0.20 pre(step25): dbar_end=0.498085 occupied_end_mean=0.260000 max_tilde_end_mean=0.670674 CSR@locked=0.020000
[Gate5 eval-debug] locked_eps_occ=0.20 post(step26): dbar_end=0.498829 occupied_end_mean=0.330000 max_tilde_end_mean=0.675147 CSR@locked=0.010000
[Gate5 eval-debug] CSR_pre@0.10=0.0000 CSR_pre@0.15=0.0000 CSR_pre@0.20=0.0200 CSR_pre@0.25=0.0200 CSR_pre@0.30=0.0500
[Gate5 eval-debug] CSR_post@0.10=0.0000 CSR_post@0.15=0.0000 CSR_post@0.20=0.0100 CSR_post@0.25=0.0200 CSR_post@0.30=0.0400
