Importing submoduled environments...
Submoduled environments not found. Skipping import.
[upd 0] u=1 upd_ctr=1 opt_step=16 E=0.059 g=0.088 VarTD=0.137352 ret_end=-28.134 dbar_end=0.773 occ_end=0.220 CSR_train=0.000 done_count=100
[upd 10] u=0 upd_ctr=1 opt_step=16 E=0.151 g=0.093 VarTD=0.158535 ret_end=-28.458 dbar_end=0.756 occ_end=0.184 CSR_train=0.000 done_count=125
[upd 20] u=0 upd_ctr=1 opt_step=16 E=0.243 g=0.103 VarTD=0.132575 ret_end=-26.686 dbar_end=0.725 occ_end=0.208 CSR_train=0.000 done_count=125
[upd 30] u=0 upd_ctr=1 opt_step=16 E=0.337 g=0.092 VarTD=0.166045 ret_end=-27.692 dbar_end=0.761 occ_end=0.160 CSR_train=0.000 done_count=125
[upd 40] u=0 upd_ctr=1 opt_step=16 E=0.431 g=0.093 VarTD=0.134121 ret_end=-27.488 dbar_end=0.757 occ_end=0.144 CSR_train=0.000 done_count=125
[upd 50] u=0 upd_ctr=1 opt_step=16 E=0.523 g=0.088 VarTD=0.169486 ret_end=-28.048 dbar_end=0.774 occ_end=0.176 CSR_train=0.000 done_count=125
[upd 60] u=0 upd_ctr=1 opt_step=16 E=0.612 g=0.086 VarTD=0.151272 ret_end=-28.124 dbar_end=0.780 occ_end=0.128 CSR_train=0.000 done_count=125
[upd 70] u=0 upd_ctr=1 opt_step=16 E=0.705 g=0.085 VarTD=0.171419 ret_end=-27.993 dbar_end=0.785 occ_end=0.176 CSR_train=0.000 done_count=125
[upd 80] u=0 upd_ctr=1 opt_step=16 E=0.793 g=0.091 VarTD=0.121948 ret_end=-26.139 dbar_end=0.764 occ_end=0.112 CSR_train=0.000 done_count=125
[upd 90] u=0 upd_ctr=1 opt_step=16 E=0.890 g=0.104 VarTD=0.152967 ret_end=-26.730 dbar_end=0.720 occ_end=0.216 CSR_train=0.000 done_count=125
[upd 100] u=0 upd_ctr=2 opt_step=32 E=0.033 g=0.097 VarTD=0.150669 ret_end=-26.587 dbar_end=0.742 occ_end=0.176 CSR_train=0.000 done_count=125
[upd 110] u=0 upd_ctr=2 opt_step=32 E=0.129 g=0.100 VarTD=0.138276 ret_end=-25.637 dbar_end=0.734 occ_end=0.136 CSR_train=0.000 done_count=125
[upd 120] u=0 upd_ctr=2 opt_step=32 E=0.223 g=0.087 VarTD=0.146930 ret_end=-27.879 dbar_end=0.777 occ_end=0.112 CSR_train=0.000 done_count=125
[upd 130] u=0 upd_ctr=2 opt_step=32 E=0.314 g=0.097 VarTD=0.150448 ret_end=-27.154 dbar_end=0.744 occ_end=0.140 CSR_train=0.000 done_count=100
[upd 140] u=0 upd_ctr=2 opt_step=32 E=0.409 g=0.085 VarTD=0.169621 ret_end=-28.452 dbar_end=0.785 occ_end=0.176 CSR_train=0.000 done_count=125
[upd 150] u=0 upd_ctr=2 opt_step=32 E=0.504 g=0.101 VarTD=0.139005 ret_end=-26.296 dbar_end=0.729 occ_end=0.120 CSR_train=0.000 done_count=125
[upd 160] u=0 upd_ctr=2 opt_step=32 E=0.597 g=0.077 VarTD=0.230682 ret_end=-29.315 dbar_end=0.818 occ_end=0.112 CSR_train=0.000 done_count=125
[upd 170] u=0 upd_ctr=2 opt_step=32 E=0.692 g=0.099 VarTD=0.161402 ret_end=-27.121 dbar_end=0.736 occ_end=0.248 CSR_train=0.016 done_count=125
[upd 180] u=0 upd_ctr=2 opt_step=32 E=0.784 g=0.086 VarTD=0.166885 ret_end=-28.293 dbar_end=0.783 occ_end=0.088 CSR_train=0.000 done_count=125
[upd 190] u=0 upd_ctr=2 opt_step=32 E=0.876 g=0.082 VarTD=0.167859 ret_end=-28.248 dbar_end=0.795 occ_end=0.080 CSR_train=0.000 done_count=125
[upd 200] u=0 upd_ctr=3 opt_step=48 E=0.024 g=0.098 VarTD=0.143719 ret_end=-26.900 dbar_end=0.740 occ_end=0.136 CSR_train=0.000 done_count=125
[upd 210] u=0 upd_ctr=3 opt_step=48 E=0.123 g=0.093 VarTD=0.137122 ret_end=-27.931 dbar_end=0.756 occ_end=0.176 CSR_train=0.000 done_count=125
[upd 220] u=0 upd_ctr=3 opt_step=48 E=0.223 g=0.104 VarTD=0.174680 ret_end=-26.487 dbar_end=0.722 occ_end=0.184 CSR_train=0.000 done_count=125
[upd 230] u=0 upd_ctr=3 opt_step=48 E=0.321 g=0.098 VarTD=0.161494 ret_end=-26.966 dbar_end=0.738 occ_end=0.184 CSR_train=0.000 done_count=125
[upd 240] u=0 upd_ctr=3 opt_step=48 E=0.420 g=0.102 VarTD=0.158654 ret_end=-26.535 dbar_end=0.727 occ_end=0.096 CSR_train=0.000 done_count=125
[upd 250] u=0 upd_ctr=3 opt_step=48 E=0.521 g=0.095 VarTD=0.142666 ret_end=-27.250 dbar_end=0.749 occ_end=0.160 CSR_train=0.000 done_count=125
[upd 260] u=0 upd_ctr=3 opt_step=48 E=0.615 g=0.098 VarTD=0.162390 ret_end=-27.392 dbar_end=0.740 occ_end=0.200 CSR_train=0.000 done_count=100
[upd 270] u=0 upd_ctr=3 opt_step=48 E=0.717 g=0.090 VarTD=0.152475 ret_end=-28.145 dbar_end=0.766 occ_end=0.232 CSR_train=0.000 done_count=125
[upd 280] u=0 upd_ctr=3 opt_step=48 E=0.817 g=0.092 VarTD=0.148689 ret_end=-27.352 dbar_end=0.760 occ_end=0.136 CSR_train=0.000 done_count=125
[upd 290] u=0 upd_ctr=3 opt_step=48 E=0.917 g=0.094 VarTD=0.139755 ret_end=-27.628 dbar_end=0.752 occ_end=0.184 CSR_train=0.000 done_count=125
[upd 300] u=0 upd_ctr=4 opt_step=64 E=0.067 g=0.108 VarTD=0.137426 ret_end=-26.615 dbar_end=0.708 occ_end=0.176 CSR_train=0.000 done_count=125
[upd 310] u=0 upd_ctr=4 opt_step=64 E=0.169 g=0.100 VarTD=0.139417 ret_end=-26.180 dbar_end=0.732 occ_end=0.128 CSR_train=0.000 done_count=125
[Gate5 check] update_counter violations: t0=0 diffs=0
[Gate5 check] opt_step violations: t0=0 diffs=0 (expected_inc=16)
[Gate5 check] NaN masking: nan_on_skip=True finite_on_update=True
[Gate5 summary] mean_update_fraction=0.0128 final_executed_updates_mean=4.00
[Gate5 eval] done_count mean=100.0 CSR mean=0.0000 len_end_mean=26.00
[Gate5 eval] episodes_per_env=4 T_eval=104
[Gate5 eval-debug] locked_eps_occ=0.20 pre(step25): dbar_end=0.532127 occupied_end_mean=0.350000 max_tilde_end_mean=0.789186 CSR@locked=0.000000
[Gate5 eval-debug] locked_eps_occ=0.20 post(step26): dbar_end=0.530489 occupied_end_mean=0.440000 max_tilde_end_mean=0.795503 CSR@locked=0.000000
[Gate5 eval-debug] CSR_pre@0.10=0.0000 CSR_pre@0.15=0.0000 CSR_pre@0.20=0.0000 CSR_pre@0.25=0.0100 CSR_pre@0.30=0.0300
[Gate5 eval-debug] CSR_post@0.10=0.0000 CSR_post@0.15=0.0000 CSR_post@0.20=0.0000 CSR_post@0.25=0.0000 CSR_post@0.30=0.0100
