Importing submoduled environments...
Submoduled environments not found. Skipping import.
[upd 0] u=1 upd_ctr=1 opt_step=16 E=0.150 g=0.083 VarTD=0.159821 ret_end=-27.605 dbar_end=0.794 occ_end=0.110 CSR_train=0.000 done_count=100
[upd 10] u=0 upd_ctr=1 opt_step=16 E=0.687 g=0.089 VarTD=0.166459 ret_end=-27.505 dbar_end=0.772 occ_end=0.192 CSR_train=0.000 done_count=125
[upd 20] u=0 upd_ctr=2 opt_step=32 E=0.336 g=0.093 VarTD=0.162323 ret_end=-27.177 dbar_end=0.756 occ_end=0.168 CSR_train=0.000 done_count=125
[upd 30] u=0 upd_ctr=2 opt_step=32 E=0.891 g=0.100 VarTD=0.161522 ret_end=-26.822 dbar_end=0.735 occ_end=0.152 CSR_train=0.000 done_count=125
[upd 40] u=0 upd_ctr=3 opt_step=48 E=0.558 g=0.104 VarTD=0.137994 ret_end=-27.075 dbar_end=0.720 occ_end=0.152 CSR_train=0.008 done_count=125
[upd 50] u=0 upd_ctr=4 opt_step=64 E=0.276 g=0.097 VarTD=0.144757 ret_end=-27.652 dbar_end=0.744 occ_end=0.168 CSR_train=0.000 done_count=125
[upd 60] u=0 upd_ctr=4 opt_step=64 E=0.882 g=0.100 VarTD=0.148375 ret_end=-27.154 dbar_end=0.733 occ_end=0.168 CSR_train=0.000 done_count=125
[upd 70] u=0 upd_ctr=5 opt_step=80 E=0.619 g=0.108 VarTD=0.146269 ret_end=-26.402 dbar_end=0.710 occ_end=0.104 CSR_train=0.000 done_count=125
[upd 80] u=0 upd_ctr=6 opt_step=96 E=0.372 g=0.104 VarTD=0.151853 ret_end=-26.984 dbar_end=0.722 occ_end=0.152 CSR_train=0.000 done_count=125
[upd 90] u=0 upd_ctr=7 opt_step=112 E=0.143 g=0.125 VarTD=0.168042 ret_end=-26.194 dbar_end=0.662 occ_end=0.216 CSR_train=0.000 done_count=125
[upd 100] u=0 upd_ctr=7 opt_step=112 E=0.828 g=0.103 VarTD=0.160787 ret_end=-27.606 dbar_end=0.724 occ_end=0.120 CSR_train=0.000 done_count=125
[upd 110] u=0 upd_ctr=8 opt_step=128 E=0.624 g=0.118 VarTD=0.169060 ret_end=-25.491 dbar_end=0.680 occ_end=0.144 CSR_train=0.000 done_count=125
[upd 120] u=0 upd_ctr=9 opt_step=144 E=0.417 g=0.116 VarTD=0.142319 ret_end=-25.739 dbar_end=0.685 occ_end=0.168 CSR_train=0.000 done_count=125
[upd 130] u=0 upd_ctr=10 opt_step=160 E=0.241 g=0.120 VarTD=0.193449 ret_end=-26.224 dbar_end=0.676 occ_end=0.220 CSR_train=0.000 done_count=100
[upd 140] u=0 upd_ctr=10 opt_step=160 E=0.960 g=0.128 VarTD=0.185187 ret_end=-26.075 dbar_end=0.655 occ_end=0.264 CSR_train=0.000 done_count=125
[upd 150] u=0 upd_ctr=11 opt_step=176 E=0.796 g=0.121 VarTD=0.188946 ret_end=-26.478 dbar_end=0.673 occ_end=0.208 CSR_train=0.000 done_count=125
[upd 160] u=0 upd_ctr=12 opt_step=192 E=0.665 g=0.135 VarTD=0.213708 ret_end=-25.190 dbar_end=0.639 occ_end=0.200 CSR_train=0.000 done_count=125
[upd 170] u=0 upd_ctr=13 opt_step=208 E=0.550 g=0.130 VarTD=0.228972 ret_end=-25.322 dbar_end=0.650 occ_end=0.208 CSR_train=0.000 done_count=125
[upd 180] u=0 upd_ctr=14 opt_step=224 E=0.453 g=0.126 VarTD=0.268332 ret_end=-25.908 dbar_end=0.659 occ_end=0.240 CSR_train=0.000 done_count=125
[upd 190] u=0 upd_ctr=15 opt_step=240 E=0.408 g=0.150 VarTD=0.318813 ret_end=-25.229 dbar_end=0.604 occ_end=0.256 CSR_train=0.008 done_count=125
[upd 200] u=0 upd_ctr=16 opt_step=256 E=0.357 g=0.140 VarTD=0.343341 ret_end=-24.683 dbar_end=0.625 occ_end=0.184 CSR_train=0.000 done_count=125
[upd 210] u=0 upd_ctr=17 opt_step=272 E=0.338 g=0.142 VarTD=0.406532 ret_end=-25.673 dbar_end=0.622 occ_end=0.232 CSR_train=0.000 done_count=125
[upd 220] u=0 upd_ctr=18 opt_step=288 E=0.348 g=0.154 VarTD=0.459842 ret_end=-24.647 dbar_end=0.595 occ_end=0.216 CSR_train=0.000 done_count=125
[upd 230] u=0 upd_ctr=19 opt_step=304 E=0.395 g=0.161 VarTD=0.586568 ret_end=-25.626 dbar_end=0.582 occ_end=0.296 CSR_train=0.000 done_count=125
[upd 240] u=0 upd_ctr=20 opt_step=320 E=0.413 g=0.142 VarTD=0.619867 ret_end=-24.585 dbar_end=0.621 occ_end=0.208 CSR_train=0.000 done_count=125
[upd 250] u=0 upd_ctr=21 opt_step=336 E=0.437 g=0.155 VarTD=0.715131 ret_end=-25.181 dbar_end=0.593 occ_end=0.208 CSR_train=0.000 done_count=125
[upd 260] u=0 upd_ctr=22 opt_step=352 E=0.488 g=0.162 VarTD=0.679546 ret_end=-23.735 dbar_end=0.580 occ_end=0.220 CSR_train=0.000 done_count=100
[upd 270] u=0 upd_ctr=23 opt_step=368 E=0.574 g=0.165 VarTD=0.896657 ret_end=-23.535 dbar_end=0.574 occ_end=0.232 CSR_train=0.000 done_count=125
[upd 280] u=0 upd_ctr=24 opt_step=384 E=0.671 g=0.166 VarTD=1.039862 ret_end=-24.058 dbar_end=0.572 occ_end=0.272 CSR_train=0.000 done_count=125
[upd 290] u=0 upd_ctr=25 opt_step=400 E=0.760 g=0.169 VarTD=1.206694 ret_end=-24.276 dbar_end=0.566 occ_end=0.288 CSR_train=0.000 done_count=125
[upd 300] u=0 upd_ctr=26 opt_step=416 E=0.854 g=0.158 VarTD=1.288974 ret_end=-24.547 dbar_end=0.589 occ_end=0.224 CSR_train=0.000 done_count=125
[upd 310] u=0 upd_ctr=27 opt_step=432 E=0.975 g=0.168 VarTD=1.432151 ret_end=-23.417 dbar_end=0.568 occ_end=0.304 CSR_train=0.000 done_count=125
[Gate5 check] update_counter violations: t0=0 diffs=0
[Gate5 check] opt_step violations: t0=0 diffs=0 (expected_inc=16)
[Gate5 check] NaN masking: nan_on_skip=True finite_on_update=True
[Gate5 summary] mean_update_fraction=0.0897 final_executed_updates_mean=28.00
[Gate5 eval] done_count mean=100.0 CSR mean=0.0100 len_end_mean=26.00
[Gate5 eval] episodes_per_env=4 T_eval=104
[Gate5 eval-debug] locked_eps_occ=0.20 pre(step25): dbar_end=0.489485 occupied_end_mean=0.420000 max_tilde_end_mean=0.687040 CSR@locked=0.020000
[Gate5 eval-debug] locked_eps_occ=0.20 post(step26): dbar_end=0.493507 occupied_end_mean=0.400000 max_tilde_end_mean=0.690557 CSR@locked=0.010000
[Gate5 eval-debug] CSR_pre@0.10=0.0100 CSR_pre@0.15=0.0100 CSR_pre@0.20=0.0200 CSR_pre@0.25=0.0200 CSR_pre@0.30=0.0300
[Gate5 eval-debug] CSR_post@0.10=0.0000 CSR_post@0.15=0.0100 CSR_post@0.20=0.0100 CSR_post@0.25=0.0200 CSR_post@0.30=0.0400
