Importing submoduled environments...
Submoduled environments not found. Skipping import.
[upd 0] u=1 upd_ctr=1 opt_step=16 E=0.252 g=0.087 VarTD=0.161819 ret_end=-28.699 dbar_end=0.778 occ_end=0.120 CSR_train=0.000 done_count=100
[upd 10] u=0 upd_ctr=1 opt_step=16 E=0.782 g=0.081 VarTD=0.173819 ret_end=-28.772 dbar_end=0.801 occ_end=0.160 CSR_train=0.000 done_count=125
[upd 20] u=0 upd_ctr=2 opt_step=32 E=0.549 g=0.092 VarTD=0.135288 ret_end=-26.763 dbar_end=0.759 occ_end=0.144 CSR_train=0.000 done_count=125
[upd 30] u=0 upd_ctr=3 opt_step=48 E=0.327 g=0.120 VarTD=0.131258 ret_end=-25.545 dbar_end=0.674 occ_end=0.240 CSR_train=0.000 done_count=125
[upd 40] u=0 upd_ctr=4 opt_step=64 E=0.138 g=0.100 VarTD=0.123625 ret_end=-26.491 dbar_end=0.734 occ_end=0.144 CSR_train=0.000 done_count=125
[upd 50] u=0 upd_ctr=4 opt_step=64 E=0.778 g=0.103 VarTD=0.153808 ret_end=-27.164 dbar_end=0.725 occ_end=0.200 CSR_train=0.000 done_count=125
[upd 60] u=0 upd_ctr=5 opt_step=80 E=0.627 g=0.106 VarTD=0.164580 ret_end=-27.202 dbar_end=0.715 occ_end=0.120 CSR_train=0.000 done_count=125
[upd 70] u=0 upd_ctr=6 opt_step=96 E=0.533 g=0.123 VarTD=0.131433 ret_end=-25.746 dbar_end=0.666 occ_end=0.200 CSR_train=0.000 done_count=125
[upd 80] u=0 upd_ctr=7 opt_step=112 E=0.458 g=0.109 VarTD=0.145058 ret_end=-27.397 dbar_end=0.706 occ_end=0.184 CSR_train=0.000 done_count=125
[upd 90] u=0 upd_ctr=8 opt_step=128 E=0.385 g=0.103 VarTD=0.209591 ret_end=-27.187 dbar_end=0.724 occ_end=0.152 CSR_train=0.000 done_count=125
[upd 100] u=0 upd_ctr=9 opt_step=144 E=0.325 g=0.112 VarTD=0.153711 ret_end=-26.036 dbar_end=0.696 occ_end=0.216 CSR_train=0.000 done_count=125
[upd 110] u=0 upd_ctr=10 opt_step=160 E=0.344 g=0.128 VarTD=0.184295 ret_end=-26.032 dbar_end=0.655 occ_end=0.240 CSR_train=0.008 done_count=125
[upd 120] u=0 upd_ctr=11 opt_step=176 E=0.353 g=0.138 VarTD=0.148845 ret_end=-24.689 dbar_end=0.632 occ_end=0.216 CSR_train=0.000 done_count=125
[Gate5 check] update_counter violations: t0=0 diffs=0
[Gate5 check] opt_step violations: t0=0 diffs=0 (expected_inc=16)
[Gate5 check] NaN masking: nan_on_skip=True finite_on_update=True
[Gate5 summary] mean_update_fraction=0.0880 final_executed_updates_mean=11.00
[Gate5 eval] done_count mean=100.0 CSR mean=0.0000 len_end_mean=26.00
[Gate5 eval] episodes_per_env=4 T_eval=104
[Gate5 eval-debug] locked_eps_occ=0.20 pre(step25): dbar_end=0.503398 occupied_end_mean=0.450000 max_tilde_end_mean=0.725542 CSR@locked=0.000000
[Gate5 eval-debug] locked_eps_occ=0.20 post(step26): dbar_end=0.513006 occupied_end_mean=0.380000 max_tilde_end_mean=0.734189 CSR@locked=0.000000
[Gate5 eval-debug] CSR_pre@0.10=0.0000 CSR_pre@0.15=0.0000 CSR_pre@0.20=0.0000 CSR_pre@0.25=0.0000 CSR_pre@0.30=0.0100
[Gate5 eval-debug] CSR_post@0.10=0.0000 CSR_post@0.15=0.0000 CSR_post@0.20=0.0000 CSR_post@0.25=0.0000 CSR_post@0.30=0.0100
