Importing submoduled environments...
Submoduled environments not found. Skipping import.
[upd 0] u=1 upd_ctr=1 opt_step=16 E=0.128 g=0.093 VarTD=0.149936 ret_end=-27.435 dbar_end=0.756 occ_end=0.150 CSR_train=0.000 done_count=100
[upd 10] u=0 upd_ctr=1 opt_step=16 E=0.409 g=0.100 VarTD=0.132044 ret_end=-26.929 dbar_end=0.734 occ_end=0.192 CSR_train=0.000 done_count=125
[upd 20] u=0 upd_ctr=1 opt_step=16 E=0.711 g=0.107 VarTD=0.153948 ret_end=-26.021 dbar_end=0.712 occ_end=0.192 CSR_train=0.000 done_count=125
[upd 30] u=0 upd_ctr=2 opt_step=32 E=0.089 g=0.088 VarTD=0.171136 ret_end=-27.727 dbar_end=0.775 occ_end=0.136 CSR_train=0.008 done_count=125
[upd 40] u=0 upd_ctr=2 opt_step=32 E=0.378 g=0.095 VarTD=0.138593 ret_end=-27.153 dbar_end=0.749 occ_end=0.128 CSR_train=0.000 done_count=125
[upd 50] u=0 upd_ctr=2 opt_step=32 E=0.662 g=0.093 VarTD=0.128517 ret_end=-26.731 dbar_end=0.756 occ_end=0.136 CSR_train=0.000 done_count=125
[upd 60] u=1 upd_ctr=3 opt_step=48 E=0.044 g=0.102 VarTD=0.139886 ret_end=-27.134 dbar_end=0.727 occ_end=0.176 CSR_train=0.000 done_count=125
[upd 70] u=0 upd_ctr=3 opt_step=48 E=0.341 g=0.096 VarTD=0.138333 ret_end=-27.294 dbar_end=0.746 occ_end=0.168 CSR_train=0.000 done_count=125
[upd 80] u=0 upd_ctr=3 opt_step=48 E=0.663 g=0.104 VarTD=0.132615 ret_end=-26.023 dbar_end=0.721 occ_end=0.176 CSR_train=0.000 done_count=125
[upd 90] u=0 upd_ctr=4 opt_step=64 E=0.077 g=0.105 VarTD=0.129516 ret_end=-26.854 dbar_end=0.719 occ_end=0.152 CSR_train=0.000 done_count=125
[upd 100] u=0 upd_ctr=4 opt_step=64 E=0.385 g=0.112 VarTD=0.146681 ret_end=-25.658 dbar_end=0.697 occ_end=0.192 CSR_train=0.000 done_count=125
[upd 110] u=0 upd_ctr=4 opt_step=64 E=0.689 g=0.092 VarTD=0.139220 ret_end=-27.353 dbar_end=0.760 occ_end=0.152 CSR_train=0.000 done_count=125
[upd 120] u=0 upd_ctr=5 opt_step=80 E=0.100 g=0.113 VarTD=0.138786 ret_end=-25.793 dbar_end=0.694 occ_end=0.224 CSR_train=0.000 done_count=125
[upd 130] u=0 upd_ctr=5 opt_step=80 E=0.424 g=0.104 VarTD=0.183951 ret_end=-26.651 dbar_end=0.721 occ_end=0.240 CSR_train=0.000 done_count=100
[upd 140] u=0 upd_ctr=5 opt_step=80 E=0.742 g=0.107 VarTD=0.170006 ret_end=-25.950 dbar_end=0.712 occ_end=0.184 CSR_train=0.000 done_count=125
[upd 150] u=0 upd_ctr=6 opt_step=96 E=0.175 g=0.111 VarTD=0.130288 ret_end=-26.783 dbar_end=0.699 occ_end=0.128 CSR_train=0.000 done_count=125
[upd 160] u=0 upd_ctr=6 opt_step=96 E=0.499 g=0.107 VarTD=0.159745 ret_end=-27.128 dbar_end=0.712 occ_end=0.200 CSR_train=0.000 done_count=125
[upd 170] u=0 upd_ctr=6 opt_step=96 E=0.822 g=0.115 VarTD=0.143447 ret_end=-26.186 dbar_end=0.689 occ_end=0.144 CSR_train=0.000 done_count=125
[upd 180] u=0 upd_ctr=7 opt_step=112 E=0.257 g=0.136 VarTD=0.133726 ret_end=-24.731 dbar_end=0.636 occ_end=0.240 CSR_train=0.000 done_count=125
[upd 190] u=0 upd_ctr=7 opt_step=112 E=0.596 g=0.113 VarTD=0.134232 ret_end=-26.315 dbar_end=0.694 occ_end=0.144 CSR_train=0.000 done_count=125
[upd 200] u=0 upd_ctr=7 opt_step=112 E=0.926 g=0.113 VarTD=0.140430 ret_end=-27.108 dbar_end=0.694 occ_end=0.168 CSR_train=0.000 done_count=125
[upd 210] u=0 upd_ctr=8 opt_step=128 E=0.382 g=0.115 VarTD=0.163686 ret_end=-26.519 dbar_end=0.690 occ_end=0.208 CSR_train=0.000 done_count=125
[upd 220] u=0 upd_ctr=8 opt_step=128 E=0.736 g=0.115 VarTD=0.131654 ret_end=-25.782 dbar_end=0.689 occ_end=0.168 CSR_train=0.000 done_count=125
[upd 230] u=0 upd_ctr=9 opt_step=144 E=0.183 g=0.117 VarTD=0.149410 ret_end=-25.598 dbar_end=0.683 occ_end=0.168 CSR_train=0.000 done_count=125
[upd 240] u=0 upd_ctr=9 opt_step=144 E=0.557 g=0.136 VarTD=0.149722 ret_end=-25.261 dbar_end=0.635 occ_end=0.304 CSR_train=0.000 done_count=125
[upd 250] u=0 upd_ctr=9 opt_step=144 E=0.901 g=0.116 VarTD=0.171303 ret_end=-26.612 dbar_end=0.685 occ_end=0.184 CSR_train=0.000 done_count=125
[upd 260] u=0 upd_ctr=10 opt_step=160 E=0.380 g=0.124 VarTD=0.141714 ret_end=-24.963 dbar_end=0.665 occ_end=0.200 CSR_train=0.000 done_count=100
[upd 270] u=0 upd_ctr=10 opt_step=160 E=0.758 g=0.138 VarTD=0.174467 ret_end=-25.329 dbar_end=0.631 occ_end=0.176 CSR_train=0.000 done_count=125
[upd 280] u=0 upd_ctr=11 opt_step=176 E=0.244 g=0.140 VarTD=0.161549 ret_end=-24.186 dbar_end=0.625 occ_end=0.240 CSR_train=0.000 done_count=125
[upd 290] u=0 upd_ctr=11 opt_step=176 E=0.637 g=0.119 VarTD=0.183613 ret_end=-26.307 dbar_end=0.677 occ_end=0.248 CSR_train=0.000 done_count=125
[upd 300] u=0 upd_ctr=12 opt_step=192 E=0.117 g=0.145 VarTD=0.167362 ret_end=-24.040 dbar_end=0.616 occ_end=0.280 CSR_train=0.000 done_count=125
[upd 310] u=0 upd_ctr=12 opt_step=192 E=0.517 g=0.139 VarTD=0.181937 ret_end=-25.024 dbar_end=0.628 occ_end=0.176 CSR_train=0.000 done_count=125
[Gate5 check] update_counter violations: t0=0 diffs=0
[Gate5 check] opt_step violations: t0=0 diffs=0 (expected_inc=16)
[Gate5 check] NaN masking: nan_on_skip=True finite_on_update=True
[Gate5 summary] mean_update_fraction=0.0385 final_executed_updates_mean=12.00
[Gate5 eval] done_count mean=100.0 CSR mean=0.0000 len_end_mean=26.00
[Gate5 eval] episodes_per_env=4 T_eval=104
[Gate5 eval-debug] locked_eps_occ=0.20 pre(step25): dbar_end=0.513565 occupied_end_mean=0.340000 max_tilde_end_mean=0.758634 CSR@locked=0.000000
[Gate5 eval-debug] locked_eps_occ=0.20 post(step26): dbar_end=0.513225 occupied_end_mean=0.380000 max_tilde_end_mean=0.753914 CSR@locked=0.000000
[Gate5 eval-debug] CSR_pre@0.10=0.0000 CSR_pre@0.15=0.0000 CSR_pre@0.20=0.0000 CSR_pre@0.25=0.0000 CSR_pre@0.30=0.0000
[Gate5 eval-debug] CSR_post@0.10=0.0000 CSR_post@0.15=0.0000 CSR_post@0.20=0.0000 CSR_post@0.25=0.0000 CSR_post@0.30=0.0000
