Importing submoduled environments...
Submoduled environments not found. Skipping import.
[upd 0] u=1 upd_ctr=1 opt_step=16 E=0.034 g=0.085 VarTD=0.206615 ret_end=-28.597 dbar_end=0.786 occ_end=0.160 CSR_train=0.000 done_count=100
[upd 10] u=0 upd_ctr=1 opt_step=16 E=0.420 g=0.096 VarTD=0.212328 ret_end=-26.954 dbar_end=0.748 occ_end=0.176 CSR_train=0.000 done_count=125
[upd 20] u=0 upd_ctr=1 opt_step=16 E=0.801 g=0.095 VarTD=0.182918 ret_end=-26.851 dbar_end=0.750 occ_end=0.176 CSR_train=0.000 done_count=125
[upd 30] u=0 upd_ctr=2 opt_step=32 E=0.157 g=0.098 VarTD=0.195732 ret_end=-27.161 dbar_end=0.739 occ_end=0.160 CSR_train=0.000 done_count=125
[upd 40] u=0 upd_ctr=2 opt_step=32 E=0.561 g=0.094 VarTD=0.192129 ret_end=-27.974 dbar_end=0.752 occ_end=0.152 CSR_train=0.000 done_count=125
[upd 50] u=0 upd_ctr=2 opt_step=32 E=0.950 g=0.089 VarTD=0.204159 ret_end=-27.771 dbar_end=0.771 occ_end=0.160 CSR_train=0.000 done_count=125
[upd 60] u=0 upd_ctr=3 opt_step=48 E=0.342 g=0.099 VarTD=0.175454 ret_end=-27.087 dbar_end=0.736 occ_end=0.184 CSR_train=0.000 done_count=125
[upd 70] u=0 upd_ctr=3 opt_step=48 E=0.767 g=0.117 VarTD=0.177614 ret_end=-26.684 dbar_end=0.684 occ_end=0.248 CSR_train=0.000 done_count=125
[upd 80] u=0 upd_ctr=4 opt_step=64 E=0.166 g=0.111 VarTD=0.179093 ret_end=-26.796 dbar_end=0.699 occ_end=0.128 CSR_train=0.000 done_count=125
[upd 90] u=0 upd_ctr=4 opt_step=64 E=0.605 g=0.107 VarTD=0.188733 ret_end=-26.738 dbar_end=0.710 occ_end=0.192 CSR_train=0.000 done_count=125
[upd 100] u=0 upd_ctr=4 opt_step=64 E=1.000 g=0.115 VarTD=0.194232 ret_end=-25.977 dbar_end=0.689 occ_end=0.240 CSR_train=0.000 done_count=125
[upd 110] u=0 upd_ctr=5 opt_step=80 E=0.444 g=0.094 VarTD=0.190672 ret_end=-28.177 dbar_end=0.753 occ_end=0.192 CSR_train=0.000 done_count=125
[upd 120] u=0 upd_ctr=5 opt_step=80 E=0.884 g=0.111 VarTD=0.155810 ret_end=-25.766 dbar_end=0.700 occ_end=0.200 CSR_train=0.000 done_count=125
[upd 130] u=0 upd_ctr=6 opt_step=96 E=0.322 g=0.115 VarTD=0.173831 ret_end=-25.682 dbar_end=0.690 occ_end=0.170 CSR_train=0.000 done_count=100
[upd 140] u=0 upd_ctr=6 opt_step=96 E=0.774 g=0.106 VarTD=0.170915 ret_end=-26.720 dbar_end=0.715 occ_end=0.128 CSR_train=0.000 done_count=125
[upd 150] u=0 upd_ctr=7 opt_step=112 E=0.239 g=0.114 VarTD=0.161253 ret_end=-26.074 dbar_end=0.693 occ_end=0.152 CSR_train=0.000 done_count=125
[upd 160] u=0 upd_ctr=7 opt_step=112 E=0.703 g=0.126 VarTD=0.174037 ret_end=-26.071 dbar_end=0.659 occ_end=0.192 CSR_train=0.000 done_count=125
[upd 170] u=0 upd_ctr=8 opt_step=128 E=0.147 g=0.127 VarTD=0.166236 ret_end=-25.450 dbar_end=0.656 occ_end=0.232 CSR_train=0.000 done_count=125
[upd 180] u=0 upd_ctr=8 opt_step=128 E=0.637 g=0.112 VarTD=0.168685 ret_end=-25.705 dbar_end=0.697 occ_end=0.160 CSR_train=0.000 done_count=125
[upd 190] u=0 upd_ctr=9 opt_step=144 E=0.098 g=0.128 VarTD=0.168090 ret_end=-25.699 dbar_end=0.654 occ_end=0.200 CSR_train=0.000 done_count=125
[upd 200] u=0 upd_ctr=9 opt_step=144 E=0.598 g=0.133 VarTD=0.157160 ret_end=-25.083 dbar_end=0.641 occ_end=0.224 CSR_train=0.000 done_count=125
[upd 210] u=0 upd_ctr=10 opt_step=160 E=0.104 g=0.134 VarTD=0.185154 ret_end=-25.625 dbar_end=0.640 occ_end=0.224 CSR_train=0.000 done_count=125
[upd 220] u=0 upd_ctr=10 opt_step=160 E=0.630 g=0.130 VarTD=0.162620 ret_end=-25.120 dbar_end=0.651 occ_end=0.208 CSR_train=0.000 done_count=125
[upd 230] u=0 upd_ctr=11 opt_step=176 E=0.159 g=0.134 VarTD=0.215391 ret_end=-25.870 dbar_end=0.641 occ_end=0.216 CSR_train=0.000 done_count=125
[upd 240] u=0 upd_ctr=11 opt_step=176 E=0.691 g=0.141 VarTD=0.176397 ret_end=-24.787 dbar_end=0.624 occ_end=0.168 CSR_train=0.000 done_count=125
[upd 250] u=0 upd_ctr=12 opt_step=192 E=0.226 g=0.137 VarTD=0.202804 ret_end=-25.440 dbar_end=0.634 occ_end=0.304 CSR_train=0.000 done_count=125
[upd 260] u=0 upd_ctr=12 opt_step=192 E=0.751 g=0.136 VarTD=0.178218 ret_end=-24.513 dbar_end=0.636 occ_end=0.240 CSR_train=0.000 done_count=100
[upd 270] u=0 upd_ctr=13 opt_step=208 E=0.278 g=0.148 VarTD=0.236876 ret_end=-25.318 dbar_end=0.609 occ_end=0.264 CSR_train=0.000 done_count=125
[upd 280] u=0 upd_ctr=13 opt_step=208 E=0.839 g=0.134 VarTD=0.211045 ret_end=-25.061 dbar_end=0.640 occ_end=0.256 CSR_train=0.000 done_count=125
[upd 290] u=0 upd_ctr=14 opt_step=224 E=0.388 g=0.137 VarTD=0.241570 ret_end=-25.203 dbar_end=0.634 occ_end=0.184 CSR_train=0.000 done_count=125
[upd 300] u=0 upd_ctr=14 opt_step=224 E=0.962 g=0.153 VarTD=0.245178 ret_end=-24.662 dbar_end=0.598 occ_end=0.232 CSR_train=0.000 done_count=125
[upd 310] u=0 upd_ctr=15 opt_step=240 E=0.512 g=0.124 VarTD=0.282998 ret_end=-26.095 dbar_end=0.666 occ_end=0.168 CSR_train=0.000 done_count=125
[Gate5 check] update_counter violations: t0=0 diffs=0
[Gate5 check] opt_step violations: t0=0 diffs=0 (expected_inc=16)
[Gate5 check] NaN masking: nan_on_skip=True finite_on_update=True
[Gate5 summary] mean_update_fraction=0.0481 final_executed_updates_mean=15.00
[Gate5 eval] done_count mean=100.0 CSR mean=0.0200 len_end_mean=26.00
[Gate5 eval] episodes_per_env=4 T_eval=104
[Gate5 eval-debug] locked_eps_occ=0.20 pre(step25): dbar_end=0.500976 occupied_end_mean=0.520000 max_tilde_end_mean=0.726325 CSR@locked=0.030000
[Gate5 eval-debug] locked_eps_occ=0.20 post(step26): dbar_end=0.497190 occupied_end_mean=0.420000 max_tilde_end_mean=0.715182 CSR@locked=0.020000
[Gate5 eval-debug] CSR_pre@0.10=0.0000 CSR_pre@0.15=0.0100 CSR_pre@0.20=0.0300 CSR_pre@0.25=0.0400 CSR_pre@0.30=0.0400
[Gate5 eval-debug] CSR_post@0.10=0.0100 CSR_post@0.15=0.0100 CSR_post@0.20=0.0200 CSR_post@0.25=0.0300 CSR_post@0.30=0.0500
