Importing submoduled environments...
Submoduled environments not found. Skipping import.
[upd 0] u=1 upd_ctr=1 opt_step=16 E=0.084 g=0.105 VarTD=0.153100 ret_end=-26.906 dbar_end=0.718 occ_end=0.160 CSR_train=0.000 done_count=100
[upd 10] u=0 upd_ctr=1 opt_step=16 E=0.829 g=0.079 VarTD=0.158451 ret_end=-28.492 dbar_end=0.807 occ_end=0.088 CSR_train=0.000 done_count=125
[upd 20] u=0 upd_ctr=2 opt_step=32 E=0.528 g=0.102 VarTD=0.132738 ret_end=-26.601 dbar_end=0.728 occ_end=0.192 CSR_train=0.000 done_count=125
[upd 30] u=0 upd_ctr=3 opt_step=48 E=0.235 g=0.098 VarTD=0.156979 ret_end=-27.353 dbar_end=0.741 occ_end=0.176 CSR_train=0.000 done_count=125
[upd 40] u=0 upd_ctr=3 opt_step=48 E=1.000 g=0.091 VarTD=0.150673 ret_end=-28.466 dbar_end=0.764 occ_end=0.136 CSR_train=0.000 done_count=125
[upd 50] u=0 upd_ctr=4 opt_step=64 E=0.840 g=0.093 VarTD=0.151657 ret_end=-27.924 dbar_end=0.756 occ_end=0.144 CSR_train=0.000 done_count=125
[upd 60] u=0 upd_ctr=5 opt_step=80 E=0.667 g=0.104 VarTD=0.143932 ret_end=-26.688 dbar_end=0.721 occ_end=0.192 CSR_train=0.000 done_count=125
[upd 70] u=0 upd_ctr=6 opt_step=96 E=0.557 g=0.129 VarTD=0.139122 ret_end=-25.427 dbar_end=0.652 occ_end=0.280 CSR_train=0.000 done_count=125
[upd 80] u=0 upd_ctr=7 opt_step=112 E=0.462 g=0.137 VarTD=0.116875 ret_end=-24.470 dbar_end=0.633 occ_end=0.264 CSR_train=0.008 done_count=125
[upd 90] u=0 upd_ctr=8 opt_step=128 E=0.362 g=0.113 VarTD=0.145715 ret_end=-25.558 dbar_end=0.695 occ_end=0.200 CSR_train=0.000 done_count=125
[upd 100] u=0 upd_ctr=9 opt_step=144 E=0.275 g=0.117 VarTD=0.151720 ret_end=-26.371 dbar_end=0.684 occ_end=0.144 CSR_train=0.000 done_count=125
[upd 110] u=0 upd_ctr=10 opt_step=160 E=0.196 g=0.125 VarTD=0.165220 ret_end=-25.472 dbar_end=0.663 occ_end=0.200 CSR_train=0.000 done_count=125
[upd 120] u=1 upd_ctr=11 opt_step=176 E=0.098 g=0.122 VarTD=0.171188 ret_end=-26.368 dbar_end=0.669 occ_end=0.176 CSR_train=0.000 done_count=125
[Gate5 check] update_counter violations: t0=0 diffs=0
[Gate5 check] opt_step violations: t0=0 diffs=0 (expected_inc=16)
[Gate5 check] NaN masking: nan_on_skip=True finite_on_update=True
[Gate5 summary] mean_update_fraction=0.0880 final_executed_updates_mean=11.00
[Gate5 eval] done_count mean=100.0 CSR mean=0.0000 len_end_mean=26.00
[Gate5 eval] episodes_per_env=4 T_eval=104
[Gate5 eval-debug] locked_eps_occ=0.20 pre(step25): dbar_end=0.498076 occupied_end_mean=0.390000 max_tilde_end_mean=0.714096 CSR@locked=0.000000
[Gate5 eval-debug] locked_eps_occ=0.20 post(step26): dbar_end=0.490067 occupied_end_mean=0.450000 max_tilde_end_mean=0.693024 CSR@locked=0.000000
[Gate5 eval-debug] CSR_pre@0.10=0.0000 CSR_pre@0.15=0.0000 CSR_pre@0.20=0.0000 CSR_pre@0.25=0.0100 CSR_pre@0.30=0.0200
[Gate5 eval-debug] CSR_post@0.10=0.0000 CSR_post@0.15=0.0000 CSR_post@0.20=0.0000 CSR_post@0.25=0.0200 CSR_post@0.30=0.0300
