Importing submoduled environments...
Submoduled environments not found. Skipping import.
[upd 0] u=1 upd_ctr=1 opt_step=16 E=0.127 g=0.091 VarTD=0.177780 ret_end=-27.116 dbar_end=0.762 occ_end=0.220 CSR_train=0.000 done_count=100
[upd 10] u=0 upd_ctr=1 opt_step=16 E=0.400 g=0.084 VarTD=0.168711 ret_end=-27.749 dbar_end=0.791 occ_end=0.120 CSR_train=0.000 done_count=125
[upd 20] u=0 upd_ctr=1 opt_step=16 E=0.689 g=0.094 VarTD=0.155229 ret_end=-27.163 dbar_end=0.752 occ_end=0.168 CSR_train=0.000 done_count=125
[upd 30] u=0 upd_ctr=2 opt_step=32 E=0.084 g=0.091 VarTD=0.174680 ret_end=-27.613 dbar_end=0.762 occ_end=0.136 CSR_train=0.000 done_count=125
[upd 40] u=0 upd_ctr=2 opt_step=32 E=0.380 g=0.098 VarTD=0.153453 ret_end=-27.358 dbar_end=0.739 occ_end=0.184 CSR_train=0.000 done_count=125
[upd 50] u=0 upd_ctr=2 opt_step=32 E=0.687 g=0.111 VarTD=0.144984 ret_end=-25.661 dbar_end=0.700 occ_end=0.152 CSR_train=0.000 done_count=125
[upd 60] u=0 upd_ctr=3 opt_step=48 E=0.083 g=0.099 VarTD=0.161792 ret_end=-26.687 dbar_end=0.736 occ_end=0.104 CSR_train=0.000 done_count=125
[upd 70] u=0 upd_ctr=3 opt_step=48 E=0.406 g=0.106 VarTD=0.160542 ret_end=-26.686 dbar_end=0.714 occ_end=0.208 CSR_train=0.008 done_count=125
[upd 80] u=0 upd_ctr=3 opt_step=48 E=0.715 g=0.111 VarTD=0.139743 ret_end=-26.281 dbar_end=0.699 occ_end=0.128 CSR_train=0.000 done_count=125
[upd 90] u=0 upd_ctr=4 opt_step=64 E=0.139 g=0.114 VarTD=0.149371 ret_end=-26.438 dbar_end=0.691 occ_end=0.176 CSR_train=0.000 done_count=125
[upd 100] u=0 upd_ctr=4 opt_step=64 E=0.487 g=0.124 VarTD=0.135707 ret_end=-25.439 dbar_end=0.666 occ_end=0.200 CSR_train=0.000 done_count=125
[upd 110] u=0 upd_ctr=4 opt_step=64 E=0.818 g=0.106 VarTD=0.145695 ret_end=-26.106 dbar_end=0.716 occ_end=0.152 CSR_train=0.000 done_count=125
[upd 120] u=0 upd_ctr=5 opt_step=80 E=0.258 g=0.108 VarTD=0.155399 ret_end=-26.290 dbar_end=0.709 occ_end=0.200 CSR_train=0.000 done_count=125
[upd 130] u=0 upd_ctr=5 opt_step=80 E=0.607 g=0.120 VarTD=0.138948 ret_end=-24.942 dbar_end=0.675 occ_end=0.110 CSR_train=0.000 done_count=100
[upd 140] u=1 upd_ctr=6 opt_step=96 E=0.065 g=0.123 VarTD=0.185213 ret_end=-25.598 dbar_end=0.666 occ_end=0.224 CSR_train=0.000 done_count=125
[upd 150] u=0 upd_ctr=6 opt_step=96 E=0.444 g=0.127 VarTD=0.130761 ret_end=-24.953 dbar_end=0.658 occ_end=0.256 CSR_train=0.000 done_count=125
[upd 160] u=0 upd_ctr=6 opt_step=96 E=0.815 g=0.120 VarTD=0.146156 ret_end=-26.459 dbar_end=0.675 occ_end=0.232 CSR_train=0.000 done_count=125
[upd 170] u=0 upd_ctr=7 opt_step=112 E=0.282 g=0.120 VarTD=0.156663 ret_end=-25.767 dbar_end=0.676 occ_end=0.184 CSR_train=0.000 done_count=125
[upd 180] u=0 upd_ctr=7 opt_step=112 E=0.663 g=0.136 VarTD=0.122329 ret_end=-25.384 dbar_end=0.634 occ_end=0.200 CSR_train=0.008 done_count=125
[upd 190] u=0 upd_ctr=8 opt_step=128 E=0.126 g=0.110 VarTD=0.181421 ret_end=-27.849 dbar_end=0.702 occ_end=0.200 CSR_train=0.000 done_count=125
[upd 200] u=0 upd_ctr=8 opt_step=128 E=0.517 g=0.134 VarTD=0.140878 ret_end=-24.653 dbar_end=0.639 occ_end=0.216 CSR_train=0.000 done_count=125
[upd 210] u=0 upd_ctr=8 opt_step=128 E=0.900 g=0.117 VarTD=0.163483 ret_end=-25.479 dbar_end=0.684 occ_end=0.144 CSR_train=0.000 done_count=125
[upd 220] u=0 upd_ctr=9 opt_step=144 E=0.396 g=0.126 VarTD=0.135631 ret_end=-25.128 dbar_end=0.659 occ_end=0.168 CSR_train=0.000 done_count=125
[upd 230] u=0 upd_ctr=9 opt_step=144 E=0.803 g=0.124 VarTD=0.166785 ret_end=-26.066 dbar_end=0.665 occ_end=0.192 CSR_train=0.000 done_count=125
[upd 240] u=0 upd_ctr=10 opt_step=160 E=0.310 g=0.138 VarTD=0.161658 ret_end=-25.789 dbar_end=0.631 occ_end=0.240 CSR_train=0.000 done_count=125
[upd 250] u=0 upd_ctr=10 opt_step=160 E=0.721 g=0.142 VarTD=0.151041 ret_end=-25.759 dbar_end=0.622 occ_end=0.208 CSR_train=0.000 done_count=125
[upd 260] u=0 upd_ctr=11 opt_step=176 E=0.246 g=0.152 VarTD=0.139586 ret_end=-23.856 dbar_end=0.600 occ_end=0.250 CSR_train=0.010 done_count=100
[upd 270] u=0 upd_ctr=11 opt_step=176 E=0.664 g=0.140 VarTD=0.152665 ret_end=-25.298 dbar_end=0.626 occ_end=0.168 CSR_train=0.000 done_count=125
[upd 280] u=0 upd_ctr=12 opt_step=192 E=0.187 g=0.134 VarTD=0.204798 ret_end=-26.518 dbar_end=0.640 occ_end=0.256 CSR_train=0.000 done_count=125
[upd 290] u=0 upd_ctr=12 opt_step=192 E=0.634 g=0.167 VarTD=0.192001 ret_end=-23.439 dbar_end=0.570 occ_end=0.320 CSR_train=0.000 done_count=125
[upd 300] u=0 upd_ctr=13 opt_step=208 E=0.155 g=0.136 VarTD=0.219011 ret_end=-25.473 dbar_end=0.635 occ_end=0.192 CSR_train=0.000 done_count=125
[upd 310] u=0 upd_ctr=13 opt_step=208 E=0.589 g=0.149 VarTD=0.222535 ret_end=-25.918 dbar_end=0.607 occ_end=0.256 CSR_train=0.000 done_count=125
[Gate5 check] update_counter violations: t0=0 diffs=0
[Gate5 check] opt_step violations: t0=0 diffs=0 (expected_inc=16)
[Gate5 check] NaN masking: nan_on_skip=True finite_on_update=True
[Gate5 summary] mean_update_fraction=0.0417 final_executed_updates_mean=13.00
[Gate5 eval] done_count mean=100.0 CSR mean=0.0000 len_end_mean=26.00
[Gate5 eval] episodes_per_env=4 T_eval=104
[Gate5 eval-debug] locked_eps_occ=0.20 pre(step25): dbar_end=0.493365 occupied_end_mean=0.360000 max_tilde_end_mean=0.683510 CSR@locked=0.000000
[Gate5 eval-debug] locked_eps_occ=0.20 post(step26): dbar_end=0.484117 occupied_end_mean=0.380000 max_tilde_end_mean=0.682908 CSR@locked=0.000000
[Gate5 eval-debug] CSR_pre@0.10=0.0000 CSR_pre@0.15=0.0000 CSR_pre@0.20=0.0000 CSR_pre@0.25=0.0100 CSR_pre@0.30=0.0300
[Gate5 eval-debug] CSR_post@0.10=0.0000 CSR_post@0.15=0.0000 CSR_post@0.20=0.0000 CSR_post@0.25=0.0100 CSR_post@0.30=0.0200
