Importing submoduled environments...
Submoduled environments not found. Skipping import.
[upd 0] u=1 upd_ctr=1 opt_step=16 E=0.072 g=0.090 VarTD=0.142063 ret_end=-26.625 dbar_end=0.768 occ_end=0.090 CSR_train=0.000 done_count=100
[upd 10] u=0 upd_ctr=1 opt_step=16 E=0.836 g=0.103 VarTD=0.114452 ret_end=-26.589 dbar_end=0.723 occ_end=0.104 CSR_train=0.000 done_count=125
[upd 20] u=0 upd_ctr=2 opt_step=32 E=0.538 g=0.101 VarTD=0.164662 ret_end=-26.875 dbar_end=0.730 occ_end=0.112 CSR_train=0.000 done_count=125
[upd 30] u=0 upd_ctr=3 opt_step=48 E=0.330 g=0.098 VarTD=0.156813 ret_end=-27.898 dbar_end=0.741 occ_end=0.224 CSR_train=0.000 done_count=125
[upd 40] u=1 upd_ctr=4 opt_step=64 E=0.080 g=0.100 VarTD=0.141862 ret_end=-26.512 dbar_end=0.734 occ_end=0.144 CSR_train=0.000 done_count=125
[upd 50] u=0 upd_ctr=4 opt_step=64 E=0.960 g=0.104 VarTD=0.144126 ret_end=-26.593 dbar_end=0.721 occ_end=0.208 CSR_train=0.000 done_count=125
[upd 60] u=0 upd_ctr=5 opt_step=80 E=0.788 g=0.105 VarTD=0.141482 ret_end=-26.154 dbar_end=0.718 occ_end=0.168 CSR_train=0.000 done_count=125
[upd 70] u=0 upd_ctr=6 opt_step=96 E=0.623 g=0.113 VarTD=0.119132 ret_end=-25.430 dbar_end=0.695 occ_end=0.176 CSR_train=0.000 done_count=125
[upd 80] u=0 upd_ctr=7 opt_step=112 E=0.576 g=0.122 VarTD=0.176136 ret_end=-26.011 dbar_end=0.670 occ_end=0.208 CSR_train=0.000 done_count=125
[upd 90] u=0 upd_ctr=8 opt_step=128 E=0.506 g=0.126 VarTD=0.147130 ret_end=-26.084 dbar_end=0.659 occ_end=0.208 CSR_train=0.000 done_count=125
[upd 100] u=0 upd_ctr=9 opt_step=144 E=0.505 g=0.125 VarTD=0.146201 ret_end=-25.946 dbar_end=0.661 occ_end=0.120 CSR_train=0.000 done_count=125
[upd 110] u=0 upd_ctr=10 opt_step=160 E=0.510 g=0.123 VarTD=0.194908 ret_end=-26.766 dbar_end=0.667 occ_end=0.200 CSR_train=0.000 done_count=125
[upd 120] u=0 upd_ctr=11 opt_step=176 E=0.514 g=0.128 VarTD=0.177110 ret_end=-25.425 dbar_end=0.654 occ_end=0.280 CSR_train=0.000 done_count=125
[upd 130] u=0 upd_ctr=12 opt_step=192 E=0.548 g=0.147 VarTD=0.178371 ret_end=-25.057 dbar_end=0.610 occ_end=0.210 CSR_train=0.000 done_count=100
[upd 140] u=0 upd_ctr=13 opt_step=208 E=0.548 g=0.143 VarTD=0.224147 ret_end=-24.232 dbar_end=0.620 occ_end=0.264 CSR_train=0.000 done_count=125
[upd 150] u=0 upd_ctr=14 opt_step=224 E=0.574 g=0.145 VarTD=0.247109 ret_end=-24.858 dbar_end=0.614 occ_end=0.184 CSR_train=0.000 done_count=125
[upd 160] u=0 upd_ctr=15 opt_step=240 E=0.719 g=0.144 VarTD=0.294858 ret_end=-25.471 dbar_end=0.618 occ_end=0.224 CSR_train=0.000 done_count=125
[upd 170] u=0 upd_ctr=16 opt_step=256 E=0.859 g=0.150 VarTD=0.340662 ret_end=-24.471 dbar_end=0.603 occ_end=0.224 CSR_train=0.000 done_count=125
[upd 180] u=0 upd_ctr=17 opt_step=272 E=1.000 g=0.154 VarTD=0.369638 ret_end=-24.612 dbar_end=0.596 occ_end=0.208 CSR_train=0.000 done_count=125
[upd 190] u=0 upd_ctr=19 opt_step=304 E=0.259 g=0.158 VarTD=0.542327 ret_end=-24.625 dbar_end=0.587 occ_end=0.208 CSR_train=0.008 done_count=125
[upd 200] u=0 upd_ctr=20 opt_step=320 E=0.500 g=0.159 VarTD=0.613700 ret_end=-23.943 dbar_end=0.586 occ_end=0.264 CSR_train=0.000 done_count=125
[upd 210] u=0 upd_ctr=21 opt_step=336 E=0.779 g=0.145 VarTD=0.697420 ret_end=-25.833 dbar_end=0.615 occ_end=0.248 CSR_train=0.000 done_count=125
[upd 220] u=0 upd_ctr=22 opt_step=352 E=1.000 g=0.167 VarTD=0.803940 ret_end=-24.651 dbar_end=0.570 occ_end=0.280 CSR_train=0.000 done_count=125
[upd 230] u=0 upd_ctr=24 opt_step=384 E=0.281 g=0.185 VarTD=1.042539 ret_end=-22.718 dbar_end=0.538 occ_end=0.360 CSR_train=0.000 done_count=125
[upd 240] u=0 upd_ctr=25 opt_step=400 E=0.543 g=0.174 VarTD=1.166670 ret_end=-23.179 dbar_end=0.558 occ_end=0.272 CSR_train=0.000 done_count=125
[upd 250] u=0 upd_ctr=26 opt_step=416 E=0.849 g=0.184 VarTD=1.298824 ret_end=-23.738 dbar_end=0.539 occ_end=0.320 CSR_train=0.000 done_count=125
[upd 260] u=0 upd_ctr=27 opt_step=432 E=1.000 g=0.175 VarTD=1.160412 ret_end=-23.952 dbar_end=0.554 occ_end=0.280 CSR_train=0.000 done_count=100
[upd 270] u=0 upd_ctr=29 opt_step=464 E=0.288 g=0.186 VarTD=1.693205 ret_end=-22.825 dbar_end=0.536 occ_end=0.336 CSR_train=0.000 done_count=125
[upd 280] u=0 upd_ctr=30 opt_step=480 E=0.564 g=0.175 VarTD=1.851946 ret_end=-23.324 dbar_end=0.555 occ_end=0.312 CSR_train=0.000 done_count=125
[upd 290] u=0 upd_ctr=31 opt_step=496 E=0.830 g=0.183 VarTD=1.966432 ret_end=-22.875 dbar_end=0.541 occ_end=0.296 CSR_train=0.000 done_count=125
[upd 300] u=0 upd_ctr=32 opt_step=512 E=1.000 g=0.179 VarTD=2.112094 ret_end=-23.356 dbar_end=0.547 occ_end=0.304 CSR_train=0.000 done_count=125
[upd 310] u=0 upd_ctr=34 opt_step=544 E=0.421 g=0.175 VarTD=2.474504 ret_end=-23.997 dbar_end=0.555 occ_end=0.216 CSR_train=0.000 done_count=125
[Gate5 check] update_counter violations: t0=0 diffs=0
[Gate5 check] opt_step violations: t0=0 diffs=0 (expected_inc=16)
[Gate5 check] NaN masking: nan_on_skip=True finite_on_update=True
[Gate5 summary] mean_update_fraction=0.1090 final_executed_updates_mean=34.00
[Gate5 eval] done_count mean=100.0 CSR mean=0.0000 len_end_mean=26.00
[Gate5 eval] episodes_per_env=4 T_eval=104
[Gate5 eval-debug] locked_eps_occ=0.20 pre(step25): dbar_end=0.479333 occupied_end_mean=0.380000 max_tilde_end_mean=0.673331 CSR@locked=0.010000
[Gate5 eval-debug] locked_eps_occ=0.20 post(step26): dbar_end=0.478572 occupied_end_mean=0.340000 max_tilde_end_mean=0.675605 CSR@locked=0.000000
[Gate5 eval-debug] CSR_pre@0.10=0.0000 CSR_pre@0.15=0.0000 CSR_pre@0.20=0.0100 CSR_pre@0.25=0.0100 CSR_pre@0.30=0.0500
[Gate5 eval-debug] CSR_post@0.10=0.0000 CSR_post@0.15=0.0000 CSR_post@0.20=0.0000 CSR_post@0.25=0.0100 CSR_post@0.30=0.0400
