Importing submoduled environments...
Submoduled environments not found. Skipping import.
[upd 0] u=1 upd_ctr=1 opt_step=16 E=0.139 g=0.097 VarTD=0.135831 ret_end=-26.760 dbar_end=0.743 occ_end=0.210 CSR_train=0.000 done_count=100
[upd 10] u=0 upd_ctr=1 opt_step=16 E=0.518 g=0.103 VarTD=0.167736 ret_end=-26.060 dbar_end=0.724 occ_end=0.152 CSR_train=0.000 done_count=125
[upd 20] u=0 upd_ctr=1 opt_step=16 E=0.885 g=0.084 VarTD=0.172577 ret_end=-27.648 dbar_end=0.790 occ_end=0.136 CSR_train=0.000 done_count=125
[upd 30] u=0 upd_ctr=2 opt_step=32 E=0.361 g=0.097 VarTD=0.198081 ret_end=-26.748 dbar_end=0.744 occ_end=0.168 CSR_train=0.008 done_count=125
[upd 40] u=0 upd_ctr=2 opt_step=32 E=0.757 g=0.103 VarTD=0.144498 ret_end=-26.645 dbar_end=0.724 occ_end=0.144 CSR_train=0.000 done_count=125
[upd 50] u=0 upd_ctr=3 opt_step=48 E=0.259 g=0.092 VarTD=0.148244 ret_end=-27.084 dbar_end=0.760 occ_end=0.120 CSR_train=0.000 done_count=125
[upd 60] u=0 upd_ctr=3 opt_step=48 E=0.669 g=0.100 VarTD=0.126729 ret_end=-27.507 dbar_end=0.732 occ_end=0.160 CSR_train=0.000 done_count=125
[upd 70] u=0 upd_ctr=4 opt_step=64 E=0.204 g=0.103 VarTD=0.121985 ret_end=-26.865 dbar_end=0.723 occ_end=0.136 CSR_train=0.000 done_count=125
[upd 80] u=0 upd_ctr=4 opt_step=64 E=0.647 g=0.115 VarTD=0.116251 ret_end=-26.154 dbar_end=0.688 occ_end=0.224 CSR_train=0.000 done_count=125
[upd 90] u=0 upd_ctr=5 opt_step=80 E=0.176 g=0.103 VarTD=0.113960 ret_end=-27.225 dbar_end=0.725 occ_end=0.144 CSR_train=0.000 done_count=125
[upd 100] u=0 upd_ctr=5 opt_step=80 E=0.609 g=0.101 VarTD=0.134307 ret_end=-27.008 dbar_end=0.731 occ_end=0.200 CSR_train=0.000 done_count=125
[upd 110] u=0 upd_ctr=6 opt_step=96 E=0.162 g=0.125 VarTD=0.133733 ret_end=-24.903 dbar_end=0.662 occ_end=0.256 CSR_train=0.000 done_count=125
[upd 120] u=0 upd_ctr=6 opt_step=96 E=0.625 g=0.130 VarTD=0.130085 ret_end=-25.262 dbar_end=0.649 occ_end=0.256 CSR_train=0.000 done_count=125
[upd 130] u=0 upd_ctr=7 opt_step=112 E=0.189 g=0.113 VarTD=0.128096 ret_end=-26.037 dbar_end=0.693 occ_end=0.200 CSR_train=0.000 done_count=100
[upd 140] u=0 upd_ctr=7 opt_step=112 E=0.673 g=0.111 VarTD=0.174747 ret_end=-27.059 dbar_end=0.701 occ_end=0.176 CSR_train=0.000 done_count=125
[upd 150] u=0 upd_ctr=8 opt_step=128 E=0.257 g=0.119 VarTD=0.147970 ret_end=-26.067 dbar_end=0.678 occ_end=0.112 CSR_train=0.000 done_count=125
[upd 160] u=0 upd_ctr=8 opt_step=128 E=0.757 g=0.113 VarTD=0.140303 ret_end=-26.181 dbar_end=0.693 occ_end=0.200 CSR_train=0.000 done_count=125
[upd 170] u=0 upd_ctr=9 opt_step=144 E=0.365 g=0.131 VarTD=0.150009 ret_end=-25.382 dbar_end=0.647 occ_end=0.192 CSR_train=0.000 done_count=125
[upd 180] u=0 upd_ctr=9 opt_step=144 E=0.899 g=0.136 VarTD=0.129603 ret_end=-25.570 dbar_end=0.634 occ_end=0.200 CSR_train=0.000 done_count=125
[upd 190] u=0 upd_ctr=10 opt_step=160 E=0.527 g=0.142 VarTD=0.139838 ret_end=-24.840 dbar_end=0.622 occ_end=0.224 CSR_train=0.000 done_count=125
[upd 200] u=0 upd_ctr=11 opt_step=176 E=0.173 g=0.127 VarTD=0.187807 ret_end=-26.510 dbar_end=0.658 occ_end=0.240 CSR_train=0.000 done_count=125
[upd 210] u=0 upd_ctr=11 opt_step=176 E=0.711 g=0.126 VarTD=0.164636 ret_end=-26.286 dbar_end=0.659 occ_end=0.160 CSR_train=0.000 done_count=125
[upd 220] u=0 upd_ctr=12 opt_step=192 E=0.363 g=0.144 VarTD=0.181976 ret_end=-24.975 dbar_end=0.618 occ_end=0.232 CSR_train=0.000 done_count=125
[upd 230] u=0 upd_ctr=12 opt_step=192 E=0.924 g=0.136 VarTD=0.161429 ret_end=-24.290 dbar_end=0.635 occ_end=0.184 CSR_train=0.000 done_count=125
[upd 240] u=0 upd_ctr=13 opt_step=208 E=0.593 g=0.143 VarTD=0.187712 ret_end=-24.382 dbar_end=0.619 occ_end=0.272 CSR_train=0.000 done_count=125
[upd 250] u=0 upd_ctr=14 opt_step=224 E=0.255 g=0.138 VarTD=0.241131 ret_end=-25.065 dbar_end=0.630 occ_end=0.264 CSR_train=0.008 done_count=125
[upd 260] u=0 upd_ctr=14 opt_step=224 E=0.839 g=0.143 VarTD=0.222144 ret_end=-24.523 dbar_end=0.620 occ_end=0.280 CSR_train=0.000 done_count=100
[upd 270] u=0 upd_ctr=15 opt_step=240 E=0.516 g=0.157 VarTD=0.237389 ret_end=-23.576 dbar_end=0.590 occ_end=0.288 CSR_train=0.000 done_count=125
[upd 280] u=0 upd_ctr=16 opt_step=256 E=0.185 g=0.144 VarTD=0.332239 ret_end=-24.803 dbar_end=0.618 occ_end=0.224 CSR_train=0.008 done_count=125
[upd 290] u=0 upd_ctr=16 opt_step=256 E=0.786 g=0.154 VarTD=0.342289 ret_end=-24.331 dbar_end=0.596 occ_end=0.288 CSR_train=0.000 done_count=125
[upd 300] u=0 upd_ctr=17 opt_step=272 E=0.496 g=0.147 VarTD=0.351239 ret_end=-24.938 dbar_end=0.612 occ_end=0.216 CSR_train=0.000 done_count=125
[upd 310] u=0 upd_ctr=18 opt_step=288 E=0.219 g=0.165 VarTD=0.456103 ret_end=-24.257 dbar_end=0.575 occ_end=0.304 CSR_train=0.000 done_count=125
[Gate5 check] update_counter violations: t0=0 diffs=0
[Gate5 check] opt_step violations: t0=0 diffs=0 (expected_inc=16)
[Gate5 check] NaN masking: nan_on_skip=True finite_on_update=True
[Gate5 summary] mean_update_fraction=0.0577 final_executed_updates_mean=18.00
[Gate5 eval] done_count mean=100.0 CSR mean=0.0000 len_end_mean=26.00
[Gate5 eval] episodes_per_env=4 T_eval=104
[Gate5 eval-debug] locked_eps_occ=0.20 pre(step25): dbar_end=0.485503 occupied_end_mean=0.480000 max_tilde_end_mean=0.691022 CSR@locked=0.020000
[Gate5 eval-debug] locked_eps_occ=0.20 post(step26): dbar_end=0.483849 occupied_end_mean=0.470000 max_tilde_end_mean=0.697287 CSR@locked=0.000000
[Gate5 eval-debug] CSR_pre@0.10=0.0000 CSR_pre@0.15=0.0000 CSR_pre@0.20=0.0200 CSR_pre@0.25=0.0300 CSR_pre@0.30=0.0400
[Gate5 eval-debug] CSR_post@0.10=0.0000 CSR_post@0.15=0.0000 CSR_post@0.20=0.0000 CSR_post@0.25=0.0200 CSR_post@0.30=0.0500
