Importing submoduled environments...
Submoduled environments not found. Skipping import.
[upd 0] u=1 upd_ctr=1 opt_step=16 E=0.427 g=0.092 VarTD=0.136051 ret_end=-27.009 dbar_end=0.762 occ_end=0.140 CSR_train=0.000 done_count=100
[upd 10] u=0 upd_ctr=2 opt_step=32 E=0.109 g=0.092 VarTD=0.156521 ret_end=-27.341 dbar_end=0.760 occ_end=0.160 CSR_train=0.000 done_count=125
[upd 20] u=0 upd_ctr=2 opt_step=32 E=0.406 g=0.099 VarTD=0.138711 ret_end=-27.045 dbar_end=0.737 occ_end=0.128 CSR_train=0.000 done_count=125
[upd 30] u=0 upd_ctr=3 opt_step=48 E=0.100 g=0.105 VarTD=0.160382 ret_end=-27.256 dbar_end=0.719 occ_end=0.176 CSR_train=0.000 done_count=125
[upd 40] u=0 upd_ctr=3 opt_step=48 E=0.392 g=0.097 VarTD=0.141468 ret_end=-26.189 dbar_end=0.742 occ_end=0.120 CSR_train=0.000 done_count=125
[upd 50] u=0 upd_ctr=4 opt_step=64 E=0.098 g=0.109 VarTD=0.140661 ret_end=-25.597 dbar_end=0.707 occ_end=0.224 CSR_train=0.000 done_count=125
[upd 60] u=0 upd_ctr=4 opt_step=64 E=0.418 g=0.099 VarTD=0.133612 ret_end=-27.144 dbar_end=0.735 occ_end=0.160 CSR_train=0.000 done_count=125
[upd 70] u=0 upd_ctr=5 opt_step=80 E=0.144 g=0.111 VarTD=0.149044 ret_end=-25.644 dbar_end=0.699 occ_end=0.168 CSR_train=0.000 done_count=125
[upd 80] u=0 upd_ctr=5 opt_step=80 E=0.474 g=0.117 VarTD=0.120297 ret_end=-25.779 dbar_end=0.684 occ_end=0.184 CSR_train=0.000 done_count=125
[upd 90] u=0 upd_ctr=6 opt_step=96 E=0.212 g=0.125 VarTD=0.128484 ret_end=-26.004 dbar_end=0.662 occ_end=0.184 CSR_train=0.000 done_count=125
[upd 100] u=0 upd_ctr=6 opt_step=96 E=0.551 g=0.120 VarTD=0.137321 ret_end=-26.292 dbar_end=0.674 occ_end=0.288 CSR_train=0.000 done_count=125
[upd 110] u=0 upd_ctr=7 opt_step=112 E=0.300 g=0.124 VarTD=0.148207 ret_end=-25.308 dbar_end=0.666 occ_end=0.264 CSR_train=0.000 done_count=125
[upd 120] u=1 upd_ctr=8 opt_step=128 E=0.047 g=0.120 VarTD=0.158052 ret_end=-26.505 dbar_end=0.675 occ_end=0.160 CSR_train=0.000 done_count=125
[Gate5 check] update_counter violations: t0=0 diffs=0
[Gate5 check] opt_step violations: t0=0 diffs=0 (expected_inc=16)
[Gate5 check] NaN masking: nan_on_skip=True finite_on_update=True
[Gate5 summary] mean_update_fraction=0.0640 final_executed_updates_mean=8.00
[Gate5 eval] done_count mean=100.0 CSR mean=0.0000 len_end_mean=26.00
[Gate5 eval] episodes_per_env=4 T_eval=104
[Gate5 eval-debug] locked_eps_occ=0.20 pre(step25): dbar_end=0.515731 occupied_end_mean=0.380000 max_tilde_end_mean=0.760045 CSR@locked=0.000000
[Gate5 eval-debug] locked_eps_occ=0.20 post(step26): dbar_end=0.513581 occupied_end_mean=0.370000 max_tilde_end_mean=0.760878 CSR@locked=0.000000
[Gate5 eval-debug] CSR_pre@0.10=0.0000 CSR_pre@0.15=0.0000 CSR_pre@0.20=0.0000 CSR_pre@0.25=0.0100 CSR_pre@0.30=0.0300
[Gate5 eval-debug] CSR_post@0.10=0.0000 CSR_post@0.15=0.0000 CSR_post@0.20=0.0000 CSR_post@0.25=0.0100 CSR_post@0.30=0.0100
