Importing submoduled environments...
Submoduled environments not found. Skipping import.
[upd 0] u=1 upd_ctr=1 opt_step=16 E=0.128 g=0.093 VarTD=0.149936 ret_end=-27.435 dbar_end=0.756 occ_end=0.150 CSR_train=0.000 done_count=100
[upd 10] u=0 upd_ctr=1 opt_step=16 E=0.409 g=0.100 VarTD=0.132044 ret_end=-26.929 dbar_end=0.734 occ_end=0.192 CSR_train=0.000 done_count=125
[upd 20] u=0 upd_ctr=1 opt_step=16 E=0.711 g=0.107 VarTD=0.153948 ret_end=-26.021 dbar_end=0.712 occ_end=0.192 CSR_train=0.000 done_count=125
[upd 30] u=0 upd_ctr=2 opt_step=32 E=0.089 g=0.088 VarTD=0.171149 ret_end=-27.727 dbar_end=0.775 occ_end=0.136 CSR_train=0.008 done_count=125
[upd 40] u=0 upd_ctr=2 opt_step=32 E=0.378 g=0.095 VarTD=0.138606 ret_end=-27.153 dbar_end=0.749 occ_end=0.128 CSR_train=0.000 done_count=125
[upd 50] u=0 upd_ctr=2 opt_step=32 E=0.662 g=0.093 VarTD=0.128536 ret_end=-26.736 dbar_end=0.756 occ_end=0.136 CSR_train=0.000 done_count=125
[upd 60] u=1 upd_ctr=3 opt_step=48 E=0.044 g=0.102 VarTD=0.139898 ret_end=-27.134 dbar_end=0.727 occ_end=0.176 CSR_train=0.000 done_count=125
[upd 70] u=0 upd_ctr=3 opt_step=48 E=0.340 g=0.096 VarTD=0.138316 ret_end=-27.294 dbar_end=0.746 occ_end=0.168 CSR_train=0.000 done_count=125
[upd 80] u=0 upd_ctr=3 opt_step=48 E=0.663 g=0.104 VarTD=0.132559 ret_end=-26.024 dbar_end=0.721 occ_end=0.176 CSR_train=0.000 done_count=125
[upd 90] u=0 upd_ctr=4 opt_step=64 E=0.077 g=0.105 VarTD=0.129271 ret_end=-26.866 dbar_end=0.719 occ_end=0.152 CSR_train=0.000 done_count=125
[upd 100] u=0 upd_ctr=4 opt_step=64 E=0.384 g=0.112 VarTD=0.146750 ret_end=-25.648 dbar_end=0.697 occ_end=0.192 CSR_train=0.000 done_count=125
[upd 110] u=0 upd_ctr=4 opt_step=64 E=0.688 g=0.092 VarTD=0.139252 ret_end=-27.353 dbar_end=0.760 occ_end=0.152 CSR_train=0.000 done_count=125
[upd 120] u=0 upd_ctr=5 opt_step=80 E=0.098 g=0.114 VarTD=0.139014 ret_end=-25.796 dbar_end=0.692 occ_end=0.232 CSR_train=0.000 done_count=125
[Gate5 check] update_counter violations: t0=0 diffs=0
[Gate5 check] opt_step violations: t0=0 diffs=0 (expected_inc=16)
[Gate5 check] NaN masking: nan_on_skip=True finite_on_update=True
[Gate5 summary] mean_update_fraction=0.0400 final_executed_updates_mean=5.00
[Gate5 eval] done_count mean=100.0 CSR mean=0.0000 len_end_mean=26.00
[Gate5 eval] episodes_per_env=4 T_eval=104
[Gate5 eval-debug] locked_eps_occ=0.20 pre(step25): dbar_end=0.644343 occupied_end_mean=0.190000 max_tilde_end_mean=0.943568 CSR@locked=0.000000
[Gate5 eval-debug] locked_eps_occ=0.20 post(step26): dbar_end=0.654294 occupied_end_mean=0.200000 max_tilde_end_mean=0.961655 CSR@locked=0.000000
[Gate5 eval-debug] CSR_pre@0.10=0.0000 CSR_pre@0.15=0.0000 CSR_pre@0.20=0.0000 CSR_pre@0.25=0.0100 CSR_pre@0.30=0.0100
[Gate5 eval-debug] CSR_post@0.10=0.0000 CSR_post@0.15=0.0000 CSR_post@0.20=0.0000 CSR_post@0.25=0.0100 CSR_post@0.30=0.0100
