Importing submoduled environments...
Submoduled environments not found. Skipping import.
[upd 0] u=1 upd_ctr=1 opt_step=16 E=0.900 g=0.091 VarTD=0.177780 ret_end=-27.116 dbar_end=0.762 occ_end=0.220 CSR_train=0.000 done_count=100
[upd 10] u=0 upd_ctr=9 opt_step=144 E=0.100 g=0.121 VarTD=0.164552 ret_end=-25.714 dbar_end=0.672 occ_end=0.160 CSR_train=0.000 done_count=125
[upd 20] u=0 upd_ctr=9 opt_step=144 E=0.100 g=0.127 VarTD=0.152484 ret_end=-25.243 dbar_end=0.657 occ_end=0.152 CSR_train=0.000 done_count=125
[upd 30] u=0 upd_ctr=9 opt_step=144 E=0.100 g=0.123 VarTD=0.196694 ret_end=-26.017 dbar_end=0.667 occ_end=0.200 CSR_train=0.000 done_count=125
[upd 40] u=0 upd_ctr=9 opt_step=144 E=0.100 g=0.135 VarTD=0.160899 ret_end=-25.764 dbar_end=0.638 occ_end=0.232 CSR_train=0.000 done_count=125
[upd 50] u=0 upd_ctr=9 opt_step=144 E=0.100 g=0.130 VarTD=0.161703 ret_end=-24.658 dbar_end=0.651 occ_end=0.192 CSR_train=0.000 done_count=125
[upd 60] u=0 upd_ctr=9 opt_step=144 E=0.100 g=0.120 VarTD=0.184301 ret_end=-25.494 dbar_end=0.675 occ_end=0.192 CSR_train=0.000 done_count=125
[upd 70] u=0 upd_ctr=9 opt_step=144 E=0.100 g=0.113 VarTD=0.170533 ret_end=-25.761 dbar_end=0.695 occ_end=0.176 CSR_train=0.008 done_count=125
[upd 80] u=0 upd_ctr=9 opt_step=144 E=0.100 g=0.137 VarTD=0.149751 ret_end=-25.067 dbar_end=0.632 occ_end=0.168 CSR_train=0.000 done_count=125
[upd 90] u=0 upd_ctr=9 opt_step=144 E=0.100 g=0.124 VarTD=0.160800 ret_end=-25.610 dbar_end=0.665 occ_end=0.208 CSR_train=0.000 done_count=125
[upd 100] u=0 upd_ctr=9 opt_step=144 E=0.100 g=0.144 VarTD=0.142047 ret_end=-24.665 dbar_end=0.618 occ_end=0.240 CSR_train=0.000 done_count=125
[upd 110] u=0 upd_ctr=9 opt_step=144 E=0.100 g=0.126 VarTD=0.153359 ret_end=-25.286 dbar_end=0.659 occ_end=0.168 CSR_train=0.000 done_count=125
[upd 120] u=0 upd_ctr=9 opt_step=144 E=0.100 g=0.116 VarTD=0.166296 ret_end=-26.011 dbar_end=0.686 occ_end=0.168 CSR_train=0.000 done_count=125
[Gate5 check] update_counter violations: t0=0 diffs=0
[Gate5 check] opt_step violations: t0=0 diffs=0 (expected_inc=16)
[Gate5 check] NaN masking: nan_on_skip=True finite_on_update=True
[Gate5 summary] mean_update_fraction=0.0720 final_executed_updates_mean=9.00
[Gate5 eval] done_count mean=100.0 CSR mean=0.0000 len_end_mean=26.00
[Gate5 eval] episodes_per_env=4 T_eval=104
[Gate5 eval-debug] locked_eps_occ=0.20 pre(step25): dbar_end=0.495908 occupied_end_mean=0.330000 max_tilde_end_mean=0.699712 CSR@locked=0.010000
[Gate5 eval-debug] locked_eps_occ=0.20 post(step26): dbar_end=0.501142 occupied_end_mean=0.360000 max_tilde_end_mean=0.702562 CSR@locked=0.000000
[Gate5 eval-debug] CSR_pre@0.10=0.0000 CSR_pre@0.15=0.0000 CSR_pre@0.20=0.0100 CSR_pre@0.25=0.0100 CSR_pre@0.30=0.0100
[Gate5 eval-debug] CSR_post@0.10=0.0000 CSR_post@0.15=0.0000 CSR_post@0.20=0.0000 CSR_post@0.25=0.0000 CSR_post@0.30=0.0000
