Importing submoduled environments...
Submoduled environments not found. Skipping import.
[upd 0] u=1 upd_ctr=1 opt_step=16 E=0.097 g=0.094 VarTD=0.148631 ret_end=-26.843 dbar_end=0.752 occ_end=0.140 CSR_train=0.000 done_count=100
[upd 10] u=0 upd_ctr=1 opt_step=16 E=0.556 g=0.098 VarTD=0.120442 ret_end=-26.989 dbar_end=0.738 occ_end=0.144 CSR_train=0.000 done_count=125
[upd 20] u=1 upd_ctr=2 opt_step=32 E=0.067 g=0.093 VarTD=0.164388 ret_end=-27.803 dbar_end=0.757 occ_end=0.128 CSR_train=0.000 done_count=125
[upd 30] u=0 upd_ctr=2 opt_step=32 E=0.538 g=0.093 VarTD=0.130876 ret_end=-26.971 dbar_end=0.758 occ_end=0.128 CSR_train=0.000 done_count=125
[upd 40] u=1 upd_ctr=3 opt_step=48 E=0.094 g=0.104 VarTD=0.150711 ret_end=-26.699 dbar_end=0.722 occ_end=0.224 CSR_train=0.008 done_count=125
[upd 50] u=0 upd_ctr=3 opt_step=48 E=0.600 g=0.105 VarTD=0.130574 ret_end=-27.151 dbar_end=0.718 occ_end=0.192 CSR_train=0.000 done_count=125
[upd 60] u=0 upd_ctr=4 opt_step=64 E=0.144 g=0.100 VarTD=0.141031 ret_end=-27.046 dbar_end=0.734 occ_end=0.128 CSR_train=0.000 done_count=125
[upd 70] u=0 upd_ctr=4 opt_step=64 E=0.676 g=0.109 VarTD=0.138211 ret_end=-25.999 dbar_end=0.704 occ_end=0.160 CSR_train=0.000 done_count=125
[upd 80] u=0 upd_ctr=5 opt_step=80 E=0.255 g=0.112 VarTD=0.114798 ret_end=-25.853 dbar_end=0.698 occ_end=0.144 CSR_train=0.000 done_count=125
[upd 90] u=0 upd_ctr=5 opt_step=80 E=0.800 g=0.110 VarTD=0.129337 ret_end=-25.778 dbar_end=0.703 occ_end=0.168 CSR_train=0.000 done_count=125
[upd 100] u=0 upd_ctr=6 opt_step=96 E=0.428 g=0.105 VarTD=0.163611 ret_end=-26.603 dbar_end=0.716 occ_end=0.176 CSR_train=0.000 done_count=125
[upd 110] u=0 upd_ctr=6 opt_step=96 E=0.992 g=0.112 VarTD=0.162760 ret_end=-26.272 dbar_end=0.698 occ_end=0.176 CSR_train=0.000 done_count=125
[upd 120] u=0 upd_ctr=7 opt_step=112 E=0.586 g=0.102 VarTD=0.129990 ret_end=-26.419 dbar_end=0.727 occ_end=0.160 CSR_train=0.000 done_count=125
[upd 130] u=0 upd_ctr=8 opt_step=128 E=0.200 g=0.108 VarTD=0.137460 ret_end=-26.886 dbar_end=0.709 occ_end=0.230 CSR_train=0.000 done_count=100
[upd 140] u=0 upd_ctr=8 opt_step=128 E=0.766 g=0.102 VarTD=0.155012 ret_end=-27.358 dbar_end=0.726 occ_end=0.144 CSR_train=0.000 done_count=125
[upd 150] u=0 upd_ctr=9 opt_step=144 E=0.382 g=0.112 VarTD=0.143766 ret_end=-25.991 dbar_end=0.698 occ_end=0.248 CSR_train=0.000 done_count=125
[upd 160] u=0 upd_ctr=9 opt_step=144 E=0.966 g=0.118 VarTD=0.140890 ret_end=-26.505 dbar_end=0.680 occ_end=0.208 CSR_train=0.000 done_count=125
[upd 170] u=0 upd_ctr=10 opt_step=160 E=0.605 g=0.110 VarTD=0.162560 ret_end=-26.906 dbar_end=0.703 occ_end=0.144 CSR_train=0.000 done_count=125
[upd 180] u=0 upd_ctr=11 opt_step=176 E=0.254 g=0.113 VarTD=0.173440 ret_end=-26.090 dbar_end=0.694 occ_end=0.168 CSR_train=0.008 done_count=125
[upd 190] u=0 upd_ctr=11 opt_step=176 E=0.874 g=0.119 VarTD=0.168158 ret_end=-25.551 dbar_end=0.678 occ_end=0.208 CSR_train=0.000 done_count=125
[upd 200] u=0 upd_ctr=12 opt_step=192 E=0.564 g=0.125 VarTD=0.185595 ret_end=-26.064 dbar_end=0.662 occ_end=0.184 CSR_train=0.000 done_count=125
[upd 210] u=0 upd_ctr=13 opt_step=208 E=0.228 g=0.128 VarTD=0.211063 ret_end=-25.447 dbar_end=0.656 occ_end=0.256 CSR_train=0.008 done_count=125
[upd 220] u=0 upd_ctr=13 opt_step=208 E=0.873 g=0.121 VarTD=0.212036 ret_end=-26.665 dbar_end=0.673 occ_end=0.184 CSR_train=0.000 done_count=125
[upd 230] u=0 upd_ctr=14 opt_step=224 E=0.558 g=0.135 VarTD=0.222909 ret_end=-24.576 dbar_end=0.639 occ_end=0.224 CSR_train=0.000 done_count=125
[upd 240] u=0 upd_ctr=15 opt_step=240 E=0.266 g=0.128 VarTD=0.242542 ret_end=-25.119 dbar_end=0.655 occ_end=0.136 CSR_train=0.000 done_count=125
[upd 250] u=0 upd_ctr=15 opt_step=240 E=0.936 g=0.139 VarTD=0.254440 ret_end=-24.928 dbar_end=0.627 occ_end=0.184 CSR_train=0.000 done_count=125
[upd 260] u=0 upd_ctr=16 opt_step=256 E=0.679 g=0.144 VarTD=0.264361 ret_end=-24.821 dbar_end=0.618 occ_end=0.260 CSR_train=0.000 done_count=100
[upd 270] u=0 upd_ctr=17 opt_step=272 E=0.446 g=0.144 VarTD=0.361484 ret_end=-25.021 dbar_end=0.617 occ_end=0.216 CSR_train=0.000 done_count=125
[upd 280] u=0 upd_ctr=18 opt_step=288 E=0.195 g=0.157 VarTD=0.425216 ret_end=-25.103 dbar_end=0.590 occ_end=0.304 CSR_train=0.000 done_count=125
[upd 290] u=0 upd_ctr=18 opt_step=288 E=0.913 g=0.137 VarTD=0.423154 ret_end=-25.875 dbar_end=0.633 occ_end=0.216 CSR_train=0.000 done_count=125
[upd 300] u=0 upd_ctr=19 opt_step=304 E=0.701 g=0.141 VarTD=0.485199 ret_end=-25.666 dbar_end=0.625 occ_end=0.176 CSR_train=0.000 done_count=125
[upd 310] u=0 upd_ctr=20 opt_step=320 E=0.499 g=0.154 VarTD=0.560378 ret_end=-24.827 dbar_end=0.595 occ_end=0.272 CSR_train=0.000 done_count=125
[Gate5 check] update_counter violations: t0=0 diffs=0
[Gate5 check] opt_step violations: t0=0 diffs=0 (expected_inc=16)
[Gate5 check] NaN masking: nan_on_skip=True finite_on_update=True
[Gate5 summary] mean_update_fraction=0.0641 final_executed_updates_mean=20.00
[Gate5 eval] done_count mean=100.0 CSR mean=0.0300 len_end_mean=26.00
[Gate5 eval] episodes_per_env=4 T_eval=104
[Gate5 eval-debug] locked_eps_occ=0.20 pre(step25): dbar_end=0.480897 occupied_end_mean=0.470000 max_tilde_end_mean=0.698059 CSR@locked=0.020000
[Gate5 eval-debug] locked_eps_occ=0.20 post(step26): dbar_end=0.478924 occupied_end_mean=0.450000 max_tilde_end_mean=0.694323 CSR@locked=0.030000
[Gate5 eval-debug] CSR_pre@0.10=0.0100 CSR_pre@0.15=0.0100 CSR_pre@0.20=0.0200 CSR_pre@0.25=0.0300 CSR_pre@0.30=0.0500
[Gate5 eval-debug] CSR_post@0.10=0.0000 CSR_post@0.15=0.0100 CSR_post@0.20=0.0300 CSR_post@0.25=0.0300 CSR_post@0.30=0.0800
