Importing submoduled environments...
Submoduled environments not found. Skipping import.
[upd 0] u=1 upd_ctr=1 opt_step=16 E=0.194 g=0.094 VarTD=0.148631 ret_end=-26.843 dbar_end=0.752 occ_end=0.140 CSR_train=0.000 done_count=100
[upd 10] u=0 upd_ctr=2 opt_step=32 E=0.217 g=0.103 VarTD=0.115879 ret_end=-26.732 dbar_end=0.724 occ_end=0.136 CSR_train=0.000 done_count=125
[upd 20] u=0 upd_ctr=3 opt_step=48 E=0.281 g=0.100 VarTD=0.158511 ret_end=-27.282 dbar_end=0.734 occ_end=0.136 CSR_train=0.000 done_count=125
[upd 30] u=0 upd_ctr=4 opt_step=64 E=0.342 g=0.096 VarTD=0.135568 ret_end=-26.752 dbar_end=0.747 occ_end=0.160 CSR_train=0.000 done_count=125
[upd 40] u=0 upd_ctr=5 opt_step=80 E=0.525 g=0.114 VarTD=0.150599 ret_end=-26.049 dbar_end=0.691 occ_end=0.216 CSR_train=0.008 done_count=125
[upd 50] u=0 upd_ctr=6 opt_step=96 E=0.740 g=0.117 VarTD=0.131639 ret_end=-26.494 dbar_end=0.682 occ_end=0.160 CSR_train=0.000 done_count=125
[upd 60] u=0 upd_ctr=7 opt_step=112 E=0.937 g=0.110 VarTD=0.141522 ret_end=-26.343 dbar_end=0.702 occ_end=0.200 CSR_train=0.000 done_count=125
[upd 70] u=0 upd_ctr=9 opt_step=144 E=0.343 g=0.123 VarTD=0.138152 ret_end=-25.123 dbar_end=0.666 occ_end=0.160 CSR_train=0.000 done_count=125
[upd 80] u=0 upd_ctr=10 opt_step=160 E=0.657 g=0.127 VarTD=0.137471 ret_end=-25.149 dbar_end=0.657 occ_end=0.176 CSR_train=0.000 done_count=125
[upd 90] u=0 upd_ctr=11 opt_step=176 E=0.977 g=0.128 VarTD=0.164641 ret_end=-24.999 dbar_end=0.654 occ_end=0.256 CSR_train=0.000 done_count=125
[upd 100] u=0 upd_ctr=13 opt_step=208 E=0.550 g=0.136 VarTD=0.232662 ret_end=-25.306 dbar_end=0.634 occ_end=0.256 CSR_train=0.000 done_count=125
[upd 110] u=0 upd_ctr=14 opt_step=224 E=0.983 g=0.133 VarTD=0.273574 ret_end=-25.322 dbar_end=0.642 occ_end=0.232 CSR_train=0.000 done_count=125
[upd 120] u=0 upd_ctr=16 opt_step=256 E=0.510 g=0.139 VarTD=0.318101 ret_end=-24.912 dbar_end=0.629 occ_end=0.248 CSR_train=0.000 done_count=125
[upd 130] u=0 upd_ctr=17 opt_step=272 E=0.995 g=0.139 VarTD=0.345840 ret_end=-25.357 dbar_end=0.627 occ_end=0.310 CSR_train=0.000 done_count=100
[upd 140] u=0 upd_ctr=19 opt_step=304 E=0.622 g=0.134 VarTD=0.520356 ret_end=-25.735 dbar_end=0.640 occ_end=0.168 CSR_train=0.000 done_count=125
[upd 150] u=1 upd_ctr=21 opt_step=336 E=0.254 g=0.154 VarTD=0.596431 ret_end=-24.239 dbar_end=0.597 occ_end=0.232 CSR_train=0.000 done_count=125
[upd 160] u=0 upd_ctr=22 opt_step=352 E=0.892 g=0.159 VarTD=0.813510 ret_end=-24.852 dbar_end=0.585 occ_end=0.232 CSR_train=0.000 done_count=125
[upd 170] u=0 upd_ctr=24 opt_step=384 E=0.647 g=0.146 VarTD=1.018687 ret_end=-25.248 dbar_end=0.614 occ_end=0.224 CSR_train=0.000 done_count=125
[upd 180] u=0 upd_ctr=26 opt_step=416 E=0.415 g=0.160 VarTD=1.252425 ret_end=-23.890 dbar_end=0.584 occ_end=0.256 CSR_train=0.000 done_count=125
[upd 190] u=1 upd_ctr=28 opt_step=448 E=0.181 g=0.175 VarTD=1.448865 ret_end=-23.225 dbar_end=0.555 occ_end=0.296 CSR_train=0.000 done_count=125
[upd 200] u=0 upd_ctr=29 opt_step=464 E=0.954 g=0.166 VarTD=1.704868 ret_end=-24.369 dbar_end=0.572 occ_end=0.272 CSR_train=0.000 done_count=125
[upd 210] u=0 upd_ctr=31 opt_step=496 E=0.837 g=0.180 VarTD=2.067255 ret_end=-22.953 dbar_end=0.546 occ_end=0.296 CSR_train=0.000 done_count=125
[upd 220] u=0 upd_ctr=33 opt_step=528 E=0.769 g=0.181 VarTD=2.387613 ret_end=-24.114 dbar_end=0.544 occ_end=0.336 CSR_train=0.000 done_count=125
[upd 230] u=0 upd_ctr=35 opt_step=560 E=0.614 g=0.176 VarTD=2.648458 ret_end=-23.073 dbar_end=0.554 occ_end=0.328 CSR_train=0.000 done_count=125
[upd 240] u=0 upd_ctr=37 opt_step=592 E=0.530 g=0.164 VarTD=3.024607 ret_end=-23.764 dbar_end=0.575 occ_end=0.320 CSR_train=0.000 done_count=125
[upd 250] u=0 upd_ctr=39 opt_step=624 E=0.415 g=0.176 VarTD=3.397307 ret_end=-23.482 dbar_end=0.553 occ_end=0.312 CSR_train=0.000 done_count=125
[upd 260] u=0 upd_ctr=41 opt_step=656 E=0.400 g=0.183 VarTD=3.032204 ret_end=-23.204 dbar_end=0.540 occ_end=0.220 CSR_train=0.000 done_count=100
[upd 270] u=0 upd_ctr=43 opt_step=688 E=0.401 g=0.185 VarTD=4.083792 ret_end=-23.326 dbar_end=0.538 occ_end=0.328 CSR_train=0.000 done_count=125
[upd 280] u=0 upd_ctr=45 opt_step=720 E=0.414 g=0.185 VarTD=4.471776 ret_end=-23.553 dbar_end=0.537 occ_end=0.376 CSR_train=0.000 done_count=125
[upd 290] u=0 upd_ctr=47 opt_step=752 E=0.398 g=0.164 VarTD=4.639502 ret_end=-23.735 dbar_end=0.575 occ_end=0.240 CSR_train=0.000 done_count=125
[upd 300] u=0 upd_ctr=49 opt_step=784 E=0.391 g=0.176 VarTD=4.985345 ret_end=-23.707 dbar_end=0.554 occ_end=0.376 CSR_train=0.000 done_count=125
[upd 310] u=0 upd_ctr=51 opt_step=816 E=0.383 g=0.184 VarTD=5.111623 ret_end=-23.211 dbar_end=0.540 occ_end=0.280 CSR_train=0.000 done_count=125
[Gate5 check] update_counter violations: t0=0 diffs=0
[Gate5 check] opt_step violations: t0=0 diffs=0 (expected_inc=16)
[Gate5 check] NaN masking: nan_on_skip=True finite_on_update=True
[Gate5 summary] mean_update_fraction=0.1635 final_executed_updates_mean=51.00
[Gate5 eval] done_count mean=100.0 CSR mean=0.0100 len_end_mean=26.00
[Gate5 eval] episodes_per_env=4 T_eval=104
[Gate5 eval-debug] locked_eps_occ=0.20 pre(step25): dbar_end=0.511904 occupied_end_mean=0.430000 max_tilde_end_mean=0.728704 CSR@locked=0.000000
[Gate5 eval-debug] locked_eps_occ=0.20 post(step26): dbar_end=0.509123 occupied_end_mean=0.410000 max_tilde_end_mean=0.721455 CSR@locked=0.010000
[Gate5 eval-debug] CSR_pre@0.10=0.0000 CSR_pre@0.15=0.0000 CSR_pre@0.20=0.0000 CSR_pre@0.25=0.0100 CSR_pre@0.30=0.0300
[Gate5 eval-debug] CSR_post@0.10=0.0000 CSR_post@0.15=0.0000 CSR_post@0.20=0.0100 CSR_post@0.25=0.0300 CSR_post@0.30=0.0400
