Importing submoduled environments...
Submoduled environments not found. Skipping import.
[upd 0] u=1 upd_ctr=1 opt_step=16 E=0.059 g=0.089 VarTD=0.155748 ret_end=-26.495 dbar_end=0.769 occ_end=0.110 CSR_train=0.000 done_count=100
[upd 10] u=0 upd_ctr=1 opt_step=16 E=0.151 g=0.096 VarTD=0.160584 ret_end=-27.044 dbar_end=0.748 occ_end=0.128 CSR_train=0.000 done_count=125
[upd 20] u=0 upd_ctr=1 opt_step=16 E=0.241 g=0.078 VarTD=0.217249 ret_end=-28.983 dbar_end=0.814 occ_end=0.136 CSR_train=0.000 done_count=125
[upd 30] u=0 upd_ctr=1 opt_step=16 E=0.330 g=0.087 VarTD=0.177154 ret_end=-27.554 dbar_end=0.779 occ_end=0.144 CSR_train=0.000 done_count=125
[upd 40] u=0 upd_ctr=1 opt_step=16 E=0.419 g=0.089 VarTD=0.185662 ret_end=-27.313 dbar_end=0.771 occ_end=0.176 CSR_train=0.000 done_count=125
[upd 50] u=0 upd_ctr=1 opt_step=16 E=0.509 g=0.088 VarTD=0.150885 ret_end=-27.866 dbar_end=0.775 occ_end=0.144 CSR_train=0.000 done_count=125
[upd 60] u=0 upd_ctr=1 opt_step=16 E=0.597 g=0.090 VarTD=0.162488 ret_end=-27.522 dbar_end=0.767 occ_end=0.176 CSR_train=0.000 done_count=125
[upd 70] u=0 upd_ctr=1 opt_step=16 E=0.687 g=0.096 VarTD=0.158149 ret_end=-26.569 dbar_end=0.745 occ_end=0.112 CSR_train=0.000 done_count=125
[upd 80] u=0 upd_ctr=1 opt_step=16 E=0.775 g=0.084 VarTD=0.149849 ret_end=-27.718 dbar_end=0.790 occ_end=0.120 CSR_train=0.000 done_count=125
[upd 90] u=0 upd_ctr=1 opt_step=16 E=0.863 g=0.081 VarTD=0.150638 ret_end=-28.005 dbar_end=0.799 occ_end=0.192 CSR_train=0.000 done_count=125
[upd 100] u=0 upd_ctr=1 opt_step=16 E=0.950 g=0.086 VarTD=0.173656 ret_end=-28.114 dbar_end=0.780 occ_end=0.168 CSR_train=0.000 done_count=125
[upd 110] u=0 upd_ctr=2 opt_step=32 E=0.092 g=0.098 VarTD=0.159149 ret_end=-27.772 dbar_end=0.739 occ_end=0.200 CSR_train=0.000 done_count=125
[upd 120] u=0 upd_ctr=2 opt_step=32 E=0.183 g=0.107 VarTD=0.150663 ret_end=-26.471 dbar_end=0.711 occ_end=0.208 CSR_train=0.000 done_count=125
[upd 130] u=0 upd_ctr=2 opt_step=32 E=0.274 g=0.095 VarTD=0.166808 ret_end=-27.951 dbar_end=0.750 occ_end=0.260 CSR_train=0.010 done_count=100
[upd 140] u=0 upd_ctr=2 opt_step=32 E=0.366 g=0.087 VarTD=0.151864 ret_end=-27.603 dbar_end=0.779 occ_end=0.112 CSR_train=0.000 done_count=125
[upd 150] u=0 upd_ctr=2 opt_step=32 E=0.460 g=0.090 VarTD=0.158218 ret_end=-27.082 dbar_end=0.767 occ_end=0.144 CSR_train=0.000 done_count=125
[upd 160] u=0 upd_ctr=2 opt_step=32 E=0.554 g=0.096 VarTD=0.160681 ret_end=-27.709 dbar_end=0.748 occ_end=0.176 CSR_train=0.000 done_count=125
[upd 170] u=0 upd_ctr=2 opt_step=32 E=0.644 g=0.092 VarTD=0.166020 ret_end=-27.305 dbar_end=0.759 occ_end=0.176 CSR_train=0.000 done_count=125
[upd 180] u=0 upd_ctr=2 opt_step=32 E=0.737 g=0.083 VarTD=0.140349 ret_end=-27.599 dbar_end=0.792 occ_end=0.128 CSR_train=0.000 done_count=125
[upd 190] u=0 upd_ctr=2 opt_step=32 E=0.830 g=0.094 VarTD=0.172154 ret_end=-27.782 dbar_end=0.755 occ_end=0.152 CSR_train=0.000 done_count=125
[upd 200] u=0 upd_ctr=2 opt_step=32 E=0.923 g=0.091 VarTD=0.156274 ret_end=-27.633 dbar_end=0.765 occ_end=0.208 CSR_train=0.008 done_count=125
[upd 210] u=0 upd_ctr=3 opt_step=48 E=0.063 g=0.101 VarTD=0.149681 ret_end=-27.179 dbar_end=0.731 occ_end=0.160 CSR_train=0.000 done_count=125
[upd 220] u=0 upd_ctr=3 opt_step=48 E=0.158 g=0.092 VarTD=0.146918 ret_end=-27.297 dbar_end=0.760 occ_end=0.128 CSR_train=0.000 done_count=125
[upd 230] u=0 upd_ctr=3 opt_step=48 E=0.256 g=0.104 VarTD=0.145848 ret_end=-27.161 dbar_end=0.722 occ_end=0.192 CSR_train=0.000 done_count=125
[upd 240] u=0 upd_ctr=3 opt_step=48 E=0.354 g=0.095 VarTD=0.155094 ret_end=-26.936 dbar_end=0.750 occ_end=0.136 CSR_train=0.000 done_count=125
[upd 250] u=0 upd_ctr=3 opt_step=48 E=0.449 g=0.102 VarTD=0.150683 ret_end=-26.226 dbar_end=0.728 occ_end=0.136 CSR_train=0.000 done_count=125
[upd 260] u=0 upd_ctr=3 opt_step=48 E=0.544 g=0.094 VarTD=0.143134 ret_end=-27.238 dbar_end=0.754 occ_end=0.240 CSR_train=0.000 done_count=100
[upd 270] u=0 upd_ctr=3 opt_step=48 E=0.640 g=0.101 VarTD=0.152710 ret_end=-26.854 dbar_end=0.729 occ_end=0.152 CSR_train=0.000 done_count=125
[upd 280] u=0 upd_ctr=3 opt_step=48 E=0.740 g=0.090 VarTD=0.148866 ret_end=-28.047 dbar_end=0.768 occ_end=0.168 CSR_train=0.000 done_count=125
[upd 290] u=0 upd_ctr=3 opt_step=48 E=0.835 g=0.100 VarTD=0.136888 ret_end=-26.658 dbar_end=0.734 occ_end=0.152 CSR_train=0.000 done_count=125
[upd 300] u=0 upd_ctr=3 opt_step=48 E=0.932 g=0.093 VarTD=0.159012 ret_end=-27.832 dbar_end=0.757 occ_end=0.136 CSR_train=0.000 done_count=125
[upd 310] u=0 upd_ctr=4 opt_step=64 E=0.081 g=0.100 VarTD=0.156005 ret_end=-27.349 dbar_end=0.734 occ_end=0.120 CSR_train=0.000 done_count=125
[Gate5 check] update_counter violations: t0=0 diffs=0
[Gate5 check] opt_step violations: t0=0 diffs=0 (expected_inc=16)
[Gate5 check] NaN masking: nan_on_skip=True finite_on_update=True
[Gate5 summary] mean_update_fraction=0.0128 final_executed_updates_mean=4.00
[Gate5 eval] done_count mean=100.0 CSR mean=0.0000 len_end_mean=26.00
[Gate5 eval] episodes_per_env=4 T_eval=104
[Gate5 eval-debug] locked_eps_occ=0.20 pre(step25): dbar_end=0.776796 occupied_end_mean=0.150000 max_tilde_end_mean=1.063596 CSR@locked=0.000000
[Gate5 eval-debug] locked_eps_occ=0.20 post(step26): dbar_end=0.784162 occupied_end_mean=0.130000 max_tilde_end_mean=1.069899 CSR@locked=0.000000
[Gate5 eval-debug] CSR_pre@0.10=0.0000 CSR_pre@0.15=0.0000 CSR_pre@0.20=0.0000 CSR_pre@0.25=0.0000 CSR_pre@0.30=0.0000
[Gate5 eval-debug] CSR_post@0.10=0.0000 CSR_post@0.15=0.0000 CSR_post@0.20=0.0000 CSR_post@0.25=0.0000 CSR_post@0.30=0.0000
