Importing submoduled environments...
Submoduled environments not found. Skipping import.
[upd 0] u=1 upd_ctr=1 opt_step=16 E=0.092 g=0.092 VarTD=0.136051 ret_end=-27.009 dbar_end=0.762 occ_end=0.140 CSR_train=0.000 done_count=100
[upd 10] u=0 upd_ctr=1 opt_step=16 E=1.000 g=0.088 VarTD=0.157825 ret_end=-27.556 dbar_end=0.774 occ_end=0.128 CSR_train=0.000 done_count=125
[upd 20] u=0 upd_ctr=2 opt_step=32 E=0.992 g=0.097 VarTD=0.140322 ret_end=-27.070 dbar_end=0.744 occ_end=0.112 CSR_train=0.000 done_count=125
[upd 30] u=0 upd_ctr=3 opt_step=48 E=0.914 g=0.103 VarTD=0.165539 ret_end=-27.237 dbar_end=0.724 occ_end=0.136 CSR_train=0.000 done_count=125
[upd 40] u=0 upd_ctr=4 opt_step=64 E=0.890 g=0.102 VarTD=0.151286 ret_end=-26.136 dbar_end=0.729 occ_end=0.160 CSR_train=0.000 done_count=125
[upd 50] u=0 upd_ctr=5 opt_step=80 E=0.966 g=0.106 VarTD=0.135609 ret_end=-25.876 dbar_end=0.715 occ_end=0.176 CSR_train=0.000 done_count=125
[upd 60] u=0 upd_ctr=6 opt_step=96 E=1.000 g=0.114 VarTD=0.134084 ret_end=-26.441 dbar_end=0.691 occ_end=0.216 CSR_train=0.000 done_count=125
[upd 70] u=1 upd_ctr=8 opt_step=128 E=0.118 g=0.118 VarTD=0.155998 ret_end=-25.685 dbar_end=0.681 occ_end=0.264 CSR_train=0.000 done_count=125
[upd 80] u=0 upd_ctr=9 opt_step=144 E=0.246 g=0.127 VarTD=0.124275 ret_end=-25.228 dbar_end=0.658 occ_end=0.200 CSR_train=0.000 done_count=125
[upd 90] u=0 upd_ctr=10 opt_step=160 E=0.379 g=0.128 VarTD=0.148626 ret_end=-25.721 dbar_end=0.654 occ_end=0.200 CSR_train=0.000 done_count=125
[upd 100] u=0 upd_ctr=11 opt_step=176 E=0.492 g=0.131 VarTD=0.164083 ret_end=-25.631 dbar_end=0.648 occ_end=0.288 CSR_train=0.000 done_count=125
[upd 110] u=0 upd_ctr=12 opt_step=192 E=0.673 g=0.136 VarTD=0.174505 ret_end=-24.679 dbar_end=0.635 occ_end=0.288 CSR_train=0.000 done_count=125
[upd 120] u=0 upd_ctr=13 opt_step=208 E=0.924 g=0.144 VarTD=0.211947 ret_end=-25.579 dbar_end=0.617 occ_end=0.200 CSR_train=0.000 done_count=125
[upd 130] u=1 upd_ctr=15 opt_step=240 E=0.132 g=0.132 VarTD=0.218012 ret_end=-25.632 dbar_end=0.646 occ_end=0.180 CSR_train=0.000 done_count=100
[upd 140] u=0 upd_ctr=16 opt_step=256 E=0.408 g=0.137 VarTD=0.316251 ret_end=-25.766 dbar_end=0.632 occ_end=0.176 CSR_train=0.000 done_count=125
[upd 150] u=0 upd_ctr=17 opt_step=272 E=0.734 g=0.144 VarTD=0.362207 ret_end=-25.005 dbar_end=0.616 occ_end=0.344 CSR_train=0.008 done_count=125
[upd 160] u=1 upd_ctr=19 opt_step=304 E=0.130 g=0.130 VarTD=0.391912 ret_end=-24.915 dbar_end=0.651 occ_end=0.184 CSR_train=0.000 done_count=125
[upd 170] u=0 upd_ctr=20 opt_step=320 E=0.626 g=0.152 VarTD=0.544864 ret_end=-24.183 dbar_end=0.600 occ_end=0.176 CSR_train=0.000 done_count=125
[upd 180] u=0 upd_ctr=21 opt_step=336 E=1.000 g=0.147 VarTD=0.667236 ret_end=-25.016 dbar_end=0.610 occ_end=0.240 CSR_train=0.000 done_count=125
[upd 190] u=0 upd_ctr=23 opt_step=368 E=0.490 g=0.166 VarTD=0.890877 ret_end=-24.257 dbar_end=0.572 occ_end=0.256 CSR_train=0.000 done_count=125
[upd 200] u=0 upd_ctr=24 opt_step=384 E=0.946 g=0.153 VarTD=0.984922 ret_end=-24.194 dbar_end=0.598 occ_end=0.216 CSR_train=0.000 done_count=125
[upd 210] u=0 upd_ctr=26 opt_step=416 E=0.296 g=0.131 VarTD=1.238778 ret_end=-25.736 dbar_end=0.647 occ_end=0.144 CSR_train=0.000 done_count=125
[upd 220] u=0 upd_ctr=27 opt_step=432 E=0.807 g=0.149 VarTD=1.373011 ret_end=-25.243 dbar_end=0.607 occ_end=0.168 CSR_train=0.000 done_count=125
[upd 230] u=1 upd_ctr=29 opt_step=464 E=0.167 g=0.167 VarTD=1.536161 ret_end=-24.635 dbar_end=0.569 occ_end=0.224 CSR_train=0.000 done_count=125
[upd 240] u=0 upd_ctr=30 opt_step=480 E=0.618 g=0.167 VarTD=1.814055 ret_end=-23.637 dbar_end=0.569 occ_end=0.296 CSR_train=0.000 done_count=125
[upd 250] u=0 upd_ctr=31 opt_step=496 E=1.000 g=0.147 VarTD=1.965939 ret_end=-24.387 dbar_end=0.610 occ_end=0.136 CSR_train=0.000 done_count=125
[upd 260] u=0 upd_ctr=33 opt_step=528 E=0.462 g=0.151 VarTD=1.837360 ret_end=-23.703 dbar_end=0.602 occ_end=0.290 CSR_train=0.000 done_count=100
[upd 270] u=0 upd_ctr=34 opt_step=544 E=0.958 g=0.153 VarTD=2.464580 ret_end=-24.864 dbar_end=0.598 occ_end=0.240 CSR_train=0.000 done_count=125
[upd 280] u=0 upd_ctr=36 opt_step=576 E=0.329 g=0.176 VarTD=2.848175 ret_end=-23.776 dbar_end=0.552 occ_end=0.232 CSR_train=0.008 done_count=125
[upd 290] u=0 upd_ctr=37 opt_step=592 E=0.963 g=0.182 VarTD=2.935879 ret_end=-22.573 dbar_end=0.543 occ_end=0.320 CSR_train=0.000 done_count=125
[upd 300] u=0 upd_ctr=39 opt_step=624 E=0.523 g=0.166 VarTD=3.321893 ret_end=-24.482 dbar_end=0.572 occ_end=0.248 CSR_train=0.000 done_count=125
[upd 310] u=0 upd_ctr=40 opt_step=640 E=1.000 g=0.163 VarTD=3.523235 ret_end=-23.773 dbar_end=0.577 occ_end=0.280 CSR_train=0.000 done_count=125
[Gate5 check] update_counter violations: t0=0 diffs=0
[Gate5 check] opt_step violations: t0=0 diffs=0 (expected_inc=16)
[Gate5 check] NaN masking: nan_on_skip=True finite_on_update=True
[Gate5 summary] mean_update_fraction=0.1314 final_executed_updates_mean=41.00
[Gate5 eval] done_count mean=100.0 CSR mean=0.0000 len_end_mean=26.00
[Gate5 eval] episodes_per_env=4 T_eval=104
[Gate5 eval-debug] locked_eps_occ=0.20 pre(step25): dbar_end=0.471387 occupied_end_mean=0.460000 max_tilde_end_mean=0.691763 CSR@locked=0.000000
[Gate5 eval-debug] locked_eps_occ=0.20 post(step26): dbar_end=0.470893 occupied_end_mean=0.450000 max_tilde_end_mean=0.693027 CSR@locked=0.000000
[Gate5 eval-debug] CSR_pre@0.10=0.0000 CSR_pre@0.15=0.0000 CSR_pre@0.20=0.0000 CSR_pre@0.25=0.0000 CSR_pre@0.30=0.0400
[Gate5 eval-debug] CSR_post@0.10=0.0000 CSR_post@0.15=0.0000 CSR_post@0.20=0.0000 CSR_post@0.25=0.0000 CSR_post@0.30=0.0300
