Importing submoduled environments...
Submoduled environments not found. Skipping import.
[upd 0] u=1 upd_ctr=1 opt_step=16 E=0.019 g=0.096 VarTD=0.198978 ret_end=-28.258 dbar_end=0.747 occ_end=0.170 CSR_train=0.000 done_count=100
[upd 10] u=0 upd_ctr=1 opt_step=16 E=0.203 g=0.091 VarTD=0.177568 ret_end=-27.488 dbar_end=0.762 occ_end=0.104 CSR_train=0.000 done_count=125
[upd 20] u=0 upd_ctr=1 opt_step=16 E=0.380 g=0.085 VarTD=0.179358 ret_end=-27.807 dbar_end=0.787 occ_end=0.104 CSR_train=0.000 done_count=125
[upd 30] u=0 upd_ctr=1 opt_step=16 E=0.564 g=0.083 VarTD=0.171546 ret_end=-27.833 dbar_end=0.792 occ_end=0.160 CSR_train=0.000 done_count=125
[upd 40] u=0 upd_ctr=1 opt_step=16 E=0.749 g=0.091 VarTD=0.151869 ret_end=-27.572 dbar_end=0.763 occ_end=0.168 CSR_train=0.000 done_count=125
[upd 50] u=0 upd_ctr=1 opt_step=16 E=0.932 g=0.104 VarTD=0.160383 ret_end=-27.256 dbar_end=0.721 occ_end=0.216 CSR_train=0.000 done_count=125
[upd 60] u=0 upd_ctr=2 opt_step=32 E=0.113 g=0.091 VarTD=0.170662 ret_end=-27.080 dbar_end=0.762 occ_end=0.128 CSR_train=0.000 done_count=125
[upd 70] u=0 upd_ctr=2 opt_step=32 E=0.302 g=0.111 VarTD=0.151491 ret_end=-26.276 dbar_end=0.699 occ_end=0.184 CSR_train=0.000 done_count=125
[upd 80] u=0 upd_ctr=2 opt_step=32 E=0.482 g=0.091 VarTD=0.194213 ret_end=-27.099 dbar_end=0.763 occ_end=0.160 CSR_train=0.000 done_count=125
[upd 90] u=0 upd_ctr=2 opt_step=32 E=0.664 g=0.081 VarTD=0.204954 ret_end=-28.693 dbar_end=0.799 occ_end=0.088 CSR_train=0.000 done_count=125
[upd 100] u=0 upd_ctr=2 opt_step=32 E=0.854 g=0.087 VarTD=0.164164 ret_end=-27.536 dbar_end=0.779 occ_end=0.136 CSR_train=0.000 done_count=125
[upd 110] u=0 upd_ctr=3 opt_step=48 E=0.035 g=0.086 VarTD=0.182660 ret_end=-28.501 dbar_end=0.780 occ_end=0.136 CSR_train=0.000 done_count=125
[upd 120] u=0 upd_ctr=3 opt_step=48 E=0.233 g=0.107 VarTD=0.134339 ret_end=-26.716 dbar_end=0.712 occ_end=0.184 CSR_train=0.000 done_count=125
[upd 130] u=0 upd_ctr=3 opt_step=48 E=0.428 g=0.095 VarTD=0.167095 ret_end=-27.070 dbar_end=0.750 occ_end=0.110 CSR_train=0.000 done_count=100
[upd 140] u=0 upd_ctr=3 opt_step=48 E=0.621 g=0.092 VarTD=0.164485 ret_end=-27.271 dbar_end=0.760 occ_end=0.128 CSR_train=0.000 done_count=125
[upd 150] u=0 upd_ctr=3 opt_step=48 E=0.810 g=0.097 VarTD=0.156351 ret_end=-26.824 dbar_end=0.741 occ_end=0.208 CSR_train=0.000 done_count=125
[upd 160] u=0 upd_ctr=3 opt_step=48 E=1.000 g=0.098 VarTD=0.156731 ret_end=-26.822 dbar_end=0.739 occ_end=0.136 CSR_train=0.000 done_count=125
[upd 170] u=0 upd_ctr=4 opt_step=64 E=0.192 g=0.095 VarTD=0.148843 ret_end=-26.738 dbar_end=0.749 occ_end=0.128 CSR_train=0.000 done_count=125
[upd 180] u=0 upd_ctr=4 opt_step=64 E=0.393 g=0.094 VarTD=0.163881 ret_end=-27.628 dbar_end=0.751 occ_end=0.152 CSR_train=0.000 done_count=125
[upd 190] u=0 upd_ctr=4 opt_step=64 E=0.583 g=0.108 VarTD=0.158050 ret_end=-26.417 dbar_end=0.709 occ_end=0.160 CSR_train=0.000 done_count=125
[upd 200] u=0 upd_ctr=4 opt_step=64 E=0.776 g=0.093 VarTD=0.149742 ret_end=-27.557 dbar_end=0.757 occ_end=0.128 CSR_train=0.000 done_count=125
[upd 210] u=0 upd_ctr=4 opt_step=64 E=0.980 g=0.107 VarTD=0.162657 ret_end=-26.960 dbar_end=0.711 occ_end=0.104 CSR_train=0.000 done_count=125
[upd 220] u=0 upd_ctr=5 opt_step=80 E=0.158 g=0.095 VarTD=0.193990 ret_end=-27.409 dbar_end=0.749 occ_end=0.128 CSR_train=0.000 done_count=125
[upd 230] u=0 upd_ctr=5 opt_step=80 E=0.360 g=0.109 VarTD=0.152164 ret_end=-26.355 dbar_end=0.707 occ_end=0.128 CSR_train=0.000 done_count=125
[upd 240] u=0 upd_ctr=5 opt_step=80 E=0.566 g=0.108 VarTD=0.164933 ret_end=-26.891 dbar_end=0.709 occ_end=0.176 CSR_train=0.000 done_count=125
[upd 250] u=0 upd_ctr=5 opt_step=80 E=0.768 g=0.111 VarTD=0.174929 ret_end=-26.972 dbar_end=0.701 occ_end=0.176 CSR_train=0.000 done_count=125
[upd 260] u=0 upd_ctr=5 opt_step=80 E=0.971 g=0.101 VarTD=0.174828 ret_end=-26.549 dbar_end=0.729 occ_end=0.190 CSR_train=0.000 done_count=100
[upd 270] u=0 upd_ctr=6 opt_step=96 E=0.166 g=0.110 VarTD=0.157061 ret_end=-26.323 dbar_end=0.703 occ_end=0.152 CSR_train=0.000 done_count=125
[upd 280] u=0 upd_ctr=6 opt_step=96 E=0.374 g=0.094 VarTD=0.182847 ret_end=-28.079 dbar_end=0.755 occ_end=0.120 CSR_train=0.000 done_count=125
[upd 290] u=0 upd_ctr=6 opt_step=96 E=0.584 g=0.100 VarTD=0.147747 ret_end=-27.472 dbar_end=0.732 occ_end=0.192 CSR_train=0.000 done_count=125
[upd 300] u=0 upd_ctr=6 opt_step=96 E=0.794 g=0.097 VarTD=0.170560 ret_end=-26.851 dbar_end=0.744 occ_end=0.112 CSR_train=0.000 done_count=125
[upd 310] u=0 upd_ctr=6 opt_step=96 E=1.000 g=0.114 VarTD=0.143539 ret_end=-25.040 dbar_end=0.691 occ_end=0.176 CSR_train=0.000 done_count=125
[Gate5 check] update_counter violations: t0=0 diffs=0
[Gate5 check] opt_step violations: t0=0 diffs=0 (expected_inc=16)
[Gate5 check] NaN masking: nan_on_skip=True finite_on_update=True
[Gate5 summary] mean_update_fraction=0.0224 final_executed_updates_mean=7.00
[Gate5 eval] done_count mean=100.0 CSR mean=0.0000 len_end_mean=26.00
[Gate5 eval] episodes_per_env=4 T_eval=104
[Gate5 eval-debug] locked_eps_occ=0.20 pre(step25): dbar_end=0.614761 occupied_end_mean=0.170000 max_tilde_end_mean=0.876675 CSR@locked=0.000000
[Gate5 eval-debug] locked_eps_occ=0.20 post(step26): dbar_end=0.619270 occupied_end_mean=0.180000 max_tilde_end_mean=0.876797 CSR@locked=0.000000
[Gate5 eval-debug] CSR_pre@0.10=0.0000 CSR_pre@0.15=0.0000 CSR_pre@0.20=0.0000 CSR_pre@0.25=0.0000 CSR_pre@0.30=0.0000
[Gate5 eval-debug] CSR_post@0.10=0.0000 CSR_post@0.15=0.0000 CSR_post@0.20=0.0000 CSR_post@0.25=0.0000 CSR_post@0.30=0.0000
