Importing submoduled environments...
Submoduled environments not found. Skipping import.
[upd 0] u=1 upd_ctr=1 opt_step=16 E=0.116 g=0.082 VarTD=0.214117 ret_end=-27.772 dbar_end=0.796 occ_end=0.070 CSR_train=0.000 done_count=100
[upd 10] u=0 upd_ctr=1 opt_step=16 E=0.857 g=0.092 VarTD=0.178600 ret_end=-26.630 dbar_end=0.760 occ_end=0.136 CSR_train=0.000 done_count=125
[upd 20] u=0 upd_ctr=2 opt_step=32 E=0.669 g=0.106 VarTD=0.148465 ret_end=-27.292 dbar_end=0.715 occ_end=0.144 CSR_train=0.000 done_count=125
[upd 30] u=0 upd_ctr=3 opt_step=48 E=0.522 g=0.097 VarTD=0.168302 ret_end=-26.902 dbar_end=0.742 occ_end=0.216 CSR_train=0.000 done_count=125
[upd 40] u=0 upd_ctr=4 opt_step=64 E=0.398 g=0.104 VarTD=0.143928 ret_end=-26.257 dbar_end=0.721 occ_end=0.144 CSR_train=0.000 done_count=125
[upd 50] u=0 upd_ctr=5 opt_step=80 E=0.316 g=0.114 VarTD=0.143819 ret_end=-26.419 dbar_end=0.693 occ_end=0.176 CSR_train=0.000 done_count=125
[upd 60] u=0 upd_ctr=6 opt_step=96 E=0.221 g=0.110 VarTD=0.160567 ret_end=-26.796 dbar_end=0.704 occ_end=0.200 CSR_train=0.000 done_count=125
[upd 70] u=0 upd_ctr=7 opt_step=112 E=0.175 g=0.108 VarTD=0.164974 ret_end=-26.012 dbar_end=0.710 occ_end=0.144 CSR_train=0.000 done_count=125
[upd 80] u=1 upd_ctr=8 opt_step=128 E=0.144 g=0.117 VarTD=0.144769 ret_end=-27.290 dbar_end=0.684 occ_end=0.208 CSR_train=0.000 done_count=125
[upd 90] u=0 upd_ctr=9 opt_step=144 E=0.209 g=0.115 VarTD=0.159551 ret_end=-26.070 dbar_end=0.689 occ_end=0.160 CSR_train=0.000 done_count=125
[upd 100] u=0 upd_ctr=10 opt_step=160 E=0.253 g=0.126 VarTD=0.166441 ret_end=-25.089 dbar_end=0.659 occ_end=0.216 CSR_train=0.000 done_count=125
[upd 110] u=0 upd_ctr=11 opt_step=176 E=0.355 g=0.135 VarTD=0.184354 ret_end=-25.669 dbar_end=0.638 occ_end=0.272 CSR_train=0.000 done_count=125
[upd 120] u=0 upd_ctr=12 opt_step=192 E=0.490 g=0.133 VarTD=0.210512 ret_end=-25.434 dbar_end=0.642 occ_end=0.224 CSR_train=0.000 done_count=125
[upd 130] u=0 upd_ctr=13 opt_step=208 E=0.595 g=0.137 VarTD=0.209199 ret_end=-24.673 dbar_end=0.633 occ_end=0.190 CSR_train=0.000 done_count=100
[upd 140] u=0 upd_ctr=14 opt_step=224 E=0.703 g=0.140 VarTD=0.281393 ret_end=-24.967 dbar_end=0.626 occ_end=0.240 CSR_train=0.000 done_count=125
[upd 150] u=0 upd_ctr=15 opt_step=240 E=0.827 g=0.150 VarTD=0.314386 ret_end=-24.283 dbar_end=0.604 occ_end=0.216 CSR_train=0.000 done_count=125
[upd 160] u=0 upd_ctr=16 opt_step=256 E=0.941 g=0.145 VarTD=0.370811 ret_end=-24.616 dbar_end=0.615 occ_end=0.296 CSR_train=0.000 done_count=125
[upd 170] u=0 upd_ctr=17 opt_step=272 E=1.000 g=0.136 VarTD=0.390948 ret_end=-24.941 dbar_end=0.635 occ_end=0.176 CSR_train=0.000 done_count=125
[upd 180] u=0 upd_ctr=19 opt_step=304 E=0.276 g=0.154 VarTD=0.507326 ret_end=-23.677 dbar_end=0.596 occ_end=0.216 CSR_train=0.008 done_count=125
[upd 190] u=0 upd_ctr=20 opt_step=320 E=0.540 g=0.157 VarTD=0.611939 ret_end=-24.389 dbar_end=0.590 occ_end=0.344 CSR_train=0.000 done_count=125
[upd 200] u=0 upd_ctr=21 opt_step=336 E=0.747 g=0.149 VarTD=0.716780 ret_end=-24.371 dbar_end=0.606 occ_end=0.256 CSR_train=0.000 done_count=125
[upd 210] u=0 upd_ctr=22 opt_step=352 E=0.992 g=0.138 VarTD=0.781912 ret_end=-25.216 dbar_end=0.632 occ_end=0.200 CSR_train=0.000 done_count=125
[upd 220] u=0 upd_ctr=24 opt_step=384 E=0.303 g=0.154 VarTD=1.021999 ret_end=-23.749 dbar_end=0.596 occ_end=0.296 CSR_train=0.000 done_count=125
[upd 230] u=0 upd_ctr=25 opt_step=400 E=0.512 g=0.139 VarTD=1.155135 ret_end=-24.784 dbar_end=0.629 occ_end=0.200 CSR_train=0.000 done_count=125
[upd 240] u=0 upd_ctr=26 opt_step=416 E=0.793 g=0.167 VarTD=1.315159 ret_end=-23.940 dbar_end=0.570 occ_end=0.336 CSR_train=0.016 done_count=125
[upd 250] u=0 upd_ctr=27 opt_step=432 E=1.000 g=0.142 VarTD=1.396255 ret_end=-23.948 dbar_end=0.622 occ_end=0.256 CSR_train=0.000 done_count=125
[upd 260] u=0 upd_ctr=29 opt_step=464 E=0.316 g=0.159 VarTD=1.430333 ret_end=-23.970 dbar_end=0.585 occ_end=0.190 CSR_train=0.000 done_count=100
[upd 270] u=0 upd_ctr=30 opt_step=480 E=0.706 g=0.172 VarTD=1.914591 ret_end=-24.390 dbar_end=0.560 occ_end=0.288 CSR_train=0.000 done_count=125
[upd 280] u=0 upd_ctr=31 opt_step=496 E=1.000 g=0.178 VarTD=2.032297 ret_end=-22.607 dbar_end=0.550 occ_end=0.288 CSR_train=0.000 done_count=125
[upd 290] u=0 upd_ctr=33 opt_step=528 E=0.391 g=0.154 VarTD=2.340483 ret_end=-24.891 dbar_end=0.596 occ_end=0.216 CSR_train=0.000 done_count=125
[upd 300] u=0 upd_ctr=34 opt_step=544 E=0.725 g=0.173 VarTD=2.627344 ret_end=-23.624 dbar_end=0.560 occ_end=0.288 CSR_train=0.000 done_count=125
[upd 310] u=1 upd_ctr=36 opt_step=576 E=0.184 g=0.167 VarTD=2.720202 ret_end=-23.851 dbar_end=0.570 occ_end=0.240 CSR_train=0.000 done_count=125
[Gate5 check] update_counter violations: t0=0 diffs=0
[Gate5 check] opt_step violations: t0=0 diffs=0 (expected_inc=16)
[Gate5 check] NaN masking: nan_on_skip=True finite_on_update=True
[Gate5 summary] mean_update_fraction=0.1154 final_executed_updates_mean=36.00
[Gate5 eval] done_count mean=100.0 CSR mean=0.0400 len_end_mean=26.00
[Gate5 eval] episodes_per_env=4 T_eval=104
[Gate5 eval-debug] locked_eps_occ=0.20 pre(step25): dbar_end=0.434398 occupied_end_mean=0.550000 max_tilde_end_mean=0.621669 CSR@locked=0.010000
[Gate5 eval-debug] locked_eps_occ=0.20 post(step26): dbar_end=0.434399 occupied_end_mean=0.580000 max_tilde_end_mean=0.620123 CSR@locked=0.040000
[Gate5 eval-debug] CSR_pre@0.10=0.0000 CSR_pre@0.15=0.0000 CSR_pre@0.20=0.0100 CSR_pre@0.25=0.0700 CSR_pre@0.30=0.1000
[Gate5 eval-debug] CSR_post@0.10=0.0000 CSR_post@0.15=0.0000 CSR_post@0.20=0.0400 CSR_post@0.25=0.0800 CSR_post@0.30=0.1000
