Importing submoduled environments...
Submoduled environments not found. Skipping import.
[upd 0] u=1 upd_ctr=1 opt_step=16 E=0.109 g=0.092 VarTD=0.136051 ret_end=-27.009 dbar_end=0.762 occ_end=0.140 CSR_train=0.000 done_count=100
[upd 10] u=0 upd_ctr=1 opt_step=16 E=0.202 g=0.088 VarTD=0.157825 ret_end=-27.556 dbar_end=0.774 occ_end=0.128 CSR_train=0.000 done_count=125
[upd 20] u=0 upd_ctr=1 opt_step=16 E=0.297 g=0.096 VarTD=0.140044 ret_end=-27.124 dbar_end=0.745 occ_end=0.128 CSR_train=0.000 done_count=125
[upd 30] u=0 upd_ctr=1 opt_step=16 E=0.390 g=0.099 VarTD=0.160678 ret_end=-27.549 dbar_end=0.736 occ_end=0.192 CSR_train=0.000 done_count=125
[upd 40] u=0 upd_ctr=1 opt_step=16 E=0.477 g=0.089 VarTD=0.150975 ret_end=-26.713 dbar_end=0.771 occ_end=0.136 CSR_train=0.000 done_count=125
[upd 50] u=0 upd_ctr=1 opt_step=16 E=0.567 g=0.093 VarTD=0.157922 ret_end=-26.664 dbar_end=0.757 occ_end=0.192 CSR_train=0.000 done_count=125
[upd 60] u=0 upd_ctr=1 opt_step=16 E=0.661 g=0.090 VarTD=0.133708 ret_end=-27.546 dbar_end=0.767 occ_end=0.120 CSR_train=0.000 done_count=125
[upd 70] u=0 upd_ctr=1 opt_step=16 E=0.755 g=0.093 VarTD=0.153631 ret_end=-26.544 dbar_end=0.755 occ_end=0.176 CSR_train=0.000 done_count=125
[upd 80] u=0 upd_ctr=1 opt_step=16 E=0.850 g=0.102 VarTD=0.121212 ret_end=-26.441 dbar_end=0.727 occ_end=0.176 CSR_train=0.000 done_count=125
[upd 90] u=0 upd_ctr=2 opt_step=32 E=0.045 g=0.100 VarTD=0.130357 ret_end=-27.126 dbar_end=0.732 occ_end=0.168 CSR_train=0.000 done_count=125
[upd 100] u=0 upd_ctr=2 opt_step=32 E=0.142 g=0.103 VarTD=0.137806 ret_end=-26.887 dbar_end=0.724 occ_end=0.224 CSR_train=0.000 done_count=125
[upd 110] u=0 upd_ctr=2 opt_step=32 E=0.239 g=0.102 VarTD=0.135603 ret_end=-26.271 dbar_end=0.726 occ_end=0.176 CSR_train=0.000 done_count=125
[upd 120] u=0 upd_ctr=2 opt_step=32 E=0.335 g=0.098 VarTD=0.160284 ret_end=-27.752 dbar_end=0.741 occ_end=0.192 CSR_train=0.000 done_count=125
[upd 130] u=0 upd_ctr=2 opt_step=32 E=0.433 g=0.088 VarTD=0.166313 ret_end=-27.577 dbar_end=0.773 occ_end=0.160 CSR_train=0.000 done_count=100
[upd 140] u=0 upd_ctr=2 opt_step=32 E=0.527 g=0.089 VarTD=0.159812 ret_end=-28.012 dbar_end=0.771 occ_end=0.128 CSR_train=0.000 done_count=125
[upd 150] u=0 upd_ctr=2 opt_step=32 E=0.625 g=0.091 VarTD=0.135437 ret_end=-27.276 dbar_end=0.762 occ_end=0.184 CSR_train=0.008 done_count=125
[upd 160] u=0 upd_ctr=2 opt_step=32 E=0.719 g=0.083 VarTD=0.138198 ret_end=-27.796 dbar_end=0.792 occ_end=0.104 CSR_train=0.000 done_count=125
[upd 170] u=0 upd_ctr=2 opt_step=32 E=0.815 g=0.095 VarTD=0.141114 ret_end=-26.860 dbar_end=0.748 occ_end=0.128 CSR_train=0.000 done_count=125
[upd 180] u=1 upd_ctr=3 opt_step=48 E=0.010 g=0.088 VarTD=0.144788 ret_end=-28.135 dbar_end=0.773 occ_end=0.144 CSR_train=0.000 done_count=125
[upd 190] u=0 upd_ctr=3 opt_step=48 E=0.114 g=0.108 VarTD=0.141029 ret_end=-26.599 dbar_end=0.708 occ_end=0.168 CSR_train=0.000 done_count=125
[upd 200] u=0 upd_ctr=3 opt_step=48 E=0.218 g=0.112 VarTD=0.137111 ret_end=-26.513 dbar_end=0.698 occ_end=0.160 CSR_train=0.000 done_count=125
[upd 210] u=0 upd_ctr=3 opt_step=48 E=0.318 g=0.097 VarTD=0.165038 ret_end=-27.990 dbar_end=0.741 occ_end=0.168 CSR_train=0.000 done_count=125
[upd 220] u=0 upd_ctr=3 opt_step=48 E=0.419 g=0.089 VarTD=0.175245 ret_end=-28.346 dbar_end=0.770 occ_end=0.152 CSR_train=0.000 done_count=125
[upd 230] u=0 upd_ctr=3 opt_step=48 E=0.516 g=0.099 VarTD=0.147496 ret_end=-27.489 dbar_end=0.738 occ_end=0.144 CSR_train=0.000 done_count=125
[upd 240] u=0 upd_ctr=3 opt_step=48 E=0.613 g=0.095 VarTD=0.168869 ret_end=-26.939 dbar_end=0.751 occ_end=0.144 CSR_train=0.000 done_count=125
[upd 250] u=0 upd_ctr=3 opt_step=48 E=0.715 g=0.095 VarTD=0.142438 ret_end=-26.747 dbar_end=0.748 occ_end=0.192 CSR_train=0.000 done_count=125
[upd 260] u=0 upd_ctr=3 opt_step=48 E=0.814 g=0.096 VarTD=0.183918 ret_end=-26.428 dbar_end=0.746 occ_end=0.180 CSR_train=0.000 done_count=100
[upd 270] u=1 upd_ctr=4 opt_step=64 E=0.018 g=0.113 VarTD=0.144822 ret_end=-26.961 dbar_end=0.694 occ_end=0.152 CSR_train=0.000 done_count=125
[upd 280] u=0 upd_ctr=4 opt_step=64 E=0.122 g=0.113 VarTD=0.137013 ret_end=-26.040 dbar_end=0.695 occ_end=0.240 CSR_train=0.000 done_count=125
[upd 290] u=0 upd_ctr=4 opt_step=64 E=0.228 g=0.116 VarTD=0.112715 ret_end=-25.280 dbar_end=0.685 occ_end=0.136 CSR_train=0.000 done_count=125
[upd 300] u=0 upd_ctr=4 opt_step=64 E=0.336 g=0.092 VarTD=0.158141 ret_end=-28.110 dbar_end=0.758 occ_end=0.176 CSR_train=0.000 done_count=125
[upd 310] u=0 upd_ctr=4 opt_step=64 E=0.444 g=0.112 VarTD=0.142039 ret_end=-26.301 dbar_end=0.698 occ_end=0.136 CSR_train=0.000 done_count=125
[Gate5 check] update_counter violations: t0=0 diffs=0
[Gate5 check] opt_step violations: t0=0 diffs=0 (expected_inc=16)
[Gate5 check] NaN masking: nan_on_skip=True finite_on_update=True
[Gate5 summary] mean_update_fraction=0.0128 final_executed_updates_mean=4.00
[Gate5 eval] done_count mean=100.0 CSR mean=0.0000 len_end_mean=26.00
[Gate5 eval] episodes_per_env=4 T_eval=104
[Gate5 eval-debug] locked_eps_occ=0.20 pre(step25): dbar_end=0.555005 occupied_end_mean=0.400000 max_tilde_end_mean=0.829315 CSR@locked=0.020000
[Gate5 eval-debug] locked_eps_occ=0.20 post(step26): dbar_end=0.554071 occupied_end_mean=0.400000 max_tilde_end_mean=0.834671 CSR@locked=0.000000
[Gate5 eval-debug] CSR_pre@0.10=0.0000 CSR_pre@0.15=0.0000 CSR_pre@0.20=0.0200 CSR_pre@0.25=0.0200 CSR_pre@0.30=0.0200
[Gate5 eval-debug] CSR_post@0.10=0.0000 CSR_post@0.15=0.0000 CSR_post@0.20=0.0000 CSR_post@0.25=0.0100 CSR_post@0.30=0.0100
