Importing submoduled environments...
Submoduled environments not found. Skipping import.
[upd 0] u=1 upd_ctr=1 opt_step=16 E=0.035 g=0.088 VarTD=0.137352 ret_end=-28.134 dbar_end=0.773 occ_end=0.220 CSR_train=0.000 done_count=100
[upd 10] u=0 upd_ctr=1 opt_step=16 E=0.406 g=0.093 VarTD=0.158535 ret_end=-28.458 dbar_end=0.756 occ_end=0.184 CSR_train=0.000 done_count=125
[upd 20] u=0 upd_ctr=1 opt_step=16 E=0.772 g=0.103 VarTD=0.132575 ret_end=-26.686 dbar_end=0.725 occ_end=0.208 CSR_train=0.000 done_count=125
[upd 30] u=0 upd_ctr=2 opt_step=32 E=0.147 g=0.093 VarTD=0.164280 ret_end=-27.668 dbar_end=0.756 occ_end=0.160 CSR_train=0.000 done_count=125
[upd 40] u=0 upd_ctr=2 opt_step=32 E=0.524 g=0.092 VarTD=0.132029 ret_end=-27.470 dbar_end=0.759 occ_end=0.112 CSR_train=0.000 done_count=125
[upd 50] u=0 upd_ctr=2 opt_step=32 E=0.895 g=0.091 VarTD=0.169012 ret_end=-27.911 dbar_end=0.762 occ_end=0.216 CSR_train=0.000 done_count=125
[upd 60] u=0 upd_ctr=3 opt_step=48 E=0.258 g=0.090 VarTD=0.151294 ret_end=-27.921 dbar_end=0.768 occ_end=0.144 CSR_train=0.000 done_count=125
[upd 70] u=0 upd_ctr=3 opt_step=48 E=0.641 g=0.087 VarTD=0.158977 ret_end=-27.811 dbar_end=0.778 occ_end=0.160 CSR_train=0.000 done_count=125
[upd 80] u=0 upd_ctr=3 opt_step=48 E=1.000 g=0.091 VarTD=0.123738 ret_end=-26.116 dbar_end=0.762 occ_end=0.112 CSR_train=0.000 done_count=125
[upd 90] u=0 upd_ctr=4 opt_step=64 E=0.402 g=0.105 VarTD=0.154567 ret_end=-26.739 dbar_end=0.717 occ_end=0.232 CSR_train=0.000 done_count=125
[upd 100] u=0 upd_ctr=4 opt_step=64 E=0.801 g=0.102 VarTD=0.149008 ret_end=-26.302 dbar_end=0.727 occ_end=0.192 CSR_train=0.000 done_count=125
[upd 110] u=0 upd_ctr=5 opt_step=80 E=0.170 g=0.108 VarTD=0.139035 ret_end=-25.379 dbar_end=0.710 occ_end=0.168 CSR_train=0.000 done_count=125
[upd 120] u=0 upd_ctr=5 opt_step=80 E=0.575 g=0.092 VarTD=0.150345 ret_end=-27.515 dbar_end=0.759 occ_end=0.096 CSR_train=0.000 done_count=125
[upd 130] u=0 upd_ctr=5 opt_step=80 E=0.962 g=0.105 VarTD=0.148771 ret_end=-26.641 dbar_end=0.717 occ_end=0.110 CSR_train=0.000 done_count=100
[upd 140] u=0 upd_ctr=6 opt_step=96 E=0.372 g=0.098 VarTD=0.166550 ret_end=-27.736 dbar_end=0.738 occ_end=0.192 CSR_train=0.000 done_count=125
[upd 150] u=0 upd_ctr=6 opt_step=96 E=0.798 g=0.113 VarTD=0.142136 ret_end=-25.806 dbar_end=0.693 occ_end=0.152 CSR_train=0.000 done_count=125
[upd 160] u=0 upd_ctr=7 opt_step=112 E=0.214 g=0.094 VarTD=0.212268 ret_end=-28.198 dbar_end=0.754 occ_end=0.160 CSR_train=0.000 done_count=125
[upd 170] u=0 upd_ctr=7 opt_step=112 E=0.647 g=0.108 VarTD=0.169104 ret_end=-26.332 dbar_end=0.709 occ_end=0.256 CSR_train=0.000 done_count=125
[upd 180] u=1 upd_ctr=8 opt_step=128 E=0.041 g=0.103 VarTD=0.163600 ret_end=-27.455 dbar_end=0.725 occ_end=0.152 CSR_train=0.000 done_count=125
[upd 190] u=0 upd_ctr=8 opt_step=128 E=0.494 g=0.111 VarTD=0.166938 ret_end=-26.820 dbar_end=0.701 occ_end=0.176 CSR_train=0.000 done_count=125
[upd 200] u=0 upd_ctr=8 opt_step=128 E=0.967 g=0.114 VarTD=0.149448 ret_end=-25.992 dbar_end=0.692 occ_end=0.240 CSR_train=0.000 done_count=125
[upd 210] u=0 upd_ctr=9 opt_step=144 E=0.433 g=0.113 VarTD=0.142776 ret_end=-26.724 dbar_end=0.696 occ_end=0.232 CSR_train=0.000 done_count=125
[upd 220] u=0 upd_ctr=9 opt_step=144 E=0.914 g=0.120 VarTD=0.179791 ret_end=-25.700 dbar_end=0.676 occ_end=0.208 CSR_train=0.000 done_count=125
[upd 230] u=0 upd_ctr=10 opt_step=160 E=0.403 g=0.128 VarTD=0.154371 ret_end=-25.624 dbar_end=0.655 occ_end=0.152 CSR_train=0.000 done_count=125
[upd 240] u=0 upd_ctr=10 opt_step=160 E=0.903 g=0.126 VarTD=0.169103 ret_end=-25.359 dbar_end=0.661 occ_end=0.112 CSR_train=0.000 done_count=125
[upd 250] u=0 upd_ctr=11 opt_step=176 E=0.418 g=0.136 VarTD=0.167188 ret_end=-25.541 dbar_end=0.636 occ_end=0.192 CSR_train=0.000 done_count=125
[upd 260] u=0 upd_ctr=11 opt_step=176 E=0.912 g=0.130 VarTD=0.185761 ret_end=-25.839 dbar_end=0.650 occ_end=0.250 CSR_train=0.000 done_count=100
[upd 270] u=0 upd_ctr=12 opt_step=192 E=0.419 g=0.117 VarTD=0.192106 ret_end=-26.483 dbar_end=0.684 occ_end=0.184 CSR_train=0.000 done_count=125
[upd 280] u=0 upd_ctr=12 opt_step=192 E=0.927 g=0.125 VarTD=0.191029 ret_end=-25.998 dbar_end=0.662 occ_end=0.160 CSR_train=0.000 done_count=125
[upd 290] u=0 upd_ctr=13 opt_step=208 E=0.406 g=0.120 VarTD=0.206650 ret_end=-26.088 dbar_end=0.676 occ_end=0.152 CSR_train=0.000 done_count=125
[upd 300] u=0 upd_ctr=13 opt_step=208 E=0.918 g=0.138 VarTD=0.203343 ret_end=-25.155 dbar_end=0.632 occ_end=0.160 CSR_train=0.000 done_count=125
[upd 310] u=0 upd_ctr=14 opt_step=224 E=0.415 g=0.134 VarTD=0.235929 ret_end=-24.691 dbar_end=0.640 occ_end=0.184 CSR_train=0.008 done_count=125
[Gate5 check] update_counter violations: t0=0 diffs=0
[Gate5 check] opt_step violations: t0=0 diffs=0 (expected_inc=16)
[Gate5 check] NaN masking: nan_on_skip=True finite_on_update=True
[Gate5 summary] mean_update_fraction=0.0449 final_executed_updates_mean=14.00
[Gate5 eval] done_count mean=100.0 CSR mean=0.0000 len_end_mean=26.00
[Gate5 eval] episodes_per_env=4 T_eval=104
[Gate5 eval-debug] locked_eps_occ=0.20 pre(step25): dbar_end=0.483873 occupied_end_mean=0.470000 max_tilde_end_mean=0.706391 CSR@locked=0.010000
[Gate5 eval-debug] locked_eps_occ=0.20 post(step26): dbar_end=0.484559 occupied_end_mean=0.420000 max_tilde_end_mean=0.699173 CSR@locked=0.000000
[Gate5 eval-debug] CSR_pre@0.10=0.0000 CSR_pre@0.15=0.0000 CSR_pre@0.20=0.0100 CSR_pre@0.25=0.0100 CSR_pre@0.30=0.0100
[Gate5 eval-debug] CSR_post@0.10=0.0000 CSR_post@0.15=0.0000 CSR_post@0.20=0.0000 CSR_post@0.25=0.0000 CSR_post@0.30=0.0300
