Importing submoduled environments...
Submoduled environments not found. Skipping import.
[upd 0] u=1 upd_ctr=1 opt_step=16 E=0.067 g=0.096 VarTD=0.159541 ret_end=-27.424 dbar_end=0.745 occ_end=0.200 CSR_train=0.000 done_count=100
[upd 10] u=0 upd_ctr=1 opt_step=16 E=0.697 g=0.095 VarTD=0.132747 ret_end=-26.853 dbar_end=0.750 occ_end=0.208 CSR_train=0.000 done_count=125
[upd 20] u=0 upd_ctr=2 opt_step=32 E=0.347 g=0.104 VarTD=0.168161 ret_end=-26.353 dbar_end=0.720 occ_end=0.152 CSR_train=0.000 done_count=125
[upd 30] u=0 upd_ctr=2 opt_step=32 E=1.000 g=0.087 VarTD=0.162281 ret_end=-27.879 dbar_end=0.776 occ_end=0.152 CSR_train=0.000 done_count=125
[upd 40] u=0 upd_ctr=3 opt_step=48 E=0.640 g=0.098 VarTD=0.154914 ret_end=-27.294 dbar_end=0.739 occ_end=0.176 CSR_train=0.000 done_count=125
[upd 50] u=0 upd_ctr=4 opt_step=64 E=0.283 g=0.112 VarTD=0.149690 ret_end=-26.681 dbar_end=0.699 occ_end=0.192 CSR_train=0.000 done_count=125
[upd 60] u=0 upd_ctr=4 opt_step=64 E=0.983 g=0.105 VarTD=0.158186 ret_end=-26.669 dbar_end=0.717 occ_end=0.168 CSR_train=0.000 done_count=125
[upd 70] u=0 upd_ctr=5 opt_step=80 E=0.659 g=0.100 VarTD=0.155626 ret_end=-27.440 dbar_end=0.735 occ_end=0.184 CSR_train=0.000 done_count=125
[upd 80] u=0 upd_ctr=6 opt_step=96 E=0.394 g=0.117 VarTD=0.139464 ret_end=-26.162 dbar_end=0.682 occ_end=0.208 CSR_train=0.000 done_count=125
[upd 90] u=0 upd_ctr=7 opt_step=112 E=0.167 g=0.119 VarTD=0.134110 ret_end=-26.110 dbar_end=0.677 occ_end=0.216 CSR_train=0.000 done_count=125
[upd 100] u=0 upd_ctr=7 opt_step=112 E=0.997 g=0.126 VarTD=0.116766 ret_end=-25.699 dbar_end=0.659 occ_end=0.192 CSR_train=0.000 done_count=125
[upd 110] u=0 upd_ctr=8 opt_step=128 E=0.774 g=0.121 VarTD=0.136058 ret_end=-25.662 dbar_end=0.673 occ_end=0.176 CSR_train=0.000 done_count=125
[upd 120] u=0 upd_ctr=9 opt_step=144 E=0.605 g=0.112 VarTD=0.146499 ret_end=-26.471 dbar_end=0.699 occ_end=0.192 CSR_train=0.000 done_count=125
[Gate5 check] update_counter violations: t0=0 diffs=0
[Gate5 check] opt_step violations: t0=0 diffs=0 (expected_inc=16)
[Gate5 check] NaN masking: nan_on_skip=True finite_on_update=True
[Gate5 summary] mean_update_fraction=0.0720 final_executed_updates_mean=9.00
[Gate5 eval] done_count mean=100.0 CSR mean=0.0100 len_end_mean=26.00
[Gate5 eval] episodes_per_env=4 T_eval=104
[Gate5 eval-debug] locked_eps_occ=0.20 pre(step25): dbar_end=0.490887 occupied_end_mean=0.440000 max_tilde_end_mean=0.723679 CSR@locked=0.000000
[Gate5 eval-debug] locked_eps_occ=0.20 post(step26): dbar_end=0.496154 occupied_end_mean=0.470000 max_tilde_end_mean=0.722634 CSR@locked=0.010000
[Gate5 eval-debug] CSR_pre@0.10=0.0000 CSR_pre@0.15=0.0000 CSR_pre@0.20=0.0000 CSR_pre@0.25=0.0000 CSR_pre@0.30=0.0200
[Gate5 eval-debug] CSR_post@0.10=0.0000 CSR_post@0.15=0.0000 CSR_post@0.20=0.0100 CSR_post@0.25=0.0100 CSR_post@0.30=0.0300
