Importing submoduled environments...
Submoduled environments not found. Skipping import.
[upd 0] u=1 upd_ctr=1 opt_step=16 E=0.129 g=0.087 VarTD=0.169991 ret_end=-27.980 dbar_end=0.777 occ_end=0.130 CSR_train=0.000 done_count=100
[upd 10] u=0 upd_ctr=1 opt_step=16 E=0.972 g=0.097 VarTD=0.148660 ret_end=-28.362 dbar_end=0.744 occ_end=0.160 CSR_train=0.000 done_count=125
[upd 20] u=0 upd_ctr=2 opt_step=32 E=0.916 g=0.108 VarTD=0.137118 ret_end=-25.251 dbar_end=0.708 occ_end=0.184 CSR_train=0.000 done_count=125
[upd 30] u=0 upd_ctr=3 opt_step=48 E=0.915 g=0.112 VarTD=0.117502 ret_end=-25.953 dbar_end=0.697 occ_end=0.184 CSR_train=0.000 done_count=125
[upd 40] u=0 upd_ctr=4 opt_step=64 E=0.911 g=0.106 VarTD=0.135784 ret_end=-26.649 dbar_end=0.715 occ_end=0.176 CSR_train=0.000 done_count=125
[upd 50] u=0 upd_ctr=5 opt_step=80 E=0.928 g=0.102 VarTD=0.150405 ret_end=-27.447 dbar_end=0.728 occ_end=0.144 CSR_train=0.000 done_count=125
[upd 60] u=0 upd_ctr=6 opt_step=96 E=0.993 g=0.114 VarTD=0.139763 ret_end=-25.690 dbar_end=0.692 occ_end=0.256 CSR_train=0.000 done_count=125
[upd 70] u=1 upd_ctr=8 opt_step=128 E=0.158 g=0.120 VarTD=0.153365 ret_end=-26.366 dbar_end=0.677 occ_end=0.168 CSR_train=0.000 done_count=125
[upd 80] u=0 upd_ctr=9 opt_step=144 E=0.261 g=0.119 VarTD=0.145049 ret_end=-25.774 dbar_end=0.677 occ_end=0.288 CSR_train=0.000 done_count=125
[upd 90] u=0 upd_ctr=10 opt_step=160 E=0.376 g=0.122 VarTD=0.180421 ret_end=-26.104 dbar_end=0.669 occ_end=0.152 CSR_train=0.000 done_count=125
[upd 100] u=0 upd_ctr=11 opt_step=176 E=0.586 g=0.136 VarTD=0.159380 ret_end=-24.422 dbar_end=0.636 occ_end=0.232 CSR_train=0.000 done_count=125
[upd 110] u=0 upd_ctr=12 opt_step=192 E=0.726 g=0.123 VarTD=0.171989 ret_end=-25.073 dbar_end=0.668 occ_end=0.176 CSR_train=0.000 done_count=125
[upd 120] u=0 upd_ctr=13 opt_step=208 E=0.872 g=0.127 VarTD=0.188943 ret_end=-25.459 dbar_end=0.656 occ_end=0.224 CSR_train=0.000 done_count=125
[upd 130] u=1 upd_ctr=15 opt_step=240 E=0.127 g=0.126 VarTD=0.190529 ret_end=-25.531 dbar_end=0.659 occ_end=0.210 CSR_train=0.000 done_count=100
[upd 140] u=0 upd_ctr=16 opt_step=256 E=0.360 g=0.143 VarTD=0.326751 ret_end=-25.578 dbar_end=0.620 occ_end=0.272 CSR_train=0.008 done_count=125
[upd 150] u=0 upd_ctr=17 opt_step=272 E=0.507 g=0.139 VarTD=0.344446 ret_end=-25.031 dbar_end=0.629 occ_end=0.232 CSR_train=0.000 done_count=125
[upd 160] u=0 upd_ctr=18 opt_step=288 E=0.697 g=0.129 VarTD=0.396584 ret_end=-25.205 dbar_end=0.652 occ_end=0.176 CSR_train=0.000 done_count=125
[upd 170] u=0 upd_ctr=19 opt_step=304 E=0.884 g=0.127 VarTD=0.491028 ret_end=-25.836 dbar_end=0.657 occ_end=0.216 CSR_train=0.000 done_count=125
[upd 180] u=1 upd_ctr=21 opt_step=336 E=0.149 g=0.134 VarTD=0.550239 ret_end=-25.801 dbar_end=0.641 occ_end=0.224 CSR_train=0.008 done_count=125
[upd 190] u=0 upd_ctr=22 opt_step=352 E=0.415 g=0.137 VarTD=0.746886 ret_end=-25.529 dbar_end=0.633 occ_end=0.208 CSR_train=0.000 done_count=125
[upd 200] u=0 upd_ctr=23 opt_step=368 E=0.690 g=0.135 VarTD=0.811504 ret_end=-25.063 dbar_end=0.638 occ_end=0.152 CSR_train=0.008 done_count=125
[upd 210] u=0 upd_ctr=24 opt_step=384 E=0.952 g=0.138 VarTD=0.955968 ret_end=-25.373 dbar_end=0.630 occ_end=0.248 CSR_train=0.008 done_count=125
[upd 220] u=0 upd_ctr=26 opt_step=416 E=0.403 g=0.136 VarTD=1.177289 ret_end=-24.938 dbar_end=0.635 occ_end=0.192 CSR_train=0.008 done_count=125
[upd 230] u=0 upd_ctr=27 opt_step=432 E=0.722 g=0.146 VarTD=1.274496 ret_end=-24.416 dbar_end=0.612 occ_end=0.240 CSR_train=0.000 done_count=125
[upd 240] u=1 upd_ctr=29 opt_step=464 E=0.176 g=0.167 VarTD=1.476969 ret_end=-23.481 dbar_end=0.571 occ_end=0.280 CSR_train=0.000 done_count=125
[upd 250] u=0 upd_ctr=30 opt_step=480 E=0.621 g=0.133 VarTD=1.675484 ret_end=-25.759 dbar_end=0.643 occ_end=0.136 CSR_train=0.000 done_count=125
[upd 260] u=0 upd_ctr=31 opt_step=496 E=1.000 g=0.147 VarTD=1.533614 ret_end=-24.577 dbar_end=0.611 occ_end=0.240 CSR_train=0.000 done_count=100
[upd 270] u=0 upd_ctr=33 opt_step=528 E=0.471 g=0.164 VarTD=2.218052 ret_end=-24.209 dbar_end=0.576 occ_end=0.232 CSR_train=0.000 done_count=125
[upd 280] u=0 upd_ctr=34 opt_step=544 E=0.922 g=0.177 VarTD=2.412986 ret_end=-23.514 dbar_end=0.552 occ_end=0.304 CSR_train=0.008 done_count=125
[upd 290] u=0 upd_ctr=36 opt_step=576 E=0.357 g=0.172 VarTD=2.713193 ret_end=-23.266 dbar_end=0.561 occ_end=0.264 CSR_train=0.000 done_count=125
[upd 300] u=0 upd_ctr=37 opt_step=592 E=0.808 g=0.170 VarTD=2.828869 ret_end=-23.559 dbar_end=0.565 occ_end=0.352 CSR_train=0.000 done_count=125
[upd 310] u=1 upd_ctr=39 opt_step=624 E=0.205 g=0.173 VarTD=3.055459 ret_end=-23.785 dbar_end=0.560 occ_end=0.304 CSR_train=0.000 done_count=125
[Gate5 check] update_counter violations: t0=0 diffs=0
[Gate5 check] opt_step violations: t0=0 diffs=0 (expected_inc=16)
[Gate5 check] NaN masking: nan_on_skip=True finite_on_update=True
[Gate5 summary] mean_update_fraction=0.1250 final_executed_updates_mean=39.00
[Gate5 eval] done_count mean=100.0 CSR mean=0.0000 len_end_mean=26.00
[Gate5 eval] episodes_per_env=4 T_eval=104
[Gate5 eval-debug] locked_eps_occ=0.20 pre(step25): dbar_end=0.498869 occupied_end_mean=0.400000 max_tilde_end_mean=0.703586 CSR@locked=0.020000
[Gate5 eval-debug] locked_eps_occ=0.20 post(step26): dbar_end=0.501843 occupied_end_mean=0.390000 max_tilde_end_mean=0.704451 CSR@locked=0.000000
[Gate5 eval-debug] CSR_pre@0.10=0.0000 CSR_pre@0.15=0.0000 CSR_pre@0.20=0.0200 CSR_pre@0.25=0.0400 CSR_pre@0.30=0.0600
[Gate5 eval-debug] CSR_post@0.10=0.0000 CSR_post@0.15=0.0000 CSR_post@0.20=0.0000 CSR_post@0.25=0.0200 CSR_post@0.30=0.0500
