Importing submoduled environments...
Submoduled environments not found. Skipping import.
[upd 0] u=1 upd_ctr=1 opt_step=16 E=0.046 g=0.092 VarTD=0.142843 ret_end=-27.084 dbar_end=0.760 occ_end=0.110 CSR_train=0.000 done_count=100
[upd 10] u=0 upd_ctr=1 opt_step=16 E=0.498 g=0.091 VarTD=0.164683 ret_end=-27.227 dbar_end=0.764 occ_end=0.176 CSR_train=0.000 done_count=125
[upd 20] u=0 upd_ctr=1 opt_step=16 E=0.970 g=0.080 VarTD=0.174803 ret_end=-28.589 dbar_end=0.804 occ_end=0.112 CSR_train=0.000 done_count=125
[upd 30] u=0 upd_ctr=2 opt_step=32 E=0.455 g=0.102 VarTD=0.132021 ret_end=-27.052 dbar_end=0.726 occ_end=0.224 CSR_train=0.000 done_count=125
[upd 40] u=0 upd_ctr=2 opt_step=32 E=0.952 g=0.099 VarTD=0.143235 ret_end=-26.593 dbar_end=0.737 occ_end=0.152 CSR_train=0.000 done_count=125
[upd 50] u=0 upd_ctr=3 opt_step=48 E=0.455 g=0.094 VarTD=0.136014 ret_end=-27.258 dbar_end=0.755 occ_end=0.144 CSR_train=0.000 done_count=125
[upd 60] u=0 upd_ctr=3 opt_step=48 E=0.978 g=0.118 VarTD=0.148316 ret_end=-25.621 dbar_end=0.680 occ_end=0.176 CSR_train=0.000 done_count=125
[upd 70] u=0 upd_ctr=4 opt_step=64 E=0.461 g=0.097 VarTD=0.164447 ret_end=-27.083 dbar_end=0.743 occ_end=0.136 CSR_train=0.000 done_count=125
[upd 80] u=0 upd_ctr=4 opt_step=64 E=0.986 g=0.100 VarTD=0.157862 ret_end=-27.006 dbar_end=0.734 occ_end=0.192 CSR_train=0.000 done_count=125
[upd 90] u=0 upd_ctr=5 opt_step=80 E=0.497 g=0.110 VarTD=0.131209 ret_end=-26.137 dbar_end=0.703 occ_end=0.136 CSR_train=0.000 done_count=125
[upd 100] u=0 upd_ctr=5 opt_step=80 E=1.000 g=0.113 VarTD=0.151171 ret_end=-27.628 dbar_end=0.694 occ_end=0.168 CSR_train=0.000 done_count=125
[upd 110] u=0 upd_ctr=6 opt_step=96 E=0.575 g=0.121 VarTD=0.147631 ret_end=-26.366 dbar_end=0.672 occ_end=0.160 CSR_train=0.008 done_count=125
[upd 120] u=0 upd_ctr=7 opt_step=112 E=0.122 g=0.125 VarTD=0.120261 ret_end=-25.640 dbar_end=0.663 occ_end=0.168 CSR_train=0.000 done_count=125
[upd 130] u=0 upd_ctr=7 opt_step=112 E=0.727 g=0.107 VarTD=0.156600 ret_end=-26.744 dbar_end=0.712 occ_end=0.170 CSR_train=0.000 done_count=100
[upd 140] u=0 upd_ctr=8 opt_step=128 E=0.310 g=0.131 VarTD=0.157331 ret_end=-25.258 dbar_end=0.648 occ_end=0.216 CSR_train=0.000 done_count=125
[upd 150] u=0 upd_ctr=8 opt_step=128 E=0.932 g=0.125 VarTD=0.124071 ret_end=-24.470 dbar_end=0.663 occ_end=0.160 CSR_train=0.000 done_count=125
[upd 160] u=0 upd_ctr=9 opt_step=144 E=0.531 g=0.127 VarTD=0.150907 ret_end=-25.867 dbar_end=0.656 occ_end=0.256 CSR_train=0.008 done_count=125
[upd 170] u=0 upd_ctr=10 opt_step=160 E=0.141 g=0.132 VarTD=0.153691 ret_end=-25.005 dbar_end=0.644 occ_end=0.232 CSR_train=0.000 done_count=125
[upd 180] u=0 upd_ctr=10 opt_step=160 E=0.811 g=0.140 VarTD=0.156323 ret_end=-24.951 dbar_end=0.626 occ_end=0.232 CSR_train=0.000 done_count=125
[upd 190] u=0 upd_ctr=11 opt_step=176 E=0.515 g=0.142 VarTD=0.174382 ret_end=-25.455 dbar_end=0.621 occ_end=0.264 CSR_train=0.000 done_count=125
[upd 200] u=0 upd_ctr=12 opt_step=192 E=0.211 g=0.137 VarTD=0.210173 ret_end=-25.281 dbar_end=0.633 occ_end=0.240 CSR_train=0.000 done_count=125
[upd 210] u=0 upd_ctr=12 opt_step=192 E=0.947 g=0.155 VarTD=0.203956 ret_end=-24.234 dbar_end=0.593 occ_end=0.232 CSR_train=0.000 done_count=125
[upd 220] u=0 upd_ctr=13 opt_step=208 E=0.696 g=0.152 VarTD=0.208088 ret_end=-24.252 dbar_end=0.600 occ_end=0.224 CSR_train=0.000 done_count=125
[upd 230] u=0 upd_ctr=14 opt_step=224 E=0.399 g=0.163 VarTD=0.271618 ret_end=-24.016 dbar_end=0.577 occ_end=0.304 CSR_train=0.000 done_count=125
[upd 240] u=0 upd_ctr=15 opt_step=240 E=0.152 g=0.159 VarTD=0.327414 ret_end=-24.722 dbar_end=0.587 occ_end=0.288 CSR_train=0.000 done_count=125
[upd 250] u=0 upd_ctr=15 opt_step=240 E=0.925 g=0.155 VarTD=0.275424 ret_end=-25.181 dbar_end=0.594 occ_end=0.280 CSR_train=0.000 done_count=125
[upd 260] u=0 upd_ctr=16 opt_step=256 E=0.723 g=0.158 VarTD=0.288151 ret_end=-23.402 dbar_end=0.588 occ_end=0.250 CSR_train=0.000 done_count=100
[upd 270] u=0 upd_ctr=17 opt_step=272 E=0.497 g=0.161 VarTD=0.392740 ret_end=-24.064 dbar_end=0.582 occ_end=0.248 CSR_train=0.000 done_count=125
[upd 280] u=0 upd_ctr=18 opt_step=288 E=0.244 g=0.164 VarTD=0.441195 ret_end=-23.815 dbar_end=0.575 occ_end=0.320 CSR_train=0.000 done_count=125
[upd 290] u=1 upd_ctr=19 opt_step=304 E=0.087 g=0.174 VarTD=0.457511 ret_end=-23.945 dbar_end=0.558 occ_end=0.232 CSR_train=0.000 done_count=125
[upd 300] u=0 upd_ctr=19 opt_step=304 E=0.931 g=0.162 VarTD=0.517296 ret_end=-23.834 dbar_end=0.580 occ_end=0.184 CSR_train=0.000 done_count=125
[upd 310] u=0 upd_ctr=20 opt_step=320 E=0.746 g=0.163 VarTD=0.603081 ret_end=-24.452 dbar_end=0.577 occ_end=0.248 CSR_train=0.008 done_count=125
[Gate5 check] update_counter violations: t0=0 diffs=0
[Gate5 check] opt_step violations: t0=0 diffs=0 (expected_inc=16)
[Gate5 check] NaN masking: nan_on_skip=True finite_on_update=True
[Gate5 summary] mean_update_fraction=0.0641 final_executed_updates_mean=20.00
[Gate5 eval] done_count mean=100.0 CSR mean=0.0000 len_end_mean=26.00
[Gate5 eval] episodes_per_env=4 T_eval=104
[Gate5 eval-debug] locked_eps_occ=0.20 pre(step25): dbar_end=0.530670 occupied_end_mean=0.360000 max_tilde_end_mean=0.790598 CSR@locked=0.000000
[Gate5 eval-debug] locked_eps_occ=0.20 post(step26): dbar_end=0.519401 occupied_end_mean=0.460000 max_tilde_end_mean=0.777414 CSR@locked=0.000000
[Gate5 eval-debug] CSR_pre@0.10=0.0000 CSR_pre@0.15=0.0000 CSR_pre@0.20=0.0000 CSR_pre@0.25=0.0100 CSR_pre@0.30=0.0200
[Gate5 eval-debug] CSR_post@0.10=0.0000 CSR_post@0.15=0.0000 CSR_post@0.20=0.0000 CSR_post@0.25=0.0100 CSR_post@0.30=0.0100
