Importing submoduled environments...
Submoduled environments not found. Skipping import.
[upd 0] u=1 upd_ctr=1 opt_step=16 E=0.099 g=0.082 VarTD=0.214117 ret_end=-27.772 dbar_end=0.796 occ_end=0.070 CSR_train=0.000 done_count=100
[upd 10] u=0 upd_ctr=1 opt_step=16 E=0.655 g=0.092 VarTD=0.178600 ret_end=-26.630 dbar_end=0.760 occ_end=0.136 CSR_train=0.000 done_count=125
[upd 20] u=0 upd_ctr=2 opt_step=32 E=0.272 g=0.109 VarTD=0.147485 ret_end=-27.173 dbar_end=0.706 occ_end=0.160 CSR_train=0.000 done_count=125
[upd 30] u=0 upd_ctr=2 opt_step=32 E=0.863 g=0.096 VarTD=0.168370 ret_end=-27.038 dbar_end=0.747 occ_end=0.200 CSR_train=0.000 done_count=125
[upd 40] u=0 upd_ctr=3 opt_step=48 E=0.530 g=0.104 VarTD=0.143934 ret_end=-26.342 dbar_end=0.722 occ_end=0.128 CSR_train=0.000 done_count=125
[upd 50] u=0 upd_ctr=4 opt_step=64 E=0.219 g=0.109 VarTD=0.152636 ret_end=-26.586 dbar_end=0.705 occ_end=0.192 CSR_train=0.000 done_count=125
[upd 60] u=0 upd_ctr=4 opt_step=64 E=0.858 g=0.108 VarTD=0.162794 ret_end=-27.104 dbar_end=0.709 occ_end=0.192 CSR_train=0.000 done_count=125
[upd 70] u=0 upd_ctr=5 opt_step=80 E=0.557 g=0.108 VarTD=0.167057 ret_end=-25.935 dbar_end=0.708 occ_end=0.168 CSR_train=0.000 done_count=125
[upd 80] u=0 upd_ctr=6 opt_step=96 E=0.269 g=0.107 VarTD=0.138343 ret_end=-27.681 dbar_end=0.713 occ_end=0.192 CSR_train=0.000 done_count=125
[upd 90] u=0 upd_ctr=6 opt_step=96 E=0.963 g=0.106 VarTD=0.139851 ret_end=-26.647 dbar_end=0.714 occ_end=0.176 CSR_train=0.000 done_count=125
[upd 100] u=0 upd_ctr=7 opt_step=112 E=0.687 g=0.117 VarTD=0.142379 ret_end=-25.640 dbar_end=0.683 occ_end=0.272 CSR_train=0.000 done_count=125
[upd 110] u=0 upd_ctr=8 opt_step=128 E=0.426 g=0.125 VarTD=0.141691 ret_end=-26.111 dbar_end=0.663 occ_end=0.240 CSR_train=0.000 done_count=125
[upd 120] u=0 upd_ctr=9 opt_step=144 E=0.189 g=0.118 VarTD=0.173569 ret_end=-26.120 dbar_end=0.681 occ_end=0.224 CSR_train=0.000 done_count=125
[upd 130] u=0 upd_ctr=9 opt_step=144 E=0.923 g=0.121 VarTD=0.161646 ret_end=-25.431 dbar_end=0.673 occ_end=0.210 CSR_train=0.000 done_count=100
[upd 140] u=0 upd_ctr=10 opt_step=160 E=0.698 g=0.119 VarTD=0.193938 ret_end=-25.820 dbar_end=0.677 occ_end=0.200 CSR_train=0.000 done_count=125
[upd 150] u=0 upd_ctr=11 opt_step=176 E=0.491 g=0.134 VarTD=0.195208 ret_end=-25.160 dbar_end=0.641 occ_end=0.144 CSR_train=0.000 done_count=125
[upd 160] u=0 upd_ctr=12 opt_step=192 E=0.283 g=0.134 VarTD=0.214669 ret_end=-25.179 dbar_end=0.641 occ_end=0.296 CSR_train=0.000 done_count=125
[upd 170] u=1 upd_ctr=13 opt_step=208 E=0.072 g=0.120 VarTD=0.202557 ret_end=-25.227 dbar_end=0.675 occ_end=0.168 CSR_train=0.000 done_count=125
[upd 180] u=0 upd_ctr=13 opt_step=208 E=0.864 g=0.139 VarTD=0.199127 ret_end=-24.381 dbar_end=0.629 occ_end=0.176 CSR_train=0.000 done_count=125
[upd 190] u=0 upd_ctr=14 opt_step=224 E=0.722 g=0.146 VarTD=0.236872 ret_end=-24.782 dbar_end=0.612 occ_end=0.216 CSR_train=0.000 done_count=125
[upd 200] u=0 upd_ctr=15 opt_step=240 E=0.568 g=0.145 VarTD=0.298834 ret_end=-24.836 dbar_end=0.614 occ_end=0.296 CSR_train=0.000 done_count=125
[upd 210] u=0 upd_ctr=16 opt_step=256 E=0.438 g=0.127 VarTD=0.330461 ret_end=-25.909 dbar_end=0.657 occ_end=0.184 CSR_train=0.000 done_count=125
[upd 220] u=0 upd_ctr=17 opt_step=272 E=0.316 g=0.151 VarTD=0.408575 ret_end=-24.090 dbar_end=0.602 occ_end=0.240 CSR_train=0.008 done_count=125
[upd 230] u=0 upd_ctr=18 opt_step=288 E=0.213 g=0.140 VarTD=0.485612 ret_end=-25.150 dbar_end=0.627 occ_end=0.240 CSR_train=0.000 done_count=125
[upd 240] u=1 upd_ctr=19 opt_step=304 E=0.135 g=0.159 VarTD=0.466916 ret_end=-24.732 dbar_end=0.586 occ_end=0.312 CSR_train=0.016 done_count=125
[upd 250] u=0 upd_ctr=19 opt_step=304 E=0.979 g=0.140 VarTD=0.530032 ret_end=-24.155 dbar_end=0.626 occ_end=0.248 CSR_train=0.000 done_count=125
[upd 260] u=0 upd_ctr=20 opt_step=320 E=0.897 g=0.148 VarTD=0.517651 ret_end=-24.753 dbar_end=0.608 occ_end=0.230 CSR_train=0.000 done_count=100
[upd 270] u=0 upd_ctr=21 opt_step=336 E=0.860 g=0.156 VarTD=0.723093 ret_end=-24.987 dbar_end=0.592 occ_end=0.312 CSR_train=0.000 done_count=125
[upd 280] u=0 upd_ctr=22 opt_step=352 E=0.751 g=0.161 VarTD=0.797254 ret_end=-23.300 dbar_end=0.582 occ_end=0.232 CSR_train=0.000 done_count=125
[upd 290] u=0 upd_ctr=23 opt_step=368 E=0.710 g=0.148 VarTD=0.922487 ret_end=-25.286 dbar_end=0.608 occ_end=0.280 CSR_train=0.000 done_count=125
[upd 300] u=0 upd_ctr=24 opt_step=384 E=0.684 g=0.163 VarTD=1.135113 ret_end=-24.078 dbar_end=0.578 occ_end=0.312 CSR_train=0.000 done_count=125
[upd 310] u=0 upd_ctr=25 opt_step=400 E=0.690 g=0.157 VarTD=1.212260 ret_end=-24.478 dbar_end=0.590 occ_end=0.208 CSR_train=0.000 done_count=125
[Gate5 check] update_counter violations: t0=0 diffs=0
[Gate5 check] opt_step violations: t0=0 diffs=0 (expected_inc=16)
[Gate5 check] NaN masking: nan_on_skip=True finite_on_update=True
[Gate5 summary] mean_update_fraction=0.0801 final_executed_updates_mean=25.00
[Gate5 eval] done_count mean=100.0 CSR mean=0.0100 len_end_mean=26.00
[Gate5 eval] episodes_per_env=4 T_eval=104
[Gate5 eval-debug] locked_eps_occ=0.20 pre(step25): dbar_end=0.482261 occupied_end_mean=0.390000 max_tilde_end_mean=0.685620 CSR@locked=0.010000
[Gate5 eval-debug] locked_eps_occ=0.20 post(step26): dbar_end=0.478302 occupied_end_mean=0.450000 max_tilde_end_mean=0.675916 CSR@locked=0.010000
[Gate5 eval-debug] CSR_pre@0.10=0.0000 CSR_pre@0.15=0.0000 CSR_pre@0.20=0.0100 CSR_pre@0.25=0.0100 CSR_pre@0.30=0.0400
[Gate5 eval-debug] CSR_post@0.10=0.0000 CSR_post@0.15=0.0100 CSR_post@0.20=0.0100 CSR_post@0.25=0.0200 CSR_post@0.30=0.0400
