Importing submoduled environments...
Submoduled environments not found. Skipping import.
[upd 0] u=1 upd_ctr=1 opt_step=16 E=0.037 g=0.093 VarTD=0.149936 ret_end=-27.435 dbar_end=0.756 occ_end=0.150 CSR_train=0.000 done_count=100
[upd 10] u=0 upd_ctr=1 opt_step=16 E=0.413 g=0.100 VarTD=0.132044 ret_end=-26.929 dbar_end=0.734 occ_end=0.192 CSR_train=0.000 done_count=125
[upd 20] u=0 upd_ctr=1 opt_step=16 E=0.815 g=0.107 VarTD=0.153948 ret_end=-26.021 dbar_end=0.712 occ_end=0.192 CSR_train=0.000 done_count=125
[upd 30] u=0 upd_ctr=2 opt_step=32 E=0.148 g=0.086 VarTD=0.174823 ret_end=-27.872 dbar_end=0.780 occ_end=0.120 CSR_train=0.008 done_count=125
[upd 40] u=0 upd_ctr=2 opt_step=32 E=0.533 g=0.096 VarTD=0.139456 ret_end=-27.117 dbar_end=0.748 occ_end=0.128 CSR_train=0.000 done_count=125
[upd 50] u=0 upd_ctr=2 opt_step=32 E=0.915 g=0.093 VarTD=0.131473 ret_end=-26.748 dbar_end=0.757 occ_end=0.120 CSR_train=0.000 done_count=125
[upd 60] u=0 upd_ctr=3 opt_step=48 E=0.278 g=0.105 VarTD=0.138123 ret_end=-26.950 dbar_end=0.717 occ_end=0.144 CSR_train=0.000 done_count=125
[upd 70] u=0 upd_ctr=3 opt_step=48 E=0.684 g=0.102 VarTD=0.134247 ret_end=-27.049 dbar_end=0.727 occ_end=0.192 CSR_train=0.000 done_count=125
[upd 80] u=0 upd_ctr=4 opt_step=64 E=0.086 g=0.107 VarTD=0.131638 ret_end=-25.725 dbar_end=0.713 occ_end=0.176 CSR_train=0.000 done_count=125
[upd 90] u=0 upd_ctr=4 opt_step=64 E=0.525 g=0.107 VarTD=0.130910 ret_end=-26.617 dbar_end=0.712 occ_end=0.152 CSR_train=0.000 done_count=125
[upd 100] u=0 upd_ctr=4 opt_step=64 E=0.949 g=0.112 VarTD=0.150691 ret_end=-25.584 dbar_end=0.697 occ_end=0.184 CSR_train=0.000 done_count=125
[upd 110] u=0 upd_ctr=5 opt_step=80 E=0.350 g=0.098 VarTD=0.138914 ret_end=-26.992 dbar_end=0.739 occ_end=0.152 CSR_train=0.000 done_count=125
[upd 120] u=0 upd_ctr=5 opt_step=80 E=0.791 g=0.120 VarTD=0.136855 ret_end=-25.556 dbar_end=0.676 occ_end=0.200 CSR_train=0.000 done_count=125
[Gate5 check] update_counter violations: t0=0 diffs=0
[Gate5 check] opt_step violations: t0=0 diffs=0 (expected_inc=16)
[Gate5 check] NaN masking: nan_on_skip=True finite_on_update=True
[Gate5 summary] mean_update_fraction=0.0400 final_executed_updates_mean=5.00
[Gate5 eval] done_count mean=100.0 CSR mean=0.0000 len_end_mean=26.00
[Gate5 eval] episodes_per_env=4 T_eval=104
[Gate5 eval-debug] locked_eps_occ=0.20 pre(step25): dbar_end=0.499795 occupied_end_mean=0.420000 max_tilde_end_mean=0.725517 CSR@locked=0.010000
[Gate5 eval-debug] locked_eps_occ=0.20 post(step26): dbar_end=0.496641 occupied_end_mean=0.360000 max_tilde_end_mean=0.716981 CSR@locked=0.000000
[Gate5 eval-debug] CSR_pre@0.10=0.0000 CSR_pre@0.15=0.0000 CSR_pre@0.20=0.0100 CSR_pre@0.25=0.0100 CSR_pre@0.30=0.0200
[Gate5 eval-debug] CSR_post@0.10=0.0000 CSR_post@0.15=0.0000 CSR_post@0.20=0.0000 CSR_post@0.25=0.0100 CSR_post@0.30=0.0200
