Importing submoduled environments...
Submoduled environments not found. Skipping import.
[upd 0] u=1 upd_ctr=1 opt_step=16 E=0.069 g=0.096 VarTD=0.158273 ret_end=-27.822 dbar_end=0.748 occ_end=0.150 CSR_train=0.000 done_count=100
[upd 10] u=0 upd_ctr=1 opt_step=16 E=0.261 g=0.097 VarTD=0.181267 ret_end=-27.128 dbar_end=0.741 occ_end=0.144 CSR_train=0.000 done_count=125
[upd 20] u=0 upd_ctr=1 opt_step=16 E=0.452 g=0.093 VarTD=0.171953 ret_end=-27.458 dbar_end=0.756 occ_end=0.160 CSR_train=0.008 done_count=125
[upd 30] u=0 upd_ctr=1 opt_step=16 E=0.646 g=0.084 VarTD=0.182575 ret_end=-28.598 dbar_end=0.790 occ_end=0.064 CSR_train=0.000 done_count=125
[upd 40] u=0 upd_ctr=1 opt_step=16 E=0.841 g=0.094 VarTD=0.153062 ret_end=-27.671 dbar_end=0.753 occ_end=0.144 CSR_train=0.000 done_count=125
[upd 50] u=0 upd_ctr=2 opt_step=32 E=0.083 g=0.113 VarTD=0.145010 ret_end=-25.836 dbar_end=0.694 occ_end=0.168 CSR_train=0.000 done_count=125
[upd 60] u=0 upd_ctr=2 opt_step=32 E=0.281 g=0.096 VarTD=0.169954 ret_end=-27.244 dbar_end=0.745 occ_end=0.160 CSR_train=0.000 done_count=125
[upd 70] u=0 upd_ctr=2 opt_step=32 E=0.477 g=0.098 VarTD=0.205325 ret_end=-28.046 dbar_end=0.739 occ_end=0.208 CSR_train=0.000 done_count=125
[upd 80] u=0 upd_ctr=2 opt_step=32 E=0.680 g=0.104 VarTD=0.194103 ret_end=-26.371 dbar_end=0.719 occ_end=0.208 CSR_train=0.000 done_count=125
[upd 90] u=0 upd_ctr=2 opt_step=32 E=0.881 g=0.103 VarTD=0.161827 ret_end=-26.502 dbar_end=0.725 occ_end=0.184 CSR_train=0.000 done_count=125
[upd 100] u=0 upd_ctr=3 opt_step=48 E=0.131 g=0.107 VarTD=0.169809 ret_end=-26.981 dbar_end=0.711 occ_end=0.168 CSR_train=0.000 done_count=125
[upd 110] u=0 upd_ctr=3 opt_step=48 E=0.330 g=0.095 VarTD=0.180271 ret_end=-27.266 dbar_end=0.751 occ_end=0.208 CSR_train=0.000 done_count=125
[upd 120] u=0 upd_ctr=3 opt_step=48 E=0.518 g=0.089 VarTD=0.189401 ret_end=-28.026 dbar_end=0.769 occ_end=0.120 CSR_train=0.000 done_count=125
[upd 130] u=0 upd_ctr=3 opt_step=48 E=0.717 g=0.106 VarTD=0.149319 ret_end=-25.804 dbar_end=0.715 occ_end=0.240 CSR_train=0.000 done_count=100
[upd 140] u=0 upd_ctr=3 opt_step=48 E=0.919 g=0.095 VarTD=0.173410 ret_end=-27.758 dbar_end=0.750 occ_end=0.136 CSR_train=0.000 done_count=125
[upd 150] u=0 upd_ctr=4 opt_step=64 E=0.175 g=0.111 VarTD=0.169797 ret_end=-25.481 dbar_end=0.701 occ_end=0.144 CSR_train=0.000 done_count=125
[upd 160] u=0 upd_ctr=4 opt_step=64 E=0.378 g=0.099 VarTD=0.163474 ret_end=-26.935 dbar_end=0.737 occ_end=0.120 CSR_train=0.000 done_count=125
[upd 170] u=0 upd_ctr=4 opt_step=64 E=0.580 g=0.113 VarTD=0.147957 ret_end=-25.882 dbar_end=0.694 occ_end=0.208 CSR_train=0.000 done_count=125
[upd 180] u=0 upd_ctr=4 opt_step=64 E=0.785 g=0.092 VarTD=0.165692 ret_end=-28.141 dbar_end=0.761 occ_end=0.208 CSR_train=0.000 done_count=125
[upd 190] u=1 upd_ctr=5 opt_step=80 E=0.038 g=0.110 VarTD=0.140905 ret_end=-26.140 dbar_end=0.702 occ_end=0.192 CSR_train=0.000 done_count=125
[upd 200] u=0 upd_ctr=5 opt_step=80 E=0.242 g=0.107 VarTD=0.157300 ret_end=-26.177 dbar_end=0.712 occ_end=0.152 CSR_train=0.000 done_count=125
[upd 210] u=0 upd_ctr=5 opt_step=80 E=0.453 g=0.101 VarTD=0.173333 ret_end=-27.586 dbar_end=0.731 occ_end=0.160 CSR_train=0.000 done_count=125
[upd 220] u=0 upd_ctr=5 opt_step=80 E=0.654 g=0.099 VarTD=0.163084 ret_end=-26.810 dbar_end=0.737 occ_end=0.152 CSR_train=0.000 done_count=125
[upd 230] u=0 upd_ctr=5 opt_step=80 E=0.862 g=0.096 VarTD=0.160944 ret_end=-27.136 dbar_end=0.745 occ_end=0.128 CSR_train=0.000 done_count=125
[upd 240] u=0 upd_ctr=6 opt_step=96 E=0.125 g=0.119 VarTD=0.143229 ret_end=-26.614 dbar_end=0.679 occ_end=0.224 CSR_train=0.000 done_count=125
[upd 250] u=0 upd_ctr=6 opt_step=96 E=0.341 g=0.100 VarTD=0.153732 ret_end=-26.572 dbar_end=0.732 occ_end=0.136 CSR_train=0.000 done_count=125
[upd 260] u=0 upd_ctr=6 opt_step=96 E=0.557 g=0.117 VarTD=0.143499 ret_end=-26.265 dbar_end=0.684 occ_end=0.160 CSR_train=0.000 done_count=100
[upd 270] u=0 upd_ctr=6 opt_step=96 E=0.775 g=0.116 VarTD=0.155439 ret_end=-25.729 dbar_end=0.687 occ_end=0.200 CSR_train=0.000 done_count=125
[upd 280] u=1 upd_ctr=7 opt_step=112 E=0.042 g=0.104 VarTD=0.137722 ret_end=-26.578 dbar_end=0.722 occ_end=0.136 CSR_train=0.000 done_count=125
[upd 290] u=0 upd_ctr=7 opt_step=112 E=0.263 g=0.109 VarTD=0.176905 ret_end=-26.067 dbar_end=0.706 occ_end=0.136 CSR_train=0.000 done_count=125
[upd 300] u=0 upd_ctr=7 opt_step=112 E=0.480 g=0.102 VarTD=0.206157 ret_end=-27.186 dbar_end=0.729 occ_end=0.232 CSR_train=0.000 done_count=125
[upd 310] u=0 upd_ctr=7 opt_step=112 E=0.696 g=0.102 VarTD=0.159548 ret_end=-26.889 dbar_end=0.726 occ_end=0.104 CSR_train=0.000 done_count=125
[Gate5 check] update_counter violations: t0=0 diffs=0
[Gate5 check] opt_step violations: t0=0 diffs=0 (expected_inc=16)
[Gate5 check] NaN masking: nan_on_skip=True finite_on_update=True
[Gate5 summary] mean_update_fraction=0.0224 final_executed_updates_mean=7.00
[Gate5 eval] done_count mean=100.0 CSR mean=0.0000 len_end_mean=26.00
[Gate5 eval] episodes_per_env=4 T_eval=104
[Gate5 eval-debug] locked_eps_occ=0.20 pre(step25): dbar_end=0.665045 occupied_end_mean=0.230000 max_tilde_end_mean=0.982250 CSR@locked=0.000000
[Gate5 eval-debug] locked_eps_occ=0.20 post(step26): dbar_end=0.673256 occupied_end_mean=0.250000 max_tilde_end_mean=0.992623 CSR@locked=0.000000
[Gate5 eval-debug] CSR_pre@0.10=0.0000 CSR_pre@0.15=0.0000 CSR_pre@0.20=0.0000 CSR_pre@0.25=0.0000 CSR_pre@0.30=0.0000
[Gate5 eval-debug] CSR_post@0.10=0.0000 CSR_post@0.15=0.0000 CSR_post@0.20=0.0000 CSR_post@0.25=0.0000 CSR_post@0.30=0.0000
