Importing submoduled environments...
Submoduled environments not found. Skipping import.
[upd 0] u=1 upd_ctr=1 opt_step=16 E=0.036 g=0.090 VarTD=0.142063 ret_end=-26.625 dbar_end=0.768 occ_end=0.090 CSR_train=0.000 done_count=100
[upd 10] u=0 upd_ctr=1 opt_step=16 E=0.418 g=0.103 VarTD=0.114452 ret_end=-26.589 dbar_end=0.723 occ_end=0.104 CSR_train=0.000 done_count=125
[upd 20] u=0 upd_ctr=1 opt_step=16 E=0.789 g=0.094 VarTD=0.166464 ret_end=-27.135 dbar_end=0.752 occ_end=0.104 CSR_train=0.000 done_count=125
[upd 30] u=0 upd_ctr=2 opt_step=32 E=0.158 g=0.095 VarTD=0.159421 ret_end=-28.185 dbar_end=0.751 occ_end=0.176 CSR_train=0.000 done_count=125
[upd 40] u=0 upd_ctr=2 opt_step=32 E=0.548 g=0.096 VarTD=0.142557 ret_end=-26.906 dbar_end=0.748 occ_end=0.168 CSR_train=0.000 done_count=125
[upd 50] u=0 upd_ctr=2 opt_step=32 E=0.955 g=0.096 VarTD=0.152403 ret_end=-27.000 dbar_end=0.745 occ_end=0.176 CSR_train=0.000 done_count=125
[upd 60] u=0 upd_ctr=3 opt_step=48 E=0.317 g=0.097 VarTD=0.140796 ret_end=-26.547 dbar_end=0.742 occ_end=0.120 CSR_train=0.000 done_count=125
[upd 70] u=0 upd_ctr=3 opt_step=48 E=0.711 g=0.099 VarTD=0.126363 ret_end=-26.177 dbar_end=0.735 occ_end=0.200 CSR_train=0.000 done_count=125
[upd 80] u=0 upd_ctr=4 opt_step=64 E=0.082 g=0.099 VarTD=0.177758 ret_end=-27.206 dbar_end=0.737 occ_end=0.200 CSR_train=0.000 done_count=125
[upd 90] u=0 upd_ctr=4 opt_step=64 E=0.496 g=0.100 VarTD=0.140346 ret_end=-27.323 dbar_end=0.732 occ_end=0.176 CSR_train=0.000 done_count=125
[upd 100] u=0 upd_ctr=4 opt_step=64 E=0.905 g=0.099 VarTD=0.135170 ret_end=-27.400 dbar_end=0.736 occ_end=0.160 CSR_train=0.000 done_count=125
[upd 110] u=0 upd_ctr=5 opt_step=80 E=0.295 g=0.103 VarTD=0.172509 ret_end=-27.591 dbar_end=0.725 occ_end=0.168 CSR_train=0.000 done_count=125
[upd 120] u=0 upd_ctr=5 opt_step=80 E=0.704 g=0.101 VarTD=0.163967 ret_end=-26.769 dbar_end=0.732 occ_end=0.184 CSR_train=0.000 done_count=125
[upd 130] u=0 upd_ctr=6 opt_step=96 E=0.131 g=0.111 VarTD=0.145373 ret_end=-26.323 dbar_end=0.700 occ_end=0.180 CSR_train=0.000 done_count=100
[upd 140] u=0 upd_ctr=6 opt_step=96 E=0.555 g=0.103 VarTD=0.157523 ret_end=-26.047 dbar_end=0.725 occ_end=0.120 CSR_train=0.000 done_count=125
[upd 150] u=0 upd_ctr=6 opt_step=96 E=0.986 g=0.114 VarTD=0.150820 ret_end=-26.437 dbar_end=0.693 occ_end=0.176 CSR_train=0.000 done_count=125
[upd 160] u=0 upd_ctr=7 opt_step=112 E=0.415 g=0.113 VarTD=0.159643 ret_end=-26.647 dbar_end=0.695 occ_end=0.184 CSR_train=0.000 done_count=125
[upd 170] u=0 upd_ctr=7 opt_step=112 E=0.883 g=0.119 VarTD=0.166050 ret_end=-25.998 dbar_end=0.678 occ_end=0.184 CSR_train=0.000 done_count=125
[upd 180] u=0 upd_ctr=8 opt_step=128 E=0.336 g=0.119 VarTD=0.150931 ret_end=-26.044 dbar_end=0.679 occ_end=0.152 CSR_train=0.000 done_count=125
[upd 190] u=0 upd_ctr=8 opt_step=128 E=0.813 g=0.114 VarTD=0.141927 ret_end=-26.129 dbar_end=0.693 occ_end=0.120 CSR_train=0.000 done_count=125
[upd 200] u=0 upd_ctr=9 opt_step=144 E=0.282 g=0.128 VarTD=0.153906 ret_end=-25.530 dbar_end=0.655 occ_end=0.240 CSR_train=0.000 done_count=125
[upd 210] u=0 upd_ctr=9 opt_step=144 E=0.765 g=0.104 VarTD=0.186430 ret_end=-28.058 dbar_end=0.721 occ_end=0.160 CSR_train=0.000 done_count=125
[upd 220] u=0 upd_ctr=10 opt_step=160 E=0.234 g=0.111 VarTD=0.159052 ret_end=-26.773 dbar_end=0.701 occ_end=0.176 CSR_train=0.000 done_count=125
[upd 230] u=0 upd_ctr=10 opt_step=160 E=0.712 g=0.135 VarTD=0.185019 ret_end=-24.839 dbar_end=0.637 occ_end=0.264 CSR_train=0.000 done_count=125
[upd 240] u=0 upd_ctr=11 opt_step=176 E=0.136 g=0.121 VarTD=0.184765 ret_end=-25.742 dbar_end=0.674 occ_end=0.192 CSR_train=0.000 done_count=125
[upd 250] u=0 upd_ctr=11 opt_step=176 E=0.616 g=0.131 VarTD=0.171446 ret_end=-25.747 dbar_end=0.647 occ_end=0.152 CSR_train=0.000 done_count=125
[upd 260] u=0 upd_ctr=12 opt_step=192 E=0.099 g=0.127 VarTD=0.181986 ret_end=-25.826 dbar_end=0.658 occ_end=0.170 CSR_train=0.000 done_count=100
[upd 270] u=0 upd_ctr=12 opt_step=192 E=0.575 g=0.118 VarTD=0.180870 ret_end=-25.173 dbar_end=0.680 occ_end=0.208 CSR_train=0.008 done_count=125
[upd 280] u=1 upd_ctr=13 opt_step=208 E=0.048 g=0.121 VarTD=0.203218 ret_end=-25.687 dbar_end=0.673 occ_end=0.192 CSR_train=0.000 done_count=125
[upd 290] u=0 upd_ctr=13 opt_step=208 E=0.548 g=0.125 VarTD=0.230605 ret_end=-24.911 dbar_end=0.662 occ_end=0.192 CSR_train=0.000 done_count=125
[upd 300] u=0 upd_ctr=13 opt_step=208 E=1.000 g=0.125 VarTD=0.241892 ret_end=-25.956 dbar_end=0.663 occ_end=0.224 CSR_train=0.000 done_count=125
[upd 310] u=0 upd_ctr=14 opt_step=224 E=0.513 g=0.132 VarTD=0.239502 ret_end=-26.425 dbar_end=0.645 occ_end=0.208 CSR_train=0.008 done_count=125
[Gate5 check] update_counter violations: t0=0 diffs=0
[Gate5 check] opt_step violations: t0=0 diffs=0 (expected_inc=16)
[Gate5 check] NaN masking: nan_on_skip=True finite_on_update=True
[Gate5 summary] mean_update_fraction=0.0449 final_executed_updates_mean=14.00
[Gate5 eval] done_count mean=100.0 CSR mean=0.0000 len_end_mean=26.00
[Gate5 eval] episodes_per_env=4 T_eval=104
[Gate5 eval-debug] locked_eps_occ=0.20 pre(step25): dbar_end=0.529101 occupied_end_mean=0.300000 max_tilde_end_mean=0.746370 CSR@locked=0.000000
[Gate5 eval-debug] locked_eps_occ=0.20 post(step26): dbar_end=0.522484 occupied_end_mean=0.350000 max_tilde_end_mean=0.753376 CSR@locked=0.000000
[Gate5 eval-debug] CSR_pre@0.10=0.0000 CSR_pre@0.15=0.0000 CSR_pre@0.20=0.0000 CSR_pre@0.25=0.0000 CSR_pre@0.30=0.0000
[Gate5 eval-debug] CSR_post@0.10=0.0000 CSR_post@0.15=0.0000 CSR_post@0.20=0.0000 CSR_post@0.25=0.0100 CSR_post@0.30=0.0300
