Importing submoduled environments...
Submoduled environments not found. Skipping import.
[upd 0] u=1 upd_ctr=1 opt_step=16 E=0.910 g=0.096 VarTD=0.158273 ret_end=-27.822 dbar_end=0.748 occ_end=0.150 CSR_train=0.000 done_count=100
[upd 10] u=1 upd_ctr=11 opt_step=176 E=0.023 g=0.141 VarTD=0.182868 ret_end=-24.771 dbar_end=0.623 occ_end=0.240 CSR_train=0.000 done_count=125
[upd 20] u=0 upd_ctr=12 opt_step=192 E=0.060 g=0.134 VarTD=0.207965 ret_end=-25.619 dbar_end=0.641 occ_end=0.264 CSR_train=0.000 done_count=125
[upd 30] u=0 upd_ctr=13 opt_step=208 E=0.100 g=0.126 VarTD=0.224367 ret_end=-26.629 dbar_end=0.659 occ_end=0.208 CSR_train=0.000 done_count=125
[upd 40] u=0 upd_ctr=15 opt_step=240 E=0.041 g=0.140 VarTD=0.272765 ret_end=-25.557 dbar_end=0.626 occ_end=0.296 CSR_train=0.000 done_count=125
[upd 50] u=0 upd_ctr=16 opt_step=256 E=0.073 g=0.135 VarTD=0.317311 ret_end=-24.698 dbar_end=0.639 occ_end=0.208 CSR_train=0.000 done_count=125
[upd 60] u=0 upd_ctr=17 opt_step=272 E=0.106 g=0.136 VarTD=0.353432 ret_end=-25.458 dbar_end=0.635 occ_end=0.248 CSR_train=0.000 done_count=125
[upd 70] u=0 upd_ctr=19 opt_step=304 E=0.041 g=0.136 VarTD=0.496797 ret_end=-26.244 dbar_end=0.635 occ_end=0.240 CSR_train=0.000 done_count=125
[upd 80] u=0 upd_ctr=20 opt_step=320 E=0.080 g=0.153 VarTD=0.564664 ret_end=-24.442 dbar_end=0.598 occ_end=0.224 CSR_train=0.000 done_count=125
[upd 90] u=1 upd_ctr=22 opt_step=352 E=0.024 g=0.149 VarTD=0.607904 ret_end=-24.356 dbar_end=0.606 occ_end=0.208 CSR_train=0.000 done_count=125
[upd 100] u=0 upd_ctr=23 opt_step=368 E=0.072 g=0.166 VarTD=0.792717 ret_end=-24.367 dbar_end=0.572 occ_end=0.224 CSR_train=0.000 done_count=125
[upd 110] u=1 upd_ctr=25 opt_step=400 E=0.017 g=0.143 VarTD=0.868710 ret_end=-24.603 dbar_end=0.619 occ_end=0.256 CSR_train=0.000 done_count=125
[upd 120] u=0 upd_ctr=26 opt_step=416 E=0.068 g=0.143 VarTD=1.093284 ret_end=-24.987 dbar_end=0.620 occ_end=0.216 CSR_train=0.000 done_count=125
[Gate5 check] update_counter violations: t0=0 diffs=0
[Gate5 check] opt_step violations: t0=0 diffs=0 (expected_inc=16)
[Gate5 check] NaN masking: nan_on_skip=True finite_on_update=True
[Gate5 summary] mean_update_fraction=0.2160 final_executed_updates_mean=27.00
[Gate5 eval] done_count mean=100.0 CSR mean=0.0000 len_end_mean=26.00
[Gate5 eval] episodes_per_env=4 T_eval=104
[Gate5 eval-debug] locked_eps_occ=0.20 pre(step25): dbar_end=0.504214 occupied_end_mean=0.320000 max_tilde_end_mean=0.723120 CSR@locked=0.000000
[Gate5 eval-debug] locked_eps_occ=0.20 post(step26): dbar_end=0.504754 occupied_end_mean=0.460000 max_tilde_end_mean=0.733877 CSR@locked=0.000000
[Gate5 eval-debug] CSR_pre@0.10=0.0000 CSR_pre@0.15=0.0000 CSR_pre@0.20=0.0000 CSR_pre@0.25=0.0100 CSR_pre@0.30=0.0200
[Gate5 eval-debug] CSR_post@0.10=0.0000 CSR_post@0.15=0.0000 CSR_post@0.20=0.0000 CSR_post@0.25=0.0100 CSR_post@0.30=0.0400
