Importing submoduled environments...
Submoduled environments not found. Skipping import.
[upd 0] u=1 upd_ctr=1 opt_step=16 E=0.072 g=0.102 VarTD=0.148347 ret_end=-26.397 dbar_end=0.726 occ_end=0.190 CSR_train=0.000 done_count=100
[upd 10] u=0 upd_ctr=1 opt_step=16 E=0.724 g=0.089 VarTD=0.167256 ret_end=-27.327 dbar_end=0.769 occ_end=0.152 CSR_train=0.008 done_count=125
[upd 20] u=0 upd_ctr=2 opt_step=32 E=0.337 g=0.088 VarTD=0.168387 ret_end=-27.763 dbar_end=0.775 occ_end=0.168 CSR_train=0.000 done_count=125
[upd 30] u=0 upd_ctr=2 opt_step=32 E=1.000 g=0.102 VarTD=0.164563 ret_end=-27.664 dbar_end=0.727 occ_end=0.216 CSR_train=0.000 done_count=125
[upd 40] u=0 upd_ctr=3 opt_step=48 E=0.714 g=0.102 VarTD=0.152724 ret_end=-26.883 dbar_end=0.726 occ_end=0.112 CSR_train=0.000 done_count=125
[upd 50] u=0 upd_ctr=4 opt_step=64 E=0.379 g=0.130 VarTD=0.143110 ret_end=-25.255 dbar_end=0.650 occ_end=0.248 CSR_train=0.000 done_count=125
[upd 60] u=1 upd_ctr=5 opt_step=80 E=0.066 g=0.094 VarTD=0.176889 ret_end=-28.072 dbar_end=0.754 occ_end=0.128 CSR_train=0.000 done_count=125
[upd 70] u=0 upd_ctr=5 opt_step=80 E=0.868 g=0.118 VarTD=0.155193 ret_end=-25.940 dbar_end=0.680 occ_end=0.224 CSR_train=0.000 done_count=125
[upd 80] u=0 upd_ctr=6 opt_step=96 E=0.668 g=0.116 VarTD=0.133563 ret_end=-26.932 dbar_end=0.687 occ_end=0.192 CSR_train=0.000 done_count=125
[upd 90] u=0 upd_ctr=7 opt_step=112 E=0.419 g=0.118 VarTD=0.138306 ret_end=-25.599 dbar_end=0.681 occ_end=0.200 CSR_train=0.000 done_count=125
[upd 100] u=0 upd_ctr=8 opt_step=128 E=0.264 g=0.122 VarTD=0.156718 ret_end=-25.819 dbar_end=0.670 occ_end=0.160 CSR_train=0.000 done_count=125
[upd 110] u=1 upd_ctr=9 opt_step=144 E=0.082 g=0.118 VarTD=0.132016 ret_end=-26.617 dbar_end=0.681 occ_end=0.224 CSR_train=0.000 done_count=125
[upd 120] u=0 upd_ctr=9 opt_step=144 E=1.000 g=0.130 VarTD=0.127272 ret_end=-25.479 dbar_end=0.650 occ_end=0.144 CSR_train=0.000 done_count=125
[upd 130] u=0 upd_ctr=10 opt_step=160 E=0.996 g=0.140 VarTD=0.139639 ret_end=-25.037 dbar_end=0.626 occ_end=0.200 CSR_train=0.000 done_count=100
[upd 140] u=0 upd_ctr=11 opt_step=176 E=0.867 g=0.139 VarTD=0.157124 ret_end=-26.163 dbar_end=0.628 occ_end=0.184 CSR_train=0.000 done_count=125
[upd 150] u=0 upd_ctr=12 opt_step=192 E=0.767 g=0.141 VarTD=0.209531 ret_end=-24.777 dbar_end=0.625 occ_end=0.216 CSR_train=0.000 done_count=125
[upd 160] u=0 upd_ctr=13 opt_step=208 E=0.700 g=0.149 VarTD=0.202505 ret_end=-24.600 dbar_end=0.605 occ_end=0.336 CSR_train=0.000 done_count=125
[upd 170] u=0 upd_ctr=14 opt_step=224 E=0.626 g=0.153 VarTD=0.213796 ret_end=-24.349 dbar_end=0.597 occ_end=0.184 CSR_train=0.000 done_count=125
[upd 180] u=0 upd_ctr=15 opt_step=240 E=0.627 g=0.134 VarTD=0.269643 ret_end=-24.529 dbar_end=0.640 occ_end=0.168 CSR_train=0.000 done_count=125
[upd 190] u=0 upd_ctr=16 opt_step=256 E=0.634 g=0.153 VarTD=0.318198 ret_end=-24.508 dbar_end=0.597 occ_end=0.240 CSR_train=0.000 done_count=125
[upd 200] u=0 upd_ctr=17 opt_step=272 E=0.655 g=0.148 VarTD=0.395469 ret_end=-25.165 dbar_end=0.609 occ_end=0.200 CSR_train=0.000 done_count=125
[upd 210] u=0 upd_ctr=18 opt_step=288 E=0.701 g=0.168 VarTD=0.442750 ret_end=-23.213 dbar_end=0.567 occ_end=0.296 CSR_train=0.000 done_count=125
[upd 220] u=0 upd_ctr=19 opt_step=304 E=0.826 g=0.174 VarTD=0.519790 ret_end=-23.795 dbar_end=0.556 occ_end=0.352 CSR_train=0.008 done_count=125
[upd 230] u=0 upd_ctr=20 opt_step=320 E=0.935 g=0.170 VarTD=0.596346 ret_end=-23.351 dbar_end=0.565 occ_end=0.288 CSR_train=0.000 done_count=125
[upd 240] u=0 upd_ctr=21 opt_step=336 E=1.000 g=0.180 VarTD=0.703573 ret_end=-23.995 dbar_end=0.546 occ_end=0.336 CSR_train=0.000 done_count=125
[upd 250] u=1 upd_ctr=23 opt_step=368 E=0.107 g=0.153 VarTD=0.803929 ret_end=-24.415 dbar_end=0.597 occ_end=0.224 CSR_train=0.000 done_count=125
[upd 260] u=0 upd_ctr=24 opt_step=384 E=0.228 g=0.166 VarTD=0.864746 ret_end=-23.598 dbar_end=0.571 occ_end=0.290 CSR_train=0.000 done_count=100
[upd 270] u=0 upd_ctr=25 opt_step=400 E=0.346 g=0.161 VarTD=1.159539 ret_end=-23.677 dbar_end=0.582 occ_end=0.208 CSR_train=0.000 done_count=125
[upd 280] u=0 upd_ctr=26 opt_step=416 E=0.452 g=0.159 VarTD=1.274158 ret_end=-24.232 dbar_end=0.585 occ_end=0.296 CSR_train=0.000 done_count=125
[upd 290] u=0 upd_ctr=27 opt_step=432 E=0.600 g=0.179 VarTD=1.453366 ret_end=-23.789 dbar_end=0.549 occ_end=0.240 CSR_train=0.008 done_count=125
[upd 300] u=0 upd_ctr=28 opt_step=448 E=0.682 g=0.162 VarTD=1.586565 ret_end=-24.497 dbar_end=0.579 occ_end=0.288 CSR_train=0.008 done_count=125
[upd 310] u=0 upd_ctr=29 opt_step=464 E=0.843 g=0.169 VarTD=1.673445 ret_end=-24.058 dbar_end=0.565 occ_end=0.288 CSR_train=0.008 done_count=125
[Gate5 check] update_counter violations: t0=0 diffs=0
[Gate5 check] opt_step violations: t0=0 diffs=0 (expected_inc=16)
[Gate5 check] NaN masking: nan_on_skip=True finite_on_update=True
[Gate5 summary] mean_update_fraction=0.0929 final_executed_updates_mean=29.00
[Gate5 eval] done_count mean=100.0 CSR mean=0.0200 len_end_mean=26.00
[Gate5 eval] episodes_per_env=4 T_eval=104
[Gate5 eval-debug] locked_eps_occ=0.20 pre(step25): dbar_end=0.482771 occupied_end_mean=0.500000 max_tilde_end_mean=0.704762 CSR@locked=0.010000
[Gate5 eval-debug] locked_eps_occ=0.20 post(step26): dbar_end=0.485698 occupied_end_mean=0.470000 max_tilde_end_mean=0.705127 CSR@locked=0.020000
[Gate5 eval-debug] CSR_pre@0.10=0.0000 CSR_pre@0.15=0.0100 CSR_pre@0.20=0.0100 CSR_pre@0.25=0.0100 CSR_pre@0.30=0.0600
[Gate5 eval-debug] CSR_post@0.10=0.0000 CSR_post@0.15=0.0000 CSR_post@0.20=0.0200 CSR_post@0.25=0.0200 CSR_post@0.30=0.0500
