Importing submoduled environments...
Submoduled environments not found. Skipping import.
[upd 0] u=1 upd_ctr=1 opt_step=16 E=0.274 g=0.083 VarTD=0.176951 ret_end=-28.473 dbar_end=0.794 occ_end=0.140 CSR_train=0.000 done_count=100
[upd 10] u=0 upd_ctr=2 opt_step=32 E=0.342 g=0.095 VarTD=0.151402 ret_end=-28.299 dbar_end=0.749 occ_end=0.128 CSR_train=0.000 done_count=125
[upd 20] u=0 upd_ctr=3 opt_step=48 E=0.449 g=0.102 VarTD=0.154812 ret_end=-27.215 dbar_end=0.726 occ_end=0.216 CSR_train=0.000 done_count=125
[upd 30] u=0 upd_ctr=4 opt_step=64 E=0.640 g=0.110 VarTD=0.146830 ret_end=-26.674 dbar_end=0.704 occ_end=0.200 CSR_train=0.008 done_count=125
[upd 40] u=0 upd_ctr=5 opt_step=80 E=0.853 g=0.116 VarTD=0.154601 ret_end=-26.214 dbar_end=0.687 occ_end=0.184 CSR_train=0.000 done_count=125
[upd 50] u=0 upd_ctr=7 opt_step=112 E=0.352 g=0.115 VarTD=0.156588 ret_end=-26.102 dbar_end=0.689 occ_end=0.232 CSR_train=0.000 done_count=125
[upd 60] u=0 upd_ctr=8 opt_step=128 E=0.684 g=0.132 VarTD=0.136623 ret_end=-25.423 dbar_end=0.644 occ_end=0.264 CSR_train=0.000 done_count=125
[upd 70] u=1 upd_ctr=10 opt_step=160 E=0.214 g=0.124 VarTD=0.147160 ret_end=-25.379 dbar_end=0.664 occ_end=0.160 CSR_train=0.000 done_count=125
[upd 80] u=0 upd_ctr=11 opt_step=176 E=0.584 g=0.134 VarTD=0.161788 ret_end=-25.950 dbar_end=0.641 occ_end=0.264 CSR_train=0.000 done_count=125
[upd 90] u=1 upd_ctr=13 opt_step=208 E=0.183 g=0.124 VarTD=0.162986 ret_end=-26.010 dbar_end=0.665 occ_end=0.184 CSR_train=0.000 done_count=125
[upd 100] u=0 upd_ctr=14 opt_step=224 E=0.632 g=0.138 VarTD=0.240569 ret_end=-25.351 dbar_end=0.631 occ_end=0.176 CSR_train=0.000 done_count=125
[upd 110] u=0 upd_ctr=16 opt_step=256 E=0.388 g=0.156 VarTD=0.286411 ret_end=-24.054 dbar_end=0.591 occ_end=0.248 CSR_train=0.000 done_count=125
[upd 120] u=1 upd_ctr=18 opt_step=288 E=0.155 g=0.154 VarTD=0.326263 ret_end=-23.672 dbar_end=0.596 occ_end=0.312 CSR_train=0.000 done_count=125
[Gate5 check] update_counter violations: t0=0 diffs=0
[Gate5 check] opt_step violations: t0=0 diffs=0 (expected_inc=16)
[Gate5 check] NaN masking: nan_on_skip=True finite_on_update=True
[Gate5 summary] mean_update_fraction=0.1440 final_executed_updates_mean=18.00
[Gate5 eval] done_count mean=100.0 CSR mean=0.0000 len_end_mean=26.00
[Gate5 eval] episodes_per_env=4 T_eval=104
[Gate5 eval-debug] locked_eps_occ=0.20 pre(step25): dbar_end=0.495665 occupied_end_mean=0.420000 max_tilde_end_mean=0.702140 CSR@locked=0.000000
[Gate5 eval-debug] locked_eps_occ=0.20 post(step26): dbar_end=0.496211 occupied_end_mean=0.350000 max_tilde_end_mean=0.704032 CSR@locked=0.000000
[Gate5 eval-debug] CSR_pre@0.10=0.0000 CSR_pre@0.15=0.0000 CSR_pre@0.20=0.0000 CSR_pre@0.25=0.0000 CSR_pre@0.30=0.0100
[Gate5 eval-debug] CSR_post@0.10=0.0000 CSR_post@0.15=0.0000 CSR_post@0.20=0.0000 CSR_post@0.25=0.0000 CSR_post@0.30=0.0300
