Importing submoduled environments...
Submoduled environments not found. Skipping import.
[upd 0] u=1 upd_ctr=1 opt_step=16 E=0.117 g=0.084 VarTD=0.138136 ret_end=-27.863 dbar_end=0.788 occ_end=0.160 CSR_train=0.000 done_count=100
[upd 10] u=0 upd_ctr=1 opt_step=16 E=0.826 g=0.114 VarTD=0.122236 ret_end=-25.937 dbar_end=0.692 occ_end=0.192 CSR_train=0.000 done_count=125
[upd 20] u=0 upd_ctr=2 opt_step=32 E=0.635 g=0.095 VarTD=0.158672 ret_end=-27.148 dbar_end=0.751 occ_end=0.144 CSR_train=0.000 done_count=125
[upd 30] u=0 upd_ctr=3 opt_step=48 E=0.448 g=0.115 VarTD=0.152141 ret_end=-25.399 dbar_end=0.688 occ_end=0.208 CSR_train=0.000 done_count=125
[upd 40] u=0 upd_ctr=4 opt_step=64 E=0.297 g=0.106 VarTD=0.143664 ret_end=-26.134 dbar_end=0.715 occ_end=0.192 CSR_train=0.000 done_count=125
[upd 50] u=0 upd_ctr=5 opt_step=80 E=0.182 g=0.108 VarTD=0.153038 ret_end=-26.586 dbar_end=0.710 occ_end=0.184 CSR_train=0.000 done_count=125
[upd 60] u=1 upd_ctr=6 opt_step=96 E=0.087 g=0.108 VarTD=0.182335 ret_end=-27.468 dbar_end=0.709 occ_end=0.208 CSR_train=0.000 done_count=125
[upd 70] u=0 upd_ctr=6 opt_step=96 E=0.936 g=0.098 VarTD=0.181751 ret_end=-27.431 dbar_end=0.741 occ_end=0.144 CSR_train=0.000 done_count=125
[upd 80] u=0 upd_ctr=7 opt_step=112 E=0.861 g=0.115 VarTD=0.150680 ret_end=-26.510 dbar_end=0.690 occ_end=0.176 CSR_train=0.000 done_count=125
[upd 90] u=0 upd_ctr=8 opt_step=128 E=0.889 g=0.120 VarTD=0.151244 ret_end=-24.987 dbar_end=0.675 occ_end=0.176 CSR_train=0.000 done_count=125
[upd 100] u=0 upd_ctr=9 opt_step=144 E=0.937 g=0.131 VarTD=0.148237 ret_end=-24.495 dbar_end=0.648 occ_end=0.216 CSR_train=0.000 done_count=125
[upd 110] u=0 upd_ctr=10 opt_step=160 E=0.968 g=0.124 VarTD=0.167973 ret_end=-26.428 dbar_end=0.665 occ_end=0.224 CSR_train=0.000 done_count=125
[upd 120] u=1 upd_ctr=12 opt_step=192 E=0.135 g=0.123 VarTD=0.169523 ret_end=-25.330 dbar_end=0.667 occ_end=0.256 CSR_train=0.000 done_count=125
[upd 130] u=0 upd_ctr=13 opt_step=208 E=0.261 g=0.141 VarTD=0.205684 ret_end=-25.278 dbar_end=0.624 occ_end=0.280 CSR_train=0.010 done_count=100
[upd 140] u=0 upd_ctr=14 opt_step=224 E=0.374 g=0.142 VarTD=0.295574 ret_end=-25.633 dbar_end=0.622 occ_end=0.256 CSR_train=0.000 done_count=125
[upd 150] u=0 upd_ctr=15 opt_step=240 E=0.498 g=0.144 VarTD=0.269194 ret_end=-24.709 dbar_end=0.617 occ_end=0.184 CSR_train=0.000 done_count=125
[upd 160] u=0 upd_ctr=16 opt_step=256 E=0.768 g=0.154 VarTD=0.342578 ret_end=-24.373 dbar_end=0.595 occ_end=0.200 CSR_train=0.000 done_count=125
[upd 170] u=0 upd_ctr=17 opt_step=272 E=0.984 g=0.139 VarTD=0.381673 ret_end=-24.475 dbar_end=0.628 occ_end=0.176 CSR_train=0.000 done_count=125
[upd 180] u=0 upd_ctr=19 opt_step=304 E=0.281 g=0.159 VarTD=0.542443 ret_end=-24.283 dbar_end=0.585 occ_end=0.232 CSR_train=0.000 done_count=125
[upd 190] u=0 upd_ctr=20 opt_step=320 E=0.568 g=0.161 VarTD=0.638629 ret_end=-24.345 dbar_end=0.582 occ_end=0.264 CSR_train=0.000 done_count=125
[upd 200] u=0 upd_ctr=21 opt_step=336 E=0.866 g=0.144 VarTD=0.677355 ret_end=-24.403 dbar_end=0.618 occ_end=0.304 CSR_train=0.000 done_count=125
[upd 210] u=1 upd_ctr=23 opt_step=368 E=0.177 g=0.159 VarTD=0.833001 ret_end=-24.679 dbar_end=0.585 occ_end=0.264 CSR_train=0.000 done_count=125
[upd 220] u=0 upd_ctr=24 opt_step=384 E=0.535 g=0.155 VarTD=1.032797 ret_end=-24.637 dbar_end=0.594 occ_end=0.296 CSR_train=0.000 done_count=125
[upd 230] u=0 upd_ctr=25 opt_step=400 E=0.852 g=0.175 VarTD=1.180572 ret_end=-23.206 dbar_end=0.555 occ_end=0.296 CSR_train=0.000 done_count=125
[upd 240] u=0 upd_ctr=27 opt_step=432 E=0.287 g=0.169 VarTD=1.435895 ret_end=-23.864 dbar_end=0.566 occ_end=0.280 CSR_train=0.000 done_count=125
[upd 250] u=0 upd_ctr=28 opt_step=448 E=0.681 g=0.187 VarTD=1.622819 ret_end=-23.473 dbar_end=0.534 occ_end=0.328 CSR_train=0.000 done_count=125
[upd 260] u=1 upd_ctr=30 opt_step=480 E=0.127 g=0.159 VarTD=1.427286 ret_end=-24.385 dbar_end=0.587 occ_end=0.200 CSR_train=0.010 done_count=100
[upd 270] u=0 upd_ctr=31 opt_step=496 E=0.461 g=0.181 VarTD=2.043769 ret_end=-22.905 dbar_end=0.544 occ_end=0.232 CSR_train=0.000 done_count=125
[upd 280] u=0 upd_ctr=32 opt_step=512 E=0.898 g=0.173 VarTD=2.210086 ret_end=-24.355 dbar_end=0.559 occ_end=0.288 CSR_train=0.000 done_count=125
[upd 290] u=0 upd_ctr=34 opt_step=544 E=0.334 g=0.195 VarTD=2.577925 ret_end=-22.222 dbar_end=0.520 occ_end=0.312 CSR_train=0.000 done_count=125
[upd 300] u=0 upd_ctr=35 opt_step=560 E=0.758 g=0.184 VarTD=2.739072 ret_end=-23.562 dbar_end=0.539 occ_end=0.352 CSR_train=0.000 done_count=125
[upd 310] u=1 upd_ctr=37 opt_step=592 E=0.195 g=0.181 VarTD=2.878762 ret_end=-23.145 dbar_end=0.544 occ_end=0.288 CSR_train=0.000 done_count=125
[Gate5 check] update_counter violations: t0=0 diffs=0
[Gate5 check] opt_step violations: t0=0 diffs=0 (expected_inc=16)
[Gate5 check] NaN masking: nan_on_skip=True finite_on_update=True
[Gate5 summary] mean_update_fraction=0.1186 final_executed_updates_mean=37.00
[Gate5 eval] done_count mean=100.0 CSR mean=0.0200 len_end_mean=26.00
[Gate5 eval] episodes_per_env=4 T_eval=104
[Gate5 eval-debug] locked_eps_occ=0.20 pre(step25): dbar_end=0.468054 occupied_end_mean=0.420000 max_tilde_end_mean=0.671955 CSR@locked=0.000000
[Gate5 eval-debug] locked_eps_occ=0.20 post(step26): dbar_end=0.474413 occupied_end_mean=0.470000 max_tilde_end_mean=0.676838 CSR@locked=0.020000
[Gate5 eval-debug] CSR_pre@0.10=0.0000 CSR_pre@0.15=0.0000 CSR_pre@0.20=0.0000 CSR_pre@0.25=0.0300 CSR_pre@0.30=0.0300
[Gate5 eval-debug] CSR_post@0.10=0.0000 CSR_post@0.15=0.0000 CSR_post@0.20=0.0200 CSR_post@0.25=0.0200 CSR_post@0.30=0.0300
