Importing submoduled environments...
Submoduled environments not found. Skipping import.
[upd 0] u=1 upd_ctr=1 opt_step=16 E=0.077 g=0.092 VarTD=0.136051 ret_end=-27.009 dbar_end=0.762 occ_end=0.140 CSR_train=0.000 done_count=100
[upd 10] u=0 upd_ctr=1 opt_step=16 E=0.356 g=0.088 VarTD=0.157825 ret_end=-27.556 dbar_end=0.774 occ_end=0.128 CSR_train=0.000 done_count=125
[upd 20] u=0 upd_ctr=1 opt_step=16 E=0.640 g=0.096 VarTD=0.140044 ret_end=-27.124 dbar_end=0.745 occ_end=0.128 CSR_train=0.000 done_count=125
[upd 30] u=0 upd_ctr=1 opt_step=16 E=0.921 g=0.099 VarTD=0.160678 ret_end=-27.549 dbar_end=0.736 occ_end=0.192 CSR_train=0.000 done_count=125
[upd 40] u=0 upd_ctr=2 opt_step=32 E=0.241 g=0.092 VarTD=0.152456 ret_end=-26.545 dbar_end=0.759 occ_end=0.120 CSR_train=0.000 done_count=125
[upd 50] u=0 upd_ctr=2 opt_step=32 E=0.531 g=0.098 VarTD=0.149330 ret_end=-26.210 dbar_end=0.740 occ_end=0.184 CSR_train=0.000 done_count=125
[upd 60] u=0 upd_ctr=2 opt_step=32 E=0.829 g=0.094 VarTD=0.133942 ret_end=-27.348 dbar_end=0.754 occ_end=0.136 CSR_train=0.000 done_count=125
[upd 70] u=0 upd_ctr=3 opt_step=48 E=0.187 g=0.106 VarTD=0.147369 ret_end=-26.001 dbar_end=0.713 occ_end=0.216 CSR_train=0.000 done_count=125
[upd 80] u=0 upd_ctr=3 opt_step=48 E=0.504 g=0.115 VarTD=0.113397 ret_end=-25.808 dbar_end=0.688 occ_end=0.176 CSR_train=0.000 done_count=125
[upd 90] u=0 upd_ctr=3 opt_step=48 E=0.819 g=0.109 VarTD=0.127846 ret_end=-26.761 dbar_end=0.705 occ_end=0.216 CSR_train=0.000 done_count=125
[upd 100] u=0 upd_ctr=4 opt_step=64 E=0.183 g=0.110 VarTD=0.137504 ret_end=-26.379 dbar_end=0.702 occ_end=0.280 CSR_train=0.000 done_count=125
[upd 110] u=0 upd_ctr=4 opt_step=64 E=0.512 g=0.121 VarTD=0.130398 ret_end=-25.634 dbar_end=0.674 occ_end=0.272 CSR_train=0.000 done_count=125
[upd 120] u=0 upd_ctr=4 opt_step=64 E=0.836 g=0.114 VarTD=0.144983 ret_end=-26.734 dbar_end=0.690 occ_end=0.200 CSR_train=0.000 done_count=125
[upd 130] u=0 upd_ctr=5 opt_step=80 E=0.221 g=0.108 VarTD=0.152093 ret_end=-26.529 dbar_end=0.707 occ_end=0.150 CSR_train=0.000 done_count=100
[upd 140] u=0 upd_ctr=5 opt_step=80 E=0.552 g=0.106 VarTD=0.154041 ret_end=-27.217 dbar_end=0.716 occ_end=0.176 CSR_train=0.000 done_count=125
[upd 150] u=0 upd_ctr=5 opt_step=80 E=0.889 g=0.102 VarTD=0.128629 ret_end=-26.707 dbar_end=0.727 occ_end=0.168 CSR_train=0.008 done_count=125
[upd 160] u=0 upd_ctr=6 opt_step=96 E=0.275 g=0.104 VarTD=0.130354 ret_end=-26.488 dbar_end=0.721 occ_end=0.144 CSR_train=0.000 done_count=125
[upd 170] u=0 upd_ctr=6 opt_step=96 E=0.629 g=0.114 VarTD=0.130107 ret_end=-25.901 dbar_end=0.691 occ_end=0.136 CSR_train=0.000 done_count=125
[upd 180] u=0 upd_ctr=6 opt_step=96 E=0.971 g=0.106 VarTD=0.144136 ret_end=-27.189 dbar_end=0.713 occ_end=0.216 CSR_train=0.000 done_count=125
[upd 190] u=0 upd_ctr=7 opt_step=112 E=0.389 g=0.121 VarTD=0.143104 ret_end=-26.088 dbar_end=0.671 occ_end=0.216 CSR_train=0.000 done_count=125
[upd 200] u=0 upd_ctr=7 opt_step=112 E=0.753 g=0.124 VarTD=0.138998 ret_end=-25.744 dbar_end=0.664 occ_end=0.184 CSR_train=0.000 done_count=125
[upd 210] u=0 upd_ctr=8 opt_step=128 E=0.162 g=0.114 VarTD=0.160028 ret_end=-27.158 dbar_end=0.691 occ_end=0.176 CSR_train=0.000 done_count=125
[upd 220] u=0 upd_ctr=8 opt_step=128 E=0.530 g=0.112 VarTD=0.172354 ret_end=-27.264 dbar_end=0.698 occ_end=0.160 CSR_train=0.000 done_count=125
[upd 230] u=0 upd_ctr=8 opt_step=128 E=0.892 g=0.124 VarTD=0.146437 ret_end=-26.297 dbar_end=0.666 occ_end=0.152 CSR_train=0.000 done_count=125
[upd 240] u=0 upd_ctr=9 opt_step=144 E=0.321 g=0.127 VarTD=0.155494 ret_end=-25.349 dbar_end=0.658 occ_end=0.232 CSR_train=0.000 done_count=125
[upd 250] u=0 upd_ctr=9 opt_step=144 E=0.706 g=0.122 VarTD=0.143601 ret_end=-25.500 dbar_end=0.670 occ_end=0.248 CSR_train=0.000 done_count=125
[upd 260] u=0 upd_ctr=10 opt_step=160 E=0.134 g=0.123 VarTD=0.164647 ret_end=-25.199 dbar_end=0.667 occ_end=0.190 CSR_train=0.000 done_count=100
[upd 270] u=0 upd_ctr=10 opt_step=160 E=0.545 g=0.137 VarTD=0.169645 ret_end=-26.114 dbar_end=0.632 occ_end=0.240 CSR_train=0.000 done_count=125
[upd 280] u=0 upd_ctr=10 opt_step=160 E=0.935 g=0.140 VarTD=0.159772 ret_end=-25.001 dbar_end=0.627 occ_end=0.280 CSR_train=0.000 done_count=125
[upd 290] u=0 upd_ctr=11 opt_step=176 E=0.404 g=0.151 VarTD=0.146177 ret_end=-23.810 dbar_end=0.603 occ_end=0.192 CSR_train=0.000 done_count=125
[upd 300] u=0 upd_ctr=11 opt_step=176 E=0.820 g=0.129 VarTD=0.177496 ret_end=-26.307 dbar_end=0.653 occ_end=0.216 CSR_train=0.000 done_count=125
[upd 310] u=0 upd_ctr=12 opt_step=192 E=0.287 g=0.138 VarTD=0.189449 ret_end=-24.932 dbar_end=0.632 occ_end=0.176 CSR_train=0.000 done_count=125
[Gate5 check] update_counter violations: t0=0 diffs=0
[Gate5 check] opt_step violations: t0=0 diffs=0 (expected_inc=16)
[Gate5 check] NaN masking: nan_on_skip=True finite_on_update=True
[Gate5 summary] mean_update_fraction=0.0385 final_executed_updates_mean=12.00
[Gate5 eval] done_count mean=100.0 CSR mean=0.0100 len_end_mean=26.00
[Gate5 eval] episodes_per_env=4 T_eval=104
[Gate5 eval-debug] locked_eps_occ=0.20 pre(step25): dbar_end=0.499010 occupied_end_mean=0.390000 max_tilde_end_mean=0.733398 CSR@locked=0.000000
[Gate5 eval-debug] locked_eps_occ=0.20 post(step26): dbar_end=0.496356 occupied_end_mean=0.450000 max_tilde_end_mean=0.731896 CSR@locked=0.010000
[Gate5 eval-debug] CSR_pre@0.10=0.0000 CSR_pre@0.15=0.0000 CSR_pre@0.20=0.0000 CSR_pre@0.25=0.0200 CSR_pre@0.30=0.0500
[Gate5 eval-debug] CSR_post@0.10=0.0000 CSR_post@0.15=0.0000 CSR_post@0.20=0.0100 CSR_post@0.25=0.0200 CSR_post@0.30=0.0200
