Importing submoduled environments...
Submoduled environments not found. Skipping import.
[upd 0] u=1 upd_ctr=1 opt_step=16 E=0.044 g=0.073 VarTD=0.176583 ret_end=-28.932 dbar_end=0.832 occ_end=0.120 CSR_train=0.000 done_count=100
[upd 10] u=0 upd_ctr=1 opt_step=16 E=0.585 g=0.084 VarTD=0.145375 ret_end=-27.822 dbar_end=0.789 occ_end=0.112 CSR_train=0.000 done_count=125
[upd 20] u=0 upd_ctr=2 opt_step=32 E=0.116 g=0.101 VarTD=0.143583 ret_end=-26.911 dbar_end=0.731 occ_end=0.216 CSR_train=0.000 done_count=125
[upd 30] u=0 upd_ctr=2 opt_step=32 E=0.682 g=0.101 VarTD=0.137387 ret_end=-25.933 dbar_end=0.730 occ_end=0.216 CSR_train=0.008 done_count=125
[upd 40] u=0 upd_ctr=3 opt_step=48 E=0.233 g=0.101 VarTD=0.168162 ret_end=-26.870 dbar_end=0.731 occ_end=0.176 CSR_train=0.000 done_count=125
[upd 50] u=0 upd_ctr=3 opt_step=48 E=0.837 g=0.094 VarTD=0.175924 ret_end=-27.741 dbar_end=0.753 occ_end=0.160 CSR_train=0.000 done_count=125
[upd 60] u=0 upd_ctr=4 opt_step=64 E=0.424 g=0.103 VarTD=0.141893 ret_end=-26.012 dbar_end=0.724 occ_end=0.096 CSR_train=0.000 done_count=125
[upd 70] u=0 upd_ctr=4 opt_step=64 E=1.000 g=0.115 VarTD=0.144674 ret_end=-25.556 dbar_end=0.689 occ_end=0.216 CSR_train=0.008 done_count=125
[upd 80] u=0 upd_ctr=5 opt_step=80 E=0.628 g=0.097 VarTD=0.154952 ret_end=-27.874 dbar_end=0.744 occ_end=0.152 CSR_train=0.000 done_count=125
[upd 90] u=0 upd_ctr=6 opt_step=96 E=0.263 g=0.105 VarTD=0.142534 ret_end=-27.287 dbar_end=0.717 occ_end=0.184 CSR_train=0.000 done_count=125
[upd 100] u=0 upd_ctr=6 opt_step=96 E=0.916 g=0.110 VarTD=0.148283 ret_end=-26.963 dbar_end=0.702 occ_end=0.168 CSR_train=0.000 done_count=125
[upd 110] u=0 upd_ctr=7 opt_step=112 E=0.511 g=0.121 VarTD=0.157032 ret_end=-25.558 dbar_end=0.673 occ_end=0.232 CSR_train=0.000 done_count=125
[upd 120] u=0 upd_ctr=8 opt_step=128 E=0.138 g=0.118 VarTD=0.136591 ret_end=-25.868 dbar_end=0.680 occ_end=0.208 CSR_train=0.000 done_count=125
[upd 130] u=0 upd_ctr=8 opt_step=128 E=0.839 g=0.126 VarTD=0.143057 ret_end=-25.104 dbar_end=0.661 occ_end=0.130 CSR_train=0.000 done_count=100
[upd 140] u=0 upd_ctr=9 opt_step=144 E=0.479 g=0.112 VarTD=0.174757 ret_end=-26.456 dbar_end=0.697 occ_end=0.176 CSR_train=0.000 done_count=125
[upd 150] u=0 upd_ctr=10 opt_step=160 E=0.144 g=0.118 VarTD=0.189360 ret_end=-26.721 dbar_end=0.680 occ_end=0.200 CSR_train=0.000 done_count=125
[upd 160] u=0 upd_ctr=10 opt_step=160 E=0.839 g=0.113 VarTD=0.180097 ret_end=-26.177 dbar_end=0.695 occ_end=0.232 CSR_train=0.000 done_count=125
[upd 170] u=0 upd_ctr=11 opt_step=176 E=0.500 g=0.114 VarTD=0.174231 ret_end=-26.127 dbar_end=0.691 occ_end=0.184 CSR_train=0.000 done_count=125
[upd 180] u=0 upd_ctr=12 opt_step=192 E=0.228 g=0.135 VarTD=0.185583 ret_end=-24.455 dbar_end=0.637 occ_end=0.208 CSR_train=0.000 done_count=125
[upd 190] u=0 upd_ctr=12 opt_step=192 E=0.980 g=0.111 VarTD=0.212142 ret_end=-26.866 dbar_end=0.699 occ_end=0.136 CSR_train=0.000 done_count=125
[upd 200] u=0 upd_ctr=13 opt_step=208 E=0.673 g=0.119 VarTD=0.296183 ret_end=-26.953 dbar_end=0.677 occ_end=0.256 CSR_train=0.000 done_count=125
[upd 210] u=0 upd_ctr=14 opt_step=224 E=0.401 g=0.127 VarTD=0.298435 ret_end=-26.020 dbar_end=0.658 occ_end=0.176 CSR_train=0.000 done_count=125
[upd 220] u=0 upd_ctr=15 opt_step=240 E=0.153 g=0.126 VarTD=0.327468 ret_end=-25.577 dbar_end=0.659 occ_end=0.112 CSR_train=0.000 done_count=125
[upd 230] u=0 upd_ctr=15 opt_step=240 E=0.965 g=0.136 VarTD=0.320242 ret_end=-25.078 dbar_end=0.635 occ_end=0.224 CSR_train=0.000 done_count=125
[upd 240] u=0 upd_ctr=16 opt_step=256 E=0.729 g=0.125 VarTD=0.362930 ret_end=-26.163 dbar_end=0.662 occ_end=0.152 CSR_train=0.000 done_count=125
[upd 250] u=0 upd_ctr=17 opt_step=272 E=0.497 g=0.128 VarTD=0.386630 ret_end=-25.598 dbar_end=0.654 occ_end=0.216 CSR_train=0.000 done_count=125
[upd 260] u=0 upd_ctr=18 opt_step=288 E=0.358 g=0.172 VarTD=0.424679 ret_end=-23.665 dbar_end=0.560 occ_end=0.340 CSR_train=0.000 done_count=100
[upd 270] u=0 upd_ctr=19 opt_step=304 E=0.189 g=0.156 VarTD=0.574207 ret_end=-24.339 dbar_end=0.593 occ_end=0.256 CSR_train=0.000 done_count=125
[upd 280] u=1 upd_ctr=20 opt_step=320 E=0.091 g=0.151 VarTD=0.582418 ret_end=-24.201 dbar_end=0.602 occ_end=0.256 CSR_train=0.000 done_count=125
[upd 290] u=0 upd_ctr=20 opt_step=320 E=1.000 g=0.155 VarTD=0.648925 ret_end=-24.049 dbar_end=0.595 occ_end=0.240 CSR_train=0.000 done_count=125
[upd 300] u=0 upd_ctr=21 opt_step=336 E=0.931 g=0.167 VarTD=0.782013 ret_end=-23.471 dbar_end=0.569 occ_end=0.296 CSR_train=0.000 done_count=125
[upd 310] u=0 upd_ctr=22 opt_step=352 E=0.856 g=0.152 VarTD=0.837764 ret_end=-24.521 dbar_end=0.600 occ_end=0.216 CSR_train=0.000 done_count=125
[Gate5 check] update_counter violations: t0=0 diffs=0
[Gate5 check] opt_step violations: t0=0 diffs=0 (expected_inc=16)
[Gate5 check] NaN masking: nan_on_skip=True finite_on_update=True
[Gate5 summary] mean_update_fraction=0.0705 final_executed_updates_mean=22.00
[Gate5 eval] done_count mean=100.0 CSR mean=0.0100 len_end_mean=26.00
[Gate5 eval] episodes_per_env=4 T_eval=104
[Gate5 eval-debug] locked_eps_occ=0.20 pre(step25): dbar_end=0.522228 occupied_end_mean=0.310000 max_tilde_end_mean=0.766412 CSR@locked=0.000000
[Gate5 eval-debug] locked_eps_occ=0.20 post(step26): dbar_end=0.528490 occupied_end_mean=0.330000 max_tilde_end_mean=0.770251 CSR@locked=0.010000
[Gate5 eval-debug] CSR_pre@0.10=0.0000 CSR_pre@0.15=0.0000 CSR_pre@0.20=0.0000 CSR_pre@0.25=0.0100 CSR_pre@0.30=0.0500
[Gate5 eval-debug] CSR_post@0.10=0.0000 CSR_post@0.15=0.0000 CSR_post@0.20=0.0100 CSR_post@0.25=0.0300 CSR_post@0.30=0.0400
