Importing submoduled environments...
Submoduled environments not found. Skipping import.
[upd 0] u=1 upd_ctr=1 opt_step=16 E=0.097 g=0.093 VarTD=0.149936 ret_end=-27.435 dbar_end=0.756 occ_end=0.150 CSR_train=0.000 done_count=100
[upd 10] u=0 upd_ctr=1 opt_step=16 E=0.566 g=0.100 VarTD=0.132044 ret_end=-26.929 dbar_end=0.734 occ_end=0.192 CSR_train=0.000 done_count=125
[upd 20] u=0 upd_ctr=2 opt_step=32 E=0.121 g=0.112 VarTD=0.152315 ret_end=-25.886 dbar_end=0.698 occ_end=0.192 CSR_train=0.000 done_count=125
[upd 30] u=0 upd_ctr=2 opt_step=32 E=0.593 g=0.085 VarTD=0.170646 ret_end=-27.970 dbar_end=0.785 occ_end=0.136 CSR_train=0.008 done_count=125
[upd 40] u=0 upd_ctr=3 opt_step=48 E=0.106 g=0.094 VarTD=0.140167 ret_end=-27.205 dbar_end=0.754 occ_end=0.136 CSR_train=0.000 done_count=125
[upd 50] u=0 upd_ctr=3 opt_step=48 E=0.572 g=0.091 VarTD=0.128903 ret_end=-26.863 dbar_end=0.765 occ_end=0.096 CSR_train=0.000 done_count=125
[upd 60] u=1 upd_ctr=4 opt_step=64 E=0.078 g=0.096 VarTD=0.138613 ret_end=-27.395 dbar_end=0.747 occ_end=0.120 CSR_train=0.000 done_count=125
[upd 70] u=0 upd_ctr=4 opt_step=64 E=0.550 g=0.092 VarTD=0.151186 ret_end=-27.599 dbar_end=0.759 occ_end=0.104 CSR_train=0.000 done_count=125
[upd 80] u=1 upd_ctr=5 opt_step=80 E=0.096 g=0.097 VarTD=0.135463 ret_end=-26.298 dbar_end=0.743 occ_end=0.136 CSR_train=0.000 done_count=125
[upd 90] u=0 upd_ctr=5 opt_step=80 E=0.594 g=0.099 VarTD=0.136743 ret_end=-27.119 dbar_end=0.736 occ_end=0.168 CSR_train=0.000 done_count=125
[upd 100] u=0 upd_ctr=6 opt_step=96 E=0.124 g=0.106 VarTD=0.155799 ret_end=-25.783 dbar_end=0.716 occ_end=0.176 CSR_train=0.000 done_count=125
[upd 110] u=0 upd_ctr=6 opt_step=96 E=0.614 g=0.091 VarTD=0.143416 ret_end=-27.209 dbar_end=0.763 occ_end=0.120 CSR_train=0.000 done_count=125
[upd 120] u=0 upd_ctr=7 opt_step=112 E=0.175 g=0.116 VarTD=0.141488 ret_end=-25.574 dbar_end=0.687 occ_end=0.160 CSR_train=0.000 done_count=125
[upd 130] u=0 upd_ctr=7 opt_step=112 E=0.707 g=0.102 VarTD=0.197889 ret_end=-26.684 dbar_end=0.727 occ_end=0.250 CSR_train=0.010 done_count=100
[upd 140] u=0 upd_ctr=8 opt_step=128 E=0.299 g=0.109 VarTD=0.174979 ret_end=-25.851 dbar_end=0.706 occ_end=0.176 CSR_train=0.000 done_count=125
[upd 150] u=0 upd_ctr=8 opt_step=128 E=0.861 g=0.109 VarTD=0.138114 ret_end=-26.645 dbar_end=0.707 occ_end=0.168 CSR_train=0.000 done_count=125
[upd 160] u=0 upd_ctr=9 opt_step=144 E=0.443 g=0.109 VarTD=0.183340 ret_end=-27.151 dbar_end=0.707 occ_end=0.200 CSR_train=0.000 done_count=125
[upd 170] u=0 upd_ctr=9 opt_step=144 E=0.996 g=0.117 VarTD=0.155304 ret_end=-25.948 dbar_end=0.683 occ_end=0.192 CSR_train=0.000 done_count=125
[upd 180] u=0 upd_ctr=10 opt_step=160 E=0.614 g=0.135 VarTD=0.149383 ret_end=-24.799 dbar_end=0.638 occ_end=0.224 CSR_train=0.000 done_count=125
[upd 190] u=0 upd_ctr=11 opt_step=176 E=0.240 g=0.120 VarTD=0.169436 ret_end=-26.050 dbar_end=0.676 occ_end=0.152 CSR_train=0.000 done_count=125
[upd 200] u=0 upd_ctr=11 opt_step=176 E=0.820 g=0.118 VarTD=0.169768 ret_end=-26.741 dbar_end=0.680 occ_end=0.144 CSR_train=0.000 done_count=125
[upd 210] u=0 upd_ctr=12 opt_step=192 E=0.486 g=0.125 VarTD=0.208645 ret_end=-26.013 dbar_end=0.663 occ_end=0.216 CSR_train=0.000 done_count=125
[upd 220] u=0 upd_ctr=13 opt_step=208 E=0.163 g=0.129 VarTD=0.207295 ret_end=-25.270 dbar_end=0.651 occ_end=0.224 CSR_train=0.000 done_count=125
[upd 230] u=0 upd_ctr=13 opt_step=208 E=0.795 g=0.123 VarTD=0.211343 ret_end=-25.234 dbar_end=0.667 occ_end=0.160 CSR_train=0.000 done_count=125
[upd 240] u=0 upd_ctr=14 opt_step=224 E=0.514 g=0.146 VarTD=0.248889 ret_end=-24.875 dbar_end=0.613 occ_end=0.296 CSR_train=0.000 done_count=125
[upd 250] u=0 upd_ctr=15 opt_step=240 E=0.212 g=0.136 VarTD=0.306494 ret_end=-25.598 dbar_end=0.634 occ_end=0.208 CSR_train=0.000 done_count=125
[upd 260] u=0 upd_ctr=15 opt_step=240 E=0.906 g=0.139 VarTD=0.231066 ret_end=-24.448 dbar_end=0.628 occ_end=0.240 CSR_train=0.000 done_count=100
[upd 270] u=0 upd_ctr=16 opt_step=256 E=0.669 g=0.155 VarTD=0.364282 ret_end=-24.626 dbar_end=0.594 occ_end=0.248 CSR_train=0.000 done_count=125
[upd 280] u=0 upd_ctr=17 opt_step=272 E=0.401 g=0.155 VarTD=0.384345 ret_end=-23.864 dbar_end=0.594 occ_end=0.256 CSR_train=0.000 done_count=125
[upd 290] u=0 upd_ctr=18 opt_step=288 E=0.180 g=0.146 VarTD=0.478649 ret_end=-25.245 dbar_end=0.614 occ_end=0.296 CSR_train=0.000 done_count=125
[upd 300] u=0 upd_ctr=18 opt_step=288 E=0.901 g=0.160 VarTD=0.439920 ret_end=-23.604 dbar_end=0.583 occ_end=0.344 CSR_train=0.000 done_count=125
[upd 310] u=0 upd_ctr=19 opt_step=304 E=0.704 g=0.157 VarTD=0.562737 ret_end=-24.474 dbar_end=0.589 occ_end=0.248 CSR_train=0.000 done_count=125
[Gate5 check] update_counter violations: t0=0 diffs=0
[Gate5 check] opt_step violations: t0=0 diffs=0 (expected_inc=16)
[Gate5 check] NaN masking: nan_on_skip=True finite_on_update=True
[Gate5 summary] mean_update_fraction=0.0609 final_executed_updates_mean=19.00
[Gate5 eval] done_count mean=100.0 CSR mean=0.0000 len_end_mean=26.00
[Gate5 eval] episodes_per_env=4 T_eval=104
[Gate5 eval-debug] locked_eps_occ=0.20 pre(step25): dbar_end=0.488995 occupied_end_mean=0.350000 max_tilde_end_mean=0.721507 CSR@locked=0.000000
[Gate5 eval-debug] locked_eps_occ=0.20 post(step26): dbar_end=0.494130 occupied_end_mean=0.340000 max_tilde_end_mean=0.720098 CSR@locked=0.000000
[Gate5 eval-debug] CSR_pre@0.10=0.0000 CSR_pre@0.15=0.0000 CSR_pre@0.20=0.0000 CSR_pre@0.25=0.0100 CSR_pre@0.30=0.0200
[Gate5 eval-debug] CSR_post@0.10=0.0000 CSR_post@0.15=0.0000 CSR_post@0.20=0.0000 CSR_post@0.25=0.0100 CSR_post@0.30=0.0200
