Importing submoduled environments...
Submoduled environments not found. Skipping import.
[upd 0] u=1 upd_ctr=1 opt_step=16 E=0.066 g=0.083 VarTD=0.176951 ret_end=-28.473 dbar_end=0.794 occ_end=0.140 CSR_train=0.000 done_count=100
[upd 10] u=0 upd_ctr=1 opt_step=16 E=0.825 g=0.089 VarTD=0.152994 ret_end=-28.611 dbar_end=0.772 occ_end=0.104 CSR_train=0.000 done_count=125
[upd 20] u=0 upd_ctr=2 opt_step=32 E=0.537 g=0.095 VarTD=0.155006 ret_end=-27.598 dbar_end=0.751 occ_end=0.184 CSR_train=0.000 done_count=125
[upd 30] u=0 upd_ctr=3 opt_step=48 E=0.307 g=0.098 VarTD=0.141344 ret_end=-27.130 dbar_end=0.740 occ_end=0.128 CSR_train=0.000 done_count=125
[upd 40] u=0 upd_ctr=3 opt_step=48 E=1.000 g=0.098 VarTD=0.159040 ret_end=-26.944 dbar_end=0.738 occ_end=0.224 CSR_train=0.000 done_count=125
[upd 50] u=0 upd_ctr=4 opt_step=64 E=0.819 g=0.101 VarTD=0.162505 ret_end=-26.805 dbar_end=0.729 occ_end=0.144 CSR_train=0.000 done_count=125
[upd 60] u=0 upd_ctr=5 opt_step=80 E=0.584 g=0.110 VarTD=0.130369 ret_end=-26.344 dbar_end=0.703 occ_end=0.128 CSR_train=0.000 done_count=125
[upd 70] u=0 upd_ctr=6 opt_step=96 E=0.415 g=0.100 VarTD=0.158425 ret_end=-26.620 dbar_end=0.735 occ_end=0.184 CSR_train=0.000 done_count=125
[upd 80] u=0 upd_ctr=7 opt_step=112 E=0.265 g=0.113 VarTD=0.137183 ret_end=-26.884 dbar_end=0.696 occ_end=0.200 CSR_train=0.000 done_count=125
[upd 90] u=1 upd_ctr=8 opt_step=128 E=0.084 g=0.106 VarTD=0.129976 ret_end=-27.060 dbar_end=0.716 occ_end=0.184 CSR_train=0.000 done_count=125
[upd 100] u=0 upd_ctr=8 opt_step=128 E=0.970 g=0.111 VarTD=0.164220 ret_end=-26.557 dbar_end=0.699 occ_end=0.112 CSR_train=0.000 done_count=125
[upd 110] u=0 upd_ctr=9 opt_step=144 E=0.864 g=0.123 VarTD=0.141012 ret_end=-25.134 dbar_end=0.667 occ_end=0.136 CSR_train=0.000 done_count=125
[upd 120] u=0 upd_ctr=10 opt_step=160 E=0.733 g=0.116 VarTD=0.142794 ret_end=-25.387 dbar_end=0.686 occ_end=0.152 CSR_train=0.000 done_count=125
[Gate5 check] update_counter violations: t0=0 diffs=0
[Gate5 check] opt_step violations: t0=0 diffs=0 (expected_inc=16)
[Gate5 check] NaN masking: nan_on_skip=True finite_on_update=True
[Gate5 summary] mean_update_fraction=0.0880 final_executed_updates_mean=11.00
[Gate5 eval] done_count mean=100.0 CSR mean=0.0000 len_end_mean=26.00
[Gate5 eval] episodes_per_env=4 T_eval=104
[Gate5 eval-debug] locked_eps_occ=0.20 pre(step25): dbar_end=0.517169 occupied_end_mean=0.440000 max_tilde_end_mean=0.768016 CSR@locked=0.010000
[Gate5 eval-debug] locked_eps_occ=0.20 post(step26): dbar_end=0.513191 occupied_end_mean=0.410000 max_tilde_end_mean=0.767110 CSR@locked=0.000000
[Gate5 eval-debug] CSR_pre@0.10=0.0000 CSR_pre@0.15=0.0000 CSR_pre@0.20=0.0100 CSR_pre@0.25=0.0200 CSR_pre@0.30=0.0500
[Gate5 eval-debug] CSR_post@0.10=0.0000 CSR_post@0.15=0.0000 CSR_post@0.20=0.0000 CSR_post@0.25=0.0300 CSR_post@0.30=0.0300
