Importing submoduled environments...
Submoduled environments not found. Skipping import.
[upd 0] u=1 upd_ctr=1 opt_step=16 E=0.277 g=0.096 VarTD=0.164885 ret_end=-27.291 dbar_end=0.746 occ_end=0.170 CSR_train=0.000 done_count=100
[upd 10] u=0 upd_ctr=2 opt_step=32 E=0.287 g=0.096 VarTD=0.129860 ret_end=-27.126 dbar_end=0.747 occ_end=0.104 CSR_train=0.000 done_count=125
[upd 20] u=0 upd_ctr=3 opt_step=48 E=0.352 g=0.121 VarTD=0.122857 ret_end=-26.033 dbar_end=0.672 occ_end=0.232 CSR_train=0.000 done_count=125
[upd 30] u=0 upd_ctr=4 opt_step=64 E=0.413 g=0.122 VarTD=0.135870 ret_end=-25.307 dbar_end=0.670 occ_end=0.176 CSR_train=0.000 done_count=125
[upd 40] u=0 upd_ctr=5 opt_step=80 E=0.512 g=0.110 VarTD=0.137001 ret_end=-26.046 dbar_end=0.702 occ_end=0.168 CSR_train=0.000 done_count=125
[upd 50] u=0 upd_ctr=6 opt_step=96 E=0.664 g=0.123 VarTD=0.131290 ret_end=-25.410 dbar_end=0.667 occ_end=0.232 CSR_train=0.000 done_count=125
[upd 60] u=0 upd_ctr=7 opt_step=112 E=0.838 g=0.110 VarTD=0.176069 ret_end=-27.111 dbar_end=0.704 occ_end=0.168 CSR_train=0.000 done_count=125
[upd 70] u=0 upd_ctr=9 opt_step=144 E=0.259 g=0.137 VarTD=0.153771 ret_end=-25.272 dbar_end=0.632 occ_end=0.216 CSR_train=0.000 done_count=125
[upd 80] u=0 upd_ctr=10 opt_step=160 E=0.544 g=0.134 VarTD=0.158033 ret_end=-25.064 dbar_end=0.641 occ_end=0.160 CSR_train=0.000 done_count=125
[upd 90] u=0 upd_ctr=11 opt_step=176 E=0.850 g=0.137 VarTD=0.179480 ret_end=-25.055 dbar_end=0.632 occ_end=0.256 CSR_train=0.000 done_count=125
[upd 100] u=0 upd_ctr=13 opt_step=208 E=0.378 g=0.134 VarTD=0.192562 ret_end=-25.433 dbar_end=0.640 occ_end=0.136 CSR_train=0.000 done_count=125
[upd 110] u=0 upd_ctr=14 opt_step=224 E=0.722 g=0.150 VarTD=0.236128 ret_end=-23.983 dbar_end=0.605 occ_end=0.272 CSR_train=0.008 done_count=125
[upd 120] u=0 upd_ctr=16 opt_step=256 E=0.264 g=0.141 VarTD=0.327439 ret_end=-24.850 dbar_end=0.624 occ_end=0.232 CSR_train=0.000 done_count=125
[Gate5 check] update_counter violations: t0=0 diffs=0
[Gate5 check] opt_step violations: t0=0 diffs=0 (expected_inc=16)
[Gate5 check] NaN masking: nan_on_skip=True finite_on_update=True
[Gate5 summary] mean_update_fraction=0.1280 final_executed_updates_mean=16.00
[Gate5 eval] done_count mean=100.0 CSR mean=0.0000 len_end_mean=26.00
[Gate5 eval] episodes_per_env=4 T_eval=104
[Gate5 eval-debug] locked_eps_occ=0.20 pre(step25): dbar_end=0.519546 occupied_end_mean=0.290000 max_tilde_end_mean=0.736699 CSR@locked=0.000000
[Gate5 eval-debug] locked_eps_occ=0.20 post(step26): dbar_end=0.518106 occupied_end_mean=0.310000 max_tilde_end_mean=0.735658 CSR@locked=0.000000
[Gate5 eval-debug] CSR_pre@0.10=0.0000 CSR_pre@0.15=0.0000 CSR_pre@0.20=0.0000 CSR_pre@0.25=0.0100 CSR_pre@0.30=0.0200
[Gate5 eval-debug] CSR_post@0.10=0.0000 CSR_post@0.15=0.0000 CSR_post@0.20=0.0000 CSR_post@0.25=0.0000 CSR_post@0.30=0.0100
