Importing submoduled environments...
Submoduled environments not found. Skipping import.
[upd 0] u=1 upd_ctr=1 opt_step=16 E=0.010 g=0.096 VarTD=0.164885 ret_end=-27.291 dbar_end=0.746 occ_end=0.170 CSR_train=0.000 done_count=100
[upd 10] u=0 upd_ctr=1 opt_step=16 E=0.110 g=0.091 VarTD=0.137991 ret_end=-27.480 dbar_end=0.764 occ_end=0.136 CSR_train=0.000 done_count=125
[upd 20] u=0 upd_ctr=1 opt_step=16 E=0.211 g=0.107 VarTD=0.128434 ret_end=-26.720 dbar_end=0.712 occ_end=0.216 CSR_train=0.000 done_count=125
[upd 30] u=0 upd_ctr=1 opt_step=16 E=0.308 g=0.104 VarTD=0.139011 ret_end=-26.117 dbar_end=0.722 occ_end=0.168 CSR_train=0.000 done_count=125
[upd 40] u=0 upd_ctr=1 opt_step=16 E=0.403 g=0.093 VarTD=0.148351 ret_end=-27.327 dbar_end=0.757 occ_end=0.192 CSR_train=0.000 done_count=125
[upd 50] u=0 upd_ctr=1 opt_step=16 E=0.498 g=0.089 VarTD=0.161775 ret_end=-27.220 dbar_end=0.770 occ_end=0.184 CSR_train=0.000 done_count=125
[upd 60] u=0 upd_ctr=1 opt_step=16 E=0.591 g=0.077 VarTD=0.174792 ret_end=-28.948 dbar_end=0.816 occ_end=0.096 CSR_train=0.000 done_count=125
[upd 70] u=0 upd_ctr=1 opt_step=16 E=0.685 g=0.090 VarTD=0.158100 ret_end=-27.605 dbar_end=0.766 occ_end=0.152 CSR_train=0.000 done_count=125
[upd 80] u=0 upd_ctr=1 opt_step=16 E=0.780 g=0.098 VarTD=0.161752 ret_end=-26.704 dbar_end=0.740 occ_end=0.112 CSR_train=0.000 done_count=125
[upd 90] u=0 upd_ctr=1 opt_step=16 E=0.874 g=0.096 VarTD=0.138908 ret_end=-27.062 dbar_end=0.746 occ_end=0.160 CSR_train=0.000 done_count=125
[upd 100] u=0 upd_ctr=1 opt_step=16 E=0.971 g=0.089 VarTD=0.124339 ret_end=-28.031 dbar_end=0.770 occ_end=0.144 CSR_train=0.000 done_count=125
[upd 110] u=0 upd_ctr=2 opt_step=32 E=0.068 g=0.105 VarTD=0.147689 ret_end=-26.220 dbar_end=0.719 occ_end=0.152 CSR_train=0.000 done_count=125
[upd 120] u=0 upd_ctr=2 opt_step=32 E=0.168 g=0.098 VarTD=0.151403 ret_end=-27.222 dbar_end=0.741 occ_end=0.216 CSR_train=0.000 done_count=125
[upd 130] u=0 upd_ctr=2 opt_step=32 E=0.269 g=0.092 VarTD=0.116651 ret_end=-26.570 dbar_end=0.761 occ_end=0.140 CSR_train=0.000 done_count=100
[upd 140] u=0 upd_ctr=2 opt_step=32 E=0.372 g=0.095 VarTD=0.154743 ret_end=-27.393 dbar_end=0.750 occ_end=0.192 CSR_train=0.000 done_count=125
[upd 150] u=0 upd_ctr=2 opt_step=32 E=0.478 g=0.106 VarTD=0.151764 ret_end=-27.135 dbar_end=0.715 occ_end=0.192 CSR_train=0.000 done_count=125
[upd 160] u=0 upd_ctr=2 opt_step=32 E=0.580 g=0.108 VarTD=0.157016 ret_end=-26.575 dbar_end=0.709 occ_end=0.136 CSR_train=0.000 done_count=125
[upd 170] u=0 upd_ctr=2 opt_step=32 E=0.684 g=0.095 VarTD=0.144593 ret_end=-26.936 dbar_end=0.750 occ_end=0.176 CSR_train=0.000 done_count=125
[upd 180] u=0 upd_ctr=2 opt_step=32 E=0.788 g=0.103 VarTD=0.122398 ret_end=-26.702 dbar_end=0.723 occ_end=0.112 CSR_train=0.000 done_count=125
[upd 190] u=0 upd_ctr=2 opt_step=32 E=0.886 g=0.110 VarTD=0.157634 ret_end=-26.572 dbar_end=0.703 occ_end=0.208 CSR_train=0.000 done_count=125
[upd 200] u=0 upd_ctr=2 opt_step=32 E=0.988 g=0.097 VarTD=0.139354 ret_end=-27.755 dbar_end=0.743 occ_end=0.144 CSR_train=0.000 done_count=125
[upd 210] u=0 upd_ctr=3 opt_step=48 E=0.085 g=0.100 VarTD=0.155203 ret_end=-27.367 dbar_end=0.734 occ_end=0.216 CSR_train=0.008 done_count=125
[upd 220] u=0 upd_ctr=3 opt_step=48 E=0.193 g=0.106 VarTD=0.143808 ret_end=-26.546 dbar_end=0.715 occ_end=0.288 CSR_train=0.000 done_count=125
[upd 230] u=0 upd_ctr=3 opt_step=48 E=0.302 g=0.103 VarTD=0.139289 ret_end=-27.020 dbar_end=0.722 occ_end=0.104 CSR_train=0.000 done_count=125
[upd 240] u=0 upd_ctr=3 opt_step=48 E=0.411 g=0.103 VarTD=0.145024 ret_end=-26.729 dbar_end=0.723 occ_end=0.192 CSR_train=0.000 done_count=125
[upd 250] u=0 upd_ctr=3 opt_step=48 E=0.518 g=0.097 VarTD=0.130658 ret_end=-26.851 dbar_end=0.744 occ_end=0.160 CSR_train=0.000 done_count=125
[upd 260] u=0 upd_ctr=3 opt_step=48 E=0.626 g=0.104 VarTD=0.138227 ret_end=-26.248 dbar_end=0.720 occ_end=0.190 CSR_train=0.000 done_count=100
[upd 270] u=0 upd_ctr=3 opt_step=48 E=0.731 g=0.092 VarTD=0.136134 ret_end=-27.528 dbar_end=0.758 occ_end=0.088 CSR_train=0.000 done_count=125
[upd 280] u=0 upd_ctr=3 opt_step=48 E=0.840 g=0.095 VarTD=0.137221 ret_end=-27.145 dbar_end=0.750 occ_end=0.152 CSR_train=0.000 done_count=125
[upd 290] u=0 upd_ctr=3 opt_step=48 E=0.949 g=0.109 VarTD=0.113107 ret_end=-26.420 dbar_end=0.706 occ_end=0.152 CSR_train=0.000 done_count=125
[upd 300] u=0 upd_ctr=4 opt_step=64 E=0.055 g=0.111 VarTD=0.125330 ret_end=-26.072 dbar_end=0.700 occ_end=0.128 CSR_train=0.000 done_count=125
[upd 310] u=0 upd_ctr=4 opt_step=64 E=0.165 g=0.113 VarTD=0.139451 ret_end=-26.651 dbar_end=0.696 occ_end=0.152 CSR_train=0.000 done_count=125
[Gate5 check] update_counter violations: t0=0 diffs=0
[Gate5 check] opt_step violations: t0=0 diffs=0 (expected_inc=16)
[Gate5 check] NaN masking: nan_on_skip=True finite_on_update=True
[Gate5 summary] mean_update_fraction=0.0128 final_executed_updates_mean=4.00
[Gate5 eval] done_count mean=100.0 CSR mean=0.0000 len_end_mean=26.00
[Gate5 eval] episodes_per_env=4 T_eval=104
[Gate5 eval-debug] locked_eps_occ=0.20 pre(step25): dbar_end=0.521977 occupied_end_mean=0.290000 max_tilde_end_mean=0.759411 CSR@locked=0.000000
[Gate5 eval-debug] locked_eps_occ=0.20 post(step26): dbar_end=0.527685 occupied_end_mean=0.310000 max_tilde_end_mean=0.756356 CSR@locked=0.000000
[Gate5 eval-debug] CSR_pre@0.10=0.0000 CSR_pre@0.15=0.0000 CSR_pre@0.20=0.0000 CSR_pre@0.25=0.0000 CSR_pre@0.30=0.0200
[Gate5 eval-debug] CSR_post@0.10=0.0000 CSR_post@0.15=0.0000 CSR_post@0.20=0.0000 CSR_post@0.25=0.0100 CSR_post@0.30=0.0100
