Importing submoduled environments...
Submoduled environments not found. Skipping import.
[upd 0] u=1 upd_ctr=1 opt_step=16 E=0.138 g=0.094 VarTD=0.148631 ret_end=-26.843 dbar_end=0.752 occ_end=0.140 CSR_train=0.000 done_count=100
[upd 10] u=0 upd_ctr=1 opt_step=16 E=0.505 g=0.098 VarTD=0.120442 ret_end=-26.989 dbar_end=0.738 occ_end=0.144 CSR_train=0.000 done_count=125
[upd 20] u=0 upd_ctr=1 opt_step=16 E=0.874 g=0.093 VarTD=0.164388 ret_end=-27.803 dbar_end=0.757 occ_end=0.128 CSR_train=0.000 done_count=125
[upd 30] u=0 upd_ctr=2 opt_step=32 E=0.352 g=0.095 VarTD=0.131545 ret_end=-26.873 dbar_end=0.751 occ_end=0.160 CSR_train=0.000 done_count=125
[upd 40] u=0 upd_ctr=2 opt_step=32 E=0.758 g=0.104 VarTD=0.148713 ret_end=-26.712 dbar_end=0.720 occ_end=0.160 CSR_train=0.000 done_count=125
[upd 50] u=0 upd_ctr=3 opt_step=48 E=0.259 g=0.109 VarTD=0.132808 ret_end=-26.913 dbar_end=0.707 occ_end=0.176 CSR_train=0.000 done_count=125
[upd 60] u=0 upd_ctr=3 opt_step=48 E=0.664 g=0.101 VarTD=0.150546 ret_end=-27.015 dbar_end=0.729 occ_end=0.144 CSR_train=0.000 done_count=125
[upd 70] u=0 upd_ctr=4 opt_step=64 E=0.194 g=0.111 VarTD=0.132280 ret_end=-25.771 dbar_end=0.701 occ_end=0.144 CSR_train=0.000 done_count=125
[upd 80] u=0 upd_ctr=4 opt_step=64 E=0.623 g=0.111 VarTD=0.117946 ret_end=-26.102 dbar_end=0.700 occ_end=0.168 CSR_train=0.000 done_count=125
[upd 90] u=0 upd_ctr=5 opt_step=80 E=0.155 g=0.122 VarTD=0.130026 ret_end=-25.315 dbar_end=0.670 occ_end=0.208 CSR_train=0.000 done_count=125
[upd 100] u=0 upd_ctr=5 opt_step=80 E=0.614 g=0.107 VarTD=0.165492 ret_end=-26.798 dbar_end=0.711 occ_end=0.192 CSR_train=0.000 done_count=125
[upd 110] u=0 upd_ctr=6 opt_step=96 E=0.168 g=0.115 VarTD=0.166032 ret_end=-25.986 dbar_end=0.688 occ_end=0.200 CSR_train=0.000 done_count=125
[upd 120] u=0 upd_ctr=6 opt_step=96 E=0.617 g=0.114 VarTD=0.129852 ret_end=-26.009 dbar_end=0.693 occ_end=0.192 CSR_train=0.000 done_count=125
[upd 130] u=0 upd_ctr=7 opt_step=112 E=0.186 g=0.114 VarTD=0.131681 ret_end=-26.468 dbar_end=0.690 occ_end=0.280 CSR_train=0.000 done_count=100
[upd 140] u=0 upd_ctr=7 opt_step=112 E=0.661 g=0.113 VarTD=0.146155 ret_end=-27.082 dbar_end=0.694 occ_end=0.200 CSR_train=0.000 done_count=125
[upd 150] u=0 upd_ctr=8 opt_step=128 E=0.239 g=0.112 VarTD=0.129431 ret_end=-25.864 dbar_end=0.697 occ_end=0.152 CSR_train=0.000 done_count=125
[upd 160] u=0 upd_ctr=8 opt_step=128 E=0.731 g=0.119 VarTD=0.140349 ret_end=-26.514 dbar_end=0.679 occ_end=0.168 CSR_train=0.000 done_count=125
[upd 170] u=0 upd_ctr=9 opt_step=144 E=0.336 g=0.123 VarTD=0.158733 ret_end=-26.076 dbar_end=0.668 occ_end=0.224 CSR_train=0.000 done_count=125
[upd 180] u=0 upd_ctr=9 opt_step=144 E=0.847 g=0.116 VarTD=0.156528 ret_end=-25.719 dbar_end=0.686 occ_end=0.240 CSR_train=0.008 done_count=125
[upd 190] u=0 upd_ctr=10 opt_step=160 E=0.486 g=0.135 VarTD=0.156930 ret_end=-24.831 dbar_end=0.637 occ_end=0.232 CSR_train=0.000 done_count=125
[upd 200] u=0 upd_ctr=11 opt_step=176 E=0.148 g=0.137 VarTD=0.178397 ret_end=-25.373 dbar_end=0.632 occ_end=0.168 CSR_train=0.000 done_count=125
[upd 210] u=0 upd_ctr=11 opt_step=176 E=0.687 g=0.143 VarTD=0.172593 ret_end=-24.682 dbar_end=0.619 occ_end=0.224 CSR_train=0.000 done_count=125
[upd 220] u=0 upd_ctr=12 opt_step=192 E=0.364 g=0.138 VarTD=0.206322 ret_end=-26.036 dbar_end=0.632 occ_end=0.240 CSR_train=0.000 done_count=125
[upd 230] u=0 upd_ctr=12 opt_step=192 E=0.929 g=0.146 VarTD=0.185698 ret_end=-24.035 dbar_end=0.612 occ_end=0.232 CSR_train=0.000 done_count=125
[upd 240] u=0 upd_ctr=13 opt_step=208 E=0.591 g=0.146 VarTD=0.199736 ret_end=-24.395 dbar_end=0.613 occ_end=0.216 CSR_train=0.000 done_count=125
[upd 250] u=0 upd_ctr=14 opt_step=224 E=0.260 g=0.149 VarTD=0.239353 ret_end=-24.322 dbar_end=0.607 occ_end=0.192 CSR_train=0.000 done_count=125
[upd 260] u=0 upd_ctr=14 opt_step=224 E=0.839 g=0.153 VarTD=0.216201 ret_end=-24.563 dbar_end=0.599 occ_end=0.310 CSR_train=0.000 done_count=100
[upd 270] u=0 upd_ctr=15 opt_step=240 E=0.525 g=0.152 VarTD=0.283746 ret_end=-24.594 dbar_end=0.600 occ_end=0.264 CSR_train=0.000 done_count=125
[upd 280] u=0 upd_ctr=16 opt_step=256 E=0.209 g=0.158 VarTD=0.332100 ret_end=-24.660 dbar_end=0.589 occ_end=0.248 CSR_train=0.000 done_count=125
[upd 290] u=0 upd_ctr=16 opt_step=256 E=0.797 g=0.137 VarTD=0.357783 ret_end=-25.666 dbar_end=0.634 occ_end=0.240 CSR_train=0.000 done_count=125
[upd 300] u=0 upd_ctr=17 opt_step=272 E=0.488 g=0.133 VarTD=0.388393 ret_end=-26.086 dbar_end=0.642 occ_end=0.256 CSR_train=0.000 done_count=125
[upd 310] u=0 upd_ctr=18 opt_step=288 E=0.180 g=0.141 VarTD=0.442275 ret_end=-25.428 dbar_end=0.624 occ_end=0.304 CSR_train=0.000 done_count=125
[Gate5 check] update_counter violations: t0=0 diffs=0
[Gate5 check] opt_step violations: t0=0 diffs=0 (expected_inc=16)
[Gate5 check] NaN masking: nan_on_skip=True finite_on_update=True
[Gate5 summary] mean_update_fraction=0.0577 final_executed_updates_mean=18.00
[Gate5 eval] done_count mean=100.0 CSR mean=0.0200 len_end_mean=26.00
[Gate5 eval] episodes_per_env=4 T_eval=104
[Gate5 eval-debug] locked_eps_occ=0.20 pre(step25): dbar_end=0.473942 occupied_end_mean=0.480000 max_tilde_end_mean=0.689678 CSR@locked=0.020000
[Gate5 eval-debug] locked_eps_occ=0.20 post(step26): dbar_end=0.471719 occupied_end_mean=0.480000 max_tilde_end_mean=0.684341 CSR@locked=0.020000
[Gate5 eval-debug] CSR_pre@0.10=0.0000 CSR_pre@0.15=0.0000 CSR_pre@0.20=0.0200 CSR_pre@0.25=0.0300 CSR_pre@0.30=0.0500
[Gate5 eval-debug] CSR_post@0.10=0.0000 CSR_post@0.15=0.0100 CSR_post@0.20=0.0200 CSR_post@0.25=0.0200 CSR_post@0.30=0.0500
