Importing submoduled environments...
Submoduled environments not found. Skipping import.
[upd 0] u=1 upd_ctr=1 opt_step=16 E=0.008 g=0.082 VarTD=0.214117 ret_end=-27.772 dbar_end=0.796 occ_end=0.070 CSR_train=0.000 done_count=100
[upd 10] u=0 upd_ctr=1 opt_step=16 E=0.101 g=0.092 VarTD=0.178600 ret_end=-26.630 dbar_end=0.760 occ_end=0.136 CSR_train=0.000 done_count=125
[upd 20] u=0 upd_ctr=1 opt_step=16 E=0.193 g=0.101 VarTD=0.148776 ret_end=-27.566 dbar_end=0.732 occ_end=0.128 CSR_train=0.000 done_count=125
[upd 30] u=0 upd_ctr=1 opt_step=16 E=0.287 g=0.089 VarTD=0.174229 ret_end=-27.524 dbar_end=0.772 occ_end=0.184 CSR_train=0.000 done_count=125
[upd 40] u=0 upd_ctr=1 opt_step=16 E=0.378 g=0.088 VarTD=0.152312 ret_end=-27.046 dbar_end=0.773 occ_end=0.144 CSR_train=0.000 done_count=125
[upd 50] u=0 upd_ctr=1 opt_step=16 E=0.473 g=0.093 VarTD=0.148149 ret_end=-27.350 dbar_end=0.755 occ_end=0.136 CSR_train=0.000 done_count=125
[upd 60] u=0 upd_ctr=1 opt_step=16 E=0.564 g=0.092 VarTD=0.166894 ret_end=-27.836 dbar_end=0.760 occ_end=0.136 CSR_train=0.000 done_count=125
[upd 70] u=0 upd_ctr=1 opt_step=16 E=0.656 g=0.095 VarTD=0.163119 ret_end=-26.813 dbar_end=0.750 occ_end=0.168 CSR_train=0.000 done_count=125
[upd 80] u=0 upd_ctr=1 opt_step=16 E=0.751 g=0.089 VarTD=0.141456 ret_end=-28.645 dbar_end=0.772 occ_end=0.184 CSR_train=0.000 done_count=125
[upd 90] u=0 upd_ctr=1 opt_step=16 E=0.848 g=0.087 VarTD=0.140248 ret_end=-27.757 dbar_end=0.779 occ_end=0.152 CSR_train=0.000 done_count=125
[upd 100] u=0 upd_ctr=1 opt_step=16 E=0.940 g=0.095 VarTD=0.150493 ret_end=-26.754 dbar_end=0.751 occ_end=0.200 CSR_train=0.000 done_count=125
[upd 110] u=0 upd_ctr=2 opt_step=32 E=0.027 g=0.101 VarTD=0.139925 ret_end=-27.135 dbar_end=0.729 occ_end=0.208 CSR_train=0.000 done_count=125
[upd 120] u=0 upd_ctr=2 opt_step=32 E=0.126 g=0.094 VarTD=0.169583 ret_end=-27.314 dbar_end=0.754 occ_end=0.144 CSR_train=0.000 done_count=125
[upd 130] u=0 upd_ctr=2 opt_step=32 E=0.226 g=0.095 VarTD=0.158475 ret_end=-26.697 dbar_end=0.750 occ_end=0.180 CSR_train=0.000 done_count=100
[upd 140] u=0 upd_ctr=2 opt_step=32 E=0.324 g=0.098 VarTD=0.175507 ret_end=-27.112 dbar_end=0.739 occ_end=0.168 CSR_train=0.000 done_count=125
[upd 150] u=0 upd_ctr=2 opt_step=32 E=0.420 g=0.102 VarTD=0.175757 ret_end=-26.654 dbar_end=0.729 occ_end=0.160 CSR_train=0.000 done_count=125
[upd 160] u=0 upd_ctr=2 opt_step=32 E=0.517 g=0.102 VarTD=0.172184 ret_end=-26.834 dbar_end=0.727 occ_end=0.168 CSR_train=0.000 done_count=125
[upd 170] u=0 upd_ctr=2 opt_step=32 E=0.613 g=0.104 VarTD=0.139466 ret_end=-26.433 dbar_end=0.722 occ_end=0.192 CSR_train=0.000 done_count=125
[upd 180] u=0 upd_ctr=2 opt_step=32 E=0.713 g=0.105 VarTD=0.142358 ret_end=-25.837 dbar_end=0.718 occ_end=0.136 CSR_train=0.000 done_count=125
[upd 190] u=0 upd_ctr=2 opt_step=32 E=0.816 g=0.105 VarTD=0.134196 ret_end=-26.562 dbar_end=0.716 occ_end=0.224 CSR_train=0.000 done_count=125
[upd 200] u=0 upd_ctr=2 opt_step=32 E=0.912 g=0.105 VarTD=0.166287 ret_end=-26.561 dbar_end=0.717 occ_end=0.184 CSR_train=0.000 done_count=125
[upd 210] u=1 upd_ctr=3 opt_step=48 E=0.009 g=0.087 VarTD=0.163684 ret_end=-28.060 dbar_end=0.779 occ_end=0.152 CSR_train=0.000 done_count=125
[upd 220] u=0 upd_ctr=3 opt_step=48 E=0.111 g=0.109 VarTD=0.173452 ret_end=-26.075 dbar_end=0.705 occ_end=0.136 CSR_train=0.000 done_count=125
[upd 230] u=0 upd_ctr=3 opt_step=48 E=0.213 g=0.095 VarTD=0.142167 ret_end=-27.180 dbar_end=0.750 occ_end=0.184 CSR_train=0.000 done_count=125
[upd 240] u=0 upd_ctr=3 opt_step=48 E=0.316 g=0.108 VarTD=0.149921 ret_end=-26.686 dbar_end=0.707 occ_end=0.160 CSR_train=0.000 done_count=125
[upd 250] u=0 upd_ctr=3 opt_step=48 E=0.415 g=0.101 VarTD=0.150658 ret_end=-26.020 dbar_end=0.731 occ_end=0.120 CSR_train=0.000 done_count=125
[upd 260] u=0 upd_ctr=3 opt_step=48 E=0.516 g=0.098 VarTD=0.145306 ret_end=-26.681 dbar_end=0.741 occ_end=0.130 CSR_train=0.000 done_count=100
[upd 270] u=0 upd_ctr=3 opt_step=48 E=0.622 g=0.094 VarTD=0.156782 ret_end=-27.759 dbar_end=0.752 occ_end=0.104 CSR_train=0.000 done_count=125
[upd 280] u=0 upd_ctr=3 opt_step=48 E=0.721 g=0.111 VarTD=0.145820 ret_end=-25.537 dbar_end=0.701 occ_end=0.208 CSR_train=0.000 done_count=125
[upd 290] u=0 upd_ctr=3 opt_step=48 E=0.825 g=0.096 VarTD=0.134193 ret_end=-27.461 dbar_end=0.745 occ_end=0.160 CSR_train=0.000 done_count=125
[upd 300] u=0 upd_ctr=3 opt_step=48 E=0.926 g=0.111 VarTD=0.183537 ret_end=-26.354 dbar_end=0.700 occ_end=0.200 CSR_train=0.000 done_count=125
[upd 310] u=0 upd_ctr=4 opt_step=64 E=0.020 g=0.097 VarTD=0.152089 ret_end=-27.282 dbar_end=0.742 occ_end=0.208 CSR_train=0.000 done_count=125
[Gate5 check] update_counter violations: t0=0 diffs=0
[Gate5 check] opt_step violations: t0=0 diffs=0 (expected_inc=16)
[Gate5 check] NaN masking: nan_on_skip=True finite_on_update=True
[Gate5 summary] mean_update_fraction=0.0128 final_executed_updates_mean=4.00
[Gate5 eval] done_count mean=100.0 CSR mean=0.0000 len_end_mean=26.00
[Gate5 eval] episodes_per_env=4 T_eval=104
[Gate5 eval-debug] locked_eps_occ=0.20 pre(step25): dbar_end=0.606673 occupied_end_mean=0.320000 max_tilde_end_mean=0.893218 CSR@locked=0.000000
[Gate5 eval-debug] locked_eps_occ=0.20 post(step26): dbar_end=0.599876 occupied_end_mean=0.350000 max_tilde_end_mean=0.883327 CSR@locked=0.000000
[Gate5 eval-debug] CSR_pre@0.10=0.0000 CSR_pre@0.15=0.0000 CSR_pre@0.20=0.0000 CSR_pre@0.25=0.0000 CSR_pre@0.30=0.0000
[Gate5 eval-debug] CSR_post@0.10=0.0000 CSR_post@0.15=0.0000 CSR_post@0.20=0.0000 CSR_post@0.25=0.0200 CSR_post@0.30=0.0200
