Importing submoduled environments...
Submoduled environments not found. Skipping import.
[upd 0] u=1 upd_ctr=1 opt_step=16 E=0.058 g=0.083 VarTD=0.159821 ret_end=-27.605 dbar_end=0.794 occ_end=0.110 CSR_train=0.000 done_count=100
[upd 10] u=0 upd_ctr=1 opt_step=16 E=0.148 g=0.089 VarTD=0.166459 ret_end=-27.505 dbar_end=0.772 occ_end=0.192 CSR_train=0.000 done_count=125
[upd 20] u=0 upd_ctr=1 opt_step=16 E=0.237 g=0.091 VarTD=0.173849 ret_end=-27.263 dbar_end=0.763 occ_end=0.144 CSR_train=0.000 done_count=125
[upd 30] u=0 upd_ctr=1 opt_step=16 E=0.326 g=0.097 VarTD=0.162997 ret_end=-26.951 dbar_end=0.742 occ_end=0.152 CSR_train=0.008 done_count=125
[upd 40] u=0 upd_ctr=1 opt_step=16 E=0.413 g=0.090 VarTD=0.155795 ret_end=-27.761 dbar_end=0.767 occ_end=0.168 CSR_train=0.000 done_count=125
[upd 50] u=0 upd_ctr=1 opt_step=16 E=0.504 g=0.079 VarTD=0.167100 ret_end=-28.643 dbar_end=0.810 occ_end=0.120 CSR_train=0.000 done_count=125
[upd 60] u=0 upd_ctr=1 opt_step=16 E=0.593 g=0.083 VarTD=0.160219 ret_end=-28.190 dbar_end=0.794 occ_end=0.128 CSR_train=0.000 done_count=125
[upd 70] u=0 upd_ctr=1 opt_step=16 E=0.683 g=0.095 VarTD=0.159793 ret_end=-27.127 dbar_end=0.749 occ_end=0.152 CSR_train=0.000 done_count=125
[upd 80] u=0 upd_ctr=1 opt_step=16 E=0.775 g=0.088 VarTD=0.164075 ret_end=-27.745 dbar_end=0.776 occ_end=0.160 CSR_train=0.000 done_count=125
[upd 90] u=0 upd_ctr=1 opt_step=16 E=0.867 g=0.107 VarTD=0.170119 ret_end=-26.892 dbar_end=0.711 occ_end=0.184 CSR_train=0.000 done_count=125
[upd 100] u=1 upd_ctr=2 opt_step=32 E=0.009 g=0.083 VarTD=0.179555 ret_end=-28.821 dbar_end=0.792 occ_end=0.112 CSR_train=0.000 done_count=125
[upd 110] u=0 upd_ctr=2 opt_step=32 E=0.105 g=0.100 VarTD=0.174712 ret_end=-26.502 dbar_end=0.733 occ_end=0.120 CSR_train=0.000 done_count=125
[upd 120] u=0 upd_ctr=2 opt_step=32 E=0.202 g=0.096 VarTD=0.133310 ret_end=-26.883 dbar_end=0.747 occ_end=0.152 CSR_train=0.000 done_count=125
[upd 130] u=0 upd_ctr=2 opt_step=32 E=0.300 g=0.098 VarTD=0.180853 ret_end=-27.242 dbar_end=0.739 occ_end=0.090 CSR_train=0.000 done_count=100
[upd 140] u=0 upd_ctr=2 opt_step=32 E=0.396 g=0.103 VarTD=0.160055 ret_end=-27.329 dbar_end=0.725 occ_end=0.192 CSR_train=0.000 done_count=125
[upd 150] u=0 upd_ctr=2 opt_step=32 E=0.490 g=0.101 VarTD=0.157561 ret_end=-27.404 dbar_end=0.731 occ_end=0.200 CSR_train=0.000 done_count=125
[upd 160] u=0 upd_ctr=2 opt_step=32 E=0.589 g=0.102 VarTD=0.169715 ret_end=-26.933 dbar_end=0.726 occ_end=0.168 CSR_train=0.000 done_count=125
[upd 170] u=0 upd_ctr=2 opt_step=32 E=0.685 g=0.092 VarTD=0.174690 ret_end=-27.455 dbar_end=0.761 occ_end=0.216 CSR_train=0.000 done_count=125
[upd 180] u=0 upd_ctr=2 opt_step=32 E=0.778 g=0.083 VarTD=0.182889 ret_end=-28.041 dbar_end=0.794 occ_end=0.128 CSR_train=0.000 done_count=125
[upd 190] u=0 upd_ctr=2 opt_step=32 E=0.875 g=0.093 VarTD=0.176095 ret_end=-27.938 dbar_end=0.757 occ_end=0.120 CSR_train=0.000 done_count=125
[upd 200] u=0 upd_ctr=3 opt_step=48 E=0.020 g=0.096 VarTD=0.176020 ret_end=-27.050 dbar_end=0.747 occ_end=0.144 CSR_train=0.000 done_count=125
[upd 210] u=0 upd_ctr=3 opt_step=48 E=0.119 g=0.095 VarTD=0.149836 ret_end=-27.949 dbar_end=0.749 occ_end=0.168 CSR_train=0.008 done_count=125
[upd 220] u=0 upd_ctr=3 opt_step=48 E=0.218 g=0.108 VarTD=0.149929 ret_end=-26.502 dbar_end=0.709 occ_end=0.200 CSR_train=0.000 done_count=125
[upd 230] u=0 upd_ctr=3 opt_step=48 E=0.317 g=0.098 VarTD=0.165275 ret_end=-28.410 dbar_end=0.740 occ_end=0.176 CSR_train=0.000 done_count=125
[upd 240] u=0 upd_ctr=3 opt_step=48 E=0.414 g=0.089 VarTD=0.160567 ret_end=-27.617 dbar_end=0.769 occ_end=0.128 CSR_train=0.000 done_count=125
[upd 250] u=0 upd_ctr=3 opt_step=48 E=0.510 g=0.093 VarTD=0.164022 ret_end=-28.254 dbar_end=0.755 occ_end=0.128 CSR_train=0.000 done_count=125
[upd 260] u=0 upd_ctr=3 opt_step=48 E=0.606 g=0.104 VarTD=0.152209 ret_end=-26.759 dbar_end=0.720 occ_end=0.180 CSR_train=0.000 done_count=100
[upd 270] u=0 upd_ctr=3 opt_step=48 E=0.707 g=0.100 VarTD=0.139305 ret_end=-26.298 dbar_end=0.733 occ_end=0.128 CSR_train=0.000 done_count=125
[upd 280] u=0 upd_ctr=3 opt_step=48 E=0.804 g=0.099 VarTD=0.154913 ret_end=-27.353 dbar_end=0.735 occ_end=0.176 CSR_train=0.000 done_count=125
[upd 290] u=0 upd_ctr=3 opt_step=48 E=0.902 g=0.099 VarTD=0.160221 ret_end=-27.634 dbar_end=0.736 occ_end=0.136 CSR_train=0.000 done_count=125
[upd 300] u=0 upd_ctr=4 opt_step=64 E=0.051 g=0.089 VarTD=0.151360 ret_end=-27.721 dbar_end=0.770 occ_end=0.128 CSR_train=0.000 done_count=125
[upd 310] u=0 upd_ctr=4 opt_step=64 E=0.155 g=0.094 VarTD=0.156328 ret_end=-26.627 dbar_end=0.753 occ_end=0.096 CSR_train=0.000 done_count=125
[Gate5 check] update_counter violations: t0=0 diffs=0
[Gate5 check] opt_step violations: t0=0 diffs=0 (expected_inc=16)
[Gate5 check] NaN masking: nan_on_skip=True finite_on_update=True
[Gate5 summary] mean_update_fraction=0.0128 final_executed_updates_mean=4.00
[Gate5 eval] done_count mean=100.0 CSR mean=0.0000 len_end_mean=26.00
[Gate5 eval] episodes_per_env=4 T_eval=104
[Gate5 eval-debug] locked_eps_occ=0.20 pre(step25): dbar_end=0.492061 occupied_end_mean=0.430000 max_tilde_end_mean=0.702029 CSR@locked=0.000000
[Gate5 eval-debug] locked_eps_occ=0.20 post(step26): dbar_end=0.496061 occupied_end_mean=0.380000 max_tilde_end_mean=0.700856 CSR@locked=0.000000
[Gate5 eval-debug] CSR_pre@0.10=0.0000 CSR_pre@0.15=0.0000 CSR_pre@0.20=0.0000 CSR_pre@0.25=0.0100 CSR_pre@0.30=0.0400
[Gate5 eval-debug] CSR_post@0.10=0.0000 CSR_post@0.15=0.0000 CSR_post@0.20=0.0000 CSR_post@0.25=0.0000 CSR_post@0.30=0.0400
