Importing submoduled environments...
Submoduled environments not found. Skipping import.
[upd 0] u=1 upd_ctr=1 opt_step=16 E=0.126 g=0.085 VarTD=0.206615 ret_end=-28.597 dbar_end=0.786 occ_end=0.160 CSR_train=0.000 done_count=100
[upd 10] u=0 upd_ctr=1 opt_step=16 E=0.995 g=0.096 VarTD=0.212328 ret_end=-26.954 dbar_end=0.748 occ_end=0.176 CSR_train=0.000 done_count=125
[upd 20] u=0 upd_ctr=2 opt_step=32 E=0.949 g=0.101 VarTD=0.174004 ret_end=-26.380 dbar_end=0.732 occ_end=0.176 CSR_train=0.000 done_count=125
[upd 30] u=0 upd_ctr=3 opt_step=48 E=0.874 g=0.101 VarTD=0.190456 ret_end=-26.899 dbar_end=0.729 occ_end=0.136 CSR_train=0.000 done_count=125
[upd 40] u=0 upd_ctr=4 opt_step=64 E=0.869 g=0.099 VarTD=0.183373 ret_end=-27.778 dbar_end=0.737 occ_end=0.144 CSR_train=0.000 done_count=125
[upd 50] u=0 upd_ctr=5 opt_step=80 E=0.849 g=0.091 VarTD=0.183676 ret_end=-27.765 dbar_end=0.764 occ_end=0.128 CSR_train=0.000 done_count=125
[upd 60] u=0 upd_ctr=6 opt_step=96 E=0.890 g=0.106 VarTD=0.183280 ret_end=-26.753 dbar_end=0.715 occ_end=0.176 CSR_train=0.000 done_count=125
[upd 70] u=0 upd_ctr=7 opt_step=112 E=0.933 g=0.116 VarTD=0.184880 ret_end=-26.686 dbar_end=0.687 occ_end=0.216 CSR_train=0.000 done_count=125
[upd 80] u=0 upd_ctr=8 opt_step=128 E=0.919 g=0.116 VarTD=0.187269 ret_end=-26.688 dbar_end=0.687 occ_end=0.208 CSR_train=0.000 done_count=125
[upd 90] u=0 upd_ctr=9 opt_step=144 E=0.966 g=0.118 VarTD=0.198477 ret_end=-26.136 dbar_end=0.682 occ_end=0.240 CSR_train=0.008 done_count=125
[upd 100] u=1 upd_ctr=11 opt_step=176 E=0.147 g=0.129 VarTD=0.217449 ret_end=-25.512 dbar_end=0.653 occ_end=0.288 CSR_train=0.008 done_count=125
[upd 110] u=0 upd_ctr=12 opt_step=192 E=0.320 g=0.111 VarTD=0.235732 ret_end=-27.363 dbar_end=0.701 occ_end=0.264 CSR_train=0.000 done_count=125
[upd 120] u=0 upd_ctr=13 opt_step=208 E=0.486 g=0.136 VarTD=0.215836 ret_end=-24.752 dbar_end=0.636 occ_end=0.264 CSR_train=0.000 done_count=125
[upd 130] u=0 upd_ctr=14 opt_step=224 E=0.731 g=0.147 VarTD=0.248576 ret_end=-24.287 dbar_end=0.610 occ_end=0.240 CSR_train=0.000 done_count=100
[upd 140] u=0 upd_ctr=15 opt_step=240 E=0.975 g=0.126 VarTD=0.300364 ret_end=-26.025 dbar_end=0.660 occ_end=0.216 CSR_train=0.000 done_count=125
[upd 150] u=0 upd_ctr=17 opt_step=272 E=0.287 g=0.134 VarTD=0.375190 ret_end=-25.364 dbar_end=0.639 occ_end=0.176 CSR_train=0.000 done_count=125
[upd 160] u=0 upd_ctr=18 opt_step=288 E=0.540 g=0.147 VarTD=0.467809 ret_end=-24.995 dbar_end=0.610 occ_end=0.248 CSR_train=0.008 done_count=125
[upd 170] u=0 upd_ctr=19 opt_step=304 E=0.835 g=0.154 VarTD=0.525078 ret_end=-24.383 dbar_end=0.596 occ_end=0.304 CSR_train=0.000 done_count=125
[upd 180] u=1 upd_ctr=21 opt_step=336 E=0.172 g=0.135 VarTD=0.583874 ret_end=-24.825 dbar_end=0.637 occ_end=0.200 CSR_train=0.000 done_count=125
[upd 190] u=0 upd_ctr=22 opt_step=352 E=0.536 g=0.144 VarTD=0.782701 ret_end=-24.961 dbar_end=0.617 occ_end=0.208 CSR_train=0.000 done_count=125
[upd 200] u=0 upd_ctr=23 opt_step=368 E=0.884 g=0.158 VarTD=0.908411 ret_end=-24.314 dbar_end=0.588 occ_end=0.240 CSR_train=0.000 done_count=125
[upd 210] u=0 upd_ctr=25 opt_step=400 E=0.335 g=0.160 VarTD=1.154824 ret_end=-24.386 dbar_end=0.583 occ_end=0.328 CSR_train=0.000 done_count=125
[upd 220] u=0 upd_ctr=26 opt_step=416 E=0.736 g=0.155 VarTD=1.257148 ret_end=-24.207 dbar_end=0.593 occ_end=0.256 CSR_train=0.000 done_count=125
[upd 230] u=1 upd_ctr=28 opt_step=448 E=0.192 g=0.158 VarTD=1.434979 ret_end=-24.708 dbar_end=0.587 occ_end=0.256 CSR_train=0.000 done_count=125
[upd 240] u=0 upd_ctr=29 opt_step=464 E=0.647 g=0.180 VarTD=1.708218 ret_end=-23.381 dbar_end=0.546 occ_end=0.344 CSR_train=0.008 done_count=125
[upd 250] u=0 upd_ctr=30 opt_step=480 E=1.000 g=0.176 VarTD=1.865946 ret_end=-23.722 dbar_end=0.553 occ_end=0.320 CSR_train=0.016 done_count=125
[upd 260] u=0 upd_ctr=32 opt_step=512 E=0.476 g=0.164 VarTD=1.704205 ret_end=-22.942 dbar_end=0.577 occ_end=0.280 CSR_train=0.000 done_count=100
[upd 270] u=0 upd_ctr=33 opt_step=528 E=0.957 g=0.171 VarTD=2.295582 ret_end=-23.848 dbar_end=0.563 occ_end=0.320 CSR_train=0.000 done_count=125
[upd 280] u=0 upd_ctr=35 opt_step=560 E=0.500 g=0.153 VarTD=2.632927 ret_end=-24.145 dbar_end=0.598 occ_end=0.224 CSR_train=0.000 done_count=125
[upd 290] u=0 upd_ctr=36 opt_step=576 E=0.958 g=0.164 VarTD=2.747729 ret_end=-24.208 dbar_end=0.576 occ_end=0.304 CSR_train=0.000 done_count=125
[upd 300] u=0 upd_ctr=38 opt_step=608 E=0.513 g=0.183 VarTD=3.125802 ret_end=-23.317 dbar_end=0.540 occ_end=0.232 CSR_train=0.000 done_count=125
[upd 310] u=0 upd_ctr=39 opt_step=624 E=1.000 g=0.157 VarTD=3.256748 ret_end=-24.877 dbar_end=0.590 occ_end=0.256 CSR_train=0.000 done_count=125
[Gate5 check] update_counter violations: t0=0 diffs=0
[Gate5 check] opt_step violations: t0=0 diffs=0 (expected_inc=16)
[Gate5 check] NaN masking: nan_on_skip=True finite_on_update=True
[Gate5 summary] mean_update_fraction=0.1282 final_executed_updates_mean=40.00
[Gate5 eval] done_count mean=100.0 CSR mean=0.0000 len_end_mean=26.00
[Gate5 eval] episodes_per_env=4 T_eval=104
[Gate5 eval-debug] locked_eps_occ=0.20 pre(step25): dbar_end=0.489734 occupied_end_mean=0.410000 max_tilde_end_mean=0.708139 CSR@locked=0.000000
[Gate5 eval-debug] locked_eps_occ=0.20 post(step26): dbar_end=0.491365 occupied_end_mean=0.390000 max_tilde_end_mean=0.721007 CSR@locked=0.000000
[Gate5 eval-debug] CSR_pre@0.10=0.0000 CSR_pre@0.15=0.0000 CSR_pre@0.20=0.0000 CSR_pre@0.25=0.0200 CSR_pre@0.30=0.0300
[Gate5 eval-debug] CSR_post@0.10=0.0000 CSR_post@0.15=0.0000 CSR_post@0.20=0.0000 CSR_post@0.25=0.0000 CSR_post@0.30=0.0400
