Importing submoduled environments...
Submoduled environments not found. Skipping import.
[upd 0] u=1 upd_ctr=1 opt_step=16 E=0.017 g=0.083 VarTD=0.176951 ret_end=-28.473 dbar_end=0.794 occ_end=0.140 CSR_train=0.000 done_count=100
[upd 10] u=0 upd_ctr=1 opt_step=16 E=0.206 g=0.089 VarTD=0.152994 ret_end=-28.611 dbar_end=0.772 occ_end=0.104 CSR_train=0.000 done_count=125
[upd 20] u=0 upd_ctr=1 opt_step=16 E=0.394 g=0.093 VarTD=0.156211 ret_end=-27.741 dbar_end=0.758 occ_end=0.208 CSR_train=0.000 done_count=125
[upd 30] u=0 upd_ctr=1 opt_step=16 E=0.583 g=0.093 VarTD=0.150216 ret_end=-27.296 dbar_end=0.756 occ_end=0.128 CSR_train=0.000 done_count=125
[upd 40] u=0 upd_ctr=1 opt_step=16 E=0.764 g=0.094 VarTD=0.168255 ret_end=-27.164 dbar_end=0.754 occ_end=0.168 CSR_train=0.000 done_count=125
[upd 50] u=0 upd_ctr=1 opt_step=16 E=0.953 g=0.097 VarTD=0.174742 ret_end=-27.018 dbar_end=0.744 occ_end=0.104 CSR_train=0.000 done_count=125
[upd 60] u=0 upd_ctr=2 opt_step=32 E=0.136 g=0.101 VarTD=0.124738 ret_end=-26.633 dbar_end=0.729 occ_end=0.096 CSR_train=0.000 done_count=125
[upd 70] u=0 upd_ctr=2 opt_step=32 E=0.331 g=0.091 VarTD=0.163250 ret_end=-27.128 dbar_end=0.763 occ_end=0.152 CSR_train=0.000 done_count=125
[upd 80] u=0 upd_ctr=2 opt_step=32 E=0.527 g=0.100 VarTD=0.135683 ret_end=-27.402 dbar_end=0.732 occ_end=0.192 CSR_train=0.000 done_count=125
[upd 90] u=0 upd_ctr=2 opt_step=32 E=0.719 g=0.093 VarTD=0.137777 ret_end=-27.809 dbar_end=0.755 occ_end=0.144 CSR_train=0.000 done_count=125
[upd 100] u=0 upd_ctr=2 opt_step=32 E=0.907 g=0.094 VarTD=0.168719 ret_end=-27.486 dbar_end=0.754 occ_end=0.088 CSR_train=0.000 done_count=125
[upd 110] u=0 upd_ctr=3 opt_step=48 E=0.103 g=0.106 VarTD=0.141324 ret_end=-25.797 dbar_end=0.715 occ_end=0.104 CSR_train=0.000 done_count=125
[upd 120] u=0 upd_ctr=3 opt_step=48 E=0.301 g=0.097 VarTD=0.133119 ret_end=-26.202 dbar_end=0.743 occ_end=0.152 CSR_train=0.000 done_count=125
[Gate5 check] update_counter violations: t0=0 diffs=0
[Gate5 check] opt_step violations: t0=0 diffs=0 (expected_inc=16)
[Gate5 check] NaN masking: nan_on_skip=True finite_on_update=True
[Gate5 summary] mean_update_fraction=0.0240 final_executed_updates_mean=3.00
[Gate5 eval] done_count mean=100.0 CSR mean=0.0000 len_end_mean=26.00
[Gate5 eval] episodes_per_env=4 T_eval=104
[Gate5 eval-debug] locked_eps_occ=0.20 pre(step25): dbar_end=0.609648 occupied_end_mean=0.230000 max_tilde_end_mean=0.921051 CSR@locked=0.000000
[Gate5 eval-debug] locked_eps_occ=0.20 post(step26): dbar_end=0.609058 occupied_end_mean=0.300000 max_tilde_end_mean=0.922579 CSR@locked=0.000000
[Gate5 eval-debug] CSR_pre@0.10=0.0000 CSR_pre@0.15=0.0000 CSR_pre@0.20=0.0000 CSR_pre@0.25=0.0000 CSR_pre@0.30=0.0100
[Gate5 eval-debug] CSR_post@0.10=0.0000 CSR_post@0.15=0.0000 CSR_post@0.20=0.0000 CSR_post@0.25=0.0000 CSR_post@0.30=0.0100
