Importing submoduled environments...
Submoduled environments not found. Skipping import.
[upd 0] u=1 upd_ctr=1 opt_step=16 E=0.046 g=0.092 VarTD=0.136051 ret_end=-27.009 dbar_end=0.762 occ_end=0.140 CSR_train=0.000 done_count=100
[upd 10] u=0 upd_ctr=1 opt_step=16 E=0.509 g=0.088 VarTD=0.157825 ret_end=-27.556 dbar_end=0.774 occ_end=0.128 CSR_train=0.000 done_count=125
[upd 20] u=0 upd_ctr=1 opt_step=16 E=0.983 g=0.096 VarTD=0.140044 ret_end=-27.124 dbar_end=0.745 occ_end=0.128 CSR_train=0.000 done_count=125
[upd 30] u=0 upd_ctr=2 opt_step=32 E=0.439 g=0.100 VarTD=0.161392 ret_end=-27.466 dbar_end=0.734 occ_end=0.192 CSR_train=0.000 done_count=125
[upd 40] u=0 upd_ctr=2 opt_step=32 E=0.885 g=0.089 VarTD=0.155039 ret_end=-26.704 dbar_end=0.770 occ_end=0.120 CSR_train=0.000 done_count=125
[upd 50] u=0 upd_ctr=3 opt_step=48 E=0.335 g=0.099 VarTD=0.148535 ret_end=-26.253 dbar_end=0.738 occ_end=0.200 CSR_train=0.000 done_count=125
[upd 60] u=0 upd_ctr=3 opt_step=48 E=0.843 g=0.097 VarTD=0.130924 ret_end=-27.098 dbar_end=0.742 occ_end=0.152 CSR_train=0.000 done_count=125
[upd 70] u=0 upd_ctr=4 opt_step=64 E=0.329 g=0.108 VarTD=0.147711 ret_end=-25.935 dbar_end=0.709 occ_end=0.192 CSR_train=0.000 done_count=125
[upd 80] u=0 upd_ctr=4 opt_step=64 E=0.862 g=0.114 VarTD=0.113956 ret_end=-25.835 dbar_end=0.692 occ_end=0.160 CSR_train=0.000 done_count=125
[upd 90] u=0 upd_ctr=5 opt_step=80 E=0.399 g=0.120 VarTD=0.125339 ret_end=-26.222 dbar_end=0.676 occ_end=0.184 CSR_train=0.000 done_count=125
[upd 100] u=0 upd_ctr=5 opt_step=80 E=0.946 g=0.111 VarTD=0.130666 ret_end=-26.327 dbar_end=0.699 occ_end=0.232 CSR_train=0.000 done_count=125
[upd 110] u=0 upd_ctr=6 opt_step=96 E=0.506 g=0.118 VarTD=0.134768 ret_end=-25.558 dbar_end=0.680 occ_end=0.216 CSR_train=0.000 done_count=125
[upd 120] u=1 upd_ctr=7 opt_step=112 E=0.057 g=0.114 VarTD=0.150980 ret_end=-26.732 dbar_end=0.692 occ_end=0.152 CSR_train=0.000 done_count=125
[upd 130] u=0 upd_ctr=7 opt_step=112 E=0.638 g=0.113 VarTD=0.155324 ret_end=-26.438 dbar_end=0.695 occ_end=0.150 CSR_train=0.000 done_count=100
[upd 140] u=0 upd_ctr=8 opt_step=128 E=0.169 g=0.115 VarTD=0.156786 ret_end=-26.776 dbar_end=0.689 occ_end=0.160 CSR_train=0.000 done_count=125
[upd 150] u=0 upd_ctr=8 opt_step=128 E=0.773 g=0.111 VarTD=0.138573 ret_end=-26.440 dbar_end=0.701 occ_end=0.184 CSR_train=0.008 done_count=125
[upd 160] u=0 upd_ctr=9 opt_step=144 E=0.354 g=0.111 VarTD=0.144694 ret_end=-26.403 dbar_end=0.700 occ_end=0.200 CSR_train=0.000 done_count=125
[upd 170] u=0 upd_ctr=9 opt_step=144 E=0.980 g=0.110 VarTD=0.145807 ret_end=-25.877 dbar_end=0.702 occ_end=0.128 CSR_train=0.000 done_count=125
[upd 180] u=0 upd_ctr=10 opt_step=160 E=0.559 g=0.115 VarTD=0.167455 ret_end=-26.647 dbar_end=0.688 occ_end=0.184 CSR_train=0.000 done_count=125
[upd 190] u=0 upd_ctr=11 opt_step=176 E=0.195 g=0.138 VarTD=0.179434 ret_end=-25.325 dbar_end=0.632 occ_end=0.240 CSR_train=0.000 done_count=125
[upd 200] u=0 upd_ctr=11 opt_step=176 E=0.848 g=0.130 VarTD=0.172028 ret_end=-25.528 dbar_end=0.649 occ_end=0.200 CSR_train=0.000 done_count=125
[upd 210] u=0 upd_ctr=12 opt_step=192 E=0.450 g=0.125 VarTD=0.204618 ret_end=-26.396 dbar_end=0.663 occ_end=0.200 CSR_train=0.000 done_count=125
[upd 220] u=1 upd_ctr=13 opt_step=208 E=0.060 g=0.121 VarTD=0.207742 ret_end=-26.534 dbar_end=0.674 occ_end=0.136 CSR_train=0.000 done_count=125
[upd 230] u=0 upd_ctr=13 opt_step=208 E=0.705 g=0.124 VarTD=0.221888 ret_end=-26.118 dbar_end=0.665 occ_end=0.152 CSR_train=0.000 done_count=125
[upd 240] u=0 upd_ctr=14 opt_step=224 E=0.334 g=0.140 VarTD=0.256926 ret_end=-24.966 dbar_end=0.626 occ_end=0.224 CSR_train=0.000 done_count=125
[upd 250] u=0 upd_ctr=14 opt_step=224 E=1.000 g=0.126 VarTD=0.242001 ret_end=-25.324 dbar_end=0.661 occ_end=0.224 CSR_train=0.000 done_count=125
[upd 260] u=0 upd_ctr=15 opt_step=240 E=0.692 g=0.134 VarTD=0.272842 ret_end=-24.495 dbar_end=0.640 occ_end=0.180 CSR_train=0.000 done_count=100
[upd 270] u=0 upd_ctr=16 opt_step=256 E=0.351 g=0.138 VarTD=0.340909 ret_end=-25.690 dbar_end=0.632 occ_end=0.232 CSR_train=0.000 done_count=125
[upd 280] u=0 upd_ctr=16 opt_step=256 E=1.000 g=0.151 VarTD=0.353086 ret_end=-24.561 dbar_end=0.602 occ_end=0.296 CSR_train=0.000 done_count=125
[upd 290] u=0 upd_ctr=17 opt_step=272 E=0.728 g=0.160 VarTD=0.379115 ret_end=-23.262 dbar_end=0.583 occ_end=0.312 CSR_train=0.000 done_count=125
[upd 300] u=0 upd_ctr=18 opt_step=288 E=0.445 g=0.143 VarTD=0.469616 ret_end=-25.617 dbar_end=0.619 occ_end=0.248 CSR_train=0.000 done_count=125
[upd 310] u=0 upd_ctr=19 opt_step=304 E=0.149 g=0.143 VarTD=0.542447 ret_end=-24.558 dbar_end=0.619 occ_end=0.240 CSR_train=0.000 done_count=125
[Gate5 check] update_counter violations: t0=0 diffs=0
[Gate5 check] opt_step violations: t0=0 diffs=0 (expected_inc=16)
[Gate5 check] NaN masking: nan_on_skip=True finite_on_update=True
[Gate5 summary] mean_update_fraction=0.0609 final_executed_updates_mean=19.00
[Gate5 eval] done_count mean=100.0 CSR mean=0.0000 len_end_mean=26.00
[Gate5 eval] episodes_per_env=4 T_eval=104
[Gate5 eval-debug] locked_eps_occ=0.20 pre(step25): dbar_end=0.538159 occupied_end_mean=0.280000 max_tilde_end_mean=0.769280 CSR@locked=0.000000
[Gate5 eval-debug] locked_eps_occ=0.20 post(step26): dbar_end=0.541245 occupied_end_mean=0.300000 max_tilde_end_mean=0.772880 CSR@locked=0.000000
[Gate5 eval-debug] CSR_pre@0.10=0.0000 CSR_pre@0.15=0.0000 CSR_pre@0.20=0.0000 CSR_pre@0.25=0.0000 CSR_pre@0.30=0.0100
[Gate5 eval-debug] CSR_post@0.10=0.0000 CSR_post@0.15=0.0000 CSR_post@0.20=0.0000 CSR_post@0.25=0.0100 CSR_post@0.30=0.0100
