Importing submoduled environments...
Submoduled environments not found. Skipping import.
[upd 0] u=1 upd_ctr=1 opt_step=16 E=0.083 g=0.083 VarTD=0.176951 ret_end=-28.473 dbar_end=0.794 occ_end=0.140 CSR_train=0.000 done_count=100
[upd 10] u=0 upd_ctr=1 opt_step=16 E=0.462 g=0.089 VarTD=0.152994 ret_end=-28.611 dbar_end=0.772 occ_end=0.104 CSR_train=0.000 done_count=125
[upd 20] u=0 upd_ctr=1 opt_step=16 E=0.839 g=0.093 VarTD=0.156211 ret_end=-27.741 dbar_end=0.758 occ_end=0.208 CSR_train=0.000 done_count=125
[upd 30] u=0 upd_ctr=2 opt_step=32 E=0.286 g=0.097 VarTD=0.145372 ret_end=-27.140 dbar_end=0.741 occ_end=0.144 CSR_train=0.000 done_count=125
[upd 40] u=0 upd_ctr=2 opt_step=32 E=0.675 g=0.100 VarTD=0.161149 ret_end=-26.864 dbar_end=0.732 occ_end=0.200 CSR_train=0.000 done_count=125
[upd 50] u=0 upd_ctr=3 opt_step=48 E=0.131 g=0.102 VarTD=0.165540 ret_end=-26.692 dbar_end=0.728 occ_end=0.128 CSR_train=0.000 done_count=125
[upd 60] u=0 upd_ctr=3 opt_step=48 E=0.556 g=0.110 VarTD=0.119528 ret_end=-26.238 dbar_end=0.703 occ_end=0.160 CSR_train=0.000 done_count=125
[upd 70] u=0 upd_ctr=3 opt_step=48 E=0.979 g=0.103 VarTD=0.160464 ret_end=-26.594 dbar_end=0.725 occ_end=0.224 CSR_train=0.000 done_count=125
[upd 80] u=0 upd_ctr=4 opt_step=64 E=0.475 g=0.116 VarTD=0.131502 ret_end=-26.654 dbar_end=0.686 occ_end=0.216 CSR_train=0.000 done_count=125
[upd 90] u=0 upd_ctr=4 opt_step=64 E=0.912 g=0.104 VarTD=0.127945 ret_end=-27.100 dbar_end=0.721 occ_end=0.136 CSR_train=0.000 done_count=125
[upd 100] u=0 upd_ctr=5 opt_step=80 E=0.415 g=0.119 VarTD=0.157429 ret_end=-26.430 dbar_end=0.678 occ_end=0.144 CSR_train=0.000 done_count=125
[upd 110] u=0 upd_ctr=5 opt_step=80 E=0.913 g=0.122 VarTD=0.140575 ret_end=-25.255 dbar_end=0.669 occ_end=0.176 CSR_train=0.000 done_count=125
[upd 120] u=0 upd_ctr=6 opt_step=96 E=0.439 g=0.115 VarTD=0.123033 ret_end=-25.211 dbar_end=0.688 occ_end=0.184 CSR_train=0.000 done_count=125
[upd 130] u=0 upd_ctr=6 opt_step=96 E=0.928 g=0.133 VarTD=0.127766 ret_end=-25.742 dbar_end=0.643 occ_end=0.280 CSR_train=0.000 done_count=100
[upd 140] u=0 upd_ctr=7 opt_step=112 E=0.479 g=0.113 VarTD=0.155995 ret_end=-26.268 dbar_end=0.694 occ_end=0.120 CSR_train=0.000 done_count=125
[upd 150] u=0 upd_ctr=7 opt_step=112 E=0.976 g=0.136 VarTD=0.133023 ret_end=-24.864 dbar_end=0.635 occ_end=0.288 CSR_train=0.000 done_count=125
[upd 160] u=0 upd_ctr=8 opt_step=128 E=0.561 g=0.140 VarTD=0.143627 ret_end=-25.063 dbar_end=0.626 occ_end=0.152 CSR_train=0.000 done_count=125
[upd 170] u=0 upd_ctr=9 opt_step=144 E=0.152 g=0.132 VarTD=0.163955 ret_end=-25.726 dbar_end=0.645 occ_end=0.264 CSR_train=0.000 done_count=125
[upd 180] u=0 upd_ctr=9 opt_step=144 E=0.697 g=0.143 VarTD=0.154987 ret_end=-25.162 dbar_end=0.619 occ_end=0.256 CSR_train=0.000 done_count=125
[upd 190] u=0 upd_ctr=10 opt_step=160 E=0.292 g=0.150 VarTD=0.163578 ret_end=-24.841 dbar_end=0.605 occ_end=0.200 CSR_train=0.000 done_count=125
[upd 200] u=0 upd_ctr=10 opt_step=160 E=0.847 g=0.131 VarTD=0.186314 ret_end=-25.935 dbar_end=0.647 occ_end=0.248 CSR_train=0.000 done_count=125
[upd 210] u=0 upd_ctr=11 opt_step=176 E=0.441 g=0.137 VarTD=0.184496 ret_end=-25.358 dbar_end=0.633 occ_end=0.192 CSR_train=0.000 done_count=125
[upd 220] u=0 upd_ctr=11 opt_step=176 E=0.996 g=0.140 VarTD=0.154207 ret_end=-24.385 dbar_end=0.627 occ_end=0.176 CSR_train=0.000 done_count=125
[upd 230] u=0 upd_ctr=12 opt_step=192 E=0.632 g=0.154 VarTD=0.196935 ret_end=-24.672 dbar_end=0.595 occ_end=0.264 CSR_train=0.000 done_count=125
[upd 240] u=0 upd_ctr=13 opt_step=208 E=0.244 g=0.150 VarTD=0.236338 ret_end=-24.719 dbar_end=0.605 occ_end=0.256 CSR_train=0.000 done_count=125
[upd 250] u=0 upd_ctr=13 opt_step=208 E=0.817 g=0.137 VarTD=0.232697 ret_end=-24.545 dbar_end=0.633 occ_end=0.240 CSR_train=0.000 done_count=125
[upd 260] u=0 upd_ctr=14 opt_step=224 E=0.450 g=0.139 VarTD=0.223905 ret_end=-25.456 dbar_end=0.629 occ_end=0.260 CSR_train=0.000 done_count=100
[upd 270] u=1 upd_ctr=15 opt_step=240 E=0.086 g=0.160 VarTD=0.240459 ret_end=-24.327 dbar_end=0.584 occ_end=0.280 CSR_train=0.000 done_count=125
[upd 280] u=0 upd_ctr=15 opt_step=240 E=0.673 g=0.139 VarTD=0.292713 ret_end=-25.323 dbar_end=0.629 occ_end=0.264 CSR_train=0.000 done_count=125
[upd 290] u=0 upd_ctr=16 opt_step=256 E=0.307 g=0.156 VarTD=0.341397 ret_end=-24.005 dbar_end=0.592 occ_end=0.168 CSR_train=0.000 done_count=125
[upd 300] u=0 upd_ctr=16 opt_step=256 E=0.902 g=0.155 VarTD=0.370682 ret_end=-24.276 dbar_end=0.594 occ_end=0.208 CSR_train=0.000 done_count=125
[upd 310] u=0 upd_ctr=17 opt_step=272 E=0.553 g=0.164 VarTD=0.393862 ret_end=-24.104 dbar_end=0.575 occ_end=0.320 CSR_train=0.008 done_count=125
[Gate5 check] update_counter violations: t0=0 diffs=0
[Gate5 check] opt_step violations: t0=0 diffs=0 (expected_inc=16)
[Gate5 check] NaN masking: nan_on_skip=True finite_on_update=True
[Gate5 summary] mean_update_fraction=0.0545 final_executed_updates_mean=17.00
[Gate5 eval] done_count mean=100.0 CSR mean=0.0000 len_end_mean=26.00
[Gate5 eval] episodes_per_env=4 T_eval=104
[Gate5 eval-debug] locked_eps_occ=0.20 pre(step25): dbar_end=0.510790 occupied_end_mean=0.280000 max_tilde_end_mean=0.753934 CSR@locked=0.000000
[Gate5 eval-debug] locked_eps_occ=0.20 post(step26): dbar_end=0.512992 occupied_end_mean=0.340000 max_tilde_end_mean=0.752240 CSR@locked=0.000000
[Gate5 eval-debug] CSR_pre@0.10=0.0000 CSR_pre@0.15=0.0000 CSR_pre@0.20=0.0000 CSR_pre@0.25=0.0000 CSR_pre@0.30=0.0000
[Gate5 eval-debug] CSR_post@0.10=0.0000 CSR_post@0.15=0.0000 CSR_post@0.20=0.0000 CSR_post@0.25=0.0000 CSR_post@0.30=0.0000
