Importing submoduled environments...
Submoduled environments not found. Skipping import.
[upd 0] u=1 upd_ctr=1 opt_step=16 E=0.121 g=0.105 VarTD=0.153100 ret_end=-26.906 dbar_end=0.718 occ_end=0.160 CSR_train=0.000 done_count=100
[upd 10] u=0 upd_ctr=1 opt_step=16 E=0.307 g=0.079 VarTD=0.158451 ret_end=-28.492 dbar_end=0.807 occ_end=0.088 CSR_train=0.000 done_count=125
[upd 20] u=0 upd_ctr=1 opt_step=16 E=0.497 g=0.100 VarTD=0.134152 ret_end=-26.725 dbar_end=0.733 occ_end=0.192 CSR_train=0.000 done_count=125
[upd 30] u=0 upd_ctr=1 opt_step=16 E=0.683 g=0.094 VarTD=0.161237 ret_end=-27.688 dbar_end=0.753 occ_end=0.144 CSR_train=0.000 done_count=125
[upd 40] u=0 upd_ctr=1 opt_step=16 E=0.869 g=0.087 VarTD=0.144865 ret_end=-28.561 dbar_end=0.778 occ_end=0.136 CSR_train=0.000 done_count=125
[upd 50] u=0 upd_ctr=2 opt_step=32 E=0.165 g=0.088 VarTD=0.135571 ret_end=-28.080 dbar_end=0.773 occ_end=0.128 CSR_train=0.000 done_count=125
[upd 60] u=0 upd_ctr=2 opt_step=32 E=0.355 g=0.094 VarTD=0.139585 ret_end=-27.248 dbar_end=0.754 occ_end=0.144 CSR_train=0.000 done_count=125
[upd 70] u=0 upd_ctr=2 opt_step=32 E=0.559 g=0.115 VarTD=0.125540 ret_end=-26.104 dbar_end=0.688 occ_end=0.208 CSR_train=0.000 done_count=125
[upd 80] u=0 upd_ctr=2 opt_step=32 E=0.760 g=0.118 VarTD=0.100682 ret_end=-25.267 dbar_end=0.681 occ_end=0.232 CSR_train=0.008 done_count=125
[upd 90] u=0 upd_ctr=3 opt_step=48 E=0.053 g=0.101 VarTD=0.138229 ret_end=-26.273 dbar_end=0.729 occ_end=0.200 CSR_train=0.000 done_count=125
[upd 100] u=0 upd_ctr=3 opt_step=48 E=0.260 g=0.102 VarTD=0.132502 ret_end=-26.864 dbar_end=0.728 occ_end=0.112 CSR_train=0.000 done_count=125
[upd 110] u=0 upd_ctr=3 opt_step=48 E=0.469 g=0.106 VarTD=0.135941 ret_end=-26.290 dbar_end=0.716 occ_end=0.152 CSR_train=0.000 done_count=125
[upd 120] u=0 upd_ctr=3 opt_step=48 E=0.678 g=0.099 VarTD=0.144017 ret_end=-27.619 dbar_end=0.735 occ_end=0.128 CSR_train=0.000 done_count=125
[upd 130] u=0 upd_ctr=3 opt_step=48 E=0.883 g=0.095 VarTD=0.130819 ret_end=-26.540 dbar_end=0.749 occ_end=0.110 CSR_train=0.000 done_count=100
[upd 140] u=0 upd_ctr=4 opt_step=64 E=0.204 g=0.117 VarTD=0.150886 ret_end=-26.306 dbar_end=0.683 occ_end=0.224 CSR_train=0.000 done_count=125
[upd 150] u=0 upd_ctr=4 opt_step=64 E=0.427 g=0.105 VarTD=0.172395 ret_end=-26.793 dbar_end=0.718 occ_end=0.184 CSR_train=0.000 done_count=125
[upd 160] u=0 upd_ctr=4 opt_step=64 E=0.653 g=0.118 VarTD=0.119821 ret_end=-25.813 dbar_end=0.680 occ_end=0.208 CSR_train=0.000 done_count=125
[upd 170] u=0 upd_ctr=4 opt_step=64 E=0.867 g=0.099 VarTD=0.129272 ret_end=-26.706 dbar_end=0.737 occ_end=0.144 CSR_train=0.000 done_count=125
[upd 180] u=0 upd_ctr=5 opt_step=80 E=0.188 g=0.125 VarTD=0.126852 ret_end=-25.493 dbar_end=0.662 occ_end=0.160 CSR_train=0.000 done_count=125
[upd 190] u=0 upd_ctr=5 opt_step=80 E=0.410 g=0.112 VarTD=0.149278 ret_end=-26.699 dbar_end=0.697 occ_end=0.192 CSR_train=0.000 done_count=125
[upd 200] u=0 upd_ctr=5 opt_step=80 E=0.634 g=0.118 VarTD=0.147320 ret_end=-26.176 dbar_end=0.680 occ_end=0.224 CSR_train=0.000 done_count=125
[upd 210] u=0 upd_ctr=5 opt_step=80 E=0.861 g=0.107 VarTD=0.129105 ret_end=-26.220 dbar_end=0.711 occ_end=0.176 CSR_train=0.000 done_count=125
[upd 220] u=0 upd_ctr=6 opt_step=96 E=0.186 g=0.119 VarTD=0.129379 ret_end=-26.747 dbar_end=0.677 occ_end=0.200 CSR_train=0.000 done_count=125
[upd 230] u=0 upd_ctr=6 opt_step=96 E=0.418 g=0.119 VarTD=0.119677 ret_end=-25.667 dbar_end=0.678 occ_end=0.184 CSR_train=0.000 done_count=125
[upd 240] u=0 upd_ctr=6 opt_step=96 E=0.650 g=0.108 VarTD=0.130118 ret_end=-26.716 dbar_end=0.710 occ_end=0.184 CSR_train=0.000 done_count=125
[upd 250] u=0 upd_ctr=6 opt_step=96 E=0.885 g=0.115 VarTD=0.122072 ret_end=-25.555 dbar_end=0.688 occ_end=0.224 CSR_train=0.000 done_count=125
[upd 260] u=0 upd_ctr=7 opt_step=112 E=0.230 g=0.128 VarTD=0.149649 ret_end=-25.585 dbar_end=0.655 occ_end=0.230 CSR_train=0.000 done_count=100
[upd 270] u=0 upd_ctr=7 opt_step=112 E=0.470 g=0.108 VarTD=0.134906 ret_end=-26.645 dbar_end=0.710 occ_end=0.128 CSR_train=0.000 done_count=125
[upd 280] u=0 upd_ctr=7 opt_step=112 E=0.721 g=0.121 VarTD=0.158800 ret_end=-26.285 dbar_end=0.672 occ_end=0.200 CSR_train=0.000 done_count=125
[upd 290] u=0 upd_ctr=8 opt_step=128 E=0.063 g=0.135 VarTD=0.141670 ret_end=-25.204 dbar_end=0.637 occ_end=0.224 CSR_train=0.000 done_count=125
[upd 300] u=0 upd_ctr=8 opt_step=128 E=0.334 g=0.130 VarTD=0.140861 ret_end=-25.474 dbar_end=0.649 occ_end=0.232 CSR_train=0.000 done_count=125
[upd 310] u=0 upd_ctr=8 opt_step=128 E=0.593 g=0.126 VarTD=0.158157 ret_end=-25.912 dbar_end=0.660 occ_end=0.184 CSR_train=0.000 done_count=125
[Gate5 check] update_counter violations: t0=0 diffs=0
[Gate5 check] opt_step violations: t0=0 diffs=0 (expected_inc=16)
[Gate5 check] NaN masking: nan_on_skip=True finite_on_update=True
[Gate5 summary] mean_update_fraction=0.0256 final_executed_updates_mean=8.00
[Gate5 eval] done_count mean=100.0 CSR mean=0.0300 len_end_mean=26.00
[Gate5 eval] episodes_per_env=4 T_eval=104
[Gate5 eval-debug] locked_eps_occ=0.20 pre(step25): dbar_end=0.476637 occupied_end_mean=0.460000 max_tilde_end_mean=0.699933 CSR@locked=0.010000
[Gate5 eval-debug] locked_eps_occ=0.20 post(step26): dbar_end=0.479678 occupied_end_mean=0.460000 max_tilde_end_mean=0.702400 CSR@locked=0.030000
[Gate5 eval-debug] CSR_pre@0.10=0.0000 CSR_pre@0.15=0.0100 CSR_pre@0.20=0.0100 CSR_pre@0.25=0.0300 CSR_pre@0.30=0.0400
[Gate5 eval-debug] CSR_post@0.10=0.0000 CSR_post@0.15=0.0200 CSR_post@0.20=0.0300 CSR_post@0.25=0.0500 CSR_post@0.30=0.0600
