Importing submoduled environments...
Submoduled environments not found. Skipping import.
[upd 0] u=1 upd_ctr=1 opt_step=16 E=0.275 g=0.094 VarTD=0.148631 ret_end=-26.843 dbar_end=0.752 occ_end=0.140 CSR_train=0.000 done_count=100
[upd 10] u=0 upd_ctr=2 opt_step=32 E=0.214 g=0.103 VarTD=0.115877 ret_end=-26.732 dbar_end=0.724 occ_end=0.136 CSR_train=0.000 done_count=125
[upd 20] u=0 upd_ctr=3 opt_step=48 E=0.184 g=0.100 VarTD=0.158484 ret_end=-27.282 dbar_end=0.734 occ_end=0.136 CSR_train=0.000 done_count=125
[upd 30] u=1 upd_ctr=4 opt_step=64 E=0.146 g=0.093 VarTD=0.133343 ret_end=-26.841 dbar_end=0.758 occ_end=0.168 CSR_train=0.000 done_count=125
[upd 40] u=0 upd_ctr=5 opt_step=80 E=0.181 g=0.112 VarTD=0.154586 ret_end=-26.244 dbar_end=0.697 occ_end=0.208 CSR_train=0.008 done_count=125
[upd 50] u=0 upd_ctr=6 opt_step=96 E=0.214 g=0.112 VarTD=0.135845 ret_end=-26.758 dbar_end=0.698 occ_end=0.184 CSR_train=0.000 done_count=125
[upd 60] u=0 upd_ctr=7 opt_step=112 E=0.245 g=0.105 VarTD=0.144506 ret_end=-26.589 dbar_end=0.718 occ_end=0.120 CSR_train=0.000 done_count=125
[upd 70] u=0 upd_ctr=8 opt_step=128 E=0.367 g=0.119 VarTD=0.136998 ret_end=-25.640 dbar_end=0.679 occ_end=0.160 CSR_train=0.000 done_count=125
[upd 80] u=0 upd_ctr=9 opt_step=144 E=0.460 g=0.112 VarTD=0.133855 ret_end=-25.628 dbar_end=0.697 occ_end=0.184 CSR_train=0.000 done_count=125
[upd 90] u=0 upd_ctr=10 opt_step=160 E=0.577 g=0.121 VarTD=0.148269 ret_end=-25.378 dbar_end=0.673 occ_end=0.224 CSR_train=0.000 done_count=125
[upd 100] u=0 upd_ctr=11 opt_step=176 E=0.757 g=0.114 VarTD=0.193163 ret_end=-26.225 dbar_end=0.692 occ_end=0.192 CSR_train=0.000 done_count=125
[upd 110] u=1 upd_ctr=13 opt_step=208 E=0.134 g=0.118 VarTD=0.211152 ret_end=-25.863 dbar_end=0.679 occ_end=0.184 CSR_train=0.000 done_count=125
[upd 120] u=0 upd_ctr=14 opt_step=224 E=0.299 g=0.115 VarTD=0.217592 ret_end=-25.731 dbar_end=0.689 occ_end=0.248 CSR_train=0.000 done_count=125
[Gate5 check] update_counter violations: t0=0 diffs=0
[Gate5 check] opt_step violations: t0=0 diffs=0 (expected_inc=16)
[Gate5 check] NaN masking: nan_on_skip=True finite_on_update=True
[Gate5 summary] mean_update_fraction=0.1120 final_executed_updates_mean=14.00
[Gate5 eval] done_count mean=100.0 CSR mean=0.0200 len_end_mean=26.00
[Gate5 eval] episodes_per_env=4 T_eval=104
[Gate5 eval-debug] locked_eps_occ=0.20 pre(step25): dbar_end=0.474772 occupied_end_mean=0.500000 max_tilde_end_mean=0.687323 CSR@locked=0.020000
[Gate5 eval-debug] locked_eps_occ=0.20 post(step26): dbar_end=0.472330 occupied_end_mean=0.530000 max_tilde_end_mean=0.678760 CSR@locked=0.020000
[Gate5 eval-debug] CSR_pre@0.10=0.0000 CSR_pre@0.15=0.0000 CSR_pre@0.20=0.0200 CSR_pre@0.25=0.0300 CSR_pre@0.30=0.0400
[Gate5 eval-debug] CSR_post@0.10=0.0000 CSR_post@0.15=0.0100 CSR_post@0.20=0.0200 CSR_post@0.25=0.0400 CSR_post@0.30=0.0400
